<?xml version="1.0" encoding="utf-8"?>
<TestRun id="95686a0d-3561-4dd3-8ccd-6a467ac01a6f" name="@RHO-DESKTOP 2025-06-30 18:59:47" xmlns="http://microsoft.com/schemas/VisualStudio/TeamTest/2010">
  <Times creation="2025-06-30T18:59:47.3123889+02:00" queuing="2025-06-30T18:59:47.3123890+02:00" start="2025-06-30T18:59:40.5443315+02:00" finish="2025-06-30T18:59:51.9778307+02:00" />
  <TestSettings name="default" id="c329f161-6caa-4900-8534-da649b90a023">
    <Deployment runDeploymentRoot="_RHO-DESKTOP_2025-06-30_18_59_47" />
  </TestSettings>
  <Results>
    <UnitTestResult executionId="dfea3f75-d3ca-4529-b46e-1efb94fa20a2" testId="239e373d-1755-bda9-a91e-cb58a8bc8bcf" testName="Aula.Tests.Bots.TelegramMessageHandlerTests.Constructor_WithNullLogger_ThrowsArgumentNullException" computerName="RHO-DESKTOP" duration="00:00:00.0010000" startTime="2025-06-30T18:59:47.7095669+02:00" endTime="2025-06-30T18:59:47.7095671+02:00" testType="13cdc9d9-ddb5-4fa4-a97d-d965ccfc6d4b" outcome="Failed" testListId="8c84fa94-04c1-424b-9868-57a2d4851a1d" relativeResultsDirectory="dfea3f75-d3ca-4529-b46e-1efb94fa20a2">
      <Output>
        <ErrorInfo>
          <Message>System.ArgumentException : Can not instantiate proxy of class: Aula.Utilities.ConversationContextManager`1[[System.Int64, System.Private.CoreLib, Version=9.0.0.0, Culture=neutral, PublicKeyToken=7cec85d7bea7798e]].
Could not find a parameterless constructor. (Parameter 'constructorArguments')
---- System.MissingMethodException : Constructor on type 'Castle.Proxies.ConversationContextManager`1Proxy' not found.</Message>
          <StackTrace>   at Castle.DynamicProxy.ProxyGenerator.CreateClassProxyInstance(Type proxyType, List`1 proxyArguments, Type classToProxy, Object[] constructorArguments)
   at Castle.DynamicProxy.ProxyGenerator.CreateClassProxy(Type classToProxy, Type[] additionalInterfacesToProxy, ProxyGenerationOptions options, Object[] constructorArguments, IInterceptor[] interceptors)
   at Moq.CastleProxyFactory.CreateProxy(Type mockType, IInterceptor interceptor, Type[] interfaces, Object[] arguments) in /_/src/Moq/Interception/CastleProxyFactory.cs:line 62
   at Moq.Mock`1.InitializeInstance() in /_/src/Moq/Mock`1.cs:line 309
   at Moq.Mock`1.OnGetObject() in /_/src/Moq/Mock`1.cs:line 323
   at Moq.Mock.get_Object() in /_/src/Moq/Mock.cs:line 181
   at Moq.Mock`1.get_Object() in /_/src/Moq/Mock`1.cs:line 281
   at Aula.Tests.Bots.TelegramMessageHandlerTests..ctor() in /mnt/d/git/aula/src/Aula.Tests/Bots/TelegramMessageHandlerTests.cs:line 63
   at System.RuntimeType.CreateInstanceDefaultCtor(Boolean publicOnly, Boolean wrapExceptions)
----- Inner Stack Trace -----
   at System.RuntimeType.CreateInstanceImpl(BindingFlags bindingAttr, Binder binder, Object[] args, CultureInfo culture)
   at Castle.DynamicProxy.ProxyGenerator.CreateClassProxyInstance(Type proxyType, List`1 proxyArguments, Type classToProxy, Object[] constructorArguments)</StackTrace>
        </ErrorInfo>
      </Output>
    </UnitTestResult>
    <UnitTestResult executionId="66537fa8-047c-4efe-b19b-1a9c726af2be" testId="c8f354e3-5f08-fa6e-54e5-16cf95052730" testName="Aula.Tests.Scheduling.SchedulingServiceIntegrationTests.StartStop_Sequence_WorksCorrectly" computerName="RHO-DESKTOP" duration="00:00:00.0088906" startTime="2025-06-30T18:59:47.8923219+02:00" endTime="2025-06-30T18:59:47.8923220+02:00" testType="13cdc9d9-ddb5-4fa4-a97d-d965ccfc6d4b" outcome="Passed" testListId="8c84fa94-04c1-424b-9868-57a2d4851a1d" relativeResultsDirectory="66537fa8-047c-4efe-b19b-1a9c726af2be" />
    <UnitTestResult executionId="4733fef0-c180-4d26-8a0b-0a06f5bbeb23" testId="0de09b0b-f0e0-0518-809a-6a317cadda64" testName="Aula.Tests.Utilities.Html2SlackMarkdownConverterTests.Convert_WithVeryLongContent_HandlesPerformantly" computerName="RHO-DESKTOP" duration="00:00:00.3028962" startTime="2025-06-30T18:59:48.2403430+02:00" endTime="2025-06-30T18:59:48.2403430+02:00" testType="13cdc9d9-ddb5-4fa4-a97d-d965ccfc6d4b" outcome="Passed" testListId="8c84fa94-04c1-424b-9868-57a2d4851a1d" relativeResultsDirectory="4733fef0-c180-4d26-8a0b-0a06f5bbeb23" />
    <UnitTestResult executionId="2d07aceb-e2d3-4660-aea8-62d3c386e32b" testId="b3807b1c-634e-e2ee-a1b8-8f079f205113" testName="Aula.Tests.Utilities.FollowUpQuestionDetectorTests.IsFollowUpQuestion_WithoutFollowUpPhrases_ReturnsFalse(input: &quot;no child names here&quot;)" computerName="RHO-DESKTOP" duration="00:00:00.0002241" startTime="2025-06-30T18:59:48.0011984+02:00" endTime="2025-06-30T18:59:48.0011985+02:00" testType="13cdc9d9-ddb5-4fa4-a97d-d965ccfc6d4b" outcome="Passed" testListId="8c84fa94-04c1-424b-9868-57a2d4851a1d" relativeResultsDirectory="2d07aceb-e2d3-4660-aea8-62d3c386e32b" />
    <UnitTestResult executionId="8bb069f6-0c2f-4fc7-86f8-33a90215ec2b" testId="4efd7a5c-c0df-ae80-f7ee-8f404f14cec4" testName="Aula.Tests.Utilities.FollowUpQuestionDetectorTests.IsFollowUpQuestion_WithoutFollowUpPhrases_ReturnsFalse(input: &quot;random text&quot;)" computerName="RHO-DESKTOP" duration="00:00:00.0000910" startTime="2025-06-30T18:59:48.0101981+02:00" endTime="2025-06-30T18:59:48.0101983+02:00" testType="13cdc9d9-ddb5-4fa4-a97d-d965ccfc6d4b" outcome="Passed" testListId="8c84fa94-04c1-424b-9868-57a2d4851a1d" relativeResultsDirectory="8bb069f6-0c2f-4fc7-86f8-33a90215ec2b" />
    <UnitTestResult executionId="2467c97b-b422-4b83-be49-a1eb6aec7236" testId="690eef1c-e4e3-0c63-48ad-a783777fa685" testName="Aula.Tests.Scheduling.SchedulingServiceIntegrationTests.Constructor_WithNullSlackBot_ThrowsArgumentNullException" computerName="RHO-DESKTOP" duration="00:00:00.0007684" startTime="2025-06-30T18:59:47.9443393+02:00" endTime="2025-06-30T18:59:47.9443394+02:00" testType="13cdc9d9-ddb5-4fa4-a97d-d965ccfc6d4b" outcome="Passed" testListId="8c84fa94-04c1-424b-9868-57a2d4851a1d" relativeResultsDirectory="2467c97b-b422-4b83-be49-a1eb6aec7236" />
    <UnitTestResult executionId="f8738452-ada0-41e9-95ff-123862ad5423" testId="a05ddd0e-e3f2-fb31-c2fd-f1f3b4b30fc1" testName="Aula.Tests.Utilities.FollowUpQuestionDetectorTests.IsFollowUpQuestion_LogsCorrectlyForShortMessage" computerName="RHO-DESKTOP" duration="00:00:00.0028479" startTime="2025-06-30T18:59:48.0153654+02:00" endTime="2025-06-30T18:59:48.0153656+02:00" testType="13cdc9d9-ddb5-4fa4-a97d-d965ccfc6d4b" outcome="Passed" testListId="8c84fa94-04c1-424b-9868-57a2d4851a1d" relativeResultsDirectory="f8738452-ada0-41e9-95ff-123862ad5423" />
    <UnitTestResult executionId="faf7cfdf-826e-4c20-b1c9-3aebdaad4d94" testId="e23a0f35-3922-f8cd-3202-bdb40b27bd1c" testName="Aula.Tests.Integration.AgentServiceTests.GetWeekLetterAsync_FetchesAndCachesData_WhenNotCached" computerName="RHO-DESKTOP" duration="00:00:00.0238837" startTime="2025-06-30T18:59:48.2187966+02:00" endTime="2025-06-30T18:59:48.2187967+02:00" testType="13cdc9d9-ddb5-4fa4-a97d-d965ccfc6d4b" outcome="Passed" testListId="8c84fa94-04c1-424b-9868-57a2d4851a1d" relativeResultsDirectory="faf7cfdf-826e-4c20-b1c9-3aebdaad4d94" />
    <UnitTestResult executionId="d39b07fb-7e15-4800-a1c3-4daa6237a6f0" testId="e59d968d-c8e5-f85d-8f4b-30d82d049708" testName="Aula.Tests.Channels.TelegramClientTests.Constructor_WithToken_CreatesInstance" computerName="RHO-DESKTOP" duration="00:00:00.0001351" startTime="2025-06-30T18:59:48.1518459+02:00" endTime="2025-06-30T18:59:48.1518461+02:00" testType="13cdc9d9-ddb5-4fa4-a97d-d965ccfc6d4b" outcome="Passed" testListId="8c84fa94-04c1-424b-9868-57a2d4851a1d" relativeResultsDirectory="d39b07fb-7e15-4800-a1c3-4daa6237a6f0" />
    <UnitTestResult executionId="af842fc5-07d3-4fbd-b76a-88daf07eca0e" testId="c7ba7dd8-e3e6-46dc-0605-cbeb66092785" testName="Aula.Tests.Utilities.WeekLetterContentExtractorTests.ExtractContent_WithEmptyUgebreve_ReturnsEmptyString" computerName="RHO-DESKTOP" duration="00:00:00.0001160" startTime="2025-06-30T18:59:47.2372653+02:00" endTime="2025-06-30T18:59:47.2372654+02:00" testType="13cdc9d9-ddb5-4fa4-a97d-d965ccfc6d4b" outcome="Passed" testListId="8c84fa94-04c1-424b-9868-57a2d4851a1d" relativeResultsDirectory="af842fc5-07d3-4fbd-b76a-88daf07eca0e" />
    <UnitTestResult executionId="85bb6a2b-eb8d-46f8-8fc9-4d24671aadca" testId="336b2beb-eb54-f0ba-e24b-08204093e0aa" testName="Aula.Tests.Services.SupabaseServiceTests.WeekLetterParameters_WithValidValues_AreInValidRange(childName: &quot;TestChild&quot;, weekNumber: 42, year: 2023)" computerName="RHO-DESKTOP" duration="00:00:00.0002197" startTime="2025-06-30T18:59:48.1189033+02:00" endTime="2025-06-30T18:59:48.1189034+02:00" testType="13cdc9d9-ddb5-4fa4-a97d-d965ccfc6d4b" outcome="Passed" testListId="8c84fa94-04c1-424b-9868-57a2d4851a1d" relativeResultsDirectory="85bb6a2b-eb8d-46f8-8fc9-4d24671aadca" />
    <UnitTestResult executionId="98da40a9-6683-4d9f-aa76-d0a94cab348a" testId="6a1bd5a3-33de-b670-1a8c-cceb0d8df72f" testName="Aula.Tests.Utilities.FollowUpQuestionDetectorTests.IsFollowUpQuestion_WithShortFollowUps_ReturnsTrue(input: &quot;ok&quot;)" computerName="RHO-DESKTOP" duration="00:00:00.0026513" startTime="2025-06-30T18:59:47.9701647+02:00" endTime="2025-06-30T18:59:47.9701649+02:00" testType="13cdc9d9-ddb5-4fa4-a97d-d965ccfc6d4b" outcome="Passed" testListId="8c84fa94-04c1-424b-9868-57a2d4851a1d" relativeResultsDirectory="98da40a9-6683-4d9f-aa76-d0a94cab348a" />
    <UnitTestResult executionId="abe1eaed-1364-4920-b0b2-7db1772f4dea" testId="5757d75c-5377-8df3-a3a7-30a9777d143b" testName="Aula.Tests.Utilities.FollowUpQuestionDetectorTests.IsFollowUpQuestion_WithChildNameAndShortMessage_ReturnsTrue(input: &quot;EMMA&quot;)" computerName="RHO-DESKTOP" duration="00:00:00.0000487" startTime="2025-06-30T18:59:47.9795007+02:00" endTime="2025-06-30T18:59:47.9795008+02:00" testType="13cdc9d9-ddb5-4fa4-a97d-d965ccfc6d4b" outcome="Passed" testListId="8c84fa94-04c1-424b-9868-57a2d4851a1d" relativeResultsDirectory="abe1eaed-1364-4920-b0b2-7db1772f4dea" />
    <UnitTestResult executionId="f95ba3c1-f7bd-4d7c-88f4-a978560e6be7" testId="e242b67c-3d28-33ee-bf1d-1f163fabd3ca" testName="Aula.Tests.Scheduling.SchedulingServiceIntegrationTests.StartAsync_LogsInformationAndDoesNotThrow" computerName="RHO-DESKTOP" duration="00:00:00.0039933" startTime="2025-06-30T18:59:47.8926882+02:00" endTime="2025-06-30T18:59:47.8926883+02:00" testType="13cdc9d9-ddb5-4fa4-a97d-d965ccfc6d4b" outcome="Passed" testListId="8c84fa94-04c1-424b-9868-57a2d4851a1d" relativeResultsDirectory="f95ba3c1-f7bd-4d7c-88f4-a978560e6be7" />
    <UnitTestResult executionId="46cd9ad6-9223-4ef4-84de-90a3d05b36f2" testId="df8b7611-0fd3-7a4a-228e-73a22117205a" testName="Aula.Tests.Integration.AgentServiceTests.LoginAsync_CallsClientLoginAsync" computerName="RHO-DESKTOP" duration="00:00:00.0017964" startTime="2025-06-30T18:59:48.1989183+02:00" endTime="2025-06-30T18:59:48.1989185+02:00" testType="13cdc9d9-ddb5-4fa4-a97d-d965ccfc6d4b" outcome="Passed" testListId="8c84fa94-04c1-424b-9868-57a2d4851a1d" relativeResultsDirectory="46cd9ad6-9223-4ef4-84de-90a3d05b36f2" />
    <UnitTestResult executionId="bbeba201-cd33-4073-ad4c-d48529058822" testId="9ca02d05-5169-149e-ecab-3b9b289b72d5" testName="Aula.Tests.Tools.ReminderCommandHandlerTests.TryHandleReminderCommand_ListReminders_OrdersByDateAndTime" computerName="RHO-DESKTOP" duration="00:00:00.0104777" startTime="2025-06-30T18:59:48.0769653+02:00" endTime="2025-06-30T18:59:48.0769654+02:00" testType="13cdc9d9-ddb5-4fa4-a97d-d965ccfc6d4b" outcome="Passed" testListId="8c84fa94-04c1-424b-9868-57a2d4851a1d" relativeResultsDirectory="bbeba201-cd33-4073-ad4c-d48529058822" />
    <UnitTestResult executionId="c5c3f035-a9a2-4fe1-a792-56e935f39a8e" testId="50dcaab1-381b-ffdd-0774-bfbc00f359f9" testName="Aula.Tests.Utilities.FollowUpQuestionDetectorTests.IsFollowUpQuestion_WithEmptyInput_ReturnsFalse" computerName="RHO-DESKTOP" duration="00:00:00.0002730" startTime="2025-06-30T18:59:48.0436716+02:00" endTime="2025-06-30T18:59:48.0436717+02:00" testType="13cdc9d9-ddb5-4fa4-a97d-d965ccfc6d4b" outcome="Passed" testListId="8c84fa94-04c1-424b-9868-57a2d4851a1d" relativeResultsDirectory="c5c3f035-a9a2-4fe1-a792-56e935f39a8e" />
    <UnitTestResult executionId="7da1aa17-233a-4634-86a0-b08ea12c60a1" testId="93edf270-8e20-a2b4-17e8-86af34f9d544" testName="Aula.Tests.Configuration.ConfigurationTests.Timers_SchedulingInterval_ValidationTests(intervalSeconds: 1, isValid: True)" computerName="RHO-DESKTOP" duration="00:00:00.0112847" startTime="2025-06-30T18:59:48.2695787+02:00" endTime="2025-06-30T18:59:48.2695789+02:00" testType="13cdc9d9-ddb5-4fa4-a97d-d965ccfc6d4b" outcome="Passed" testListId="8c84fa94-04c1-424b-9868-57a2d4851a1d" relativeResultsDirectory="7da1aa17-233a-4634-86a0-b08ea12c60a1" />
    <UnitTestResult executionId="c1edb658-d0f7-4a57-8cc4-e8592e2dac86" testId="83b73832-4937-bb84-c164-437b53d65a63" testName="Aula.Tests.Utilities.FollowUpQuestionDetectorTests.IsFollowUpQuestion_WithStartingFollowUpWords_ReturnsTrue(input: &quot;og Emma&quot;)" computerName="RHO-DESKTOP" duration="00:00:00.0000465" startTime="2025-06-30T18:59:47.9946157+02:00" endTime="2025-06-30T18:59:47.9946158+02:00" testType="13cdc9d9-ddb5-4fa4-a97d-d965ccfc6d4b" outcome="Passed" testListId="8c84fa94-04c1-424b-9868-57a2d4851a1d" relativeResultsDirectory="c1edb658-d0f7-4a57-8cc4-e8592e2dac86" />
    <UnitTestResult executionId="61781c63-d535-44cc-bb7c-37f3bee985f5" testId="2d7011d5-0d18-55b9-d3f3-68998c9945f9" testName="Aula.Tests.Utilities.Html2SlackMarkdownConverterTests.Convert_WithEmptyString_ReturnsEmptyString" computerName="RHO-DESKTOP" duration="00:00:00.0002012" startTime="2025-06-30T18:59:48.2457554+02:00" endTime="2025-06-30T18:59:48.2457555+02:00" testType="13cdc9d9-ddb5-4fa4-a97d-d965ccfc6d4b" outcome="Passed" testListId="8c84fa94-04c1-424b-9868-57a2d4851a1d" relativeResultsDirectory="61781c63-d535-44cc-bb7c-37f3bee985f5" />
    <UnitTestResult executionId="1cc71467-38a7-4728-9df4-96c73e46c568" testId="261e6035-42f7-283f-e93e-b518a8a74310" testName="Aula.Tests.Configuration.ConfigurationTests.Telegram_Token_ValidationTests(token: &quot;123456789:AABBCCDDEEFFGGHHTest&quot;, isValidFormat: True)" computerName="RHO-DESKTOP" duration="00:00:00.0119601" startTime="2025-06-30T18:59:48.2385596+02:00" endTime="2025-06-30T18:59:48.2385597+02:00" testType="13cdc9d9-ddb5-4fa4-a97d-d965ccfc6d4b" outcome="Passed" testListId="8c84fa94-04c1-424b-9868-57a2d4851a1d" relativeResultsDirectory="1cc71467-38a7-4728-9df4-96c73e46c568" />
    <UnitTestResult executionId="365b98c5-4604-4b29-b7b5-e6174b238c8d" testId="603b38d9-650a-3d65-fd10-694412343522" testName="Aula.Tests.Utilities.FollowUpQuestionDetectorTests.IsFollowUpQuestion_WithUnicodeChildNames_WorksCorrectly(input: &quot;Johannes&quot;)" computerName="RHO-DESKTOP" duration="00:00:00.0000482" startTime="2025-06-30T18:59:47.9914053+02:00" endTime="2025-06-30T18:59:47.9914054+02:00" testType="13cdc9d9-ddb5-4fa4-a97d-d965ccfc6d4b" outcome="Passed" testListId="8c84fa94-04c1-424b-9868-57a2d4851a1d" relativeResultsDirectory="365b98c5-4604-4b29-b7b5-e6174b238c8d" />
    <UnitTestResult executionId="22d7bf00-dc21-4862-828a-e0a0c7a711a7" testId="471ccf46-b194-f558-fd6b-1d9d85ba4293" testName="Aula.Tests.Utilities.IntentAnalysisPromptsTests.ToolExamples_CoverExpectedUseCase(expectedKey: &quot;DELETE_REMINDER&quot;, queryPattern: &quot;delete&quot;)" computerName="RHO-DESKTOP" duration="00:00:00.0128544" startTime="2025-06-30T18:59:48.1805419+02:00" endTime="2025-06-30T18:59:48.1805420+02:00" testType="13cdc9d9-ddb5-4fa4-a97d-d965ccfc6d4b" outcome="Passed" testListId="8c84fa94-04c1-424b-9868-57a2d4851a1d" relativeResultsDirectory="22d7bf00-dc21-4862-828a-e0a0c7a711a7" />
    <UnitTestResult executionId="f12774ec-79c5-456c-8cc2-ce3299071684" testId="27883ffc-bfa0-e8a9-4fbc-9b88539fca09" testName="Aula.Tests.Utilities.Html2SlackMarkdownConverterTests.Convert_WithNullParentNodes_HandlesGracefully" computerName="RHO-DESKTOP" duration="00:00:00.0009587" startTime="2025-06-30T18:59:48.2437572+02:00" endTime="2025-06-30T18:59:48.2437573+02:00" testType="13cdc9d9-ddb5-4fa4-a97d-d965ccfc6d4b" outcome="Passed" testListId="8c84fa94-04c1-424b-9868-57a2d4851a1d" relativeResultsDirectory="f12774ec-79c5-456c-8cc2-ce3299071684" />
    <UnitTestResult executionId="4efbcd7d-44ec-4311-b7f2-45ea73dbb7d1" testId="8c3471e8-fc32-9e5a-4e09-9595c65b9cfb" testName="Aula.Tests.Utilities.FollowUpQuestionDetectorTests.IsFollowUpQuestion_WithDanishFollowUpPhrases_ReturnsTrue(input: &quot;hvad med Emma&quot;)" computerName="RHO-DESKTOP" duration="00:00:00.0010674" startTime="2025-06-30T18:59:48.0303602+02:00" endTime="2025-06-30T18:59:48.0303603+02:00" testType="13cdc9d9-ddb5-4fa4-a97d-d965ccfc6d4b" outcome="Passed" testListId="8c84fa94-04c1-424b-9868-57a2d4851a1d" relativeResultsDirectory="4efbcd7d-44ec-4311-b7f2-45ea73dbb7d1" />
    <UnitTestResult executionId="e32248d5-b112-4ff6-9932-493db2b93354" testId="4d1c39cc-af91-5c58-272b-da1e4b7a0924" testName="Aula.Tests.Utilities.IntentAnalysisPromptsTests.ToolExamples_ContainsRequiredKeys(key: &quot;WEEK_LETTER_QUERY&quot;)" computerName="RHO-DESKTOP" duration="00:00:00.0001477" startTime="2025-06-30T18:59:48.1909536+02:00" endTime="2025-06-30T18:59:48.1909537+02:00" testType="13cdc9d9-ddb5-4fa4-a97d-d965ccfc6d4b" outcome="Passed" testListId="8c84fa94-04c1-424b-9868-57a2d4851a1d" relativeResultsDirectory="e32248d5-b112-4ff6-9932-493db2b93354" />
    <UnitTestResult executionId="f830c513-ad5d-4273-8757-6fd35315b2d2" testId="07e0302f-2dc8-4d9e-5870-92f7c56a6ee3" testName="Aula.Tests.Configuration.ConfigurationTests.GoogleServiceAccount_ConfigurationIsCorrect" computerName="RHO-DESKTOP" duration="00:00:00.0065460" startTime="2025-06-30T18:59:48.4106473+02:00" endTime="2025-06-30T18:59:48.4106476+02:00" testType="13cdc9d9-ddb5-4fa4-a97d-d965ccfc6d4b" outcome="Passed" testListId="8c84fa94-04c1-424b-9868-57a2d4851a1d" relativeResultsDirectory="f830c513-ad5d-4273-8757-6fd35315b2d2" />
    <UnitTestResult executionId="800fb848-19cb-43d7-8233-2d9d791c3798" testId="3deb2a59-fbcf-09b6-6642-c2488d089290" testName="Aula.Tests.Bots.TelegramInteractiveBotTests.PostWeekLetter_WithDuplicateContent_SkipsDuplicate" computerName="RHO-DESKTOP" duration="00:00:00.0073368" startTime="2025-06-30T18:59:48.7202121+02:00" endTime="2025-06-30T18:59:48.7202125+02:00" testType="13cdc9d9-ddb5-4fa4-a97d-d965ccfc6d4b" outcome="Failed" testListId="8c84fa94-04c1-424b-9868-57a2d4851a1d" relativeResultsDirectory="800fb848-19cb-43d7-8233-2d9d791c3798">
      <Output>
        <ErrorInfo>
          <Message>Moq.MockException : 
Expected invocation on the mock once, but was 0 times: logger =&gt; logger.Log&lt;It.IsAnyType&gt;(LogLevel.Information, It.IsAny&lt;EventId&gt;(), It.Is&lt;It.IsAnyType&gt;((v, t) =&gt; v.ToString().Contains("already posted")), null, It.IsAny&lt;Func&lt;It.IsAnyType, Exception, string&gt;&gt;())

Performed invocations:

   Mock&lt;ILogger:248&gt; (logger):

      ILogger.Log&lt;FormattedLogValues&gt;(LogLevel.Warning, 0, Failed to post week letter for Emma, null, Func&lt;FormattedLogValues, Exception, string&gt;)
      ILogger.Log&lt;FormattedLogValues&gt;(LogLevel.Warning, 0, Failed to post week letter for Emma, null, Func&lt;FormattedLogValues, Exception, string&gt;)
</Message>
          <StackTrace>   at Moq.Mock.Verify(Mock mock, LambdaExpression expression, Times times, String failMessage) in /_/src/Moq/Mock.cs:line 332
   at Moq.Mock`1.Verify(Expression`1 expression, Times times) in /_/src/Moq/Mock`1.cs:line 727
   at Moq.Mock`1.Verify(Expression`1 expression, Func`1 times) in /_/src/Moq/Mock`1.cs:line 741
   at Aula.Tests.Bots.TelegramInteractiveBotTests.PostWeekLetter_WithDuplicateContent_SkipsDuplicate() in /mnt/d/git/aula/src/Aula.Tests/Bots/TelegramInteractiveBotTests.cs:line 282
--- End of stack trace from previous location ---</StackTrace>
        </ErrorInfo>
      </Output>
    </UnitTestResult>
    <UnitTestResult executionId="389fc0c9-eb84-4802-ad18-65a5f506f410" testId="1dba4bcb-2a6a-02e7-3151-a1fa05d6b85c" testName="Aula.Tests.Channels.TelegramClientTests.PostWeekLetter_WithMissingFields_HandlesGracefully" computerName="RHO-DESKTOP" duration="00:00:00.0299242" startTime="2025-06-30T18:59:48.0952507+02:00" endTime="2025-06-30T18:59:48.0952509+02:00" testType="13cdc9d9-ddb5-4fa4-a97d-d965ccfc6d4b" outcome="Passed" testListId="8c84fa94-04c1-424b-9868-57a2d4851a1d" relativeResultsDirectory="389fc0c9-eb84-4802-ad18-65a5f506f410" />
    <UnitTestResult executionId="05bc55e7-3f9e-479d-89d7-94bd01f90570" testId="c6a91ea6-2e10-8e99-6511-4f3dfcc58033" testName="Aula.Tests.Utilities.FollowUpQuestionDetectorTests.IsFollowUpQuestion_WithWhitespaceOnly_ReturnsFalse" computerName="RHO-DESKTOP" duration="00:00:00.0002669" startTime="2025-06-30T18:59:48.0167318+02:00" endTime="2025-06-30T18:59:48.0167319+02:00" testType="13cdc9d9-ddb5-4fa4-a97d-d965ccfc6d4b" outcome="Passed" testListId="8c84fa94-04c1-424b-9868-57a2d4851a1d" relativeResultsDirectory="05bc55e7-3f9e-479d-89d7-94bd01f90570" />
    <UnitTestResult executionId="536de004-72ec-4f58-a0ff-adddf8da1fb7" testId="754e15f9-7164-4540-0902-34db6317ccfc" testName="Aula.Tests.Utilities.IntentAnalysisPromptsTests.AnalysisTemplate_IsNotEmpty" computerName="RHO-DESKTOP" duration="00:00:00.0000829" startTime="2025-06-30T18:59:48.2008540+02:00" endTime="2025-06-30T18:59:48.2008542+02:00" testType="13cdc9d9-ddb5-4fa4-a97d-d965ccfc6d4b" outcome="Passed" testListId="8c84fa94-04c1-424b-9868-57a2d4851a1d" relativeResultsDirectory="536de004-72ec-4f58-a0ff-adddf8da1fb7" />
    <UnitTestResult executionId="7dec8531-f0d8-437f-8c5e-7595a583425b" testId="5a77b1b5-bbb4-8a72-a72e-32591bd8597a" testName="Aula.Tests.Integration.MinUddannelseClientTests.Constructor_WithValidConfig_CreatesInstance" computerName="RHO-DESKTOP" duration="00:00:00.0169325" startTime="2025-06-30T18:59:48.0898628+02:00" endTime="2025-06-30T18:59:48.0898629+02:00" testType="13cdc9d9-ddb5-4fa4-a97d-d965ccfc6d4b" outcome="Passed" testListId="8c84fa94-04c1-424b-9868-57a2d4851a1d" relativeResultsDirectory="7dec8531-f0d8-437f-8c5e-7595a583425b" />
    <UnitTestResult executionId="1ba934ed-bf0a-499e-99b5-7291d73c280a" testId="52685b80-e883-c0c4-e078-b2863df7409a" testName="Aula.Tests.Scheduling.SchedulingServiceIntegrationTests.StopAsync_WhenCalled_LogsCorrectMessage" computerName="RHO-DESKTOP" duration="00:00:00.0136891" startTime="2025-06-30T18:59:47.8790772+02:00" endTime="2025-06-30T18:59:47.8790774+02:00" testType="13cdc9d9-ddb5-4fa4-a97d-d965ccfc6d4b" outcome="Passed" testListId="8c84fa94-04c1-424b-9868-57a2d4851a1d" relativeResultsDirectory="1ba934ed-bf0a-499e-99b5-7291d73c280a" />
    <UnitTestResult executionId="e837e038-8313-4849-b499-98b54483b1e3" testId="10351b87-cca7-9abd-49aa-c981441e9d37" testName="Aula.Tests.Configuration.ConfigurationTests.Supabase_ConfigurationIsCorrect" computerName="RHO-DESKTOP" duration="00:00:00.0144810" startTime="2025-06-30T18:59:48.2379828+02:00" endTime="2025-06-30T18:59:48.2379830+02:00" testType="13cdc9d9-ddb5-4fa4-a97d-d965ccfc6d4b" outcome="Passed" testListId="8c84fa94-04c1-424b-9868-57a2d4851a1d" relativeResultsDirectory="e837e038-8313-4849-b499-98b54483b1e3" />
    <UnitTestResult executionId="22779c2a-6768-485e-8a31-7388ee886138" testId="967c7597-5e79-4d07-d160-f7fa685685a7" testName="Aula.Tests.Utilities.WeekLetterContentExtractorTests.ExtractContent_Dynamic_WithValidData_ReturnsContent" computerName="RHO-DESKTOP" duration="00:00:00.0064558" startTime="2025-06-30T18:59:47.3665614+02:00" endTime="2025-06-30T18:59:47.3665616+02:00" testType="13cdc9d9-ddb5-4fa4-a97d-d965ccfc6d4b" outcome="Passed" testListId="8c84fa94-04c1-424b-9868-57a2d4851a1d" relativeResultsDirectory="22779c2a-6768-485e-8a31-7388ee886138" />
    <UnitTestResult executionId="ff9d6779-0e81-44b9-bab2-7dee8c4a20f8" testId="273c2632-e8a7-4a3f-093e-3b4b8e141ef8" testName="Aula.Tests.Scheduling.SchedulingServiceTests.StopAsync_AfterStart_DoesNotThrow" computerName="RHO-DESKTOP" duration="00:00:00.0046920" startTime="2025-06-30T18:59:47.9464281+02:00" endTime="2025-06-30T18:59:47.9464282+02:00" testType="13cdc9d9-ddb5-4fa4-a97d-d965ccfc6d4b" outcome="Passed" testListId="8c84fa94-04c1-424b-9868-57a2d4851a1d" relativeResultsDirectory="ff9d6779-0e81-44b9-bab2-7dee8c4a20f8" />
    <UnitTestResult executionId="3774064e-e799-4c23-8445-9900593e571a" testId="d2fd3d18-963d-6ba7-e216-54d46cb5c046" testName="Aula.Tests.Utilities.ReminderExtractionPromptsTests.GetExtractionPrompt_WithDifferentMinuteOffsets_CalculatesCorrectly(minutes: 60)" computerName="RHO-DESKTOP" duration="00:00:00.0002212" startTime="2025-06-30T18:59:47.7984327+02:00" endTime="2025-06-30T18:59:47.7984328+02:00" testType="13cdc9d9-ddb5-4fa4-a97d-d965ccfc6d4b" outcome="Passed" testListId="8c84fa94-04c1-424b-9868-57a2d4851a1d" relativeResultsDirectory="3774064e-e799-4c23-8445-9900593e571a" />
    <UnitTestResult executionId="c059b38a-29e9-41b3-82b6-a6ef6af2aafb" testId="8058c27b-1352-027a-d929-43b2879c423e" testName="Aula.Tests.Services.DataModelTests.PostedLetter_ContentHash_CanDetectChanges" computerName="RHO-DESKTOP" duration="00:00:00.0008410" startTime="2025-06-30T18:59:48.0520357+02:00" endTime="2025-06-30T18:59:48.0520358+02:00" testType="13cdc9d9-ddb5-4fa4-a97d-d965ccfc6d4b" outcome="Passed" testListId="8c84fa94-04c1-424b-9868-57a2d4851a1d" relativeResultsDirectory="c059b38a-29e9-41b3-82b6-a6ef6af2aafb" />
    <UnitTestResult executionId="d88bc03a-9e2e-442b-b6d3-2ed16d6724f3" testId="9c66a10c-5031-a4c7-4640-d32dfe0d1dde" testName="Aula.Tests.Utilities.FollowUpQuestionDetectorTests.IsFollowUpQuestion_WithChildNameAndTimeReference_ReturnsFalse(input: &quot;Emma i dag&quot;)" computerName="RHO-DESKTOP" duration="00:00:00.0015849" startTime="2025-06-30T18:59:48.0276062+02:00" endTime="2025-06-30T18:59:48.0276062+02:00" testType="13cdc9d9-ddb5-4fa4-a97d-d965ccfc6d4b" outcome="Passed" testListId="8c84fa94-04c1-424b-9868-57a2d4851a1d" relativeResultsDirectory="d88bc03a-9e2e-442b-b6d3-2ed16d6724f3" />
    <UnitTestResult executionId="392520be-c536-4d32-b29b-713cfe3db8d8" testId="bd810d5e-74d1-fb29-2175-9a145b5629e1" testName="Aula.Tests.Utilities.ReminderExtractionPromptsTests.GetExtractionPrompt_WithRealQueries_EmbedsQueryCorrectly(query: &quot;Remind me about Hans's soccer&quot;)" computerName="RHO-DESKTOP" duration="00:00:00.0003453" startTime="2025-06-30T18:59:47.8041589+02:00" endTime="2025-06-30T18:59:47.8041591+02:00" testType="13cdc9d9-ddb5-4fa4-a97d-d965ccfc6d4b" outcome="Passed" testListId="8c84fa94-04c1-424b-9868-57a2d4851a1d" relativeResultsDirectory="392520be-c536-4d32-b29b-713cfe3db8d8" />
    <UnitTestResult executionId="da096eb4-f42b-415b-972f-b00f95c29c5c" testId="d38e40f0-9394-42c9-ac5c-2e74521578b4" testName="Aula.Tests.Tools.ReminderCommandHandlerTests.TryHandleReminderCommand_NonMatchingPatterns_ReturnsFalse(command: &quot;remind me yesterday at 8:00 that past date&quot;, isEnglish: True)" computerName="RHO-DESKTOP" duration="00:00:00.0001240" startTime="2025-06-30T18:59:47.9561396+02:00" endTime="2025-06-30T18:59:47.9561397+02:00" testType="13cdc9d9-ddb5-4fa4-a97d-d965ccfc6d4b" outcome="Passed" testListId="8c84fa94-04c1-424b-9868-57a2d4851a1d" relativeResultsDirectory="da096eb4-f42b-415b-972f-b00f95c29c5c" />
    <UnitTestResult executionId="bf63858d-ba1a-4526-82fd-135f53e9ccd6" testId="a81f27b4-0dc1-da96-d279-fb940b021717" testName="Aula.Tests.Integration.AgentServiceTests.ExtractKeyInformationFromWeekLetterAsync_CallsOpenAiService" computerName="RHO-DESKTOP" duration="00:00:00.0132479" startTime="2025-06-30T18:59:48.1811652+02:00" endTime="2025-06-30T18:59:48.1811653+02:00" testType="13cdc9d9-ddb5-4fa4-a97d-d965ccfc6d4b" outcome="Passed" testListId="8c84fa94-04c1-424b-9868-57a2d4851a1d" relativeResultsDirectory="bf63858d-ba1a-4526-82fd-135f53e9ccd6" />
    <UnitTestResult executionId="2945dc8b-1e24-42de-ae12-b9af67765790" testId="cfdde69f-bd6f-9d86-5859-a1ef9746cd64" testName="Aula.Tests.Utilities.JsonFormatterTests.Prettify_WithComplexNestedStructure_FormatsCorrectly" computerName="RHO-DESKTOP" duration="00:00:00.0125824" startTime="2025-06-30T18:59:47.2568536+02:00" endTime="2025-06-30T18:59:47.2568537+02:00" testType="13cdc9d9-ddb5-4fa4-a97d-d965ccfc6d4b" outcome="Passed" testListId="8c84fa94-04c1-424b-9868-57a2d4851a1d" relativeResultsDirectory="2945dc8b-1e24-42de-ae12-b9af67765790" />
    <UnitTestResult executionId="f586f53c-5c0d-4b1a-95ff-ef9f4b78cf53" testId="51dadbc3-586b-6ea0-f9cc-0638c0cb614d" testName="Aula.Tests.Utilities.DateTimeUtilitiesTests.GetDanishDayName_AllValidDaysOfWeek_ReturnsNonEmptyString(dayOfWeek: Saturday)" computerName="RHO-DESKTOP" duration="00:00:00.0000289" startTime="2025-06-30T18:59:48.1719626+02:00" endTime="2025-06-30T18:59:48.1719627+02:00" testType="13cdc9d9-ddb5-4fa4-a97d-d965ccfc6d4b" outcome="Passed" testListId="8c84fa94-04c1-424b-9868-57a2d4851a1d" relativeResultsDirectory="f586f53c-5c0d-4b1a-95ff-ef9f4b78cf53" />
    <UnitTestResult executionId="7c02fb9c-bf21-441d-8622-9e41372bf7cf" testId="466fbb21-c308-9cae-2419-4b3a3d66b5be" testName="Aula.Tests.Channels.TelegramClientTests.SendMessageToChannel_WithVariousMessages_DoesNotThrow(message: &quot;Simple message&quot;)" computerName="RHO-DESKTOP" duration="00:00:00.0001190" startTime="2025-06-30T18:59:48.1358052+02:00" endTime="2025-06-30T18:59:48.1358053+02:00" testType="13cdc9d9-ddb5-4fa4-a97d-d965ccfc6d4b" outcome="Passed" testListId="8c84fa94-04c1-424b-9868-57a2d4851a1d" relativeResultsDirectory="7c02fb9c-bf21-441d-8622-9e41372bf7cf" />
    <UnitTestResult executionId="df29ff85-b87a-4a33-9317-2532cc76d78a" testId="5152246d-f0d9-3769-bfe5-e3d39d51e3bf" testName="Aula.Tests.Configuration.ConfigurationTests.UniLogin_WithInvalidCredentials_HandlesGracefully(invalidValue: &quot;&quot;)" computerName="RHO-DESKTOP" duration="00:00:00.0125790" startTime="2025-06-30T18:59:48.3033954+02:00" endTime="2025-06-30T18:59:48.3033956+02:00" testType="13cdc9d9-ddb5-4fa4-a97d-d965ccfc6d4b" outcome="Passed" testListId="8c84fa94-04c1-424b-9868-57a2d4851a1d" relativeResultsDirectory="df29ff85-b87a-4a33-9317-2532cc76d78a" />
    <UnitTestResult executionId="720d46ec-48d4-4826-99b3-8b7d1951eb62" testId="fab9cf34-c985-2e8e-6005-8cc650dd7227" testName="Aula.Tests.Bots.SlackMessageHandlerTests.HandleMessageAsync_WithHelpCommand_ProcessesHelpMessage(helpCommand: &quot;HJÆLP&quot;)" computerName="RHO-DESKTOP" duration="00:00:00.0010000" startTime="2025-06-30T18:59:47.5335939+02:00" endTime="2025-06-30T18:59:47.5335941+02:00" testType="13cdc9d9-ddb5-4fa4-a97d-d965ccfc6d4b" outcome="Failed" testListId="8c84fa94-04c1-424b-9868-57a2d4851a1d" relativeResultsDirectory="720d46ec-48d4-4826-99b3-8b7d1951eb62">
      <Output>
        <ErrorInfo>
          <Message>System.ArgumentException : Can not instantiate proxy of class: Aula.Tools.ReminderCommandHandler.
Could not find a parameterless constructor. (Parameter 'constructorArguments')
---- System.MissingMethodException : Constructor on type 'Castle.Proxies.ReminderCommandHandlerProxy' not found.</Message>
          <StackTrace>   at Castle.DynamicProxy.ProxyGenerator.CreateClassProxyInstance(Type proxyType, List`1 proxyArguments, Type classToProxy, Object[] constructorArguments)
   at Castle.DynamicProxy.ProxyGenerator.CreateClassProxy(Type classToProxy, Type[] additionalInterfacesToProxy, ProxyGenerationOptions options, Object[] constructorArguments, IInterceptor[] interceptors)
   at Moq.CastleProxyFactory.CreateProxy(Type mockType, IInterceptor interceptor, Type[] interfaces, Object[] arguments) in /_/src/Moq/Interception/CastleProxyFactory.cs:line 62
   at Moq.Mock`1.InitializeInstance() in /_/src/Moq/Mock`1.cs:line 309
   at Moq.Mock`1.OnGetObject() in /_/src/Moq/Mock`1.cs:line 323
   at Moq.Mock.get_Object() in /_/src/Moq/Mock.cs:line 181
   at Moq.Mock`1.get_Object() in /_/src/Moq/Mock`1.cs:line 281
   at Aula.Tests.Bots.SlackMessageHandlerTests..ctor() in /mnt/d/git/aula/src/Aula.Tests/Bots/SlackMessageHandlerTests.cs:line 57
   at System.RuntimeType.CreateInstanceDefaultCtor(Boolean publicOnly, Boolean wrapExceptions)
----- Inner Stack Trace -----
   at System.RuntimeType.CreateInstanceImpl(BindingFlags bindingAttr, Binder binder, Object[] args, CultureInfo culture)
   at Castle.DynamicProxy.ProxyGenerator.CreateClassProxyInstance(Type proxyType, List`1 proxyArguments, Type classToProxy, Object[] constructorArguments)</StackTrace>
        </ErrorInfo>
      </Output>
    </UnitTestResult>
    <UnitTestResult executionId="12dc28fa-c47b-434c-8313-5e87569e43a8" testId="52284c88-15e2-e622-5da9-cf51ba9aa844" testName="Aula.Tests.Tools.ReminderCommandHandlerTests.Constructor_WithNullLogger_ThrowsArgumentNullException" computerName="RHO-DESKTOP" duration="00:00:00.0004338" startTime="2025-06-30T18:59:48.0781314+02:00" endTime="2025-06-30T18:59:48.0781315+02:00" testType="13cdc9d9-ddb5-4fa4-a97d-d965ccfc6d4b" outcome="Passed" testListId="8c84fa94-04c1-424b-9868-57a2d4851a1d" relativeResultsDirectory="12dc28fa-c47b-434c-8313-5e87569e43a8" />
    <UnitTestResult executionId="42d21d3f-a165-4755-83c6-d3e5e2ab4f2d" testId="5db7f4ff-e78e-7e3c-537f-1a7b8a75bb0c" testName="Aula.Tests.Services.OpenAiServiceIntegrationTests.ProcessQueryWithToolsAsync_WithInvalidQuery_ThrowsArgumentException(query: &quot;   &quot;)" computerName="RHO-DESKTOP" duration="00:00:00.0015240" startTime="2025-06-30T18:59:47.7697888+02:00" endTime="2025-06-30T18:59:47.7697890+02:00" testType="13cdc9d9-ddb5-4fa4-a97d-d965ccfc6d4b" outcome="Failed" testListId="8c84fa94-04c1-424b-9868-57a2d4851a1d" relativeResultsDirectory="42d21d3f-a165-4755-83c6-d3e5e2ab4f2d">
      <Output>
        <ErrorInfo>
          <Message>System.ArgumentException : Can not instantiate proxy of class: Aula.Tools.AiToolsManager.
Could not find a parameterless constructor. (Parameter 'constructorArguments')
---- System.MissingMethodException : Constructor on type 'Castle.Proxies.AiToolsManagerProxy' not found.</Message>
          <StackTrace>   at Castle.DynamicProxy.ProxyGenerator.CreateClassProxyInstance(Type proxyType, List`1 proxyArguments, Type classToProxy, Object[] constructorArguments)
   at Castle.DynamicProxy.ProxyGenerator.CreateClassProxy(Type classToProxy, Type[] additionalInterfacesToProxy, ProxyGenerationOptions options, Object[] constructorArguments, IInterceptor[] interceptors)
   at Moq.CastleProxyFactory.CreateProxy(Type mockType, IInterceptor interceptor, Type[] interfaces, Object[] arguments) in /_/src/Moq/Interception/CastleProxyFactory.cs:line 62
   at Moq.Mock`1.InitializeInstance() in /_/src/Moq/Mock`1.cs:line 309
   at Moq.Mock`1.OnGetObject() in /_/src/Moq/Mock`1.cs:line 323
   at Moq.Mock.get_Object() in /_/src/Moq/Mock.cs:line 181
   at Moq.Mock`1.get_Object() in /_/src/Moq/Mock`1.cs:line 281
   at Aula.Tests.Services.OpenAiServiceIntegrationTests.ProcessQueryWithToolsAsync_WithInvalidQuery_ThrowsArgumentException(String query) in /mnt/d/git/aula/src/Aula.Tests/Services/OpenAiServiceIntegrationTests.cs:line 164
--- End of stack trace from previous location ---
----- Inner Stack Trace -----
   at System.RuntimeType.CreateInstanceImpl(BindingFlags bindingAttr, Binder binder, Object[] args, CultureInfo culture)
   at Castle.DynamicProxy.ProxyGenerator.CreateClassProxyInstance(Type proxyType, List`1 proxyArguments, Type classToProxy, Object[] constructorArguments)</StackTrace>
        </ErrorInfo>
      </Output>
    </UnitTestResult>
    <UnitTestResult executionId="b414f460-e6fb-49f8-8337-7d922180ca07" testId="fd81db88-72a7-84e2-4288-c872b2f15c55" testName="Aula.Tests.Channels.SlackBotTests.SendTestMessage_WithVariousMessages_DoesNotThrow(message: &quot;Simple message&quot;)" computerName="RHO-DESKTOP" duration="00:00:00.0085724" startTime="2025-06-30T18:59:48.2230338+02:00" endTime="2025-06-30T18:59:48.2230340+02:00" testType="13cdc9d9-ddb5-4fa4-a97d-d965ccfc6d4b" outcome="Passed" testListId="8c84fa94-04c1-424b-9868-57a2d4851a1d" relativeResultsDirectory="b414f460-e6fb-49f8-8337-7d922180ca07" />
    <UnitTestResult executionId="59a9538e-8070-4d79-8ec5-1ef919f04f7d" testId="a35c1648-d310-4839-ee57-c271d40d7d0e" testName="Aula.Tests.Bots.TelegramMessageHandlerTests.Constructor_WithNullAgentService_ThrowsArgumentNullException" computerName="RHO-DESKTOP" duration="00:00:00.0010000" startTime="2025-06-30T18:59:47.5651782+02:00" endTime="2025-06-30T18:59:47.5651783+02:00" testType="13cdc9d9-ddb5-4fa4-a97d-d965ccfc6d4b" outcome="Failed" testListId="8c84fa94-04c1-424b-9868-57a2d4851a1d" relativeResultsDirectory="59a9538e-8070-4d79-8ec5-1ef919f04f7d">
      <Output>
        <ErrorInfo>
          <Message>System.ArgumentException : Can not instantiate proxy of class: Aula.Utilities.ConversationContextManager`1[[System.Int64, System.Private.CoreLib, Version=9.0.0.0, Culture=neutral, PublicKeyToken=7cec85d7bea7798e]].
Could not find a parameterless constructor. (Parameter 'constructorArguments')
---- System.MissingMethodException : Constructor on type 'Castle.Proxies.ConversationContextManager`1Proxy' not found.</Message>
          <StackTrace>   at Castle.DynamicProxy.ProxyGenerator.CreateClassProxyInstance(Type proxyType, List`1 proxyArguments, Type classToProxy, Object[] constructorArguments)
   at Castle.DynamicProxy.ProxyGenerator.CreateClassProxy(Type classToProxy, Type[] additionalInterfacesToProxy, ProxyGenerationOptions options, Object[] constructorArguments, IInterceptor[] interceptors)
   at Moq.CastleProxyFactory.CreateProxy(Type mockType, IInterceptor interceptor, Type[] interfaces, Object[] arguments) in /_/src/Moq/Interception/CastleProxyFactory.cs:line 62
   at Moq.Mock`1.InitializeInstance() in /_/src/Moq/Mock`1.cs:line 309
   at Moq.Mock`1.OnGetObject() in /_/src/Moq/Mock`1.cs:line 323
   at Moq.Mock.get_Object() in /_/src/Moq/Mock.cs:line 181
   at Moq.Mock`1.get_Object() in /_/src/Moq/Mock`1.cs:line 281
   at Aula.Tests.Bots.TelegramMessageHandlerTests..ctor() in /mnt/d/git/aula/src/Aula.Tests/Bots/TelegramMessageHandlerTests.cs:line 63
   at System.RuntimeType.CreateInstanceDefaultCtor(Boolean publicOnly, Boolean wrapExceptions)
----- Inner Stack Trace -----
   at System.RuntimeType.CreateInstanceImpl(BindingFlags bindingAttr, Binder binder, Object[] args, CultureInfo culture)
   at Castle.DynamicProxy.ProxyGenerator.CreateClassProxyInstance(Type proxyType, List`1 proxyArguments, Type classToProxy, Object[] constructorArguments)</StackTrace>
        </ErrorInfo>
      </Output>
    </UnitTestResult>
    <UnitTestResult executionId="e4cd270e-77ec-4a0d-816c-2cb61e670167" testId="ecf7f37a-1b96-2a28-2d44-fb1c19988638" testName="Aula.Tests.Utilities.WeekLetterContentExtractorTests.ExtractContent_WithNullIndhold_ReturnsEmptyString" computerName="RHO-DESKTOP" duration="00:00:00.0002255" startTime="2025-06-30T18:59:47.3532244+02:00" endTime="2025-06-30T18:59:47.3532246+02:00" testType="13cdc9d9-ddb5-4fa4-a97d-d965ccfc6d4b" outcome="Passed" testListId="8c84fa94-04c1-424b-9868-57a2d4851a1d" relativeResultsDirectory="e4cd270e-77ec-4a0d-816c-2cb61e670167" />
    <UnitTestResult executionId="90f46fda-455b-41a3-a4d6-4f6edb515dae" testId="900f1247-1180-3eee-0ffc-f108426b3d75" testName="Aula.Tests.Utilities.FollowUpQuestionDetectorTests.IsFollowUpQuestion_WithShortFollowUps_ReturnsTrue(input: &quot;Okay&quot;)" computerName="RHO-DESKTOP" duration="00:00:00.0000755" startTime="2025-06-30T18:59:47.9720282+02:00" endTime="2025-06-30T18:59:47.9720283+02:00" testType="13cdc9d9-ddb5-4fa4-a97d-d965ccfc6d4b" outcome="Passed" testListId="8c84fa94-04c1-424b-9868-57a2d4851a1d" relativeResultsDirectory="90f46fda-455b-41a3-a4d6-4f6edb515dae" />
    <UnitTestResult executionId="8ece6b8f-0c4e-4d43-8da0-c84a3afb1e97" testId="19edb3ba-5e0e-d40b-c4b3-ce48876fbe6a" testName="Aula.Tests.Bots.TelegramInteractiveBotTests.PostWeekLetter_WithDisabledTelegram_LogsWarningAndReturns" computerName="RHO-DESKTOP" duration="00:00:00.0022554" startTime="2025-06-30T18:59:48.9044733+02:00" endTime="2025-06-30T18:59:48.9044735+02:00" testType="13cdc9d9-ddb5-4fa4-a97d-d965ccfc6d4b" outcome="Passed" testListId="8c84fa94-04c1-424b-9868-57a2d4851a1d" relativeResultsDirectory="8ece6b8f-0c4e-4d43-8da0-c84a3afb1e97" />
    <UnitTestResult executionId="6e0326c1-710c-49e1-b7bf-b4c2cc24c053" testId="ae0948ed-054c-3e18-355f-da674f5650cd" testName="Aula.Tests.Utilities.DateTimeUtilitiesTests.GetDanishDayName_AllValidDaysOfWeek_ReturnsNonEmptyString(dayOfWeek: Friday)" computerName="RHO-DESKTOP" duration="00:00:00.0001404" startTime="2025-06-30T18:59:48.1684225+02:00" endTime="2025-06-30T18:59:48.1684226+02:00" testType="13cdc9d9-ddb5-4fa4-a97d-d965ccfc6d4b" outcome="Passed" testListId="8c84fa94-04c1-424b-9868-57a2d4851a1d" relativeResultsDirectory="6e0326c1-710c-49e1-b7bf-b4c2cc24c053" />
    <UnitTestResult executionId="bbd5abc1-a096-4c89-99fb-c86cfd25d48b" testId="66873fdb-c193-9c8c-5dd6-46cb202ddd5f" testName="Aula.Tests.Bots.TelegramInteractiveBotTests.Constructor_WithNullSupabaseService_ThrowsArgumentNullException" computerName="RHO-DESKTOP" duration="00:00:00.0009921" startTime="2025-06-30T18:59:48.7289420+02:00" endTime="2025-06-30T18:59:48.7289422+02:00" testType="13cdc9d9-ddb5-4fa4-a97d-d965ccfc6d4b" outcome="Passed" testListId="8c84fa94-04c1-424b-9868-57a2d4851a1d" relativeResultsDirectory="bbd5abc1-a096-4c89-99fb-c86cfd25d48b" />
    <UnitTestResult executionId="34951039-cdd3-4a7c-831b-4dd1c86e8ce2" testId="216aea03-2265-1779-35c7-74f06eb76326" testName="Aula.Tests.Tools.ReminderCommandHandlerTests.TryHandleReminderCommand_NonReminderCommands_ReturnsFalse(command: &quot;delete&quot;)" computerName="RHO-DESKTOP" duration="00:00:00.0007965" startTime="2025-06-30T18:59:47.8940924+02:00" endTime="2025-06-30T18:59:47.8940925+02:00" testType="13cdc9d9-ddb5-4fa4-a97d-d965ccfc6d4b" outcome="Passed" testListId="8c84fa94-04c1-424b-9868-57a2d4851a1d" relativeResultsDirectory="34951039-cdd3-4a7c-831b-4dd1c86e8ce2" />
    <UnitTestResult executionId="2895452d-9383-41b5-8bf2-69b0a1a61613" testId="9191e86e-6282-7313-7613-da1e1fef327e" testName="Aula.Tests.Bots.TelegramInteractiveBotTests.SendMessage_WithLongChatIdAsLong_SendsSuccessfully(chatId: 987654321)" computerName="RHO-DESKTOP" duration="00:00:00.0796524" startTime="2025-06-30T18:59:48.8882366+02:00" endTime="2025-06-30T18:59:48.8882369+02:00" testType="13cdc9d9-ddb5-4fa4-a97d-d965ccfc6d4b" outcome="Passed" testListId="8c84fa94-04c1-424b-9868-57a2d4851a1d" relativeResultsDirectory="2895452d-9383-41b5-8bf2-69b0a1a61613" />
    <UnitTestResult executionId="f8597e52-3281-4701-b09c-de42af7e41ff" testId="e67379c3-aafd-8be6-fda8-3e3a4a2a81aa" testName="Aula.Tests.Utilities.FollowUpQuestionDetectorTests.IsFollowUpQuestion_WithFullChildNames_WorksCorrectly(input: &quot;Emma Rose?&quot;)" computerName="RHO-DESKTOP" duration="00:00:00.0002200" startTime="2025-06-30T18:59:47.9966207+02:00" endTime="2025-06-30T18:59:47.9966209+02:00" testType="13cdc9d9-ddb5-4fa4-a97d-d965ccfc6d4b" outcome="Passed" testListId="8c84fa94-04c1-424b-9868-57a2d4851a1d" relativeResultsDirectory="f8597e52-3281-4701-b09c-de42af7e41ff" />
    <UnitTestResult executionId="9972ae7e-e1db-4c15-9a02-0d1f8659f276" testId="c97c4c52-e2e0-9997-1b1c-c40b6de0a67a" testName="Aula.Tests.Utilities.FollowUpQuestionDetectorTests.IsFollowUpQuestion_WithChildNameAndShortMessage_ReturnsTrue(input: &quot;Hansen&quot;)" computerName="RHO-DESKTOP" duration="00:00:00.0003074" startTime="2025-06-30T18:59:47.9768635+02:00" endTime="2025-06-30T18:59:47.9768636+02:00" testType="13cdc9d9-ddb5-4fa4-a97d-d965ccfc6d4b" outcome="Passed" testListId="8c84fa94-04c1-424b-9868-57a2d4851a1d" relativeResultsDirectory="9972ae7e-e1db-4c15-9a02-0d1f8659f276" />
    <UnitTestResult executionId="d7b11e3e-a53f-42b4-b91b-224cdf490cc7" testId="b561be64-3ebf-00d7-64e3-9853e17cbf13" testName="Aula.Tests.Configuration.ConfigurationTests.UniLogin_WithInvalidCredentials_HandlesGracefully(invalidValue: &quot;   &quot;)" computerName="RHO-DESKTOP" duration="00:00:00.0079349" startTime="2025-06-30T18:59:48.3113612+02:00" endTime="2025-06-30T18:59:48.3113614+02:00" testType="13cdc9d9-ddb5-4fa4-a97d-d965ccfc6d4b" outcome="Passed" testListId="8c84fa94-04c1-424b-9868-57a2d4851a1d" relativeResultsDirectory="d7b11e3e-a53f-42b4-b91b-224cdf490cc7" />
    <UnitTestResult executionId="a847c8d0-92d7-40e2-84f6-5255de1e1e38" testId="f695ece5-4ed0-4918-7e40-7fa901ca2f9e" testName="Aula.Tests.Utilities.FollowUpQuestionDetectorTests.IsFollowUpQuestion_WithDanishFollowUpPhrases_ReturnsTrue(input: &quot;også Emma&quot;)" computerName="RHO-DESKTOP" duration="00:00:00.0003031" startTime="2025-06-30T18:59:48.0298684+02:00" endTime="2025-06-30T18:59:48.0298685+02:00" testType="13cdc9d9-ddb5-4fa4-a97d-d965ccfc6d4b" outcome="Passed" testListId="8c84fa94-04c1-424b-9868-57a2d4851a1d" relativeResultsDirectory="a847c8d0-92d7-40e2-84f6-5255de1e1e38" />
    <UnitTestResult executionId="9c5206c1-ab72-499b-adbb-df10e0e7dd77" testId="7a4330b4-d3d2-d308-8e2d-3815d3c67d0f" testName="Aula.Tests.Channels.TelegramClientTests.Constructor_WithVariousTokens_DoesNotThrow(token: &quot;987654321:XXYYZZ&quot;)" computerName="RHO-DESKTOP" duration="00:00:00.0002360" startTime="2025-06-30T18:59:48.0873953+02:00" endTime="2025-06-30T18:59:48.0873957+02:00" testType="13cdc9d9-ddb5-4fa4-a97d-d965ccfc6d4b" outcome="Passed" testListId="8c84fa94-04c1-424b-9868-57a2d4851a1d" relativeResultsDirectory="9c5206c1-ab72-499b-adbb-df10e0e7dd77" />
    <UnitTestResult executionId="7dd30bb5-c32b-45c9-9957-b43532f196b8" testId="cea2ec8e-0a0c-aae3-594d-8b1cbbb55ac5" testName="Aula.Tests.Utilities.FollowUpQuestionDetectorTests.IsFollowUpQuestion_WithLongMessageContainingChildName_ReturnsFalse(input: &quot;This is a very long message that contains Emma but&quot;···)" computerName="RHO-DESKTOP" duration="00:00:00.0252724" startTime="2025-06-30T18:59:47.9475419+02:00" endTime="2025-06-30T18:59:47.9475420+02:00" testType="13cdc9d9-ddb5-4fa4-a97d-d965ccfc6d4b" outcome="Passed" testListId="8c84fa94-04c1-424b-9868-57a2d4851a1d" relativeResultsDirectory="7dd30bb5-c32b-45c9-9957-b43532f196b8" />
    <UnitTestResult executionId="bdb645c7-7828-4ec1-b425-1140dbe2f973" testId="0a638305-142d-7de7-7f12-9a81aa636946" testName="Aula.Tests.Bots.TelegramInteractiveBotTests.SendMessage_WithLongChatId_SendsSuccessfully(chatId: &quot;987654321&quot;)" computerName="RHO-DESKTOP" duration="00:00:00.3408115" startTime="2025-06-30T18:59:48.7106516+02:00" endTime="2025-06-30T18:59:48.7106518+02:00" testType="13cdc9d9-ddb5-4fa4-a97d-d965ccfc6d4b" outcome="Passed" testListId="8c84fa94-04c1-424b-9868-57a2d4851a1d" relativeResultsDirectory="bdb645c7-7828-4ec1-b425-1140dbe2f973" />
    <UnitTestResult executionId="0f986ba8-8a4d-485b-805c-18e0a4320e3e" testId="dcc46ccc-b814-743c-8b1c-539d1d47dc7f" testName="Aula.Tests.Channels.TelegramClientTests.SendMessageToChannel_WithVariousChannelIds_DoesNotThrow(channelId: &quot;123456789&quot;)" computerName="RHO-DESKTOP" duration="00:00:00.0004782" startTime="2025-06-30T18:59:48.0849319+02:00" endTime="2025-06-30T18:59:48.0849320+02:00" testType="13cdc9d9-ddb5-4fa4-a97d-d965ccfc6d4b" outcome="Passed" testListId="8c84fa94-04c1-424b-9868-57a2d4851a1d" relativeResultsDirectory="0f986ba8-8a4d-485b-805c-18e0a4320e3e" />
    <UnitTestResult executionId="4c978c91-c532-4cee-bd3f-441be22d45be" testId="8646524a-5166-ca18-26db-7c128f59fc0d" testName="Aula.Tests.Utilities.FollowUpQuestionDetectorTests.IsFollowUpQuestion_WithChildNameAndTimeReference_ReturnsFalse(input: &quot;Emma today&quot;)" computerName="RHO-DESKTOP" duration="00:00:00.0000781" startTime="2025-06-30T18:59:48.0287624+02:00" endTime="2025-06-30T18:59:48.0287625+02:00" testType="13cdc9d9-ddb5-4fa4-a97d-d965ccfc6d4b" outcome="Passed" testListId="8c84fa94-04c1-424b-9868-57a2d4851a1d" relativeResultsDirectory="4c978c91-c532-4cee-bd3f-441be22d45be" />
    <UnitTestResult executionId="93b1f021-dfe4-4646-ad38-7d79321d3330" testId="8206dafa-8025-c018-8995-db764f6cc603" testName="Aula.Tests.Scheduling.SchedulingServiceIntegrationTests.Service_WithDifferentBotConfigurations_WorksCorrectly(slackEnabled: True, telegramEnabled: False)" computerName="RHO-DESKTOP" duration="00:00:00.0004443" startTime="2025-06-30T18:59:47.9395793+02:00" endTime="2025-06-30T18:59:47.9395795+02:00" testType="13cdc9d9-ddb5-4fa4-a97d-d965ccfc6d4b" outcome="Passed" testListId="8c84fa94-04c1-424b-9868-57a2d4851a1d" relativeResultsDirectory="93b1f021-dfe4-4646-ad38-7d79321d3330" />
    <UnitTestResult executionId="dafd1a2e-5107-4bc1-9ed8-9db6df12ea44" testId="8411a163-fe22-681b-f5c6-7310c560d29a" testName="Aula.Tests.Channels.SlackBotTests.PostWeekLetter_WithVariousChildNames_HandlesCorrectly(firstName: &quot;Søren Johannes&quot;)" computerName="RHO-DESKTOP" duration="00:00:00.0016424" startTime="2025-06-30T18:59:48.2051747+02:00" endTime="2025-06-30T18:59:48.2051750+02:00" testType="13cdc9d9-ddb5-4fa4-a97d-d965ccfc6d4b" outcome="Passed" testListId="8c84fa94-04c1-424b-9868-57a2d4851a1d" relativeResultsDirectory="dafd1a2e-5107-4bc1-9ed8-9db6df12ea44" />
    <UnitTestResult executionId="e54e4bb6-d708-4e10-9dd7-2cae2a74df47" testId="ff95ed9b-b21e-cfc2-30db-e8fe216a909d" testName="Aula.Tests.Services.DataModelTests.PostedLetter_WeekNumberValidation_ReturnsExpectedResult(weekNumber: 1, year: 2023, isValid: True)" computerName="RHO-DESKTOP" duration="00:00:00.0004644" startTime="2025-06-30T18:59:48.0489526+02:00" endTime="2025-06-30T18:59:48.0489527+02:00" testType="13cdc9d9-ddb5-4fa4-a97d-d965ccfc6d4b" outcome="Passed" testListId="8c84fa94-04c1-424b-9868-57a2d4851a1d" relativeResultsDirectory="e54e4bb6-d708-4e10-9dd7-2cae2a74df47" />
    <UnitTestResult executionId="45ab2ad9-e04b-4b35-bb84-29d4e168d395" testId="c6b19e93-2b61-da47-f9a3-89a03fe395c8" testName="Aula.Tests.Utilities.FollowUpQuestionDetectorTests.IsFollowUpQuestion_WithoutFollowUpPhrases_ReturnsFalse(input: &quot;hello&quot;)" computerName="RHO-DESKTOP" duration="00:00:00.0001872" startTime="2025-06-30T18:59:48.0017320+02:00" endTime="2025-06-30T18:59:48.0017325+02:00" testType="13cdc9d9-ddb5-4fa4-a97d-d965ccfc6d4b" outcome="Passed" testListId="8c84fa94-04c1-424b-9868-57a2d4851a1d" relativeResultsDirectory="45ab2ad9-e04b-4b35-bb84-29d4e168d395" />
    <UnitTestResult executionId="91377b71-f24d-46b4-a142-3f7e7b404102" testId="4215f164-2029-10cd-3890-50362921a7d9" testName="Aula.Tests.Channels.SlackBotTests.PostWeekLetter_WithValidInputs_DoesNotThrow" computerName="RHO-DESKTOP" duration="00:00:00.0101210" startTime="2025-06-30T18:59:48.2070599+02:00" endTime="2025-06-30T18:59:48.2070600+02:00" testType="13cdc9d9-ddb5-4fa4-a97d-d965ccfc6d4b" outcome="Passed" testListId="8c84fa94-04c1-424b-9868-57a2d4851a1d" relativeResultsDirectory="91377b71-f24d-46b4-a142-3f7e7b404102" />
    <UnitTestResult executionId="47d69d27-cdee-4a92-ba19-93a37cda5cc0" testId="9e010064-1282-f730-0e21-1a9c045272eb" testName="Aula.Tests.Utilities.IntentAnalysisPromptsTests.GetFormattedPrompt_WithVariousQueries_ReturnsValidPrompt(query: &quot;Remind me about soccer&quot;)" computerName="RHO-DESKTOP" duration="00:00:00.0002607" startTime="2025-06-30T18:59:48.1577364+02:00" endTime="2025-06-30T18:59:48.1577365+02:00" testType="13cdc9d9-ddb5-4fa4-a97d-d965ccfc6d4b" outcome="Passed" testListId="8c84fa94-04c1-424b-9868-57a2d4851a1d" relativeResultsDirectory="47d69d27-cdee-4a92-ba19-93a37cda5cc0" />
    <UnitTestResult executionId="172d437b-2173-4c6a-a163-21f0ca46d7d8" testId="dd6cd978-16c0-3adf-7057-3791731bf47f" testName="Aula.Tests.Services.DataModelTests.Reminder_CreatedBy_HandlesValues(createdBy: null, shouldAccept: False)" computerName="RHO-DESKTOP" duration="00:00:00.0001718" startTime="2025-06-30T18:59:47.9649740+02:00" endTime="2025-06-30T18:59:47.9649742+02:00" testType="13cdc9d9-ddb5-4fa4-a97d-d965ccfc6d4b" outcome="Passed" testListId="8c84fa94-04c1-424b-9868-57a2d4851a1d" relativeResultsDirectory="172d437b-2173-4c6a-a163-21f0ca46d7d8" />
    <UnitTestResult executionId="26e7c455-f478-4ae5-b51d-7f918d7d893d" testId="391811a1-8187-f3dc-88b6-23bab4f2be23" testName="Aula.Tests.Scheduling.SchedulingServiceTests.StartAsync_CallsGetPendingRemindersAsync_AtLeastOnce" computerName="RHO-DESKTOP" duration="00:00:00.1299038" startTime="2025-06-30T18:59:48.0827203+02:00" endTime="2025-06-30T18:59:48.0827204+02:00" testType="13cdc9d9-ddb5-4fa4-a97d-d965ccfc6d4b" outcome="Passed" testListId="8c84fa94-04c1-424b-9868-57a2d4851a1d" relativeResultsDirectory="26e7c455-f478-4ae5-b51d-7f918d7d893d" />
    <UnitTestResult executionId="daf0d502-6764-4efb-a1f4-a5f1887a3fab" testId="348072bd-5799-593b-9354-a4cea37de12a" testName="Aula.Tests.Bots.SlackMessageHandlerTests.HandleMessageAsync_WithValidQuery_ProcessesSuccessfully(queryText: &quot;Vis ugeplanen&quot;)" computerName="RHO-DESKTOP" duration="00:00:00.0010000" startTime="2025-06-30T18:59:47.5093849+02:00" endTime="2025-06-30T18:59:47.5093850+02:00" testType="13cdc9d9-ddb5-4fa4-a97d-d965ccfc6d4b" outcome="Failed" testListId="8c84fa94-04c1-424b-9868-57a2d4851a1d" relativeResultsDirectory="daf0d502-6764-4efb-a1f4-a5f1887a3fab">
      <Output>
        <ErrorInfo>
          <Message>System.ArgumentException : Can not instantiate proxy of class: Aula.Tools.ReminderCommandHandler.
Could not find a parameterless constructor. (Parameter 'constructorArguments')
---- System.MissingMethodException : Constructor on type 'Castle.Proxies.ReminderCommandHandlerProxy' not found.</Message>
          <StackTrace>   at Castle.DynamicProxy.ProxyGenerator.CreateClassProxyInstance(Type proxyType, List`1 proxyArguments, Type classToProxy, Object[] constructorArguments)
   at Castle.DynamicProxy.ProxyGenerator.CreateClassProxy(Type classToProxy, Type[] additionalInterfacesToProxy, ProxyGenerationOptions options, Object[] constructorArguments, IInterceptor[] interceptors)
   at Moq.CastleProxyFactory.CreateProxy(Type mockType, IInterceptor interceptor, Type[] interfaces, Object[] arguments) in /_/src/Moq/Interception/CastleProxyFactory.cs:line 62
   at Moq.Mock`1.InitializeInstance() in /_/src/Moq/Mock`1.cs:line 309
   at Moq.Mock`1.OnGetObject() in /_/src/Moq/Mock`1.cs:line 323
   at Moq.Mock.get_Object() in /_/src/Moq/Mock.cs:line 181
   at Moq.Mock`1.get_Object() in /_/src/Moq/Mock`1.cs:line 281
   at Aula.Tests.Bots.SlackMessageHandlerTests..ctor() in /mnt/d/git/aula/src/Aula.Tests/Bots/SlackMessageHandlerTests.cs:line 57
   at System.RuntimeType.CreateInstanceDefaultCtor(Boolean publicOnly, Boolean wrapExceptions)
----- Inner Stack Trace -----
   at System.RuntimeType.CreateInstanceImpl(BindingFlags bindingAttr, Binder binder, Object[] args, CultureInfo culture)
   at Castle.DynamicProxy.ProxyGenerator.CreateClassProxyInstance(Type proxyType, List`1 proxyArguments, Type classToProxy, Object[] constructorArguments)</StackTrace>
        </ErrorInfo>
      </Output>
    </UnitTestResult>
    <UnitTestResult executionId="a55d0e58-2543-423b-96cf-0f74027b1227" testId="c4b1de39-f215-c6c4-5b38-2f74d4b1f600" testName="Aula.Tests.Scheduling.SchedulingServiceIntegrationTests.StartAsync_CanBeCalledMultipleTimes_DoesNotThrow" computerName="RHO-DESKTOP" duration="00:00:00.0023200" startTime="2025-06-30T18:59:47.9408098+02:00" endTime="2025-06-30T18:59:47.9408099+02:00" testType="13cdc9d9-ddb5-4fa4-a97d-d965ccfc6d4b" outcome="Passed" testListId="8c84fa94-04c1-424b-9868-57a2d4851a1d" relativeResultsDirectory="a55d0e58-2543-423b-96cf-0f74027b1227" />
    <UnitTestResult executionId="2fc0c04f-c5a4-45fc-80f6-64467556f6bb" testId="dc9dca5e-236c-2eb7-8830-55bb297e92d9" testName="Aula.Tests.Services.DataModelTests.ScheduledTask_CronExpression_CanBeSet(cronExpression: &quot;0 0 1 * *&quot;, description: &quot;Monthly on the 1st at midnight&quot;)" computerName="RHO-DESKTOP" duration="00:00:00.0000101" startTime="2025-06-30T18:59:47.9548131+02:00" endTime="2025-06-30T18:59:47.9548132+02:00" testType="13cdc9d9-ddb5-4fa4-a97d-d965ccfc6d4b" outcome="Passed" testListId="8c84fa94-04c1-424b-9868-57a2d4851a1d" relativeResultsDirectory="2fc0c04f-c5a4-45fc-80f6-64467556f6bb" />
    <UnitTestResult executionId="de298098-a110-4134-b861-d703dcc99ae6" testId="453c772e-3476-db11-1625-b8f0377bbbd8" testName="Aula.Tests.Utilities.WeekLetterContentExtractorTests.ExtractContent_Dynamic_WithEmptyArray_ReturnsEmptyString" computerName="RHO-DESKTOP" duration="00:00:00.1964789" startTime="2025-06-30T18:59:47.3453626+02:00" endTime="2025-06-30T18:59:47.3453628+02:00" testType="13cdc9d9-ddb5-4fa4-a97d-d965ccfc6d4b" outcome="Passed" testListId="8c84fa94-04c1-424b-9868-57a2d4851a1d" relativeResultsDirectory="de298098-a110-4134-b861-d703dcc99ae6" />
    <UnitTestResult executionId="36b95336-efdd-4769-8c59-dde9f802cffa" testId="50f2b13e-3594-24ee-32df-b9192e38a8ff" testName="Aula.Tests.Services.OpenAiServiceIntegrationTests.AskQuestionAboutWeekLetterAsync_WithContextKey_WithNullWeekLetter_ThrowsArgumentNullException(chatInterface: Telegram)" computerName="RHO-DESKTOP" duration="00:00:00.0059921" startTime="2025-06-30T18:59:47.8293390+02:00" endTime="2025-06-30T18:59:47.8293392+02:00" testType="13cdc9d9-ddb5-4fa4-a97d-d965ccfc6d4b" outcome="Failed" testListId="8c84fa94-04c1-424b-9868-57a2d4851a1d" relativeResultsDirectory="36b95336-efdd-4769-8c59-dde9f802cffa">
      <Output>
        <ErrorInfo>
          <Message>System.ArgumentException : Can not instantiate proxy of class: Aula.Tools.AiToolsManager.
Could not find a parameterless constructor. (Parameter 'constructorArguments')
---- System.MissingMethodException : Constructor on type 'Castle.Proxies.AiToolsManagerProxy' not found.</Message>
          <StackTrace>   at Castle.DynamicProxy.ProxyGenerator.CreateClassProxyInstance(Type proxyType, List`1 proxyArguments, Type classToProxy, Object[] constructorArguments)
   at Castle.DynamicProxy.ProxyGenerator.CreateClassProxy(Type classToProxy, Type[] additionalInterfacesToProxy, ProxyGenerationOptions options, Object[] constructorArguments, IInterceptor[] interceptors)
   at Moq.CastleProxyFactory.CreateProxy(Type mockType, IInterceptor interceptor, Type[] interfaces, Object[] arguments) in /_/src/Moq/Interception/CastleProxyFactory.cs:line 62
   at Moq.Mock`1.InitializeInstance() in /_/src/Moq/Mock`1.cs:line 309
   at Moq.Mock`1.OnGetObject() in /_/src/Moq/Mock`1.cs:line 323
   at Moq.Mock.get_Object() in /_/src/Moq/Mock.cs:line 181
   at Moq.Mock`1.get_Object() in /_/src/Moq/Mock`1.cs:line 281
   at Aula.Tests.Services.OpenAiServiceIntegrationTests.AskQuestionAboutWeekLetterAsync_WithContextKey_WithNullWeekLetter_ThrowsArgumentNullException(ChatInterface chatInterface) in /mnt/d/git/aula/src/Aula.Tests/Services/OpenAiServiceIntegrationTests.cs:line 130
--- End of stack trace from previous location ---
----- Inner Stack Trace -----
   at System.RuntimeType.CreateInstanceImpl(BindingFlags bindingAttr, Binder binder, Object[] args, CultureInfo culture)
   at Castle.DynamicProxy.ProxyGenerator.CreateClassProxyInstance(Type proxyType, List`1 proxyArguments, Type classToProxy, Object[] constructorArguments)</StackTrace>
        </ErrorInfo>
      </Output>
    </UnitTestResult>
    <UnitTestResult executionId="4670309a-35f7-41b2-a127-91bed2604c06" testId="484a9c28-0cc9-95a2-990b-b9c28e6033e5" testName="Aula.Tests.Tools.ReminderCommandHandlerTests.Constructor_WithNullSupabaseService_ThrowsArgumentNullException" computerName="RHO-DESKTOP" duration="00:00:00.0003787" startTime="2025-06-30T18:59:48.0623285+02:00" endTime="2025-06-30T18:59:48.0623286+02:00" testType="13cdc9d9-ddb5-4fa4-a97d-d965ccfc6d4b" outcome="Passed" testListId="8c84fa94-04c1-424b-9868-57a2d4851a1d" relativeResultsDirectory="4670309a-35f7-41b2-a127-91bed2604c06" />
    <UnitTestResult executionId="ce9d06f4-58f7-4f94-8b89-f445c296ff81" testId="504418ac-a1f0-2470-99eb-7bd66657ed39" testName="Aula.Tests.Services.DataModelTests.Reminder_DefaultConstructor_InitializesCorrectly" computerName="RHO-DESKTOP" duration="00:00:00.0452211" startTime="2025-06-30T18:59:47.9508395+02:00" endTime="2025-06-30T18:59:47.9508396+02:00" testType="13cdc9d9-ddb5-4fa4-a97d-d965ccfc6d4b" outcome="Passed" testListId="8c84fa94-04c1-424b-9868-57a2d4851a1d" relativeResultsDirectory="ce9d06f4-58f7-4f94-8b89-f445c296ff81" />
    <UnitTestResult executionId="91ea24b6-9595-4b82-97fe-d2494d56d86b" testId="0b67917b-52fb-a452-3f0c-630f8ae99c50" testName="Aula.Tests.Bots.SlackMessageHandlerTests.HandleMessageAsync_LogsMessageProcessing" computerName="RHO-DESKTOP" duration="00:00:00.0010000" startTime="2025-06-30T18:59:47.7405216+02:00" endTime="2025-06-30T18:59:47.7405219+02:00" testType="13cdc9d9-ddb5-4fa4-a97d-d965ccfc6d4b" outcome="Failed" testListId="8c84fa94-04c1-424b-9868-57a2d4851a1d" relativeResultsDirectory="91ea24b6-9595-4b82-97fe-d2494d56d86b">
      <Output>
        <ErrorInfo>
          <Message>System.ArgumentException : Can not instantiate proxy of class: Aula.Tools.ReminderCommandHandler.
Could not find a parameterless constructor. (Parameter 'constructorArguments')
---- System.MissingMethodException : Constructor on type 'Castle.Proxies.ReminderCommandHandlerProxy' not found.</Message>
          <StackTrace>   at Castle.DynamicProxy.ProxyGenerator.CreateClassProxyInstance(Type proxyType, List`1 proxyArguments, Type classToProxy, Object[] constructorArguments)
   at Castle.DynamicProxy.ProxyGenerator.CreateClassProxy(Type classToProxy, Type[] additionalInterfacesToProxy, ProxyGenerationOptions options, Object[] constructorArguments, IInterceptor[] interceptors)
   at Moq.CastleProxyFactory.CreateProxy(Type mockType, IInterceptor interceptor, Type[] interfaces, Object[] arguments) in /_/src/Moq/Interception/CastleProxyFactory.cs:line 62
   at Moq.Mock`1.InitializeInstance() in /_/src/Moq/Mock`1.cs:line 309
   at Moq.Mock`1.OnGetObject() in /_/src/Moq/Mock`1.cs:line 323
   at Moq.Mock.get_Object() in /_/src/Moq/Mock.cs:line 181
   at Moq.Mock`1.get_Object() in /_/src/Moq/Mock`1.cs:line 281
   at Aula.Tests.Bots.SlackMessageHandlerTests..ctor() in /mnt/d/git/aula/src/Aula.Tests/Bots/SlackMessageHandlerTests.cs:line 57
   at System.RuntimeType.CreateInstanceDefaultCtor(Boolean publicOnly, Boolean wrapExceptions)
----- Inner Stack Trace -----
   at System.RuntimeType.CreateInstanceImpl(BindingFlags bindingAttr, Binder binder, Object[] args, CultureInfo culture)
   at Castle.DynamicProxy.ProxyGenerator.CreateClassProxyInstance(Type proxyType, List`1 proxyArguments, Type classToProxy, Object[] constructorArguments)</StackTrace>
        </ErrorInfo>
      </Output>
    </UnitTestResult>
    <UnitTestResult executionId="f4f8a90d-b9eb-4826-b273-7ee47fe7efb1" testId="c5fc9185-4f89-2e18-7714-cfbda441e6cb" testName="Aula.Tests.Services.OpenAiServiceIntegrationTests.ExtractKeyInformationAsync_WithNullWeekLetter_ThrowsArgumentNullException(chatInterface: Slack)" computerName="RHO-DESKTOP" duration="00:00:00.0034551" startTime="2025-06-30T18:59:47.7681078+02:00" endTime="2025-06-30T18:59:47.7681079+02:00" testType="13cdc9d9-ddb5-4fa4-a97d-d965ccfc6d4b" outcome="Failed" testListId="8c84fa94-04c1-424b-9868-57a2d4851a1d" relativeResultsDirectory="f4f8a90d-b9eb-4826-b273-7ee47fe7efb1">
      <Output>
        <ErrorInfo>
          <Message>System.ArgumentException : Can not instantiate proxy of class: Aula.Tools.AiToolsManager.
Could not find a parameterless constructor. (Parameter 'constructorArguments')
---- System.MissingMethodException : Constructor on type 'Castle.Proxies.AiToolsManagerProxy' not found.</Message>
          <StackTrace>   at Castle.DynamicProxy.ProxyGenerator.CreateClassProxyInstance(Type proxyType, List`1 proxyArguments, Type classToProxy, Object[] constructorArguments)
   at Castle.DynamicProxy.ProxyGenerator.CreateClassProxy(Type classToProxy, Type[] additionalInterfacesToProxy, ProxyGenerationOptions options, Object[] constructorArguments, IInterceptor[] interceptors)
   at Moq.CastleProxyFactory.CreateProxy(Type mockType, IInterceptor interceptor, Type[] interfaces, Object[] arguments) in /_/src/Moq/Interception/CastleProxyFactory.cs:line 62
   at Moq.Mock`1.InitializeInstance() in /_/src/Moq/Mock`1.cs:line 309
   at Moq.Mock`1.OnGetObject() in /_/src/Moq/Mock`1.cs:line 323
   at Moq.Mock.get_Object() in /_/src/Moq/Mock.cs:line 181
   at Moq.Mock`1.get_Object() in /_/src/Moq/Mock`1.cs:line 281
   at Aula.Tests.Services.OpenAiServiceIntegrationTests.ExtractKeyInformationAsync_WithNullWeekLetter_ThrowsArgumentNullException(ChatInterface chatInterface) in /mnt/d/git/aula/src/Aula.Tests/Services/OpenAiServiceIntegrationTests.cs:line 141
--- End of stack trace from previous location ---
----- Inner Stack Trace -----
   at System.RuntimeType.CreateInstanceImpl(BindingFlags bindingAttr, Binder binder, Object[] args, CultureInfo culture)
   at Castle.DynamicProxy.ProxyGenerator.CreateClassProxyInstance(Type proxyType, List`1 proxyArguments, Type classToProxy, Object[] constructorArguments)</StackTrace>
        </ErrorInfo>
      </Output>
    </UnitTestResult>
    <UnitTestResult executionId="a5fa881a-6154-4fba-b468-b076471b82da" testId="daa8f257-6d65-5334-bc6e-50b3c593ee4f" testName="Aula.Tests.Bots.SlackMessageHandlerTests.HandleMessageAsync_WithEmptyChannel_ReturnsFalse" computerName="RHO-DESKTOP" duration="00:00:00.0010000" startTime="2025-06-30T18:59:47.7244460+02:00" endTime="2025-06-30T18:59:47.7244461+02:00" testType="13cdc9d9-ddb5-4fa4-a97d-d965ccfc6d4b" outcome="Failed" testListId="8c84fa94-04c1-424b-9868-57a2d4851a1d" relativeResultsDirectory="a5fa881a-6154-4fba-b468-b076471b82da">
      <Output>
        <ErrorInfo>
          <Message>System.ArgumentException : Can not instantiate proxy of class: Aula.Tools.ReminderCommandHandler.
Could not find a parameterless constructor. (Parameter 'constructorArguments')
---- System.MissingMethodException : Constructor on type 'Castle.Proxies.ReminderCommandHandlerProxy' not found.</Message>
          <StackTrace>   at Castle.DynamicProxy.ProxyGenerator.CreateClassProxyInstance(Type proxyType, List`1 proxyArguments, Type classToProxy, Object[] constructorArguments)
   at Castle.DynamicProxy.ProxyGenerator.CreateClassProxy(Type classToProxy, Type[] additionalInterfacesToProxy, ProxyGenerationOptions options, Object[] constructorArguments, IInterceptor[] interceptors)
   at Moq.CastleProxyFactory.CreateProxy(Type mockType, IInterceptor interceptor, Type[] interfaces, Object[] arguments) in /_/src/Moq/Interception/CastleProxyFactory.cs:line 62
   at Moq.Mock`1.InitializeInstance() in /_/src/Moq/Mock`1.cs:line 309
   at Moq.Mock`1.OnGetObject() in /_/src/Moq/Mock`1.cs:line 323
   at Moq.Mock.get_Object() in /_/src/Moq/Mock.cs:line 181
   at Moq.Mock`1.get_Object() in /_/src/Moq/Mock`1.cs:line 281
   at Aula.Tests.Bots.SlackMessageHandlerTests..ctor() in /mnt/d/git/aula/src/Aula.Tests/Bots/SlackMessageHandlerTests.cs:line 57
   at System.RuntimeType.CreateInstanceDefaultCtor(Boolean publicOnly, Boolean wrapExceptions)
----- Inner Stack Trace -----
   at System.RuntimeType.CreateInstanceImpl(BindingFlags bindingAttr, Binder binder, Object[] args, CultureInfo culture)
   at Castle.DynamicProxy.ProxyGenerator.CreateClassProxyInstance(Type proxyType, List`1 proxyArguments, Type classToProxy, Object[] constructorArguments)</StackTrace>
        </ErrorInfo>
      </Output>
    </UnitTestResult>
    <UnitTestResult executionId="e9592131-747a-4bcc-9a0a-d67155355e34" testId="c139c7f2-e7cf-69b5-0edf-596c5852d9fe" testName="Aula.Tests.Utilities.DateTimeUtilitiesTests.GetDanishDayName_ValidDayOfWeek_ReturnsLowercaseName(dayOfWeek: Friday, expectedName: &quot;fredag&quot;)" computerName="RHO-DESKTOP" duration="00:00:00.0001209" startTime="2025-06-30T18:59:48.1739226+02:00" endTime="2025-06-30T18:59:48.1739227+02:00" testType="13cdc9d9-ddb5-4fa4-a97d-d965ccfc6d4b" outcome="Passed" testListId="8c84fa94-04c1-424b-9868-57a2d4851a1d" relativeResultsDirectory="e9592131-747a-4bcc-9a0a-d67155355e34" />
    <UnitTestResult executionId="c3380dc6-7bad-4936-876d-46e072ed512a" testId="37f582a3-c279-4823-271e-d030bf33bbb7" testName="Aula.Tests.Bots.TelegramMessageHandlerTests.HandleMessageAsync_WithHelpCommand_ProcessesHelpMessage(helpCommand: &quot;HJÆLP&quot;)" computerName="RHO-DESKTOP" duration="00:00:00.0010000" startTime="2025-06-30T18:59:47.4175631+02:00" endTime="2025-06-30T18:59:47.4175634+02:00" testType="13cdc9d9-ddb5-4fa4-a97d-d965ccfc6d4b" outcome="Failed" testListId="8c84fa94-04c1-424b-9868-57a2d4851a1d" relativeResultsDirectory="c3380dc6-7bad-4936-876d-46e072ed512a">
      <Output>
        <ErrorInfo>
          <Message>System.ArgumentException : Can not instantiate proxy of class: Aula.Utilities.ConversationContextManager`1[[System.Int64, System.Private.CoreLib, Version=9.0.0.0, Culture=neutral, PublicKeyToken=7cec85d7bea7798e]].
Could not find a parameterless constructor. (Parameter 'constructorArguments')
---- System.MissingMethodException : Constructor on type 'Castle.Proxies.ConversationContextManager`1Proxy' not found.</Message>
          <StackTrace>   at Castle.DynamicProxy.ProxyGenerator.CreateClassProxyInstance(Type proxyType, List`1 proxyArguments, Type classToProxy, Object[] constructorArguments)
   at Castle.DynamicProxy.ProxyGenerator.CreateClassProxy(Type classToProxy, Type[] additionalInterfacesToProxy, ProxyGenerationOptions options, Object[] constructorArguments, IInterceptor[] interceptors)
   at Moq.CastleProxyFactory.CreateProxy(Type mockType, IInterceptor interceptor, Type[] interfaces, Object[] arguments) in /_/src/Moq/Interception/CastleProxyFactory.cs:line 62
   at Moq.Mock`1.InitializeInstance() in /_/src/Moq/Mock`1.cs:line 309
   at Moq.Mock`1.OnGetObject() in /_/src/Moq/Mock`1.cs:line 323
   at Moq.Mock.get_Object() in /_/src/Moq/Mock.cs:line 181
   at Moq.Mock`1.get_Object() in /_/src/Moq/Mock`1.cs:line 281
   at Aula.Tests.Bots.TelegramMessageHandlerTests..ctor() in /mnt/d/git/aula/src/Aula.Tests/Bots/TelegramMessageHandlerTests.cs:line 63
   at System.RuntimeType.CreateInstanceDefaultCtor(Boolean publicOnly, Boolean wrapExceptions)
----- Inner Stack Trace -----
   at System.RuntimeType.CreateInstanceImpl(BindingFlags bindingAttr, Binder binder, Object[] args, CultureInfo culture)
   at Castle.DynamicProxy.ProxyGenerator.CreateClassProxyInstance(Type proxyType, List`1 proxyArguments, Type classToProxy, Object[] constructorArguments)</StackTrace>
        </ErrorInfo>
      </Output>
    </UnitTestResult>
    <UnitTestResult executionId="4bbb135b-ac2f-40ed-b4b1-35560f058ced" testId="ef7abf20-a090-f30e-1f29-97964e295c62" testName="Aula.Tests.Utilities.ReminderExtractionPromptsTests.GetExtractionPrompt_ContainsDanishRelativeTimeExamples" computerName="RHO-DESKTOP" duration="00:00:00.0003709" startTime="2025-06-30T18:59:47.8112328+02:00" endTime="2025-06-30T18:59:47.8112329+02:00" testType="13cdc9d9-ddb5-4fa4-a97d-d965ccfc6d4b" outcome="Passed" testListId="8c84fa94-04c1-424b-9868-57a2d4851a1d" relativeResultsDirectory="4bbb135b-ac2f-40ed-b4b1-35560f058ced" />
    <UnitTestResult executionId="b0f356e0-d93d-43fc-ad14-92781a04c931" testId="470ea3d0-f459-b6ad-4f9f-44954dd4a0b8" testName="Aula.Tests.Channels.SlackBotTests.PostMessage_WithVariousMessages_DoesNotThrow(message: &quot;Simple message&quot;)" computerName="RHO-DESKTOP" duration="00:00:00.0002442" startTime="2025-06-30T18:59:48.2098954+02:00" endTime="2025-06-30T18:59:48.2098955+02:00" testType="13cdc9d9-ddb5-4fa4-a97d-d965ccfc6d4b" outcome="Passed" testListId="8c84fa94-04c1-424b-9868-57a2d4851a1d" relativeResultsDirectory="b0f356e0-d93d-43fc-ad14-92781a04c931" />
    <UnitTestResult executionId="2863c574-8429-457f-a607-52edb961f129" testId="7603ab70-2625-ab42-8d9e-7a15863cfd1c" testName="Aula.Tests.Utilities.DateTimeUtilitiesTests.GetDanishDayName_ValidDayOfWeek_ReturnsCorrectDanishName(dayOfWeek: Sunday, expectedDanishName: &quot;søndag&quot;)" computerName="RHO-DESKTOP" duration="00:00:00.0000049" startTime="2025-06-30T18:59:48.1666595+02:00" endTime="2025-06-30T18:59:48.1666596+02:00" testType="13cdc9d9-ddb5-4fa4-a97d-d965ccfc6d4b" outcome="Passed" testListId="8c84fa94-04c1-424b-9868-57a2d4851a1d" relativeResultsDirectory="2863c574-8429-457f-a607-52edb961f129" />
    <UnitTestResult executionId="f1b4f5ba-57b2-485a-a373-d76bfa5886e5" testId="39cbc733-29e9-c5b4-bf01-9d0a5e8faef4" testName="Aula.Tests.Channels.SlackBotTests.SendTestMessage_WithVariousMessages_DoesNotThrow(message: &quot;Message with *bold* and _italic_&quot;)" computerName="RHO-DESKTOP" duration="00:00:00.0001377" startTime="2025-06-30T18:59:48.2248232+02:00" endTime="2025-06-30T18:59:48.2248233+02:00" testType="13cdc9d9-ddb5-4fa4-a97d-d965ccfc6d4b" outcome="Passed" testListId="8c84fa94-04c1-424b-9868-57a2d4851a1d" relativeResultsDirectory="f1b4f5ba-57b2-485a-a373-d76bfa5886e5" />
    <UnitTestResult executionId="8d7c7afb-710c-476e-84e3-d963e62ba161" testId="e225aa72-58fb-b1f4-f2d2-82e178039deb" testName="Aula.Tests.Utilities.ConversationContextTests.ToString_AgeCalculation_IsAccurate" computerName="RHO-DESKTOP" duration="00:00:00.0002748" startTime="2025-06-30T18:59:47.2403647+02:00" endTime="2025-06-30T18:59:47.2403648+02:00" testType="13cdc9d9-ddb5-4fa4-a97d-d965ccfc6d4b" outcome="Passed" testListId="8c84fa94-04c1-424b-9868-57a2d4851a1d" relativeResultsDirectory="8d7c7afb-710c-476e-84e3-d963e62ba161" />
    <UnitTestResult executionId="34764e17-d1b2-4232-b2ff-06f92e9d8985" testId="df512aea-e2d8-dde7-2eb7-20bcbade34bc" testName="Aula.Tests.Services.OpenAiServiceIntegrationTests.SummarizeWeekLetterAsync_WithValidWeekLetter_CallsApiWithCorrectParameters" computerName="RHO-DESKTOP" duration="00:00:00.0028854" startTime="2025-06-30T18:59:47.8712704+02:00" endTime="2025-06-30T18:59:47.8712706+02:00" testType="13cdc9d9-ddb5-4fa4-a97d-d965ccfc6d4b" outcome="Failed" testListId="8c84fa94-04c1-424b-9868-57a2d4851a1d" relativeResultsDirectory="34764e17-d1b2-4232-b2ff-06f92e9d8985">
      <Output>
        <ErrorInfo>
          <Message>System.ArgumentException : Can not instantiate proxy of class: Aula.Tools.AiToolsManager.
Could not find a parameterless constructor. (Parameter 'constructorArguments')
---- System.MissingMethodException : Constructor on type 'Castle.Proxies.AiToolsManagerProxy' not found.</Message>
          <StackTrace>   at Castle.DynamicProxy.ProxyGenerator.CreateClassProxyInstance(Type proxyType, List`1 proxyArguments, Type classToProxy, Object[] constructorArguments)
   at Castle.DynamicProxy.ProxyGenerator.CreateClassProxy(Type classToProxy, Type[] additionalInterfacesToProxy, ProxyGenerationOptions options, Object[] constructorArguments, IInterceptor[] interceptors)
   at Moq.CastleProxyFactory.CreateProxy(Type mockType, IInterceptor interceptor, Type[] interfaces, Object[] arguments) in /_/src/Moq/Interception/CastleProxyFactory.cs:line 62
   at Moq.Mock`1.InitializeInstance() in /_/src/Moq/Mock`1.cs:line 309
   at Moq.Mock`1.OnGetObject() in /_/src/Moq/Mock`1.cs:line 323
   at Moq.Mock.get_Object() in /_/src/Moq/Mock.cs:line 181
   at Moq.Mock`1.get_Object() in /_/src/Moq/Mock`1.cs:line 281
   at Aula.Tests.Services.OpenAiServiceIntegrationTests.SummarizeWeekLetterAsync_WithValidWeekLetter_CallsApiWithCorrectParameters() in /mnt/d/git/aula/src/Aula.Tests/Services/OpenAiServiceIntegrationTests.cs:line 185
--- End of stack trace from previous location ---
----- Inner Stack Trace -----
   at System.RuntimeType.CreateInstanceImpl(BindingFlags bindingAttr, Binder binder, Object[] args, CultureInfo culture)
   at Castle.DynamicProxy.ProxyGenerator.CreateClassProxyInstance(Type proxyType, List`1 proxyArguments, Type classToProxy, Object[] constructorArguments)</StackTrace>
        </ErrorInfo>
      </Output>
    </UnitTestResult>
    <UnitTestResult executionId="03b6c439-4a6b-4fc0-a92c-6458cd9d02a0" testId="8f7835b5-50dd-c6de-2199-d163d47a3c4e" testName="Aula.Tests.Scheduling.SchedulingServiceIntegrationTests.Service_WithDifferentBotConfigurations_WorksCorrectly(slackEnabled: True, telegramEnabled: True)" computerName="RHO-DESKTOP" duration="00:00:00.0009995" startTime="2025-06-30T18:59:47.9320805+02:00" endTime="2025-06-30T18:59:47.9320807+02:00" testType="13cdc9d9-ddb5-4fa4-a97d-d965ccfc6d4b" outcome="Passed" testListId="8c84fa94-04c1-424b-9868-57a2d4851a1d" relativeResultsDirectory="03b6c439-4a6b-4fc0-a92c-6458cd9d02a0" />
    <UnitTestResult executionId="4f3d1840-6120-4ae2-98f7-14440d146ae5" testId="1f0fe7c3-6c96-e4f5-5773-3174c2ad66d2" testName="Aula.Tests.Utilities.JsonFormatterTests.Prettify_WithIncompleteJson_ThrowsException(incompleteJson: &quot;[&quot;)" computerName="RHO-DESKTOP" duration="00:00:00.0013374" startTime="2025-06-30T18:59:47.2623838+02:00" endTime="2025-06-30T18:59:47.2623840+02:00" testType="13cdc9d9-ddb5-4fa4-a97d-d965ccfc6d4b" outcome="Passed" testListId="8c84fa94-04c1-424b-9868-57a2d4851a1d" relativeResultsDirectory="4f3d1840-6120-4ae2-98f7-14440d146ae5" />
    <UnitTestResult executionId="f1c6ef82-78a1-43c1-9e80-ddc25ac94533" testId="4b6e6498-4329-5b43-2b56-2bc5486e69cc" testName="Aula.Tests.Utilities.IntentAnalysisPromptsTests.ToolExamples_CoverExpectedUseCase(expectedKey: &quot;LIST_REMINDERS&quot;, queryPattern: &quot;reminders&quot;)" computerName="RHO-DESKTOP" duration="00:00:00.0000261" startTime="2025-06-30T18:59:48.1827583+02:00" endTime="2025-06-30T18:59:48.1827584+02:00" testType="13cdc9d9-ddb5-4fa4-a97d-d965ccfc6d4b" outcome="Passed" testListId="8c84fa94-04c1-424b-9868-57a2d4851a1d" relativeResultsDirectory="f1c6ef82-78a1-43c1-9e80-ddc25ac94533" />
    <UnitTestResult executionId="631280b2-d348-4077-bccf-73e406043ba0" testId="300a05eb-8716-d1e6-2195-bbd82e0c4f9b" testName="Aula.Tests.Services.OpenAiServiceTests.OpenAiService_Constructor_WithNullApiKey_ThrowsException" computerName="RHO-DESKTOP" duration="00:00:00.2666912" startTime="2025-06-30T18:59:47.5671301+02:00" endTime="2025-06-30T18:59:47.5671303+02:00" testType="13cdc9d9-ddb5-4fa4-a97d-d965ccfc6d4b" outcome="Passed" testListId="8c84fa94-04c1-424b-9868-57a2d4851a1d" relativeResultsDirectory="631280b2-d348-4077-bccf-73e406043ba0" />
    <UnitTestResult executionId="1b1f340b-30f5-4cb1-8a0a-9eb6e5f5e1f4" testId="88e9ac16-5b29-b780-b558-9573ebf5b489" testName="Aula.Tests.Utilities.IntentAnalysisPromptsTests.ToolExamples_CoverExpectedUseCase(expectedKey: &quot;GET_CURRENT_TIME&quot;, queryPattern: &quot;time&quot;)" computerName="RHO-DESKTOP" duration="00:00:00.0000257" startTime="2025-06-30T18:59:48.1832960+02:00" endTime="2025-06-30T18:59:48.1832961+02:00" testType="13cdc9d9-ddb5-4fa4-a97d-d965ccfc6d4b" outcome="Passed" testListId="8c84fa94-04c1-424b-9868-57a2d4851a1d" relativeResultsDirectory="1b1f340b-30f5-4cb1-8a0a-9eb6e5f5e1f4" />
    <UnitTestResult executionId="2a36a3bb-e998-4e45-b4e3-9f5d3b2d2628" testId="20d1a661-1ac8-24a1-ac68-136a1cca5ab9" testName="Aula.Tests.Services.DataModelTests.Reminder_CreatedBy_HandlesValues(createdBy: &quot;bot&quot;, shouldAccept: True)" computerName="RHO-DESKTOP" duration="00:00:00.0113480" startTime="2025-06-30T18:59:48.0025479+02:00" endTime="2025-06-30T18:59:48.0025480+02:00" testType="13cdc9d9-ddb5-4fa4-a97d-d965ccfc6d4b" outcome="Passed" testListId="8c84fa94-04c1-424b-9868-57a2d4851a1d" relativeResultsDirectory="2a36a3bb-e998-4e45-b4e3-9f5d3b2d2628" />
    <UnitTestResult executionId="a6fb0f92-e965-4dc4-9edd-42927b72b381" testId="e82068c0-6e0f-9139-e11b-135d1d5c14f8" testName="Aula.Tests.Utilities.IntentAnalysisPromptsTests.GetFormattedPrompt_WithSpecialCharacters_HandlesCorrectly" computerName="RHO-DESKTOP" duration="00:00:00.0004441" startTime="2025-06-30T18:59:48.2033680+02:00" endTime="2025-06-30T18:59:48.2033682+02:00" testType="13cdc9d9-ddb5-4fa4-a97d-d965ccfc6d4b" outcome="Passed" testListId="8c84fa94-04c1-424b-9868-57a2d4851a1d" relativeResultsDirectory="a6fb0f92-e965-4dc4-9edd-42927b72b381" />
    <UnitTestResult executionId="a86ce3f2-205d-43aa-a4f4-d51d360ad2ba" testId="01fdf65f-cd83-63dd-690e-00884c9ba25d" testName="Aula.Tests.Utilities.FollowUpQuestionDetectorTests.IsFollowUpQuestion_WithChildNameAndShortMessage_ReturnsTrue(input: &quot;Liam&quot;)" computerName="RHO-DESKTOP" duration="00:00:00.0003158" startTime="2025-06-30T18:59:47.9759981+02:00" endTime="2025-06-30T18:59:47.9759982+02:00" testType="13cdc9d9-ddb5-4fa4-a97d-d965ccfc6d4b" outcome="Passed" testListId="8c84fa94-04c1-424b-9868-57a2d4851a1d" relativeResultsDirectory="a86ce3f2-205d-43aa-a4f4-d51d360ad2ba" />
    <UnitTestResult executionId="a41fc51f-06ce-4799-9aa6-6963c9692fa6" testId="f3b6f74b-87b3-fd71-9913-805f7e4c5e0e" testName="Aula.Tests.Channels.SlackBotTests.PostMessage_WithVariousMessages_DoesNotThrow(message: &quot;Message with special chars: @#$%&quot;)" computerName="RHO-DESKTOP" duration="00:00:00.0006860" startTime="2025-06-30T18:59:48.2085035+02:00" endTime="2025-06-30T18:59:48.2085037+02:00" testType="13cdc9d9-ddb5-4fa4-a97d-d965ccfc6d4b" outcome="Passed" testListId="8c84fa94-04c1-424b-9868-57a2d4851a1d" relativeResultsDirectory="a41fc51f-06ce-4799-9aa6-6963c9692fa6" />
    <UnitTestResult executionId="9de1f2db-2e2a-46a9-a5b4-12ad0db750c9" testId="a4d29aee-2a2f-7b9e-08b4-102ef4fe6813" testName="Aula.Tests.Bots.TelegramMessageHandlerTests.Constructor_WithNullConfig_ThrowsArgumentNullException" computerName="RHO-DESKTOP" duration="00:00:00.0010000" startTime="2025-06-30T18:59:47.7224165+02:00" endTime="2025-06-30T18:59:47.7224166+02:00" testType="13cdc9d9-ddb5-4fa4-a97d-d965ccfc6d4b" outcome="Failed" testListId="8c84fa94-04c1-424b-9868-57a2d4851a1d" relativeResultsDirectory="9de1f2db-2e2a-46a9-a5b4-12ad0db750c9">
      <Output>
        <ErrorInfo>
          <Message>System.ArgumentException : Can not instantiate proxy of class: Aula.Utilities.ConversationContextManager`1[[System.Int64, System.Private.CoreLib, Version=9.0.0.0, Culture=neutral, PublicKeyToken=7cec85d7bea7798e]].
Could not find a parameterless constructor. (Parameter 'constructorArguments')
---- System.MissingMethodException : Constructor on type 'Castle.Proxies.ConversationContextManager`1Proxy' not found.</Message>
          <StackTrace>   at Castle.DynamicProxy.ProxyGenerator.CreateClassProxyInstance(Type proxyType, List`1 proxyArguments, Type classToProxy, Object[] constructorArguments)
   at Castle.DynamicProxy.ProxyGenerator.CreateClassProxy(Type classToProxy, Type[] additionalInterfacesToProxy, ProxyGenerationOptions options, Object[] constructorArguments, IInterceptor[] interceptors)
   at Moq.CastleProxyFactory.CreateProxy(Type mockType, IInterceptor interceptor, Type[] interfaces, Object[] arguments) in /_/src/Moq/Interception/CastleProxyFactory.cs:line 62
   at Moq.Mock`1.InitializeInstance() in /_/src/Moq/Mock`1.cs:line 309
   at Moq.Mock`1.OnGetObject() in /_/src/Moq/Mock`1.cs:line 323
   at Moq.Mock.get_Object() in /_/src/Moq/Mock.cs:line 181
   at Moq.Mock`1.get_Object() in /_/src/Moq/Mock`1.cs:line 281
   at Aula.Tests.Bots.TelegramMessageHandlerTests..ctor() in /mnt/d/git/aula/src/Aula.Tests/Bots/TelegramMessageHandlerTests.cs:line 63
   at System.RuntimeType.CreateInstanceDefaultCtor(Boolean publicOnly, Boolean wrapExceptions)
----- Inner Stack Trace -----
   at System.RuntimeType.CreateInstanceImpl(BindingFlags bindingAttr, Binder binder, Object[] args, CultureInfo culture)
   at Castle.DynamicProxy.ProxyGenerator.CreateClassProxyInstance(Type proxyType, List`1 proxyArguments, Type classToProxy, Object[] constructorArguments)</StackTrace>
        </ErrorInfo>
      </Output>
    </UnitTestResult>
    <UnitTestResult executionId="58d5ea9a-431e-4124-b620-d0acb8aaf9a7" testId="d0d86c84-495f-8b36-1e1b-b8ecd9346ea3" testName="Aula.Tests.Utilities.DateTimeUtilitiesTests.GetDanishDayName_ValidDayOfWeek_ReturnsCorrectDanishName(dayOfWeek: Monday, expectedDanishName: &quot;mandag&quot;)" computerName="RHO-DESKTOP" duration="00:00:00.0028088" startTime="2025-06-30T18:59:48.1583714+02:00" endTime="2025-06-30T18:59:48.1583715+02:00" testType="13cdc9d9-ddb5-4fa4-a97d-d965ccfc6d4b" outcome="Passed" testListId="8c84fa94-04c1-424b-9868-57a2d4851a1d" relativeResultsDirectory="58d5ea9a-431e-4124-b620-d0acb8aaf9a7" />
    <UnitTestResult executionId="8cee4ed3-f45f-4520-a5f7-e878b63d7427" testId="8ed7f52f-1c34-83a4-64c7-0e5853b67b53" testName="Aula.Tests.Tools.ReminderCommandHandlerTests.TryHandleReminderCommand_AddReminder_ValidFormats_ReturnsSuccess(command: &quot;remind me today at 15:30 that Emma has piano lesso&quot;···, isEnglish: True, expectedChildName: &quot;Emma Marie&quot;)" computerName="RHO-DESKTOP" duration="00:00:00.0107019" startTime="2025-06-30T18:59:47.8489282+02:00" endTime="2025-06-30T18:59:47.8489283+02:00" testType="13cdc9d9-ddb5-4fa4-a97d-d965ccfc6d4b" outcome="Passed" testListId="8c84fa94-04c1-424b-9868-57a2d4851a1d" relativeResultsDirectory="8cee4ed3-f45f-4520-a5f7-e878b63d7427" />
    <UnitTestResult executionId="f2d38c3f-7c63-4986-8040-e00817f8f930" testId="76863e49-5dff-990d-7038-a9b0865a8589" testName="Aula.Tests.Utilities.WeekLetterContentExtractorTests.ExtractContent_Dynamic_WithNullUgebreve_ReturnsEmptyString" computerName="RHO-DESKTOP" duration="00:00:00.0005220" startTime="2025-06-30T18:59:47.7485776+02:00" endTime="2025-06-30T18:59:47.7485778+02:00" testType="13cdc9d9-ddb5-4fa4-a97d-d965ccfc6d4b" outcome="Passed" testListId="8c84fa94-04c1-424b-9868-57a2d4851a1d" relativeResultsDirectory="f2d38c3f-7c63-4986-8040-e00817f8f930" />
    <UnitTestResult executionId="8bce8348-6313-4b36-8e7b-b80c11a37774" testId="332896aa-a36b-b7b0-c333-01128c6d7ce1" testName="Aula.Tests.Scheduling.SchedulingServiceIntegrationTests.Service_WithDifferentBotConfigurations_WorksCorrectly(slackEnabled: False, telegramEnabled: False)" computerName="RHO-DESKTOP" duration="00:00:00.0003505" startTime="2025-06-30T18:59:47.9352048+02:00" endTime="2025-06-30T18:59:47.9352050+02:00" testType="13cdc9d9-ddb5-4fa4-a97d-d965ccfc6d4b" outcome="Passed" testListId="8c84fa94-04c1-424b-9868-57a2d4851a1d" relativeResultsDirectory="8bce8348-6313-4b36-8e7b-b80c11a37774" />
    <UnitTestResult executionId="fce0d47e-8211-4a0e-89b6-74418e01c536" testId="f4459af7-a3ce-b8ae-aafa-5bfa8a20da8c" testName="Aula.Tests.Utilities.ReminderExtractionPromptsTests.GetExtractionPrompt_ContainsDateTimeFormatInstructions" computerName="RHO-DESKTOP" duration="00:00:00.0001934" startTime="2025-06-30T18:59:47.8061177+02:00" endTime="2025-06-30T18:59:47.8061178+02:00" testType="13cdc9d9-ddb5-4fa4-a97d-d965ccfc6d4b" outcome="Passed" testListId="8c84fa94-04c1-424b-9868-57a2d4851a1d" relativeResultsDirectory="fce0d47e-8211-4a0e-89b6-74418e01c536" />
    <UnitTestResult executionId="887ec728-489a-4a7c-9674-dfebd1e60cf2" testId="c4c73275-60fb-43b0-eee6-93a19927e8fc" testName="Aula.Tests.Utilities.Html2SlackMarkdownConverterTests.Convert_WithSpecialCharacters_HandlesCorrectly" computerName="RHO-DESKTOP" duration="00:00:00.0015455" startTime="2025-06-30T18:59:48.2462825+02:00" endTime="2025-06-30T18:59:48.2462827+02:00" testType="13cdc9d9-ddb5-4fa4-a97d-d965ccfc6d4b" outcome="Passed" testListId="8c84fa94-04c1-424b-9868-57a2d4851a1d" relativeResultsDirectory="887ec728-489a-4a7c-9674-dfebd1e60cf2" />
    <UnitTestResult executionId="57f530c1-3209-45cd-a6cf-e2ff02eebf65" testId="ab63d831-8e5f-0400-01ad-bd4bb81aa871" testName="Aula.Tests.Channels.TelegramClientTests.PostWeekLetter_WithEmptyWeekLetter_HandlesGracefully" computerName="RHO-DESKTOP" duration="00:00:00.0006418" startTime="2025-06-30T18:59:48.1535880+02:00" endTime="2025-06-30T18:59:48.1535881+02:00" testType="13cdc9d9-ddb5-4fa4-a97d-d965ccfc6d4b" outcome="Passed" testListId="8c84fa94-04c1-424b-9868-57a2d4851a1d" relativeResultsDirectory="57f530c1-3209-45cd-a6cf-e2ff02eebf65" />
    <UnitTestResult executionId="6a98f0c4-0285-4a2b-b4d0-92d8aa1cd438" testId="a6c6eedb-804b-f291-bd53-e5fa9809816a" testName="Aula.Tests.Services.DataServiceTests.CacheWeekLetter_StoresDataInCache" computerName="RHO-DESKTOP" duration="00:00:00.0330180" startTime="2025-06-30T18:59:47.4280245+02:00" endTime="2025-06-30T18:59:47.4280245+02:00" testType="13cdc9d9-ddb5-4fa4-a97d-d965ccfc6d4b" outcome="Passed" testListId="8c84fa94-04c1-424b-9868-57a2d4851a1d" relativeResultsDirectory="6a98f0c4-0285-4a2b-b4d0-92d8aa1cd438" />
    <UnitTestResult executionId="70de63ea-c3e4-4a03-b580-1d9eee1652e1" testId="021d3da1-2551-6934-6452-4bc168c068b9" testName="Aula.Tests.Services.DataModelTests.PostedLetter_WeekNumberValidation_ReturnsExpectedResult(weekNumber: 0, year: 2023, isValid: False)" computerName="RHO-DESKTOP" duration="00:00:00.0000164" startTime="2025-06-30T18:59:48.0503912+02:00" endTime="2025-06-30T18:59:48.0503913+02:00" testType="13cdc9d9-ddb5-4fa4-a97d-d965ccfc6d4b" outcome="Passed" testListId="8c84fa94-04c1-424b-9868-57a2d4851a1d" relativeResultsDirectory="70de63ea-c3e4-4a03-b580-1d9eee1652e1" />
    <UnitTestResult executionId="cff41a97-9174-4a2f-b472-a842266a7dc1" testId="711b4283-4c9e-be16-2b83-d9f77794298d" testName="Aula.Tests.Utilities.JsonFormatterTests.Prettify_WithNullInput_ThrowsArgumentNullException" computerName="RHO-DESKTOP" duration="00:00:00.0010769" startTime="2025-06-30T18:59:47.2653182+02:00" endTime="2025-06-30T18:59:47.2653183+02:00" testType="13cdc9d9-ddb5-4fa4-a97d-d965ccfc6d4b" outcome="Passed" testListId="8c84fa94-04c1-424b-9868-57a2d4851a1d" relativeResultsDirectory="cff41a97-9174-4a2f-b472-a842266a7dc1" />
    <UnitTestResult executionId="7fb302e3-30fd-4c39-b904-7b21c7fa47b6" testId="d874f261-c1fd-d9d6-082a-e87a1ddb40d9" testName="Aula.Tests.Utilities.ConversationContextTests.IsStillValid_WithExactlyTenMinutesOld_ReturnsFalse" computerName="RHO-DESKTOP" duration="00:00:00.0006452" startTime="2025-06-30T18:59:47.2410212+02:00" endTime="2025-06-30T18:59:47.2410213+02:00" testType="13cdc9d9-ddb5-4fa4-a97d-d965ccfc6d4b" outcome="Passed" testListId="8c84fa94-04c1-424b-9868-57a2d4851a1d" relativeResultsDirectory="7fb302e3-30fd-4c39-b904-7b21c7fa47b6" />
    <UnitTestResult executionId="58ef91bb-3cf5-4c94-b697-dc1312309b33" testId="9fb6d1c8-d9db-0b5a-c536-bcb6a92aad22" testName="Aula.Tests.Utilities.IntentAnalysisPromptsTests.ToolExamples_AllEntriesFollowExpectedFormat" computerName="RHO-DESKTOP" duration="00:00:00.0003217" startTime="2025-06-30T18:59:48.2145572+02:00" endTime="2025-06-30T18:59:48.2145574+02:00" testType="13cdc9d9-ddb5-4fa4-a97d-d965ccfc6d4b" outcome="Passed" testListId="8c84fa94-04c1-424b-9868-57a2d4851a1d" relativeResultsDirectory="58ef91bb-3cf5-4c94-b697-dc1312309b33" />
    <UnitTestResult executionId="ed7eb611-dde5-4f20-8465-c1d13085a939" testId="e2cf5630-e05d-ce3d-d438-0bd261dc3937" testName="Aula.Tests.Channels.SlackBotTests.SendTestMessage_WithMessage_DoesNotThrow" computerName="RHO-DESKTOP" duration="00:00:00.0003662" startTime="2025-06-30T18:59:48.2313874+02:00" endTime="2025-06-30T18:59:48.2313875+02:00" testType="13cdc9d9-ddb5-4fa4-a97d-d965ccfc6d4b" outcome="Passed" testListId="8c84fa94-04c1-424b-9868-57a2d4851a1d" relativeResultsDirectory="ed7eb611-dde5-4f20-8465-c1d13085a939" />
    <UnitTestResult executionId="b0d5a16e-b7cc-40e6-98de-4dff68287a47" testId="59b6be02-8191-f5a7-74ed-b8f44b1cda27" testName="Aula.Tests.Utilities.DateTimeUtilitiesTests.GetDanishDayName_ValidDayOfWeek_ReturnsLowercaseName(dayOfWeek: Monday, expectedName: &quot;mandag&quot;)" computerName="RHO-DESKTOP" duration="00:00:00.0002005" startTime="2025-06-30T18:59:48.1745806+02:00" endTime="2025-06-30T18:59:48.1745807+02:00" testType="13cdc9d9-ddb5-4fa4-a97d-d965ccfc6d4b" outcome="Passed" testListId="8c84fa94-04c1-424b-9868-57a2d4851a1d" relativeResultsDirectory="b0d5a16e-b7cc-40e6-98de-4dff68287a47" />
    <UnitTestResult executionId="79a61fbc-c336-4382-bb61-b9a8a00413f7" testId="bb7ff579-7dbb-d724-561f-6bfaeeb13e43" testName="Aula.Tests.Utilities.Html2SlackMarkdownConverterTests.Convert_WithPartialTags_HandlesGracefully(html: &quot;text &lt;b&gt; more text&quot;)" computerName="RHO-DESKTOP" duration="00:00:00.0011705" startTime="2025-06-30T18:59:48.2417419+02:00" endTime="2025-06-30T18:59:48.2417420+02:00" testType="13cdc9d9-ddb5-4fa4-a97d-d965ccfc6d4b" outcome="Passed" testListId="8c84fa94-04c1-424b-9868-57a2d4851a1d" relativeResultsDirectory="79a61fbc-c336-4382-bb61-b9a8a00413f7" />
    <UnitTestResult executionId="d9bd0d33-3aa6-48e3-97a7-eab53fab64af" testId="3109c695-3e44-0879-5fda-41d7d17979ff" testName="Aula.Tests.Utilities.IntentAnalysisPromptsTests.ToolExamples_ContainsBothLanguages" computerName="RHO-DESKTOP" duration="00:00:00.0009859" startTime="2025-06-30T18:59:48.1996088+02:00" endTime="2025-06-30T18:59:48.1996090+02:00" testType="13cdc9d9-ddb5-4fa4-a97d-d965ccfc6d4b" outcome="Passed" testListId="8c84fa94-04c1-424b-9868-57a2d4851a1d" relativeResultsDirectory="d9bd0d33-3aa6-48e3-97a7-eab53fab64af" />
    <UnitTestResult executionId="cc422853-941f-4400-9010-057942394496" testId="8e7eb82c-6e6a-99e1-6a43-facf136e77c6" testName="Aula.Tests.Bots.TelegramMessageHandlerTests.Constructor_WithValidParameters_InitializesCorrectly" computerName="RHO-DESKTOP" duration="00:00:00.0010000" startTime="2025-06-30T18:59:47.7419686+02:00" endTime="2025-06-30T18:59:47.7419688+02:00" testType="13cdc9d9-ddb5-4fa4-a97d-d965ccfc6d4b" outcome="Failed" testListId="8c84fa94-04c1-424b-9868-57a2d4851a1d" relativeResultsDirectory="cc422853-941f-4400-9010-057942394496">
      <Output>
        <ErrorInfo>
          <Message>System.ArgumentException : Can not instantiate proxy of class: Aula.Utilities.ConversationContextManager`1[[System.Int64, System.Private.CoreLib, Version=9.0.0.0, Culture=neutral, PublicKeyToken=7cec85d7bea7798e]].
Could not find a parameterless constructor. (Parameter 'constructorArguments')
---- System.MissingMethodException : Constructor on type 'Castle.Proxies.ConversationContextManager`1Proxy' not found.</Message>
          <StackTrace>   at Castle.DynamicProxy.ProxyGenerator.CreateClassProxyInstance(Type proxyType, List`1 proxyArguments, Type classToProxy, Object[] constructorArguments)
   at Castle.DynamicProxy.ProxyGenerator.CreateClassProxy(Type classToProxy, Type[] additionalInterfacesToProxy, ProxyGenerationOptions options, Object[] constructorArguments, IInterceptor[] interceptors)
   at Moq.CastleProxyFactory.CreateProxy(Type mockType, IInterceptor interceptor, Type[] interfaces, Object[] arguments) in /_/src/Moq/Interception/CastleProxyFactory.cs:line 62
   at Moq.Mock`1.InitializeInstance() in /_/src/Moq/Mock`1.cs:line 309
   at Moq.Mock`1.OnGetObject() in /_/src/Moq/Mock`1.cs:line 323
   at Moq.Mock.get_Object() in /_/src/Moq/Mock.cs:line 181
   at Moq.Mock`1.get_Object() in /_/src/Moq/Mock`1.cs:line 281
   at Aula.Tests.Bots.TelegramMessageHandlerTests..ctor() in /mnt/d/git/aula/src/Aula.Tests/Bots/TelegramMessageHandlerTests.cs:line 63
   at System.RuntimeType.CreateInstanceDefaultCtor(Boolean publicOnly, Boolean wrapExceptions)
----- Inner Stack Trace -----
   at System.RuntimeType.CreateInstanceImpl(BindingFlags bindingAttr, Binder binder, Object[] args, CultureInfo culture)
   at Castle.DynamicProxy.ProxyGenerator.CreateClassProxyInstance(Type proxyType, List`1 proxyArguments, Type classToProxy, Object[] constructorArguments)</StackTrace>
        </ErrorInfo>
      </Output>
    </UnitTestResult>
    <UnitTestResult executionId="d84a3f17-3151-4d21-9a8e-328388a69ca9" testId="f1a75968-139e-db41-9893-934ca7edc01f" testName="Aula.Tests.Configuration.ConfigurationTests.Supabase_RequiredFields_ArePresent" computerName="RHO-DESKTOP" duration="00:00:00.0588341" startTime="2025-06-30T18:59:48.1795947+02:00" endTime="2025-06-30T18:59:48.1795949+02:00" testType="13cdc9d9-ddb5-4fa4-a97d-d965ccfc6d4b" outcome="Passed" testListId="8c84fa94-04c1-424b-9868-57a2d4851a1d" relativeResultsDirectory="d84a3f17-3151-4d21-9a8e-328388a69ca9" />
    <UnitTestResult executionId="78654d78-9b38-4ec9-a085-e5577cb86b40" testId="eeb4dd87-b488-a6a2-6176-d39e9d1e7681" testName="Aula.Tests.Services.OpenAiServiceIntegrationTests.Constructor_WithNullLoggerFactory_ThrowsArgumentNullException" computerName="RHO-DESKTOP" duration="00:00:00.0266854" startTime="2025-06-30T18:59:47.8875772+02:00" endTime="2025-06-30T18:59:47.8875773+02:00" testType="13cdc9d9-ddb5-4fa4-a97d-d965ccfc6d4b" outcome="Failed" testListId="8c84fa94-04c1-424b-9868-57a2d4851a1d" relativeResultsDirectory="78654d78-9b38-4ec9-a085-e5577cb86b40">
      <Output>
        <ErrorInfo>
          <Message>Assert.Throws() Failure: Exception type was not an exact match
Expected: typeof(System.ArgumentNullException)
Actual:   typeof(System.ArgumentException)
---- System.ArgumentException : Can not instantiate proxy of class: Aula.Tools.AiToolsManager.
Could not find a parameterless constructor. (Parameter 'constructorArguments')
-------- System.MissingMethodException : Constructor on type 'Castle.Proxies.AiToolsManagerProxy' not found.</Message>
          <StackTrace>   at Aula.Tests.Services.OpenAiServiceIntegrationTests.Constructor_WithNullLoggerFactory_ThrowsArgumentNullException() in /mnt/d/git/aula/src/Aula.Tests/Services/OpenAiServiceIntegrationTests.cs:line 63
   at System.RuntimeMethodHandle.InvokeMethod(Object target, Void** arguments, Signature sig, Boolean isConstructor)
   at System.Reflection.MethodBaseInvoker.InvokeWithNoArgs(Object obj, BindingFlags invokeAttr)
----- Inner Stack Trace -----
   at Castle.DynamicProxy.ProxyGenerator.CreateClassProxyInstance(Type proxyType, List`1 proxyArguments, Type classToProxy, Object[] constructorArguments)
   at Castle.DynamicProxy.ProxyGenerator.CreateClassProxy(Type classToProxy, Type[] additionalInterfacesToProxy, ProxyGenerationOptions options, Object[] constructorArguments, IInterceptor[] interceptors)
   at Moq.CastleProxyFactory.CreateProxy(Type mockType, IInterceptor interceptor, Type[] interfaces, Object[] arguments) in /_/src/Moq/Interception/CastleProxyFactory.cs:line 62
   at Moq.Mock`1.InitializeInstance() in /_/src/Moq/Mock`1.cs:line 309
   at Moq.Mock`1.OnGetObject() in /_/src/Moq/Mock`1.cs:line 323
   at Moq.Mock.get_Object() in /_/src/Moq/Mock.cs:line 181
   at Moq.Mock`1.get_Object() in /_/src/Moq/Mock`1.cs:line 281
   at Aula.Tests.Services.OpenAiServiceIntegrationTests.&lt;Constructor_WithNullLoggerFactory_ThrowsArgumentNullException&gt;b__8_0() in /mnt/d/git/aula/src/Aula.Tests/Services/OpenAiServiceIntegrationTests.cs:line 64
----- Inner Stack Trace -----
   at System.RuntimeType.CreateInstanceImpl(BindingFlags bindingAttr, Binder binder, Object[] args, CultureInfo culture)
   at Castle.DynamicProxy.ProxyGenerator.CreateClassProxyInstance(Type proxyType, List`1 proxyArguments, Type classToProxy, Object[] constructorArguments)</StackTrace>
        </ErrorInfo>
      </Output>
    </UnitTestResult>
    <UnitTestResult executionId="31fa7263-82ac-4b3f-b456-c00813d40afa" testId="9ae1ca23-2201-2b3b-6785-ee5758dfd92c" testName="Aula.Tests.Scheduling.SchedulingServiceTests.StartAsync_WithValidSetup_DoesNotThrow" computerName="RHO-DESKTOP" duration="00:00:00.0137369" startTime="2025-06-30T18:59:47.9696377+02:00" endTime="2025-06-30T18:59:47.9696378+02:00" testType="13cdc9d9-ddb5-4fa4-a97d-d965ccfc6d4b" outcome="Passed" testListId="8c84fa94-04c1-424b-9868-57a2d4851a1d" relativeResultsDirectory="31fa7263-82ac-4b3f-b456-c00813d40afa" />
    <UnitTestResult executionId="ac5c616b-d70b-4272-9f92-eff70f679bf9" testId="4cdb1a1d-1763-9c6d-9472-d3d70dd3181a" testName="Aula.Tests.Services.DataModelTests.AppState_DefaultConstructor_InitializesCorrectly" computerName="RHO-DESKTOP" duration="00:00:00.0001788" startTime="2025-06-30T18:59:48.0737433+02:00" endTime="2025-06-30T18:59:48.0737435+02:00" testType="13cdc9d9-ddb5-4fa4-a97d-d965ccfc6d4b" outcome="Passed" testListId="8c84fa94-04c1-424b-9868-57a2d4851a1d" relativeResultsDirectory="ac5c616b-d70b-4272-9f92-eff70f679bf9" />
    <UnitTestResult executionId="9c33e6ab-5fcb-4463-9b5b-1c0e9e8ec7f4" testId="5545fc75-ce9a-79d5-867a-5bec0a88ff66" testName="Aula.Tests.Configuration.ConfigurationTests.Timers_SchedulingInterval_ValidationTests(intervalSeconds: -1, isValid: False)" computerName="RHO-DESKTOP" duration="00:00:00.0056777" startTime="2025-06-30T18:59:48.2619229+02:00" endTime="2025-06-30T18:59:48.2619231+02:00" testType="13cdc9d9-ddb5-4fa4-a97d-d965ccfc6d4b" outcome="Passed" testListId="8c84fa94-04c1-424b-9868-57a2d4851a1d" relativeResultsDirectory="9c33e6ab-5fcb-4463-9b5b-1c0e9e8ec7f4" />
    <UnitTestResult executionId="367b21d6-e22f-45c6-bdca-95f54ad9a82d" testId="5749c604-52df-ef4c-d6f1-907c4b7b515f" testName="Aula.Tests.Utilities.FollowUpQuestionDetectorTests.IsFollowUpQuestion_WithNullInput_ReturnsFalse" computerName="RHO-DESKTOP" duration="00:00:00.0011026" startTime="2025-06-30T18:59:48.0456598+02:00" endTime="2025-06-30T18:59:48.0456599+02:00" testType="13cdc9d9-ddb5-4fa4-a97d-d965ccfc6d4b" outcome="Passed" testListId="8c84fa94-04c1-424b-9868-57a2d4851a1d" relativeResultsDirectory="367b21d6-e22f-45c6-bdca-95f54ad9a82d" />
    <UnitTestResult executionId="6d8a5835-3efc-4f8b-b81a-b9730072a71f" testId="a16a5295-4893-3b2e-da76-c179d6ee21e1" testName="Aula.Tests.Scheduling.SchedulingServiceIntegrationTests.StopAsync_CanBeCalledMultipleTimes_DoesNotThrow" computerName="RHO-DESKTOP" duration="00:00:00.0084315" startTime="2025-06-30T18:59:47.8894089+02:00" endTime="2025-06-30T18:59:47.8894090+02:00" testType="13cdc9d9-ddb5-4fa4-a97d-d965ccfc6d4b" outcome="Passed" testListId="8c84fa94-04c1-424b-9868-57a2d4851a1d" relativeResultsDirectory="6d8a5835-3efc-4f8b-b81a-b9730072a71f" />
    <UnitTestResult executionId="99ff6b4b-4358-4997-ace4-148ca81532d8" testId="809e3c71-6273-6b66-fb1e-4defb84e10e0" testName="Aula.Tests.Utilities.IntentAnalysisPromptsTests.ToolExamples_ContainsRequiredKeys(key: &quot;DELETE_REMINDER&quot;)" computerName="RHO-DESKTOP" duration="00:00:00.0000035" startTime="2025-06-30T18:59:48.1971698+02:00" endTime="2025-06-30T18:59:48.1971700+02:00" testType="13cdc9d9-ddb5-4fa4-a97d-d965ccfc6d4b" outcome="Passed" testListId="8c84fa94-04c1-424b-9868-57a2d4851a1d" relativeResultsDirectory="99ff6b4b-4358-4997-ace4-148ca81532d8" />
    <UnitTestResult executionId="6854ade4-3a35-4878-98e5-c88dcdfa83d5" testId="552b8f9e-1bb3-8bf0-01fc-d5978785d7dd" testName="Aula.Tests.Utilities.FollowUpQuestionDetectorTests.IsFollowUpQuestion_WithStartingFollowUpWords_ReturnsTrue(input: &quot;Og Emma?&quot;)" computerName="RHO-DESKTOP" duration="00:00:00.0000615" startTime="2025-06-30T18:59:47.9935946+02:00" endTime="2025-06-30T18:59:47.9935947+02:00" testType="13cdc9d9-ddb5-4fa4-a97d-d965ccfc6d4b" outcome="Passed" testListId="8c84fa94-04c1-424b-9868-57a2d4851a1d" relativeResultsDirectory="6854ade4-3a35-4878-98e5-c88dcdfa83d5" />
    <UnitTestResult executionId="2bd7ab47-d43f-4e48-bb2a-93f82abea296" testId="e768bc44-6321-f6f0-33ea-0643e8c3f454" testName="Aula.Tests.Bots.SlackInteractiveBotTests.Dispose_WhenCalledMultipleTimes_DoesNotThrow" computerName="RHO-DESKTOP" duration="00:00:00.0008449" startTime="2025-06-30T18:59:48.4652093+02:00" endTime="2025-06-30T18:59:48.4652094+02:00" testType="13cdc9d9-ddb5-4fa4-a97d-d965ccfc6d4b" outcome="Passed" testListId="8c84fa94-04c1-424b-9868-57a2d4851a1d" relativeResultsDirectory="2bd7ab47-d43f-4e48-bb2a-93f82abea296" />
    <UnitTestResult executionId="4682f9ed-85db-47e0-90b2-c4e8eab797be" testId="ee53ce2c-fb8e-2870-2bec-d824ac6cea07" testName="Aula.Tests.Utilities.DateTimeUtilitiesTests.GetDanishDayName_AllValidDaysOfWeek_ReturnsUniqueNames" computerName="RHO-DESKTOP" duration="00:00:00.0004773" startTime="2025-06-30T18:59:48.1778385+02:00" endTime="2025-06-30T18:59:48.1778386+02:00" testType="13cdc9d9-ddb5-4fa4-a97d-d965ccfc6d4b" outcome="Passed" testListId="8c84fa94-04c1-424b-9868-57a2d4851a1d" relativeResultsDirectory="4682f9ed-85db-47e0-90b2-c4e8eab797be" />
    <UnitTestResult executionId="a0d52811-80b4-44d5-82f2-65c58540207c" testId="55912caf-6fc4-918c-e4ec-07597adc6c56" testName="Aula.Tests.Services.DataModelTests.PostedLetter_WeekNumberValidation_ReturnsExpectedResult(weekNumber: 53, year: 2023, isValid: True)" computerName="RHO-DESKTOP" duration="00:00:00.0000105" startTime="2025-06-30T18:59:48.0512198+02:00" endTime="2025-06-30T18:59:48.0512199+02:00" testType="13cdc9d9-ddb5-4fa4-a97d-d965ccfc6d4b" outcome="Passed" testListId="8c84fa94-04c1-424b-9868-57a2d4851a1d" relativeResultsDirectory="a0d52811-80b4-44d5-82f2-65c58540207c" />
    <UnitTestResult executionId="15160489-b976-4448-ab90-44c4f5691477" testId="cd39a17c-6fe1-e1b4-559a-d31518f5450f" testName="Aula.Tests.Utilities.FollowUpQuestionDetectorTests.IsFollowUpQuestion_WithDanishFollowUpPhrases_ReturnsTrue(input: &quot;og?&quot;)" computerName="RHO-DESKTOP" duration="00:00:00.0000369" startTime="2025-06-30T18:59:48.0429485+02:00" endTime="2025-06-30T18:59:48.0429487+02:00" testType="13cdc9d9-ddb5-4fa4-a97d-d965ccfc6d4b" outcome="Passed" testListId="8c84fa94-04c1-424b-9868-57a2d4851a1d" relativeResultsDirectory="15160489-b976-4448-ab90-44c4f5691477" />
    <UnitTestResult executionId="7152d19b-dbcc-4f26-9497-08bea0d395c2" testId="4053e9a2-a689-a1a5-6da0-c7b491ae4105" testName="Aula.Tests.Channels.SlackBotTests.PostMessage_WithVariousMessages_DoesNotThrow(message: &quot;Message with *bold* and _italic_&quot;)" computerName="RHO-DESKTOP" duration="00:00:00.0003329" startTime="2025-06-30T18:59:48.2092883+02:00" endTime="2025-06-30T18:59:48.2092884+02:00" testType="13cdc9d9-ddb5-4fa4-a97d-d965ccfc6d4b" outcome="Passed" testListId="8c84fa94-04c1-424b-9868-57a2d4851a1d" relativeResultsDirectory="7152d19b-dbcc-4f26-9497-08bea0d395c2" />
    <UnitTestResult executionId="c3a9823a-1559-4312-8666-fae7c22e0c38" testId="537ad07b-1b70-ec7a-fdb3-2e0fa41e5c23" testName="Aula.Tests.Utilities.JsonFormatterTests.Prettify_WithWhitespaceOnly_ReturnsNull" computerName="RHO-DESKTOP" duration="00:00:00.0004336" startTime="2025-06-30T18:59:47.2721645+02:00" endTime="2025-06-30T18:59:47.2721646+02:00" testType="13cdc9d9-ddb5-4fa4-a97d-d965ccfc6d4b" outcome="Passed" testListId="8c84fa94-04c1-424b-9868-57a2d4851a1d" relativeResultsDirectory="c3a9823a-1559-4312-8666-fae7c22e0c38" />
    <UnitTestResult executionId="f0cf4550-ed1e-4a2b-9b0a-6a41624e3875" testId="7238819f-b48b-cc3e-dc7e-e183fab753be" testName="Aula.Tests.Utilities.ConversationContextTests.ToString_WithNullChildName_ReturnsNone" computerName="RHO-DESKTOP" duration="00:00:00.0002150" startTime="2025-06-30T18:59:47.2545827+02:00" endTime="2025-06-30T18:59:47.2545828+02:00" testType="13cdc9d9-ddb5-4fa4-a97d-d965ccfc6d4b" outcome="Passed" testListId="8c84fa94-04c1-424b-9868-57a2d4851a1d" relativeResultsDirectory="f0cf4550-ed1e-4a2b-9b0a-6a41624e3875" />
    <UnitTestResult executionId="9d553205-06f9-4de7-9427-0464aceff791" testId="63363866-031a-a196-cb3f-a58e78fe124a" testName="Aula.Tests.Utilities.ReminderExtractionPromptsTests.GetExtractionPrompt_WithDifferentMinuteOffsets_CalculatesCorrectly(minutes: 120)" computerName="RHO-DESKTOP" duration="00:00:00.0014707" startTime="2025-06-30T18:59:47.7963779+02:00" endTime="2025-06-30T18:59:47.7963780+02:00" testType="13cdc9d9-ddb5-4fa4-a97d-d965ccfc6d4b" outcome="Passed" testListId="8c84fa94-04c1-424b-9868-57a2d4851a1d" relativeResultsDirectory="9d553205-06f9-4de7-9427-0464aceff791" />
    <UnitTestResult executionId="2e7852c4-5a30-4981-9f98-277f509f22a2" testId="d6143222-8a1b-29ba-ebfb-222b6c27b152" testName="Aula.Tests.Utilities.JsonFormatterTests.Prettify_WithMalformedJson_ThrowsJsonException" computerName="RHO-DESKTOP" duration="00:00:00.0009093" startTime="2025-06-30T18:59:47.2681034+02:00" endTime="2025-06-30T18:59:47.2681035+02:00" testType="13cdc9d9-ddb5-4fa4-a97d-d965ccfc6d4b" outcome="Passed" testListId="8c84fa94-04c1-424b-9868-57a2d4851a1d" relativeResultsDirectory="2e7852c4-5a30-4981-9f98-277f509f22a2" />
    <UnitTestResult executionId="c56c615d-13ea-42aa-bcc4-943e84caaf38" testId="13703350-881b-2176-aa37-cf09df989ef2" testName="Aula.Tests.Utilities.ConversationContextManagerTests.ClearAllContexts_WithNoContexts_LogsZeroCount" computerName="RHO-DESKTOP" duration="00:00:00.0089789" startTime="2025-06-30T18:59:47.3519143+02:00" endTime="2025-06-30T18:59:47.3519144+02:00" testType="13cdc9d9-ddb5-4fa4-a97d-d965ccfc6d4b" outcome="Passed" testListId="8c84fa94-04c1-424b-9868-57a2d4851a1d" relativeResultsDirectory="c56c615d-13ea-42aa-bcc4-943e84caaf38" />
    <UnitTestResult executionId="05f7d504-5ddd-4acd-aee7-1cfef7ca0610" testId="3c407d09-bd83-3cf2-cf6c-c0dc480601dc" testName="Aula.Tests.Utilities.DateTimeUtilitiesTests.GetDanishDayName_ValidDayOfWeek_ReturnsLowercaseName(dayOfWeek: Wednesday, expectedName: &quot;onsdag&quot;)" computerName="RHO-DESKTOP" duration="00:00:00.0000096" startTime="2025-06-30T18:59:48.1751415+02:00" endTime="2025-06-30T18:59:48.1751416+02:00" testType="13cdc9d9-ddb5-4fa4-a97d-d965ccfc6d4b" outcome="Passed" testListId="8c84fa94-04c1-424b-9868-57a2d4851a1d" relativeResultsDirectory="05f7d504-5ddd-4acd-aee7-1cfef7ca0610" />
    <UnitTestResult executionId="4e9a1f13-bfb8-4961-8e92-75f1aa163376" testId="cb05154c-9d2c-0c1f-d5d8-19063e23db2a" testName="Aula.Tests.Bots.TelegramInteractiveBotTests.Constructor_WithNullConfig_ThrowsArgumentNullException" computerName="RHO-DESKTOP" duration="00:00:00.0005347" startTime="2025-06-30T18:59:48.7321892+02:00" endTime="2025-06-30T18:59:48.7321893+02:00" testType="13cdc9d9-ddb5-4fa4-a97d-d965ccfc6d4b" outcome="Passed" testListId="8c84fa94-04c1-424b-9868-57a2d4851a1d" relativeResultsDirectory="4e9a1f13-bfb8-4961-8e92-75f1aa163376" />
    <UnitTestResult executionId="a8e5b728-108a-408d-ad12-52bfb5c25d5b" testId="ed243bdd-6000-1061-a83e-9e458b3d2a08" testName="Aula.Tests.Bots.SlackMessageHandlerTests.HandleMessageAsync_WithValidMessage_ReturnsTrue" computerName="RHO-DESKTOP" duration="00:00:00.0010000" startTime="2025-06-30T18:59:47.4979927+02:00" endTime="2025-06-30T18:59:47.4979928+02:00" testType="13cdc9d9-ddb5-4fa4-a97d-d965ccfc6d4b" outcome="Failed" testListId="8c84fa94-04c1-424b-9868-57a2d4851a1d" relativeResultsDirectory="a8e5b728-108a-408d-ad12-52bfb5c25d5b">
      <Output>
        <ErrorInfo>
          <Message>System.ArgumentException : Can not instantiate proxy of class: Aula.Tools.ReminderCommandHandler.
Could not find a parameterless constructor. (Parameter 'constructorArguments')
---- System.MissingMethodException : Constructor on type 'Castle.Proxies.ReminderCommandHandlerProxy' not found.</Message>
          <StackTrace>   at Castle.DynamicProxy.ProxyGenerator.CreateClassProxyInstance(Type proxyType, List`1 proxyArguments, Type classToProxy, Object[] constructorArguments)
   at Castle.DynamicProxy.ProxyGenerator.CreateClassProxy(Type classToProxy, Type[] additionalInterfacesToProxy, ProxyGenerationOptions options, Object[] constructorArguments, IInterceptor[] interceptors)
   at Moq.CastleProxyFactory.CreateProxy(Type mockType, IInterceptor interceptor, Type[] interfaces, Object[] arguments) in /_/src/Moq/Interception/CastleProxyFactory.cs:line 62
   at Moq.Mock`1.InitializeInstance() in /_/src/Moq/Mock`1.cs:line 309
   at Moq.Mock`1.OnGetObject() in /_/src/Moq/Mock`1.cs:line 323
   at Moq.Mock.get_Object() in /_/src/Moq/Mock.cs:line 181
   at Moq.Mock`1.get_Object() in /_/src/Moq/Mock`1.cs:line 281
   at Aula.Tests.Bots.SlackMessageHandlerTests..ctor() in /mnt/d/git/aula/src/Aula.Tests/Bots/SlackMessageHandlerTests.cs:line 57
   at System.RuntimeType.CreateInstanceDefaultCtor(Boolean publicOnly, Boolean wrapExceptions)
----- Inner Stack Trace -----
   at System.RuntimeType.CreateInstanceImpl(BindingFlags bindingAttr, Binder binder, Object[] args, CultureInfo culture)
   at Castle.DynamicProxy.ProxyGenerator.CreateClassProxyInstance(Type proxyType, List`1 proxyArguments, Type classToProxy, Object[] constructorArguments)</StackTrace>
        </ErrorInfo>
      </Output>
    </UnitTestResult>
    <UnitTestResult executionId="b9de6d44-7825-4c62-9b9e-72e8cef9cbaf" testId="117ddc28-dcc8-243a-b2bd-3d83692ecb26" testName="Aula.Tests.Bots.SlackInteractiveBotTests.Stop_WhenCalled_LogsInformation" computerName="RHO-DESKTOP" duration="00:00:00.0034012" startTime="2025-06-30T18:59:48.4675733+02:00" endTime="2025-06-30T18:59:48.4675735+02:00" testType="13cdc9d9-ddb5-4fa4-a97d-d965ccfc6d4b" outcome="Passed" testListId="8c84fa94-04c1-424b-9868-57a2d4851a1d" relativeResultsDirectory="b9de6d44-7825-4c62-9b9e-72e8cef9cbaf" />
    <UnitTestResult executionId="4bc6be7f-cb2f-4fbe-a778-d1e4ae337f1e" testId="c22f41fe-1a51-d644-5cab-111d373cdaae" testName="Aula.Tests.Channels.SlackBotTests.PostWeekLetter_WithVariousChildColors_HandlesCorrectly(color: &quot;#00FF00&quot;)" computerName="RHO-DESKTOP" duration="00:00:00.0010548" startTime="2025-06-30T18:59:48.2211454+02:00" endTime="2025-06-30T18:59:48.2211455+02:00" testType="13cdc9d9-ddb5-4fa4-a97d-d965ccfc6d4b" outcome="Passed" testListId="8c84fa94-04c1-424b-9868-57a2d4851a1d" relativeResultsDirectory="4bc6be7f-cb2f-4fbe-a778-d1e4ae337f1e" />
    <UnitTestResult executionId="10834593-b65c-4790-b992-20cd25f6ecbd" testId="bd271e29-873c-e257-8849-0350a000b3af" testName="Aula.Tests.Bots.SlackMessageHandlerTests.HandleMessageAsync_WithHelpCommand_ProcessesHelpMessage(helpCommand: &quot;help&quot;)" computerName="RHO-DESKTOP" duration="00:00:00.0010000" startTime="2025-06-30T18:59:47.5232870+02:00" endTime="2025-06-30T18:59:47.5232872+02:00" testType="13cdc9d9-ddb5-4fa4-a97d-d965ccfc6d4b" outcome="Failed" testListId="8c84fa94-04c1-424b-9868-57a2d4851a1d" relativeResultsDirectory="10834593-b65c-4790-b992-20cd25f6ecbd">
      <Output>
        <ErrorInfo>
          <Message>System.ArgumentException : Can not instantiate proxy of class: Aula.Tools.ReminderCommandHandler.
Could not find a parameterless constructor. (Parameter 'constructorArguments')
---- System.MissingMethodException : Constructor on type 'Castle.Proxies.ReminderCommandHandlerProxy' not found.</Message>
          <StackTrace>   at Castle.DynamicProxy.ProxyGenerator.CreateClassProxyInstance(Type proxyType, List`1 proxyArguments, Type classToProxy, Object[] constructorArguments)
   at Castle.DynamicProxy.ProxyGenerator.CreateClassProxy(Type classToProxy, Type[] additionalInterfacesToProxy, ProxyGenerationOptions options, Object[] constructorArguments, IInterceptor[] interceptors)
   at Moq.CastleProxyFactory.CreateProxy(Type mockType, IInterceptor interceptor, Type[] interfaces, Object[] arguments) in /_/src/Moq/Interception/CastleProxyFactory.cs:line 62
   at Moq.Mock`1.InitializeInstance() in /_/src/Moq/Mock`1.cs:line 309
   at Moq.Mock`1.OnGetObject() in /_/src/Moq/Mock`1.cs:line 323
   at Moq.Mock.get_Object() in /_/src/Moq/Mock.cs:line 181
   at Moq.Mock`1.get_Object() in /_/src/Moq/Mock`1.cs:line 281
   at Aula.Tests.Bots.SlackMessageHandlerTests..ctor() in /mnt/d/git/aula/src/Aula.Tests/Bots/SlackMessageHandlerTests.cs:line 57
   at System.RuntimeType.CreateInstanceDefaultCtor(Boolean publicOnly, Boolean wrapExceptions)
----- Inner Stack Trace -----
   at System.RuntimeType.CreateInstanceImpl(BindingFlags bindingAttr, Binder binder, Object[] args, CultureInfo culture)
   at Castle.DynamicProxy.ProxyGenerator.CreateClassProxyInstance(Type proxyType, List`1 proxyArguments, Type classToProxy, Object[] constructorArguments)</StackTrace>
        </ErrorInfo>
      </Output>
    </UnitTestResult>
    <UnitTestResult executionId="cfb89ccd-3f20-4e12-8883-c92402e805d4" testId="7461a5be-ee77-e379-ff74-051c3d53d9e0" testName="Aula.Tests.Utilities.JsonFormatterTests.Prettify_WithBooleanAndNull_PreservesTypes" computerName="RHO-DESKTOP" duration="00:00:00.0004001" startTime="2025-06-30T18:59:47.2709532+02:00" endTime="2025-06-30T18:59:47.2709533+02:00" testType="13cdc9d9-ddb5-4fa4-a97d-d965ccfc6d4b" outcome="Passed" testListId="8c84fa94-04c1-424b-9868-57a2d4851a1d" relativeResultsDirectory="cfb89ccd-3f20-4e12-8883-c92402e805d4" />
    <UnitTestResult executionId="0f4e8240-ff7e-4a31-984a-2f371be0e2c3" testId="d5b42656-f37b-3f98-9edc-5bd253352fc2" testName="Aula.Tests.Tools.ReminderCommandHandlerTests.TryHandleReminderCommand_DateParsing_DDMM_Format_WorksCorrectly" computerName="RHO-DESKTOP" duration="00:00:00.0522021" startTime="2025-06-30T18:59:48.0444105+02:00" endTime="2025-06-30T18:59:48.0444106+02:00" testType="13cdc9d9-ddb5-4fa4-a97d-d965ccfc6d4b" outcome="Passed" testListId="8c84fa94-04c1-424b-9868-57a2d4851a1d" relativeResultsDirectory="0f4e8240-ff7e-4a31-984a-2f371be0e2c3" />
    <UnitTestResult executionId="272571c2-dd95-45a7-b486-01be543e2ea9" testId="42c9038e-83ab-bae5-c7e8-73f806c72d2a" testName="Aula.Tests.Configuration.ConfigurationTests.Timers_AdaptivePollingLimits_ValidationTests(minSeconds: 5, maxSeconds: 0, isValid: False)" computerName="RHO-DESKTOP" duration="00:00:00.0190597" startTime="2025-06-30T18:59:48.1262914+02:00" endTime="2025-06-30T18:59:48.1262917+02:00" testType="13cdc9d9-ddb5-4fa4-a97d-d965ccfc6d4b" outcome="Passed" testListId="8c84fa94-04c1-424b-9868-57a2d4851a1d" relativeResultsDirectory="272571c2-dd95-45a7-b486-01be543e2ea9" />
    <UnitTestResult executionId="093cd3e4-16ad-4f18-9e21-9359d78c7f27" testId="a68a27ee-ced5-7055-06ba-12f96958b28f" testName="Aula.Tests.Utilities.DateTimeUtilitiesTests.GetDanishDayName_ValidDayOfWeek_ReturnsCorrectDanishName(dayOfWeek: Wednesday, expectedDanishName: &quot;onsdag&quot;)" computerName="RHO-DESKTOP" duration="00:00:00.0000052" startTime="2025-06-30T18:59:48.1670892+02:00" endTime="2025-06-30T18:59:48.1670893+02:00" testType="13cdc9d9-ddb5-4fa4-a97d-d965ccfc6d4b" outcome="Passed" testListId="8c84fa94-04c1-424b-9868-57a2d4851a1d" relativeResultsDirectory="093cd3e4-16ad-4f18-9e21-9359d78c7f27" />
    <UnitTestResult executionId="8f11f735-3090-44c0-9af4-1dd5cc458bd9" testId="3076346f-e719-f439-3898-289f35032ef1" testName="Aula.Tests.Services.DataModelTests.ScheduledTask_CronExpression_CanBeSet(cronExpression: &quot;0 16 * * 0&quot;, description: &quot;Weekly at 4 PM on Sundays&quot;)" computerName="RHO-DESKTOP" duration="00:00:00.0007732" startTime="2025-06-30T18:59:47.9527413+02:00" endTime="2025-06-30T18:59:47.9527414+02:00" testType="13cdc9d9-ddb5-4fa4-a97d-d965ccfc6d4b" outcome="Passed" testListId="8c84fa94-04c1-424b-9868-57a2d4851a1d" relativeResultsDirectory="8f11f735-3090-44c0-9af4-1dd5cc458bd9" />
    <UnitTestResult executionId="3735e28e-59f8-4477-bf12-11d597e4c286" testId="ebe83846-f30d-4502-5b06-920f9179e550" testName="Aula.Tests.Utilities.ReminderExtractionPromptsTests.GetExtractionPrompt_WithVariousCurrentTimes_CalculatesRelativeDatesCorrectly(currentTimeStr: &quot;2025-12-31 23:59:59&quot;)" computerName="RHO-DESKTOP" duration="00:00:00.0054591" startTime="2025-06-30T18:59:47.7904322+02:00" endTime="2025-06-30T18:59:47.7904323+02:00" testType="13cdc9d9-ddb5-4fa4-a97d-d965ccfc6d4b" outcome="Passed" testListId="8c84fa94-04c1-424b-9868-57a2d4851a1d" relativeResultsDirectory="3735e28e-59f8-4477-bf12-11d597e4c286" />
    <UnitTestResult executionId="aabbefaa-46cf-4137-bd9f-5a5b85a21894" testId="b7bbbe98-91af-7dec-8966-b09bed25d558" testName="Aula.Tests.Channels.TelegramClientTests.SendMessageToChannel_WithVariousChannelIds_DoesNotThrow(channelId: &quot;-1001234567890&quot;)" computerName="RHO-DESKTOP" duration="00:00:00.3785264" startTime="2025-06-30T18:59:48.0808868+02:00" endTime="2025-06-30T18:59:48.0808870+02:00" testType="13cdc9d9-ddb5-4fa4-a97d-d965ccfc6d4b" outcome="Passed" testListId="8c84fa94-04c1-424b-9868-57a2d4851a1d" relativeResultsDirectory="aabbefaa-46cf-4137-bd9f-5a5b85a21894" />
    <UnitTestResult executionId="a7603dda-8090-4470-94be-0579c66c4d85" testId="5befb21e-f374-5353-37db-f8026e3c1253" testName="Aula.Tests.Bots.TelegramMessageHandlerTests.Constructor_WithNullConversationContextManager_ThrowsArgumentNullException" computerName="RHO-DESKTOP" duration="00:00:00.0010000" startTime="2025-06-30T18:59:47.5167329+02:00" endTime="2025-06-30T18:59:47.5167330+02:00" testType="13cdc9d9-ddb5-4fa4-a97d-d965ccfc6d4b" outcome="Failed" testListId="8c84fa94-04c1-424b-9868-57a2d4851a1d" relativeResultsDirectory="a7603dda-8090-4470-94be-0579c66c4d85">
      <Output>
        <ErrorInfo>
          <Message>System.ArgumentException : Can not instantiate proxy of class: Aula.Utilities.ConversationContextManager`1[[System.Int64, System.Private.CoreLib, Version=9.0.0.0, Culture=neutral, PublicKeyToken=7cec85d7bea7798e]].
Could not find a parameterless constructor. (Parameter 'constructorArguments')
---- System.MissingMethodException : Constructor on type 'Castle.Proxies.ConversationContextManager`1Proxy' not found.</Message>
          <StackTrace>   at Castle.DynamicProxy.ProxyGenerator.CreateClassProxyInstance(Type proxyType, List`1 proxyArguments, Type classToProxy, Object[] constructorArguments)
   at Castle.DynamicProxy.ProxyGenerator.CreateClassProxy(Type classToProxy, Type[] additionalInterfacesToProxy, ProxyGenerationOptions options, Object[] constructorArguments, IInterceptor[] interceptors)
   at Moq.CastleProxyFactory.CreateProxy(Type mockType, IInterceptor interceptor, Type[] interfaces, Object[] arguments) in /_/src/Moq/Interception/CastleProxyFactory.cs:line 62
   at Moq.Mock`1.InitializeInstance() in /_/src/Moq/Mock`1.cs:line 309
   at Moq.Mock`1.OnGetObject() in /_/src/Moq/Mock`1.cs:line 323
   at Moq.Mock.get_Object() in /_/src/Moq/Mock.cs:line 181
   at Moq.Mock`1.get_Object() in /_/src/Moq/Mock`1.cs:line 281
   at Aula.Tests.Bots.TelegramMessageHandlerTests..ctor() in /mnt/d/git/aula/src/Aula.Tests/Bots/TelegramMessageHandlerTests.cs:line 63
   at System.RuntimeType.CreateInstanceDefaultCtor(Boolean publicOnly, Boolean wrapExceptions)
----- Inner Stack Trace -----
   at System.RuntimeType.CreateInstanceImpl(BindingFlags bindingAttr, Binder binder, Object[] args, CultureInfo culture)
   at Castle.DynamicProxy.ProxyGenerator.CreateClassProxyInstance(Type proxyType, List`1 proxyArguments, Type classToProxy, Object[] constructorArguments)</StackTrace>
        </ErrorInfo>
      </Output>
    </UnitTestResult>
    <UnitTestResult executionId="50590e31-db11-4e13-8e87-bb2966a70cdb" testId="9835e47b-ec22-5506-aeb5-974d4515aa48" testName="Aula.Tests.Bots.SlackMessageHandlerTests.HandleMessageAsync_WithNullChannel_ReturnsFalse" computerName="RHO-DESKTOP" duration="00:00:00.0010000" startTime="2025-06-30T18:59:47.4299928+02:00" endTime="2025-06-30T18:59:47.4299929+02:00" testType="13cdc9d9-ddb5-4fa4-a97d-d965ccfc6d4b" outcome="Failed" testListId="8c84fa94-04c1-424b-9868-57a2d4851a1d" relativeResultsDirectory="50590e31-db11-4e13-8e87-bb2966a70cdb">
      <Output>
        <ErrorInfo>
          <Message>System.ArgumentException : Can not instantiate proxy of class: Aula.Tools.ReminderCommandHandler.
Could not find a parameterless constructor. (Parameter 'constructorArguments')
---- System.MissingMethodException : Constructor on type 'Castle.Proxies.ReminderCommandHandlerProxy' not found.</Message>
          <StackTrace>   at Castle.DynamicProxy.ProxyGenerator.CreateClassProxyInstance(Type proxyType, List`1 proxyArguments, Type classToProxy, Object[] constructorArguments)
   at Castle.DynamicProxy.ProxyGenerator.CreateClassProxy(Type classToProxy, Type[] additionalInterfacesToProxy, ProxyGenerationOptions options, Object[] constructorArguments, IInterceptor[] interceptors)
   at Moq.CastleProxyFactory.CreateProxy(Type mockType, IInterceptor interceptor, Type[] interfaces, Object[] arguments) in /_/src/Moq/Interception/CastleProxyFactory.cs:line 62
   at Moq.Mock`1.InitializeInstance() in /_/src/Moq/Mock`1.cs:line 309
   at Moq.Mock`1.OnGetObject() in /_/src/Moq/Mock`1.cs:line 323
   at Moq.Mock.get_Object() in /_/src/Moq/Mock.cs:line 181
   at Moq.Mock`1.get_Object() in /_/src/Moq/Mock`1.cs:line 281
   at Aula.Tests.Bots.SlackMessageHandlerTests..ctor() in /mnt/d/git/aula/src/Aula.Tests/Bots/SlackMessageHandlerTests.cs:line 57
   at System.RuntimeType.CreateInstanceDefaultCtor(Boolean publicOnly, Boolean wrapExceptions)
----- Inner Stack Trace -----
   at System.RuntimeType.CreateInstanceImpl(BindingFlags bindingAttr, Binder binder, Object[] args, CultureInfo culture)
   at Castle.DynamicProxy.ProxyGenerator.CreateClassProxyInstance(Type proxyType, List`1 proxyArguments, Type classToProxy, Object[] constructorArguments)</StackTrace>
        </ErrorInfo>
      </Output>
    </UnitTestResult>
    <UnitTestResult executionId="2b893650-9bc0-41b7-8ac8-7709d0ac8edf" testId="cf838fe5-cf64-cdb9-4856-b3fc2156670a" testName="Aula.Tests.Integration.AgentServiceTests.GetWeekLetterAsync_LogsInFirst_WhenNotLoggedIn" computerName="RHO-DESKTOP" duration="00:00:00.0483140" startTime="2025-06-30T18:59:48.1115103+02:00" endTime="2025-06-30T18:59:48.1115104+02:00" testType="13cdc9d9-ddb5-4fa4-a97d-d965ccfc6d4b" outcome="Passed" testListId="8c84fa94-04c1-424b-9868-57a2d4851a1d" relativeResultsDirectory="2b893650-9bc0-41b7-8ac8-7709d0ac8edf" />
    <UnitTestResult executionId="01bbac84-3cfb-4865-a80a-11895f7a025a" testId="f09b7cd5-4ae8-422c-8772-5a55d24c9ade" testName="Aula.Tests.Tools.ReminderCommandHandlerTests.TryHandleReminderCommand_NonReminderCommands_ReturnsFalse(command: &quot;hello world&quot;)" computerName="RHO-DESKTOP" duration="00:00:00.0000754" startTime="2025-06-30T18:59:47.9268744+02:00" endTime="2025-06-30T18:59:47.9268746+02:00" testType="13cdc9d9-ddb5-4fa4-a97d-d965ccfc6d4b" outcome="Passed" testListId="8c84fa94-04c1-424b-9868-57a2d4851a1d" relativeResultsDirectory="01bbac84-3cfb-4865-a80a-11895f7a025a" />
    <UnitTestResult executionId="3ecbe8a6-cca9-46f3-a117-5eace9b464ca" testId="5b9eed1d-66a1-144a-f169-3003eeb937ac" testName="Aula.Tests.Utilities.WeekLetterContentExtractorTests.ExtractContent_WithLogger_LogsWarningForEmptyContent" computerName="RHO-DESKTOP" duration="00:00:00.0247367" startTime="2025-06-30T18:59:47.4666499+02:00" endTime="2025-06-30T18:59:47.4666501+02:00" testType="13cdc9d9-ddb5-4fa4-a97d-d965ccfc6d4b" outcome="Passed" testListId="8c84fa94-04c1-424b-9868-57a2d4851a1d" relativeResultsDirectory="3ecbe8a6-cca9-46f3-a117-5eace9b464ca" />
    <UnitTestResult executionId="e1cd7f8b-3d57-4f6c-9331-0502a2d2d84b" testId="3a33635c-4486-cf0b-99ea-c9804c518ad6" testName="Aula.Tests.Utilities.FollowUpQuestionDetectorTests.IsFollowUpQuestion_WithChildNameAndTimeReference_ReturnsFalse(input: &quot;Liam i morgen&quot;)" computerName="RHO-DESKTOP" duration="00:00:00.0000740" startTime="2025-06-30T18:59:48.0292286+02:00" endTime="2025-06-30T18:59:48.0292287+02:00" testType="13cdc9d9-ddb5-4fa4-a97d-d965ccfc6d4b" outcome="Passed" testListId="8c84fa94-04c1-424b-9868-57a2d4851a1d" relativeResultsDirectory="e1cd7f8b-3d57-4f6c-9331-0502a2d2d84b" />
    <UnitTestResult executionId="ffac210a-b75a-4e66-8935-bd97ff6d5d10" testId="17d4fefb-2556-b281-a665-c9c732c99e79" testName="Aula.Tests.Bots.TelegramMessageHandlerTests.HandleMessageAsync_WithReminderCommand_CallsReminderHandler(reminderCommand: &quot;vis påmindelser&quot;)" computerName="RHO-DESKTOP" duration="00:00:00.0010000" startTime="2025-06-30T18:59:47.4884049+02:00" endTime="2025-06-30T18:59:47.4884050+02:00" testType="13cdc9d9-ddb5-4fa4-a97d-d965ccfc6d4b" outcome="Failed" testListId="8c84fa94-04c1-424b-9868-57a2d4851a1d" relativeResultsDirectory="ffac210a-b75a-4e66-8935-bd97ff6d5d10">
      <Output>
        <ErrorInfo>
          <Message>System.ArgumentException : Can not instantiate proxy of class: Aula.Utilities.ConversationContextManager`1[[System.Int64, System.Private.CoreLib, Version=9.0.0.0, Culture=neutral, PublicKeyToken=7cec85d7bea7798e]].
Could not find a parameterless constructor. (Parameter 'constructorArguments')
---- System.MissingMethodException : Constructor on type 'Castle.Proxies.ConversationContextManager`1Proxy' not found.</Message>
          <StackTrace>   at Castle.DynamicProxy.ProxyGenerator.CreateClassProxyInstance(Type proxyType, List`1 proxyArguments, Type classToProxy, Object[] constructorArguments)
   at Castle.DynamicProxy.ProxyGenerator.CreateClassProxy(Type classToProxy, Type[] additionalInterfacesToProxy, ProxyGenerationOptions options, Object[] constructorArguments, IInterceptor[] interceptors)
   at Moq.CastleProxyFactory.CreateProxy(Type mockType, IInterceptor interceptor, Type[] interfaces, Object[] arguments) in /_/src/Moq/Interception/CastleProxyFactory.cs:line 62
   at Moq.Mock`1.InitializeInstance() in /_/src/Moq/Mock`1.cs:line 309
   at Moq.Mock`1.OnGetObject() in /_/src/Moq/Mock`1.cs:line 323
   at Moq.Mock.get_Object() in /_/src/Moq/Mock.cs:line 181
   at Moq.Mock`1.get_Object() in /_/src/Moq/Mock`1.cs:line 281
   at Aula.Tests.Bots.TelegramMessageHandlerTests..ctor() in /mnt/d/git/aula/src/Aula.Tests/Bots/TelegramMessageHandlerTests.cs:line 63
   at System.RuntimeType.CreateInstanceDefaultCtor(Boolean publicOnly, Boolean wrapExceptions)
----- Inner Stack Trace -----
   at System.RuntimeType.CreateInstanceImpl(BindingFlags bindingAttr, Binder binder, Object[] args, CultureInfo culture)
   at Castle.DynamicProxy.ProxyGenerator.CreateClassProxyInstance(Type proxyType, List`1 proxyArguments, Type classToProxy, Object[] constructorArguments)</StackTrace>
        </ErrorInfo>
      </Output>
    </UnitTestResult>
    <UnitTestResult executionId="b1fe2492-11f4-4107-9521-c1bb0616671c" testId="42206b57-8aa0-871e-4287-4e3c8a3cc6ec" testName="Aula.Tests.Configuration.ConfigurationTests.Timers_SchedulingInterval_ValidationTests(intervalSeconds: 3661, isValid: False)" computerName="RHO-DESKTOP" duration="00:00:00.0070058" startTime="2025-06-30T18:59:48.2626674+02:00" endTime="2025-06-30T18:59:48.2626676+02:00" testType="13cdc9d9-ddb5-4fa4-a97d-d965ccfc6d4b" outcome="Passed" testListId="8c84fa94-04c1-424b-9868-57a2d4851a1d" relativeResultsDirectory="b1fe2492-11f4-4107-9521-c1bb0616671c" />
    <UnitTestResult executionId="1fc8661c-6348-4109-8c9f-d7645bf9edf4" testId="ba20835b-067e-5539-8e44-8baf83c19e41" testName="Aula.Tests.Utilities.FollowUpQuestionDetectorTests.IsFollowUpQuestion_WithChildNameAndTimeReference_ReturnsFalse(input: &quot;Liam tomorrow&quot;)" computerName="RHO-DESKTOP" duration="00:00:00.0014795" startTime="2025-06-30T18:59:48.0282047+02:00" endTime="2025-06-30T18:59:48.0282048+02:00" testType="13cdc9d9-ddb5-4fa4-a97d-d965ccfc6d4b" outcome="Passed" testListId="8c84fa94-04c1-424b-9868-57a2d4851a1d" relativeResultsDirectory="1fc8661c-6348-4109-8c9f-d7645bf9edf4" />
    <UnitTestResult executionId="b499af06-dd34-4a48-9caa-3bef53e78403" testId="ad0d39e5-00d7-6228-aeb3-c91c6b3da5f5" testName="Aula.Tests.Services.DataModelTests.Reminder_DateTimeHandling_WorksCorrectly" computerName="RHO-DESKTOP" duration="00:00:00.0011187" startTime="2025-06-30T18:59:48.0270423+02:00" endTime="2025-06-30T18:59:48.0270425+02:00" testType="13cdc9d9-ddb5-4fa4-a97d-d965ccfc6d4b" outcome="Passed" testListId="8c84fa94-04c1-424b-9868-57a2d4851a1d" relativeResultsDirectory="b499af06-dd34-4a48-9caa-3bef53e78403" />
    <UnitTestResult executionId="02889447-e0e7-44c7-88c6-737eca2b3d95" testId="40ee6628-cabc-d31b-6bc1-487bcee11d7e" testName="Aula.Tests.Utilities.FollowUpQuestionDetectorTests.IsFollowUpQuestion_WithMultipleChildNamesInShortMessage_ReturnsTrue" computerName="RHO-DESKTOP" duration="00:00:00.0002385" startTime="2025-06-30T18:59:48.0469583+02:00" endTime="2025-06-30T18:59:48.0469584+02:00" testType="13cdc9d9-ddb5-4fa4-a97d-d965ccfc6d4b" outcome="Passed" testListId="8c84fa94-04c1-424b-9868-57a2d4851a1d" relativeResultsDirectory="02889447-e0e7-44c7-88c6-737eca2b3d95" />
    <UnitTestResult executionId="e854d51c-aae9-4321-90b5-15ab1060fb47" testId="22ffd28b-ee44-66cc-c370-4d28b25809c6" testName="Aula.Tests.Utilities.FollowUpQuestionDetectorTests.IsFollowUpQuestion_WithFullChildNames_WorksCorrectly(input: &quot;Søren Johannes&quot;)" computerName="RHO-DESKTOP" duration="00:00:00.0002491" startTime="2025-06-30T18:59:47.9981620+02:00" endTime="2025-06-30T18:59:47.9981622+02:00" testType="13cdc9d9-ddb5-4fa4-a97d-d965ccfc6d4b" outcome="Passed" testListId="8c84fa94-04c1-424b-9868-57a2d4851a1d" relativeResultsDirectory="e854d51c-aae9-4321-90b5-15ab1060fb47" />
    <UnitTestResult executionId="e78ad8aa-5528-4caa-8a45-8c8a84196fb7" testId="d9434b0b-f031-6aad-3c30-fb3e0d035dab" testName="Aula.Tests.Scheduling.SchedulingServiceIntegrationTests.Constructor_WithValidParameters_InitializesCorrectly" computerName="RHO-DESKTOP" duration="00:00:00.0031314" startTime="2025-06-30T18:59:47.9427929+02:00" endTime="2025-06-30T18:59:47.9427930+02:00" testType="13cdc9d9-ddb5-4fa4-a97d-d965ccfc6d4b" outcome="Passed" testListId="8c84fa94-04c1-424b-9868-57a2d4851a1d" relativeResultsDirectory="e78ad8aa-5528-4caa-8a45-8c8a84196fb7" />
    <UnitTestResult executionId="2c243949-b617-48dd-83ac-92d7ee9e3901" testId="91adec86-044d-3b0d-62f3-bdcae922b644" testName="Aula.Tests.Services.OpenAiServiceIntegrationTests.ClearConversationHistory_WithContextKey_DoesNotThrow" computerName="RHO-DESKTOP" duration="00:00:00.0007259" startTime="2025-06-30T18:59:47.8913372+02:00" endTime="2025-06-30T18:59:47.8913374+02:00" testType="13cdc9d9-ddb5-4fa4-a97d-d965ccfc6d4b" outcome="Failed" testListId="8c84fa94-04c1-424b-9868-57a2d4851a1d" relativeResultsDirectory="2c243949-b617-48dd-83ac-92d7ee9e3901">
      <Output>
        <ErrorInfo>
          <Message>System.ArgumentException : Can not instantiate proxy of class: Aula.Tools.AiToolsManager.
Could not find a parameterless constructor. (Parameter 'constructorArguments')
---- System.MissingMethodException : Constructor on type 'Castle.Proxies.AiToolsManagerProxy' not found.</Message>
          <StackTrace>   at Castle.DynamicProxy.ProxyGenerator.CreateClassProxyInstance(Type proxyType, List`1 proxyArguments, Type classToProxy, Object[] constructorArguments)
   at Castle.DynamicProxy.ProxyGenerator.CreateClassProxy(Type classToProxy, Type[] additionalInterfacesToProxy, ProxyGenerationOptions options, Object[] constructorArguments, IInterceptor[] interceptors)
   at Moq.CastleProxyFactory.CreateProxy(Type mockType, IInterceptor interceptor, Type[] interfaces, Object[] arguments) in /_/src/Moq/Interception/CastleProxyFactory.cs:line 62
   at Moq.Mock`1.InitializeInstance() in /_/src/Moq/Mock`1.cs:line 309
   at Moq.Mock`1.OnGetObject() in /_/src/Moq/Mock`1.cs:line 323
   at Moq.Mock.get_Object() in /_/src/Moq/Mock.cs:line 181
   at Moq.Mock`1.get_Object() in /_/src/Moq/Mock`1.cs:line 281
   at Aula.Tests.Services.OpenAiServiceIntegrationTests.ClearConversationHistory_WithContextKey_DoesNotThrow() in /mnt/d/git/aula/src/Aula.Tests/Services/OpenAiServiceIntegrationTests.cs:line 96
   at System.RuntimeMethodHandle.InvokeMethod(Object target, Void** arguments, Signature sig, Boolean isConstructor)
   at System.Reflection.MethodBaseInvoker.InvokeWithNoArgs(Object obj, BindingFlags invokeAttr)
----- Inner Stack Trace -----
   at System.RuntimeType.CreateInstanceImpl(BindingFlags bindingAttr, Binder binder, Object[] args, CultureInfo culture)
   at Castle.DynamicProxy.ProxyGenerator.CreateClassProxyInstance(Type proxyType, List`1 proxyArguments, Type classToProxy, Object[] constructorArguments)</StackTrace>
        </ErrorInfo>
      </Output>
    </UnitTestResult>
    <UnitTestResult executionId="9c1127db-9510-4393-a426-029355c78815" testId="269fcbba-1520-c37c-832e-a6063e8324bb" testName="Aula.Tests.Utilities.ConversationContextManagerTests.UpdateContext_OverwritesExistingContext" computerName="RHO-DESKTOP" duration="00:00:00.0017457" startTime="2025-06-30T18:59:47.7449330+02:00" endTime="2025-06-30T18:59:47.7449332+02:00" testType="13cdc9d9-ddb5-4fa4-a97d-d965ccfc6d4b" outcome="Passed" testListId="8c84fa94-04c1-424b-9868-57a2d4851a1d" relativeResultsDirectory="9c1127db-9510-4393-a426-029355c78815" />
    <UnitTestResult executionId="57f5743a-a447-41e5-9abf-b2bc9bc15cee" testId="99892231-84e1-33e1-e7f7-41ced0139b8b" testName="Aula.Tests.Channels.TelegramClientTests.SendMessageToChannel_WithVariousChannelIds_DoesNotThrow(channelId: &quot;&quot;)" computerName="RHO-DESKTOP" duration="00:00:00.0081280" startTime="2025-06-30T18:59:48.0839299+02:00" endTime="2025-06-30T18:59:48.0839301+02:00" testType="13cdc9d9-ddb5-4fa4-a97d-d965ccfc6d4b" outcome="Passed" testListId="8c84fa94-04c1-424b-9868-57a2d4851a1d" relativeResultsDirectory="57f5743a-a447-41e5-9abf-b2bc9bc15cee" />
    <UnitTestResult executionId="da257c54-ca63-4ce2-8ccd-a38316abeb56" testId="016d303d-5ae2-6e55-e6bf-2008da910e62" testName="Aula.Tests.Configuration.ConfigurationTests.Telegram_Token_ValidationTests(token: &quot;123456789&quot;, isValidFormat: False)" computerName="RHO-DESKTOP" duration="00:00:00.0086564" startTime="2025-06-30T18:59:48.2389681+02:00" endTime="2025-06-30T18:59:48.2389682+02:00" testType="13cdc9d9-ddb5-4fa4-a97d-d965ccfc6d4b" outcome="Passed" testListId="8c84fa94-04c1-424b-9868-57a2d4851a1d" relativeResultsDirectory="da257c54-ca63-4ce2-8ccd-a38316abeb56" />
    <UnitTestResult executionId="ee9028c0-02d3-44c0-86bb-2031d9473ae2" testId="d61978d5-101a-092e-d93c-a7eb57a0d4f9" testName="Aula.Tests.Utilities.ReminderExtractionPromptsTests.GetExtractionPrompt_ContainsInstructionsForChildNameExtraction" computerName="RHO-DESKTOP" duration="00:00:00.0006830" startTime="2025-06-30T18:59:47.8197460+02:00" endTime="2025-06-30T18:59:47.8197462+02:00" testType="13cdc9d9-ddb5-4fa4-a97d-d965ccfc6d4b" outcome="Passed" testListId="8c84fa94-04c1-424b-9868-57a2d4851a1d" relativeResultsDirectory="ee9028c0-02d3-44c0-86bb-2031d9473ae2" />
    <UnitTestResult executionId="4797f0a4-d550-413c-8329-bda0b2df6396" testId="bf8de978-ede0-2334-cd93-70c2c792931f" testName="Aula.Tests.Services.DataModelTests.ConfigChild_Properties_WorkCorrectly" computerName="RHO-DESKTOP" duration="00:00:00.0003988" startTime="2025-06-30T18:59:47.9515391+02:00" endTime="2025-06-30T18:59:47.9515392+02:00" testType="13cdc9d9-ddb5-4fa4-a97d-d965ccfc6d4b" outcome="Passed" testListId="8c84fa94-04c1-424b-9868-57a2d4851a1d" relativeResultsDirectory="4797f0a4-d550-413c-8329-bda0b2df6396" />
    <UnitTestResult executionId="58c794d6-dc8e-41ae-ba3d-be27db9143c4" testId="190cafd6-e87f-acd4-dc9b-9d82114386d9" testName="Aula.Tests.Configuration.ConfigurationTests.Config_DefaultValues_AreApplied" computerName="RHO-DESKTOP" duration="00:00:00.0111594" startTime="2025-06-30T18:59:48.2374331+02:00" endTime="2025-06-30T18:59:48.2374333+02:00" testType="13cdc9d9-ddb5-4fa4-a97d-d965ccfc6d4b" outcome="Passed" testListId="8c84fa94-04c1-424b-9868-57a2d4851a1d" relativeResultsDirectory="58c794d6-dc8e-41ae-ba3d-be27db9143c4" />
    <UnitTestResult executionId="9f2343ed-0d0f-4051-837c-4fe849668efc" testId="3ca02e33-556b-3fdb-f0cf-b0f349847245" testName="Aula.Tests.Bots.TelegramInteractiveBotTests.PostWeekLetter_WithMissingChannelId_LogsWarningAndReturns" computerName="RHO-DESKTOP" duration="00:00:00.0038159" startTime="2025-06-30T18:59:48.9105431+02:00" endTime="2025-06-30T18:59:48.9105435+02:00" testType="13cdc9d9-ddb5-4fa4-a97d-d965ccfc6d4b" outcome="Passed" testListId="8c84fa94-04c1-424b-9868-57a2d4851a1d" relativeResultsDirectory="9f2343ed-0d0f-4051-837c-4fe849668efc" />
    <UnitTestResult executionId="1992297b-3a2f-4696-9720-6b1cd3b7b06e" testId="5e0ccfa9-e637-4242-b34b-1ae82226f894" testName="Aula.Tests.Bots.TelegramInteractiveBotTests.ComputeHash_WithDifferentInputs_ReturnsDifferentHashes" computerName="RHO-DESKTOP" duration="00:00:00.0006858" startTime="2025-06-30T18:59:48.9020221+02:00" endTime="2025-06-30T18:59:48.9020228+02:00" testType="13cdc9d9-ddb5-4fa4-a97d-d965ccfc6d4b" outcome="Passed" testListId="8c84fa94-04c1-424b-9868-57a2d4851a1d" relativeResultsDirectory="1992297b-3a2f-4696-9720-6b1cd3b7b06e" />
    <UnitTestResult executionId="a034ae43-c5bf-4e63-835c-bc36e2c585fa" testId="3114fd40-71ce-994b-9259-eabf8239901e" testName="Aula.Tests.Utilities.IntentAnalysisPromptsTests.AnalysisTemplate_ContainsRequiredPlaceholders" computerName="RHO-DESKTOP" duration="00:00:00.0101429" startTime="2025-06-30T18:59:48.2064778+02:00" endTime="2025-06-30T18:59:48.2064779+02:00" testType="13cdc9d9-ddb5-4fa4-a97d-d965ccfc6d4b" outcome="Passed" testListId="8c84fa94-04c1-424b-9868-57a2d4851a1d" relativeResultsDirectory="a034ae43-c5bf-4e63-835c-bc36e2c585fa" />
    <UnitTestResult executionId="dac7462a-e394-471f-bcfd-929ef5460ab9" testId="7d2712c2-8286-82a7-fc6d-ae7572a28a52" testName="Aula.Tests.Utilities.FollowUpQuestionDetectorTests.IsFollowUpQuestion_WithEnglishFollowUpPhrases_ReturnsTrue(input: &quot;also Emma&quot;)" computerName="RHO-DESKTOP" duration="00:00:00.0056638" startTime="2025-06-30T18:59:47.9656357+02:00" endTime="2025-06-30T18:59:47.9656358+02:00" testType="13cdc9d9-ddb5-4fa4-a97d-d965ccfc6d4b" outcome="Passed" testListId="8c84fa94-04c1-424b-9868-57a2d4851a1d" relativeResultsDirectory="dac7462a-e394-471f-bcfd-929ef5460ab9" />
    <UnitTestResult executionId="6a9b8cd6-9666-4ee3-9240-979cd16dbf20" testId="69f852cf-0b8d-bff9-6d2d-fced5fbdbaf2" testName="Aula.Tests.Bots.TelegramMessageHandlerTests.HandleMessageAsync_LogsMessageProcessing" computerName="RHO-DESKTOP" duration="00:00:00.0010000" startTime="2025-06-30T18:59:47.7291833+02:00" endTime="2025-06-30T18:59:47.7291836+02:00" testType="13cdc9d9-ddb5-4fa4-a97d-d965ccfc6d4b" outcome="Failed" testListId="8c84fa94-04c1-424b-9868-57a2d4851a1d" relativeResultsDirectory="6a9b8cd6-9666-4ee3-9240-979cd16dbf20">
      <Output>
        <ErrorInfo>
          <Message>System.ArgumentException : Can not instantiate proxy of class: Aula.Utilities.ConversationContextManager`1[[System.Int64, System.Private.CoreLib, Version=9.0.0.0, Culture=neutral, PublicKeyToken=7cec85d7bea7798e]].
Could not find a parameterless constructor. (Parameter 'constructorArguments')
---- System.MissingMethodException : Constructor on type 'Castle.Proxies.ConversationContextManager`1Proxy' not found.</Message>
          <StackTrace>   at Castle.DynamicProxy.ProxyGenerator.CreateClassProxyInstance(Type proxyType, List`1 proxyArguments, Type classToProxy, Object[] constructorArguments)
   at Castle.DynamicProxy.ProxyGenerator.CreateClassProxy(Type classToProxy, Type[] additionalInterfacesToProxy, ProxyGenerationOptions options, Object[] constructorArguments, IInterceptor[] interceptors)
   at Moq.CastleProxyFactory.CreateProxy(Type mockType, IInterceptor interceptor, Type[] interfaces, Object[] arguments) in /_/src/Moq/Interception/CastleProxyFactory.cs:line 62
   at Moq.Mock`1.InitializeInstance() in /_/src/Moq/Mock`1.cs:line 309
   at Moq.Mock`1.OnGetObject() in /_/src/Moq/Mock`1.cs:line 323
   at Moq.Mock.get_Object() in /_/src/Moq/Mock.cs:line 181
   at Moq.Mock`1.get_Object() in /_/src/Moq/Mock`1.cs:line 281
   at Aula.Tests.Bots.TelegramMessageHandlerTests..ctor() in /mnt/d/git/aula/src/Aula.Tests/Bots/TelegramMessageHandlerTests.cs:line 63
   at System.RuntimeType.CreateInstanceDefaultCtor(Boolean publicOnly, Boolean wrapExceptions)
----- Inner Stack Trace -----
   at System.RuntimeType.CreateInstanceImpl(BindingFlags bindingAttr, Binder binder, Object[] args, CultureInfo culture)
   at Castle.DynamicProxy.ProxyGenerator.CreateClassProxyInstance(Type proxyType, List`1 proxyArguments, Type classToProxy, Object[] constructorArguments)</StackTrace>
        </ErrorInfo>
      </Output>
    </UnitTestResult>
    <UnitTestResult executionId="f798b0de-4d91-462f-b1b1-a7197ac7be8d" testId="18c82026-182f-6e23-4c30-ed576236aa7c" testName="Aula.Tests.Utilities.FollowUpQuestionDetectorTests.IsFollowUpQuestion_WithPunctuationAroundChildName_WorksCorrectly(input: &quot;Emma,&quot;)" computerName="RHO-DESKTOP" duration="00:00:00.0003244" startTime="2025-06-30T18:59:48.0179003+02:00" endTime="2025-06-30T18:59:48.0179005+02:00" testType="13cdc9d9-ddb5-4fa4-a97d-d965ccfc6d4b" outcome="Passed" testListId="8c84fa94-04c1-424b-9868-57a2d4851a1d" relativeResultsDirectory="f798b0de-4d91-462f-b1b1-a7197ac7be8d" />
    <UnitTestResult executionId="e8a9d54a-9fa7-488e-b7ec-6b4d2808383b" testId="b47684af-1794-f5e1-2939-ee11bb40f2e8" testName="Aula.Tests.Channels.TelegramClientTests.SendMessageToChannel_WithVariousMessages_DoesNotThrow(message: &quot;Message with &lt;i&gt;italic&lt;/i&gt; text&quot;)" computerName="RHO-DESKTOP" duration="00:00:00.0001246" startTime="2025-06-30T18:59:48.1352764+02:00" endTime="2025-06-30T18:59:48.1352766+02:00" testType="13cdc9d9-ddb5-4fa4-a97d-d965ccfc6d4b" outcome="Passed" testListId="8c84fa94-04c1-424b-9868-57a2d4851a1d" relativeResultsDirectory="e8a9d54a-9fa7-488e-b7ec-6b4d2808383b" />
    <UnitTestResult executionId="92687f7a-cfee-449a-8afc-8180efac7326" testId="0c4f7782-5c4d-f42e-03cc-a2dae624ac6e" testName="Aula.Tests.Configuration.ConfigurationTests.Timers_SchedulingInterval_ValidationTests(intervalSeconds: 5, isValid: True)" computerName="RHO-DESKTOP" duration="00:00:00.0152391" startTime="2025-06-30T18:59:48.2475547+02:00" endTime="2025-06-30T18:59:48.2475549+02:00" testType="13cdc9d9-ddb5-4fa4-a97d-d965ccfc6d4b" outcome="Passed" testListId="8c84fa94-04c1-424b-9868-57a2d4851a1d" relativeResultsDirectory="92687f7a-cfee-449a-8afc-8180efac7326" />
    <UnitTestResult executionId="224cb3a8-580b-4f46-a78e-a0dcf64e352b" testId="1d29fac2-3f2b-d487-db1b-b2d3ad7fc889" testName="Aula.Tests.Bots.SlackInteractiveBotTests.Constructor_WithNullAgentService_ThrowsArgumentNullException" computerName="RHO-DESKTOP" duration="00:00:00.0045836" startTime="2025-06-30T18:59:48.0935818+02:00" endTime="2025-06-30T18:59:48.0935819+02:00" testType="13cdc9d9-ddb5-4fa4-a97d-d965ccfc6d4b" outcome="Passed" testListId="8c84fa94-04c1-424b-9868-57a2d4851a1d" relativeResultsDirectory="224cb3a8-580b-4f46-a78e-a0dcf64e352b" />
    <UnitTestResult executionId="d0da72c6-23bd-496d-a320-5fd0cf9c1f1e" testId="048cd77d-3de3-58cf-4e72-84e37cfed1e3" testName="Aula.Tests.Scheduling.SchedulingServiceIntegrationTests.Constructor_WithNullAgentService_ThrowsArgumentNullException" computerName="RHO-DESKTOP" duration="00:00:00.0072130" startTime="2025-06-30T18:59:47.8836507+02:00" endTime="2025-06-30T18:59:47.8836508+02:00" testType="13cdc9d9-ddb5-4fa4-a97d-d965ccfc6d4b" outcome="Passed" testListId="8c84fa94-04c1-424b-9868-57a2d4851a1d" relativeResultsDirectory="d0da72c6-23bd-496d-a320-5fd0cf9c1f1e" />
    <UnitTestResult executionId="ecc202ba-ae2f-4768-86b9-47a177a37139" testId="64b3e4a5-31a7-57c7-6c30-e353370e12e0" testName="Aula.Tests.Utilities.ReminderExtractionPromptsTests.GetExtractionPrompt_WithRealQueries_EmbedsQueryCorrectly(query: &quot;Meeting with teacher next Monday&quot;)" computerName="RHO-DESKTOP" duration="00:00:00.0001896" startTime="2025-06-30T18:59:47.8034513+02:00" endTime="2025-06-30T18:59:47.8034514+02:00" testType="13cdc9d9-ddb5-4fa4-a97d-d965ccfc6d4b" outcome="Passed" testListId="8c84fa94-04c1-424b-9868-57a2d4851a1d" relativeResultsDirectory="ecc202ba-ae2f-4768-86b9-47a177a37139" />
    <UnitTestResult executionId="64e1774b-4c03-446d-926a-58e89207868d" testId="2c92fdb3-d95d-1632-c5b9-2a0e8c5892ee" testName="Aula.Tests.Utilities.ConversationContextTests.ToString_WithEmptyChildName_ShowsEmptyString" computerName="RHO-DESKTOP" duration="00:00:00.0266280" startTime="2025-06-30T18:59:47.2391856+02:00" endTime="2025-06-30T18:59:47.2391857+02:00" testType="13cdc9d9-ddb5-4fa4-a97d-d965ccfc6d4b" outcome="Passed" testListId="8c84fa94-04c1-424b-9868-57a2d4851a1d" relativeResultsDirectory="64e1774b-4c03-446d-926a-58e89207868d" />
    <UnitTestResult executionId="0bdd95d0-af16-46e5-81fd-95e525a76be9" testId="2d48fc77-1867-a29b-eb07-2aeec9de2225" testName="Aula.Tests.Channels.SlackBotTests.PostWeekLetter_WithMissingFields_HandlesGracefully" computerName="RHO-DESKTOP" duration="00:00:00.0004597" startTime="2025-06-30T18:59:48.2282269+02:00" endTime="2025-06-30T18:59:48.2282270+02:00" testType="13cdc9d9-ddb5-4fa4-a97d-d965ccfc6d4b" outcome="Passed" testListId="8c84fa94-04c1-424b-9868-57a2d4851a1d" relativeResultsDirectory="0bdd95d0-af16-46e5-81fd-95e525a76be9" />
    <UnitTestResult executionId="c5c6c7e2-38d2-40c5-8b70-2508bdf7cf03" testId="d7aeee86-92f2-5c12-685d-812d09ed0822" testName="Aula.Tests.Tools.ReminderCommandHandlerTests.TryHandleReminderCommand_NonMatchingPatterns_ReturnsFalse(command: &quot;husk mig ugyldig at 8:00 at invalid format&quot;, isEnglish: False)" computerName="RHO-DESKTOP" duration="00:00:00.0012237" startTime="2025-06-30T18:59:47.9554346+02:00" endTime="2025-06-30T18:59:47.9554348+02:00" testType="13cdc9d9-ddb5-4fa4-a97d-d965ccfc6d4b" outcome="Passed" testListId="8c84fa94-04c1-424b-9868-57a2d4851a1d" relativeResultsDirectory="c5c6c7e2-38d2-40c5-8b70-2508bdf7cf03" />
    <UnitTestResult executionId="25381f02-7697-411a-8468-b08bd6eab317" testId="62b0fe72-30f1-2af2-c068-90091bfb1d44" testName="Aula.Tests.Utilities.JsonFormatterTests.Prettify_WithStringValue_ReturnsFormattedString" computerName="RHO-DESKTOP" duration="00:00:00.0004084" startTime="2025-06-30T18:59:47.2558384+02:00" endTime="2025-06-30T18:59:47.2558385+02:00" testType="13cdc9d9-ddb5-4fa4-a97d-d965ccfc6d4b" outcome="Passed" testListId="8c84fa94-04c1-424b-9868-57a2d4851a1d" relativeResultsDirectory="25381f02-7697-411a-8468-b08bd6eab317" />
    <UnitTestResult executionId="cc4590eb-cfee-44a0-ad5d-d89581880be3" testId="2d7c87f9-92d6-6d29-4cc3-8c2788e75a11" testName="Aula.Tests.Bots.TelegramInteractiveBotTests.Constructor_WithNullLoggerFactory_ThrowsArgumentNullException" computerName="RHO-DESKTOP" duration="00:00:00.0004857" startTime="2025-06-30T18:59:48.9071470+02:00" endTime="2025-06-30T18:59:48.9071475+02:00" testType="13cdc9d9-ddb5-4fa4-a97d-d965ccfc6d4b" outcome="Passed" testListId="8c84fa94-04c1-424b-9868-57a2d4851a1d" relativeResultsDirectory="cc4590eb-cfee-44a0-ad5d-d89581880be3" />
    <UnitTestResult executionId="9ba69e2f-9edb-4888-8f6a-44ccfb7a1fae" testId="e64ab231-01c1-e586-c097-a5bc789dc9e3" testName="Aula.Tests.Bots.TelegramMessageHandlerTests.HandleMessageAsync_WithEmptyText_ReturnsEarly" computerName="RHO-DESKTOP" duration="00:00:00.0010000" startTime="2025-06-30T18:59:47.4446218+02:00" endTime="2025-06-30T18:59:47.4446222+02:00" testType="13cdc9d9-ddb5-4fa4-a97d-d965ccfc6d4b" outcome="Failed" testListId="8c84fa94-04c1-424b-9868-57a2d4851a1d" relativeResultsDirectory="9ba69e2f-9edb-4888-8f6a-44ccfb7a1fae">
      <Output>
        <ErrorInfo>
          <Message>System.ArgumentException : Can not instantiate proxy of class: Aula.Utilities.ConversationContextManager`1[[System.Int64, System.Private.CoreLib, Version=9.0.0.0, Culture=neutral, PublicKeyToken=7cec85d7bea7798e]].
Could not find a parameterless constructor. (Parameter 'constructorArguments')
---- System.MissingMethodException : Constructor on type 'Castle.Proxies.ConversationContextManager`1Proxy' not found.</Message>
          <StackTrace>   at Castle.DynamicProxy.ProxyGenerator.CreateClassProxyInstance(Type proxyType, List`1 proxyArguments, Type classToProxy, Object[] constructorArguments)
   at Castle.DynamicProxy.ProxyGenerator.CreateClassProxy(Type classToProxy, Type[] additionalInterfacesToProxy, ProxyGenerationOptions options, Object[] constructorArguments, IInterceptor[] interceptors)
   at Moq.CastleProxyFactory.CreateProxy(Type mockType, IInterceptor interceptor, Type[] interfaces, Object[] arguments) in /_/src/Moq/Interception/CastleProxyFactory.cs:line 62
   at Moq.Mock`1.InitializeInstance() in /_/src/Moq/Mock`1.cs:line 309
   at Moq.Mock`1.OnGetObject() in /_/src/Moq/Mock`1.cs:line 323
   at Moq.Mock.get_Object() in /_/src/Moq/Mock.cs:line 181
   at Moq.Mock`1.get_Object() in /_/src/Moq/Mock`1.cs:line 281
   at Aula.Tests.Bots.TelegramMessageHandlerTests..ctor() in /mnt/d/git/aula/src/Aula.Tests/Bots/TelegramMessageHandlerTests.cs:line 63
   at System.RuntimeType.CreateInstanceDefaultCtor(Boolean publicOnly, Boolean wrapExceptions)
----- Inner Stack Trace -----
   at System.RuntimeType.CreateInstanceImpl(BindingFlags bindingAttr, Binder binder, Object[] args, CultureInfo culture)
   at Castle.DynamicProxy.ProxyGenerator.CreateClassProxyInstance(Type proxyType, List`1 proxyArguments, Type classToProxy, Object[] constructorArguments)</StackTrace>
        </ErrorInfo>
      </Output>
    </UnitTestResult>
    <UnitTestResult executionId="e0beb9c0-3c6a-497c-bc4f-e6cf5b2d9279" testId="a928e41a-a5c8-5840-1107-8bfd65b6750c" testName="Aula.Tests.Scheduling.SchedulingServiceIntegrationTests.Constructor_WithNullLoggerFactory_ThrowsArgumentNullException" computerName="RHO-DESKTOP" duration="00:00:00.0037610" startTime="2025-06-30T18:59:47.9418036+02:00" endTime="2025-06-30T18:59:47.9418038+02:00" testType="13cdc9d9-ddb5-4fa4-a97d-d965ccfc6d4b" outcome="Passed" testListId="8c84fa94-04c1-424b-9868-57a2d4851a1d" relativeResultsDirectory="e0beb9c0-3c6a-497c-bc4f-e6cf5b2d9279" />
    <UnitTestResult executionId="0400b548-03da-455a-b79c-8b53b9035721" testId="ce195ac9-e907-62d3-fa5f-c3b7ebadeac3" testName="Aula.Tests.Utilities.FollowUpQuestionDetectorTests.IsFollowUpQuestion_WithNullLogger_ThrowsArgumentNullException" computerName="RHO-DESKTOP" duration="00:00:00.0005862" startTime="2025-06-30T18:59:48.0462978+02:00" endTime="2025-06-30T18:59:48.0462979+02:00" testType="13cdc9d9-ddb5-4fa4-a97d-d965ccfc6d4b" outcome="Passed" testListId="8c84fa94-04c1-424b-9868-57a2d4851a1d" relativeResultsDirectory="0400b548-03da-455a-b79c-8b53b9035721" />
    <UnitTestResult executionId="9638f109-1348-4a77-9466-35dc399481be" testId="a774f8ba-9074-00fb-1dda-7e4eac4a4d85" testName="Aula.Tests.Utilities.ConversationContextManagerTests.GetContext_WithExpiredContext_ReturnsNullAndRemovesContext" computerName="RHO-DESKTOP" duration="00:00:00.2200527" startTime="2025-06-30T18:59:47.3437279+02:00" endTime="2025-06-30T18:59:47.3437282+02:00" testType="13cdc9d9-ddb5-4fa4-a97d-d965ccfc6d4b" outcome="Passed" testListId="8c84fa94-04c1-424b-9868-57a2d4851a1d" relativeResultsDirectory="9638f109-1348-4a77-9466-35dc399481be" />
    <UnitTestResult executionId="ce0246a5-2d41-43db-a19d-187309d4d375" testId="faff4fba-5493-e6c9-9bf9-a728e70472b3" testName="Aula.Tests.Services.OpenAiServiceIntegrationTests.Constructor_WithEmptyApiKey_ThrowsArgumentException" computerName="RHO-DESKTOP" duration="00:00:00.0009628" startTime="2025-06-30T18:59:47.8421846+02:00" endTime="2025-06-30T18:59:47.8421847+02:00" testType="13cdc9d9-ddb5-4fa4-a97d-d965ccfc6d4b" outcome="Failed" testListId="8c84fa94-04c1-424b-9868-57a2d4851a1d" relativeResultsDirectory="ce0246a5-2d41-43db-a19d-187309d4d375">
      <Output>
        <ErrorInfo>
          <Message>Assert.Equal() Failure: Strings differ
           ↓ (pos 0)
Expected: "apiKey"
Actual:   "constructorArguments"
           ↑ (pos 0)</Message>
          <StackTrace>   at Aula.Tests.Services.OpenAiServiceIntegrationTests.Constructor_WithEmptyApiKey_ThrowsArgumentException() in /mnt/d/git/aula/src/Aula.Tests/Services/OpenAiServiceIntegrationTests.cs:line 49
   at System.RuntimeMethodHandle.InvokeMethod(Object target, Void** arguments, Signature sig, Boolean isConstructor)
   at System.Reflection.MethodBaseInvoker.InvokeWithNoArgs(Object obj, BindingFlags invokeAttr)</StackTrace>
        </ErrorInfo>
      </Output>
    </UnitTestResult>
    <UnitTestResult executionId="260a8235-6acf-486e-adc2-982fc7cdd8e4" testId="a3d75b2a-aedf-2885-f27f-a7945f978fce" testName="Aula.Tests.Utilities.IntentAnalysisPromptsTests.ToolExamples_ContainsRequiredKeys(key: &quot;INFORMATION_QUERY_DANISH&quot;)" computerName="RHO-DESKTOP" duration="00:00:00.0000051" startTime="2025-06-30T18:59:48.1980319+02:00" endTime="2025-06-30T18:59:48.1980320+02:00" testType="13cdc9d9-ddb5-4fa4-a97d-d965ccfc6d4b" outcome="Passed" testListId="8c84fa94-04c1-424b-9868-57a2d4851a1d" relativeResultsDirectory="260a8235-6acf-486e-adc2-982fc7cdd8e4" />
    <UnitTestResult executionId="0e2ef2ee-e9ae-46a2-a86a-0f7940132503" testId="1ce865d9-57c4-31f9-0333-820160e71698" testName="Aula.Tests.Bots.SlackInteractiveBotTests.PostWeekLetter_WithValidData_PostsSuccessfully" computerName="RHO-DESKTOP" duration="00:00:00.6185245" startTime="2025-06-30T18:59:48.4644190+02:00" endTime="2025-06-30T18:59:48.4644191+02:00" testType="13cdc9d9-ddb5-4fa4-a97d-d965ccfc6d4b" outcome="Failed" testListId="8c84fa94-04c1-424b-9868-57a2d4851a1d" relativeResultsDirectory="0e2ef2ee-e9ae-46a2-a86a-0f7940132503">
      <Output>
        <ErrorInfo>
          <Message>Moq.MockException : 
Expected invocation on the mock once, but was 0 times: mock =&gt; mock.SendAsync(It.Is&lt;HttpRequestMessage&gt;(req =&gt; req.Method == HttpMethod.Post &amp;&amp; req.RequestUri.ToString() == "https://slack.com/api/chat.postMessage"), It.IsAny&lt;CancellationToken&gt;())

Performed invocations:

   Mock&lt;HttpMessageHandler:7&gt; (mock):
   No invocations performed.
</Message>
          <StackTrace>   at Moq.Mock.Verify(Mock mock, LambdaExpression expression, Times times, String failMessage) in /_/src/Moq/Mock.cs:line 332
   at Moq.Protected.ProtectedMock`1.InternalVerify(String methodName, Type[] genericTypeArguments, Times times, Boolean exactParameterMatch, Object[] args) in /_/src/Moq/Protected/ProtectedMock.cs:line 234
   at Moq.Protected.ProtectedMock`1.Verify(String methodName, Times times, Object[] args) in /_/src/Moq/Protected/ProtectedMock.cs:line 206
   at Aula.Tests.Bots.SlackInteractiveBotTests.PostWeekLetter_WithValidData_PostsSuccessfully() in /mnt/d/git/aula/src/Aula.Tests/Bots/SlackInteractiveBotTests.cs:line 228
--- End of stack trace from previous location ---</StackTrace>
        </ErrorInfo>
      </Output>
    </UnitTestResult>
    <UnitTestResult executionId="259bb9e0-f6a1-4ed3-8692-915071769446" testId="5ad91b1e-e6bf-9b68-b95f-00f8f29f8b7a" testName="Aula.Tests.Bots.SlackMessageHandlerTests.HandleMessageAsync_WithValidQuery_ProcessesSuccessfully(queryText: &quot;Hvad skal Emma i dag?&quot;)" computerName="RHO-DESKTOP" duration="00:00:00.0010000" startTime="2025-06-30T18:59:47.5134384+02:00" endTime="2025-06-30T18:59:47.5134386+02:00" testType="13cdc9d9-ddb5-4fa4-a97d-d965ccfc6d4b" outcome="Failed" testListId="8c84fa94-04c1-424b-9868-57a2d4851a1d" relativeResultsDirectory="259bb9e0-f6a1-4ed3-8692-915071769446">
      <Output>
        <ErrorInfo>
          <Message>System.ArgumentException : Can not instantiate proxy of class: Aula.Tools.ReminderCommandHandler.
Could not find a parameterless constructor. (Parameter 'constructorArguments')
---- System.MissingMethodException : Constructor on type 'Castle.Proxies.ReminderCommandHandlerProxy' not found.</Message>
          <StackTrace>   at Castle.DynamicProxy.ProxyGenerator.CreateClassProxyInstance(Type proxyType, List`1 proxyArguments, Type classToProxy, Object[] constructorArguments)
   at Castle.DynamicProxy.ProxyGenerator.CreateClassProxy(Type classToProxy, Type[] additionalInterfacesToProxy, ProxyGenerationOptions options, Object[] constructorArguments, IInterceptor[] interceptors)
   at Moq.CastleProxyFactory.CreateProxy(Type mockType, IInterceptor interceptor, Type[] interfaces, Object[] arguments) in /_/src/Moq/Interception/CastleProxyFactory.cs:line 62
   at Moq.Mock`1.InitializeInstance() in /_/src/Moq/Mock`1.cs:line 309
   at Moq.Mock`1.OnGetObject() in /_/src/Moq/Mock`1.cs:line 323
   at Moq.Mock.get_Object() in /_/src/Moq/Mock.cs:line 181
   at Moq.Mock`1.get_Object() in /_/src/Moq/Mock`1.cs:line 281
   at Aula.Tests.Bots.SlackMessageHandlerTests..ctor() in /mnt/d/git/aula/src/Aula.Tests/Bots/SlackMessageHandlerTests.cs:line 57
   at System.RuntimeType.CreateInstanceDefaultCtor(Boolean publicOnly, Boolean wrapExceptions)
----- Inner Stack Trace -----
   at System.RuntimeType.CreateInstanceImpl(BindingFlags bindingAttr, Binder binder, Object[] args, CultureInfo culture)
   at Castle.DynamicProxy.ProxyGenerator.CreateClassProxyInstance(Type proxyType, List`1 proxyArguments, Type classToProxy, Object[] constructorArguments)</StackTrace>
        </ErrorInfo>
      </Output>
    </UnitTestResult>
    <UnitTestResult executionId="45963a21-6b41-4904-90c6-1a03e11426d9" testId="0e25bcf5-ab45-f600-b517-83fefa26e455" testName="Aula.Tests.Configuration.ConfigurationTests.Timers_AdaptivePollingLimits_ValidationTests(minSeconds: 10, maxSeconds: 10, isValid: True)" computerName="RHO-DESKTOP" duration="00:00:00.0188149" startTime="2025-06-30T18:59:48.1206324+02:00" endTime="2025-06-30T18:59:48.1206328+02:00" testType="13cdc9d9-ddb5-4fa4-a97d-d965ccfc6d4b" outcome="Passed" testListId="8c84fa94-04c1-424b-9868-57a2d4851a1d" relativeResultsDirectory="45963a21-6b41-4904-90c6-1a03e11426d9" />
    <UnitTestResult executionId="6e87663e-ede8-49ab-8df5-3a3403cfa619" testId="3332c67c-92a3-057f-677b-9ccf84688a91" testName="Aula.Tests.Utilities.ReminderExtractionPromptsTests.GetExtractionPrompt_WithRealQueries_EmbedsQueryCorrectly(query: &quot;Pick up Emma tomorrow at 3 PM&quot;)" computerName="RHO-DESKTOP" duration="00:00:00.0000366" startTime="2025-06-30T18:59:47.8047886+02:00" endTime="2025-06-30T18:59:47.8047891+02:00" testType="13cdc9d9-ddb5-4fa4-a97d-d965ccfc6d4b" outcome="Passed" testListId="8c84fa94-04c1-424b-9868-57a2d4851a1d" relativeResultsDirectory="6e87663e-ede8-49ab-8df5-3a3403cfa619" />
    <UnitTestResult executionId="36007e19-b5f0-4f57-9cab-a34d4963f9a0" testId="eefc6d24-5020-8505-1dbb-9868d5500570" testName="Aula.Tests.Bots.SlackMessageHandlerTests.Constructor_WithNullConfig_ThrowsArgumentNullException" computerName="RHO-DESKTOP" duration="00:00:00.0010000" startTime="2025-06-30T18:59:47.6641832+02:00" endTime="2025-06-30T18:59:47.6641833+02:00" testType="13cdc9d9-ddb5-4fa4-a97d-d965ccfc6d4b" outcome="Failed" testListId="8c84fa94-04c1-424b-9868-57a2d4851a1d" relativeResultsDirectory="36007e19-b5f0-4f57-9cab-a34d4963f9a0">
      <Output>
        <ErrorInfo>
          <Message>System.ArgumentException : Can not instantiate proxy of class: Aula.Tools.ReminderCommandHandler.
Could not find a parameterless constructor. (Parameter 'constructorArguments')
---- System.MissingMethodException : Constructor on type 'Castle.Proxies.ReminderCommandHandlerProxy' not found.</Message>
          <StackTrace>   at Castle.DynamicProxy.ProxyGenerator.CreateClassProxyInstance(Type proxyType, List`1 proxyArguments, Type classToProxy, Object[] constructorArguments)
   at Castle.DynamicProxy.ProxyGenerator.CreateClassProxy(Type classToProxy, Type[] additionalInterfacesToProxy, ProxyGenerationOptions options, Object[] constructorArguments, IInterceptor[] interceptors)
   at Moq.CastleProxyFactory.CreateProxy(Type mockType, IInterceptor interceptor, Type[] interfaces, Object[] arguments) in /_/src/Moq/Interception/CastleProxyFactory.cs:line 62
   at Moq.Mock`1.InitializeInstance() in /_/src/Moq/Mock`1.cs:line 309
   at Moq.Mock`1.OnGetObject() in /_/src/Moq/Mock`1.cs:line 323
   at Moq.Mock.get_Object() in /_/src/Moq/Mock.cs:line 181
   at Moq.Mock`1.get_Object() in /_/src/Moq/Mock`1.cs:line 281
   at Aula.Tests.Bots.SlackMessageHandlerTests..ctor() in /mnt/d/git/aula/src/Aula.Tests/Bots/SlackMessageHandlerTests.cs:line 57
   at System.RuntimeType.CreateInstanceDefaultCtor(Boolean publicOnly, Boolean wrapExceptions)
----- Inner Stack Trace -----
   at System.RuntimeType.CreateInstanceImpl(BindingFlags bindingAttr, Binder binder, Object[] args, CultureInfo culture)
   at Castle.DynamicProxy.ProxyGenerator.CreateClassProxyInstance(Type proxyType, List`1 proxyArguments, Type classToProxy, Object[] constructorArguments)</StackTrace>
        </ErrorInfo>
      </Output>
    </UnitTestResult>
    <UnitTestResult executionId="adaa2dad-5bbc-441c-98b8-3c8f2ee3b837" testId="89f817bf-e9a1-f0b4-2111-76edf6a63676" testName="Aula.Tests.Utilities.IntentAnalysisPromptsTests.GetFormattedPrompt_IncludesAllExamples" computerName="RHO-DESKTOP" duration="00:00:00.0025560" startTime="2025-06-30T18:59:48.2105286+02:00" endTime="2025-06-30T18:59:48.2105287+02:00" testType="13cdc9d9-ddb5-4fa4-a97d-d965ccfc6d4b" outcome="Passed" testListId="8c84fa94-04c1-424b-9868-57a2d4851a1d" relativeResultsDirectory="adaa2dad-5bbc-441c-98b8-3c8f2ee3b837" />
    <UnitTestResult executionId="b3bd4eb9-d7d0-4945-b7df-04dc0baa5aa3" testId="b818bc8f-75bb-2119-5010-d4b3daaab169" testName="Aula.Tests.Services.DataModelTests.PostedLetter_WeekNumberValidation_ReturnsExpectedResult(weekNumber: 54, year: 2023, isValid: False)" computerName="RHO-DESKTOP" duration="00:00:00.0000179" startTime="2025-06-30T18:59:48.0496344+02:00" endTime="2025-06-30T18:59:48.0496345+02:00" testType="13cdc9d9-ddb5-4fa4-a97d-d965ccfc6d4b" outcome="Passed" testListId="8c84fa94-04c1-424b-9868-57a2d4851a1d" relativeResultsDirectory="b3bd4eb9-d7d0-4945-b7df-04dc0baa5aa3" />
    <UnitTestResult executionId="69161d43-a4ef-46d9-b5f8-52b023c8a515" testId="a2a7734b-7826-2e52-b732-ff373605efea" testName="Aula.Tests.Channels.TelegramClientTests.SendMessageToChannel_WithVariousMessages_DoesNotThrow(message: &quot;Message with &lt;b&gt;bold&lt;/b&gt; text&quot;)" computerName="RHO-DESKTOP" duration="00:00:00.0004250" startTime="2025-06-30T18:59:48.1346466+02:00" endTime="2025-06-30T18:59:48.1346469+02:00" testType="13cdc9d9-ddb5-4fa4-a97d-d965ccfc6d4b" outcome="Passed" testListId="8c84fa94-04c1-424b-9868-57a2d4851a1d" relativeResultsDirectory="69161d43-a4ef-46d9-b5f8-52b023c8a515" />
    <UnitTestResult executionId="b0cb572a-e30f-4f91-bdaf-81f021e128a2" testId="a7a3158e-1399-dbdf-e50f-3716ddb1ba8c" testName="Aula.Tests.Utilities.ConversationContextManagerTests.Constructor_WithNullLogger_ThrowsArgumentNullException" computerName="RHO-DESKTOP" duration="00:00:00.0005898" startTime="2025-06-30T18:59:47.4273246+02:00" endTime="2025-06-30T18:59:47.4273247+02:00" testType="13cdc9d9-ddb5-4fa4-a97d-d965ccfc6d4b" outcome="Passed" testListId="8c84fa94-04c1-424b-9868-57a2d4851a1d" relativeResultsDirectory="b0cb572a-e30f-4f91-bdaf-81f021e128a2" />
    <UnitTestResult executionId="b18e9717-aa97-460a-bb8d-6f073359ffa6" testId="836451b2-62cb-4cd2-ca5f-c5c8f2c0a202" testName="Aula.Tests.Bots.SlackInteractiveBotTests.Dispose_WhenCalled_DisposesResources" computerName="RHO-DESKTOP" duration="00:00:00.0004153" startTime="2025-06-30T18:59:48.1104663+02:00" endTime="2025-06-30T18:59:48.1104664+02:00" testType="13cdc9d9-ddb5-4fa4-a97d-d965ccfc6d4b" outcome="Passed" testListId="8c84fa94-04c1-424b-9868-57a2d4851a1d" relativeResultsDirectory="b18e9717-aa97-460a-bb8d-6f073359ffa6" />
    <UnitTestResult executionId="ec2b5cb4-1958-41f2-8688-9129a794bbfe" testId="eaeadf06-6f78-ef66-9240-54edcfcfb42c" testName="Aula.Tests.Utilities.WeekLetterContentExtractorTests.ExtractContent_WithMissingUgebreve_ReturnsEmptyString" computerName="RHO-DESKTOP" duration="00:00:00.0002446" startTime="2025-06-30T18:59:47.3525325+02:00" endTime="2025-06-30T18:59:47.3525326+02:00" testType="13cdc9d9-ddb5-4fa4-a97d-d965ccfc6d4b" outcome="Passed" testListId="8c84fa94-04c1-424b-9868-57a2d4851a1d" relativeResultsDirectory="ec2b5cb4-1958-41f2-8688-9129a794bbfe" />
    <UnitTestResult executionId="3f2b942a-e728-40fa-b98c-1224f9d726ed" testId="40ac891b-3aed-7213-ed1d-840834b3000d" testName="Aula.Tests.Bots.TelegramMessageHandlerTests.HandleMessageAsync_WithValidQuery_ProcessesSuccessfully(queryText: &quot;Vis ugeplanen&quot;)" computerName="RHO-DESKTOP" duration="00:00:00.0010000" startTime="2025-06-30T18:59:47.4486758+02:00" endTime="2025-06-30T18:59:47.4486764+02:00" testType="13cdc9d9-ddb5-4fa4-a97d-d965ccfc6d4b" outcome="Failed" testListId="8c84fa94-04c1-424b-9868-57a2d4851a1d" relativeResultsDirectory="3f2b942a-e728-40fa-b98c-1224f9d726ed">
      <Output>
        <ErrorInfo>
          <Message>System.ArgumentException : Can not instantiate proxy of class: Aula.Utilities.ConversationContextManager`1[[System.Int64, System.Private.CoreLib, Version=9.0.0.0, Culture=neutral, PublicKeyToken=7cec85d7bea7798e]].
Could not find a parameterless constructor. (Parameter 'constructorArguments')
---- System.MissingMethodException : Constructor on type 'Castle.Proxies.ConversationContextManager`1Proxy' not found.</Message>
          <StackTrace>   at Castle.DynamicProxy.ProxyGenerator.CreateClassProxyInstance(Type proxyType, List`1 proxyArguments, Type classToProxy, Object[] constructorArguments)
   at Castle.DynamicProxy.ProxyGenerator.CreateClassProxy(Type classToProxy, Type[] additionalInterfacesToProxy, ProxyGenerationOptions options, Object[] constructorArguments, IInterceptor[] interceptors)
   at Moq.CastleProxyFactory.CreateProxy(Type mockType, IInterceptor interceptor, Type[] interfaces, Object[] arguments) in /_/src/Moq/Interception/CastleProxyFactory.cs:line 62
   at Moq.Mock`1.InitializeInstance() in /_/src/Moq/Mock`1.cs:line 309
   at Moq.Mock`1.OnGetObject() in /_/src/Moq/Mock`1.cs:line 323
   at Moq.Mock.get_Object() in /_/src/Moq/Mock.cs:line 181
   at Moq.Mock`1.get_Object() in /_/src/Moq/Mock`1.cs:line 281
   at Aula.Tests.Bots.TelegramMessageHandlerTests..ctor() in /mnt/d/git/aula/src/Aula.Tests/Bots/TelegramMessageHandlerTests.cs:line 63
   at System.RuntimeType.CreateInstanceDefaultCtor(Boolean publicOnly, Boolean wrapExceptions)
----- Inner Stack Trace -----
   at System.RuntimeType.CreateInstanceImpl(BindingFlags bindingAttr, Binder binder, Object[] args, CultureInfo culture)
   at Castle.DynamicProxy.ProxyGenerator.CreateClassProxyInstance(Type proxyType, List`1 proxyArguments, Type classToProxy, Object[] constructorArguments)</StackTrace>
        </ErrorInfo>
      </Output>
    </UnitTestResult>
    <UnitTestResult executionId="b5598767-5970-42a7-9f24-46bfccde08a7" testId="34366f44-ed9b-7d8b-6c2d-6118dfaf9ff9" testName="Aula.Tests.Services.DataModelTests.ScheduledTask_WithProperties_SetsCorrectly" computerName="RHO-DESKTOP" duration="00:00:00.0263184" startTime="2025-06-30T18:59:48.0714893+02:00" endTime="2025-06-30T18:59:48.0714894+02:00" testType="13cdc9d9-ddb5-4fa4-a97d-d965ccfc6d4b" outcome="Passed" testListId="8c84fa94-04c1-424b-9868-57a2d4851a1d" relativeResultsDirectory="b5598767-5970-42a7-9f24-46bfccde08a7" />
    <UnitTestResult executionId="de0d4910-ce7d-4bd9-9944-501e19f39203" testId="95755321-99fe-3c41-7267-feb0fced4809" testName="Aula.Tests.Utilities.ReminderExtractionPromptsTests.GetExtractionPrompt_WithRealQueries_EmbedsQueryCorrectly(query: &quot;Call the doctor in 2 hours&quot;)" computerName="RHO-DESKTOP" duration="00:00:00.0000339" startTime="2025-06-30T18:59:47.8055012+02:00" endTime="2025-06-30T18:59:47.8055013+02:00" testType="13cdc9d9-ddb5-4fa4-a97d-d965ccfc6d4b" outcome="Passed" testListId="8c84fa94-04c1-424b-9868-57a2d4851a1d" relativeResultsDirectory="de0d4910-ce7d-4bd9-9944-501e19f39203" />
    <UnitTestResult executionId="4dba5bb4-716d-410d-aa2b-44f12cbe21da" testId="b4f6ecd8-21d2-e463-3b8f-e414fa0d53d7" testName="Aula.Tests.Tools.AiToolsManagerTests.ListRemindersAsync_WithNoReminders_ReturnsEmptyMessage" computerName="RHO-DESKTOP" duration="00:00:00.0021368" startTime="2025-06-30T18:59:47.9326355+02:00" endTime="2025-06-30T18:59:47.9326356+02:00" testType="13cdc9d9-ddb5-4fa4-a97d-d965ccfc6d4b" outcome="Passed" testListId="8c84fa94-04c1-424b-9868-57a2d4851a1d" relativeResultsDirectory="4dba5bb4-716d-410d-aa2b-44f12cbe21da" />
    <UnitTestResult executionId="255a59bb-d7aa-4e1d-96a0-7fa7dfcab624" testId="ffc1e6de-c7e5-39de-fa7e-18eabd193809" testName="Aula.Tests.Bots.SlackInteractiveBotTests.Constructor_WithNullSupabaseService_ThrowsArgumentNullException" computerName="RHO-DESKTOP" duration="00:00:00.0009845" startTime="2025-06-30T18:59:48.0944248+02:00" endTime="2025-06-30T18:59:48.0944251+02:00" testType="13cdc9d9-ddb5-4fa4-a97d-d965ccfc6d4b" outcome="Passed" testListId="8c84fa94-04c1-424b-9868-57a2d4851a1d" relativeResultsDirectory="255a59bb-d7aa-4e1d-96a0-7fa7dfcab624" />
    <UnitTestResult executionId="d2431d09-60ed-446d-8318-7e766dec45e7" testId="f1a8ea88-01e1-69c3-1fe9-4aa537f89af0" testName="Aula.Tests.Bots.TelegramInteractiveBotTests.SendMessage_WithLongChatId_SendsSuccessfully(chatId: &quot;1234567890&quot;)" computerName="RHO-DESKTOP" duration="00:00:00.8631900" startTime="2025-06-30T18:59:48.3706952+02:00" endTime="2025-06-30T18:59:48.3706954+02:00" testType="13cdc9d9-ddb5-4fa4-a97d-d965ccfc6d4b" outcome="Passed" testListId="8c84fa94-04c1-424b-9868-57a2d4851a1d" relativeResultsDirectory="d2431d09-60ed-446d-8318-7e766dec45e7" />
    <UnitTestResult executionId="e87313fb-bb32-4c99-96d8-cda455d0345d" testId="abccacca-7bbc-accb-c206-54d138eb3775" testName="Aula.Tests.Utilities.FollowUpQuestionDetectorTests.IsFollowUpQuestion_WithUnicodeChildNames_WorksCorrectly(input: &quot;søren&quot;)" computerName="RHO-DESKTOP" duration="00:00:00.0000527" startTime="2025-06-30T18:59:47.9907761+02:00" endTime="2025-06-30T18:59:47.9907762+02:00" testType="13cdc9d9-ddb5-4fa4-a97d-d965ccfc6d4b" outcome="Passed" testListId="8c84fa94-04c1-424b-9868-57a2d4851a1d" relativeResultsDirectory="e87313fb-bb32-4c99-96d8-cda455d0345d" />
    <UnitTestResult executionId="6757ad65-7e46-446b-94c5-105fb0ab46b7" testId="45fb5dfe-53cd-6a22-0ca1-9597e2979720" testName="Aula.Tests.Channels.TelegramClientTests.SendMessageToChannel_WithDisabledTelegram_ReturnsFalse" computerName="RHO-DESKTOP" duration="00:00:00.0009823" startTime="2025-06-30T18:59:48.1385518+02:00" endTime="2025-06-30T18:59:48.1385520+02:00" testType="13cdc9d9-ddb5-4fa4-a97d-d965ccfc6d4b" outcome="Passed" testListId="8c84fa94-04c1-424b-9868-57a2d4851a1d" relativeResultsDirectory="6757ad65-7e46-446b-94c5-105fb0ab46b7" />
    <UnitTestResult executionId="86f6fc78-1e28-4468-ad18-54b5fdc5167b" testId="3dfa9941-19c4-5af8-c083-d23b4b389829" testName="Aula.Tests.Utilities.FollowUpQuestionDetectorTests.IsFollowUpQuestion_WithLongMessageContainingChildName_ReturnsFalse(input: &quot;A detailed question about Liam's homework that is &quot;···)" computerName="RHO-DESKTOP" duration="00:00:00.0007913" startTime="2025-06-30T18:59:47.9481283+02:00" endTime="2025-06-30T18:59:47.9481284+02:00" testType="13cdc9d9-ddb5-4fa4-a97d-d965ccfc6d4b" outcome="Passed" testListId="8c84fa94-04c1-424b-9868-57a2d4851a1d" relativeResultsDirectory="86f6fc78-1e28-4468-ad18-54b5fdc5167b" />
    <UnitTestResult executionId="943e40d3-672e-4166-82e2-76456471738b" testId="6f9f5016-c386-f671-b8d8-6fc0a14626eb" testName="Aula.Tests.Utilities.ConversationContextManagerTests.Manager_WithIntegerKeys_WorksCorrectly" computerName="RHO-DESKTOP" duration="00:00:00.0036787" startTime="2025-06-30T18:59:47.3619975+02:00" endTime="2025-06-30T18:59:47.3619977+02:00" testType="13cdc9d9-ddb5-4fa4-a97d-d965ccfc6d4b" outcome="Passed" testListId="8c84fa94-04c1-424b-9868-57a2d4851a1d" relativeResultsDirectory="943e40d3-672e-4166-82e2-76456471738b" />
    <UnitTestResult executionId="4fa6f1a4-3f91-49fa-aaee-abdad3f1771f" testId="2e7985fe-e95f-8919-ba34-acd7bc78ecb7" testName="Aula.Tests.Services.OpenAiServiceTests.OpenAiService_ClearConversationHistory_WithContextKey_RemovesSpecificContext" computerName="RHO-DESKTOP" duration="00:00:00.0303242" startTime="2025-06-30T18:59:47.7577161+02:00" endTime="2025-06-30T18:59:47.7577164+02:00" testType="13cdc9d9-ddb5-4fa4-a97d-d965ccfc6d4b" outcome="Passed" testListId="8c84fa94-04c1-424b-9868-57a2d4851a1d" relativeResultsDirectory="4fa6f1a4-3f91-49fa-aaee-abdad3f1771f" />
    <UnitTestResult executionId="6060cae8-6f5b-4ccb-8238-8466acee9c88" testId="e93018a6-329d-1e6a-244e-75972e649bf3" testName="Aula.Tests.Utilities.WeekLetterContentExtractorTests.ExtractContent_WithNullUgebreve_ReturnsEmptyString" computerName="RHO-DESKTOP" duration="00:00:00.0001620" startTime="2025-06-30T18:59:47.7492231+02:00" endTime="2025-06-30T18:59:47.7492232+02:00" testType="13cdc9d9-ddb5-4fa4-a97d-d965ccfc6d4b" outcome="Passed" testListId="8c84fa94-04c1-424b-9868-57a2d4851a1d" relativeResultsDirectory="6060cae8-6f5b-4ccb-8238-8466acee9c88" />
    <UnitTestResult executionId="878fe891-3995-4562-8add-54ac373e30c4" testId="959fba83-0682-2e3d-51fe-2394f6f56bd3" testName="Aula.Tests.Services.DataModelTests.ScheduledTask_DefaultConstructor_InitializesCorrectly" computerName="RHO-DESKTOP" duration="00:00:00.0009484" startTime="2025-06-30T18:59:47.9574649+02:00" endTime="2025-06-30T18:59:47.9574650+02:00" testType="13cdc9d9-ddb5-4fa4-a97d-d965ccfc6d4b" outcome="Passed" testListId="8c84fa94-04c1-424b-9868-57a2d4851a1d" relativeResultsDirectory="878fe891-3995-4562-8add-54ac373e30c4" />
    <UnitTestResult executionId="392f5cf8-01a7-49a2-90f2-b9c3db48c700" testId="be069dea-132b-4f72-c1c8-8b4fd667fd7f" testName="Aula.Tests.Utilities.JsonFormatterTests.Prettify_WithAlreadyFormattedJson_ReturnsFormattedJson" computerName="RHO-DESKTOP" duration="00:00:00.0006621" startTime="2025-06-30T18:59:47.2665551+02:00" endTime="2025-06-30T18:59:47.2665552+02:00" testType="13cdc9d9-ddb5-4fa4-a97d-d965ccfc6d4b" outcome="Passed" testListId="8c84fa94-04c1-424b-9868-57a2d4851a1d" relativeResultsDirectory="392f5cf8-01a7-49a2-90f2-b9c3db48c700" />
    <UnitTestResult executionId="cd451806-bcbb-4cc4-b14c-227b9428dcf9" testId="4854f432-ed08-b528-1fc8-b51b93105d76" testName="Aula.Tests.Services.OpenAiServiceIntegrationTests.Constructor_WithCustomModel_UsesSpecifiedModel" computerName="RHO-DESKTOP" duration="00:00:00.0027700" startTime="2025-06-30T18:59:47.7474930+02:00" endTime="2025-06-30T18:59:47.7474930+02:00" testType="13cdc9d9-ddb5-4fa4-a97d-d965ccfc6d4b" outcome="Failed" testListId="8c84fa94-04c1-424b-9868-57a2d4851a1d" relativeResultsDirectory="cd451806-bcbb-4cc4-b14c-227b9428dcf9">
      <Output>
        <ErrorInfo>
          <Message>System.ArgumentException : Can not instantiate proxy of class: Aula.Tools.AiToolsManager.
Could not find a parameterless constructor. (Parameter 'constructorArguments')
---- System.MissingMethodException : Constructor on type 'Castle.Proxies.AiToolsManagerProxy' not found.</Message>
          <StackTrace>   at Castle.DynamicProxy.ProxyGenerator.CreateClassProxyInstance(Type proxyType, List`1 proxyArguments, Type classToProxy, Object[] constructorArguments)
   at Castle.DynamicProxy.ProxyGenerator.CreateClassProxy(Type classToProxy, Type[] additionalInterfacesToProxy, ProxyGenerationOptions options, Object[] constructorArguments, IInterceptor[] interceptors)
   at Moq.CastleProxyFactory.CreateProxy(Type mockType, IInterceptor interceptor, Type[] interfaces, Object[] arguments) in /_/src/Moq/Interception/CastleProxyFactory.cs:line 62
   at Moq.Mock`1.InitializeInstance() in /_/src/Moq/Mock`1.cs:line 309
   at Moq.Mock`1.OnGetObject() in /_/src/Moq/Mock`1.cs:line 323
   at Moq.Mock.get_Object() in /_/src/Moq/Mock.cs:line 181
   at Moq.Mock`1.get_Object() in /_/src/Moq/Mock`1.cs:line 281
   at Aula.Tests.Services.OpenAiServiceIntegrationTests.Constructor_WithCustomModel_UsesSpecifiedModel() in /mnt/d/git/aula/src/Aula.Tests/Services/OpenAiServiceIntegrationTests.cs:line 79
   at System.RuntimeMethodHandle.InvokeMethod(Object target, Void** arguments, Signature sig, Boolean isConstructor)
   at System.Reflection.MethodBaseInvoker.InvokeWithNoArgs(Object obj, BindingFlags invokeAttr)
----- Inner Stack Trace -----
   at System.RuntimeType.CreateInstanceImpl(BindingFlags bindingAttr, Binder binder, Object[] args, CultureInfo culture)
   at Castle.DynamicProxy.ProxyGenerator.CreateClassProxyInstance(Type proxyType, List`1 proxyArguments, Type classToProxy, Object[] constructorArguments)</StackTrace>
        </ErrorInfo>
      </Output>
    </UnitTestResult>
    <UnitTestResult executionId="371c165c-c52f-4083-81dc-187516fa9a7a" testId="366f0f62-c3df-406d-3cbd-6a62fe8e98a7" testName="Aula.Tests.Utilities.IntentAnalysisPromptsTests.ToolExamples_ContainsRequiredKeys(key: &quot;LIST_REMINDERS_DANISH&quot;)" computerName="RHO-DESKTOP" duration="00:00:00.0000056" startTime="2025-06-30T18:59:48.1951876+02:00" endTime="2025-06-30T18:59:48.1951878+02:00" testType="13cdc9d9-ddb5-4fa4-a97d-d965ccfc6d4b" outcome="Passed" testListId="8c84fa94-04c1-424b-9868-57a2d4851a1d" relativeResultsDirectory="371c165c-c52f-4083-81dc-187516fa9a7a" />
    <UnitTestResult executionId="fd28da37-e204-46fb-b3e5-5f3ef26d3dcf" testId="9c0e588a-866b-1517-e5d3-e54c7a4a3de2" testName="Aula.Tests.Configuration.ConfigurationTests.Children_WithMultipleChildren_MaintainsOrder" computerName="RHO-DESKTOP" duration="00:00:00.0127003" startTime="2025-06-30T18:59:48.2825465+02:00" endTime="2025-06-30T18:59:48.2825466+02:00" testType="13cdc9d9-ddb5-4fa4-a97d-d965ccfc6d4b" outcome="Passed" testListId="8c84fa94-04c1-424b-9868-57a2d4851a1d" relativeResultsDirectory="fd28da37-e204-46fb-b3e5-5f3ef26d3dcf" />
    <UnitTestResult executionId="bfe04224-15d4-4ca8-bbf8-f094c976a03b" testId="68fca5a0-0889-490e-ec2f-406de7ad763a" testName="Aula.Tests.Integration.MinUddannelseClientTests.GetWeekLetter_ReturnsWeekLetter_WhenApiReturnsData" computerName="RHO-DESKTOP" duration="00:00:00.0642636" startTime="2025-06-30T18:59:48.0791228+02:00" endTime="2025-06-30T18:59:48.0791229+02:00" testType="13cdc9d9-ddb5-4fa4-a97d-d965ccfc6d4b" outcome="Passed" testListId="8c84fa94-04c1-424b-9868-57a2d4851a1d" relativeResultsDirectory="bfe04224-15d4-4ca8-bbf8-f094c976a03b" />
    <UnitTestResult executionId="fd3b9f02-aff7-4201-9d91-c7f6d00dcf34" testId="7bb5033b-053d-57a5-c00e-279f476a8835" testName="Aula.Tests.Utilities.ConversationContextManagerTests.UpdateContext_WithDefaultParameters_SetsCorrectDefaults" computerName="RHO-DESKTOP" duration="00:00:00.0005070" startTime="2025-06-30T18:59:47.3922641+02:00" endTime="2025-06-30T18:59:47.3922643+02:00" testType="13cdc9d9-ddb5-4fa4-a97d-d965ccfc6d4b" outcome="Passed" testListId="8c84fa94-04c1-424b-9868-57a2d4851a1d" relativeResultsDirectory="fd3b9f02-aff7-4201-9d91-c7f6d00dcf34" />
    <UnitTestResult executionId="55f9bc94-9b58-44ee-84b2-89d340ba54e8" testId="a8b9844c-6104-c9c6-7d60-78d6100065b0" testName="Aula.Tests.Utilities.ConversationContextTests.IsStillValid_WithOldTimestamp_ReturnsFalse" computerName="RHO-DESKTOP" duration="00:00:00.0004820" startTime="2025-06-30T18:59:47.2386266+02:00" endTime="2025-06-30T18:59:47.2386267+02:00" testType="13cdc9d9-ddb5-4fa4-a97d-d965ccfc6d4b" outcome="Passed" testListId="8c84fa94-04c1-424b-9868-57a2d4851a1d" relativeResultsDirectory="55f9bc94-9b58-44ee-84b2-89d340ba54e8" />
    <UnitTestResult executionId="f56ba3b5-2e53-4402-95b5-0e0773f3a7bf" testId="a8373318-d0c0-3b68-eeb8-1cd7a830e6d6" testName="Aula.Tests.Configuration.ConfigurationTests.Configuration_LoadsSuccessfully" computerName="RHO-DESKTOP" duration="00:00:00.0056033" startTime="2025-06-30T18:59:48.4239427+02:00" endTime="2025-06-30T18:59:48.4239428+02:00" testType="13cdc9d9-ddb5-4fa4-a97d-d965ccfc6d4b" outcome="Passed" testListId="8c84fa94-04c1-424b-9868-57a2d4851a1d" relativeResultsDirectory="f56ba3b5-2e53-4402-95b5-0e0773f3a7bf" />
    <UnitTestResult executionId="b03bee85-6fb6-45d6-9ef1-3223a2146e03" testId="f5c58e94-9cf1-991c-aa85-75e7d2a200a6" testName="Aula.Tests.Configuration.ConfigurationTests.Slack_ChannelId_ValidationTests(channelId: &quot;   &quot;, isValid: False)" computerName="RHO-DESKTOP" duration="00:00:00.0086962" startTime="2025-06-30T18:59:48.3814329+02:00" endTime="2025-06-30T18:59:48.3814331+02:00" testType="13cdc9d9-ddb5-4fa4-a97d-d965ccfc6d4b" outcome="Passed" testListId="8c84fa94-04c1-424b-9868-57a2d4851a1d" relativeResultsDirectory="b03bee85-6fb6-45d6-9ef1-3223a2146e03" />
    <UnitTestResult executionId="8c09f988-599b-456c-b3df-70485e893621" testId="e864bc3b-2488-4a94-3944-8157a5bb958a" testName="Aula.Tests.Utilities.JsonFormatterTests.Prettify_WithIncompleteJson_ThrowsException(incompleteJson: &quot;{&quot;)" computerName="RHO-DESKTOP" duration="00:00:00.0000891" startTime="2025-06-30T18:59:47.2639002+02:00" endTime="2025-06-30T18:59:47.2639004+02:00" testType="13cdc9d9-ddb5-4fa4-a97d-d965ccfc6d4b" outcome="Passed" testListId="8c84fa94-04c1-424b-9868-57a2d4851a1d" relativeResultsDirectory="8c09f988-599b-456c-b3df-70485e893621" />
    <UnitTestResult executionId="6a753627-8a03-44fd-97d6-2d4f757bed7e" testId="8c77f87a-9ff2-d101-f9e6-6771eeb5c649" testName="Aula.Tests.Services.OpenAiServiceIntegrationTests.Constructor_WithValidParameters_InitializesCorrectly" computerName="RHO-DESKTOP" duration="00:00:00.0020972" startTime="2025-06-30T18:59:47.8451753+02:00" endTime="2025-06-30T18:59:47.8451755+02:00" testType="13cdc9d9-ddb5-4fa4-a97d-d965ccfc6d4b" outcome="Failed" testListId="8c84fa94-04c1-424b-9868-57a2d4851a1d" relativeResultsDirectory="6a753627-8a03-44fd-97d6-2d4f757bed7e">
      <Output>
        <ErrorInfo>
          <Message>System.ArgumentException : Can not instantiate proxy of class: Aula.Tools.AiToolsManager.
Could not find a parameterless constructor. (Parameter 'constructorArguments')
---- System.MissingMethodException : Constructor on type 'Castle.Proxies.AiToolsManagerProxy' not found.</Message>
          <StackTrace>   at Castle.DynamicProxy.ProxyGenerator.CreateClassProxyInstance(Type proxyType, List`1 proxyArguments, Type classToProxy, Object[] constructorArguments)
   at Castle.DynamicProxy.ProxyGenerator.CreateClassProxy(Type classToProxy, Type[] additionalInterfacesToProxy, ProxyGenerationOptions options, Object[] constructorArguments, IInterceptor[] interceptors)
   at Moq.CastleProxyFactory.CreateProxy(Type mockType, IInterceptor interceptor, Type[] interfaces, Object[] arguments) in /_/src/Moq/Interception/CastleProxyFactory.cs:line 62
   at Moq.Mock`1.InitializeInstance() in /_/src/Moq/Mock`1.cs:line 309
   at Moq.Mock`1.OnGetObject() in /_/src/Moq/Mock`1.cs:line 323
   at Moq.Mock.get_Object() in /_/src/Moq/Mock.cs:line 181
   at Moq.Mock`1.get_Object() in /_/src/Moq/Mock`1.cs:line 281
   at Aula.Tests.Services.OpenAiServiceIntegrationTests.Constructor_WithValidParameters_InitializesCorrectly() in /mnt/d/git/aula/src/Aula.Tests/Services/OpenAiServiceIntegrationTests.cs:line 32
   at System.RuntimeMethodHandle.InvokeMethod(Object target, Void** arguments, Signature sig, Boolean isConstructor)
   at System.Reflection.MethodBaseInvoker.InvokeWithNoArgs(Object obj, BindingFlags invokeAttr)
----- Inner Stack Trace -----
   at System.RuntimeType.CreateInstanceImpl(BindingFlags bindingAttr, Binder binder, Object[] args, CultureInfo culture)
   at Castle.DynamicProxy.ProxyGenerator.CreateClassProxyInstance(Type proxyType, List`1 proxyArguments, Type classToProxy, Object[] constructorArguments)</StackTrace>
        </ErrorInfo>
      </Output>
    </UnitTestResult>
    <UnitTestResult executionId="7946be25-e25c-4aad-bc9b-17efc6967662" testId="e76b4e50-70e5-0b84-1a79-8432276bb6be" testName="Aula.Tests.Services.OpenAiServiceTests.OpenAiService_Constructor_WithApiKey_InitializesCorrectly" computerName="RHO-DESKTOP" duration="00:00:00.0022118" startTime="2025-06-30T18:59:47.7662290+02:00" endTime="2025-06-30T18:59:47.7662293+02:00" testType="13cdc9d9-ddb5-4fa4-a97d-d965ccfc6d4b" outcome="Passed" testListId="8c84fa94-04c1-424b-9868-57a2d4851a1d" relativeResultsDirectory="7946be25-e25c-4aad-bc9b-17efc6967662" />
    <UnitTestResult executionId="9a9393ef-025d-4a53-be9d-d765fabe6774" testId="6b2a33da-8dbe-7c78-d246-94dec9023958" testName="Aula.Tests.Configuration.ConfigurationTests.Timers_SchedulingInterval_ValidationTests(intervalSeconds: 10, isValid: True)" computerName="RHO-DESKTOP" duration="00:00:00.0178796" startTime="2025-06-30T18:59:48.2643864+02:00" endTime="2025-06-30T18:59:48.2643866+02:00" testType="13cdc9d9-ddb5-4fa4-a97d-d965ccfc6d4b" outcome="Passed" testListId="8c84fa94-04c1-424b-9868-57a2d4851a1d" relativeResultsDirectory="9a9393ef-025d-4a53-be9d-d765fabe6774" />
    <UnitTestResult executionId="342eeed5-176d-4c62-ba1d-4e04c1eeb4d2" testId="341040bb-ced9-d1d7-7226-192f7cf8fcdc" testName="Aula.Tests.Utilities.ReminderExtractionPromptsTests.GetExtractionPrompt_CalculatesDanishRelativeTimesCorrectly" computerName="RHO-DESKTOP" duration="00:00:00.0003766" startTime="2025-06-30T18:59:47.8226094+02:00" endTime="2025-06-30T18:59:47.8226095+02:00" testType="13cdc9d9-ddb5-4fa4-a97d-d965ccfc6d4b" outcome="Passed" testListId="8c84fa94-04c1-424b-9868-57a2d4851a1d" relativeResultsDirectory="342eeed5-176d-4c62-ba1d-4e04c1eeb4d2" />
    <UnitTestResult executionId="320ff34c-2a7f-46a6-9f78-8edea1c9531c" testId="4daab14e-239d-9692-7fbb-75ab5af4e5fe" testName="Aula.Tests.Utilities.WeekLetterContentExtractorTests.ExtractContent_Dynamic_WithMultipleUgebreve_ReturnsFirstContent" computerName="RHO-DESKTOP" duration="00:00:00.0042451" startTime="2025-06-30T18:59:47.3583631+02:00" endTime="2025-06-30T18:59:47.3583634+02:00" testType="13cdc9d9-ddb5-4fa4-a97d-d965ccfc6d4b" outcome="Passed" testListId="8c84fa94-04c1-424b-9868-57a2d4851a1d" relativeResultsDirectory="320ff34c-2a7f-46a6-9f78-8edea1c9531c" />
    <UnitTestResult executionId="ed2acf47-893f-4ca7-a636-fe53d45f339d" testId="897f10c2-6c72-467e-5a23-7b3bebf70ffb" testName="Aula.Tests.Channels.SlackBotTests.Constructor_WithWebhookUrl_CreatesInstance" computerName="RHO-DESKTOP" duration="00:00:00.0001317" startTime="2025-06-30T18:59:48.2321400+02:00" endTime="2025-06-30T18:59:48.2321402+02:00" testType="13cdc9d9-ddb5-4fa4-a97d-d965ccfc6d4b" outcome="Passed" testListId="8c84fa94-04c1-424b-9868-57a2d4851a1d" relativeResultsDirectory="ed2acf47-893f-4ca7-a636-fe53d45f339d" />
    <UnitTestResult executionId="3875d8fc-1539-4c60-860d-565588062706" testId="c64fd3ef-a83e-8804-d6d0-9d8e2ff29cc2" testName="Aula.Tests.Integration.AgentServiceTests.AskQuestionAboutWeekLetterAsync_CallsOpenAiService" computerName="RHO-DESKTOP" duration="00:00:00.0232343" startTime="2025-06-30T18:59:48.1215214+02:00" endTime="2025-06-30T18:59:48.1215215+02:00" testType="13cdc9d9-ddb5-4fa4-a97d-d965ccfc6d4b" outcome="Passed" testListId="8c84fa94-04c1-424b-9868-57a2d4851a1d" relativeResultsDirectory="3875d8fc-1539-4c60-860d-565588062706" />
    <UnitTestResult executionId="58963ed5-8c92-4d9c-8bb0-1240f031a256" testId="5b2ca5e4-e86c-3f28-8244-339071e7c3be" testName="Aula.Tests.Utilities.FollowUpQuestionDetectorTests.IsFollowUpQuestion_WithFullChildNames_WorksCorrectly(input: &quot;hvad med Søren Johannes&quot;)" computerName="RHO-DESKTOP" duration="00:00:00.0000432" startTime="2025-06-30T18:59:48.0003285+02:00" endTime="2025-06-30T18:59:48.0003286+02:00" testType="13cdc9d9-ddb5-4fa4-a97d-d965ccfc6d4b" outcome="Passed" testListId="8c84fa94-04c1-424b-9868-57a2d4851a1d" relativeResultsDirectory="58963ed5-8c92-4d9c-8bb0-1240f031a256" />
    <UnitTestResult executionId="992240db-1f74-4492-b984-37104ea62d4f" testId="70db4613-e64a-610c-c0a7-4aad6b8acc12" testName="Aula.Tests.Channels.SlackBotTests.SendTestMessage_WithVariousMessages_DoesNotThrow(message: &quot;Message with special chars: @#$%&quot;)" computerName="RHO-DESKTOP" duration="00:00:00.0001726" startTime="2025-06-30T18:59:48.2253282+02:00" endTime="2025-06-30T18:59:48.2253283+02:00" testType="13cdc9d9-ddb5-4fa4-a97d-d965ccfc6d4b" outcome="Passed" testListId="8c84fa94-04c1-424b-9868-57a2d4851a1d" relativeResultsDirectory="992240db-1f74-4492-b984-37104ea62d4f" />
    <UnitTestResult executionId="e029e5b5-0977-4644-8896-8b578156c7b0" testId="350fb660-314c-786b-3d6b-541a0971c807" testName="Aula.Tests.Channels.TelegramClientTests.PostWeekLetter_WithDisabledTelegram_ReturnsFalse" computerName="RHO-DESKTOP" duration="00:00:00.0011862" startTime="2025-06-30T18:59:48.1038483+02:00" endTime="2025-06-30T18:59:48.1038485+02:00" testType="13cdc9d9-ddb5-4fa4-a97d-d965ccfc6d4b" outcome="Passed" testListId="8c84fa94-04c1-424b-9868-57a2d4851a1d" relativeResultsDirectory="e029e5b5-0977-4644-8896-8b578156c7b0" />
    <UnitTestResult executionId="077b6cb8-81fe-40d6-a297-48386df7ac34" testId="a91693fe-7a60-fb25-8c1a-3c9d5103f720" testName="Aula.Tests.Bots.TelegramMessageHandlerTests.HandleMessageAsync_WithNullText_ReturnsEarly" computerName="RHO-DESKTOP" duration="00:00:00.0010000" startTime="2025-06-30T18:59:47.6600814+02:00" endTime="2025-06-30T18:59:47.6600815+02:00" testType="13cdc9d9-ddb5-4fa4-a97d-d965ccfc6d4b" outcome="Failed" testListId="8c84fa94-04c1-424b-9868-57a2d4851a1d" relativeResultsDirectory="077b6cb8-81fe-40d6-a297-48386df7ac34">
      <Output>
        <ErrorInfo>
          <Message>System.ArgumentException : Can not instantiate proxy of class: Aula.Utilities.ConversationContextManager`1[[System.Int64, System.Private.CoreLib, Version=9.0.0.0, Culture=neutral, PublicKeyToken=7cec85d7bea7798e]].
Could not find a parameterless constructor. (Parameter 'constructorArguments')
---- System.MissingMethodException : Constructor on type 'Castle.Proxies.ConversationContextManager`1Proxy' not found.</Message>
          <StackTrace>   at Castle.DynamicProxy.ProxyGenerator.CreateClassProxyInstance(Type proxyType, List`1 proxyArguments, Type classToProxy, Object[] constructorArguments)
   at Castle.DynamicProxy.ProxyGenerator.CreateClassProxy(Type classToProxy, Type[] additionalInterfacesToProxy, ProxyGenerationOptions options, Object[] constructorArguments, IInterceptor[] interceptors)
   at Moq.CastleProxyFactory.CreateProxy(Type mockType, IInterceptor interceptor, Type[] interfaces, Object[] arguments) in /_/src/Moq/Interception/CastleProxyFactory.cs:line 62
   at Moq.Mock`1.InitializeInstance() in /_/src/Moq/Mock`1.cs:line 309
   at Moq.Mock`1.OnGetObject() in /_/src/Moq/Mock`1.cs:line 323
   at Moq.Mock.get_Object() in /_/src/Moq/Mock.cs:line 181
   at Moq.Mock`1.get_Object() in /_/src/Moq/Mock`1.cs:line 281
   at Aula.Tests.Bots.TelegramMessageHandlerTests..ctor() in /mnt/d/git/aula/src/Aula.Tests/Bots/TelegramMessageHandlerTests.cs:line 63
   at System.RuntimeType.CreateInstanceDefaultCtor(Boolean publicOnly, Boolean wrapExceptions)
----- Inner Stack Trace -----
   at System.RuntimeType.CreateInstanceImpl(BindingFlags bindingAttr, Binder binder, Object[] args, CultureInfo culture)
   at Castle.DynamicProxy.ProxyGenerator.CreateClassProxyInstance(Type proxyType, List`1 proxyArguments, Type classToProxy, Object[] constructorArguments)</StackTrace>
        </ErrorInfo>
      </Output>
    </UnitTestResult>
    <UnitTestResult executionId="2bd6cf2d-f776-4452-a078-b82e0c37d59c" testId="abd8e945-1cd6-1c43-f5d4-1f844731781d" testName="Aula.Tests.Utilities.FollowUpQuestionDetectorTests.IsFollowUpQuestion_WithEnglishFollowUpPhrases_ReturnsTrue(input: &quot;What About Emma?&quot;)" computerName="RHO-DESKTOP" duration="00:00:00.0000367" startTime="2025-06-30T18:59:47.9684867+02:00" endTime="2025-06-30T18:59:47.9684868+02:00" testType="13cdc9d9-ddb5-4fa4-a97d-d965ccfc6d4b" outcome="Passed" testListId="8c84fa94-04c1-424b-9868-57a2d4851a1d" relativeResultsDirectory="2bd6cf2d-f776-4452-a078-b82e0c37d59c" />
    <UnitTestResult executionId="d08cf7f3-acff-4dca-ac95-4377f987f04a" testId="6168ca12-341a-f09a-6cdf-6dd1f68c911d" testName="Aula.Tests.Utilities.IntentAnalysisPromptsTests.ToolExamples_CoverExpectedUseCase(expectedKey: &quot;INFORMATION_QUERY&quot;, queryPattern: &quot;what&quot;)" computerName="RHO-DESKTOP" duration="00:00:00.0000155" startTime="2025-06-30T18:59:48.1901176+02:00" endTime="2025-06-30T18:59:48.1901178+02:00" testType="13cdc9d9-ddb5-4fa4-a97d-d965ccfc6d4b" outcome="Passed" testListId="8c84fa94-04c1-424b-9868-57a2d4851a1d" relativeResultsDirectory="d08cf7f3-acff-4dca-ac95-4377f987f04a" />
    <UnitTestResult executionId="0cbbb242-a041-448a-befa-3fbbabd8481c" testId="852f061a-eb76-627b-f7c5-de08154576e3" testName="Aula.Tests.Utilities.ConversationContextManagerTests.UpdateContext_LogsInformation" computerName="RHO-DESKTOP" duration="00:00:00.0100952" startTime="2025-06-30T18:59:47.7189916+02:00" endTime="2025-06-30T18:59:47.7189917+02:00" testType="13cdc9d9-ddb5-4fa4-a97d-d965ccfc6d4b" outcome="Passed" testListId="8c84fa94-04c1-424b-9868-57a2d4851a1d" relativeResultsDirectory="0cbbb242-a041-448a-befa-3fbbabd8481c" />
    <UnitTestResult executionId="8f221a91-5236-417e-a4b3-600d830b2340" testId="4671f449-0198-2bb5-9d3d-e7e5207a3968" testName="Aula.Tests.Channels.SlackBotTests.Constructor_WithConfig_CreatesInstance" computerName="RHO-DESKTOP" duration="00:00:00.0005508" startTime="2025-06-30T18:59:48.2148427+02:00" endTime="2025-06-30T18:59:48.2148428+02:00" testType="13cdc9d9-ddb5-4fa4-a97d-d965ccfc6d4b" outcome="Passed" testListId="8c84fa94-04c1-424b-9868-57a2d4851a1d" relativeResultsDirectory="8f221a91-5236-417e-a4b3-600d830b2340" />
    <UnitTestResult executionId="661b4ff4-b7d4-4654-957d-ba03a5f63d5a" testId="a7b1749e-2ad3-548e-4171-dcc39a4ba308" testName="Aula.Tests.Channels.SlackBotTests.Constructor_WithEmptyUrl_ThrowsArgumentException" computerName="RHO-DESKTOP" duration="00:00:00.0004600" startTime="2025-06-30T18:59:48.2137370+02:00" endTime="2025-06-30T18:59:48.2137372+02:00" testType="13cdc9d9-ddb5-4fa4-a97d-d965ccfc6d4b" outcome="Passed" testListId="8c84fa94-04c1-424b-9868-57a2d4851a1d" relativeResultsDirectory="661b4ff4-b7d4-4654-957d-ba03a5f63d5a" />
    <UnitTestResult executionId="3d5ba5f4-ee00-4b36-95b9-bed3c60d90f1" testId="9d0c2c94-02dc-7b10-0108-100d571e057e" testName="Aula.Tests.Utilities.FollowUpQuestionDetectorTests.IsFollowUpQuestion_WithDanishFollowUpPhrases_ReturnsTrue(input: &quot;og hvad med idag&quot;)" computerName="RHO-DESKTOP" duration="00:00:00.0000592" startTime="2025-06-30T18:59:48.0408605+02:00" endTime="2025-06-30T18:59:48.0408609+02:00" testType="13cdc9d9-ddb5-4fa4-a97d-d965ccfc6d4b" outcome="Passed" testListId="8c84fa94-04c1-424b-9868-57a2d4851a1d" relativeResultsDirectory="3d5ba5f4-ee00-4b36-95b9-bed3c60d90f1" />
    <UnitTestResult executionId="99277cd8-55f0-49c9-a7db-8518875dbbbb" testId="3e382f98-ef8c-4926-27b6-c03a83290bad" testName="Aula.Tests.Utilities.FollowUpQuestionDetectorTests.IsFollowUpQuestion_WithEnglishFollowUpPhrases_ReturnsTrue(input: &quot;how about Liam&quot;)" computerName="RHO-DESKTOP" duration="00:00:00.0000537" startTime="2025-06-30T18:59:47.9668670+02:00" endTime="2025-06-30T18:59:47.9668672+02:00" testType="13cdc9d9-ddb5-4fa4-a97d-d965ccfc6d4b" outcome="Passed" testListId="8c84fa94-04c1-424b-9868-57a2d4851a1d" relativeResultsDirectory="99277cd8-55f0-49c9-a7db-8518875dbbbb" />
    <UnitTestResult executionId="f4517869-e0e6-468a-bce0-b78932a755da" testId="f0803f19-4aef-0544-7088-6f90fbe83c6b" testName="Aula.Tests.Utilities.FollowUpQuestionDetectorTests.IsFollowUpQuestion_WithUnicodeChildNames_WorksCorrectly(input: &quot;SØREN&quot;)" computerName="RHO-DESKTOP" duration="00:00:00.0003078" startTime="2025-06-30T18:59:47.9894785+02:00" endTime="2025-06-30T18:59:47.9894786+02:00" testType="13cdc9d9-ddb5-4fa4-a97d-d965ccfc6d4b" outcome="Passed" testListId="8c84fa94-04c1-424b-9868-57a2d4851a1d" relativeResultsDirectory="f4517869-e0e6-468a-bce0-b78932a755da" />
    <UnitTestResult executionId="0bd2068a-7e0e-4b63-8fbf-98c57cbe287b" testId="02a94b2b-cd88-000b-7e1d-6fc58b3c673d" testName="Aula.Tests.Tools.ReminderCommandHandlerTests.TryHandleReminderCommand_ListReminders_NoReminders_ReturnsNoRemindersMessage(command: &quot;vis påmindelser&quot;, isEnglish: False)" computerName="RHO-DESKTOP" duration="00:00:00.0092389" startTime="2025-06-30T18:59:47.9502282+02:00" endTime="2025-06-30T18:59:47.9502283+02:00" testType="13cdc9d9-ddb5-4fa4-a97d-d965ccfc6d4b" outcome="Passed" testListId="8c84fa94-04c1-424b-9868-57a2d4851a1d" relativeResultsDirectory="0bd2068a-7e0e-4b63-8fbf-98c57cbe287b" />
    <UnitTestResult executionId="407d4719-f7ba-4f54-8880-0ff9675b083e" testId="112c074c-c91e-2a6e-3358-6a9304c63b95" testName="Aula.Tests.Services.OpenAiServiceIntegrationTests.AskQuestionAboutWeekLetterAsync_WithNullWeekLetter_ThrowsArgumentNullException(chatInterface: Slack)" computerName="RHO-DESKTOP" duration="00:00:00.0026582" startTime="2025-06-30T18:59:47.8217099+02:00" endTime="2025-06-30T18:59:47.8217100+02:00" testType="13cdc9d9-ddb5-4fa4-a97d-d965ccfc6d4b" outcome="Failed" testListId="8c84fa94-04c1-424b-9868-57a2d4851a1d" relativeResultsDirectory="407d4719-f7ba-4f54-8880-0ff9675b083e">
      <Output>
        <ErrorInfo>
          <Message>System.ArgumentException : Can not instantiate proxy of class: Aula.Tools.AiToolsManager.
Could not find a parameterless constructor. (Parameter 'constructorArguments')
---- System.MissingMethodException : Constructor on type 'Castle.Proxies.AiToolsManagerProxy' not found.</Message>
          <StackTrace>   at Castle.DynamicProxy.ProxyGenerator.CreateClassProxyInstance(Type proxyType, List`1 proxyArguments, Type classToProxy, Object[] constructorArguments)
   at Castle.DynamicProxy.ProxyGenerator.CreateClassProxy(Type classToProxy, Type[] additionalInterfacesToProxy, ProxyGenerationOptions options, Object[] constructorArguments, IInterceptor[] interceptors)
   at Moq.CastleProxyFactory.CreateProxy(Type mockType, IInterceptor interceptor, Type[] interfaces, Object[] arguments) in /_/src/Moq/Interception/CastleProxyFactory.cs:line 62
   at Moq.Mock`1.InitializeInstance() in /_/src/Moq/Mock`1.cs:line 309
   at Moq.Mock`1.OnGetObject() in /_/src/Moq/Mock`1.cs:line 323
   at Moq.Mock.get_Object() in /_/src/Moq/Mock.cs:line 181
   at Moq.Mock`1.get_Object() in /_/src/Moq/Mock`1.cs:line 281
   at Aula.Tests.Services.OpenAiServiceIntegrationTests.AskQuestionAboutWeekLetterAsync_WithNullWeekLetter_ThrowsArgumentNullException(ChatInterface chatInterface) in /mnt/d/git/aula/src/Aula.Tests/Services/OpenAiServiceIntegrationTests.cs:line 119
--- End of stack trace from previous location ---
----- Inner Stack Trace -----
   at System.RuntimeType.CreateInstanceImpl(BindingFlags bindingAttr, Binder binder, Object[] args, CultureInfo culture)
   at Castle.DynamicProxy.ProxyGenerator.CreateClassProxyInstance(Type proxyType, List`1 proxyArguments, Type classToProxy, Object[] constructorArguments)</StackTrace>
        </ErrorInfo>
      </Output>
    </UnitTestResult>
    <UnitTestResult executionId="1c466d34-1f47-478f-9f47-454c4c66e744" testId="2f04f25a-f7ea-d154-f23d-9b85170cefc4" testName="Aula.Tests.Bots.SlackInteractiveBotTests.Constructor_WithValidParameters_InitializesCorrectly" computerName="RHO-DESKTOP" duration="00:00:00.0035311" startTime="2025-06-30T18:59:48.0907418+02:00" endTime="2025-06-30T18:59:48.0907421+02:00" testType="13cdc9d9-ddb5-4fa4-a97d-d965ccfc6d4b" outcome="Passed" testListId="8c84fa94-04c1-424b-9868-57a2d4851a1d" relativeResultsDirectory="1c466d34-1f47-478f-9f47-454c4c66e744" />
    <UnitTestResult executionId="2c7e02e6-78a1-4757-b52f-be026ee48e9a" testId="5e8b18ba-6a80-fd43-4cb0-8c6bdf8765d5" testName="Aula.Tests.Tools.ReminderCommandHandlerTests.TryHandleReminderCommand_ListReminders_ValidCommands_ReturnsRemindersList(command: &quot;show reminders&quot;, isEnglish: True)" computerName="RHO-DESKTOP" duration="00:00:00.0007649" startTime="2025-06-30T18:59:48.0591855+02:00" endTime="2025-06-30T18:59:48.0591856+02:00" testType="13cdc9d9-ddb5-4fa4-a97d-d965ccfc6d4b" outcome="Passed" testListId="8c84fa94-04c1-424b-9868-57a2d4851a1d" relativeResultsDirectory="2c7e02e6-78a1-4757-b52f-be026ee48e9a" />
    <UnitTestResult executionId="7226ed9a-7274-4fcd-80ba-43c975956999" testId="8495fb32-9c63-b362-e211-e17f09a360d7" testName="Aula.Tests.Utilities.ReminderExtractionPromptsTests.GetExtractionPrompt_ContainsRequiredExtractionFields" computerName="RHO-DESKTOP" duration="00:00:00.0002438" startTime="2025-06-30T18:59:47.8132916+02:00" endTime="2025-06-30T18:59:47.8132917+02:00" testType="13cdc9d9-ddb5-4fa4-a97d-d965ccfc6d4b" outcome="Passed" testListId="8c84fa94-04c1-424b-9868-57a2d4851a1d" relativeResultsDirectory="7226ed9a-7274-4fcd-80ba-43c975956999" />
    <UnitTestResult executionId="83fc2b18-4a33-4dc1-bfa2-a3f9fad2027d" testId="58e104c6-e504-07c5-0909-f689fdb330d3" testName="Aula.Tests.Bots.TelegramMessageHandlerTests.Constructor_WithNullReminderHandler_ThrowsArgumentNullException" computerName="RHO-DESKTOP" duration="00:00:00.0010000" startTime="2025-06-30T18:59:47.7336985+02:00" endTime="2025-06-30T18:59:47.7336987+02:00" testType="13cdc9d9-ddb5-4fa4-a97d-d965ccfc6d4b" outcome="Failed" testListId="8c84fa94-04c1-424b-9868-57a2d4851a1d" relativeResultsDirectory="83fc2b18-4a33-4dc1-bfa2-a3f9fad2027d">
      <Output>
        <ErrorInfo>
          <Message>System.ArgumentException : Can not instantiate proxy of class: Aula.Utilities.ConversationContextManager`1[[System.Int64, System.Private.CoreLib, Version=9.0.0.0, Culture=neutral, PublicKeyToken=7cec85d7bea7798e]].
Could not find a parameterless constructor. (Parameter 'constructorArguments')
---- System.MissingMethodException : Constructor on type 'Castle.Proxies.ConversationContextManager`1Proxy' not found.</Message>
          <StackTrace>   at Castle.DynamicProxy.ProxyGenerator.CreateClassProxyInstance(Type proxyType, List`1 proxyArguments, Type classToProxy, Object[] constructorArguments)
   at Castle.DynamicProxy.ProxyGenerator.CreateClassProxy(Type classToProxy, Type[] additionalInterfacesToProxy, ProxyGenerationOptions options, Object[] constructorArguments, IInterceptor[] interceptors)
   at Moq.CastleProxyFactory.CreateProxy(Type mockType, IInterceptor interceptor, Type[] interfaces, Object[] arguments) in /_/src/Moq/Interception/CastleProxyFactory.cs:line 62
   at Moq.Mock`1.InitializeInstance() in /_/src/Moq/Mock`1.cs:line 309
   at Moq.Mock`1.OnGetObject() in /_/src/Moq/Mock`1.cs:line 323
   at Moq.Mock.get_Object() in /_/src/Moq/Mock.cs:line 181
   at Moq.Mock`1.get_Object() in /_/src/Moq/Mock`1.cs:line 281
   at Aula.Tests.Bots.TelegramMessageHandlerTests..ctor() in /mnt/d/git/aula/src/Aula.Tests/Bots/TelegramMessageHandlerTests.cs:line 63
   at System.RuntimeType.CreateInstanceDefaultCtor(Boolean publicOnly, Boolean wrapExceptions)
----- Inner Stack Trace -----
   at System.RuntimeType.CreateInstanceImpl(BindingFlags bindingAttr, Binder binder, Object[] args, CultureInfo culture)
   at Castle.DynamicProxy.ProxyGenerator.CreateClassProxyInstance(Type proxyType, List`1 proxyArguments, Type classToProxy, Object[] constructorArguments)</StackTrace>
        </ErrorInfo>
      </Output>
    </UnitTestResult>
    <UnitTestResult executionId="61430830-0cbd-4bce-a185-0e0a18d8e8d0" testId="d1f304ff-bc66-281d-07dd-5db7fd1f9503" testName="Aula.Tests.Channels.TelegramClientTests.SendMessageToChannel_WithVariousMessages_DoesNotThrow(message: &quot;&quot;)" computerName="RHO-DESKTOP" duration="00:00:00.0004020" startTime="2025-06-30T18:59:48.1340771+02:00" endTime="2025-06-30T18:59:48.1340773+02:00" testType="13cdc9d9-ddb5-4fa4-a97d-d965ccfc6d4b" outcome="Passed" testListId="8c84fa94-04c1-424b-9868-57a2d4851a1d" relativeResultsDirectory="61430830-0cbd-4bce-a185-0e0a18d8e8d0" />
    <UnitTestResult executionId="9294a843-7428-4695-bf95-27f2ae826cfe" testId="e2629d31-76fa-fe13-ab42-e2aa75f765d2" testName="Aula.Tests.Tools.ReminderCommandHandlerTests.TryHandleReminderCommand_NonReminderCommands_ReturnsFalse(command: &quot;random text&quot;)" computerName="RHO-DESKTOP" duration="00:00:00.0000902" startTime="2025-06-30T18:59:47.9262284+02:00" endTime="2025-06-30T18:59:47.9262287+02:00" testType="13cdc9d9-ddb5-4fa4-a97d-d965ccfc6d4b" outcome="Passed" testListId="8c84fa94-04c1-424b-9868-57a2d4851a1d" relativeResultsDirectory="9294a843-7428-4695-bf95-27f2ae826cfe" />
    <UnitTestResult executionId="71b995ef-982a-49b6-9fec-403824de74db" testId="abab0ca8-38d9-b46e-ed1a-a39f638f498e" testName="Aula.Tests.Channels.SlackBotTests.Constructor_WithValidUrls_DoesNotThrow(webhookUrl: &quot;https://hooks.slack.com/test&quot;)" computerName="RHO-DESKTOP" duration="00:00:00.0008608" startTime="2025-06-30T18:59:48.2269751+02:00" endTime="2025-06-30T18:59:48.2269752+02:00" testType="13cdc9d9-ddb5-4fa4-a97d-d965ccfc6d4b" outcome="Passed" testListId="8c84fa94-04c1-424b-9868-57a2d4851a1d" relativeResultsDirectory="71b995ef-982a-49b6-9fec-403824de74db" />
    <UnitTestResult executionId="5dd8c42d-75b1-4f44-9128-5e5f603ac626" testId="3b396502-c22c-6b6b-cd1b-3a2de6a27365" testName="Aula.Tests.Bots.TelegramMessageHandlerTests.HandleMessageAsync_WithReminderCommand_CallsReminderHandler(reminderCommand: &quot;mind mig om noget&quot;)" computerName="RHO-DESKTOP" duration="00:00:00.0010000" startTime="2025-06-30T18:59:47.4659029+02:00" endTime="2025-06-30T18:59:47.4659031+02:00" testType="13cdc9d9-ddb5-4fa4-a97d-d965ccfc6d4b" outcome="Failed" testListId="8c84fa94-04c1-424b-9868-57a2d4851a1d" relativeResultsDirectory="5dd8c42d-75b1-4f44-9128-5e5f603ac626">
      <Output>
        <ErrorInfo>
          <Message>System.ArgumentException : Can not instantiate proxy of class: Aula.Utilities.ConversationContextManager`1[[System.Int64, System.Private.CoreLib, Version=9.0.0.0, Culture=neutral, PublicKeyToken=7cec85d7bea7798e]].
Could not find a parameterless constructor. (Parameter 'constructorArguments')
---- System.MissingMethodException : Constructor on type 'Castle.Proxies.ConversationContextManager`1Proxy' not found.</Message>
          <StackTrace>   at Castle.DynamicProxy.ProxyGenerator.CreateClassProxyInstance(Type proxyType, List`1 proxyArguments, Type classToProxy, Object[] constructorArguments)
   at Castle.DynamicProxy.ProxyGenerator.CreateClassProxy(Type classToProxy, Type[] additionalInterfacesToProxy, ProxyGenerationOptions options, Object[] constructorArguments, IInterceptor[] interceptors)
   at Moq.CastleProxyFactory.CreateProxy(Type mockType, IInterceptor interceptor, Type[] interfaces, Object[] arguments) in /_/src/Moq/Interception/CastleProxyFactory.cs:line 62
   at Moq.Mock`1.InitializeInstance() in /_/src/Moq/Mock`1.cs:line 309
   at Moq.Mock`1.OnGetObject() in /_/src/Moq/Mock`1.cs:line 323
   at Moq.Mock.get_Object() in /_/src/Moq/Mock.cs:line 181
   at Moq.Mock`1.get_Object() in /_/src/Moq/Mock`1.cs:line 281
   at Aula.Tests.Bots.TelegramMessageHandlerTests..ctor() in /mnt/d/git/aula/src/Aula.Tests/Bots/TelegramMessageHandlerTests.cs:line 63
   at System.RuntimeType.CreateInstanceDefaultCtor(Boolean publicOnly, Boolean wrapExceptions)
----- Inner Stack Trace -----
   at System.RuntimeType.CreateInstanceImpl(BindingFlags bindingAttr, Binder binder, Object[] args, CultureInfo culture)
   at Castle.DynamicProxy.ProxyGenerator.CreateClassProxyInstance(Type proxyType, List`1 proxyArguments, Type classToProxy, Object[] constructorArguments)</StackTrace>
        </ErrorInfo>
      </Output>
    </UnitTestResult>
    <UnitTestResult executionId="068ed596-ad0c-458b-8e0a-a3fc315bd153" testId="7badf018-cb0a-dbe2-46e3-595e2e7a967d" testName="Aula.Tests.Utilities.FollowUpQuestionDetectorTests.IsFollowUpQuestion_WithShortFollowUps_ReturnsTrue(input: &quot;OK&quot;)" computerName="RHO-DESKTOP" duration="00:00:00.0004952" startTime="2025-06-30T18:59:47.9706727+02:00" endTime="2025-06-30T18:59:47.9706728+02:00" testType="13cdc9d9-ddb5-4fa4-a97d-d965ccfc6d4b" outcome="Passed" testListId="8c84fa94-04c1-424b-9868-57a2d4851a1d" relativeResultsDirectory="068ed596-ad0c-458b-8e0a-a3fc315bd153" />
    <UnitTestResult executionId="8f9471d5-9a34-4bd7-852d-f452bcd453f7" testId="db1ac5c7-4d71-7640-4051-517cc2b3de0c" testName="Aula.Tests.Scheduling.SchedulingServiceIntegrationTests.Service_WithDifferentBotConfigurations_WorksCorrectly(slackEnabled: False, telegramEnabled: True)" computerName="RHO-DESKTOP" duration="00:00:00.0208917" startTime="2025-06-30T18:59:47.9314792+02:00" endTime="2025-06-30T18:59:47.9314795+02:00" testType="13cdc9d9-ddb5-4fa4-a97d-d965ccfc6d4b" outcome="Passed" testListId="8c84fa94-04c1-424b-9868-57a2d4851a1d" relativeResultsDirectory="8f9471d5-9a34-4bd7-852d-f452bcd453f7" />
    <UnitTestResult executionId="f72ebe82-8008-4f18-9d9b-a6c26e20a131" testId="979280e2-dfe1-0cec-d81f-8909f7e24c33" testName="Aula.Tests.Utilities.Html2SlackMarkdownConverterTests.Convert_WithSimpleHtml_ConvertsCorrectly" computerName="RHO-DESKTOP" duration="00:00:00.0006953" startTime="2025-06-30T18:59:48.2571739+02:00" endTime="2025-06-30T18:59:48.2571740+02:00" testType="13cdc9d9-ddb5-4fa4-a97d-d965ccfc6d4b" outcome="Passed" testListId="8c84fa94-04c1-424b-9868-57a2d4851a1d" relativeResultsDirectory="f72ebe82-8008-4f18-9d9b-a6c26e20a131" />
    <UnitTestResult executionId="0354cefc-204c-4a79-80b4-50f7a023c25c" testId="c5a7611f-847e-26d1-53fe-736703c875f6" testName="Aula.Tests.Services.OpenAiServiceIntegrationTests.AskQuestionAboutWeekLetterAsync_WithNullWeekLetter_ThrowsArgumentNullException(chatInterface: Telegram)" computerName="RHO-DESKTOP" duration="00:00:00.0010969" startTime="2025-06-30T18:59:47.8243292+02:00" endTime="2025-06-30T18:59:47.8243294+02:00" testType="13cdc9d9-ddb5-4fa4-a97d-d965ccfc6d4b" outcome="Failed" testListId="8c84fa94-04c1-424b-9868-57a2d4851a1d" relativeResultsDirectory="0354cefc-204c-4a79-80b4-50f7a023c25c">
      <Output>
        <ErrorInfo>
          <Message>System.ArgumentException : Can not instantiate proxy of class: Aula.Tools.AiToolsManager.
Could not find a parameterless constructor. (Parameter 'constructorArguments')
---- System.MissingMethodException : Constructor on type 'Castle.Proxies.AiToolsManagerProxy' not found.</Message>
          <StackTrace>   at Castle.DynamicProxy.ProxyGenerator.CreateClassProxyInstance(Type proxyType, List`1 proxyArguments, Type classToProxy, Object[] constructorArguments)
   at Castle.DynamicProxy.ProxyGenerator.CreateClassProxy(Type classToProxy, Type[] additionalInterfacesToProxy, ProxyGenerationOptions options, Object[] constructorArguments, IInterceptor[] interceptors)
   at Moq.CastleProxyFactory.CreateProxy(Type mockType, IInterceptor interceptor, Type[] interfaces, Object[] arguments) in /_/src/Moq/Interception/CastleProxyFactory.cs:line 62
   at Moq.Mock`1.InitializeInstance() in /_/src/Moq/Mock`1.cs:line 309
   at Moq.Mock`1.OnGetObject() in /_/src/Moq/Mock`1.cs:line 323
   at Moq.Mock.get_Object() in /_/src/Moq/Mock.cs:line 181
   at Moq.Mock`1.get_Object() in /_/src/Moq/Mock`1.cs:line 281
   at Aula.Tests.Services.OpenAiServiceIntegrationTests.AskQuestionAboutWeekLetterAsync_WithNullWeekLetter_ThrowsArgumentNullException(ChatInterface chatInterface) in /mnt/d/git/aula/src/Aula.Tests/Services/OpenAiServiceIntegrationTests.cs:line 119
--- End of stack trace from previous location ---
----- Inner Stack Trace -----
   at System.RuntimeType.CreateInstanceImpl(BindingFlags bindingAttr, Binder binder, Object[] args, CultureInfo culture)
   at Castle.DynamicProxy.ProxyGenerator.CreateClassProxyInstance(Type proxyType, List`1 proxyArguments, Type classToProxy, Object[] constructorArguments)</StackTrace>
        </ErrorInfo>
      </Output>
    </UnitTestResult>
    <UnitTestResult executionId="6a688e4d-87cb-45a7-916c-d94bb248faed" testId="0f731173-747f-4b49-2f2d-d518fc733b7a" testName="Aula.Tests.Channels.SlackBotTests.PostWeekLetter_WithVariousChildColors_HandlesCorrectly(color: &quot;#0000FF&quot;)" computerName="RHO-DESKTOP" duration="00:00:00.0029054" startTime="2025-06-30T18:59:48.2205655+02:00" endTime="2025-06-30T18:59:48.2205657+02:00" testType="13cdc9d9-ddb5-4fa4-a97d-d965ccfc6d4b" outcome="Passed" testListId="8c84fa94-04c1-424b-9868-57a2d4851a1d" relativeResultsDirectory="6a688e4d-87cb-45a7-916c-d94bb248faed" />
    <UnitTestResult executionId="49ef5efa-1cb2-4bcb-bfb7-57327327b0ea" testId="085e36b0-0d52-7c74-b0d8-4785cd5f1544" testName="Aula.Tests.Services.SupabaseServiceTests.TestConnectionAsync_WithoutInitialize_ReturnsFalse" computerName="RHO-DESKTOP" duration="00:00:00.0817539" startTime="2025-06-30T18:59:48.1541942+02:00" endTime="2025-06-30T18:59:48.1541944+02:00" testType="13cdc9d9-ddb5-4fa4-a97d-d965ccfc6d4b" outcome="Passed" testListId="8c84fa94-04c1-424b-9868-57a2d4851a1d" relativeResultsDirectory="49ef5efa-1cb2-4bcb-bfb7-57327327b0ea" />
    <UnitTestResult executionId="e2ab824b-3bfa-43a0-8950-6571e680b6ac" testId="65a382e3-c1e3-08ef-c35f-11020ff7747f" testName="Aula.Tests.Bots.SlackMessageHandlerTests.HandleMessageAsync_WithEmptyText_ReturnsFalse" computerName="RHO-DESKTOP" duration="00:00:00.0010000" startTime="2025-06-30T18:59:47.6190254+02:00" endTime="2025-06-30T18:59:47.6190255+02:00" testType="13cdc9d9-ddb5-4fa4-a97d-d965ccfc6d4b" outcome="Failed" testListId="8c84fa94-04c1-424b-9868-57a2d4851a1d" relativeResultsDirectory="e2ab824b-3bfa-43a0-8950-6571e680b6ac">
      <Output>
        <ErrorInfo>
          <Message>System.ArgumentException : Can not instantiate proxy of class: Aula.Tools.ReminderCommandHandler.
Could not find a parameterless constructor. (Parameter 'constructorArguments')
---- System.MissingMethodException : Constructor on type 'Castle.Proxies.ReminderCommandHandlerProxy' not found.</Message>
          <StackTrace>   at Castle.DynamicProxy.ProxyGenerator.CreateClassProxyInstance(Type proxyType, List`1 proxyArguments, Type classToProxy, Object[] constructorArguments)
   at Castle.DynamicProxy.ProxyGenerator.CreateClassProxy(Type classToProxy, Type[] additionalInterfacesToProxy, ProxyGenerationOptions options, Object[] constructorArguments, IInterceptor[] interceptors)
   at Moq.CastleProxyFactory.CreateProxy(Type mockType, IInterceptor interceptor, Type[] interfaces, Object[] arguments) in /_/src/Moq/Interception/CastleProxyFactory.cs:line 62
   at Moq.Mock`1.InitializeInstance() in /_/src/Moq/Mock`1.cs:line 309
   at Moq.Mock`1.OnGetObject() in /_/src/Moq/Mock`1.cs:line 323
   at Moq.Mock.get_Object() in /_/src/Moq/Mock.cs:line 181
   at Moq.Mock`1.get_Object() in /_/src/Moq/Mock`1.cs:line 281
   at Aula.Tests.Bots.SlackMessageHandlerTests..ctor() in /mnt/d/git/aula/src/Aula.Tests/Bots/SlackMessageHandlerTests.cs:line 57
   at System.RuntimeType.CreateInstanceDefaultCtor(Boolean publicOnly, Boolean wrapExceptions)
----- Inner Stack Trace -----
   at System.RuntimeType.CreateInstanceImpl(BindingFlags bindingAttr, Binder binder, Object[] args, CultureInfo culture)
   at Castle.DynamicProxy.ProxyGenerator.CreateClassProxyInstance(Type proxyType, List`1 proxyArguments, Type classToProxy, Object[] constructorArguments)</StackTrace>
        </ErrorInfo>
      </Output>
    </UnitTestResult>
    <UnitTestResult executionId="e1f489f3-1e7e-4464-a855-301d2fd782bf" testId="d79cfa86-e515-004d-fe4e-214ac35ead55" testName="Aula.Tests.Utilities.FollowUpQuestionDetectorTests.IsFollowUpQuestion_WithPunctuationAroundChildName_WorksCorrectly(input: &quot;Emma's&quot;)" computerName="RHO-DESKTOP" duration="00:00:00.0433674" startTime="2025-06-30T18:59:48.0196770+02:00" endTime="2025-06-30T18:59:48.0196771+02:00" testType="13cdc9d9-ddb5-4fa4-a97d-d965ccfc6d4b" outcome="Passed" testListId="8c84fa94-04c1-424b-9868-57a2d4851a1d" relativeResultsDirectory="e1f489f3-1e7e-4464-a855-301d2fd782bf" />
    <UnitTestResult executionId="7d50563e-f1c3-40b6-a17e-2f39aa81a837" testId="3e10b303-d441-b310-0523-4f1f964c7566" testName="Aula.Tests.Utilities.WeekLetterContentExtractorTests.ExtractContent_WithNullLogger_DoesNotThrow" computerName="RHO-DESKTOP" duration="00:00:00.0001177" startTime="2025-06-30T18:59:47.2363696+02:00" endTime="2025-06-30T18:59:47.2363698+02:00" testType="13cdc9d9-ddb5-4fa4-a97d-d965ccfc6d4b" outcome="Passed" testListId="8c84fa94-04c1-424b-9868-57a2d4851a1d" relativeResultsDirectory="7d50563e-f1c3-40b6-a17e-2f39aa81a837" />
    <UnitTestResult executionId="74bda3de-9ab4-4836-b871-4252a2324376" testId="fb801da6-9ecf-3dd8-bfd4-511523f841d2" testName="Aula.Tests.Integration.AgentServiceTests.SummarizeWeekLetterAsync_CallsOpenAiService" computerName="RHO-DESKTOP" duration="00:00:00.0077751" startTime="2025-06-30T18:59:48.2221871+02:00" endTime="2025-06-30T18:59:48.2221872+02:00" testType="13cdc9d9-ddb5-4fa4-a97d-d965ccfc6d4b" outcome="Passed" testListId="8c84fa94-04c1-424b-9868-57a2d4851a1d" relativeResultsDirectory="74bda3de-9ab4-4836-b871-4252a2324376" />
    <UnitTestResult executionId="d7644eef-65e4-435f-8133-5a4c90e7e3bf" testId="2435f07f-4cdd-eeff-ea35-46385277928d" testName="Aula.Tests.Bots.SlackMessageHandlerTests.HandleMessageAsync_WithNullText_ReturnsFalse" computerName="RHO-DESKTOP" duration="00:00:00.0010000" startTime="2025-06-30T18:59:47.4266570+02:00" endTime="2025-06-30T18:59:47.4266572+02:00" testType="13cdc9d9-ddb5-4fa4-a97d-d965ccfc6d4b" outcome="Failed" testListId="8c84fa94-04c1-424b-9868-57a2d4851a1d" relativeResultsDirectory="d7644eef-65e4-435f-8133-5a4c90e7e3bf">
      <Output>
        <ErrorInfo>
          <Message>System.ArgumentException : Can not instantiate proxy of class: Aula.Tools.ReminderCommandHandler.
Could not find a parameterless constructor. (Parameter 'constructorArguments')
---- System.MissingMethodException : Constructor on type 'Castle.Proxies.ReminderCommandHandlerProxy' not found.</Message>
          <StackTrace>   at Castle.DynamicProxy.ProxyGenerator.CreateClassProxyInstance(Type proxyType, List`1 proxyArguments, Type classToProxy, Object[] constructorArguments)
   at Castle.DynamicProxy.ProxyGenerator.CreateClassProxy(Type classToProxy, Type[] additionalInterfacesToProxy, ProxyGenerationOptions options, Object[] constructorArguments, IInterceptor[] interceptors)
   at Moq.CastleProxyFactory.CreateProxy(Type mockType, IInterceptor interceptor, Type[] interfaces, Object[] arguments) in /_/src/Moq/Interception/CastleProxyFactory.cs:line 62
   at Moq.Mock`1.InitializeInstance() in /_/src/Moq/Mock`1.cs:line 309
   at Moq.Mock`1.OnGetObject() in /_/src/Moq/Mock`1.cs:line 323
   at Moq.Mock.get_Object() in /_/src/Moq/Mock.cs:line 181
   at Moq.Mock`1.get_Object() in /_/src/Moq/Mock`1.cs:line 281
   at Aula.Tests.Bots.SlackMessageHandlerTests..ctor() in /mnt/d/git/aula/src/Aula.Tests/Bots/SlackMessageHandlerTests.cs:line 57
   at System.RuntimeType.CreateInstanceDefaultCtor(Boolean publicOnly, Boolean wrapExceptions)
----- Inner Stack Trace -----
   at System.RuntimeType.CreateInstanceImpl(BindingFlags bindingAttr, Binder binder, Object[] args, CultureInfo culture)
   at Castle.DynamicProxy.ProxyGenerator.CreateClassProxyInstance(Type proxyType, List`1 proxyArguments, Type classToProxy, Object[] constructorArguments)</StackTrace>
        </ErrorInfo>
      </Output>
    </UnitTestResult>
    <UnitTestResult executionId="9c699c5b-03fc-4a55-a19e-8ceb4f687afc" testId="ac6ebb8c-c327-57cd-3af5-aa07fb4edc14" testName="Aula.Tests.Utilities.ConversationContextManagerTests.UpdateContext_WithValidInput_CreatesNewContext" computerName="RHO-DESKTOP" duration="00:00:00.0003150" startTime="2025-06-30T18:59:47.3822687+02:00" endTime="2025-06-30T18:59:47.3822688+02:00" testType="13cdc9d9-ddb5-4fa4-a97d-d965ccfc6d4b" outcome="Passed" testListId="8c84fa94-04c1-424b-9868-57a2d4851a1d" relativeResultsDirectory="9c699c5b-03fc-4a55-a19e-8ceb4f687afc" />
    <UnitTestResult executionId="2eb804d3-6da6-46bb-9c82-be854f000620" testId="fe1a2924-96f3-7e80-1a74-9f9fd249b93e" testName="Aula.Tests.Bots.TelegramInteractiveBotTests.ComputeHash_WithDifferentInputs_ReturnsConsistentHashes(input: &quot;&quot;)" computerName="RHO-DESKTOP" duration="00:00:00.0005798" startTime="2025-06-30T18:59:48.7233962+02:00" endTime="2025-06-30T18:59:48.7233964+02:00" testType="13cdc9d9-ddb5-4fa4-a97d-d965ccfc6d4b" outcome="Passed" testListId="8c84fa94-04c1-424b-9868-57a2d4851a1d" relativeResultsDirectory="2eb804d3-6da6-46bb-9c82-be854f000620" />
    <UnitTestResult executionId="b75012a9-37e5-4844-a628-ca28944138bb" testId="adb49f16-3736-24f6-5b1f-837b780eb877" testName="Aula.Tests.Utilities.DateTimeUtilitiesTests.GetDanishDayName_ValidDayOfWeek_ReturnsLowercaseName(dayOfWeek: Sunday, expectedName: &quot;søndag&quot;)" computerName="RHO-DESKTOP" duration="00:00:00.0000328" startTime="2025-06-30T18:59:48.1756577+02:00" endTime="2025-06-30T18:59:48.1756579+02:00" testType="13cdc9d9-ddb5-4fa4-a97d-d965ccfc6d4b" outcome="Passed" testListId="8c84fa94-04c1-424b-9868-57a2d4851a1d" relativeResultsDirectory="b75012a9-37e5-4844-a628-ca28944138bb" />
    <UnitTestResult executionId="35c08dab-cde9-4a3f-b040-76f685da9302" testId="d56dd742-e931-0f4c-26ba-408458db3851" testName="Aula.Tests.Services.DataModelTests.ScheduledTask_CronExpression_CanBeSet(cronExpression: &quot;0 9 * * 1-5&quot;, description: &quot;Daily at 9 AM on weekdays&quot;)" computerName="RHO-DESKTOP" duration="00:00:00.0002201" startTime="2025-06-30T18:59:47.9534130+02:00" endTime="2025-06-30T18:59:47.9534131+02:00" testType="13cdc9d9-ddb5-4fa4-a97d-d965ccfc6d4b" outcome="Passed" testListId="8c84fa94-04c1-424b-9868-57a2d4851a1d" relativeResultsDirectory="35c08dab-cde9-4a3f-b040-76f685da9302" />
    <UnitTestResult executionId="c7b28d9e-93dd-42ec-aa49-eb15041f4416" testId="239a4cc1-6051-4648-1a72-a4dea208e744" testName="Aula.Tests.Bots.SlackMessageHandlerTests.HandleMessageAsync_WithReminderCommand_CallsReminderHandler(reminderCommand: &quot;tilføj påmindelse&quot;)" computerName="RHO-DESKTOP" duration="00:00:00.0010000" startTime="2025-06-30T18:59:47.5837038+02:00" endTime="2025-06-30T18:59:47.5837041+02:00" testType="13cdc9d9-ddb5-4fa4-a97d-d965ccfc6d4b" outcome="Failed" testListId="8c84fa94-04c1-424b-9868-57a2d4851a1d" relativeResultsDirectory="c7b28d9e-93dd-42ec-aa49-eb15041f4416">
      <Output>
        <ErrorInfo>
          <Message>System.ArgumentException : Can not instantiate proxy of class: Aula.Tools.ReminderCommandHandler.
Could not find a parameterless constructor. (Parameter 'constructorArguments')
---- System.MissingMethodException : Constructor on type 'Castle.Proxies.ReminderCommandHandlerProxy' not found.</Message>
          <StackTrace>   at Castle.DynamicProxy.ProxyGenerator.CreateClassProxyInstance(Type proxyType, List`1 proxyArguments, Type classToProxy, Object[] constructorArguments)
   at Castle.DynamicProxy.ProxyGenerator.CreateClassProxy(Type classToProxy, Type[] additionalInterfacesToProxy, ProxyGenerationOptions options, Object[] constructorArguments, IInterceptor[] interceptors)
   at Moq.CastleProxyFactory.CreateProxy(Type mockType, IInterceptor interceptor, Type[] interfaces, Object[] arguments) in /_/src/Moq/Interception/CastleProxyFactory.cs:line 62
   at Moq.Mock`1.InitializeInstance() in /_/src/Moq/Mock`1.cs:line 309
   at Moq.Mock`1.OnGetObject() in /_/src/Moq/Mock`1.cs:line 323
   at Moq.Mock.get_Object() in /_/src/Moq/Mock.cs:line 181
   at Moq.Mock`1.get_Object() in /_/src/Moq/Mock`1.cs:line 281
   at Aula.Tests.Bots.SlackMessageHandlerTests..ctor() in /mnt/d/git/aula/src/Aula.Tests/Bots/SlackMessageHandlerTests.cs:line 57
   at System.RuntimeType.CreateInstanceDefaultCtor(Boolean publicOnly, Boolean wrapExceptions)
----- Inner Stack Trace -----
   at System.RuntimeType.CreateInstanceImpl(BindingFlags bindingAttr, Binder binder, Object[] args, CultureInfo culture)
   at Castle.DynamicProxy.ProxyGenerator.CreateClassProxyInstance(Type proxyType, List`1 proxyArguments, Type classToProxy, Object[] constructorArguments)</StackTrace>
        </ErrorInfo>
      </Output>
    </UnitTestResult>
    <UnitTestResult executionId="01afa4c5-3752-4305-a475-78828ebf867f" testId="a7bf7fe5-0fd3-09c0-db2e-a077e2bb59f1" testName="Aula.Tests.Services.OpenAiServiceIntegrationTests.ChatInterface_Telegram_HasCorrectValue" computerName="RHO-DESKTOP" duration="00:00:00.0005746" startTime="2025-06-30T18:59:47.8720054+02:00" endTime="2025-06-30T18:59:47.8720056+02:00" testType="13cdc9d9-ddb5-4fa4-a97d-d965ccfc6d4b" outcome="Passed" testListId="8c84fa94-04c1-424b-9868-57a2d4851a1d" relativeResultsDirectory="01afa4c5-3752-4305-a475-78828ebf867f" />
    <UnitTestResult executionId="f582a646-739b-46f4-81a0-9fb7b2cc0c58" testId="f298d898-68fb-30c9-25a2-94ce20f4fdb3" testName="Aula.Tests.Utilities.WeekLetterContentExtractorTests.ExtractContent_WithMissingIndhold_ReturnsEmptyString" computerName="RHO-DESKTOP" duration="00:00:00.0001834" startTime="2025-06-30T18:59:47.4861184+02:00" endTime="2025-06-30T18:59:47.4861186+02:00" testType="13cdc9d9-ddb5-4fa4-a97d-d965ccfc6d4b" outcome="Passed" testListId="8c84fa94-04c1-424b-9868-57a2d4851a1d" relativeResultsDirectory="f582a646-739b-46f4-81a0-9fb7b2cc0c58" />
    <UnitTestResult executionId="6192d55f-0898-4141-bf39-dd05be96360d" testId="291a0a00-e36f-0b02-ed15-eb7d9d18168a" testName="Aula.Tests.Tools.ReminderCommandHandlerTests.TryHandleReminderCommand_ListReminders_WithException_LogsErrorAndReturnsErrorMessage(command: &quot;list reminders&quot;, isEnglish: True)" computerName="RHO-DESKTOP" duration="00:00:00.0067622" startTime="2025-06-30T18:59:48.0746091+02:00" endTime="2025-06-30T18:59:48.0746093+02:00" testType="13cdc9d9-ddb5-4fa4-a97d-d965ccfc6d4b" outcome="Passed" testListId="8c84fa94-04c1-424b-9868-57a2d4851a1d" relativeResultsDirectory="6192d55f-0898-4141-bf39-dd05be96360d" />
    <UnitTestResult executionId="27b51e7a-02db-42d0-a1e1-04a428b9fcb8" testId="84d3e400-28e5-a032-6581-dd6f9d37667a" testName="Aula.Tests.Bots.TelegramInteractiveBotTests.SendMessage_WithLongChatIdAsLong_SendsSuccessfully(chatId: 1234567890)" computerName="RHO-DESKTOP" duration="00:00:00.0746141" startTime="2025-06-30T18:59:48.8076862+02:00" endTime="2025-06-30T18:59:48.8076865+02:00" testType="13cdc9d9-ddb5-4fa4-a97d-d965ccfc6d4b" outcome="Passed" testListId="8c84fa94-04c1-424b-9868-57a2d4851a1d" relativeResultsDirectory="27b51e7a-02db-42d0-a1e1-04a428b9fcb8" />
    <UnitTestResult executionId="5d0e6e2b-b3b0-4b21-b118-74ca8f5f7e57" testId="abcb3b7f-4c07-2d28-fb29-7bc03942e3cd" testName="Aula.Tests.Bots.SlackMessageHandlerTests.Constructor_WithNullConversationContext_ThrowsArgumentNullException" computerName="RHO-DESKTOP" duration="00:00:00.0010000" startTime="2025-06-30T18:59:47.5631115+02:00" endTime="2025-06-30T18:59:47.5631117+02:00" testType="13cdc9d9-ddb5-4fa4-a97d-d965ccfc6d4b" outcome="Failed" testListId="8c84fa94-04c1-424b-9868-57a2d4851a1d" relativeResultsDirectory="5d0e6e2b-b3b0-4b21-b118-74ca8f5f7e57">
      <Output>
        <ErrorInfo>
          <Message>System.ArgumentException : Can not instantiate proxy of class: Aula.Tools.ReminderCommandHandler.
Could not find a parameterless constructor. (Parameter 'constructorArguments')
---- System.MissingMethodException : Constructor on type 'Castle.Proxies.ReminderCommandHandlerProxy' not found.</Message>
          <StackTrace>   at Castle.DynamicProxy.ProxyGenerator.CreateClassProxyInstance(Type proxyType, List`1 proxyArguments, Type classToProxy, Object[] constructorArguments)
   at Castle.DynamicProxy.ProxyGenerator.CreateClassProxy(Type classToProxy, Type[] additionalInterfacesToProxy, ProxyGenerationOptions options, Object[] constructorArguments, IInterceptor[] interceptors)
   at Moq.CastleProxyFactory.CreateProxy(Type mockType, IInterceptor interceptor, Type[] interfaces, Object[] arguments) in /_/src/Moq/Interception/CastleProxyFactory.cs:line 62
   at Moq.Mock`1.InitializeInstance() in /_/src/Moq/Mock`1.cs:line 309
   at Moq.Mock`1.OnGetObject() in /_/src/Moq/Mock`1.cs:line 323
   at Moq.Mock.get_Object() in /_/src/Moq/Mock.cs:line 181
   at Moq.Mock`1.get_Object() in /_/src/Moq/Mock`1.cs:line 281
   at Aula.Tests.Bots.SlackMessageHandlerTests..ctor() in /mnt/d/git/aula/src/Aula.Tests/Bots/SlackMessageHandlerTests.cs:line 57
   at System.RuntimeType.CreateInstanceDefaultCtor(Boolean publicOnly, Boolean wrapExceptions)
----- Inner Stack Trace -----
   at System.RuntimeType.CreateInstanceImpl(BindingFlags bindingAttr, Binder binder, Object[] args, CultureInfo culture)
   at Castle.DynamicProxy.ProxyGenerator.CreateClassProxyInstance(Type proxyType, List`1 proxyArguments, Type classToProxy, Object[] constructorArguments)</StackTrace>
        </ErrorInfo>
      </Output>
    </UnitTestResult>
    <UnitTestResult executionId="68ec0cae-7716-4430-81ad-cac0cb1dcdba" testId="e91a7b75-ac3d-2bd0-17fa-3f23acb86759" testName="Aula.Tests.Tools.ReminderCommandHandlerTests.TryHandleReminderCommand_ListReminders_ValidCommands_ReturnsRemindersList(command: &quot;vis påmindelser&quot;, isEnglish: False)" computerName="RHO-DESKTOP" duration="00:00:00.0002740" startTime="2025-06-30T18:59:48.0614902+02:00" endTime="2025-06-30T18:59:48.0614903+02:00" testType="13cdc9d9-ddb5-4fa4-a97d-d965ccfc6d4b" outcome="Passed" testListId="8c84fa94-04c1-424b-9868-57a2d4851a1d" relativeResultsDirectory="68ec0cae-7716-4430-81ad-cac0cb1dcdba" />
    <UnitTestResult executionId="6c994c25-6dc1-4e58-8f9f-76903aafd3af" testId="ae0539e8-7653-996e-a87e-3f69894a3b17" testName="Aula.Tests.Services.OpenAiServiceIntegrationTests.ProcessQueryWithToolsAsync_WithInvalidQuery_ThrowsArgumentException(query: null)" computerName="RHO-DESKTOP" duration="00:00:00.0008832" startTime="2025-06-30T18:59:47.7813814+02:00" endTime="2025-06-30T18:59:47.7813817+02:00" testType="13cdc9d9-ddb5-4fa4-a97d-d965ccfc6d4b" outcome="Failed" testListId="8c84fa94-04c1-424b-9868-57a2d4851a1d" relativeResultsDirectory="6c994c25-6dc1-4e58-8f9f-76903aafd3af">
      <Output>
        <ErrorInfo>
          <Message>System.ArgumentException : Can not instantiate proxy of class: Aula.Tools.AiToolsManager.
Could not find a parameterless constructor. (Parameter 'constructorArguments')
---- System.MissingMethodException : Constructor on type 'Castle.Proxies.AiToolsManagerProxy' not found.</Message>
          <StackTrace>   at Castle.DynamicProxy.ProxyGenerator.CreateClassProxyInstance(Type proxyType, List`1 proxyArguments, Type classToProxy, Object[] constructorArguments)
   at Castle.DynamicProxy.ProxyGenerator.CreateClassProxy(Type classToProxy, Type[] additionalInterfacesToProxy, ProxyGenerationOptions options, Object[] constructorArguments, IInterceptor[] interceptors)
   at Moq.CastleProxyFactory.CreateProxy(Type mockType, IInterceptor interceptor, Type[] interfaces, Object[] arguments) in /_/src/Moq/Interception/CastleProxyFactory.cs:line 62
   at Moq.Mock`1.InitializeInstance() in /_/src/Moq/Mock`1.cs:line 309
   at Moq.Mock`1.OnGetObject() in /_/src/Moq/Mock`1.cs:line 323
   at Moq.Mock.get_Object() in /_/src/Moq/Mock.cs:line 181
   at Moq.Mock`1.get_Object() in /_/src/Moq/Mock`1.cs:line 281
   at Aula.Tests.Services.OpenAiServiceIntegrationTests.ProcessQueryWithToolsAsync_WithInvalidQuery_ThrowsArgumentException(String query) in /mnt/d/git/aula/src/Aula.Tests/Services/OpenAiServiceIntegrationTests.cs:line 164
--- End of stack trace from previous location ---
----- Inner Stack Trace -----
   at System.RuntimeType.CreateInstanceImpl(BindingFlags bindingAttr, Binder binder, Object[] args, CultureInfo culture)
   at Castle.DynamicProxy.ProxyGenerator.CreateClassProxyInstance(Type proxyType, List`1 proxyArguments, Type classToProxy, Object[] constructorArguments)</StackTrace>
        </ErrorInfo>
      </Output>
    </UnitTestResult>
    <UnitTestResult executionId="2e6b2cd6-294d-4981-b3e3-9703dca8c2b8" testId="cc139316-f1a2-00ef-ef1d-1e4ba4910c04" testName="Aula.Tests.Channels.TelegramClientTests.PostWeekLetter_WithValidInputs_DoesNotThrow" computerName="RHO-DESKTOP" duration="00:00:00.0302947" startTime="2025-06-30T18:59:48.1529688+02:00" endTime="2025-06-30T18:59:48.1529691+02:00" testType="13cdc9d9-ddb5-4fa4-a97d-d965ccfc6d4b" outcome="Passed" testListId="8c84fa94-04c1-424b-9868-57a2d4851a1d" relativeResultsDirectory="2e6b2cd6-294d-4981-b3e3-9703dca8c2b8" />
    <UnitTestResult executionId="73c6e6ac-4126-410f-96e3-4e26ee11be8d" testId="4ea1f036-59f8-5cad-3b0c-625068ad78db" testName="Aula.Tests.Utilities.FollowUpQuestionDetectorTests.IsFollowUpQuestion_WithShortFollowUps_ReturnsTrue(input: &quot;short?&quot;)" computerName="RHO-DESKTOP" duration="00:00:00.0000713" startTime="2025-06-30T18:59:47.9746915+02:00" endTime="2025-06-30T18:59:47.9746916+02:00" testType="13cdc9d9-ddb5-4fa4-a97d-d965ccfc6d4b" outcome="Passed" testListId="8c84fa94-04c1-424b-9868-57a2d4851a1d" relativeResultsDirectory="73c6e6ac-4126-410f-96e3-4e26ee11be8d" />
    <UnitTestResult executionId="fa112f80-2c5b-434b-a7e8-2162b0e2a5e1" testId="959de6ab-41a3-bb6f-c652-3f36caba1f36" testName="Aula.Tests.Utilities.JsonFormatterTests.Prettify_WithVeryLargeJson_HandlesPerformantly" computerName="RHO-DESKTOP" duration="00:00:00.0384179" startTime="2025-06-30T18:59:47.2551957+02:00" endTime="2025-06-30T18:59:47.2551958+02:00" testType="13cdc9d9-ddb5-4fa4-a97d-d965ccfc6d4b" outcome="Passed" testListId="8c84fa94-04c1-424b-9868-57a2d4851a1d" relativeResultsDirectory="fa112f80-2c5b-434b-a7e8-2162b0e2a5e1" />
    <UnitTestResult executionId="1009e59d-ac75-4e8a-8086-fcf8ae75d2e8" testId="4d2b56f8-9d20-2fa9-3613-4864d7e06ff5" testName="Aula.Tests.Services.OpenAiServiceIntegrationTests.ProcessQueryWithToolsAsync_WithInvalidQuery_ThrowsArgumentException(query: &quot;&quot;)" computerName="RHO-DESKTOP" duration="00:00:00.0005671" startTime="2025-06-30T18:59:47.7834721+02:00" endTime="2025-06-30T18:59:47.7834723+02:00" testType="13cdc9d9-ddb5-4fa4-a97d-d965ccfc6d4b" outcome="Failed" testListId="8c84fa94-04c1-424b-9868-57a2d4851a1d" relativeResultsDirectory="1009e59d-ac75-4e8a-8086-fcf8ae75d2e8">
      <Output>
        <ErrorInfo>
          <Message>System.ArgumentException : Can not instantiate proxy of class: Aula.Tools.AiToolsManager.
Could not find a parameterless constructor. (Parameter 'constructorArguments')
---- System.MissingMethodException : Constructor on type 'Castle.Proxies.AiToolsManagerProxy' not found.</Message>
          <StackTrace>   at Castle.DynamicProxy.ProxyGenerator.CreateClassProxyInstance(Type proxyType, List`1 proxyArguments, Type classToProxy, Object[] constructorArguments)
   at Castle.DynamicProxy.ProxyGenerator.CreateClassProxy(Type classToProxy, Type[] additionalInterfacesToProxy, ProxyGenerationOptions options, Object[] constructorArguments, IInterceptor[] interceptors)
   at Moq.CastleProxyFactory.CreateProxy(Type mockType, IInterceptor interceptor, Type[] interfaces, Object[] arguments) in /_/src/Moq/Interception/CastleProxyFactory.cs:line 62
   at Moq.Mock`1.InitializeInstance() in /_/src/Moq/Mock`1.cs:line 309
   at Moq.Mock`1.OnGetObject() in /_/src/Moq/Mock`1.cs:line 323
   at Moq.Mock.get_Object() in /_/src/Moq/Mock.cs:line 181
   at Moq.Mock`1.get_Object() in /_/src/Moq/Mock`1.cs:line 281
   at Aula.Tests.Services.OpenAiServiceIntegrationTests.ProcessQueryWithToolsAsync_WithInvalidQuery_ThrowsArgumentException(String query) in /mnt/d/git/aula/src/Aula.Tests/Services/OpenAiServiceIntegrationTests.cs:line 164
--- End of stack trace from previous location ---
----- Inner Stack Trace -----
   at System.RuntimeType.CreateInstanceImpl(BindingFlags bindingAttr, Binder binder, Object[] args, CultureInfo culture)
   at Castle.DynamicProxy.ProxyGenerator.CreateClassProxyInstance(Type proxyType, List`1 proxyArguments, Type classToProxy, Object[] constructorArguments)</StackTrace>
        </ErrorInfo>
      </Output>
    </UnitTestResult>
    <UnitTestResult executionId="efdb40ee-b498-4c55-a3dd-00c263c74ee8" testId="b7ae8529-9bcc-b3b7-9e9a-1f51fba7bd52" testName="Aula.Tests.Configuration.ConfigurationTests.Slack_ChannelId_ValidationTests(channelId: &quot;#general&quot;, isValid: True)" computerName="RHO-DESKTOP" duration="00:00:00.0044316" startTime="2025-06-30T18:59:48.3916386+02:00" endTime="2025-06-30T18:59:48.3916389+02:00" testType="13cdc9d9-ddb5-4fa4-a97d-d965ccfc6d4b" outcome="Passed" testListId="8c84fa94-04c1-424b-9868-57a2d4851a1d" relativeResultsDirectory="efdb40ee-b498-4c55-a3dd-00c263c74ee8" />
    <UnitTestResult executionId="f7b46506-46fb-4b22-bc04-8b805d35f83b" testId="dd05b666-876a-55fb-e7fc-780febc2a53a" testName="Aula.Tests.Configuration.ConfigurationTests.Features_ConversationCacheExpiration_ValidationTests(minutes: 60, isValid: True)" computerName="RHO-DESKTOP" duration="00:00:00.0187007" startTime="2025-06-30T18:59:48.2335117+02:00" endTime="2025-06-30T18:59:48.2335119+02:00" testType="13cdc9d9-ddb5-4fa4-a97d-d965ccfc6d4b" outcome="Passed" testListId="8c84fa94-04c1-424b-9868-57a2d4851a1d" relativeResultsDirectory="f7b46506-46fb-4b22-bc04-8b805d35f83b" />
    <UnitTestResult executionId="254883cf-bc07-489e-8f71-8703d6bac338" testId="19d5cf7b-2f75-2a41-694f-50c30d11f63c" testName="Aula.Tests.Utilities.FollowUpQuestionDetectorTests.IsFollowUpQuestion_WithUnicodeChildNames_WorksCorrectly(input: &quot;Søren&quot;)" computerName="RHO-DESKTOP" duration="00:00:00.0002980" startTime="2025-06-30T18:59:47.9900623+02:00" endTime="2025-06-30T18:59:47.9900624+02:00" testType="13cdc9d9-ddb5-4fa4-a97d-d965ccfc6d4b" outcome="Passed" testListId="8c84fa94-04c1-424b-9868-57a2d4851a1d" relativeResultsDirectory="254883cf-bc07-489e-8f71-8703d6bac338" />
    <UnitTestResult executionId="3311832a-b23a-4d63-bc52-a491b11ca3c9" testId="42dc1567-508f-1ff2-08a2-17dc86c051e8" testName="Aula.Tests.Tools.ReminderCommandHandlerTests.TryHandleReminderCommand_AddReminder_ValidFormats_ReturnsSuccess(command: &quot;remind me 2024-12-31 at 10:00 that New Year celebr&quot;···, isEnglish: True, expectedChildName: null)" computerName="RHO-DESKTOP" duration="00:00:00.0037128" startTime="2025-06-30T18:59:47.8527123+02:00" endTime="2025-06-30T18:59:47.8527125+02:00" testType="13cdc9d9-ddb5-4fa4-a97d-d965ccfc6d4b" outcome="Passed" testListId="8c84fa94-04c1-424b-9868-57a2d4851a1d" relativeResultsDirectory="3311832a-b23a-4d63-bc52-a491b11ca3c9" />
    <UnitTestResult executionId="5423554e-16f3-41e3-9a70-011f04f51ca4" testId="14b493ec-1bcb-50f5-9528-914b1e27347a" testName="Aula.Tests.Configuration.ConfigurationTests.Features_ConversationCacheExpiration_ValidationTests(minutes: -1, isValid: False)" computerName="RHO-DESKTOP" duration="00:00:00.0197207" startTime="2025-06-30T18:59:48.2353379+02:00" endTime="2025-06-30T18:59:48.2353380+02:00" testType="13cdc9d9-ddb5-4fa4-a97d-d965ccfc6d4b" outcome="Passed" testListId="8c84fa94-04c1-424b-9868-57a2d4851a1d" relativeResultsDirectory="5423554e-16f3-41e3-9a70-011f04f51ca4" />
    <UnitTestResult executionId="e49b25c1-1c08-4cc5-ace5-4c0b268a7b81" testId="45d7267f-6c71-d320-a8e4-c7def8429012" testName="Aula.Tests.Utilities.Html2SlackMarkdownConverterTests.Convert_WithBrTags_PreservesLineBreaks" computerName="RHO-DESKTOP" duration="00:00:00.0010970" startTime="2025-06-30T18:59:48.2441429+02:00" endTime="2025-06-30T18:59:48.2441430+02:00" testType="13cdc9d9-ddb5-4fa4-a97d-d965ccfc6d4b" outcome="Passed" testListId="8c84fa94-04c1-424b-9868-57a2d4851a1d" relativeResultsDirectory="e49b25c1-1c08-4cc5-ace5-4c0b268a7b81" />
    <UnitTestResult executionId="dd125907-ff69-43d1-b4ae-d9e4ea3a65d0" testId="a5a1d376-9a55-3344-a8d1-042eaae8a59b" testName="Aula.Tests.Utilities.ConversationContextManagerTests.Manager_WithGuidKeys_WorksCorrectly" computerName="RHO-DESKTOP" duration="00:00:00.0159271" startTime="2025-06-30T18:59:47.3867890+02:00" endTime="2025-06-30T18:59:47.3867891+02:00" testType="13cdc9d9-ddb5-4fa4-a97d-d965ccfc6d4b" outcome="Passed" testListId="8c84fa94-04c1-424b-9868-57a2d4851a1d" relativeResultsDirectory="dd125907-ff69-43d1-b4ae-d9e4ea3a65d0" />
    <UnitTestResult executionId="39b43b48-4fe6-4951-8fac-dd6db92128ea" testId="b98006bf-e247-2c89-f5f2-906de5d10ccf" testName="Aula.Tests.Utilities.FollowUpQuestionDetectorTests.IsFollowUpQuestion_LogsCorrectlyForDetectedFollowUp" computerName="RHO-DESKTOP" duration="00:00:00.0098795" startTime="2025-06-30T18:59:48.0528125+02:00" endTime="2025-06-30T18:59:48.0528127+02:00" testType="13cdc9d9-ddb5-4fa4-a97d-d965ccfc6d4b" outcome="Passed" testListId="8c84fa94-04c1-424b-9868-57a2d4851a1d" relativeResultsDirectory="39b43b48-4fe6-4951-8fac-dd6db92128ea" />
    <UnitTestResult executionId="66c1f376-aef6-411f-b908-c5467192a259" testId="55b7868a-5525-c155-3984-2d7080cbc3f0" testName="Aula.Tests.Utilities.Html2SlackMarkdownConverterTests.Convert_WithEmptyTags_HandlesCorrectly" computerName="RHO-DESKTOP" duration="00:00:00.0009053" startTime="2025-06-30T18:59:48.2433511+02:00" endTime="2025-06-30T18:59:48.2433513+02:00" testType="13cdc9d9-ddb5-4fa4-a97d-d965ccfc6d4b" outcome="Passed" testListId="8c84fa94-04c1-424b-9868-57a2d4851a1d" relativeResultsDirectory="66c1f376-aef6-411f-b908-c5467192a259" />
    <UnitTestResult executionId="c1e4e9e8-d4b7-454c-86f5-d40cffa9acd5" testId="149e1688-e5dc-ebf7-54b0-eb7d782e0a3d" testName="Aula.Tests.Configuration.ConfigurationTests.Slack_ChannelId_ValidationTests(channelId: &quot;C1234567890&quot;, isValid: True)" computerName="RHO-DESKTOP" duration="00:00:00.0054701" startTime="2025-06-30T18:59:48.3870456+02:00" endTime="2025-06-30T18:59:48.3870458+02:00" testType="13cdc9d9-ddb5-4fa4-a97d-d965ccfc6d4b" outcome="Passed" testListId="8c84fa94-04c1-424b-9868-57a2d4851a1d" relativeResultsDirectory="c1e4e9e8-d4b7-454c-86f5-d40cffa9acd5" />
    <UnitTestResult executionId="aaa7014d-52d6-4794-a8ef-c4c750e35047" testId="c4bc0f3a-eeff-3d15-3eac-b16332605c4c" testName="Aula.Tests.Bots.SlackMessageHandlerTests.HandleMessageAsync_WithValidQuery_ProcessesSuccessfully(queryText: &quot;What is Hans doing tomorrow?&quot;)" computerName="RHO-DESKTOP" duration="00:00:00.0010000" startTime="2025-06-30T18:59:47.5191199+02:00" endTime="2025-06-30T18:59:47.5191200+02:00" testType="13cdc9d9-ddb5-4fa4-a97d-d965ccfc6d4b" outcome="Failed" testListId="8c84fa94-04c1-424b-9868-57a2d4851a1d" relativeResultsDirectory="aaa7014d-52d6-4794-a8ef-c4c750e35047">
      <Output>
        <ErrorInfo>
          <Message>System.ArgumentException : Can not instantiate proxy of class: Aula.Tools.ReminderCommandHandler.
Could not find a parameterless constructor. (Parameter 'constructorArguments')
---- System.MissingMethodException : Constructor on type 'Castle.Proxies.ReminderCommandHandlerProxy' not found.</Message>
          <StackTrace>   at Castle.DynamicProxy.ProxyGenerator.CreateClassProxyInstance(Type proxyType, List`1 proxyArguments, Type classToProxy, Object[] constructorArguments)
   at Castle.DynamicProxy.ProxyGenerator.CreateClassProxy(Type classToProxy, Type[] additionalInterfacesToProxy, ProxyGenerationOptions options, Object[] constructorArguments, IInterceptor[] interceptors)
   at Moq.CastleProxyFactory.CreateProxy(Type mockType, IInterceptor interceptor, Type[] interfaces, Object[] arguments) in /_/src/Moq/Interception/CastleProxyFactory.cs:line 62
   at Moq.Mock`1.InitializeInstance() in /_/src/Moq/Mock`1.cs:line 309
   at Moq.Mock`1.OnGetObject() in /_/src/Moq/Mock`1.cs:line 323
   at Moq.Mock.get_Object() in /_/src/Moq/Mock.cs:line 181
   at Moq.Mock`1.get_Object() in /_/src/Moq/Mock`1.cs:line 281
   at Aula.Tests.Bots.SlackMessageHandlerTests..ctor() in /mnt/d/git/aula/src/Aula.Tests/Bots/SlackMessageHandlerTests.cs:line 57
   at System.RuntimeType.CreateInstanceDefaultCtor(Boolean publicOnly, Boolean wrapExceptions)
----- Inner Stack Trace -----
   at System.RuntimeType.CreateInstanceImpl(BindingFlags bindingAttr, Binder binder, Object[] args, CultureInfo culture)
   at Castle.DynamicProxy.ProxyGenerator.CreateClassProxyInstance(Type proxyType, List`1 proxyArguments, Type classToProxy, Object[] constructorArguments)</StackTrace>
        </ErrorInfo>
      </Output>
    </UnitTestResult>
    <UnitTestResult executionId="aa596017-6121-487e-b3eb-88748aa31c04" testId="5042f569-80ad-a5a6-d51b-90b46bce87a9" testName="Aula.Tests.Services.OpenAiServiceIntegrationTests.ExtractKeyInformationAsync_WithNullWeekLetter_ThrowsArgumentNullException(chatInterface: Telegram)" computerName="RHO-DESKTOP" duration="00:00:00.0037279" startTime="2025-06-30T18:59:47.7643002+02:00" endTime="2025-06-30T18:59:47.7643003+02:00" testType="13cdc9d9-ddb5-4fa4-a97d-d965ccfc6d4b" outcome="Failed" testListId="8c84fa94-04c1-424b-9868-57a2d4851a1d" relativeResultsDirectory="aa596017-6121-487e-b3eb-88748aa31c04">
      <Output>
        <ErrorInfo>
          <Message>System.ArgumentException : Can not instantiate proxy of class: Aula.Tools.AiToolsManager.
Could not find a parameterless constructor. (Parameter 'constructorArguments')
---- System.MissingMethodException : Constructor on type 'Castle.Proxies.AiToolsManagerProxy' not found.</Message>
          <StackTrace>   at Castle.DynamicProxy.ProxyGenerator.CreateClassProxyInstance(Type proxyType, List`1 proxyArguments, Type classToProxy, Object[] constructorArguments)
   at Castle.DynamicProxy.ProxyGenerator.CreateClassProxy(Type classToProxy, Type[] additionalInterfacesToProxy, ProxyGenerationOptions options, Object[] constructorArguments, IInterceptor[] interceptors)
   at Moq.CastleProxyFactory.CreateProxy(Type mockType, IInterceptor interceptor, Type[] interfaces, Object[] arguments) in /_/src/Moq/Interception/CastleProxyFactory.cs:line 62
   at Moq.Mock`1.InitializeInstance() in /_/src/Moq/Mock`1.cs:line 309
   at Moq.Mock`1.OnGetObject() in /_/src/Moq/Mock`1.cs:line 323
   at Moq.Mock.get_Object() in /_/src/Moq/Mock.cs:line 181
   at Moq.Mock`1.get_Object() in /_/src/Moq/Mock`1.cs:line 281
   at Aula.Tests.Services.OpenAiServiceIntegrationTests.ExtractKeyInformationAsync_WithNullWeekLetter_ThrowsArgumentNullException(ChatInterface chatInterface) in /mnt/d/git/aula/src/Aula.Tests/Services/OpenAiServiceIntegrationTests.cs:line 141
--- End of stack trace from previous location ---
----- Inner Stack Trace -----
   at System.RuntimeType.CreateInstanceImpl(BindingFlags bindingAttr, Binder binder, Object[] args, CultureInfo culture)
   at Castle.DynamicProxy.ProxyGenerator.CreateClassProxyInstance(Type proxyType, List`1 proxyArguments, Type classToProxy, Object[] constructorArguments)</StackTrace>
        </ErrorInfo>
      </Output>
    </UnitTestResult>
    <UnitTestResult executionId="6359b25b-2504-40e3-a979-b3ca8136e3bc" testId="c79823a4-e6c5-4210-9526-f7fc3ce5d77c" testName="Aula.Tests.Services.OpenAiServiceIntegrationTests.ClearConversationHistory_WithoutContextKey_DoesNotThrow" computerName="RHO-DESKTOP" duration="00:00:00.0008987" startTime="2025-06-30T18:59:47.7614120+02:00" endTime="2025-06-30T18:59:47.7614122+02:00" testType="13cdc9d9-ddb5-4fa4-a97d-d965ccfc6d4b" outcome="Failed" testListId="8c84fa94-04c1-424b-9868-57a2d4851a1d" relativeResultsDirectory="6359b25b-2504-40e3-a979-b3ca8136e3bc">
      <Output>
        <ErrorInfo>
          <Message>System.ArgumentException : Can not instantiate proxy of class: Aula.Tools.AiToolsManager.
Could not find a parameterless constructor. (Parameter 'constructorArguments')
---- System.MissingMethodException : Constructor on type 'Castle.Proxies.AiToolsManagerProxy' not found.</Message>
          <StackTrace>   at Castle.DynamicProxy.ProxyGenerator.CreateClassProxyInstance(Type proxyType, List`1 proxyArguments, Type classToProxy, Object[] constructorArguments)
   at Castle.DynamicProxy.ProxyGenerator.CreateClassProxy(Type classToProxy, Type[] additionalInterfacesToProxy, ProxyGenerationOptions options, Object[] constructorArguments, IInterceptor[] interceptors)
   at Moq.CastleProxyFactory.CreateProxy(Type mockType, IInterceptor interceptor, Type[] interfaces, Object[] arguments) in /_/src/Moq/Interception/CastleProxyFactory.cs:line 62
   at Moq.Mock`1.InitializeInstance() in /_/src/Moq/Mock`1.cs:line 309
   at Moq.Mock`1.OnGetObject() in /_/src/Moq/Mock`1.cs:line 323
   at Moq.Mock.get_Object() in /_/src/Moq/Mock.cs:line 181
   at Moq.Mock`1.get_Object() in /_/src/Moq/Mock`1.cs:line 281
   at Aula.Tests.Services.OpenAiServiceIntegrationTests.ClearConversationHistory_WithoutContextKey_DoesNotThrow() in /mnt/d/git/aula/src/Aula.Tests/Services/OpenAiServiceIntegrationTests.cs:line 86
   at System.RuntimeMethodHandle.InvokeMethod(Object target, Void** arguments, Signature sig, Boolean isConstructor)
   at System.Reflection.MethodBaseInvoker.InvokeWithNoArgs(Object obj, BindingFlags invokeAttr)
----- Inner Stack Trace -----
   at System.RuntimeType.CreateInstanceImpl(BindingFlags bindingAttr, Binder binder, Object[] args, CultureInfo culture)
   at Castle.DynamicProxy.ProxyGenerator.CreateClassProxyInstance(Type proxyType, List`1 proxyArguments, Type classToProxy, Object[] constructorArguments)</StackTrace>
        </ErrorInfo>
      </Output>
    </UnitTestResult>
    <UnitTestResult executionId="a8da795f-5bdd-44ed-a1bf-5bb8c887d411" testId="c491ca15-97ab-a670-c185-11bf3ef7479b" testName="Aula.Tests.Bots.SlackInteractiveBotTests.PostWeekLetter_WithDuplicateContent_SkipsDuplicate" computerName="RHO-DESKTOP" duration="00:00:00.3888615" startTime="2025-06-30T18:59:51.3631349+02:00" endTime="2025-06-30T18:59:51.3631354+02:00" testType="13cdc9d9-ddb5-4fa4-a97d-d965ccfc6d4b" outcome="Failed" testListId="8c84fa94-04c1-424b-9868-57a2d4851a1d" relativeResultsDirectory="a8da795f-5bdd-44ed-a1bf-5bb8c887d411">
      <Output>
        <ErrorInfo>
          <Message>Moq.MockException : 
Expected invocation on the mock once, but was 0 times: mock =&gt; mock.SendAsync(It.IsAny&lt;HttpRequestMessage&gt;(), It.IsAny&lt;CancellationToken&gt;())

Performed invocations:

   Mock&lt;HttpMessageHandler:16&gt; (mock):
   No invocations performed.
</Message>
          <StackTrace>   at Moq.Mock.Verify(Mock mock, LambdaExpression expression, Times times, String failMessage) in /_/src/Moq/Mock.cs:line 332
   at Moq.Protected.ProtectedMock`1.InternalVerify(String methodName, Type[] genericTypeArguments, Times times, Boolean exactParameterMatch, Object[] args) in /_/src/Moq/Protected/ProtectedMock.cs:line 234
   at Moq.Protected.ProtectedMock`1.Verify(String methodName, Times times, Object[] args) in /_/src/Moq/Protected/ProtectedMock.cs:line 206
   at Aula.Tests.Bots.SlackInteractiveBotTests.PostWeekLetter_WithDuplicateContent_SkipsDuplicate() in /mnt/d/git/aula/src/Aula.Tests/Bots/SlackInteractiveBotTests.cs:line 274
--- End of stack trace from previous location ---</StackTrace>
        </ErrorInfo>
      </Output>
    </UnitTestResult>
    <UnitTestResult executionId="886438e1-9e54-4c84-be60-4c554888f259" testId="87b7e046-4300-6ba7-be8d-14de8ee31c5f" testName="Aula.Tests.Tools.ReminderCommandHandlerTests.Constructor_WithNullChildrenByName_ThrowsArgumentNullException" computerName="RHO-DESKTOP" duration="00:00:00.0003111" startTime="2025-06-30T18:59:48.0786996+02:00" endTime="2025-06-30T18:59:48.0786998+02:00" testType="13cdc9d9-ddb5-4fa4-a97d-d965ccfc6d4b" outcome="Passed" testListId="8c84fa94-04c1-424b-9868-57a2d4851a1d" relativeResultsDirectory="886438e1-9e54-4c84-be60-4c554888f259" />
    <UnitTestResult executionId="0e3a2d75-7862-4051-a8f3-35949f030a01" testId="b10574f8-57a7-a56d-69fc-5fa21e09fe6d" testName="Aula.Tests.Services.OpenAiServiceIntegrationTests.AskQuestionAboutChildrenAsync_WithNullChildrenWeekLetters_ThrowsArgumentNullException(chatInterface: Telegram)" computerName="RHO-DESKTOP" duration="00:00:00.0014785" startTime="2025-06-30T18:59:47.7544458+02:00" endTime="2025-06-30T18:59:47.7544460+02:00" testType="13cdc9d9-ddb5-4fa4-a97d-d965ccfc6d4b" outcome="Failed" testListId="8c84fa94-04c1-424b-9868-57a2d4851a1d" relativeResultsDirectory="0e3a2d75-7862-4051-a8f3-35949f030a01">
      <Output>
        <ErrorInfo>
          <Message>System.ArgumentException : Can not instantiate proxy of class: Aula.Tools.AiToolsManager.
Could not find a parameterless constructor. (Parameter 'constructorArguments')
---- System.MissingMethodException : Constructor on type 'Castle.Proxies.AiToolsManagerProxy' not found.</Message>
          <StackTrace>   at Castle.DynamicProxy.ProxyGenerator.CreateClassProxyInstance(Type proxyType, List`1 proxyArguments, Type classToProxy, Object[] constructorArguments)
   at Castle.DynamicProxy.ProxyGenerator.CreateClassProxy(Type classToProxy, Type[] additionalInterfacesToProxy, ProxyGenerationOptions options, Object[] constructorArguments, IInterceptor[] interceptors)
   at Moq.CastleProxyFactory.CreateProxy(Type mockType, IInterceptor interceptor, Type[] interfaces, Object[] arguments) in /_/src/Moq/Interception/CastleProxyFactory.cs:line 62
   at Moq.Mock`1.InitializeInstance() in /_/src/Moq/Mock`1.cs:line 309
   at Moq.Mock`1.OnGetObject() in /_/src/Moq/Mock`1.cs:line 323
   at Moq.Mock.get_Object() in /_/src/Moq/Mock.cs:line 181
   at Moq.Mock`1.get_Object() in /_/src/Moq/Mock`1.cs:line 281
   at Aula.Tests.Services.OpenAiServiceIntegrationTests.AskQuestionAboutChildrenAsync_WithNullChildrenWeekLetters_ThrowsArgumentNullException(ChatInterface chatInterface) in /mnt/d/git/aula/src/Aula.Tests/Services/OpenAiServiceIntegrationTests.cs:line 152
--- End of stack trace from previous location ---
----- Inner Stack Trace -----
   at System.RuntimeType.CreateInstanceImpl(BindingFlags bindingAttr, Binder binder, Object[] args, CultureInfo culture)
   at Castle.DynamicProxy.ProxyGenerator.CreateClassProxyInstance(Type proxyType, List`1 proxyArguments, Type classToProxy, Object[] constructorArguments)</StackTrace>
        </ErrorInfo>
      </Output>
    </UnitTestResult>
    <UnitTestResult executionId="7c81dab8-ef54-4d43-88fd-a7015c230429" testId="6234ecb8-e2dd-d37d-8721-81fdc7e6823a" testName="Aula.Tests.Tools.AiToolsManagerTests.CreateReminderAsync_WithValidDateTime_CreatesReminder" computerName="RHO-DESKTOP" duration="00:00:00.0351065" startTime="2025-06-30T18:59:47.8740012+02:00" endTime="2025-06-30T18:59:47.8740014+02:00" testType="13cdc9d9-ddb5-4fa4-a97d-d965ccfc6d4b" outcome="Passed" testListId="8c84fa94-04c1-424b-9868-57a2d4851a1d" relativeResultsDirectory="7c81dab8-ef54-4d43-88fd-a7015c230429" />
    <UnitTestResult executionId="8e6e1a0e-9a2b-4d18-800d-f4b16cc8c5cb" testId="ab120f5f-70c1-1c2c-37fe-0285fb96cb1f" testName="Aula.Tests.Services.DataServiceTests.GetWeekSchedule_ReturnsNull_WhenNotInCache" computerName="RHO-DESKTOP" duration="00:00:00.0941663" startTime="2025-06-30T18:59:47.3489842+02:00" endTime="2025-06-30T18:59:47.3489843+02:00" testType="13cdc9d9-ddb5-4fa4-a97d-d965ccfc6d4b" outcome="Passed" testListId="8c84fa94-04c1-424b-9868-57a2d4851a1d" relativeResultsDirectory="8e6e1a0e-9a2b-4d18-800d-f4b16cc8c5cb" />
    <UnitTestResult executionId="40906fd2-ebb9-4996-aee7-02b1e63bdfe6" testId="3244b8c7-1294-20bc-2d35-4ae6283e4c3a" testName="Aula.Tests.Utilities.FollowUpQuestionDetectorTests.IsFollowUpQuestion_WithEnglishFollowUpPhrases_ReturnsTrue(input: &quot;and what about today&quot;)" computerName="RHO-DESKTOP" duration="00:00:00.0000455" startTime="2025-06-30T18:59:47.9674252+02:00" endTime="2025-06-30T18:59:47.9674255+02:00" testType="13cdc9d9-ddb5-4fa4-a97d-d965ccfc6d4b" outcome="Passed" testListId="8c84fa94-04c1-424b-9868-57a2d4851a1d" relativeResultsDirectory="40906fd2-ebb9-4996-aee7-02b1e63bdfe6" />
    <UnitTestResult executionId="64ac8e3a-d0e9-475f-9463-436c73507e5c" testId="9833abbf-2b3b-4c95-cc5f-ce17c418fcd0" testName="Aula.Tests.Utilities.FollowUpQuestionDetectorTests.IsFollowUpQuestion_WithPunctuationAroundChildName_WorksCorrectly(input: &quot;Emma!&quot;)" computerName="RHO-DESKTOP" duration="00:00:00.0001420" startTime="2025-06-30T18:59:48.0215036+02:00" endTime="2025-06-30T18:59:48.0215038+02:00" testType="13cdc9d9-ddb5-4fa4-a97d-d965ccfc6d4b" outcome="Passed" testListId="8c84fa94-04c1-424b-9868-57a2d4851a1d" relativeResultsDirectory="64ac8e3a-d0e9-475f-9463-436c73507e5c" />
    <UnitTestResult executionId="efdebae1-579d-4a7d-99ab-2bef286ccaf6" testId="f746688b-f580-3fee-4c58-d4c4ee979cd7" testName="Aula.Tests.Utilities.JsonFormatterTests.Prettify_WithEmptyObjects_HandlesCorrectly" computerName="RHO-DESKTOP" duration="00:00:00.0001407" startTime="2025-06-30T18:59:47.2703274+02:00" endTime="2025-06-30T18:59:47.2703275+02:00" testType="13cdc9d9-ddb5-4fa4-a97d-d965ccfc6d4b" outcome="Passed" testListId="8c84fa94-04c1-424b-9868-57a2d4851a1d" relativeResultsDirectory="efdebae1-579d-4a7d-99ab-2bef286ccaf6" />
    <UnitTestResult executionId="ebdebc1c-e3e0-4b16-a8eb-8ada63a6e3aa" testId="d141c1f4-2ff8-7341-a2af-364fb6299829" testName="Aula.Tests.Utilities.JsonFormatterTests.Prettify_WithIncompleteJson_ThrowsException(incompleteJson: &quot;{\&quot;incomplete\&quot;:&quot;)" computerName="RHO-DESKTOP" duration="00:00:00.0013504" startTime="2025-06-30T18:59:47.2632286+02:00" endTime="2025-06-30T18:59:47.2632287+02:00" testType="13cdc9d9-ddb5-4fa4-a97d-d965ccfc6d4b" outcome="Passed" testListId="8c84fa94-04c1-424b-9868-57a2d4851a1d" relativeResultsDirectory="ebdebc1c-e3e0-4b16-a8eb-8ada63a6e3aa" />
    <UnitTestResult executionId="04a4d5a9-c303-48d5-a151-a45742d7cbac" testId="bb029ecd-bc04-6c95-65d6-4fa9005d9f93" testName="Aula.Tests.Utilities.DateTimeUtilitiesTests.GetDanishDayName_ValidDayOfWeek_ReturnsLowercaseName(dayOfWeek: Tuesday, expectedName: &quot;tirsdag&quot;)" computerName="RHO-DESKTOP" duration="00:00:00.0000062" startTime="2025-06-30T18:59:48.1773231+02:00" endTime="2025-06-30T18:59:48.1773232+02:00" testType="13cdc9d9-ddb5-4fa4-a97d-d965ccfc6d4b" outcome="Passed" testListId="8c84fa94-04c1-424b-9868-57a2d4851a1d" relativeResultsDirectory="04a4d5a9-c303-48d5-a151-a45742d7cbac" />
    <UnitTestResult executionId="4af2a9f9-bac5-4ed2-844c-c73d167427f1" testId="7415a632-957d-b568-8d89-35975dec612b" testName="Aula.Tests.Integration.AgentServiceTests.AskQuestionAboutWeekLetterAsync_WithContextKey_CallsOpenAiService" computerName="RHO-DESKTOP" duration="00:00:00.0590540" startTime="2025-06-30T18:59:48.1571884+02:00" endTime="2025-06-30T18:59:48.1571885+02:00" testType="13cdc9d9-ddb5-4fa4-a97d-d965ccfc6d4b" outcome="Passed" testListId="8c84fa94-04c1-424b-9868-57a2d4851a1d" relativeResultsDirectory="4af2a9f9-bac5-4ed2-844c-c73d167427f1" />
    <UnitTestResult executionId="3fed4513-3507-4014-b3b6-ff4de3516d76" testId="76f28705-d77c-bf82-f290-6a4800e495d0" testName="Aula.Tests.Bots.SlackInteractiveBotTests.PostWeekLetter_WithEmptyContent_LogsWarningAndReturns" computerName="RHO-DESKTOP" duration="00:00:00.0031703" startTime="2025-06-30T18:59:50.9715364+02:00" endTime="2025-06-30T18:59:50.9715367+02:00" testType="13cdc9d9-ddb5-4fa4-a97d-d965ccfc6d4b" outcome="Passed" testListId="8c84fa94-04c1-424b-9868-57a2d4851a1d" relativeResultsDirectory="3fed4513-3507-4014-b3b6-ff4de3516d76" />
    <UnitTestResult executionId="cd5e94de-026a-4e86-b1fa-be89930c9079" testId="d15263a9-c9dd-8da6-43bd-cf6d41fc1e3a" testName="Aula.Tests.Bots.TelegramMessageHandlerTests.HandleMessageAsync_WithReminderCommand_CallsReminderHandler(reminderCommand: &quot;slet påmindelse&quot;)" computerName="RHO-DESKTOP" duration="00:00:00.0010000" startTime="2025-06-30T18:59:47.4639402+02:00" endTime="2025-06-30T18:59:47.4639403+02:00" testType="13cdc9d9-ddb5-4fa4-a97d-d965ccfc6d4b" outcome="Failed" testListId="8c84fa94-04c1-424b-9868-57a2d4851a1d" relativeResultsDirectory="cd5e94de-026a-4e86-b1fa-be89930c9079">
      <Output>
        <ErrorInfo>
          <Message>System.ArgumentException : Can not instantiate proxy of class: Aula.Utilities.ConversationContextManager`1[[System.Int64, System.Private.CoreLib, Version=9.0.0.0, Culture=neutral, PublicKeyToken=7cec85d7bea7798e]].
Could not find a parameterless constructor. (Parameter 'constructorArguments')
---- System.MissingMethodException : Constructor on type 'Castle.Proxies.ConversationContextManager`1Proxy' not found.</Message>
          <StackTrace>   at Castle.DynamicProxy.ProxyGenerator.CreateClassProxyInstance(Type proxyType, List`1 proxyArguments, Type classToProxy, Object[] constructorArguments)
   at Castle.DynamicProxy.ProxyGenerator.CreateClassProxy(Type classToProxy, Type[] additionalInterfacesToProxy, ProxyGenerationOptions options, Object[] constructorArguments, IInterceptor[] interceptors)
   at Moq.CastleProxyFactory.CreateProxy(Type mockType, IInterceptor interceptor, Type[] interfaces, Object[] arguments) in /_/src/Moq/Interception/CastleProxyFactory.cs:line 62
   at Moq.Mock`1.InitializeInstance() in /_/src/Moq/Mock`1.cs:line 309
   at Moq.Mock`1.OnGetObject() in /_/src/Moq/Mock`1.cs:line 323
   at Moq.Mock.get_Object() in /_/src/Moq/Mock.cs:line 181
   at Moq.Mock`1.get_Object() in /_/src/Moq/Mock`1.cs:line 281
   at Aula.Tests.Bots.TelegramMessageHandlerTests..ctor() in /mnt/d/git/aula/src/Aula.Tests/Bots/TelegramMessageHandlerTests.cs:line 63
   at System.RuntimeType.CreateInstanceDefaultCtor(Boolean publicOnly, Boolean wrapExceptions)
----- Inner Stack Trace -----
   at System.RuntimeType.CreateInstanceImpl(BindingFlags bindingAttr, Binder binder, Object[] args, CultureInfo culture)
   at Castle.DynamicProxy.ProxyGenerator.CreateClassProxyInstance(Type proxyType, List`1 proxyArguments, Type classToProxy, Object[] constructorArguments)</StackTrace>
        </ErrorInfo>
      </Output>
    </UnitTestResult>
    <UnitTestResult executionId="e523e352-f410-4df5-a4cc-72042dff007a" testId="40e04a6d-bef0-ec4b-8281-04b2775da565" testName="Aula.Tests.Bots.SlackMessageHandlerTests.Constructor_WithNullAgentService_ThrowsArgumentNullException" computerName="RHO-DESKTOP" duration="00:00:00.0010000" startTime="2025-06-30T18:59:47.5575064+02:00" endTime="2025-06-30T18:59:47.5575068+02:00" testType="13cdc9d9-ddb5-4fa4-a97d-d965ccfc6d4b" outcome="Failed" testListId="8c84fa94-04c1-424b-9868-57a2d4851a1d" relativeResultsDirectory="e523e352-f410-4df5-a4cc-72042dff007a">
      <Output>
        <ErrorInfo>
          <Message>System.ArgumentException : Can not instantiate proxy of class: Aula.Tools.ReminderCommandHandler.
Could not find a parameterless constructor. (Parameter 'constructorArguments')
---- System.MissingMethodException : Constructor on type 'Castle.Proxies.ReminderCommandHandlerProxy' not found.</Message>
          <StackTrace>   at Castle.DynamicProxy.ProxyGenerator.CreateClassProxyInstance(Type proxyType, List`1 proxyArguments, Type classToProxy, Object[] constructorArguments)
   at Castle.DynamicProxy.ProxyGenerator.CreateClassProxy(Type classToProxy, Type[] additionalInterfacesToProxy, ProxyGenerationOptions options, Object[] constructorArguments, IInterceptor[] interceptors)
   at Moq.CastleProxyFactory.CreateProxy(Type mockType, IInterceptor interceptor, Type[] interfaces, Object[] arguments) in /_/src/Moq/Interception/CastleProxyFactory.cs:line 62
   at Moq.Mock`1.InitializeInstance() in /_/src/Moq/Mock`1.cs:line 309
   at Moq.Mock`1.OnGetObject() in /_/src/Moq/Mock`1.cs:line 323
   at Moq.Mock.get_Object() in /_/src/Moq/Mock.cs:line 181
   at Moq.Mock`1.get_Object() in /_/src/Moq/Mock`1.cs:line 281
   at Aula.Tests.Bots.SlackMessageHandlerTests..ctor() in /mnt/d/git/aula/src/Aula.Tests/Bots/SlackMessageHandlerTests.cs:line 57
   at System.RuntimeType.CreateInstanceDefaultCtor(Boolean publicOnly, Boolean wrapExceptions)
----- Inner Stack Trace -----
   at System.RuntimeType.CreateInstanceImpl(BindingFlags bindingAttr, Binder binder, Object[] args, CultureInfo culture)
   at Castle.DynamicProxy.ProxyGenerator.CreateClassProxyInstance(Type proxyType, List`1 proxyArguments, Type classToProxy, Object[] constructorArguments)</StackTrace>
        </ErrorInfo>
      </Output>
    </UnitTestResult>
    <UnitTestResult executionId="80305016-ec5c-4fa5-bb7e-c3846c3ccdd9" testId="4d32377c-3003-92bb-8a9b-867e419dcb6a" testName="Aula.Tests.Utilities.ReminderExtractionPromptsTests.GetExtractionPrompt_WithVariousCurrentTimes_CalculatesRelativeDatesCorrectly(currentTimeStr: &quot;2025-01-01 00:00:00&quot;)" computerName="RHO-DESKTOP" duration="00:00:00.0015322" startTime="2025-06-30T18:59:47.7849186+02:00" endTime="2025-06-30T18:59:47.7849187+02:00" testType="13cdc9d9-ddb5-4fa4-a97d-d965ccfc6d4b" outcome="Passed" testListId="8c84fa94-04c1-424b-9868-57a2d4851a1d" relativeResultsDirectory="80305016-ec5c-4fa5-bb7e-c3846c3ccdd9" />
    <UnitTestResult executionId="a162f9d9-213c-4190-bf1c-7a4d7836daad" testId="ca4a7c7d-ea0c-9793-dbdd-ecdb86ee62d2" testName="Aula.Tests.Services.DataServiceTests.CacheWeekSchedule_StoresDataInCache" computerName="RHO-DESKTOP" duration="00:00:00.0078917" startTime="2025-06-30T18:59:47.5004607+02:00" endTime="2025-06-30T18:59:47.5004609+02:00" testType="13cdc9d9-ddb5-4fa4-a97d-d965ccfc6d4b" outcome="Passed" testListId="8c84fa94-04c1-424b-9868-57a2d4851a1d" relativeResultsDirectory="a162f9d9-213c-4190-bf1c-7a4d7836daad" />
    <UnitTestResult executionId="938b8858-e9d3-4fda-876d-0a645deaa289" testId="ebaf8397-8612-cd93-1911-25f8b63dd1af" testName="Aula.Tests.Services.OpenAiServiceIntegrationTests.AskQuestionAboutWeekLetterAsync_WithContextKey_WithNullWeekLetter_ThrowsArgumentNullException(chatInterface: Slack)" computerName="RHO-DESKTOP" duration="00:00:00.0101751" startTime="2025-06-30T18:59:47.8273057+02:00" endTime="2025-06-30T18:59:47.8273059+02:00" testType="13cdc9d9-ddb5-4fa4-a97d-d965ccfc6d4b" outcome="Failed" testListId="8c84fa94-04c1-424b-9868-57a2d4851a1d" relativeResultsDirectory="938b8858-e9d3-4fda-876d-0a645deaa289">
      <Output>
        <ErrorInfo>
          <Message>System.ArgumentException : Can not instantiate proxy of class: Aula.Tools.AiToolsManager.
Could not find a parameterless constructor. (Parameter 'constructorArguments')
---- System.MissingMethodException : Constructor on type 'Castle.Proxies.AiToolsManagerProxy' not found.</Message>
          <StackTrace>   at Castle.DynamicProxy.ProxyGenerator.CreateClassProxyInstance(Type proxyType, List`1 proxyArguments, Type classToProxy, Object[] constructorArguments)
   at Castle.DynamicProxy.ProxyGenerator.CreateClassProxy(Type classToProxy, Type[] additionalInterfacesToProxy, ProxyGenerationOptions options, Object[] constructorArguments, IInterceptor[] interceptors)
   at Moq.CastleProxyFactory.CreateProxy(Type mockType, IInterceptor interceptor, Type[] interfaces, Object[] arguments) in /_/src/Moq/Interception/CastleProxyFactory.cs:line 62
   at Moq.Mock`1.InitializeInstance() in /_/src/Moq/Mock`1.cs:line 309
   at Moq.Mock`1.OnGetObject() in /_/src/Moq/Mock`1.cs:line 323
   at Moq.Mock.get_Object() in /_/src/Moq/Mock.cs:line 181
   at Moq.Mock`1.get_Object() in /_/src/Moq/Mock`1.cs:line 281
   at Aula.Tests.Services.OpenAiServiceIntegrationTests.AskQuestionAboutWeekLetterAsync_WithContextKey_WithNullWeekLetter_ThrowsArgumentNullException(ChatInterface chatInterface) in /mnt/d/git/aula/src/Aula.Tests/Services/OpenAiServiceIntegrationTests.cs:line 130
--- End of stack trace from previous location ---
----- Inner Stack Trace -----
   at System.RuntimeType.CreateInstanceImpl(BindingFlags bindingAttr, Binder binder, Object[] args, CultureInfo culture)
   at Castle.DynamicProxy.ProxyGenerator.CreateClassProxyInstance(Type proxyType, List`1 proxyArguments, Type classToProxy, Object[] constructorArguments)</StackTrace>
        </ErrorInfo>
      </Output>
    </UnitTestResult>
    <UnitTestResult executionId="ad2c96f4-1c85-4c5f-82a2-63863e5937e1" testId="909b5135-abc5-ca49-7494-5f4eb3573cf1" testName="Aula.Tests.Utilities.DateTimeUtilitiesTests.GetDanishDayName_AllValidDaysOfWeek_ReturnsNonEmptyString(dayOfWeek: Tuesday)" computerName="RHO-DESKTOP" duration="00:00:00.0000062" startTime="2025-06-30T18:59:48.1713944+02:00" endTime="2025-06-30T18:59:48.1713946+02:00" testType="13cdc9d9-ddb5-4fa4-a97d-d965ccfc6d4b" outcome="Passed" testListId="8c84fa94-04c1-424b-9868-57a2d4851a1d" relativeResultsDirectory="ad2c96f4-1c85-4c5f-82a2-63863e5937e1" />
    <UnitTestResult executionId="1ca91e35-4bb2-4afd-9099-c937ab66fd16" testId="be0934fb-3e5b-c412-9765-2aa4cc2f45a7" testName="Aula.Tests.Services.DataModelTests.Reminder_CreatedBy_HandlesValues(createdBy: &quot;user&quot;, shouldAccept: True)" computerName="RHO-DESKTOP" duration="00:00:00.0000141" startTime="2025-06-30T18:59:48.0114031+02:00" endTime="2025-06-30T18:59:48.0114035+02:00" testType="13cdc9d9-ddb5-4fa4-a97d-d965ccfc6d4b" outcome="Passed" testListId="8c84fa94-04c1-424b-9868-57a2d4851a1d" relativeResultsDirectory="1ca91e35-4bb2-4afd-9099-c937ab66fd16" />
    <UnitTestResult executionId="c57871ae-74be-43b4-9e3e-fba06b08aa81" testId="228e40b4-0ca4-d75a-7a58-46117a34fee9" testName="Aula.Tests.Utilities.DateTimeUtilitiesTests.GetDanishDayName_ValidDayOfWeek_ReturnsCorrectDanishName(dayOfWeek: Tuesday, expectedDanishName: &quot;tirsdag&quot;)" computerName="RHO-DESKTOP" duration="00:00:00.0000056" startTime="2025-06-30T18:59:48.1605909+02:00" endTime="2025-06-30T18:59:48.1605910+02:00" testType="13cdc9d9-ddb5-4fa4-a97d-d965ccfc6d4b" outcome="Passed" testListId="8c84fa94-04c1-424b-9868-57a2d4851a1d" relativeResultsDirectory="c57871ae-74be-43b4-9e3e-fba06b08aa81" />
    <UnitTestResult executionId="cc29bc92-21d6-4042-9f6d-19b609402e64" testId="f36a6d06-62fb-7dca-c729-24e28498b2d7" testName="Aula.Tests.Services.DataModelTests.RetryAttempt_WithProperties_SetsCorrectly" computerName="RHO-DESKTOP" duration="00:00:00.0024672" startTime="2025-06-30T18:59:48.0730903+02:00" endTime="2025-06-30T18:59:48.0730904+02:00" testType="13cdc9d9-ddb5-4fa4-a97d-d965ccfc6d4b" outcome="Passed" testListId="8c84fa94-04c1-424b-9868-57a2d4851a1d" relativeResultsDirectory="cc29bc92-21d6-4042-9f6d-19b609402e64" />
    <UnitTestResult executionId="82268baf-00be-4c51-9b6f-546189d66a24" testId="8113e2b7-9bbc-43f2-b5f4-05d3d720e278" testName="Aula.Tests.Utilities.Html2SlackMarkdownConverterTests.Convert_WithMalformedHtml_HandlesGracefully" computerName="RHO-DESKTOP" duration="00:00:00.0024435" startTime="2025-06-30T18:59:48.2595512+02:00" endTime="2025-06-30T18:59:48.2595513+02:00" testType="13cdc9d9-ddb5-4fa4-a97d-d965ccfc6d4b" outcome="Passed" testListId="8c84fa94-04c1-424b-9868-57a2d4851a1d" relativeResultsDirectory="82268baf-00be-4c51-9b6f-546189d66a24" />
    <UnitTestResult executionId="b96ab373-f772-4c58-9ee9-d8dc05645bcc" testId="9728fe01-3005-7319-6ba9-b6d3b25a9602" testName="Aula.Tests.Bots.SlackInteractiveBotTests.SendMessage_WithLongText_TruncatesMessage" computerName="RHO-DESKTOP" duration="00:00:00.2134346" startTime="2025-06-30T18:59:49.0707642+02:00" endTime="2025-06-30T18:59:49.0707645+02:00" testType="13cdc9d9-ddb5-4fa4-a97d-d965ccfc6d4b" outcome="Passed" testListId="8c84fa94-04c1-424b-9868-57a2d4851a1d" relativeResultsDirectory="b96ab373-f772-4c58-9ee9-d8dc05645bcc" />
    <UnitTestResult executionId="baa40afc-545e-4046-a1d4-0504021ac01e" testId="8a9a0bf9-dc67-2135-3862-4a807be5d41c" testName="Aula.Tests.Bots.SlackMessageHandlerTests.HandleMessageAsync_WithReminderCommand_CallsReminderHandler(reminderCommand: &quot;mind mig om noget&quot;)" computerName="RHO-DESKTOP" duration="00:00:00.0010000" startTime="2025-06-30T18:59:47.5723428+02:00" endTime="2025-06-30T18:59:47.5723430+02:00" testType="13cdc9d9-ddb5-4fa4-a97d-d965ccfc6d4b" outcome="Failed" testListId="8c84fa94-04c1-424b-9868-57a2d4851a1d" relativeResultsDirectory="baa40afc-545e-4046-a1d4-0504021ac01e">
      <Output>
        <ErrorInfo>
          <Message>System.ArgumentException : Can not instantiate proxy of class: Aula.Tools.ReminderCommandHandler.
Could not find a parameterless constructor. (Parameter 'constructorArguments')
---- System.MissingMethodException : Constructor on type 'Castle.Proxies.ReminderCommandHandlerProxy' not found.</Message>
          <StackTrace>   at Castle.DynamicProxy.ProxyGenerator.CreateClassProxyInstance(Type proxyType, List`1 proxyArguments, Type classToProxy, Object[] constructorArguments)
   at Castle.DynamicProxy.ProxyGenerator.CreateClassProxy(Type classToProxy, Type[] additionalInterfacesToProxy, ProxyGenerationOptions options, Object[] constructorArguments, IInterceptor[] interceptors)
   at Moq.CastleProxyFactory.CreateProxy(Type mockType, IInterceptor interceptor, Type[] interfaces, Object[] arguments) in /_/src/Moq/Interception/CastleProxyFactory.cs:line 62
   at Moq.Mock`1.InitializeInstance() in /_/src/Moq/Mock`1.cs:line 309
   at Moq.Mock`1.OnGetObject() in /_/src/Moq/Mock`1.cs:line 323
   at Moq.Mock.get_Object() in /_/src/Moq/Mock.cs:line 181
   at Moq.Mock`1.get_Object() in /_/src/Moq/Mock`1.cs:line 281
   at Aula.Tests.Bots.SlackMessageHandlerTests..ctor() in /mnt/d/git/aula/src/Aula.Tests/Bots/SlackMessageHandlerTests.cs:line 57
   at System.RuntimeType.CreateInstanceDefaultCtor(Boolean publicOnly, Boolean wrapExceptions)
----- Inner Stack Trace -----
   at System.RuntimeType.CreateInstanceImpl(BindingFlags bindingAttr, Binder binder, Object[] args, CultureInfo culture)
   at Castle.DynamicProxy.ProxyGenerator.CreateClassProxyInstance(Type proxyType, List`1 proxyArguments, Type classToProxy, Object[] constructorArguments)</StackTrace>
        </ErrorInfo>
      </Output>
    </UnitTestResult>
    <UnitTestResult executionId="05a4d614-3bd6-4e7a-8b51-b66ddc96a983" testId="554bf191-b569-b7a2-c3b8-c6178a2abd52" testName="Aula.Tests.Services.OpenAiServiceIntegrationTests.ProcessQueryWithToolsAsync_WithInvalidContextKey_ThrowsArgumentException(contextKey: null)" computerName="RHO-DESKTOP" duration="00:00:00.0006852" startTime="2025-06-30T18:59:47.7956782+02:00" endTime="2025-06-30T18:59:47.7956783+02:00" testType="13cdc9d9-ddb5-4fa4-a97d-d965ccfc6d4b" outcome="Failed" testListId="8c84fa94-04c1-424b-9868-57a2d4851a1d" relativeResultsDirectory="05a4d614-3bd6-4e7a-8b51-b66ddc96a983">
      <Output>
        <ErrorInfo>
          <Message>System.ArgumentException : Can not instantiate proxy of class: Aula.Tools.AiToolsManager.
Could not find a parameterless constructor. (Parameter 'constructorArguments')
---- System.MissingMethodException : Constructor on type 'Castle.Proxies.AiToolsManagerProxy' not found.</Message>
          <StackTrace>   at Castle.DynamicProxy.ProxyGenerator.CreateClassProxyInstance(Type proxyType, List`1 proxyArguments, Type classToProxy, Object[] constructorArguments)
   at Castle.DynamicProxy.ProxyGenerator.CreateClassProxy(Type classToProxy, Type[] additionalInterfacesToProxy, ProxyGenerationOptions options, Object[] constructorArguments, IInterceptor[] interceptors)
   at Moq.CastleProxyFactory.CreateProxy(Type mockType, IInterceptor interceptor, Type[] interfaces, Object[] arguments) in /_/src/Moq/Interception/CastleProxyFactory.cs:line 62
   at Moq.Mock`1.InitializeInstance() in /_/src/Moq/Mock`1.cs:line 309
   at Moq.Mock`1.OnGetObject() in /_/src/Moq/Mock`1.cs:line 323
   at Moq.Mock.get_Object() in /_/src/Moq/Mock.cs:line 181
   at Moq.Mock`1.get_Object() in /_/src/Moq/Mock`1.cs:line 281
   at Aula.Tests.Services.OpenAiServiceIntegrationTests.ProcessQueryWithToolsAsync_WithInvalidContextKey_ThrowsArgumentException(String contextKey) in /mnt/d/git/aula/src/Aula.Tests/Services/OpenAiServiceIntegrationTests.cs:line 176
--- End of stack trace from previous location ---
----- Inner Stack Trace -----
   at System.RuntimeType.CreateInstanceImpl(BindingFlags bindingAttr, Binder binder, Object[] args, CultureInfo culture)
   at Castle.DynamicProxy.ProxyGenerator.CreateClassProxyInstance(Type proxyType, List`1 proxyArguments, Type classToProxy, Object[] constructorArguments)</StackTrace>
        </ErrorInfo>
      </Output>
    </UnitTestResult>
    <UnitTestResult executionId="169421aa-b3ab-4541-9a90-36a04330245e" testId="28097eda-a5f4-e6e6-7060-12e7665f3075" testName="Aula.Tests.Channels.TelegramClientTests.PostWeekLetter_WithVariousChildNames_HandlesCorrectly(firstName: &quot;Søren Johannes&quot;)" computerName="RHO-DESKTOP" duration="00:00:00.0016983" startTime="2025-06-30T18:59:48.1334724+02:00" endTime="2025-06-30T18:59:48.1334726+02:00" testType="13cdc9d9-ddb5-4fa4-a97d-d965ccfc6d4b" outcome="Passed" testListId="8c84fa94-04c1-424b-9868-57a2d4851a1d" relativeResultsDirectory="169421aa-b3ab-4541-9a90-36a04330245e" />
    <UnitTestResult executionId="f099e8fc-ce1e-4d74-9fa1-6d84d362e2af" testId="cb065b5b-0d40-3607-dd81-a79e7d3ed14a" testName="Aula.Tests.Configuration.ConfigurationTests.Config_WithEmptyConfiguration_UsesDefaults" computerName="RHO-DESKTOP" duration="00:00:00.0062888" startTime="2025-06-30T18:59:48.4304235+02:00" endTime="2025-06-30T18:59:48.4304236+02:00" testType="13cdc9d9-ddb5-4fa4-a97d-d965ccfc6d4b" outcome="Passed" testListId="8c84fa94-04c1-424b-9868-57a2d4851a1d" relativeResultsDirectory="f099e8fc-ce1e-4d74-9fa1-6d84d362e2af" />
    <UnitTestResult executionId="4a689860-1c82-41cd-a228-d8a07d7b055e" testId="cb027f47-b453-181c-17af-774dbf3d917b" testName="Aula.Tests.Utilities.ConversationContextTests.IsStillValid_WithExactlyNinePointNineMinutesOld_ReturnsTrue" computerName="RHO-DESKTOP" duration="00:00:00.0001962" startTime="2025-06-30T18:59:47.2397855+02:00" endTime="2025-06-30T18:59:47.2397857+02:00" testType="13cdc9d9-ddb5-4fa4-a97d-d965ccfc6d4b" outcome="Passed" testListId="8c84fa94-04c1-424b-9868-57a2d4851a1d" relativeResultsDirectory="4a689860-1c82-41cd-a228-d8a07d7b055e" />
    <UnitTestResult executionId="d964b487-d7d5-4d4f-a907-7e4f82916dc2" testId="0a70d6fd-d740-a74a-169e-d35621818982" testName="Aula.Tests.Configuration.ConfigurationTests.Timers_AdaptivePollingLimits_ValidationTests(minSeconds: 30, maxSeconds: 5, isValid: False)" computerName="RHO-DESKTOP" duration="00:00:00.0171482" startTime="2025-06-30T18:59:48.1127340+02:00" endTime="2025-06-30T18:59:48.1127341+02:00" testType="13cdc9d9-ddb5-4fa4-a97d-d965ccfc6d4b" outcome="Passed" testListId="8c84fa94-04c1-424b-9868-57a2d4851a1d" relativeResultsDirectory="d964b487-d7d5-4d4f-a907-7e4f82916dc2" />
    <UnitTestResult executionId="b7964f42-d16b-482e-b779-9c54c3eda051" testId="947c27dc-3bc9-498f-6db7-a3e9f1a70b13" testName="Aula.Tests.Bots.SlackInteractiveBotTests.Constructor_WithNullLoggerFactory_ThrowsArgumentNullException" computerName="RHO-DESKTOP" duration="00:00:00.0008823" startTime="2025-06-30T18:59:51.3636597+02:00" endTime="2025-06-30T18:59:51.3636598+02:00" testType="13cdc9d9-ddb5-4fa4-a97d-d965ccfc6d4b" outcome="Passed" testListId="8c84fa94-04c1-424b-9868-57a2d4851a1d" relativeResultsDirectory="b7964f42-d16b-482e-b779-9c54c3eda051" />
    <UnitTestResult executionId="d976d8c9-7fb0-41e1-afad-e96df07dbeca" testId="952f09f7-4d08-75b3-4aa9-81a5106c72e8" testName="Aula.Tests.Configuration.ConfigurationTests.Config_IConfig_Interface_IsImplemented" computerName="RHO-DESKTOP" duration="00:00:00.0057278" startTime="2025-06-30T18:59:48.4036742+02:00" endTime="2025-06-30T18:59:48.4036744+02:00" testType="13cdc9d9-ddb5-4fa4-a97d-d965ccfc6d4b" outcome="Passed" testListId="8c84fa94-04c1-424b-9868-57a2d4851a1d" relativeResultsDirectory="d976d8c9-7fb0-41e1-afad-e96df07dbeca" />
    <UnitTestResult executionId="7605ed27-19a5-4aaf-a047-d1dbe792d55a" testId="0a8ad004-d01c-d1e0-58a0-181e5b1d213b" testName="Aula.Tests.Configuration.ConfigurationTests.Timers_AdaptivePollingLimits_ValidationTests(minSeconds: 5, maxSeconds: 30, isValid: True)" computerName="RHO-DESKTOP" duration="00:00:00.3767615" startTime="2025-06-30T18:59:48.0763430+02:00" endTime="2025-06-30T18:59:48.0763431+02:00" testType="13cdc9d9-ddb5-4fa4-a97d-d965ccfc6d4b" outcome="Passed" testListId="8c84fa94-04c1-424b-9868-57a2d4851a1d" relativeResultsDirectory="7605ed27-19a5-4aaf-a047-d1dbe792d55a" />
    <UnitTestResult executionId="43896da9-21dc-4a35-8066-f41d5a1aa4aa" testId="a0f8908b-2fc2-df51-4b18-23e951512406" testName="Aula.Tests.Scheduling.SchedulingServiceIntegrationTests.Constructor_WithNullConfig_ThrowsArgumentNullException" computerName="RHO-DESKTOP" duration="00:00:00.0022522" startTime="2025-06-30T18:59:47.8459055+02:00" endTime="2025-06-30T18:59:47.8459056+02:00" testType="13cdc9d9-ddb5-4fa4-a97d-d965ccfc6d4b" outcome="Passed" testListId="8c84fa94-04c1-424b-9868-57a2d4851a1d" relativeResultsDirectory="43896da9-21dc-4a35-8066-f41d5a1aa4aa" />
    <UnitTestResult executionId="02ae85c6-2ad2-4f4a-a2cc-526af2f30593" testId="4065d4aa-647e-7977-71b8-e3fe088d65f6" testName="Aula.Tests.Utilities.IntentAnalysisPromptsTests.AnalysisTemplate_ContainsAllToolActions" computerName="RHO-DESKTOP" duration="00:00:00.0063508" startTime="2025-06-30T18:59:48.2027810+02:00" endTime="2025-06-30T18:59:48.2027811+02:00" testType="13cdc9d9-ddb5-4fa4-a97d-d965ccfc6d4b" outcome="Passed" testListId="8c84fa94-04c1-424b-9868-57a2d4851a1d" relativeResultsDirectory="02ae85c6-2ad2-4f4a-a2cc-526af2f30593" />
    <UnitTestResult executionId="3d7128e3-f5d3-4d81-bd68-c637ef11cf83" testId="eedd43d6-efa5-b90c-89ed-190e198315e6" testName="Aula.Tests.Configuration.ConfigurationTests.UniLogin_WithInvalidCredentials_HandlesGracefully(invalidValue: null)" computerName="RHO-DESKTOP" duration="00:00:00.0173943" startTime="2025-06-30T18:59:48.3289450+02:00" endTime="2025-06-30T18:59:48.3289452+02:00" testType="13cdc9d9-ddb5-4fa4-a97d-d965ccfc6d4b" outcome="Passed" testListId="8c84fa94-04c1-424b-9868-57a2d4851a1d" relativeResultsDirectory="3d7128e3-f5d3-4d81-bd68-c637ef11cf83" />
    <UnitTestResult executionId="53b9687d-ea07-43aa-be82-f1f3b4ff8543" testId="d91762c9-e8c3-9301-162e-078c803712fd" testName="Aula.Tests.Tools.ReminderCommandHandlerTests.TryHandleReminderCommand_ListReminders_NoReminders_ReturnsNoRemindersMessage(command: &quot;list reminders&quot;, isEnglish: True)" computerName="RHO-DESKTOP" duration="00:00:00.0133358" startTime="2025-06-30T18:59:47.9458305+02:00" endTime="2025-06-30T18:59:47.9458306+02:00" testType="13cdc9d9-ddb5-4fa4-a97d-d965ccfc6d4b" outcome="Passed" testListId="8c84fa94-04c1-424b-9868-57a2d4851a1d" relativeResultsDirectory="53b9687d-ea07-43aa-be82-f1f3b4ff8543" />
    <UnitTestResult executionId="0fdf2dff-351d-4add-a55a-d50a86fc7db4" testId="d3be5396-2e22-40ea-fb50-3295c468f33c" testName="Aula.Tests.Utilities.DateTimeUtilitiesTests.GetDanishDayName_InvalidDayOfWeek_ReturnsUnknownDay" computerName="RHO-DESKTOP" duration="00:00:00.0000977" startTime="2025-06-30T18:59:48.1790485+02:00" endTime="2025-06-30T18:59:48.1790486+02:00" testType="13cdc9d9-ddb5-4fa4-a97d-d965ccfc6d4b" outcome="Passed" testListId="8c84fa94-04c1-424b-9868-57a2d4851a1d" relativeResultsDirectory="0fdf2dff-351d-4add-a55a-d50a86fc7db4" />
    <UnitTestResult executionId="c4f56b8a-b951-47df-acb7-311be1dc951b" testId="29b460d3-32ba-3d59-36a7-72d7b3c75d60" testName="Aula.Tests.Configuration.ConfigurationTests.Timers_SchedulingInterval_ValidationTests(intervalSeconds: 0, isValid: False)" computerName="RHO-DESKTOP" duration="00:00:00.0141817" startTime="2025-06-30T18:59:48.2601074+02:00" endTime="2025-06-30T18:59:48.2601076+02:00" testType="13cdc9d9-ddb5-4fa4-a97d-d965ccfc6d4b" outcome="Passed" testListId="8c84fa94-04c1-424b-9868-57a2d4851a1d" relativeResultsDirectory="c4f56b8a-b951-47df-acb7-311be1dc951b" />
    <UnitTestResult executionId="78cb076b-09eb-41b2-a085-4dfab7aee08a" testId="0ab78665-c1fa-a2ea-7265-e8996c3b56dd" testName="Aula.Tests.Utilities.Html2SlackMarkdownConverterTests.Convert_WithPartialTags_HandlesGracefully(html: &quot;&lt;div&gt;&lt;span&gt;&quot;)" computerName="RHO-DESKTOP" duration="00:00:00.0007475" startTime="2025-06-30T18:59:48.2420352+02:00" endTime="2025-06-30T18:59:48.2420353+02:00" testType="13cdc9d9-ddb5-4fa4-a97d-d965ccfc6d4b" outcome="Passed" testListId="8c84fa94-04c1-424b-9868-57a2d4851a1d" relativeResultsDirectory="78cb076b-09eb-41b2-a085-4dfab7aee08a" />
    <UnitTestResult executionId="ab6c87e5-dd7a-4bd2-9f0b-1ccfe7c5ce54" testId="0e3d7f53-280f-fde2-203e-143d6dcfdf0a" testName="Aula.Tests.Utilities.ConversationContextTests.ConversationContext_Properties_CanBeSet" computerName="RHO-DESKTOP" duration="00:00:00.0022745" startTime="2025-06-30T18:59:47.2379159+02:00" endTime="2025-06-30T18:59:47.2379161+02:00" testType="13cdc9d9-ddb5-4fa4-a97d-d965ccfc6d4b" outcome="Passed" testListId="8c84fa94-04c1-424b-9868-57a2d4851a1d" relativeResultsDirectory="ab6c87e5-dd7a-4bd2-9f0b-1ccfe7c5ce54" />
    <UnitTestResult executionId="4629ef83-7591-4a67-80d5-412129c1dfaf" testId="2dc6c47b-b5f0-933c-7989-ac5759dd4706" testName="Aula.Tests.Channels.TelegramClientTests.Constructor_WithConfig_EnabledTrue_CreatesInstance" computerName="RHO-DESKTOP" duration="00:00:00.0002704" startTime="2025-06-30T18:59:48.1391527+02:00" endTime="2025-06-30T18:59:48.1391528+02:00" testType="13cdc9d9-ddb5-4fa4-a97d-d965ccfc6d4b" outcome="Passed" testListId="8c84fa94-04c1-424b-9868-57a2d4851a1d" relativeResultsDirectory="4629ef83-7591-4a67-80d5-412129c1dfaf" />
    <UnitTestResult executionId="8f7ca070-6cb7-443e-bf53-0e06f2cfbcd2" testId="3f8bf4e1-1b7e-9e5d-1a9c-187732c556d7" testName="Aula.Tests.Services.OpenAiServiceIntegrationTests.MultipleConversations_WithDifferentContextKeys_AreHandledSeparately" computerName="RHO-DESKTOP" duration="00:00:00.0066823" startTime="2025-06-30T18:59:47.8569122+02:00" endTime="2025-06-30T18:59:47.8569124+02:00" testType="13cdc9d9-ddb5-4fa4-a97d-d965ccfc6d4b" outcome="Failed" testListId="8c84fa94-04c1-424b-9868-57a2d4851a1d" relativeResultsDirectory="8f7ca070-6cb7-443e-bf53-0e06f2cfbcd2">
      <Output>
        <ErrorInfo>
          <Message>System.ArgumentException : Can not instantiate proxy of class: Aula.Tools.AiToolsManager.
Could not find a parameterless constructor. (Parameter 'constructorArguments')
---- System.MissingMethodException : Constructor on type 'Castle.Proxies.AiToolsManagerProxy' not found.</Message>
          <StackTrace>   at Castle.DynamicProxy.ProxyGenerator.CreateClassProxyInstance(Type proxyType, List`1 proxyArguments, Type classToProxy, Object[] constructorArguments)
   at Castle.DynamicProxy.ProxyGenerator.CreateClassProxy(Type classToProxy, Type[] additionalInterfacesToProxy, ProxyGenerationOptions options, Object[] constructorArguments, IInterceptor[] interceptors)
   at Moq.CastleProxyFactory.CreateProxy(Type mockType, IInterceptor interceptor, Type[] interfaces, Object[] arguments) in /_/src/Moq/Interception/CastleProxyFactory.cs:line 62
   at Moq.Mock`1.InitializeInstance() in /_/src/Moq/Mock`1.cs:line 309
   at Moq.Mock`1.OnGetObject() in /_/src/Moq/Mock`1.cs:line 323
   at Moq.Mock.get_Object() in /_/src/Moq/Mock.cs:line 181
   at Moq.Mock`1.get_Object() in /_/src/Moq/Mock`1.cs:line 281
   at Aula.Tests.Services.OpenAiServiceIntegrationTests.MultipleConversations_WithDifferentContextKeys_AreHandledSeparately() in /mnt/d/git/aula/src/Aula.Tests/Services/OpenAiServiceIntegrationTests.cs:line 339
   at System.RuntimeMethodHandle.InvokeMethod(Object target, Void** arguments, Signature sig, Boolean isConstructor)
   at System.Reflection.MethodBaseInvoker.InvokeWithNoArgs(Object obj, BindingFlags invokeAttr)
----- Inner Stack Trace -----
   at System.RuntimeType.CreateInstanceImpl(BindingFlags bindingAttr, Binder binder, Object[] args, CultureInfo culture)
   at Castle.DynamicProxy.ProxyGenerator.CreateClassProxyInstance(Type proxyType, List`1 proxyArguments, Type classToProxy, Object[] constructorArguments)</StackTrace>
        </ErrorInfo>
      </Output>
    </UnitTestResult>
    <UnitTestResult executionId="fb93a8b7-8519-4781-bc4e-53b9e203daef" testId="ad8a2ff8-387f-a97d-ceb6-7fab64c9766a" testName="Aula.Tests.Utilities.ConversationContextManagerTests.ClearContext_WithNonExistentKey_DoesNotLog" computerName="RHO-DESKTOP" duration="00:00:00.0081140" startTime="2025-06-30T18:59:47.4947985+02:00" endTime="2025-06-30T18:59:47.4947987+02:00" testType="13cdc9d9-ddb5-4fa4-a97d-d965ccfc6d4b" outcome="Passed" testListId="8c84fa94-04c1-424b-9868-57a2d4851a1d" relativeResultsDirectory="fb93a8b7-8519-4781-bc4e-53b9e203daef" />
    <UnitTestResult executionId="4d6edb0d-079c-4e1e-abcf-b0ea839bc6da" testId="42449a83-52ee-ffac-180b-a8106bf3af88" testName="Aula.Tests.Services.SupabaseServiceTests.WeekLetterParameters_WithValidValues_AreInValidRange(childName: &quot;AnotherChild&quot;, weekNumber: 1, year: 2024)" computerName="RHO-DESKTOP" duration="00:00:00.0004399" startTime="2025-06-30T18:59:48.1196677+02:00" endTime="2025-06-30T18:59:48.1196678+02:00" testType="13cdc9d9-ddb5-4fa4-a97d-d965ccfc6d4b" outcome="Passed" testListId="8c84fa94-04c1-424b-9868-57a2d4851a1d" relativeResultsDirectory="4d6edb0d-079c-4e1e-abcf-b0ea839bc6da" />
    <UnitTestResult executionId="bf1f43f7-c3a9-4384-a6b6-780643483057" testId="06bd4992-c8ee-1a40-f2c9-75f9e0d2a1aa" testName="Aula.Tests.Configuration.ConfigurationTests.Timers_AdaptivePollingLimits_ValidationTests(minSeconds: 0, maxSeconds: 30, isValid: False)" computerName="RHO-DESKTOP" duration="00:00:00.0237279" startTime="2025-06-30T18:59:48.0926361+02:00" endTime="2025-06-30T18:59:48.0926364+02:00" testType="13cdc9d9-ddb5-4fa4-a97d-d965ccfc6d4b" outcome="Passed" testListId="8c84fa94-04c1-424b-9868-57a2d4851a1d" relativeResultsDirectory="bf1f43f7-c3a9-4384-a6b6-780643483057" />
    <UnitTestResult executionId="43cb4575-86ae-4fc6-b7e2-7bd23ece180f" testId="75733184-ecf7-b281-bd2e-48c921f0cff4" testName="Aula.Tests.Utilities.FollowUpQuestionDetectorTests.IsFollowUpQuestion_WithPunctuationAroundChildName_WorksCorrectly(input: &quot;Emma?&quot;)" computerName="RHO-DESKTOP" duration="00:00:00.0001809" startTime="2025-06-30T18:59:48.0173047+02:00" endTime="2025-06-30T18:59:48.0173049+02:00" testType="13cdc9d9-ddb5-4fa4-a97d-d965ccfc6d4b" outcome="Passed" testListId="8c84fa94-04c1-424b-9868-57a2d4851a1d" relativeResultsDirectory="43cb4575-86ae-4fc6-b7e2-7bd23ece180f" />
    <UnitTestResult executionId="7e1a1ce0-4b1a-4897-89eb-b1129ea251de" testId="acf8804d-792c-1b35-de81-83d4ccdfb352" testName="Aula.Tests.Configuration.ConfigurationTests.Slack_ChannelId_ValidationTests(channelId: &quot;&quot;, isValid: False)" computerName="RHO-DESKTOP" duration="00:00:00.0114759" startTime="2025-06-30T18:59:48.3602496+02:00" endTime="2025-06-30T18:59:48.3602498+02:00" testType="13cdc9d9-ddb5-4fa4-a97d-d965ccfc6d4b" outcome="Passed" testListId="8c84fa94-04c1-424b-9868-57a2d4851a1d" relativeResultsDirectory="7e1a1ce0-4b1a-4897-89eb-b1129ea251de" />
    <UnitTestResult executionId="d8fffdfc-2cd1-4be4-b167-60ff4e6b6d8a" testId="bf1816b2-91f9-1cf0-a850-7a59915a1d13" testName="Aula.Tests.Scheduling.SchedulingServiceIntegrationTests.StopAsync_LogsInformationAndDoesNotThrow" computerName="RHO-DESKTOP" duration="00:00:00.0036801" startTime="2025-06-30T18:59:47.8932344+02:00" endTime="2025-06-30T18:59:47.8932345+02:00" testType="13cdc9d9-ddb5-4fa4-a97d-d965ccfc6d4b" outcome="Passed" testListId="8c84fa94-04c1-424b-9868-57a2d4851a1d" relativeResultsDirectory="d8fffdfc-2cd1-4be4-b167-60ff4e6b6d8a" />
    <UnitTestResult executionId="69a305c6-f34f-4fc5-8b8b-c17a6b82b7f8" testId="5990c772-e408-af8a-3293-cee12203cdcc" testName="Aula.Tests.Services.OpenAiServiceTests.OpenAiService_GetChatInterfaceInstructions_ReturnsCorrectFormat(chatInterface: Slack)" computerName="RHO-DESKTOP" duration="00:00:00.0028515" startTime="2025-06-30T18:59:47.7620780+02:00" endTime="2025-06-30T18:59:47.7620782+02:00" testType="13cdc9d9-ddb5-4fa4-a97d-d965ccfc6d4b" outcome="Passed" testListId="8c84fa94-04c1-424b-9868-57a2d4851a1d" relativeResultsDirectory="69a305c6-f34f-4fc5-8b8b-c17a6b82b7f8" />
    <UnitTestResult executionId="5a13f047-576d-4e8f-9eb3-27927158ac05" testId="4cd9be57-b5ee-3ae9-313d-5c06ae12b5f8" testName="Aula.Tests.Utilities.FollowUpQuestionDetectorTests.IsFollowUpQuestion_WithPunctuationAroundChildName_WorksCorrectly(input: &quot;Emma.&quot;)" computerName="RHO-DESKTOP" duration="00:00:00.0000594" startTime="2025-06-30T18:59:48.0184528+02:00" endTime="2025-06-30T18:59:48.0184529+02:00" testType="13cdc9d9-ddb5-4fa4-a97d-d965ccfc6d4b" outcome="Passed" testListId="8c84fa94-04c1-424b-9868-57a2d4851a1d" relativeResultsDirectory="5a13f047-576d-4e8f-9eb3-27927158ac05" />
    <UnitTestResult executionId="628d6d7f-6088-45ec-bb53-f9e095184fe2" testId="20f7b20d-6fda-90c5-179b-3395a4df9b7c" testName="Aula.Tests.Channels.SlackBotTests.PostWeekLetter_WithVariousChildNames_HandlesCorrectly(firstName: &quot;Hans Martin&quot;)" computerName="RHO-DESKTOP" duration="00:00:00.0015062" startTime="2025-06-30T18:59:48.2036830+02:00" endTime="2025-06-30T18:59:48.2036831+02:00" testType="13cdc9d9-ddb5-4fa4-a97d-d965ccfc6d4b" outcome="Passed" testListId="8c84fa94-04c1-424b-9868-57a2d4851a1d" relativeResultsDirectory="628d6d7f-6088-45ec-bb53-f9e095184fe2" />
    <UnitTestResult executionId="c4f02c2b-58a6-4e80-8aae-efbcb0a232bd" testId="7b9bc6fb-eef9-8cc3-8ceb-2e893b8c1bdf" testName="Aula.Tests.Utilities.DateTimeUtilitiesTests.GetDanishDayName_AllValidDaysOfWeek_ReturnsNonEmptyString(dayOfWeek: Thursday)" computerName="RHO-DESKTOP" duration="00:00:00.0002544" startTime="2025-06-30T18:59:48.1690312+02:00" endTime="2025-06-30T18:59:48.1690313+02:00" testType="13cdc9d9-ddb5-4fa4-a97d-d965ccfc6d4b" outcome="Passed" testListId="8c84fa94-04c1-424b-9868-57a2d4851a1d" relativeResultsDirectory="c4f02c2b-58a6-4e80-8aae-efbcb0a232bd" />
    <UnitTestResult executionId="9243ea1f-cbc2-41e2-8169-247be806d023" testId="e57b5d64-f9f1-68ef-e175-4a5caa032c54" testName="Aula.Tests.Utilities.Html2SlackMarkdownConverterTests.Convert_WithScriptAndStyleTags_RemovesTagsButNotContent(html: &quot;&lt;style&gt;body { color: red; }&lt;/style&gt;&lt;p&gt;Content&lt;/p&gt;&quot;)" computerName="RHO-DESKTOP" duration="00:00:00.0156018" startTime="2025-06-30T18:59:48.1273734+02:00" endTime="2025-06-30T18:59:48.1273735+02:00" testType="13cdc9d9-ddb5-4fa4-a97d-d965ccfc6d4b" outcome="Passed" testListId="8c84fa94-04c1-424b-9868-57a2d4851a1d" relativeResultsDirectory="9243ea1f-cbc2-41e2-8169-247be806d023" />
    <UnitTestResult executionId="0e584aa9-b09c-4b16-a4d5-d7cd4699840f" testId="fbb577ab-554c-1761-8b33-3b062d943c22" testName="Aula.Tests.Bots.SlackInteractiveBotTests.Constructor_WithNullConfig_ThrowsArgumentNullException" computerName="RHO-DESKTOP" duration="00:00:00.0012143" startTime="2025-06-30T18:59:50.9731877+02:00" endTime="2025-06-30T18:59:50.9731880+02:00" testType="13cdc9d9-ddb5-4fa4-a97d-d965ccfc6d4b" outcome="Passed" testListId="8c84fa94-04c1-424b-9868-57a2d4851a1d" relativeResultsDirectory="0e584aa9-b09c-4b16-a4d5-d7cd4699840f" />
    <UnitTestResult executionId="6e561c28-2019-434c-98cb-f015e81cff0b" testId="6423dadf-5032-e426-048d-b3adf874a425" testName="Aula.Tests.Bots.TelegramInteractiveBotTests.PostWeekLetter_WithUnknownChild_LogsWarningAndReturns" computerName="RHO-DESKTOP" duration="00:00:00.0031567" startTime="2025-06-30T18:59:48.9012383+02:00" endTime="2025-06-30T18:59:48.9012385+02:00" testType="13cdc9d9-ddb5-4fa4-a97d-d965ccfc6d4b" outcome="Passed" testListId="8c84fa94-04c1-424b-9868-57a2d4851a1d" relativeResultsDirectory="6e561c28-2019-434c-98cb-f015e81cff0b" />
    <UnitTestResult executionId="20563b0e-eace-4dee-b10c-9c99d92c7499" testId="aa19bf7f-6519-31e4-5b05-0e179c7693a0" testName="Aula.Tests.Tools.ReminderCommandHandlerTests.TryHandleReminderCommand_NonReminderCommands_ReturnsFalse(command: &quot;&quot;)" computerName="RHO-DESKTOP" duration="00:00:00.0002171" startTime="2025-06-30T18:59:47.9240543+02:00" endTime="2025-06-30T18:59:47.9240545+02:00" testType="13cdc9d9-ddb5-4fa4-a97d-d965ccfc6d4b" outcome="Passed" testListId="8c84fa94-04c1-424b-9868-57a2d4851a1d" relativeResultsDirectory="20563b0e-eace-4dee-b10c-9c99d92c7499" />
    <UnitTestResult executionId="1a24a562-61f6-4f5b-b972-6dbd2fa202c1" testId="50081d46-2c3a-f2b2-59ea-4061c169b6c6" testName="Aula.Tests.Channels.TelegramClientTests.Constructor_WithConfig_EnabledFalse_CreatesInstance" computerName="RHO-DESKTOP" duration="00:00:00.0005669" startTime="2025-06-30T18:59:48.1063307+02:00" endTime="2025-06-30T18:59:48.1063309+02:00" testType="13cdc9d9-ddb5-4fa4-a97d-d965ccfc6d4b" outcome="Passed" testListId="8c84fa94-04c1-424b-9868-57a2d4851a1d" relativeResultsDirectory="1a24a562-61f6-4f5b-b972-6dbd2fa202c1" />
    <UnitTestResult executionId="c92ac3d8-abc5-422e-9f5f-7704967ec70a" testId="6391cd26-6fc2-8e75-57e3-7b032d34c99b" testName="Aula.Tests.Utilities.ConversationContextTests.IsStillValid_WithFreshTimestamp_ReturnsTrue" computerName="RHO-DESKTOP" duration="00:00:00.0005913" startTime="2025-06-30T18:59:47.2539479+02:00" endTime="2025-06-30T18:59:47.2539481+02:00" testType="13cdc9d9-ddb5-4fa4-a97d-d965ccfc6d4b" outcome="Passed" testListId="8c84fa94-04c1-424b-9868-57a2d4851a1d" relativeResultsDirectory="c92ac3d8-abc5-422e-9f5f-7704967ec70a" />
    <UnitTestResult executionId="65380a06-3f34-480d-a842-a9e6a4a03cb4" testId="e8d7076c-1cb3-733b-4522-2a0049ab3d88" testName="Aula.Tests.Channels.SlackBotTests.PushWeekLetter_WithMissingContent_HandlesGracefully" computerName="RHO-DESKTOP" duration="00:00:00.0005032" startTime="2025-06-30T18:59:48.2332053+02:00" endTime="2025-06-30T18:59:48.2332055+02:00" testType="13cdc9d9-ddb5-4fa4-a97d-d965ccfc6d4b" outcome="Passed" testListId="8c84fa94-04c1-424b-9868-57a2d4851a1d" relativeResultsDirectory="65380a06-3f34-480d-a842-a9e6a4a03cb4" />
    <UnitTestResult executionId="b450dff3-de19-4cfc-aad0-ee1646db6499" testId="b951eadc-9c68-489f-5265-7dd5da8c5458" testName="Aula.Tests.Bots.TelegramMessageHandlerTests.HandleMessageAsync_WithValidQuery_ProcessesSuccessfully(queryText: &quot;What is Hans doing tomorrow?&quot;)" computerName="RHO-DESKTOP" duration="00:00:00.0010000" startTime="2025-06-30T18:59:47.4513052+02:00" endTime="2025-06-30T18:59:47.4513055+02:00" testType="13cdc9d9-ddb5-4fa4-a97d-d965ccfc6d4b" outcome="Failed" testListId="8c84fa94-04c1-424b-9868-57a2d4851a1d" relativeResultsDirectory="b450dff3-de19-4cfc-aad0-ee1646db6499">
      <Output>
        <ErrorInfo>
          <Message>System.ArgumentException : Can not instantiate proxy of class: Aula.Utilities.ConversationContextManager`1[[System.Int64, System.Private.CoreLib, Version=9.0.0.0, Culture=neutral, PublicKeyToken=7cec85d7bea7798e]].
Could not find a parameterless constructor. (Parameter 'constructorArguments')
---- System.MissingMethodException : Constructor on type 'Castle.Proxies.ConversationContextManager`1Proxy' not found.</Message>
          <StackTrace>   at Castle.DynamicProxy.ProxyGenerator.CreateClassProxyInstance(Type proxyType, List`1 proxyArguments, Type classToProxy, Object[] constructorArguments)
   at Castle.DynamicProxy.ProxyGenerator.CreateClassProxy(Type classToProxy, Type[] additionalInterfacesToProxy, ProxyGenerationOptions options, Object[] constructorArguments, IInterceptor[] interceptors)
   at Moq.CastleProxyFactory.CreateProxy(Type mockType, IInterceptor interceptor, Type[] interfaces, Object[] arguments) in /_/src/Moq/Interception/CastleProxyFactory.cs:line 62
   at Moq.Mock`1.InitializeInstance() in /_/src/Moq/Mock`1.cs:line 309
   at Moq.Mock`1.OnGetObject() in /_/src/Moq/Mock`1.cs:line 323
   at Moq.Mock.get_Object() in /_/src/Moq/Mock.cs:line 181
   at Moq.Mock`1.get_Object() in /_/src/Moq/Mock`1.cs:line 281
   at Aula.Tests.Bots.TelegramMessageHandlerTests..ctor() in /mnt/d/git/aula/src/Aula.Tests/Bots/TelegramMessageHandlerTests.cs:line 63
   at System.RuntimeType.CreateInstanceDefaultCtor(Boolean publicOnly, Boolean wrapExceptions)
----- Inner Stack Trace -----
   at System.RuntimeType.CreateInstanceImpl(BindingFlags bindingAttr, Binder binder, Object[] args, CultureInfo culture)
   at Castle.DynamicProxy.ProxyGenerator.CreateClassProxyInstance(Type proxyType, List`1 proxyArguments, Type classToProxy, Object[] constructorArguments)</StackTrace>
        </ErrorInfo>
      </Output>
    </UnitTestResult>
    <UnitTestResult executionId="2658dc1f-20f6-487c-8ba7-4c6f1a0a3480" testId="d0cf4523-20d9-e9c2-7e92-dc719d8bb4ef" testName="Aula.Tests.Tools.ReminderCommandHandlerTests.TryHandleReminderCommand_AddReminder_WithException_LogsErrorAndReturnsErrorMessage" computerName="RHO-DESKTOP" duration="00:00:00.0216097" startTime="2025-06-30T18:59:48.0757820+02:00" endTime="2025-06-30T18:59:48.0757821+02:00" testType="13cdc9d9-ddb5-4fa4-a97d-d965ccfc6d4b" outcome="Passed" testListId="8c84fa94-04c1-424b-9868-57a2d4851a1d" relativeResultsDirectory="2658dc1f-20f6-487c-8ba7-4c6f1a0a3480" />
    <UnitTestResult executionId="7aab4795-4aa2-4034-837a-78aefc3df374" testId="4ee66f1f-2049-9f7f-57aa-b27bb388f963" testName="Aula.Tests.Tools.ReminderCommandHandlerTests.TryHandleReminderCommand_AddReminder_ValidFormats_ReturnsSuccess(command: &quot;husk mig i morgen kl 8:00 at Hans har Haver til ma&quot;···, isEnglish: False, expectedChildName: &quot;Hans Jensen&quot;)" computerName="RHO-DESKTOP" duration="00:00:00.0164745" startTime="2025-06-30T18:59:47.8345069+02:00" endTime="2025-06-30T18:59:47.8345070+02:00" testType="13cdc9d9-ddb5-4fa4-a97d-d965ccfc6d4b" outcome="Passed" testListId="8c84fa94-04c1-424b-9868-57a2d4851a1d" relativeResultsDirectory="7aab4795-4aa2-4034-837a-78aefc3df374" />
    <UnitTestResult executionId="93ddb557-f88b-4efc-b680-42babb296c74" testId="ed2c0749-72ce-3102-1e65-21a531debf9e" testName="Aula.Tests.Bots.SlackInteractiveBotTests.Start_WithMissingChannelId_LogsErrorAndReturns" computerName="RHO-DESKTOP" duration="00:00:00.0112712" startTime="2025-06-30T18:59:48.1097074+02:00" endTime="2025-06-30T18:59:48.1097076+02:00" testType="13cdc9d9-ddb5-4fa4-a97d-d965ccfc6d4b" outcome="Passed" testListId="8c84fa94-04c1-424b-9868-57a2d4851a1d" relativeResultsDirectory="93ddb557-f88b-4efc-b680-42babb296c74" />
    <UnitTestResult executionId="8af71012-9c6e-4a0d-863a-357c67fa08bb" testId="1bdda070-0470-891d-d0f0-2e66f6c00467" testName="Aula.Tests.Utilities.FollowUpQuestionDetectorTests.IsFollowUpQuestion_WithEnglishFollowUpPhrases_ReturnsTrue(input: &quot;what about Emma&quot;)" computerName="RHO-DESKTOP" duration="00:00:00.0000369" startTime="2025-06-30T18:59:47.9679687+02:00" endTime="2025-06-30T18:59:47.9679688+02:00" testType="13cdc9d9-ddb5-4fa4-a97d-d965ccfc6d4b" outcome="Passed" testListId="8c84fa94-04c1-424b-9868-57a2d4851a1d" relativeResultsDirectory="8af71012-9c6e-4a0d-863a-357c67fa08bb" />
    <UnitTestResult executionId="086a2b20-a702-4508-ae83-51aa2c8d89f5" testId="163ffdcd-8cc6-0360-4c70-1c08392ed80a" testName="Aula.Tests.Bots.SlackInteractiveBotTests.PostWeekLetter_WithSlackApiError_LogsError" computerName="RHO-DESKTOP" duration="00:00:00.2075635" startTime="2025-06-30T18:59:49.2821196+02:00" endTime="2025-06-30T18:59:49.2821199+02:00" testType="13cdc9d9-ddb5-4fa4-a97d-d965ccfc6d4b" outcome="Failed" testListId="8c84fa94-04c1-424b-9868-57a2d4851a1d" relativeResultsDirectory="086a2b20-a702-4508-ae83-51aa2c8d89f5">
      <Output>
        <ErrorInfo>
          <Message>Moq.MockException : 
Expected invocation on the mock once, but was 0 times: logger =&gt; logger.Log&lt;It.IsAnyType&gt;(LogLevel.Error, It.IsAny&lt;EventId&gt;(), It.Is&lt;It.IsAnyType&gt;((v, t) =&gt; v.ToString().Contains("Failed to post week letter: channel_not_found")), null, It.IsAny&lt;Func&lt;It.IsAnyType, Exception, string&gt;&gt;())

Performed invocations:

   Mock&lt;ILogger:267&gt; (logger):

      ILogger.Log&lt;FormattedLogValues&gt;(LogLevel.Information, 0, Posting week letter for Emma, null, Func&lt;FormattedLogValues, Exception, string&gt;)
      ILogger.Log&lt;FormattedLogValues&gt;(LogLevel.Error, 0, Failed to post week letter: not_authed, null, Func&lt;FormattedLogValues, Exception, string&gt;)
</Message>
          <StackTrace>   at Moq.Mock.Verify(Mock mock, LambdaExpression expression, Times times, String failMessage) in /_/src/Moq/Mock.cs:line 332
   at Moq.Mock`1.Verify(Expression`1 expression, Times times) in /_/src/Moq/Mock`1.cs:line 727
   at Moq.Mock`1.Verify(Expression`1 expression, Func`1 times) in /_/src/Moq/Mock`1.cs:line 741
   at Aula.Tests.Bots.SlackInteractiveBotTests.PostWeekLetter_WithSlackApiError_LogsError() in /mnt/d/git/aula/src/Aula.Tests/Bots/SlackInteractiveBotTests.cs:line 333
--- End of stack trace from previous location ---</StackTrace>
        </ErrorInfo>
      </Output>
    </UnitTestResult>
    <UnitTestResult executionId="07b2345b-7d0f-45d8-92e9-e1c929d9022f" testId="c3e880c3-27f7-ff6e-6cfa-d2f2112d61ec" testName="Aula.Tests.Utilities.JsonFormatterTests.Prettify_WithSpecialCharacters_HandlesCorrectly" computerName="RHO-DESKTOP" duration="00:00:00.0002911" startTime="2025-06-30T18:59:47.2659965+02:00" endTime="2025-06-30T18:59:47.2659966+02:00" testType="13cdc9d9-ddb5-4fa4-a97d-d965ccfc6d4b" outcome="Passed" testListId="8c84fa94-04c1-424b-9868-57a2d4851a1d" relativeResultsDirectory="07b2345b-7d0f-45d8-92e9-e1c929d9022f" />
    <UnitTestResult executionId="6b1db484-625a-4729-947d-f85d332a4fc3" testId="ed73f3dd-84f9-ccdb-8bc0-17130004fe1b" testName="Aula.Tests.Channels.TelegramClientTests.Constructor_WithVariousTokens_DoesNotThrow(token: &quot;&quot;)" computerName="RHO-DESKTOP" duration="00:00:00.0000285" startTime="2025-06-30T18:59:48.0890664+02:00" endTime="2025-06-30T18:59:48.0890665+02:00" testType="13cdc9d9-ddb5-4fa4-a97d-d965ccfc6d4b" outcome="Passed" testListId="8c84fa94-04c1-424b-9868-57a2d4851a1d" relativeResultsDirectory="6b1db484-625a-4729-947d-f85d332a4fc3" />
    <UnitTestResult executionId="ad0d1302-9c3b-48d9-a94b-c89f94091ebb" testId="df7802a4-febc-831e-f0c4-67bb20909f69" testName="Aula.Tests.Bots.TelegramInteractiveBotTests.ComputeHash_WithDifferentInputs_ReturnsConsistentHashes(input: &quot;Test content 1&quot;)" computerName="RHO-DESKTOP" duration="00:00:00.0007420" startTime="2025-06-30T18:59:48.7223704+02:00" endTime="2025-06-30T18:59:48.7223706+02:00" testType="13cdc9d9-ddb5-4fa4-a97d-d965ccfc6d4b" outcome="Passed" testListId="8c84fa94-04c1-424b-9868-57a2d4851a1d" relativeResultsDirectory="ad0d1302-9c3b-48d9-a94b-c89f94091ebb" />
    <UnitTestResult executionId="9675dd82-9067-4c38-9323-ed2e4c458402" testId="65d5e85b-e0a7-670a-3e1b-13af33b9e642" testName="Aula.Tests.Tools.AiToolsManagerTests.GetWeekLetters_WithChildName_ReturnsFilteredResults" computerName="RHO-DESKTOP" duration="00:00:00.0265011" startTime="2025-06-30T18:59:47.8308442+02:00" endTime="2025-06-30T18:59:47.8308444+02:00" testType="13cdc9d9-ddb5-4fa4-a97d-d965ccfc6d4b" outcome="Passed" testListId="8c84fa94-04c1-424b-9868-57a2d4851a1d" relativeResultsDirectory="9675dd82-9067-4c38-9323-ed2e4c458402" />
    <UnitTestResult executionId="46448a56-d119-4e94-8bcd-1ef03220c1e4" testId="ec69e657-5b70-1fb9-5485-83b465ae5c05" testName="Aula.Tests.Utilities.ConversationContextManagerTests.GetContext_WithValidKey_ReturnsContext" computerName="RHO-DESKTOP" duration="00:00:00.0003752" startTime="2025-06-30T18:59:47.3797671+02:00" endTime="2025-06-30T18:59:47.3797676+02:00" testType="13cdc9d9-ddb5-4fa4-a97d-d965ccfc6d4b" outcome="Passed" testListId="8c84fa94-04c1-424b-9868-57a2d4851a1d" relativeResultsDirectory="46448a56-d119-4e94-8bcd-1ef03220c1e4" />
    <UnitTestResult executionId="67a5a7b2-385e-4bbc-8064-c241c4ad5f6e" testId="7d080014-b88c-9f91-eed5-7f14566db144" testName="Aula.Tests.Services.DataServiceTests.GetWeekLetter_ReturnsNull_WhenNotInCache" computerName="RHO-DESKTOP" duration="00:00:00.0005488" startTime="2025-06-30T18:59:47.5069658+02:00" endTime="2025-06-30T18:59:47.5069659+02:00" testType="13cdc9d9-ddb5-4fa4-a97d-d965ccfc6d4b" outcome="Passed" testListId="8c84fa94-04c1-424b-9868-57a2d4851a1d" relativeResultsDirectory="67a5a7b2-385e-4bbc-8064-c241c4ad5f6e" />
    <UnitTestResult executionId="421896c1-ca4b-4f13-9b09-b34349f13c4b" testId="bb2b6e22-8876-e112-3e1e-ad1f0802bc47" testName="Aula.Tests.Services.OpenAiServiceIntegrationTests.ChatInterface_Slack_HasCorrectValue" computerName="RHO-DESKTOP" duration="00:00:00.0302279" startTime="2025-06-30T18:59:47.7455837+02:00" endTime="2025-06-30T18:59:47.7455838+02:00" testType="13cdc9d9-ddb5-4fa4-a97d-d965ccfc6d4b" outcome="Passed" testListId="8c84fa94-04c1-424b-9868-57a2d4851a1d" relativeResultsDirectory="421896c1-ca4b-4f13-9b09-b34349f13c4b" />
    <UnitTestResult executionId="7c923de5-5a7c-4965-a39c-692b534125e1" testId="8f432e57-8098-fcb0-9efa-55aa76700f57" testName="Aula.Tests.Services.DataModelTests.Reminder_CreatedBy_HandlesValues(createdBy: &quot;system&quot;, shouldAccept: True)" computerName="RHO-DESKTOP" duration="00:00:00.0000095" startTime="2025-06-30T18:59:48.0044889+02:00" endTime="2025-06-30T18:59:48.0044890+02:00" testType="13cdc9d9-ddb5-4fa4-a97d-d965ccfc6d4b" outcome="Passed" testListId="8c84fa94-04c1-424b-9868-57a2d4851a1d" relativeResultsDirectory="7c923de5-5a7c-4965-a39c-692b534125e1" />
    <UnitTestResult executionId="95e3be66-3883-4079-87cf-6e58e13ed24b" testId="a4a3bfc2-ce2c-55ab-e6c7-e1c25caaf60b" testName="Aula.Tests.Services.DataModelTests.AppState_WithProperties_SetsCorrectly" computerName="RHO-DESKTOP" duration="00:00:00.0008070" startTime="2025-06-30T18:59:48.0190500+02:00" endTime="2025-06-30T18:59:48.0190502+02:00" testType="13cdc9d9-ddb5-4fa4-a97d-d965ccfc6d4b" outcome="Passed" testListId="8c84fa94-04c1-424b-9868-57a2d4851a1d" relativeResultsDirectory="95e3be66-3883-4079-87cf-6e58e13ed24b" />
    <UnitTestResult executionId="d3d3a868-bb2f-43e7-af38-efb1acfac5aa" testId="de1a8f86-5c1b-b7d6-9ef4-2f917a94a294" testName="Aula.Tests.Bots.TelegramMessageHandlerTests.HandleMessageAsync_WithException_LogsError" computerName="RHO-DESKTOP" duration="00:00:00.0010000" startTime="2025-06-30T18:59:47.6143397+02:00" endTime="2025-06-30T18:59:47.6143398+02:00" testType="13cdc9d9-ddb5-4fa4-a97d-d965ccfc6d4b" outcome="Failed" testListId="8c84fa94-04c1-424b-9868-57a2d4851a1d" relativeResultsDirectory="d3d3a868-bb2f-43e7-af38-efb1acfac5aa">
      <Output>
        <ErrorInfo>
          <Message>System.ArgumentException : Can not instantiate proxy of class: Aula.Utilities.ConversationContextManager`1[[System.Int64, System.Private.CoreLib, Version=9.0.0.0, Culture=neutral, PublicKeyToken=7cec85d7bea7798e]].
Could not find a parameterless constructor. (Parameter 'constructorArguments')
---- System.MissingMethodException : Constructor on type 'Castle.Proxies.ConversationContextManager`1Proxy' not found.</Message>
          <StackTrace>   at Castle.DynamicProxy.ProxyGenerator.CreateClassProxyInstance(Type proxyType, List`1 proxyArguments, Type classToProxy, Object[] constructorArguments)
   at Castle.DynamicProxy.ProxyGenerator.CreateClassProxy(Type classToProxy, Type[] additionalInterfacesToProxy, ProxyGenerationOptions options, Object[] constructorArguments, IInterceptor[] interceptors)
   at Moq.CastleProxyFactory.CreateProxy(Type mockType, IInterceptor interceptor, Type[] interfaces, Object[] arguments) in /_/src/Moq/Interception/CastleProxyFactory.cs:line 62
   at Moq.Mock`1.InitializeInstance() in /_/src/Moq/Mock`1.cs:line 309
   at Moq.Mock`1.OnGetObject() in /_/src/Moq/Mock`1.cs:line 323
   at Moq.Mock.get_Object() in /_/src/Moq/Mock.cs:line 181
   at Moq.Mock`1.get_Object() in /_/src/Moq/Mock`1.cs:line 281
   at Aula.Tests.Bots.TelegramMessageHandlerTests..ctor() in /mnt/d/git/aula/src/Aula.Tests/Bots/TelegramMessageHandlerTests.cs:line 63
   at System.RuntimeType.CreateInstanceDefaultCtor(Boolean publicOnly, Boolean wrapExceptions)
----- Inner Stack Trace -----
   at System.RuntimeType.CreateInstanceImpl(BindingFlags bindingAttr, Binder binder, Object[] args, CultureInfo culture)
   at Castle.DynamicProxy.ProxyGenerator.CreateClassProxyInstance(Type proxyType, List`1 proxyArguments, Type classToProxy, Object[] constructorArguments)</StackTrace>
        </ErrorInfo>
      </Output>
    </UnitTestResult>
    <UnitTestResult executionId="d346c896-b202-45ae-b043-a410093e655b" testId="9c588f7d-a367-036e-096a-5d287bfe9650" testName="Aula.Tests.Scheduling.SchedulingServiceIntegrationTests.StartAsync_WhenCalled_LogsCorrectMessage" computerName="RHO-DESKTOP" duration="00:00:00.0143261" startTime="2025-06-30T18:59:47.8643716+02:00" endTime="2025-06-30T18:59:47.8643718+02:00" testType="13cdc9d9-ddb5-4fa4-a97d-d965ccfc6d4b" outcome="Passed" testListId="8c84fa94-04c1-424b-9868-57a2d4851a1d" relativeResultsDirectory="d346c896-b202-45ae-b043-a410093e655b" />
    <UnitTestResult executionId="29008237-9eea-4079-ab58-8484262cb715" testId="cf3ffd15-e77d-0064-8da1-70abe47d1342" testName="Aula.Tests.Utilities.FollowUpQuestionDetectorTests.IsFollowUpQuestion_WithEmptyChildrenList_HandlesSafely" computerName="RHO-DESKTOP" duration="00:00:00.0003476" startTime="2025-06-30T18:59:47.9691026+02:00" endTime="2025-06-30T18:59:47.9691027+02:00" testType="13cdc9d9-ddb5-4fa4-a97d-d965ccfc6d4b" outcome="Passed" testListId="8c84fa94-04c1-424b-9868-57a2d4851a1d" relativeResultsDirectory="29008237-9eea-4079-ab58-8484262cb715" />
    <UnitTestResult executionId="d4eab834-2087-4b86-9eec-1690ce3a6361" testId="08f9b0f6-c970-f823-e359-90266e985263" testName="Aula.Tests.Bots.TelegramMessageHandlerTests.HandleMessageAsync_WithCancellationToken_RespectsCancellation" computerName="RHO-DESKTOP" duration="00:00:00.0010000" startTime="2025-06-30T18:59:47.7371915+02:00" endTime="2025-06-30T18:59:47.7371916+02:00" testType="13cdc9d9-ddb5-4fa4-a97d-d965ccfc6d4b" outcome="Failed" testListId="8c84fa94-04c1-424b-9868-57a2d4851a1d" relativeResultsDirectory="d4eab834-2087-4b86-9eec-1690ce3a6361">
      <Output>
        <ErrorInfo>
          <Message>System.ArgumentException : Can not instantiate proxy of class: Aula.Utilities.ConversationContextManager`1[[System.Int64, System.Private.CoreLib, Version=9.0.0.0, Culture=neutral, PublicKeyToken=7cec85d7bea7798e]].
Could not find a parameterless constructor. (Parameter 'constructorArguments')
---- System.MissingMethodException : Constructor on type 'Castle.Proxies.ConversationContextManager`1Proxy' not found.</Message>
          <StackTrace>   at Castle.DynamicProxy.ProxyGenerator.CreateClassProxyInstance(Type proxyType, List`1 proxyArguments, Type classToProxy, Object[] constructorArguments)
   at Castle.DynamicProxy.ProxyGenerator.CreateClassProxy(Type classToProxy, Type[] additionalInterfacesToProxy, ProxyGenerationOptions options, Object[] constructorArguments, IInterceptor[] interceptors)
   at Moq.CastleProxyFactory.CreateProxy(Type mockType, IInterceptor interceptor, Type[] interfaces, Object[] arguments) in /_/src/Moq/Interception/CastleProxyFactory.cs:line 62
   at Moq.Mock`1.InitializeInstance() in /_/src/Moq/Mock`1.cs:line 309
   at Moq.Mock`1.OnGetObject() in /_/src/Moq/Mock`1.cs:line 323
   at Moq.Mock.get_Object() in /_/src/Moq/Mock.cs:line 181
   at Moq.Mock`1.get_Object() in /_/src/Moq/Mock`1.cs:line 281
   at Aula.Tests.Bots.TelegramMessageHandlerTests..ctor() in /mnt/d/git/aula/src/Aula.Tests/Bots/TelegramMessageHandlerTests.cs:line 63
   at System.RuntimeType.CreateInstanceDefaultCtor(Boolean publicOnly, Boolean wrapExceptions)
----- Inner Stack Trace -----
   at System.RuntimeType.CreateInstanceImpl(BindingFlags bindingAttr, Binder binder, Object[] args, CultureInfo culture)
   at Castle.DynamicProxy.ProxyGenerator.CreateClassProxyInstance(Type proxyType, List`1 proxyArguments, Type classToProxy, Object[] constructorArguments)</StackTrace>
        </ErrorInfo>
      </Output>
    </UnitTestResult>
    <UnitTestResult executionId="f1246774-a07c-4122-b517-c2036d2634de" testId="dd048ce7-9ba0-43b9-a761-2b11b4d7a6ad" testName="Aula.Tests.Utilities.WeekLetterContentExtractorTests.ExtractContent_WithException_ReturnsEmptyStringAndLogsError" computerName="RHO-DESKTOP" duration="00:00:00.0058297" startTime="2025-06-30T18:59:47.3510913+02:00" endTime="2025-06-30T18:59:47.3510917+02:00" testType="13cdc9d9-ddb5-4fa4-a97d-d965ccfc6d4b" outcome="Passed" testListId="8c84fa94-04c1-424b-9868-57a2d4851a1d" relativeResultsDirectory="f1246774-a07c-4122-b517-c2036d2634de" />
    <UnitTestResult executionId="9746d75b-0645-4d8b-9f58-b25d0220c1bd" testId="d877f94f-066f-42a6-7d0d-fddcf50efb86" testName="Aula.Tests.Channels.TelegramClientTests.SendMessageToChannel_WithVariousMessages_DoesNotThrow(message: &quot;Message with special chars: @#$%&quot;)" computerName="RHO-DESKTOP" duration="00:00:00.0001197" startTime="2025-06-30T18:59:48.1369603+02:00" endTime="2025-06-30T18:59:48.1369605+02:00" testType="13cdc9d9-ddb5-4fa4-a97d-d965ccfc6d4b" outcome="Passed" testListId="8c84fa94-04c1-424b-9868-57a2d4851a1d" relativeResultsDirectory="9746d75b-0645-4d8b-9f58-b25d0220c1bd" />
    <UnitTestResult executionId="0dbbce7c-ceb3-442c-90b0-6b42e855dc0f" testId="869e2bf6-051e-e015-497a-7397bf66191a" testName="Aula.Tests.Tools.ReminderCommandHandlerTests.TryHandleReminderCommand_AddReminder_InvalidFormats_ReturnsErrorMessage(command: &quot;remind me tomorrow at 25:00 that invalid time&quot;, isEnglish: True)" computerName="RHO-DESKTOP" duration="00:00:00.0248493" startTime="2025-06-30T18:59:47.9433676+02:00" endTime="2025-06-30T18:59:47.9433678+02:00" testType="13cdc9d9-ddb5-4fa4-a97d-d965ccfc6d4b" outcome="Passed" testListId="8c84fa94-04c1-424b-9868-57a2d4851a1d" relativeResultsDirectory="0dbbce7c-ceb3-442c-90b0-6b42e855dc0f" />
    <UnitTestResult executionId="7d58bdd5-fdfc-4823-aa6f-2a7d2f1bff69" testId="5543d26e-832a-3de2-3988-5faa4df93969" testName="Aula.Tests.Tools.ReminderCommandHandlerTests.TryHandleReminderCommand_ListReminders_WithException_LogsErrorAndReturnsErrorMessage(command: &quot;vis påmindelser&quot;, isEnglish: False)" computerName="RHO-DESKTOP" duration="00:00:00.0142813" startTime="2025-06-30T18:59:48.0707389+02:00" endTime="2025-06-30T18:59:48.0707391+02:00" testType="13cdc9d9-ddb5-4fa4-a97d-d965ccfc6d4b" outcome="Passed" testListId="8c84fa94-04c1-424b-9868-57a2d4851a1d" relativeResultsDirectory="7d58bdd5-fdfc-4823-aa6f-2a7d2f1bff69" />
    <UnitTestResult executionId="129655f8-0d18-4f90-a804-d481b5397324" testId="601e1164-bd7e-9e7d-f167-9c3fcbc6ad4f" testName="Aula.Tests.Services.DataModelTests.PostedLetter_WeekNumberValidation_ReturnsExpectedResult(weekNumber: 25, year: 2022, isValid: True)" computerName="RHO-DESKTOP" duration="00:00:00.0088428" startTime="2025-06-30T18:59:48.0482767+02:00" endTime="2025-06-30T18:59:48.0482768+02:00" testType="13cdc9d9-ddb5-4fa4-a97d-d965ccfc6d4b" outcome="Passed" testListId="8c84fa94-04c1-424b-9868-57a2d4851a1d" relativeResultsDirectory="129655f8-0d18-4f90-a804-d481b5397324" />
    <UnitTestResult executionId="e7d9e97c-5509-4a46-a1d4-b106711804b0" testId="8f33f9a6-1eb9-ea36-c5af-b36c0c8860de" testName="Aula.Tests.Utilities.JsonFormatterTests.Prettify_WithValidJson_ReturnsFormattedJson" computerName="RHO-DESKTOP" duration="00:00:00.0003368" startTime="2025-06-30T18:59:47.2687411+02:00" endTime="2025-06-30T18:59:47.2687412+02:00" testType="13cdc9d9-ddb5-4fa4-a97d-d965ccfc6d4b" outcome="Passed" testListId="8c84fa94-04c1-424b-9868-57a2d4851a1d" relativeResultsDirectory="e7d9e97c-5509-4a46-a1d4-b106711804b0" />
    <UnitTestResult executionId="eeeaaa65-70fd-48c6-ab86-4f379fe34886" testId="3d8b8df4-6a66-e4e9-3346-33a22f2ef410" testName="Aula.Tests.Utilities.Html2SlackMarkdownConverterTests.Convert_WithComplexNesting_HandlesCorrectly" computerName="RHO-DESKTOP" duration="00:00:00.0061160" startTime="2025-06-30T18:59:48.2614983+02:00" endTime="2025-06-30T18:59:48.2614984+02:00" testType="13cdc9d9-ddb5-4fa4-a97d-d965ccfc6d4b" outcome="Passed" testListId="8c84fa94-04c1-424b-9868-57a2d4851a1d" relativeResultsDirectory="eeeaaa65-70fd-48c6-ab86-4f379fe34886" />
    <UnitTestResult executionId="45a8938b-5b55-4e07-ae8c-7d15a89ef884" testId="ff05afd1-484c-69de-a316-bc507787c7c8" testName="Aula.Tests.Tools.ReminderCommandHandlerTests.TryHandleReminderCommand_AddReminder_ValidFormats_ReturnsSuccess(command: &quot;remind me 31/12 at 23:59 that Year end&quot;, isEnglish: True, expectedChildName: null)" computerName="RHO-DESKTOP" duration="00:00:00.0984133" startTime="2025-06-30T18:59:47.8253523+02:00" endTime="2025-06-30T18:59:47.8253524+02:00" testType="13cdc9d9-ddb5-4fa4-a97d-d965ccfc6d4b" outcome="Passed" testListId="8c84fa94-04c1-424b-9868-57a2d4851a1d" relativeResultsDirectory="45a8938b-5b55-4e07-ae8c-7d15a89ef884" />
    <UnitTestResult executionId="f7922fc2-6271-408c-aa9c-1bbd663f07c0" testId="e735c7b3-aa15-891a-afaf-f7174c07abf5" testName="Aula.Tests.Configuration.ConfigurationTests.Telegram_Token_ValidationTests(token: &quot;invalid-token&quot;, isValidFormat: False)" computerName="RHO-DESKTOP" duration="00:00:00.0096137" startTime="2025-06-30T18:59:48.2394105+02:00" endTime="2025-06-30T18:59:48.2394106+02:00" testType="13cdc9d9-ddb5-4fa4-a97d-d965ccfc6d4b" outcome="Passed" testListId="8c84fa94-04c1-424b-9868-57a2d4851a1d" relativeResultsDirectory="f7922fc2-6271-408c-aa9c-1bbd663f07c0" />
    <UnitTestResult executionId="6f867bed-619b-4090-99e8-8d880d96d831" testId="775b1060-3e71-f36d-5f04-c2fd4621e8a0" testName="Aula.Tests.Utilities.FollowUpQuestionDetectorTests.IsFollowUpQuestion_WithChildNameAndShortMessage_ReturnsTrue(input: &quot;Emma&quot;)" computerName="RHO-DESKTOP" duration="00:00:00.0000490" startTime="2025-06-30T18:59:47.9888769+02:00" endTime="2025-06-30T18:59:47.9888771+02:00" testType="13cdc9d9-ddb5-4fa4-a97d-d965ccfc6d4b" outcome="Passed" testListId="8c84fa94-04c1-424b-9868-57a2d4851a1d" relativeResultsDirectory="6f867bed-619b-4090-99e8-8d880d96d831" />
    <UnitTestResult executionId="ff1c9add-ab4b-4d03-b4ba-4f18e7d8b245" testId="4eec350c-78eb-2a68-cc2e-22085c8e2c8c" testName="Aula.Tests.Utilities.ReminderExtractionPromptsTests.GetExtractionPrompt_ContainsRelativeDateExamples" computerName="RHO-DESKTOP" duration="00:00:00.0004610" startTime="2025-06-30T18:59:47.8106178+02:00" endTime="2025-06-30T18:59:47.8106180+02:00" testType="13cdc9d9-ddb5-4fa4-a97d-d965ccfc6d4b" outcome="Passed" testListId="8c84fa94-04c1-424b-9868-57a2d4851a1d" relativeResultsDirectory="ff1c9add-ab4b-4d03-b4ba-4f18e7d8b245" />
    <UnitTestResult executionId="0f038691-0cd6-47dc-ba21-a4bd404ee854" testId="67ae9fcb-a62e-08fc-97ed-d2d4f6f5c1d0" testName="Aula.Tests.Services.DataModelTests.RetryAttempt_DefaultConstructor_InitializesCorrectly" computerName="RHO-DESKTOP" duration="00:00:00.0010548" startTime="2025-06-30T18:59:48.0139658+02:00" endTime="2025-06-30T18:59:48.0139660+02:00" testType="13cdc9d9-ddb5-4fa4-a97d-d965ccfc6d4b" outcome="Passed" testListId="8c84fa94-04c1-424b-9868-57a2d4851a1d" relativeResultsDirectory="0f038691-0cd6-47dc-ba21-a4bd404ee854" />
    <UnitTestResult executionId="46cae591-d9c1-4b30-8e63-8d353b0d26f6" testId="715923f7-f881-74c1-66a2-e6f91fe6f3c7" testName="Aula.Tests.Scheduling.SchedulingServiceTests.Constructor_WithValidParameters_InitializesCorrectly" computerName="RHO-DESKTOP" duration="00:00:00.0004452" startTime="2025-06-30T18:59:47.9469564+02:00" endTime="2025-06-30T18:59:47.9469566+02:00" testType="13cdc9d9-ddb5-4fa4-a97d-d965ccfc6d4b" outcome="Passed" testListId="8c84fa94-04c1-424b-9868-57a2d4851a1d" relativeResultsDirectory="46cae591-d9c1-4b30-8e63-8d353b0d26f6" />
    <UnitTestResult executionId="1d3b6638-74b1-4cb3-a099-00f31d96cb00" testId="03bbc808-1107-fcc9-1fac-bc3ec3fc1e9f" testName="Aula.Tests.Bots.TelegramInteractiveBotTests.Constructor_WithNullAgentService_ThrowsArgumentNullException" computerName="RHO-DESKTOP" duration="00:00:00.0016855" startTime="2025-06-30T18:59:47.8320379+02:00" endTime="2025-06-30T18:59:47.8320380+02:00" testType="13cdc9d9-ddb5-4fa4-a97d-d965ccfc6d4b" outcome="Passed" testListId="8c84fa94-04c1-424b-9868-57a2d4851a1d" relativeResultsDirectory="1d3b6638-74b1-4cb3-a099-00f31d96cb00" />
    <UnitTestResult executionId="0949f631-d4cc-4c5b-9b0a-3c1cc3e8ef25" testId="2743fc93-743c-aff9-2200-095476b17025" testName="Aula.Tests.Services.OpenAiServiceIntegrationTests.ProcessQueryWithToolsAsync_WithInvalidContextKey_ThrowsArgumentException(contextKey: &quot;&quot;)" computerName="RHO-DESKTOP" duration="00:00:00.0008375" startTime="2025-06-30T18:59:47.7897048+02:00" endTime="2025-06-30T18:59:47.7897050+02:00" testType="13cdc9d9-ddb5-4fa4-a97d-d965ccfc6d4b" outcome="Failed" testListId="8c84fa94-04c1-424b-9868-57a2d4851a1d" relativeResultsDirectory="0949f631-d4cc-4c5b-9b0a-3c1cc3e8ef25">
      <Output>
        <ErrorInfo>
          <Message>System.ArgumentException : Can not instantiate proxy of class: Aula.Tools.AiToolsManager.
Could not find a parameterless constructor. (Parameter 'constructorArguments')
---- System.MissingMethodException : Constructor on type 'Castle.Proxies.AiToolsManagerProxy' not found.</Message>
          <StackTrace>   at Castle.DynamicProxy.ProxyGenerator.CreateClassProxyInstance(Type proxyType, List`1 proxyArguments, Type classToProxy, Object[] constructorArguments)
   at Castle.DynamicProxy.ProxyGenerator.CreateClassProxy(Type classToProxy, Type[] additionalInterfacesToProxy, ProxyGenerationOptions options, Object[] constructorArguments, IInterceptor[] interceptors)
   at Moq.CastleProxyFactory.CreateProxy(Type mockType, IInterceptor interceptor, Type[] interfaces, Object[] arguments) in /_/src/Moq/Interception/CastleProxyFactory.cs:line 62
   at Moq.Mock`1.InitializeInstance() in /_/src/Moq/Mock`1.cs:line 309
   at Moq.Mock`1.OnGetObject() in /_/src/Moq/Mock`1.cs:line 323
   at Moq.Mock.get_Object() in /_/src/Moq/Mock.cs:line 181
   at Moq.Mock`1.get_Object() in /_/src/Moq/Mock`1.cs:line 281
   at Aula.Tests.Services.OpenAiServiceIntegrationTests.ProcessQueryWithToolsAsync_WithInvalidContextKey_ThrowsArgumentException(String contextKey) in /mnt/d/git/aula/src/Aula.Tests/Services/OpenAiServiceIntegrationTests.cs:line 176
--- End of stack trace from previous location ---
----- Inner Stack Trace -----
   at System.RuntimeType.CreateInstanceImpl(BindingFlags bindingAttr, Binder binder, Object[] args, CultureInfo culture)
   at Castle.DynamicProxy.ProxyGenerator.CreateClassProxyInstance(Type proxyType, List`1 proxyArguments, Type classToProxy, Object[] constructorArguments)</StackTrace>
        </ErrorInfo>
      </Output>
    </UnitTestResult>
    <UnitTestResult executionId="84b8a5c8-e69f-49ce-b47b-9f273ad8aeec" testId="436baaef-6812-fc4c-4b87-6c9a6f9e3e55" testName="Aula.Tests.Channels.SlackBotTests.PushWeekLetter_WithEmptyWeekLetter_DoesNotThrow" computerName="RHO-DESKTOP" duration="00:00:00.0005263" startTime="2025-06-30T18:59:48.2275978+02:00" endTime="2025-06-30T18:59:48.2275979+02:00" testType="13cdc9d9-ddb5-4fa4-a97d-d965ccfc6d4b" outcome="Passed" testListId="8c84fa94-04c1-424b-9868-57a2d4851a1d" relativeResultsDirectory="84b8a5c8-e69f-49ce-b47b-9f273ad8aeec" />
    <UnitTestResult executionId="dbf96387-0c25-42fe-bc70-810831f47065" testId="0a67f5eb-9494-4a90-6e4a-75483ed48ca6" testName="Aula.Tests.Utilities.FollowUpQuestionDetectorTests.IsFollowUpQuestion_WithShortFollowUps_ReturnsTrue(input: &quot;okay&quot;)" computerName="RHO-DESKTOP" duration="00:00:00.0000729" startTime="2025-06-30T18:59:47.9727523+02:00" endTime="2025-06-30T18:59:47.9727524+02:00" testType="13cdc9d9-ddb5-4fa4-a97d-d965ccfc6d4b" outcome="Passed" testListId="8c84fa94-04c1-424b-9868-57a2d4851a1d" relativeResultsDirectory="dbf96387-0c25-42fe-bc70-810831f47065" />
    <UnitTestResult executionId="5f29f8f1-9ead-4a26-9e56-35b16a561067" testId="5a903d00-5b08-70e4-0ae1-41f7c132ff27" testName="Aula.Tests.Utilities.JsonFormatterTests.Prettify_WithNumbers_PreservesNumericTypes" computerName="RHO-DESKTOP" duration="00:00:00.0278294" startTime="2025-06-30T18:59:47.2674863+02:00" endTime="2025-06-30T18:59:47.2674864+02:00" testType="13cdc9d9-ddb5-4fa4-a97d-d965ccfc6d4b" outcome="Passed" testListId="8c84fa94-04c1-424b-9868-57a2d4851a1d" relativeResultsDirectory="5f29f8f1-9ead-4a26-9e56-35b16a561067" />
    <UnitTestResult executionId="d71aaded-f941-4c32-a2ef-5d5c87d5a8fd" testId="9ac720d3-776c-ab54-a939-3b82af418447" testName="Aula.Tests.Utilities.ReminderExtractionPromptsTests.GetExtractionPrompt_WithDifferentMinuteOffsets_CalculatesCorrectly(minutes: 30)" computerName="RHO-DESKTOP" duration="00:00:00.0000652" startTime="2025-06-30T18:59:47.8019723+02:00" endTime="2025-06-30T18:59:47.8019724+02:00" testType="13cdc9d9-ddb5-4fa4-a97d-d965ccfc6d4b" outcome="Passed" testListId="8c84fa94-04c1-424b-9868-57a2d4851a1d" relativeResultsDirectory="d71aaded-f941-4c32-a2ef-5d5c87d5a8fd" />
    <UnitTestResult executionId="686a9899-92d8-4fd0-b09b-ca9fc78987be" testId="1585bed7-c67c-7046-51d9-aa8f4af66bac" testName="Aula.Tests.Utilities.ConversationContextManagerTests.ClearAllContexts_WithMultipleContexts_RemovesAllAndLogs" computerName="RHO-DESKTOP" duration="00:00:00.0045807" startTime="2025-06-30T18:59:47.7435048+02:00" endTime="2025-06-30T18:59:47.7435049+02:00" testType="13cdc9d9-ddb5-4fa4-a97d-d965ccfc6d4b" outcome="Passed" testListId="8c84fa94-04c1-424b-9868-57a2d4851a1d" relativeResultsDirectory="686a9899-92d8-4fd0-b09b-ca9fc78987be" />
    <UnitTestResult executionId="348f16c8-dc5a-4b57-bbbe-daaa13f8fc90" testId="51d4bf94-02a4-6db7-00c2-b23d3d85cac5" testName="Aula.Tests.Scheduling.SchedulingServiceIntegrationTests.StopAsync_WithoutStart_DoesNotThrow" computerName="RHO-DESKTOP" duration="00:00:00.0344014" startTime="2025-06-30T18:59:47.8428285+02:00" endTime="2025-06-30T18:59:47.8428286+02:00" testType="13cdc9d9-ddb5-4fa4-a97d-d965ccfc6d4b" outcome="Passed" testListId="8c84fa94-04c1-424b-9868-57a2d4851a1d" relativeResultsDirectory="348f16c8-dc5a-4b57-bbbe-daaa13f8fc90" />
    <UnitTestResult executionId="46fd048d-80cd-490d-af11-fffc2cf87952" testId="335c0316-538c-f3b3-9476-383f089c8b2c" testName="Aula.Tests.Utilities.IntentAnalysisPromptsTests.ToolExamples_ContainsRequiredKeys(key: &quot;INFORMATION_QUERY&quot;)" computerName="RHO-DESKTOP" duration="00:00:00.0000095" startTime="2025-06-30T18:59:48.1922251+02:00" endTime="2025-06-30T18:59:48.1922253+02:00" testType="13cdc9d9-ddb5-4fa4-a97d-d965ccfc6d4b" outcome="Passed" testListId="8c84fa94-04c1-424b-9868-57a2d4851a1d" relativeResultsDirectory="46fd048d-80cd-490d-af11-fffc2cf87952" />
    <UnitTestResult executionId="3f9705d9-ad00-471d-a397-82ce2b599ce4" testId="06a6ce76-a492-790c-aa69-54dc6d92da0b" testName="Aula.Tests.Configuration.ConfigurationTests.Features_ConversationCacheExpiration_ValidationTests(minutes: 1440, isValid: True)" computerName="RHO-DESKTOP" duration="00:00:00.0184293" startTime="2025-06-30T18:59:48.2344831+02:00" endTime="2025-06-30T18:59:48.2344832+02:00" testType="13cdc9d9-ddb5-4fa4-a97d-d965ccfc6d4b" outcome="Passed" testListId="8c84fa94-04c1-424b-9868-57a2d4851a1d" relativeResultsDirectory="3f9705d9-ad00-471d-a397-82ce2b599ce4" />
    <UnitTestResult executionId="1181b509-2c48-476a-8414-c837918bdc84" testId="d3b4820e-3f6b-fc6c-04b8-e7cf49b0bad8" testName="Aula.Tests.Channels.SlackBotTests.PostWeekLetter_WithVariousChildNames_HandlesCorrectly(firstName: &quot;&quot;)" computerName="RHO-DESKTOP" duration="00:00:00.2023774" startTime="2025-06-30T18:59:48.2014424+02:00" endTime="2025-06-30T18:59:48.2014425+02:00" testType="13cdc9d9-ddb5-4fa4-a97d-d965ccfc6d4b" outcome="Passed" testListId="8c84fa94-04c1-424b-9868-57a2d4851a1d" relativeResultsDirectory="1181b509-2c48-476a-8414-c837918bdc84" />
    <UnitTestResult executionId="dbc6f00b-5e7a-4fc9-877f-36c4ed129811" testId="fa32a9bf-193e-172b-6d15-20cb227d126c" testName="Aula.Tests.Utilities.FollowUpQuestionDetectorTests.IsFollowUpQuestion_WithFullChildNames_WorksCorrectly(input: &quot;what about Emma Rose&quot;)" computerName="RHO-DESKTOP" duration="00:00:00.0000429" startTime="2025-06-30T18:59:47.9992176+02:00" endTime="2025-06-30T18:59:47.9992177+02:00" testType="13cdc9d9-ddb5-4fa4-a97d-d965ccfc6d4b" outcome="Passed" testListId="8c84fa94-04c1-424b-9868-57a2d4851a1d" relativeResultsDirectory="dbc6f00b-5e7a-4fc9-877f-36c4ed129811" />
    <UnitTestResult executionId="78b40ee7-7720-4c73-8992-0a70ebe58081" testId="98cd8faf-e82c-211b-73e0-182caa7ee5d0" testName="Aula.Tests.Bots.SlackInteractiveBotTests.PostWeekLetter_WithHttpError_LogsError" computerName="RHO-DESKTOP" duration="00:00:00.3871029" startTime="2025-06-30T18:59:48.8582395+02:00" endTime="2025-06-30T18:59:48.8582397+02:00" testType="13cdc9d9-ddb5-4fa4-a97d-d965ccfc6d4b" outcome="Failed" testListId="8c84fa94-04c1-424b-9868-57a2d4851a1d" relativeResultsDirectory="78b40ee7-7720-4c73-8992-0a70ebe58081">
      <Output>
        <ErrorInfo>
          <Message>Moq.MockException : 
Expected invocation on the mock once, but was 0 times: logger =&gt; logger.Log&lt;It.IsAnyType&gt;(LogLevel.Error, It.IsAny&lt;EventId&gt;(), It.Is&lt;It.IsAnyType&gt;((v, t) =&gt; v.ToString().Contains("Failed to post week letter: HTTP")), null, It.IsAny&lt;Func&lt;It.IsAnyType, Exception, string&gt;&gt;())

Performed invocations:

   Mock&lt;ILogger:247&gt; (logger):

      ILogger.Log&lt;FormattedLogValues&gt;(LogLevel.Information, 0, Posting week letter for Emma, null, Func&lt;FormattedLogValues, Exception, string&gt;)
      ILogger.Log&lt;FormattedLogValues&gt;(LogLevel.Error, 0, Failed to post week letter: not_authed, null, Func&lt;FormattedLogValues, Exception, string&gt;)
</Message>
          <StackTrace>   at Moq.Mock.Verify(Mock mock, LambdaExpression expression, Times times, String failMessage) in /_/src/Moq/Mock.cs:line 332
   at Moq.Mock`1.Verify(Expression`1 expression, Times times) in /_/src/Moq/Mock`1.cs:line 727
   at Moq.Mock`1.Verify(Expression`1 expression, Func`1 times) in /_/src/Moq/Mock`1.cs:line 741
   at Aula.Tests.Bots.SlackInteractiveBotTests.PostWeekLetter_WithHttpError_LogsError() in /mnt/d/git/aula/src/Aula.Tests/Bots/SlackInteractiveBotTests.cs:line 305
--- End of stack trace from previous location ---</StackTrace>
        </ErrorInfo>
      </Output>
    </UnitTestResult>
    <UnitTestResult executionId="94af929d-81cf-4bd7-a601-c64acb2107ee" testId="f7baf2b9-a2d0-7c99-3bd4-af737954fe30" testName="Aula.Tests.Tools.ReminderCommandHandlerTests.TryHandleReminderCommand_DeleteReminder_WithException_LogsErrorAndReturnsErrorMessage(command: &quot;delete reminder 999&quot;, isEnglish: True)" computerName="RHO-DESKTOP" duration="00:00:00.0028802" startTime="2025-06-30T18:59:47.9308549+02:00" endTime="2025-06-30T18:59:47.9308550+02:00" testType="13cdc9d9-ddb5-4fa4-a97d-d965ccfc6d4b" outcome="Passed" testListId="8c84fa94-04c1-424b-9868-57a2d4851a1d" relativeResultsDirectory="94af929d-81cf-4bd7-a601-c64acb2107ee" />
    <UnitTestResult executionId="283e41db-a16c-43f1-aed5-10f7c262fbfe" testId="4b2a2af9-445d-9ecf-64f7-d742a6adefb7" testName="Aula.Tests.Utilities.ConversationContextManagerTests.GetContext_WithNonExistentKey_ReturnsNull" computerName="RHO-DESKTOP" duration="00:00:00.0003318" startTime="2025-06-30T18:59:47.3629160+02:00" endTime="2025-06-30T18:59:47.3629161+02:00" testType="13cdc9d9-ddb5-4fa4-a97d-d965ccfc6d4b" outcome="Passed" testListId="8c84fa94-04c1-424b-9868-57a2d4851a1d" relativeResultsDirectory="283e41db-a16c-43f1-aed5-10f7c262fbfe" />
    <UnitTestResult executionId="8a23a9f2-bbeb-42b0-a45b-3f5f4f721b2e" testId="12c6c75b-17e2-768a-c582-545ad6254677" testName="Aula.Tests.Utilities.DateTimeUtilitiesTests.GetDanishDayName_ValidDayOfWeek_ReturnsCorrectDanishName(dayOfWeek: Thursday, expectedDanishName: &quot;torsdag&quot;)" computerName="RHO-DESKTOP" duration="00:00:00.0000099" startTime="2025-06-30T18:59:48.1600210+02:00" endTime="2025-06-30T18:59:48.1600212+02:00" testType="13cdc9d9-ddb5-4fa4-a97d-d965ccfc6d4b" outcome="Passed" testListId="8c84fa94-04c1-424b-9868-57a2d4851a1d" relativeResultsDirectory="8a23a9f2-bbeb-42b0-a45b-3f5f4f721b2e" />
    <UnitTestResult executionId="4bb3ea15-ba06-435a-9f69-19d94b072283" testId="2a1dcdd7-96d2-dad7-f34d-9619dff356c8" testName="Aula.Tests.Utilities.WeekLetterContentExtractorTests.ExtractContent_WithValidJObject_ReturnsContent" computerName="RHO-DESKTOP" duration="00:00:00.0197815" startTime="2025-06-30T18:59:47.1718090+02:00" endTime="2025-06-30T18:59:47.1718092+02:00" testType="13cdc9d9-ddb5-4fa4-a97d-d965ccfc6d4b" outcome="Passed" testListId="8c84fa94-04c1-424b-9868-57a2d4851a1d" relativeResultsDirectory="4bb3ea15-ba06-435a-9f69-19d94b072283" />
    <UnitTestResult executionId="161a46b7-e4bc-4c86-a1e2-b274abb4a9c5" testId="89236559-f3ef-d084-fa13-c204061f03bf" testName="Aula.Tests.Utilities.Html2SlackMarkdownConverterTests.Convert_WithNestedTags_RemovesCorrectly" computerName="RHO-DESKTOP" duration="00:00:00.1272687" startTime="2025-06-30T18:59:48.1222904+02:00" endTime="2025-06-30T18:59:48.1222905+02:00" testType="13cdc9d9-ddb5-4fa4-a97d-d965ccfc6d4b" outcome="Passed" testListId="8c84fa94-04c1-424b-9868-57a2d4851a1d" relativeResultsDirectory="161a46b7-e4bc-4c86-a1e2-b274abb4a9c5" />
    <UnitTestResult executionId="9cbc9c72-bfcc-4e1f-a914-6998fba5155c" testId="ee79648a-cff5-5748-d2f4-bbdc12cb6662" testName="Aula.Tests.Utilities.ConversationContextTests.ConversationContext_DefaultValues_AreSetCorrectly" computerName="RHO-DESKTOP" duration="00:00:00.0139235" startTime="2025-06-30T18:59:47.1476560+02:00" endTime="2025-06-30T18:59:47.1476815+02:00" testType="13cdc9d9-ddb5-4fa4-a97d-d965ccfc6d4b" outcome="Passed" testListId="8c84fa94-04c1-424b-9868-57a2d4851a1d" relativeResultsDirectory="9cbc9c72-bfcc-4e1f-a914-6998fba5155c" />
    <UnitTestResult executionId="699d1ccf-6623-451f-8366-d8fc1186f39e" testId="8d316203-7ae4-8ab6-6acc-77bb5420b18a" testName="Aula.Tests.Services.OpenAiServiceIntegrationTests.AskQuestionAboutChildrenAsync_WithValidParameters_CallsApiWithCorrectParameters" computerName="RHO-DESKTOP" duration="00:00:00.0022368" startTime="2025-06-30T18:59:47.8401404+02:00" endTime="2025-06-30T18:59:47.8401405+02:00" testType="13cdc9d9-ddb5-4fa4-a97d-d965ccfc6d4b" outcome="Failed" testListId="8c84fa94-04c1-424b-9868-57a2d4851a1d" relativeResultsDirectory="699d1ccf-6623-451f-8366-d8fc1186f39e">
      <Output>
        <ErrorInfo>
          <Message>System.ArgumentException : Can not instantiate proxy of class: Aula.Tools.AiToolsManager.
Could not find a parameterless constructor. (Parameter 'constructorArguments')
---- System.MissingMethodException : Constructor on type 'Castle.Proxies.AiToolsManagerProxy' not found.</Message>
          <StackTrace>   at Castle.DynamicProxy.ProxyGenerator.CreateClassProxyInstance(Type proxyType, List`1 proxyArguments, Type classToProxy, Object[] constructorArguments)
   at Castle.DynamicProxy.ProxyGenerator.CreateClassProxy(Type classToProxy, Type[] additionalInterfacesToProxy, ProxyGenerationOptions options, Object[] constructorArguments, IInterceptor[] interceptors)
   at Moq.CastleProxyFactory.CreateProxy(Type mockType, IInterceptor interceptor, Type[] interfaces, Object[] arguments) in /_/src/Moq/Interception/CastleProxyFactory.cs:line 62
   at Moq.Mock`1.InitializeInstance() in /_/src/Moq/Mock`1.cs:line 309
   at Moq.Mock`1.OnGetObject() in /_/src/Moq/Mock`1.cs:line 323
   at Moq.Mock.get_Object() in /_/src/Moq/Mock.cs:line 181
   at Moq.Mock`1.get_Object() in /_/src/Moq/Mock`1.cs:line 281
   at Aula.Tests.Services.OpenAiServiceIntegrationTests.AskQuestionAboutChildrenAsync_WithValidParameters_CallsApiWithCorrectParameters() in /mnt/d/git/aula/src/Aula.Tests/Services/OpenAiServiceIntegrationTests.cs:line 269
--- End of stack trace from previous location ---
----- Inner Stack Trace -----
   at System.RuntimeType.CreateInstanceImpl(BindingFlags bindingAttr, Binder binder, Object[] args, CultureInfo culture)
   at Castle.DynamicProxy.ProxyGenerator.CreateClassProxyInstance(Type proxyType, List`1 proxyArguments, Type classToProxy, Object[] constructorArguments)</StackTrace>
        </ErrorInfo>
      </Output>
    </UnitTestResult>
    <UnitTestResult executionId="48ebe3f8-1000-40e2-9554-74d58ffd182b" testId="56429908-a484-10f8-38ca-b17d73119d7d" testName="Aula.Tests.Utilities.ConversationContextManagerTests.ClearContext_WithExistingKey_RemovesContextAndLogs" computerName="RHO-DESKTOP" duration="00:00:00.0065659" startTime="2025-06-30T18:59:47.3591349+02:00" endTime="2025-06-30T18:59:47.3591351+02:00" testType="13cdc9d9-ddb5-4fa4-a97d-d965ccfc6d4b" outcome="Passed" testListId="8c84fa94-04c1-424b-9868-57a2d4851a1d" relativeResultsDirectory="48ebe3f8-1000-40e2-9554-74d58ffd182b" />
    <UnitTestResult executionId="c849ab8e-9c21-4d9b-a993-a874db17bf06" testId="2c3d4776-5def-fbfc-180a-60513ca0400e" testName="Aula.Tests.Bots.TelegramMessageHandlerTests.Constructor_WithNullChildrenByName_ThrowsArgumentNullException" computerName="RHO-DESKTOP" duration="00:00:00.0010000" startTime="2025-06-30T18:59:47.6502548+02:00" endTime="2025-06-30T18:59:47.6502549+02:00" testType="13cdc9d9-ddb5-4fa4-a97d-d965ccfc6d4b" outcome="Failed" testListId="8c84fa94-04c1-424b-9868-57a2d4851a1d" relativeResultsDirectory="c849ab8e-9c21-4d9b-a993-a874db17bf06">
      <Output>
        <ErrorInfo>
          <Message>System.ArgumentException : Can not instantiate proxy of class: Aula.Utilities.ConversationContextManager`1[[System.Int64, System.Private.CoreLib, Version=9.0.0.0, Culture=neutral, PublicKeyToken=7cec85d7bea7798e]].
Could not find a parameterless constructor. (Parameter 'constructorArguments')
---- System.MissingMethodException : Constructor on type 'Castle.Proxies.ConversationContextManager`1Proxy' not found.</Message>
          <StackTrace>   at Castle.DynamicProxy.ProxyGenerator.CreateClassProxyInstance(Type proxyType, List`1 proxyArguments, Type classToProxy, Object[] constructorArguments)
   at Castle.DynamicProxy.ProxyGenerator.CreateClassProxy(Type classToProxy, Type[] additionalInterfacesToProxy, ProxyGenerationOptions options, Object[] constructorArguments, IInterceptor[] interceptors)
   at Moq.CastleProxyFactory.CreateProxy(Type mockType, IInterceptor interceptor, Type[] interfaces, Object[] arguments) in /_/src/Moq/Interception/CastleProxyFactory.cs:line 62
   at Moq.Mock`1.InitializeInstance() in /_/src/Moq/Mock`1.cs:line 309
   at Moq.Mock`1.OnGetObject() in /_/src/Moq/Mock`1.cs:line 323
   at Moq.Mock.get_Object() in /_/src/Moq/Mock.cs:line 181
   at Moq.Mock`1.get_Object() in /_/src/Moq/Mock`1.cs:line 281
   at Aula.Tests.Bots.TelegramMessageHandlerTests..ctor() in /mnt/d/git/aula/src/Aula.Tests/Bots/TelegramMessageHandlerTests.cs:line 63
   at System.RuntimeType.CreateInstanceDefaultCtor(Boolean publicOnly, Boolean wrapExceptions)
----- Inner Stack Trace -----
   at System.RuntimeType.CreateInstanceImpl(BindingFlags bindingAttr, Binder binder, Object[] args, CultureInfo culture)
   at Castle.DynamicProxy.ProxyGenerator.CreateClassProxyInstance(Type proxyType, List`1 proxyArguments, Type classToProxy, Object[] constructorArguments)</StackTrace>
        </ErrorInfo>
      </Output>
    </UnitTestResult>
    <UnitTestResult executionId="ff8b5523-038d-4033-84a7-0bcc91fc0eb8" testId="bf6936c5-c569-cff2-295a-80008bcc4af4" testName="Aula.Tests.Utilities.IntentAnalysisPromptsTests.ToolExamples_ContainsRequiredKeys(key: &quot;GET_CURRENT_TIME&quot;)" computerName="RHO-DESKTOP" duration="00:00:00.0000056" startTime="2025-06-30T18:59:48.1933550+02:00" endTime="2025-06-30T18:59:48.1933551+02:00" testType="13cdc9d9-ddb5-4fa4-a97d-d965ccfc6d4b" outcome="Passed" testListId="8c84fa94-04c1-424b-9868-57a2d4851a1d" relativeResultsDirectory="ff8b5523-038d-4033-84a7-0bcc91fc0eb8" />
    <UnitTestResult executionId="e2c2ad33-92f3-498d-b9e6-2523f723022e" testId="d40cf226-bdf8-6b6d-78c9-8bc50af04b77" testName="Aula.Tests.Tools.AiToolsManagerTests.ListRemindersAsync_WithReminders_ReturnsFormattedList" computerName="RHO-DESKTOP" duration="00:00:00.0706481" startTime="2025-06-30T18:59:47.7994812+02:00" endTime="2025-06-30T18:59:47.7994813+02:00" testType="13cdc9d9-ddb5-4fa4-a97d-d965ccfc6d4b" outcome="Passed" testListId="8c84fa94-04c1-424b-9868-57a2d4851a1d" relativeResultsDirectory="e2c2ad33-92f3-498d-b9e6-2523f723022e" />
    <UnitTestResult executionId="3b3b3bfd-55c7-4213-bdee-e25d01b15add" testId="feee90d8-1656-5d1e-73f9-5a26fcecfdaf" testName="Aula.Tests.Bots.SlackMessageHandlerTests.Constructor_WithNullLogger_ThrowsArgumentNullException" computerName="RHO-DESKTOP" duration="00:00:00.0010000" startTime="2025-06-30T18:59:47.7358374+02:00" endTime="2025-06-30T18:59:47.7358376+02:00" testType="13cdc9d9-ddb5-4fa4-a97d-d965ccfc6d4b" outcome="Failed" testListId="8c84fa94-04c1-424b-9868-57a2d4851a1d" relativeResultsDirectory="3b3b3bfd-55c7-4213-bdee-e25d01b15add">
      <Output>
        <ErrorInfo>
          <Message>System.ArgumentException : Can not instantiate proxy of class: Aula.Tools.ReminderCommandHandler.
Could not find a parameterless constructor. (Parameter 'constructorArguments')
---- System.MissingMethodException : Constructor on type 'Castle.Proxies.ReminderCommandHandlerProxy' not found.</Message>
          <StackTrace>   at Castle.DynamicProxy.ProxyGenerator.CreateClassProxyInstance(Type proxyType, List`1 proxyArguments, Type classToProxy, Object[] constructorArguments)
   at Castle.DynamicProxy.ProxyGenerator.CreateClassProxy(Type classToProxy, Type[] additionalInterfacesToProxy, ProxyGenerationOptions options, Object[] constructorArguments, IInterceptor[] interceptors)
   at Moq.CastleProxyFactory.CreateProxy(Type mockType, IInterceptor interceptor, Type[] interfaces, Object[] arguments) in /_/src/Moq/Interception/CastleProxyFactory.cs:line 62
   at Moq.Mock`1.InitializeInstance() in /_/src/Moq/Mock`1.cs:line 309
   at Moq.Mock`1.OnGetObject() in /_/src/Moq/Mock`1.cs:line 323
   at Moq.Mock.get_Object() in /_/src/Moq/Mock.cs:line 181
   at Moq.Mock`1.get_Object() in /_/src/Moq/Mock`1.cs:line 281
   at Aula.Tests.Bots.SlackMessageHandlerTests..ctor() in /mnt/d/git/aula/src/Aula.Tests/Bots/SlackMessageHandlerTests.cs:line 57
   at System.RuntimeType.CreateInstanceDefaultCtor(Boolean publicOnly, Boolean wrapExceptions)
----- Inner Stack Trace -----
   at System.RuntimeType.CreateInstanceImpl(BindingFlags bindingAttr, Binder binder, Object[] args, CultureInfo culture)
   at Castle.DynamicProxy.ProxyGenerator.CreateClassProxyInstance(Type proxyType, List`1 proxyArguments, Type classToProxy, Object[] constructorArguments)</StackTrace>
        </ErrorInfo>
      </Output>
    </UnitTestResult>
    <UnitTestResult executionId="1f227cdb-af8e-44ad-abb5-4496d5327505" testId="bda17d36-b490-5d6a-2ec9-eac27d02fc34" testName="Aula.Tests.Utilities.IntentAnalysisPromptsTests.ToolExamples_ContainsRequiredKeys(key: &quot;LIST_REMINDERS&quot;)" computerName="RHO-DESKTOP" duration="00:00:00.0000086" startTime="2025-06-30T18:59:48.1927952+02:00" endTime="2025-06-30T18:59:48.1927953+02:00" testType="13cdc9d9-ddb5-4fa4-a97d-d965ccfc6d4b" outcome="Passed" testListId="8c84fa94-04c1-424b-9868-57a2d4851a1d" relativeResultsDirectory="1f227cdb-af8e-44ad-abb5-4496d5327505" />
    <UnitTestResult executionId="6e64c5ad-643c-4258-a495-90f4d9f6c9e2" testId="0ff92f6a-cd59-c2b9-9aae-29a9878a50a7" testName="Aula.Tests.Bots.TelegramInteractiveBotTests.ComputeHash_WithDifferentInputs_ReturnsConsistentHashes(input: &quot;Test content 2&quot;)" computerName="RHO-DESKTOP" duration="00:00:00.0016533" startTime="2025-06-30T18:59:48.7212950+02:00" endTime="2025-06-30T18:59:48.7212952+02:00" testType="13cdc9d9-ddb5-4fa4-a97d-d965ccfc6d4b" outcome="Passed" testListId="8c84fa94-04c1-424b-9868-57a2d4851a1d" relativeResultsDirectory="6e64c5ad-643c-4258-a495-90f4d9f6c9e2" />
    <UnitTestResult executionId="3d8b9415-94cc-48c7-907c-d232a973160b" testId="533b2a5c-a19c-cf24-eb9a-f995ca4d2974" testName="Aula.Tests.Utilities.Html2SlackMarkdownConverterTests.Convert_WithInvalidHtml_HandlesGracefully" computerName="RHO-DESKTOP" duration="00:00:00.0049461" startTime="2025-06-30T18:59:48.2584121+02:00" endTime="2025-06-30T18:59:48.2584123+02:00" testType="13cdc9d9-ddb5-4fa4-a97d-d965ccfc6d4b" outcome="Passed" testListId="8c84fa94-04c1-424b-9868-57a2d4851a1d" relativeResultsDirectory="3d8b9415-94cc-48c7-907c-d232a973160b" />
    <UnitTestResult executionId="42e83ca5-cc4b-4639-aa27-0ec86a17a830" testId="47489fc9-b715-10df-6ca2-dcba77141106" testName="Aula.Tests.Services.SupabaseServiceTests.Constructor_WithValidConfig_InitializesCorrectly" computerName="RHO-DESKTOP" duration="00:00:00.0004874" startTime="2025-06-30T18:59:48.1155019+02:00" endTime="2025-06-30T18:59:48.1155021+02:00" testType="13cdc9d9-ddb5-4fa4-a97d-d965ccfc6d4b" outcome="Passed" testListId="8c84fa94-04c1-424b-9868-57a2d4851a1d" relativeResultsDirectory="42e83ca5-cc4b-4639-aa27-0ec86a17a830" />
    <UnitTestResult executionId="8277c662-2838-40fb-a1ab-fb729a22fd62" testId="121eb464-baa2-cb91-a1cb-d692cf64f7c5" testName="Aula.Tests.Utilities.Html2SlackMarkdownConverterTests.Convert_WithUnicodeContent_PreservesEncoding" computerName="RHO-DESKTOP" duration="00:00:00.0008422" startTime="2025-06-30T18:59:48.1319694+02:00" endTime="2025-06-30T18:59:48.1319695+02:00" testType="13cdc9d9-ddb5-4fa4-a97d-d965ccfc6d4b" outcome="Passed" testListId="8c84fa94-04c1-424b-9868-57a2d4851a1d" relativeResultsDirectory="8277c662-2838-40fb-a1ab-fb729a22fd62" />
    <UnitTestResult executionId="078b038d-0d9d-4182-a003-dbe9c157e089" testId="c1d38bdc-38f6-c12c-a7df-652ec55b291d" testName="Aula.Tests.Tools.ReminderCommandHandlerTests.TryHandleReminderCommand_DeleteReminder_ValidCommands_ReturnsSuccess(command: &quot;slet påmindelse 456&quot;, isEnglish: False, expectedId: 456)" computerName="RHO-DESKTOP" duration="00:00:00.0117578" startTime="2025-06-30T18:59:47.8843076+02:00" endTime="2025-06-30T18:59:47.8843077+02:00" testType="13cdc9d9-ddb5-4fa4-a97d-d965ccfc6d4b" outcome="Passed" testListId="8c84fa94-04c1-424b-9868-57a2d4851a1d" relativeResultsDirectory="078b038d-0d9d-4182-a003-dbe9c157e089" />
    <UnitTestResult executionId="81de7348-d6d0-4940-ab16-668600c6b683" testId="69c84318-c2ea-bbfb-2ff5-e086da7c5805" testName="Aula.Tests.Configuration.ConfigurationTests.OpenAi_ConfigurationIsCorrect" computerName="RHO-DESKTOP" duration="00:00:00.0058727" startTime="2025-06-30T18:59:48.3977164+02:00" endTime="2025-06-30T18:59:48.3977166+02:00" testType="13cdc9d9-ddb5-4fa4-a97d-d965ccfc6d4b" outcome="Passed" testListId="8c84fa94-04c1-424b-9868-57a2d4851a1d" relativeResultsDirectory="81de7348-d6d0-4940-ab16-668600c6b683" />
    <UnitTestResult executionId="266fdc1f-df4f-4e7c-8497-8189aa9a8157" testId="b7876997-bf06-ed71-c4e7-a75d56d4b58d" testName="Aula.Tests.Tools.ReminderCommandHandlerTests.TryHandleReminderCommand_ListReminders_ValidCommands_ReturnsRemindersList(command: &quot;liste påmindelser&quot;, isEnglish: False)" computerName="RHO-DESKTOP" duration="00:00:00.0115818" startTime="2025-06-30T18:59:48.0533127+02:00" endTime="2025-06-30T18:59:48.0533130+02:00" testType="13cdc9d9-ddb5-4fa4-a97d-d965ccfc6d4b" outcome="Passed" testListId="8c84fa94-04c1-424b-9868-57a2d4851a1d" relativeResultsDirectory="266fdc1f-df4f-4e7c-8497-8189aa9a8157" />
    <UnitTestResult executionId="de503699-25fc-4a06-a31b-9122bd29409b" testId="a3b592c0-7c51-7572-10a6-650c509f2a53" testName="Aula.Tests.Services.DataModelTests.Reminder_WithProperties_SetsCorrectly" computerName="RHO-DESKTOP" duration="00:00:00.0005371" startTime="2025-06-30T18:59:48.0160407+02:00" endTime="2025-06-30T18:59:48.0160408+02:00" testType="13cdc9d9-ddb5-4fa4-a97d-d965ccfc6d4b" outcome="Passed" testListId="8c84fa94-04c1-424b-9868-57a2d4851a1d" relativeResultsDirectory="de503699-25fc-4a06-a31b-9122bd29409b" />
    <UnitTestResult executionId="edc23178-ef3a-4d5a-a3ad-5c12be6e3753" testId="586d74ce-5942-0e84-021d-61533272d525" testName="Aula.Tests.Bots.TelegramInteractiveBotTests.Constructor_WithValidParameters_InitializesCorrectly" computerName="RHO-DESKTOP" duration="00:00:00.1001941" startTime="2025-06-30T18:59:47.8314274+02:00" endTime="2025-06-30T18:59:47.8314275+02:00" testType="13cdc9d9-ddb5-4fa4-a97d-d965ccfc6d4b" outcome="Passed" testListId="8c84fa94-04c1-424b-9868-57a2d4851a1d" relativeResultsDirectory="edc23178-ef3a-4d5a-a3ad-5c12be6e3753" />
    <UnitTestResult executionId="1521e430-bff5-47e3-86d2-ac45a5a75751" testId="3faf1419-3703-7fd5-a3da-353c4d730dce" testName="Aula.Tests.Bots.SlackInteractiveBotTests.Start_WithMissingApiToken_LogsErrorAndReturns" computerName="RHO-DESKTOP" duration="00:00:00.0049901" startTime="2025-06-30T18:59:51.3681672+02:00" endTime="2025-06-30T18:59:51.3681673+02:00" testType="13cdc9d9-ddb5-4fa4-a97d-d965ccfc6d4b" outcome="Passed" testListId="8c84fa94-04c1-424b-9868-57a2d4851a1d" relativeResultsDirectory="1521e430-bff5-47e3-86d2-ac45a5a75751" />
    <UnitTestResult executionId="26c17263-5812-490d-8838-79c58ee8e34f" testId="8b65b678-d86a-73e1-86df-afba7eb83500" testName="Aula.Tests.Bots.SlackMessageHandlerTests.Constructor_WithValidParameters_InitializesCorrectly" computerName="RHO-DESKTOP" duration="00:00:00.0010000" startTime="2025-06-30T18:59:47.5052716+02:00" endTime="2025-06-30T18:59:47.5052718+02:00" testType="13cdc9d9-ddb5-4fa4-a97d-d965ccfc6d4b" outcome="Failed" testListId="8c84fa94-04c1-424b-9868-57a2d4851a1d" relativeResultsDirectory="26c17263-5812-490d-8838-79c58ee8e34f">
      <Output>
        <ErrorInfo>
          <Message>System.ArgumentException : Can not instantiate proxy of class: Aula.Tools.ReminderCommandHandler.
Could not find a parameterless constructor. (Parameter 'constructorArguments')
---- System.MissingMethodException : Constructor on type 'Castle.Proxies.ReminderCommandHandlerProxy' not found.</Message>
          <StackTrace>   at Castle.DynamicProxy.ProxyGenerator.CreateClassProxyInstance(Type proxyType, List`1 proxyArguments, Type classToProxy, Object[] constructorArguments)
   at Castle.DynamicProxy.ProxyGenerator.CreateClassProxy(Type classToProxy, Type[] additionalInterfacesToProxy, ProxyGenerationOptions options, Object[] constructorArguments, IInterceptor[] interceptors)
   at Moq.CastleProxyFactory.CreateProxy(Type mockType, IInterceptor interceptor, Type[] interfaces, Object[] arguments) in /_/src/Moq/Interception/CastleProxyFactory.cs:line 62
   at Moq.Mock`1.InitializeInstance() in /_/src/Moq/Mock`1.cs:line 309
   at Moq.Mock`1.OnGetObject() in /_/src/Moq/Mock`1.cs:line 323
   at Moq.Mock.get_Object() in /_/src/Moq/Mock.cs:line 181
   at Moq.Mock`1.get_Object() in /_/src/Moq/Mock`1.cs:line 281
   at Aula.Tests.Bots.SlackMessageHandlerTests..ctor() in /mnt/d/git/aula/src/Aula.Tests/Bots/SlackMessageHandlerTests.cs:line 57
   at System.RuntimeType.CreateInstanceDefaultCtor(Boolean publicOnly, Boolean wrapExceptions)
----- Inner Stack Trace -----
   at System.RuntimeType.CreateInstanceImpl(BindingFlags bindingAttr, Binder binder, Object[] args, CultureInfo culture)
   at Castle.DynamicProxy.ProxyGenerator.CreateClassProxyInstance(Type proxyType, List`1 proxyArguments, Type classToProxy, Object[] constructorArguments)</StackTrace>
        </ErrorInfo>
      </Output>
    </UnitTestResult>
    <UnitTestResult executionId="58bdd346-cb15-4fd8-b624-a410bac2f1c7" testId="ab49834c-8dcd-dead-a042-efc0f8ab3657" testName="Aula.Tests.Bots.TelegramInteractiveBotTests.Stop_WhenCalled_LogsInformation" computerName="RHO-DESKTOP" duration="00:00:00.0055541" startTime="2025-06-30T18:59:48.7277880+02:00" endTime="2025-06-30T18:59:48.7277885+02:00" testType="13cdc9d9-ddb5-4fa4-a97d-d965ccfc6d4b" outcome="Passed" testListId="8c84fa94-04c1-424b-9868-57a2d4851a1d" relativeResultsDirectory="58bdd346-cb15-4fd8-b624-a410bac2f1c7" />
    <UnitTestResult executionId="bb3c73e1-703e-4efa-bac4-f0285ed2e167" testId="3b4daf27-4450-ed7a-d4bb-142a6e1b0be0" testName="Aula.Tests.Tools.ReminderCommandHandlerTests.TryHandleReminderCommand_NonMatchingPatterns_ReturnsFalse(command: &quot;remind me tomorrow at eight that non-numeric time&quot;, isEnglish: True)" computerName="RHO-DESKTOP" duration="00:00:00.0007242" startTime="2025-06-30T18:59:47.9521213+02:00" endTime="2025-06-30T18:59:47.9521214+02:00" testType="13cdc9d9-ddb5-4fa4-a97d-d965ccfc6d4b" outcome="Passed" testListId="8c84fa94-04c1-424b-9868-57a2d4851a1d" relativeResultsDirectory="bb3c73e1-703e-4efa-bac4-f0285ed2e167" />
    <UnitTestResult executionId="bfff5bf4-fe75-4af6-92d2-79b7cd156f31" testId="98555ca9-e51e-c77a-a5b7-89147423d30d" testName="Aula.Tests.Services.OpenAiServiceIntegrationTests.AskQuestionAboutChildrenAsync_WithNullChildrenWeekLetters_ThrowsArgumentNullException(chatInterface: Slack)" computerName="RHO-DESKTOP" duration="00:00:00.0046191" startTime="2025-06-30T18:59:47.7516574+02:00" endTime="2025-06-30T18:59:47.7516576+02:00" testType="13cdc9d9-ddb5-4fa4-a97d-d965ccfc6d4b" outcome="Failed" testListId="8c84fa94-04c1-424b-9868-57a2d4851a1d" relativeResultsDirectory="bfff5bf4-fe75-4af6-92d2-79b7cd156f31">
      <Output>
        <ErrorInfo>
          <Message>System.ArgumentException : Can not instantiate proxy of class: Aula.Tools.AiToolsManager.
Could not find a parameterless constructor. (Parameter 'constructorArguments')
---- System.MissingMethodException : Constructor on type 'Castle.Proxies.AiToolsManagerProxy' not found.</Message>
          <StackTrace>   at Castle.DynamicProxy.ProxyGenerator.CreateClassProxyInstance(Type proxyType, List`1 proxyArguments, Type classToProxy, Object[] constructorArguments)
   at Castle.DynamicProxy.ProxyGenerator.CreateClassProxy(Type classToProxy, Type[] additionalInterfacesToProxy, ProxyGenerationOptions options, Object[] constructorArguments, IInterceptor[] interceptors)
   at Moq.CastleProxyFactory.CreateProxy(Type mockType, IInterceptor interceptor, Type[] interfaces, Object[] arguments) in /_/src/Moq/Interception/CastleProxyFactory.cs:line 62
   at Moq.Mock`1.InitializeInstance() in /_/src/Moq/Mock`1.cs:line 309
   at Moq.Mock`1.OnGetObject() in /_/src/Moq/Mock`1.cs:line 323
   at Moq.Mock.get_Object() in /_/src/Moq/Mock.cs:line 181
   at Moq.Mock`1.get_Object() in /_/src/Moq/Mock`1.cs:line 281
   at Aula.Tests.Services.OpenAiServiceIntegrationTests.AskQuestionAboutChildrenAsync_WithNullChildrenWeekLetters_ThrowsArgumentNullException(ChatInterface chatInterface) in /mnt/d/git/aula/src/Aula.Tests/Services/OpenAiServiceIntegrationTests.cs:line 152
--- End of stack trace from previous location ---
----- Inner Stack Trace -----
   at System.RuntimeType.CreateInstanceImpl(BindingFlags bindingAttr, Binder binder, Object[] args, CultureInfo culture)
   at Castle.DynamicProxy.ProxyGenerator.CreateClassProxyInstance(Type proxyType, List`1 proxyArguments, Type classToProxy, Object[] constructorArguments)</StackTrace>
        </ErrorInfo>
      </Output>
    </UnitTestResult>
    <UnitTestResult executionId="3da4bb43-b3bb-461c-8b50-6f258e727c6c" testId="1a0f9073-85e9-ddfd-302a-6b8e7f408be7" testName="Aula.Tests.Utilities.ReminderExtractionPromptsTests.GetExtractionPrompt_ContainsExpectedResponseFormat" computerName="RHO-DESKTOP" duration="00:00:00.0004375" startTime="2025-06-30T18:59:47.8028053+02:00" endTime="2025-06-30T18:59:47.8028055+02:00" testType="13cdc9d9-ddb5-4fa4-a97d-d965ccfc6d4b" outcome="Passed" testListId="8c84fa94-04c1-424b-9868-57a2d4851a1d" relativeResultsDirectory="3da4bb43-b3bb-461c-8b50-6f258e727c6c" />
    <UnitTestResult executionId="2f1e79b5-83d9-4680-9b66-694310a2d418" testId="f7492970-5062-ad84-014e-43c4dfa554f1" testName="Aula.Tests.Tools.ReminderCommandHandlerTests.TryHandleReminderCommand_DeleteReminder_WithException_LogsErrorAndReturnsErrorMessage(command: &quot;slet påmindelse 888&quot;, isEnglish: False)" computerName="RHO-DESKTOP" duration="00:00:00.0114207" startTime="2025-06-30T18:59:47.9296545+02:00" endTime="2025-06-30T18:59:47.9296547+02:00" testType="13cdc9d9-ddb5-4fa4-a97d-d965ccfc6d4b" outcome="Passed" testListId="8c84fa94-04c1-424b-9868-57a2d4851a1d" relativeResultsDirectory="2f1e79b5-83d9-4680-9b66-694310a2d418" />
    <UnitTestResult executionId="107f4042-8a98-41cc-bf27-676ee007ad35" testId="cdb2a1c6-455e-afdc-b339-d53b98cacc5c" testName="Aula.Tests.Services.OpenAiServiceIntegrationTests.Constructor_WithWhitespaceApiKey_ThrowsArgumentException" computerName="RHO-DESKTOP" duration="00:00:00.0060568" startTime="2025-06-30T18:59:47.7590539+02:00" endTime="2025-06-30T18:59:47.7590541+02:00" testType="13cdc9d9-ddb5-4fa4-a97d-d965ccfc6d4b" outcome="Failed" testListId="8c84fa94-04c1-424b-9868-57a2d4851a1d" relativeResultsDirectory="107f4042-8a98-41cc-bf27-676ee007ad35">
      <Output>
        <ErrorInfo>
          <Message>Assert.Equal() Failure: Strings differ
           ↓ (pos 0)
Expected: "apiKey"
Actual:   "constructorArguments"
           ↑ (pos 0)</Message>
          <StackTrace>   at Aula.Tests.Services.OpenAiServiceIntegrationTests.Constructor_WithWhitespaceApiKey_ThrowsArgumentException() in /mnt/d/git/aula/src/Aula.Tests/Services/OpenAiServiceIntegrationTests.cs:line 57
   at System.RuntimeMethodHandle.InvokeMethod(Object target, Void** arguments, Signature sig, Boolean isConstructor)
   at System.Reflection.MethodBaseInvoker.InvokeWithNoArgs(Object obj, BindingFlags invokeAttr)</StackTrace>
        </ErrorInfo>
      </Output>
    </UnitTestResult>
    <UnitTestResult executionId="1f2dab94-41b4-4e18-b6c7-ef28c0fea011" testId="8454e79e-a056-bb6e-1db7-62ff01bf41c0" testName="Aula.Tests.Bots.TelegramMessageHandlerTests.HandleMessageAsync_WithHelpCommand_ProcessesHelpMessage(helpCommand: &quot;help&quot;)" computerName="RHO-DESKTOP" duration="00:00:00.0010000" startTime="2025-06-30T18:59:47.4399275+02:00" endTime="2025-06-30T18:59:47.4399278+02:00" testType="13cdc9d9-ddb5-4fa4-a97d-d965ccfc6d4b" outcome="Failed" testListId="8c84fa94-04c1-424b-9868-57a2d4851a1d" relativeResultsDirectory="1f2dab94-41b4-4e18-b6c7-ef28c0fea011">
      <Output>
        <ErrorInfo>
          <Message>System.ArgumentException : Can not instantiate proxy of class: Aula.Utilities.ConversationContextManager`1[[System.Int64, System.Private.CoreLib, Version=9.0.0.0, Culture=neutral, PublicKeyToken=7cec85d7bea7798e]].
Could not find a parameterless constructor. (Parameter 'constructorArguments')
---- System.MissingMethodException : Constructor on type 'Castle.Proxies.ConversationContextManager`1Proxy' not found.</Message>
          <StackTrace>   at Castle.DynamicProxy.ProxyGenerator.CreateClassProxyInstance(Type proxyType, List`1 proxyArguments, Type classToProxy, Object[] constructorArguments)
   at Castle.DynamicProxy.ProxyGenerator.CreateClassProxy(Type classToProxy, Type[] additionalInterfacesToProxy, ProxyGenerationOptions options, Object[] constructorArguments, IInterceptor[] interceptors)
   at Moq.CastleProxyFactory.CreateProxy(Type mockType, IInterceptor interceptor, Type[] interfaces, Object[] arguments) in /_/src/Moq/Interception/CastleProxyFactory.cs:line 62
   at Moq.Mock`1.InitializeInstance() in /_/src/Moq/Mock`1.cs:line 309
   at Moq.Mock`1.OnGetObject() in /_/src/Moq/Mock`1.cs:line 323
   at Moq.Mock.get_Object() in /_/src/Moq/Mock.cs:line 181
   at Moq.Mock`1.get_Object() in /_/src/Moq/Mock`1.cs:line 281
   at Aula.Tests.Bots.TelegramMessageHandlerTests..ctor() in /mnt/d/git/aula/src/Aula.Tests/Bots/TelegramMessageHandlerTests.cs:line 63
   at System.RuntimeType.CreateInstanceDefaultCtor(Boolean publicOnly, Boolean wrapExceptions)
----- Inner Stack Trace -----
   at System.RuntimeType.CreateInstanceImpl(BindingFlags bindingAttr, Binder binder, Object[] args, CultureInfo culture)
   at Castle.DynamicProxy.ProxyGenerator.CreateClassProxyInstance(Type proxyType, List`1 proxyArguments, Type classToProxy, Object[] constructorArguments)</StackTrace>
        </ErrorInfo>
      </Output>
    </UnitTestResult>
    <UnitTestResult executionId="11938f1c-2964-4341-8f24-e604b18f2d64" testId="c2915ea4-e5f9-7f97-c925-c30cd92f3ba5" testName="Aula.Tests.Bots.TelegramMessageHandlerTests.HandleMessageAsync_WithHelpCommand_ProcessesHelpMessage(helpCommand: &quot;HELP&quot;)" computerName="RHO-DESKTOP" duration="00:00:00.0010000" startTime="2025-06-30T18:59:47.4366070+02:00" endTime="2025-06-30T18:59:47.4366073+02:00" testType="13cdc9d9-ddb5-4fa4-a97d-d965ccfc6d4b" outcome="Failed" testListId="8c84fa94-04c1-424b-9868-57a2d4851a1d" relativeResultsDirectory="11938f1c-2964-4341-8f24-e604b18f2d64">
      <Output>
        <ErrorInfo>
          <Message>System.ArgumentException : Can not instantiate proxy of class: Aula.Utilities.ConversationContextManager`1[[System.Int64, System.Private.CoreLib, Version=9.0.0.0, Culture=neutral, PublicKeyToken=7cec85d7bea7798e]].
Could not find a parameterless constructor. (Parameter 'constructorArguments')
---- System.MissingMethodException : Constructor on type 'Castle.Proxies.ConversationContextManager`1Proxy' not found.</Message>
          <StackTrace>   at Castle.DynamicProxy.ProxyGenerator.CreateClassProxyInstance(Type proxyType, List`1 proxyArguments, Type classToProxy, Object[] constructorArguments)
   at Castle.DynamicProxy.ProxyGenerator.CreateClassProxy(Type classToProxy, Type[] additionalInterfacesToProxy, ProxyGenerationOptions options, Object[] constructorArguments, IInterceptor[] interceptors)
   at Moq.CastleProxyFactory.CreateProxy(Type mockType, IInterceptor interceptor, Type[] interfaces, Object[] arguments) in /_/src/Moq/Interception/CastleProxyFactory.cs:line 62
   at Moq.Mock`1.InitializeInstance() in /_/src/Moq/Mock`1.cs:line 309
   at Moq.Mock`1.OnGetObject() in /_/src/Moq/Mock`1.cs:line 323
   at Moq.Mock.get_Object() in /_/src/Moq/Mock.cs:line 181
   at Moq.Mock`1.get_Object() in /_/src/Moq/Mock`1.cs:line 281
   at Aula.Tests.Bots.TelegramMessageHandlerTests..ctor() in /mnt/d/git/aula/src/Aula.Tests/Bots/TelegramMessageHandlerTests.cs:line 63
   at System.RuntimeType.CreateInstanceDefaultCtor(Boolean publicOnly, Boolean wrapExceptions)
----- Inner Stack Trace -----
   at System.RuntimeType.CreateInstanceImpl(BindingFlags bindingAttr, Binder binder, Object[] args, CultureInfo culture)
   at Castle.DynamicProxy.ProxyGenerator.CreateClassProxyInstance(Type proxyType, List`1 proxyArguments, Type classToProxy, Object[] constructorArguments)</StackTrace>
        </ErrorInfo>
      </Output>
    </UnitTestResult>
    <UnitTestResult executionId="4148d65a-9e61-469e-8887-687f3bcd6795" testId="68f8d884-d469-7c10-83e8-5cafd9c08d5b" testName="Aula.Tests.Utilities.IntentAnalysisPromptsTests.GetFormattedPrompt_WithVariousQueries_ReturnsValidPrompt(query: &quot;&quot;)" computerName="RHO-DESKTOP" duration="00:00:00.0004776" startTime="2025-06-30T18:59:48.1554014+02:00" endTime="2025-06-30T18:59:48.1554015+02:00" testType="13cdc9d9-ddb5-4fa4-a97d-d965ccfc6d4b" outcome="Passed" testListId="8c84fa94-04c1-424b-9868-57a2d4851a1d" relativeResultsDirectory="4148d65a-9e61-469e-8887-687f3bcd6795" />
    <UnitTestResult executionId="9a1778a5-015d-43b2-9153-7c84d94a553b" testId="67c18331-6034-9aef-22c0-19f657f72f8b" testName="Aula.Tests.Utilities.FollowUpQuestionDetectorTests.IsFollowUpQuestion_WithoutFollowUpPhrases_ReturnsFalse(input: &quot;goodbye&quot;)" computerName="RHO-DESKTOP" duration="00:00:00.0000409" startTime="2025-06-30T18:59:48.0031303+02:00" endTime="2025-06-30T18:59:48.0031304+02:00" testType="13cdc9d9-ddb5-4fa4-a97d-d965ccfc6d4b" outcome="Passed" testListId="8c84fa94-04c1-424b-9868-57a2d4851a1d" relativeResultsDirectory="9a1778a5-015d-43b2-9153-7c84d94a553b" />
    <UnitTestResult executionId="b6468fa9-871c-44ce-ad46-f000062cc398" testId="246fef16-9927-64a6-e903-fbc6b513e4a7" testName="Aula.Tests.Configuration.ConfigurationTests.Timers_DefaultValues_AreCorrect" computerName="RHO-DESKTOP" duration="00:00:00.0078976" startTime="2025-06-30T18:59:48.4597352+02:00" endTime="2025-06-30T18:59:48.4597354+02:00" testType="13cdc9d9-ddb5-4fa4-a97d-d965ccfc6d4b" outcome="Passed" testListId="8c84fa94-04c1-424b-9868-57a2d4851a1d" relativeResultsDirectory="b6468fa9-871c-44ce-ad46-f000062cc398" />
    <UnitTestResult executionId="325d4231-8eb7-4834-8fa0-31f445cf28d5" testId="9f3a0fc9-3eea-97c3-5cc5-d99512257356" testName="Aula.Tests.Channels.SlackBotTests.PostWeekLetter_WithEmptyWeekLetter_HandlesGracefully" computerName="RHO-DESKTOP" duration="00:00:00.0005366" startTime="2025-06-30T18:59:48.2258827+02:00" endTime="2025-06-30T18:59:48.2258828+02:00" testType="13cdc9d9-ddb5-4fa4-a97d-d965ccfc6d4b" outcome="Passed" testListId="8c84fa94-04c1-424b-9868-57a2d4851a1d" relativeResultsDirectory="325d4231-8eb7-4834-8fa0-31f445cf28d5" />
    <UnitTestResult executionId="29044af6-e56f-4d87-b571-307376b3fc27" testId="76c96ce4-9c6b-b4bb-96af-ca0f9adb2712" testName="Aula.Tests.Scheduling.SchedulingServiceIntegrationTests.Constructor_WithNullSupabaseService_ThrowsArgumentNullException" computerName="RHO-DESKTOP" duration="00:00:00.0008767" startTime="2025-06-30T18:59:47.9452147+02:00" endTime="2025-06-30T18:59:47.9452148+02:00" testType="13cdc9d9-ddb5-4fa4-a97d-d965ccfc6d4b" outcome="Passed" testListId="8c84fa94-04c1-424b-9868-57a2d4851a1d" relativeResultsDirectory="29044af6-e56f-4d87-b571-307376b3fc27" />
    <UnitTestResult executionId="f1f8ce2b-7a91-46d3-a79f-1bb232432904" testId="bfbb79be-1fcf-163a-7e39-8393a3a71050" testName="Aula.Tests.Utilities.IntentAnalysisPromptsTests.ToolExamples_ToolCallExamples_FollowCorrectFormat" computerName="RHO-DESKTOP" duration="00:00:00.0007323" startTime="2025-06-30T18:59:48.2045333+02:00" endTime="2025-06-30T18:59:48.2045336+02:00" testType="13cdc9d9-ddb5-4fa4-a97d-d965ccfc6d4b" outcome="Passed" testListId="8c84fa94-04c1-424b-9868-57a2d4851a1d" relativeResultsDirectory="f1f8ce2b-7a91-46d3-a79f-1bb232432904" />
    <UnitTestResult executionId="63e254b1-0232-4ed0-8c30-99274381a549" testId="ab9c2247-9b07-41d9-d47e-aa4942797b13" testName="Aula.Tests.Configuration.ConfigurationTests.Telegram_Token_ValidationTests(token: &quot;123456789:AABBCCDDEEFFGG&quot;, isValidFormat: True)" computerName="RHO-DESKTOP" duration="00:00:00.0390532" startTime="2025-06-30T18:59:48.2397204+02:00" endTime="2025-06-30T18:59:48.2397205+02:00" testType="13cdc9d9-ddb5-4fa4-a97d-d965ccfc6d4b" outcome="Passed" testListId="8c84fa94-04c1-424b-9868-57a2d4851a1d" relativeResultsDirectory="63e254b1-0232-4ed0-8c30-99274381a549" />
    <UnitTestResult executionId="9792054e-2b0d-4eee-b1ba-33260b8742b0" testId="5999bd3d-fee4-c596-3611-a7bc16bc4fdd" testName="Aula.Tests.Bots.TelegramMessageHandlerTests.HandleMessageAsync_WithPrivateChat_HandlesCorrectly" computerName="RHO-DESKTOP" duration="00:00:00.0010000" startTime="2025-06-30T18:59:47.6616333+02:00" endTime="2025-06-30T18:59:47.6616334+02:00" testType="13cdc9d9-ddb5-4fa4-a97d-d965ccfc6d4b" outcome="Failed" testListId="8c84fa94-04c1-424b-9868-57a2d4851a1d" relativeResultsDirectory="9792054e-2b0d-4eee-b1ba-33260b8742b0">
      <Output>
        <ErrorInfo>
          <Message>System.ArgumentException : Can not instantiate proxy of class: Aula.Utilities.ConversationContextManager`1[[System.Int64, System.Private.CoreLib, Version=9.0.0.0, Culture=neutral, PublicKeyToken=7cec85d7bea7798e]].
Could not find a parameterless constructor. (Parameter 'constructorArguments')
---- System.MissingMethodException : Constructor on type 'Castle.Proxies.ConversationContextManager`1Proxy' not found.</Message>
          <StackTrace>   at Castle.DynamicProxy.ProxyGenerator.CreateClassProxyInstance(Type proxyType, List`1 proxyArguments, Type classToProxy, Object[] constructorArguments)
   at Castle.DynamicProxy.ProxyGenerator.CreateClassProxy(Type classToProxy, Type[] additionalInterfacesToProxy, ProxyGenerationOptions options, Object[] constructorArguments, IInterceptor[] interceptors)
   at Moq.CastleProxyFactory.CreateProxy(Type mockType, IInterceptor interceptor, Type[] interfaces, Object[] arguments) in /_/src/Moq/Interception/CastleProxyFactory.cs:line 62
   at Moq.Mock`1.InitializeInstance() in /_/src/Moq/Mock`1.cs:line 309
   at Moq.Mock`1.OnGetObject() in /_/src/Moq/Mock`1.cs:line 323
   at Moq.Mock.get_Object() in /_/src/Moq/Mock.cs:line 181
   at Moq.Mock`1.get_Object() in /_/src/Moq/Mock`1.cs:line 281
   at Aula.Tests.Bots.TelegramMessageHandlerTests..ctor() in /mnt/d/git/aula/src/Aula.Tests/Bots/TelegramMessageHandlerTests.cs:line 63
   at System.RuntimeType.CreateInstanceDefaultCtor(Boolean publicOnly, Boolean wrapExceptions)
----- Inner Stack Trace -----
   at System.RuntimeType.CreateInstanceImpl(BindingFlags bindingAttr, Binder binder, Object[] args, CultureInfo culture)
   at Castle.DynamicProxy.ProxyGenerator.CreateClassProxyInstance(Type proxyType, List`1 proxyArguments, Type classToProxy, Object[] constructorArguments)</StackTrace>
        </ErrorInfo>
      </Output>
    </UnitTestResult>
    <UnitTestResult executionId="f4b23f8b-5267-41db-b2b3-2c1da218e71a" testId="fe14d576-8562-4a05-9196-a9eaf8403f97" testName="Aula.Tests.Channels.TelegramClientTests.SendMessageToChannel_WithVariousChannelIds_DoesNotThrow(channelId: &quot;@testchannel&quot;)" computerName="RHO-DESKTOP" duration="00:00:00.0002051" startTime="2025-06-30T18:59:48.0858166+02:00" endTime="2025-06-30T18:59:48.0858167+02:00" testType="13cdc9d9-ddb5-4fa4-a97d-d965ccfc6d4b" outcome="Passed" testListId="8c84fa94-04c1-424b-9868-57a2d4851a1d" relativeResultsDirectory="f4b23f8b-5267-41db-b2b3-2c1da218e71a" />
    <UnitTestResult executionId="1cdd9120-6509-4f0a-8c10-0fd7c04cc531" testId="d4f2af6d-af5d-0e11-cead-324b41b39853" testName="Aula.Tests.Configuration.ConfigurationTests.Slack_ConfigurationIsCorrect" computerName="RHO-DESKTOP" duration="00:00:00.0091263" startTime="2025-06-30T18:59:48.3383182+02:00" endTime="2025-06-30T18:59:48.3383185+02:00" testType="13cdc9d9-ddb5-4fa4-a97d-d965ccfc6d4b" outcome="Passed" testListId="8c84fa94-04c1-424b-9868-57a2d4851a1d" relativeResultsDirectory="1cdd9120-6509-4f0a-8c10-0fd7c04cc531" />
    <UnitTestResult executionId="db7da018-4351-4200-b6e4-0a0d0ccbfba7" testId="2f1a411a-2aa2-b405-2ee0-c232b3e9b9d5" testName="Aula.Tests.Services.OpenAiServiceIntegrationTests.SummarizeWeekLetterAsync_WithNullWeekLetter_ThrowsArgumentNullException(chatInterface: Slack)" computerName="RHO-DESKTOP" duration="00:00:00.0013534" startTime="2025-06-30T18:59:47.8361457+02:00" endTime="2025-06-30T18:59:47.8361458+02:00" testType="13cdc9d9-ddb5-4fa4-a97d-d965ccfc6d4b" outcome="Failed" testListId="8c84fa94-04c1-424b-9868-57a2d4851a1d" relativeResultsDirectory="db7da018-4351-4200-b6e4-0a0d0ccbfba7">
      <Output>
        <ErrorInfo>
          <Message>System.ArgumentException : Can not instantiate proxy of class: Aula.Tools.AiToolsManager.
Could not find a parameterless constructor. (Parameter 'constructorArguments')
---- System.MissingMethodException : Constructor on type 'Castle.Proxies.AiToolsManagerProxy' not found.</Message>
          <StackTrace>   at Castle.DynamicProxy.ProxyGenerator.CreateClassProxyInstance(Type proxyType, List`1 proxyArguments, Type classToProxy, Object[] constructorArguments)
   at Castle.DynamicProxy.ProxyGenerator.CreateClassProxy(Type classToProxy, Type[] additionalInterfacesToProxy, ProxyGenerationOptions options, Object[] constructorArguments, IInterceptor[] interceptors)
   at Moq.CastleProxyFactory.CreateProxy(Type mockType, IInterceptor interceptor, Type[] interfaces, Object[] arguments) in /_/src/Moq/Interception/CastleProxyFactory.cs:line 62
   at Moq.Mock`1.InitializeInstance() in /_/src/Moq/Mock`1.cs:line 309
   at Moq.Mock`1.OnGetObject() in /_/src/Moq/Mock`1.cs:line 323
   at Moq.Mock.get_Object() in /_/src/Moq/Mock.cs:line 181
   at Moq.Mock`1.get_Object() in /_/src/Moq/Mock`1.cs:line 281
   at Aula.Tests.Services.OpenAiServiceIntegrationTests.SummarizeWeekLetterAsync_WithNullWeekLetter_ThrowsArgumentNullException(ChatInterface chatInterface) in /mnt/d/git/aula/src/Aula.Tests/Services/OpenAiServiceIntegrationTests.cs:line 108
--- End of stack trace from previous location ---
----- Inner Stack Trace -----
   at System.RuntimeType.CreateInstanceImpl(BindingFlags bindingAttr, Binder binder, Object[] args, CultureInfo culture)
   at Castle.DynamicProxy.ProxyGenerator.CreateClassProxyInstance(Type proxyType, List`1 proxyArguments, Type classToProxy, Object[] constructorArguments)</StackTrace>
        </ErrorInfo>
      </Output>
    </UnitTestResult>
    <UnitTestResult executionId="41335a9e-ea36-42ac-8896-d9617d2356c6" testId="5a2ccf07-adb3-2976-b4d9-5a45aeffd5a5" testName="Aula.Tests.Utilities.DateTimeUtilitiesTests.GetDanishDayName_AllValidDaysOfWeek_ReturnsNonEmptyString(dayOfWeek: Wednesday)" computerName="RHO-DESKTOP" duration="00:00:00.0000098" startTime="2025-06-30T18:59:48.1701846+02:00" endTime="2025-06-30T18:59:48.1701847+02:00" testType="13cdc9d9-ddb5-4fa4-a97d-d965ccfc6d4b" outcome="Passed" testListId="8c84fa94-04c1-424b-9868-57a2d4851a1d" relativeResultsDirectory="41335a9e-ea36-42ac-8896-d9617d2356c6" />
    <UnitTestResult executionId="476b66e7-5690-454d-a9ab-f28ee4aad2e3" testId="f373b350-fc52-4fbc-ec82-56bf220e0771" testName="Aula.Tests.Tools.ReminderCommandHandlerTests.TryHandleReminderCommand_AddReminder_ValidFormats_ReturnsSuccess(command: &quot;remind me tomorrow at 8:00 that Hans has Haver til&quot;···, isEnglish: True, expectedChildName: &quot;Hans Jensen&quot;)" computerName="RHO-DESKTOP" duration="00:00:00.0025819" startTime="2025-06-30T18:59:47.8533743+02:00" endTime="2025-06-30T18:59:47.8533745+02:00" testType="13cdc9d9-ddb5-4fa4-a97d-d965ccfc6d4b" outcome="Passed" testListId="8c84fa94-04c1-424b-9868-57a2d4851a1d" relativeResultsDirectory="476b66e7-5690-454d-a9ab-f28ee4aad2e3" />
    <UnitTestResult executionId="29235000-a1de-4bbe-965b-1263efed1352" testId="e09a9a0e-f05e-b1ab-94a1-7ba461fbd7f9" testName="Aula.Tests.Configuration.ConfigurationTests.Features_DefaultValues_AreCorrect" computerName="RHO-DESKTOP" duration="00:00:00.0069624" startTime="2025-06-30T18:59:48.4445027+02:00" endTime="2025-06-30T18:59:48.4445030+02:00" testType="13cdc9d9-ddb5-4fa4-a97d-d965ccfc6d4b" outcome="Passed" testListId="8c84fa94-04c1-424b-9868-57a2d4851a1d" relativeResultsDirectory="29235000-a1de-4bbe-965b-1263efed1352" />
    <UnitTestResult executionId="312bbfca-5b16-41bf-96a2-d189f54ad8c7" testId="bd86868a-64af-fa50-efe0-a7e95aa9f5c1" testName="Aula.Tests.Utilities.ReminderExtractionPromptsTests.GetExtractionPrompt_WithSpecialCharactersInQuery_HandlesCorrectly" computerName="RHO-DESKTOP" duration="00:00:00.0002724" startTime="2025-06-30T18:59:47.8139114+02:00" endTime="2025-06-30T18:59:47.8139115+02:00" testType="13cdc9d9-ddb5-4fa4-a97d-d965ccfc6d4b" outcome="Passed" testListId="8c84fa94-04c1-424b-9868-57a2d4851a1d" relativeResultsDirectory="312bbfca-5b16-41bf-96a2-d189f54ad8c7" />
    <UnitTestResult executionId="2fa45feb-8798-4f10-9a45-1ec95d517de2" testId="33b001f1-b8e7-0e78-6628-3106ad6d2f71" testName="Aula.Tests.Configuration.ConfigurationTests.Timers_ConfigurationIsCorrect" computerName="RHO-DESKTOP" duration="00:00:00.0097793" startTime="2025-06-30T18:59:48.3483276+02:00" endTime="2025-06-30T18:59:48.3483277+02:00" testType="13cdc9d9-ddb5-4fa4-a97d-d965ccfc6d4b" outcome="Passed" testListId="8c84fa94-04c1-424b-9868-57a2d4851a1d" relativeResultsDirectory="2fa45feb-8798-4f10-9a45-1ec95d517de2" />
    <UnitTestResult executionId="508e33d5-7832-4520-b210-bdd19a3aa296" testId="fcbd2e73-61cc-55ae-168b-985e355ba11c" testName="Aula.Tests.Bots.TelegramMessageHandlerTests.HandleMessageAsync_WithHelpCommand_ProcessesHelpMessage(helpCommand: &quot;hjælp&quot;)" computerName="RHO-DESKTOP" duration="00:00:00.0010000" startTime="2025-06-30T18:59:47.4322884+02:00" endTime="2025-06-30T18:59:47.4322886+02:00" testType="13cdc9d9-ddb5-4fa4-a97d-d965ccfc6d4b" outcome="Failed" testListId="8c84fa94-04c1-424b-9868-57a2d4851a1d" relativeResultsDirectory="508e33d5-7832-4520-b210-bdd19a3aa296">
      <Output>
        <ErrorInfo>
          <Message>System.ArgumentException : Can not instantiate proxy of class: Aula.Utilities.ConversationContextManager`1[[System.Int64, System.Private.CoreLib, Version=9.0.0.0, Culture=neutral, PublicKeyToken=7cec85d7bea7798e]].
Could not find a parameterless constructor. (Parameter 'constructorArguments')
---- System.MissingMethodException : Constructor on type 'Castle.Proxies.ConversationContextManager`1Proxy' not found.</Message>
          <StackTrace>   at Castle.DynamicProxy.ProxyGenerator.CreateClassProxyInstance(Type proxyType, List`1 proxyArguments, Type classToProxy, Object[] constructorArguments)
   at Castle.DynamicProxy.ProxyGenerator.CreateClassProxy(Type classToProxy, Type[] additionalInterfacesToProxy, ProxyGenerationOptions options, Object[] constructorArguments, IInterceptor[] interceptors)
   at Moq.CastleProxyFactory.CreateProxy(Type mockType, IInterceptor interceptor, Type[] interfaces, Object[] arguments) in /_/src/Moq/Interception/CastleProxyFactory.cs:line 62
   at Moq.Mock`1.InitializeInstance() in /_/src/Moq/Mock`1.cs:line 309
   at Moq.Mock`1.OnGetObject() in /_/src/Moq/Mock`1.cs:line 323
   at Moq.Mock.get_Object() in /_/src/Moq/Mock.cs:line 181
   at Moq.Mock`1.get_Object() in /_/src/Moq/Mock`1.cs:line 281
   at Aula.Tests.Bots.TelegramMessageHandlerTests..ctor() in /mnt/d/git/aula/src/Aula.Tests/Bots/TelegramMessageHandlerTests.cs:line 63
   at System.RuntimeType.CreateInstanceDefaultCtor(Boolean publicOnly, Boolean wrapExceptions)
----- Inner Stack Trace -----
   at System.RuntimeType.CreateInstanceImpl(BindingFlags bindingAttr, Binder binder, Object[] args, CultureInfo culture)
   at Castle.DynamicProxy.ProxyGenerator.CreateClassProxyInstance(Type proxyType, List`1 proxyArguments, Type classToProxy, Object[] constructorArguments)</StackTrace>
        </ErrorInfo>
      </Output>
    </UnitTestResult>
    <UnitTestResult executionId="04677ce6-96e7-4145-aea1-763249a84f17" testId="5131c0c3-410a-6182-33f0-39457515d5e3" testName="Aula.Tests.Bots.TelegramMessageHandlerTests.HandleMessageAsync_WithValidQuery_ProcessesSuccessfully(queryText: &quot;Hvad skal Emma i dag?&quot;)" computerName="RHO-DESKTOP" duration="00:00:00.0010000" startTime="2025-06-30T18:59:47.4466323+02:00" endTime="2025-06-30T18:59:47.4466326+02:00" testType="13cdc9d9-ddb5-4fa4-a97d-d965ccfc6d4b" outcome="Failed" testListId="8c84fa94-04c1-424b-9868-57a2d4851a1d" relativeResultsDirectory="04677ce6-96e7-4145-aea1-763249a84f17">
      <Output>
        <ErrorInfo>
          <Message>System.ArgumentException : Can not instantiate proxy of class: Aula.Utilities.ConversationContextManager`1[[System.Int64, System.Private.CoreLib, Version=9.0.0.0, Culture=neutral, PublicKeyToken=7cec85d7bea7798e]].
Could not find a parameterless constructor. (Parameter 'constructorArguments')
---- System.MissingMethodException : Constructor on type 'Castle.Proxies.ConversationContextManager`1Proxy' not found.</Message>
          <StackTrace>   at Castle.DynamicProxy.ProxyGenerator.CreateClassProxyInstance(Type proxyType, List`1 proxyArguments, Type classToProxy, Object[] constructorArguments)
   at Castle.DynamicProxy.ProxyGenerator.CreateClassProxy(Type classToProxy, Type[] additionalInterfacesToProxy, ProxyGenerationOptions options, Object[] constructorArguments, IInterceptor[] interceptors)
   at Moq.CastleProxyFactory.CreateProxy(Type mockType, IInterceptor interceptor, Type[] interfaces, Object[] arguments) in /_/src/Moq/Interception/CastleProxyFactory.cs:line 62
   at Moq.Mock`1.InitializeInstance() in /_/src/Moq/Mock`1.cs:line 309
   at Moq.Mock`1.OnGetObject() in /_/src/Moq/Mock`1.cs:line 323
   at Moq.Mock.get_Object() in /_/src/Moq/Mock.cs:line 181
   at Moq.Mock`1.get_Object() in /_/src/Moq/Mock`1.cs:line 281
   at Aula.Tests.Bots.TelegramMessageHandlerTests..ctor() in /mnt/d/git/aula/src/Aula.Tests/Bots/TelegramMessageHandlerTests.cs:line 63
   at System.RuntimeType.CreateInstanceDefaultCtor(Boolean publicOnly, Boolean wrapExceptions)
----- Inner Stack Trace -----
   at System.RuntimeType.CreateInstanceImpl(BindingFlags bindingAttr, Binder binder, Object[] args, CultureInfo culture)
   at Castle.DynamicProxy.ProxyGenerator.CreateClassProxyInstance(Type proxyType, List`1 proxyArguments, Type classToProxy, Object[] constructorArguments)</StackTrace>
        </ErrorInfo>
      </Output>
    </UnitTestResult>
    <UnitTestResult executionId="d4407afa-4d48-4f36-99f7-d7f84b8d15b8" testId="5f18de16-3031-4e46-e632-27368e418f95" testName="Aula.Tests.Tools.AiToolsManagerTests.CreateReminderAsync_WithMissingChildName_CreatesGeneralReminder" computerName="RHO-DESKTOP" duration="00:00:00.0180838" startTime="2025-06-30T18:59:47.9414611+02:00" endTime="2025-06-30T18:59:47.9414612+02:00" testType="13cdc9d9-ddb5-4fa4-a97d-d965ccfc6d4b" outcome="Passed" testListId="8c84fa94-04c1-424b-9868-57a2d4851a1d" relativeResultsDirectory="d4407afa-4d48-4f36-99f7-d7f84b8d15b8" />
    <UnitTestResult executionId="1f874d3f-0b54-4118-a40f-332dc432747a" testId="5923c05c-0f73-b670-436e-b35343d0427b" testName="Aula.Tests.Services.SupabaseServiceTests.Constructor_WithValidConfig_CreatesInstance" computerName="RHO-DESKTOP" duration="00:00:00.0001029" startTime="2025-06-30T18:59:48.1173253+02:00" endTime="2025-06-30T18:59:48.1173255+02:00" testType="13cdc9d9-ddb5-4fa4-a97d-d965ccfc6d4b" outcome="Passed" testListId="8c84fa94-04c1-424b-9868-57a2d4851a1d" relativeResultsDirectory="1f874d3f-0b54-4118-a40f-332dc432747a" />
    <UnitTestResult executionId="7ae1d7f9-3735-488a-a8cf-112c5fc35b60" testId="14432cab-194a-d804-9f67-885b71746a71" testName="Aula.Tests.Services.SupabaseServiceTests.ReminderData_WithValidParameters_AreValid" computerName="RHO-DESKTOP" duration="00:00:00.0002223" startTime="2025-06-30T18:59:48.1181335+02:00" endTime="2025-06-30T18:59:48.1181337+02:00" testType="13cdc9d9-ddb5-4fa4-a97d-d965ccfc6d4b" outcome="Passed" testListId="8c84fa94-04c1-424b-9868-57a2d4851a1d" relativeResultsDirectory="7ae1d7f9-3735-488a-a8cf-112c5fc35b60" />
    <UnitTestResult executionId="e70bb432-82f9-4502-8301-c157ad7a9942" testId="e2fe22aa-9b88-2a0d-2525-75fe06705548" testName="Aula.Tests.Bots.SlackInteractiveBotTests.SendMessage_WithValidText_SendsSuccessfully" computerName="RHO-DESKTOP" duration="00:00:01.6848534" startTime="2025-06-30T18:59:50.9690401+02:00" endTime="2025-06-30T18:59:50.9690403+02:00" testType="13cdc9d9-ddb5-4fa4-a97d-d965ccfc6d4b" outcome="Failed" testListId="8c84fa94-04c1-424b-9868-57a2d4851a1d" relativeResultsDirectory="e70bb432-82f9-4502-8301-c157ad7a9942">
      <Output>
        <ErrorInfo>
          <Message>Moq.MockException : 
Expected invocation on the mock once, but was 0 times: mock =&gt; mock.SendAsync(It.Is&lt;HttpRequestMessage&gt;(req =&gt; req.Method == HttpMethod.Post &amp;&amp; req.RequestUri.ToString() == "https://slack.com/api/chat.postMessage"), It.IsAny&lt;CancellationToken&gt;())

Performed invocations:

   Mock&lt;HttpMessageHandler:13&gt; (mock):
   No invocations performed.
</Message>
          <StackTrace>   at Moq.Mock.Verify(Mock mock, LambdaExpression expression, Times times, String failMessage) in /_/src/Moq/Mock.cs:line 332
   at Moq.Protected.ProtectedMock`1.InternalVerify(String methodName, Type[] genericTypeArguments, Times times, Boolean exactParameterMatch, Object[] args) in /_/src/Moq/Protected/ProtectedMock.cs:line 234
   at Moq.Protected.ProtectedMock`1.Verify(String methodName, Times times, Object[] args) in /_/src/Moq/Protected/ProtectedMock.cs:line 206
   at Aula.Tests.Bots.SlackInteractiveBotTests.SendMessage_WithValidText_SendsSuccessfully() in /mnt/d/git/aula/src/Aula.Tests/Bots/SlackInteractiveBotTests.cs:line 172
--- End of stack trace from previous location ---</StackTrace>
        </ErrorInfo>
      </Output>
    </UnitTestResult>
    <UnitTestResult executionId="163ee74e-1122-4209-8ed0-3d318712ddc3" testId="3a146d29-fbcb-fef0-8b31-74bf7ff2c627" testName="Aula.Tests.Utilities.Html2SlackMarkdownConverterTests.Convert_WithPartialTags_HandlesGracefully(html: &quot;&lt;p&gt;&quot;)" computerName="RHO-DESKTOP" duration="00:00:00.0022843" startTime="2025-06-30T18:59:48.2413250+02:00" endTime="2025-06-30T18:59:48.2413251+02:00" testType="13cdc9d9-ddb5-4fa4-a97d-d965ccfc6d4b" outcome="Passed" testListId="8c84fa94-04c1-424b-9868-57a2d4851a1d" relativeResultsDirectory="163ee74e-1122-4209-8ed0-3d318712ddc3" />
    <UnitTestResult executionId="787d12a9-e468-4c1c-bfc6-9a69b756cd15" testId="9e4d28e4-6bf0-96b3-b279-344fc741cf71" testName="Aula.Tests.Services.OpenAiServiceIntegrationTests.ProcessQueryWithToolsAsync_WithInvalidContextKey_ThrowsArgumentException(contextKey: &quot;   &quot;)" computerName="RHO-DESKTOP" duration="00:00:00.0161840" startTime="2025-06-30T18:59:47.7868212+02:00" endTime="2025-06-30T18:59:47.7868214+02:00" testType="13cdc9d9-ddb5-4fa4-a97d-d965ccfc6d4b" outcome="Failed" testListId="8c84fa94-04c1-424b-9868-57a2d4851a1d" relativeResultsDirectory="787d12a9-e468-4c1c-bfc6-9a69b756cd15">
      <Output>
        <ErrorInfo>
          <Message>System.ArgumentException : Can not instantiate proxy of class: Aula.Tools.AiToolsManager.
Could not find a parameterless constructor. (Parameter 'constructorArguments')
---- System.MissingMethodException : Constructor on type 'Castle.Proxies.AiToolsManagerProxy' not found.</Message>
          <StackTrace>   at Castle.DynamicProxy.ProxyGenerator.CreateClassProxyInstance(Type proxyType, List`1 proxyArguments, Type classToProxy, Object[] constructorArguments)
   at Castle.DynamicProxy.ProxyGenerator.CreateClassProxy(Type classToProxy, Type[] additionalInterfacesToProxy, ProxyGenerationOptions options, Object[] constructorArguments, IInterceptor[] interceptors)
   at Moq.CastleProxyFactory.CreateProxy(Type mockType, IInterceptor interceptor, Type[] interfaces, Object[] arguments) in /_/src/Moq/Interception/CastleProxyFactory.cs:line 62
   at Moq.Mock`1.InitializeInstance() in /_/src/Moq/Mock`1.cs:line 309
   at Moq.Mock`1.OnGetObject() in /_/src/Moq/Mock`1.cs:line 323
   at Moq.Mock.get_Object() in /_/src/Moq/Mock.cs:line 181
   at Moq.Mock`1.get_Object() in /_/src/Moq/Mock`1.cs:line 281
   at Aula.Tests.Services.OpenAiServiceIntegrationTests.ProcessQueryWithToolsAsync_WithInvalidContextKey_ThrowsArgumentException(String contextKey) in /mnt/d/git/aula/src/Aula.Tests/Services/OpenAiServiceIntegrationTests.cs:line 176
--- End of stack trace from previous location ---
----- Inner Stack Trace -----
   at System.RuntimeType.CreateInstanceImpl(BindingFlags bindingAttr, Binder binder, Object[] args, CultureInfo culture)
   at Castle.DynamicProxy.ProxyGenerator.CreateClassProxyInstance(Type proxyType, List`1 proxyArguments, Type classToProxy, Object[] constructorArguments)</StackTrace>
        </ErrorInfo>
      </Output>
    </UnitTestResult>
    <UnitTestResult executionId="86c63c95-8202-44c5-b86b-f6ad428c9cbb" testId="5c459586-7f42-89d7-f28d-c1bb3f1f4b97" testName="Aula.Tests.Utilities.FollowUpQuestionDetectorTests.IsFollowUpQuestion_WithDanishFollowUpPhrases_ReturnsTrue(input: &quot;hvordan med Liam&quot;)" computerName="RHO-DESKTOP" duration="00:00:00.0000545" startTime="2025-06-30T18:59:48.0423014+02:00" endTime="2025-06-30T18:59:48.0423016+02:00" testType="13cdc9d9-ddb5-4fa4-a97d-d965ccfc6d4b" outcome="Passed" testListId="8c84fa94-04c1-424b-9868-57a2d4851a1d" relativeResultsDirectory="86c63c95-8202-44c5-b86b-f6ad428c9cbb" />
    <UnitTestResult executionId="aa8cc259-5220-452e-bfd5-e346139744cd" testId="38a790b1-3578-8062-65d0-8c5f0243d8e8" testName="Aula.Tests.Configuration.ConfigurationTests.Slack_ChannelId_ValidationTests(channelId: &quot;@username&quot;, isValid: True)" computerName="RHO-DESKTOP" duration="00:00:00.0123695" startTime="2025-06-30T18:59:48.3725823+02:00" endTime="2025-06-30T18:59:48.3725825+02:00" testType="13cdc9d9-ddb5-4fa4-a97d-d965ccfc6d4b" outcome="Passed" testListId="8c84fa94-04c1-424b-9868-57a2d4851a1d" relativeResultsDirectory="aa8cc259-5220-452e-bfd5-e346139744cd" />
    <UnitTestResult executionId="19e91b3d-0a4e-4804-9e80-dd76aa62683f" testId="9fbd08c9-807d-0d3a-ed39-c949f2bb8c4b" testName="Aula.Tests.Bots.SlackMessageHandlerTests.HandleMessageAsync_WithHelpCommand_ProcessesHelpMessage(helpCommand: &quot;hjælp&quot;)" computerName="RHO-DESKTOP" duration="00:00:00.0010000" startTime="2025-06-30T18:59:47.5406114+02:00" endTime="2025-06-30T18:59:47.5406116+02:00" testType="13cdc9d9-ddb5-4fa4-a97d-d965ccfc6d4b" outcome="Failed" testListId="8c84fa94-04c1-424b-9868-57a2d4851a1d" relativeResultsDirectory="19e91b3d-0a4e-4804-9e80-dd76aa62683f">
      <Output>
        <ErrorInfo>
          <Message>System.ArgumentException : Can not instantiate proxy of class: Aula.Tools.ReminderCommandHandler.
Could not find a parameterless constructor. (Parameter 'constructorArguments')
---- System.MissingMethodException : Constructor on type 'Castle.Proxies.ReminderCommandHandlerProxy' not found.</Message>
          <StackTrace>   at Castle.DynamicProxy.ProxyGenerator.CreateClassProxyInstance(Type proxyType, List`1 proxyArguments, Type classToProxy, Object[] constructorArguments)
   at Castle.DynamicProxy.ProxyGenerator.CreateClassProxy(Type classToProxy, Type[] additionalInterfacesToProxy, ProxyGenerationOptions options, Object[] constructorArguments, IInterceptor[] interceptors)
   at Moq.CastleProxyFactory.CreateProxy(Type mockType, IInterceptor interceptor, Type[] interfaces, Object[] arguments) in /_/src/Moq/Interception/CastleProxyFactory.cs:line 62
   at Moq.Mock`1.InitializeInstance() in /_/src/Moq/Mock`1.cs:line 309
   at Moq.Mock`1.OnGetObject() in /_/src/Moq/Mock`1.cs:line 323
   at Moq.Mock.get_Object() in /_/src/Moq/Mock.cs:line 181
   at Moq.Mock`1.get_Object() in /_/src/Moq/Mock`1.cs:line 281
   at Aula.Tests.Bots.SlackMessageHandlerTests..ctor() in /mnt/d/git/aula/src/Aula.Tests/Bots/SlackMessageHandlerTests.cs:line 57
   at System.RuntimeType.CreateInstanceDefaultCtor(Boolean publicOnly, Boolean wrapExceptions)
----- Inner Stack Trace -----
   at System.RuntimeType.CreateInstanceImpl(BindingFlags bindingAttr, Binder binder, Object[] args, CultureInfo culture)
   at Castle.DynamicProxy.ProxyGenerator.CreateClassProxyInstance(Type proxyType, List`1 proxyArguments, Type classToProxy, Object[] constructorArguments)</StackTrace>
        </ErrorInfo>
      </Output>
    </UnitTestResult>
    <UnitTestResult executionId="d769ded2-ce6e-443d-ab86-81f033e68fe7" testId="ee37d42d-7676-d60e-f83a-c40bddb185e0" testName="Aula.Tests.Utilities.DateTimeUtilitiesTests.GetDanishDayName_AllValidDaysOfWeek_ReturnsNonEmptyString(dayOfWeek: Monday)" computerName="RHO-DESKTOP" duration="00:00:00.0000066" startTime="2025-06-30T18:59:48.1707464+02:00" endTime="2025-06-30T18:59:48.1707465+02:00" testType="13cdc9d9-ddb5-4fa4-a97d-d965ccfc6d4b" outcome="Passed" testListId="8c84fa94-04c1-424b-9868-57a2d4851a1d" relativeResultsDirectory="d769ded2-ce6e-443d-ab86-81f033e68fe7" />
    <UnitTestResult executionId="62b07ac2-3a9e-4afb-8e62-192ed41bbd86" testId="9737c38f-ad68-db59-78e8-3f7908babdcf" testName="Aula.Tests.Bots.SlackMessageHandlerTests.Constructor_WithNullReminderHandler_ThrowsArgumentNullException" computerName="RHO-DESKTOP" duration="00:00:00.0010000" startTime="2025-06-30T18:59:47.6017430+02:00" endTime="2025-06-30T18:59:47.6017432+02:00" testType="13cdc9d9-ddb5-4fa4-a97d-d965ccfc6d4b" outcome="Failed" testListId="8c84fa94-04c1-424b-9868-57a2d4851a1d" relativeResultsDirectory="62b07ac2-3a9e-4afb-8e62-192ed41bbd86">
      <Output>
        <ErrorInfo>
          <Message>System.ArgumentException : Can not instantiate proxy of class: Aula.Tools.ReminderCommandHandler.
Could not find a parameterless constructor. (Parameter 'constructorArguments')
---- System.MissingMethodException : Constructor on type 'Castle.Proxies.ReminderCommandHandlerProxy' not found.</Message>
          <StackTrace>   at Castle.DynamicProxy.ProxyGenerator.CreateClassProxyInstance(Type proxyType, List`1 proxyArguments, Type classToProxy, Object[] constructorArguments)
   at Castle.DynamicProxy.ProxyGenerator.CreateClassProxy(Type classToProxy, Type[] additionalInterfacesToProxy, ProxyGenerationOptions options, Object[] constructorArguments, IInterceptor[] interceptors)
   at Moq.CastleProxyFactory.CreateProxy(Type mockType, IInterceptor interceptor, Type[] interfaces, Object[] arguments) in /_/src/Moq/Interception/CastleProxyFactory.cs:line 62
   at Moq.Mock`1.InitializeInstance() in /_/src/Moq/Mock`1.cs:line 309
   at Moq.Mock`1.OnGetObject() in /_/src/Moq/Mock`1.cs:line 323
   at Moq.Mock.get_Object() in /_/src/Moq/Mock.cs:line 181
   at Moq.Mock`1.get_Object() in /_/src/Moq/Mock`1.cs:line 281
   at Aula.Tests.Bots.SlackMessageHandlerTests..ctor() in /mnt/d/git/aula/src/Aula.Tests/Bots/SlackMessageHandlerTests.cs:line 57
   at System.RuntimeType.CreateInstanceDefaultCtor(Boolean publicOnly, Boolean wrapExceptions)
----- Inner Stack Trace -----
   at System.RuntimeType.CreateInstanceImpl(BindingFlags bindingAttr, Binder binder, Object[] args, CultureInfo culture)
   at Castle.DynamicProxy.ProxyGenerator.CreateClassProxyInstance(Type proxyType, List`1 proxyArguments, Type classToProxy, Object[] constructorArguments)</StackTrace>
        </ErrorInfo>
      </Output>
    </UnitTestResult>
    <UnitTestResult executionId="c7f11f54-c5d6-41e2-a74e-8f68b3d009fc" testId="f7da1efe-0e1f-7417-6453-93b658e98d53" testName="Aula.Tests.Tools.AiToolsManagerTests.CreateReminderAsync_WithInvalidDateTime_ReturnsError" computerName="RHO-DESKTOP" duration="00:00:00.0050527" startTime="2025-06-30T18:59:47.8748844+02:00" endTime="2025-06-30T18:59:47.8748845+02:00" testType="13cdc9d9-ddb5-4fa4-a97d-d965ccfc6d4b" outcome="Passed" testListId="8c84fa94-04c1-424b-9868-57a2d4851a1d" relativeResultsDirectory="c7f11f54-c5d6-41e2-a74e-8f68b3d009fc" />
    <UnitTestResult executionId="1b188676-d5b1-413f-8670-01934b417e43" testId="d7d35b19-d0bc-0913-7974-7ed648909781" testName="Aula.Tests.Configuration.ConfigurationTests.UniLogin_ConfigurationIsCorrect" computerName="RHO-DESKTOP" duration="00:00:00.0077187" startTime="2025-06-30T18:59:48.2904948+02:00" endTime="2025-06-30T18:59:48.2904951+02:00" testType="13cdc9d9-ddb5-4fa4-a97d-d965ccfc6d4b" outcome="Passed" testListId="8c84fa94-04c1-424b-9868-57a2d4851a1d" relativeResultsDirectory="1b188676-d5b1-413f-8670-01934b417e43" />
    <UnitTestResult executionId="224c8eb8-cb86-45cc-9a25-e9b0ad983bbb" testId="415f90fb-9864-854c-b560-969302c9cec5" testName="Aula.Tests.Utilities.FollowUpQuestionDetectorTests.IsFollowUpQuestion_WithChildNameAndShortMessage_ReturnsTrue(input: &quot;Wilson&quot;)" computerName="RHO-DESKTOP" duration="00:00:00.0000459" startTime="2025-06-30T18:59:47.9777463+02:00" endTime="2025-06-30T18:59:47.9777465+02:00" testType="13cdc9d9-ddb5-4fa4-a97d-d965ccfc6d4b" outcome="Passed" testListId="8c84fa94-04c1-424b-9868-57a2d4851a1d" relativeResultsDirectory="224c8eb8-cb86-45cc-9a25-e9b0ad983bbb" />
    <UnitTestResult executionId="003118dc-f06f-4c90-a4bf-d366f226b9f0" testId="c7356803-78be-38c5-09cd-9fb1bfd0c53f" testName="Aula.Tests.Configuration.ConfigurationTests.Children_ConfigurationIsCorrect" computerName="RHO-DESKTOP" duration="00:00:00.0073460" startTime="2025-06-30T18:59:48.4181228+02:00" endTime="2025-06-30T18:59:48.4181230+02:00" testType="13cdc9d9-ddb5-4fa4-a97d-d965ccfc6d4b" outcome="Passed" testListId="8c84fa94-04c1-424b-9868-57a2d4851a1d" relativeResultsDirectory="003118dc-f06f-4c90-a4bf-d366f226b9f0" />
    <UnitTestResult executionId="1c1c583a-b9f5-4255-bded-bab0521e72df" testId="e82c4cb9-864b-593c-f310-4d201e527a40" testName="Aula.Tests.Channels.TelegramClientTests.PostWeekLetter_WithVariousChildNames_HandlesCorrectly(firstName: &quot;Hans Martin&quot;)" computerName="RHO-DESKTOP" duration="00:00:00.0018289" startTime="2025-06-30T18:59:48.1290619+02:00" endTime="2025-06-30T18:59:48.1290621+02:00" testType="13cdc9d9-ddb5-4fa4-a97d-d965ccfc6d4b" outcome="Passed" testListId="8c84fa94-04c1-424b-9868-57a2d4851a1d" relativeResultsDirectory="1c1c583a-b9f5-4255-bded-bab0521e72df" />
    <UnitTestResult executionId="b215a93f-da7a-4415-8ca6-f445662ea91b" testId="d5b8733f-7ffb-19e9-63c1-4570e58b1a99" testName="Aula.Tests.Utilities.ReminderExtractionPromptsTests.GetExtractionPrompt_WithVariousCurrentTimes_CalculatesRelativeDatesCorrectly(currentTimeStr: &quot;2025-06-30 14:30:00&quot;)" computerName="RHO-DESKTOP" duration="00:00:00.0001141" startTime="2025-06-30T18:59:47.7910130+02:00" endTime="2025-06-30T18:59:47.7910131+02:00" testType="13cdc9d9-ddb5-4fa4-a97d-d965ccfc6d4b" outcome="Passed" testListId="8c84fa94-04c1-424b-9868-57a2d4851a1d" relativeResultsDirectory="b215a93f-da7a-4415-8ca6-f445662ea91b" />
    <UnitTestResult executionId="39aa41ff-d6f8-4912-99c5-50249d4b2571" testId="d176fe9d-a550-c0ab-c3b8-0439143bdca1" testName="Aula.Tests.Configuration.ConfigurationTests.Timers_AdaptivePollingLimits_ValidationTests(minSeconds: 1, maxSeconds: 60, isValid: True)" computerName="RHO-DESKTOP" duration="00:00:00.0196410" startTime="2025-06-30T18:59:48.0821443+02:00" endTime="2025-06-30T18:59:48.0821444+02:00" testType="13cdc9d9-ddb5-4fa4-a97d-d965ccfc6d4b" outcome="Passed" testListId="8c84fa94-04c1-424b-9868-57a2d4851a1d" relativeResultsDirectory="39aa41ff-d6f8-4912-99c5-50249d4b2571" />
    <UnitTestResult executionId="40c6eade-0655-4dc8-aa36-3ddd90e2c999" testId="bcee3dfc-95df-51eb-9411-b0bdd9236d8a" testName="Aula.Tests.Tools.ReminderCommandHandlerTests.TryHandleReminderCommand_NonReminderCommands_ReturnsFalse(command: &quot;list&quot;)" computerName="RHO-DESKTOP" duration="00:00:00.0000698" startTime="2025-06-30T18:59:47.9274785+02:00" endTime="2025-06-30T18:59:47.9274786+02:00" testType="13cdc9d9-ddb5-4fa4-a97d-d965ccfc6d4b" outcome="Passed" testListId="8c84fa94-04c1-424b-9868-57a2d4851a1d" relativeResultsDirectory="40c6eade-0655-4dc8-aa36-3ddd90e2c999" />
    <UnitTestResult executionId="c1417a5d-12af-46e8-97c2-8d56c0bc2c7f" testId="69b574fb-ea92-9743-3eea-a9b24f0ad213" testName="Aula.Tests.Bots.TelegramInteractiveBotTests.Constructor_WithDisabledTelegram_ThrowsInvalidOperationException" computerName="RHO-DESKTOP" duration="00:00:00.0005561" startTime="2025-06-30T18:59:48.9059268+02:00" endTime="2025-06-30T18:59:48.9059269+02:00" testType="13cdc9d9-ddb5-4fa4-a97d-d965ccfc6d4b" outcome="Passed" testListId="8c84fa94-04c1-424b-9868-57a2d4851a1d" relativeResultsDirectory="c1417a5d-12af-46e8-97c2-8d56c0bc2c7f" />
    <UnitTestResult executionId="bd2ace0a-5d68-4162-8bfe-2243636faca0" testId="4df15bfd-b375-822c-a8df-fcfde52ebf51" testName="Aula.Tests.Configuration.ConfigurationTests.Features_ConversationCacheExpiration_ValidationTests(minutes: 1, isValid: True)" computerName="RHO-DESKTOP" duration="00:00:00.0182233" startTime="2025-06-30T18:59:48.2362523+02:00" endTime="2025-06-30T18:59:48.2362526+02:00" testType="13cdc9d9-ddb5-4fa4-a97d-d965ccfc6d4b" outcome="Passed" testListId="8c84fa94-04c1-424b-9868-57a2d4851a1d" relativeResultsDirectory="bd2ace0a-5d68-4162-8bfe-2243636faca0" />
    <UnitTestResult executionId="334edd74-fe45-4bf9-8a24-aae8f65011d4" testId="085515b8-4fc1-99b2-eae0-b56b9cad0980" testName="Aula.Tests.Utilities.Html2SlackMarkdownConverterTests.Convert_WithScriptAndStyleTags_RemovesTagsButNotContent(html: &quot;&lt;script&gt;alert('xss')&lt;/script&gt;&lt;p&gt;Content&lt;/p&gt;&quot;)" computerName="RHO-DESKTOP" duration="00:00:00.0037974" startTime="2025-06-30T18:59:48.1296242+02:00" endTime="2025-06-30T18:59:48.1296243+02:00" testType="13cdc9d9-ddb5-4fa4-a97d-d965ccfc6d4b" outcome="Passed" testListId="8c84fa94-04c1-424b-9868-57a2d4851a1d" relativeResultsDirectory="334edd74-fe45-4bf9-8a24-aae8f65011d4" />
    <UnitTestResult executionId="42553c79-924d-40b4-92f9-db94d71dace9" testId="04ed4a86-ba0d-f349-f703-22b685131f64" testName="Aula.Tests.Utilities.IntentAnalysisPromptsTests.GetFormattedPrompt_WithVariousQueries_ReturnsValidPrompt(query: &quot;What does Emma have today?&quot;)" computerName="RHO-DESKTOP" duration="00:00:00.0039012" startTime="2025-06-30T18:59:48.1548536+02:00" endTime="2025-06-30T18:59:48.1548537+02:00" testType="13cdc9d9-ddb5-4fa4-a97d-d965ccfc6d4b" outcome="Passed" testListId="8c84fa94-04c1-424b-9868-57a2d4851a1d" relativeResultsDirectory="42553c79-924d-40b4-92f9-db94d71dace9" />
    <UnitTestResult executionId="f23fe7fa-421c-4a6c-a726-3c2e1603cf47" testId="c877210f-bb9a-c13c-82b0-695b1245feeb" testName="Aula.Tests.Services.OpenAiServiceIntegrationTests.Constructor_WithNullApiKey_ThrowsArgumentException" computerName="RHO-DESKTOP" duration="00:00:00.2219333" startTime="2025-06-30T18:59:47.4245820+02:00" endTime="2025-06-30T18:59:47.4245823+02:00" testType="13cdc9d9-ddb5-4fa4-a97d-d965ccfc6d4b" outcome="Failed" testListId="8c84fa94-04c1-424b-9868-57a2d4851a1d" relativeResultsDirectory="f23fe7fa-421c-4a6c-a726-3c2e1603cf47">
      <Output>
        <ErrorInfo>
          <Message>Assert.Equal() Failure: Strings differ
           ↓ (pos 0)
Expected: "apiKey"
Actual:   "constructorArguments"
           ↑ (pos 0)</Message>
          <StackTrace>   at Aula.Tests.Services.OpenAiServiceIntegrationTests.Constructor_WithNullApiKey_ThrowsArgumentException() in /mnt/d/git/aula/src/Aula.Tests/Services/OpenAiServiceIntegrationTests.cs:line 41
   at System.RuntimeMethodHandle.InvokeMethod(Object target, Void** arguments, Signature sig, Boolean isConstructor)
   at System.Reflection.MethodBaseInvoker.InvokeWithNoArgs(Object obj, BindingFlags invokeAttr)</StackTrace>
        </ErrorInfo>
      </Output>
    </UnitTestResult>
    <UnitTestResult executionId="43eb0b96-aa87-4d4e-b410-b4e06045ee5e" testId="63cce41a-68ed-6ffe-d9f5-762e73c0e405" testName="Aula.Tests.Utilities.JsonFormatterTests.Prettify_WithIncompleteJson_ThrowsException(incompleteJson: &quot;}&quot;)" computerName="RHO-DESKTOP" duration="00:00:00.0005368" startTime="2025-06-30T18:59:47.2603924+02:00" endTime="2025-06-30T18:59:47.2603926+02:00" testType="13cdc9d9-ddb5-4fa4-a97d-d965ccfc6d4b" outcome="Passed" testListId="8c84fa94-04c1-424b-9868-57a2d4851a1d" relativeResultsDirectory="43eb0b96-aa87-4d4e-b410-b4e06045ee5e" />
    <UnitTestResult executionId="c387b435-d118-4b17-9188-af5dfcf21c59" testId="d011f96b-d6c9-06f7-3372-df15e577854e" testName="Aula.Tests.Utilities.DateTimeUtilitiesTests.GetDanishDayName_ValidDayOfWeek_ReturnsLowercaseName(dayOfWeek: Thursday, expectedName: &quot;torsdag&quot;)" computerName="RHO-DESKTOP" duration="00:00:00.0000056" startTime="2025-06-30T18:59:48.1762298+02:00" endTime="2025-06-30T18:59:48.1762300+02:00" testType="13cdc9d9-ddb5-4fa4-a97d-d965ccfc6d4b" outcome="Passed" testListId="8c84fa94-04c1-424b-9868-57a2d4851a1d" relativeResultsDirectory="c387b435-d118-4b17-9188-af5dfcf21c59" />
    <UnitTestResult executionId="cfd24321-8a38-42ae-b476-5da459cb5418" testId="2d15b0d6-fa3e-2b57-b48d-334f6fde3b35" testName="Aula.Tests.Services.DataModelTests.PostedLetter_WithProperties_SetsCorrectly" computerName="RHO-DESKTOP" duration="00:00:00.0009718" startTime="2025-06-30T18:59:48.0125882+02:00" endTime="2025-06-30T18:59:48.0125883+02:00" testType="13cdc9d9-ddb5-4fa4-a97d-d965ccfc6d4b" outcome="Passed" testListId="8c84fa94-04c1-424b-9868-57a2d4851a1d" relativeResultsDirectory="cfd24321-8a38-42ae-b476-5da459cb5418" />
    <UnitTestResult executionId="d94c364c-7d2a-4987-a7fa-c3473261bf1e" testId="dafa776a-6a08-1272-aac7-ca70346aa44a" testName="Aula.Tests.Bots.TelegramMessageHandlerTests.HandleMessageAsync_WithNonTextMessage_ReturnsEarly" computerName="RHO-DESKTOP" duration="00:00:00.0010000" startTime="2025-06-30T18:59:47.6234999+02:00" endTime="2025-06-30T18:59:47.6235002+02:00" testType="13cdc9d9-ddb5-4fa4-a97d-d965ccfc6d4b" outcome="Failed" testListId="8c84fa94-04c1-424b-9868-57a2d4851a1d" relativeResultsDirectory="d94c364c-7d2a-4987-a7fa-c3473261bf1e">
      <Output>
        <ErrorInfo>
          <Message>System.ArgumentException : Can not instantiate proxy of class: Aula.Utilities.ConversationContextManager`1[[System.Int64, System.Private.CoreLib, Version=9.0.0.0, Culture=neutral, PublicKeyToken=7cec85d7bea7798e]].
Could not find a parameterless constructor. (Parameter 'constructorArguments')
---- System.MissingMethodException : Constructor on type 'Castle.Proxies.ConversationContextManager`1Proxy' not found.</Message>
          <StackTrace>   at Castle.DynamicProxy.ProxyGenerator.CreateClassProxyInstance(Type proxyType, List`1 proxyArguments, Type classToProxy, Object[] constructorArguments)
   at Castle.DynamicProxy.ProxyGenerator.CreateClassProxy(Type classToProxy, Type[] additionalInterfacesToProxy, ProxyGenerationOptions options, Object[] constructorArguments, IInterceptor[] interceptors)
   at Moq.CastleProxyFactory.CreateProxy(Type mockType, IInterceptor interceptor, Type[] interfaces, Object[] arguments) in /_/src/Moq/Interception/CastleProxyFactory.cs:line 62
   at Moq.Mock`1.InitializeInstance() in /_/src/Moq/Mock`1.cs:line 309
   at Moq.Mock`1.OnGetObject() in /_/src/Moq/Mock`1.cs:line 323
   at Moq.Mock.get_Object() in /_/src/Moq/Mock.cs:line 181
   at Moq.Mock`1.get_Object() in /_/src/Moq/Mock`1.cs:line 281
   at Aula.Tests.Bots.TelegramMessageHandlerTests..ctor() in /mnt/d/git/aula/src/Aula.Tests/Bots/TelegramMessageHandlerTests.cs:line 63
   at System.RuntimeType.CreateInstanceDefaultCtor(Boolean publicOnly, Boolean wrapExceptions)
----- Inner Stack Trace -----
   at System.RuntimeType.CreateInstanceImpl(BindingFlags bindingAttr, Binder binder, Object[] args, CultureInfo culture)
   at Castle.DynamicProxy.ProxyGenerator.CreateClassProxyInstance(Type proxyType, List`1 proxyArguments, Type classToProxy, Object[] constructorArguments)</StackTrace>
        </ErrorInfo>
      </Output>
    </UnitTestResult>
    <UnitTestResult executionId="70a2c039-cace-44bc-b7e9-dcea8c246f9a" testId="a418d5df-b5ee-5a85-99c0-157b60c43e4b" testName="Aula.Tests.Services.OpenAiServiceTests.OpenAiService_GetChatInterfaceInstructions_ReturnsCorrectFormat(chatInterface: Telegram)" computerName="RHO-DESKTOP" duration="00:00:00.0003626" startTime="2025-06-30T18:59:47.7627019+02:00" endTime="2025-06-30T18:59:47.7627020+02:00" testType="13cdc9d9-ddb5-4fa4-a97d-d965ccfc6d4b" outcome="Passed" testListId="8c84fa94-04c1-424b-9868-57a2d4851a1d" relativeResultsDirectory="70a2c039-cace-44bc-b7e9-dcea8c246f9a" />
    <UnitTestResult executionId="936fe624-c7f0-42e4-a3e5-7ed912537a39" testId="a8634532-96d4-4e33-4b5e-145495f036bc" testName="Aula.Tests.Utilities.ReminderExtractionPromptsTests.GetExtractionPrompt_ContainsNextMondayExample" computerName="RHO-DESKTOP" duration="00:00:00.0002221" startTime="2025-06-30T18:59:47.8075407+02:00" endTime="2025-06-30T18:59:47.8075410+02:00" testType="13cdc9d9-ddb5-4fa4-a97d-d965ccfc6d4b" outcome="Passed" testListId="8c84fa94-04c1-424b-9868-57a2d4851a1d" relativeResultsDirectory="936fe624-c7f0-42e4-a3e5-7ed912537a39" />
    <UnitTestResult executionId="c5e6d402-b0a9-4520-8722-882ac93d99e5" testId="f11a9af6-85d6-781d-ccbd-c54d5d82bacf" testName="Aula.Tests.Utilities.FollowUpQuestionDetectorTests.IsFollowUpQuestion_WithEnglishFollowUpPhrases_ReturnsTrue(input: &quot;and?&quot;)" computerName="RHO-DESKTOP" duration="00:00:00.0003089" startTime="2025-06-30T18:59:47.9496359+02:00" endTime="2025-06-30T18:59:47.9496362+02:00" testType="13cdc9d9-ddb5-4fa4-a97d-d965ccfc6d4b" outcome="Passed" testListId="8c84fa94-04c1-424b-9868-57a2d4851a1d" relativeResultsDirectory="c5e6d402-b0a9-4520-8722-882ac93d99e5" />
    <UnitTestResult executionId="9d05b01c-1a07-45bd-bbee-bd567bcdf29f" testId="5978b633-9011-54a2-21cc-a2b29dbbebca" testName="Aula.Tests.Utilities.FollowUpQuestionDetectorTests.IsFollowUpQuestion_WithChildNameAndShortMessage_ReturnsTrue(input: &quot;emma&quot;)" computerName="RHO-DESKTOP" duration="00:00:00.0003021" startTime="2025-06-30T18:59:47.9753553+02:00" endTime="2025-06-30T18:59:47.9753554+02:00" testType="13cdc9d9-ddb5-4fa4-a97d-d965ccfc6d4b" outcome="Passed" testListId="8c84fa94-04c1-424b-9868-57a2d4851a1d" relativeResultsDirectory="9d05b01c-1a07-45bd-bbee-bd567bcdf29f" />
    <UnitTestResult executionId="5292d8c4-bd10-4e17-97b0-7b8ea2a619b6" testId="dc87daee-0005-3f96-509b-0d97422219d3" testName="Aula.Tests.Services.DataModelTests.PostedLetter_DefaultConstructor_InitializesCorrectly" computerName="RHO-DESKTOP" duration="00:00:00.0009515" startTime="2025-06-30T18:59:47.9568691+02:00" endTime="2025-06-30T18:59:47.9568692+02:00" testType="13cdc9d9-ddb5-4fa4-a97d-d965ccfc6d4b" outcome="Passed" testListId="8c84fa94-04c1-424b-9868-57a2d4851a1d" relativeResultsDirectory="5292d8c4-bd10-4e17-97b0-7b8ea2a619b6" />
    <UnitTestResult executionId="a4790d94-9f11-4db9-9601-4182fb7d57db" testId="efffcfd3-8ae4-cc7b-929a-37f206ad1981" testName="Aula.Tests.Scheduling.SchedulingServiceIntegrationTests.Constructor_WithNullTelegramBot_AllowsNull" computerName="RHO-DESKTOP" duration="00:00:00.0017341" startTime="2025-06-30T18:59:47.9401175+02:00" endTime="2025-06-30T18:59:47.9401177+02:00" testType="13cdc9d9-ddb5-4fa4-a97d-d965ccfc6d4b" outcome="Passed" testListId="8c84fa94-04c1-424b-9868-57a2d4851a1d" relativeResultsDirectory="a4790d94-9f11-4db9-9601-4182fb7d57db" />
    <UnitTestResult executionId="32d1ead3-0d1f-4505-bf0c-e5cd5aa0c1ad" testId="acb6cd45-54f0-d858-050f-39c07ff6b496" testName="Aula.Tests.Tools.ReminderCommandHandlerTests.TryHandleReminderCommand_NonReminderCommands_ReturnsFalse(command: &quot;   &quot;)" computerName="RHO-DESKTOP" duration="00:00:00.0000671" startTime="2025-06-30T18:59:47.9280695+02:00" endTime="2025-06-30T18:59:47.9280697+02:00" testType="13cdc9d9-ddb5-4fa4-a97d-d965ccfc6d4b" outcome="Passed" testListId="8c84fa94-04c1-424b-9868-57a2d4851a1d" relativeResultsDirectory="32d1ead3-0d1f-4505-bf0c-e5cd5aa0c1ad" />
    <UnitTestResult executionId="1c59d726-a60b-4c3f-8c5a-2c516c1e156b" testId="d4e0f652-1aa4-f1fd-46bf-006e98a6310b" testName="Aula.Tests.Services.OpenAiServiceTests.CreateTestWeekLetter_ReturnsValidJObject" computerName="RHO-DESKTOP" duration="00:00:00.0079617" startTime="2025-06-30T18:59:47.7429157+02:00" endTime="2025-06-30T18:59:47.7429158+02:00" testType="13cdc9d9-ddb5-4fa4-a97d-d965ccfc6d4b" outcome="Passed" testListId="8c84fa94-04c1-424b-9868-57a2d4851a1d" relativeResultsDirectory="1c59d726-a60b-4c3f-8c5a-2c516c1e156b" />
    <UnitTestResult executionId="1cac6896-ec46-41eb-9a0a-07a31255a53b" testId="83b59476-a7fb-56e8-b97b-0e902d31cd18" testName="Aula.Tests.Bots.TelegramMessageHandlerTests.HandleMessageAsync_WithReminderCommand_CallsReminderHandler(reminderCommand: &quot;tilføj påmindelse&quot;)" computerName="RHO-DESKTOP" duration="00:00:00.0010000" startTime="2025-06-30T18:59:47.4940117+02:00" endTime="2025-06-30T18:59:47.4940120+02:00" testType="13cdc9d9-ddb5-4fa4-a97d-d965ccfc6d4b" outcome="Failed" testListId="8c84fa94-04c1-424b-9868-57a2d4851a1d" relativeResultsDirectory="1cac6896-ec46-41eb-9a0a-07a31255a53b">
      <Output>
        <ErrorInfo>
          <Message>System.ArgumentException : Can not instantiate proxy of class: Aula.Utilities.ConversationContextManager`1[[System.Int64, System.Private.CoreLib, Version=9.0.0.0, Culture=neutral, PublicKeyToken=7cec85d7bea7798e]].
Could not find a parameterless constructor. (Parameter 'constructorArguments')
---- System.MissingMethodException : Constructor on type 'Castle.Proxies.ConversationContextManager`1Proxy' not found.</Message>
          <StackTrace>   at Castle.DynamicProxy.ProxyGenerator.CreateClassProxyInstance(Type proxyType, List`1 proxyArguments, Type classToProxy, Object[] constructorArguments)
   at Castle.DynamicProxy.ProxyGenerator.CreateClassProxy(Type classToProxy, Type[] additionalInterfacesToProxy, ProxyGenerationOptions options, Object[] constructorArguments, IInterceptor[] interceptors)
   at Moq.CastleProxyFactory.CreateProxy(Type mockType, IInterceptor interceptor, Type[] interfaces, Object[] arguments) in /_/src/Moq/Interception/CastleProxyFactory.cs:line 62
   at Moq.Mock`1.InitializeInstance() in /_/src/Moq/Mock`1.cs:line 309
   at Moq.Mock`1.OnGetObject() in /_/src/Moq/Mock`1.cs:line 323
   at Moq.Mock.get_Object() in /_/src/Moq/Mock.cs:line 181
   at Moq.Mock`1.get_Object() in /_/src/Moq/Mock`1.cs:line 281
   at Aula.Tests.Bots.TelegramMessageHandlerTests..ctor() in /mnt/d/git/aula/src/Aula.Tests/Bots/TelegramMessageHandlerTests.cs:line 63
   at System.RuntimeType.CreateInstanceDefaultCtor(Boolean publicOnly, Boolean wrapExceptions)
----- Inner Stack Trace -----
   at System.RuntimeType.CreateInstanceImpl(BindingFlags bindingAttr, Binder binder, Object[] args, CultureInfo culture)
   at Castle.DynamicProxy.ProxyGenerator.CreateClassProxyInstance(Type proxyType, List`1 proxyArguments, Type classToProxy, Object[] constructorArguments)</StackTrace>
        </ErrorInfo>
      </Output>
    </UnitTestResult>
    <UnitTestResult executionId="5dc8da31-e639-4f49-8ebb-db369eed9388" testId="2cec1e41-be18-3fa0-9996-473f9652882f" testName="Aula.Tests.Configuration.ConfigurationTests.GoogleServiceAccount_RequiredFields_ArePresent" computerName="RHO-DESKTOP" duration="00:00:00.0067226" startTime="2025-06-30T18:59:48.4373562+02:00" endTime="2025-06-30T18:59:48.4373563+02:00" testType="13cdc9d9-ddb5-4fa4-a97d-d965ccfc6d4b" outcome="Passed" testListId="8c84fa94-04c1-424b-9868-57a2d4851a1d" relativeResultsDirectory="5dc8da31-e639-4f49-8ebb-db369eed9388" />
    <UnitTestResult executionId="a8bf7112-6c0f-4aab-a47a-0ea422cf610c" testId="92645263-873e-da03-aa06-943df30af433" testName="Aula.Tests.Services.OpenAiServiceIntegrationTests.AskQuestionAboutWeekLetterAsync_WithValidParameters_CallsApiWithCorrectParameters" computerName="RHO-DESKTOP" duration="00:00:00.0022583" startTime="2025-06-30T18:59:47.8518720+02:00" endTime="2025-06-30T18:59:47.8518723+02:00" testType="13cdc9d9-ddb5-4fa4-a97d-d965ccfc6d4b" outcome="Failed" testListId="8c84fa94-04c1-424b-9868-57a2d4851a1d" relativeResultsDirectory="a8bf7112-6c0f-4aab-a47a-0ea422cf610c">
      <Output>
        <ErrorInfo>
          <Message>System.ArgumentException : Can not instantiate proxy of class: Aula.Tools.AiToolsManager.
Could not find a parameterless constructor. (Parameter 'constructorArguments')
---- System.MissingMethodException : Constructor on type 'Castle.Proxies.AiToolsManagerProxy' not found.</Message>
          <StackTrace>   at Castle.DynamicProxy.ProxyGenerator.CreateClassProxyInstance(Type proxyType, List`1 proxyArguments, Type classToProxy, Object[] constructorArguments)
   at Castle.DynamicProxy.ProxyGenerator.CreateClassProxy(Type classToProxy, Type[] additionalInterfacesToProxy, ProxyGenerationOptions options, Object[] constructorArguments, IInterceptor[] interceptors)
   at Moq.CastleProxyFactory.CreateProxy(Type mockType, IInterceptor interceptor, Type[] interfaces, Object[] arguments) in /_/src/Moq/Interception/CastleProxyFactory.cs:line 62
   at Moq.Mock`1.InitializeInstance() in /_/src/Moq/Mock`1.cs:line 309
   at Moq.Mock`1.OnGetObject() in /_/src/Moq/Mock`1.cs:line 323
   at Moq.Mock.get_Object() in /_/src/Moq/Mock.cs:line 181
   at Moq.Mock`1.get_Object() in /_/src/Moq/Mock`1.cs:line 281
   at Aula.Tests.Services.OpenAiServiceIntegrationTests.AskQuestionAboutWeekLetterAsync_WithValidParameters_CallsApiWithCorrectParameters() in /mnt/d/git/aula/src/Aula.Tests/Services/OpenAiServiceIntegrationTests.cs:line 215
--- End of stack trace from previous location ---
----- Inner Stack Trace -----
   at System.RuntimeType.CreateInstanceImpl(BindingFlags bindingAttr, Binder binder, Object[] args, CultureInfo culture)
   at Castle.DynamicProxy.ProxyGenerator.CreateClassProxyInstance(Type proxyType, List`1 proxyArguments, Type classToProxy, Object[] constructorArguments)</StackTrace>
        </ErrorInfo>
      </Output>
    </UnitTestResult>
    <UnitTestResult executionId="ed719bd6-98ac-40ef-9f48-1f0e69cb6f81" testId="97bda861-62f2-bba1-c598-127d5142019e" testName="Aula.Tests.Configuration.ConfigurationTests.Features_ConfigurationIsCorrect" computerName="RHO-DESKTOP" duration="00:00:00.0075376" startTime="2025-06-30T18:59:48.4672163+02:00" endTime="2025-06-30T18:59:48.4672164+02:00" testType="13cdc9d9-ddb5-4fa4-a97d-d965ccfc6d4b" outcome="Passed" testListId="8c84fa94-04c1-424b-9868-57a2d4851a1d" relativeResultsDirectory="ed719bd6-98ac-40ef-9f48-1f0e69cb6f81" />
    <UnitTestResult executionId="6e9a2b3a-fd50-46d6-bed8-f5f7f85b6153" testId="53d9e260-310c-7289-d45b-38f2fd4f0871" testName="Aula.Tests.Bots.SlackMessageHandlerTests.HandleMessageAsync_WithReminderCommand_CallsReminderHandler(reminderCommand: &quot;slet påmindelse&quot;)" computerName="RHO-DESKTOP" duration="00:00:00.0010000" startTime="2025-06-30T18:59:47.5857057+02:00" endTime="2025-06-30T18:59:47.5857060+02:00" testType="13cdc9d9-ddb5-4fa4-a97d-d965ccfc6d4b" outcome="Failed" testListId="8c84fa94-04c1-424b-9868-57a2d4851a1d" relativeResultsDirectory="6e9a2b3a-fd50-46d6-bed8-f5f7f85b6153">
      <Output>
        <ErrorInfo>
          <Message>System.ArgumentException : Can not instantiate proxy of class: Aula.Tools.ReminderCommandHandler.
Could not find a parameterless constructor. (Parameter 'constructorArguments')
---- System.MissingMethodException : Constructor on type 'Castle.Proxies.ReminderCommandHandlerProxy' not found.</Message>
          <StackTrace>   at Castle.DynamicProxy.ProxyGenerator.CreateClassProxyInstance(Type proxyType, List`1 proxyArguments, Type classToProxy, Object[] constructorArguments)
   at Castle.DynamicProxy.ProxyGenerator.CreateClassProxy(Type classToProxy, Type[] additionalInterfacesToProxy, ProxyGenerationOptions options, Object[] constructorArguments, IInterceptor[] interceptors)
   at Moq.CastleProxyFactory.CreateProxy(Type mockType, IInterceptor interceptor, Type[] interfaces, Object[] arguments) in /_/src/Moq/Interception/CastleProxyFactory.cs:line 62
   at Moq.Mock`1.InitializeInstance() in /_/src/Moq/Mock`1.cs:line 309
   at Moq.Mock`1.OnGetObject() in /_/src/Moq/Mock`1.cs:line 323
   at Moq.Mock.get_Object() in /_/src/Moq/Mock.cs:line 181
   at Moq.Mock`1.get_Object() in /_/src/Moq/Mock`1.cs:line 281
   at Aula.Tests.Bots.SlackMessageHandlerTests..ctor() in /mnt/d/git/aula/src/Aula.Tests/Bots/SlackMessageHandlerTests.cs:line 57
   at System.RuntimeType.CreateInstanceDefaultCtor(Boolean publicOnly, Boolean wrapExceptions)
----- Inner Stack Trace -----
   at System.RuntimeType.CreateInstanceImpl(BindingFlags bindingAttr, Binder binder, Object[] args, CultureInfo culture)
   at Castle.DynamicProxy.ProxyGenerator.CreateClassProxyInstance(Type proxyType, List`1 proxyArguments, Type classToProxy, Object[] constructorArguments)</StackTrace>
        </ErrorInfo>
      </Output>
    </UnitTestResult>
    <UnitTestResult executionId="a48c9466-d78d-400f-9158-7c35b187f449" testId="639796f8-538b-fbb8-1899-7a0106856fc7" testName="Aula.Tests.Channels.SlackBotTests.PostMessage_WithVariousMessages_DoesNotThrow(message: &quot;&quot;)" computerName="RHO-DESKTOP" duration="00:00:00.0001443" startTime="2025-06-30T18:59:48.2111427+02:00" endTime="2025-06-30T18:59:48.2111428+02:00" testType="13cdc9d9-ddb5-4fa4-a97d-d965ccfc6d4b" outcome="Passed" testListId="8c84fa94-04c1-424b-9868-57a2d4851a1d" relativeResultsDirectory="a48c9466-d78d-400f-9158-7c35b187f449" />
    <UnitTestResult executionId="4d120ca5-317f-45cf-8dc8-0331e8f7402a" testId="47018a2b-c5b5-f700-6399-75af9808bb33" testName="Aula.Tests.Tools.ReminderCommandHandlerTests.TryHandleReminderCommand_DeleteReminder_ValidCommands_ReturnsSuccess(command: &quot;delete reminder 1&quot;, isEnglish: True, expectedId: 1)" computerName="RHO-DESKTOP" duration="00:00:00.0010980" startTime="2025-06-30T18:59:47.8918059+02:00" endTime="2025-06-30T18:59:47.8918061+02:00" testType="13cdc9d9-ddb5-4fa4-a97d-d965ccfc6d4b" outcome="Passed" testListId="8c84fa94-04c1-424b-9868-57a2d4851a1d" relativeResultsDirectory="4d120ca5-317f-45cf-8dc8-0331e8f7402a" />
    <UnitTestResult executionId="12fc618b-45c6-4ab1-a275-229e75056136" testId="bdc09174-9d70-e652-ba81-c9f592504617" testName="Aula.Tests.Utilities.DateTimeUtilitiesTests.GetDanishDayName_ValidDayOfWeek_ReturnsCorrectDanishName(dayOfWeek: Saturday, expectedDanishName: &quot;lørdag&quot;)" computerName="RHO-DESKTOP" duration="00:00:00.0003744" startTime="2025-06-30T18:59:48.1589568+02:00" endTime="2025-06-30T18:59:48.1589570+02:00" testType="13cdc9d9-ddb5-4fa4-a97d-d965ccfc6d4b" outcome="Passed" testListId="8c84fa94-04c1-424b-9868-57a2d4851a1d" relativeResultsDirectory="12fc618b-45c6-4ab1-a275-229e75056136" />
    <UnitTestResult executionId="68ce7a63-8821-449d-b4a5-91bb5f51812c" testId="5fe3fa44-04c0-bf4f-e0cb-be0a1bef1cef" testName="Aula.Tests.Utilities.WeekLetterContentExtractorTests.ExtractContent_Dynamic_WithException_ReturnsEmptyStringAndLogsError" computerName="RHO-DESKTOP" duration="00:00:00.0299387" startTime="2025-06-30T18:59:47.7479975+02:00" endTime="2025-06-30T18:59:47.7479977+02:00" testType="13cdc9d9-ddb5-4fa4-a97d-d965ccfc6d4b" outcome="Passed" testListId="8c84fa94-04c1-424b-9868-57a2d4851a1d" relativeResultsDirectory="68ce7a63-8821-449d-b4a5-91bb5f51812c" />
    <UnitTestResult executionId="75eafeec-68ef-4a80-bae8-29a8901a002a" testId="ecba833b-4a32-70dc-1540-ec8a113be1de" testName="Aula.Tests.Channels.SlackBotTests.PostWeekLetter_WithVariousChildColors_HandlesCorrectly(color: &quot;red&quot;)" computerName="RHO-DESKTOP" duration="00:00:00.0011232" startTime="2025-06-30T18:59:48.2194683+02:00" endTime="2025-06-30T18:59:48.2194684+02:00" testType="13cdc9d9-ddb5-4fa4-a97d-d965ccfc6d4b" outcome="Passed" testListId="8c84fa94-04c1-424b-9868-57a2d4851a1d" relativeResultsDirectory="75eafeec-68ef-4a80-bae8-29a8901a002a" />
    <UnitTestResult executionId="daaf5a75-eb16-4688-8e0d-8e3d31b113d9" testId="2c3c35ba-d19e-e494-0ed2-32abdacfd200" testName="Aula.Tests.Utilities.DateTimeUtilitiesTests.GetDanishDayName_AllValidDaysOfWeek_ReturnsNonEmptyString(dayOfWeek: Sunday)" computerName="RHO-DESKTOP" duration="00:00:00.0000124" startTime="2025-06-30T18:59:48.1733426+02:00" endTime="2025-06-30T18:59:48.1733428+02:00" testType="13cdc9d9-ddb5-4fa4-a97d-d965ccfc6d4b" outcome="Passed" testListId="8c84fa94-04c1-424b-9868-57a2d4851a1d" relativeResultsDirectory="daaf5a75-eb16-4688-8e0d-8e3d31b113d9" />
    <UnitTestResult executionId="ee0aab4f-932a-4b6d-aff4-84e98f6a04f6" testId="136b7217-45c6-b3d8-34fb-6ee727eb66f5" testName="Aula.Tests.Tools.ReminderCommandHandlerTests.TryHandleReminderCommand_DeleteReminder_ValidCommands_ReturnsSuccess(command: &quot;delete reminder 123&quot;, isEnglish: True, expectedId: 123)" computerName="RHO-DESKTOP" duration="00:00:00.0231296" startTime="2025-06-30T18:59:47.8828228+02:00" endTime="2025-06-30T18:59:47.8828228+02:00" testType="13cdc9d9-ddb5-4fa4-a97d-d965ccfc6d4b" outcome="Passed" testListId="8c84fa94-04c1-424b-9868-57a2d4851a1d" relativeResultsDirectory="ee0aab4f-932a-4b6d-aff4-84e98f6a04f6" />
    <UnitTestResult executionId="acccc724-02eb-48ca-a0c2-c47864039a37" testId="042593f6-6140-ccfe-82d6-8f794997c196" testName="Aula.Tests.Bots.TelegramMessageHandlerTests.HandleMessageAsync_WithGroupChat_HandlesCorrectly" computerName="RHO-DESKTOP" duration="00:00:00.0010000" startTime="2025-06-30T18:59:47.7160519+02:00" endTime="2025-06-30T18:59:47.7160521+02:00" testType="13cdc9d9-ddb5-4fa4-a97d-d965ccfc6d4b" outcome="Failed" testListId="8c84fa94-04c1-424b-9868-57a2d4851a1d" relativeResultsDirectory="acccc724-02eb-48ca-a0c2-c47864039a37">
      <Output>
        <ErrorInfo>
          <Message>System.ArgumentException : Can not instantiate proxy of class: Aula.Utilities.ConversationContextManager`1[[System.Int64, System.Private.CoreLib, Version=9.0.0.0, Culture=neutral, PublicKeyToken=7cec85d7bea7798e]].
Could not find a parameterless constructor. (Parameter 'constructorArguments')
---- System.MissingMethodException : Constructor on type 'Castle.Proxies.ConversationContextManager`1Proxy' not found.</Message>
          <StackTrace>   at Castle.DynamicProxy.ProxyGenerator.CreateClassProxyInstance(Type proxyType, List`1 proxyArguments, Type classToProxy, Object[] constructorArguments)
   at Castle.DynamicProxy.ProxyGenerator.CreateClassProxy(Type classToProxy, Type[] additionalInterfacesToProxy, ProxyGenerationOptions options, Object[] constructorArguments, IInterceptor[] interceptors)
   at Moq.CastleProxyFactory.CreateProxy(Type mockType, IInterceptor interceptor, Type[] interfaces, Object[] arguments) in /_/src/Moq/Interception/CastleProxyFactory.cs:line 62
   at Moq.Mock`1.InitializeInstance() in /_/src/Moq/Mock`1.cs:line 309
   at Moq.Mock`1.OnGetObject() in /_/src/Moq/Mock`1.cs:line 323
   at Moq.Mock.get_Object() in /_/src/Moq/Mock.cs:line 181
   at Moq.Mock`1.get_Object() in /_/src/Moq/Mock`1.cs:line 281
   at Aula.Tests.Bots.TelegramMessageHandlerTests..ctor() in /mnt/d/git/aula/src/Aula.Tests/Bots/TelegramMessageHandlerTests.cs:line 63
   at System.RuntimeType.CreateInstanceDefaultCtor(Boolean publicOnly, Boolean wrapExceptions)
----- Inner Stack Trace -----
   at System.RuntimeType.CreateInstanceImpl(BindingFlags bindingAttr, Binder binder, Object[] args, CultureInfo culture)
   at Castle.DynamicProxy.ProxyGenerator.CreateClassProxyInstance(Type proxyType, List`1 proxyArguments, Type classToProxy, Object[] constructorArguments)</StackTrace>
        </ErrorInfo>
      </Output>
    </UnitTestResult>
    <UnitTestResult executionId="4f59ecee-470c-46d1-929d-c4108443ccc6" testId="c883d631-b915-c13f-0bbe-3400820e4ee3" testName="Aula.Tests.Configuration.ConfigurationTests.Telegram_ConfigurationIsCorrect" computerName="RHO-DESKTOP" duration="00:00:00.0067035" startTime="2025-06-30T18:59:48.4513832+02:00" endTime="2025-06-30T18:59:48.4513833+02:00" testType="13cdc9d9-ddb5-4fa4-a97d-d965ccfc6d4b" outcome="Passed" testListId="8c84fa94-04c1-424b-9868-57a2d4851a1d" relativeResultsDirectory="4f59ecee-470c-46d1-929d-c4108443ccc6" />
    <UnitTestResult executionId="0f42e716-8d32-474a-8991-0a5032ed40d2" testId="4f957322-220c-36b8-b6b3-657137ac0ed1" testName="Aula.Tests.Services.OpenAiServiceIntegrationTests.ExtractKeyInformationAsync_WithValidWeekLetter_CallsApiWithCorrectParameters" computerName="RHO-DESKTOP" duration="00:00:00.0018890" startTime="2025-06-30T18:59:47.8098787+02:00" endTime="2025-06-30T18:59:47.8098789+02:00" testType="13cdc9d9-ddb5-4fa4-a97d-d965ccfc6d4b" outcome="Failed" testListId="8c84fa94-04c1-424b-9868-57a2d4851a1d" relativeResultsDirectory="0f42e716-8d32-474a-8991-0a5032ed40d2">
      <Output>
        <ErrorInfo>
          <Message>System.ArgumentException : Can not instantiate proxy of class: Aula.Tools.AiToolsManager.
Could not find a parameterless constructor. (Parameter 'constructorArguments')
---- System.MissingMethodException : Constructor on type 'Castle.Proxies.AiToolsManagerProxy' not found.</Message>
          <StackTrace>   at Castle.DynamicProxy.ProxyGenerator.CreateClassProxyInstance(Type proxyType, List`1 proxyArguments, Type classToProxy, Object[] constructorArguments)
   at Castle.DynamicProxy.ProxyGenerator.CreateClassProxy(Type classToProxy, Type[] additionalInterfacesToProxy, ProxyGenerationOptions options, Object[] constructorArguments, IInterceptor[] interceptors)
   at Moq.CastleProxyFactory.CreateProxy(Type mockType, IInterceptor interceptor, Type[] interfaces, Object[] arguments) in /_/src/Moq/Interception/CastleProxyFactory.cs:line 62
   at Moq.Mock`1.InitializeInstance() in /_/src/Moq/Mock`1.cs:line 309
   at Moq.Mock`1.OnGetObject() in /_/src/Moq/Mock`1.cs:line 323
   at Moq.Mock.get_Object() in /_/src/Moq/Mock.cs:line 181
   at Moq.Mock`1.get_Object() in /_/src/Moq/Mock`1.cs:line 281
   at Aula.Tests.Services.OpenAiServiceIntegrationTests.ExtractKeyInformationAsync_WithValidWeekLetter_CallsApiWithCorrectParameters() in /mnt/d/git/aula/src/Aula.Tests/Services/OpenAiServiceIntegrationTests.cs:line 242
--- End of stack trace from previous location ---
----- Inner Stack Trace -----
   at System.RuntimeType.CreateInstanceImpl(BindingFlags bindingAttr, Binder binder, Object[] args, CultureInfo culture)
   at Castle.DynamicProxy.ProxyGenerator.CreateClassProxyInstance(Type proxyType, List`1 proxyArguments, Type classToProxy, Object[] constructorArguments)</StackTrace>
        </ErrorInfo>
      </Output>
    </UnitTestResult>
    <UnitTestResult executionId="b252b072-d19c-4010-a126-2591866f6f09" testId="549e360d-ab9b-62ef-01b0-030fc984eb0c" testName="Aula.Tests.Utilities.ConversationContextManagerTests.UpdateContext_WithNullChildName_AllowsNull" computerName="RHO-DESKTOP" duration="00:00:00.0002161" startTime="2025-06-30T18:59:47.3849832+02:00" endTime="2025-06-30T18:59:47.3849834+02:00" testType="13cdc9d9-ddb5-4fa4-a97d-d965ccfc6d4b" outcome="Passed" testListId="8c84fa94-04c1-424b-9868-57a2d4851a1d" relativeResultsDirectory="b252b072-d19c-4010-a126-2591866f6f09" />
    <UnitTestResult executionId="dd05e8fe-81ad-4de2-8376-f0393ac61439" testId="a415fe92-f44b-9cd9-fda2-e5c7020144da" testName="Aula.Tests.Utilities.Html2SlackMarkdownConverterTests.Convert_WithNullInput_ReturnsEmptyString" computerName="RHO-DESKTOP" duration="00:00:00.0001452" startTime="2025-06-30T18:59:48.2429486+02:00" endTime="2025-06-30T18:59:48.2429487+02:00" testType="13cdc9d9-ddb5-4fa4-a97d-d965ccfc6d4b" outcome="Passed" testListId="8c84fa94-04c1-424b-9868-57a2d4851a1d" relativeResultsDirectory="dd05e8fe-81ad-4de2-8376-f0393ac61439" />
    <UnitTestResult executionId="4966fdf1-6568-4957-9f01-ae902642fb09" testId="515b0adc-b2ee-305a-2e4a-324570128aec" testName="Aula.Tests.Bots.TelegramInteractiveBotTests.Start_WithDisabledTelegram_LogsErrorAndReturns" computerName="RHO-DESKTOP" duration="00:00:00.0093718" startTime="2025-06-30T18:59:48.8979045+02:00" endTime="2025-06-30T18:59:48.8979049+02:00" testType="13cdc9d9-ddb5-4fa4-a97d-d965ccfc6d4b" outcome="Passed" testListId="8c84fa94-04c1-424b-9868-57a2d4851a1d" relativeResultsDirectory="4966fdf1-6568-4957-9f01-ae902642fb09" />
    <UnitTestResult executionId="a5e7cdcc-2452-4208-bc7f-240bab120d46" testId="24bf56f7-ba67-57f2-f501-175bd348de63" testName="Aula.Tests.Channels.TelegramClientTests.PostWeekLetter_WithVariousChildNames_HandlesCorrectly(firstName: &quot;&quot;)" computerName="RHO-DESKTOP" duration="00:00:00.0454921" startTime="2025-06-30T18:59:48.1282744+02:00" endTime="2025-06-30T18:59:48.1282746+02:00" testType="13cdc9d9-ddb5-4fa4-a97d-d965ccfc6d4b" outcome="Passed" testListId="8c84fa94-04c1-424b-9868-57a2d4851a1d" relativeResultsDirectory="a5e7cdcc-2452-4208-bc7f-240bab120d46" />
    <UnitTestResult executionId="da624e96-76a8-4f55-819d-acec854cf2eb" testId="44a05eee-eae2-643d-4997-e4bad6b31a71" testName="Aula.Tests.Utilities.DateTimeUtilitiesTests.GetDanishDayName_ValidDayOfWeek_ReturnsLowercaseName(dayOfWeek: Saturday, expectedName: &quot;lørdag&quot;)" computerName="RHO-DESKTOP" duration="00:00:00.0000065" startTime="2025-06-30T18:59:48.1767859+02:00" endTime="2025-06-30T18:59:48.1767860+02:00" testType="13cdc9d9-ddb5-4fa4-a97d-d965ccfc6d4b" outcome="Passed" testListId="8c84fa94-04c1-424b-9868-57a2d4851a1d" relativeResultsDirectory="da624e96-76a8-4f55-819d-acec854cf2eb" />
    <UnitTestResult executionId="45e3b57f-2d45-4056-99b9-cb60c8c03db0" testId="fabac3d5-e597-1339-6b46-1c0c67411388" testName="Aula.Tests.Bots.TelegramInteractiveBotTests.Constructor_WithMissingToken_ThrowsInvalidOperationException" computerName="RHO-DESKTOP" duration="00:00:00.0008079" startTime="2025-06-30T18:59:48.9053651+02:00" endTime="2025-06-30T18:59:48.9053652+02:00" testType="13cdc9d9-ddb5-4fa4-a97d-d965ccfc6d4b" outcome="Passed" testListId="8c84fa94-04c1-424b-9868-57a2d4851a1d" relativeResultsDirectory="45e3b57f-2d45-4056-99b9-cb60c8c03db0" />
    <UnitTestResult executionId="57412695-6695-47fa-926d-521979356820" testId="d34756cc-dd70-36dd-a4b9-a2767cf802ed" testName="Aula.Tests.Utilities.FollowUpQuestionDetectorTests.IsFollowUpQuestion_WithShortFollowUps_ReturnsTrue(input: &quot;what?&quot;)" computerName="RHO-DESKTOP" duration="00:00:00.0000570" startTime="2025-06-30T18:59:47.9735007+02:00" endTime="2025-06-30T18:59:47.9735008+02:00" testType="13cdc9d9-ddb5-4fa4-a97d-d965ccfc6d4b" outcome="Passed" testListId="8c84fa94-04c1-424b-9868-57a2d4851a1d" relativeResultsDirectory="57412695-6695-47fa-926d-521979356820" />
    <UnitTestResult executionId="937eca9a-bbd1-4875-93fb-11f5b5ec4f14" testId="e8058050-cbb0-edb4-84ec-77371a17e76d" testName="Aula.Tests.Services.DataModelTests.Reminder_CreatedBy_HandlesValues(createdBy: &quot;&quot;, shouldAccept: True)" computerName="RHO-DESKTOP" duration="00:00:00.0000101" startTime="2025-06-30T18:59:48.0119725+02:00" endTime="2025-06-30T18:59:48.0119726+02:00" testType="13cdc9d9-ddb5-4fa4-a97d-d965ccfc6d4b" outcome="Passed" testListId="8c84fa94-04c1-424b-9868-57a2d4851a1d" relativeResultsDirectory="937eca9a-bbd1-4875-93fb-11f5b5ec4f14" />
    <UnitTestResult executionId="3ca4c82d-f6d6-441a-acd2-6205b1ce8cb0" testId="673e7d35-f16e-bd38-569e-9b00ed91c4fd" testName="Aula.Tests.Channels.SlackBotTests.Constructor_WithValidUrls_DoesNotThrow(webhookUrl: &quot;https://hooks.slack.com/services/T123/B456/xyz&quot;)" computerName="RHO-DESKTOP" duration="00:00:00.0001474" startTime="2025-06-30T18:59:48.2263983+02:00" endTime="2025-06-30T18:59:48.2263984+02:00" testType="13cdc9d9-ddb5-4fa4-a97d-d965ccfc6d4b" outcome="Passed" testListId="8c84fa94-04c1-424b-9868-57a2d4851a1d" relativeResultsDirectory="3ca4c82d-f6d6-441a-acd2-6205b1ce8cb0" />
    <UnitTestResult executionId="adface2f-1684-4ab4-bf4c-26d12f5796ef" testId="0026d070-5db9-6f8c-0581-fb23b0721050" testName="Aula.Tests.Utilities.JsonFormatterTests.Prettify_WithIncompleteJson_ThrowsException(incompleteJson: &quot;]&quot;)" computerName="RHO-DESKTOP" duration="00:00:00.0061434" startTime="2025-06-30T18:59:47.2579477+02:00" endTime="2025-06-30T18:59:47.2579478+02:00" testType="13cdc9d9-ddb5-4fa4-a97d-d965ccfc6d4b" outcome="Passed" testListId="8c84fa94-04c1-424b-9868-57a2d4851a1d" relativeResultsDirectory="adface2f-1684-4ab4-bf4c-26d12f5796ef" />
    <UnitTestResult executionId="923b1448-1925-49c4-851b-fec61f14b91c" testId="1e24c5cd-d42a-5c97-73c1-5f149820ea22" testName="Aula.Tests.Channels.TelegramClientTests.Constructor_WithVariousTokens_DoesNotThrow(token: &quot;123456789:AABBCCDDEEFFGG&quot;)" computerName="RHO-DESKTOP" duration="00:00:00.0002652" startTime="2025-06-30T18:59:48.0882044+02:00" endTime="2025-06-30T18:59:48.0882046+02:00" testType="13cdc9d9-ddb5-4fa4-a97d-d965ccfc6d4b" outcome="Passed" testListId="8c84fa94-04c1-424b-9868-57a2d4851a1d" relativeResultsDirectory="923b1448-1925-49c4-851b-fec61f14b91c" />
    <UnitTestResult executionId="cb5d3e4f-8b22-48ee-a67f-e3355f4cc112" testId="cb85d1d7-f37e-7a0d-4571-db193adf7955" testName="Aula.Tests.Utilities.IntentAnalysisPromptsTests.ToolExamples_ContainsRequiredKeys(key: &quot;GET_CURRENT_TIME_DANISH&quot;)" computerName="RHO-DESKTOP" duration="00:00:00.0000043" startTime="2025-06-30T18:59:48.1946337+02:00" endTime="2025-06-30T18:59:48.1946339+02:00" testType="13cdc9d9-ddb5-4fa4-a97d-d965ccfc6d4b" outcome="Passed" testListId="8c84fa94-04c1-424b-9868-57a2d4851a1d" relativeResultsDirectory="cb5d3e4f-8b22-48ee-a67f-e3355f4cc112" />
    <UnitTestResult executionId="80fc0403-c8ce-424f-b616-3f0fcafeb7ce" testId="43884531-d2e9-76f0-a975-092a4d6d7e91" testName="Aula.Tests.Utilities.FollowUpQuestionDetectorTests.IsFollowUpQuestion_WithStartingFollowUpWords_ReturnsTrue(input: &quot;and Liam&quot;)" computerName="RHO-DESKTOP" duration="00:00:00.0003958" startTime="2025-06-30T18:59:47.9928002+02:00" endTime="2025-06-30T18:59:47.9928003+02:00" testType="13cdc9d9-ddb5-4fa4-a97d-d965ccfc6d4b" outcome="Passed" testListId="8c84fa94-04c1-424b-9868-57a2d4851a1d" relativeResultsDirectory="80fc0403-c8ce-424f-b616-3f0fcafeb7ce" />
    <UnitTestResult executionId="1251bce9-82a2-4258-ad07-9172b0adb155" testId="346b4860-00f1-33ec-a1a3-5d05cc730f69" testName="Aula.Tests.Utilities.ReminderExtractionPromptsTests.GetExtractionPrompt_WithDifferentMinuteOffsets_CalculatesCorrectly(minutes: 2)" computerName="RHO-DESKTOP" duration="00:00:00.0000685" startTime="2025-06-30T18:59:47.8010941+02:00" endTime="2025-06-30T18:59:47.8010943+02:00" testType="13cdc9d9-ddb5-4fa4-a97d-d965ccfc6d4b" outcome="Passed" testListId="8c84fa94-04c1-424b-9868-57a2d4851a1d" relativeResultsDirectory="1251bce9-82a2-4258-ad07-9172b0adb155" />
    <UnitTestResult executionId="9439b734-e59c-4fb0-8d37-ee4dbdc31ebc" testId="ab8c7a74-84b9-4ead-0c18-89aab1a19e51" testName="Aula.Tests.Utilities.Html2SlackMarkdownConverterTests.Convert_WithPartialTags_HandlesGracefully(html: &quot;&lt;/p&gt;&quot;)" computerName="RHO-DESKTOP" duration="00:00:00.0006338" startTime="2025-06-30T18:59:48.2425411+02:00" endTime="2025-06-30T18:59:48.2425413+02:00" testType="13cdc9d9-ddb5-4fa4-a97d-d965ccfc6d4b" outcome="Passed" testListId="8c84fa94-04c1-424b-9868-57a2d4851a1d" relativeResultsDirectory="9439b734-e59c-4fb0-8d37-ee4dbdc31ebc" />
    <UnitTestResult executionId="5b825382-6f61-4eed-8f7f-7c1f7fde490c" testId="fef1bbd3-bec0-195c-f4d4-bbae6f5abedb" testName="Aula.Tests.Tools.ReminderCommandHandlerTests.TryHandleReminderCommand_NonReminderCommands_ReturnsFalse(command: &quot;remind me&quot;)" computerName="RHO-DESKTOP" duration="00:00:00.0178933" startTime="2025-06-30T18:59:47.8937015+02:00" endTime="2025-06-30T18:59:47.8937016+02:00" testType="13cdc9d9-ddb5-4fa4-a97d-d965ccfc6d4b" outcome="Passed" testListId="8c84fa94-04c1-424b-9868-57a2d4851a1d" relativeResultsDirectory="5b825382-6f61-4eed-8f7f-7c1f7fde490c" />
    <UnitTestResult executionId="9d9f791c-3e80-42dd-bc04-12b05b736626" testId="20824924-0d17-ff1e-4d7b-1e65a0dd7f7d" testName="Aula.Tests.Configuration.ConfigurationTests.Features_ConversationCacheExpiration_ValidationTests(minutes: 30, isValid: True)" computerName="RHO-DESKTOP" duration="00:00:00.0512581" startTime="2025-06-30T18:59:48.2307937+02:00" endTime="2025-06-30T18:59:48.2307939+02:00" testType="13cdc9d9-ddb5-4fa4-a97d-d965ccfc6d4b" outcome="Passed" testListId="8c84fa94-04c1-424b-9868-57a2d4851a1d" relativeResultsDirectory="9d9f791c-3e80-42dd-bc04-12b05b736626" />
    <UnitTestResult executionId="05d2ec0d-45c2-435b-a9d6-8c9913803cd0" testId="9abb3739-6b0d-7f8e-6b46-0210e9a0d235" testName="Aula.Tests.Channels.SlackBotTests.PostMessage_WithMessage_DoesNotThrow" computerName="RHO-DESKTOP" duration="00:00:00.0003430" startTime="2025-06-30T18:59:48.2287846+02:00" endTime="2025-06-30T18:59:48.2287847+02:00" testType="13cdc9d9-ddb5-4fa4-a97d-d965ccfc6d4b" outcome="Passed" testListId="8c84fa94-04c1-424b-9868-57a2d4851a1d" relativeResultsDirectory="05d2ec0d-45c2-435b-a9d6-8c9913803cd0" />
    <UnitTestResult executionId="d15c63bb-6882-4bb0-891f-5d30cead64a9" testId="85a1665e-7de4-7e52-079a-cc1001b34152" testName="Aula.Tests.Utilities.JsonFormatterTests.Prettify_WithEmptyString_ReturnsNull" computerName="RHO-DESKTOP" duration="00:00:00.0156550" startTime="2025-06-30T18:59:47.1657593+02:00" endTime="2025-06-30T18:59:47.1657595+02:00" testType="13cdc9d9-ddb5-4fa4-a97d-d965ccfc6d4b" outcome="Passed" testListId="8c84fa94-04c1-424b-9868-57a2d4851a1d" relativeResultsDirectory="d15c63bb-6882-4bb0-891f-5d30cead64a9" />
    <UnitTestResult executionId="76d53a71-b516-4363-a3b1-dc827bd7c158" testId="b3d0207a-6b94-dced-4560-55d90059fc43" testName="Aula.Tests.Integration.AgentServiceTests.GetWeekLetterAsync_ReturnsCachedData_WhenAvailable" computerName="RHO-DESKTOP" duration="00:00:00.0039661" startTime="2025-06-30T18:59:48.1238732+02:00" endTime="2025-06-30T18:59:48.1238734+02:00" testType="13cdc9d9-ddb5-4fa4-a97d-d965ccfc6d4b" outcome="Passed" testListId="8c84fa94-04c1-424b-9868-57a2d4851a1d" relativeResultsDirectory="76d53a71-b516-4363-a3b1-dc827bd7c158" />
    <UnitTestResult executionId="9be6c481-dcf5-4aea-9302-62c5f0d04a6c" testId="ca4780e6-8c58-57b1-c829-fe54506e9793" testName="Aula.Tests.Bots.TelegramMessageHandlerTests.HandleMessageAsync_WithTextMessage_ProcessesSuccessfully" computerName="RHO-DESKTOP" duration="00:00:00.0010000" startTime="2025-06-30T18:59:47.5884946+02:00" endTime="2025-06-30T18:59:47.5884948+02:00" testType="13cdc9d9-ddb5-4fa4-a97d-d965ccfc6d4b" outcome="Failed" testListId="8c84fa94-04c1-424b-9868-57a2d4851a1d" relativeResultsDirectory="9be6c481-dcf5-4aea-9302-62c5f0d04a6c">
      <Output>
        <ErrorInfo>
          <Message>System.ArgumentException : Can not instantiate proxy of class: Aula.Utilities.ConversationContextManager`1[[System.Int64, System.Private.CoreLib, Version=9.0.0.0, Culture=neutral, PublicKeyToken=7cec85d7bea7798e]].
Could not find a parameterless constructor. (Parameter 'constructorArguments')
---- System.MissingMethodException : Constructor on type 'Castle.Proxies.ConversationContextManager`1Proxy' not found.</Message>
          <StackTrace>   at Castle.DynamicProxy.ProxyGenerator.CreateClassProxyInstance(Type proxyType, List`1 proxyArguments, Type classToProxy, Object[] constructorArguments)
   at Castle.DynamicProxy.ProxyGenerator.CreateClassProxy(Type classToProxy, Type[] additionalInterfacesToProxy, ProxyGenerationOptions options, Object[] constructorArguments, IInterceptor[] interceptors)
   at Moq.CastleProxyFactory.CreateProxy(Type mockType, IInterceptor interceptor, Type[] interfaces, Object[] arguments) in /_/src/Moq/Interception/CastleProxyFactory.cs:line 62
   at Moq.Mock`1.InitializeInstance() in /_/src/Moq/Mock`1.cs:line 309
   at Moq.Mock`1.OnGetObject() in /_/src/Moq/Mock`1.cs:line 323
   at Moq.Mock.get_Object() in /_/src/Moq/Mock.cs:line 181
   at Moq.Mock`1.get_Object() in /_/src/Moq/Mock`1.cs:line 281
   at Aula.Tests.Bots.TelegramMessageHandlerTests..ctor() in /mnt/d/git/aula/src/Aula.Tests/Bots/TelegramMessageHandlerTests.cs:line 63
   at System.RuntimeType.CreateInstanceDefaultCtor(Boolean publicOnly, Boolean wrapExceptions)
----- Inner Stack Trace -----
   at System.RuntimeType.CreateInstanceImpl(BindingFlags bindingAttr, Binder binder, Object[] args, CultureInfo culture)
   at Castle.DynamicProxy.ProxyGenerator.CreateClassProxyInstance(Type proxyType, List`1 proxyArguments, Type classToProxy, Object[] constructorArguments)</StackTrace>
        </ErrorInfo>
      </Output>
    </UnitTestResult>
    <UnitTestResult executionId="35051113-ea58-4051-bb81-2c16db84a358" testId="c22d3a06-485f-94be-2690-3f00833e186d" testName="Aula.Tests.Channels.SlackBotTests.PostWeekLetter_WithVariousChildNames_HandlesCorrectly(firstName: &quot;Alice&quot;)" computerName="RHO-DESKTOP" duration="00:00:00.0006039" startTime="2025-06-30T18:59:48.2058218+02:00" endTime="2025-06-30T18:59:48.2058219+02:00" testType="13cdc9d9-ddb5-4fa4-a97d-d965ccfc6d4b" outcome="Passed" testListId="8c84fa94-04c1-424b-9868-57a2d4851a1d" relativeResultsDirectory="35051113-ea58-4051-bb81-2c16db84a358" />
    <UnitTestResult executionId="6a79d0dc-f015-4119-8d16-cb4b97b71efc" testId="7e66458c-6fa0-adfa-1ecd-a6462fccce40" testName="Aula.Tests.Services.SupabaseServiceTests.Constructor_WithInvalidConfig_DoesNotThrow" computerName="RHO-DESKTOP" duration="00:00:00.0034787" startTime="2025-06-30T18:59:48.1120970+02:00" endTime="2025-06-30T18:59:48.1120971+02:00" testType="13cdc9d9-ddb5-4fa4-a97d-d965ccfc6d4b" outcome="Passed" testListId="8c84fa94-04c1-424b-9868-57a2d4851a1d" relativeResultsDirectory="6a79d0dc-f015-4119-8d16-cb4b97b71efc" />
    <UnitTestResult executionId="6d9a6bdf-7d14-4506-8b84-94b28370c94c" testId="2ec4bb68-9993-76c1-0376-5d281d5240c0" testName="Aula.Tests.Services.OpenAiServiceIntegrationTests.ProcessQueryWithToolsAsync_WithValidParameters_CallsApiWithCorrectParameters" computerName="RHO-DESKTOP" duration="00:00:00.0016865" startTime="2025-06-30T18:59:47.8480933+02:00" endTime="2025-06-30T18:59:47.8480935+02:00" testType="13cdc9d9-ddb5-4fa4-a97d-d965ccfc6d4b" outcome="Failed" testListId="8c84fa94-04c1-424b-9868-57a2d4851a1d" relativeResultsDirectory="6d9a6bdf-7d14-4506-8b84-94b28370c94c">
      <Output>
        <ErrorInfo>
          <Message>System.ArgumentException : Can not instantiate proxy of class: Aula.Tools.AiToolsManager.
Could not find a parameterless constructor. (Parameter 'constructorArguments')
---- System.MissingMethodException : Constructor on type 'Castle.Proxies.AiToolsManagerProxy' not found.</Message>
          <StackTrace>   at Castle.DynamicProxy.ProxyGenerator.CreateClassProxyInstance(Type proxyType, List`1 proxyArguments, Type classToProxy, Object[] constructorArguments)
   at Castle.DynamicProxy.ProxyGenerator.CreateClassProxy(Type classToProxy, Type[] additionalInterfacesToProxy, ProxyGenerationOptions options, Object[] constructorArguments, IInterceptor[] interceptors)
   at Moq.CastleProxyFactory.CreateProxy(Type mockType, IInterceptor interceptor, Type[] interfaces, Object[] arguments) in /_/src/Moq/Interception/CastleProxyFactory.cs:line 62
   at Moq.Mock`1.InitializeInstance() in /_/src/Moq/Mock`1.cs:line 309
   at Moq.Mock`1.OnGetObject() in /_/src/Moq/Mock`1.cs:line 323
   at Moq.Mock.get_Object() in /_/src/Moq/Mock.cs:line 181
   at Moq.Mock`1.get_Object() in /_/src/Moq/Mock`1.cs:line 281
   at Aula.Tests.Services.OpenAiServiceIntegrationTests.ProcessQueryWithToolsAsync_WithValidParameters_CallsApiWithCorrectParameters() in /mnt/d/git/aula/src/Aula.Tests/Services/OpenAiServiceIntegrationTests.cs:line 307
--- End of stack trace from previous location ---
----- Inner Stack Trace -----
   at System.RuntimeType.CreateInstanceImpl(BindingFlags bindingAttr, Binder binder, Object[] args, CultureInfo culture)
   at Castle.DynamicProxy.ProxyGenerator.CreateClassProxyInstance(Type proxyType, List`1 proxyArguments, Type classToProxy, Object[] constructorArguments)</StackTrace>
        </ErrorInfo>
      </Output>
    </UnitTestResult>
    <UnitTestResult executionId="8b5dad12-0444-4958-b838-bd9cece26049" testId="74223507-0b05-49e9-aad1-655b0b7c8f6e" testName="Aula.Tests.Channels.SlackBotTests.PushWeekLetter_WithNullWeekLetter_ReturnsFalse" computerName="RHO-DESKTOP" duration="00:00:00.0016658" startTime="2025-06-30T18:59:48.2224856+02:00" endTime="2025-06-30T18:59:48.2224857+02:00" testType="13cdc9d9-ddb5-4fa4-a97d-d965ccfc6d4b" outcome="Passed" testListId="8c84fa94-04c1-424b-9868-57a2d4851a1d" relativeResultsDirectory="8b5dad12-0444-4958-b838-bd9cece26049" />
    <UnitTestResult executionId="4561ea0f-9446-48fa-be11-d26f765207f2" testId="aa45be65-ee7b-6980-b008-5b44e798506b" testName="Aula.Tests.Channels.SlackBotTests.PostWeekLetter_WithVariousChildColors_HandlesCorrectly(color: &quot;#FF0000&quot;)" computerName="RHO-DESKTOP" duration="00:00:00.0014802" startTime="2025-06-30T18:59:48.2216794+02:00" endTime="2025-06-30T18:59:48.2216796+02:00" testType="13cdc9d9-ddb5-4fa4-a97d-d965ccfc6d4b" outcome="Passed" testListId="8c84fa94-04c1-424b-9868-57a2d4851a1d" relativeResultsDirectory="4561ea0f-9446-48fa-be11-d26f765207f2" />
    <UnitTestResult executionId="b43baf0c-b2fd-42b9-8d38-69d4711cd0ae" testId="83266911-8f44-8cb8-141e-0c21973cceb8" testName="Aula.Tests.Utilities.IntentAnalysisPromptsTests.GetFormattedPrompt_WithVariousQueries_ReturnsValidPrompt(query: &quot;Help me&quot;)" computerName="RHO-DESKTOP" duration="00:00:00.0002649" startTime="2025-06-30T18:59:48.1565932+02:00" endTime="2025-06-30T18:59:48.1565933+02:00" testType="13cdc9d9-ddb5-4fa4-a97d-d965ccfc6d4b" outcome="Passed" testListId="8c84fa94-04c1-424b-9868-57a2d4851a1d" relativeResultsDirectory="b43baf0c-b2fd-42b9-8d38-69d4711cd0ae" />
    <UnitTestResult executionId="140ca94e-37c1-488e-8143-6c7262d4c8f9" testId="1165a140-06de-3614-5098-865084a74fa6" testName="Aula.Tests.Channels.SlackBotTests.SendTestMessage_WithVariousMessages_DoesNotThrow(message: &quot;&quot;)" computerName="RHO-DESKTOP" duration="00:00:00.0010255" startTime="2025-06-30T18:59:48.2242068+02:00" endTime="2025-06-30T18:59:48.2242070+02:00" testType="13cdc9d9-ddb5-4fa4-a97d-d965ccfc6d4b" outcome="Passed" testListId="8c84fa94-04c1-424b-9868-57a2d4851a1d" relativeResultsDirectory="140ca94e-37c1-488e-8143-6c7262d4c8f9" />
    <UnitTestResult executionId="6fac8361-7923-4e3b-921f-089d550d67e0" testId="f27323f0-86ce-1e1b-2a7d-c904454ba29a" testName="Aula.Tests.Tools.ReminderCommandHandlerTests.TryHandleReminderCommand_NonReminderCommands_ReturnsFalse(command: &quot;how are you?&quot;)" computerName="RHO-DESKTOP" duration="00:00:00.0001544" startTime="2025-06-30T18:59:47.9256662+02:00" endTime="2025-06-30T18:59:47.9256665+02:00" testType="13cdc9d9-ddb5-4fa4-a97d-d965ccfc6d4b" outcome="Passed" testListId="8c84fa94-04c1-424b-9868-57a2d4851a1d" relativeResultsDirectory="6fac8361-7923-4e3b-921f-089d550d67e0" />
    <UnitTestResult executionId="a660c8ab-60fb-49d3-937a-12b7f302124f" testId="9459ef9a-ed9e-7e04-b1e7-d4cc74d49390" testName="Aula.Tests.Utilities.IntentAnalysisPromptsTests.ToolExamples_ContainsRequiredKeys(key: &quot;CREATE_REMINDER&quot;)" computerName="RHO-DESKTOP" duration="00:00:00.0000050" startTime="2025-06-30T18:59:48.1940872+02:00" endTime="2025-06-30T18:59:48.1940873+02:00" testType="13cdc9d9-ddb5-4fa4-a97d-d965ccfc6d4b" outcome="Passed" testListId="8c84fa94-04c1-424b-9868-57a2d4851a1d" relativeResultsDirectory="a660c8ab-60fb-49d3-937a-12b7f302124f" />
    <UnitTestResult executionId="9289b42a-202c-49b4-b2ef-03f000b01890" testId="3516f5e6-d761-9079-ee12-f11189d2dee7" testName="Aula.Tests.Utilities.DateTimeUtilitiesTests.GetDanishDayName_ValidDayOfWeek_ReturnsCorrectDanishName(dayOfWeek: Friday, expectedDanishName: &quot;fredag&quot;)" computerName="RHO-DESKTOP" duration="00:00:00.0000049" startTime="2025-06-30T18:59:48.1677705+02:00" endTime="2025-06-30T18:59:48.1677706+02:00" testType="13cdc9d9-ddb5-4fa4-a97d-d965ccfc6d4b" outcome="Passed" testListId="8c84fa94-04c1-424b-9868-57a2d4851a1d" relativeResultsDirectory="9289b42a-202c-49b4-b2ef-03f000b01890" />
    <UnitTestResult executionId="35d751b5-e6a9-4802-8bec-9c7eb979d25b" testId="69d1c74a-49ac-9f2b-6362-7fb9e78b2a92" testName="Aula.Tests.Services.OpenAiServiceIntegrationTests.SummarizeWeekLetterAsync_WithNullWeekLetter_ThrowsArgumentNullException(chatInterface: Telegram)" computerName="RHO-DESKTOP" duration="00:00:00.0064115" startTime="2025-06-30T18:59:47.8338476+02:00" endTime="2025-06-30T18:59:47.8338478+02:00" testType="13cdc9d9-ddb5-4fa4-a97d-d965ccfc6d4b" outcome="Failed" testListId="8c84fa94-04c1-424b-9868-57a2d4851a1d" relativeResultsDirectory="35d751b5-e6a9-4802-8bec-9c7eb979d25b">
      <Output>
        <ErrorInfo>
          <Message>System.ArgumentException : Can not instantiate proxy of class: Aula.Tools.AiToolsManager.
Could not find a parameterless constructor. (Parameter 'constructorArguments')
---- System.MissingMethodException : Constructor on type 'Castle.Proxies.AiToolsManagerProxy' not found.</Message>
          <StackTrace>   at Castle.DynamicProxy.ProxyGenerator.CreateClassProxyInstance(Type proxyType, List`1 proxyArguments, Type classToProxy, Object[] constructorArguments)
   at Castle.DynamicProxy.ProxyGenerator.CreateClassProxy(Type classToProxy, Type[] additionalInterfacesToProxy, ProxyGenerationOptions options, Object[] constructorArguments, IInterceptor[] interceptors)
   at Moq.CastleProxyFactory.CreateProxy(Type mockType, IInterceptor interceptor, Type[] interfaces, Object[] arguments) in /_/src/Moq/Interception/CastleProxyFactory.cs:line 62
   at Moq.Mock`1.InitializeInstance() in /_/src/Moq/Mock`1.cs:line 309
   at Moq.Mock`1.OnGetObject() in /_/src/Moq/Mock`1.cs:line 323
   at Moq.Mock.get_Object() in /_/src/Moq/Mock.cs:line 181
   at Moq.Mock`1.get_Object() in /_/src/Moq/Mock`1.cs:line 281
   at Aula.Tests.Services.OpenAiServiceIntegrationTests.SummarizeWeekLetterAsync_WithNullWeekLetter_ThrowsArgumentNullException(ChatInterface chatInterface) in /mnt/d/git/aula/src/Aula.Tests/Services/OpenAiServiceIntegrationTests.cs:line 108
--- End of stack trace from previous location ---
----- Inner Stack Trace -----
   at System.RuntimeType.CreateInstanceImpl(BindingFlags bindingAttr, Binder binder, Object[] args, CultureInfo culture)
   at Castle.DynamicProxy.ProxyGenerator.CreateClassProxyInstance(Type proxyType, List`1 proxyArguments, Type classToProxy, Object[] constructorArguments)</StackTrace>
        </ErrorInfo>
      </Output>
    </UnitTestResult>
    <UnitTestResult executionId="134f5297-7e5c-4a62-9c7c-f7ffd457d905" testId="9c77e674-1e21-ff83-b112-8e3149d27b83" testName="Aula.Tests.Tools.AiToolsManagerTests.GetWeekLetters_WithNonExistentChild_ReturnsError" computerName="RHO-DESKTOP" duration="00:00:00.0005100" startTime="2025-06-30T18:59:47.9375295+02:00" endTime="2025-06-30T18:59:47.9375297+02:00" testType="13cdc9d9-ddb5-4fa4-a97d-d965ccfc6d4b" outcome="Passed" testListId="8c84fa94-04c1-424b-9868-57a2d4851a1d" relativeResultsDirectory="134f5297-7e5c-4a62-9c7c-f7ffd457d905" />
    <UnitTestResult executionId="0ef2d302-e9ec-42f7-bb53-816e9b023437" testId="d0fb0f26-05d6-fd5b-00ba-97eda4e7b49a" testName="Aula.Tests.Bots.SlackMessageHandlerTests.HandleMessageAsync_WithHelpCommand_ProcessesHelpMessage(helpCommand: &quot;HELP&quot;)" computerName="RHO-DESKTOP" duration="00:00:00.0010000" startTime="2025-06-30T18:59:47.5309402+02:00" endTime="2025-06-30T18:59:47.5309404+02:00" testType="13cdc9d9-ddb5-4fa4-a97d-d965ccfc6d4b" outcome="Failed" testListId="8c84fa94-04c1-424b-9868-57a2d4851a1d" relativeResultsDirectory="0ef2d302-e9ec-42f7-bb53-816e9b023437">
      <Output>
        <ErrorInfo>
          <Message>System.ArgumentException : Can not instantiate proxy of class: Aula.Tools.ReminderCommandHandler.
Could not find a parameterless constructor. (Parameter 'constructorArguments')
---- System.MissingMethodException : Constructor on type 'Castle.Proxies.ReminderCommandHandlerProxy' not found.</Message>
          <StackTrace>   at Castle.DynamicProxy.ProxyGenerator.CreateClassProxyInstance(Type proxyType, List`1 proxyArguments, Type classToProxy, Object[] constructorArguments)
   at Castle.DynamicProxy.ProxyGenerator.CreateClassProxy(Type classToProxy, Type[] additionalInterfacesToProxy, ProxyGenerationOptions options, Object[] constructorArguments, IInterceptor[] interceptors)
   at Moq.CastleProxyFactory.CreateProxy(Type mockType, IInterceptor interceptor, Type[] interfaces, Object[] arguments) in /_/src/Moq/Interception/CastleProxyFactory.cs:line 62
   at Moq.Mock`1.InitializeInstance() in /_/src/Moq/Mock`1.cs:line 309
   at Moq.Mock`1.OnGetObject() in /_/src/Moq/Mock`1.cs:line 323
   at Moq.Mock.get_Object() in /_/src/Moq/Mock.cs:line 181
   at Moq.Mock`1.get_Object() in /_/src/Moq/Mock`1.cs:line 281
   at Aula.Tests.Bots.SlackMessageHandlerTests..ctor() in /mnt/d/git/aula/src/Aula.Tests/Bots/SlackMessageHandlerTests.cs:line 57
   at System.RuntimeType.CreateInstanceDefaultCtor(Boolean publicOnly, Boolean wrapExceptions)
----- Inner Stack Trace -----
   at System.RuntimeType.CreateInstanceImpl(BindingFlags bindingAttr, Binder binder, Object[] args, CultureInfo culture)
   at Castle.DynamicProxy.ProxyGenerator.CreateClassProxyInstance(Type proxyType, List`1 proxyArguments, Type classToProxy, Object[] constructorArguments)</StackTrace>
        </ErrorInfo>
      </Output>
    </UnitTestResult>
    <UnitTestResult executionId="09f3fe45-25b5-4d06-9fe2-bd068de88f64" testId="d2358b75-2179-dc76-97f4-8e1dfce3fe98" testName="Aula.Tests.Utilities.ReminderExtractionPromptsTests.GetExtractionPrompt_ResponseFormat_IsConsistent" computerName="RHO-DESKTOP" duration="00:00:00.0003362" startTime="2025-06-30T18:59:47.8127246+02:00" endTime="2025-06-30T18:59:47.8127247+02:00" testType="13cdc9d9-ddb5-4fa4-a97d-d965ccfc6d4b" outcome="Passed" testListId="8c84fa94-04c1-424b-9868-57a2d4851a1d" relativeResultsDirectory="09f3fe45-25b5-4d06-9fe2-bd068de88f64" />
    <UnitTestResult executionId="43340268-4f73-4026-8d9a-427200ced308" testId="a40f32ef-bb76-d332-6d7b-f2a216398660" testName="Aula.Tests.Channels.SlackBotTests.PostWeekLetter_WithVariousChildColors_HandlesCorrectly(color: &quot;&quot;)" computerName="RHO-DESKTOP" duration="00:00:00.0012824" startTime="2025-06-30T18:59:48.2200030+02:00" endTime="2025-06-30T18:59:48.2200031+02:00" testType="13cdc9d9-ddb5-4fa4-a97d-d965ccfc6d4b" outcome="Passed" testListId="8c84fa94-04c1-424b-9868-57a2d4851a1d" relativeResultsDirectory="43340268-4f73-4026-8d9a-427200ced308" />
    <UnitTestResult executionId="93a5b2b8-6c22-4f0b-a080-8d1701c4ceac" testId="4adb4c0d-617b-d891-f63e-7a014d4b7e39" testName="Aula.Tests.Bots.TelegramInteractiveBotTests.SendMessage_WithException_LogsError" computerName="RHO-DESKTOP" duration="00:00:00.0025490" startTime="2025-06-30T18:59:48.7315501+02:00" endTime="2025-06-30T18:59:48.7315503+02:00" testType="13cdc9d9-ddb5-4fa4-a97d-d965ccfc6d4b" outcome="Passed" testListId="8c84fa94-04c1-424b-9868-57a2d4851a1d" relativeResultsDirectory="93a5b2b8-6c22-4f0b-a080-8d1701c4ceac" />
    <UnitTestResult executionId="14afae48-88bc-475d-a540-3efb85d3456e" testId="1db76d8f-f5a5-dcb7-9657-e7f194b55049" testName="Aula.Tests.Utilities.ReminderExtractionPromptsTests.GetExtractionPrompt_WithBasicQuery_ReturnsValidPrompt" computerName="RHO-DESKTOP" duration="00:00:00.0217304" startTime="2025-06-30T18:59:47.7842283+02:00" endTime="2025-06-30T18:59:47.7842284+02:00" testType="13cdc9d9-ddb5-4fa4-a97d-d965ccfc6d4b" outcome="Passed" testListId="8c84fa94-04c1-424b-9868-57a2d4851a1d" relativeResultsDirectory="14afae48-88bc-475d-a540-3efb85d3456e" />
    <UnitTestResult executionId="773f6856-fa55-41ce-9b12-4e789718cf59" testId="0d3d8599-f426-1393-a900-8c97239c2db0" testName="Aula.Tests.Bots.SlackMessageHandlerTests.Constructor_WithNullChildrenByName_ThrowsArgumentNullException" computerName="RHO-DESKTOP" duration="00:00:00.0010000" startTime="2025-06-30T18:59:47.6479242+02:00" endTime="2025-06-30T18:59:47.6479244+02:00" testType="13cdc9d9-ddb5-4fa4-a97d-d965ccfc6d4b" outcome="Failed" testListId="8c84fa94-04c1-424b-9868-57a2d4851a1d" relativeResultsDirectory="773f6856-fa55-41ce-9b12-4e789718cf59">
      <Output>
        <ErrorInfo>
          <Message>System.ArgumentException : Can not instantiate proxy of class: Aula.Tools.ReminderCommandHandler.
Could not find a parameterless constructor. (Parameter 'constructorArguments')
---- System.MissingMethodException : Constructor on type 'Castle.Proxies.ReminderCommandHandlerProxy' not found.</Message>
          <StackTrace>   at Castle.DynamicProxy.ProxyGenerator.CreateClassProxyInstance(Type proxyType, List`1 proxyArguments, Type classToProxy, Object[] constructorArguments)
   at Castle.DynamicProxy.ProxyGenerator.CreateClassProxy(Type classToProxy, Type[] additionalInterfacesToProxy, ProxyGenerationOptions options, Object[] constructorArguments, IInterceptor[] interceptors)
   at Moq.CastleProxyFactory.CreateProxy(Type mockType, IInterceptor interceptor, Type[] interfaces, Object[] arguments) in /_/src/Moq/Interception/CastleProxyFactory.cs:line 62
   at Moq.Mock`1.InitializeInstance() in /_/src/Moq/Mock`1.cs:line 309
   at Moq.Mock`1.OnGetObject() in /_/src/Moq/Mock`1.cs:line 323
   at Moq.Mock.get_Object() in /_/src/Moq/Mock.cs:line 181
   at Moq.Mock`1.get_Object() in /_/src/Moq/Mock`1.cs:line 281
   at Aula.Tests.Bots.SlackMessageHandlerTests..ctor() in /mnt/d/git/aula/src/Aula.Tests/Bots/SlackMessageHandlerTests.cs:line 57
   at System.RuntimeType.CreateInstanceDefaultCtor(Boolean publicOnly, Boolean wrapExceptions)
----- Inner Stack Trace -----
   at System.RuntimeType.CreateInstanceImpl(BindingFlags bindingAttr, Binder binder, Object[] args, CultureInfo culture)
   at Castle.DynamicProxy.ProxyGenerator.CreateClassProxyInstance(Type proxyType, List`1 proxyArguments, Type classToProxy, Object[] constructorArguments)</StackTrace>
        </ErrorInfo>
      </Output>
    </UnitTestResult>
    <UnitTestResult executionId="1285909e-3abd-479f-b524-7be88c7dbcaa" testId="465ed908-4041-5a87-afb1-27b6b5171191" testName="Aula.Tests.Bots.TelegramMessageHandlerTests.Constructor_WithNullSupabaseService_ThrowsArgumentNullException" computerName="RHO-DESKTOP" duration="00:00:00.0010000" startTime="2025-06-30T18:59:47.5449311+02:00" endTime="2025-06-30T18:59:47.5449313+02:00" testType="13cdc9d9-ddb5-4fa4-a97d-d965ccfc6d4b" outcome="Failed" testListId="8c84fa94-04c1-424b-9868-57a2d4851a1d" relativeResultsDirectory="1285909e-3abd-479f-b524-7be88c7dbcaa">
      <Output>
        <ErrorInfo>
          <Message>System.ArgumentException : Can not instantiate proxy of class: Aula.Utilities.ConversationContextManager`1[[System.Int64, System.Private.CoreLib, Version=9.0.0.0, Culture=neutral, PublicKeyToken=7cec85d7bea7798e]].
Could not find a parameterless constructor. (Parameter 'constructorArguments')
---- System.MissingMethodException : Constructor on type 'Castle.Proxies.ConversationContextManager`1Proxy' not found.</Message>
          <StackTrace>   at Castle.DynamicProxy.ProxyGenerator.CreateClassProxyInstance(Type proxyType, List`1 proxyArguments, Type classToProxy, Object[] constructorArguments)
   at Castle.DynamicProxy.ProxyGenerator.CreateClassProxy(Type classToProxy, Type[] additionalInterfacesToProxy, ProxyGenerationOptions options, Object[] constructorArguments, IInterceptor[] interceptors)
   at Moq.CastleProxyFactory.CreateProxy(Type mockType, IInterceptor interceptor, Type[] interfaces, Object[] arguments) in /_/src/Moq/Interception/CastleProxyFactory.cs:line 62
   at Moq.Mock`1.InitializeInstance() in /_/src/Moq/Mock`1.cs:line 309
   at Moq.Mock`1.OnGetObject() in /_/src/Moq/Mock`1.cs:line 323
   at Moq.Mock.get_Object() in /_/src/Moq/Mock.cs:line 181
   at Moq.Mock`1.get_Object() in /_/src/Moq/Mock`1.cs:line 281
   at Aula.Tests.Bots.TelegramMessageHandlerTests..ctor() in /mnt/d/git/aula/src/Aula.Tests/Bots/TelegramMessageHandlerTests.cs:line 63
   at System.RuntimeType.CreateInstanceDefaultCtor(Boolean publicOnly, Boolean wrapExceptions)
----- Inner Stack Trace -----
   at System.RuntimeType.CreateInstanceImpl(BindingFlags bindingAttr, Binder binder, Object[] args, CultureInfo culture)
   at Castle.DynamicProxy.ProxyGenerator.CreateClassProxyInstance(Type proxyType, List`1 proxyArguments, Type classToProxy, Object[] constructorArguments)</StackTrace>
        </ErrorInfo>
      </Output>
    </UnitTestResult>
    <UnitTestResult executionId="4118ee14-050a-47db-ad3c-b768319d1b60" testId="c7840475-aca4-af75-0ca9-66bc604a8dbe" testName="Aula.Tests.Tools.ReminderCommandHandlerTests.TryHandleReminderCommand_DateParsing_TomorrowAndToday_WorksCorrectly" computerName="RHO-DESKTOP" duration="00:00:00.0080883" startTime="2025-06-30T18:59:48.0751945+02:00" endTime="2025-06-30T18:59:48.0751946+02:00" testType="13cdc9d9-ddb5-4fa4-a97d-d965ccfc6d4b" outcome="Passed" testListId="8c84fa94-04c1-424b-9868-57a2d4851a1d" relativeResultsDirectory="4118ee14-050a-47db-ad3c-b768319d1b60" />
    <UnitTestResult executionId="7f44d915-773e-4999-9fe8-fc00f53f0fc1" testId="2c4f5c38-e0cd-3355-85e7-bc13205402ed" testName="Aula.Tests.Tools.ReminderCommandHandlerTests.TryHandleReminderCommand_ListReminders_ValidCommands_ReturnsRemindersList(command: &quot;list reminders&quot;, isEnglish: True)" computerName="RHO-DESKTOP" duration="00:00:00.0003079" startTime="2025-06-30T18:59:48.0608783+02:00" endTime="2025-06-30T18:59:48.0608786+02:00" testType="13cdc9d9-ddb5-4fa4-a97d-d965ccfc6d4b" outcome="Passed" testListId="8c84fa94-04c1-424b-9868-57a2d4851a1d" relativeResultsDirectory="7f44d915-773e-4999-9fe8-fc00f53f0fc1" />
    <UnitTestResult executionId="6fd1009b-49ca-40ce-b776-ad97ccef7fa3" testId="e668ce24-c1a0-98ca-9d76-99447ce236e8" testName="Aula.Tests.Utilities.IntentAnalysisPromptsTests.ToolExamples_CoverExpectedUseCase(expectedKey: &quot;CREATE_REMINDER&quot;, queryPattern: &quot;remind&quot;)" computerName="RHO-DESKTOP" duration="00:00:00.0003668" startTime="2025-06-30T18:59:48.1818228+02:00" endTime="2025-06-30T18:59:48.1818229+02:00" testType="13cdc9d9-ddb5-4fa4-a97d-d965ccfc6d4b" outcome="Passed" testListId="8c84fa94-04c1-424b-9868-57a2d4851a1d" relativeResultsDirectory="6fd1009b-49ca-40ce-b776-ad97ccef7fa3" />
    <UnitTestResult executionId="b2001b15-41ae-4e9c-bbdc-5b70fb1000db" testId="aef92e61-6107-1b9f-7603-daa021c2c030" testName="Aula.Tests.Utilities.ReminderExtractionPromptsTests.GetExtractionPrompt_IncludesCurrentTime" computerName="RHO-DESKTOP" duration="00:00:00.0002019" startTime="2025-06-30T18:59:47.8120712+02:00" endTime="2025-06-30T18:59:47.8120713+02:00" testType="13cdc9d9-ddb5-4fa4-a97d-d965ccfc6d4b" outcome="Passed" testListId="8c84fa94-04c1-424b-9868-57a2d4851a1d" relativeResultsDirectory="b2001b15-41ae-4e9c-bbdc-5b70fb1000db" />
    <UnitTestResult executionId="00106380-5a5e-4e36-aa30-7bb334e18f94" testId="85d0bba0-b6e6-710e-0b38-be2340b6cfc9" testName="Aula.Tests.Configuration.ConfigurationTests.Features_ConversationCacheExpiration_ValidationTests(minutes: 0, isValid: False)" computerName="RHO-DESKTOP" duration="00:00:00.0119823" startTime="2025-06-30T18:59:48.2357679+02:00" endTime="2025-06-30T18:59:48.2357680+02:00" testType="13cdc9d9-ddb5-4fa4-a97d-d965ccfc6d4b" outcome="Passed" testListId="8c84fa94-04c1-424b-9868-57a2d4851a1d" relativeResultsDirectory="00106380-5a5e-4e36-aa30-7bb334e18f94" />
    <UnitTestResult executionId="5cecaf68-e7ef-472e-915b-aef0dc73c5bc" testId="63a4082c-526e-0303-add0-711bb075125c" testName="Aula.Tests.Services.OpenAiServiceIntegrationTests.Constructor_WithNullAiToolsManager_ThrowsArgumentNullException" computerName="RHO-DESKTOP" duration="00:00:00.0008194" startTime="2025-06-30T18:59:47.7981234+02:00" endTime="2025-06-30T18:59:47.7981237+02:00" testType="13cdc9d9-ddb5-4fa4-a97d-d965ccfc6d4b" outcome="Passed" testListId="8c84fa94-04c1-424b-9868-57a2d4851a1d" relativeResultsDirectory="5cecaf68-e7ef-472e-915b-aef0dc73c5bc" />
    <UnitTestResult executionId="59400483-b761-4cd1-b6be-19857fe6a50f" testId="752d40b4-ceac-535b-c245-39fed899e450" testName="Aula.Tests.Utilities.IntentAnalysisPromptsTests.ToolExamples_ContainsRequiredKeys(key: &quot;CREATE_REMINDER_DANISH&quot;)" computerName="RHO-DESKTOP" duration="00:00:00.0003075" startTime="2025-06-30T18:59:48.1916373+02:00" endTime="2025-06-30T18:59:48.1916374+02:00" testType="13cdc9d9-ddb5-4fa4-a97d-d965ccfc6d4b" outcome="Passed" testListId="8c84fa94-04c1-424b-9868-57a2d4851a1d" relativeResultsDirectory="59400483-b761-4cd1-b6be-19857fe6a50f" />
    <UnitTestResult executionId="bd699a81-9f5f-4e4e-9ff8-5e58ddf22191" testId="f98f128e-bc4d-8b9e-2582-4a4421f13428" testName="Aula.Tests.Utilities.IntentAnalysisPromptsTests.AnalysisTemplate_ContainsInstructionsForBothResponseTypes" computerName="RHO-DESKTOP" duration="00:00:00.0003174" startTime="2025-06-30T18:59:48.2120082+02:00" endTime="2025-06-30T18:59:48.2120083+02:00" testType="13cdc9d9-ddb5-4fa4-a97d-d965ccfc6d4b" outcome="Passed" testListId="8c84fa94-04c1-424b-9868-57a2d4851a1d" relativeResultsDirectory="bd699a81-9f5f-4e4e-9ff8-5e58ddf22191" />
    <UnitTestResult executionId="acdde4dd-249e-4af4-9384-cda0e14bf2ff" testId="4aa54f00-5a60-e1ca-de86-bd0d6c5bb993" testName="Aula.Tests.Utilities.Html2SlackMarkdownConverterTests.Convert_WithMixedContentAndTags_ProcessesCorrectly" computerName="RHO-DESKTOP" duration="00:00:00.0011885" startTime="2025-06-30T18:59:48.2590135+02:00" endTime="2025-06-30T18:59:48.2590136+02:00" testType="13cdc9d9-ddb5-4fa4-a97d-d965ccfc6d4b" outcome="Passed" testListId="8c84fa94-04c1-424b-9868-57a2d4851a1d" relativeResultsDirectory="acdde4dd-249e-4af4-9384-cda0e14bf2ff" />
    <UnitTestResult executionId="2eb43417-e373-4a5f-a3ce-8377069f337c" testId="cffbdb32-a5ce-3149-2be9-2e224df2f82b" testName="Aula.Tests.Tools.AiToolsManagerTests.DeleteReminderAsync_WithValidNumber_DeletesReminder" computerName="RHO-DESKTOP" duration="00:00:00.0397507" startTime="2025-06-30T18:59:47.9248880+02:00" endTime="2025-06-30T18:59:47.9248883+02:00" testType="13cdc9d9-ddb5-4fa4-a97d-d965ccfc6d4b" outcome="Passed" testListId="8c84fa94-04c1-424b-9868-57a2d4851a1d" relativeResultsDirectory="2eb43417-e373-4a5f-a3ce-8377069f337c" />
    <UnitTestResult executionId="e2b6159a-0c33-4a92-b171-ac70dde3e091" testId="6adeca65-1d67-3030-b131-cc9b902991d4" testName="Aula.Tests.Configuration.ConfigurationTests.Timers_SchedulingInterval_ValidationTests(intervalSeconds: 60, isValid: True)" computerName="RHO-DESKTOP" duration="00:00:00.0079468" startTime="2025-06-30T18:59:48.2634469+02:00" endTime="2025-06-30T18:59:48.2634470+02:00" testType="13cdc9d9-ddb5-4fa4-a97d-d965ccfc6d4b" outcome="Passed" testListId="8c84fa94-04c1-424b-9868-57a2d4851a1d" relativeResultsDirectory="e2b6159a-0c33-4a92-b171-ac70dde3e091" />
    <UnitTestResult executionId="5b52a540-1954-4251-a759-f647b7f23950" testId="ab3aafbd-fe25-4a7f-3bda-69e06a94b6ee" testName="Aula.Tests.Bots.SlackMessageHandlerTests.HandleMessageAsync_WithException_LogsErrorAndReturnsFalse" computerName="RHO-DESKTOP" duration="00:00:00.0010000" startTime="2025-06-30T18:59:47.6584835+02:00" endTime="2025-06-30T18:59:47.6584837+02:00" testType="13cdc9d9-ddb5-4fa4-a97d-d965ccfc6d4b" outcome="Failed" testListId="8c84fa94-04c1-424b-9868-57a2d4851a1d" relativeResultsDirectory="5b52a540-1954-4251-a759-f647b7f23950">
      <Output>
        <ErrorInfo>
          <Message>System.ArgumentException : Can not instantiate proxy of class: Aula.Tools.ReminderCommandHandler.
Could not find a parameterless constructor. (Parameter 'constructorArguments')
---- System.MissingMethodException : Constructor on type 'Castle.Proxies.ReminderCommandHandlerProxy' not found.</Message>
          <StackTrace>   at Castle.DynamicProxy.ProxyGenerator.CreateClassProxyInstance(Type proxyType, List`1 proxyArguments, Type classToProxy, Object[] constructorArguments)
   at Castle.DynamicProxy.ProxyGenerator.CreateClassProxy(Type classToProxy, Type[] additionalInterfacesToProxy, ProxyGenerationOptions options, Object[] constructorArguments, IInterceptor[] interceptors)
   at Moq.CastleProxyFactory.CreateProxy(Type mockType, IInterceptor interceptor, Type[] interfaces, Object[] arguments) in /_/src/Moq/Interception/CastleProxyFactory.cs:line 62
   at Moq.Mock`1.InitializeInstance() in /_/src/Moq/Mock`1.cs:line 309
   at Moq.Mock`1.OnGetObject() in /_/src/Moq/Mock`1.cs:line 323
   at Moq.Mock.get_Object() in /_/src/Moq/Mock.cs:line 181
   at Moq.Mock`1.get_Object() in /_/src/Moq/Mock`1.cs:line 281
   at Aula.Tests.Bots.SlackMessageHandlerTests..ctor() in /mnt/d/git/aula/src/Aula.Tests/Bots/SlackMessageHandlerTests.cs:line 57
   at System.RuntimeType.CreateInstanceDefaultCtor(Boolean publicOnly, Boolean wrapExceptions)
----- Inner Stack Trace -----
   at System.RuntimeType.CreateInstanceImpl(BindingFlags bindingAttr, Binder binder, Object[] args, CultureInfo culture)
   at Castle.DynamicProxy.ProxyGenerator.CreateClassProxyInstance(Type proxyType, List`1 proxyArguments, Type classToProxy, Object[] constructorArguments)</StackTrace>
        </ErrorInfo>
      </Output>
    </UnitTestResult>
    <UnitTestResult executionId="129174af-5558-4c2a-b50b-d272cea6e211" testId="809b830f-f032-72fe-7382-c6d2ac899d33" testName="Aula.Tests.Utilities.JsonFormatterTests.Prettify_WithInvalidJson_ThrowsJsonException" computerName="RHO-DESKTOP" duration="00:00:00.0004137" startTime="2025-06-30T18:59:47.2715633+02:00" endTime="2025-06-30T18:59:47.2715634+02:00" testType="13cdc9d9-ddb5-4fa4-a97d-d965ccfc6d4b" outcome="Passed" testListId="8c84fa94-04c1-424b-9868-57a2d4851a1d" relativeResultsDirectory="129174af-5558-4c2a-b50b-d272cea6e211" />
    <UnitTestResult executionId="9033fffe-c97a-4866-8abe-49aa7ba07b9f" testId="d484adb7-a52c-1efb-9dd8-63c19447b60d" testName="Aula.Tests.Bots.SlackMessageHandlerTests.Constructor_WithNullHttpClient_ThrowsArgumentNullException" computerName="RHO-DESKTOP" duration="00:00:00.0010000" startTime="2025-06-30T18:59:47.5488012+02:00" endTime="2025-06-30T18:59:47.5488014+02:00" testType="13cdc9d9-ddb5-4fa4-a97d-d965ccfc6d4b" outcome="Failed" testListId="8c84fa94-04c1-424b-9868-57a2d4851a1d" relativeResultsDirectory="9033fffe-c97a-4866-8abe-49aa7ba07b9f">
      <Output>
        <ErrorInfo>
          <Message>System.ArgumentException : Can not instantiate proxy of class: Aula.Tools.ReminderCommandHandler.
Could not find a parameterless constructor. (Parameter 'constructorArguments')
---- System.MissingMethodException : Constructor on type 'Castle.Proxies.ReminderCommandHandlerProxy' not found.</Message>
          <StackTrace>   at Castle.DynamicProxy.ProxyGenerator.CreateClassProxyInstance(Type proxyType, List`1 proxyArguments, Type classToProxy, Object[] constructorArguments)
   at Castle.DynamicProxy.ProxyGenerator.CreateClassProxy(Type classToProxy, Type[] additionalInterfacesToProxy, ProxyGenerationOptions options, Object[] constructorArguments, IInterceptor[] interceptors)
   at Moq.CastleProxyFactory.CreateProxy(Type mockType, IInterceptor interceptor, Type[] interfaces, Object[] arguments) in /_/src/Moq/Interception/CastleProxyFactory.cs:line 62
   at Moq.Mock`1.InitializeInstance() in /_/src/Moq/Mock`1.cs:line 309
   at Moq.Mock`1.OnGetObject() in /_/src/Moq/Mock`1.cs:line 323
   at Moq.Mock.get_Object() in /_/src/Moq/Mock.cs:line 181
   at Moq.Mock`1.get_Object() in /_/src/Moq/Mock`1.cs:line 281
   at Aula.Tests.Bots.SlackMessageHandlerTests..ctor() in /mnt/d/git/aula/src/Aula.Tests/Bots/SlackMessageHandlerTests.cs:line 57
   at System.RuntimeType.CreateInstanceDefaultCtor(Boolean publicOnly, Boolean wrapExceptions)
----- Inner Stack Trace -----
   at System.RuntimeType.CreateInstanceImpl(BindingFlags bindingAttr, Binder binder, Object[] args, CultureInfo culture)
   at Castle.DynamicProxy.ProxyGenerator.CreateClassProxyInstance(Type proxyType, List`1 proxyArguments, Type classToProxy, Object[] constructorArguments)</StackTrace>
        </ErrorInfo>
      </Output>
    </UnitTestResult>
    <UnitTestResult executionId="e68cab04-b71e-4b9a-9650-dca71fcfd433" testId="19f2e1ca-d1c7-2af8-caa8-282a0071f76c" testName="Aula.Tests.Utilities.FollowUpQuestionDetectorTests.IsFollowUpQuestion_WithStartingFollowUpWords_ReturnsTrue(input: &quot;And Liam&quot;)" computerName="RHO-DESKTOP" duration="00:00:00.0002311" startTime="2025-06-30T18:59:47.9919640+02:00" endTime="2025-06-30T18:59:47.9919641+02:00" testType="13cdc9d9-ddb5-4fa4-a97d-d965ccfc6d4b" outcome="Passed" testListId="8c84fa94-04c1-424b-9868-57a2d4851a1d" relativeResultsDirectory="e68cab04-b71e-4b9a-9650-dca71fcfd433" />
    <UnitTestResult executionId="78f7b11d-be24-4ca7-a7cf-308bee39df20" testId="a779e8fb-6c0d-9d3b-3942-4cfee84facb5" testName="Aula.Tests.Utilities.IntentAnalysisPromptsTests.ToolExamples_ContainsExpectedEntries" computerName="RHO-DESKTOP" duration="00:00:00.0002297" startTime="2025-06-30T18:59:48.2001881+02:00" endTime="2025-06-30T18:59:48.2001882+02:00" testType="13cdc9d9-ddb5-4fa4-a97d-d965ccfc6d4b" outcome="Passed" testListId="8c84fa94-04c1-424b-9868-57a2d4851a1d" relativeResultsDirectory="78f7b11d-be24-4ca7-a7cf-308bee39df20" />
    <UnitTestResult executionId="edb21541-6ea1-4312-a823-5bb50b317f1c" testId="753b01fb-135d-858f-b53c-7e32b4ede58e" testName="Aula.Tests.Bots.SlackMessageHandlerTests.HandleMessageAsync_WithReminderCommand_CallsReminderHandler(reminderCommand: &quot;vis påmindelser&quot;)" computerName="RHO-DESKTOP" duration="00:00:00.0010000" startTime="2025-06-30T18:59:47.5816724+02:00" endTime="2025-06-30T18:59:47.5816725+02:00" testType="13cdc9d9-ddb5-4fa4-a97d-d965ccfc6d4b" outcome="Failed" testListId="8c84fa94-04c1-424b-9868-57a2d4851a1d" relativeResultsDirectory="edb21541-6ea1-4312-a823-5bb50b317f1c">
      <Output>
        <ErrorInfo>
          <Message>System.ArgumentException : Can not instantiate proxy of class: Aula.Tools.ReminderCommandHandler.
Could not find a parameterless constructor. (Parameter 'constructorArguments')
---- System.MissingMethodException : Constructor on type 'Castle.Proxies.ReminderCommandHandlerProxy' not found.</Message>
          <StackTrace>   at Castle.DynamicProxy.ProxyGenerator.CreateClassProxyInstance(Type proxyType, List`1 proxyArguments, Type classToProxy, Object[] constructorArguments)
   at Castle.DynamicProxy.ProxyGenerator.CreateClassProxy(Type classToProxy, Type[] additionalInterfacesToProxy, ProxyGenerationOptions options, Object[] constructorArguments, IInterceptor[] interceptors)
   at Moq.CastleProxyFactory.CreateProxy(Type mockType, IInterceptor interceptor, Type[] interfaces, Object[] arguments) in /_/src/Moq/Interception/CastleProxyFactory.cs:line 62
   at Moq.Mock`1.InitializeInstance() in /_/src/Moq/Mock`1.cs:line 309
   at Moq.Mock`1.OnGetObject() in /_/src/Moq/Mock`1.cs:line 323
   at Moq.Mock.get_Object() in /_/src/Moq/Mock.cs:line 181
   at Moq.Mock`1.get_Object() in /_/src/Moq/Mock`1.cs:line 281
   at Aula.Tests.Bots.SlackMessageHandlerTests..ctor() in /mnt/d/git/aula/src/Aula.Tests/Bots/SlackMessageHandlerTests.cs:line 57
   at System.RuntimeType.CreateInstanceDefaultCtor(Boolean publicOnly, Boolean wrapExceptions)
----- Inner Stack Trace -----
   at System.RuntimeType.CreateInstanceImpl(BindingFlags bindingAttr, Binder binder, Object[] args, CultureInfo culture)
   at Castle.DynamicProxy.ProxyGenerator.CreateClassProxyInstance(Type proxyType, List`1 proxyArguments, Type classToProxy, Object[] constructorArguments)</StackTrace>
        </ErrorInfo>
      </Output>
    </UnitTestResult>
    <UnitTestResult executionId="c70ddff7-5ff9-4ab5-9dab-4d94889edf6a" testId="803a38b8-f402-400f-65a3-348044bf14da" testName="Aula.Tests.Utilities.ConversationContextTests.ToString_WithAllPropertiesSet_ReturnsCorrectFormat" computerName="RHO-DESKTOP" duration="00:00:00.0170913" startTime="2025-06-30T18:59:47.2564363+02:00" endTime="2025-06-30T18:59:47.2564364+02:00" testType="13cdc9d9-ddb5-4fa4-a97d-d965ccfc6d4b" outcome="Passed" testListId="8c84fa94-04c1-424b-9868-57a2d4851a1d" relativeResultsDirectory="c70ddff7-5ff9-4ab5-9dab-4d94889edf6a" />
    <UnitTestResult executionId="56ba8335-ebdc-40d2-b0a7-bdc41f8c0780" testId="3eae7343-2bfd-b9ac-3f25-bf1944822f6f" testName="Aula.Tests.Tools.AiToolsManagerTests.DeleteReminderAsync_WithInvalidReminderNumber_ReturnsError" computerName="RHO-DESKTOP" duration="00:00:00.0169791" startTime="2025-06-30T18:59:47.9302499+02:00" endTime="2025-06-30T18:59:47.9302500+02:00" testType="13cdc9d9-ddb5-4fa4-a97d-d965ccfc6d4b" outcome="Passed" testListId="8c84fa94-04c1-424b-9868-57a2d4851a1d" relativeResultsDirectory="56ba8335-ebdc-40d2-b0a7-bdc41f8c0780" />
    <UnitTestResult executionId="58f03fcd-0e15-4242-b2d0-3b3c6f8f5f90" testId="76e83c15-4958-72c0-6072-2306062f6c27" testName="Aula.Tests.Utilities.Html2SlackMarkdownConverterTests.Convert_PreservesTextOrder" computerName="RHO-DESKTOP" duration="00:00:00.0009225" startTime="2025-06-30T18:59:48.2445339+02:00" endTime="2025-06-30T18:59:48.2445340+02:00" testType="13cdc9d9-ddb5-4fa4-a97d-d965ccfc6d4b" outcome="Passed" testListId="8c84fa94-04c1-424b-9868-57a2d4851a1d" relativeResultsDirectory="58f03fcd-0e15-4242-b2d0-3b3c6f8f5f90" />
    <UnitTestResult executionId="6555fd5e-aa11-4529-98f2-7ad1b818bc55" testId="7c385ac2-1fdf-ebb2-6450-e82cd794ae73" testName="Aula.Tests.Services.OpenAiServiceTests.OpenAiService_Internal_Constructor_CanBeUsedForTesting" computerName="RHO-DESKTOP" duration="00:00:00.0012665" startTime="2025-06-30T18:59:47.7597678+02:00" endTime="2025-06-30T18:59:47.7597679+02:00" testType="13cdc9d9-ddb5-4fa4-a97d-d965ccfc6d4b" outcome="Passed" testListId="8c84fa94-04c1-424b-9868-57a2d4851a1d" relativeResultsDirectory="6555fd5e-aa11-4529-98f2-7ad1b818bc55" />
    <UnitTestResult executionId="1eec41f0-b2b5-4b95-945e-44dadfc774a9" testId="c6e23de6-051d-5068-efa9-0842275b05b2" testName="Aula.Tests.Utilities.Html2SlackMarkdownConverterTests.Convert_WithWhitespaceOnly_ReturnsEmptyString" computerName="RHO-DESKTOP" duration="00:00:00.0127766" startTime="2025-06-30T18:59:48.0700546+02:00" endTime="2025-06-30T18:59:48.0700548+02:00" testType="13cdc9d9-ddb5-4fa4-a97d-d965ccfc6d4b" outcome="Passed" testListId="8c84fa94-04c1-424b-9868-57a2d4851a1d" relativeResultsDirectory="1eec41f0-b2b5-4b95-945e-44dadfc774a9" />
    <UnitTestResult executionId="d6e863f2-a165-40c3-be7f-a6cf8badc5a7" testId="7764d870-960a-e6a5-a9d1-b95db448a3be" testName="Aula.Tests.Channels.TelegramClientTests.PostWeekLetter_WithVariousChildNames_HandlesCorrectly(firstName: &quot;Alice&quot;)" computerName="RHO-DESKTOP" duration="00:00:00.0015811" startTime="2025-06-30T18:59:48.1313098+02:00" endTime="2025-06-30T18:59:48.1313100+02:00" testType="13cdc9d9-ddb5-4fa4-a97d-d965ccfc6d4b" outcome="Passed" testListId="8c84fa94-04c1-424b-9868-57a2d4851a1d" relativeResultsDirectory="d6e863f2-a165-40c3-be7f-a6cf8badc5a7" />
    <UnitTestResult executionId="76ac47ec-7537-4564-9971-1988754115ae" testId="23a6aef7-0888-96c3-b39d-0a5a36447e0d" testName="Aula.Tests.Tools.ReminderCommandHandlerTests.TryHandleReminderCommand_ChildNameExtraction_WorksCorrectly" computerName="RHO-DESKTOP" duration="00:00:00.0157155" startTime="2025-06-30T18:59:48.0132185+02:00" endTime="2025-06-30T18:59:48.0132186+02:00" testType="13cdc9d9-ddb5-4fa4-a97d-d965ccfc6d4b" outcome="Passed" testListId="8c84fa94-04c1-424b-9868-57a2d4851a1d" relativeResultsDirectory="76ac47ec-7537-4564-9971-1988754115ae" />
    <UnitTestResult executionId="c519d1d6-7613-43b9-84fe-3163b7f1dd51" testId="cc3765fc-8658-a464-43ae-5fa3b977b4d0" testName="Aula.Tests.Configuration.ConfigurationTests.Telegram_Token_ValidationTests(token: &quot;&quot;, isValidFormat: False)" computerName="RHO-DESKTOP" duration="00:00:00.0132384" startTime="2025-06-30T18:59:48.2400366+02:00" endTime="2025-06-30T18:59:48.2400367+02:00" testType="13cdc9d9-ddb5-4fa4-a97d-d965ccfc6d4b" outcome="Passed" testListId="8c84fa94-04c1-424b-9868-57a2d4851a1d" relativeResultsDirectory="c519d1d6-7613-43b9-84fe-3163b7f1dd51" />
  </Results>
  <TestDefinitions>
    <UnitTest name="Aula.Tests.Bots.SlackMessageHandlerTests.HandleMessageAsync_WithException_LogsErrorAndReturnsFalse" storage="/mnt/d/git/aula/src/aula.tests/bin/debug/net9.0/aula.tests.dll" id="ab3aafbd-fe25-4a7f-3bda-69e06a94b6ee">
      <Execution id="5b52a540-1954-4251-a759-f647b7f23950" />
      <TestMethod codeBase="/mnt/d/git/aula/src/Aula.Tests/bin/Debug/net9.0/Aula.Tests.dll" adapterTypeName="executor://xunit/VsTestRunner2/netcoreapp" className="Aula.Tests.Bots.SlackMessageHandlerTests" name="HandleMessageAsync_WithException_LogsErrorAndReturnsFalse" />
    </UnitTest>
    <UnitTest name="Aula.Tests.Utilities.IntentAnalysisPromptsTests.AnalysisTemplate_ContainsInstructionsForBothResponseTypes" storage="/mnt/d/git/aula/src/aula.tests/bin/debug/net9.0/aula.tests.dll" id="f98f128e-bc4d-8b9e-2582-4a4421f13428">
      <Execution id="bd699a81-9f5f-4e4e-9ff8-5e58ddf22191" />
      <TestMethod codeBase="/mnt/d/git/aula/src/Aula.Tests/bin/Debug/net9.0/Aula.Tests.dll" adapterTypeName="executor://xunit/VsTestRunner2/netcoreapp" className="Aula.Tests.Utilities.IntentAnalysisPromptsTests" name="AnalysisTemplate_ContainsInstructionsForBothResponseTypes" />
    </UnitTest>
    <UnitTest name="Aula.Tests.Configuration.ConfigurationTests.Timers_AdaptivePollingLimits_ValidationTests(minSeconds: 10, maxSeconds: 10, isValid: True)" storage="/mnt/d/git/aula/src/aula.tests/bin/debug/net9.0/aula.tests.dll" id="0e25bcf5-ab45-f600-b517-83fefa26e455">
      <Execution id="45963a21-6b41-4904-90c6-1a03e11426d9" />
      <TestMethod codeBase="/mnt/d/git/aula/src/Aula.Tests/bin/Debug/net9.0/Aula.Tests.dll" adapterTypeName="executor://xunit/VsTestRunner2/netcoreapp" className="Aula.Tests.Configuration.ConfigurationTests" name="Timers_AdaptivePollingLimits_ValidationTests" />
    </UnitTest>
    <UnitTest name="Aula.Tests.Bots.TelegramMessageHandlerTests.HandleMessageAsync_WithReminderCommand_CallsReminderHandler(reminderCommand: &quot;mind mig om noget&quot;)" storage="/mnt/d/git/aula/src/aula.tests/bin/debug/net9.0/aula.tests.dll" id="3b396502-c22c-6b6b-cd1b-3a2de6a27365">
      <Execution id="5dd8c42d-75b1-4f44-9128-5e5f603ac626" />
      <TestMethod codeBase="/mnt/d/git/aula/src/Aula.Tests/bin/Debug/net9.0/Aula.Tests.dll" adapterTypeName="executor://xunit/VsTestRunner2/netcoreapp" className="Aula.Tests.Bots.TelegramMessageHandlerTests" name="HandleMessageAsync_WithReminderCommand_CallsReminderHandler" />
    </UnitTest>
    <UnitTest name="Aula.Tests.Services.DataModelTests.Reminder_DefaultConstructor_InitializesCorrectly" storage="/mnt/d/git/aula/src/aula.tests/bin/debug/net9.0/aula.tests.dll" id="504418ac-a1f0-2470-99eb-7bd66657ed39">
      <Execution id="ce9d06f4-58f7-4f94-8b89-f445c296ff81" />
      <TestMethod codeBase="/mnt/d/git/aula/src/Aula.Tests/bin/Debug/net9.0/Aula.Tests.dll" adapterTypeName="executor://xunit/VsTestRunner2/netcoreapp" className="Aula.Tests.Services.DataModelTests" name="Reminder_DefaultConstructor_InitializesCorrectly" />
    </UnitTest>
    <UnitTest name="Aula.Tests.Utilities.Html2SlackMarkdownConverterTests.Convert_WithUnicodeContent_PreservesEncoding" storage="/mnt/d/git/aula/src/aula.tests/bin/debug/net9.0/aula.tests.dll" id="121eb464-baa2-cb91-a1cb-d692cf64f7c5">
      <Execution id="8277c662-2838-40fb-a1ab-fb729a22fd62" />
      <TestMethod codeBase="/mnt/d/git/aula/src/Aula.Tests/bin/Debug/net9.0/Aula.Tests.dll" adapterTypeName="executor://xunit/VsTestRunner2/netcoreapp" className="Aula.Tests.Utilities.Html2SlackMarkdownConverterTests" name="Convert_WithUnicodeContent_PreservesEncoding" />
    </UnitTest>
    <UnitTest name="Aula.Tests.Utilities.Html2SlackMarkdownConverterTests.Convert_WithEmptyTags_HandlesCorrectly" storage="/mnt/d/git/aula/src/aula.tests/bin/debug/net9.0/aula.tests.dll" id="55b7868a-5525-c155-3984-2d7080cbc3f0">
      <Execution id="66c1f376-aef6-411f-b908-c5467192a259" />
      <TestMethod codeBase="/mnt/d/git/aula/src/Aula.Tests/bin/Debug/net9.0/Aula.Tests.dll" adapterTypeName="executor://xunit/VsTestRunner2/netcoreapp" className="Aula.Tests.Utilities.Html2SlackMarkdownConverterTests" name="Convert_WithEmptyTags_HandlesCorrectly" />
    </UnitTest>
    <UnitTest name="Aula.Tests.Tools.ReminderCommandHandlerTests.TryHandleReminderCommand_AddReminder_ValidFormats_ReturnsSuccess(command: &quot;remind me today at 15:30 that Emma has piano lesso&quot;···, isEnglish: True, expectedChildName: &quot;Emma Marie&quot;)" storage="/mnt/d/git/aula/src/aula.tests/bin/debug/net9.0/aula.tests.dll" id="8ed7f52f-1c34-83a4-64c7-0e5853b67b53">
      <Execution id="8cee4ed3-f45f-4520-a5f7-e878b63d7427" />
      <TestMethod codeBase="/mnt/d/git/aula/src/Aula.Tests/bin/Debug/net9.0/Aula.Tests.dll" adapterTypeName="executor://xunit/VsTestRunner2/netcoreapp" className="Aula.Tests.Tools.ReminderCommandHandlerTests" name="TryHandleReminderCommand_AddReminder_ValidFormats_ReturnsSuccess" />
    </UnitTest>
    <UnitTest name="Aula.Tests.Services.DataModelTests.PostedLetter_WeekNumberValidation_ReturnsExpectedResult(weekNumber: 0, year: 2023, isValid: False)" storage="/mnt/d/git/aula/src/aula.tests/bin/debug/net9.0/aula.tests.dll" id="021d3da1-2551-6934-6452-4bc168c068b9">
      <Execution id="70de63ea-c3e4-4a03-b580-1d9eee1652e1" />
      <TestMethod codeBase="/mnt/d/git/aula/src/Aula.Tests/bin/Debug/net9.0/Aula.Tests.dll" adapterTypeName="executor://xunit/VsTestRunner2/netcoreapp" className="Aula.Tests.Services.DataModelTests" name="PostedLetter_WeekNumberValidation_ReturnsExpectedResult" />
    </UnitTest>
    <UnitTest name="Aula.Tests.Services.OpenAiServiceIntegrationTests.AskQuestionAboutChildrenAsync_WithValidParameters_CallsApiWithCorrectParameters" storage="/mnt/d/git/aula/src/aula.tests/bin/debug/net9.0/aula.tests.dll" id="8d316203-7ae4-8ab6-6acc-77bb5420b18a">
      <Execution id="699d1ccf-6623-451f-8366-d8fc1186f39e" />
      <TestMethod codeBase="/mnt/d/git/aula/src/Aula.Tests/bin/Debug/net9.0/Aula.Tests.dll" adapterTypeName="executor://xunit/VsTestRunner2/netcoreapp" className="Aula.Tests.Services.OpenAiServiceIntegrationTests" name="AskQuestionAboutChildrenAsync_WithValidParameters_CallsApiWithCorrectParameters" />
    </UnitTest>
    <UnitTest name="Aula.Tests.Channels.SlackBotTests.PostMessage_WithVariousMessages_DoesNotThrow(message: &quot;Simple message&quot;)" storage="/mnt/d/git/aula/src/aula.tests/bin/debug/net9.0/aula.tests.dll" id="470ea3d0-f459-b6ad-4f9f-44954dd4a0b8">
      <Execution id="b0f356e0-d93d-43fc-ad14-92781a04c931" />
      <TestMethod codeBase="/mnt/d/git/aula/src/Aula.Tests/bin/Debug/net9.0/Aula.Tests.dll" adapterTypeName="executor://xunit/VsTestRunner2/netcoreapp" className="Aula.Tests.Channels.SlackBotTests" name="PostMessage_WithVariousMessages_DoesNotThrow" />
    </UnitTest>
    <UnitTest name="Aula.Tests.Services.OpenAiServiceIntegrationTests.ClearConversationHistory_WithContextKey_DoesNotThrow" storage="/mnt/d/git/aula/src/aula.tests/bin/debug/net9.0/aula.tests.dll" id="91adec86-044d-3b0d-62f3-bdcae922b644">
      <Execution id="2c243949-b617-48dd-83ac-92d7ee9e3901" />
      <TestMethod codeBase="/mnt/d/git/aula/src/Aula.Tests/bin/Debug/net9.0/Aula.Tests.dll" adapterTypeName="executor://xunit/VsTestRunner2/netcoreapp" className="Aula.Tests.Services.OpenAiServiceIntegrationTests" name="ClearConversationHistory_WithContextKey_DoesNotThrow" />
    </UnitTest>
    <UnitTest name="Aula.Tests.Utilities.FollowUpQuestionDetectorTests.IsFollowUpQuestion_WithEnglishFollowUpPhrases_ReturnsTrue(input: &quot;what about Emma&quot;)" storage="/mnt/d/git/aula/src/aula.tests/bin/debug/net9.0/aula.tests.dll" id="1bdda070-0470-891d-d0f0-2e66f6c00467">
      <Execution id="8af71012-9c6e-4a0d-863a-357c67fa08bb" />
      <TestMethod codeBase="/mnt/d/git/aula/src/Aula.Tests/bin/Debug/net9.0/Aula.Tests.dll" adapterTypeName="executor://xunit/VsTestRunner2/netcoreapp" className="Aula.Tests.Utilities.FollowUpQuestionDetectorTests" name="IsFollowUpQuestion_WithEnglishFollowUpPhrases_ReturnsTrue" />
    </UnitTest>
    <UnitTest name="Aula.Tests.Utilities.DateTimeUtilitiesTests.GetDanishDayName_AllValidDaysOfWeek_ReturnsNonEmptyString(dayOfWeek: Monday)" storage="/mnt/d/git/aula/src/aula.tests/bin/debug/net9.0/aula.tests.dll" id="ee37d42d-7676-d60e-f83a-c40bddb185e0">
      <Execution id="d769ded2-ce6e-443d-ab86-81f033e68fe7" />
      <TestMethod codeBase="/mnt/d/git/aula/src/Aula.Tests/bin/Debug/net9.0/Aula.Tests.dll" adapterTypeName="executor://xunit/VsTestRunner2/netcoreapp" className="Aula.Tests.Utilities.DateTimeUtilitiesTests" name="GetDanishDayName_AllValidDaysOfWeek_ReturnsNonEmptyString" />
    </UnitTest>
    <UnitTest name="Aula.Tests.Utilities.ConversationContextTests.ToString_AgeCalculation_IsAccurate" storage="/mnt/d/git/aula/src/aula.tests/bin/debug/net9.0/aula.tests.dll" id="e225aa72-58fb-b1f4-f2d2-82e178039deb">
      <Execution id="8d7c7afb-710c-476e-84e3-d963e62ba161" />
      <TestMethod codeBase="/mnt/d/git/aula/src/Aula.Tests/bin/Debug/net9.0/Aula.Tests.dll" adapterTypeName="executor://xunit/VsTestRunner2/netcoreapp" className="Aula.Tests.Utilities.ConversationContextTests" name="ToString_AgeCalculation_IsAccurate" />
    </UnitTest>
    <UnitTest name="Aula.Tests.Bots.TelegramMessageHandlerTests.Constructor_WithNullConversationContextManager_ThrowsArgumentNullException" storage="/mnt/d/git/aula/src/aula.tests/bin/debug/net9.0/aula.tests.dll" id="5befb21e-f374-5353-37db-f8026e3c1253">
      <Execution id="a7603dda-8090-4470-94be-0579c66c4d85" />
      <TestMethod codeBase="/mnt/d/git/aula/src/Aula.Tests/bin/Debug/net9.0/Aula.Tests.dll" adapterTypeName="executor://xunit/VsTestRunner2/netcoreapp" className="Aula.Tests.Bots.TelegramMessageHandlerTests" name="Constructor_WithNullConversationContextManager_ThrowsArgumentNullException" />
    </UnitTest>
    <UnitTest name="Aula.Tests.Channels.TelegramClientTests.SendMessageToChannel_WithVariousMessages_DoesNotThrow(message: &quot;Message with &lt;i&gt;italic&lt;/i&gt; text&quot;)" storage="/mnt/d/git/aula/src/aula.tests/bin/debug/net9.0/aula.tests.dll" id="b47684af-1794-f5e1-2939-ee11bb40f2e8">
      <Execution id="e8a9d54a-9fa7-488e-b7ec-6b4d2808383b" />
      <TestMethod codeBase="/mnt/d/git/aula/src/Aula.Tests/bin/Debug/net9.0/Aula.Tests.dll" adapterTypeName="executor://xunit/VsTestRunner2/netcoreapp" className="Aula.Tests.Channels.TelegramClientTests" name="SendMessageToChannel_WithVariousMessages_DoesNotThrow" />
    </UnitTest>
    <UnitTest name="Aula.Tests.Utilities.ConversationContextManagerTests.UpdateContext_WithNullChildName_AllowsNull" storage="/mnt/d/git/aula/src/aula.tests/bin/debug/net9.0/aula.tests.dll" id="549e360d-ab9b-62ef-01b0-030fc984eb0c">
      <Execution id="b252b072-d19c-4010-a126-2591866f6f09" />
      <TestMethod codeBase="/mnt/d/git/aula/src/Aula.Tests/bin/Debug/net9.0/Aula.Tests.dll" adapterTypeName="executor://xunit/VsTestRunner2/netcoreapp" className="Aula.Tests.Utilities.ConversationContextManagerTests" name="UpdateContext_WithNullChildName_AllowsNull" />
    </UnitTest>
    <UnitTest name="Aula.Tests.Services.DataModelTests.Reminder_CreatedBy_HandlesValues(createdBy: null, shouldAccept: False)" storage="/mnt/d/git/aula/src/aula.tests/bin/debug/net9.0/aula.tests.dll" id="dd6cd978-16c0-3adf-7057-3791731bf47f">
      <Execution id="172d437b-2173-4c6a-a163-21f0ca46d7d8" />
      <TestMethod codeBase="/mnt/d/git/aula/src/Aula.Tests/bin/Debug/net9.0/Aula.Tests.dll" adapterTypeName="executor://xunit/VsTestRunner2/netcoreapp" className="Aula.Tests.Services.DataModelTests" name="Reminder_CreatedBy_HandlesValues" />
    </UnitTest>
    <UnitTest name="Aula.Tests.Bots.TelegramMessageHandlerTests.HandleMessageAsync_WithPrivateChat_HandlesCorrectly" storage="/mnt/d/git/aula/src/aula.tests/bin/debug/net9.0/aula.tests.dll" id="5999bd3d-fee4-c596-3611-a7bc16bc4fdd">
      <Execution id="9792054e-2b0d-4eee-b1ba-33260b8742b0" />
      <TestMethod codeBase="/mnt/d/git/aula/src/Aula.Tests/bin/Debug/net9.0/Aula.Tests.dll" adapterTypeName="executor://xunit/VsTestRunner2/netcoreapp" className="Aula.Tests.Bots.TelegramMessageHandlerTests" name="HandleMessageAsync_WithPrivateChat_HandlesCorrectly" />
    </UnitTest>
    <UnitTest name="Aula.Tests.Utilities.FollowUpQuestionDetectorTests.IsFollowUpQuestion_WithUnicodeChildNames_WorksCorrectly(input: &quot;SØREN&quot;)" storage="/mnt/d/git/aula/src/aula.tests/bin/debug/net9.0/aula.tests.dll" id="f0803f19-4aef-0544-7088-6f90fbe83c6b">
      <Execution id="f4517869-e0e6-468a-bce0-b78932a755da" />
      <TestMethod codeBase="/mnt/d/git/aula/src/Aula.Tests/bin/Debug/net9.0/Aula.Tests.dll" adapterTypeName="executor://xunit/VsTestRunner2/netcoreapp" className="Aula.Tests.Utilities.FollowUpQuestionDetectorTests" name="IsFollowUpQuestion_WithUnicodeChildNames_WorksCorrectly" />
    </UnitTest>
    <UnitTest name="Aula.Tests.Integration.AgentServiceTests.SummarizeWeekLetterAsync_CallsOpenAiService" storage="/mnt/d/git/aula/src/aula.tests/bin/debug/net9.0/aula.tests.dll" id="fb801da6-9ecf-3dd8-bfd4-511523f841d2">
      <Execution id="74bda3de-9ab4-4836-b871-4252a2324376" />
      <TestMethod codeBase="/mnt/d/git/aula/src/Aula.Tests/bin/Debug/net9.0/Aula.Tests.dll" adapterTypeName="executor://xunit/VsTestRunner2/netcoreapp" className="Aula.Tests.Integration.AgentServiceTests" name="SummarizeWeekLetterAsync_CallsOpenAiService" />
    </UnitTest>
    <UnitTest name="Aula.Tests.Channels.TelegramClientTests.SendMessageToChannel_WithVariousChannelIds_DoesNotThrow(channelId: &quot;-1001234567890&quot;)" storage="/mnt/d/git/aula/src/aula.tests/bin/debug/net9.0/aula.tests.dll" id="b7bbbe98-91af-7dec-8966-b09bed25d558">
      <Execution id="aabbefaa-46cf-4137-bd9f-5a5b85a21894" />
      <TestMethod codeBase="/mnt/d/git/aula/src/Aula.Tests/bin/Debug/net9.0/Aula.Tests.dll" adapterTypeName="executor://xunit/VsTestRunner2/netcoreapp" className="Aula.Tests.Channels.TelegramClientTests" name="SendMessageToChannel_WithVariousChannelIds_DoesNotThrow" />
    </UnitTest>
    <UnitTest name="Aula.Tests.Utilities.FollowUpQuestionDetectorTests.IsFollowUpQuestion_WithChildNameAndShortMessage_ReturnsTrue(input: &quot;Liam&quot;)" storage="/mnt/d/git/aula/src/aula.tests/bin/debug/net9.0/aula.tests.dll" id="01fdf65f-cd83-63dd-690e-00884c9ba25d">
      <Execution id="a86ce3f2-205d-43aa-a4f4-d51d360ad2ba" />
      <TestMethod codeBase="/mnt/d/git/aula/src/Aula.Tests/bin/Debug/net9.0/Aula.Tests.dll" adapterTypeName="executor://xunit/VsTestRunner2/netcoreapp" className="Aula.Tests.Utilities.FollowUpQuestionDetectorTests" name="IsFollowUpQuestion_WithChildNameAndShortMessage_ReturnsTrue" />
    </UnitTest>
    <UnitTest name="Aula.Tests.Configuration.ConfigurationTests.Children_ConfigurationIsCorrect" storage="/mnt/d/git/aula/src/aula.tests/bin/debug/net9.0/aula.tests.dll" id="c7356803-78be-38c5-09cd-9fb1bfd0c53f">
      <Execution id="003118dc-f06f-4c90-a4bf-d366f226b9f0" />
      <TestMethod codeBase="/mnt/d/git/aula/src/Aula.Tests/bin/Debug/net9.0/Aula.Tests.dll" adapterTypeName="executor://xunit/VsTestRunner2/netcoreapp" className="Aula.Tests.Configuration.ConfigurationTests" name="Children_ConfigurationIsCorrect" />
    </UnitTest>
    <UnitTest name="Aula.Tests.Utilities.ReminderExtractionPromptsTests.GetExtractionPrompt_WithVariousCurrentTimes_CalculatesRelativeDatesCorrectly(currentTimeStr: &quot;2025-12-31 23:59:59&quot;)" storage="/mnt/d/git/aula/src/aula.tests/bin/debug/net9.0/aula.tests.dll" id="ebe83846-f30d-4502-5b06-920f9179e550">
      <Execution id="3735e28e-59f8-4477-bf12-11d597e4c286" />
      <TestMethod codeBase="/mnt/d/git/aula/src/Aula.Tests/bin/Debug/net9.0/Aula.Tests.dll" adapterTypeName="executor://xunit/VsTestRunner2/netcoreapp" className="Aula.Tests.Utilities.ReminderExtractionPromptsTests" name="GetExtractionPrompt_WithVariousCurrentTimes_CalculatesRelativeDatesCorrectly" />
    </UnitTest>
    <UnitTest name="Aula.Tests.Bots.SlackMessageHandlerTests.Constructor_WithNullReminderHandler_ThrowsArgumentNullException" storage="/mnt/d/git/aula/src/aula.tests/bin/debug/net9.0/aula.tests.dll" id="9737c38f-ad68-db59-78e8-3f7908babdcf">
      <Execution id="62b07ac2-3a9e-4afb-8e62-192ed41bbd86" />
      <TestMethod codeBase="/mnt/d/git/aula/src/Aula.Tests/bin/Debug/net9.0/Aula.Tests.dll" adapterTypeName="executor://xunit/VsTestRunner2/netcoreapp" className="Aula.Tests.Bots.SlackMessageHandlerTests" name="Constructor_WithNullReminderHandler_ThrowsArgumentNullException" />
    </UnitTest>
    <UnitTest name="Aula.Tests.Utilities.ConversationContextTests.ConversationContext_DefaultValues_AreSetCorrectly" storage="/mnt/d/git/aula/src/aula.tests/bin/debug/net9.0/aula.tests.dll" id="ee79648a-cff5-5748-d2f4-bbdc12cb6662">
      <Execution id="9cbc9c72-bfcc-4e1f-a914-6998fba5155c" />
      <TestMethod codeBase="/mnt/d/git/aula/src/Aula.Tests/bin/Debug/net9.0/Aula.Tests.dll" adapterTypeName="executor://xunit/VsTestRunner2/netcoreapp" className="Aula.Tests.Utilities.ConversationContextTests" name="ConversationContext_DefaultValues_AreSetCorrectly" />
    </UnitTest>
    <UnitTest name="Aula.Tests.Tools.ReminderCommandHandlerTests.TryHandleReminderCommand_NonReminderCommands_ReturnsFalse(command: &quot;   &quot;)" storage="/mnt/d/git/aula/src/aula.tests/bin/debug/net9.0/aula.tests.dll" id="acb6cd45-54f0-d858-050f-39c07ff6b496">
      <Execution id="32d1ead3-0d1f-4505-bf0c-e5cd5aa0c1ad" />
      <TestMethod codeBase="/mnt/d/git/aula/src/Aula.Tests/bin/Debug/net9.0/Aula.Tests.dll" adapterTypeName="executor://xunit/VsTestRunner2/netcoreapp" className="Aula.Tests.Tools.ReminderCommandHandlerTests" name="TryHandleReminderCommand_NonReminderCommands_ReturnsFalse" />
    </UnitTest>
    <UnitTest name="Aula.Tests.Configuration.ConfigurationTests.Telegram_Token_ValidationTests(token: &quot;123456789:AABBCCDDEEFFGGHHTest&quot;, isValidFormat: True)" storage="/mnt/d/git/aula/src/aula.tests/bin/debug/net9.0/aula.tests.dll" id="261e6035-42f7-283f-e93e-b518a8a74310">
      <Execution id="1cc71467-38a7-4728-9df4-96c73e46c568" />
      <TestMethod codeBase="/mnt/d/git/aula/src/Aula.Tests/bin/Debug/net9.0/Aula.Tests.dll" adapterTypeName="executor://xunit/VsTestRunner2/netcoreapp" className="Aula.Tests.Configuration.ConfigurationTests" name="Telegram_Token_ValidationTests" />
    </UnitTest>
    <UnitTest name="Aula.Tests.Utilities.FollowUpQuestionDetectorTests.IsFollowUpQuestion_WithChildNameAndShortMessage_ReturnsTrue(input: &quot;EMMA&quot;)" storage="/mnt/d/git/aula/src/aula.tests/bin/debug/net9.0/aula.tests.dll" id="5757d75c-5377-8df3-a3a7-30a9777d143b">
      <Execution id="abe1eaed-1364-4920-b0b2-7db1772f4dea" />
      <TestMethod codeBase="/mnt/d/git/aula/src/Aula.Tests/bin/Debug/net9.0/Aula.Tests.dll" adapterTypeName="executor://xunit/VsTestRunner2/netcoreapp" className="Aula.Tests.Utilities.FollowUpQuestionDetectorTests" name="IsFollowUpQuestion_WithChildNameAndShortMessage_ReturnsTrue" />
    </UnitTest>
    <UnitTest name="Aula.Tests.Bots.SlackInteractiveBotTests.PostWeekLetter_WithEmptyContent_LogsWarningAndReturns" storage="/mnt/d/git/aula/src/aula.tests/bin/debug/net9.0/aula.tests.dll" id="76f28705-d77c-bf82-f290-6a4800e495d0">
      <Execution id="3fed4513-3507-4014-b3b6-ff4de3516d76" />
      <TestMethod codeBase="/mnt/d/git/aula/src/Aula.Tests/bin/Debug/net9.0/Aula.Tests.dll" adapterTypeName="executor://xunit/VsTestRunner2/netcoreapp" className="Aula.Tests.Bots.SlackInteractiveBotTests" name="PostWeekLetter_WithEmptyContent_LogsWarningAndReturns" />
    </UnitTest>
    <UnitTest name="Aula.Tests.Utilities.ReminderExtractionPromptsTests.GetExtractionPrompt_ContainsDanishRelativeTimeExamples" storage="/mnt/d/git/aula/src/aula.tests/bin/debug/net9.0/aula.tests.dll" id="ef7abf20-a090-f30e-1f29-97964e295c62">
      <Execution id="4bbb135b-ac2f-40ed-b4b1-35560f058ced" />
      <TestMethod codeBase="/mnt/d/git/aula/src/Aula.Tests/bin/Debug/net9.0/Aula.Tests.dll" adapterTypeName="executor://xunit/VsTestRunner2/netcoreapp" className="Aula.Tests.Utilities.ReminderExtractionPromptsTests" name="GetExtractionPrompt_ContainsDanishRelativeTimeExamples" />
    </UnitTest>
    <UnitTest name="Aula.Tests.Integration.AgentServiceTests.LoginAsync_CallsClientLoginAsync" storage="/mnt/d/git/aula/src/aula.tests/bin/debug/net9.0/aula.tests.dll" id="df8b7611-0fd3-7a4a-228e-73a22117205a">
      <Execution id="46cd9ad6-9223-4ef4-84de-90a3d05b36f2" />
      <TestMethod codeBase="/mnt/d/git/aula/src/Aula.Tests/bin/Debug/net9.0/Aula.Tests.dll" adapterTypeName="executor://xunit/VsTestRunner2/netcoreapp" className="Aula.Tests.Integration.AgentServiceTests" name="LoginAsync_CallsClientLoginAsync" />
    </UnitTest>
    <UnitTest name="Aula.Tests.Utilities.FollowUpQuestionDetectorTests.IsFollowUpQuestion_WithFullChildNames_WorksCorrectly(input: &quot;what about Emma Rose&quot;)" storage="/mnt/d/git/aula/src/aula.tests/bin/debug/net9.0/aula.tests.dll" id="fa32a9bf-193e-172b-6d15-20cb227d126c">
      <Execution id="dbc6f00b-5e7a-4fc9-877f-36c4ed129811" />
      <TestMethod codeBase="/mnt/d/git/aula/src/Aula.Tests/bin/Debug/net9.0/Aula.Tests.dll" adapterTypeName="executor://xunit/VsTestRunner2/netcoreapp" className="Aula.Tests.Utilities.FollowUpQuestionDetectorTests" name="IsFollowUpQuestion_WithFullChildNames_WorksCorrectly" />
    </UnitTest>
    <UnitTest name="Aula.Tests.Tools.ReminderCommandHandlerTests.TryHandleReminderCommand_NonReminderCommands_ReturnsFalse(command: &quot;how are you?&quot;)" storage="/mnt/d/git/aula/src/aula.tests/bin/debug/net9.0/aula.tests.dll" id="f27323f0-86ce-1e1b-2a7d-c904454ba29a">
      <Execution id="6fac8361-7923-4e3b-921f-089d550d67e0" />
      <TestMethod codeBase="/mnt/d/git/aula/src/Aula.Tests/bin/Debug/net9.0/Aula.Tests.dll" adapterTypeName="executor://xunit/VsTestRunner2/netcoreapp" className="Aula.Tests.Tools.ReminderCommandHandlerTests" name="TryHandleReminderCommand_NonReminderCommands_ReturnsFalse" />
    </UnitTest>
    <UnitTest name="Aula.Tests.Utilities.FollowUpQuestionDetectorTests.IsFollowUpQuestion_WithStartingFollowUpWords_ReturnsTrue(input: &quot;Og Emma?&quot;)" storage="/mnt/d/git/aula/src/aula.tests/bin/debug/net9.0/aula.tests.dll" id="552b8f9e-1bb3-8bf0-01fc-d5978785d7dd">
      <Execution id="6854ade4-3a35-4878-98e5-c88dcdfa83d5" />
      <TestMethod codeBase="/mnt/d/git/aula/src/Aula.Tests/bin/Debug/net9.0/Aula.Tests.dll" adapterTypeName="executor://xunit/VsTestRunner2/netcoreapp" className="Aula.Tests.Utilities.FollowUpQuestionDetectorTests" name="IsFollowUpQuestion_WithStartingFollowUpWords_ReturnsTrue" />
    </UnitTest>
    <UnitTest name="Aula.Tests.Scheduling.SchedulingServiceIntegrationTests.Constructor_WithNullLoggerFactory_ThrowsArgumentNullException" storage="/mnt/d/git/aula/src/aula.tests/bin/debug/net9.0/aula.tests.dll" id="a928e41a-a5c8-5840-1107-8bfd65b6750c">
      <Execution id="e0beb9c0-3c6a-497c-bc4f-e6cf5b2d9279" />
      <TestMethod codeBase="/mnt/d/git/aula/src/Aula.Tests/bin/Debug/net9.0/Aula.Tests.dll" adapterTypeName="executor://xunit/VsTestRunner2/netcoreapp" className="Aula.Tests.Scheduling.SchedulingServiceIntegrationTests" name="Constructor_WithNullLoggerFactory_ThrowsArgumentNullException" />
    </UnitTest>
    <UnitTest name="Aula.Tests.Utilities.JsonFormatterTests.Prettify_WithStringValue_ReturnsFormattedString" storage="/mnt/d/git/aula/src/aula.tests/bin/debug/net9.0/aula.tests.dll" id="62b0fe72-30f1-2af2-c068-90091bfb1d44">
      <Execution id="25381f02-7697-411a-8468-b08bd6eab317" />
      <TestMethod codeBase="/mnt/d/git/aula/src/Aula.Tests/bin/Debug/net9.0/Aula.Tests.dll" adapterTypeName="executor://xunit/VsTestRunner2/netcoreapp" className="Aula.Tests.Utilities.JsonFormatterTests" name="Prettify_WithStringValue_ReturnsFormattedString" />
    </UnitTest>
    <UnitTest name="Aula.Tests.Tools.ReminderCommandHandlerTests.TryHandleReminderCommand_ListReminders_NoReminders_ReturnsNoRemindersMessage(command: &quot;list reminders&quot;, isEnglish: True)" storage="/mnt/d/git/aula/src/aula.tests/bin/debug/net9.0/aula.tests.dll" id="d91762c9-e8c3-9301-162e-078c803712fd">
      <Execution id="53b9687d-ea07-43aa-be82-f1f3b4ff8543" />
      <TestMethod codeBase="/mnt/d/git/aula/src/Aula.Tests/bin/Debug/net9.0/Aula.Tests.dll" adapterTypeName="executor://xunit/VsTestRunner2/netcoreapp" className="Aula.Tests.Tools.ReminderCommandHandlerTests" name="TryHandleReminderCommand_ListReminders_NoReminders_ReturnsNoRemindersMessage" />
    </UnitTest>
    <UnitTest name="Aula.Tests.Channels.SlackBotTests.PostMessage_WithMessage_DoesNotThrow" storage="/mnt/d/git/aula/src/aula.tests/bin/debug/net9.0/aula.tests.dll" id="9abb3739-6b0d-7f8e-6b46-0210e9a0d235">
      <Execution id="05d2ec0d-45c2-435b-a9d6-8c9913803cd0" />
      <TestMethod codeBase="/mnt/d/git/aula/src/Aula.Tests/bin/Debug/net9.0/Aula.Tests.dll" adapterTypeName="executor://xunit/VsTestRunner2/netcoreapp" className="Aula.Tests.Channels.SlackBotTests" name="PostMessage_WithMessage_DoesNotThrow" />
    </UnitTest>
    <UnitTest name="Aula.Tests.Bots.TelegramInteractiveBotTests.Constructor_WithNullSupabaseService_ThrowsArgumentNullException" storage="/mnt/d/git/aula/src/aula.tests/bin/debug/net9.0/aula.tests.dll" id="66873fdb-c193-9c8c-5dd6-46cb202ddd5f">
      <Execution id="bbd5abc1-a096-4c89-99fb-c86cfd25d48b" />
      <TestMethod codeBase="/mnt/d/git/aula/src/Aula.Tests/bin/Debug/net9.0/Aula.Tests.dll" adapterTypeName="executor://xunit/VsTestRunner2/netcoreapp" className="Aula.Tests.Bots.TelegramInteractiveBotTests" name="Constructor_WithNullSupabaseService_ThrowsArgumentNullException" />
    </UnitTest>
    <UnitTest name="Aula.Tests.Utilities.IntentAnalysisPromptsTests.GetFormattedPrompt_WithVariousQueries_ReturnsValidPrompt(query: &quot;Remind me about soccer&quot;)" storage="/mnt/d/git/aula/src/aula.tests/bin/debug/net9.0/aula.tests.dll" id="9e010064-1282-f730-0e21-1a9c045272eb">
      <Execution id="47d69d27-cdee-4a92-ba19-93a37cda5cc0" />
      <TestMethod codeBase="/mnt/d/git/aula/src/Aula.Tests/bin/Debug/net9.0/Aula.Tests.dll" adapterTypeName="executor://xunit/VsTestRunner2/netcoreapp" className="Aula.Tests.Utilities.IntentAnalysisPromptsTests" name="GetFormattedPrompt_WithVariousQueries_ReturnsValidPrompt" />
    </UnitTest>
    <UnitTest name="Aula.Tests.Tools.ReminderCommandHandlerTests.TryHandleReminderCommand_AddReminder_ValidFormats_ReturnsSuccess(command: &quot;remind me 2024-12-31 at 10:00 that New Year celebr&quot;···, isEnglish: True, expectedChildName: null)" storage="/mnt/d/git/aula/src/aula.tests/bin/debug/net9.0/aula.tests.dll" id="42dc1567-508f-1ff2-08a2-17dc86c051e8">
      <Execution id="3311832a-b23a-4d63-bc52-a491b11ca3c9" />
      <TestMethod codeBase="/mnt/d/git/aula/src/Aula.Tests/bin/Debug/net9.0/Aula.Tests.dll" adapterTypeName="executor://xunit/VsTestRunner2/netcoreapp" className="Aula.Tests.Tools.ReminderCommandHandlerTests" name="TryHandleReminderCommand_AddReminder_ValidFormats_ReturnsSuccess" />
    </UnitTest>
    <UnitTest name="Aula.Tests.Utilities.JsonFormatterTests.Prettify_WithVeryLargeJson_HandlesPerformantly" storage="/mnt/d/git/aula/src/aula.tests/bin/debug/net9.0/aula.tests.dll" id="959de6ab-41a3-bb6f-c652-3f36caba1f36">
      <Execution id="fa112f80-2c5b-434b-a7e8-2162b0e2a5e1" />
      <TestMethod codeBase="/mnt/d/git/aula/src/Aula.Tests/bin/Debug/net9.0/Aula.Tests.dll" adapterTypeName="executor://xunit/VsTestRunner2/netcoreapp" className="Aula.Tests.Utilities.JsonFormatterTests" name="Prettify_WithVeryLargeJson_HandlesPerformantly" />
    </UnitTest>
    <UnitTest name="Aula.Tests.Services.DataModelTests.PostedLetter_WeekNumberValidation_ReturnsExpectedResult(weekNumber: 1, year: 2023, isValid: True)" storage="/mnt/d/git/aula/src/aula.tests/bin/debug/net9.0/aula.tests.dll" id="ff95ed9b-b21e-cfc2-30db-e8fe216a909d">
      <Execution id="e54e4bb6-d708-4e10-9dd7-2cae2a74df47" />
      <TestMethod codeBase="/mnt/d/git/aula/src/Aula.Tests/bin/Debug/net9.0/Aula.Tests.dll" adapterTypeName="executor://xunit/VsTestRunner2/netcoreapp" className="Aula.Tests.Services.DataModelTests" name="PostedLetter_WeekNumberValidation_ReturnsExpectedResult" />
    </UnitTest>
    <UnitTest name="Aula.Tests.Channels.TelegramClientTests.Constructor_WithToken_CreatesInstance" storage="/mnt/d/git/aula/src/aula.tests/bin/debug/net9.0/aula.tests.dll" id="e59d968d-c8e5-f85d-8f4b-30d82d049708">
      <Execution id="d39b07fb-7e15-4800-a1c3-4daa6237a6f0" />
      <TestMethod codeBase="/mnt/d/git/aula/src/Aula.Tests/bin/Debug/net9.0/Aula.Tests.dll" adapterTypeName="executor://xunit/VsTestRunner2/netcoreapp" className="Aula.Tests.Channels.TelegramClientTests" name="Constructor_WithToken_CreatesInstance" />
    </UnitTest>
    <UnitTest name="Aula.Tests.Utilities.Html2SlackMarkdownConverterTests.Convert_WithComplexNesting_HandlesCorrectly" storage="/mnt/d/git/aula/src/aula.tests/bin/debug/net9.0/aula.tests.dll" id="3d8b8df4-6a66-e4e9-3346-33a22f2ef410">
      <Execution id="eeeaaa65-70fd-48c6-ab86-4f379fe34886" />
      <TestMethod codeBase="/mnt/d/git/aula/src/Aula.Tests/bin/Debug/net9.0/Aula.Tests.dll" adapterTypeName="executor://xunit/VsTestRunner2/netcoreapp" className="Aula.Tests.Utilities.Html2SlackMarkdownConverterTests" name="Convert_WithComplexNesting_HandlesCorrectly" />
    </UnitTest>
    <UnitTest name="Aula.Tests.Utilities.ConversationContextManagerTests.ClearAllContexts_WithNoContexts_LogsZeroCount" storage="/mnt/d/git/aula/src/aula.tests/bin/debug/net9.0/aula.tests.dll" id="13703350-881b-2176-aa37-cf09df989ef2">
      <Execution id="c56c615d-13ea-42aa-bcc4-943e84caaf38" />
      <TestMethod codeBase="/mnt/d/git/aula/src/Aula.Tests/bin/Debug/net9.0/Aula.Tests.dll" adapterTypeName="executor://xunit/VsTestRunner2/netcoreapp" className="Aula.Tests.Utilities.ConversationContextManagerTests" name="ClearAllContexts_WithNoContexts_LogsZeroCount" />
    </UnitTest>
    <UnitTest name="Aula.Tests.Utilities.IntentAnalysisPromptsTests.ToolExamples_ContainsRequiredKeys(key: &quot;WEEK_LETTER_QUERY&quot;)" storage="/mnt/d/git/aula/src/aula.tests/bin/debug/net9.0/aula.tests.dll" id="4d1c39cc-af91-5c58-272b-da1e4b7a0924">
      <Execution id="e32248d5-b112-4ff6-9932-493db2b93354" />
      <TestMethod codeBase="/mnt/d/git/aula/src/Aula.Tests/bin/Debug/net9.0/Aula.Tests.dll" adapterTypeName="executor://xunit/VsTestRunner2/netcoreapp" className="Aula.Tests.Utilities.IntentAnalysisPromptsTests" name="ToolExamples_ContainsRequiredKeys" />
    </UnitTest>
    <UnitTest name="Aula.Tests.Utilities.DateTimeUtilitiesTests.GetDanishDayName_AllValidDaysOfWeek_ReturnsNonEmptyString(dayOfWeek: Wednesday)" storage="/mnt/d/git/aula/src/aula.tests/bin/debug/net9.0/aula.tests.dll" id="5a2ccf07-adb3-2976-b4d9-5a45aeffd5a5">
      <Execution id="41335a9e-ea36-42ac-8896-d9617d2356c6" />
      <TestMethod codeBase="/mnt/d/git/aula/src/Aula.Tests/bin/Debug/net9.0/Aula.Tests.dll" adapterTypeName="executor://xunit/VsTestRunner2/netcoreapp" className="Aula.Tests.Utilities.DateTimeUtilitiesTests" name="GetDanishDayName_AllValidDaysOfWeek_ReturnsNonEmptyString" />
    </UnitTest>
    <UnitTest name="Aula.Tests.Bots.TelegramMessageHandlerTests.HandleMessageAsync_WithHelpCommand_ProcessesHelpMessage(helpCommand: &quot;hjælp&quot;)" storage="/mnt/d/git/aula/src/aula.tests/bin/debug/net9.0/aula.tests.dll" id="fcbd2e73-61cc-55ae-168b-985e355ba11c">
      <Execution id="508e33d5-7832-4520-b210-bdd19a3aa296" />
      <TestMethod codeBase="/mnt/d/git/aula/src/Aula.Tests/bin/Debug/net9.0/Aula.Tests.dll" adapterTypeName="executor://xunit/VsTestRunner2/netcoreapp" className="Aula.Tests.Bots.TelegramMessageHandlerTests" name="HandleMessageAsync_WithHelpCommand_ProcessesHelpMessage" />
    </UnitTest>
    <UnitTest name="Aula.Tests.Services.DataModelTests.AppState_WithProperties_SetsCorrectly" storage="/mnt/d/git/aula/src/aula.tests/bin/debug/net9.0/aula.tests.dll" id="a4a3bfc2-ce2c-55ab-e6c7-e1c25caaf60b">
      <Execution id="95e3be66-3883-4079-87cf-6e58e13ed24b" />
      <TestMethod codeBase="/mnt/d/git/aula/src/Aula.Tests/bin/Debug/net9.0/Aula.Tests.dll" adapterTypeName="executor://xunit/VsTestRunner2/netcoreapp" className="Aula.Tests.Services.DataModelTests" name="AppState_WithProperties_SetsCorrectly" />
    </UnitTest>
    <UnitTest name="Aula.Tests.Configuration.ConfigurationTests.Configuration_LoadsSuccessfully" storage="/mnt/d/git/aula/src/aula.tests/bin/debug/net9.0/aula.tests.dll" id="a8373318-d0c0-3b68-eeb8-1cd7a830e6d6">
      <Execution id="f56ba3b5-2e53-4402-95b5-0e0773f3a7bf" />
      <TestMethod codeBase="/mnt/d/git/aula/src/Aula.Tests/bin/Debug/net9.0/Aula.Tests.dll" adapterTypeName="executor://xunit/VsTestRunner2/netcoreapp" className="Aula.Tests.Configuration.ConfigurationTests" name="Configuration_LoadsSuccessfully" />
    </UnitTest>
    <UnitTest name="Aula.Tests.Utilities.FollowUpQuestionDetectorTests.IsFollowUpQuestion_WithShortFollowUps_ReturnsTrue(input: &quot;short?&quot;)" storage="/mnt/d/git/aula/src/aula.tests/bin/debug/net9.0/aula.tests.dll" id="4ea1f036-59f8-5cad-3b0c-625068ad78db">
      <Execution id="73c6e6ac-4126-410f-96e3-4e26ee11be8d" />
      <TestMethod codeBase="/mnt/d/git/aula/src/Aula.Tests/bin/Debug/net9.0/Aula.Tests.dll" adapterTypeName="executor://xunit/VsTestRunner2/netcoreapp" className="Aula.Tests.Utilities.FollowUpQuestionDetectorTests" name="IsFollowUpQuestion_WithShortFollowUps_ReturnsTrue" />
    </UnitTest>
    <UnitTest name="Aula.Tests.Bots.TelegramInteractiveBotTests.SendMessage_WithLongChatIdAsLong_SendsSuccessfully(chatId: 987654321)" storage="/mnt/d/git/aula/src/aula.tests/bin/debug/net9.0/aula.tests.dll" id="9191e86e-6282-7313-7613-da1e1fef327e">
      <Execution id="2895452d-9383-41b5-8bf2-69b0a1a61613" />
      <TestMethod codeBase="/mnt/d/git/aula/src/Aula.Tests/bin/Debug/net9.0/Aula.Tests.dll" adapterTypeName="executor://xunit/VsTestRunner2/netcoreapp" className="Aula.Tests.Bots.TelegramInteractiveBotTests" name="SendMessage_WithLongChatIdAsLong_SendsSuccessfully" />
    </UnitTest>
    <UnitTest name="Aula.Tests.Configuration.ConfigurationTests.Timers_ConfigurationIsCorrect" storage="/mnt/d/git/aula/src/aula.tests/bin/debug/net9.0/aula.tests.dll" id="33b001f1-b8e7-0e78-6628-3106ad6d2f71">
      <Execution id="2fa45feb-8798-4f10-9a45-1ec95d517de2" />
      <TestMethod codeBase="/mnt/d/git/aula/src/Aula.Tests/bin/Debug/net9.0/Aula.Tests.dll" adapterTypeName="executor://xunit/VsTestRunner2/netcoreapp" className="Aula.Tests.Configuration.ConfigurationTests" name="Timers_ConfigurationIsCorrect" />
    </UnitTest>
    <UnitTest name="Aula.Tests.Utilities.ConversationContextManagerTests.ClearAllContexts_WithMultipleContexts_RemovesAllAndLogs" storage="/mnt/d/git/aula/src/aula.tests/bin/debug/net9.0/aula.tests.dll" id="1585bed7-c67c-7046-51d9-aa8f4af66bac">
      <Execution id="686a9899-92d8-4fd0-b09b-ca9fc78987be" />
      <TestMethod codeBase="/mnt/d/git/aula/src/Aula.Tests/bin/Debug/net9.0/Aula.Tests.dll" adapterTypeName="executor://xunit/VsTestRunner2/netcoreapp" className="Aula.Tests.Utilities.ConversationContextManagerTests" name="ClearAllContexts_WithMultipleContexts_RemovesAllAndLogs" />
    </UnitTest>
    <UnitTest name="Aula.Tests.Utilities.ConversationContextTests.ToString_WithAllPropertiesSet_ReturnsCorrectFormat" storage="/mnt/d/git/aula/src/aula.tests/bin/debug/net9.0/aula.tests.dll" id="803a38b8-f402-400f-65a3-348044bf14da">
      <Execution id="c70ddff7-5ff9-4ab5-9dab-4d94889edf6a" />
      <TestMethod codeBase="/mnt/d/git/aula/src/Aula.Tests/bin/Debug/net9.0/Aula.Tests.dll" adapterTypeName="executor://xunit/VsTestRunner2/netcoreapp" className="Aula.Tests.Utilities.ConversationContextTests" name="ToString_WithAllPropertiesSet_ReturnsCorrectFormat" />
    </UnitTest>
    <UnitTest name="Aula.Tests.Services.DataModelTests.RetryAttempt_WithProperties_SetsCorrectly" storage="/mnt/d/git/aula/src/aula.tests/bin/debug/net9.0/aula.tests.dll" id="f36a6d06-62fb-7dca-c729-24e28498b2d7">
      <Execution id="cc29bc92-21d6-4042-9f6d-19b609402e64" />
      <TestMethod codeBase="/mnt/d/git/aula/src/Aula.Tests/bin/Debug/net9.0/Aula.Tests.dll" adapterTypeName="executor://xunit/VsTestRunner2/netcoreapp" className="Aula.Tests.Services.DataModelTests" name="RetryAttempt_WithProperties_SetsCorrectly" />
    </UnitTest>
    <UnitTest name="Aula.Tests.Utilities.DateTimeUtilitiesTests.GetDanishDayName_ValidDayOfWeek_ReturnsLowercaseName(dayOfWeek: Wednesday, expectedName: &quot;onsdag&quot;)" storage="/mnt/d/git/aula/src/aula.tests/bin/debug/net9.0/aula.tests.dll" id="3c407d09-bd83-3cf2-cf6c-c0dc480601dc">
      <Execution id="05f7d504-5ddd-4acd-aee7-1cfef7ca0610" />
      <TestMethod codeBase="/mnt/d/git/aula/src/Aula.Tests/bin/Debug/net9.0/Aula.Tests.dll" adapterTypeName="executor://xunit/VsTestRunner2/netcoreapp" className="Aula.Tests.Utilities.DateTimeUtilitiesTests" name="GetDanishDayName_ValidDayOfWeek_ReturnsLowercaseName" />
    </UnitTest>
    <UnitTest name="Aula.Tests.Tools.ReminderCommandHandlerTests.TryHandleReminderCommand_ListReminders_ValidCommands_ReturnsRemindersList(command: &quot;liste påmindelser&quot;, isEnglish: False)" storage="/mnt/d/git/aula/src/aula.tests/bin/debug/net9.0/aula.tests.dll" id="b7876997-bf06-ed71-c4e7-a75d56d4b58d">
      <Execution id="266fdc1f-df4f-4e7c-8497-8189aa9a8157" />
      <TestMethod codeBase="/mnt/d/git/aula/src/Aula.Tests/bin/Debug/net9.0/Aula.Tests.dll" adapterTypeName="executor://xunit/VsTestRunner2/netcoreapp" className="Aula.Tests.Tools.ReminderCommandHandlerTests" name="TryHandleReminderCommand_ListReminders_ValidCommands_ReturnsRemindersList" />
    </UnitTest>
    <UnitTest name="Aula.Tests.Utilities.IntentAnalysisPromptsTests.GetFormattedPrompt_WithVariousQueries_ReturnsValidPrompt(query: &quot;&quot;)" storage="/mnt/d/git/aula/src/aula.tests/bin/debug/net9.0/aula.tests.dll" id="68f8d884-d469-7c10-83e8-5cafd9c08d5b">
      <Execution id="4148d65a-9e61-469e-8887-687f3bcd6795" />
      <TestMethod codeBase="/mnt/d/git/aula/src/Aula.Tests/bin/Debug/net9.0/Aula.Tests.dll" adapterTypeName="executor://xunit/VsTestRunner2/netcoreapp" className="Aula.Tests.Utilities.IntentAnalysisPromptsTests" name="GetFormattedPrompt_WithVariousQueries_ReturnsValidPrompt" />
    </UnitTest>
    <UnitTest name="Aula.Tests.Bots.SlackMessageHandlerTests.HandleMessageAsync_WithHelpCommand_ProcessesHelpMessage(helpCommand: &quot;help&quot;)" storage="/mnt/d/git/aula/src/aula.tests/bin/debug/net9.0/aula.tests.dll" id="bd271e29-873c-e257-8849-0350a000b3af">
      <Execution id="10834593-b65c-4790-b992-20cd25f6ecbd" />
      <TestMethod codeBase="/mnt/d/git/aula/src/Aula.Tests/bin/Debug/net9.0/Aula.Tests.dll" adapterTypeName="executor://xunit/VsTestRunner2/netcoreapp" className="Aula.Tests.Bots.SlackMessageHandlerTests" name="HandleMessageAsync_WithHelpCommand_ProcessesHelpMessage" />
    </UnitTest>
    <UnitTest name="Aula.Tests.Services.DataModelTests.Reminder_CreatedBy_HandlesValues(createdBy: &quot;&quot;, shouldAccept: True)" storage="/mnt/d/git/aula/src/aula.tests/bin/debug/net9.0/aula.tests.dll" id="e8058050-cbb0-edb4-84ec-77371a17e76d">
      <Execution id="937eca9a-bbd1-4875-93fb-11f5b5ec4f14" />
      <TestMethod codeBase="/mnt/d/git/aula/src/Aula.Tests/bin/Debug/net9.0/Aula.Tests.dll" adapterTypeName="executor://xunit/VsTestRunner2/netcoreapp" className="Aula.Tests.Services.DataModelTests" name="Reminder_CreatedBy_HandlesValues" />
    </UnitTest>
    <UnitTest name="Aula.Tests.Utilities.DateTimeUtilitiesTests.GetDanishDayName_AllValidDaysOfWeek_ReturnsNonEmptyString(dayOfWeek: Thursday)" storage="/mnt/d/git/aula/src/aula.tests/bin/debug/net9.0/aula.tests.dll" id="7b9bc6fb-eef9-8cc3-8ceb-2e893b8c1bdf">
      <Execution id="c4f02c2b-58a6-4e80-8aae-efbcb0a232bd" />
      <TestMethod codeBase="/mnt/d/git/aula/src/Aula.Tests/bin/Debug/net9.0/Aula.Tests.dll" adapterTypeName="executor://xunit/VsTestRunner2/netcoreapp" className="Aula.Tests.Utilities.DateTimeUtilitiesTests" name="GetDanishDayName_AllValidDaysOfWeek_ReturnsNonEmptyString" />
    </UnitTest>
    <UnitTest name="Aula.Tests.Tools.ReminderCommandHandlerTests.TryHandleReminderCommand_NonMatchingPatterns_ReturnsFalse(command: &quot;remind me yesterday at 8:00 that past date&quot;, isEnglish: True)" storage="/mnt/d/git/aula/src/aula.tests/bin/debug/net9.0/aula.tests.dll" id="d38e40f0-9394-42c9-ac5c-2e74521578b4">
      <Execution id="da096eb4-f42b-415b-972f-b00f95c29c5c" />
      <TestMethod codeBase="/mnt/d/git/aula/src/Aula.Tests/bin/Debug/net9.0/Aula.Tests.dll" adapterTypeName="executor://xunit/VsTestRunner2/netcoreapp" className="Aula.Tests.Tools.ReminderCommandHandlerTests" name="TryHandleReminderCommand_NonMatchingPatterns_ReturnsFalse" />
    </UnitTest>
    <UnitTest name="Aula.Tests.Utilities.Html2SlackMarkdownConverterTests.Convert_WithNullInput_ReturnsEmptyString" storage="/mnt/d/git/aula/src/aula.tests/bin/debug/net9.0/aula.tests.dll" id="a415fe92-f44b-9cd9-fda2-e5c7020144da">
      <Execution id="dd05e8fe-81ad-4de2-8376-f0393ac61439" />
      <TestMethod codeBase="/mnt/d/git/aula/src/Aula.Tests/bin/Debug/net9.0/Aula.Tests.dll" adapterTypeName="executor://xunit/VsTestRunner2/netcoreapp" className="Aula.Tests.Utilities.Html2SlackMarkdownConverterTests" name="Convert_WithNullInput_ReturnsEmptyString" />
    </UnitTest>
    <UnitTest name="Aula.Tests.Services.DataModelTests.ScheduledTask_WithProperties_SetsCorrectly" storage="/mnt/d/git/aula/src/aula.tests/bin/debug/net9.0/aula.tests.dll" id="34366f44-ed9b-7d8b-6c2d-6118dfaf9ff9">
      <Execution id="b5598767-5970-42a7-9f24-46bfccde08a7" />
      <TestMethod codeBase="/mnt/d/git/aula/src/Aula.Tests/bin/Debug/net9.0/Aula.Tests.dll" adapterTypeName="executor://xunit/VsTestRunner2/netcoreapp" className="Aula.Tests.Services.DataModelTests" name="ScheduledTask_WithProperties_SetsCorrectly" />
    </UnitTest>
    <UnitTest name="Aula.Tests.Channels.TelegramClientTests.PostWeekLetter_WithMissingFields_HandlesGracefully" storage="/mnt/d/git/aula/src/aula.tests/bin/debug/net9.0/aula.tests.dll" id="1dba4bcb-2a6a-02e7-3151-a1fa05d6b85c">
      <Execution id="389fc0c9-eb84-4802-ad18-65a5f506f410" />
      <TestMethod codeBase="/mnt/d/git/aula/src/Aula.Tests/bin/Debug/net9.0/Aula.Tests.dll" adapterTypeName="executor://xunit/VsTestRunner2/netcoreapp" className="Aula.Tests.Channels.TelegramClientTests" name="PostWeekLetter_WithMissingFields_HandlesGracefully" />
    </UnitTest>
    <UnitTest name="Aula.Tests.Configuration.ConfigurationTests.Config_DefaultValues_AreApplied" storage="/mnt/d/git/aula/src/aula.tests/bin/debug/net9.0/aula.tests.dll" id="190cafd6-e87f-acd4-dc9b-9d82114386d9">
      <Execution id="58c794d6-dc8e-41ae-ba3d-be27db9143c4" />
      <TestMethod codeBase="/mnt/d/git/aula/src/Aula.Tests/bin/Debug/net9.0/Aula.Tests.dll" adapterTypeName="executor://xunit/VsTestRunner2/netcoreapp" className="Aula.Tests.Configuration.ConfigurationTests" name="Config_DefaultValues_AreApplied" />
    </UnitTest>
    <UnitTest name="Aula.Tests.Utilities.DateTimeUtilitiesTests.GetDanishDayName_AllValidDaysOfWeek_ReturnsNonEmptyString(dayOfWeek: Saturday)" storage="/mnt/d/git/aula/src/aula.tests/bin/debug/net9.0/aula.tests.dll" id="51dadbc3-586b-6ea0-f9cc-0638c0cb614d">
      <Execution id="f586f53c-5c0d-4b1a-95ff-ef9f4b78cf53" />
      <TestMethod codeBase="/mnt/d/git/aula/src/Aula.Tests/bin/Debug/net9.0/Aula.Tests.dll" adapterTypeName="executor://xunit/VsTestRunner2/netcoreapp" className="Aula.Tests.Utilities.DateTimeUtilitiesTests" name="GetDanishDayName_AllValidDaysOfWeek_ReturnsNonEmptyString" />
    </UnitTest>
    <UnitTest name="Aula.Tests.Utilities.IntentAnalysisPromptsTests.ToolExamples_ContainsRequiredKeys(key: &quot;CREATE_REMINDER_DANISH&quot;)" storage="/mnt/d/git/aula/src/aula.tests/bin/debug/net9.0/aula.tests.dll" id="752d40b4-ceac-535b-c245-39fed899e450">
      <Execution id="59400483-b761-4cd1-b6be-19857fe6a50f" />
      <TestMethod codeBase="/mnt/d/git/aula/src/Aula.Tests/bin/Debug/net9.0/Aula.Tests.dll" adapterTypeName="executor://xunit/VsTestRunner2/netcoreapp" className="Aula.Tests.Utilities.IntentAnalysisPromptsTests" name="ToolExamples_ContainsRequiredKeys" />
    </UnitTest>
    <UnitTest name="Aula.Tests.Utilities.WeekLetterContentExtractorTests.ExtractContent_Dynamic_WithException_ReturnsEmptyStringAndLogsError" storage="/mnt/d/git/aula/src/aula.tests/bin/debug/net9.0/aula.tests.dll" id="5fe3fa44-04c0-bf4f-e0cb-be0a1bef1cef">
      <Execution id="68ce7a63-8821-449d-b4a5-91bb5f51812c" />
      <TestMethod codeBase="/mnt/d/git/aula/src/Aula.Tests/bin/Debug/net9.0/Aula.Tests.dll" adapterTypeName="executor://xunit/VsTestRunner2/netcoreapp" className="Aula.Tests.Utilities.WeekLetterContentExtractorTests" name="ExtractContent_Dynamic_WithException_ReturnsEmptyStringAndLogsError" />
    </UnitTest>
    <UnitTest name="Aula.Tests.Utilities.ReminderExtractionPromptsTests.GetExtractionPrompt_WithRealQueries_EmbedsQueryCorrectly(query: &quot;Pick up Emma tomorrow at 3 PM&quot;)" storage="/mnt/d/git/aula/src/aula.tests/bin/debug/net9.0/aula.tests.dll" id="3332c67c-92a3-057f-677b-9ccf84688a91">
      <Execution id="6e87663e-ede8-49ab-8df5-3a3403cfa619" />
      <TestMethod codeBase="/mnt/d/git/aula/src/Aula.Tests/bin/Debug/net9.0/Aula.Tests.dll" adapterTypeName="executor://xunit/VsTestRunner2/netcoreapp" className="Aula.Tests.Utilities.ReminderExtractionPromptsTests" name="GetExtractionPrompt_WithRealQueries_EmbedsQueryCorrectly" />
    </UnitTest>
    <UnitTest name="Aula.Tests.Services.DataModelTests.Reminder_CreatedBy_HandlesValues(createdBy: &quot;system&quot;, shouldAccept: True)" storage="/mnt/d/git/aula/src/aula.tests/bin/debug/net9.0/aula.tests.dll" id="8f432e57-8098-fcb0-9efa-55aa76700f57">
      <Execution id="7c923de5-5a7c-4965-a39c-692b534125e1" />
      <TestMethod codeBase="/mnt/d/git/aula/src/Aula.Tests/bin/Debug/net9.0/Aula.Tests.dll" adapterTypeName="executor://xunit/VsTestRunner2/netcoreapp" className="Aula.Tests.Services.DataModelTests" name="Reminder_CreatedBy_HandlesValues" />
    </UnitTest>
    <UnitTest name="Aula.Tests.Channels.SlackBotTests.Constructor_WithValidUrls_DoesNotThrow(webhookUrl: &quot;https://hooks.slack.com/services/T123/B456/xyz&quot;)" storage="/mnt/d/git/aula/src/aula.tests/bin/debug/net9.0/aula.tests.dll" id="673e7d35-f16e-bd38-569e-9b00ed91c4fd">
      <Execution id="3ca4c82d-f6d6-441a-acd2-6205b1ce8cb0" />
      <TestMethod codeBase="/mnt/d/git/aula/src/Aula.Tests/bin/Debug/net9.0/Aula.Tests.dll" adapterTypeName="executor://xunit/VsTestRunner2/netcoreapp" className="Aula.Tests.Channels.SlackBotTests" name="Constructor_WithValidUrls_DoesNotThrow" />
    </UnitTest>
    <UnitTest name="Aula.Tests.Utilities.ConversationContextTests.ConversationContext_Properties_CanBeSet" storage="/mnt/d/git/aula/src/aula.tests/bin/debug/net9.0/aula.tests.dll" id="0e3d7f53-280f-fde2-203e-143d6dcfdf0a">
      <Execution id="ab6c87e5-dd7a-4bd2-9f0b-1ccfe7c5ce54" />
      <TestMethod codeBase="/mnt/d/git/aula/src/Aula.Tests/bin/Debug/net9.0/Aula.Tests.dll" adapterTypeName="executor://xunit/VsTestRunner2/netcoreapp" className="Aula.Tests.Utilities.ConversationContextTests" name="ConversationContext_Properties_CanBeSet" />
    </UnitTest>
    <UnitTest name="Aula.Tests.Bots.TelegramInteractiveBotTests.ComputeHash_WithDifferentInputs_ReturnsConsistentHashes(input: &quot;&quot;)" storage="/mnt/d/git/aula/src/aula.tests/bin/debug/net9.0/aula.tests.dll" id="fe1a2924-96f3-7e80-1a74-9f9fd249b93e">
      <Execution id="2eb804d3-6da6-46bb-9c82-be854f000620" />
      <TestMethod codeBase="/mnt/d/git/aula/src/Aula.Tests/bin/Debug/net9.0/Aula.Tests.dll" adapterTypeName="executor://xunit/VsTestRunner2/netcoreapp" className="Aula.Tests.Bots.TelegramInteractiveBotTests" name="ComputeHash_WithDifferentInputs_ReturnsConsistentHashes" />
    </UnitTest>
    <UnitTest name="Aula.Tests.Channels.TelegramClientTests.Constructor_WithConfig_EnabledFalse_CreatesInstance" storage="/mnt/d/git/aula/src/aula.tests/bin/debug/net9.0/aula.tests.dll" id="50081d46-2c3a-f2b2-59ea-4061c169b6c6">
      <Execution id="1a24a562-61f6-4f5b-b972-6dbd2fa202c1" />
      <TestMethod codeBase="/mnt/d/git/aula/src/Aula.Tests/bin/Debug/net9.0/Aula.Tests.dll" adapterTypeName="executor://xunit/VsTestRunner2/netcoreapp" className="Aula.Tests.Channels.TelegramClientTests" name="Constructor_WithConfig_EnabledFalse_CreatesInstance" />
    </UnitTest>
    <UnitTest name="Aula.Tests.Bots.SlackInteractiveBotTests.Start_WithMissingApiToken_LogsErrorAndReturns" storage="/mnt/d/git/aula/src/aula.tests/bin/debug/net9.0/aula.tests.dll" id="3faf1419-3703-7fd5-a3da-353c4d730dce">
      <Execution id="1521e430-bff5-47e3-86d2-ac45a5a75751" />
      <TestMethod codeBase="/mnt/d/git/aula/src/Aula.Tests/bin/Debug/net9.0/Aula.Tests.dll" adapterTypeName="executor://xunit/VsTestRunner2/netcoreapp" className="Aula.Tests.Bots.SlackInteractiveBotTests" name="Start_WithMissingApiToken_LogsErrorAndReturns" />
    </UnitTest>
    <UnitTest name="Aula.Tests.Configuration.ConfigurationTests.Features_ConversationCacheExpiration_ValidationTests(minutes: 0, isValid: False)" storage="/mnt/d/git/aula/src/aula.tests/bin/debug/net9.0/aula.tests.dll" id="85d0bba0-b6e6-710e-0b38-be2340b6cfc9">
      <Execution id="00106380-5a5e-4e36-aa30-7bb334e18f94" />
      <TestMethod codeBase="/mnt/d/git/aula/src/Aula.Tests/bin/Debug/net9.0/Aula.Tests.dll" adapterTypeName="executor://xunit/VsTestRunner2/netcoreapp" className="Aula.Tests.Configuration.ConfigurationTests" name="Features_ConversationCacheExpiration_ValidationTests" />
    </UnitTest>
    <UnitTest name="Aula.Tests.Utilities.JsonFormatterTests.Prettify_WithIncompleteJson_ThrowsException(incompleteJson: &quot;{&quot;)" storage="/mnt/d/git/aula/src/aula.tests/bin/debug/net9.0/aula.tests.dll" id="e864bc3b-2488-4a94-3944-8157a5bb958a">
      <Execution id="8c09f988-599b-456c-b3df-70485e893621" />
      <TestMethod codeBase="/mnt/d/git/aula/src/Aula.Tests/bin/Debug/net9.0/Aula.Tests.dll" adapterTypeName="executor://xunit/VsTestRunner2/netcoreapp" className="Aula.Tests.Utilities.JsonFormatterTests" name="Prettify_WithIncompleteJson_ThrowsException" />
    </UnitTest>
    <UnitTest name="Aula.Tests.Utilities.FollowUpQuestionDetectorTests.IsFollowUpQuestion_WithFullChildNames_WorksCorrectly(input: &quot;Søren Johannes&quot;)" storage="/mnt/d/git/aula/src/aula.tests/bin/debug/net9.0/aula.tests.dll" id="22ffd28b-ee44-66cc-c370-4d28b25809c6">
      <Execution id="e854d51c-aae9-4321-90b5-15ab1060fb47" />
      <TestMethod codeBase="/mnt/d/git/aula/src/Aula.Tests/bin/Debug/net9.0/Aula.Tests.dll" adapterTypeName="executor://xunit/VsTestRunner2/netcoreapp" className="Aula.Tests.Utilities.FollowUpQuestionDetectorTests" name="IsFollowUpQuestion_WithFullChildNames_WorksCorrectly" />
    </UnitTest>
    <UnitTest name="Aula.Tests.Bots.TelegramMessageHandlerTests.Constructor_WithNullChildrenByName_ThrowsArgumentNullException" storage="/mnt/d/git/aula/src/aula.tests/bin/debug/net9.0/aula.tests.dll" id="2c3d4776-5def-fbfc-180a-60513ca0400e">
      <Execution id="c849ab8e-9c21-4d9b-a993-a874db17bf06" />
      <TestMethod codeBase="/mnt/d/git/aula/src/Aula.Tests/bin/Debug/net9.0/Aula.Tests.dll" adapterTypeName="executor://xunit/VsTestRunner2/netcoreapp" className="Aula.Tests.Bots.TelegramMessageHandlerTests" name="Constructor_WithNullChildrenByName_ThrowsArgumentNullException" />
    </UnitTest>
    <UnitTest name="Aula.Tests.Tools.ReminderCommandHandlerTests.TryHandleReminderCommand_ListReminders_WithException_LogsErrorAndReturnsErrorMessage(command: &quot;list reminders&quot;, isEnglish: True)" storage="/mnt/d/git/aula/src/aula.tests/bin/debug/net9.0/aula.tests.dll" id="291a0a00-e36f-0b02-ed15-eb7d9d18168a">
      <Execution id="6192d55f-0898-4141-bf39-dd05be96360d" />
      <TestMethod codeBase="/mnt/d/git/aula/src/Aula.Tests/bin/Debug/net9.0/Aula.Tests.dll" adapterTypeName="executor://xunit/VsTestRunner2/netcoreapp" className="Aula.Tests.Tools.ReminderCommandHandlerTests" name="TryHandleReminderCommand_ListReminders_WithException_LogsErrorAndReturnsErrorMessage" />
    </UnitTest>
    <UnitTest name="Aula.Tests.Bots.SlackInteractiveBotTests.PostWeekLetter_WithDuplicateContent_SkipsDuplicate" storage="/mnt/d/git/aula/src/aula.tests/bin/debug/net9.0/aula.tests.dll" id="c491ca15-97ab-a670-c185-11bf3ef7479b">
      <Execution id="a8da795f-5bdd-44ed-a1bf-5bb8c887d411" />
      <TestMethod codeBase="/mnt/d/git/aula/src/Aula.Tests/bin/Debug/net9.0/Aula.Tests.dll" adapterTypeName="executor://xunit/VsTestRunner2/netcoreapp" className="Aula.Tests.Bots.SlackInteractiveBotTests" name="PostWeekLetter_WithDuplicateContent_SkipsDuplicate" />
    </UnitTest>
    <UnitTest name="Aula.Tests.Tools.ReminderCommandHandlerTests.TryHandleReminderCommand_AddReminder_InvalidFormats_ReturnsErrorMessage(command: &quot;remind me tomorrow at 25:00 that invalid time&quot;, isEnglish: True)" storage="/mnt/d/git/aula/src/aula.tests/bin/debug/net9.0/aula.tests.dll" id="869e2bf6-051e-e015-497a-7397bf66191a">
      <Execution id="0dbbce7c-ceb3-442c-90b0-6b42e855dc0f" />
      <TestMethod codeBase="/mnt/d/git/aula/src/Aula.Tests/bin/Debug/net9.0/Aula.Tests.dll" adapterTypeName="executor://xunit/VsTestRunner2/netcoreapp" className="Aula.Tests.Tools.ReminderCommandHandlerTests" name="TryHandleReminderCommand_AddReminder_InvalidFormats_ReturnsErrorMessage" />
    </UnitTest>
    <UnitTest name="Aula.Tests.Utilities.FollowUpQuestionDetectorTests.IsFollowUpQuestion_WithNullLogger_ThrowsArgumentNullException" storage="/mnt/d/git/aula/src/aula.tests/bin/debug/net9.0/aula.tests.dll" id="ce195ac9-e907-62d3-fa5f-c3b7ebadeac3">
      <Execution id="0400b548-03da-455a-b79c-8b53b9035721" />
      <TestMethod codeBase="/mnt/d/git/aula/src/Aula.Tests/bin/Debug/net9.0/Aula.Tests.dll" adapterTypeName="executor://xunit/VsTestRunner2/netcoreapp" className="Aula.Tests.Utilities.FollowUpQuestionDetectorTests" name="IsFollowUpQuestion_WithNullLogger_ThrowsArgumentNullException" />
    </UnitTest>
    <UnitTest name="Aula.Tests.Bots.TelegramInteractiveBotTests.SendMessage_WithLongChatIdAsLong_SendsSuccessfully(chatId: 1234567890)" storage="/mnt/d/git/aula/src/aula.tests/bin/debug/net9.0/aula.tests.dll" id="84d3e400-28e5-a032-6581-dd6f9d37667a">
      <Execution id="27b51e7a-02db-42d0-a1e1-04a428b9fcb8" />
      <TestMethod codeBase="/mnt/d/git/aula/src/Aula.Tests/bin/Debug/net9.0/Aula.Tests.dll" adapterTypeName="executor://xunit/VsTestRunner2/netcoreapp" className="Aula.Tests.Bots.TelegramInteractiveBotTests" name="SendMessage_WithLongChatIdAsLong_SendsSuccessfully" />
    </UnitTest>
    <UnitTest name="Aula.Tests.Configuration.ConfigurationTests.Telegram_Token_ValidationTests(token: &quot;123456789&quot;, isValidFormat: False)" storage="/mnt/d/git/aula/src/aula.tests/bin/debug/net9.0/aula.tests.dll" id="016d303d-5ae2-6e55-e6bf-2008da910e62">
      <Execution id="da257c54-ca63-4ce2-8ccd-a38316abeb56" />
      <TestMethod codeBase="/mnt/d/git/aula/src/Aula.Tests/bin/Debug/net9.0/Aula.Tests.dll" adapterTypeName="executor://xunit/VsTestRunner2/netcoreapp" className="Aula.Tests.Configuration.ConfigurationTests" name="Telegram_Token_ValidationTests" />
    </UnitTest>
    <UnitTest name="Aula.Tests.Channels.SlackBotTests.PostWeekLetter_WithVariousChildColors_HandlesCorrectly(color: &quot;#FF0000&quot;)" storage="/mnt/d/git/aula/src/aula.tests/bin/debug/net9.0/aula.tests.dll" id="aa45be65-ee7b-6980-b008-5b44e798506b">
      <Execution id="4561ea0f-9446-48fa-be11-d26f765207f2" />
      <TestMethod codeBase="/mnt/d/git/aula/src/Aula.Tests/bin/Debug/net9.0/Aula.Tests.dll" adapterTypeName="executor://xunit/VsTestRunner2/netcoreapp" className="Aula.Tests.Channels.SlackBotTests" name="PostWeekLetter_WithVariousChildColors_HandlesCorrectly" />
    </UnitTest>
    <UnitTest name="Aula.Tests.Utilities.WeekLetterContentExtractorTests.ExtractContent_WithMissingIndhold_ReturnsEmptyString" storage="/mnt/d/git/aula/src/aula.tests/bin/debug/net9.0/aula.tests.dll" id="f298d898-68fb-30c9-25a2-94ce20f4fdb3">
      <Execution id="f582a646-739b-46f4-81a0-9fb7b2cc0c58" />
      <TestMethod codeBase="/mnt/d/git/aula/src/Aula.Tests/bin/Debug/net9.0/Aula.Tests.dll" adapterTypeName="executor://xunit/VsTestRunner2/netcoreapp" className="Aula.Tests.Utilities.WeekLetterContentExtractorTests" name="ExtractContent_WithMissingIndhold_ReturnsEmptyString" />
    </UnitTest>
    <UnitTest name="Aula.Tests.Utilities.FollowUpQuestionDetectorTests.IsFollowUpQuestion_WithStartingFollowUpWords_ReturnsTrue(input: &quot;And Liam&quot;)" storage="/mnt/d/git/aula/src/aula.tests/bin/debug/net9.0/aula.tests.dll" id="19f2e1ca-d1c7-2af8-caa8-282a0071f76c">
      <Execution id="e68cab04-b71e-4b9a-9650-dca71fcfd433" />
      <TestMethod codeBase="/mnt/d/git/aula/src/Aula.Tests/bin/Debug/net9.0/Aula.Tests.dll" adapterTypeName="executor://xunit/VsTestRunner2/netcoreapp" className="Aula.Tests.Utilities.FollowUpQuestionDetectorTests" name="IsFollowUpQuestion_WithStartingFollowUpWords_ReturnsTrue" />
    </UnitTest>
    <UnitTest name="Aula.Tests.Services.DataModelTests.ScheduledTask_CronExpression_CanBeSet(cronExpression: &quot;0 0 1 * *&quot;, description: &quot;Monthly on the 1st at midnight&quot;)" storage="/mnt/d/git/aula/src/aula.tests/bin/debug/net9.0/aula.tests.dll" id="dc9dca5e-236c-2eb7-8830-55bb297e92d9">
      <Execution id="2fc0c04f-c5a4-45fc-80f6-64467556f6bb" />
      <TestMethod codeBase="/mnt/d/git/aula/src/Aula.Tests/bin/Debug/net9.0/Aula.Tests.dll" adapterTypeName="executor://xunit/VsTestRunner2/netcoreapp" className="Aula.Tests.Services.DataModelTests" name="ScheduledTask_CronExpression_CanBeSet" />
    </UnitTest>
    <UnitTest name="Aula.Tests.Utilities.ReminderExtractionPromptsTests.GetExtractionPrompt_ContainsRequiredExtractionFields" storage="/mnt/d/git/aula/src/aula.tests/bin/debug/net9.0/aula.tests.dll" id="8495fb32-9c63-b362-e211-e17f09a360d7">
      <Execution id="7226ed9a-7274-4fcd-80ba-43c975956999" />
      <TestMethod codeBase="/mnt/d/git/aula/src/Aula.Tests/bin/Debug/net9.0/Aula.Tests.dll" adapterTypeName="executor://xunit/VsTestRunner2/netcoreapp" className="Aula.Tests.Utilities.ReminderExtractionPromptsTests" name="GetExtractionPrompt_ContainsRequiredExtractionFields" />
    </UnitTest>
    <UnitTest name="Aula.Tests.Configuration.ConfigurationTests.Timers_SchedulingInterval_ValidationTests(intervalSeconds: 0, isValid: False)" storage="/mnt/d/git/aula/src/aula.tests/bin/debug/net9.0/aula.tests.dll" id="29b460d3-32ba-3d59-36a7-72d7b3c75d60">
      <Execution id="c4f56b8a-b951-47df-acb7-311be1dc951b" />
      <TestMethod codeBase="/mnt/d/git/aula/src/Aula.Tests/bin/Debug/net9.0/Aula.Tests.dll" adapterTypeName="executor://xunit/VsTestRunner2/netcoreapp" className="Aula.Tests.Configuration.ConfigurationTests" name="Timers_SchedulingInterval_ValidationTests" />
    </UnitTest>
    <UnitTest name="Aula.Tests.Channels.SlackBotTests.PostWeekLetter_WithVariousChildNames_HandlesCorrectly(firstName: &quot;Søren Johannes&quot;)" storage="/mnt/d/git/aula/src/aula.tests/bin/debug/net9.0/aula.tests.dll" id="8411a163-fe22-681b-f5c6-7310c560d29a">
      <Execution id="dafd1a2e-5107-4bc1-9ed8-9db6df12ea44" />
      <TestMethod codeBase="/mnt/d/git/aula/src/Aula.Tests/bin/Debug/net9.0/Aula.Tests.dll" adapterTypeName="executor://xunit/VsTestRunner2/netcoreapp" className="Aula.Tests.Channels.SlackBotTests" name="PostWeekLetter_WithVariousChildNames_HandlesCorrectly" />
    </UnitTest>
    <UnitTest name="Aula.Tests.Utilities.DateTimeUtilitiesTests.GetDanishDayName_ValidDayOfWeek_ReturnsCorrectDanishName(dayOfWeek: Tuesday, expectedDanishName: &quot;tirsdag&quot;)" storage="/mnt/d/git/aula/src/aula.tests/bin/debug/net9.0/aula.tests.dll" id="228e40b4-0ca4-d75a-7a58-46117a34fee9">
      <Execution id="c57871ae-74be-43b4-9e3e-fba06b08aa81" />
      <TestMethod codeBase="/mnt/d/git/aula/src/Aula.Tests/bin/Debug/net9.0/Aula.Tests.dll" adapterTypeName="executor://xunit/VsTestRunner2/netcoreapp" className="Aula.Tests.Utilities.DateTimeUtilitiesTests" name="GetDanishDayName_ValidDayOfWeek_ReturnsCorrectDanishName" />
    </UnitTest>
    <UnitTest name="Aula.Tests.Tools.ReminderCommandHandlerTests.TryHandleReminderCommand_ListReminders_ValidCommands_ReturnsRemindersList(command: &quot;list reminders&quot;, isEnglish: True)" storage="/mnt/d/git/aula/src/aula.tests/bin/debug/net9.0/aula.tests.dll" id="2c4f5c38-e0cd-3355-85e7-bc13205402ed">
      <Execution id="7f44d915-773e-4999-9fe8-fc00f53f0fc1" />
      <TestMethod codeBase="/mnt/d/git/aula/src/Aula.Tests/bin/Debug/net9.0/Aula.Tests.dll" adapterTypeName="executor://xunit/VsTestRunner2/netcoreapp" className="Aula.Tests.Tools.ReminderCommandHandlerTests" name="TryHandleReminderCommand_ListReminders_ValidCommands_ReturnsRemindersList" />
    </UnitTest>
    <UnitTest name="Aula.Tests.Utilities.DateTimeUtilitiesTests.GetDanishDayName_AllValidDaysOfWeek_ReturnsNonEmptyString(dayOfWeek: Sunday)" storage="/mnt/d/git/aula/src/aula.tests/bin/debug/net9.0/aula.tests.dll" id="2c3c35ba-d19e-e494-0ed2-32abdacfd200">
      <Execution id="daaf5a75-eb16-4688-8e0d-8e3d31b113d9" />
      <TestMethod codeBase="/mnt/d/git/aula/src/Aula.Tests/bin/Debug/net9.0/Aula.Tests.dll" adapterTypeName="executor://xunit/VsTestRunner2/netcoreapp" className="Aula.Tests.Utilities.DateTimeUtilitiesTests" name="GetDanishDayName_AllValidDaysOfWeek_ReturnsNonEmptyString" />
    </UnitTest>
    <UnitTest name="Aula.Tests.Utilities.WeekLetterContentExtractorTests.ExtractContent_WithLogger_LogsWarningForEmptyContent" storage="/mnt/d/git/aula/src/aula.tests/bin/debug/net9.0/aula.tests.dll" id="5b9eed1d-66a1-144a-f169-3003eeb937ac">
      <Execution id="3ecbe8a6-cca9-46f3-a117-5eace9b464ca" />
      <TestMethod codeBase="/mnt/d/git/aula/src/Aula.Tests/bin/Debug/net9.0/Aula.Tests.dll" adapterTypeName="executor://xunit/VsTestRunner2/netcoreapp" className="Aula.Tests.Utilities.WeekLetterContentExtractorTests" name="ExtractContent_WithLogger_LogsWarningForEmptyContent" />
    </UnitTest>
    <UnitTest name="Aula.Tests.Services.OpenAiServiceIntegrationTests.ProcessQueryWithToolsAsync_WithInvalidContextKey_ThrowsArgumentException(contextKey: &quot;   &quot;)" storage="/mnt/d/git/aula/src/aula.tests/bin/debug/net9.0/aula.tests.dll" id="9e4d28e4-6bf0-96b3-b279-344fc741cf71">
      <Execution id="787d12a9-e468-4c1c-bfc6-9a69b756cd15" />
      <TestMethod codeBase="/mnt/d/git/aula/src/Aula.Tests/bin/Debug/net9.0/Aula.Tests.dll" adapterTypeName="executor://xunit/VsTestRunner2/netcoreapp" className="Aula.Tests.Services.OpenAiServiceIntegrationTests" name="ProcessQueryWithToolsAsync_WithInvalidContextKey_ThrowsArgumentException" />
    </UnitTest>
    <UnitTest name="Aula.Tests.Utilities.IntentAnalysisPromptsTests.GetFormattedPrompt_IncludesAllExamples" storage="/mnt/d/git/aula/src/aula.tests/bin/debug/net9.0/aula.tests.dll" id="89f817bf-e9a1-f0b4-2111-76edf6a63676">
      <Execution id="adaa2dad-5bbc-441c-98b8-3c8f2ee3b837" />
      <TestMethod codeBase="/mnt/d/git/aula/src/Aula.Tests/bin/Debug/net9.0/Aula.Tests.dll" adapterTypeName="executor://xunit/VsTestRunner2/netcoreapp" className="Aula.Tests.Utilities.IntentAnalysisPromptsTests" name="GetFormattedPrompt_IncludesAllExamples" />
    </UnitTest>
    <UnitTest name="Aula.Tests.Services.OpenAiServiceIntegrationTests.ChatInterface_Telegram_HasCorrectValue" storage="/mnt/d/git/aula/src/aula.tests/bin/debug/net9.0/aula.tests.dll" id="a7bf7fe5-0fd3-09c0-db2e-a077e2bb59f1">
      <Execution id="01afa4c5-3752-4305-a475-78828ebf867f" />
      <TestMethod codeBase="/mnt/d/git/aula/src/Aula.Tests/bin/Debug/net9.0/Aula.Tests.dll" adapterTypeName="executor://xunit/VsTestRunner2/netcoreapp" className="Aula.Tests.Services.OpenAiServiceIntegrationTests" name="ChatInterface_Telegram_HasCorrectValue" />
    </UnitTest>
    <UnitTest name="Aula.Tests.Tools.ReminderCommandHandlerTests.TryHandleReminderCommand_NonReminderCommands_ReturnsFalse(command: &quot;random text&quot;)" storage="/mnt/d/git/aula/src/aula.tests/bin/debug/net9.0/aula.tests.dll" id="e2629d31-76fa-fe13-ab42-e2aa75f765d2">
      <Execution id="9294a843-7428-4695-bf95-27f2ae826cfe" />
      <TestMethod codeBase="/mnt/d/git/aula/src/Aula.Tests/bin/Debug/net9.0/Aula.Tests.dll" adapterTypeName="executor://xunit/VsTestRunner2/netcoreapp" className="Aula.Tests.Tools.ReminderCommandHandlerTests" name="TryHandleReminderCommand_NonReminderCommands_ReturnsFalse" />
    </UnitTest>
    <UnitTest name="Aula.Tests.Channels.TelegramClientTests.SendMessageToChannel_WithDisabledTelegram_ReturnsFalse" storage="/mnt/d/git/aula/src/aula.tests/bin/debug/net9.0/aula.tests.dll" id="45fb5dfe-53cd-6a22-0ca1-9597e2979720">
      <Execution id="6757ad65-7e46-446b-94c5-105fb0ab46b7" />
      <TestMethod codeBase="/mnt/d/git/aula/src/Aula.Tests/bin/Debug/net9.0/Aula.Tests.dll" adapterTypeName="executor://xunit/VsTestRunner2/netcoreapp" className="Aula.Tests.Channels.TelegramClientTests" name="SendMessageToChannel_WithDisabledTelegram_ReturnsFalse" />
    </UnitTest>
    <UnitTest name="Aula.Tests.Configuration.ConfigurationTests.Config_IConfig_Interface_IsImplemented" storage="/mnt/d/git/aula/src/aula.tests/bin/debug/net9.0/aula.tests.dll" id="952f09f7-4d08-75b3-4aa9-81a5106c72e8">
      <Execution id="d976d8c9-7fb0-41e1-afad-e96df07dbeca" />
      <TestMethod codeBase="/mnt/d/git/aula/src/Aula.Tests/bin/Debug/net9.0/Aula.Tests.dll" adapterTypeName="executor://xunit/VsTestRunner2/netcoreapp" className="Aula.Tests.Configuration.ConfigurationTests" name="Config_IConfig_Interface_IsImplemented" />
    </UnitTest>
    <UnitTest name="Aula.Tests.Channels.SlackBotTests.PostWeekLetter_WithVariousChildColors_HandlesCorrectly(color: &quot;&quot;)" storage="/mnt/d/git/aula/src/aula.tests/bin/debug/net9.0/aula.tests.dll" id="a40f32ef-bb76-d332-6d7b-f2a216398660">
      <Execution id="43340268-4f73-4026-8d9a-427200ced308" />
      <TestMethod codeBase="/mnt/d/git/aula/src/Aula.Tests/bin/Debug/net9.0/Aula.Tests.dll" adapterTypeName="executor://xunit/VsTestRunner2/netcoreapp" className="Aula.Tests.Channels.SlackBotTests" name="PostWeekLetter_WithVariousChildColors_HandlesCorrectly" />
    </UnitTest>
    <UnitTest name="Aula.Tests.Bots.TelegramInteractiveBotTests.PostWeekLetter_WithMissingChannelId_LogsWarningAndReturns" storage="/mnt/d/git/aula/src/aula.tests/bin/debug/net9.0/aula.tests.dll" id="3ca02e33-556b-3fdb-f0cf-b0f349847245">
      <Execution id="9f2343ed-0d0f-4051-837c-4fe849668efc" />
      <TestMethod codeBase="/mnt/d/git/aula/src/Aula.Tests/bin/Debug/net9.0/Aula.Tests.dll" adapterTypeName="executor://xunit/VsTestRunner2/netcoreapp" className="Aula.Tests.Bots.TelegramInteractiveBotTests" name="PostWeekLetter_WithMissingChannelId_LogsWarningAndReturns" />
    </UnitTest>
    <UnitTest name="Aula.Tests.Integration.AgentServiceTests.GetWeekLetterAsync_FetchesAndCachesData_WhenNotCached" storage="/mnt/d/git/aula/src/aula.tests/bin/debug/net9.0/aula.tests.dll" id="e23a0f35-3922-f8cd-3202-bdb40b27bd1c">
      <Execution id="faf7cfdf-826e-4c20-b1c9-3aebdaad4d94" />
      <TestMethod codeBase="/mnt/d/git/aula/src/Aula.Tests/bin/Debug/net9.0/Aula.Tests.dll" adapterTypeName="executor://xunit/VsTestRunner2/netcoreapp" className="Aula.Tests.Integration.AgentServiceTests" name="GetWeekLetterAsync_FetchesAndCachesData_WhenNotCached" />
    </UnitTest>
    <UnitTest name="Aula.Tests.Bots.SlackInteractiveBotTests.Constructor_WithValidParameters_InitializesCorrectly" storage="/mnt/d/git/aula/src/aula.tests/bin/debug/net9.0/aula.tests.dll" id="2f04f25a-f7ea-d154-f23d-9b85170cefc4">
      <Execution id="1c466d34-1f47-478f-9f47-454c4c66e744" />
      <TestMethod codeBase="/mnt/d/git/aula/src/Aula.Tests/bin/Debug/net9.0/Aula.Tests.dll" adapterTypeName="executor://xunit/VsTestRunner2/netcoreapp" className="Aula.Tests.Bots.SlackInteractiveBotTests" name="Constructor_WithValidParameters_InitializesCorrectly" />
    </UnitTest>
    <UnitTest name="Aula.Tests.Services.OpenAiServiceTests.OpenAiService_Internal_Constructor_CanBeUsedForTesting" storage="/mnt/d/git/aula/src/aula.tests/bin/debug/net9.0/aula.tests.dll" id="7c385ac2-1fdf-ebb2-6450-e82cd794ae73">
      <Execution id="6555fd5e-aa11-4529-98f2-7ad1b818bc55" />
      <TestMethod codeBase="/mnt/d/git/aula/src/Aula.Tests/bin/Debug/net9.0/Aula.Tests.dll" adapterTypeName="executor://xunit/VsTestRunner2/netcoreapp" className="Aula.Tests.Services.OpenAiServiceTests" name="OpenAiService_Internal_Constructor_CanBeUsedForTesting" />
    </UnitTest>
    <UnitTest name="Aula.Tests.Utilities.FollowUpQuestionDetectorTests.IsFollowUpQuestion_WithUnicodeChildNames_WorksCorrectly(input: &quot;søren&quot;)" storage="/mnt/d/git/aula/src/aula.tests/bin/debug/net9.0/aula.tests.dll" id="abccacca-7bbc-accb-c206-54d138eb3775">
      <Execution id="e87313fb-bb32-4c99-96d8-cda455d0345d" />
      <TestMethod codeBase="/mnt/d/git/aula/src/Aula.Tests/bin/Debug/net9.0/Aula.Tests.dll" adapterTypeName="executor://xunit/VsTestRunner2/netcoreapp" className="Aula.Tests.Utilities.FollowUpQuestionDetectorTests" name="IsFollowUpQuestion_WithUnicodeChildNames_WorksCorrectly" />
    </UnitTest>
    <UnitTest name="Aula.Tests.Bots.SlackMessageHandlerTests.Constructor_WithValidParameters_InitializesCorrectly" storage="/mnt/d/git/aula/src/aula.tests/bin/debug/net9.0/aula.tests.dll" id="8b65b678-d86a-73e1-86df-afba7eb83500">
      <Execution id="26c17263-5812-490d-8838-79c58ee8e34f" />
      <TestMethod codeBase="/mnt/d/git/aula/src/Aula.Tests/bin/Debug/net9.0/Aula.Tests.dll" adapterTypeName="executor://xunit/VsTestRunner2/netcoreapp" className="Aula.Tests.Bots.SlackMessageHandlerTests" name="Constructor_WithValidParameters_InitializesCorrectly" />
    </UnitTest>
    <UnitTest name="Aula.Tests.Utilities.ReminderExtractionPromptsTests.GetExtractionPrompt_IncludesCurrentTime" storage="/mnt/d/git/aula/src/aula.tests/bin/debug/net9.0/aula.tests.dll" id="aef92e61-6107-1b9f-7603-daa021c2c030">
      <Execution id="b2001b15-41ae-4e9c-bbdc-5b70fb1000db" />
      <TestMethod codeBase="/mnt/d/git/aula/src/Aula.Tests/bin/Debug/net9.0/Aula.Tests.dll" adapterTypeName="executor://xunit/VsTestRunner2/netcoreapp" className="Aula.Tests.Utilities.ReminderExtractionPromptsTests" name="GetExtractionPrompt_IncludesCurrentTime" />
    </UnitTest>
    <UnitTest name="Aula.Tests.Configuration.ConfigurationTests.Timers_AdaptivePollingLimits_ValidationTests(minSeconds: 5, maxSeconds: 0, isValid: False)" storage="/mnt/d/git/aula/src/aula.tests/bin/debug/net9.0/aula.tests.dll" id="42c9038e-83ab-bae5-c7e8-73f806c72d2a">
      <Execution id="272571c2-dd95-45a7-b486-01be543e2ea9" />
      <TestMethod codeBase="/mnt/d/git/aula/src/Aula.Tests/bin/Debug/net9.0/Aula.Tests.dll" adapterTypeName="executor://xunit/VsTestRunner2/netcoreapp" className="Aula.Tests.Configuration.ConfigurationTests" name="Timers_AdaptivePollingLimits_ValidationTests" />
    </UnitTest>
    <UnitTest name="Aula.Tests.Configuration.ConfigurationTests.Telegram_Token_ValidationTests(token: &quot;invalid-token&quot;, isValidFormat: False)" storage="/mnt/d/git/aula/src/aula.tests/bin/debug/net9.0/aula.tests.dll" id="e735c7b3-aa15-891a-afaf-f7174c07abf5">
      <Execution id="f7922fc2-6271-408c-aa9c-1bbd663f07c0" />
      <TestMethod codeBase="/mnt/d/git/aula/src/Aula.Tests/bin/Debug/net9.0/Aula.Tests.dll" adapterTypeName="executor://xunit/VsTestRunner2/netcoreapp" className="Aula.Tests.Configuration.ConfigurationTests" name="Telegram_Token_ValidationTests" />
    </UnitTest>
    <UnitTest name="Aula.Tests.Services.OpenAiServiceIntegrationTests.AskQuestionAboutWeekLetterAsync_WithValidParameters_CallsApiWithCorrectParameters" storage="/mnt/d/git/aula/src/aula.tests/bin/debug/net9.0/aula.tests.dll" id="92645263-873e-da03-aa06-943df30af433">
      <Execution id="a8bf7112-6c0f-4aab-a47a-0ea422cf610c" />
      <TestMethod codeBase="/mnt/d/git/aula/src/Aula.Tests/bin/Debug/net9.0/Aula.Tests.dll" adapterTypeName="executor://xunit/VsTestRunner2/netcoreapp" className="Aula.Tests.Services.OpenAiServiceIntegrationTests" name="AskQuestionAboutWeekLetterAsync_WithValidParameters_CallsApiWithCorrectParameters" />
    </UnitTest>
    <UnitTest name="Aula.Tests.Utilities.DateTimeUtilitiesTests.GetDanishDayName_ValidDayOfWeek_ReturnsLowercaseName(dayOfWeek: Tuesday, expectedName: &quot;tirsdag&quot;)" storage="/mnt/d/git/aula/src/aula.tests/bin/debug/net9.0/aula.tests.dll" id="bb029ecd-bc04-6c95-65d6-4fa9005d9f93">
      <Execution id="04a4d5a9-c303-48d5-a151-a45742d7cbac" />
      <TestMethod codeBase="/mnt/d/git/aula/src/Aula.Tests/bin/Debug/net9.0/Aula.Tests.dll" adapterTypeName="executor://xunit/VsTestRunner2/netcoreapp" className="Aula.Tests.Utilities.DateTimeUtilitiesTests" name="GetDanishDayName_ValidDayOfWeek_ReturnsLowercaseName" />
    </UnitTest>
    <UnitTest name="Aula.Tests.Bots.SlackMessageHandlerTests.HandleMessageAsync_WithReminderCommand_CallsReminderHandler(reminderCommand: &quot;mind mig om noget&quot;)" storage="/mnt/d/git/aula/src/aula.tests/bin/debug/net9.0/aula.tests.dll" id="8a9a0bf9-dc67-2135-3862-4a807be5d41c">
      <Execution id="baa40afc-545e-4046-a1d4-0504021ac01e" />
      <TestMethod codeBase="/mnt/d/git/aula/src/Aula.Tests/bin/Debug/net9.0/Aula.Tests.dll" adapterTypeName="executor://xunit/VsTestRunner2/netcoreapp" className="Aula.Tests.Bots.SlackMessageHandlerTests" name="HandleMessageAsync_WithReminderCommand_CallsReminderHandler" />
    </UnitTest>
    <UnitTest name="Aula.Tests.Scheduling.SchedulingServiceTests.StartAsync_CallsGetPendingRemindersAsync_AtLeastOnce" storage="/mnt/d/git/aula/src/aula.tests/bin/debug/net9.0/aula.tests.dll" id="391811a1-8187-f3dc-88b6-23bab4f2be23">
      <Execution id="26e7c455-f478-4ae5-b51d-7f918d7d893d" />
      <TestMethod codeBase="/mnt/d/git/aula/src/Aula.Tests/bin/Debug/net9.0/Aula.Tests.dll" adapterTypeName="executor://xunit/VsTestRunner2/netcoreapp" className="Aula.Tests.Scheduling.SchedulingServiceTests" name="StartAsync_CallsGetPendingRemindersAsync_AtLeastOnce" />
    </UnitTest>
    <UnitTest name="Aula.Tests.Configuration.ConfigurationTests.Timers_DefaultValues_AreCorrect" storage="/mnt/d/git/aula/src/aula.tests/bin/debug/net9.0/aula.tests.dll" id="246fef16-9927-64a6-e903-fbc6b513e4a7">
      <Execution id="b6468fa9-871c-44ce-ad46-f000062cc398" />
      <TestMethod codeBase="/mnt/d/git/aula/src/Aula.Tests/bin/Debug/net9.0/Aula.Tests.dll" adapterTypeName="executor://xunit/VsTestRunner2/netcoreapp" className="Aula.Tests.Configuration.ConfigurationTests" name="Timers_DefaultValues_AreCorrect" />
    </UnitTest>
    <UnitTest name="Aula.Tests.Utilities.FollowUpQuestionDetectorTests.IsFollowUpQuestion_WithUnicodeChildNames_WorksCorrectly(input: &quot;Johannes&quot;)" storage="/mnt/d/git/aula/src/aula.tests/bin/debug/net9.0/aula.tests.dll" id="603b38d9-650a-3d65-fd10-694412343522">
      <Execution id="365b98c5-4604-4b29-b7b5-e6174b238c8d" />
      <TestMethod codeBase="/mnt/d/git/aula/src/Aula.Tests/bin/Debug/net9.0/Aula.Tests.dll" adapterTypeName="executor://xunit/VsTestRunner2/netcoreapp" className="Aula.Tests.Utilities.FollowUpQuestionDetectorTests" name="IsFollowUpQuestion_WithUnicodeChildNames_WorksCorrectly" />
    </UnitTest>
    <UnitTest name="Aula.Tests.Utilities.ReminderExtractionPromptsTests.GetExtractionPrompt_WithVariousCurrentTimes_CalculatesRelativeDatesCorrectly(currentTimeStr: &quot;2025-06-30 14:30:00&quot;)" storage="/mnt/d/git/aula/src/aula.tests/bin/debug/net9.0/aula.tests.dll" id="d5b8733f-7ffb-19e9-63c1-4570e58b1a99">
      <Execution id="b215a93f-da7a-4415-8ca6-f445662ea91b" />
      <TestMethod codeBase="/mnt/d/git/aula/src/Aula.Tests/bin/Debug/net9.0/Aula.Tests.dll" adapterTypeName="executor://xunit/VsTestRunner2/netcoreapp" className="Aula.Tests.Utilities.ReminderExtractionPromptsTests" name="GetExtractionPrompt_WithVariousCurrentTimes_CalculatesRelativeDatesCorrectly" />
    </UnitTest>
    <UnitTest name="Aula.Tests.Utilities.JsonFormatterTests.Prettify_WithValidJson_ReturnsFormattedJson" storage="/mnt/d/git/aula/src/aula.tests/bin/debug/net9.0/aula.tests.dll" id="8f33f9a6-1eb9-ea36-c5af-b36c0c8860de">
      <Execution id="e7d9e97c-5509-4a46-a1d4-b106711804b0" />
      <TestMethod codeBase="/mnt/d/git/aula/src/Aula.Tests/bin/Debug/net9.0/Aula.Tests.dll" adapterTypeName="executor://xunit/VsTestRunner2/netcoreapp" className="Aula.Tests.Utilities.JsonFormatterTests" name="Prettify_WithValidJson_ReturnsFormattedJson" />
    </UnitTest>
    <UnitTest name="Aula.Tests.Utilities.IntentAnalysisPromptsTests.ToolExamples_ContainsRequiredKeys(key: &quot;LIST_REMINDERS&quot;)" storage="/mnt/d/git/aula/src/aula.tests/bin/debug/net9.0/aula.tests.dll" id="bda17d36-b490-5d6a-2ec9-eac27d02fc34">
      <Execution id="1f227cdb-af8e-44ad-abb5-4496d5327505" />
      <TestMethod codeBase="/mnt/d/git/aula/src/Aula.Tests/bin/Debug/net9.0/Aula.Tests.dll" adapterTypeName="executor://xunit/VsTestRunner2/netcoreapp" className="Aula.Tests.Utilities.IntentAnalysisPromptsTests" name="ToolExamples_ContainsRequiredKeys" />
    </UnitTest>
    <UnitTest name="Aula.Tests.Channels.TelegramClientTests.SendMessageToChannel_WithVariousChannelIds_DoesNotThrow(channelId: &quot;@testchannel&quot;)" storage="/mnt/d/git/aula/src/aula.tests/bin/debug/net9.0/aula.tests.dll" id="fe14d576-8562-4a05-9196-a9eaf8403f97">
      <Execution id="f4b23f8b-5267-41db-b2b3-2c1da218e71a" />
      <TestMethod codeBase="/mnt/d/git/aula/src/Aula.Tests/bin/Debug/net9.0/Aula.Tests.dll" adapterTypeName="executor://xunit/VsTestRunner2/netcoreapp" className="Aula.Tests.Channels.TelegramClientTests" name="SendMessageToChannel_WithVariousChannelIds_DoesNotThrow" />
    </UnitTest>
    <UnitTest name="Aula.Tests.Services.OpenAiServiceTests.OpenAiService_Constructor_WithApiKey_InitializesCorrectly" storage="/mnt/d/git/aula/src/aula.tests/bin/debug/net9.0/aula.tests.dll" id="e76b4e50-70e5-0b84-1a79-8432276bb6be">
      <Execution id="7946be25-e25c-4aad-bc9b-17efc6967662" />
      <TestMethod codeBase="/mnt/d/git/aula/src/Aula.Tests/bin/Debug/net9.0/Aula.Tests.dll" adapterTypeName="executor://xunit/VsTestRunner2/netcoreapp" className="Aula.Tests.Services.OpenAiServiceTests" name="OpenAiService_Constructor_WithApiKey_InitializesCorrectly" />
    </UnitTest>
    <UnitTest name="Aula.Tests.Utilities.ConversationContextManagerTests.ClearContext_WithNonExistentKey_DoesNotLog" storage="/mnt/d/git/aula/src/aula.tests/bin/debug/net9.0/aula.tests.dll" id="ad8a2ff8-387f-a97d-ceb6-7fab64c9766a">
      <Execution id="fb93a8b7-8519-4781-bc4e-53b9e203daef" />
      <TestMethod codeBase="/mnt/d/git/aula/src/Aula.Tests/bin/Debug/net9.0/Aula.Tests.dll" adapterTypeName="executor://xunit/VsTestRunner2/netcoreapp" className="Aula.Tests.Utilities.ConversationContextManagerTests" name="ClearContext_WithNonExistentKey_DoesNotLog" />
    </UnitTest>
    <UnitTest name="Aula.Tests.Utilities.Html2SlackMarkdownConverterTests.Convert_WithPartialTags_HandlesGracefully(html: &quot;text &lt;b&gt; more text&quot;)" storage="/mnt/d/git/aula/src/aula.tests/bin/debug/net9.0/aula.tests.dll" id="bb7ff579-7dbb-d724-561f-6bfaeeb13e43">
      <Execution id="79a61fbc-c336-4382-bb61-b9a8a00413f7" />
      <TestMethod codeBase="/mnt/d/git/aula/src/Aula.Tests/bin/Debug/net9.0/Aula.Tests.dll" adapterTypeName="executor://xunit/VsTestRunner2/netcoreapp" className="Aula.Tests.Utilities.Html2SlackMarkdownConverterTests" name="Convert_WithPartialTags_HandlesGracefully" />
    </UnitTest>
    <UnitTest name="Aula.Tests.Bots.SlackMessageHandlerTests.HandleMessageAsync_WithValidQuery_ProcessesSuccessfully(queryText: &quot;Hvad skal Emma i dag?&quot;)" storage="/mnt/d/git/aula/src/aula.tests/bin/debug/net9.0/aula.tests.dll" id="5ad91b1e-e6bf-9b68-b95f-00f8f29f8b7a">
      <Execution id="259bb9e0-f6a1-4ed3-8692-915071769446" />
      <TestMethod codeBase="/mnt/d/git/aula/src/Aula.Tests/bin/Debug/net9.0/Aula.Tests.dll" adapterTypeName="executor://xunit/VsTestRunner2/netcoreapp" className="Aula.Tests.Bots.SlackMessageHandlerTests" name="HandleMessageAsync_WithValidQuery_ProcessesSuccessfully" />
    </UnitTest>
    <UnitTest name="Aula.Tests.Utilities.ConversationContextTests.IsStillValid_WithFreshTimestamp_ReturnsTrue" storage="/mnt/d/git/aula/src/aula.tests/bin/debug/net9.0/aula.tests.dll" id="6391cd26-6fc2-8e75-57e3-7b032d34c99b">
      <Execution id="c92ac3d8-abc5-422e-9f5f-7704967ec70a" />
      <TestMethod codeBase="/mnt/d/git/aula/src/Aula.Tests/bin/Debug/net9.0/Aula.Tests.dll" adapterTypeName="executor://xunit/VsTestRunner2/netcoreapp" className="Aula.Tests.Utilities.ConversationContextTests" name="IsStillValid_WithFreshTimestamp_ReturnsTrue" />
    </UnitTest>
    <UnitTest name="Aula.Tests.Channels.SlackBotTests.PostWeekLetter_WithVariousChildColors_HandlesCorrectly(color: &quot;red&quot;)" storage="/mnt/d/git/aula/src/aula.tests/bin/debug/net9.0/aula.tests.dll" id="ecba833b-4a32-70dc-1540-ec8a113be1de">
      <Execution id="75eafeec-68ef-4a80-bae8-29a8901a002a" />
      <TestMethod codeBase="/mnt/d/git/aula/src/Aula.Tests/bin/Debug/net9.0/Aula.Tests.dll" adapterTypeName="executor://xunit/VsTestRunner2/netcoreapp" className="Aula.Tests.Channels.SlackBotTests" name="PostWeekLetter_WithVariousChildColors_HandlesCorrectly" />
    </UnitTest>
    <UnitTest name="Aula.Tests.Configuration.ConfigurationTests.Config_WithEmptyConfiguration_UsesDefaults" storage="/mnt/d/git/aula/src/aula.tests/bin/debug/net9.0/aula.tests.dll" id="cb065b5b-0d40-3607-dd81-a79e7d3ed14a">
      <Execution id="f099e8fc-ce1e-4d74-9fa1-6d84d362e2af" />
      <TestMethod codeBase="/mnt/d/git/aula/src/Aula.Tests/bin/Debug/net9.0/Aula.Tests.dll" adapterTypeName="executor://xunit/VsTestRunner2/netcoreapp" className="Aula.Tests.Configuration.ConfigurationTests" name="Config_WithEmptyConfiguration_UsesDefaults" />
    </UnitTest>
    <UnitTest name="Aula.Tests.Services.SupabaseServiceTests.Constructor_WithInvalidConfig_DoesNotThrow" storage="/mnt/d/git/aula/src/aula.tests/bin/debug/net9.0/aula.tests.dll" id="7e66458c-6fa0-adfa-1ecd-a6462fccce40">
      <Execution id="6a79d0dc-f015-4119-8d16-cb4b97b71efc" />
      <TestMethod codeBase="/mnt/d/git/aula/src/Aula.Tests/bin/Debug/net9.0/Aula.Tests.dll" adapterTypeName="executor://xunit/VsTestRunner2/netcoreapp" className="Aula.Tests.Services.SupabaseServiceTests" name="Constructor_WithInvalidConfig_DoesNotThrow" />
    </UnitTest>
    <UnitTest name="Aula.Tests.Utilities.FollowUpQuestionDetectorTests.IsFollowUpQuestion_WithoutFollowUpPhrases_ReturnsFalse(input: &quot;hello&quot;)" storage="/mnt/d/git/aula/src/aula.tests/bin/debug/net9.0/aula.tests.dll" id="c6b19e93-2b61-da47-f9a3-89a03fe395c8">
      <Execution id="45ab2ad9-e04b-4b35-bb84-29d4e168d395" />
      <TestMethod codeBase="/mnt/d/git/aula/src/Aula.Tests/bin/Debug/net9.0/Aula.Tests.dll" adapterTypeName="executor://xunit/VsTestRunner2/netcoreapp" className="Aula.Tests.Utilities.FollowUpQuestionDetectorTests" name="IsFollowUpQuestion_WithoutFollowUpPhrases_ReturnsFalse" />
    </UnitTest>
    <UnitTest name="Aula.Tests.Services.OpenAiServiceIntegrationTests.ProcessQueryWithToolsAsync_WithInvalidQuery_ThrowsArgumentException(query: &quot;   &quot;)" storage="/mnt/d/git/aula/src/aula.tests/bin/debug/net9.0/aula.tests.dll" id="5db7f4ff-e78e-7e3c-537f-1a7b8a75bb0c">
      <Execution id="42d21d3f-a165-4755-83c6-d3e5e2ab4f2d" />
      <TestMethod codeBase="/mnt/d/git/aula/src/Aula.Tests/bin/Debug/net9.0/Aula.Tests.dll" adapterTypeName="executor://xunit/VsTestRunner2/netcoreapp" className="Aula.Tests.Services.OpenAiServiceIntegrationTests" name="ProcessQueryWithToolsAsync_WithInvalidQuery_ThrowsArgumentException" />
    </UnitTest>
    <UnitTest name="Aula.Tests.Bots.SlackMessageHandlerTests.HandleMessageAsync_WithEmptyText_ReturnsFalse" storage="/mnt/d/git/aula/src/aula.tests/bin/debug/net9.0/aula.tests.dll" id="65a382e3-c1e3-08ef-c35f-11020ff7747f">
      <Execution id="e2ab824b-3bfa-43a0-8950-6571e680b6ac" />
      <TestMethod codeBase="/mnt/d/git/aula/src/Aula.Tests/bin/Debug/net9.0/Aula.Tests.dll" adapterTypeName="executor://xunit/VsTestRunner2/netcoreapp" className="Aula.Tests.Bots.SlackMessageHandlerTests" name="HandleMessageAsync_WithEmptyText_ReturnsFalse" />
    </UnitTest>
    <UnitTest name="Aula.Tests.Scheduling.SchedulingServiceIntegrationTests.Service_WithDifferentBotConfigurations_WorksCorrectly(slackEnabled: False, telegramEnabled: False)" storage="/mnt/d/git/aula/src/aula.tests/bin/debug/net9.0/aula.tests.dll" id="332896aa-a36b-b7b0-c333-01128c6d7ce1">
      <Execution id="8bce8348-6313-4b36-8e7b-b80c11a37774" />
      <TestMethod codeBase="/mnt/d/git/aula/src/Aula.Tests/bin/Debug/net9.0/Aula.Tests.dll" adapterTypeName="executor://xunit/VsTestRunner2/netcoreapp" className="Aula.Tests.Scheduling.SchedulingServiceIntegrationTests" name="Service_WithDifferentBotConfigurations_WorksCorrectly" />
    </UnitTest>
    <UnitTest name="Aula.Tests.Services.OpenAiServiceIntegrationTests.ProcessQueryWithToolsAsync_WithInvalidQuery_ThrowsArgumentException(query: null)" storage="/mnt/d/git/aula/src/aula.tests/bin/debug/net9.0/aula.tests.dll" id="ae0539e8-7653-996e-a87e-3f69894a3b17">
      <Execution id="6c994c25-6dc1-4e58-8f9f-76903aafd3af" />
      <TestMethod codeBase="/mnt/d/git/aula/src/Aula.Tests/bin/Debug/net9.0/Aula.Tests.dll" adapterTypeName="executor://xunit/VsTestRunner2/netcoreapp" className="Aula.Tests.Services.OpenAiServiceIntegrationTests" name="ProcessQueryWithToolsAsync_WithInvalidQuery_ThrowsArgumentException" />
    </UnitTest>
    <UnitTest name="Aula.Tests.Bots.TelegramMessageHandlerTests.Constructor_WithNullLogger_ThrowsArgumentNullException" storage="/mnt/d/git/aula/src/aula.tests/bin/debug/net9.0/aula.tests.dll" id="239e373d-1755-bda9-a91e-cb58a8bc8bcf">
      <Execution id="dfea3f75-d3ca-4529-b46e-1efb94fa20a2" />
      <TestMethod codeBase="/mnt/d/git/aula/src/Aula.Tests/bin/Debug/net9.0/Aula.Tests.dll" adapterTypeName="executor://xunit/VsTestRunner2/netcoreapp" className="Aula.Tests.Bots.TelegramMessageHandlerTests" name="Constructor_WithNullLogger_ThrowsArgumentNullException" />
    </UnitTest>
    <UnitTest name="Aula.Tests.Utilities.ReminderExtractionPromptsTests.GetExtractionPrompt_WithVariousCurrentTimes_CalculatesRelativeDatesCorrectly(currentTimeStr: &quot;2025-01-01 00:00:00&quot;)" storage="/mnt/d/git/aula/src/aula.tests/bin/debug/net9.0/aula.tests.dll" id="4d32377c-3003-92bb-8a9b-867e419dcb6a">
      <Execution id="80305016-ec5c-4fa5-bb7e-c3846c3ccdd9" />
      <TestMethod codeBase="/mnt/d/git/aula/src/Aula.Tests/bin/Debug/net9.0/Aula.Tests.dll" adapterTypeName="executor://xunit/VsTestRunner2/netcoreapp" className="Aula.Tests.Utilities.ReminderExtractionPromptsTests" name="GetExtractionPrompt_WithVariousCurrentTimes_CalculatesRelativeDatesCorrectly" />
    </UnitTest>
    <UnitTest name="Aula.Tests.Channels.SlackBotTests.PushWeekLetter_WithMissingContent_HandlesGracefully" storage="/mnt/d/git/aula/src/aula.tests/bin/debug/net9.0/aula.tests.dll" id="e8d7076c-1cb3-733b-4522-2a0049ab3d88">
      <Execution id="65380a06-3f34-480d-a842-a9e6a4a03cb4" />
      <TestMethod codeBase="/mnt/d/git/aula/src/Aula.Tests/bin/Debug/net9.0/Aula.Tests.dll" adapterTypeName="executor://xunit/VsTestRunner2/netcoreapp" className="Aula.Tests.Channels.SlackBotTests" name="PushWeekLetter_WithMissingContent_HandlesGracefully" />
    </UnitTest>
    <UnitTest name="Aula.Tests.Utilities.IntentAnalysisPromptsTests.ToolExamples_CoverExpectedUseCase(expectedKey: &quot;LIST_REMINDERS&quot;, queryPattern: &quot;reminders&quot;)" storage="/mnt/d/git/aula/src/aula.tests/bin/debug/net9.0/aula.tests.dll" id="4b6e6498-4329-5b43-2b56-2bc5486e69cc">
      <Execution id="f1c6ef82-78a1-43c1-9e80-ddc25ac94533" />
      <TestMethod codeBase="/mnt/d/git/aula/src/Aula.Tests/bin/Debug/net9.0/Aula.Tests.dll" adapterTypeName="executor://xunit/VsTestRunner2/netcoreapp" className="Aula.Tests.Utilities.IntentAnalysisPromptsTests" name="ToolExamples_CoverExpectedUseCase" />
    </UnitTest>
    <UnitTest name="Aula.Tests.Utilities.ReminderExtractionPromptsTests.GetExtractionPrompt_WithDifferentMinuteOffsets_CalculatesCorrectly(minutes: 60)" storage="/mnt/d/git/aula/src/aula.tests/bin/debug/net9.0/aula.tests.dll" id="d2fd3d18-963d-6ba7-e216-54d46cb5c046">
      <Execution id="3774064e-e799-4c23-8445-9900593e571a" />
      <TestMethod codeBase="/mnt/d/git/aula/src/Aula.Tests/bin/Debug/net9.0/Aula.Tests.dll" adapterTypeName="executor://xunit/VsTestRunner2/netcoreapp" className="Aula.Tests.Utilities.ReminderExtractionPromptsTests" name="GetExtractionPrompt_WithDifferentMinuteOffsets_CalculatesCorrectly" />
    </UnitTest>
    <UnitTest name="Aula.Tests.Bots.SlackMessageHandlerTests.HandleMessageAsync_WithHelpCommand_ProcessesHelpMessage(helpCommand: &quot;hjælp&quot;)" storage="/mnt/d/git/aula/src/aula.tests/bin/debug/net9.0/aula.tests.dll" id="9fbd08c9-807d-0d3a-ed39-c949f2bb8c4b">
      <Execution id="19e91b3d-0a4e-4804-9e80-dd76aa62683f" />
      <TestMethod codeBase="/mnt/d/git/aula/src/Aula.Tests/bin/Debug/net9.0/Aula.Tests.dll" adapterTypeName="executor://xunit/VsTestRunner2/netcoreapp" className="Aula.Tests.Bots.SlackMessageHandlerTests" name="HandleMessageAsync_WithHelpCommand_ProcessesHelpMessage" />
    </UnitTest>
    <UnitTest name="Aula.Tests.Utilities.IntentAnalysisPromptsTests.ToolExamples_ContainsRequiredKeys(key: &quot;CREATE_REMINDER&quot;)" storage="/mnt/d/git/aula/src/aula.tests/bin/debug/net9.0/aula.tests.dll" id="9459ef9a-ed9e-7e04-b1e7-d4cc74d49390">
      <Execution id="a660c8ab-60fb-49d3-937a-12b7f302124f" />
      <TestMethod codeBase="/mnt/d/git/aula/src/Aula.Tests/bin/Debug/net9.0/Aula.Tests.dll" adapterTypeName="executor://xunit/VsTestRunner2/netcoreapp" className="Aula.Tests.Utilities.IntentAnalysisPromptsTests" name="ToolExamples_ContainsRequiredKeys" />
    </UnitTest>
    <UnitTest name="Aula.Tests.Utilities.WeekLetterContentExtractorTests.ExtractContent_WithEmptyUgebreve_ReturnsEmptyString" storage="/mnt/d/git/aula/src/aula.tests/bin/debug/net9.0/aula.tests.dll" id="c7ba7dd8-e3e6-46dc-0605-cbeb66092785">
      <Execution id="af842fc5-07d3-4fbd-b76a-88daf07eca0e" />
      <TestMethod codeBase="/mnt/d/git/aula/src/Aula.Tests/bin/Debug/net9.0/Aula.Tests.dll" adapterTypeName="executor://xunit/VsTestRunner2/netcoreapp" className="Aula.Tests.Utilities.WeekLetterContentExtractorTests" name="ExtractContent_WithEmptyUgebreve_ReturnsEmptyString" />
    </UnitTest>
    <UnitTest name="Aula.Tests.Bots.SlackMessageHandlerTests.HandleMessageAsync_WithValidQuery_ProcessesSuccessfully(queryText: &quot;What is Hans doing tomorrow?&quot;)" storage="/mnt/d/git/aula/src/aula.tests/bin/debug/net9.0/aula.tests.dll" id="c4bc0f3a-eeff-3d15-3eac-b16332605c4c">
      <Execution id="aaa7014d-52d6-4794-a8ef-c4c750e35047" />
      <TestMethod codeBase="/mnt/d/git/aula/src/Aula.Tests/bin/Debug/net9.0/Aula.Tests.dll" adapterTypeName="executor://xunit/VsTestRunner2/netcoreapp" className="Aula.Tests.Bots.SlackMessageHandlerTests" name="HandleMessageAsync_WithValidQuery_ProcessesSuccessfully" />
    </UnitTest>
    <UnitTest name="Aula.Tests.Utilities.ConversationContextManagerTests.UpdateContext_LogsInformation" storage="/mnt/d/git/aula/src/aula.tests/bin/debug/net9.0/aula.tests.dll" id="852f061a-eb76-627b-f7c5-de08154576e3">
      <Execution id="0cbbb242-a041-448a-befa-3fbbabd8481c" />
      <TestMethod codeBase="/mnt/d/git/aula/src/Aula.Tests/bin/Debug/net9.0/Aula.Tests.dll" adapterTypeName="executor://xunit/VsTestRunner2/netcoreapp" className="Aula.Tests.Utilities.ConversationContextManagerTests" name="UpdateContext_LogsInformation" />
    </UnitTest>
    <UnitTest name="Aula.Tests.Services.DataServiceTests.GetWeekLetter_ReturnsNull_WhenNotInCache" storage="/mnt/d/git/aula/src/aula.tests/bin/debug/net9.0/aula.tests.dll" id="7d080014-b88c-9f91-eed5-7f14566db144">
      <Execution id="67a5a7b2-385e-4bbc-8064-c241c4ad5f6e" />
      <TestMethod codeBase="/mnt/d/git/aula/src/Aula.Tests/bin/Debug/net9.0/Aula.Tests.dll" adapterTypeName="executor://xunit/VsTestRunner2/netcoreapp" className="Aula.Tests.Services.DataServiceTests" name="GetWeekLetter_ReturnsNull_WhenNotInCache" />
    </UnitTest>
    <UnitTest name="Aula.Tests.Utilities.ReminderExtractionPromptsTests.GetExtractionPrompt_ResponseFormat_IsConsistent" storage="/mnt/d/git/aula/src/aula.tests/bin/debug/net9.0/aula.tests.dll" id="d2358b75-2179-dc76-97f4-8e1dfce3fe98">
      <Execution id="09f3fe45-25b5-4d06-9fe2-bd068de88f64" />
      <TestMethod codeBase="/mnt/d/git/aula/src/Aula.Tests/bin/Debug/net9.0/Aula.Tests.dll" adapterTypeName="executor://xunit/VsTestRunner2/netcoreapp" className="Aula.Tests.Utilities.ReminderExtractionPromptsTests" name="GetExtractionPrompt_ResponseFormat_IsConsistent" />
    </UnitTest>
    <UnitTest name="Aula.Tests.Utilities.ConversationContextManagerTests.GetContext_WithValidKey_ReturnsContext" storage="/mnt/d/git/aula/src/aula.tests/bin/debug/net9.0/aula.tests.dll" id="ec69e657-5b70-1fb9-5485-83b465ae5c05">
      <Execution id="46448a56-d119-4e94-8bcd-1ef03220c1e4" />
      <TestMethod codeBase="/mnt/d/git/aula/src/Aula.Tests/bin/Debug/net9.0/Aula.Tests.dll" adapterTypeName="executor://xunit/VsTestRunner2/netcoreapp" className="Aula.Tests.Utilities.ConversationContextManagerTests" name="GetContext_WithValidKey_ReturnsContext" />
    </UnitTest>
    <UnitTest name="Aula.Tests.Utilities.IntentAnalysisPromptsTests.ToolExamples_AllEntriesFollowExpectedFormat" storage="/mnt/d/git/aula/src/aula.tests/bin/debug/net9.0/aula.tests.dll" id="9fb6d1c8-d9db-0b5a-c536-bcb6a92aad22">
      <Execution id="58ef91bb-3cf5-4c94-b697-dc1312309b33" />
      <TestMethod codeBase="/mnt/d/git/aula/src/Aula.Tests/bin/Debug/net9.0/Aula.Tests.dll" adapterTypeName="executor://xunit/VsTestRunner2/netcoreapp" className="Aula.Tests.Utilities.IntentAnalysisPromptsTests" name="ToolExamples_AllEntriesFollowExpectedFormat" />
    </UnitTest>
    <UnitTest name="Aula.Tests.Utilities.FollowUpQuestionDetectorTests.IsFollowUpQuestion_WithChildNameAndTimeReference_ReturnsFalse(input: &quot;Emma i dag&quot;)" storage="/mnt/d/git/aula/src/aula.tests/bin/debug/net9.0/aula.tests.dll" id="9c66a10c-5031-a4c7-4640-d32dfe0d1dde">
      <Execution id="d88bc03a-9e2e-442b-b6d3-2ed16d6724f3" />
      <TestMethod codeBase="/mnt/d/git/aula/src/Aula.Tests/bin/Debug/net9.0/Aula.Tests.dll" adapterTypeName="executor://xunit/VsTestRunner2/netcoreapp" className="Aula.Tests.Utilities.FollowUpQuestionDetectorTests" name="IsFollowUpQuestion_WithChildNameAndTimeReference_ReturnsFalse" />
    </UnitTest>
    <UnitTest name="Aula.Tests.Utilities.FollowUpQuestionDetectorTests.IsFollowUpQuestion_WithChildNameAndShortMessage_ReturnsTrue(input: &quot;Emma&quot;)" storage="/mnt/d/git/aula/src/aula.tests/bin/debug/net9.0/aula.tests.dll" id="775b1060-3e71-f36d-5f04-c2fd4621e8a0">
      <Execution id="6f867bed-619b-4090-99e8-8d880d96d831" />
      <TestMethod codeBase="/mnt/d/git/aula/src/Aula.Tests/bin/Debug/net9.0/Aula.Tests.dll" adapterTypeName="executor://xunit/VsTestRunner2/netcoreapp" className="Aula.Tests.Utilities.FollowUpQuestionDetectorTests" name="IsFollowUpQuestion_WithChildNameAndShortMessage_ReturnsTrue" />
    </UnitTest>
    <UnitTest name="Aula.Tests.Bots.TelegramInteractiveBotTests.Stop_WhenCalled_LogsInformation" storage="/mnt/d/git/aula/src/aula.tests/bin/debug/net9.0/aula.tests.dll" id="ab49834c-8dcd-dead-a042-efc0f8ab3657">
      <Execution id="58bdd346-cb15-4fd8-b624-a410bac2f1c7" />
      <TestMethod codeBase="/mnt/d/git/aula/src/Aula.Tests/bin/Debug/net9.0/Aula.Tests.dll" adapterTypeName="executor://xunit/VsTestRunner2/netcoreapp" className="Aula.Tests.Bots.TelegramInteractiveBotTests" name="Stop_WhenCalled_LogsInformation" />
    </UnitTest>
    <UnitTest name="Aula.Tests.Tools.ReminderCommandHandlerTests.TryHandleReminderCommand_ListReminders_WithException_LogsErrorAndReturnsErrorMessage(command: &quot;vis påmindelser&quot;, isEnglish: False)" storage="/mnt/d/git/aula/src/aula.tests/bin/debug/net9.0/aula.tests.dll" id="5543d26e-832a-3de2-3988-5faa4df93969">
      <Execution id="7d58bdd5-fdfc-4823-aa6f-2a7d2f1bff69" />
      <TestMethod codeBase="/mnt/d/git/aula/src/Aula.Tests/bin/Debug/net9.0/Aula.Tests.dll" adapterTypeName="executor://xunit/VsTestRunner2/netcoreapp" className="Aula.Tests.Tools.ReminderCommandHandlerTests" name="TryHandleReminderCommand_ListReminders_WithException_LogsErrorAndReturnsErrorMessage" />
    </UnitTest>
    <UnitTest name="Aula.Tests.Integration.AgentServiceTests.AskQuestionAboutWeekLetterAsync_WithContextKey_CallsOpenAiService" storage="/mnt/d/git/aula/src/aula.tests/bin/debug/net9.0/aula.tests.dll" id="7415a632-957d-b568-8d89-35975dec612b">
      <Execution id="4af2a9f9-bac5-4ed2-844c-c73d167427f1" />
      <TestMethod codeBase="/mnt/d/git/aula/src/Aula.Tests/bin/Debug/net9.0/Aula.Tests.dll" adapterTypeName="executor://xunit/VsTestRunner2/netcoreapp" className="Aula.Tests.Integration.AgentServiceTests" name="AskQuestionAboutWeekLetterAsync_WithContextKey_CallsOpenAiService" />
    </UnitTest>
    <UnitTest name="Aula.Tests.Utilities.JsonFormatterTests.Prettify_WithIncompleteJson_ThrowsException(incompleteJson: &quot;[&quot;)" storage="/mnt/d/git/aula/src/aula.tests/bin/debug/net9.0/aula.tests.dll" id="1f0fe7c3-6c96-e4f5-5773-3174c2ad66d2">
      <Execution id="4f3d1840-6120-4ae2-98f7-14440d146ae5" />
      <TestMethod codeBase="/mnt/d/git/aula/src/Aula.Tests/bin/Debug/net9.0/Aula.Tests.dll" adapterTypeName="executor://xunit/VsTestRunner2/netcoreapp" className="Aula.Tests.Utilities.JsonFormatterTests" name="Prettify_WithIncompleteJson_ThrowsException" />
    </UnitTest>
    <UnitTest name="Aula.Tests.Channels.SlackBotTests.SendTestMessage_WithVariousMessages_DoesNotThrow(message: &quot;Message with *bold* and _italic_&quot;)" storage="/mnt/d/git/aula/src/aula.tests/bin/debug/net9.0/aula.tests.dll" id="39cbc733-29e9-c5b4-bf01-9d0a5e8faef4">
      <Execution id="f1b4f5ba-57b2-485a-a373-d76bfa5886e5" />
      <TestMethod codeBase="/mnt/d/git/aula/src/Aula.Tests/bin/Debug/net9.0/Aula.Tests.dll" adapterTypeName="executor://xunit/VsTestRunner2/netcoreapp" className="Aula.Tests.Channels.SlackBotTests" name="SendTestMessage_WithVariousMessages_DoesNotThrow" />
    </UnitTest>
    <UnitTest name="Aula.Tests.Utilities.FollowUpQuestionDetectorTests.IsFollowUpQuestion_WithChildNameAndShortMessage_ReturnsTrue(input: &quot;emma&quot;)" storage="/mnt/d/git/aula/src/aula.tests/bin/debug/net9.0/aula.tests.dll" id="5978b633-9011-54a2-21cc-a2b29dbbebca">
      <Execution id="9d05b01c-1a07-45bd-bbee-bd567bcdf29f" />
      <TestMethod codeBase="/mnt/d/git/aula/src/Aula.Tests/bin/Debug/net9.0/Aula.Tests.dll" adapterTypeName="executor://xunit/VsTestRunner2/netcoreapp" className="Aula.Tests.Utilities.FollowUpQuestionDetectorTests" name="IsFollowUpQuestion_WithChildNameAndShortMessage_ReturnsTrue" />
    </UnitTest>
    <UnitTest name="Aula.Tests.Bots.TelegramMessageHandlerTests.HandleMessageAsync_WithHelpCommand_ProcessesHelpMessage(helpCommand: &quot;HELP&quot;)" storage="/mnt/d/git/aula/src/aula.tests/bin/debug/net9.0/aula.tests.dll" id="c2915ea4-e5f9-7f97-c925-c30cd92f3ba5">
      <Execution id="11938f1c-2964-4341-8f24-e604b18f2d64" />
      <TestMethod codeBase="/mnt/d/git/aula/src/Aula.Tests/bin/Debug/net9.0/Aula.Tests.dll" adapterTypeName="executor://xunit/VsTestRunner2/netcoreapp" className="Aula.Tests.Bots.TelegramMessageHandlerTests" name="HandleMessageAsync_WithHelpCommand_ProcessesHelpMessage" />
    </UnitTest>
    <UnitTest name="Aula.Tests.Services.OpenAiServiceIntegrationTests.Constructor_WithCustomModel_UsesSpecifiedModel" storage="/mnt/d/git/aula/src/aula.tests/bin/debug/net9.0/aula.tests.dll" id="4854f432-ed08-b528-1fc8-b51b93105d76">
      <Execution id="cd451806-bcbb-4cc4-b14c-227b9428dcf9" />
      <TestMethod codeBase="/mnt/d/git/aula/src/Aula.Tests/bin/Debug/net9.0/Aula.Tests.dll" adapterTypeName="executor://xunit/VsTestRunner2/netcoreapp" className="Aula.Tests.Services.OpenAiServiceIntegrationTests" name="Constructor_WithCustomModel_UsesSpecifiedModel" />
    </UnitTest>
    <UnitTest name="Aula.Tests.Bots.TelegramMessageHandlerTests.HandleMessageAsync_WithGroupChat_HandlesCorrectly" storage="/mnt/d/git/aula/src/aula.tests/bin/debug/net9.0/aula.tests.dll" id="042593f6-6140-ccfe-82d6-8f794997c196">
      <Execution id="acccc724-02eb-48ca-a0c2-c47864039a37" />
      <TestMethod codeBase="/mnt/d/git/aula/src/Aula.Tests/bin/Debug/net9.0/Aula.Tests.dll" adapterTypeName="executor://xunit/VsTestRunner2/netcoreapp" className="Aula.Tests.Bots.TelegramMessageHandlerTests" name="HandleMessageAsync_WithGroupChat_HandlesCorrectly" />
    </UnitTest>
    <UnitTest name="Aula.Tests.Utilities.DateTimeUtilitiesTests.GetDanishDayName_ValidDayOfWeek_ReturnsCorrectDanishName(dayOfWeek: Saturday, expectedDanishName: &quot;lørdag&quot;)" storage="/mnt/d/git/aula/src/aula.tests/bin/debug/net9.0/aula.tests.dll" id="bdc09174-9d70-e652-ba81-c9f592504617">
      <Execution id="12fc618b-45c6-4ab1-a275-229e75056136" />
      <TestMethod codeBase="/mnt/d/git/aula/src/Aula.Tests/bin/Debug/net9.0/Aula.Tests.dll" adapterTypeName="executor://xunit/VsTestRunner2/netcoreapp" className="Aula.Tests.Utilities.DateTimeUtilitiesTests" name="GetDanishDayName_ValidDayOfWeek_ReturnsCorrectDanishName" />
    </UnitTest>
    <UnitTest name="Aula.Tests.Configuration.ConfigurationTests.Timers_SchedulingInterval_ValidationTests(intervalSeconds: 10, isValid: True)" storage="/mnt/d/git/aula/src/aula.tests/bin/debug/net9.0/aula.tests.dll" id="6b2a33da-8dbe-7c78-d246-94dec9023958">
      <Execution id="9a9393ef-025d-4a53-be9d-d765fabe6774" />
      <TestMethod codeBase="/mnt/d/git/aula/src/Aula.Tests/bin/Debug/net9.0/Aula.Tests.dll" adapterTypeName="executor://xunit/VsTestRunner2/netcoreapp" className="Aula.Tests.Configuration.ConfigurationTests" name="Timers_SchedulingInterval_ValidationTests" />
    </UnitTest>
    <UnitTest name="Aula.Tests.Utilities.ConversationContextManagerTests.UpdateContext_OverwritesExistingContext" storage="/mnt/d/git/aula/src/aula.tests/bin/debug/net9.0/aula.tests.dll" id="269fcbba-1520-c37c-832e-a6063e8324bb">
      <Execution id="9c1127db-9510-4393-a426-029355c78815" />
      <TestMethod codeBase="/mnt/d/git/aula/src/Aula.Tests/bin/Debug/net9.0/Aula.Tests.dll" adapterTypeName="executor://xunit/VsTestRunner2/netcoreapp" className="Aula.Tests.Utilities.ConversationContextManagerTests" name="UpdateContext_OverwritesExistingContext" />
    </UnitTest>
    <UnitTest name="Aula.Tests.Utilities.ReminderExtractionPromptsTests.GetExtractionPrompt_WithDifferentMinuteOffsets_CalculatesCorrectly(minutes: 30)" storage="/mnt/d/git/aula/src/aula.tests/bin/debug/net9.0/aula.tests.dll" id="9ac720d3-776c-ab54-a939-3b82af418447">
      <Execution id="d71aaded-f941-4c32-a2ef-5d5c87d5a8fd" />
      <TestMethod codeBase="/mnt/d/git/aula/src/Aula.Tests/bin/Debug/net9.0/Aula.Tests.dll" adapterTypeName="executor://xunit/VsTestRunner2/netcoreapp" className="Aula.Tests.Utilities.ReminderExtractionPromptsTests" name="GetExtractionPrompt_WithDifferentMinuteOffsets_CalculatesCorrectly" />
    </UnitTest>
    <UnitTest name="Aula.Tests.Utilities.JsonFormatterTests.Prettify_WithEmptyObjects_HandlesCorrectly" storage="/mnt/d/git/aula/src/aula.tests/bin/debug/net9.0/aula.tests.dll" id="f746688b-f580-3fee-4c58-d4c4ee979cd7">
      <Execution id="efdebae1-579d-4a7d-99ab-2bef286ccaf6" />
      <TestMethod codeBase="/mnt/d/git/aula/src/Aula.Tests/bin/Debug/net9.0/Aula.Tests.dll" adapterTypeName="executor://xunit/VsTestRunner2/netcoreapp" className="Aula.Tests.Utilities.JsonFormatterTests" name="Prettify_WithEmptyObjects_HandlesCorrectly" />
    </UnitTest>
    <UnitTest name="Aula.Tests.Configuration.ConfigurationTests.Slack_ChannelId_ValidationTests(channelId: &quot;&quot;, isValid: False)" storage="/mnt/d/git/aula/src/aula.tests/bin/debug/net9.0/aula.tests.dll" id="acf8804d-792c-1b35-de81-83d4ccdfb352">
      <Execution id="7e1a1ce0-4b1a-4897-89eb-b1129ea251de" />
      <TestMethod codeBase="/mnt/d/git/aula/src/Aula.Tests/bin/Debug/net9.0/Aula.Tests.dll" adapterTypeName="executor://xunit/VsTestRunner2/netcoreapp" className="Aula.Tests.Configuration.ConfigurationTests" name="Slack_ChannelId_ValidationTests" />
    </UnitTest>
    <UnitTest name="Aula.Tests.Bots.TelegramMessageHandlerTests.Constructor_WithNullAgentService_ThrowsArgumentNullException" storage="/mnt/d/git/aula/src/aula.tests/bin/debug/net9.0/aula.tests.dll" id="a35c1648-d310-4839-ee57-c271d40d7d0e">
      <Execution id="59a9538e-8070-4d79-8ec5-1ef919f04f7d" />
      <TestMethod codeBase="/mnt/d/git/aula/src/Aula.Tests/bin/Debug/net9.0/Aula.Tests.dll" adapterTypeName="executor://xunit/VsTestRunner2/netcoreapp" className="Aula.Tests.Bots.TelegramMessageHandlerTests" name="Constructor_WithNullAgentService_ThrowsArgumentNullException" />
    </UnitTest>
    <UnitTest name="Aula.Tests.Utilities.FollowUpQuestionDetectorTests.IsFollowUpQuestion_WithShortFollowUps_ReturnsTrue(input: &quot;what?&quot;)" storage="/mnt/d/git/aula/src/aula.tests/bin/debug/net9.0/aula.tests.dll" id="d34756cc-dd70-36dd-a4b9-a2767cf802ed">
      <Execution id="57412695-6695-47fa-926d-521979356820" />
      <TestMethod codeBase="/mnt/d/git/aula/src/Aula.Tests/bin/Debug/net9.0/Aula.Tests.dll" adapterTypeName="executor://xunit/VsTestRunner2/netcoreapp" className="Aula.Tests.Utilities.FollowUpQuestionDetectorTests" name="IsFollowUpQuestion_WithShortFollowUps_ReturnsTrue" />
    </UnitTest>
    <UnitTest name="Aula.Tests.Configuration.ConfigurationTests.GoogleServiceAccount_RequiredFields_ArePresent" storage="/mnt/d/git/aula/src/aula.tests/bin/debug/net9.0/aula.tests.dll" id="2cec1e41-be18-3fa0-9996-473f9652882f">
      <Execution id="5dc8da31-e639-4f49-8ebb-db369eed9388" />
      <TestMethod codeBase="/mnt/d/git/aula/src/Aula.Tests/bin/Debug/net9.0/Aula.Tests.dll" adapterTypeName="executor://xunit/VsTestRunner2/netcoreapp" className="Aula.Tests.Configuration.ConfigurationTests" name="GoogleServiceAccount_RequiredFields_ArePresent" />
    </UnitTest>
    <UnitTest name="Aula.Tests.Bots.TelegramMessageHandlerTests.HandleMessageAsync_WithHelpCommand_ProcessesHelpMessage(helpCommand: &quot;HJÆLP&quot;)" storage="/mnt/d/git/aula/src/aula.tests/bin/debug/net9.0/aula.tests.dll" id="37f582a3-c279-4823-271e-d030bf33bbb7">
      <Execution id="c3380dc6-7bad-4936-876d-46e072ed512a" />
      <TestMethod codeBase="/mnt/d/git/aula/src/Aula.Tests/bin/Debug/net9.0/Aula.Tests.dll" adapterTypeName="executor://xunit/VsTestRunner2/netcoreapp" className="Aula.Tests.Bots.TelegramMessageHandlerTests" name="HandleMessageAsync_WithHelpCommand_ProcessesHelpMessage" />
    </UnitTest>
    <UnitTest name="Aula.Tests.Utilities.IntentAnalysisPromptsTests.ToolExamples_CoverExpectedUseCase(expectedKey: &quot;INFORMATION_QUERY&quot;, queryPattern: &quot;what&quot;)" storage="/mnt/d/git/aula/src/aula.tests/bin/debug/net9.0/aula.tests.dll" id="6168ca12-341a-f09a-6cdf-6dd1f68c911d">
      <Execution id="d08cf7f3-acff-4dca-ac95-4377f987f04a" />
      <TestMethod codeBase="/mnt/d/git/aula/src/Aula.Tests/bin/Debug/net9.0/Aula.Tests.dll" adapterTypeName="executor://xunit/VsTestRunner2/netcoreapp" className="Aula.Tests.Utilities.IntentAnalysisPromptsTests" name="ToolExamples_CoverExpectedUseCase" />
    </UnitTest>
    <UnitTest name="Aula.Tests.Utilities.FollowUpQuestionDetectorTests.IsFollowUpQuestion_WithStartingFollowUpWords_ReturnsTrue(input: &quot;and Liam&quot;)" storage="/mnt/d/git/aula/src/aula.tests/bin/debug/net9.0/aula.tests.dll" id="43884531-d2e9-76f0-a975-092a4d6d7e91">
      <Execution id="80fc0403-c8ce-424f-b616-3f0fcafeb7ce" />
      <TestMethod codeBase="/mnt/d/git/aula/src/Aula.Tests/bin/Debug/net9.0/Aula.Tests.dll" adapterTypeName="executor://xunit/VsTestRunner2/netcoreapp" className="Aula.Tests.Utilities.FollowUpQuestionDetectorTests" name="IsFollowUpQuestion_WithStartingFollowUpWords_ReturnsTrue" />
    </UnitTest>
    <UnitTest name="Aula.Tests.Bots.SlackMessageHandlerTests.HandleMessageAsync_WithHelpCommand_ProcessesHelpMessage(helpCommand: &quot;HJÆLP&quot;)" storage="/mnt/d/git/aula/src/aula.tests/bin/debug/net9.0/aula.tests.dll" id="fab9cf34-c985-2e8e-6005-8cc650dd7227">
      <Execution id="720d46ec-48d4-4826-99b3-8b7d1951eb62" />
      <TestMethod codeBase="/mnt/d/git/aula/src/Aula.Tests/bin/Debug/net9.0/Aula.Tests.dll" adapterTypeName="executor://xunit/VsTestRunner2/netcoreapp" className="Aula.Tests.Bots.SlackMessageHandlerTests" name="HandleMessageAsync_WithHelpCommand_ProcessesHelpMessage" />
    </UnitTest>
    <UnitTest name="Aula.Tests.Channels.SlackBotTests.Constructor_WithConfig_CreatesInstance" storage="/mnt/d/git/aula/src/aula.tests/bin/debug/net9.0/aula.tests.dll" id="4671f449-0198-2bb5-9d3d-e7e5207a3968">
      <Execution id="8f221a91-5236-417e-a4b3-600d830b2340" />
      <TestMethod codeBase="/mnt/d/git/aula/src/Aula.Tests/bin/Debug/net9.0/Aula.Tests.dll" adapterTypeName="executor://xunit/VsTestRunner2/netcoreapp" className="Aula.Tests.Channels.SlackBotTests" name="Constructor_WithConfig_CreatesInstance" />
    </UnitTest>
    <UnitTest name="Aula.Tests.Utilities.FollowUpQuestionDetectorTests.IsFollowUpQuestion_LogsCorrectlyForDetectedFollowUp" storage="/mnt/d/git/aula/src/aula.tests/bin/debug/net9.0/aula.tests.dll" id="b98006bf-e247-2c89-f5f2-906de5d10ccf">
      <Execution id="39b43b48-4fe6-4951-8fac-dd6db92128ea" />
      <TestMethod codeBase="/mnt/d/git/aula/src/Aula.Tests/bin/Debug/net9.0/Aula.Tests.dll" adapterTypeName="executor://xunit/VsTestRunner2/netcoreapp" className="Aula.Tests.Utilities.FollowUpQuestionDetectorTests" name="IsFollowUpQuestion_LogsCorrectlyForDetectedFollowUp" />
    </UnitTest>
    <UnitTest name="Aula.Tests.Tools.ReminderCommandHandlerTests.TryHandleReminderCommand_DeleteReminder_WithException_LogsErrorAndReturnsErrorMessage(command: &quot;slet påmindelse 888&quot;, isEnglish: False)" storage="/mnt/d/git/aula/src/aula.tests/bin/debug/net9.0/aula.tests.dll" id="f7492970-5062-ad84-014e-43c4dfa554f1">
      <Execution id="2f1e79b5-83d9-4680-9b66-694310a2d418" />
      <TestMethod codeBase="/mnt/d/git/aula/src/Aula.Tests/bin/Debug/net9.0/Aula.Tests.dll" adapterTypeName="executor://xunit/VsTestRunner2/netcoreapp" className="Aula.Tests.Tools.ReminderCommandHandlerTests" name="TryHandleReminderCommand_DeleteReminder_WithException_LogsErrorAndReturnsErrorMessage" />
    </UnitTest>
    <UnitTest name="Aula.Tests.Services.OpenAiServiceIntegrationTests.Constructor_WithWhitespaceApiKey_ThrowsArgumentException" storage="/mnt/d/git/aula/src/aula.tests/bin/debug/net9.0/aula.tests.dll" id="cdb2a1c6-455e-afdc-b339-d53b98cacc5c">
      <Execution id="107f4042-8a98-41cc-bf27-676ee007ad35" />
      <TestMethod codeBase="/mnt/d/git/aula/src/Aula.Tests/bin/Debug/net9.0/Aula.Tests.dll" adapterTypeName="executor://xunit/VsTestRunner2/netcoreapp" className="Aula.Tests.Services.OpenAiServiceIntegrationTests" name="Constructor_WithWhitespaceApiKey_ThrowsArgumentException" />
    </UnitTest>
    <UnitTest name="Aula.Tests.Services.OpenAiServiceIntegrationTests.MultipleConversations_WithDifferentContextKeys_AreHandledSeparately" storage="/mnt/d/git/aula/src/aula.tests/bin/debug/net9.0/aula.tests.dll" id="3f8bf4e1-1b7e-9e5d-1a9c-187732c556d7">
      <Execution id="8f7ca070-6cb7-443e-bf53-0e06f2cfbcd2" />
      <TestMethod codeBase="/mnt/d/git/aula/src/Aula.Tests/bin/Debug/net9.0/Aula.Tests.dll" adapterTypeName="executor://xunit/VsTestRunner2/netcoreapp" className="Aula.Tests.Services.OpenAiServiceIntegrationTests" name="MultipleConversations_WithDifferentContextKeys_AreHandledSeparately" />
    </UnitTest>
    <UnitTest name="Aula.Tests.Utilities.JsonFormatterTests.Prettify_WithNullInput_ThrowsArgumentNullException" storage="/mnt/d/git/aula/src/aula.tests/bin/debug/net9.0/aula.tests.dll" id="711b4283-4c9e-be16-2b83-d9f77794298d">
      <Execution id="cff41a97-9174-4a2f-b472-a842266a7dc1" />
      <TestMethod codeBase="/mnt/d/git/aula/src/Aula.Tests/bin/Debug/net9.0/Aula.Tests.dll" adapterTypeName="executor://xunit/VsTestRunner2/netcoreapp" className="Aula.Tests.Utilities.JsonFormatterTests" name="Prettify_WithNullInput_ThrowsArgumentNullException" />
    </UnitTest>
    <UnitTest name="Aula.Tests.Configuration.ConfigurationTests.Timers_AdaptivePollingLimits_ValidationTests(minSeconds: 1, maxSeconds: 60, isValid: True)" storage="/mnt/d/git/aula/src/aula.tests/bin/debug/net9.0/aula.tests.dll" id="d176fe9d-a550-c0ab-c3b8-0439143bdca1">
      <Execution id="39aa41ff-d6f8-4912-99c5-50249d4b2571" />
      <TestMethod codeBase="/mnt/d/git/aula/src/Aula.Tests/bin/Debug/net9.0/Aula.Tests.dll" adapterTypeName="executor://xunit/VsTestRunner2/netcoreapp" className="Aula.Tests.Configuration.ConfigurationTests" name="Timers_AdaptivePollingLimits_ValidationTests" />
    </UnitTest>
    <UnitTest name="Aula.Tests.Bots.SlackInteractiveBotTests.PostWeekLetter_WithSlackApiError_LogsError" storage="/mnt/d/git/aula/src/aula.tests/bin/debug/net9.0/aula.tests.dll" id="163ffdcd-8cc6-0360-4c70-1c08392ed80a">
      <Execution id="086a2b20-a702-4508-ae83-51aa2c8d89f5" />
      <TestMethod codeBase="/mnt/d/git/aula/src/Aula.Tests/bin/Debug/net9.0/Aula.Tests.dll" adapterTypeName="executor://xunit/VsTestRunner2/netcoreapp" className="Aula.Tests.Bots.SlackInteractiveBotTests" name="PostWeekLetter_WithSlackApiError_LogsError" />
    </UnitTest>
    <UnitTest name="Aula.Tests.Bots.TelegramMessageHandlerTests.HandleMessageAsync_WithException_LogsError" storage="/mnt/d/git/aula/src/aula.tests/bin/debug/net9.0/aula.tests.dll" id="de1a8f86-5c1b-b7d6-9ef4-2f917a94a294">
      <Execution id="d3d3a868-bb2f-43e7-af38-efb1acfac5aa" />
      <TestMethod codeBase="/mnt/d/git/aula/src/Aula.Tests/bin/Debug/net9.0/Aula.Tests.dll" adapterTypeName="executor://xunit/VsTestRunner2/netcoreapp" className="Aula.Tests.Bots.TelegramMessageHandlerTests" name="HandleMessageAsync_WithException_LogsError" />
    </UnitTest>
    <UnitTest name="Aula.Tests.Configuration.ConfigurationTests.Slack_ConfigurationIsCorrect" storage="/mnt/d/git/aula/src/aula.tests/bin/debug/net9.0/aula.tests.dll" id="d4f2af6d-af5d-0e11-cead-324b41b39853">
      <Execution id="1cdd9120-6509-4f0a-8c10-0fd7c04cc531" />
      <TestMethod codeBase="/mnt/d/git/aula/src/Aula.Tests/bin/Debug/net9.0/Aula.Tests.dll" adapterTypeName="executor://xunit/VsTestRunner2/netcoreapp" className="Aula.Tests.Configuration.ConfigurationTests" name="Slack_ConfigurationIsCorrect" />
    </UnitTest>
    <UnitTest name="Aula.Tests.Bots.SlackInteractiveBotTests.Constructor_WithNullSupabaseService_ThrowsArgumentNullException" storage="/mnt/d/git/aula/src/aula.tests/bin/debug/net9.0/aula.tests.dll" id="ffc1e6de-c7e5-39de-fa7e-18eabd193809">
      <Execution id="255a59bb-d7aa-4e1d-96a0-7fa7dfcab624" />
      <TestMethod codeBase="/mnt/d/git/aula/src/Aula.Tests/bin/Debug/net9.0/Aula.Tests.dll" adapterTypeName="executor://xunit/VsTestRunner2/netcoreapp" className="Aula.Tests.Bots.SlackInteractiveBotTests" name="Constructor_WithNullSupabaseService_ThrowsArgumentNullException" />
    </UnitTest>
    <UnitTest name="Aula.Tests.Utilities.JsonFormatterTests.Prettify_WithIncompleteJson_ThrowsException(incompleteJson: &quot;]&quot;)" storage="/mnt/d/git/aula/src/aula.tests/bin/debug/net9.0/aula.tests.dll" id="0026d070-5db9-6f8c-0581-fb23b0721050">
      <Execution id="adface2f-1684-4ab4-bf4c-26d12f5796ef" />
      <TestMethod codeBase="/mnt/d/git/aula/src/Aula.Tests/bin/Debug/net9.0/Aula.Tests.dll" adapterTypeName="executor://xunit/VsTestRunner2/netcoreapp" className="Aula.Tests.Utilities.JsonFormatterTests" name="Prettify_WithIncompleteJson_ThrowsException" />
    </UnitTest>
    <UnitTest name="Aula.Tests.Services.OpenAiServiceIntegrationTests.AskQuestionAboutWeekLetterAsync_WithNullWeekLetter_ThrowsArgumentNullException(chatInterface: Telegram)" storage="/mnt/d/git/aula/src/aula.tests/bin/debug/net9.0/aula.tests.dll" id="c5a7611f-847e-26d1-53fe-736703c875f6">
      <Execution id="0354cefc-204c-4a79-80b4-50f7a023c25c" />
      <TestMethod codeBase="/mnt/d/git/aula/src/Aula.Tests/bin/Debug/net9.0/Aula.Tests.dll" adapterTypeName="executor://xunit/VsTestRunner2/netcoreapp" className="Aula.Tests.Services.OpenAiServiceIntegrationTests" name="AskQuestionAboutWeekLetterAsync_WithNullWeekLetter_ThrowsArgumentNullException" />
    </UnitTest>
    <UnitTest name="Aula.Tests.Utilities.WeekLetterContentExtractorTests.ExtractContent_WithValidJObject_ReturnsContent" storage="/mnt/d/git/aula/src/aula.tests/bin/debug/net9.0/aula.tests.dll" id="2a1dcdd7-96d2-dad7-f34d-9619dff356c8">
      <Execution id="4bb3ea15-ba06-435a-9f69-19d94b072283" />
      <TestMethod codeBase="/mnt/d/git/aula/src/Aula.Tests/bin/Debug/net9.0/Aula.Tests.dll" adapterTypeName="executor://xunit/VsTestRunner2/netcoreapp" className="Aula.Tests.Utilities.WeekLetterContentExtractorTests" name="ExtractContent_WithValidJObject_ReturnsContent" />
    </UnitTest>
    <UnitTest name="Aula.Tests.Services.OpenAiServiceIntegrationTests.AskQuestionAboutChildrenAsync_WithNullChildrenWeekLetters_ThrowsArgumentNullException(chatInterface: Telegram)" storage="/mnt/d/git/aula/src/aula.tests/bin/debug/net9.0/aula.tests.dll" id="b10574f8-57a7-a56d-69fc-5fa21e09fe6d">
      <Execution id="0e3a2d75-7862-4051-a8f3-35949f030a01" />
      <TestMethod codeBase="/mnt/d/git/aula/src/Aula.Tests/bin/Debug/net9.0/Aula.Tests.dll" adapterTypeName="executor://xunit/VsTestRunner2/netcoreapp" className="Aula.Tests.Services.OpenAiServiceIntegrationTests" name="AskQuestionAboutChildrenAsync_WithNullChildrenWeekLetters_ThrowsArgumentNullException" />
    </UnitTest>
    <UnitTest name="Aula.Tests.Services.OpenAiServiceIntegrationTests.ChatInterface_Slack_HasCorrectValue" storage="/mnt/d/git/aula/src/aula.tests/bin/debug/net9.0/aula.tests.dll" id="bb2b6e22-8876-e112-3e1e-ad1f0802bc47">
      <Execution id="421896c1-ca4b-4f13-9b09-b34349f13c4b" />
      <TestMethod codeBase="/mnt/d/git/aula/src/Aula.Tests/bin/Debug/net9.0/Aula.Tests.dll" adapterTypeName="executor://xunit/VsTestRunner2/netcoreapp" className="Aula.Tests.Services.OpenAiServiceIntegrationTests" name="ChatInterface_Slack_HasCorrectValue" />
    </UnitTest>
    <UnitTest name="Aula.Tests.Utilities.ReminderExtractionPromptsTests.GetExtractionPrompt_ContainsExpectedResponseFormat" storage="/mnt/d/git/aula/src/aula.tests/bin/debug/net9.0/aula.tests.dll" id="1a0f9073-85e9-ddfd-302a-6b8e7f408be7">
      <Execution id="3da4bb43-b3bb-461c-8b50-6f258e727c6c" />
      <TestMethod codeBase="/mnt/d/git/aula/src/Aula.Tests/bin/Debug/net9.0/Aula.Tests.dll" adapterTypeName="executor://xunit/VsTestRunner2/netcoreapp" className="Aula.Tests.Utilities.ReminderExtractionPromptsTests" name="GetExtractionPrompt_ContainsExpectedResponseFormat" />
    </UnitTest>
    <UnitTest name="Aula.Tests.Tools.ReminderCommandHandlerTests.TryHandleReminderCommand_ListReminders_ValidCommands_ReturnsRemindersList(command: &quot;show reminders&quot;, isEnglish: True)" storage="/mnt/d/git/aula/src/aula.tests/bin/debug/net9.0/aula.tests.dll" id="5e8b18ba-6a80-fd43-4cb0-8c6bdf8765d5">
      <Execution id="2c7e02e6-78a1-4757-b52f-be026ee48e9a" />
      <TestMethod codeBase="/mnt/d/git/aula/src/Aula.Tests/bin/Debug/net9.0/Aula.Tests.dll" adapterTypeName="executor://xunit/VsTestRunner2/netcoreapp" className="Aula.Tests.Tools.ReminderCommandHandlerTests" name="TryHandleReminderCommand_ListReminders_ValidCommands_ReturnsRemindersList" />
    </UnitTest>
    <UnitTest name="Aula.Tests.Utilities.FollowUpQuestionDetectorTests.IsFollowUpQuestion_WithEnglishFollowUpPhrases_ReturnsTrue(input: &quot;and?&quot;)" storage="/mnt/d/git/aula/src/aula.tests/bin/debug/net9.0/aula.tests.dll" id="f11a9af6-85d6-781d-ccbd-c54d5d82bacf">
      <Execution id="c5e6d402-b0a9-4520-8722-882ac93d99e5" />
      <TestMethod codeBase="/mnt/d/git/aula/src/Aula.Tests/bin/Debug/net9.0/Aula.Tests.dll" adapterTypeName="executor://xunit/VsTestRunner2/netcoreapp" className="Aula.Tests.Utilities.FollowUpQuestionDetectorTests" name="IsFollowUpQuestion_WithEnglishFollowUpPhrases_ReturnsTrue" />
    </UnitTest>
    <UnitTest name="Aula.Tests.Tools.ReminderCommandHandlerTests.TryHandleReminderCommand_DeleteReminder_ValidCommands_ReturnsSuccess(command: &quot;delete reminder 123&quot;, isEnglish: True, expectedId: 123)" storage="/mnt/d/git/aula/src/aula.tests/bin/debug/net9.0/aula.tests.dll" id="136b7217-45c6-b3d8-34fb-6ee727eb66f5">
      <Execution id="ee0aab4f-932a-4b6d-aff4-84e98f6a04f6" />
      <TestMethod codeBase="/mnt/d/git/aula/src/Aula.Tests/bin/Debug/net9.0/Aula.Tests.dll" adapterTypeName="executor://xunit/VsTestRunner2/netcoreapp" className="Aula.Tests.Tools.ReminderCommandHandlerTests" name="TryHandleReminderCommand_DeleteReminder_ValidCommands_ReturnsSuccess" />
    </UnitTest>
    <UnitTest name="Aula.Tests.Utilities.FollowUpQuestionDetectorTests.IsFollowUpQuestion_WithEnglishFollowUpPhrases_ReturnsTrue(input: &quot;also Emma&quot;)" storage="/mnt/d/git/aula/src/aula.tests/bin/debug/net9.0/aula.tests.dll" id="7d2712c2-8286-82a7-fc6d-ae7572a28a52">
      <Execution id="dac7462a-e394-471f-bcfd-929ef5460ab9" />
      <TestMethod codeBase="/mnt/d/git/aula/src/Aula.Tests/bin/Debug/net9.0/Aula.Tests.dll" adapterTypeName="executor://xunit/VsTestRunner2/netcoreapp" className="Aula.Tests.Utilities.FollowUpQuestionDetectorTests" name="IsFollowUpQuestion_WithEnglishFollowUpPhrases_ReturnsTrue" />
    </UnitTest>
    <UnitTest name="Aula.Tests.Services.OpenAiServiceIntegrationTests.ClearConversationHistory_WithoutContextKey_DoesNotThrow" storage="/mnt/d/git/aula/src/aula.tests/bin/debug/net9.0/aula.tests.dll" id="c79823a4-e6c5-4210-9526-f7fc3ce5d77c">
      <Execution id="6359b25b-2504-40e3-a979-b3ca8136e3bc" />
      <TestMethod codeBase="/mnt/d/git/aula/src/Aula.Tests/bin/Debug/net9.0/Aula.Tests.dll" adapterTypeName="executor://xunit/VsTestRunner2/netcoreapp" className="Aula.Tests.Services.OpenAiServiceIntegrationTests" name="ClearConversationHistory_WithoutContextKey_DoesNotThrow" />
    </UnitTest>
    <UnitTest name="Aula.Tests.Services.DataModelTests.PostedLetter_DefaultConstructor_InitializesCorrectly" storage="/mnt/d/git/aula/src/aula.tests/bin/debug/net9.0/aula.tests.dll" id="dc87daee-0005-3f96-509b-0d97422219d3">
      <Execution id="5292d8c4-bd10-4e17-97b0-7b8ea2a619b6" />
      <TestMethod codeBase="/mnt/d/git/aula/src/Aula.Tests/bin/Debug/net9.0/Aula.Tests.dll" adapterTypeName="executor://xunit/VsTestRunner2/netcoreapp" className="Aula.Tests.Services.DataModelTests" name="PostedLetter_DefaultConstructor_InitializesCorrectly" />
    </UnitTest>
    <UnitTest name="Aula.Tests.Services.OpenAiServiceIntegrationTests.Constructor_WithValidParameters_InitializesCorrectly" storage="/mnt/d/git/aula/src/aula.tests/bin/debug/net9.0/aula.tests.dll" id="8c77f87a-9ff2-d101-f9e6-6771eeb5c649">
      <Execution id="6a753627-8a03-44fd-97d6-2d4f757bed7e" />
      <TestMethod codeBase="/mnt/d/git/aula/src/Aula.Tests/bin/Debug/net9.0/Aula.Tests.dll" adapterTypeName="executor://xunit/VsTestRunner2/netcoreapp" className="Aula.Tests.Services.OpenAiServiceIntegrationTests" name="Constructor_WithValidParameters_InitializesCorrectly" />
    </UnitTest>
    <UnitTest name="Aula.Tests.Bots.SlackMessageHandlerTests.HandleMessageAsync_WithEmptyChannel_ReturnsFalse" storage="/mnt/d/git/aula/src/aula.tests/bin/debug/net9.0/aula.tests.dll" id="daa8f257-6d65-5334-bc6e-50b3c593ee4f">
      <Execution id="a5fa881a-6154-4fba-b468-b076471b82da" />
      <TestMethod codeBase="/mnt/d/git/aula/src/Aula.Tests/bin/Debug/net9.0/Aula.Tests.dll" adapterTypeName="executor://xunit/VsTestRunner2/netcoreapp" className="Aula.Tests.Bots.SlackMessageHandlerTests" name="HandleMessageAsync_WithEmptyChannel_ReturnsFalse" />
    </UnitTest>
    <UnitTest name="Aula.Tests.Utilities.Html2SlackMarkdownConverterTests.Convert_WithMalformedHtml_HandlesGracefully" storage="/mnt/d/git/aula/src/aula.tests/bin/debug/net9.0/aula.tests.dll" id="8113e2b7-9bbc-43f2-b5f4-05d3d720e278">
      <Execution id="82268baf-00be-4c51-9b6f-546189d66a24" />
      <TestMethod codeBase="/mnt/d/git/aula/src/Aula.Tests/bin/Debug/net9.0/Aula.Tests.dll" adapterTypeName="executor://xunit/VsTestRunner2/netcoreapp" className="Aula.Tests.Utilities.Html2SlackMarkdownConverterTests" name="Convert_WithMalformedHtml_HandlesGracefully" />
    </UnitTest>
    <UnitTest name="Aula.Tests.Channels.SlackBotTests.SendTestMessage_WithVariousMessages_DoesNotThrow(message: &quot;Simple message&quot;)" storage="/mnt/d/git/aula/src/aula.tests/bin/debug/net9.0/aula.tests.dll" id="fd81db88-72a7-84e2-4288-c872b2f15c55">
      <Execution id="b414f460-e6fb-49f8-8337-7d922180ca07" />
      <TestMethod codeBase="/mnt/d/git/aula/src/Aula.Tests/bin/Debug/net9.0/Aula.Tests.dll" adapterTypeName="executor://xunit/VsTestRunner2/netcoreapp" className="Aula.Tests.Channels.SlackBotTests" name="SendTestMessage_WithVariousMessages_DoesNotThrow" />
    </UnitTest>
    <UnitTest name="Aula.Tests.Services.OpenAiServiceIntegrationTests.ExtractKeyInformationAsync_WithValidWeekLetter_CallsApiWithCorrectParameters" storage="/mnt/d/git/aula/src/aula.tests/bin/debug/net9.0/aula.tests.dll" id="4f957322-220c-36b8-b6b3-657137ac0ed1">
      <Execution id="0f42e716-8d32-474a-8991-0a5032ed40d2" />
      <TestMethod codeBase="/mnt/d/git/aula/src/Aula.Tests/bin/Debug/net9.0/Aula.Tests.dll" adapterTypeName="executor://xunit/VsTestRunner2/netcoreapp" className="Aula.Tests.Services.OpenAiServiceIntegrationTests" name="ExtractKeyInformationAsync_WithValidWeekLetter_CallsApiWithCorrectParameters" />
    </UnitTest>
    <UnitTest name="Aula.Tests.Bots.SlackMessageHandlerTests.Constructor_WithNullLogger_ThrowsArgumentNullException" storage="/mnt/d/git/aula/src/aula.tests/bin/debug/net9.0/aula.tests.dll" id="feee90d8-1656-5d1e-73f9-5a26fcecfdaf">
      <Execution id="3b3b3bfd-55c7-4213-bdee-e25d01b15add" />
      <TestMethod codeBase="/mnt/d/git/aula/src/Aula.Tests/bin/Debug/net9.0/Aula.Tests.dll" adapterTypeName="executor://xunit/VsTestRunner2/netcoreapp" className="Aula.Tests.Bots.SlackMessageHandlerTests" name="Constructor_WithNullLogger_ThrowsArgumentNullException" />
    </UnitTest>
    <UnitTest name="Aula.Tests.Utilities.IntentAnalysisPromptsTests.GetFormattedPrompt_WithVariousQueries_ReturnsValidPrompt(query: &quot;Help me&quot;)" storage="/mnt/d/git/aula/src/aula.tests/bin/debug/net9.0/aula.tests.dll" id="83266911-8f44-8cb8-141e-0c21973cceb8">
      <Execution id="b43baf0c-b2fd-42b9-8d38-69d4711cd0ae" />
      <TestMethod codeBase="/mnt/d/git/aula/src/Aula.Tests/bin/Debug/net9.0/Aula.Tests.dll" adapterTypeName="executor://xunit/VsTestRunner2/netcoreapp" className="Aula.Tests.Utilities.IntentAnalysisPromptsTests" name="GetFormattedPrompt_WithVariousQueries_ReturnsValidPrompt" />
    </UnitTest>
    <UnitTest name="Aula.Tests.Utilities.FollowUpQuestionDetectorTests.IsFollowUpQuestion_WithPunctuationAroundChildName_WorksCorrectly(input: &quot;Emma?&quot;)" storage="/mnt/d/git/aula/src/aula.tests/bin/debug/net9.0/aula.tests.dll" id="75733184-ecf7-b281-bd2e-48c921f0cff4">
      <Execution id="43cb4575-86ae-4fc6-b7e2-7bd23ece180f" />
      <TestMethod codeBase="/mnt/d/git/aula/src/Aula.Tests/bin/Debug/net9.0/Aula.Tests.dll" adapterTypeName="executor://xunit/VsTestRunner2/netcoreapp" className="Aula.Tests.Utilities.FollowUpQuestionDetectorTests" name="IsFollowUpQuestion_WithPunctuationAroundChildName_WorksCorrectly" />
    </UnitTest>
    <UnitTest name="Aula.Tests.Services.OpenAiServiceIntegrationTests.AskQuestionAboutWeekLetterAsync_WithContextKey_WithNullWeekLetter_ThrowsArgumentNullException(chatInterface: Telegram)" storage="/mnt/d/git/aula/src/aula.tests/bin/debug/net9.0/aula.tests.dll" id="50f2b13e-3594-24ee-32df-b9192e38a8ff">
      <Execution id="36b95336-efdd-4769-8c59-dde9f802cffa" />
      <TestMethod codeBase="/mnt/d/git/aula/src/Aula.Tests/bin/Debug/net9.0/Aula.Tests.dll" adapterTypeName="executor://xunit/VsTestRunner2/netcoreapp" className="Aula.Tests.Services.OpenAiServiceIntegrationTests" name="AskQuestionAboutWeekLetterAsync_WithContextKey_WithNullWeekLetter_ThrowsArgumentNullException" />
    </UnitTest>
    <UnitTest name="Aula.Tests.Services.OpenAiServiceIntegrationTests.Constructor_WithEmptyApiKey_ThrowsArgumentException" storage="/mnt/d/git/aula/src/aula.tests/bin/debug/net9.0/aula.tests.dll" id="faff4fba-5493-e6c9-9bf9-a728e70472b3">
      <Execution id="ce0246a5-2d41-43db-a19d-187309d4d375" />
      <TestMethod codeBase="/mnt/d/git/aula/src/Aula.Tests/bin/Debug/net9.0/Aula.Tests.dll" adapterTypeName="executor://xunit/VsTestRunner2/netcoreapp" className="Aula.Tests.Services.OpenAiServiceIntegrationTests" name="Constructor_WithEmptyApiKey_ThrowsArgumentException" />
    </UnitTest>
    <UnitTest name="Aula.Tests.Utilities.FollowUpQuestionDetectorTests.IsFollowUpQuestion_WithPunctuationAroundChildName_WorksCorrectly(input: &quot;Emma's&quot;)" storage="/mnt/d/git/aula/src/aula.tests/bin/debug/net9.0/aula.tests.dll" id="d79cfa86-e515-004d-fe4e-214ac35ead55">
      <Execution id="e1f489f3-1e7e-4464-a855-301d2fd782bf" />
      <TestMethod codeBase="/mnt/d/git/aula/src/Aula.Tests/bin/Debug/net9.0/Aula.Tests.dll" adapterTypeName="executor://xunit/VsTestRunner2/netcoreapp" className="Aula.Tests.Utilities.FollowUpQuestionDetectorTests" name="IsFollowUpQuestion_WithPunctuationAroundChildName_WorksCorrectly" />
    </UnitTest>
    <UnitTest name="Aula.Tests.Bots.SlackMessageHandlerTests.HandleMessageAsync_WithNullChannel_ReturnsFalse" storage="/mnt/d/git/aula/src/aula.tests/bin/debug/net9.0/aula.tests.dll" id="9835e47b-ec22-5506-aeb5-974d4515aa48">
      <Execution id="50590e31-db11-4e13-8e87-bb2966a70cdb" />
      <TestMethod codeBase="/mnt/d/git/aula/src/Aula.Tests/bin/Debug/net9.0/Aula.Tests.dll" adapterTypeName="executor://xunit/VsTestRunner2/netcoreapp" className="Aula.Tests.Bots.SlackMessageHandlerTests" name="HandleMessageAsync_WithNullChannel_ReturnsFalse" />
    </UnitTest>
    <UnitTest name="Aula.Tests.Bots.TelegramMessageHandlerTests.HandleMessageAsync_WithTextMessage_ProcessesSuccessfully" storage="/mnt/d/git/aula/src/aula.tests/bin/debug/net9.0/aula.tests.dll" id="ca4780e6-8c58-57b1-c829-fe54506e9793">
      <Execution id="9be6c481-dcf5-4aea-9302-62c5f0d04a6c" />
      <TestMethod codeBase="/mnt/d/git/aula/src/Aula.Tests/bin/Debug/net9.0/Aula.Tests.dll" adapterTypeName="executor://xunit/VsTestRunner2/netcoreapp" className="Aula.Tests.Bots.TelegramMessageHandlerTests" name="HandleMessageAsync_WithTextMessage_ProcessesSuccessfully" />
    </UnitTest>
    <UnitTest name="Aula.Tests.Configuration.ConfigurationTests.Slack_ChannelId_ValidationTests(channelId: &quot;C1234567890&quot;, isValid: True)" storage="/mnt/d/git/aula/src/aula.tests/bin/debug/net9.0/aula.tests.dll" id="149e1688-e5dc-ebf7-54b0-eb7d782e0a3d">
      <Execution id="c1e4e9e8-d4b7-454c-86f5-d40cffa9acd5" />
      <TestMethod codeBase="/mnt/d/git/aula/src/Aula.Tests/bin/Debug/net9.0/Aula.Tests.dll" adapterTypeName="executor://xunit/VsTestRunner2/netcoreapp" className="Aula.Tests.Configuration.ConfigurationTests" name="Slack_ChannelId_ValidationTests" />
    </UnitTest>
    <UnitTest name="Aula.Tests.Utilities.IntentAnalysisPromptsTests.ToolExamples_ContainsRequiredKeys(key: &quot;LIST_REMINDERS_DANISH&quot;)" storage="/mnt/d/git/aula/src/aula.tests/bin/debug/net9.0/aula.tests.dll" id="366f0f62-c3df-406d-3cbd-6a62fe8e98a7">
      <Execution id="371c165c-c52f-4083-81dc-187516fa9a7a" />
      <TestMethod codeBase="/mnt/d/git/aula/src/Aula.Tests/bin/Debug/net9.0/Aula.Tests.dll" adapterTypeName="executor://xunit/VsTestRunner2/netcoreapp" className="Aula.Tests.Utilities.IntentAnalysisPromptsTests" name="ToolExamples_ContainsRequiredKeys" />
    </UnitTest>
    <UnitTest name="Aula.Tests.Configuration.ConfigurationTests.Timers_SchedulingInterval_ValidationTests(intervalSeconds: -1, isValid: False)" storage="/mnt/d/git/aula/src/aula.tests/bin/debug/net9.0/aula.tests.dll" id="5545fc75-ce9a-79d5-867a-5bec0a88ff66">
      <Execution id="9c33e6ab-5fcb-4463-9b5b-1c0e9e8ec7f4" />
      <TestMethod codeBase="/mnt/d/git/aula/src/Aula.Tests/bin/Debug/net9.0/Aula.Tests.dll" adapterTypeName="executor://xunit/VsTestRunner2/netcoreapp" className="Aula.Tests.Configuration.ConfigurationTests" name="Timers_SchedulingInterval_ValidationTests" />
    </UnitTest>
    <UnitTest name="Aula.Tests.Bots.TelegramInteractiveBotTests.SendMessage_WithLongChatId_SendsSuccessfully(chatId: &quot;1234567890&quot;)" storage="/mnt/d/git/aula/src/aula.tests/bin/debug/net9.0/aula.tests.dll" id="f1a8ea88-01e1-69c3-1fe9-4aa537f89af0">
      <Execution id="d2431d09-60ed-446d-8318-7e766dec45e7" />
      <TestMethod codeBase="/mnt/d/git/aula/src/Aula.Tests/bin/Debug/net9.0/Aula.Tests.dll" adapterTypeName="executor://xunit/VsTestRunner2/netcoreapp" className="Aula.Tests.Bots.TelegramInteractiveBotTests" name="SendMessage_WithLongChatId_SendsSuccessfully" />
    </UnitTest>
    <UnitTest name="Aula.Tests.Bots.SlackInteractiveBotTests.PostWeekLetter_WithHttpError_LogsError" storage="/mnt/d/git/aula/src/aula.tests/bin/debug/net9.0/aula.tests.dll" id="98cd8faf-e82c-211b-73e0-182caa7ee5d0">
      <Execution id="78b40ee7-7720-4c73-8992-0a70ebe58081" />
      <TestMethod codeBase="/mnt/d/git/aula/src/Aula.Tests/bin/Debug/net9.0/Aula.Tests.dll" adapterTypeName="executor://xunit/VsTestRunner2/netcoreapp" className="Aula.Tests.Bots.SlackInteractiveBotTests" name="PostWeekLetter_WithHttpError_LogsError" />
    </UnitTest>
    <UnitTest name="Aula.Tests.Services.OpenAiServiceIntegrationTests.AskQuestionAboutWeekLetterAsync_WithContextKey_WithNullWeekLetter_ThrowsArgumentNullException(chatInterface: Slack)" storage="/mnt/d/git/aula/src/aula.tests/bin/debug/net9.0/aula.tests.dll" id="ebaf8397-8612-cd93-1911-25f8b63dd1af">
      <Execution id="938b8858-e9d3-4fda-876d-0a645deaa289" />
      <TestMethod codeBase="/mnt/d/git/aula/src/Aula.Tests/bin/Debug/net9.0/Aula.Tests.dll" adapterTypeName="executor://xunit/VsTestRunner2/netcoreapp" className="Aula.Tests.Services.OpenAiServiceIntegrationTests" name="AskQuestionAboutWeekLetterAsync_WithContextKey_WithNullWeekLetter_ThrowsArgumentNullException" />
    </UnitTest>
    <UnitTest name="Aula.Tests.Services.OpenAiServiceIntegrationTests.SummarizeWeekLetterAsync_WithValidWeekLetter_CallsApiWithCorrectParameters" storage="/mnt/d/git/aula/src/aula.tests/bin/debug/net9.0/aula.tests.dll" id="df512aea-e2d8-dde7-2eb7-20bcbade34bc">
      <Execution id="34764e17-d1b2-4232-b2ff-06f92e9d8985" />
      <TestMethod codeBase="/mnt/d/git/aula/src/Aula.Tests/bin/Debug/net9.0/Aula.Tests.dll" adapterTypeName="executor://xunit/VsTestRunner2/netcoreapp" className="Aula.Tests.Services.OpenAiServiceIntegrationTests" name="SummarizeWeekLetterAsync_WithValidWeekLetter_CallsApiWithCorrectParameters" />
    </UnitTest>
    <UnitTest name="Aula.Tests.Utilities.JsonFormatterTests.Prettify_WithNumbers_PreservesNumericTypes" storage="/mnt/d/git/aula/src/aula.tests/bin/debug/net9.0/aula.tests.dll" id="5a903d00-5b08-70e4-0ae1-41f7c132ff27">
      <Execution id="5f29f8f1-9ead-4a26-9e56-35b16a561067" />
      <TestMethod codeBase="/mnt/d/git/aula/src/Aula.Tests/bin/Debug/net9.0/Aula.Tests.dll" adapterTypeName="executor://xunit/VsTestRunner2/netcoreapp" className="Aula.Tests.Utilities.JsonFormatterTests" name="Prettify_WithNumbers_PreservesNumericTypes" />
    </UnitTest>
    <UnitTest name="Aula.Tests.Integration.AgentServiceTests.GetWeekLetterAsync_ReturnsCachedData_WhenAvailable" storage="/mnt/d/git/aula/src/aula.tests/bin/debug/net9.0/aula.tests.dll" id="b3d0207a-6b94-dced-4560-55d90059fc43">
      <Execution id="76d53a71-b516-4363-a3b1-dc827bd7c158" />
      <TestMethod codeBase="/mnt/d/git/aula/src/Aula.Tests/bin/Debug/net9.0/Aula.Tests.dll" adapterTypeName="executor://xunit/VsTestRunner2/netcoreapp" className="Aula.Tests.Integration.AgentServiceTests" name="GetWeekLetterAsync_ReturnsCachedData_WhenAvailable" />
    </UnitTest>
    <UnitTest name="Aula.Tests.Utilities.ReminderExtractionPromptsTests.GetExtractionPrompt_CalculatesDanishRelativeTimesCorrectly" storage="/mnt/d/git/aula/src/aula.tests/bin/debug/net9.0/aula.tests.dll" id="341040bb-ced9-d1d7-7226-192f7cf8fcdc">
      <Execution id="342eeed5-176d-4c62-ba1d-4e04c1eeb4d2" />
      <TestMethod codeBase="/mnt/d/git/aula/src/Aula.Tests/bin/Debug/net9.0/Aula.Tests.dll" adapterTypeName="executor://xunit/VsTestRunner2/netcoreapp" className="Aula.Tests.Utilities.ReminderExtractionPromptsTests" name="GetExtractionPrompt_CalculatesDanishRelativeTimesCorrectly" />
    </UnitTest>
    <UnitTest name="Aula.Tests.Utilities.ReminderExtractionPromptsTests.GetExtractionPrompt_WithDifferentMinuteOffsets_CalculatesCorrectly(minutes: 120)" storage="/mnt/d/git/aula/src/aula.tests/bin/debug/net9.0/aula.tests.dll" id="63363866-031a-a196-cb3f-a58e78fe124a">
      <Execution id="9d553205-06f9-4de7-9427-0464aceff791" />
      <TestMethod codeBase="/mnt/d/git/aula/src/Aula.Tests/bin/Debug/net9.0/Aula.Tests.dll" adapterTypeName="executor://xunit/VsTestRunner2/netcoreapp" className="Aula.Tests.Utilities.ReminderExtractionPromptsTests" name="GetExtractionPrompt_WithDifferentMinuteOffsets_CalculatesCorrectly" />
    </UnitTest>
    <UnitTest name="Aula.Tests.Integration.AgentServiceTests.ExtractKeyInformationFromWeekLetterAsync_CallsOpenAiService" storage="/mnt/d/git/aula/src/aula.tests/bin/debug/net9.0/aula.tests.dll" id="a81f27b4-0dc1-da96-d279-fb940b021717">
      <Execution id="bf63858d-ba1a-4526-82fd-135f53e9ccd6" />
      <TestMethod codeBase="/mnt/d/git/aula/src/Aula.Tests/bin/Debug/net9.0/Aula.Tests.dll" adapterTypeName="executor://xunit/VsTestRunner2/netcoreapp" className="Aula.Tests.Integration.AgentServiceTests" name="ExtractKeyInformationFromWeekLetterAsync_CallsOpenAiService" />
    </UnitTest>
    <UnitTest name="Aula.Tests.Bots.SlackMessageHandlerTests.HandleMessageAsync_WithValidMessage_ReturnsTrue" storage="/mnt/d/git/aula/src/aula.tests/bin/debug/net9.0/aula.tests.dll" id="ed243bdd-6000-1061-a83e-9e458b3d2a08">
      <Execution id="a8e5b728-108a-408d-ad12-52bfb5c25d5b" />
      <TestMethod codeBase="/mnt/d/git/aula/src/Aula.Tests/bin/Debug/net9.0/Aula.Tests.dll" adapterTypeName="executor://xunit/VsTestRunner2/netcoreapp" className="Aula.Tests.Bots.SlackMessageHandlerTests" name="HandleMessageAsync_WithValidMessage_ReturnsTrue" />
    </UnitTest>
    <UnitTest name="Aula.Tests.Channels.SlackBotTests.PostWeekLetter_WithEmptyWeekLetter_HandlesGracefully" storage="/mnt/d/git/aula/src/aula.tests/bin/debug/net9.0/aula.tests.dll" id="9f3a0fc9-3eea-97c3-5cc5-d99512257356">
      <Execution id="325d4231-8eb7-4834-8fa0-31f445cf28d5" />
      <TestMethod codeBase="/mnt/d/git/aula/src/Aula.Tests/bin/Debug/net9.0/Aula.Tests.dll" adapterTypeName="executor://xunit/VsTestRunner2/netcoreapp" className="Aula.Tests.Channels.SlackBotTests" name="PostWeekLetter_WithEmptyWeekLetter_HandlesGracefully" />
    </UnitTest>
    <UnitTest name="Aula.Tests.Utilities.IntentAnalysisPromptsTests.ToolExamples_ContainsExpectedEntries" storage="/mnt/d/git/aula/src/aula.tests/bin/debug/net9.0/aula.tests.dll" id="a779e8fb-6c0d-9d3b-3942-4cfee84facb5">
      <Execution id="78f7b11d-be24-4ca7-a7cf-308bee39df20" />
      <TestMethod codeBase="/mnt/d/git/aula/src/Aula.Tests/bin/Debug/net9.0/Aula.Tests.dll" adapterTypeName="executor://xunit/VsTestRunner2/netcoreapp" className="Aula.Tests.Utilities.IntentAnalysisPromptsTests" name="ToolExamples_ContainsExpectedEntries" />
    </UnitTest>
    <UnitTest name="Aula.Tests.Bots.TelegramInteractiveBotTests.PostWeekLetter_WithDisabledTelegram_LogsWarningAndReturns" storage="/mnt/d/git/aula/src/aula.tests/bin/debug/net9.0/aula.tests.dll" id="19edb3ba-5e0e-d40b-c4b3-ce48876fbe6a">
      <Execution id="8ece6b8f-0c4e-4d43-8da0-c84a3afb1e97" />
      <TestMethod codeBase="/mnt/d/git/aula/src/Aula.Tests/bin/Debug/net9.0/Aula.Tests.dll" adapterTypeName="executor://xunit/VsTestRunner2/netcoreapp" className="Aula.Tests.Bots.TelegramInteractiveBotTests" name="PostWeekLetter_WithDisabledTelegram_LogsWarningAndReturns" />
    </UnitTest>
    <UnitTest name="Aula.Tests.Configuration.ConfigurationTests.UniLogin_ConfigurationIsCorrect" storage="/mnt/d/git/aula/src/aula.tests/bin/debug/net9.0/aula.tests.dll" id="d7d35b19-d0bc-0913-7974-7ed648909781">
      <Execution id="1b188676-d5b1-413f-8670-01934b417e43" />
      <TestMethod codeBase="/mnt/d/git/aula/src/Aula.Tests/bin/Debug/net9.0/Aula.Tests.dll" adapterTypeName="executor://xunit/VsTestRunner2/netcoreapp" className="Aula.Tests.Configuration.ConfigurationTests" name="UniLogin_ConfigurationIsCorrect" />
    </UnitTest>
    <UnitTest name="Aula.Tests.Utilities.ReminderExtractionPromptsTests.GetExtractionPrompt_WithRealQueries_EmbedsQueryCorrectly(query: &quot;Meeting with teacher next Monday&quot;)" storage="/mnt/d/git/aula/src/aula.tests/bin/debug/net9.0/aula.tests.dll" id="64b3e4a5-31a7-57c7-6c30-e353370e12e0">
      <Execution id="ecc202ba-ae2f-4768-86b9-47a177a37139" />
      <TestMethod codeBase="/mnt/d/git/aula/src/Aula.Tests/bin/Debug/net9.0/Aula.Tests.dll" adapterTypeName="executor://xunit/VsTestRunner2/netcoreapp" className="Aula.Tests.Utilities.ReminderExtractionPromptsTests" name="GetExtractionPrompt_WithRealQueries_EmbedsQueryCorrectly" />
    </UnitTest>
    <UnitTest name="Aula.Tests.Utilities.FollowUpQuestionDetectorTests.IsFollowUpQuestion_WithMultipleChildNamesInShortMessage_ReturnsTrue" storage="/mnt/d/git/aula/src/aula.tests/bin/debug/net9.0/aula.tests.dll" id="40ee6628-cabc-d31b-6bc1-487bcee11d7e">
      <Execution id="02889447-e0e7-44c7-88c6-737eca2b3d95" />
      <TestMethod codeBase="/mnt/d/git/aula/src/Aula.Tests/bin/Debug/net9.0/Aula.Tests.dll" adapterTypeName="executor://xunit/VsTestRunner2/netcoreapp" className="Aula.Tests.Utilities.FollowUpQuestionDetectorTests" name="IsFollowUpQuestion_WithMultipleChildNamesInShortMessage_ReturnsTrue" />
    </UnitTest>
    <UnitTest name="Aula.Tests.Configuration.ConfigurationTests.Timers_SchedulingInterval_ValidationTests(intervalSeconds: 5, isValid: True)" storage="/mnt/d/git/aula/src/aula.tests/bin/debug/net9.0/aula.tests.dll" id="0c4f7782-5c4d-f42e-03cc-a2dae624ac6e">
      <Execution id="92687f7a-cfee-449a-8afc-8180efac7326" />
      <TestMethod codeBase="/mnt/d/git/aula/src/Aula.Tests/bin/Debug/net9.0/Aula.Tests.dll" adapterTypeName="executor://xunit/VsTestRunner2/netcoreapp" className="Aula.Tests.Configuration.ConfigurationTests" name="Timers_SchedulingInterval_ValidationTests" />
    </UnitTest>
    <UnitTest name="Aula.Tests.Utilities.ReminderExtractionPromptsTests.GetExtractionPrompt_WithRealQueries_EmbedsQueryCorrectly(query: &quot;Remind me about Hans's soccer&quot;)" storage="/mnt/d/git/aula/src/aula.tests/bin/debug/net9.0/aula.tests.dll" id="bd810d5e-74d1-fb29-2175-9a145b5629e1">
      <Execution id="392520be-c536-4d32-b29b-713cfe3db8d8" />
      <TestMethod codeBase="/mnt/d/git/aula/src/Aula.Tests/bin/Debug/net9.0/Aula.Tests.dll" adapterTypeName="executor://xunit/VsTestRunner2/netcoreapp" className="Aula.Tests.Utilities.ReminderExtractionPromptsTests" name="GetExtractionPrompt_WithRealQueries_EmbedsQueryCorrectly" />
    </UnitTest>
    <UnitTest name="Aula.Tests.Utilities.IntentAnalysisPromptsTests.ToolExamples_ContainsBothLanguages" storage="/mnt/d/git/aula/src/aula.tests/bin/debug/net9.0/aula.tests.dll" id="3109c695-3e44-0879-5fda-41d7d17979ff">
      <Execution id="d9bd0d33-3aa6-48e3-97a7-eab53fab64af" />
      <TestMethod codeBase="/mnt/d/git/aula/src/Aula.Tests/bin/Debug/net9.0/Aula.Tests.dll" adapterTypeName="executor://xunit/VsTestRunner2/netcoreapp" className="Aula.Tests.Utilities.IntentAnalysisPromptsTests" name="ToolExamples_ContainsBothLanguages" />
    </UnitTest>
    <UnitTest name="Aula.Tests.Integration.AgentServiceTests.GetWeekLetterAsync_LogsInFirst_WhenNotLoggedIn" storage="/mnt/d/git/aula/src/aula.tests/bin/debug/net9.0/aula.tests.dll" id="cf838fe5-cf64-cdb9-4856-b3fc2156670a">
      <Execution id="2b893650-9bc0-41b7-8ac8-7709d0ac8edf" />
      <TestMethod codeBase="/mnt/d/git/aula/src/Aula.Tests/bin/Debug/net9.0/Aula.Tests.dll" adapterTypeName="executor://xunit/VsTestRunner2/netcoreapp" className="Aula.Tests.Integration.AgentServiceTests" name="GetWeekLetterAsync_LogsInFirst_WhenNotLoggedIn" />
    </UnitTest>
    <UnitTest name="Aula.Tests.Utilities.DateTimeUtilitiesTests.GetDanishDayName_AllValidDaysOfWeek_ReturnsNonEmptyString(dayOfWeek: Tuesday)" storage="/mnt/d/git/aula/src/aula.tests/bin/debug/net9.0/aula.tests.dll" id="909b5135-abc5-ca49-7494-5f4eb3573cf1">
      <Execution id="ad2c96f4-1c85-4c5f-82a2-63863e5937e1" />
      <TestMethod codeBase="/mnt/d/git/aula/src/Aula.Tests/bin/Debug/net9.0/Aula.Tests.dll" adapterTypeName="executor://xunit/VsTestRunner2/netcoreapp" className="Aula.Tests.Utilities.DateTimeUtilitiesTests" name="GetDanishDayName_AllValidDaysOfWeek_ReturnsNonEmptyString" />
    </UnitTest>
    <UnitTest name="Aula.Tests.Services.OpenAiServiceIntegrationTests.SummarizeWeekLetterAsync_WithNullWeekLetter_ThrowsArgumentNullException(chatInterface: Slack)" storage="/mnt/d/git/aula/src/aula.tests/bin/debug/net9.0/aula.tests.dll" id="2f1a411a-2aa2-b405-2ee0-c232b3e9b9d5">
      <Execution id="db7da018-4351-4200-b6e4-0a0d0ccbfba7" />
      <TestMethod codeBase="/mnt/d/git/aula/src/Aula.Tests/bin/Debug/net9.0/Aula.Tests.dll" adapterTypeName="executor://xunit/VsTestRunner2/netcoreapp" className="Aula.Tests.Services.OpenAiServiceIntegrationTests" name="SummarizeWeekLetterAsync_WithNullWeekLetter_ThrowsArgumentNullException" />
    </UnitTest>
    <UnitTest name="Aula.Tests.Utilities.DateTimeUtilitiesTests.GetDanishDayName_ValidDayOfWeek_ReturnsCorrectDanishName(dayOfWeek: Sunday, expectedDanishName: &quot;søndag&quot;)" storage="/mnt/d/git/aula/src/aula.tests/bin/debug/net9.0/aula.tests.dll" id="7603ab70-2625-ab42-8d9e-7a15863cfd1c">
      <Execution id="2863c574-8429-457f-a607-52edb961f129" />
      <TestMethod codeBase="/mnt/d/git/aula/src/Aula.Tests/bin/Debug/net9.0/Aula.Tests.dll" adapterTypeName="executor://xunit/VsTestRunner2/netcoreapp" className="Aula.Tests.Utilities.DateTimeUtilitiesTests" name="GetDanishDayName_ValidDayOfWeek_ReturnsCorrectDanishName" />
    </UnitTest>
    <UnitTest name="Aula.Tests.Services.DataServiceTests.CacheWeekSchedule_StoresDataInCache" storage="/mnt/d/git/aula/src/aula.tests/bin/debug/net9.0/aula.tests.dll" id="ca4a7c7d-ea0c-9793-dbdd-ecdb86ee62d2">
      <Execution id="a162f9d9-213c-4190-bf1c-7a4d7836daad" />
      <TestMethod codeBase="/mnt/d/git/aula/src/Aula.Tests/bin/Debug/net9.0/Aula.Tests.dll" adapterTypeName="executor://xunit/VsTestRunner2/netcoreapp" className="Aula.Tests.Services.DataServiceTests" name="CacheWeekSchedule_StoresDataInCache" />
    </UnitTest>
    <UnitTest name="Aula.Tests.Bots.SlackMessageHandlerTests.Constructor_WithNullHttpClient_ThrowsArgumentNullException" storage="/mnt/d/git/aula/src/aula.tests/bin/debug/net9.0/aula.tests.dll" id="d484adb7-a52c-1efb-9dd8-63c19447b60d">
      <Execution id="9033fffe-c97a-4866-8abe-49aa7ba07b9f" />
      <TestMethod codeBase="/mnt/d/git/aula/src/Aula.Tests/bin/Debug/net9.0/Aula.Tests.dll" adapterTypeName="executor://xunit/VsTestRunner2/netcoreapp" className="Aula.Tests.Bots.SlackMessageHandlerTests" name="Constructor_WithNullHttpClient_ThrowsArgumentNullException" />
    </UnitTest>
    <UnitTest name="Aula.Tests.Scheduling.SchedulingServiceTests.Constructor_WithValidParameters_InitializesCorrectly" storage="/mnt/d/git/aula/src/aula.tests/bin/debug/net9.0/aula.tests.dll" id="715923f7-f881-74c1-66a2-e6f91fe6f3c7">
      <Execution id="46cae591-d9c1-4b30-8e63-8d353b0d26f6" />
      <TestMethod codeBase="/mnt/d/git/aula/src/Aula.Tests/bin/Debug/net9.0/Aula.Tests.dll" adapterTypeName="executor://xunit/VsTestRunner2/netcoreapp" className="Aula.Tests.Scheduling.SchedulingServiceTests" name="Constructor_WithValidParameters_InitializesCorrectly" />
    </UnitTest>
    <UnitTest name="Aula.Tests.Bots.SlackInteractiveBotTests.Dispose_WhenCalled_DisposesResources" storage="/mnt/d/git/aula/src/aula.tests/bin/debug/net9.0/aula.tests.dll" id="836451b2-62cb-4cd2-ca5f-c5c8f2c0a202">
      <Execution id="b18e9717-aa97-460a-bb8d-6f073359ffa6" />
      <TestMethod codeBase="/mnt/d/git/aula/src/Aula.Tests/bin/Debug/net9.0/Aula.Tests.dll" adapterTypeName="executor://xunit/VsTestRunner2/netcoreapp" className="Aula.Tests.Bots.SlackInteractiveBotTests" name="Dispose_WhenCalled_DisposesResources" />
    </UnitTest>
    <UnitTest name="Aula.Tests.Utilities.ConversationContextTests.IsStillValid_WithOldTimestamp_ReturnsFalse" storage="/mnt/d/git/aula/src/aula.tests/bin/debug/net9.0/aula.tests.dll" id="a8b9844c-6104-c9c6-7d60-78d6100065b0">
      <Execution id="55f9bc94-9b58-44ee-84b2-89d340ba54e8" />
      <TestMethod codeBase="/mnt/d/git/aula/src/Aula.Tests/bin/Debug/net9.0/Aula.Tests.dll" adapterTypeName="executor://xunit/VsTestRunner2/netcoreapp" className="Aula.Tests.Utilities.ConversationContextTests" name="IsStillValid_WithOldTimestamp_ReturnsFalse" />
    </UnitTest>
    <UnitTest name="Aula.Tests.Channels.TelegramClientTests.SendMessageToChannel_WithVariousMessages_DoesNotThrow(message: &quot;Simple message&quot;)" storage="/mnt/d/git/aula/src/aula.tests/bin/debug/net9.0/aula.tests.dll" id="466fbb21-c308-9cae-2419-4b3a3d66b5be">
      <Execution id="7c02fb9c-bf21-441d-8622-9e41372bf7cf" />
      <TestMethod codeBase="/mnt/d/git/aula/src/Aula.Tests/bin/Debug/net9.0/Aula.Tests.dll" adapterTypeName="executor://xunit/VsTestRunner2/netcoreapp" className="Aula.Tests.Channels.TelegramClientTests" name="SendMessageToChannel_WithVariousMessages_DoesNotThrow" />
    </UnitTest>
    <UnitTest name="Aula.Tests.Utilities.IntentAnalysisPromptsTests.AnalysisTemplate_IsNotEmpty" storage="/mnt/d/git/aula/src/aula.tests/bin/debug/net9.0/aula.tests.dll" id="754e15f9-7164-4540-0902-34db6317ccfc">
      <Execution id="536de004-72ec-4f58-a0ff-adddf8da1fb7" />
      <TestMethod codeBase="/mnt/d/git/aula/src/Aula.Tests/bin/Debug/net9.0/Aula.Tests.dll" adapterTypeName="executor://xunit/VsTestRunner2/netcoreapp" className="Aula.Tests.Utilities.IntentAnalysisPromptsTests" name="AnalysisTemplate_IsNotEmpty" />
    </UnitTest>
    <UnitTest name="Aula.Tests.Services.DataModelTests.PostedLetter_WeekNumberValidation_ReturnsExpectedResult(weekNumber: 54, year: 2023, isValid: False)" storage="/mnt/d/git/aula/src/aula.tests/bin/debug/net9.0/aula.tests.dll" id="b818bc8f-75bb-2119-5010-d4b3daaab169">
      <Execution id="b3bd4eb9-d7d0-4945-b7df-04dc0baa5aa3" />
      <TestMethod codeBase="/mnt/d/git/aula/src/Aula.Tests/bin/Debug/net9.0/Aula.Tests.dll" adapterTypeName="executor://xunit/VsTestRunner2/netcoreapp" className="Aula.Tests.Services.DataModelTests" name="PostedLetter_WeekNumberValidation_ReturnsExpectedResult" />
    </UnitTest>
    <UnitTest name="Aula.Tests.Tools.ReminderCommandHandlerTests.TryHandleReminderCommand_DeleteReminder_WithException_LogsErrorAndReturnsErrorMessage(command: &quot;delete reminder 999&quot;, isEnglish: True)" storage="/mnt/d/git/aula/src/aula.tests/bin/debug/net9.0/aula.tests.dll" id="f7baf2b9-a2d0-7c99-3bd4-af737954fe30">
      <Execution id="94af929d-81cf-4bd7-a601-c64acb2107ee" />
      <TestMethod codeBase="/mnt/d/git/aula/src/Aula.Tests/bin/Debug/net9.0/Aula.Tests.dll" adapterTypeName="executor://xunit/VsTestRunner2/netcoreapp" className="Aula.Tests.Tools.ReminderCommandHandlerTests" name="TryHandleReminderCommand_DeleteReminder_WithException_LogsErrorAndReturnsErrorMessage" />
    </UnitTest>
    <UnitTest name="Aula.Tests.Tools.ReminderCommandHandlerTests.TryHandleReminderCommand_DateParsing_TomorrowAndToday_WorksCorrectly" storage="/mnt/d/git/aula/src/aula.tests/bin/debug/net9.0/aula.tests.dll" id="c7840475-aca4-af75-0ca9-66bc604a8dbe">
      <Execution id="4118ee14-050a-47db-ad3c-b768319d1b60" />
      <TestMethod codeBase="/mnt/d/git/aula/src/Aula.Tests/bin/Debug/net9.0/Aula.Tests.dll" adapterTypeName="executor://xunit/VsTestRunner2/netcoreapp" className="Aula.Tests.Tools.ReminderCommandHandlerTests" name="TryHandleReminderCommand_DateParsing_TomorrowAndToday_WorksCorrectly" />
    </UnitTest>
    <UnitTest name="Aula.Tests.Utilities.WeekLetterContentExtractorTests.ExtractContent_WithNullLogger_DoesNotThrow" storage="/mnt/d/git/aula/src/aula.tests/bin/debug/net9.0/aula.tests.dll" id="3e10b303-d441-b310-0523-4f1f964c7566">
      <Execution id="7d50563e-f1c3-40b6-a17e-2f39aa81a837" />
      <TestMethod codeBase="/mnt/d/git/aula/src/Aula.Tests/bin/Debug/net9.0/Aula.Tests.dll" adapterTypeName="executor://xunit/VsTestRunner2/netcoreapp" className="Aula.Tests.Utilities.WeekLetterContentExtractorTests" name="ExtractContent_WithNullLogger_DoesNotThrow" />
    </UnitTest>
    <UnitTest name="Aula.Tests.Utilities.IntentAnalysisPromptsTests.ToolExamples_ContainsRequiredKeys(key: &quot;GET_CURRENT_TIME&quot;)" storage="/mnt/d/git/aula/src/aula.tests/bin/debug/net9.0/aula.tests.dll" id="bf6936c5-c569-cff2-295a-80008bcc4af4">
      <Execution id="ff8b5523-038d-4033-84a7-0bcc91fc0eb8" />
      <TestMethod codeBase="/mnt/d/git/aula/src/Aula.Tests/bin/Debug/net9.0/Aula.Tests.dll" adapterTypeName="executor://xunit/VsTestRunner2/netcoreapp" className="Aula.Tests.Utilities.IntentAnalysisPromptsTests" name="ToolExamples_ContainsRequiredKeys" />
    </UnitTest>
    <UnitTest name="Aula.Tests.Utilities.FollowUpQuestionDetectorTests.IsFollowUpQuestion_WithoutFollowUpPhrases_ReturnsFalse(input: &quot;no child names here&quot;)" storage="/mnt/d/git/aula/src/aula.tests/bin/debug/net9.0/aula.tests.dll" id="b3807b1c-634e-e2ee-a1b8-8f079f205113">
      <Execution id="2d07aceb-e2d3-4660-aea8-62d3c386e32b" />
      <TestMethod codeBase="/mnt/d/git/aula/src/Aula.Tests/bin/Debug/net9.0/Aula.Tests.dll" adapterTypeName="executor://xunit/VsTestRunner2/netcoreapp" className="Aula.Tests.Utilities.FollowUpQuestionDetectorTests" name="IsFollowUpQuestion_WithoutFollowUpPhrases_ReturnsFalse" />
    </UnitTest>
    <UnitTest name="Aula.Tests.Channels.SlackBotTests.PostMessage_WithVariousMessages_DoesNotThrow(message: &quot;Message with special chars: @#$%&quot;)" storage="/mnt/d/git/aula/src/aula.tests/bin/debug/net9.0/aula.tests.dll" id="f3b6f74b-87b3-fd71-9913-805f7e4c5e0e">
      <Execution id="a41fc51f-06ce-4799-9aa6-6963c9692fa6" />
      <TestMethod codeBase="/mnt/d/git/aula/src/Aula.Tests/bin/Debug/net9.0/Aula.Tests.dll" adapterTypeName="executor://xunit/VsTestRunner2/netcoreapp" className="Aula.Tests.Channels.SlackBotTests" name="PostMessage_WithVariousMessages_DoesNotThrow" />
    </UnitTest>
    <UnitTest name="Aula.Tests.Scheduling.SchedulingServiceIntegrationTests.Constructor_WithNullConfig_ThrowsArgumentNullException" storage="/mnt/d/git/aula/src/aula.tests/bin/debug/net9.0/aula.tests.dll" id="a0f8908b-2fc2-df51-4b18-23e951512406">
      <Execution id="43896da9-21dc-4a35-8066-f41d5a1aa4aa" />
      <TestMethod codeBase="/mnt/d/git/aula/src/Aula.Tests/bin/Debug/net9.0/Aula.Tests.dll" adapterTypeName="executor://xunit/VsTestRunner2/netcoreapp" className="Aula.Tests.Scheduling.SchedulingServiceIntegrationTests" name="Constructor_WithNullConfig_ThrowsArgumentNullException" />
    </UnitTest>
    <UnitTest name="Aula.Tests.Services.OpenAiServiceTests.OpenAiService_GetChatInterfaceInstructions_ReturnsCorrectFormat(chatInterface: Slack)" storage="/mnt/d/git/aula/src/aula.tests/bin/debug/net9.0/aula.tests.dll" id="5990c772-e408-af8a-3293-cee12203cdcc">
      <Execution id="69a305c6-f34f-4fc5-8b8b-c17a6b82b7f8" />
      <TestMethod codeBase="/mnt/d/git/aula/src/Aula.Tests/bin/Debug/net9.0/Aula.Tests.dll" adapterTypeName="executor://xunit/VsTestRunner2/netcoreapp" className="Aula.Tests.Services.OpenAiServiceTests" name="OpenAiService_GetChatInterfaceInstructions_ReturnsCorrectFormat" />
    </UnitTest>
    <UnitTest name="Aula.Tests.Scheduling.SchedulingServiceIntegrationTests.Constructor_WithNullTelegramBot_AllowsNull" storage="/mnt/d/git/aula/src/aula.tests/bin/debug/net9.0/aula.tests.dll" id="efffcfd3-8ae4-cc7b-929a-37f206ad1981">
      <Execution id="a4790d94-9f11-4db9-9601-4182fb7d57db" />
      <TestMethod codeBase="/mnt/d/git/aula/src/Aula.Tests/bin/Debug/net9.0/Aula.Tests.dll" adapterTypeName="executor://xunit/VsTestRunner2/netcoreapp" className="Aula.Tests.Scheduling.SchedulingServiceIntegrationTests" name="Constructor_WithNullTelegramBot_AllowsNull" />
    </UnitTest>
    <UnitTest name="Aula.Tests.Bots.TelegramMessageHandlerTests.Constructor_WithNullReminderHandler_ThrowsArgumentNullException" storage="/mnt/d/git/aula/src/aula.tests/bin/debug/net9.0/aula.tests.dll" id="58e104c6-e504-07c5-0909-f689fdb330d3">
      <Execution id="83fc2b18-4a33-4dc1-bfa2-a3f9fad2027d" />
      <TestMethod codeBase="/mnt/d/git/aula/src/Aula.Tests/bin/Debug/net9.0/Aula.Tests.dll" adapterTypeName="executor://xunit/VsTestRunner2/netcoreapp" className="Aula.Tests.Bots.TelegramMessageHandlerTests" name="Constructor_WithNullReminderHandler_ThrowsArgumentNullException" />
    </UnitTest>
    <UnitTest name="Aula.Tests.Utilities.FollowUpQuestionDetectorTests.IsFollowUpQuestion_WithPunctuationAroundChildName_WorksCorrectly(input: &quot;Emma!&quot;)" storage="/mnt/d/git/aula/src/aula.tests/bin/debug/net9.0/aula.tests.dll" id="9833abbf-2b3b-4c95-cc5f-ce17c418fcd0">
      <Execution id="64ac8e3a-d0e9-475f-9463-436c73507e5c" />
      <TestMethod codeBase="/mnt/d/git/aula/src/Aula.Tests/bin/Debug/net9.0/Aula.Tests.dll" adapterTypeName="executor://xunit/VsTestRunner2/netcoreapp" className="Aula.Tests.Utilities.FollowUpQuestionDetectorTests" name="IsFollowUpQuestion_WithPunctuationAroundChildName_WorksCorrectly" />
    </UnitTest>
    <UnitTest name="Aula.Tests.Integration.AgentServiceTests.AskQuestionAboutWeekLetterAsync_CallsOpenAiService" storage="/mnt/d/git/aula/src/aula.tests/bin/debug/net9.0/aula.tests.dll" id="c64fd3ef-a83e-8804-d6d0-9d8e2ff29cc2">
      <Execution id="3875d8fc-1539-4c60-860d-565588062706" />
      <TestMethod codeBase="/mnt/d/git/aula/src/Aula.Tests/bin/Debug/net9.0/Aula.Tests.dll" adapterTypeName="executor://xunit/VsTestRunner2/netcoreapp" className="Aula.Tests.Integration.AgentServiceTests" name="AskQuestionAboutWeekLetterAsync_CallsOpenAiService" />
    </UnitTest>
    <UnitTest name="Aula.Tests.Bots.SlackInteractiveBotTests.PostWeekLetter_WithValidData_PostsSuccessfully" storage="/mnt/d/git/aula/src/aula.tests/bin/debug/net9.0/aula.tests.dll" id="1ce865d9-57c4-31f9-0333-820160e71698">
      <Execution id="0e2ef2ee-e9ae-46a2-a86a-0f7940132503" />
      <TestMethod codeBase="/mnt/d/git/aula/src/Aula.Tests/bin/Debug/net9.0/Aula.Tests.dll" adapterTypeName="executor://xunit/VsTestRunner2/netcoreapp" className="Aula.Tests.Bots.SlackInteractiveBotTests" name="PostWeekLetter_WithValidData_PostsSuccessfully" />
    </UnitTest>
    <UnitTest name="Aula.Tests.Configuration.ConfigurationTests.Timers_AdaptivePollingLimits_ValidationTests(minSeconds: 0, maxSeconds: 30, isValid: False)" storage="/mnt/d/git/aula/src/aula.tests/bin/debug/net9.0/aula.tests.dll" id="06bd4992-c8ee-1a40-f2c9-75f9e0d2a1aa">
      <Execution id="bf1f43f7-c3a9-4384-a6b6-780643483057" />
      <TestMethod codeBase="/mnt/d/git/aula/src/Aula.Tests/bin/Debug/net9.0/Aula.Tests.dll" adapterTypeName="executor://xunit/VsTestRunner2/netcoreapp" className="Aula.Tests.Configuration.ConfigurationTests" name="Timers_AdaptivePollingLimits_ValidationTests" />
    </UnitTest>
    <UnitTest name="Aula.Tests.Scheduling.SchedulingServiceTests.StartAsync_WithValidSetup_DoesNotThrow" storage="/mnt/d/git/aula/src/aula.tests/bin/debug/net9.0/aula.tests.dll" id="9ae1ca23-2201-2b3b-6785-ee5758dfd92c">
      <Execution id="31fa7263-82ac-4b3f-b456-c00813d40afa" />
      <TestMethod codeBase="/mnt/d/git/aula/src/Aula.Tests/bin/Debug/net9.0/Aula.Tests.dll" adapterTypeName="executor://xunit/VsTestRunner2/netcoreapp" className="Aula.Tests.Scheduling.SchedulingServiceTests" name="StartAsync_WithValidSetup_DoesNotThrow" />
    </UnitTest>
    <UnitTest name="Aula.Tests.Channels.TelegramClientTests.PostWeekLetter_WithEmptyWeekLetter_HandlesGracefully" storage="/mnt/d/git/aula/src/aula.tests/bin/debug/net9.0/aula.tests.dll" id="ab63d831-8e5f-0400-01ad-bd4bb81aa871">
      <Execution id="57f530c1-3209-45cd-a6cf-e2ff02eebf65" />
      <TestMethod codeBase="/mnt/d/git/aula/src/Aula.Tests/bin/Debug/net9.0/Aula.Tests.dll" adapterTypeName="executor://xunit/VsTestRunner2/netcoreapp" className="Aula.Tests.Channels.TelegramClientTests" name="PostWeekLetter_WithEmptyWeekLetter_HandlesGracefully" />
    </UnitTest>
    <UnitTest name="Aula.Tests.Utilities.Html2SlackMarkdownConverterTests.Convert_WithMixedContentAndTags_ProcessesCorrectly" storage="/mnt/d/git/aula/src/aula.tests/bin/debug/net9.0/aula.tests.dll" id="4aa54f00-5a60-e1ca-de86-bd0d6c5bb993">
      <Execution id="acdde4dd-249e-4af4-9384-cda0e14bf2ff" />
      <TestMethod codeBase="/mnt/d/git/aula/src/Aula.Tests/bin/Debug/net9.0/Aula.Tests.dll" adapterTypeName="executor://xunit/VsTestRunner2/netcoreapp" className="Aula.Tests.Utilities.Html2SlackMarkdownConverterTests" name="Convert_WithMixedContentAndTags_ProcessesCorrectly" />
    </UnitTest>
    <UnitTest name="Aula.Tests.Utilities.ConversationContextManagerTests.UpdateContext_WithValidInput_CreatesNewContext" storage="/mnt/d/git/aula/src/aula.tests/bin/debug/net9.0/aula.tests.dll" id="ac6ebb8c-c327-57cd-3af5-aa07fb4edc14">
      <Execution id="9c699c5b-03fc-4a55-a19e-8ceb4f687afc" />
      <TestMethod codeBase="/mnt/d/git/aula/src/Aula.Tests/bin/Debug/net9.0/Aula.Tests.dll" adapterTypeName="executor://xunit/VsTestRunner2/netcoreapp" className="Aula.Tests.Utilities.ConversationContextManagerTests" name="UpdateContext_WithValidInput_CreatesNewContext" />
    </UnitTest>
    <UnitTest name="Aula.Tests.Bots.TelegramInteractiveBotTests.ComputeHash_WithDifferentInputs_ReturnsConsistentHashes(input: &quot;Test content 1&quot;)" storage="/mnt/d/git/aula/src/aula.tests/bin/debug/net9.0/aula.tests.dll" id="df7802a4-febc-831e-f0c4-67bb20909f69">
      <Execution id="ad0d1302-9c3b-48d9-a94b-c89f94091ebb" />
      <TestMethod codeBase="/mnt/d/git/aula/src/Aula.Tests/bin/Debug/net9.0/Aula.Tests.dll" adapterTypeName="executor://xunit/VsTestRunner2/netcoreapp" className="Aula.Tests.Bots.TelegramInteractiveBotTests" name="ComputeHash_WithDifferentInputs_ReturnsConsistentHashes" />
    </UnitTest>
    <UnitTest name="Aula.Tests.Channels.TelegramClientTests.PostWeekLetter_WithVariousChildNames_HandlesCorrectly(firstName: &quot;Alice&quot;)" storage="/mnt/d/git/aula/src/aula.tests/bin/debug/net9.0/aula.tests.dll" id="7764d870-960a-e6a5-a9d1-b95db448a3be">
      <Execution id="d6e863f2-a165-40c3-be7f-a6cf8badc5a7" />
      <TestMethod codeBase="/mnt/d/git/aula/src/Aula.Tests/bin/Debug/net9.0/Aula.Tests.dll" adapterTypeName="executor://xunit/VsTestRunner2/netcoreapp" className="Aula.Tests.Channels.TelegramClientTests" name="PostWeekLetter_WithVariousChildNames_HandlesCorrectly" />
    </UnitTest>
    <UnitTest name="Aula.Tests.Services.DataModelTests.PostedLetter_ContentHash_CanDetectChanges" storage="/mnt/d/git/aula/src/aula.tests/bin/debug/net9.0/aula.tests.dll" id="8058c27b-1352-027a-d929-43b2879c423e">
      <Execution id="c059b38a-29e9-41b3-82b6-a6ef6af2aafb" />
      <TestMethod codeBase="/mnt/d/git/aula/src/Aula.Tests/bin/Debug/net9.0/Aula.Tests.dll" adapterTypeName="executor://xunit/VsTestRunner2/netcoreapp" className="Aula.Tests.Services.DataModelTests" name="PostedLetter_ContentHash_CanDetectChanges" />
    </UnitTest>
    <UnitTest name="Aula.Tests.Utilities.JsonFormatterTests.Prettify_WithSpecialCharacters_HandlesCorrectly" storage="/mnt/d/git/aula/src/aula.tests/bin/debug/net9.0/aula.tests.dll" id="c3e880c3-27f7-ff6e-6cfa-d2f2112d61ec">
      <Execution id="07b2345b-7d0f-45d8-92e9-e1c929d9022f" />
      <TestMethod codeBase="/mnt/d/git/aula/src/Aula.Tests/bin/Debug/net9.0/Aula.Tests.dll" adapterTypeName="executor://xunit/VsTestRunner2/netcoreapp" className="Aula.Tests.Utilities.JsonFormatterTests" name="Prettify_WithSpecialCharacters_HandlesCorrectly" />
    </UnitTest>
    <UnitTest name="Aula.Tests.Bots.SlackMessageHandlerTests.Constructor_WithNullConversationContext_ThrowsArgumentNullException" storage="/mnt/d/git/aula/src/aula.tests/bin/debug/net9.0/aula.tests.dll" id="abcb3b7f-4c07-2d28-fb29-7bc03942e3cd">
      <Execution id="5d0e6e2b-b3b0-4b21-b118-74ca8f5f7e57" />
      <TestMethod codeBase="/mnt/d/git/aula/src/Aula.Tests/bin/Debug/net9.0/Aula.Tests.dll" adapterTypeName="executor://xunit/VsTestRunner2/netcoreapp" className="Aula.Tests.Bots.SlackMessageHandlerTests" name="Constructor_WithNullConversationContext_ThrowsArgumentNullException" />
    </UnitTest>
    <UnitTest name="Aula.Tests.Bots.SlackMessageHandlerTests.HandleMessageAsync_WithReminderCommand_CallsReminderHandler(reminderCommand: &quot;tilføj påmindelse&quot;)" storage="/mnt/d/git/aula/src/aula.tests/bin/debug/net9.0/aula.tests.dll" id="239a4cc1-6051-4648-1a72-a4dea208e744">
      <Execution id="c7b28d9e-93dd-42ec-aa49-eb15041f4416" />
      <TestMethod codeBase="/mnt/d/git/aula/src/Aula.Tests/bin/Debug/net9.0/Aula.Tests.dll" adapterTypeName="executor://xunit/VsTestRunner2/netcoreapp" className="Aula.Tests.Bots.SlackMessageHandlerTests" name="HandleMessageAsync_WithReminderCommand_CallsReminderHandler" />
    </UnitTest>
    <UnitTest name="Aula.Tests.Tools.AiToolsManagerTests.ListRemindersAsync_WithReminders_ReturnsFormattedList" storage="/mnt/d/git/aula/src/aula.tests/bin/debug/net9.0/aula.tests.dll" id="d40cf226-bdf8-6b6d-78c9-8bc50af04b77">
      <Execution id="e2c2ad33-92f3-498d-b9e6-2523f723022e" />
      <TestMethod codeBase="/mnt/d/git/aula/src/Aula.Tests/bin/Debug/net9.0/Aula.Tests.dll" adapterTypeName="executor://xunit/VsTestRunner2/netcoreapp" className="Aula.Tests.Tools.AiToolsManagerTests" name="ListRemindersAsync_WithReminders_ReturnsFormattedList" />
    </UnitTest>
    <UnitTest name="Aula.Tests.Tools.ReminderCommandHandlerTests.TryHandleReminderCommand_NonMatchingPatterns_ReturnsFalse(command: &quot;remind me tomorrow at eight that non-numeric time&quot;, isEnglish: True)" storage="/mnt/d/git/aula/src/aula.tests/bin/debug/net9.0/aula.tests.dll" id="3b4daf27-4450-ed7a-d4bb-142a6e1b0be0">
      <Execution id="bb3c73e1-703e-4efa-bac4-f0285ed2e167" />
      <TestMethod codeBase="/mnt/d/git/aula/src/Aula.Tests/bin/Debug/net9.0/Aula.Tests.dll" adapterTypeName="executor://xunit/VsTestRunner2/netcoreapp" className="Aula.Tests.Tools.ReminderCommandHandlerTests" name="TryHandleReminderCommand_NonMatchingPatterns_ReturnsFalse" />
    </UnitTest>
    <UnitTest name="Aula.Tests.Bots.TelegramInteractiveBotTests.ComputeHash_WithDifferentInputs_ReturnsConsistentHashes(input: &quot;Test content 2&quot;)" storage="/mnt/d/git/aula/src/aula.tests/bin/debug/net9.0/aula.tests.dll" id="0ff92f6a-cd59-c2b9-9aae-29a9878a50a7">
      <Execution id="6e64c5ad-643c-4258-a495-90f4d9f6c9e2" />
      <TestMethod codeBase="/mnt/d/git/aula/src/Aula.Tests/bin/Debug/net9.0/Aula.Tests.dll" adapterTypeName="executor://xunit/VsTestRunner2/netcoreapp" className="Aula.Tests.Bots.TelegramInteractiveBotTests" name="ComputeHash_WithDifferentInputs_ReturnsConsistentHashes" />
    </UnitTest>
    <UnitTest name="Aula.Tests.Utilities.Html2SlackMarkdownConverterTests.Convert_WithWhitespaceOnly_ReturnsEmptyString" storage="/mnt/d/git/aula/src/aula.tests/bin/debug/net9.0/aula.tests.dll" id="c6e23de6-051d-5068-efa9-0842275b05b2">
      <Execution id="1eec41f0-b2b5-4b95-945e-44dadfc774a9" />
      <TestMethod codeBase="/mnt/d/git/aula/src/Aula.Tests/bin/Debug/net9.0/Aula.Tests.dll" adapterTypeName="executor://xunit/VsTestRunner2/netcoreapp" className="Aula.Tests.Utilities.Html2SlackMarkdownConverterTests" name="Convert_WithWhitespaceOnly_ReturnsEmptyString" />
    </UnitTest>
    <UnitTest name="Aula.Tests.Utilities.FollowUpQuestionDetectorTests.IsFollowUpQuestion_WithDanishFollowUpPhrases_ReturnsTrue(input: &quot;og hvad med idag&quot;)" storage="/mnt/d/git/aula/src/aula.tests/bin/debug/net9.0/aula.tests.dll" id="9d0c2c94-02dc-7b10-0108-100d571e057e">
      <Execution id="3d5ba5f4-ee00-4b36-95b9-bed3c60d90f1" />
      <TestMethod codeBase="/mnt/d/git/aula/src/Aula.Tests/bin/Debug/net9.0/Aula.Tests.dll" adapterTypeName="executor://xunit/VsTestRunner2/netcoreapp" className="Aula.Tests.Utilities.FollowUpQuestionDetectorTests" name="IsFollowUpQuestion_WithDanishFollowUpPhrases_ReturnsTrue" />
    </UnitTest>
    <UnitTest name="Aula.Tests.Tools.ReminderCommandHandlerTests.TryHandleReminderCommand_DeleteReminder_ValidCommands_ReturnsSuccess(command: &quot;delete reminder 1&quot;, isEnglish: True, expectedId: 1)" storage="/mnt/d/git/aula/src/aula.tests/bin/debug/net9.0/aula.tests.dll" id="47018a2b-c5b5-f700-6399-75af9808bb33">
      <Execution id="4d120ca5-317f-45cf-8dc8-0331e8f7402a" />
      <TestMethod codeBase="/mnt/d/git/aula/src/Aula.Tests/bin/Debug/net9.0/Aula.Tests.dll" adapterTypeName="executor://xunit/VsTestRunner2/netcoreapp" className="Aula.Tests.Tools.ReminderCommandHandlerTests" name="TryHandleReminderCommand_DeleteReminder_ValidCommands_ReturnsSuccess" />
    </UnitTest>
    <UnitTest name="Aula.Tests.Utilities.DateTimeUtilitiesTests.GetDanishDayName_ValidDayOfWeek_ReturnsCorrectDanishName(dayOfWeek: Friday, expectedDanishName: &quot;fredag&quot;)" storage="/mnt/d/git/aula/src/aula.tests/bin/debug/net9.0/aula.tests.dll" id="3516f5e6-d761-9079-ee12-f11189d2dee7">
      <Execution id="9289b42a-202c-49b4-b2ef-03f000b01890" />
      <TestMethod codeBase="/mnt/d/git/aula/src/Aula.Tests/bin/Debug/net9.0/Aula.Tests.dll" adapterTypeName="executor://xunit/VsTestRunner2/netcoreapp" className="Aula.Tests.Utilities.DateTimeUtilitiesTests" name="GetDanishDayName_ValidDayOfWeek_ReturnsCorrectDanishName" />
    </UnitTest>
    <UnitTest name="Aula.Tests.Utilities.Html2SlackMarkdownConverterTests.Convert_WithInvalidHtml_HandlesGracefully" storage="/mnt/d/git/aula/src/aula.tests/bin/debug/net9.0/aula.tests.dll" id="533b2a5c-a19c-cf24-eb9a-f995ca4d2974">
      <Execution id="3d8b9415-94cc-48c7-907c-d232a973160b" />
      <TestMethod codeBase="/mnt/d/git/aula/src/Aula.Tests/bin/Debug/net9.0/Aula.Tests.dll" adapterTypeName="executor://xunit/VsTestRunner2/netcoreapp" className="Aula.Tests.Utilities.Html2SlackMarkdownConverterTests" name="Convert_WithInvalidHtml_HandlesGracefully" />
    </UnitTest>
    <UnitTest name="Aula.Tests.Configuration.ConfigurationTests.OpenAi_ConfigurationIsCorrect" storage="/mnt/d/git/aula/src/aula.tests/bin/debug/net9.0/aula.tests.dll" id="69c84318-c2ea-bbfb-2ff5-e086da7c5805">
      <Execution id="81de7348-d6d0-4940-ab16-668600c6b683" />
      <TestMethod codeBase="/mnt/d/git/aula/src/Aula.Tests/bin/Debug/net9.0/Aula.Tests.dll" adapterTypeName="executor://xunit/VsTestRunner2/netcoreapp" className="Aula.Tests.Configuration.ConfigurationTests" name="OpenAi_ConfigurationIsCorrect" />
    </UnitTest>
    <UnitTest name="Aula.Tests.Utilities.FollowUpQuestionDetectorTests.IsFollowUpQuestion_WithShortFollowUps_ReturnsTrue(input: &quot;OK&quot;)" storage="/mnt/d/git/aula/src/aula.tests/bin/debug/net9.0/aula.tests.dll" id="7badf018-cb0a-dbe2-46e3-595e2e7a967d">
      <Execution id="068ed596-ad0c-458b-8e0a-a3fc315bd153" />
      <TestMethod codeBase="/mnt/d/git/aula/src/Aula.Tests/bin/Debug/net9.0/Aula.Tests.dll" adapterTypeName="executor://xunit/VsTestRunner2/netcoreapp" className="Aula.Tests.Utilities.FollowUpQuestionDetectorTests" name="IsFollowUpQuestion_WithShortFollowUps_ReturnsTrue" />
    </UnitTest>
    <UnitTest name="Aula.Tests.Utilities.FollowUpQuestionDetectorTests.IsFollowUpQuestion_LogsCorrectlyForShortMessage" storage="/mnt/d/git/aula/src/aula.tests/bin/debug/net9.0/aula.tests.dll" id="a05ddd0e-e3f2-fb31-c2fd-f1f3b4b30fc1">
      <Execution id="f8738452-ada0-41e9-95ff-123862ad5423" />
      <TestMethod codeBase="/mnt/d/git/aula/src/Aula.Tests/bin/Debug/net9.0/Aula.Tests.dll" adapterTypeName="executor://xunit/VsTestRunner2/netcoreapp" className="Aula.Tests.Utilities.FollowUpQuestionDetectorTests" name="IsFollowUpQuestion_LogsCorrectlyForShortMessage" />
    </UnitTest>
    <UnitTest name="Aula.Tests.Bots.SlackMessageHandlerTests.Constructor_WithNullAgentService_ThrowsArgumentNullException" storage="/mnt/d/git/aula/src/aula.tests/bin/debug/net9.0/aula.tests.dll" id="40e04a6d-bef0-ec4b-8281-04b2775da565">
      <Execution id="e523e352-f410-4df5-a4cc-72042dff007a" />
      <TestMethod codeBase="/mnt/d/git/aula/src/Aula.Tests/bin/Debug/net9.0/Aula.Tests.dll" adapterTypeName="executor://xunit/VsTestRunner2/netcoreapp" className="Aula.Tests.Bots.SlackMessageHandlerTests" name="Constructor_WithNullAgentService_ThrowsArgumentNullException" />
    </UnitTest>
    <UnitTest name="Aula.Tests.Configuration.ConfigurationTests.Features_ConversationCacheExpiration_ValidationTests(minutes: 1440, isValid: True)" storage="/mnt/d/git/aula/src/aula.tests/bin/debug/net9.0/aula.tests.dll" id="06a6ce76-a492-790c-aa69-54dc6d92da0b">
      <Execution id="3f9705d9-ad00-471d-a397-82ce2b599ce4" />
      <TestMethod codeBase="/mnt/d/git/aula/src/Aula.Tests/bin/Debug/net9.0/Aula.Tests.dll" adapterTypeName="executor://xunit/VsTestRunner2/netcoreapp" className="Aula.Tests.Configuration.ConfigurationTests" name="Features_ConversationCacheExpiration_ValidationTests" />
    </UnitTest>
    <UnitTest name="Aula.Tests.Utilities.Html2SlackMarkdownConverterTests.Convert_WithSpecialCharacters_HandlesCorrectly" storage="/mnt/d/git/aula/src/aula.tests/bin/debug/net9.0/aula.tests.dll" id="c4c73275-60fb-43b0-eee6-93a19927e8fc">
      <Execution id="887ec728-489a-4a7c-9674-dfebd1e60cf2" />
      <TestMethod codeBase="/mnt/d/git/aula/src/Aula.Tests/bin/Debug/net9.0/Aula.Tests.dll" adapterTypeName="executor://xunit/VsTestRunner2/netcoreapp" className="Aula.Tests.Utilities.Html2SlackMarkdownConverterTests" name="Convert_WithSpecialCharacters_HandlesCorrectly" />
    </UnitTest>
    <UnitTest name="Aula.Tests.Configuration.ConfigurationTests.UniLogin_WithInvalidCredentials_HandlesGracefully(invalidValue: &quot;&quot;)" storage="/mnt/d/git/aula/src/aula.tests/bin/debug/net9.0/aula.tests.dll" id="5152246d-f0d9-3769-bfe5-e3d39d51e3bf">
      <Execution id="df29ff85-b87a-4a33-9317-2532cc76d78a" />
      <TestMethod codeBase="/mnt/d/git/aula/src/Aula.Tests/bin/Debug/net9.0/Aula.Tests.dll" adapterTypeName="executor://xunit/VsTestRunner2/netcoreapp" className="Aula.Tests.Configuration.ConfigurationTests" name="UniLogin_WithInvalidCredentials_HandlesGracefully" />
    </UnitTest>
    <UnitTest name="Aula.Tests.Tools.ReminderCommandHandlerTests.Constructor_WithNullSupabaseService_ThrowsArgumentNullException" storage="/mnt/d/git/aula/src/aula.tests/bin/debug/net9.0/aula.tests.dll" id="484a9c28-0cc9-95a2-990b-b9c28e6033e5">
      <Execution id="4670309a-35f7-41b2-a127-91bed2604c06" />
      <TestMethod codeBase="/mnt/d/git/aula/src/Aula.Tests/bin/Debug/net9.0/Aula.Tests.dll" adapterTypeName="executor://xunit/VsTestRunner2/netcoreapp" className="Aula.Tests.Tools.ReminderCommandHandlerTests" name="Constructor_WithNullSupabaseService_ThrowsArgumentNullException" />
    </UnitTest>
    <UnitTest name="Aula.Tests.Utilities.JsonFormatterTests.Prettify_WithInvalidJson_ThrowsJsonException" storage="/mnt/d/git/aula/src/aula.tests/bin/debug/net9.0/aula.tests.dll" id="809b830f-f032-72fe-7382-c6d2ac899d33">
      <Execution id="129174af-5558-4c2a-b50b-d272cea6e211" />
      <TestMethod codeBase="/mnt/d/git/aula/src/Aula.Tests/bin/Debug/net9.0/Aula.Tests.dll" adapterTypeName="executor://xunit/VsTestRunner2/netcoreapp" className="Aula.Tests.Utilities.JsonFormatterTests" name="Prettify_WithInvalidJson_ThrowsJsonException" />
    </UnitTest>
    <UnitTest name="Aula.Tests.Utilities.DateTimeUtilitiesTests.GetDanishDayName_ValidDayOfWeek_ReturnsLowercaseName(dayOfWeek: Thursday, expectedName: &quot;torsdag&quot;)" storage="/mnt/d/git/aula/src/aula.tests/bin/debug/net9.0/aula.tests.dll" id="d011f96b-d6c9-06f7-3372-df15e577854e">
      <Execution id="c387b435-d118-4b17-9188-af5dfcf21c59" />
      <TestMethod codeBase="/mnt/d/git/aula/src/Aula.Tests/bin/Debug/net9.0/Aula.Tests.dll" adapterTypeName="executor://xunit/VsTestRunner2/netcoreapp" className="Aula.Tests.Utilities.DateTimeUtilitiesTests" name="GetDanishDayName_ValidDayOfWeek_ReturnsLowercaseName" />
    </UnitTest>
    <UnitTest name="Aula.Tests.Utilities.Html2SlackMarkdownConverterTests.Convert_WithPartialTags_HandlesGracefully(html: &quot;&lt;div&gt;&lt;span&gt;&quot;)" storage="/mnt/d/git/aula/src/aula.tests/bin/debug/net9.0/aula.tests.dll" id="0ab78665-c1fa-a2ea-7265-e8996c3b56dd">
      <Execution id="78cb076b-09eb-41b2-a085-4dfab7aee08a" />
      <TestMethod codeBase="/mnt/d/git/aula/src/Aula.Tests/bin/Debug/net9.0/Aula.Tests.dll" adapterTypeName="executor://xunit/VsTestRunner2/netcoreapp" className="Aula.Tests.Utilities.Html2SlackMarkdownConverterTests" name="Convert_WithPartialTags_HandlesGracefully" />
    </UnitTest>
    <UnitTest name="Aula.Tests.Services.DataModelTests.ConfigChild_Properties_WorkCorrectly" storage="/mnt/d/git/aula/src/aula.tests/bin/debug/net9.0/aula.tests.dll" id="bf8de978-ede0-2334-cd93-70c2c792931f">
      <Execution id="4797f0a4-d550-413c-8329-bda0b2df6396" />
      <TestMethod codeBase="/mnt/d/git/aula/src/Aula.Tests/bin/Debug/net9.0/Aula.Tests.dll" adapterTypeName="executor://xunit/VsTestRunner2/netcoreapp" className="Aula.Tests.Services.DataModelTests" name="ConfigChild_Properties_WorkCorrectly" />
    </UnitTest>
    <UnitTest name="Aula.Tests.Services.DataModelTests.PostedLetter_WeekNumberValidation_ReturnsExpectedResult(weekNumber: 25, year: 2022, isValid: True)" storage="/mnt/d/git/aula/src/aula.tests/bin/debug/net9.0/aula.tests.dll" id="601e1164-bd7e-9e7d-f167-9c3fcbc6ad4f">
      <Execution id="129655f8-0d18-4f90-a804-d481b5397324" />
      <TestMethod codeBase="/mnt/d/git/aula/src/Aula.Tests/bin/Debug/net9.0/Aula.Tests.dll" adapterTypeName="executor://xunit/VsTestRunner2/netcoreapp" className="Aula.Tests.Services.DataModelTests" name="PostedLetter_WeekNumberValidation_ReturnsExpectedResult" />
    </UnitTest>
    <UnitTest name="Aula.Tests.Services.SupabaseServiceTests.ReminderData_WithValidParameters_AreValid" storage="/mnt/d/git/aula/src/aula.tests/bin/debug/net9.0/aula.tests.dll" id="14432cab-194a-d804-9f67-885b71746a71">
      <Execution id="7ae1d7f9-3735-488a-a8cf-112c5fc35b60" />
      <TestMethod codeBase="/mnt/d/git/aula/src/Aula.Tests/bin/Debug/net9.0/Aula.Tests.dll" adapterTypeName="executor://xunit/VsTestRunner2/netcoreapp" className="Aula.Tests.Services.SupabaseServiceTests" name="ReminderData_WithValidParameters_AreValid" />
    </UnitTest>
    <UnitTest name="Aula.Tests.Channels.TelegramClientTests.SendMessageToChannel_WithVariousChannelIds_DoesNotThrow(channelId: &quot;123456789&quot;)" storage="/mnt/d/git/aula/src/aula.tests/bin/debug/net9.0/aula.tests.dll" id="dcc46ccc-b814-743c-8b1c-539d1d47dc7f">
      <Execution id="0f986ba8-8a4d-485b-805c-18e0a4320e3e" />
      <TestMethod codeBase="/mnt/d/git/aula/src/Aula.Tests/bin/Debug/net9.0/Aula.Tests.dll" adapterTypeName="executor://xunit/VsTestRunner2/netcoreapp" className="Aula.Tests.Channels.TelegramClientTests" name="SendMessageToChannel_WithVariousChannelIds_DoesNotThrow" />
    </UnitTest>
    <UnitTest name="Aula.Tests.Channels.SlackBotTests.Constructor_WithWebhookUrl_CreatesInstance" storage="/mnt/d/git/aula/src/aula.tests/bin/debug/net9.0/aula.tests.dll" id="897f10c2-6c72-467e-5a23-7b3bebf70ffb">
      <Execution id="ed2acf47-893f-4ca7-a636-fe53d45f339d" />
      <TestMethod codeBase="/mnt/d/git/aula/src/Aula.Tests/bin/Debug/net9.0/Aula.Tests.dll" adapterTypeName="executor://xunit/VsTestRunner2/netcoreapp" className="Aula.Tests.Channels.SlackBotTests" name="Constructor_WithWebhookUrl_CreatesInstance" />
    </UnitTest>
    <UnitTest name="Aula.Tests.Utilities.IntentAnalysisPromptsTests.ToolExamples_ContainsRequiredKeys(key: &quot;INFORMATION_QUERY_DANISH&quot;)" storage="/mnt/d/git/aula/src/aula.tests/bin/debug/net9.0/aula.tests.dll" id="a3d75b2a-aedf-2885-f27f-a7945f978fce">
      <Execution id="260a8235-6acf-486e-adc2-982fc7cdd8e4" />
      <TestMethod codeBase="/mnt/d/git/aula/src/Aula.Tests/bin/Debug/net9.0/Aula.Tests.dll" adapterTypeName="executor://xunit/VsTestRunner2/netcoreapp" className="Aula.Tests.Utilities.IntentAnalysisPromptsTests" name="ToolExamples_ContainsRequiredKeys" />
    </UnitTest>
    <UnitTest name="Aula.Tests.Utilities.ConversationContextTests.IsStillValid_WithExactlyTenMinutesOld_ReturnsFalse" storage="/mnt/d/git/aula/src/aula.tests/bin/debug/net9.0/aula.tests.dll" id="d874f261-c1fd-d9d6-082a-e87a1ddb40d9">
      <Execution id="7fb302e3-30fd-4c39-b904-7b21c7fa47b6" />
      <TestMethod codeBase="/mnt/d/git/aula/src/Aula.Tests/bin/Debug/net9.0/Aula.Tests.dll" adapterTypeName="executor://xunit/VsTestRunner2/netcoreapp" className="Aula.Tests.Utilities.ConversationContextTests" name="IsStillValid_WithExactlyTenMinutesOld_ReturnsFalse" />
    </UnitTest>
    <UnitTest name="Aula.Tests.Utilities.JsonFormatterTests.Prettify_WithEmptyString_ReturnsNull" storage="/mnt/d/git/aula/src/aula.tests/bin/debug/net9.0/aula.tests.dll" id="85a1665e-7de4-7e52-079a-cc1001b34152">
      <Execution id="d15c63bb-6882-4bb0-891f-5d30cead64a9" />
      <TestMethod codeBase="/mnt/d/git/aula/src/Aula.Tests/bin/Debug/net9.0/Aula.Tests.dll" adapterTypeName="executor://xunit/VsTestRunner2/netcoreapp" className="Aula.Tests.Utilities.JsonFormatterTests" name="Prettify_WithEmptyString_ReturnsNull" />
    </UnitTest>
    <UnitTest name="Aula.Tests.Utilities.Html2SlackMarkdownConverterTests.Convert_WithPartialTags_HandlesGracefully(html: &quot;&lt;p&gt;&quot;)" storage="/mnt/d/git/aula/src/aula.tests/bin/debug/net9.0/aula.tests.dll" id="3a146d29-fbcb-fef0-8b31-74bf7ff2c627">
      <Execution id="163ee74e-1122-4209-8ed0-3d318712ddc3" />
      <TestMethod codeBase="/mnt/d/git/aula/src/Aula.Tests/bin/Debug/net9.0/Aula.Tests.dll" adapterTypeName="executor://xunit/VsTestRunner2/netcoreapp" className="Aula.Tests.Utilities.Html2SlackMarkdownConverterTests" name="Convert_WithPartialTags_HandlesGracefully" />
    </UnitTest>
    <UnitTest name="Aula.Tests.Tools.ReminderCommandHandlerTests.TryHandleReminderCommand_ListReminders_NoReminders_ReturnsNoRemindersMessage(command: &quot;vis påmindelser&quot;, isEnglish: False)" storage="/mnt/d/git/aula/src/aula.tests/bin/debug/net9.0/aula.tests.dll" id="02a94b2b-cd88-000b-7e1d-6fc58b3c673d">
      <Execution id="0bd2068a-7e0e-4b63-8fbf-98c57cbe287b" />
      <TestMethod codeBase="/mnt/d/git/aula/src/Aula.Tests/bin/Debug/net9.0/Aula.Tests.dll" adapterTypeName="executor://xunit/VsTestRunner2/netcoreapp" className="Aula.Tests.Tools.ReminderCommandHandlerTests" name="TryHandleReminderCommand_ListReminders_NoReminders_ReturnsNoRemindersMessage" />
    </UnitTest>
    <UnitTest name="Aula.Tests.Utilities.DateTimeUtilitiesTests.GetDanishDayName_AllValidDaysOfWeek_ReturnsUniqueNames" storage="/mnt/d/git/aula/src/aula.tests/bin/debug/net9.0/aula.tests.dll" id="ee53ce2c-fb8e-2870-2bec-d824ac6cea07">
      <Execution id="4682f9ed-85db-47e0-90b2-c4e8eab797be" />
      <TestMethod codeBase="/mnt/d/git/aula/src/Aula.Tests/bin/Debug/net9.0/Aula.Tests.dll" adapterTypeName="executor://xunit/VsTestRunner2/netcoreapp" className="Aula.Tests.Utilities.DateTimeUtilitiesTests" name="GetDanishDayName_AllValidDaysOfWeek_ReturnsUniqueNames" />
    </UnitTest>
    <UnitTest name="Aula.Tests.Tools.ReminderCommandHandlerTests.TryHandleReminderCommand_ChildNameExtraction_WorksCorrectly" storage="/mnt/d/git/aula/src/aula.tests/bin/debug/net9.0/aula.tests.dll" id="23a6aef7-0888-96c3-b39d-0a5a36447e0d">
      <Execution id="76ac47ec-7537-4564-9971-1988754115ae" />
      <TestMethod codeBase="/mnt/d/git/aula/src/Aula.Tests/bin/Debug/net9.0/Aula.Tests.dll" adapterTypeName="executor://xunit/VsTestRunner2/netcoreapp" className="Aula.Tests.Tools.ReminderCommandHandlerTests" name="TryHandleReminderCommand_ChildNameExtraction_WorksCorrectly" />
    </UnitTest>
    <UnitTest name="Aula.Tests.Utilities.ConversationContextManagerTests.GetContext_WithExpiredContext_ReturnsNullAndRemovesContext" storage="/mnt/d/git/aula/src/aula.tests/bin/debug/net9.0/aula.tests.dll" id="a774f8ba-9074-00fb-1dda-7e4eac4a4d85">
      <Execution id="9638f109-1348-4a77-9466-35dc399481be" />
      <TestMethod codeBase="/mnt/d/git/aula/src/Aula.Tests/bin/Debug/net9.0/Aula.Tests.dll" adapterTypeName="executor://xunit/VsTestRunner2/netcoreapp" className="Aula.Tests.Utilities.ConversationContextManagerTests" name="GetContext_WithExpiredContext_ReturnsNullAndRemovesContext" />
    </UnitTest>
    <UnitTest name="Aula.Tests.Services.DataModelTests.ScheduledTask_DefaultConstructor_InitializesCorrectly" storage="/mnt/d/git/aula/src/aula.tests/bin/debug/net9.0/aula.tests.dll" id="959fba83-0682-2e3d-51fe-2394f6f56bd3">
      <Execution id="878fe891-3995-4562-8add-54ac373e30c4" />
      <TestMethod codeBase="/mnt/d/git/aula/src/Aula.Tests/bin/Debug/net9.0/Aula.Tests.dll" adapterTypeName="executor://xunit/VsTestRunner2/netcoreapp" className="Aula.Tests.Services.DataModelTests" name="ScheduledTask_DefaultConstructor_InitializesCorrectly" />
    </UnitTest>
    <UnitTest name="Aula.Tests.Channels.SlackBotTests.SendTestMessage_WithMessage_DoesNotThrow" storage="/mnt/d/git/aula/src/aula.tests/bin/debug/net9.0/aula.tests.dll" id="e2cf5630-e05d-ce3d-d438-0bd261dc3937">
      <Execution id="ed7eb611-dde5-4f20-8465-c1d13085a939" />
      <TestMethod codeBase="/mnt/d/git/aula/src/Aula.Tests/bin/Debug/net9.0/Aula.Tests.dll" adapterTypeName="executor://xunit/VsTestRunner2/netcoreapp" className="Aula.Tests.Channels.SlackBotTests" name="SendTestMessage_WithMessage_DoesNotThrow" />
    </UnitTest>
    <UnitTest name="Aula.Tests.Tools.AiToolsManagerTests.ListRemindersAsync_WithNoReminders_ReturnsEmptyMessage" storage="/mnt/d/git/aula/src/aula.tests/bin/debug/net9.0/aula.tests.dll" id="b4f6ecd8-21d2-e463-3b8f-e414fa0d53d7">
      <Execution id="4dba5bb4-716d-410d-aa2b-44f12cbe21da" />
      <TestMethod codeBase="/mnt/d/git/aula/src/Aula.Tests/bin/Debug/net9.0/Aula.Tests.dll" adapterTypeName="executor://xunit/VsTestRunner2/netcoreapp" className="Aula.Tests.Tools.AiToolsManagerTests" name="ListRemindersAsync_WithNoReminders_ReturnsEmptyMessage" />
    </UnitTest>
    <UnitTest name="Aula.Tests.Tools.ReminderCommandHandlerTests.TryHandleReminderCommand_NonReminderCommands_ReturnsFalse(command: &quot;&quot;)" storage="/mnt/d/git/aula/src/aula.tests/bin/debug/net9.0/aula.tests.dll" id="aa19bf7f-6519-31e4-5b05-0e179c7693a0">
      <Execution id="20563b0e-eace-4dee-b10c-9c99d92c7499" />
      <TestMethod codeBase="/mnt/d/git/aula/src/Aula.Tests/bin/Debug/net9.0/Aula.Tests.dll" adapterTypeName="executor://xunit/VsTestRunner2/netcoreapp" className="Aula.Tests.Tools.ReminderCommandHandlerTests" name="TryHandleReminderCommand_NonReminderCommands_ReturnsFalse" />
    </UnitTest>
    <UnitTest name="Aula.Tests.Bots.SlackInteractiveBotTests.Dispose_WhenCalledMultipleTimes_DoesNotThrow" storage="/mnt/d/git/aula/src/aula.tests/bin/debug/net9.0/aula.tests.dll" id="e768bc44-6321-f6f0-33ea-0643e8c3f454">
      <Execution id="2bd7ab47-d43f-4e48-bb2a-93f82abea296" />
      <TestMethod codeBase="/mnt/d/git/aula/src/Aula.Tests/bin/Debug/net9.0/Aula.Tests.dll" adapterTypeName="executor://xunit/VsTestRunner2/netcoreapp" className="Aula.Tests.Bots.SlackInteractiveBotTests" name="Dispose_WhenCalledMultipleTimes_DoesNotThrow" />
    </UnitTest>
    <UnitTest name="Aula.Tests.Services.OpenAiServiceTests.OpenAiService_GetChatInterfaceInstructions_ReturnsCorrectFormat(chatInterface: Telegram)" storage="/mnt/d/git/aula/src/aula.tests/bin/debug/net9.0/aula.tests.dll" id="a418d5df-b5ee-5a85-99c0-157b60c43e4b">
      <Execution id="70a2c039-cace-44bc-b7e9-dcea8c246f9a" />
      <TestMethod codeBase="/mnt/d/git/aula/src/Aula.Tests/bin/Debug/net9.0/Aula.Tests.dll" adapterTypeName="executor://xunit/VsTestRunner2/netcoreapp" className="Aula.Tests.Services.OpenAiServiceTests" name="OpenAiService_GetChatInterfaceInstructions_ReturnsCorrectFormat" />
    </UnitTest>
    <UnitTest name="Aula.Tests.Configuration.ConfigurationTests.Features_ConversationCacheExpiration_ValidationTests(minutes: 60, isValid: True)" storage="/mnt/d/git/aula/src/aula.tests/bin/debug/net9.0/aula.tests.dll" id="dd05b666-876a-55fb-e7fc-780febc2a53a">
      <Execution id="f7b46506-46fb-4b22-bc04-8b805d35f83b" />
      <TestMethod codeBase="/mnt/d/git/aula/src/Aula.Tests/bin/Debug/net9.0/Aula.Tests.dll" adapterTypeName="executor://xunit/VsTestRunner2/netcoreapp" className="Aula.Tests.Configuration.ConfigurationTests" name="Features_ConversationCacheExpiration_ValidationTests" />
    </UnitTest>
    <UnitTest name="Aula.Tests.Bots.SlackMessageHandlerTests.HandleMessageAsync_WithReminderCommand_CallsReminderHandler(reminderCommand: &quot;vis påmindelser&quot;)" storage="/mnt/d/git/aula/src/aula.tests/bin/debug/net9.0/aula.tests.dll" id="753b01fb-135d-858f-b53c-7e32b4ede58e">
      <Execution id="edb21541-6ea1-4312-a823-5bb50b317f1c" />
      <TestMethod codeBase="/mnt/d/git/aula/src/Aula.Tests/bin/Debug/net9.0/Aula.Tests.dll" adapterTypeName="executor://xunit/VsTestRunner2/netcoreapp" className="Aula.Tests.Bots.SlackMessageHandlerTests" name="HandleMessageAsync_WithReminderCommand_CallsReminderHandler" />
    </UnitTest>
    <UnitTest name="Aula.Tests.Utilities.IntentAnalysisPromptsTests.ToolExamples_CoverExpectedUseCase(expectedKey: &quot;GET_CURRENT_TIME&quot;, queryPattern: &quot;time&quot;)" storage="/mnt/d/git/aula/src/aula.tests/bin/debug/net9.0/aula.tests.dll" id="88e9ac16-5b29-b780-b558-9573ebf5b489">
      <Execution id="1b1f340b-30f5-4cb1-8a0a-9eb6e5f5e1f4" />
      <TestMethod codeBase="/mnt/d/git/aula/src/Aula.Tests/bin/Debug/net9.0/Aula.Tests.dll" adapterTypeName="executor://xunit/VsTestRunner2/netcoreapp" className="Aula.Tests.Utilities.IntentAnalysisPromptsTests" name="ToolExamples_CoverExpectedUseCase" />
    </UnitTest>
    <UnitTest name="Aula.Tests.Tools.ReminderCommandHandlerTests.TryHandleReminderCommand_DeleteReminder_ValidCommands_ReturnsSuccess(command: &quot;slet påmindelse 456&quot;, isEnglish: False, expectedId: 456)" storage="/mnt/d/git/aula/src/aula.tests/bin/debug/net9.0/aula.tests.dll" id="c1d38bdc-38f6-c12c-a7df-652ec55b291d">
      <Execution id="078b038d-0d9d-4182-a003-dbe9c157e089" />
      <TestMethod codeBase="/mnt/d/git/aula/src/Aula.Tests/bin/Debug/net9.0/Aula.Tests.dll" adapterTypeName="executor://xunit/VsTestRunner2/netcoreapp" className="Aula.Tests.Tools.ReminderCommandHandlerTests" name="TryHandleReminderCommand_DeleteReminder_ValidCommands_ReturnsSuccess" />
    </UnitTest>
    <UnitTest name="Aula.Tests.Services.DataModelTests.RetryAttempt_DefaultConstructor_InitializesCorrectly" storage="/mnt/d/git/aula/src/aula.tests/bin/debug/net9.0/aula.tests.dll" id="67ae9fcb-a62e-08fc-97ed-d2d4f6f5c1d0">
      <Execution id="0f038691-0cd6-47dc-ba21-a4bd404ee854" />
      <TestMethod codeBase="/mnt/d/git/aula/src/Aula.Tests/bin/Debug/net9.0/Aula.Tests.dll" adapterTypeName="executor://xunit/VsTestRunner2/netcoreapp" className="Aula.Tests.Services.DataModelTests" name="RetryAttempt_DefaultConstructor_InitializesCorrectly" />
    </UnitTest>
    <UnitTest name="Aula.Tests.Scheduling.SchedulingServiceIntegrationTests.Constructor_WithNullSupabaseService_ThrowsArgumentNullException" storage="/mnt/d/git/aula/src/aula.tests/bin/debug/net9.0/aula.tests.dll" id="76c96ce4-9c6b-b4bb-96af-ca0f9adb2712">
      <Execution id="29044af6-e56f-4d87-b571-307376b3fc27" />
      <TestMethod codeBase="/mnt/d/git/aula/src/Aula.Tests/bin/Debug/net9.0/Aula.Tests.dll" adapterTypeName="executor://xunit/VsTestRunner2/netcoreapp" className="Aula.Tests.Scheduling.SchedulingServiceIntegrationTests" name="Constructor_WithNullSupabaseService_ThrowsArgumentNullException" />
    </UnitTest>
    <UnitTest name="Aula.Tests.Configuration.ConfigurationTests.UniLogin_WithInvalidCredentials_HandlesGracefully(invalidValue: null)" storage="/mnt/d/git/aula/src/aula.tests/bin/debug/net9.0/aula.tests.dll" id="eedd43d6-efa5-b90c-89ed-190e198315e6">
      <Execution id="3d7128e3-f5d3-4d81-bd68-c637ef11cf83" />
      <TestMethod codeBase="/mnt/d/git/aula/src/Aula.Tests/bin/Debug/net9.0/Aula.Tests.dll" adapterTypeName="executor://xunit/VsTestRunner2/netcoreapp" className="Aula.Tests.Configuration.ConfigurationTests" name="UniLogin_WithInvalidCredentials_HandlesGracefully" />
    </UnitTest>
    <UnitTest name="Aula.Tests.Configuration.ConfigurationTests.Slack_ChannelId_ValidationTests(channelId: &quot;@username&quot;, isValid: True)" storage="/mnt/d/git/aula/src/aula.tests/bin/debug/net9.0/aula.tests.dll" id="38a790b1-3578-8062-65d0-8c5f0243d8e8">
      <Execution id="aa8cc259-5220-452e-bfd5-e346139744cd" />
      <TestMethod codeBase="/mnt/d/git/aula/src/Aula.Tests/bin/Debug/net9.0/Aula.Tests.dll" adapterTypeName="executor://xunit/VsTestRunner2/netcoreapp" className="Aula.Tests.Configuration.ConfigurationTests" name="Slack_ChannelId_ValidationTests" />
    </UnitTest>
    <UnitTest name="Aula.Tests.Services.OpenAiServiceIntegrationTests.ExtractKeyInformationAsync_WithNullWeekLetter_ThrowsArgumentNullException(chatInterface: Slack)" storage="/mnt/d/git/aula/src/aula.tests/bin/debug/net9.0/aula.tests.dll" id="c5fc9185-4f89-2e18-7714-cfbda441e6cb">
      <Execution id="f4f8a90d-b9eb-4826-b273-7ee47fe7efb1" />
      <TestMethod codeBase="/mnt/d/git/aula/src/Aula.Tests/bin/Debug/net9.0/Aula.Tests.dll" adapterTypeName="executor://xunit/VsTestRunner2/netcoreapp" className="Aula.Tests.Services.OpenAiServiceIntegrationTests" name="ExtractKeyInformationAsync_WithNullWeekLetter_ThrowsArgumentNullException" />
    </UnitTest>
    <UnitTest name="Aula.Tests.Configuration.ConfigurationTests.Telegram_Token_ValidationTests(token: &quot;123456789:AABBCCDDEEFFGG&quot;, isValidFormat: True)" storage="/mnt/d/git/aula/src/aula.tests/bin/debug/net9.0/aula.tests.dll" id="ab9c2247-9b07-41d9-d47e-aa4942797b13">
      <Execution id="63e254b1-0232-4ed0-8c30-99274381a549" />
      <TestMethod codeBase="/mnt/d/git/aula/src/Aula.Tests/bin/Debug/net9.0/Aula.Tests.dll" adapterTypeName="executor://xunit/VsTestRunner2/netcoreapp" className="Aula.Tests.Configuration.ConfigurationTests" name="Telegram_Token_ValidationTests" />
    </UnitTest>
    <UnitTest name="Aula.Tests.Channels.TelegramClientTests.SendMessageToChannel_WithVariousMessages_DoesNotThrow(message: &quot;Message with &lt;b&gt;bold&lt;/b&gt; text&quot;)" storage="/mnt/d/git/aula/src/aula.tests/bin/debug/net9.0/aula.tests.dll" id="a2a7734b-7826-2e52-b732-ff373605efea">
      <Execution id="69161d43-a4ef-46d9-b5f8-52b023c8a515" />
      <TestMethod codeBase="/mnt/d/git/aula/src/Aula.Tests/bin/Debug/net9.0/Aula.Tests.dll" adapterTypeName="executor://xunit/VsTestRunner2/netcoreapp" className="Aula.Tests.Channels.TelegramClientTests" name="SendMessageToChannel_WithVariousMessages_DoesNotThrow" />
    </UnitTest>
    <UnitTest name="Aula.Tests.Bots.TelegramInteractiveBotTests.Constructor_WithMissingToken_ThrowsInvalidOperationException" storage="/mnt/d/git/aula/src/aula.tests/bin/debug/net9.0/aula.tests.dll" id="fabac3d5-e597-1339-6b46-1c0c67411388">
      <Execution id="45e3b57f-2d45-4056-99b9-cb60c8c03db0" />
      <TestMethod codeBase="/mnt/d/git/aula/src/Aula.Tests/bin/Debug/net9.0/Aula.Tests.dll" adapterTypeName="executor://xunit/VsTestRunner2/netcoreapp" className="Aula.Tests.Bots.TelegramInteractiveBotTests" name="Constructor_WithMissingToken_ThrowsInvalidOperationException" />
    </UnitTest>
    <UnitTest name="Aula.Tests.Services.OpenAiServiceTests.OpenAiService_ClearConversationHistory_WithContextKey_RemovesSpecificContext" storage="/mnt/d/git/aula/src/aula.tests/bin/debug/net9.0/aula.tests.dll" id="2e7985fe-e95f-8919-ba34-acd7bc78ecb7">
      <Execution id="4fa6f1a4-3f91-49fa-aaee-abdad3f1771f" />
      <TestMethod codeBase="/mnt/d/git/aula/src/Aula.Tests/bin/Debug/net9.0/Aula.Tests.dll" adapterTypeName="executor://xunit/VsTestRunner2/netcoreapp" className="Aula.Tests.Services.OpenAiServiceTests" name="OpenAiService_ClearConversationHistory_WithContextKey_RemovesSpecificContext" />
    </UnitTest>
    <UnitTest name="Aula.Tests.Configuration.ConfigurationTests.UniLogin_WithInvalidCredentials_HandlesGracefully(invalidValue: &quot;   &quot;)" storage="/mnt/d/git/aula/src/aula.tests/bin/debug/net9.0/aula.tests.dll" id="b561be64-3ebf-00d7-64e3-9853e17cbf13">
      <Execution id="d7b11e3e-a53f-42b4-b91b-224cdf490cc7" />
      <TestMethod codeBase="/mnt/d/git/aula/src/Aula.Tests/bin/Debug/net9.0/Aula.Tests.dll" adapterTypeName="executor://xunit/VsTestRunner2/netcoreapp" className="Aula.Tests.Configuration.ConfigurationTests" name="UniLogin_WithInvalidCredentials_HandlesGracefully" />
    </UnitTest>
    <UnitTest name="Aula.Tests.Channels.TelegramClientTests.Constructor_WithVariousTokens_DoesNotThrow(token: &quot;123456789:AABBCCDDEEFFGG&quot;)" storage="/mnt/d/git/aula/src/aula.tests/bin/debug/net9.0/aula.tests.dll" id="1e24c5cd-d42a-5c97-73c1-5f149820ea22">
      <Execution id="923b1448-1925-49c4-851b-fec61f14b91c" />
      <TestMethod codeBase="/mnt/d/git/aula/src/Aula.Tests/bin/Debug/net9.0/Aula.Tests.dll" adapterTypeName="executor://xunit/VsTestRunner2/netcoreapp" className="Aula.Tests.Channels.TelegramClientTests" name="Constructor_WithVariousTokens_DoesNotThrow" />
    </UnitTest>
    <UnitTest name="Aula.Tests.Configuration.ConfigurationTests.Telegram_ConfigurationIsCorrect" storage="/mnt/d/git/aula/src/aula.tests/bin/debug/net9.0/aula.tests.dll" id="c883d631-b915-c13f-0bbe-3400820e4ee3">
      <Execution id="4f59ecee-470c-46d1-929d-c4108443ccc6" />
      <TestMethod codeBase="/mnt/d/git/aula/src/Aula.Tests/bin/Debug/net9.0/Aula.Tests.dll" adapterTypeName="executor://xunit/VsTestRunner2/netcoreapp" className="Aula.Tests.Configuration.ConfigurationTests" name="Telegram_ConfigurationIsCorrect" />
    </UnitTest>
    <UnitTest name="Aula.Tests.Bots.TelegramMessageHandlerTests.Constructor_WithNullSupabaseService_ThrowsArgumentNullException" storage="/mnt/d/git/aula/src/aula.tests/bin/debug/net9.0/aula.tests.dll" id="465ed908-4041-5a87-afb1-27b6b5171191">
      <Execution id="1285909e-3abd-479f-b524-7be88c7dbcaa" />
      <TestMethod codeBase="/mnt/d/git/aula/src/Aula.Tests/bin/Debug/net9.0/Aula.Tests.dll" adapterTypeName="executor://xunit/VsTestRunner2/netcoreapp" className="Aula.Tests.Bots.TelegramMessageHandlerTests" name="Constructor_WithNullSupabaseService_ThrowsArgumentNullException" />
    </UnitTest>
    <UnitTest name="Aula.Tests.Bots.TelegramMessageHandlerTests.HandleMessageAsync_LogsMessageProcessing" storage="/mnt/d/git/aula/src/aula.tests/bin/debug/net9.0/aula.tests.dll" id="69f852cf-0b8d-bff9-6d2d-fced5fbdbaf2">
      <Execution id="6a9b8cd6-9666-4ee3-9240-979cd16dbf20" />
      <TestMethod codeBase="/mnt/d/git/aula/src/Aula.Tests/bin/Debug/net9.0/Aula.Tests.dll" adapterTypeName="executor://xunit/VsTestRunner2/netcoreapp" className="Aula.Tests.Bots.TelegramMessageHandlerTests" name="HandleMessageAsync_LogsMessageProcessing" />
    </UnitTest>
    <UnitTest name="Aula.Tests.Utilities.FollowUpQuestionDetectorTests.IsFollowUpQuestion_WithShortFollowUps_ReturnsTrue(input: &quot;ok&quot;)" storage="/mnt/d/git/aula/src/aula.tests/bin/debug/net9.0/aula.tests.dll" id="6a1bd5a3-33de-b670-1a8c-cceb0d8df72f">
      <Execution id="98da40a9-6683-4d9f-aa76-d0a94cab348a" />
      <TestMethod codeBase="/mnt/d/git/aula/src/Aula.Tests/bin/Debug/net9.0/Aula.Tests.dll" adapterTypeName="executor://xunit/VsTestRunner2/netcoreapp" className="Aula.Tests.Utilities.FollowUpQuestionDetectorTests" name="IsFollowUpQuestion_WithShortFollowUps_ReturnsTrue" />
    </UnitTest>
    <UnitTest name="Aula.Tests.Tools.ReminderCommandHandlerTests.TryHandleReminderCommand_DateParsing_DDMM_Format_WorksCorrectly" storage="/mnt/d/git/aula/src/aula.tests/bin/debug/net9.0/aula.tests.dll" id="d5b42656-f37b-3f98-9edc-5bd253352fc2">
      <Execution id="0f4e8240-ff7e-4a31-984a-2f371be0e2c3" />
      <TestMethod codeBase="/mnt/d/git/aula/src/Aula.Tests/bin/Debug/net9.0/Aula.Tests.dll" adapterTypeName="executor://xunit/VsTestRunner2/netcoreapp" className="Aula.Tests.Tools.ReminderCommandHandlerTests" name="TryHandleReminderCommand_DateParsing_DDMM_Format_WorksCorrectly" />
    </UnitTest>
    <UnitTest name="Aula.Tests.Services.OpenAiServiceTests.CreateTestWeekLetter_ReturnsValidJObject" storage="/mnt/d/git/aula/src/aula.tests/bin/debug/net9.0/aula.tests.dll" id="d4e0f652-1aa4-f1fd-46bf-006e98a6310b">
      <Execution id="1c59d726-a60b-4c3f-8c5a-2c516c1e156b" />
      <TestMethod codeBase="/mnt/d/git/aula/src/Aula.Tests/bin/Debug/net9.0/Aula.Tests.dll" adapterTypeName="executor://xunit/VsTestRunner2/netcoreapp" className="Aula.Tests.Services.OpenAiServiceTests" name="CreateTestWeekLetter_ReturnsValidJObject" />
    </UnitTest>
    <UnitTest name="Aula.Tests.Channels.SlackBotTests.PostWeekLetter_WithVariousChildNames_HandlesCorrectly(firstName: &quot;Alice&quot;)" storage="/mnt/d/git/aula/src/aula.tests/bin/debug/net9.0/aula.tests.dll" id="c22d3a06-485f-94be-2690-3f00833e186d">
      <Execution id="35051113-ea58-4051-bb81-2c16db84a358" />
      <TestMethod codeBase="/mnt/d/git/aula/src/Aula.Tests/bin/Debug/net9.0/Aula.Tests.dll" adapterTypeName="executor://xunit/VsTestRunner2/netcoreapp" className="Aula.Tests.Channels.SlackBotTests" name="PostWeekLetter_WithVariousChildNames_HandlesCorrectly" />
    </UnitTest>
    <UnitTest name="Aula.Tests.Scheduling.SchedulingServiceTests.StopAsync_AfterStart_DoesNotThrow" storage="/mnt/d/git/aula/src/aula.tests/bin/debug/net9.0/aula.tests.dll" id="273c2632-e8a7-4a3f-093e-3b4b8e141ef8">
      <Execution id="ff9d6779-0e81-44b9-bab2-7dee8c4a20f8" />
      <TestMethod codeBase="/mnt/d/git/aula/src/Aula.Tests/bin/Debug/net9.0/Aula.Tests.dll" adapterTypeName="executor://xunit/VsTestRunner2/netcoreapp" className="Aula.Tests.Scheduling.SchedulingServiceTests" name="StopAsync_AfterStart_DoesNotThrow" />
    </UnitTest>
    <UnitTest name="Aula.Tests.Utilities.DateTimeUtilitiesTests.GetDanishDayName_ValidDayOfWeek_ReturnsCorrectDanishName(dayOfWeek: Wednesday, expectedDanishName: &quot;onsdag&quot;)" storage="/mnt/d/git/aula/src/aula.tests/bin/debug/net9.0/aula.tests.dll" id="a68a27ee-ced5-7055-06ba-12f96958b28f">
      <Execution id="093cd3e4-16ad-4f18-9e21-9359d78c7f27" />
      <TestMethod codeBase="/mnt/d/git/aula/src/Aula.Tests/bin/Debug/net9.0/Aula.Tests.dll" adapterTypeName="executor://xunit/VsTestRunner2/netcoreapp" className="Aula.Tests.Utilities.DateTimeUtilitiesTests" name="GetDanishDayName_ValidDayOfWeek_ReturnsCorrectDanishName" />
    </UnitTest>
    <UnitTest name="Aula.Tests.Configuration.ConfigurationTests.Telegram_Token_ValidationTests(token: &quot;&quot;, isValidFormat: False)" storage="/mnt/d/git/aula/src/aula.tests/bin/debug/net9.0/aula.tests.dll" id="cc3765fc-8658-a464-43ae-5fa3b977b4d0">
      <Execution id="c519d1d6-7613-43b9-84fe-3163b7f1dd51" />
      <TestMethod codeBase="/mnt/d/git/aula/src/Aula.Tests/bin/Debug/net9.0/Aula.Tests.dll" adapterTypeName="executor://xunit/VsTestRunner2/netcoreapp" className="Aula.Tests.Configuration.ConfigurationTests" name="Telegram_Token_ValidationTests" />
    </UnitTest>
    <UnitTest name="Aula.Tests.Bots.TelegramMessageHandlerTests.Constructor_WithValidParameters_InitializesCorrectly" storage="/mnt/d/git/aula/src/aula.tests/bin/debug/net9.0/aula.tests.dll" id="8e7eb82c-6e6a-99e1-6a43-facf136e77c6">
      <Execution id="cc422853-941f-4400-9010-057942394496" />
      <TestMethod codeBase="/mnt/d/git/aula/src/Aula.Tests/bin/Debug/net9.0/Aula.Tests.dll" adapterTypeName="executor://xunit/VsTestRunner2/netcoreapp" className="Aula.Tests.Bots.TelegramMessageHandlerTests" name="Constructor_WithValidParameters_InitializesCorrectly" />
    </UnitTest>
    <UnitTest name="Aula.Tests.Tools.ReminderCommandHandlerTests.TryHandleReminderCommand_AddReminder_ValidFormats_ReturnsSuccess(command: &quot;husk mig i morgen kl 8:00 at Hans har Haver til ma&quot;···, isEnglish: False, expectedChildName: &quot;Hans Jensen&quot;)" storage="/mnt/d/git/aula/src/aula.tests/bin/debug/net9.0/aula.tests.dll" id="4ee66f1f-2049-9f7f-57aa-b27bb388f963">
      <Execution id="7aab4795-4aa2-4034-837a-78aefc3df374" />
      <TestMethod codeBase="/mnt/d/git/aula/src/Aula.Tests/bin/Debug/net9.0/Aula.Tests.dll" adapterTypeName="executor://xunit/VsTestRunner2/netcoreapp" className="Aula.Tests.Tools.ReminderCommandHandlerTests" name="TryHandleReminderCommand_AddReminder_ValidFormats_ReturnsSuccess" />
    </UnitTest>
    <UnitTest name="Aula.Tests.Tools.ReminderCommandHandlerTests.TryHandleReminderCommand_NonReminderCommands_ReturnsFalse(command: &quot;delete&quot;)" storage="/mnt/d/git/aula/src/aula.tests/bin/debug/net9.0/aula.tests.dll" id="216aea03-2265-1779-35c7-74f06eb76326">
      <Execution id="34951039-cdd3-4a7c-831b-4dd1c86e8ce2" />
      <TestMethod codeBase="/mnt/d/git/aula/src/Aula.Tests/bin/Debug/net9.0/Aula.Tests.dll" adapterTypeName="executor://xunit/VsTestRunner2/netcoreapp" className="Aula.Tests.Tools.ReminderCommandHandlerTests" name="TryHandleReminderCommand_NonReminderCommands_ReturnsFalse" />
    </UnitTest>
    <UnitTest name="Aula.Tests.Services.OpenAiServiceTests.OpenAiService_Constructor_WithNullApiKey_ThrowsException" storage="/mnt/d/git/aula/src/aula.tests/bin/debug/net9.0/aula.tests.dll" id="300a05eb-8716-d1e6-2195-bbd82e0c4f9b">
      <Execution id="631280b2-d348-4077-bccf-73e406043ba0" />
      <TestMethod codeBase="/mnt/d/git/aula/src/Aula.Tests/bin/Debug/net9.0/Aula.Tests.dll" adapterTypeName="executor://xunit/VsTestRunner2/netcoreapp" className="Aula.Tests.Services.OpenAiServiceTests" name="OpenAiService_Constructor_WithNullApiKey_ThrowsException" />
    </UnitTest>
    <UnitTest name="Aula.Tests.Utilities.ReminderExtractionPromptsTests.GetExtractionPrompt_WithDifferentMinuteOffsets_CalculatesCorrectly(minutes: 2)" storage="/mnt/d/git/aula/src/aula.tests/bin/debug/net9.0/aula.tests.dll" id="346b4860-00f1-33ec-a1a3-5d05cc730f69">
      <Execution id="1251bce9-82a2-4258-ad07-9172b0adb155" />
      <TestMethod codeBase="/mnt/d/git/aula/src/Aula.Tests/bin/Debug/net9.0/Aula.Tests.dll" adapterTypeName="executor://xunit/VsTestRunner2/netcoreapp" className="Aula.Tests.Utilities.ReminderExtractionPromptsTests" name="GetExtractionPrompt_WithDifferentMinuteOffsets_CalculatesCorrectly" />
    </UnitTest>
    <UnitTest name="Aula.Tests.Services.OpenAiServiceIntegrationTests.SummarizeWeekLetterAsync_WithNullWeekLetter_ThrowsArgumentNullException(chatInterface: Telegram)" storage="/mnt/d/git/aula/src/aula.tests/bin/debug/net9.0/aula.tests.dll" id="69d1c74a-49ac-9f2b-6362-7fb9e78b2a92">
      <Execution id="35d751b5-e6a9-4802-8bec-9c7eb979d25b" />
      <TestMethod codeBase="/mnt/d/git/aula/src/Aula.Tests/bin/Debug/net9.0/Aula.Tests.dll" adapterTypeName="executor://xunit/VsTestRunner2/netcoreapp" className="Aula.Tests.Services.OpenAiServiceIntegrationTests" name="SummarizeWeekLetterAsync_WithNullWeekLetter_ThrowsArgumentNullException" />
    </UnitTest>
    <UnitTest name="Aula.Tests.Utilities.JsonFormatterTests.Prettify_WithBooleanAndNull_PreservesTypes" storage="/mnt/d/git/aula/src/aula.tests/bin/debug/net9.0/aula.tests.dll" id="7461a5be-ee77-e379-ff74-051c3d53d9e0">
      <Execution id="cfb89ccd-3f20-4e12-8883-c92402e805d4" />
      <TestMethod codeBase="/mnt/d/git/aula/src/Aula.Tests/bin/Debug/net9.0/Aula.Tests.dll" adapterTypeName="executor://xunit/VsTestRunner2/netcoreapp" className="Aula.Tests.Utilities.JsonFormatterTests" name="Prettify_WithBooleanAndNull_PreservesTypes" />
    </UnitTest>
    <UnitTest name="Aula.Tests.Channels.SlackBotTests.Constructor_WithValidUrls_DoesNotThrow(webhookUrl: &quot;https://hooks.slack.com/test&quot;)" storage="/mnt/d/git/aula/src/aula.tests/bin/debug/net9.0/aula.tests.dll" id="abab0ca8-38d9-b46e-ed1a-a39f638f498e">
      <Execution id="71b995ef-982a-49b6-9fec-403824de74db" />
      <TestMethod codeBase="/mnt/d/git/aula/src/Aula.Tests/bin/Debug/net9.0/Aula.Tests.dll" adapterTypeName="executor://xunit/VsTestRunner2/netcoreapp" className="Aula.Tests.Channels.SlackBotTests" name="Constructor_WithValidUrls_DoesNotThrow" />
    </UnitTest>
    <UnitTest name="Aula.Tests.Channels.SlackBotTests.PostMessage_WithVariousMessages_DoesNotThrow(message: &quot;Message with *bold* and _italic_&quot;)" storage="/mnt/d/git/aula/src/aula.tests/bin/debug/net9.0/aula.tests.dll" id="4053e9a2-a689-a1a5-6da0-c7b491ae4105">
      <Execution id="7152d19b-dbcc-4f26-9497-08bea0d395c2" />
      <TestMethod codeBase="/mnt/d/git/aula/src/Aula.Tests/bin/Debug/net9.0/Aula.Tests.dll" adapterTypeName="executor://xunit/VsTestRunner2/netcoreapp" className="Aula.Tests.Channels.SlackBotTests" name="PostMessage_WithVariousMessages_DoesNotThrow" />
    </UnitTest>
    <UnitTest name="Aula.Tests.Utilities.FollowUpQuestionDetectorTests.IsFollowUpQuestion_WithPunctuationAroundChildName_WorksCorrectly(input: &quot;Emma,&quot;)" storage="/mnt/d/git/aula/src/aula.tests/bin/debug/net9.0/aula.tests.dll" id="18c82026-182f-6e23-4c30-ed576236aa7c">
      <Execution id="f798b0de-4d91-462f-b1b1-a7197ac7be8d" />
      <TestMethod codeBase="/mnt/d/git/aula/src/Aula.Tests/bin/Debug/net9.0/Aula.Tests.dll" adapterTypeName="executor://xunit/VsTestRunner2/netcoreapp" className="Aula.Tests.Utilities.FollowUpQuestionDetectorTests" name="IsFollowUpQuestion_WithPunctuationAroundChildName_WorksCorrectly" />
    </UnitTest>
    <UnitTest name="Aula.Tests.Services.SupabaseServiceTests.WeekLetterParameters_WithValidValues_AreInValidRange(childName: &quot;AnotherChild&quot;, weekNumber: 1, year: 2024)" storage="/mnt/d/git/aula/src/aula.tests/bin/debug/net9.0/aula.tests.dll" id="42449a83-52ee-ffac-180b-a8106bf3af88">
      <Execution id="4d6edb0d-079c-4e1e-abcf-b0ea839bc6da" />
      <TestMethod codeBase="/mnt/d/git/aula/src/Aula.Tests/bin/Debug/net9.0/Aula.Tests.dll" adapterTypeName="executor://xunit/VsTestRunner2/netcoreapp" className="Aula.Tests.Services.SupabaseServiceTests" name="WeekLetterParameters_WithValidValues_AreInValidRange" />
    </UnitTest>
    <UnitTest name="Aula.Tests.Scheduling.SchedulingServiceIntegrationTests.StopAsync_LogsInformationAndDoesNotThrow" storage="/mnt/d/git/aula/src/aula.tests/bin/debug/net9.0/aula.tests.dll" id="bf1816b2-91f9-1cf0-a850-7a59915a1d13">
      <Execution id="d8fffdfc-2cd1-4be4-b167-60ff4e6b6d8a" />
      <TestMethod codeBase="/mnt/d/git/aula/src/Aula.Tests/bin/Debug/net9.0/Aula.Tests.dll" adapterTypeName="executor://xunit/VsTestRunner2/netcoreapp" className="Aula.Tests.Scheduling.SchedulingServiceIntegrationTests" name="StopAsync_LogsInformationAndDoesNotThrow" />
    </UnitTest>
    <UnitTest name="Aula.Tests.Bots.TelegramMessageHandlerTests.HandleMessageAsync_WithValidQuery_ProcessesSuccessfully(queryText: &quot;What is Hans doing tomorrow?&quot;)" storage="/mnt/d/git/aula/src/aula.tests/bin/debug/net9.0/aula.tests.dll" id="b951eadc-9c68-489f-5265-7dd5da8c5458">
      <Execution id="b450dff3-de19-4cfc-aad0-ee1646db6499" />
      <TestMethod codeBase="/mnt/d/git/aula/src/Aula.Tests/bin/Debug/net9.0/Aula.Tests.dll" adapterTypeName="executor://xunit/VsTestRunner2/netcoreapp" className="Aula.Tests.Bots.TelegramMessageHandlerTests" name="HandleMessageAsync_WithValidQuery_ProcessesSuccessfully" />
    </UnitTest>
    <UnitTest name="Aula.Tests.Utilities.FollowUpQuestionDetectorTests.IsFollowUpQuestion_WithUnicodeChildNames_WorksCorrectly(input: &quot;Søren&quot;)" storage="/mnt/d/git/aula/src/aula.tests/bin/debug/net9.0/aula.tests.dll" id="19d5cf7b-2f75-2a41-694f-50c30d11f63c">
      <Execution id="254883cf-bc07-489e-8f71-8703d6bac338" />
      <TestMethod codeBase="/mnt/d/git/aula/src/Aula.Tests/bin/Debug/net9.0/Aula.Tests.dll" adapterTypeName="executor://xunit/VsTestRunner2/netcoreapp" className="Aula.Tests.Utilities.FollowUpQuestionDetectorTests" name="IsFollowUpQuestion_WithUnicodeChildNames_WorksCorrectly" />
    </UnitTest>
    <UnitTest name="Aula.Tests.Bots.TelegramInteractiveBotTests.ComputeHash_WithDifferentInputs_ReturnsDifferentHashes" storage="/mnt/d/git/aula/src/aula.tests/bin/debug/net9.0/aula.tests.dll" id="5e0ccfa9-e637-4242-b34b-1ae82226f894">
      <Execution id="1992297b-3a2f-4696-9720-6b1cd3b7b06e" />
      <TestMethod codeBase="/mnt/d/git/aula/src/Aula.Tests/bin/Debug/net9.0/Aula.Tests.dll" adapterTypeName="executor://xunit/VsTestRunner2/netcoreapp" className="Aula.Tests.Bots.TelegramInteractiveBotTests" name="ComputeHash_WithDifferentInputs_ReturnsDifferentHashes" />
    </UnitTest>
    <UnitTest name="Aula.Tests.Bots.TelegramMessageHandlerTests.HandleMessageAsync_WithEmptyText_ReturnsEarly" storage="/mnt/d/git/aula/src/aula.tests/bin/debug/net9.0/aula.tests.dll" id="e64ab231-01c1-e586-c097-a5bc789dc9e3">
      <Execution id="9ba69e2f-9edb-4888-8f6a-44ccfb7a1fae" />
      <TestMethod codeBase="/mnt/d/git/aula/src/Aula.Tests/bin/Debug/net9.0/Aula.Tests.dll" adapterTypeName="executor://xunit/VsTestRunner2/netcoreapp" className="Aula.Tests.Bots.TelegramMessageHandlerTests" name="HandleMessageAsync_WithEmptyText_ReturnsEarly" />
    </UnitTest>
    <UnitTest name="Aula.Tests.Utilities.FollowUpQuestionDetectorTests.IsFollowUpQuestion_WithStartingFollowUpWords_ReturnsTrue(input: &quot;og Emma&quot;)" storage="/mnt/d/git/aula/src/aula.tests/bin/debug/net9.0/aula.tests.dll" id="83b73832-4937-bb84-c164-437b53d65a63">
      <Execution id="c1edb658-d0f7-4a57-8cc4-e8592e2dac86" />
      <TestMethod codeBase="/mnt/d/git/aula/src/Aula.Tests/bin/Debug/net9.0/Aula.Tests.dll" adapterTypeName="executor://xunit/VsTestRunner2/netcoreapp" className="Aula.Tests.Utilities.FollowUpQuestionDetectorTests" name="IsFollowUpQuestion_WithStartingFollowUpWords_ReturnsTrue" />
    </UnitTest>
    <UnitTest name="Aula.Tests.Bots.TelegramInteractiveBotTests.Constructor_WithNullAgentService_ThrowsArgumentNullException" storage="/mnt/d/git/aula/src/aula.tests/bin/debug/net9.0/aula.tests.dll" id="03bbc808-1107-fcc9-1fac-bc3ec3fc1e9f">
      <Execution id="1d3b6638-74b1-4cb3-a099-00f31d96cb00" />
      <TestMethod codeBase="/mnt/d/git/aula/src/Aula.Tests/bin/Debug/net9.0/Aula.Tests.dll" adapterTypeName="executor://xunit/VsTestRunner2/netcoreapp" className="Aula.Tests.Bots.TelegramInteractiveBotTests" name="Constructor_WithNullAgentService_ThrowsArgumentNullException" />
    </UnitTest>
    <UnitTest name="Aula.Tests.Bots.TelegramInteractiveBotTests.Constructor_WithNullConfig_ThrowsArgumentNullException" storage="/mnt/d/git/aula/src/aula.tests/bin/debug/net9.0/aula.tests.dll" id="cb05154c-9d2c-0c1f-d5d8-19063e23db2a">
      <Execution id="4e9a1f13-bfb8-4961-8e92-75f1aa163376" />
      <TestMethod codeBase="/mnt/d/git/aula/src/Aula.Tests/bin/Debug/net9.0/Aula.Tests.dll" adapterTypeName="executor://xunit/VsTestRunner2/netcoreapp" className="Aula.Tests.Bots.TelegramInteractiveBotTests" name="Constructor_WithNullConfig_ThrowsArgumentNullException" />
    </UnitTest>
    <UnitTest name="Aula.Tests.Utilities.WeekLetterContentExtractorTests.ExtractContent_Dynamic_WithValidData_ReturnsContent" storage="/mnt/d/git/aula/src/aula.tests/bin/debug/net9.0/aula.tests.dll" id="967c7597-5e79-4d07-d160-f7fa685685a7">
      <Execution id="22779c2a-6768-485e-8a31-7388ee886138" />
      <TestMethod codeBase="/mnt/d/git/aula/src/Aula.Tests/bin/Debug/net9.0/Aula.Tests.dll" adapterTypeName="executor://xunit/VsTestRunner2/netcoreapp" className="Aula.Tests.Utilities.WeekLetterContentExtractorTests" name="ExtractContent_Dynamic_WithValidData_ReturnsContent" />
    </UnitTest>
    <UnitTest name="Aula.Tests.Channels.TelegramClientTests.PostWeekLetter_WithDisabledTelegram_ReturnsFalse" storage="/mnt/d/git/aula/src/aula.tests/bin/debug/net9.0/aula.tests.dll" id="350fb660-314c-786b-3d6b-541a0971c807">
      <Execution id="e029e5b5-0977-4644-8896-8b578156c7b0" />
      <TestMethod codeBase="/mnt/d/git/aula/src/Aula.Tests/bin/Debug/net9.0/Aula.Tests.dll" adapterTypeName="executor://xunit/VsTestRunner2/netcoreapp" className="Aula.Tests.Channels.TelegramClientTests" name="PostWeekLetter_WithDisabledTelegram_ReturnsFalse" />
    </UnitTest>
    <UnitTest name="Aula.Tests.Utilities.FollowUpQuestionDetectorTests.IsFollowUpQuestion_WithChildNameAndTimeReference_ReturnsFalse(input: &quot;Liam i morgen&quot;)" storage="/mnt/d/git/aula/src/aula.tests/bin/debug/net9.0/aula.tests.dll" id="3a33635c-4486-cf0b-99ea-c9804c518ad6">
      <Execution id="e1cd7f8b-3d57-4f6c-9331-0502a2d2d84b" />
      <TestMethod codeBase="/mnt/d/git/aula/src/Aula.Tests/bin/Debug/net9.0/Aula.Tests.dll" adapterTypeName="executor://xunit/VsTestRunner2/netcoreapp" className="Aula.Tests.Utilities.FollowUpQuestionDetectorTests" name="IsFollowUpQuestion_WithChildNameAndTimeReference_ReturnsFalse" />
    </UnitTest>
    <UnitTest name="Aula.Tests.Tools.AiToolsManagerTests.CreateReminderAsync_WithInvalidDateTime_ReturnsError" storage="/mnt/d/git/aula/src/aula.tests/bin/debug/net9.0/aula.tests.dll" id="f7da1efe-0e1f-7417-6453-93b658e98d53">
      <Execution id="c7f11f54-c5d6-41e2-a74e-8f68b3d009fc" />
      <TestMethod codeBase="/mnt/d/git/aula/src/Aula.Tests/bin/Debug/net9.0/Aula.Tests.dll" adapterTypeName="executor://xunit/VsTestRunner2/netcoreapp" className="Aula.Tests.Tools.AiToolsManagerTests" name="CreateReminderAsync_WithInvalidDateTime_ReturnsError" />
    </UnitTest>
    <UnitTest name="Aula.Tests.Utilities.ConversationContextManagerTests.ClearContext_WithExistingKey_RemovesContextAndLogs" storage="/mnt/d/git/aula/src/aula.tests/bin/debug/net9.0/aula.tests.dll" id="56429908-a484-10f8-38ca-b17d73119d7d">
      <Execution id="48ebe3f8-1000-40e2-9554-74d58ffd182b" />
      <TestMethod codeBase="/mnt/d/git/aula/src/Aula.Tests/bin/Debug/net9.0/Aula.Tests.dll" adapterTypeName="executor://xunit/VsTestRunner2/netcoreapp" className="Aula.Tests.Utilities.ConversationContextManagerTests" name="ClearContext_WithExistingKey_RemovesContextAndLogs" />
    </UnitTest>
    <UnitTest name="Aula.Tests.Bots.TelegramMessageHandlerTests.HandleMessageAsync_WithReminderCommand_CallsReminderHandler(reminderCommand: &quot;vis påmindelser&quot;)" storage="/mnt/d/git/aula/src/aula.tests/bin/debug/net9.0/aula.tests.dll" id="17d4fefb-2556-b281-a665-c9c732c99e79">
      <Execution id="ffac210a-b75a-4e66-8935-bd97ff6d5d10" />
      <TestMethod codeBase="/mnt/d/git/aula/src/Aula.Tests/bin/Debug/net9.0/Aula.Tests.dll" adapterTypeName="executor://xunit/VsTestRunner2/netcoreapp" className="Aula.Tests.Bots.TelegramMessageHandlerTests" name="HandleMessageAsync_WithReminderCommand_CallsReminderHandler" />
    </UnitTest>
    <UnitTest name="Aula.Tests.Bots.TelegramMessageHandlerTests.HandleMessageAsync_WithNullText_ReturnsEarly" storage="/mnt/d/git/aula/src/aula.tests/bin/debug/net9.0/aula.tests.dll" id="a91693fe-7a60-fb25-8c1a-3c9d5103f720">
      <Execution id="077b6cb8-81fe-40d6-a297-48386df7ac34" />
      <TestMethod codeBase="/mnt/d/git/aula/src/Aula.Tests/bin/Debug/net9.0/Aula.Tests.dll" adapterTypeName="executor://xunit/VsTestRunner2/netcoreapp" className="Aula.Tests.Bots.TelegramMessageHandlerTests" name="HandleMessageAsync_WithNullText_ReturnsEarly" />
    </UnitTest>
    <UnitTest name="Aula.Tests.Utilities.WeekLetterContentExtractorTests.ExtractContent_WithNullUgebreve_ReturnsEmptyString" storage="/mnt/d/git/aula/src/aula.tests/bin/debug/net9.0/aula.tests.dll" id="e93018a6-329d-1e6a-244e-75972e649bf3">
      <Execution id="6060cae8-6f5b-4ccb-8238-8466acee9c88" />
      <TestMethod codeBase="/mnt/d/git/aula/src/Aula.Tests/bin/Debug/net9.0/Aula.Tests.dll" adapterTypeName="executor://xunit/VsTestRunner2/netcoreapp" className="Aula.Tests.Utilities.WeekLetterContentExtractorTests" name="ExtractContent_WithNullUgebreve_ReturnsEmptyString" />
    </UnitTest>
    <UnitTest name="Aula.Tests.Channels.SlackBotTests.PostWeekLetter_WithMissingFields_HandlesGracefully" storage="/mnt/d/git/aula/src/aula.tests/bin/debug/net9.0/aula.tests.dll" id="2d48fc77-1867-a29b-eb07-2aeec9de2225">
      <Execution id="0bdd95d0-af16-46e5-81fd-95e525a76be9" />
      <TestMethod codeBase="/mnt/d/git/aula/src/Aula.Tests/bin/Debug/net9.0/Aula.Tests.dll" adapterTypeName="executor://xunit/VsTestRunner2/netcoreapp" className="Aula.Tests.Channels.SlackBotTests" name="PostWeekLetter_WithMissingFields_HandlesGracefully" />
    </UnitTest>
    <UnitTest name="Aula.Tests.Configuration.ConfigurationTests.Children_WithMultipleChildren_MaintainsOrder" storage="/mnt/d/git/aula/src/aula.tests/bin/debug/net9.0/aula.tests.dll" id="9c0e588a-866b-1517-e5d3-e54c7a4a3de2">
      <Execution id="fd28da37-e204-46fb-b3e5-5f3ef26d3dcf" />
      <TestMethod codeBase="/mnt/d/git/aula/src/Aula.Tests/bin/Debug/net9.0/Aula.Tests.dll" adapterTypeName="executor://xunit/VsTestRunner2/netcoreapp" className="Aula.Tests.Configuration.ConfigurationTests" name="Children_WithMultipleChildren_MaintainsOrder" />
    </UnitTest>
    <UnitTest name="Aula.Tests.Services.DataModelTests.Reminder_WithProperties_SetsCorrectly" storage="/mnt/d/git/aula/src/aula.tests/bin/debug/net9.0/aula.tests.dll" id="a3b592c0-7c51-7572-10a6-650c509f2a53">
      <Execution id="de503699-25fc-4a06-a31b-9122bd29409b" />
      <TestMethod codeBase="/mnt/d/git/aula/src/Aula.Tests/bin/Debug/net9.0/Aula.Tests.dll" adapterTypeName="executor://xunit/VsTestRunner2/netcoreapp" className="Aula.Tests.Services.DataModelTests" name="Reminder_WithProperties_SetsCorrectly" />
    </UnitTest>
    <UnitTest name="Aula.Tests.Utilities.FollowUpQuestionDetectorTests.IsFollowUpQuestion_WithEmptyChildrenList_HandlesSafely" storage="/mnt/d/git/aula/src/aula.tests/bin/debug/net9.0/aula.tests.dll" id="cf3ffd15-e77d-0064-8da1-70abe47d1342">
      <Execution id="29008237-9eea-4079-ab58-8484262cb715" />
      <TestMethod codeBase="/mnt/d/git/aula/src/Aula.Tests/bin/Debug/net9.0/Aula.Tests.dll" adapterTypeName="executor://xunit/VsTestRunner2/netcoreapp" className="Aula.Tests.Utilities.FollowUpQuestionDetectorTests" name="IsFollowUpQuestion_WithEmptyChildrenList_HandlesSafely" />
    </UnitTest>
    <UnitTest name="Aula.Tests.Channels.TelegramClientTests.SendMessageToChannel_WithVariousMessages_DoesNotThrow(message: &quot;Message with special chars: @#$%&quot;)" storage="/mnt/d/git/aula/src/aula.tests/bin/debug/net9.0/aula.tests.dll" id="d877f94f-066f-42a6-7d0d-fddcf50efb86">
      <Execution id="9746d75b-0645-4d8b-9f58-b25d0220c1bd" />
      <TestMethod codeBase="/mnt/d/git/aula/src/Aula.Tests/bin/Debug/net9.0/Aula.Tests.dll" adapterTypeName="executor://xunit/VsTestRunner2/netcoreapp" className="Aula.Tests.Channels.TelegramClientTests" name="SendMessageToChannel_WithVariousMessages_DoesNotThrow" />
    </UnitTest>
    <UnitTest name="Aula.Tests.Scheduling.SchedulingServiceIntegrationTests.StartStop_Sequence_WorksCorrectly" storage="/mnt/d/git/aula/src/aula.tests/bin/debug/net9.0/aula.tests.dll" id="c8f354e3-5f08-fa6e-54e5-16cf95052730">
      <Execution id="66537fa8-047c-4efe-b19b-1a9c726af2be" />
      <TestMethod codeBase="/mnt/d/git/aula/src/Aula.Tests/bin/Debug/net9.0/Aula.Tests.dll" adapterTypeName="executor://xunit/VsTestRunner2/netcoreapp" className="Aula.Tests.Scheduling.SchedulingServiceIntegrationTests" name="StartStop_Sequence_WorksCorrectly" />
    </UnitTest>
    <UnitTest name="Aula.Tests.Bots.TelegramInteractiveBotTests.Start_WithDisabledTelegram_LogsErrorAndReturns" storage="/mnt/d/git/aula/src/aula.tests/bin/debug/net9.0/aula.tests.dll" id="515b0adc-b2ee-305a-2e4a-324570128aec">
      <Execution id="4966fdf1-6568-4957-9f01-ae902642fb09" />
      <TestMethod codeBase="/mnt/d/git/aula/src/Aula.Tests/bin/Debug/net9.0/Aula.Tests.dll" adapterTypeName="executor://xunit/VsTestRunner2/netcoreapp" className="Aula.Tests.Bots.TelegramInteractiveBotTests" name="Start_WithDisabledTelegram_LogsErrorAndReturns" />
    </UnitTest>
    <UnitTest name="Aula.Tests.Utilities.FollowUpQuestionDetectorTests.IsFollowUpQuestion_WithShortFollowUps_ReturnsTrue(input: &quot;okay&quot;)" storage="/mnt/d/git/aula/src/aula.tests/bin/debug/net9.0/aula.tests.dll" id="0a67f5eb-9494-4a90-6e4a-75483ed48ca6">
      <Execution id="dbf96387-0c25-42fe-bc70-810831f47065" />
      <TestMethod codeBase="/mnt/d/git/aula/src/Aula.Tests/bin/Debug/net9.0/Aula.Tests.dll" adapterTypeName="executor://xunit/VsTestRunner2/netcoreapp" className="Aula.Tests.Utilities.FollowUpQuestionDetectorTests" name="IsFollowUpQuestion_WithShortFollowUps_ReturnsTrue" />
    </UnitTest>
    <UnitTest name="Aula.Tests.Utilities.WeekLetterContentExtractorTests.ExtractContent_WithException_ReturnsEmptyStringAndLogsError" storage="/mnt/d/git/aula/src/aula.tests/bin/debug/net9.0/aula.tests.dll" id="dd048ce7-9ba0-43b9-a761-2b11b4d7a6ad">
      <Execution id="f1246774-a07c-4122-b517-c2036d2634de" />
      <TestMethod codeBase="/mnt/d/git/aula/src/Aula.Tests/bin/Debug/net9.0/Aula.Tests.dll" adapterTypeName="executor://xunit/VsTestRunner2/netcoreapp" className="Aula.Tests.Utilities.WeekLetterContentExtractorTests" name="ExtractContent_WithException_ReturnsEmptyStringAndLogsError" />
    </UnitTest>
    <UnitTest name="Aula.Tests.Services.DataModelTests.Reminder_CreatedBy_HandlesValues(createdBy: &quot;user&quot;, shouldAccept: True)" storage="/mnt/d/git/aula/src/aula.tests/bin/debug/net9.0/aula.tests.dll" id="be0934fb-3e5b-c412-9765-2aa4cc2f45a7">
      <Execution id="1ca91e35-4bb2-4afd-9099-c937ab66fd16" />
      <TestMethod codeBase="/mnt/d/git/aula/src/Aula.Tests/bin/Debug/net9.0/Aula.Tests.dll" adapterTypeName="executor://xunit/VsTestRunner2/netcoreapp" className="Aula.Tests.Services.DataModelTests" name="Reminder_CreatedBy_HandlesValues" />
    </UnitTest>
    <UnitTest name="Aula.Tests.Utilities.ConversationContextTests.IsStillValid_WithExactlyNinePointNineMinutesOld_ReturnsTrue" storage="/mnt/d/git/aula/src/aula.tests/bin/debug/net9.0/aula.tests.dll" id="cb027f47-b453-181c-17af-774dbf3d917b">
      <Execution id="4a689860-1c82-41cd-a228-d8a07d7b055e" />
      <TestMethod codeBase="/mnt/d/git/aula/src/Aula.Tests/bin/Debug/net9.0/Aula.Tests.dll" adapterTypeName="executor://xunit/VsTestRunner2/netcoreapp" className="Aula.Tests.Utilities.ConversationContextTests" name="IsStillValid_WithExactlyNinePointNineMinutesOld_ReturnsTrue" />
    </UnitTest>
    <UnitTest name="Aula.Tests.Utilities.IntentAnalysisPromptsTests.AnalysisTemplate_ContainsAllToolActions" storage="/mnt/d/git/aula/src/aula.tests/bin/debug/net9.0/aula.tests.dll" id="4065d4aa-647e-7977-71b8-e3fe088d65f6">
      <Execution id="02ae85c6-2ad2-4f4a-a2cc-526af2f30593" />
      <TestMethod codeBase="/mnt/d/git/aula/src/Aula.Tests/bin/Debug/net9.0/Aula.Tests.dll" adapterTypeName="executor://xunit/VsTestRunner2/netcoreapp" className="Aula.Tests.Utilities.IntentAnalysisPromptsTests" name="AnalysisTemplate_ContainsAllToolActions" />
    </UnitTest>
    <UnitTest name="Aula.Tests.Scheduling.SchedulingServiceIntegrationTests.StartAsync_WhenCalled_LogsCorrectMessage" storage="/mnt/d/git/aula/src/aula.tests/bin/debug/net9.0/aula.tests.dll" id="9c588f7d-a367-036e-096a-5d287bfe9650">
      <Execution id="d346c896-b202-45ae-b043-a410093e655b" />
      <TestMethod codeBase="/mnt/d/git/aula/src/Aula.Tests/bin/Debug/net9.0/Aula.Tests.dll" adapterTypeName="executor://xunit/VsTestRunner2/netcoreapp" className="Aula.Tests.Scheduling.SchedulingServiceIntegrationTests" name="StartAsync_WhenCalled_LogsCorrectMessage" />
    </UnitTest>
    <UnitTest name="Aula.Tests.Tools.ReminderCommandHandlerTests.TryHandleReminderCommand_NonReminderCommands_ReturnsFalse(command: &quot;remind me&quot;)" storage="/mnt/d/git/aula/src/aula.tests/bin/debug/net9.0/aula.tests.dll" id="fef1bbd3-bec0-195c-f4d4-bbae6f5abedb">
      <Execution id="5b825382-6f61-4eed-8f7f-7c1f7fde490c" />
      <TestMethod codeBase="/mnt/d/git/aula/src/Aula.Tests/bin/Debug/net9.0/Aula.Tests.dll" adapterTypeName="executor://xunit/VsTestRunner2/netcoreapp" className="Aula.Tests.Tools.ReminderCommandHandlerTests" name="TryHandleReminderCommand_NonReminderCommands_ReturnsFalse" />
    </UnitTest>
    <UnitTest name="Aula.Tests.Utilities.Html2SlackMarkdownConverterTests.Convert_WithNullParentNodes_HandlesGracefully" storage="/mnt/d/git/aula/src/aula.tests/bin/debug/net9.0/aula.tests.dll" id="27883ffc-bfa0-e8a9-4fbc-9b88539fca09">
      <Execution id="f12774ec-79c5-456c-8cc2-ce3299071684" />
      <TestMethod codeBase="/mnt/d/git/aula/src/Aula.Tests/bin/Debug/net9.0/Aula.Tests.dll" adapterTypeName="executor://xunit/VsTestRunner2/netcoreapp" className="Aula.Tests.Utilities.Html2SlackMarkdownConverterTests" name="Convert_WithNullParentNodes_HandlesGracefully" />
    </UnitTest>
    <UnitTest name="Aula.Tests.Channels.TelegramClientTests.SendMessageToChannel_WithVariousChannelIds_DoesNotThrow(channelId: &quot;&quot;)" storage="/mnt/d/git/aula/src/aula.tests/bin/debug/net9.0/aula.tests.dll" id="99892231-84e1-33e1-e7f7-41ced0139b8b">
      <Execution id="57f5743a-a447-41e5-9abf-b2bc9bc15cee" />
      <TestMethod codeBase="/mnt/d/git/aula/src/Aula.Tests/bin/Debug/net9.0/Aula.Tests.dll" adapterTypeName="executor://xunit/VsTestRunner2/netcoreapp" className="Aula.Tests.Channels.TelegramClientTests" name="SendMessageToChannel_WithVariousChannelIds_DoesNotThrow" />
    </UnitTest>
    <UnitTest name="Aula.Tests.Bots.SlackMessageHandlerTests.HandleMessageAsync_WithValidQuery_ProcessesSuccessfully(queryText: &quot;Vis ugeplanen&quot;)" storage="/mnt/d/git/aula/src/aula.tests/bin/debug/net9.0/aula.tests.dll" id="348072bd-5799-593b-9354-a4cea37de12a">
      <Execution id="daf0d502-6764-4efb-a1f4-a5f1887a3fab" />
      <TestMethod codeBase="/mnt/d/git/aula/src/Aula.Tests/bin/Debug/net9.0/Aula.Tests.dll" adapterTypeName="executor://xunit/VsTestRunner2/netcoreapp" className="Aula.Tests.Bots.SlackMessageHandlerTests" name="HandleMessageAsync_WithValidQuery_ProcessesSuccessfully" />
    </UnitTest>
    <UnitTest name="Aula.Tests.Utilities.FollowUpQuestionDetectorTests.IsFollowUpQuestion_WithChildNameAndShortMessage_ReturnsTrue(input: &quot;Hansen&quot;)" storage="/mnt/d/git/aula/src/aula.tests/bin/debug/net9.0/aula.tests.dll" id="c97c4c52-e2e0-9997-1b1c-c40b6de0a67a">
      <Execution id="9972ae7e-e1db-4c15-9a02-0d1f8659f276" />
      <TestMethod codeBase="/mnt/d/git/aula/src/Aula.Tests/bin/Debug/net9.0/Aula.Tests.dll" adapterTypeName="executor://xunit/VsTestRunner2/netcoreapp" className="Aula.Tests.Utilities.FollowUpQuestionDetectorTests" name="IsFollowUpQuestion_WithChildNameAndShortMessage_ReturnsTrue" />
    </UnitTest>
    <UnitTest name="Aula.Tests.Utilities.IntentAnalysisPromptsTests.ToolExamples_CoverExpectedUseCase(expectedKey: &quot;DELETE_REMINDER&quot;, queryPattern: &quot;delete&quot;)" storage="/mnt/d/git/aula/src/aula.tests/bin/debug/net9.0/aula.tests.dll" id="471ccf46-b194-f558-fd6b-1d9d85ba4293">
      <Execution id="22d7bf00-dc21-4862-828a-e0a0c7a711a7" />
      <TestMethod codeBase="/mnt/d/git/aula/src/Aula.Tests/bin/Debug/net9.0/Aula.Tests.dll" adapterTypeName="executor://xunit/VsTestRunner2/netcoreapp" className="Aula.Tests.Utilities.IntentAnalysisPromptsTests" name="ToolExamples_CoverExpectedUseCase" />
    </UnitTest>
    <UnitTest name="Aula.Tests.Utilities.ReminderExtractionPromptsTests.GetExtractionPrompt_ContainsDateTimeFormatInstructions" storage="/mnt/d/git/aula/src/aula.tests/bin/debug/net9.0/aula.tests.dll" id="f4459af7-a3ce-b8ae-aafa-5bfa8a20da8c">
      <Execution id="fce0d47e-8211-4a0e-89b6-74418e01c536" />
      <TestMethod codeBase="/mnt/d/git/aula/src/Aula.Tests/bin/Debug/net9.0/Aula.Tests.dll" adapterTypeName="executor://xunit/VsTestRunner2/netcoreapp" className="Aula.Tests.Utilities.ReminderExtractionPromptsTests" name="GetExtractionPrompt_ContainsDateTimeFormatInstructions" />
    </UnitTest>
    <UnitTest name="Aula.Tests.Bots.TelegramMessageHandlerTests.HandleMessageAsync_WithHelpCommand_ProcessesHelpMessage(helpCommand: &quot;help&quot;)" storage="/mnt/d/git/aula/src/aula.tests/bin/debug/net9.0/aula.tests.dll" id="8454e79e-a056-bb6e-1db7-62ff01bf41c0">
      <Execution id="1f2dab94-41b4-4e18-b6c7-ef28c0fea011" />
      <TestMethod codeBase="/mnt/d/git/aula/src/Aula.Tests/bin/Debug/net9.0/Aula.Tests.dll" adapterTypeName="executor://xunit/VsTestRunner2/netcoreapp" className="Aula.Tests.Bots.TelegramMessageHandlerTests" name="HandleMessageAsync_WithHelpCommand_ProcessesHelpMessage" />
    </UnitTest>
    <UnitTest name="Aula.Tests.Channels.TelegramClientTests.PostWeekLetter_WithVariousChildNames_HandlesCorrectly(firstName: &quot;Søren Johannes&quot;)" storage="/mnt/d/git/aula/src/aula.tests/bin/debug/net9.0/aula.tests.dll" id="28097eda-a5f4-e6e6-7060-12e7665f3075">
      <Execution id="169421aa-b3ab-4541-9a90-36a04330245e" />
      <TestMethod codeBase="/mnt/d/git/aula/src/Aula.Tests/bin/Debug/net9.0/Aula.Tests.dll" adapterTypeName="executor://xunit/VsTestRunner2/netcoreapp" className="Aula.Tests.Channels.TelegramClientTests" name="PostWeekLetter_WithVariousChildNames_HandlesCorrectly" />
    </UnitTest>
    <UnitTest name="Aula.Tests.Utilities.WeekLetterContentExtractorTests.ExtractContent_Dynamic_WithEmptyArray_ReturnsEmptyString" storage="/mnt/d/git/aula/src/aula.tests/bin/debug/net9.0/aula.tests.dll" id="453c772e-3476-db11-1625-b8f0377bbbd8">
      <Execution id="de298098-a110-4134-b861-d703dcc99ae6" />
      <TestMethod codeBase="/mnt/d/git/aula/src/Aula.Tests/bin/Debug/net9.0/Aula.Tests.dll" adapterTypeName="executor://xunit/VsTestRunner2/netcoreapp" className="Aula.Tests.Utilities.WeekLetterContentExtractorTests" name="ExtractContent_Dynamic_WithEmptyArray_ReturnsEmptyString" />
    </UnitTest>
    <UnitTest name="Aula.Tests.Utilities.FollowUpQuestionDetectorTests.IsFollowUpQuestion_WithChildNameAndTimeReference_ReturnsFalse(input: &quot;Emma today&quot;)" storage="/mnt/d/git/aula/src/aula.tests/bin/debug/net9.0/aula.tests.dll" id="8646524a-5166-ca18-26db-7c128f59fc0d">
      <Execution id="4c978c91-c532-4cee-bd3f-441be22d45be" />
      <TestMethod codeBase="/mnt/d/git/aula/src/Aula.Tests/bin/Debug/net9.0/Aula.Tests.dll" adapterTypeName="executor://xunit/VsTestRunner2/netcoreapp" className="Aula.Tests.Utilities.FollowUpQuestionDetectorTests" name="IsFollowUpQuestion_WithChildNameAndTimeReference_ReturnsFalse" />
    </UnitTest>
    <UnitTest name="Aula.Tests.Scheduling.SchedulingServiceIntegrationTests.Constructor_WithValidParameters_InitializesCorrectly" storage="/mnt/d/git/aula/src/aula.tests/bin/debug/net9.0/aula.tests.dll" id="d9434b0b-f031-6aad-3c30-fb3e0d035dab">
      <Execution id="e78ad8aa-5528-4caa-8a45-8c8a84196fb7" />
      <TestMethod codeBase="/mnt/d/git/aula/src/Aula.Tests/bin/Debug/net9.0/Aula.Tests.dll" adapterTypeName="executor://xunit/VsTestRunner2/netcoreapp" className="Aula.Tests.Scheduling.SchedulingServiceIntegrationTests" name="Constructor_WithValidParameters_InitializesCorrectly" />
    </UnitTest>
    <UnitTest name="Aula.Tests.Utilities.WeekLetterContentExtractorTests.ExtractContent_Dynamic_WithMultipleUgebreve_ReturnsFirstContent" storage="/mnt/d/git/aula/src/aula.tests/bin/debug/net9.0/aula.tests.dll" id="4daab14e-239d-9692-7fbb-75ab5af4e5fe">
      <Execution id="320ff34c-2a7f-46a6-9f78-8edea1c9531c" />
      <TestMethod codeBase="/mnt/d/git/aula/src/Aula.Tests/bin/Debug/net9.0/Aula.Tests.dll" adapterTypeName="executor://xunit/VsTestRunner2/netcoreapp" className="Aula.Tests.Utilities.WeekLetterContentExtractorTests" name="ExtractContent_Dynamic_WithMultipleUgebreve_ReturnsFirstContent" />
    </UnitTest>
    <UnitTest name="Aula.Tests.Utilities.FollowUpQuestionDetectorTests.IsFollowUpQuestion_WithDanishFollowUpPhrases_ReturnsTrue(input: &quot;og?&quot;)" storage="/mnt/d/git/aula/src/aula.tests/bin/debug/net9.0/aula.tests.dll" id="cd39a17c-6fe1-e1b4-559a-d31518f5450f">
      <Execution id="15160489-b976-4448-ab90-44c4f5691477" />
      <TestMethod codeBase="/mnt/d/git/aula/src/Aula.Tests/bin/Debug/net9.0/Aula.Tests.dll" adapterTypeName="executor://xunit/VsTestRunner2/netcoreapp" className="Aula.Tests.Utilities.FollowUpQuestionDetectorTests" name="IsFollowUpQuestion_WithDanishFollowUpPhrases_ReturnsTrue" />
    </UnitTest>
    <UnitTest name="Aula.Tests.Channels.SlackBotTests.PostWeekLetter_WithVariousChildNames_HandlesCorrectly(firstName: &quot;&quot;)" storage="/mnt/d/git/aula/src/aula.tests/bin/debug/net9.0/aula.tests.dll" id="d3b4820e-3f6b-fc6c-04b8-e7cf49b0bad8">
      <Execution id="1181b509-2c48-476a-8414-c837918bdc84" />
      <TestMethod codeBase="/mnt/d/git/aula/src/Aula.Tests/bin/Debug/net9.0/Aula.Tests.dll" adapterTypeName="executor://xunit/VsTestRunner2/netcoreapp" className="Aula.Tests.Channels.SlackBotTests" name="PostWeekLetter_WithVariousChildNames_HandlesCorrectly" />
    </UnitTest>
    <UnitTest name="Aula.Tests.Configuration.ConfigurationTests.Timers_SchedulingInterval_ValidationTests(intervalSeconds: 1, isValid: True)" storage="/mnt/d/git/aula/src/aula.tests/bin/debug/net9.0/aula.tests.dll" id="93edf270-8e20-a2b4-17e8-86af34f9d544">
      <Execution id="7da1aa17-233a-4634-86a0-b08ea12c60a1" />
      <TestMethod codeBase="/mnt/d/git/aula/src/Aula.Tests/bin/Debug/net9.0/Aula.Tests.dll" adapterTypeName="executor://xunit/VsTestRunner2/netcoreapp" className="Aula.Tests.Configuration.ConfigurationTests" name="Timers_SchedulingInterval_ValidationTests" />
    </UnitTest>
    <UnitTest name="Aula.Tests.Utilities.DateTimeUtilitiesTests.GetDanishDayName_ValidDayOfWeek_ReturnsLowercaseName(dayOfWeek: Monday, expectedName: &quot;mandag&quot;)" storage="/mnt/d/git/aula/src/aula.tests/bin/debug/net9.0/aula.tests.dll" id="59b6be02-8191-f5a7-74ed-b8f44b1cda27">
      <Execution id="b0d5a16e-b7cc-40e6-98de-4dff68287a47" />
      <TestMethod codeBase="/mnt/d/git/aula/src/Aula.Tests/bin/Debug/net9.0/Aula.Tests.dll" adapterTypeName="executor://xunit/VsTestRunner2/netcoreapp" className="Aula.Tests.Utilities.DateTimeUtilitiesTests" name="GetDanishDayName_ValidDayOfWeek_ReturnsLowercaseName" />
    </UnitTest>
    <UnitTest name="Aula.Tests.Utilities.DateTimeUtilitiesTests.GetDanishDayName_InvalidDayOfWeek_ReturnsUnknownDay" storage="/mnt/d/git/aula/src/aula.tests/bin/debug/net9.0/aula.tests.dll" id="d3be5396-2e22-40ea-fb50-3295c468f33c">
      <Execution id="0fdf2dff-351d-4add-a55a-d50a86fc7db4" />
      <TestMethod codeBase="/mnt/d/git/aula/src/Aula.Tests/bin/Debug/net9.0/Aula.Tests.dll" adapterTypeName="executor://xunit/VsTestRunner2/netcoreapp" className="Aula.Tests.Utilities.DateTimeUtilitiesTests" name="GetDanishDayName_InvalidDayOfWeek_ReturnsUnknownDay" />
    </UnitTest>
    <UnitTest name="Aula.Tests.Utilities.JsonFormatterTests.Prettify_WithIncompleteJson_ThrowsException(incompleteJson: &quot;}&quot;)" storage="/mnt/d/git/aula/src/aula.tests/bin/debug/net9.0/aula.tests.dll" id="63cce41a-68ed-6ffe-d9f5-762e73c0e405">
      <Execution id="43eb0b96-aa87-4d4e-b410-b4e06045ee5e" />
      <TestMethod codeBase="/mnt/d/git/aula/src/Aula.Tests/bin/Debug/net9.0/Aula.Tests.dll" adapterTypeName="executor://xunit/VsTestRunner2/netcoreapp" className="Aula.Tests.Utilities.JsonFormatterTests" name="Prettify_WithIncompleteJson_ThrowsException" />
    </UnitTest>
    <UnitTest name="Aula.Tests.Tools.ReminderCommandHandlerTests.TryHandleReminderCommand_AddReminder_WithException_LogsErrorAndReturnsErrorMessage" storage="/mnt/d/git/aula/src/aula.tests/bin/debug/net9.0/aula.tests.dll" id="d0cf4523-20d9-e9c2-7e92-dc719d8bb4ef">
      <Execution id="2658dc1f-20f6-487c-8ba7-4c6f1a0a3480" />
      <TestMethod codeBase="/mnt/d/git/aula/src/Aula.Tests/bin/Debug/net9.0/Aula.Tests.dll" adapterTypeName="executor://xunit/VsTestRunner2/netcoreapp" className="Aula.Tests.Tools.ReminderCommandHandlerTests" name="TryHandleReminderCommand_AddReminder_WithException_LogsErrorAndReturnsErrorMessage" />
    </UnitTest>
    <UnitTest name="Aula.Tests.Utilities.IntentAnalysisPromptsTests.GetFormattedPrompt_WithSpecialCharacters_HandlesCorrectly" storage="/mnt/d/git/aula/src/aula.tests/bin/debug/net9.0/aula.tests.dll" id="e82068c0-6e0f-9139-e11b-135d1d5c14f8">
      <Execution id="a6fb0f92-e965-4dc4-9edd-42927b72b381" />
      <TestMethod codeBase="/mnt/d/git/aula/src/Aula.Tests/bin/Debug/net9.0/Aula.Tests.dll" adapterTypeName="executor://xunit/VsTestRunner2/netcoreapp" className="Aula.Tests.Utilities.IntentAnalysisPromptsTests" name="GetFormattedPrompt_WithSpecialCharacters_HandlesCorrectly" />
    </UnitTest>
    <UnitTest name="Aula.Tests.Utilities.FollowUpQuestionDetectorTests.IsFollowUpQuestion_WithoutFollowUpPhrases_ReturnsFalse(input: &quot;goodbye&quot;)" storage="/mnt/d/git/aula/src/aula.tests/bin/debug/net9.0/aula.tests.dll" id="67c18331-6034-9aef-22c0-19f657f72f8b">
      <Execution id="9a1778a5-015d-43b2-9153-7c84d94a553b" />
      <TestMethod codeBase="/mnt/d/git/aula/src/Aula.Tests/bin/Debug/net9.0/Aula.Tests.dll" adapterTypeName="executor://xunit/VsTestRunner2/netcoreapp" className="Aula.Tests.Utilities.FollowUpQuestionDetectorTests" name="IsFollowUpQuestion_WithoutFollowUpPhrases_ReturnsFalse" />
    </UnitTest>
    <UnitTest name="Aula.Tests.Services.DataModelTests.ScheduledTask_CronExpression_CanBeSet(cronExpression: &quot;0 9 * * 1-5&quot;, description: &quot;Daily at 9 AM on weekdays&quot;)" storage="/mnt/d/git/aula/src/aula.tests/bin/debug/net9.0/aula.tests.dll" id="d56dd742-e931-0f4c-26ba-408458db3851">
      <Execution id="35c08dab-cde9-4a3f-b040-76f685da9302" />
      <TestMethod codeBase="/mnt/d/git/aula/src/Aula.Tests/bin/Debug/net9.0/Aula.Tests.dll" adapterTypeName="executor://xunit/VsTestRunner2/netcoreapp" className="Aula.Tests.Services.DataModelTests" name="ScheduledTask_CronExpression_CanBeSet" />
    </UnitTest>
    <UnitTest name="Aula.Tests.Utilities.ReminderExtractionPromptsTests.GetExtractionPrompt_WithBasicQuery_ReturnsValidPrompt" storage="/mnt/d/git/aula/src/aula.tests/bin/debug/net9.0/aula.tests.dll" id="1db76d8f-f5a5-dcb7-9657-e7f194b55049">
      <Execution id="14afae48-88bc-475d-a540-3efb85d3456e" />
      <TestMethod codeBase="/mnt/d/git/aula/src/Aula.Tests/bin/Debug/net9.0/Aula.Tests.dll" adapterTypeName="executor://xunit/VsTestRunner2/netcoreapp" className="Aula.Tests.Utilities.ReminderExtractionPromptsTests" name="GetExtractionPrompt_WithBasicQuery_ReturnsValidPrompt" />
    </UnitTest>
    <UnitTest name="Aula.Tests.Bots.TelegramInteractiveBotTests.SendMessage_WithLongChatId_SendsSuccessfully(chatId: &quot;987654321&quot;)" storage="/mnt/d/git/aula/src/aula.tests/bin/debug/net9.0/aula.tests.dll" id="0a638305-142d-7de7-7f12-9a81aa636946">
      <Execution id="bdb645c7-7828-4ec1-b425-1140dbe2f973" />
      <TestMethod codeBase="/mnt/d/git/aula/src/Aula.Tests/bin/Debug/net9.0/Aula.Tests.dll" adapterTypeName="executor://xunit/VsTestRunner2/netcoreapp" className="Aula.Tests.Bots.TelegramInteractiveBotTests" name="SendMessage_WithLongChatId_SendsSuccessfully" />
    </UnitTest>
    <UnitTest name="Aula.Tests.Bots.SlackInteractiveBotTests.Constructor_WithNullConfig_ThrowsArgumentNullException" storage="/mnt/d/git/aula/src/aula.tests/bin/debug/net9.0/aula.tests.dll" id="fbb577ab-554c-1761-8b33-3b062d943c22">
      <Execution id="0e584aa9-b09c-4b16-a4d5-d7cd4699840f" />
      <TestMethod codeBase="/mnt/d/git/aula/src/Aula.Tests/bin/Debug/net9.0/Aula.Tests.dll" adapterTypeName="executor://xunit/VsTestRunner2/netcoreapp" className="Aula.Tests.Bots.SlackInteractiveBotTests" name="Constructor_WithNullConfig_ThrowsArgumentNullException" />
    </UnitTest>
    <UnitTest name="Aula.Tests.Utilities.WeekLetterContentExtractorTests.ExtractContent_WithNullIndhold_ReturnsEmptyString" storage="/mnt/d/git/aula/src/aula.tests/bin/debug/net9.0/aula.tests.dll" id="ecf7f37a-1b96-2a28-2d44-fb1c19988638">
      <Execution id="e4cd270e-77ec-4a0d-816c-2cb61e670167" />
      <TestMethod codeBase="/mnt/d/git/aula/src/Aula.Tests/bin/Debug/net9.0/Aula.Tests.dll" adapterTypeName="executor://xunit/VsTestRunner2/netcoreapp" className="Aula.Tests.Utilities.WeekLetterContentExtractorTests" name="ExtractContent_WithNullIndhold_ReturnsEmptyString" />
    </UnitTest>
    <UnitTest name="Aula.Tests.Utilities.ReminderExtractionPromptsTests.GetExtractionPrompt_ContainsNextMondayExample" storage="/mnt/d/git/aula/src/aula.tests/bin/debug/net9.0/aula.tests.dll" id="a8634532-96d4-4e33-4b5e-145495f036bc">
      <Execution id="936fe624-c7f0-42e4-a3e5-7ed912537a39" />
      <TestMethod codeBase="/mnt/d/git/aula/src/Aula.Tests/bin/Debug/net9.0/Aula.Tests.dll" adapterTypeName="executor://xunit/VsTestRunner2/netcoreapp" className="Aula.Tests.Utilities.ReminderExtractionPromptsTests" name="GetExtractionPrompt_ContainsNextMondayExample" />
    </UnitTest>
    <UnitTest name="Aula.Tests.Services.OpenAiServiceIntegrationTests.ProcessQueryWithToolsAsync_WithInvalidContextKey_ThrowsArgumentException(contextKey: &quot;&quot;)" storage="/mnt/d/git/aula/src/aula.tests/bin/debug/net9.0/aula.tests.dll" id="2743fc93-743c-aff9-2200-095476b17025">
      <Execution id="0949f631-d4cc-4c5b-9b0a-3c1cc3e8ef25" />
      <TestMethod codeBase="/mnt/d/git/aula/src/Aula.Tests/bin/Debug/net9.0/Aula.Tests.dll" adapterTypeName="executor://xunit/VsTestRunner2/netcoreapp" className="Aula.Tests.Services.OpenAiServiceIntegrationTests" name="ProcessQueryWithToolsAsync_WithInvalidContextKey_ThrowsArgumentException" />
    </UnitTest>
    <UnitTest name="Aula.Tests.Tools.ReminderCommandHandlerTests.TryHandleReminderCommand_NonReminderCommands_ReturnsFalse(command: &quot;hello world&quot;)" storage="/mnt/d/git/aula/src/aula.tests/bin/debug/net9.0/aula.tests.dll" id="f09b7cd5-4ae8-422c-8772-5a55d24c9ade">
      <Execution id="01bbac84-3cfb-4865-a80a-11895f7a025a" />
      <TestMethod codeBase="/mnt/d/git/aula/src/Aula.Tests/bin/Debug/net9.0/Aula.Tests.dll" adapterTypeName="executor://xunit/VsTestRunner2/netcoreapp" className="Aula.Tests.Tools.ReminderCommandHandlerTests" name="TryHandleReminderCommand_NonReminderCommands_ReturnsFalse" />
    </UnitTest>
    <UnitTest name="Aula.Tests.Utilities.DateTimeUtilitiesTests.GetDanishDayName_ValidDayOfWeek_ReturnsLowercaseName(dayOfWeek: Sunday, expectedName: &quot;søndag&quot;)" storage="/mnt/d/git/aula/src/aula.tests/bin/debug/net9.0/aula.tests.dll" id="adb49f16-3736-24f6-5b1f-837b780eb877">
      <Execution id="b75012a9-37e5-4844-a628-ca28944138bb" />
      <TestMethod codeBase="/mnt/d/git/aula/src/Aula.Tests/bin/Debug/net9.0/Aula.Tests.dll" adapterTypeName="executor://xunit/VsTestRunner2/netcoreapp" className="Aula.Tests.Utilities.DateTimeUtilitiesTests" name="GetDanishDayName_ValidDayOfWeek_ReturnsLowercaseName" />
    </UnitTest>
    <UnitTest name="Aula.Tests.Configuration.ConfigurationTests.Features_ConfigurationIsCorrect" storage="/mnt/d/git/aula/src/aula.tests/bin/debug/net9.0/aula.tests.dll" id="97bda861-62f2-bba1-c598-127d5142019e">
      <Execution id="ed719bd6-98ac-40ef-9f48-1f0e69cb6f81" />
      <TestMethod codeBase="/mnt/d/git/aula/src/Aula.Tests/bin/Debug/net9.0/Aula.Tests.dll" adapterTypeName="executor://xunit/VsTestRunner2/netcoreapp" className="Aula.Tests.Configuration.ConfigurationTests" name="Features_ConfigurationIsCorrect" />
    </UnitTest>
    <UnitTest name="Aula.Tests.Channels.SlackBotTests.PushWeekLetter_WithEmptyWeekLetter_DoesNotThrow" storage="/mnt/d/git/aula/src/aula.tests/bin/debug/net9.0/aula.tests.dll" id="436baaef-6812-fc4c-4b87-6c9a6f9e3e55">
      <Execution id="84b8a5c8-e69f-49ce-b47b-9f273ad8aeec" />
      <TestMethod codeBase="/mnt/d/git/aula/src/Aula.Tests/bin/Debug/net9.0/Aula.Tests.dll" adapterTypeName="executor://xunit/VsTestRunner2/netcoreapp" className="Aula.Tests.Channels.SlackBotTests" name="PushWeekLetter_WithEmptyWeekLetter_DoesNotThrow" />
    </UnitTest>
    <UnitTest name="Aula.Tests.Utilities.IntentAnalysisPromptsTests.ToolExamples_ContainsRequiredKeys(key: &quot;GET_CURRENT_TIME_DANISH&quot;)" storage="/mnt/d/git/aula/src/aula.tests/bin/debug/net9.0/aula.tests.dll" id="cb85d1d7-f37e-7a0d-4571-db193adf7955">
      <Execution id="cb5d3e4f-8b22-48ee-a67f-e3355f4cc112" />
      <TestMethod codeBase="/mnt/d/git/aula/src/Aula.Tests/bin/Debug/net9.0/Aula.Tests.dll" adapterTypeName="executor://xunit/VsTestRunner2/netcoreapp" className="Aula.Tests.Utilities.IntentAnalysisPromptsTests" name="ToolExamples_ContainsRequiredKeys" />
    </UnitTest>
    <UnitTest name="Aula.Tests.Services.DataServiceTests.CacheWeekLetter_StoresDataInCache" storage="/mnt/d/git/aula/src/aula.tests/bin/debug/net9.0/aula.tests.dll" id="a6c6eedb-804b-f291-bd53-e5fa9809816a">
      <Execution id="6a98f0c4-0285-4a2b-b4d0-92d8aa1cd438" />
      <TestMethod codeBase="/mnt/d/git/aula/src/Aula.Tests/bin/Debug/net9.0/Aula.Tests.dll" adapterTypeName="executor://xunit/VsTestRunner2/netcoreapp" className="Aula.Tests.Services.DataServiceTests" name="CacheWeekLetter_StoresDataInCache" />
    </UnitTest>
    <UnitTest name="Aula.Tests.Utilities.DateTimeUtilitiesTests.GetDanishDayName_ValidDayOfWeek_ReturnsLowercaseName(dayOfWeek: Saturday, expectedName: &quot;lørdag&quot;)" storage="/mnt/d/git/aula/src/aula.tests/bin/debug/net9.0/aula.tests.dll" id="44a05eee-eae2-643d-4997-e4bad6b31a71">
      <Execution id="da624e96-76a8-4f55-819d-acec854cf2eb" />
      <TestMethod codeBase="/mnt/d/git/aula/src/Aula.Tests/bin/Debug/net9.0/Aula.Tests.dll" adapterTypeName="executor://xunit/VsTestRunner2/netcoreapp" className="Aula.Tests.Utilities.DateTimeUtilitiesTests" name="GetDanishDayName_ValidDayOfWeek_ReturnsLowercaseName" />
    </UnitTest>
    <UnitTest name="Aula.Tests.Bots.TelegramMessageHandlerTests.HandleMessageAsync_WithReminderCommand_CallsReminderHandler(reminderCommand: &quot;tilføj påmindelse&quot;)" storage="/mnt/d/git/aula/src/aula.tests/bin/debug/net9.0/aula.tests.dll" id="83b59476-a7fb-56e8-b97b-0e902d31cd18">
      <Execution id="1cac6896-ec46-41eb-9a0a-07a31255a53b" />
      <TestMethod codeBase="/mnt/d/git/aula/src/Aula.Tests/bin/Debug/net9.0/Aula.Tests.dll" adapterTypeName="executor://xunit/VsTestRunner2/netcoreapp" className="Aula.Tests.Bots.TelegramMessageHandlerTests" name="HandleMessageAsync_WithReminderCommand_CallsReminderHandler" />
    </UnitTest>
    <UnitTest name="Aula.Tests.Utilities.IntentAnalysisPromptsTests.AnalysisTemplate_ContainsRequiredPlaceholders" storage="/mnt/d/git/aula/src/aula.tests/bin/debug/net9.0/aula.tests.dll" id="3114fd40-71ce-994b-9259-eabf8239901e">
      <Execution id="a034ae43-c5bf-4e63-835c-bc36e2c585fa" />
      <TestMethod codeBase="/mnt/d/git/aula/src/Aula.Tests/bin/Debug/net9.0/Aula.Tests.dll" adapterTypeName="executor://xunit/VsTestRunner2/netcoreapp" className="Aula.Tests.Utilities.IntentAnalysisPromptsTests" name="AnalysisTemplate_ContainsRequiredPlaceholders" />
    </UnitTest>
    <UnitTest name="Aula.Tests.Bots.SlackInteractiveBotTests.Stop_WhenCalled_LogsInformation" storage="/mnt/d/git/aula/src/aula.tests/bin/debug/net9.0/aula.tests.dll" id="117ddc28-dcc8-243a-b2bd-3d83692ecb26">
      <Execution id="b9de6d44-7825-4c62-9b9e-72e8cef9cbaf" />
      <TestMethod codeBase="/mnt/d/git/aula/src/Aula.Tests/bin/Debug/net9.0/Aula.Tests.dll" adapterTypeName="executor://xunit/VsTestRunner2/netcoreapp" className="Aula.Tests.Bots.SlackInteractiveBotTests" name="Stop_WhenCalled_LogsInformation" />
    </UnitTest>
    <UnitTest name="Aula.Tests.Tools.AiToolsManagerTests.CreateReminderAsync_WithMissingChildName_CreatesGeneralReminder" storage="/mnt/d/git/aula/src/aula.tests/bin/debug/net9.0/aula.tests.dll" id="5f18de16-3031-4e46-e632-27368e418f95">
      <Execution id="d4407afa-4d48-4f36-99f7-d7f84b8d15b8" />
      <TestMethod codeBase="/mnt/d/git/aula/src/Aula.Tests/bin/Debug/net9.0/Aula.Tests.dll" adapterTypeName="executor://xunit/VsTestRunner2/netcoreapp" className="Aula.Tests.Tools.AiToolsManagerTests" name="CreateReminderAsync_WithMissingChildName_CreatesGeneralReminder" />
    </UnitTest>
    <UnitTest name="Aula.Tests.Tools.AiToolsManagerTests.DeleteReminderAsync_WithValidNumber_DeletesReminder" storage="/mnt/d/git/aula/src/aula.tests/bin/debug/net9.0/aula.tests.dll" id="cffbdb32-a5ce-3149-2be9-2e224df2f82b">
      <Execution id="2eb43417-e373-4a5f-a3ce-8377069f337c" />
      <TestMethod codeBase="/mnt/d/git/aula/src/Aula.Tests/bin/Debug/net9.0/Aula.Tests.dll" adapterTypeName="executor://xunit/VsTestRunner2/netcoreapp" className="Aula.Tests.Tools.AiToolsManagerTests" name="DeleteReminderAsync_WithValidNumber_DeletesReminder" />
    </UnitTest>
    <UnitTest name="Aula.Tests.Configuration.ConfigurationTests.Features_ConversationCacheExpiration_ValidationTests(minutes: -1, isValid: False)" storage="/mnt/d/git/aula/src/aula.tests/bin/debug/net9.0/aula.tests.dll" id="14b493ec-1bcb-50f5-9528-914b1e27347a">
      <Execution id="5423554e-16f3-41e3-9a70-011f04f51ca4" />
      <TestMethod codeBase="/mnt/d/git/aula/src/Aula.Tests/bin/Debug/net9.0/Aula.Tests.dll" adapterTypeName="executor://xunit/VsTestRunner2/netcoreapp" className="Aula.Tests.Configuration.ConfigurationTests" name="Features_ConversationCacheExpiration_ValidationTests" />
    </UnitTest>
    <UnitTest name="Aula.Tests.Scheduling.SchedulingServiceIntegrationTests.StopAsync_WithoutStart_DoesNotThrow" storage="/mnt/d/git/aula/src/aula.tests/bin/debug/net9.0/aula.tests.dll" id="51d4bf94-02a4-6db7-00c2-b23d3d85cac5">
      <Execution id="348f16c8-dc5a-4b57-bbbe-daaa13f8fc90" />
      <TestMethod codeBase="/mnt/d/git/aula/src/Aula.Tests/bin/Debug/net9.0/Aula.Tests.dll" adapterTypeName="executor://xunit/VsTestRunner2/netcoreapp" className="Aula.Tests.Scheduling.SchedulingServiceIntegrationTests" name="StopAsync_WithoutStart_DoesNotThrow" />
    </UnitTest>
    <UnitTest name="Aula.Tests.Integration.MinUddannelseClientTests.GetWeekLetter_ReturnsWeekLetter_WhenApiReturnsData" storage="/mnt/d/git/aula/src/aula.tests/bin/debug/net9.0/aula.tests.dll" id="68fca5a0-0889-490e-ec2f-406de7ad763a">
      <Execution id="bfe04224-15d4-4ca8-bbf8-f094c976a03b" />
      <TestMethod codeBase="/mnt/d/git/aula/src/Aula.Tests/bin/Debug/net9.0/Aula.Tests.dll" adapterTypeName="executor://xunit/VsTestRunner2/netcoreapp" className="Aula.Tests.Integration.MinUddannelseClientTests" name="GetWeekLetter_ReturnsWeekLetter_WhenApiReturnsData" />
    </UnitTest>
    <UnitTest name="Aula.Tests.Bots.TelegramMessageHandlerTests.HandleMessageAsync_WithReminderCommand_CallsReminderHandler(reminderCommand: &quot;slet påmindelse&quot;)" storage="/mnt/d/git/aula/src/aula.tests/bin/debug/net9.0/aula.tests.dll" id="d15263a9-c9dd-8da6-43bd-cf6d41fc1e3a">
      <Execution id="cd5e94de-026a-4e86-b1fa-be89930c9079" />
      <TestMethod codeBase="/mnt/d/git/aula/src/Aula.Tests/bin/Debug/net9.0/Aula.Tests.dll" adapterTypeName="executor://xunit/VsTestRunner2/netcoreapp" className="Aula.Tests.Bots.TelegramMessageHandlerTests" name="HandleMessageAsync_WithReminderCommand_CallsReminderHandler" />
    </UnitTest>
    <UnitTest name="Aula.Tests.Utilities.FollowUpQuestionDetectorTests.IsFollowUpQuestion_WithoutFollowUpPhrases_ReturnsFalse(input: &quot;random text&quot;)" storage="/mnt/d/git/aula/src/aula.tests/bin/debug/net9.0/aula.tests.dll" id="4efd7a5c-c0df-ae80-f7ee-8f404f14cec4">
      <Execution id="8bb069f6-0c2f-4fc7-86f8-33a90215ec2b" />
      <TestMethod codeBase="/mnt/d/git/aula/src/Aula.Tests/bin/Debug/net9.0/Aula.Tests.dll" adapterTypeName="executor://xunit/VsTestRunner2/netcoreapp" className="Aula.Tests.Utilities.FollowUpQuestionDetectorTests" name="IsFollowUpQuestion_WithoutFollowUpPhrases_ReturnsFalse" />
    </UnitTest>
    <UnitTest name="Aula.Tests.Utilities.Html2SlackMarkdownConverterTests.Convert_WithBrTags_PreservesLineBreaks" storage="/mnt/d/git/aula/src/aula.tests/bin/debug/net9.0/aula.tests.dll" id="45d7267f-6c71-d320-a8e4-c7def8429012">
      <Execution id="e49b25c1-1c08-4cc5-ace5-4c0b268a7b81" />
      <TestMethod codeBase="/mnt/d/git/aula/src/Aula.Tests/bin/Debug/net9.0/Aula.Tests.dll" adapterTypeName="executor://xunit/VsTestRunner2/netcoreapp" className="Aula.Tests.Utilities.Html2SlackMarkdownConverterTests" name="Convert_WithBrTags_PreservesLineBreaks" />
    </UnitTest>
    <UnitTest name="Aula.Tests.Tools.ReminderCommandHandlerTests.TryHandleReminderCommand_NonMatchingPatterns_ReturnsFalse(command: &quot;husk mig ugyldig at 8:00 at invalid format&quot;, isEnglish: False)" storage="/mnt/d/git/aula/src/aula.tests/bin/debug/net9.0/aula.tests.dll" id="d7aeee86-92f2-5c12-685d-812d09ed0822">
      <Execution id="c5c6c7e2-38d2-40c5-8b70-2508bdf7cf03" />
      <TestMethod codeBase="/mnt/d/git/aula/src/Aula.Tests/bin/Debug/net9.0/Aula.Tests.dll" adapterTypeName="executor://xunit/VsTestRunner2/netcoreapp" className="Aula.Tests.Tools.ReminderCommandHandlerTests" name="TryHandleReminderCommand_NonMatchingPatterns_ReturnsFalse" />
    </UnitTest>
    <UnitTest name="Aula.Tests.Utilities.FollowUpQuestionDetectorTests.IsFollowUpQuestion_WithEnglishFollowUpPhrases_ReturnsTrue(input: &quot;and what about today&quot;)" storage="/mnt/d/git/aula/src/aula.tests/bin/debug/net9.0/aula.tests.dll" id="3244b8c7-1294-20bc-2d35-4ae6283e4c3a">
      <Execution id="40906fd2-ebb9-4996-aee7-02b1e63bdfe6" />
      <TestMethod codeBase="/mnt/d/git/aula/src/Aula.Tests/bin/Debug/net9.0/Aula.Tests.dll" adapterTypeName="executor://xunit/VsTestRunner2/netcoreapp" className="Aula.Tests.Utilities.FollowUpQuestionDetectorTests" name="IsFollowUpQuestion_WithEnglishFollowUpPhrases_ReturnsTrue" />
    </UnitTest>
    <UnitTest name="Aula.Tests.Utilities.FollowUpQuestionDetectorTests.IsFollowUpQuestion_WithFullChildNames_WorksCorrectly(input: &quot;hvad med Søren Johannes&quot;)" storage="/mnt/d/git/aula/src/aula.tests/bin/debug/net9.0/aula.tests.dll" id="5b2ca5e4-e86c-3f28-8244-339071e7c3be">
      <Execution id="58963ed5-8c92-4d9c-8bb0-1240f031a256" />
      <TestMethod codeBase="/mnt/d/git/aula/src/Aula.Tests/bin/Debug/net9.0/Aula.Tests.dll" adapterTypeName="executor://xunit/VsTestRunner2/netcoreapp" className="Aula.Tests.Utilities.FollowUpQuestionDetectorTests" name="IsFollowUpQuestion_WithFullChildNames_WorksCorrectly" />
    </UnitTest>
    <UnitTest name="Aula.Tests.Tools.AiToolsManagerTests.DeleteReminderAsync_WithInvalidReminderNumber_ReturnsError" storage="/mnt/d/git/aula/src/aula.tests/bin/debug/net9.0/aula.tests.dll" id="3eae7343-2bfd-b9ac-3f25-bf1944822f6f">
      <Execution id="56ba8335-ebdc-40d2-b0a7-bdc41f8c0780" />
      <TestMethod codeBase="/mnt/d/git/aula/src/Aula.Tests/bin/Debug/net9.0/Aula.Tests.dll" adapterTypeName="executor://xunit/VsTestRunner2/netcoreapp" className="Aula.Tests.Tools.AiToolsManagerTests" name="DeleteReminderAsync_WithInvalidReminderNumber_ReturnsError" />
    </UnitTest>
    <UnitTest name="Aula.Tests.Scheduling.SchedulingServiceIntegrationTests.Constructor_WithNullAgentService_ThrowsArgumentNullException" storage="/mnt/d/git/aula/src/aula.tests/bin/debug/net9.0/aula.tests.dll" id="048cd77d-3de3-58cf-4e72-84e37cfed1e3">
      <Execution id="d0da72c6-23bd-496d-a320-5fd0cf9c1f1e" />
      <TestMethod codeBase="/mnt/d/git/aula/src/Aula.Tests/bin/Debug/net9.0/Aula.Tests.dll" adapterTypeName="executor://xunit/VsTestRunner2/netcoreapp" className="Aula.Tests.Scheduling.SchedulingServiceIntegrationTests" name="Constructor_WithNullAgentService_ThrowsArgumentNullException" />
    </UnitTest>
    <UnitTest name="Aula.Tests.Utilities.FollowUpQuestionDetectorTests.IsFollowUpQuestion_WithChildNameAndShortMessage_ReturnsTrue(input: &quot;Wilson&quot;)" storage="/mnt/d/git/aula/src/aula.tests/bin/debug/net9.0/aula.tests.dll" id="415f90fb-9864-854c-b560-969302c9cec5">
      <Execution id="224c8eb8-cb86-45cc-9a25-e9b0ad983bbb" />
      <TestMethod codeBase="/mnt/d/git/aula/src/Aula.Tests/bin/Debug/net9.0/Aula.Tests.dll" adapterTypeName="executor://xunit/VsTestRunner2/netcoreapp" className="Aula.Tests.Utilities.FollowUpQuestionDetectorTests" name="IsFollowUpQuestion_WithChildNameAndShortMessage_ReturnsTrue" />
    </UnitTest>
    <UnitTest name="Aula.Tests.Scheduling.SchedulingServiceIntegrationTests.StopAsync_CanBeCalledMultipleTimes_DoesNotThrow" storage="/mnt/d/git/aula/src/aula.tests/bin/debug/net9.0/aula.tests.dll" id="a16a5295-4893-3b2e-da76-c179d6ee21e1">
      <Execution id="6d8a5835-3efc-4f8b-b81a-b9730072a71f" />
      <TestMethod codeBase="/mnt/d/git/aula/src/Aula.Tests/bin/Debug/net9.0/Aula.Tests.dll" adapterTypeName="executor://xunit/VsTestRunner2/netcoreapp" className="Aula.Tests.Scheduling.SchedulingServiceIntegrationTests" name="StopAsync_CanBeCalledMultipleTimes_DoesNotThrow" />
    </UnitTest>
    <UnitTest name="Aula.Tests.Services.OpenAiServiceIntegrationTests.ProcessQueryWithToolsAsync_WithInvalidQuery_ThrowsArgumentException(query: &quot;&quot;)" storage="/mnt/d/git/aula/src/aula.tests/bin/debug/net9.0/aula.tests.dll" id="4d2b56f8-9d20-2fa9-3613-4864d7e06ff5">
      <Execution id="1009e59d-ac75-4e8a-8086-fcf8ae75d2e8" />
      <TestMethod codeBase="/mnt/d/git/aula/src/Aula.Tests/bin/Debug/net9.0/Aula.Tests.dll" adapterTypeName="executor://xunit/VsTestRunner2/netcoreapp" className="Aula.Tests.Services.OpenAiServiceIntegrationTests" name="ProcessQueryWithToolsAsync_WithInvalidQuery_ThrowsArgumentException" />
    </UnitTest>
    <UnitTest name="Aula.Tests.Channels.SlackBotTests.PostWeekLetter_WithVariousChildColors_HandlesCorrectly(color: &quot;#00FF00&quot;)" storage="/mnt/d/git/aula/src/aula.tests/bin/debug/net9.0/aula.tests.dll" id="c22f41fe-1a51-d644-5cab-111d373cdaae">
      <Execution id="4bc6be7f-cb2f-4fbe-a778-d1e4ae337f1e" />
      <TestMethod codeBase="/mnt/d/git/aula/src/Aula.Tests/bin/Debug/net9.0/Aula.Tests.dll" adapterTypeName="executor://xunit/VsTestRunner2/netcoreapp" className="Aula.Tests.Channels.SlackBotTests" name="PostWeekLetter_WithVariousChildColors_HandlesCorrectly" />
    </UnitTest>
    <UnitTest name="Aula.Tests.Configuration.ConfigurationTests.Timers_AdaptivePollingLimits_ValidationTests(minSeconds: 30, maxSeconds: 5, isValid: False)" storage="/mnt/d/git/aula/src/aula.tests/bin/debug/net9.0/aula.tests.dll" id="0a70d6fd-d740-a74a-169e-d35621818982">
      <Execution id="d964b487-d7d5-4d4f-a907-7e4f82916dc2" />
      <TestMethod codeBase="/mnt/d/git/aula/src/Aula.Tests/bin/Debug/net9.0/Aula.Tests.dll" adapterTypeName="executor://xunit/VsTestRunner2/netcoreapp" className="Aula.Tests.Configuration.ConfigurationTests" name="Timers_AdaptivePollingLimits_ValidationTests" />
    </UnitTest>
    <UnitTest name="Aula.Tests.Scheduling.SchedulingServiceIntegrationTests.StopAsync_WhenCalled_LogsCorrectMessage" storage="/mnt/d/git/aula/src/aula.tests/bin/debug/net9.0/aula.tests.dll" id="52685b80-e883-c0c4-e078-b2863df7409a">
      <Execution id="1ba934ed-bf0a-499e-99b5-7291d73c280a" />
      <TestMethod codeBase="/mnt/d/git/aula/src/Aula.Tests/bin/Debug/net9.0/Aula.Tests.dll" adapterTypeName="executor://xunit/VsTestRunner2/netcoreapp" className="Aula.Tests.Scheduling.SchedulingServiceIntegrationTests" name="StopAsync_WhenCalled_LogsCorrectMessage" />
    </UnitTest>
    <UnitTest name="Aula.Tests.Utilities.FollowUpQuestionDetectorTests.IsFollowUpQuestion_WithLongMessageContainingChildName_ReturnsFalse(input: &quot;This is a very long message that contains Emma but&quot;···)" storage="/mnt/d/git/aula/src/aula.tests/bin/debug/net9.0/aula.tests.dll" id="cea2ec8e-0a0c-aae3-594d-8b1cbbb55ac5">
      <Execution id="7dd30bb5-c32b-45c9-9957-b43532f196b8" />
      <TestMethod codeBase="/mnt/d/git/aula/src/Aula.Tests/bin/Debug/net9.0/Aula.Tests.dll" adapterTypeName="executor://xunit/VsTestRunner2/netcoreapp" className="Aula.Tests.Utilities.FollowUpQuestionDetectorTests" name="IsFollowUpQuestion_WithLongMessageContainingChildName_ReturnsFalse" />
    </UnitTest>
    <UnitTest name="Aula.Tests.Channels.TelegramClientTests.Constructor_WithVariousTokens_DoesNotThrow(token: &quot;987654321:XXYYZZ&quot;)" storage="/mnt/d/git/aula/src/aula.tests/bin/debug/net9.0/aula.tests.dll" id="7a4330b4-d3d2-d308-8e2d-3815d3c67d0f">
      <Execution id="9c5206c1-ab72-499b-adbb-df10e0e7dd77" />
      <TestMethod codeBase="/mnt/d/git/aula/src/Aula.Tests/bin/Debug/net9.0/Aula.Tests.dll" adapterTypeName="executor://xunit/VsTestRunner2/netcoreapp" className="Aula.Tests.Channels.TelegramClientTests" name="Constructor_WithVariousTokens_DoesNotThrow" />
    </UnitTest>
    <UnitTest name="Aula.Tests.Bots.TelegramMessageHandlerTests.Constructor_WithNullConfig_ThrowsArgumentNullException" storage="/mnt/d/git/aula/src/aula.tests/bin/debug/net9.0/aula.tests.dll" id="a4d29aee-2a2f-7b9e-08b4-102ef4fe6813">
      <Execution id="9de1f2db-2e2a-46a9-a5b4-12ad0db750c9" />
      <TestMethod codeBase="/mnt/d/git/aula/src/Aula.Tests/bin/Debug/net9.0/Aula.Tests.dll" adapterTypeName="executor://xunit/VsTestRunner2/netcoreapp" className="Aula.Tests.Bots.TelegramMessageHandlerTests" name="Constructor_WithNullConfig_ThrowsArgumentNullException" />
    </UnitTest>
    <UnitTest name="Aula.Tests.Bots.SlackInteractiveBotTests.Start_WithMissingChannelId_LogsErrorAndReturns" storage="/mnt/d/git/aula/src/aula.tests/bin/debug/net9.0/aula.tests.dll" id="ed2c0749-72ce-3102-1e65-21a531debf9e">
      <Execution id="93ddb557-f88b-4efc-b680-42babb296c74" />
      <TestMethod codeBase="/mnt/d/git/aula/src/Aula.Tests/bin/Debug/net9.0/Aula.Tests.dll" adapterTypeName="executor://xunit/VsTestRunner2/netcoreapp" className="Aula.Tests.Bots.SlackInteractiveBotTests" name="Start_WithMissingChannelId_LogsErrorAndReturns" />
    </UnitTest>
    <UnitTest name="Aula.Tests.Configuration.ConfigurationTests.Features_DefaultValues_AreCorrect" storage="/mnt/d/git/aula/src/aula.tests/bin/debug/net9.0/aula.tests.dll" id="e09a9a0e-f05e-b1ab-94a1-7ba461fbd7f9">
      <Execution id="29235000-a1de-4bbe-965b-1263efed1352" />
      <TestMethod codeBase="/mnt/d/git/aula/src/Aula.Tests/bin/Debug/net9.0/Aula.Tests.dll" adapterTypeName="executor://xunit/VsTestRunner2/netcoreapp" className="Aula.Tests.Configuration.ConfigurationTests" name="Features_DefaultValues_AreCorrect" />
    </UnitTest>
    <UnitTest name="Aula.Tests.Channels.TelegramClientTests.PostWeekLetter_WithValidInputs_DoesNotThrow" storage="/mnt/d/git/aula/src/aula.tests/bin/debug/net9.0/aula.tests.dll" id="cc139316-f1a2-00ef-ef1d-1e4ba4910c04">
      <Execution id="2e6b2cd6-294d-4981-b3e3-9703dca8c2b8" />
      <TestMethod codeBase="/mnt/d/git/aula/src/Aula.Tests/bin/Debug/net9.0/Aula.Tests.dll" adapterTypeName="executor://xunit/VsTestRunner2/netcoreapp" className="Aula.Tests.Channels.TelegramClientTests" name="PostWeekLetter_WithValidInputs_DoesNotThrow" />
    </UnitTest>
    <UnitTest name="Aula.Tests.Utilities.DateTimeUtilitiesTests.GetDanishDayName_AllValidDaysOfWeek_ReturnsNonEmptyString(dayOfWeek: Friday)" storage="/mnt/d/git/aula/src/aula.tests/bin/debug/net9.0/aula.tests.dll" id="ae0948ed-054c-3e18-355f-da674f5650cd">
      <Execution id="6e0326c1-710c-49e1-b7bf-b4c2cc24c053" />
      <TestMethod codeBase="/mnt/d/git/aula/src/Aula.Tests/bin/Debug/net9.0/Aula.Tests.dll" adapterTypeName="executor://xunit/VsTestRunner2/netcoreapp" className="Aula.Tests.Utilities.DateTimeUtilitiesTests" name="GetDanishDayName_AllValidDaysOfWeek_ReturnsNonEmptyString" />
    </UnitTest>
    <UnitTest name="Aula.Tests.Utilities.FollowUpQuestionDetectorTests.IsFollowUpQuestion_WithChildNameAndTimeReference_ReturnsFalse(input: &quot;Liam tomorrow&quot;)" storage="/mnt/d/git/aula/src/aula.tests/bin/debug/net9.0/aula.tests.dll" id="ba20835b-067e-5539-8e44-8baf83c19e41">
      <Execution id="1fc8661c-6348-4109-8c9f-d7645bf9edf4" />
      <TestMethod codeBase="/mnt/d/git/aula/src/Aula.Tests/bin/Debug/net9.0/Aula.Tests.dll" adapterTypeName="executor://xunit/VsTestRunner2/netcoreapp" className="Aula.Tests.Utilities.FollowUpQuestionDetectorTests" name="IsFollowUpQuestion_WithChildNameAndTimeReference_ReturnsFalse" />
    </UnitTest>
    <UnitTest name="Aula.Tests.Utilities.FollowUpQuestionDetectorTests.IsFollowUpQuestion_WithPunctuationAroundChildName_WorksCorrectly(input: &quot;Emma.&quot;)" storage="/mnt/d/git/aula/src/aula.tests/bin/debug/net9.0/aula.tests.dll" id="4cd9be57-b5ee-3ae9-313d-5c06ae12b5f8">
      <Execution id="5a13f047-576d-4e8f-9eb3-27927158ac05" />
      <TestMethod codeBase="/mnt/d/git/aula/src/Aula.Tests/bin/Debug/net9.0/Aula.Tests.dll" adapterTypeName="executor://xunit/VsTestRunner2/netcoreapp" className="Aula.Tests.Utilities.FollowUpQuestionDetectorTests" name="IsFollowUpQuestion_WithPunctuationAroundChildName_WorksCorrectly" />
    </UnitTest>
    <UnitTest name="Aula.Tests.Services.DataModelTests.Reminder_CreatedBy_HandlesValues(createdBy: &quot;bot&quot;, shouldAccept: True)" storage="/mnt/d/git/aula/src/aula.tests/bin/debug/net9.0/aula.tests.dll" id="20d1a661-1ac8-24a1-ac68-136a1cca5ab9">
      <Execution id="2a36a3bb-e998-4e45-b4e3-9f5d3b2d2628" />
      <TestMethod codeBase="/mnt/d/git/aula/src/Aula.Tests/bin/Debug/net9.0/Aula.Tests.dll" adapterTypeName="executor://xunit/VsTestRunner2/netcoreapp" className="Aula.Tests.Services.DataModelTests" name="Reminder_CreatedBy_HandlesValues" />
    </UnitTest>
    <UnitTest name="Aula.Tests.Utilities.FollowUpQuestionDetectorTests.IsFollowUpQuestion_WithDanishFollowUpPhrases_ReturnsTrue(input: &quot;også Emma&quot;)" storage="/mnt/d/git/aula/src/aula.tests/bin/debug/net9.0/aula.tests.dll" id="f695ece5-4ed0-4918-7e40-7fa901ca2f9e">
      <Execution id="a847c8d0-92d7-40e2-84f6-5255de1e1e38" />
      <TestMethod codeBase="/mnt/d/git/aula/src/Aula.Tests/bin/Debug/net9.0/Aula.Tests.dll" adapterTypeName="executor://xunit/VsTestRunner2/netcoreapp" className="Aula.Tests.Utilities.FollowUpQuestionDetectorTests" name="IsFollowUpQuestion_WithDanishFollowUpPhrases_ReturnsTrue" />
    </UnitTest>
    <UnitTest name="Aula.Tests.Services.OpenAiServiceIntegrationTests.AskQuestionAboutChildrenAsync_WithNullChildrenWeekLetters_ThrowsArgumentNullException(chatInterface: Slack)" storage="/mnt/d/git/aula/src/aula.tests/bin/debug/net9.0/aula.tests.dll" id="98555ca9-e51e-c77a-a5b7-89147423d30d">
      <Execution id="bfff5bf4-fe75-4af6-92d2-79b7cd156f31" />
      <TestMethod codeBase="/mnt/d/git/aula/src/Aula.Tests/bin/Debug/net9.0/Aula.Tests.dll" adapterTypeName="executor://xunit/VsTestRunner2/netcoreapp" className="Aula.Tests.Services.OpenAiServiceIntegrationTests" name="AskQuestionAboutChildrenAsync_WithNullChildrenWeekLetters_ThrowsArgumentNullException" />
    </UnitTest>
    <UnitTest name="Aula.Tests.Bots.SlackInteractiveBotTests.Constructor_WithNullAgentService_ThrowsArgumentNullException" storage="/mnt/d/git/aula/src/aula.tests/bin/debug/net9.0/aula.tests.dll" id="1d29fac2-3f2b-d487-db1b-b2d3ad7fc889">
      <Execution id="224cb3a8-580b-4f46-a78e-a0dcf64e352b" />
      <TestMethod codeBase="/mnt/d/git/aula/src/Aula.Tests/bin/Debug/net9.0/Aula.Tests.dll" adapterTypeName="executor://xunit/VsTestRunner2/netcoreapp" className="Aula.Tests.Bots.SlackInteractiveBotTests" name="Constructor_WithNullAgentService_ThrowsArgumentNullException" />
    </UnitTest>
    <UnitTest name="Aula.Tests.Tools.AiToolsManagerTests.GetWeekLetters_WithNonExistentChild_ReturnsError" storage="/mnt/d/git/aula/src/aula.tests/bin/debug/net9.0/aula.tests.dll" id="9c77e674-1e21-ff83-b112-8e3149d27b83">
      <Execution id="134f5297-7e5c-4a62-9c7c-f7ffd457d905" />
      <TestMethod codeBase="/mnt/d/git/aula/src/Aula.Tests/bin/Debug/net9.0/Aula.Tests.dll" adapterTypeName="executor://xunit/VsTestRunner2/netcoreapp" className="Aula.Tests.Tools.AiToolsManagerTests" name="GetWeekLetters_WithNonExistentChild_ReturnsError" />
    </UnitTest>
    <UnitTest name="Aula.Tests.Configuration.ConfigurationTests.Slack_ChannelId_ValidationTests(channelId: &quot;#general&quot;, isValid: True)" storage="/mnt/d/git/aula/src/aula.tests/bin/debug/net9.0/aula.tests.dll" id="b7ae8529-9bcc-b3b7-9e9a-1f51fba7bd52">
      <Execution id="efdb40ee-b498-4c55-a3dd-00c263c74ee8" />
      <TestMethod codeBase="/mnt/d/git/aula/src/Aula.Tests/bin/Debug/net9.0/Aula.Tests.dll" adapterTypeName="executor://xunit/VsTestRunner2/netcoreapp" className="Aula.Tests.Configuration.ConfigurationTests" name="Slack_ChannelId_ValidationTests" />
    </UnitTest>
    <UnitTest name="Aula.Tests.Scheduling.SchedulingServiceIntegrationTests.StartAsync_CanBeCalledMultipleTimes_DoesNotThrow" storage="/mnt/d/git/aula/src/aula.tests/bin/debug/net9.0/aula.tests.dll" id="c4b1de39-f215-c6c4-5b38-2f74d4b1f600">
      <Execution id="a55d0e58-2543-423b-96cf-0f74027b1227" />
      <TestMethod codeBase="/mnt/d/git/aula/src/Aula.Tests/bin/Debug/net9.0/Aula.Tests.dll" adapterTypeName="executor://xunit/VsTestRunner2/netcoreapp" className="Aula.Tests.Scheduling.SchedulingServiceIntegrationTests" name="StartAsync_CanBeCalledMultipleTimes_DoesNotThrow" />
    </UnitTest>
    <UnitTest name="Aula.Tests.Channels.SlackBotTests.Constructor_WithEmptyUrl_ThrowsArgumentException" storage="/mnt/d/git/aula/src/aula.tests/bin/debug/net9.0/aula.tests.dll" id="a7b1749e-2ad3-548e-4171-dcc39a4ba308">
      <Execution id="661b4ff4-b7d4-4654-957d-ba03a5f63d5a" />
      <TestMethod codeBase="/mnt/d/git/aula/src/Aula.Tests/bin/Debug/net9.0/Aula.Tests.dll" adapterTypeName="executor://xunit/VsTestRunner2/netcoreapp" className="Aula.Tests.Channels.SlackBotTests" name="Constructor_WithEmptyUrl_ThrowsArgumentException" />
    </UnitTest>
    <UnitTest name="Aula.Tests.Configuration.ConfigurationTests.Timers_SchedulingInterval_ValidationTests(intervalSeconds: 60, isValid: True)" storage="/mnt/d/git/aula/src/aula.tests/bin/debug/net9.0/aula.tests.dll" id="6adeca65-1d67-3030-b131-cc9b902991d4">
      <Execution id="e2b6159a-0c33-4a92-b171-ac70dde3e091" />
      <TestMethod codeBase="/mnt/d/git/aula/src/Aula.Tests/bin/Debug/net9.0/Aula.Tests.dll" adapterTypeName="executor://xunit/VsTestRunner2/netcoreapp" className="Aula.Tests.Configuration.ConfigurationTests" name="Timers_SchedulingInterval_ValidationTests" />
    </UnitTest>
    <UnitTest name="Aula.Tests.Services.OpenAiServiceIntegrationTests.ProcessQueryWithToolsAsync_WithInvalidContextKey_ThrowsArgumentException(contextKey: null)" storage="/mnt/d/git/aula/src/aula.tests/bin/debug/net9.0/aula.tests.dll" id="554bf191-b569-b7a2-c3b8-c6178a2abd52">
      <Execution id="05a4d614-3bd6-4e7a-8b51-b66ddc96a983" />
      <TestMethod codeBase="/mnt/d/git/aula/src/Aula.Tests/bin/Debug/net9.0/Aula.Tests.dll" adapterTypeName="executor://xunit/VsTestRunner2/netcoreapp" className="Aula.Tests.Services.OpenAiServiceIntegrationTests" name="ProcessQueryWithToolsAsync_WithInvalidContextKey_ThrowsArgumentException" />
    </UnitTest>
    <UnitTest name="Aula.Tests.Channels.TelegramClientTests.Constructor_WithVariousTokens_DoesNotThrow(token: &quot;&quot;)" storage="/mnt/d/git/aula/src/aula.tests/bin/debug/net9.0/aula.tests.dll" id="ed73f3dd-84f9-ccdb-8bc0-17130004fe1b">
      <Execution id="6b1db484-625a-4729-947d-f85d332a4fc3" />
      <TestMethod codeBase="/mnt/d/git/aula/src/Aula.Tests/bin/Debug/net9.0/Aula.Tests.dll" adapterTypeName="executor://xunit/VsTestRunner2/netcoreapp" className="Aula.Tests.Channels.TelegramClientTests" name="Constructor_WithVariousTokens_DoesNotThrow" />
    </UnitTest>
    <UnitTest name="Aula.Tests.Channels.SlackBotTests.PostMessage_WithVariousMessages_DoesNotThrow(message: &quot;&quot;)" storage="/mnt/d/git/aula/src/aula.tests/bin/debug/net9.0/aula.tests.dll" id="639796f8-538b-fbb8-1899-7a0106856fc7">
      <Execution id="a48c9466-d78d-400f-9158-7c35b187f449" />
      <TestMethod codeBase="/mnt/d/git/aula/src/Aula.Tests/bin/Debug/net9.0/Aula.Tests.dll" adapterTypeName="executor://xunit/VsTestRunner2/netcoreapp" className="Aula.Tests.Channels.SlackBotTests" name="PostMessage_WithVariousMessages_DoesNotThrow" />
    </UnitTest>
    <UnitTest name="Aula.Tests.Channels.TelegramClientTests.SendMessageToChannel_WithVariousMessages_DoesNotThrow(message: &quot;&quot;)" storage="/mnt/d/git/aula/src/aula.tests/bin/debug/net9.0/aula.tests.dll" id="d1f304ff-bc66-281d-07dd-5db7fd1f9503">
      <Execution id="61430830-0cbd-4bce-a185-0e0a18d8e8d0" />
      <TestMethod codeBase="/mnt/d/git/aula/src/Aula.Tests/bin/Debug/net9.0/Aula.Tests.dll" adapterTypeName="executor://xunit/VsTestRunner2/netcoreapp" className="Aula.Tests.Channels.TelegramClientTests" name="SendMessageToChannel_WithVariousMessages_DoesNotThrow" />
    </UnitTest>
    <UnitTest name="Aula.Tests.Utilities.JsonFormatterTests.Prettify_WithMalformedJson_ThrowsJsonException" storage="/mnt/d/git/aula/src/aula.tests/bin/debug/net9.0/aula.tests.dll" id="d6143222-8a1b-29ba-ebfb-222b6c27b152">
      <Execution id="2e7852c4-5a30-4981-9f98-277f509f22a2" />
      <TestMethod codeBase="/mnt/d/git/aula/src/Aula.Tests/bin/Debug/net9.0/Aula.Tests.dll" adapterTypeName="executor://xunit/VsTestRunner2/netcoreapp" className="Aula.Tests.Utilities.JsonFormatterTests" name="Prettify_WithMalformedJson_ThrowsJsonException" />
    </UnitTest>
    <UnitTest name="Aula.Tests.Utilities.JsonFormatterTests.Prettify_WithAlreadyFormattedJson_ReturnsFormattedJson" storage="/mnt/d/git/aula/src/aula.tests/bin/debug/net9.0/aula.tests.dll" id="be069dea-132b-4f72-c1c8-8b4fd667fd7f">
      <Execution id="392f5cf8-01a7-49a2-90f2-b9c3db48c700" />
      <TestMethod codeBase="/mnt/d/git/aula/src/Aula.Tests/bin/Debug/net9.0/Aula.Tests.dll" adapterTypeName="executor://xunit/VsTestRunner2/netcoreapp" className="Aula.Tests.Utilities.JsonFormatterTests" name="Prettify_WithAlreadyFormattedJson_ReturnsFormattedJson" />
    </UnitTest>
    <UnitTest name="Aula.Tests.Utilities.ConversationContextManagerTests.UpdateContext_WithDefaultParameters_SetsCorrectDefaults" storage="/mnt/d/git/aula/src/aula.tests/bin/debug/net9.0/aula.tests.dll" id="7bb5033b-053d-57a5-c00e-279f476a8835">
      <Execution id="fd3b9f02-aff7-4201-9d91-c7f6d00dcf34" />
      <TestMethod codeBase="/mnt/d/git/aula/src/Aula.Tests/bin/Debug/net9.0/Aula.Tests.dll" adapterTypeName="executor://xunit/VsTestRunner2/netcoreapp" className="Aula.Tests.Utilities.ConversationContextManagerTests" name="UpdateContext_WithDefaultParameters_SetsCorrectDefaults" />
    </UnitTest>
    <UnitTest name="Aula.Tests.Utilities.IntentAnalysisPromptsTests.ToolExamples_CoverExpectedUseCase(expectedKey: &quot;CREATE_REMINDER&quot;, queryPattern: &quot;remind&quot;)" storage="/mnt/d/git/aula/src/aula.tests/bin/debug/net9.0/aula.tests.dll" id="e668ce24-c1a0-98ca-9d76-99447ce236e8">
      <Execution id="6fd1009b-49ca-40ce-b776-ad97ccef7fa3" />
      <TestMethod codeBase="/mnt/d/git/aula/src/Aula.Tests/bin/Debug/net9.0/Aula.Tests.dll" adapterTypeName="executor://xunit/VsTestRunner2/netcoreapp" className="Aula.Tests.Utilities.IntentAnalysisPromptsTests" name="ToolExamples_CoverExpectedUseCase" />
    </UnitTest>
    <UnitTest name="Aula.Tests.Services.OpenAiServiceIntegrationTests.Constructor_WithNullApiKey_ThrowsArgumentException" storage="/mnt/d/git/aula/src/aula.tests/bin/debug/net9.0/aula.tests.dll" id="c877210f-bb9a-c13c-82b0-695b1245feeb">
      <Execution id="f23fe7fa-421c-4a6c-a726-3c2e1603cf47" />
      <TestMethod codeBase="/mnt/d/git/aula/src/Aula.Tests/bin/Debug/net9.0/Aula.Tests.dll" adapterTypeName="executor://xunit/VsTestRunner2/netcoreapp" className="Aula.Tests.Services.OpenAiServiceIntegrationTests" name="Constructor_WithNullApiKey_ThrowsArgumentException" />
    </UnitTest>
    <UnitTest name="Aula.Tests.Bots.TelegramMessageHandlerTests.HandleMessageAsync_WithValidQuery_ProcessesSuccessfully(queryText: &quot;Vis ugeplanen&quot;)" storage="/mnt/d/git/aula/src/aula.tests/bin/debug/net9.0/aula.tests.dll" id="40ac891b-3aed-7213-ed1d-840834b3000d">
      <Execution id="3f2b942a-e728-40fa-b98c-1224f9d726ed" />
      <TestMethod codeBase="/mnt/d/git/aula/src/Aula.Tests/bin/Debug/net9.0/Aula.Tests.dll" adapterTypeName="executor://xunit/VsTestRunner2/netcoreapp" className="Aula.Tests.Bots.TelegramMessageHandlerTests" name="HandleMessageAsync_WithValidQuery_ProcessesSuccessfully" />
    </UnitTest>
    <UnitTest name="Aula.Tests.Bots.SlackMessageHandlerTests.HandleMessageAsync_WithReminderCommand_CallsReminderHandler(reminderCommand: &quot;slet påmindelse&quot;)" storage="/mnt/d/git/aula/src/aula.tests/bin/debug/net9.0/aula.tests.dll" id="53d9e260-310c-7289-d45b-38f2fd4f0871">
      <Execution id="6e9a2b3a-fd50-46d6-bed8-f5f7f85b6153" />
      <TestMethod codeBase="/mnt/d/git/aula/src/Aula.Tests/bin/Debug/net9.0/Aula.Tests.dll" adapterTypeName="executor://xunit/VsTestRunner2/netcoreapp" className="Aula.Tests.Bots.SlackMessageHandlerTests" name="HandleMessageAsync_WithReminderCommand_CallsReminderHandler" />
    </UnitTest>
    <UnitTest name="Aula.Tests.Services.SupabaseServiceTests.Constructor_WithValidConfig_CreatesInstance" storage="/mnt/d/git/aula/src/aula.tests/bin/debug/net9.0/aula.tests.dll" id="5923c05c-0f73-b670-436e-b35343d0427b">
      <Execution id="1f874d3f-0b54-4118-a40f-332dc432747a" />
      <TestMethod codeBase="/mnt/d/git/aula/src/Aula.Tests/bin/Debug/net9.0/Aula.Tests.dll" adapterTypeName="executor://xunit/VsTestRunner2/netcoreapp" className="Aula.Tests.Services.SupabaseServiceTests" name="Constructor_WithValidConfig_CreatesInstance" />
    </UnitTest>
    <UnitTest name="Aula.Tests.Utilities.ConversationContextManagerTests.Manager_WithGuidKeys_WorksCorrectly" storage="/mnt/d/git/aula/src/aula.tests/bin/debug/net9.0/aula.tests.dll" id="a5a1d376-9a55-3344-a8d1-042eaae8a59b">
      <Execution id="dd125907-ff69-43d1-b4ae-d9e4ea3a65d0" />
      <TestMethod codeBase="/mnt/d/git/aula/src/Aula.Tests/bin/Debug/net9.0/Aula.Tests.dll" adapterTypeName="executor://xunit/VsTestRunner2/netcoreapp" className="Aula.Tests.Utilities.ConversationContextManagerTests" name="Manager_WithGuidKeys_WorksCorrectly" />
    </UnitTest>
    <UnitTest name="Aula.Tests.Tools.ReminderCommandHandlerTests.TryHandleReminderCommand_NonReminderCommands_ReturnsFalse(command: &quot;list&quot;)" storage="/mnt/d/git/aula/src/aula.tests/bin/debug/net9.0/aula.tests.dll" id="bcee3dfc-95df-51eb-9411-b0bdd9236d8a">
      <Execution id="40c6eade-0655-4dc8-aa36-3ddd90e2c999" />
      <TestMethod codeBase="/mnt/d/git/aula/src/Aula.Tests/bin/Debug/net9.0/Aula.Tests.dll" adapterTypeName="executor://xunit/VsTestRunner2/netcoreapp" className="Aula.Tests.Tools.ReminderCommandHandlerTests" name="TryHandleReminderCommand_NonReminderCommands_ReturnsFalse" />
    </UnitTest>
    <UnitTest name="Aula.Tests.Utilities.ConversationContextManagerTests.GetContext_WithNonExistentKey_ReturnsNull" storage="/mnt/d/git/aula/src/aula.tests/bin/debug/net9.0/aula.tests.dll" id="4b2a2af9-445d-9ecf-64f7-d742a6adefb7">
      <Execution id="283e41db-a16c-43f1-aed5-10f7c262fbfe" />
      <TestMethod codeBase="/mnt/d/git/aula/src/Aula.Tests/bin/Debug/net9.0/Aula.Tests.dll" adapterTypeName="executor://xunit/VsTestRunner2/netcoreapp" className="Aula.Tests.Utilities.ConversationContextManagerTests" name="GetContext_WithNonExistentKey_ReturnsNull" />
    </UnitTest>
    <UnitTest name="Aula.Tests.Utilities.FollowUpQuestionDetectorTests.IsFollowUpQuestion_WithEnglishFollowUpPhrases_ReturnsTrue(input: &quot;how about Liam&quot;)" storage="/mnt/d/git/aula/src/aula.tests/bin/debug/net9.0/aula.tests.dll" id="3e382f98-ef8c-4926-27b6-c03a83290bad">
      <Execution id="99277cd8-55f0-49c9-a7db-8518875dbbbb" />
      <TestMethod codeBase="/mnt/d/git/aula/src/Aula.Tests/bin/Debug/net9.0/Aula.Tests.dll" adapterTypeName="executor://xunit/VsTestRunner2/netcoreapp" className="Aula.Tests.Utilities.FollowUpQuestionDetectorTests" name="IsFollowUpQuestion_WithEnglishFollowUpPhrases_ReturnsTrue" />
    </UnitTest>
    <UnitTest name="Aula.Tests.Tools.ReminderCommandHandlerTests.Constructor_WithNullLogger_ThrowsArgumentNullException" storage="/mnt/d/git/aula/src/aula.tests/bin/debug/net9.0/aula.tests.dll" id="52284c88-15e2-e622-5da9-cf51ba9aa844">
      <Execution id="12dc28fa-c47b-434c-8313-5e87569e43a8" />
      <TestMethod codeBase="/mnt/d/git/aula/src/Aula.Tests/bin/Debug/net9.0/Aula.Tests.dll" adapterTypeName="executor://xunit/VsTestRunner2/netcoreapp" className="Aula.Tests.Tools.ReminderCommandHandlerTests" name="Constructor_WithNullLogger_ThrowsArgumentNullException" />
    </UnitTest>
    <UnitTest name="Aula.Tests.Utilities.Html2SlackMarkdownConverterTests.Convert_WithSimpleHtml_ConvertsCorrectly" storage="/mnt/d/git/aula/src/aula.tests/bin/debug/net9.0/aula.tests.dll" id="979280e2-dfe1-0cec-d81f-8909f7e24c33">
      <Execution id="f72ebe82-8008-4f18-9d9b-a6c26e20a131" />
      <TestMethod codeBase="/mnt/d/git/aula/src/Aula.Tests/bin/Debug/net9.0/Aula.Tests.dll" adapterTypeName="executor://xunit/VsTestRunner2/netcoreapp" className="Aula.Tests.Utilities.Html2SlackMarkdownConverterTests" name="Convert_WithSimpleHtml_ConvertsCorrectly" />
    </UnitTest>
    <UnitTest name="Aula.Tests.Services.OpenAiServiceIntegrationTests.Constructor_WithNullAiToolsManager_ThrowsArgumentNullException" storage="/mnt/d/git/aula/src/aula.tests/bin/debug/net9.0/aula.tests.dll" id="63a4082c-526e-0303-add0-711bb075125c">
      <Execution id="5cecaf68-e7ef-472e-915b-aef0dc73c5bc" />
      <TestMethod codeBase="/mnt/d/git/aula/src/Aula.Tests/bin/Debug/net9.0/Aula.Tests.dll" adapterTypeName="executor://xunit/VsTestRunner2/netcoreapp" className="Aula.Tests.Services.OpenAiServiceIntegrationTests" name="Constructor_WithNullAiToolsManager_ThrowsArgumentNullException" />
    </UnitTest>
    <UnitTest name="Aula.Tests.Channels.SlackBotTests.SendTestMessage_WithVariousMessages_DoesNotThrow(message: &quot;&quot;)" storage="/mnt/d/git/aula/src/aula.tests/bin/debug/net9.0/aula.tests.dll" id="1165a140-06de-3614-5098-865084a74fa6">
      <Execution id="140ca94e-37c1-488e-8143-6c7262d4c8f9" />
      <TestMethod codeBase="/mnt/d/git/aula/src/Aula.Tests/bin/Debug/net9.0/Aula.Tests.dll" adapterTypeName="executor://xunit/VsTestRunner2/netcoreapp" className="Aula.Tests.Channels.SlackBotTests" name="SendTestMessage_WithVariousMessages_DoesNotThrow" />
    </UnitTest>
    <UnitTest name="Aula.Tests.Utilities.IntentAnalysisPromptsTests.GetFormattedPrompt_WithVariousQueries_ReturnsValidPrompt(query: &quot;What does Emma have today?&quot;)" storage="/mnt/d/git/aula/src/aula.tests/bin/debug/net9.0/aula.tests.dll" id="04ed4a86-ba0d-f349-f703-22b685131f64">
      <Execution id="42553c79-924d-40b4-92f9-db94d71dace9" />
      <TestMethod codeBase="/mnt/d/git/aula/src/Aula.Tests/bin/Debug/net9.0/Aula.Tests.dll" adapterTypeName="executor://xunit/VsTestRunner2/netcoreapp" className="Aula.Tests.Utilities.IntentAnalysisPromptsTests" name="GetFormattedPrompt_WithVariousQueries_ReturnsValidPrompt" />
    </UnitTest>
    <UnitTest name="Aula.Tests.Channels.SlackBotTests.PushWeekLetter_WithNullWeekLetter_ReturnsFalse" storage="/mnt/d/git/aula/src/aula.tests/bin/debug/net9.0/aula.tests.dll" id="74223507-0b05-49e9-aad1-655b0b7c8f6e">
      <Execution id="8b5dad12-0444-4958-b838-bd9cece26049" />
      <TestMethod codeBase="/mnt/d/git/aula/src/Aula.Tests/bin/Debug/net9.0/Aula.Tests.dll" adapterTypeName="executor://xunit/VsTestRunner2/netcoreapp" className="Aula.Tests.Channels.SlackBotTests" name="PushWeekLetter_WithNullWeekLetter_ReturnsFalse" />
    </UnitTest>
    <UnitTest name="Aula.Tests.Utilities.JsonFormatterTests.Prettify_WithIncompleteJson_ThrowsException(incompleteJson: &quot;{\&quot;incomplete\&quot;:&quot;)" storage="/mnt/d/git/aula/src/aula.tests/bin/debug/net9.0/aula.tests.dll" id="d141c1f4-2ff8-7341-a2af-364fb6299829">
      <Execution id="ebdebc1c-e3e0-4b16-a8eb-8ada63a6e3aa" />
      <TestMethod codeBase="/mnt/d/git/aula/src/Aula.Tests/bin/Debug/net9.0/Aula.Tests.dll" adapterTypeName="executor://xunit/VsTestRunner2/netcoreapp" className="Aula.Tests.Utilities.JsonFormatterTests" name="Prettify_WithIncompleteJson_ThrowsException" />
    </UnitTest>
    <UnitTest name="Aula.Tests.Scheduling.SchedulingServiceIntegrationTests.StartAsync_LogsInformationAndDoesNotThrow" storage="/mnt/d/git/aula/src/aula.tests/bin/debug/net9.0/aula.tests.dll" id="e242b67c-3d28-33ee-bf1d-1f163fabd3ca">
      <Execution id="f95ba3c1-f7bd-4d7c-88f4-a978560e6be7" />
      <TestMethod codeBase="/mnt/d/git/aula/src/Aula.Tests/bin/Debug/net9.0/Aula.Tests.dll" adapterTypeName="executor://xunit/VsTestRunner2/netcoreapp" className="Aula.Tests.Scheduling.SchedulingServiceIntegrationTests" name="StartAsync_LogsInformationAndDoesNotThrow" />
    </UnitTest>
    <UnitTest name="Aula.Tests.Services.OpenAiServiceIntegrationTests.Constructor_WithNullLoggerFactory_ThrowsArgumentNullException" storage="/mnt/d/git/aula/src/aula.tests/bin/debug/net9.0/aula.tests.dll" id="eeb4dd87-b488-a6a2-6176-d39e9d1e7681">
      <Execution id="78654d78-9b38-4ec9-a085-e5577cb86b40" />
      <TestMethod codeBase="/mnt/d/git/aula/src/Aula.Tests/bin/Debug/net9.0/Aula.Tests.dll" adapterTypeName="executor://xunit/VsTestRunner2/netcoreapp" className="Aula.Tests.Services.OpenAiServiceIntegrationTests" name="Constructor_WithNullLoggerFactory_ThrowsArgumentNullException" />
    </UnitTest>
    <UnitTest name="Aula.Tests.Tools.ReminderCommandHandlerTests.TryHandleReminderCommand_AddReminder_ValidFormats_ReturnsSuccess(command: &quot;remind me 31/12 at 23:59 that Year end&quot;, isEnglish: True, expectedChildName: null)" storage="/mnt/d/git/aula/src/aula.tests/bin/debug/net9.0/aula.tests.dll" id="ff05afd1-484c-69de-a316-bc507787c7c8">
      <Execution id="45a8938b-5b55-4e07-ae8c-7d15a89ef884" />
      <TestMethod codeBase="/mnt/d/git/aula/src/Aula.Tests/bin/Debug/net9.0/Aula.Tests.dll" adapterTypeName="executor://xunit/VsTestRunner2/netcoreapp" className="Aula.Tests.Tools.ReminderCommandHandlerTests" name="TryHandleReminderCommand_AddReminder_ValidFormats_ReturnsSuccess" />
    </UnitTest>
    <UnitTest name="Aula.Tests.Utilities.DateTimeUtilitiesTests.GetDanishDayName_ValidDayOfWeek_ReturnsLowercaseName(dayOfWeek: Friday, expectedName: &quot;fredag&quot;)" storage="/mnt/d/git/aula/src/aula.tests/bin/debug/net9.0/aula.tests.dll" id="c139c7f2-e7cf-69b5-0edf-596c5852d9fe">
      <Execution id="e9592131-747a-4bcc-9a0a-d67155355e34" />
      <TestMethod codeBase="/mnt/d/git/aula/src/Aula.Tests/bin/Debug/net9.0/Aula.Tests.dll" adapterTypeName="executor://xunit/VsTestRunner2/netcoreapp" className="Aula.Tests.Utilities.DateTimeUtilitiesTests" name="GetDanishDayName_ValidDayOfWeek_ReturnsLowercaseName" />
    </UnitTest>
    <UnitTest name="Aula.Tests.Bots.TelegramMessageHandlerTests.HandleMessageAsync_WithValidQuery_ProcessesSuccessfully(queryText: &quot;Hvad skal Emma i dag?&quot;)" storage="/mnt/d/git/aula/src/aula.tests/bin/debug/net9.0/aula.tests.dll" id="5131c0c3-410a-6182-33f0-39457515d5e3">
      <Execution id="04677ce6-96e7-4145-aea1-763249a84f17" />
      <TestMethod codeBase="/mnt/d/git/aula/src/Aula.Tests/bin/Debug/net9.0/Aula.Tests.dll" adapterTypeName="executor://xunit/VsTestRunner2/netcoreapp" className="Aula.Tests.Bots.TelegramMessageHandlerTests" name="HandleMessageAsync_WithValidQuery_ProcessesSuccessfully" />
    </UnitTest>
    <UnitTest name="Aula.Tests.Scheduling.SchedulingServiceIntegrationTests.Constructor_WithNullSlackBot_ThrowsArgumentNullException" storage="/mnt/d/git/aula/src/aula.tests/bin/debug/net9.0/aula.tests.dll" id="690eef1c-e4e3-0c63-48ad-a783777fa685">
      <Execution id="2467c97b-b422-4b83-be49-a1eb6aec7236" />
      <TestMethod codeBase="/mnt/d/git/aula/src/Aula.Tests/bin/Debug/net9.0/Aula.Tests.dll" adapterTypeName="executor://xunit/VsTestRunner2/netcoreapp" className="Aula.Tests.Scheduling.SchedulingServiceIntegrationTests" name="Constructor_WithNullSlackBot_ThrowsArgumentNullException" />
    </UnitTest>
    <UnitTest name="Aula.Tests.Utilities.Html2SlackMarkdownConverterTests.Convert_WithScriptAndStyleTags_RemovesTagsButNotContent(html: &quot;&lt;style&gt;body { color: red; }&lt;/style&gt;&lt;p&gt;Content&lt;/p&gt;&quot;)" storage="/mnt/d/git/aula/src/aula.tests/bin/debug/net9.0/aula.tests.dll" id="e57b5d64-f9f1-68ef-e175-4a5caa032c54">
      <Execution id="9243ea1f-cbc2-41e2-8169-247be806d023" />
      <TestMethod codeBase="/mnt/d/git/aula/src/Aula.Tests/bin/Debug/net9.0/Aula.Tests.dll" adapterTypeName="executor://xunit/VsTestRunner2/netcoreapp" className="Aula.Tests.Utilities.Html2SlackMarkdownConverterTests" name="Convert_WithScriptAndStyleTags_RemovesTagsButNotContent" />
    </UnitTest>
    <UnitTest name="Aula.Tests.Tools.AiToolsManagerTests.CreateReminderAsync_WithValidDateTime_CreatesReminder" storage="/mnt/d/git/aula/src/aula.tests/bin/debug/net9.0/aula.tests.dll" id="6234ecb8-e2dd-d37d-8721-81fdc7e6823a">
      <Execution id="7c81dab8-ef54-4d43-88fd-a7015c230429" />
      <TestMethod codeBase="/mnt/d/git/aula/src/Aula.Tests/bin/Debug/net9.0/Aula.Tests.dll" adapterTypeName="executor://xunit/VsTestRunner2/netcoreapp" className="Aula.Tests.Tools.AiToolsManagerTests" name="CreateReminderAsync_WithValidDateTime_CreatesReminder" />
    </UnitTest>
    <UnitTest name="Aula.Tests.Utilities.JsonFormatterTests.Prettify_WithWhitespaceOnly_ReturnsNull" storage="/mnt/d/git/aula/src/aula.tests/bin/debug/net9.0/aula.tests.dll" id="537ad07b-1b70-ec7a-fdb3-2e0fa41e5c23">
      <Execution id="c3a9823a-1559-4312-8666-fae7c22e0c38" />
      <TestMethod codeBase="/mnt/d/git/aula/src/Aula.Tests/bin/Debug/net9.0/Aula.Tests.dll" adapterTypeName="executor://xunit/VsTestRunner2/netcoreapp" className="Aula.Tests.Utilities.JsonFormatterTests" name="Prettify_WithWhitespaceOnly_ReturnsNull" />
    </UnitTest>
    <UnitTest name="Aula.Tests.Bots.TelegramMessageHandlerTests.HandleMessageAsync_WithCancellationToken_RespectsCancellation" storage="/mnt/d/git/aula/src/aula.tests/bin/debug/net9.0/aula.tests.dll" id="08f9b0f6-c970-f823-e359-90266e985263">
      <Execution id="d4eab834-2087-4b86-9eec-1690ce3a6361" />
      <TestMethod codeBase="/mnt/d/git/aula/src/Aula.Tests/bin/Debug/net9.0/Aula.Tests.dll" adapterTypeName="executor://xunit/VsTestRunner2/netcoreapp" className="Aula.Tests.Bots.TelegramMessageHandlerTests" name="HandleMessageAsync_WithCancellationToken_RespectsCancellation" />
    </UnitTest>
    <UnitTest name="Aula.Tests.Scheduling.SchedulingServiceIntegrationTests.Service_WithDifferentBotConfigurations_WorksCorrectly(slackEnabled: False, telegramEnabled: True)" storage="/mnt/d/git/aula/src/aula.tests/bin/debug/net9.0/aula.tests.dll" id="db1ac5c7-4d71-7640-4051-517cc2b3de0c">
      <Execution id="8f9471d5-9a34-4bd7-852d-f452bcd453f7" />
      <TestMethod codeBase="/mnt/d/git/aula/src/Aula.Tests/bin/Debug/net9.0/Aula.Tests.dll" adapterTypeName="executor://xunit/VsTestRunner2/netcoreapp" className="Aula.Tests.Scheduling.SchedulingServiceIntegrationTests" name="Service_WithDifferentBotConfigurations_WorksCorrectly" />
    </UnitTest>
    <UnitTest name="Aula.Tests.Utilities.ConversationContextTests.ToString_WithNullChildName_ReturnsNone" storage="/mnt/d/git/aula/src/aula.tests/bin/debug/net9.0/aula.tests.dll" id="7238819f-b48b-cc3e-dc7e-e183fab753be">
      <Execution id="f0cf4550-ed1e-4a2b-9b0a-6a41624e3875" />
      <TestMethod codeBase="/mnt/d/git/aula/src/Aula.Tests/bin/Debug/net9.0/Aula.Tests.dll" adapterTypeName="executor://xunit/VsTestRunner2/netcoreapp" className="Aula.Tests.Utilities.ConversationContextTests" name="ToString_WithNullChildName_ReturnsNone" />
    </UnitTest>
    <UnitTest name="Aula.Tests.Utilities.WeekLetterContentExtractorTests.ExtractContent_Dynamic_WithNullUgebreve_ReturnsEmptyString" storage="/mnt/d/git/aula/src/aula.tests/bin/debug/net9.0/aula.tests.dll" id="76863e49-5dff-990d-7038-a9b0865a8589">
      <Execution id="f2d38c3f-7c63-4986-8040-e00817f8f930" />
      <TestMethod codeBase="/mnt/d/git/aula/src/Aula.Tests/bin/Debug/net9.0/Aula.Tests.dll" adapterTypeName="executor://xunit/VsTestRunner2/netcoreapp" className="Aula.Tests.Utilities.WeekLetterContentExtractorTests" name="ExtractContent_Dynamic_WithNullUgebreve_ReturnsEmptyString" />
    </UnitTest>
    <UnitTest name="Aula.Tests.Bots.TelegramInteractiveBotTests.SendMessage_WithException_LogsError" storage="/mnt/d/git/aula/src/aula.tests/bin/debug/net9.0/aula.tests.dll" id="4adb4c0d-617b-d891-f63e-7a014d4b7e39">
      <Execution id="93a5b2b8-6c22-4f0b-a080-8d1701c4ceac" />
      <TestMethod codeBase="/mnt/d/git/aula/src/Aula.Tests/bin/Debug/net9.0/Aula.Tests.dll" adapterTypeName="executor://xunit/VsTestRunner2/netcoreapp" className="Aula.Tests.Bots.TelegramInteractiveBotTests" name="SendMessage_WithException_LogsError" />
    </UnitTest>
    <UnitTest name="Aula.Tests.Services.OpenAiServiceIntegrationTests.ExtractKeyInformationAsync_WithNullWeekLetter_ThrowsArgumentNullException(chatInterface: Telegram)" storage="/mnt/d/git/aula/src/aula.tests/bin/debug/net9.0/aula.tests.dll" id="5042f569-80ad-a5a6-d51b-90b46bce87a9">
      <Execution id="aa596017-6121-487e-b3eb-88748aa31c04" />
      <TestMethod codeBase="/mnt/d/git/aula/src/Aula.Tests/bin/Debug/net9.0/Aula.Tests.dll" adapterTypeName="executor://xunit/VsTestRunner2/netcoreapp" className="Aula.Tests.Services.OpenAiServiceIntegrationTests" name="ExtractKeyInformationAsync_WithNullWeekLetter_ThrowsArgumentNullException" />
    </UnitTest>
    <UnitTest name="Aula.Tests.Utilities.DateTimeUtilitiesTests.GetDanishDayName_ValidDayOfWeek_ReturnsCorrectDanishName(dayOfWeek: Thursday, expectedDanishName: &quot;torsdag&quot;)" storage="/mnt/d/git/aula/src/aula.tests/bin/debug/net9.0/aula.tests.dll" id="12c6c75b-17e2-768a-c582-545ad6254677">
      <Execution id="8a23a9f2-bbeb-42b0-a45b-3f5f4f721b2e" />
      <TestMethod codeBase="/mnt/d/git/aula/src/Aula.Tests/bin/Debug/net9.0/Aula.Tests.dll" adapterTypeName="executor://xunit/VsTestRunner2/netcoreapp" className="Aula.Tests.Utilities.DateTimeUtilitiesTests" name="GetDanishDayName_ValidDayOfWeek_ReturnsCorrectDanishName" />
    </UnitTest>
    <UnitTest name="Aula.Tests.Bots.SlackInteractiveBotTests.SendMessage_WithValidText_SendsSuccessfully" storage="/mnt/d/git/aula/src/aula.tests/bin/debug/net9.0/aula.tests.dll" id="e2fe22aa-9b88-2a0d-2525-75fe06705548">
      <Execution id="e70bb432-82f9-4502-8301-c157ad7a9942" />
      <TestMethod codeBase="/mnt/d/git/aula/src/Aula.Tests/bin/Debug/net9.0/Aula.Tests.dll" adapterTypeName="executor://xunit/VsTestRunner2/netcoreapp" className="Aula.Tests.Bots.SlackInteractiveBotTests" name="SendMessage_WithValidText_SendsSuccessfully" />
    </UnitTest>
    <UnitTest name="Aula.Tests.Utilities.ReminderExtractionPromptsTests.GetExtractionPrompt_ContainsRelativeDateExamples" storage="/mnt/d/git/aula/src/aula.tests/bin/debug/net9.0/aula.tests.dll" id="4eec350c-78eb-2a68-cc2e-22085c8e2c8c">
      <Execution id="ff1c9add-ab4b-4d03-b4ba-4f18e7d8b245" />
      <TestMethod codeBase="/mnt/d/git/aula/src/Aula.Tests/bin/Debug/net9.0/Aula.Tests.dll" adapterTypeName="executor://xunit/VsTestRunner2/netcoreapp" className="Aula.Tests.Utilities.ReminderExtractionPromptsTests" name="GetExtractionPrompt_ContainsRelativeDateExamples" />
    </UnitTest>
    <UnitTest name="Aula.Tests.Configuration.ConfigurationTests.Slack_ChannelId_ValidationTests(channelId: &quot;   &quot;, isValid: False)" storage="/mnt/d/git/aula/src/aula.tests/bin/debug/net9.0/aula.tests.dll" id="f5c58e94-9cf1-991c-aa85-75e7d2a200a6">
      <Execution id="b03bee85-6fb6-45d6-9ef1-3223a2146e03" />
      <TestMethod codeBase="/mnt/d/git/aula/src/Aula.Tests/bin/Debug/net9.0/Aula.Tests.dll" adapterTypeName="executor://xunit/VsTestRunner2/netcoreapp" className="Aula.Tests.Configuration.ConfigurationTests" name="Slack_ChannelId_ValidationTests" />
    </UnitTest>
    <UnitTest name="Aula.Tests.Utilities.Html2SlackMarkdownConverterTests.Convert_PreservesTextOrder" storage="/mnt/d/git/aula/src/aula.tests/bin/debug/net9.0/aula.tests.dll" id="76e83c15-4958-72c0-6072-2306062f6c27">
      <Execution id="58f03fcd-0e15-4242-b2d0-3b3c6f8f5f90" />
      <TestMethod codeBase="/mnt/d/git/aula/src/Aula.Tests/bin/Debug/net9.0/Aula.Tests.dll" adapterTypeName="executor://xunit/VsTestRunner2/netcoreapp" className="Aula.Tests.Utilities.Html2SlackMarkdownConverterTests" name="Convert_PreservesTextOrder" />
    </UnitTest>
    <UnitTest name="Aula.Tests.Channels.SlackBotTests.PostWeekLetter_WithVariousChildNames_HandlesCorrectly(firstName: &quot;Hans Martin&quot;)" storage="/mnt/d/git/aula/src/aula.tests/bin/debug/net9.0/aula.tests.dll" id="20f7b20d-6fda-90c5-179b-3395a4df9b7c">
      <Execution id="628d6d7f-6088-45ec-bb53-f9e095184fe2" />
      <TestMethod codeBase="/mnt/d/git/aula/src/Aula.Tests/bin/Debug/net9.0/Aula.Tests.dll" adapterTypeName="executor://xunit/VsTestRunner2/netcoreapp" className="Aula.Tests.Channels.SlackBotTests" name="PostWeekLetter_WithVariousChildNames_HandlesCorrectly" />
    </UnitTest>
    <UnitTest name="Aula.Tests.Bots.TelegramInteractiveBotTests.Constructor_WithNullLoggerFactory_ThrowsArgumentNullException" storage="/mnt/d/git/aula/src/aula.tests/bin/debug/net9.0/aula.tests.dll" id="2d7c87f9-92d6-6d29-4cc3-8c2788e75a11">
      <Execution id="cc4590eb-cfee-44a0-ad5d-d89581880be3" />
      <TestMethod codeBase="/mnt/d/git/aula/src/Aula.Tests/bin/Debug/net9.0/Aula.Tests.dll" adapterTypeName="executor://xunit/VsTestRunner2/netcoreapp" className="Aula.Tests.Bots.TelegramInteractiveBotTests" name="Constructor_WithNullLoggerFactory_ThrowsArgumentNullException" />
    </UnitTest>
    <UnitTest name="Aula.Tests.Utilities.FollowUpQuestionDetectorTests.IsFollowUpQuestion_WithShortFollowUps_ReturnsTrue(input: &quot;Okay&quot;)" storage="/mnt/d/git/aula/src/aula.tests/bin/debug/net9.0/aula.tests.dll" id="900f1247-1180-3eee-0ffc-f108426b3d75">
      <Execution id="90f46fda-455b-41a3-a4d6-4f6edb515dae" />
      <TestMethod codeBase="/mnt/d/git/aula/src/Aula.Tests/bin/Debug/net9.0/Aula.Tests.dll" adapterTypeName="executor://xunit/VsTestRunner2/netcoreapp" className="Aula.Tests.Utilities.FollowUpQuestionDetectorTests" name="IsFollowUpQuestion_WithShortFollowUps_ReturnsTrue" />
    </UnitTest>
    <UnitTest name="Aula.Tests.Configuration.ConfigurationTests.Supabase_ConfigurationIsCorrect" storage="/mnt/d/git/aula/src/aula.tests/bin/debug/net9.0/aula.tests.dll" id="10351b87-cca7-9abd-49aa-c981441e9d37">
      <Execution id="e837e038-8313-4849-b499-98b54483b1e3" />
      <TestMethod codeBase="/mnt/d/git/aula/src/Aula.Tests/bin/Debug/net9.0/Aula.Tests.dll" adapterTypeName="executor://xunit/VsTestRunner2/netcoreapp" className="Aula.Tests.Configuration.ConfigurationTests" name="Supabase_ConfigurationIsCorrect" />
    </UnitTest>
    <UnitTest name="Aula.Tests.Bots.SlackMessageHandlerTests.HandleMessageAsync_LogsMessageProcessing" storage="/mnt/d/git/aula/src/aula.tests/bin/debug/net9.0/aula.tests.dll" id="0b67917b-52fb-a452-3f0c-630f8ae99c50">
      <Execution id="91ea24b6-9595-4b82-97fe-d2494d56d86b" />
      <TestMethod codeBase="/mnt/d/git/aula/src/Aula.Tests/bin/Debug/net9.0/Aula.Tests.dll" adapterTypeName="executor://xunit/VsTestRunner2/netcoreapp" className="Aula.Tests.Bots.SlackMessageHandlerTests" name="HandleMessageAsync_LogsMessageProcessing" />
    </UnitTest>
    <UnitTest name="Aula.Tests.Channels.TelegramClientTests.PostWeekLetter_WithVariousChildNames_HandlesCorrectly(firstName: &quot;Hans Martin&quot;)" storage="/mnt/d/git/aula/src/aula.tests/bin/debug/net9.0/aula.tests.dll" id="e82c4cb9-864b-593c-f310-4d201e527a40">
      <Execution id="1c1c583a-b9f5-4255-bded-bab0521e72df" />
      <TestMethod codeBase="/mnt/d/git/aula/src/Aula.Tests/bin/Debug/net9.0/Aula.Tests.dll" adapterTypeName="executor://xunit/VsTestRunner2/netcoreapp" className="Aula.Tests.Channels.TelegramClientTests" name="PostWeekLetter_WithVariousChildNames_HandlesCorrectly" />
    </UnitTest>
    <UnitTest name="Aula.Tests.Scheduling.SchedulingServiceIntegrationTests.Service_WithDifferentBotConfigurations_WorksCorrectly(slackEnabled: True, telegramEnabled: False)" storage="/mnt/d/git/aula/src/aula.tests/bin/debug/net9.0/aula.tests.dll" id="8206dafa-8025-c018-8995-db764f6cc603">
      <Execution id="93b1f021-dfe4-4646-ad38-7d79321d3330" />
      <TestMethod codeBase="/mnt/d/git/aula/src/Aula.Tests/bin/Debug/net9.0/Aula.Tests.dll" adapterTypeName="executor://xunit/VsTestRunner2/netcoreapp" className="Aula.Tests.Scheduling.SchedulingServiceIntegrationTests" name="Service_WithDifferentBotConfigurations_WorksCorrectly" />
    </UnitTest>
    <UnitTest name="Aula.Tests.Utilities.FollowUpQuestionDetectorTests.IsFollowUpQuestion_WithNullInput_ReturnsFalse" storage="/mnt/d/git/aula/src/aula.tests/bin/debug/net9.0/aula.tests.dll" id="5749c604-52df-ef4c-d6f1-907c4b7b515f">
      <Execution id="367b21d6-e22f-45c6-bdca-95f54ad9a82d" />
      <TestMethod codeBase="/mnt/d/git/aula/src/Aula.Tests/bin/Debug/net9.0/Aula.Tests.dll" adapterTypeName="executor://xunit/VsTestRunner2/netcoreapp" className="Aula.Tests.Utilities.FollowUpQuestionDetectorTests" name="IsFollowUpQuestion_WithNullInput_ReturnsFalse" />
    </UnitTest>
    <UnitTest name="Aula.Tests.Bots.SlackMessageHandlerTests.Constructor_WithNullChildrenByName_ThrowsArgumentNullException" storage="/mnt/d/git/aula/src/aula.tests/bin/debug/net9.0/aula.tests.dll" id="0d3d8599-f426-1393-a900-8c97239c2db0">
      <Execution id="773f6856-fa55-41ce-9b12-4e789718cf59" />
      <TestMethod codeBase="/mnt/d/git/aula/src/Aula.Tests/bin/Debug/net9.0/Aula.Tests.dll" adapterTypeName="executor://xunit/VsTestRunner2/netcoreapp" className="Aula.Tests.Bots.SlackMessageHandlerTests" name="Constructor_WithNullChildrenByName_ThrowsArgumentNullException" />
    </UnitTest>
    <UnitTest name="Aula.Tests.Utilities.ConversationContextManagerTests.Constructor_WithNullLogger_ThrowsArgumentNullException" storage="/mnt/d/git/aula/src/aula.tests/bin/debug/net9.0/aula.tests.dll" id="a7a3158e-1399-dbdf-e50f-3716ddb1ba8c">
      <Execution id="b0cb572a-e30f-4f91-bdaf-81f021e128a2" />
      <TestMethod codeBase="/mnt/d/git/aula/src/Aula.Tests/bin/Debug/net9.0/Aula.Tests.dll" adapterTypeName="executor://xunit/VsTestRunner2/netcoreapp" className="Aula.Tests.Utilities.ConversationContextManagerTests" name="Constructor_WithNullLogger_ThrowsArgumentNullException" />
    </UnitTest>
    <UnitTest name="Aula.Tests.Services.DataModelTests.ScheduledTask_CronExpression_CanBeSet(cronExpression: &quot;0 16 * * 0&quot;, description: &quot;Weekly at 4 PM on Sundays&quot;)" storage="/mnt/d/git/aula/src/aula.tests/bin/debug/net9.0/aula.tests.dll" id="3076346f-e719-f439-3898-289f35032ef1">
      <Execution id="8f11f735-3090-44c0-9af4-1dd5cc458bd9" />
      <TestMethod codeBase="/mnt/d/git/aula/src/Aula.Tests/bin/Debug/net9.0/Aula.Tests.dll" adapterTypeName="executor://xunit/VsTestRunner2/netcoreapp" className="Aula.Tests.Services.DataModelTests" name="ScheduledTask_CronExpression_CanBeSet" />
    </UnitTest>
    <UnitTest name="Aula.Tests.Utilities.ConversationContextTests.ToString_WithEmptyChildName_ShowsEmptyString" storage="/mnt/d/git/aula/src/aula.tests/bin/debug/net9.0/aula.tests.dll" id="2c92fdb3-d95d-1632-c5b9-2a0e8c5892ee">
      <Execution id="64e1774b-4c03-446d-926a-58e89207868d" />
      <TestMethod codeBase="/mnt/d/git/aula/src/Aula.Tests/bin/Debug/net9.0/Aula.Tests.dll" adapterTypeName="executor://xunit/VsTestRunner2/netcoreapp" className="Aula.Tests.Utilities.ConversationContextTests" name="ToString_WithEmptyChildName_ShowsEmptyString" />
    </UnitTest>
    <UnitTest name="Aula.Tests.Channels.SlackBotTests.PostWeekLetter_WithVariousChildColors_HandlesCorrectly(color: &quot;#0000FF&quot;)" storage="/mnt/d/git/aula/src/aula.tests/bin/debug/net9.0/aula.tests.dll" id="0f731173-747f-4b49-2f2d-d518fc733b7a">
      <Execution id="6a688e4d-87cb-45a7-916c-d94bb248faed" />
      <TestMethod codeBase="/mnt/d/git/aula/src/Aula.Tests/bin/Debug/net9.0/Aula.Tests.dll" adapterTypeName="executor://xunit/VsTestRunner2/netcoreapp" className="Aula.Tests.Channels.SlackBotTests" name="PostWeekLetter_WithVariousChildColors_HandlesCorrectly" />
    </UnitTest>
    <UnitTest name="Aula.Tests.Services.OpenAiServiceIntegrationTests.AskQuestionAboutWeekLetterAsync_WithNullWeekLetter_ThrowsArgumentNullException(chatInterface: Slack)" storage="/mnt/d/git/aula/src/aula.tests/bin/debug/net9.0/aula.tests.dll" id="112c074c-c91e-2a6e-3358-6a9304c63b95">
      <Execution id="407d4719-f7ba-4f54-8880-0ff9675b083e" />
      <TestMethod codeBase="/mnt/d/git/aula/src/Aula.Tests/bin/Debug/net9.0/Aula.Tests.dll" adapterTypeName="executor://xunit/VsTestRunner2/netcoreapp" className="Aula.Tests.Services.OpenAiServiceIntegrationTests" name="AskQuestionAboutWeekLetterAsync_WithNullWeekLetter_ThrowsArgumentNullException" />
    </UnitTest>
    <UnitTest name="Aula.Tests.Utilities.FollowUpQuestionDetectorTests.IsFollowUpQuestion_WithDanishFollowUpPhrases_ReturnsTrue(input: &quot;hvordan med Liam&quot;)" storage="/mnt/d/git/aula/src/aula.tests/bin/debug/net9.0/aula.tests.dll" id="5c459586-7f42-89d7-f28d-c1bb3f1f4b97">
      <Execution id="86c63c95-8202-44c5-b86b-f6ad428c9cbb" />
      <TestMethod codeBase="/mnt/d/git/aula/src/Aula.Tests/bin/Debug/net9.0/Aula.Tests.dll" adapterTypeName="executor://xunit/VsTestRunner2/netcoreapp" className="Aula.Tests.Utilities.FollowUpQuestionDetectorTests" name="IsFollowUpQuestion_WithDanishFollowUpPhrases_ReturnsTrue" />
    </UnitTest>
    <UnitTest name="Aula.Tests.Bots.SlackMessageHandlerTests.Constructor_WithNullConfig_ThrowsArgumentNullException" storage="/mnt/d/git/aula/src/aula.tests/bin/debug/net9.0/aula.tests.dll" id="eefc6d24-5020-8505-1dbb-9868d5500570">
      <Execution id="36007e19-b5f0-4f57-9cab-a34d4963f9a0" />
      <TestMethod codeBase="/mnt/d/git/aula/src/Aula.Tests/bin/Debug/net9.0/Aula.Tests.dll" adapterTypeName="executor://xunit/VsTestRunner2/netcoreapp" className="Aula.Tests.Bots.SlackMessageHandlerTests" name="Constructor_WithNullConfig_ThrowsArgumentNullException" />
    </UnitTest>
    <UnitTest name="Aula.Tests.Utilities.IntentAnalysisPromptsTests.ToolExamples_ToolCallExamples_FollowCorrectFormat" storage="/mnt/d/git/aula/src/aula.tests/bin/debug/net9.0/aula.tests.dll" id="bfbb79be-1fcf-163a-7e39-8393a3a71050">
      <Execution id="f1f8ce2b-7a91-46d3-a79f-1bb232432904" />
      <TestMethod codeBase="/mnt/d/git/aula/src/Aula.Tests/bin/Debug/net9.0/Aula.Tests.dll" adapterTypeName="executor://xunit/VsTestRunner2/netcoreapp" className="Aula.Tests.Utilities.IntentAnalysisPromptsTests" name="ToolExamples_ToolCallExamples_FollowCorrectFormat" />
    </UnitTest>
    <UnitTest name="Aula.Tests.Services.DataServiceTests.GetWeekSchedule_ReturnsNull_WhenNotInCache" storage="/mnt/d/git/aula/src/aula.tests/bin/debug/net9.0/aula.tests.dll" id="ab120f5f-70c1-1c2c-37fe-0285fb96cb1f">
      <Execution id="8e6e1a0e-9a2b-4d18-800d-f4b16cc8c5cb" />
      <TestMethod codeBase="/mnt/d/git/aula/src/Aula.Tests/bin/Debug/net9.0/Aula.Tests.dll" adapterTypeName="executor://xunit/VsTestRunner2/netcoreapp" className="Aula.Tests.Services.DataServiceTests" name="GetWeekSchedule_ReturnsNull_WhenNotInCache" />
    </UnitTest>
    <UnitTest name="Aula.Tests.Utilities.FollowUpQuestionDetectorTests.IsFollowUpQuestion_WithDanishFollowUpPhrases_ReturnsTrue(input: &quot;hvad med Emma&quot;)" storage="/mnt/d/git/aula/src/aula.tests/bin/debug/net9.0/aula.tests.dll" id="8c3471e8-fc32-9e5a-4e09-9595c65b9cfb">
      <Execution id="4efbcd7d-44ec-4311-b7f2-45ea73dbb7d1" />
      <TestMethod codeBase="/mnt/d/git/aula/src/Aula.Tests/bin/Debug/net9.0/Aula.Tests.dll" adapterTypeName="executor://xunit/VsTestRunner2/netcoreapp" className="Aula.Tests.Utilities.FollowUpQuestionDetectorTests" name="IsFollowUpQuestion_WithDanishFollowUpPhrases_ReturnsTrue" />
    </UnitTest>
    <UnitTest name="Aula.Tests.Configuration.ConfigurationTests.Features_ConversationCacheExpiration_ValidationTests(minutes: 30, isValid: True)" storage="/mnt/d/git/aula/src/aula.tests/bin/debug/net9.0/aula.tests.dll" id="20824924-0d17-ff1e-4d7b-1e65a0dd7f7d">
      <Execution id="9d9f791c-3e80-42dd-bc04-12b05b736626" />
      <TestMethod codeBase="/mnt/d/git/aula/src/Aula.Tests/bin/Debug/net9.0/Aula.Tests.dll" adapterTypeName="executor://xunit/VsTestRunner2/netcoreapp" className="Aula.Tests.Configuration.ConfigurationTests" name="Features_ConversationCacheExpiration_ValidationTests" />
    </UnitTest>
    <UnitTest name="Aula.Tests.Configuration.ConfigurationTests.GoogleServiceAccount_ConfigurationIsCorrect" storage="/mnt/d/git/aula/src/aula.tests/bin/debug/net9.0/aula.tests.dll" id="07e0302f-2dc8-4d9e-5870-92f7c56a6ee3">
      <Execution id="f830c513-ad5d-4273-8757-6fd35315b2d2" />
      <TestMethod codeBase="/mnt/d/git/aula/src/Aula.Tests/bin/Debug/net9.0/Aula.Tests.dll" adapterTypeName="executor://xunit/VsTestRunner2/netcoreapp" className="Aula.Tests.Configuration.ConfigurationTests" name="GoogleServiceAccount_ConfigurationIsCorrect" />
    </UnitTest>
    <UnitTest name="Aula.Tests.Channels.TelegramClientTests.PostWeekLetter_WithVariousChildNames_HandlesCorrectly(firstName: &quot;&quot;)" storage="/mnt/d/git/aula/src/aula.tests/bin/debug/net9.0/aula.tests.dll" id="24bf56f7-ba67-57f2-f501-175bd348de63">
      <Execution id="a5e7cdcc-2452-4208-bc7f-240bab120d46" />
      <TestMethod codeBase="/mnt/d/git/aula/src/Aula.Tests/bin/Debug/net9.0/Aula.Tests.dll" adapterTypeName="executor://xunit/VsTestRunner2/netcoreapp" className="Aula.Tests.Channels.TelegramClientTests" name="PostWeekLetter_WithVariousChildNames_HandlesCorrectly" />
    </UnitTest>
    <UnitTest name="Aula.Tests.Utilities.Html2SlackMarkdownConverterTests.Convert_WithPartialTags_HandlesGracefully(html: &quot;&lt;/p&gt;&quot;)" storage="/mnt/d/git/aula/src/aula.tests/bin/debug/net9.0/aula.tests.dll" id="ab8c7a74-84b9-4ead-0c18-89aab1a19e51">
      <Execution id="9439b734-e59c-4fb0-8d37-ee4dbdc31ebc" />
      <TestMethod codeBase="/mnt/d/git/aula/src/Aula.Tests/bin/Debug/net9.0/Aula.Tests.dll" adapterTypeName="executor://xunit/VsTestRunner2/netcoreapp" className="Aula.Tests.Utilities.Html2SlackMarkdownConverterTests" name="Convert_WithPartialTags_HandlesGracefully" />
    </UnitTest>
    <UnitTest name="Aula.Tests.Services.OpenAiServiceIntegrationTests.ProcessQueryWithToolsAsync_WithValidParameters_CallsApiWithCorrectParameters" storage="/mnt/d/git/aula/src/aula.tests/bin/debug/net9.0/aula.tests.dll" id="2ec4bb68-9993-76c1-0376-5d281d5240c0">
      <Execution id="6d9a6bdf-7d14-4506-8b84-94b28370c94c" />
      <TestMethod codeBase="/mnt/d/git/aula/src/Aula.Tests/bin/Debug/net9.0/Aula.Tests.dll" adapterTypeName="executor://xunit/VsTestRunner2/netcoreapp" className="Aula.Tests.Services.OpenAiServiceIntegrationTests" name="ProcessQueryWithToolsAsync_WithValidParameters_CallsApiWithCorrectParameters" />
    </UnitTest>
    <UnitTest name="Aula.Tests.Utilities.ReminderExtractionPromptsTests.GetExtractionPrompt_ContainsInstructionsForChildNameExtraction" storage="/mnt/d/git/aula/src/aula.tests/bin/debug/net9.0/aula.tests.dll" id="d61978d5-101a-092e-d93c-a7eb57a0d4f9">
      <Execution id="ee9028c0-02d3-44c0-86bb-2031d9473ae2" />
      <TestMethod codeBase="/mnt/d/git/aula/src/Aula.Tests/bin/Debug/net9.0/Aula.Tests.dll" adapterTypeName="executor://xunit/VsTestRunner2/netcoreapp" className="Aula.Tests.Utilities.ReminderExtractionPromptsTests" name="GetExtractionPrompt_ContainsInstructionsForChildNameExtraction" />
    </UnitTest>
    <UnitTest name="Aula.Tests.Tools.ReminderCommandHandlerTests.Constructor_WithNullChildrenByName_ThrowsArgumentNullException" storage="/mnt/d/git/aula/src/aula.tests/bin/debug/net9.0/aula.tests.dll" id="87b7e046-4300-6ba7-be8d-14de8ee31c5f">
      <Execution id="886438e1-9e54-4c84-be60-4c554888f259" />
      <TestMethod codeBase="/mnt/d/git/aula/src/Aula.Tests/bin/Debug/net9.0/Aula.Tests.dll" adapterTypeName="executor://xunit/VsTestRunner2/netcoreapp" className="Aula.Tests.Tools.ReminderCommandHandlerTests" name="Constructor_WithNullChildrenByName_ThrowsArgumentNullException" />
    </UnitTest>
    <UnitTest name="Aula.Tests.Utilities.JsonFormatterTests.Prettify_WithComplexNestedStructure_FormatsCorrectly" storage="/mnt/d/git/aula/src/aula.tests/bin/debug/net9.0/aula.tests.dll" id="cfdde69f-bd6f-9d86-5859-a1ef9746cd64">
      <Execution id="2945dc8b-1e24-42de-ae12-b9af67765790" />
      <TestMethod codeBase="/mnt/d/git/aula/src/Aula.Tests/bin/Debug/net9.0/Aula.Tests.dll" adapterTypeName="executor://xunit/VsTestRunner2/netcoreapp" className="Aula.Tests.Utilities.JsonFormatterTests" name="Prettify_WithComplexNestedStructure_FormatsCorrectly" />
    </UnitTest>
    <UnitTest name="Aula.Tests.Utilities.Html2SlackMarkdownConverterTests.Convert_WithScriptAndStyleTags_RemovesTagsButNotContent(html: &quot;&lt;script&gt;alert('xss')&lt;/script&gt;&lt;p&gt;Content&lt;/p&gt;&quot;)" storage="/mnt/d/git/aula/src/aula.tests/bin/debug/net9.0/aula.tests.dll" id="085515b8-4fc1-99b2-eae0-b56b9cad0980">
      <Execution id="334edd74-fe45-4bf9-8a24-aae8f65011d4" />
      <TestMethod codeBase="/mnt/d/git/aula/src/Aula.Tests/bin/Debug/net9.0/Aula.Tests.dll" adapterTypeName="executor://xunit/VsTestRunner2/netcoreapp" className="Aula.Tests.Utilities.Html2SlackMarkdownConverterTests" name="Convert_WithScriptAndStyleTags_RemovesTagsButNotContent" />
    </UnitTest>
    <UnitTest name="Aula.Tests.Tools.ReminderCommandHandlerTests.TryHandleReminderCommand_AddReminder_ValidFormats_ReturnsSuccess(command: &quot;remind me tomorrow at 8:00 that Hans has Haver til&quot;···, isEnglish: True, expectedChildName: &quot;Hans Jensen&quot;)" storage="/mnt/d/git/aula/src/aula.tests/bin/debug/net9.0/aula.tests.dll" id="f373b350-fc52-4fbc-ec82-56bf220e0771">
      <Execution id="476b66e7-5690-454d-a9ab-f28ee4aad2e3" />
      <TestMethod codeBase="/mnt/d/git/aula/src/Aula.Tests/bin/Debug/net9.0/Aula.Tests.dll" adapterTypeName="executor://xunit/VsTestRunner2/netcoreapp" className="Aula.Tests.Tools.ReminderCommandHandlerTests" name="TryHandleReminderCommand_AddReminder_ValidFormats_ReturnsSuccess" />
    </UnitTest>
    <UnitTest name="Aula.Tests.Utilities.FollowUpQuestionDetectorTests.IsFollowUpQuestion_WithEnglishFollowUpPhrases_ReturnsTrue(input: &quot;What About Emma?&quot;)" storage="/mnt/d/git/aula/src/aula.tests/bin/debug/net9.0/aula.tests.dll" id="abd8e945-1cd6-1c43-f5d4-1f844731781d">
      <Execution id="2bd6cf2d-f776-4452-a078-b82e0c37d59c" />
      <TestMethod codeBase="/mnt/d/git/aula/src/Aula.Tests/bin/Debug/net9.0/Aula.Tests.dll" adapterTypeName="executor://xunit/VsTestRunner2/netcoreapp" className="Aula.Tests.Utilities.FollowUpQuestionDetectorTests" name="IsFollowUpQuestion_WithEnglishFollowUpPhrases_ReturnsTrue" />
    </UnitTest>
    <UnitTest name="Aula.Tests.Services.DataModelTests.Reminder_DateTimeHandling_WorksCorrectly" storage="/mnt/d/git/aula/src/aula.tests/bin/debug/net9.0/aula.tests.dll" id="ad0d39e5-00d7-6228-aeb3-c91c6b3da5f5">
      <Execution id="b499af06-dd34-4a48-9caa-3bef53e78403" />
      <TestMethod codeBase="/mnt/d/git/aula/src/Aula.Tests/bin/Debug/net9.0/Aula.Tests.dll" adapterTypeName="executor://xunit/VsTestRunner2/netcoreapp" className="Aula.Tests.Services.DataModelTests" name="Reminder_DateTimeHandling_WorksCorrectly" />
    </UnitTest>
    <UnitTest name="Aula.Tests.Utilities.ReminderExtractionPromptsTests.GetExtractionPrompt_WithSpecialCharactersInQuery_HandlesCorrectly" storage="/mnt/d/git/aula/src/aula.tests/bin/debug/net9.0/aula.tests.dll" id="bd86868a-64af-fa50-efe0-a7e95aa9f5c1">
      <Execution id="312bbfca-5b16-41bf-96a2-d189f54ad8c7" />
      <TestMethod codeBase="/mnt/d/git/aula/src/Aula.Tests/bin/Debug/net9.0/Aula.Tests.dll" adapterTypeName="executor://xunit/VsTestRunner2/netcoreapp" className="Aula.Tests.Utilities.ReminderExtractionPromptsTests" name="GetExtractionPrompt_WithSpecialCharactersInQuery_HandlesCorrectly" />
    </UnitTest>
    <UnitTest name="Aula.Tests.Bots.SlackMessageHandlerTests.HandleMessageAsync_WithNullText_ReturnsFalse" storage="/mnt/d/git/aula/src/aula.tests/bin/debug/net9.0/aula.tests.dll" id="2435f07f-4cdd-eeff-ea35-46385277928d">
      <Execution id="d7644eef-65e4-435f-8133-5a4c90e7e3bf" />
      <TestMethod codeBase="/mnt/d/git/aula/src/Aula.Tests/bin/Debug/net9.0/Aula.Tests.dll" adapterTypeName="executor://xunit/VsTestRunner2/netcoreapp" className="Aula.Tests.Bots.SlackMessageHandlerTests" name="HandleMessageAsync_WithNullText_ReturnsFalse" />
    </UnitTest>
    <UnitTest name="Aula.Tests.Channels.TelegramClientTests.Constructor_WithConfig_EnabledTrue_CreatesInstance" storage="/mnt/d/git/aula/src/aula.tests/bin/debug/net9.0/aula.tests.dll" id="2dc6c47b-b5f0-933c-7989-ac5759dd4706">
      <Execution id="4629ef83-7591-4a67-80d5-412129c1dfaf" />
      <TestMethod codeBase="/mnt/d/git/aula/src/Aula.Tests/bin/Debug/net9.0/Aula.Tests.dll" adapterTypeName="executor://xunit/VsTestRunner2/netcoreapp" className="Aula.Tests.Channels.TelegramClientTests" name="Constructor_WithConfig_EnabledTrue_CreatesInstance" />
    </UnitTest>
    <UnitTest name="Aula.Tests.Utilities.Html2SlackMarkdownConverterTests.Convert_WithVeryLongContent_HandlesPerformantly" storage="/mnt/d/git/aula/src/aula.tests/bin/debug/net9.0/aula.tests.dll" id="0de09b0b-f0e0-0518-809a-6a317cadda64">
      <Execution id="4733fef0-c180-4d26-8a0b-0a06f5bbeb23" />
      <TestMethod codeBase="/mnt/d/git/aula/src/Aula.Tests/bin/Debug/net9.0/Aula.Tests.dll" adapterTypeName="executor://xunit/VsTestRunner2/netcoreapp" className="Aula.Tests.Utilities.Html2SlackMarkdownConverterTests" name="Convert_WithVeryLongContent_HandlesPerformantly" />
    </UnitTest>
    <UnitTest name="Aula.Tests.Channels.SlackBotTests.PostWeekLetter_WithValidInputs_DoesNotThrow" storage="/mnt/d/git/aula/src/aula.tests/bin/debug/net9.0/aula.tests.dll" id="4215f164-2029-10cd-3890-50362921a7d9">
      <Execution id="91377b71-f24d-46b4-a142-3f7e7b404102" />
      <TestMethod codeBase="/mnt/d/git/aula/src/Aula.Tests/bin/Debug/net9.0/Aula.Tests.dll" adapterTypeName="executor://xunit/VsTestRunner2/netcoreapp" className="Aula.Tests.Channels.SlackBotTests" name="PostWeekLetter_WithValidInputs_DoesNotThrow" />
    </UnitTest>
    <UnitTest name="Aula.Tests.Bots.TelegramMessageHandlerTests.HandleMessageAsync_WithNonTextMessage_ReturnsEarly" storage="/mnt/d/git/aula/src/aula.tests/bin/debug/net9.0/aula.tests.dll" id="dafa776a-6a08-1272-aac7-ca70346aa44a">
      <Execution id="d94c364c-7d2a-4987-a7fa-c3473261bf1e" />
      <TestMethod codeBase="/mnt/d/git/aula/src/Aula.Tests/bin/Debug/net9.0/Aula.Tests.dll" adapterTypeName="executor://xunit/VsTestRunner2/netcoreapp" className="Aula.Tests.Bots.TelegramMessageHandlerTests" name="HandleMessageAsync_WithNonTextMessage_ReturnsEarly" />
    </UnitTest>
    <UnitTest name="Aula.Tests.Utilities.IntentAnalysisPromptsTests.ToolExamples_ContainsRequiredKeys(key: &quot;DELETE_REMINDER&quot;)" storage="/mnt/d/git/aula/src/aula.tests/bin/debug/net9.0/aula.tests.dll" id="809e3c71-6273-6b66-fb1e-4defb84e10e0">
      <Execution id="99ff6b4b-4358-4997-ace4-148ca81532d8" />
      <TestMethod codeBase="/mnt/d/git/aula/src/Aula.Tests/bin/Debug/net9.0/Aula.Tests.dll" adapterTypeName="executor://xunit/VsTestRunner2/netcoreapp" className="Aula.Tests.Utilities.IntentAnalysisPromptsTests" name="ToolExamples_ContainsRequiredKeys" />
    </UnitTest>
    <UnitTest name="Aula.Tests.Utilities.Html2SlackMarkdownConverterTests.Convert_WithEmptyString_ReturnsEmptyString" storage="/mnt/d/git/aula/src/aula.tests/bin/debug/net9.0/aula.tests.dll" id="2d7011d5-0d18-55b9-d3f3-68998c9945f9">
      <Execution id="61781c63-d535-44cc-bb7c-37f3bee985f5" />
      <TestMethod codeBase="/mnt/d/git/aula/src/Aula.Tests/bin/Debug/net9.0/Aula.Tests.dll" adapterTypeName="executor://xunit/VsTestRunner2/netcoreapp" className="Aula.Tests.Utilities.Html2SlackMarkdownConverterTests" name="Convert_WithEmptyString_ReturnsEmptyString" />
    </UnitTest>
    <UnitTest name="Aula.Tests.Utilities.FollowUpQuestionDetectorTests.IsFollowUpQuestion_WithEmptyInput_ReturnsFalse" storage="/mnt/d/git/aula/src/aula.tests/bin/debug/net9.0/aula.tests.dll" id="50dcaab1-381b-ffdd-0774-bfbc00f359f9">
      <Execution id="c5c3f035-a9a2-4fe1-a792-56e935f39a8e" />
      <TestMethod codeBase="/mnt/d/git/aula/src/Aula.Tests/bin/Debug/net9.0/Aula.Tests.dll" adapterTypeName="executor://xunit/VsTestRunner2/netcoreapp" className="Aula.Tests.Utilities.FollowUpQuestionDetectorTests" name="IsFollowUpQuestion_WithEmptyInput_ReturnsFalse" />
    </UnitTest>
    <UnitTest name="Aula.Tests.Services.SupabaseServiceTests.WeekLetterParameters_WithValidValues_AreInValidRange(childName: &quot;TestChild&quot;, weekNumber: 42, year: 2023)" storage="/mnt/d/git/aula/src/aula.tests/bin/debug/net9.0/aula.tests.dll" id="336b2beb-eb54-f0ba-e24b-08204093e0aa">
      <Execution id="85bb6a2b-eb8d-46f8-8fc9-4d24671aadca" />
      <TestMethod codeBase="/mnt/d/git/aula/src/Aula.Tests/bin/Debug/net9.0/Aula.Tests.dll" adapterTypeName="executor://xunit/VsTestRunner2/netcoreapp" className="Aula.Tests.Services.SupabaseServiceTests" name="WeekLetterParameters_WithValidValues_AreInValidRange" />
    </UnitTest>
    <UnitTest name="Aula.Tests.Utilities.FollowUpQuestionDetectorTests.IsFollowUpQuestion_WithLongMessageContainingChildName_ReturnsFalse(input: &quot;A detailed question about Liam's homework that is &quot;···)" storage="/mnt/d/git/aula/src/aula.tests/bin/debug/net9.0/aula.tests.dll" id="3dfa9941-19c4-5af8-c083-d23b4b389829">
      <Execution id="86f6fc78-1e28-4468-ad18-54b5fdc5167b" />
      <TestMethod codeBase="/mnt/d/git/aula/src/Aula.Tests/bin/Debug/net9.0/Aula.Tests.dll" adapterTypeName="executor://xunit/VsTestRunner2/netcoreapp" className="Aula.Tests.Utilities.FollowUpQuestionDetectorTests" name="IsFollowUpQuestion_WithLongMessageContainingChildName_ReturnsFalse" />
    </UnitTest>
    <UnitTest name="Aula.Tests.Utilities.ReminderExtractionPromptsTests.GetExtractionPrompt_WithRealQueries_EmbedsQueryCorrectly(query: &quot;Call the doctor in 2 hours&quot;)" storage="/mnt/d/git/aula/src/aula.tests/bin/debug/net9.0/aula.tests.dll" id="95755321-99fe-3c41-7267-feb0fced4809">
      <Execution id="de0d4910-ce7d-4bd9-9944-501e19f39203" />
      <TestMethod codeBase="/mnt/d/git/aula/src/Aula.Tests/bin/Debug/net9.0/Aula.Tests.dll" adapterTypeName="executor://xunit/VsTestRunner2/netcoreapp" className="Aula.Tests.Utilities.ReminderExtractionPromptsTests" name="GetExtractionPrompt_WithRealQueries_EmbedsQueryCorrectly" />
    </UnitTest>
    <UnitTest name="Aula.Tests.Configuration.ConfigurationTests.Timers_AdaptivePollingLimits_ValidationTests(minSeconds: 5, maxSeconds: 30, isValid: True)" storage="/mnt/d/git/aula/src/aula.tests/bin/debug/net9.0/aula.tests.dll" id="0a8ad004-d01c-d1e0-58a0-181e5b1d213b">
      <Execution id="7605ed27-19a5-4aaf-a047-d1dbe792d55a" />
      <TestMethod codeBase="/mnt/d/git/aula/src/Aula.Tests/bin/Debug/net9.0/Aula.Tests.dll" adapterTypeName="executor://xunit/VsTestRunner2/netcoreapp" className="Aula.Tests.Configuration.ConfigurationTests" name="Timers_AdaptivePollingLimits_ValidationTests" />
    </UnitTest>
    <UnitTest name="Aula.Tests.Channels.SlackBotTests.SendTestMessage_WithVariousMessages_DoesNotThrow(message: &quot;Message with special chars: @#$%&quot;)" storage="/mnt/d/git/aula/src/aula.tests/bin/debug/net9.0/aula.tests.dll" id="70db4613-e64a-610c-c0a7-4aad6b8acc12">
      <Execution id="992240db-1f74-4492-b984-37104ea62d4f" />
      <TestMethod codeBase="/mnt/d/git/aula/src/Aula.Tests/bin/Debug/net9.0/Aula.Tests.dll" adapterTypeName="executor://xunit/VsTestRunner2/netcoreapp" className="Aula.Tests.Channels.SlackBotTests" name="SendTestMessage_WithVariousMessages_DoesNotThrow" />
    </UnitTest>
    <UnitTest name="Aula.Tests.Bots.TelegramInteractiveBotTests.Constructor_WithValidParameters_InitializesCorrectly" storage="/mnt/d/git/aula/src/aula.tests/bin/debug/net9.0/aula.tests.dll" id="586d74ce-5942-0e84-021d-61533272d525">
      <Execution id="edc23178-ef3a-4d5a-a3ad-5c12be6e3753" />
      <TestMethod codeBase="/mnt/d/git/aula/src/Aula.Tests/bin/Debug/net9.0/Aula.Tests.dll" adapterTypeName="executor://xunit/VsTestRunner2/netcoreapp" className="Aula.Tests.Bots.TelegramInteractiveBotTests" name="Constructor_WithValidParameters_InitializesCorrectly" />
    </UnitTest>
    <UnitTest name="Aula.Tests.Utilities.DateTimeUtilitiesTests.GetDanishDayName_ValidDayOfWeek_ReturnsCorrectDanishName(dayOfWeek: Monday, expectedDanishName: &quot;mandag&quot;)" storage="/mnt/d/git/aula/src/aula.tests/bin/debug/net9.0/aula.tests.dll" id="d0d86c84-495f-8b36-1e1b-b8ecd9346ea3">
      <Execution id="58d5ea9a-431e-4124-b620-d0acb8aaf9a7" />
      <TestMethod codeBase="/mnt/d/git/aula/src/Aula.Tests/bin/Debug/net9.0/Aula.Tests.dll" adapterTypeName="executor://xunit/VsTestRunner2/netcoreapp" className="Aula.Tests.Utilities.DateTimeUtilitiesTests" name="GetDanishDayName_ValidDayOfWeek_ReturnsCorrectDanishName" />
    </UnitTest>
    <UnitTest name="Aula.Tests.Bots.SlackMessageHandlerTests.HandleMessageAsync_WithHelpCommand_ProcessesHelpMessage(helpCommand: &quot;HELP&quot;)" storage="/mnt/d/git/aula/src/aula.tests/bin/debug/net9.0/aula.tests.dll" id="d0fb0f26-05d6-fd5b-00ba-97eda4e7b49a">
      <Execution id="0ef2d302-e9ec-42f7-bb53-816e9b023437" />
      <TestMethod codeBase="/mnt/d/git/aula/src/Aula.Tests/bin/Debug/net9.0/Aula.Tests.dll" adapterTypeName="executor://xunit/VsTestRunner2/netcoreapp" className="Aula.Tests.Bots.SlackMessageHandlerTests" name="HandleMessageAsync_WithHelpCommand_ProcessesHelpMessage" />
    </UnitTest>
    <UnitTest name="Aula.Tests.Services.SupabaseServiceTests.TestConnectionAsync_WithoutInitialize_ReturnsFalse" storage="/mnt/d/git/aula/src/aula.tests/bin/debug/net9.0/aula.tests.dll" id="085e36b0-0d52-7c74-b0d8-4785cd5f1544">
      <Execution id="49ef5efa-1cb2-4bcb-bfb7-57327327b0ea" />
      <TestMethod codeBase="/mnt/d/git/aula/src/Aula.Tests/bin/Debug/net9.0/Aula.Tests.dll" adapterTypeName="executor://xunit/VsTestRunner2/netcoreapp" className="Aula.Tests.Services.SupabaseServiceTests" name="TestConnectionAsync_WithoutInitialize_ReturnsFalse" />
    </UnitTest>
    <UnitTest name="Aula.Tests.Services.SupabaseServiceTests.Constructor_WithValidConfig_InitializesCorrectly" storage="/mnt/d/git/aula/src/aula.tests/bin/debug/net9.0/aula.tests.dll" id="47489fc9-b715-10df-6ca2-dcba77141106">
      <Execution id="42e83ca5-cc4b-4639-aa27-0ec86a17a830" />
      <TestMethod codeBase="/mnt/d/git/aula/src/Aula.Tests/bin/Debug/net9.0/Aula.Tests.dll" adapterTypeName="executor://xunit/VsTestRunner2/netcoreapp" className="Aula.Tests.Services.SupabaseServiceTests" name="Constructor_WithValidConfig_InitializesCorrectly" />
    </UnitTest>
    <UnitTest name="Aula.Tests.Utilities.IntentAnalysisPromptsTests.ToolExamples_ContainsRequiredKeys(key: &quot;INFORMATION_QUERY&quot;)" storage="/mnt/d/git/aula/src/aula.tests/bin/debug/net9.0/aula.tests.dll" id="335c0316-538c-f3b3-9476-383f089c8b2c">
      <Execution id="46fd048d-80cd-490d-af11-fffc2cf87952" />
      <TestMethod codeBase="/mnt/d/git/aula/src/Aula.Tests/bin/Debug/net9.0/Aula.Tests.dll" adapterTypeName="executor://xunit/VsTestRunner2/netcoreapp" className="Aula.Tests.Utilities.IntentAnalysisPromptsTests" name="ToolExamples_ContainsRequiredKeys" />
    </UnitTest>
    <UnitTest name="Aula.Tests.Configuration.ConfigurationTests.Timers_SchedulingInterval_ValidationTests(intervalSeconds: 3661, isValid: False)" storage="/mnt/d/git/aula/src/aula.tests/bin/debug/net9.0/aula.tests.dll" id="42206b57-8aa0-871e-4287-4e3c8a3cc6ec">
      <Execution id="b1fe2492-11f4-4107-9521-c1bb0616671c" />
      <TestMethod codeBase="/mnt/d/git/aula/src/Aula.Tests/bin/Debug/net9.0/Aula.Tests.dll" adapterTypeName="executor://xunit/VsTestRunner2/netcoreapp" className="Aula.Tests.Configuration.ConfigurationTests" name="Timers_SchedulingInterval_ValidationTests" />
    </UnitTest>
    <UnitTest name="Aula.Tests.Configuration.ConfigurationTests.Supabase_RequiredFields_ArePresent" storage="/mnt/d/git/aula/src/aula.tests/bin/debug/net9.0/aula.tests.dll" id="f1a75968-139e-db41-9893-934ca7edc01f">
      <Execution id="d84a3f17-3151-4d21-9a8e-328388a69ca9" />
      <TestMethod codeBase="/mnt/d/git/aula/src/Aula.Tests/bin/Debug/net9.0/Aula.Tests.dll" adapterTypeName="executor://xunit/VsTestRunner2/netcoreapp" className="Aula.Tests.Configuration.ConfigurationTests" name="Supabase_RequiredFields_ArePresent" />
    </UnitTest>
    <UnitTest name="Aula.Tests.Services.DataModelTests.AppState_DefaultConstructor_InitializesCorrectly" storage="/mnt/d/git/aula/src/aula.tests/bin/debug/net9.0/aula.tests.dll" id="4cdb1a1d-1763-9c6d-9472-d3d70dd3181a">
      <Execution id="ac5c616b-d70b-4272-9f92-eff70f679bf9" />
      <TestMethod codeBase="/mnt/d/git/aula/src/Aula.Tests/bin/Debug/net9.0/Aula.Tests.dll" adapterTypeName="executor://xunit/VsTestRunner2/netcoreapp" className="Aula.Tests.Services.DataModelTests" name="AppState_DefaultConstructor_InitializesCorrectly" />
    </UnitTest>
    <UnitTest name="Aula.Tests.Tools.ReminderCommandHandlerTests.TryHandleReminderCommand_ListReminders_OrdersByDateAndTime" storage="/mnt/d/git/aula/src/aula.tests/bin/debug/net9.0/aula.tests.dll" id="9ca02d05-5169-149e-ecab-3b9b289b72d5">
      <Execution id="bbeba201-cd33-4073-ad4c-d48529058822" />
      <TestMethod codeBase="/mnt/d/git/aula/src/Aula.Tests/bin/Debug/net9.0/Aula.Tests.dll" adapterTypeName="executor://xunit/VsTestRunner2/netcoreapp" className="Aula.Tests.Tools.ReminderCommandHandlerTests" name="TryHandleReminderCommand_ListReminders_OrdersByDateAndTime" />
    </UnitTest>
    <UnitTest name="Aula.Tests.Bots.SlackInteractiveBotTests.Constructor_WithNullLoggerFactory_ThrowsArgumentNullException" storage="/mnt/d/git/aula/src/aula.tests/bin/debug/net9.0/aula.tests.dll" id="947c27dc-3bc9-498f-6db7-a3e9f1a70b13">
      <Execution id="b7964f42-d16b-482e-b779-9c54c3eda051" />
      <TestMethod codeBase="/mnt/d/git/aula/src/Aula.Tests/bin/Debug/net9.0/Aula.Tests.dll" adapterTypeName="executor://xunit/VsTestRunner2/netcoreapp" className="Aula.Tests.Bots.SlackInteractiveBotTests" name="Constructor_WithNullLoggerFactory_ThrowsArgumentNullException" />
    </UnitTest>
    <UnitTest name="Aula.Tests.Utilities.FollowUpQuestionDetectorTests.IsFollowUpQuestion_WithWhitespaceOnly_ReturnsFalse" storage="/mnt/d/git/aula/src/aula.tests/bin/debug/net9.0/aula.tests.dll" id="c6a91ea6-2e10-8e99-6511-4f3dfcc58033">
      <Execution id="05bc55e7-3f9e-479d-89d7-94bd01f90570" />
      <TestMethod codeBase="/mnt/d/git/aula/src/Aula.Tests/bin/Debug/net9.0/Aula.Tests.dll" adapterTypeName="executor://xunit/VsTestRunner2/netcoreapp" className="Aula.Tests.Utilities.FollowUpQuestionDetectorTests" name="IsFollowUpQuestion_WithWhitespaceOnly_ReturnsFalse" />
    </UnitTest>
    <UnitTest name="Aula.Tests.Tools.ReminderCommandHandlerTests.TryHandleReminderCommand_ListReminders_ValidCommands_ReturnsRemindersList(command: &quot;vis påmindelser&quot;, isEnglish: False)" storage="/mnt/d/git/aula/src/aula.tests/bin/debug/net9.0/aula.tests.dll" id="e91a7b75-ac3d-2bd0-17fa-3f23acb86759">
      <Execution id="68ec0cae-7716-4430-81ad-cac0cb1dcdba" />
      <TestMethod codeBase="/mnt/d/git/aula/src/Aula.Tests/bin/Debug/net9.0/Aula.Tests.dll" adapterTypeName="executor://xunit/VsTestRunner2/netcoreapp" className="Aula.Tests.Tools.ReminderCommandHandlerTests" name="TryHandleReminderCommand_ListReminders_ValidCommands_ReturnsRemindersList" />
    </UnitTest>
    <UnitTest name="Aula.Tests.Utilities.WeekLetterContentExtractorTests.ExtractContent_WithMissingUgebreve_ReturnsEmptyString" storage="/mnt/d/git/aula/src/aula.tests/bin/debug/net9.0/aula.tests.dll" id="eaeadf06-6f78-ef66-9240-54edcfcfb42c">
      <Execution id="ec2b5cb4-1958-41f2-8688-9129a794bbfe" />
      <TestMethod codeBase="/mnt/d/git/aula/src/Aula.Tests/bin/Debug/net9.0/Aula.Tests.dll" adapterTypeName="executor://xunit/VsTestRunner2/netcoreapp" className="Aula.Tests.Utilities.WeekLetterContentExtractorTests" name="ExtractContent_WithMissingUgebreve_ReturnsEmptyString" />
    </UnitTest>
    <UnitTest name="Aula.Tests.Integration.MinUddannelseClientTests.Constructor_WithValidConfig_CreatesInstance" storage="/mnt/d/git/aula/src/aula.tests/bin/debug/net9.0/aula.tests.dll" id="5a77b1b5-bbb4-8a72-a72e-32591bd8597a">
      <Execution id="7dec8531-f0d8-437f-8c5e-7595a583425b" />
      <TestMethod codeBase="/mnt/d/git/aula/src/Aula.Tests/bin/Debug/net9.0/Aula.Tests.dll" adapterTypeName="executor://xunit/VsTestRunner2/netcoreapp" className="Aula.Tests.Integration.MinUddannelseClientTests" name="Constructor_WithValidConfig_CreatesInstance" />
    </UnitTest>
    <UnitTest name="Aula.Tests.Bots.TelegramInteractiveBotTests.PostWeekLetter_WithUnknownChild_LogsWarningAndReturns" storage="/mnt/d/git/aula/src/aula.tests/bin/debug/net9.0/aula.tests.dll" id="6423dadf-5032-e426-048d-b3adf874a425">
      <Execution id="6e561c28-2019-434c-98cb-f015e81cff0b" />
      <TestMethod codeBase="/mnt/d/git/aula/src/Aula.Tests/bin/Debug/net9.0/Aula.Tests.dll" adapterTypeName="executor://xunit/VsTestRunner2/netcoreapp" className="Aula.Tests.Bots.TelegramInteractiveBotTests" name="PostWeekLetter_WithUnknownChild_LogsWarningAndReturns" />
    </UnitTest>
    <UnitTest name="Aula.Tests.Utilities.ConversationContextManagerTests.Manager_WithIntegerKeys_WorksCorrectly" storage="/mnt/d/git/aula/src/aula.tests/bin/debug/net9.0/aula.tests.dll" id="6f9f5016-c386-f671-b8d8-6fc0a14626eb">
      <Execution id="943e40d3-672e-4166-82e2-76456471738b" />
      <TestMethod codeBase="/mnt/d/git/aula/src/Aula.Tests/bin/Debug/net9.0/Aula.Tests.dll" adapterTypeName="executor://xunit/VsTestRunner2/netcoreapp" className="Aula.Tests.Utilities.ConversationContextManagerTests" name="Manager_WithIntegerKeys_WorksCorrectly" />
    </UnitTest>
    <UnitTest name="Aula.Tests.Bots.SlackInteractiveBotTests.SendMessage_WithLongText_TruncatesMessage" storage="/mnt/d/git/aula/src/aula.tests/bin/debug/net9.0/aula.tests.dll" id="9728fe01-3005-7319-6ba9-b6d3b25a9602">
      <Execution id="b96ab373-f772-4c58-9ee9-d8dc05645bcc" />
      <TestMethod codeBase="/mnt/d/git/aula/src/Aula.Tests/bin/Debug/net9.0/Aula.Tests.dll" adapterTypeName="executor://xunit/VsTestRunner2/netcoreapp" className="Aula.Tests.Bots.SlackInteractiveBotTests" name="SendMessage_WithLongText_TruncatesMessage" />
    </UnitTest>
    <UnitTest name="Aula.Tests.Utilities.FollowUpQuestionDetectorTests.IsFollowUpQuestion_WithFullChildNames_WorksCorrectly(input: &quot;Emma Rose?&quot;)" storage="/mnt/d/git/aula/src/aula.tests/bin/debug/net9.0/aula.tests.dll" id="e67379c3-aafd-8be6-fda8-3e3a4a2a81aa">
      <Execution id="f8597e52-3281-4701-b09c-de42af7e41ff" />
      <TestMethod codeBase="/mnt/d/git/aula/src/Aula.Tests/bin/Debug/net9.0/Aula.Tests.dll" adapterTypeName="executor://xunit/VsTestRunner2/netcoreapp" className="Aula.Tests.Utilities.FollowUpQuestionDetectorTests" name="IsFollowUpQuestion_WithFullChildNames_WorksCorrectly" />
    </UnitTest>
    <UnitTest name="Aula.Tests.Configuration.ConfigurationTests.Features_ConversationCacheExpiration_ValidationTests(minutes: 1, isValid: True)" storage="/mnt/d/git/aula/src/aula.tests/bin/debug/net9.0/aula.tests.dll" id="4df15bfd-b375-822c-a8df-fcfde52ebf51">
      <Execution id="bd2ace0a-5d68-4162-8bfe-2243636faca0" />
      <TestMethod codeBase="/mnt/d/git/aula/src/Aula.Tests/bin/Debug/net9.0/Aula.Tests.dll" adapterTypeName="executor://xunit/VsTestRunner2/netcoreapp" className="Aula.Tests.Configuration.ConfigurationTests" name="Features_ConversationCacheExpiration_ValidationTests" />
    </UnitTest>
    <UnitTest name="Aula.Tests.Services.DataModelTests.PostedLetter_WithProperties_SetsCorrectly" storage="/mnt/d/git/aula/src/aula.tests/bin/debug/net9.0/aula.tests.dll" id="2d15b0d6-fa3e-2b57-b48d-334f6fde3b35">
      <Execution id="cfd24321-8a38-42ae-b476-5da459cb5418" />
      <TestMethod codeBase="/mnt/d/git/aula/src/Aula.Tests/bin/Debug/net9.0/Aula.Tests.dll" adapterTypeName="executor://xunit/VsTestRunner2/netcoreapp" className="Aula.Tests.Services.DataModelTests" name="PostedLetter_WithProperties_SetsCorrectly" />
    </UnitTest>
    <UnitTest name="Aula.Tests.Bots.TelegramInteractiveBotTests.Constructor_WithDisabledTelegram_ThrowsInvalidOperationException" storage="/mnt/d/git/aula/src/aula.tests/bin/debug/net9.0/aula.tests.dll" id="69b574fb-ea92-9743-3eea-a9b24f0ad213">
      <Execution id="c1417a5d-12af-46e8-97c2-8d56c0bc2c7f" />
      <TestMethod codeBase="/mnt/d/git/aula/src/Aula.Tests/bin/Debug/net9.0/Aula.Tests.dll" adapterTypeName="executor://xunit/VsTestRunner2/netcoreapp" className="Aula.Tests.Bots.TelegramInteractiveBotTests" name="Constructor_WithDisabledTelegram_ThrowsInvalidOperationException" />
    </UnitTest>
    <UnitTest name="Aula.Tests.Scheduling.SchedulingServiceIntegrationTests.Service_WithDifferentBotConfigurations_WorksCorrectly(slackEnabled: True, telegramEnabled: True)" storage="/mnt/d/git/aula/src/aula.tests/bin/debug/net9.0/aula.tests.dll" id="8f7835b5-50dd-c6de-2199-d163d47a3c4e">
      <Execution id="03b6c439-4a6b-4fc0-a92c-6458cd9d02a0" />
      <TestMethod codeBase="/mnt/d/git/aula/src/Aula.Tests/bin/Debug/net9.0/Aula.Tests.dll" adapterTypeName="executor://xunit/VsTestRunner2/netcoreapp" className="Aula.Tests.Scheduling.SchedulingServiceIntegrationTests" name="Service_WithDifferentBotConfigurations_WorksCorrectly" />
    </UnitTest>
    <UnitTest name="Aula.Tests.Utilities.Html2SlackMarkdownConverterTests.Convert_WithNestedTags_RemovesCorrectly" storage="/mnt/d/git/aula/src/aula.tests/bin/debug/net9.0/aula.tests.dll" id="89236559-f3ef-d084-fa13-c204061f03bf">
      <Execution id="161a46b7-e4bc-4c86-a1e2-b274abb4a9c5" />
      <TestMethod codeBase="/mnt/d/git/aula/src/Aula.Tests/bin/Debug/net9.0/Aula.Tests.dll" adapterTypeName="executor://xunit/VsTestRunner2/netcoreapp" className="Aula.Tests.Utilities.Html2SlackMarkdownConverterTests" name="Convert_WithNestedTags_RemovesCorrectly" />
    </UnitTest>
    <UnitTest name="Aula.Tests.Services.DataModelTests.PostedLetter_WeekNumberValidation_ReturnsExpectedResult(weekNumber: 53, year: 2023, isValid: True)" storage="/mnt/d/git/aula/src/aula.tests/bin/debug/net9.0/aula.tests.dll" id="55912caf-6fc4-918c-e4ec-07597adc6c56">
      <Execution id="a0d52811-80b4-44d5-82f2-65c58540207c" />
      <TestMethod codeBase="/mnt/d/git/aula/src/Aula.Tests/bin/Debug/net9.0/Aula.Tests.dll" adapterTypeName="executor://xunit/VsTestRunner2/netcoreapp" className="Aula.Tests.Services.DataModelTests" name="PostedLetter_WeekNumberValidation_ReturnsExpectedResult" />
    </UnitTest>
    <UnitTest name="Aula.Tests.Tools.AiToolsManagerTests.GetWeekLetters_WithChildName_ReturnsFilteredResults" storage="/mnt/d/git/aula/src/aula.tests/bin/debug/net9.0/aula.tests.dll" id="65d5e85b-e0a7-670a-3e1b-13af33b9e642">
      <Execution id="9675dd82-9067-4c38-9323-ed2e4c458402" />
      <TestMethod codeBase="/mnt/d/git/aula/src/Aula.Tests/bin/Debug/net9.0/Aula.Tests.dll" adapterTypeName="executor://xunit/VsTestRunner2/netcoreapp" className="Aula.Tests.Tools.AiToolsManagerTests" name="GetWeekLetters_WithChildName_ReturnsFilteredResults" />
    </UnitTest>
    <UnitTest name="Aula.Tests.Bots.TelegramInteractiveBotTests.PostWeekLetter_WithDuplicateContent_SkipsDuplicate" storage="/mnt/d/git/aula/src/aula.tests/bin/debug/net9.0/aula.tests.dll" id="3deb2a59-fbcf-09b6-6642-c2488d089290">
      <Execution id="800fb848-19cb-43d7-8233-2d9d791c3798" />
      <TestMethod codeBase="/mnt/d/git/aula/src/Aula.Tests/bin/Debug/net9.0/Aula.Tests.dll" adapterTypeName="executor://xunit/VsTestRunner2/netcoreapp" className="Aula.Tests.Bots.TelegramInteractiveBotTests" name="PostWeekLetter_WithDuplicateContent_SkipsDuplicate" />
    </UnitTest>
  </TestDefinitions>
  <TestEntries>
    <TestEntry testId="239e373d-1755-bda9-a91e-cb58a8bc8bcf" executionId="dfea3f75-d3ca-4529-b46e-1efb94fa20a2" testListId="8c84fa94-04c1-424b-9868-57a2d4851a1d" />
    <TestEntry testId="c8f354e3-5f08-fa6e-54e5-16cf95052730" executionId="66537fa8-047c-4efe-b19b-1a9c726af2be" testListId="8c84fa94-04c1-424b-9868-57a2d4851a1d" />
    <TestEntry testId="0de09b0b-f0e0-0518-809a-6a317cadda64" executionId="4733fef0-c180-4d26-8a0b-0a06f5bbeb23" testListId="8c84fa94-04c1-424b-9868-57a2d4851a1d" />
    <TestEntry testId="b3807b1c-634e-e2ee-a1b8-8f079f205113" executionId="2d07aceb-e2d3-4660-aea8-62d3c386e32b" testListId="8c84fa94-04c1-424b-9868-57a2d4851a1d" />
    <TestEntry testId="4efd7a5c-c0df-ae80-f7ee-8f404f14cec4" executionId="8bb069f6-0c2f-4fc7-86f8-33a90215ec2b" testListId="8c84fa94-04c1-424b-9868-57a2d4851a1d" />
    <TestEntry testId="690eef1c-e4e3-0c63-48ad-a783777fa685" executionId="2467c97b-b422-4b83-be49-a1eb6aec7236" testListId="8c84fa94-04c1-424b-9868-57a2d4851a1d" />
    <TestEntry testId="a05ddd0e-e3f2-fb31-c2fd-f1f3b4b30fc1" executionId="f8738452-ada0-41e9-95ff-123862ad5423" testListId="8c84fa94-04c1-424b-9868-57a2d4851a1d" />
    <TestEntry testId="e23a0f35-3922-f8cd-3202-bdb40b27bd1c" executionId="faf7cfdf-826e-4c20-b1c9-3aebdaad4d94" testListId="8c84fa94-04c1-424b-9868-57a2d4851a1d" />
    <TestEntry testId="e59d968d-c8e5-f85d-8f4b-30d82d049708" executionId="d39b07fb-7e15-4800-a1c3-4daa6237a6f0" testListId="8c84fa94-04c1-424b-9868-57a2d4851a1d" />
    <TestEntry testId="c7ba7dd8-e3e6-46dc-0605-cbeb66092785" executionId="af842fc5-07d3-4fbd-b76a-88daf07eca0e" testListId="8c84fa94-04c1-424b-9868-57a2d4851a1d" />
    <TestEntry testId="336b2beb-eb54-f0ba-e24b-08204093e0aa" executionId="85bb6a2b-eb8d-46f8-8fc9-4d24671aadca" testListId="8c84fa94-04c1-424b-9868-57a2d4851a1d" />
    <TestEntry testId="6a1bd5a3-33de-b670-1a8c-cceb0d8df72f" executionId="98da40a9-6683-4d9f-aa76-d0a94cab348a" testListId="8c84fa94-04c1-424b-9868-57a2d4851a1d" />
    <TestEntry testId="5757d75c-5377-8df3-a3a7-30a9777d143b" executionId="abe1eaed-1364-4920-b0b2-7db1772f4dea" testListId="8c84fa94-04c1-424b-9868-57a2d4851a1d" />
    <TestEntry testId="e242b67c-3d28-33ee-bf1d-1f163fabd3ca" executionId="f95ba3c1-f7bd-4d7c-88f4-a978560e6be7" testListId="8c84fa94-04c1-424b-9868-57a2d4851a1d" />
    <TestEntry testId="df8b7611-0fd3-7a4a-228e-73a22117205a" executionId="46cd9ad6-9223-4ef4-84de-90a3d05b36f2" testListId="8c84fa94-04c1-424b-9868-57a2d4851a1d" />
    <TestEntry testId="9ca02d05-5169-149e-ecab-3b9b289b72d5" executionId="bbeba201-cd33-4073-ad4c-d48529058822" testListId="8c84fa94-04c1-424b-9868-57a2d4851a1d" />
    <TestEntry testId="50dcaab1-381b-ffdd-0774-bfbc00f359f9" executionId="c5c3f035-a9a2-4fe1-a792-56e935f39a8e" testListId="8c84fa94-04c1-424b-9868-57a2d4851a1d" />
    <TestEntry testId="93edf270-8e20-a2b4-17e8-86af34f9d544" executionId="7da1aa17-233a-4634-86a0-b08ea12c60a1" testListId="8c84fa94-04c1-424b-9868-57a2d4851a1d" />
    <TestEntry testId="83b73832-4937-bb84-c164-437b53d65a63" executionId="c1edb658-d0f7-4a57-8cc4-e8592e2dac86" testListId="8c84fa94-04c1-424b-9868-57a2d4851a1d" />
    <TestEntry testId="2d7011d5-0d18-55b9-d3f3-68998c9945f9" executionId="61781c63-d535-44cc-bb7c-37f3bee985f5" testListId="8c84fa94-04c1-424b-9868-57a2d4851a1d" />
    <TestEntry testId="261e6035-42f7-283f-e93e-b518a8a74310" executionId="1cc71467-38a7-4728-9df4-96c73e46c568" testListId="8c84fa94-04c1-424b-9868-57a2d4851a1d" />
    <TestEntry testId="603b38d9-650a-3d65-fd10-694412343522" executionId="365b98c5-4604-4b29-b7b5-e6174b238c8d" testListId="8c84fa94-04c1-424b-9868-57a2d4851a1d" />
    <TestEntry testId="471ccf46-b194-f558-fd6b-1d9d85ba4293" executionId="22d7bf00-dc21-4862-828a-e0a0c7a711a7" testListId="8c84fa94-04c1-424b-9868-57a2d4851a1d" />
    <TestEntry testId="27883ffc-bfa0-e8a9-4fbc-9b88539fca09" executionId="f12774ec-79c5-456c-8cc2-ce3299071684" testListId="8c84fa94-04c1-424b-9868-57a2d4851a1d" />
    <TestEntry testId="8c3471e8-fc32-9e5a-4e09-9595c65b9cfb" executionId="4efbcd7d-44ec-4311-b7f2-45ea73dbb7d1" testListId="8c84fa94-04c1-424b-9868-57a2d4851a1d" />
    <TestEntry testId="4d1c39cc-af91-5c58-272b-da1e4b7a0924" executionId="e32248d5-b112-4ff6-9932-493db2b93354" testListId="8c84fa94-04c1-424b-9868-57a2d4851a1d" />
    <TestEntry testId="07e0302f-2dc8-4d9e-5870-92f7c56a6ee3" executionId="f830c513-ad5d-4273-8757-6fd35315b2d2" testListId="8c84fa94-04c1-424b-9868-57a2d4851a1d" />
    <TestEntry testId="3deb2a59-fbcf-09b6-6642-c2488d089290" executionId="800fb848-19cb-43d7-8233-2d9d791c3798" testListId="8c84fa94-04c1-424b-9868-57a2d4851a1d" />
    <TestEntry testId="1dba4bcb-2a6a-02e7-3151-a1fa05d6b85c" executionId="389fc0c9-eb84-4802-ad18-65a5f506f410" testListId="8c84fa94-04c1-424b-9868-57a2d4851a1d" />
    <TestEntry testId="c6a91ea6-2e10-8e99-6511-4f3dfcc58033" executionId="05bc55e7-3f9e-479d-89d7-94bd01f90570" testListId="8c84fa94-04c1-424b-9868-57a2d4851a1d" />
    <TestEntry testId="754e15f9-7164-4540-0902-34db6317ccfc" executionId="536de004-72ec-4f58-a0ff-adddf8da1fb7" testListId="8c84fa94-04c1-424b-9868-57a2d4851a1d" />
    <TestEntry testId="5a77b1b5-bbb4-8a72-a72e-32591bd8597a" executionId="7dec8531-f0d8-437f-8c5e-7595a583425b" testListId="8c84fa94-04c1-424b-9868-57a2d4851a1d" />
    <TestEntry testId="52685b80-e883-c0c4-e078-b2863df7409a" executionId="1ba934ed-bf0a-499e-99b5-7291d73c280a" testListId="8c84fa94-04c1-424b-9868-57a2d4851a1d" />
    <TestEntry testId="10351b87-cca7-9abd-49aa-c981441e9d37" executionId="e837e038-8313-4849-b499-98b54483b1e3" testListId="8c84fa94-04c1-424b-9868-57a2d4851a1d" />
    <TestEntry testId="967c7597-5e79-4d07-d160-f7fa685685a7" executionId="22779c2a-6768-485e-8a31-7388ee886138" testListId="8c84fa94-04c1-424b-9868-57a2d4851a1d" />
    <TestEntry testId="273c2632-e8a7-4a3f-093e-3b4b8e141ef8" executionId="ff9d6779-0e81-44b9-bab2-7dee8c4a20f8" testListId="8c84fa94-04c1-424b-9868-57a2d4851a1d" />
    <TestEntry testId="d2fd3d18-963d-6ba7-e216-54d46cb5c046" executionId="3774064e-e799-4c23-8445-9900593e571a" testListId="8c84fa94-04c1-424b-9868-57a2d4851a1d" />
    <TestEntry testId="8058c27b-1352-027a-d929-43b2879c423e" executionId="c059b38a-29e9-41b3-82b6-a6ef6af2aafb" testListId="8c84fa94-04c1-424b-9868-57a2d4851a1d" />
    <TestEntry testId="9c66a10c-5031-a4c7-4640-d32dfe0d1dde" executionId="d88bc03a-9e2e-442b-b6d3-2ed16d6724f3" testListId="8c84fa94-04c1-424b-9868-57a2d4851a1d" />
    <TestEntry testId="bd810d5e-74d1-fb29-2175-9a145b5629e1" executionId="392520be-c536-4d32-b29b-713cfe3db8d8" testListId="8c84fa94-04c1-424b-9868-57a2d4851a1d" />
    <TestEntry testId="d38e40f0-9394-42c9-ac5c-2e74521578b4" executionId="da096eb4-f42b-415b-972f-b00f95c29c5c" testListId="8c84fa94-04c1-424b-9868-57a2d4851a1d" />
    <TestEntry testId="a81f27b4-0dc1-da96-d279-fb940b021717" executionId="bf63858d-ba1a-4526-82fd-135f53e9ccd6" testListId="8c84fa94-04c1-424b-9868-57a2d4851a1d" />
    <TestEntry testId="cfdde69f-bd6f-9d86-5859-a1ef9746cd64" executionId="2945dc8b-1e24-42de-ae12-b9af67765790" testListId="8c84fa94-04c1-424b-9868-57a2d4851a1d" />
    <TestEntry testId="51dadbc3-586b-6ea0-f9cc-0638c0cb614d" executionId="f586f53c-5c0d-4b1a-95ff-ef9f4b78cf53" testListId="8c84fa94-04c1-424b-9868-57a2d4851a1d" />
    <TestEntry testId="466fbb21-c308-9cae-2419-4b3a3d66b5be" executionId="7c02fb9c-bf21-441d-8622-9e41372bf7cf" testListId="8c84fa94-04c1-424b-9868-57a2d4851a1d" />
    <TestEntry testId="5152246d-f0d9-3769-bfe5-e3d39d51e3bf" executionId="df29ff85-b87a-4a33-9317-2532cc76d78a" testListId="8c84fa94-04c1-424b-9868-57a2d4851a1d" />
    <TestEntry testId="fab9cf34-c985-2e8e-6005-8cc650dd7227" executionId="720d46ec-48d4-4826-99b3-8b7d1951eb62" testListId="8c84fa94-04c1-424b-9868-57a2d4851a1d" />
    <TestEntry testId="52284c88-15e2-e622-5da9-cf51ba9aa844" executionId="12dc28fa-c47b-434c-8313-5e87569e43a8" testListId="8c84fa94-04c1-424b-9868-57a2d4851a1d" />
    <TestEntry testId="5db7f4ff-e78e-7e3c-537f-1a7b8a75bb0c" executionId="42d21d3f-a165-4755-83c6-d3e5e2ab4f2d" testListId="8c84fa94-04c1-424b-9868-57a2d4851a1d" />
    <TestEntry testId="fd81db88-72a7-84e2-4288-c872b2f15c55" executionId="b414f460-e6fb-49f8-8337-7d922180ca07" testListId="8c84fa94-04c1-424b-9868-57a2d4851a1d" />
    <TestEntry testId="a35c1648-d310-4839-ee57-c271d40d7d0e" executionId="59a9538e-8070-4d79-8ec5-1ef919f04f7d" testListId="8c84fa94-04c1-424b-9868-57a2d4851a1d" />
    <TestEntry testId="ecf7f37a-1b96-2a28-2d44-fb1c19988638" executionId="e4cd270e-77ec-4a0d-816c-2cb61e670167" testListId="8c84fa94-04c1-424b-9868-57a2d4851a1d" />
    <TestEntry testId="900f1247-1180-3eee-0ffc-f108426b3d75" executionId="90f46fda-455b-41a3-a4d6-4f6edb515dae" testListId="8c84fa94-04c1-424b-9868-57a2d4851a1d" />
    <TestEntry testId="19edb3ba-5e0e-d40b-c4b3-ce48876fbe6a" executionId="8ece6b8f-0c4e-4d43-8da0-c84a3afb1e97" testListId="8c84fa94-04c1-424b-9868-57a2d4851a1d" />
    <TestEntry testId="ae0948ed-054c-3e18-355f-da674f5650cd" executionId="6e0326c1-710c-49e1-b7bf-b4c2cc24c053" testListId="8c84fa94-04c1-424b-9868-57a2d4851a1d" />
    <TestEntry testId="66873fdb-c193-9c8c-5dd6-46cb202ddd5f" executionId="bbd5abc1-a096-4c89-99fb-c86cfd25d48b" testListId="8c84fa94-04c1-424b-9868-57a2d4851a1d" />
    <TestEntry testId="216aea03-2265-1779-35c7-74f06eb76326" executionId="34951039-cdd3-4a7c-831b-4dd1c86e8ce2" testListId="8c84fa94-04c1-424b-9868-57a2d4851a1d" />
    <TestEntry testId="9191e86e-6282-7313-7613-da1e1fef327e" executionId="2895452d-9383-41b5-8bf2-69b0a1a61613" testListId="8c84fa94-04c1-424b-9868-57a2d4851a1d" />
    <TestEntry testId="e67379c3-aafd-8be6-fda8-3e3a4a2a81aa" executionId="f8597e52-3281-4701-b09c-de42af7e41ff" testListId="8c84fa94-04c1-424b-9868-57a2d4851a1d" />
    <TestEntry testId="c97c4c52-e2e0-9997-1b1c-c40b6de0a67a" executionId="9972ae7e-e1db-4c15-9a02-0d1f8659f276" testListId="8c84fa94-04c1-424b-9868-57a2d4851a1d" />
    <TestEntry testId="b561be64-3ebf-00d7-64e3-9853e17cbf13" executionId="d7b11e3e-a53f-42b4-b91b-224cdf490cc7" testListId="8c84fa94-04c1-424b-9868-57a2d4851a1d" />
    <TestEntry testId="f695ece5-4ed0-4918-7e40-7fa901ca2f9e" executionId="a847c8d0-92d7-40e2-84f6-5255de1e1e38" testListId="8c84fa94-04c1-424b-9868-57a2d4851a1d" />
    <TestEntry testId="7a4330b4-d3d2-d308-8e2d-3815d3c67d0f" executionId="9c5206c1-ab72-499b-adbb-df10e0e7dd77" testListId="8c84fa94-04c1-424b-9868-57a2d4851a1d" />
    <TestEntry testId="cea2ec8e-0a0c-aae3-594d-8b1cbbb55ac5" executionId="7dd30bb5-c32b-45c9-9957-b43532f196b8" testListId="8c84fa94-04c1-424b-9868-57a2d4851a1d" />
    <TestEntry testId="0a638305-142d-7de7-7f12-9a81aa636946" executionId="bdb645c7-7828-4ec1-b425-1140dbe2f973" testListId="8c84fa94-04c1-424b-9868-57a2d4851a1d" />
    <TestEntry testId="dcc46ccc-b814-743c-8b1c-539d1d47dc7f" executionId="0f986ba8-8a4d-485b-805c-18e0a4320e3e" testListId="8c84fa94-04c1-424b-9868-57a2d4851a1d" />
    <TestEntry testId="8646524a-5166-ca18-26db-7c128f59fc0d" executionId="4c978c91-c532-4cee-bd3f-441be22d45be" testListId="8c84fa94-04c1-424b-9868-57a2d4851a1d" />
    <TestEntry testId="8206dafa-8025-c018-8995-db764f6cc603" executionId="93b1f021-dfe4-4646-ad38-7d79321d3330" testListId="8c84fa94-04c1-424b-9868-57a2d4851a1d" />
    <TestEntry testId="8411a163-fe22-681b-f5c6-7310c560d29a" executionId="dafd1a2e-5107-4bc1-9ed8-9db6df12ea44" testListId="8c84fa94-04c1-424b-9868-57a2d4851a1d" />
    <TestEntry testId="ff95ed9b-b21e-cfc2-30db-e8fe216a909d" executionId="e54e4bb6-d708-4e10-9dd7-2cae2a74df47" testListId="8c84fa94-04c1-424b-9868-57a2d4851a1d" />
    <TestEntry testId="c6b19e93-2b61-da47-f9a3-89a03fe395c8" executionId="45ab2ad9-e04b-4b35-bb84-29d4e168d395" testListId="8c84fa94-04c1-424b-9868-57a2d4851a1d" />
    <TestEntry testId="4215f164-2029-10cd-3890-50362921a7d9" executionId="91377b71-f24d-46b4-a142-3f7e7b404102" testListId="8c84fa94-04c1-424b-9868-57a2d4851a1d" />
    <TestEntry testId="9e010064-1282-f730-0e21-1a9c045272eb" executionId="47d69d27-cdee-4a92-ba19-93a37cda5cc0" testListId="8c84fa94-04c1-424b-9868-57a2d4851a1d" />
    <TestEntry testId="dd6cd978-16c0-3adf-7057-3791731bf47f" executionId="172d437b-2173-4c6a-a163-21f0ca46d7d8" testListId="8c84fa94-04c1-424b-9868-57a2d4851a1d" />
    <TestEntry testId="391811a1-8187-f3dc-88b6-23bab4f2be23" executionId="26e7c455-f478-4ae5-b51d-7f918d7d893d" testListId="8c84fa94-04c1-424b-9868-57a2d4851a1d" />
    <TestEntry testId="348072bd-5799-593b-9354-a4cea37de12a" executionId="daf0d502-6764-4efb-a1f4-a5f1887a3fab" testListId="8c84fa94-04c1-424b-9868-57a2d4851a1d" />
    <TestEntry testId="c4b1de39-f215-c6c4-5b38-2f74d4b1f600" executionId="a55d0e58-2543-423b-96cf-0f74027b1227" testListId="8c84fa94-04c1-424b-9868-57a2d4851a1d" />
    <TestEntry testId="dc9dca5e-236c-2eb7-8830-55bb297e92d9" executionId="2fc0c04f-c5a4-45fc-80f6-64467556f6bb" testListId="8c84fa94-04c1-424b-9868-57a2d4851a1d" />
    <TestEntry testId="453c772e-3476-db11-1625-b8f0377bbbd8" executionId="de298098-a110-4134-b861-d703dcc99ae6" testListId="8c84fa94-04c1-424b-9868-57a2d4851a1d" />
    <TestEntry testId="50f2b13e-3594-24ee-32df-b9192e38a8ff" executionId="36b95336-efdd-4769-8c59-dde9f802cffa" testListId="8c84fa94-04c1-424b-9868-57a2d4851a1d" />
    <TestEntry testId="484a9c28-0cc9-95a2-990b-b9c28e6033e5" executionId="4670309a-35f7-41b2-a127-91bed2604c06" testListId="8c84fa94-04c1-424b-9868-57a2d4851a1d" />
    <TestEntry testId="504418ac-a1f0-2470-99eb-7bd66657ed39" executionId="ce9d06f4-58f7-4f94-8b89-f445c296ff81" testListId="8c84fa94-04c1-424b-9868-57a2d4851a1d" />
    <TestEntry testId="0b67917b-52fb-a452-3f0c-630f8ae99c50" executionId="91ea24b6-9595-4b82-97fe-d2494d56d86b" testListId="8c84fa94-04c1-424b-9868-57a2d4851a1d" />
    <TestEntry testId="c5fc9185-4f89-2e18-7714-cfbda441e6cb" executionId="f4f8a90d-b9eb-4826-b273-7ee47fe7efb1" testListId="8c84fa94-04c1-424b-9868-57a2d4851a1d" />
    <TestEntry testId="daa8f257-6d65-5334-bc6e-50b3c593ee4f" executionId="a5fa881a-6154-4fba-b468-b076471b82da" testListId="8c84fa94-04c1-424b-9868-57a2d4851a1d" />
    <TestEntry testId="c139c7f2-e7cf-69b5-0edf-596c5852d9fe" executionId="e9592131-747a-4bcc-9a0a-d67155355e34" testListId="8c84fa94-04c1-424b-9868-57a2d4851a1d" />
    <TestEntry testId="37f582a3-c279-4823-271e-d030bf33bbb7" executionId="c3380dc6-7bad-4936-876d-46e072ed512a" testListId="8c84fa94-04c1-424b-9868-57a2d4851a1d" />
    <TestEntry testId="ef7abf20-a090-f30e-1f29-97964e295c62" executionId="4bbb135b-ac2f-40ed-b4b1-35560f058ced" testListId="8c84fa94-04c1-424b-9868-57a2d4851a1d" />
    <TestEntry testId="470ea3d0-f459-b6ad-4f9f-44954dd4a0b8" executionId="b0f356e0-d93d-43fc-ad14-92781a04c931" testListId="8c84fa94-04c1-424b-9868-57a2d4851a1d" />
    <TestEntry testId="7603ab70-2625-ab42-8d9e-7a15863cfd1c" executionId="2863c574-8429-457f-a607-52edb961f129" testListId="8c84fa94-04c1-424b-9868-57a2d4851a1d" />
    <TestEntry testId="39cbc733-29e9-c5b4-bf01-9d0a5e8faef4" executionId="f1b4f5ba-57b2-485a-a373-d76bfa5886e5" testListId="8c84fa94-04c1-424b-9868-57a2d4851a1d" />
    <TestEntry testId="e225aa72-58fb-b1f4-f2d2-82e178039deb" executionId="8d7c7afb-710c-476e-84e3-d963e62ba161" testListId="8c84fa94-04c1-424b-9868-57a2d4851a1d" />
    <TestEntry testId="df512aea-e2d8-dde7-2eb7-20bcbade34bc" executionId="34764e17-d1b2-4232-b2ff-06f92e9d8985" testListId="8c84fa94-04c1-424b-9868-57a2d4851a1d" />
    <TestEntry testId="8f7835b5-50dd-c6de-2199-d163d47a3c4e" executionId="03b6c439-4a6b-4fc0-a92c-6458cd9d02a0" testListId="8c84fa94-04c1-424b-9868-57a2d4851a1d" />
    <TestEntry testId="1f0fe7c3-6c96-e4f5-5773-3174c2ad66d2" executionId="4f3d1840-6120-4ae2-98f7-14440d146ae5" testListId="8c84fa94-04c1-424b-9868-57a2d4851a1d" />
    <TestEntry testId="4b6e6498-4329-5b43-2b56-2bc5486e69cc" executionId="f1c6ef82-78a1-43c1-9e80-ddc25ac94533" testListId="8c84fa94-04c1-424b-9868-57a2d4851a1d" />
    <TestEntry testId="300a05eb-8716-d1e6-2195-bbd82e0c4f9b" executionId="631280b2-d348-4077-bccf-73e406043ba0" testListId="8c84fa94-04c1-424b-9868-57a2d4851a1d" />
    <TestEntry testId="88e9ac16-5b29-b780-b558-9573ebf5b489" executionId="1b1f340b-30f5-4cb1-8a0a-9eb6e5f5e1f4" testListId="8c84fa94-04c1-424b-9868-57a2d4851a1d" />
    <TestEntry testId="20d1a661-1ac8-24a1-ac68-136a1cca5ab9" executionId="2a36a3bb-e998-4e45-b4e3-9f5d3b2d2628" testListId="8c84fa94-04c1-424b-9868-57a2d4851a1d" />
    <TestEntry testId="e82068c0-6e0f-9139-e11b-135d1d5c14f8" executionId="a6fb0f92-e965-4dc4-9edd-42927b72b381" testListId="8c84fa94-04c1-424b-9868-57a2d4851a1d" />
    <TestEntry testId="01fdf65f-cd83-63dd-690e-00884c9ba25d" executionId="a86ce3f2-205d-43aa-a4f4-d51d360ad2ba" testListId="8c84fa94-04c1-424b-9868-57a2d4851a1d" />
    <TestEntry testId="f3b6f74b-87b3-fd71-9913-805f7e4c5e0e" executionId="a41fc51f-06ce-4799-9aa6-6963c9692fa6" testListId="8c84fa94-04c1-424b-9868-57a2d4851a1d" />
    <TestEntry testId="a4d29aee-2a2f-7b9e-08b4-102ef4fe6813" executionId="9de1f2db-2e2a-46a9-a5b4-12ad0db750c9" testListId="8c84fa94-04c1-424b-9868-57a2d4851a1d" />
    <TestEntry testId="d0d86c84-495f-8b36-1e1b-b8ecd9346ea3" executionId="58d5ea9a-431e-4124-b620-d0acb8aaf9a7" testListId="8c84fa94-04c1-424b-9868-57a2d4851a1d" />
    <TestEntry testId="8ed7f52f-1c34-83a4-64c7-0e5853b67b53" executionId="8cee4ed3-f45f-4520-a5f7-e878b63d7427" testListId="8c84fa94-04c1-424b-9868-57a2d4851a1d" />
    <TestEntry testId="76863e49-5dff-990d-7038-a9b0865a8589" executionId="f2d38c3f-7c63-4986-8040-e00817f8f930" testListId="8c84fa94-04c1-424b-9868-57a2d4851a1d" />
    <TestEntry testId="332896aa-a36b-b7b0-c333-01128c6d7ce1" executionId="8bce8348-6313-4b36-8e7b-b80c11a37774" testListId="8c84fa94-04c1-424b-9868-57a2d4851a1d" />
    <TestEntry testId="f4459af7-a3ce-b8ae-aafa-5bfa8a20da8c" executionId="fce0d47e-8211-4a0e-89b6-74418e01c536" testListId="8c84fa94-04c1-424b-9868-57a2d4851a1d" />
    <TestEntry testId="c4c73275-60fb-43b0-eee6-93a19927e8fc" executionId="887ec728-489a-4a7c-9674-dfebd1e60cf2" testListId="8c84fa94-04c1-424b-9868-57a2d4851a1d" />
    <TestEntry testId="ab63d831-8e5f-0400-01ad-bd4bb81aa871" executionId="57f530c1-3209-45cd-a6cf-e2ff02eebf65" testListId="8c84fa94-04c1-424b-9868-57a2d4851a1d" />
    <TestEntry testId="a6c6eedb-804b-f291-bd53-e5fa9809816a" executionId="6a98f0c4-0285-4a2b-b4d0-92d8aa1cd438" testListId="8c84fa94-04c1-424b-9868-57a2d4851a1d" />
    <TestEntry testId="021d3da1-2551-6934-6452-4bc168c068b9" executionId="70de63ea-c3e4-4a03-b580-1d9eee1652e1" testListId="8c84fa94-04c1-424b-9868-57a2d4851a1d" />
    <TestEntry testId="711b4283-4c9e-be16-2b83-d9f77794298d" executionId="cff41a97-9174-4a2f-b472-a842266a7dc1" testListId="8c84fa94-04c1-424b-9868-57a2d4851a1d" />
    <TestEntry testId="d874f261-c1fd-d9d6-082a-e87a1ddb40d9" executionId="7fb302e3-30fd-4c39-b904-7b21c7fa47b6" testListId="8c84fa94-04c1-424b-9868-57a2d4851a1d" />
    <TestEntry testId="9fb6d1c8-d9db-0b5a-c536-bcb6a92aad22" executionId="58ef91bb-3cf5-4c94-b697-dc1312309b33" testListId="8c84fa94-04c1-424b-9868-57a2d4851a1d" />
    <TestEntry testId="e2cf5630-e05d-ce3d-d438-0bd261dc3937" executionId="ed7eb611-dde5-4f20-8465-c1d13085a939" testListId="8c84fa94-04c1-424b-9868-57a2d4851a1d" />
    <TestEntry testId="59b6be02-8191-f5a7-74ed-b8f44b1cda27" executionId="b0d5a16e-b7cc-40e6-98de-4dff68287a47" testListId="8c84fa94-04c1-424b-9868-57a2d4851a1d" />
    <TestEntry testId="bb7ff579-7dbb-d724-561f-6bfaeeb13e43" executionId="79a61fbc-c336-4382-bb61-b9a8a00413f7" testListId="8c84fa94-04c1-424b-9868-57a2d4851a1d" />
    <TestEntry testId="3109c695-3e44-0879-5fda-41d7d17979ff" executionId="d9bd0d33-3aa6-48e3-97a7-eab53fab64af" testListId="8c84fa94-04c1-424b-9868-57a2d4851a1d" />
    <TestEntry testId="8e7eb82c-6e6a-99e1-6a43-facf136e77c6" executionId="cc422853-941f-4400-9010-057942394496" testListId="8c84fa94-04c1-424b-9868-57a2d4851a1d" />
    <TestEntry testId="f1a75968-139e-db41-9893-934ca7edc01f" executionId="d84a3f17-3151-4d21-9a8e-328388a69ca9" testListId="8c84fa94-04c1-424b-9868-57a2d4851a1d" />
    <TestEntry testId="eeb4dd87-b488-a6a2-6176-d39e9d1e7681" executionId="78654d78-9b38-4ec9-a085-e5577cb86b40" testListId="8c84fa94-04c1-424b-9868-57a2d4851a1d" />
    <TestEntry testId="9ae1ca23-2201-2b3b-6785-ee5758dfd92c" executionId="31fa7263-82ac-4b3f-b456-c00813d40afa" testListId="8c84fa94-04c1-424b-9868-57a2d4851a1d" />
    <TestEntry testId="4cdb1a1d-1763-9c6d-9472-d3d70dd3181a" executionId="ac5c616b-d70b-4272-9f92-eff70f679bf9" testListId="8c84fa94-04c1-424b-9868-57a2d4851a1d" />
    <TestEntry testId="5545fc75-ce9a-79d5-867a-5bec0a88ff66" executionId="9c33e6ab-5fcb-4463-9b5b-1c0e9e8ec7f4" testListId="8c84fa94-04c1-424b-9868-57a2d4851a1d" />
    <TestEntry testId="5749c604-52df-ef4c-d6f1-907c4b7b515f" executionId="367b21d6-e22f-45c6-bdca-95f54ad9a82d" testListId="8c84fa94-04c1-424b-9868-57a2d4851a1d" />
    <TestEntry testId="a16a5295-4893-3b2e-da76-c179d6ee21e1" executionId="6d8a5835-3efc-4f8b-b81a-b9730072a71f" testListId="8c84fa94-04c1-424b-9868-57a2d4851a1d" />
    <TestEntry testId="809e3c71-6273-6b66-fb1e-4defb84e10e0" executionId="99ff6b4b-4358-4997-ace4-148ca81532d8" testListId="8c84fa94-04c1-424b-9868-57a2d4851a1d" />
    <TestEntry testId="552b8f9e-1bb3-8bf0-01fc-d5978785d7dd" executionId="6854ade4-3a35-4878-98e5-c88dcdfa83d5" testListId="8c84fa94-04c1-424b-9868-57a2d4851a1d" />
    <TestEntry testId="e768bc44-6321-f6f0-33ea-0643e8c3f454" executionId="2bd7ab47-d43f-4e48-bb2a-93f82abea296" testListId="8c84fa94-04c1-424b-9868-57a2d4851a1d" />
    <TestEntry testId="ee53ce2c-fb8e-2870-2bec-d824ac6cea07" executionId="4682f9ed-85db-47e0-90b2-c4e8eab797be" testListId="8c84fa94-04c1-424b-9868-57a2d4851a1d" />
    <TestEntry testId="55912caf-6fc4-918c-e4ec-07597adc6c56" executionId="a0d52811-80b4-44d5-82f2-65c58540207c" testListId="8c84fa94-04c1-424b-9868-57a2d4851a1d" />
    <TestEntry testId="cd39a17c-6fe1-e1b4-559a-d31518f5450f" executionId="15160489-b976-4448-ab90-44c4f5691477" testListId="8c84fa94-04c1-424b-9868-57a2d4851a1d" />
    <TestEntry testId="4053e9a2-a689-a1a5-6da0-c7b491ae4105" executionId="7152d19b-dbcc-4f26-9497-08bea0d395c2" testListId="8c84fa94-04c1-424b-9868-57a2d4851a1d" />
    <TestEntry testId="537ad07b-1b70-ec7a-fdb3-2e0fa41e5c23" executionId="c3a9823a-1559-4312-8666-fae7c22e0c38" testListId="8c84fa94-04c1-424b-9868-57a2d4851a1d" />
    <TestEntry testId="7238819f-b48b-cc3e-dc7e-e183fab753be" executionId="f0cf4550-ed1e-4a2b-9b0a-6a41624e3875" testListId="8c84fa94-04c1-424b-9868-57a2d4851a1d" />
    <TestEntry testId="63363866-031a-a196-cb3f-a58e78fe124a" executionId="9d553205-06f9-4de7-9427-0464aceff791" testListId="8c84fa94-04c1-424b-9868-57a2d4851a1d" />
    <TestEntry testId="d6143222-8a1b-29ba-ebfb-222b6c27b152" executionId="2e7852c4-5a30-4981-9f98-277f509f22a2" testListId="8c84fa94-04c1-424b-9868-57a2d4851a1d" />
    <TestEntry testId="13703350-881b-2176-aa37-cf09df989ef2" executionId="c56c615d-13ea-42aa-bcc4-943e84caaf38" testListId="8c84fa94-04c1-424b-9868-57a2d4851a1d" />
    <TestEntry testId="3c407d09-bd83-3cf2-cf6c-c0dc480601dc" executionId="05f7d504-5ddd-4acd-aee7-1cfef7ca0610" testListId="8c84fa94-04c1-424b-9868-57a2d4851a1d" />
    <TestEntry testId="cb05154c-9d2c-0c1f-d5d8-19063e23db2a" executionId="4e9a1f13-bfb8-4961-8e92-75f1aa163376" testListId="8c84fa94-04c1-424b-9868-57a2d4851a1d" />
    <TestEntry testId="ed243bdd-6000-1061-a83e-9e458b3d2a08" executionId="a8e5b728-108a-408d-ad12-52bfb5c25d5b" testListId="8c84fa94-04c1-424b-9868-57a2d4851a1d" />
    <TestEntry testId="117ddc28-dcc8-243a-b2bd-3d83692ecb26" executionId="b9de6d44-7825-4c62-9b9e-72e8cef9cbaf" testListId="8c84fa94-04c1-424b-9868-57a2d4851a1d" />
    <TestEntry testId="c22f41fe-1a51-d644-5cab-111d373cdaae" executionId="4bc6be7f-cb2f-4fbe-a778-d1e4ae337f1e" testListId="8c84fa94-04c1-424b-9868-57a2d4851a1d" />
    <TestEntry testId="bd271e29-873c-e257-8849-0350a000b3af" executionId="10834593-b65c-4790-b992-20cd25f6ecbd" testListId="8c84fa94-04c1-424b-9868-57a2d4851a1d" />
    <TestEntry testId="7461a5be-ee77-e379-ff74-051c3d53d9e0" executionId="cfb89ccd-3f20-4e12-8883-c92402e805d4" testListId="8c84fa94-04c1-424b-9868-57a2d4851a1d" />
    <TestEntry testId="d5b42656-f37b-3f98-9edc-5bd253352fc2" executionId="0f4e8240-ff7e-4a31-984a-2f371be0e2c3" testListId="8c84fa94-04c1-424b-9868-57a2d4851a1d" />
    <TestEntry testId="42c9038e-83ab-bae5-c7e8-73f806c72d2a" executionId="272571c2-dd95-45a7-b486-01be543e2ea9" testListId="8c84fa94-04c1-424b-9868-57a2d4851a1d" />
    <TestEntry testId="a68a27ee-ced5-7055-06ba-12f96958b28f" executionId="093cd3e4-16ad-4f18-9e21-9359d78c7f27" testListId="8c84fa94-04c1-424b-9868-57a2d4851a1d" />
    <TestEntry testId="3076346f-e719-f439-3898-289f35032ef1" executionId="8f11f735-3090-44c0-9af4-1dd5cc458bd9" testListId="8c84fa94-04c1-424b-9868-57a2d4851a1d" />
    <TestEntry testId="ebe83846-f30d-4502-5b06-920f9179e550" executionId="3735e28e-59f8-4477-bf12-11d597e4c286" testListId="8c84fa94-04c1-424b-9868-57a2d4851a1d" />
    <TestEntry testId="b7bbbe98-91af-7dec-8966-b09bed25d558" executionId="aabbefaa-46cf-4137-bd9f-5a5b85a21894" testListId="8c84fa94-04c1-424b-9868-57a2d4851a1d" />
    <TestEntry testId="5befb21e-f374-5353-37db-f8026e3c1253" executionId="a7603dda-8090-4470-94be-0579c66c4d85" testListId="8c84fa94-04c1-424b-9868-57a2d4851a1d" />
    <TestEntry testId="9835e47b-ec22-5506-aeb5-974d4515aa48" executionId="50590e31-db11-4e13-8e87-bb2966a70cdb" testListId="8c84fa94-04c1-424b-9868-57a2d4851a1d" />
    <TestEntry testId="cf838fe5-cf64-cdb9-4856-b3fc2156670a" executionId="2b893650-9bc0-41b7-8ac8-7709d0ac8edf" testListId="8c84fa94-04c1-424b-9868-57a2d4851a1d" />
    <TestEntry testId="f09b7cd5-4ae8-422c-8772-5a55d24c9ade" executionId="01bbac84-3cfb-4865-a80a-11895f7a025a" testListId="8c84fa94-04c1-424b-9868-57a2d4851a1d" />
    <TestEntry testId="5b9eed1d-66a1-144a-f169-3003eeb937ac" executionId="3ecbe8a6-cca9-46f3-a117-5eace9b464ca" testListId="8c84fa94-04c1-424b-9868-57a2d4851a1d" />
    <TestEntry testId="3a33635c-4486-cf0b-99ea-c9804c518ad6" executionId="e1cd7f8b-3d57-4f6c-9331-0502a2d2d84b" testListId="8c84fa94-04c1-424b-9868-57a2d4851a1d" />
    <TestEntry testId="17d4fefb-2556-b281-a665-c9c732c99e79" executionId="ffac210a-b75a-4e66-8935-bd97ff6d5d10" testListId="8c84fa94-04c1-424b-9868-57a2d4851a1d" />
    <TestEntry testId="42206b57-8aa0-871e-4287-4e3c8a3cc6ec" executionId="b1fe2492-11f4-4107-9521-c1bb0616671c" testListId="8c84fa94-04c1-424b-9868-57a2d4851a1d" />
    <TestEntry testId="ba20835b-067e-5539-8e44-8baf83c19e41" executionId="1fc8661c-6348-4109-8c9f-d7645bf9edf4" testListId="8c84fa94-04c1-424b-9868-57a2d4851a1d" />
    <TestEntry testId="ad0d39e5-00d7-6228-aeb3-c91c6b3da5f5" executionId="b499af06-dd34-4a48-9caa-3bef53e78403" testListId="8c84fa94-04c1-424b-9868-57a2d4851a1d" />
    <TestEntry testId="40ee6628-cabc-d31b-6bc1-487bcee11d7e" executionId="02889447-e0e7-44c7-88c6-737eca2b3d95" testListId="8c84fa94-04c1-424b-9868-57a2d4851a1d" />
    <TestEntry testId="22ffd28b-ee44-66cc-c370-4d28b25809c6" executionId="e854d51c-aae9-4321-90b5-15ab1060fb47" testListId="8c84fa94-04c1-424b-9868-57a2d4851a1d" />
    <TestEntry testId="d9434b0b-f031-6aad-3c30-fb3e0d035dab" executionId="e78ad8aa-5528-4caa-8a45-8c8a84196fb7" testListId="8c84fa94-04c1-424b-9868-57a2d4851a1d" />
    <TestEntry testId="91adec86-044d-3b0d-62f3-bdcae922b644" executionId="2c243949-b617-48dd-83ac-92d7ee9e3901" testListId="8c84fa94-04c1-424b-9868-57a2d4851a1d" />
    <TestEntry testId="269fcbba-1520-c37c-832e-a6063e8324bb" executionId="9c1127db-9510-4393-a426-029355c78815" testListId="8c84fa94-04c1-424b-9868-57a2d4851a1d" />
    <TestEntry testId="99892231-84e1-33e1-e7f7-41ced0139b8b" executionId="57f5743a-a447-41e5-9abf-b2bc9bc15cee" testListId="8c84fa94-04c1-424b-9868-57a2d4851a1d" />
    <TestEntry testId="016d303d-5ae2-6e55-e6bf-2008da910e62" executionId="da257c54-ca63-4ce2-8ccd-a38316abeb56" testListId="8c84fa94-04c1-424b-9868-57a2d4851a1d" />
    <TestEntry testId="d61978d5-101a-092e-d93c-a7eb57a0d4f9" executionId="ee9028c0-02d3-44c0-86bb-2031d9473ae2" testListId="8c84fa94-04c1-424b-9868-57a2d4851a1d" />
    <TestEntry testId="bf8de978-ede0-2334-cd93-70c2c792931f" executionId="4797f0a4-d550-413c-8329-bda0b2df6396" testListId="8c84fa94-04c1-424b-9868-57a2d4851a1d" />
    <TestEntry testId="190cafd6-e87f-acd4-dc9b-9d82114386d9" executionId="58c794d6-dc8e-41ae-ba3d-be27db9143c4" testListId="8c84fa94-04c1-424b-9868-57a2d4851a1d" />
    <TestEntry testId="3ca02e33-556b-3fdb-f0cf-b0f349847245" executionId="9f2343ed-0d0f-4051-837c-4fe849668efc" testListId="8c84fa94-04c1-424b-9868-57a2d4851a1d" />
    <TestEntry testId="5e0ccfa9-e637-4242-b34b-1ae82226f894" executionId="1992297b-3a2f-4696-9720-6b1cd3b7b06e" testListId="8c84fa94-04c1-424b-9868-57a2d4851a1d" />
    <TestEntry testId="3114fd40-71ce-994b-9259-eabf8239901e" executionId="a034ae43-c5bf-4e63-835c-bc36e2c585fa" testListId="8c84fa94-04c1-424b-9868-57a2d4851a1d" />
    <TestEntry testId="7d2712c2-8286-82a7-fc6d-ae7572a28a52" executionId="dac7462a-e394-471f-bcfd-929ef5460ab9" testListId="8c84fa94-04c1-424b-9868-57a2d4851a1d" />
    <TestEntry testId="69f852cf-0b8d-bff9-6d2d-fced5fbdbaf2" executionId="6a9b8cd6-9666-4ee3-9240-979cd16dbf20" testListId="8c84fa94-04c1-424b-9868-57a2d4851a1d" />
    <TestEntry testId="18c82026-182f-6e23-4c30-ed576236aa7c" executionId="f798b0de-4d91-462f-b1b1-a7197ac7be8d" testListId="8c84fa94-04c1-424b-9868-57a2d4851a1d" />
    <TestEntry testId="b47684af-1794-f5e1-2939-ee11bb40f2e8" executionId="e8a9d54a-9fa7-488e-b7ec-6b4d2808383b" testListId="8c84fa94-04c1-424b-9868-57a2d4851a1d" />
    <TestEntry testId="0c4f7782-5c4d-f42e-03cc-a2dae624ac6e" executionId="92687f7a-cfee-449a-8afc-8180efac7326" testListId="8c84fa94-04c1-424b-9868-57a2d4851a1d" />
    <TestEntry testId="1d29fac2-3f2b-d487-db1b-b2d3ad7fc889" executionId="224cb3a8-580b-4f46-a78e-a0dcf64e352b" testListId="8c84fa94-04c1-424b-9868-57a2d4851a1d" />
    <TestEntry testId="048cd77d-3de3-58cf-4e72-84e37cfed1e3" executionId="d0da72c6-23bd-496d-a320-5fd0cf9c1f1e" testListId="8c84fa94-04c1-424b-9868-57a2d4851a1d" />
    <TestEntry testId="64b3e4a5-31a7-57c7-6c30-e353370e12e0" executionId="ecc202ba-ae2f-4768-86b9-47a177a37139" testListId="8c84fa94-04c1-424b-9868-57a2d4851a1d" />
    <TestEntry testId="2c92fdb3-d95d-1632-c5b9-2a0e8c5892ee" executionId="64e1774b-4c03-446d-926a-58e89207868d" testListId="8c84fa94-04c1-424b-9868-57a2d4851a1d" />
    <TestEntry testId="2d48fc77-1867-a29b-eb07-2aeec9de2225" executionId="0bdd95d0-af16-46e5-81fd-95e525a76be9" testListId="8c84fa94-04c1-424b-9868-57a2d4851a1d" />
    <TestEntry testId="d7aeee86-92f2-5c12-685d-812d09ed0822" executionId="c5c6c7e2-38d2-40c5-8b70-2508bdf7cf03" testListId="8c84fa94-04c1-424b-9868-57a2d4851a1d" />
    <TestEntry testId="62b0fe72-30f1-2af2-c068-90091bfb1d44" executionId="25381f02-7697-411a-8468-b08bd6eab317" testListId="8c84fa94-04c1-424b-9868-57a2d4851a1d" />
    <TestEntry testId="2d7c87f9-92d6-6d29-4cc3-8c2788e75a11" executionId="cc4590eb-cfee-44a0-ad5d-d89581880be3" testListId="8c84fa94-04c1-424b-9868-57a2d4851a1d" />
    <TestEntry testId="e64ab231-01c1-e586-c097-a5bc789dc9e3" executionId="9ba69e2f-9edb-4888-8f6a-44ccfb7a1fae" testListId="8c84fa94-04c1-424b-9868-57a2d4851a1d" />
    <TestEntry testId="a928e41a-a5c8-5840-1107-8bfd65b6750c" executionId="e0beb9c0-3c6a-497c-bc4f-e6cf5b2d9279" testListId="8c84fa94-04c1-424b-9868-57a2d4851a1d" />
    <TestEntry testId="ce195ac9-e907-62d3-fa5f-c3b7ebadeac3" executionId="0400b548-03da-455a-b79c-8b53b9035721" testListId="8c84fa94-04c1-424b-9868-57a2d4851a1d" />
    <TestEntry testId="a774f8ba-9074-00fb-1dda-7e4eac4a4d85" executionId="9638f109-1348-4a77-9466-35dc399481be" testListId="8c84fa94-04c1-424b-9868-57a2d4851a1d" />
    <TestEntry testId="faff4fba-5493-e6c9-9bf9-a728e70472b3" executionId="ce0246a5-2d41-43db-a19d-187309d4d375" testListId="8c84fa94-04c1-424b-9868-57a2d4851a1d" />
    <TestEntry testId="a3d75b2a-aedf-2885-f27f-a7945f978fce" executionId="260a8235-6acf-486e-adc2-982fc7cdd8e4" testListId="8c84fa94-04c1-424b-9868-57a2d4851a1d" />
    <TestEntry testId="1ce865d9-57c4-31f9-0333-820160e71698" executionId="0e2ef2ee-e9ae-46a2-a86a-0f7940132503" testListId="8c84fa94-04c1-424b-9868-57a2d4851a1d" />
    <TestEntry testId="5ad91b1e-e6bf-9b68-b95f-00f8f29f8b7a" executionId="259bb9e0-f6a1-4ed3-8692-915071769446" testListId="8c84fa94-04c1-424b-9868-57a2d4851a1d" />
    <TestEntry testId="0e25bcf5-ab45-f600-b517-83fefa26e455" executionId="45963a21-6b41-4904-90c6-1a03e11426d9" testListId="8c84fa94-04c1-424b-9868-57a2d4851a1d" />
    <TestEntry testId="3332c67c-92a3-057f-677b-9ccf84688a91" executionId="6e87663e-ede8-49ab-8df5-3a3403cfa619" testListId="8c84fa94-04c1-424b-9868-57a2d4851a1d" />
    <TestEntry testId="eefc6d24-5020-8505-1dbb-9868d5500570" executionId="36007e19-b5f0-4f57-9cab-a34d4963f9a0" testListId="8c84fa94-04c1-424b-9868-57a2d4851a1d" />
    <TestEntry testId="89f817bf-e9a1-f0b4-2111-76edf6a63676" executionId="adaa2dad-5bbc-441c-98b8-3c8f2ee3b837" testListId="8c84fa94-04c1-424b-9868-57a2d4851a1d" />
    <TestEntry testId="b818bc8f-75bb-2119-5010-d4b3daaab169" executionId="b3bd4eb9-d7d0-4945-b7df-04dc0baa5aa3" testListId="8c84fa94-04c1-424b-9868-57a2d4851a1d" />
    <TestEntry testId="a2a7734b-7826-2e52-b732-ff373605efea" executionId="69161d43-a4ef-46d9-b5f8-52b023c8a515" testListId="8c84fa94-04c1-424b-9868-57a2d4851a1d" />
    <TestEntry testId="a7a3158e-1399-dbdf-e50f-3716ddb1ba8c" executionId="b0cb572a-e30f-4f91-bdaf-81f021e128a2" testListId="8c84fa94-04c1-424b-9868-57a2d4851a1d" />
    <TestEntry testId="836451b2-62cb-4cd2-ca5f-c5c8f2c0a202" executionId="b18e9717-aa97-460a-bb8d-6f073359ffa6" testListId="8c84fa94-04c1-424b-9868-57a2d4851a1d" />
    <TestEntry testId="eaeadf06-6f78-ef66-9240-54edcfcfb42c" executionId="ec2b5cb4-1958-41f2-8688-9129a794bbfe" testListId="8c84fa94-04c1-424b-9868-57a2d4851a1d" />
    <TestEntry testId="40ac891b-3aed-7213-ed1d-840834b3000d" executionId="3f2b942a-e728-40fa-b98c-1224f9d726ed" testListId="8c84fa94-04c1-424b-9868-57a2d4851a1d" />
    <TestEntry testId="34366f44-ed9b-7d8b-6c2d-6118dfaf9ff9" executionId="b5598767-5970-42a7-9f24-46bfccde08a7" testListId="8c84fa94-04c1-424b-9868-57a2d4851a1d" />
    <TestEntry testId="95755321-99fe-3c41-7267-feb0fced4809" executionId="de0d4910-ce7d-4bd9-9944-501e19f39203" testListId="8c84fa94-04c1-424b-9868-57a2d4851a1d" />
    <TestEntry testId="b4f6ecd8-21d2-e463-3b8f-e414fa0d53d7" executionId="4dba5bb4-716d-410d-aa2b-44f12cbe21da" testListId="8c84fa94-04c1-424b-9868-57a2d4851a1d" />
    <TestEntry testId="ffc1e6de-c7e5-39de-fa7e-18eabd193809" executionId="255a59bb-d7aa-4e1d-96a0-7fa7dfcab624" testListId="8c84fa94-04c1-424b-9868-57a2d4851a1d" />
    <TestEntry testId="f1a8ea88-01e1-69c3-1fe9-4aa537f89af0" executionId="d2431d09-60ed-446d-8318-7e766dec45e7" testListId="8c84fa94-04c1-424b-9868-57a2d4851a1d" />
    <TestEntry testId="abccacca-7bbc-accb-c206-54d138eb3775" executionId="e87313fb-bb32-4c99-96d8-cda455d0345d" testListId="8c84fa94-04c1-424b-9868-57a2d4851a1d" />
    <TestEntry testId="45fb5dfe-53cd-6a22-0ca1-9597e2979720" executionId="6757ad65-7e46-446b-94c5-105fb0ab46b7" testListId="8c84fa94-04c1-424b-9868-57a2d4851a1d" />
    <TestEntry testId="3dfa9941-19c4-5af8-c083-d23b4b389829" executionId="86f6fc78-1e28-4468-ad18-54b5fdc5167b" testListId="8c84fa94-04c1-424b-9868-57a2d4851a1d" />
    <TestEntry testId="6f9f5016-c386-f671-b8d8-6fc0a14626eb" executionId="943e40d3-672e-4166-82e2-76456471738b" testListId="8c84fa94-04c1-424b-9868-57a2d4851a1d" />
    <TestEntry testId="2e7985fe-e95f-8919-ba34-acd7bc78ecb7" executionId="4fa6f1a4-3f91-49fa-aaee-abdad3f1771f" testListId="8c84fa94-04c1-424b-9868-57a2d4851a1d" />
    <TestEntry testId="e93018a6-329d-1e6a-244e-75972e649bf3" executionId="6060cae8-6f5b-4ccb-8238-8466acee9c88" testListId="8c84fa94-04c1-424b-9868-57a2d4851a1d" />
    <TestEntry testId="959fba83-0682-2e3d-51fe-2394f6f56bd3" executionId="878fe891-3995-4562-8add-54ac373e30c4" testListId="8c84fa94-04c1-424b-9868-57a2d4851a1d" />
    <TestEntry testId="be069dea-132b-4f72-c1c8-8b4fd667fd7f" executionId="392f5cf8-01a7-49a2-90f2-b9c3db48c700" testListId="8c84fa94-04c1-424b-9868-57a2d4851a1d" />
    <TestEntry testId="4854f432-ed08-b528-1fc8-b51b93105d76" executionId="cd451806-bcbb-4cc4-b14c-227b9428dcf9" testListId="8c84fa94-04c1-424b-9868-57a2d4851a1d" />
    <TestEntry testId="366f0f62-c3df-406d-3cbd-6a62fe8e98a7" executionId="371c165c-c52f-4083-81dc-187516fa9a7a" testListId="8c84fa94-04c1-424b-9868-57a2d4851a1d" />
    <TestEntry testId="9c0e588a-866b-1517-e5d3-e54c7a4a3de2" executionId="fd28da37-e204-46fb-b3e5-5f3ef26d3dcf" testListId="8c84fa94-04c1-424b-9868-57a2d4851a1d" />
    <TestEntry testId="68fca5a0-0889-490e-ec2f-406de7ad763a" executionId="bfe04224-15d4-4ca8-bbf8-f094c976a03b" testListId="8c84fa94-04c1-424b-9868-57a2d4851a1d" />
    <TestEntry testId="7bb5033b-053d-57a5-c00e-279f476a8835" executionId="fd3b9f02-aff7-4201-9d91-c7f6d00dcf34" testListId="8c84fa94-04c1-424b-9868-57a2d4851a1d" />
    <TestEntry testId="a8b9844c-6104-c9c6-7d60-78d6100065b0" executionId="55f9bc94-9b58-44ee-84b2-89d340ba54e8" testListId="8c84fa94-04c1-424b-9868-57a2d4851a1d" />
    <TestEntry testId="a8373318-d0c0-3b68-eeb8-1cd7a830e6d6" executionId="f56ba3b5-2e53-4402-95b5-0e0773f3a7bf" testListId="8c84fa94-04c1-424b-9868-57a2d4851a1d" />
    <TestEntry testId="f5c58e94-9cf1-991c-aa85-75e7d2a200a6" executionId="b03bee85-6fb6-45d6-9ef1-3223a2146e03" testListId="8c84fa94-04c1-424b-9868-57a2d4851a1d" />
    <TestEntry testId="e864bc3b-2488-4a94-3944-8157a5bb958a" executionId="8c09f988-599b-456c-b3df-70485e893621" testListId="8c84fa94-04c1-424b-9868-57a2d4851a1d" />
    <TestEntry testId="8c77f87a-9ff2-d101-f9e6-6771eeb5c649" executionId="6a753627-8a03-44fd-97d6-2d4f757bed7e" testListId="8c84fa94-04c1-424b-9868-57a2d4851a1d" />
    <TestEntry testId="e76b4e50-70e5-0b84-1a79-8432276bb6be" executionId="7946be25-e25c-4aad-bc9b-17efc6967662" testListId="8c84fa94-04c1-424b-9868-57a2d4851a1d" />
    <TestEntry testId="6b2a33da-8dbe-7c78-d246-94dec9023958" executionId="9a9393ef-025d-4a53-be9d-d765fabe6774" testListId="8c84fa94-04c1-424b-9868-57a2d4851a1d" />
    <TestEntry testId="341040bb-ced9-d1d7-7226-192f7cf8fcdc" executionId="342eeed5-176d-4c62-ba1d-4e04c1eeb4d2" testListId="8c84fa94-04c1-424b-9868-57a2d4851a1d" />
    <TestEntry testId="4daab14e-239d-9692-7fbb-75ab5af4e5fe" executionId="320ff34c-2a7f-46a6-9f78-8edea1c9531c" testListId="8c84fa94-04c1-424b-9868-57a2d4851a1d" />
    <TestEntry testId="897f10c2-6c72-467e-5a23-7b3bebf70ffb" executionId="ed2acf47-893f-4ca7-a636-fe53d45f339d" testListId="8c84fa94-04c1-424b-9868-57a2d4851a1d" />
    <TestEntry testId="c64fd3ef-a83e-8804-d6d0-9d8e2ff29cc2" executionId="3875d8fc-1539-4c60-860d-565588062706" testListId="8c84fa94-04c1-424b-9868-57a2d4851a1d" />
    <TestEntry testId="5b2ca5e4-e86c-3f28-8244-339071e7c3be" executionId="58963ed5-8c92-4d9c-8bb0-1240f031a256" testListId="8c84fa94-04c1-424b-9868-57a2d4851a1d" />
    <TestEntry testId="70db4613-e64a-610c-c0a7-4aad6b8acc12" executionId="992240db-1f74-4492-b984-37104ea62d4f" testListId="8c84fa94-04c1-424b-9868-57a2d4851a1d" />
    <TestEntry testId="350fb660-314c-786b-3d6b-541a0971c807" executionId="e029e5b5-0977-4644-8896-8b578156c7b0" testListId="8c84fa94-04c1-424b-9868-57a2d4851a1d" />
    <TestEntry testId="a91693fe-7a60-fb25-8c1a-3c9d5103f720" executionId="077b6cb8-81fe-40d6-a297-48386df7ac34" testListId="8c84fa94-04c1-424b-9868-57a2d4851a1d" />
    <TestEntry testId="abd8e945-1cd6-1c43-f5d4-1f844731781d" executionId="2bd6cf2d-f776-4452-a078-b82e0c37d59c" testListId="8c84fa94-04c1-424b-9868-57a2d4851a1d" />
    <TestEntry testId="6168ca12-341a-f09a-6cdf-6dd1f68c911d" executionId="d08cf7f3-acff-4dca-ac95-4377f987f04a" testListId="8c84fa94-04c1-424b-9868-57a2d4851a1d" />
    <TestEntry testId="852f061a-eb76-627b-f7c5-de08154576e3" executionId="0cbbb242-a041-448a-befa-3fbbabd8481c" testListId="8c84fa94-04c1-424b-9868-57a2d4851a1d" />
    <TestEntry testId="4671f449-0198-2bb5-9d3d-e7e5207a3968" executionId="8f221a91-5236-417e-a4b3-600d830b2340" testListId="8c84fa94-04c1-424b-9868-57a2d4851a1d" />
    <TestEntry testId="a7b1749e-2ad3-548e-4171-dcc39a4ba308" executionId="661b4ff4-b7d4-4654-957d-ba03a5f63d5a" testListId="8c84fa94-04c1-424b-9868-57a2d4851a1d" />
    <TestEntry testId="9d0c2c94-02dc-7b10-0108-100d571e057e" executionId="3d5ba5f4-ee00-4b36-95b9-bed3c60d90f1" testListId="8c84fa94-04c1-424b-9868-57a2d4851a1d" />
    <TestEntry testId="3e382f98-ef8c-4926-27b6-c03a83290bad" executionId="99277cd8-55f0-49c9-a7db-8518875dbbbb" testListId="8c84fa94-04c1-424b-9868-57a2d4851a1d" />
    <TestEntry testId="f0803f19-4aef-0544-7088-6f90fbe83c6b" executionId="f4517869-e0e6-468a-bce0-b78932a755da" testListId="8c84fa94-04c1-424b-9868-57a2d4851a1d" />
    <TestEntry testId="02a94b2b-cd88-000b-7e1d-6fc58b3c673d" executionId="0bd2068a-7e0e-4b63-8fbf-98c57cbe287b" testListId="8c84fa94-04c1-424b-9868-57a2d4851a1d" />
    <TestEntry testId="112c074c-c91e-2a6e-3358-6a9304c63b95" executionId="407d4719-f7ba-4f54-8880-0ff9675b083e" testListId="8c84fa94-04c1-424b-9868-57a2d4851a1d" />
    <TestEntry testId="2f04f25a-f7ea-d154-f23d-9b85170cefc4" executionId="1c466d34-1f47-478f-9f47-454c4c66e744" testListId="8c84fa94-04c1-424b-9868-57a2d4851a1d" />
    <TestEntry testId="5e8b18ba-6a80-fd43-4cb0-8c6bdf8765d5" executionId="2c7e02e6-78a1-4757-b52f-be026ee48e9a" testListId="8c84fa94-04c1-424b-9868-57a2d4851a1d" />
    <TestEntry testId="8495fb32-9c63-b362-e211-e17f09a360d7" executionId="7226ed9a-7274-4fcd-80ba-43c975956999" testListId="8c84fa94-04c1-424b-9868-57a2d4851a1d" />
    <TestEntry testId="58e104c6-e504-07c5-0909-f689fdb330d3" executionId="83fc2b18-4a33-4dc1-bfa2-a3f9fad2027d" testListId="8c84fa94-04c1-424b-9868-57a2d4851a1d" />
    <TestEntry testId="d1f304ff-bc66-281d-07dd-5db7fd1f9503" executionId="61430830-0cbd-4bce-a185-0e0a18d8e8d0" testListId="8c84fa94-04c1-424b-9868-57a2d4851a1d" />
    <TestEntry testId="e2629d31-76fa-fe13-ab42-e2aa75f765d2" executionId="9294a843-7428-4695-bf95-27f2ae826cfe" testListId="8c84fa94-04c1-424b-9868-57a2d4851a1d" />
    <TestEntry testId="abab0ca8-38d9-b46e-ed1a-a39f638f498e" executionId="71b995ef-982a-49b6-9fec-403824de74db" testListId="8c84fa94-04c1-424b-9868-57a2d4851a1d" />
    <TestEntry testId="3b396502-c22c-6b6b-cd1b-3a2de6a27365" executionId="5dd8c42d-75b1-4f44-9128-5e5f603ac626" testListId="8c84fa94-04c1-424b-9868-57a2d4851a1d" />
    <TestEntry testId="7badf018-cb0a-dbe2-46e3-595e2e7a967d" executionId="068ed596-ad0c-458b-8e0a-a3fc315bd153" testListId="8c84fa94-04c1-424b-9868-57a2d4851a1d" />
    <TestEntry testId="db1ac5c7-4d71-7640-4051-517cc2b3de0c" executionId="8f9471d5-9a34-4bd7-852d-f452bcd453f7" testListId="8c84fa94-04c1-424b-9868-57a2d4851a1d" />
    <TestEntry testId="979280e2-dfe1-0cec-d81f-8909f7e24c33" executionId="f72ebe82-8008-4f18-9d9b-a6c26e20a131" testListId="8c84fa94-04c1-424b-9868-57a2d4851a1d" />
    <TestEntry testId="c5a7611f-847e-26d1-53fe-736703c875f6" executionId="0354cefc-204c-4a79-80b4-50f7a023c25c" testListId="8c84fa94-04c1-424b-9868-57a2d4851a1d" />
    <TestEntry testId="0f731173-747f-4b49-2f2d-d518fc733b7a" executionId="6a688e4d-87cb-45a7-916c-d94bb248faed" testListId="8c84fa94-04c1-424b-9868-57a2d4851a1d" />
    <TestEntry testId="085e36b0-0d52-7c74-b0d8-4785cd5f1544" executionId="49ef5efa-1cb2-4bcb-bfb7-57327327b0ea" testListId="8c84fa94-04c1-424b-9868-57a2d4851a1d" />
    <TestEntry testId="65a382e3-c1e3-08ef-c35f-11020ff7747f" executionId="e2ab824b-3bfa-43a0-8950-6571e680b6ac" testListId="8c84fa94-04c1-424b-9868-57a2d4851a1d" />
    <TestEntry testId="d79cfa86-e515-004d-fe4e-214ac35ead55" executionId="e1f489f3-1e7e-4464-a855-301d2fd782bf" testListId="8c84fa94-04c1-424b-9868-57a2d4851a1d" />
    <TestEntry testId="3e10b303-d441-b310-0523-4f1f964c7566" executionId="7d50563e-f1c3-40b6-a17e-2f39aa81a837" testListId="8c84fa94-04c1-424b-9868-57a2d4851a1d" />
    <TestEntry testId="fb801da6-9ecf-3dd8-bfd4-511523f841d2" executionId="74bda3de-9ab4-4836-b871-4252a2324376" testListId="8c84fa94-04c1-424b-9868-57a2d4851a1d" />
    <TestEntry testId="2435f07f-4cdd-eeff-ea35-46385277928d" executionId="d7644eef-65e4-435f-8133-5a4c90e7e3bf" testListId="8c84fa94-04c1-424b-9868-57a2d4851a1d" />
    <TestEntry testId="ac6ebb8c-c327-57cd-3af5-aa07fb4edc14" executionId="9c699c5b-03fc-4a55-a19e-8ceb4f687afc" testListId="8c84fa94-04c1-424b-9868-57a2d4851a1d" />
    <TestEntry testId="fe1a2924-96f3-7e80-1a74-9f9fd249b93e" executionId="2eb804d3-6da6-46bb-9c82-be854f000620" testListId="8c84fa94-04c1-424b-9868-57a2d4851a1d" />
    <TestEntry testId="adb49f16-3736-24f6-5b1f-837b780eb877" executionId="b75012a9-37e5-4844-a628-ca28944138bb" testListId="8c84fa94-04c1-424b-9868-57a2d4851a1d" />
    <TestEntry testId="d56dd742-e931-0f4c-26ba-408458db3851" executionId="35c08dab-cde9-4a3f-b040-76f685da9302" testListId="8c84fa94-04c1-424b-9868-57a2d4851a1d" />
    <TestEntry testId="239a4cc1-6051-4648-1a72-a4dea208e744" executionId="c7b28d9e-93dd-42ec-aa49-eb15041f4416" testListId="8c84fa94-04c1-424b-9868-57a2d4851a1d" />
    <TestEntry testId="a7bf7fe5-0fd3-09c0-db2e-a077e2bb59f1" executionId="01afa4c5-3752-4305-a475-78828ebf867f" testListId="8c84fa94-04c1-424b-9868-57a2d4851a1d" />
    <TestEntry testId="f298d898-68fb-30c9-25a2-94ce20f4fdb3" executionId="f582a646-739b-46f4-81a0-9fb7b2cc0c58" testListId="8c84fa94-04c1-424b-9868-57a2d4851a1d" />
    <TestEntry testId="291a0a00-e36f-0b02-ed15-eb7d9d18168a" executionId="6192d55f-0898-4141-bf39-dd05be96360d" testListId="8c84fa94-04c1-424b-9868-57a2d4851a1d" />
    <TestEntry testId="84d3e400-28e5-a032-6581-dd6f9d37667a" executionId="27b51e7a-02db-42d0-a1e1-04a428b9fcb8" testListId="8c84fa94-04c1-424b-9868-57a2d4851a1d" />
    <TestEntry testId="abcb3b7f-4c07-2d28-fb29-7bc03942e3cd" executionId="5d0e6e2b-b3b0-4b21-b118-74ca8f5f7e57" testListId="8c84fa94-04c1-424b-9868-57a2d4851a1d" />
    <TestEntry testId="e91a7b75-ac3d-2bd0-17fa-3f23acb86759" executionId="68ec0cae-7716-4430-81ad-cac0cb1dcdba" testListId="8c84fa94-04c1-424b-9868-57a2d4851a1d" />
    <TestEntry testId="ae0539e8-7653-996e-a87e-3f69894a3b17" executionId="6c994c25-6dc1-4e58-8f9f-76903aafd3af" testListId="8c84fa94-04c1-424b-9868-57a2d4851a1d" />
    <TestEntry testId="cc139316-f1a2-00ef-ef1d-1e4ba4910c04" executionId="2e6b2cd6-294d-4981-b3e3-9703dca8c2b8" testListId="8c84fa94-04c1-424b-9868-57a2d4851a1d" />
    <TestEntry testId="4ea1f036-59f8-5cad-3b0c-625068ad78db" executionId="73c6e6ac-4126-410f-96e3-4e26ee11be8d" testListId="8c84fa94-04c1-424b-9868-57a2d4851a1d" />
    <TestEntry testId="959de6ab-41a3-bb6f-c652-3f36caba1f36" executionId="fa112f80-2c5b-434b-a7e8-2162b0e2a5e1" testListId="8c84fa94-04c1-424b-9868-57a2d4851a1d" />
    <TestEntry testId="4d2b56f8-9d20-2fa9-3613-4864d7e06ff5" executionId="1009e59d-ac75-4e8a-8086-fcf8ae75d2e8" testListId="8c84fa94-04c1-424b-9868-57a2d4851a1d" />
    <TestEntry testId="b7ae8529-9bcc-b3b7-9e9a-1f51fba7bd52" executionId="efdb40ee-b498-4c55-a3dd-00c263c74ee8" testListId="8c84fa94-04c1-424b-9868-57a2d4851a1d" />
    <TestEntry testId="dd05b666-876a-55fb-e7fc-780febc2a53a" executionId="f7b46506-46fb-4b22-bc04-8b805d35f83b" testListId="8c84fa94-04c1-424b-9868-57a2d4851a1d" />
    <TestEntry testId="19d5cf7b-2f75-2a41-694f-50c30d11f63c" executionId="254883cf-bc07-489e-8f71-8703d6bac338" testListId="8c84fa94-04c1-424b-9868-57a2d4851a1d" />
    <TestEntry testId="42dc1567-508f-1ff2-08a2-17dc86c051e8" executionId="3311832a-b23a-4d63-bc52-a491b11ca3c9" testListId="8c84fa94-04c1-424b-9868-57a2d4851a1d" />
    <TestEntry testId="14b493ec-1bcb-50f5-9528-914b1e27347a" executionId="5423554e-16f3-41e3-9a70-011f04f51ca4" testListId="8c84fa94-04c1-424b-9868-57a2d4851a1d" />
    <TestEntry testId="45d7267f-6c71-d320-a8e4-c7def8429012" executionId="e49b25c1-1c08-4cc5-ace5-4c0b268a7b81" testListId="8c84fa94-04c1-424b-9868-57a2d4851a1d" />
    <TestEntry testId="a5a1d376-9a55-3344-a8d1-042eaae8a59b" executionId="dd125907-ff69-43d1-b4ae-d9e4ea3a65d0" testListId="8c84fa94-04c1-424b-9868-57a2d4851a1d" />
    <TestEntry testId="b98006bf-e247-2c89-f5f2-906de5d10ccf" executionId="39b43b48-4fe6-4951-8fac-dd6db92128ea" testListId="8c84fa94-04c1-424b-9868-57a2d4851a1d" />
    <TestEntry testId="55b7868a-5525-c155-3984-2d7080cbc3f0" executionId="66c1f376-aef6-411f-b908-c5467192a259" testListId="8c84fa94-04c1-424b-9868-57a2d4851a1d" />
    <TestEntry testId="149e1688-e5dc-ebf7-54b0-eb7d782e0a3d" executionId="c1e4e9e8-d4b7-454c-86f5-d40cffa9acd5" testListId="8c84fa94-04c1-424b-9868-57a2d4851a1d" />
    <TestEntry testId="c4bc0f3a-eeff-3d15-3eac-b16332605c4c" executionId="aaa7014d-52d6-4794-a8ef-c4c750e35047" testListId="8c84fa94-04c1-424b-9868-57a2d4851a1d" />
    <TestEntry testId="5042f569-80ad-a5a6-d51b-90b46bce87a9" executionId="aa596017-6121-487e-b3eb-88748aa31c04" testListId="8c84fa94-04c1-424b-9868-57a2d4851a1d" />
    <TestEntry testId="c79823a4-e6c5-4210-9526-f7fc3ce5d77c" executionId="6359b25b-2504-40e3-a979-b3ca8136e3bc" testListId="8c84fa94-04c1-424b-9868-57a2d4851a1d" />
    <TestEntry testId="c491ca15-97ab-a670-c185-11bf3ef7479b" executionId="a8da795f-5bdd-44ed-a1bf-5bb8c887d411" testListId="8c84fa94-04c1-424b-9868-57a2d4851a1d" />
    <TestEntry testId="87b7e046-4300-6ba7-be8d-14de8ee31c5f" executionId="886438e1-9e54-4c84-be60-4c554888f259" testListId="8c84fa94-04c1-424b-9868-57a2d4851a1d" />
    <TestEntry testId="b10574f8-57a7-a56d-69fc-5fa21e09fe6d" executionId="0e3a2d75-7862-4051-a8f3-35949f030a01" testListId="8c84fa94-04c1-424b-9868-57a2d4851a1d" />
    <TestEntry testId="6234ecb8-e2dd-d37d-8721-81fdc7e6823a" executionId="7c81dab8-ef54-4d43-88fd-a7015c230429" testListId="8c84fa94-04c1-424b-9868-57a2d4851a1d" />
    <TestEntry testId="ab120f5f-70c1-1c2c-37fe-0285fb96cb1f" executionId="8e6e1a0e-9a2b-4d18-800d-f4b16cc8c5cb" testListId="8c84fa94-04c1-424b-9868-57a2d4851a1d" />
    <TestEntry testId="3244b8c7-1294-20bc-2d35-4ae6283e4c3a" executionId="40906fd2-ebb9-4996-aee7-02b1e63bdfe6" testListId="8c84fa94-04c1-424b-9868-57a2d4851a1d" />
    <TestEntry testId="9833abbf-2b3b-4c95-cc5f-ce17c418fcd0" executionId="64ac8e3a-d0e9-475f-9463-436c73507e5c" testListId="8c84fa94-04c1-424b-9868-57a2d4851a1d" />
    <TestEntry testId="f746688b-f580-3fee-4c58-d4c4ee979cd7" executionId="efdebae1-579d-4a7d-99ab-2bef286ccaf6" testListId="8c84fa94-04c1-424b-9868-57a2d4851a1d" />
    <TestEntry testId="d141c1f4-2ff8-7341-a2af-364fb6299829" executionId="ebdebc1c-e3e0-4b16-a8eb-8ada63a6e3aa" testListId="8c84fa94-04c1-424b-9868-57a2d4851a1d" />
    <TestEntry testId="bb029ecd-bc04-6c95-65d6-4fa9005d9f93" executionId="04a4d5a9-c303-48d5-a151-a45742d7cbac" testListId="8c84fa94-04c1-424b-9868-57a2d4851a1d" />
    <TestEntry testId="7415a632-957d-b568-8d89-35975dec612b" executionId="4af2a9f9-bac5-4ed2-844c-c73d167427f1" testListId="8c84fa94-04c1-424b-9868-57a2d4851a1d" />
    <TestEntry testId="76f28705-d77c-bf82-f290-6a4800e495d0" executionId="3fed4513-3507-4014-b3b6-ff4de3516d76" testListId="8c84fa94-04c1-424b-9868-57a2d4851a1d" />
    <TestEntry testId="d15263a9-c9dd-8da6-43bd-cf6d41fc1e3a" executionId="cd5e94de-026a-4e86-b1fa-be89930c9079" testListId="8c84fa94-04c1-424b-9868-57a2d4851a1d" />
    <TestEntry testId="40e04a6d-bef0-ec4b-8281-04b2775da565" executionId="e523e352-f410-4df5-a4cc-72042dff007a" testListId="8c84fa94-04c1-424b-9868-57a2d4851a1d" />
    <TestEntry testId="4d32377c-3003-92bb-8a9b-867e419dcb6a" executionId="80305016-ec5c-4fa5-bb7e-c3846c3ccdd9" testListId="8c84fa94-04c1-424b-9868-57a2d4851a1d" />
    <TestEntry testId="ca4a7c7d-ea0c-9793-dbdd-ecdb86ee62d2" executionId="a162f9d9-213c-4190-bf1c-7a4d7836daad" testListId="8c84fa94-04c1-424b-9868-57a2d4851a1d" />
    <TestEntry testId="ebaf8397-8612-cd93-1911-25f8b63dd1af" executionId="938b8858-e9d3-4fda-876d-0a645deaa289" testListId="8c84fa94-04c1-424b-9868-57a2d4851a1d" />
    <TestEntry testId="909b5135-abc5-ca49-7494-5f4eb3573cf1" executionId="ad2c96f4-1c85-4c5f-82a2-63863e5937e1" testListId="8c84fa94-04c1-424b-9868-57a2d4851a1d" />
    <TestEntry testId="be0934fb-3e5b-c412-9765-2aa4cc2f45a7" executionId="1ca91e35-4bb2-4afd-9099-c937ab66fd16" testListId="8c84fa94-04c1-424b-9868-57a2d4851a1d" />
    <TestEntry testId="228e40b4-0ca4-d75a-7a58-46117a34fee9" executionId="c57871ae-74be-43b4-9e3e-fba06b08aa81" testListId="8c84fa94-04c1-424b-9868-57a2d4851a1d" />
    <TestEntry testId="f36a6d06-62fb-7dca-c729-24e28498b2d7" executionId="cc29bc92-21d6-4042-9f6d-19b609402e64" testListId="8c84fa94-04c1-424b-9868-57a2d4851a1d" />
    <TestEntry testId="8113e2b7-9bbc-43f2-b5f4-05d3d720e278" executionId="82268baf-00be-4c51-9b6f-546189d66a24" testListId="8c84fa94-04c1-424b-9868-57a2d4851a1d" />
    <TestEntry testId="9728fe01-3005-7319-6ba9-b6d3b25a9602" executionId="b96ab373-f772-4c58-9ee9-d8dc05645bcc" testListId="8c84fa94-04c1-424b-9868-57a2d4851a1d" />
    <TestEntry testId="8a9a0bf9-dc67-2135-3862-4a807be5d41c" executionId="baa40afc-545e-4046-a1d4-0504021ac01e" testListId="8c84fa94-04c1-424b-9868-57a2d4851a1d" />
    <TestEntry testId="554bf191-b569-b7a2-c3b8-c6178a2abd52" executionId="05a4d614-3bd6-4e7a-8b51-b66ddc96a983" testListId="8c84fa94-04c1-424b-9868-57a2d4851a1d" />
    <TestEntry testId="28097eda-a5f4-e6e6-7060-12e7665f3075" executionId="169421aa-b3ab-4541-9a90-36a04330245e" testListId="8c84fa94-04c1-424b-9868-57a2d4851a1d" />
    <TestEntry testId="cb065b5b-0d40-3607-dd81-a79e7d3ed14a" executionId="f099e8fc-ce1e-4d74-9fa1-6d84d362e2af" testListId="8c84fa94-04c1-424b-9868-57a2d4851a1d" />
    <TestEntry testId="cb027f47-b453-181c-17af-774dbf3d917b" executionId="4a689860-1c82-41cd-a228-d8a07d7b055e" testListId="8c84fa94-04c1-424b-9868-57a2d4851a1d" />
    <TestEntry testId="0a70d6fd-d740-a74a-169e-d35621818982" executionId="d964b487-d7d5-4d4f-a907-7e4f82916dc2" testListId="8c84fa94-04c1-424b-9868-57a2d4851a1d" />
    <TestEntry testId="947c27dc-3bc9-498f-6db7-a3e9f1a70b13" executionId="b7964f42-d16b-482e-b779-9c54c3eda051" testListId="8c84fa94-04c1-424b-9868-57a2d4851a1d" />
    <TestEntry testId="952f09f7-4d08-75b3-4aa9-81a5106c72e8" executionId="d976d8c9-7fb0-41e1-afad-e96df07dbeca" testListId="8c84fa94-04c1-424b-9868-57a2d4851a1d" />
    <TestEntry testId="0a8ad004-d01c-d1e0-58a0-181e5b1d213b" executionId="7605ed27-19a5-4aaf-a047-d1dbe792d55a" testListId="8c84fa94-04c1-424b-9868-57a2d4851a1d" />
    <TestEntry testId="a0f8908b-2fc2-df51-4b18-23e951512406" executionId="43896da9-21dc-4a35-8066-f41d5a1aa4aa" testListId="8c84fa94-04c1-424b-9868-57a2d4851a1d" />
    <TestEntry testId="4065d4aa-647e-7977-71b8-e3fe088d65f6" executionId="02ae85c6-2ad2-4f4a-a2cc-526af2f30593" testListId="8c84fa94-04c1-424b-9868-57a2d4851a1d" />
    <TestEntry testId="eedd43d6-efa5-b90c-89ed-190e198315e6" executionId="3d7128e3-f5d3-4d81-bd68-c637ef11cf83" testListId="8c84fa94-04c1-424b-9868-57a2d4851a1d" />
    <TestEntry testId="d91762c9-e8c3-9301-162e-078c803712fd" executionId="53b9687d-ea07-43aa-be82-f1f3b4ff8543" testListId="8c84fa94-04c1-424b-9868-57a2d4851a1d" />
    <TestEntry testId="d3be5396-2e22-40ea-fb50-3295c468f33c" executionId="0fdf2dff-351d-4add-a55a-d50a86fc7db4" testListId="8c84fa94-04c1-424b-9868-57a2d4851a1d" />
    <TestEntry testId="29b460d3-32ba-3d59-36a7-72d7b3c75d60" executionId="c4f56b8a-b951-47df-acb7-311be1dc951b" testListId="8c84fa94-04c1-424b-9868-57a2d4851a1d" />
    <TestEntry testId="0ab78665-c1fa-a2ea-7265-e8996c3b56dd" executionId="78cb076b-09eb-41b2-a085-4dfab7aee08a" testListId="8c84fa94-04c1-424b-9868-57a2d4851a1d" />
    <TestEntry testId="0e3d7f53-280f-fde2-203e-143d6dcfdf0a" executionId="ab6c87e5-dd7a-4bd2-9f0b-1ccfe7c5ce54" testListId="8c84fa94-04c1-424b-9868-57a2d4851a1d" />
    <TestEntry testId="2dc6c47b-b5f0-933c-7989-ac5759dd4706" executionId="4629ef83-7591-4a67-80d5-412129c1dfaf" testListId="8c84fa94-04c1-424b-9868-57a2d4851a1d" />
    <TestEntry testId="3f8bf4e1-1b7e-9e5d-1a9c-187732c556d7" executionId="8f7ca070-6cb7-443e-bf53-0e06f2cfbcd2" testListId="8c84fa94-04c1-424b-9868-57a2d4851a1d" />
    <TestEntry testId="ad8a2ff8-387f-a97d-ceb6-7fab64c9766a" executionId="fb93a8b7-8519-4781-bc4e-53b9e203daef" testListId="8c84fa94-04c1-424b-9868-57a2d4851a1d" />
    <TestEntry testId="42449a83-52ee-ffac-180b-a8106bf3af88" executionId="4d6edb0d-079c-4e1e-abcf-b0ea839bc6da" testListId="8c84fa94-04c1-424b-9868-57a2d4851a1d" />
    <TestEntry testId="06bd4992-c8ee-1a40-f2c9-75f9e0d2a1aa" executionId="bf1f43f7-c3a9-4384-a6b6-780643483057" testListId="8c84fa94-04c1-424b-9868-57a2d4851a1d" />
    <TestEntry testId="75733184-ecf7-b281-bd2e-48c921f0cff4" executionId="43cb4575-86ae-4fc6-b7e2-7bd23ece180f" testListId="8c84fa94-04c1-424b-9868-57a2d4851a1d" />
    <TestEntry testId="acf8804d-792c-1b35-de81-83d4ccdfb352" executionId="7e1a1ce0-4b1a-4897-89eb-b1129ea251de" testListId="8c84fa94-04c1-424b-9868-57a2d4851a1d" />
    <TestEntry testId="bf1816b2-91f9-1cf0-a850-7a59915a1d13" executionId="d8fffdfc-2cd1-4be4-b167-60ff4e6b6d8a" testListId="8c84fa94-04c1-424b-9868-57a2d4851a1d" />
    <TestEntry testId="5990c772-e408-af8a-3293-cee12203cdcc" executionId="69a305c6-f34f-4fc5-8b8b-c17a6b82b7f8" testListId="8c84fa94-04c1-424b-9868-57a2d4851a1d" />
    <TestEntry testId="4cd9be57-b5ee-3ae9-313d-5c06ae12b5f8" executionId="5a13f047-576d-4e8f-9eb3-27927158ac05" testListId="8c84fa94-04c1-424b-9868-57a2d4851a1d" />
    <TestEntry testId="20f7b20d-6fda-90c5-179b-3395a4df9b7c" executionId="628d6d7f-6088-45ec-bb53-f9e095184fe2" testListId="8c84fa94-04c1-424b-9868-57a2d4851a1d" />
    <TestEntry testId="7b9bc6fb-eef9-8cc3-8ceb-2e893b8c1bdf" executionId="c4f02c2b-58a6-4e80-8aae-efbcb0a232bd" testListId="8c84fa94-04c1-424b-9868-57a2d4851a1d" />
    <TestEntry testId="e57b5d64-f9f1-68ef-e175-4a5caa032c54" executionId="9243ea1f-cbc2-41e2-8169-247be806d023" testListId="8c84fa94-04c1-424b-9868-57a2d4851a1d" />
    <TestEntry testId="fbb577ab-554c-1761-8b33-3b062d943c22" executionId="0e584aa9-b09c-4b16-a4d5-d7cd4699840f" testListId="8c84fa94-04c1-424b-9868-57a2d4851a1d" />
    <TestEntry testId="6423dadf-5032-e426-048d-b3adf874a425" executionId="6e561c28-2019-434c-98cb-f015e81cff0b" testListId="8c84fa94-04c1-424b-9868-57a2d4851a1d" />
    <TestEntry testId="aa19bf7f-6519-31e4-5b05-0e179c7693a0" executionId="20563b0e-eace-4dee-b10c-9c99d92c7499" testListId="8c84fa94-04c1-424b-9868-57a2d4851a1d" />
    <TestEntry testId="50081d46-2c3a-f2b2-59ea-4061c169b6c6" executionId="1a24a562-61f6-4f5b-b972-6dbd2fa202c1" testListId="8c84fa94-04c1-424b-9868-57a2d4851a1d" />
    <TestEntry testId="6391cd26-6fc2-8e75-57e3-7b032d34c99b" executionId="c92ac3d8-abc5-422e-9f5f-7704967ec70a" testListId="8c84fa94-04c1-424b-9868-57a2d4851a1d" />
    <TestEntry testId="e8d7076c-1cb3-733b-4522-2a0049ab3d88" executionId="65380a06-3f34-480d-a842-a9e6a4a03cb4" testListId="8c84fa94-04c1-424b-9868-57a2d4851a1d" />
    <TestEntry testId="b951eadc-9c68-489f-5265-7dd5da8c5458" executionId="b450dff3-de19-4cfc-aad0-ee1646db6499" testListId="8c84fa94-04c1-424b-9868-57a2d4851a1d" />
    <TestEntry testId="d0cf4523-20d9-e9c2-7e92-dc719d8bb4ef" executionId="2658dc1f-20f6-487c-8ba7-4c6f1a0a3480" testListId="8c84fa94-04c1-424b-9868-57a2d4851a1d" />
    <TestEntry testId="4ee66f1f-2049-9f7f-57aa-b27bb388f963" executionId="7aab4795-4aa2-4034-837a-78aefc3df374" testListId="8c84fa94-04c1-424b-9868-57a2d4851a1d" />
    <TestEntry testId="ed2c0749-72ce-3102-1e65-21a531debf9e" executionId="93ddb557-f88b-4efc-b680-42babb296c74" testListId="8c84fa94-04c1-424b-9868-57a2d4851a1d" />
    <TestEntry testId="1bdda070-0470-891d-d0f0-2e66f6c00467" executionId="8af71012-9c6e-4a0d-863a-357c67fa08bb" testListId="8c84fa94-04c1-424b-9868-57a2d4851a1d" />
    <TestEntry testId="163ffdcd-8cc6-0360-4c70-1c08392ed80a" executionId="086a2b20-a702-4508-ae83-51aa2c8d89f5" testListId="8c84fa94-04c1-424b-9868-57a2d4851a1d" />
    <TestEntry testId="c3e880c3-27f7-ff6e-6cfa-d2f2112d61ec" executionId="07b2345b-7d0f-45d8-92e9-e1c929d9022f" testListId="8c84fa94-04c1-424b-9868-57a2d4851a1d" />
    <TestEntry testId="ed73f3dd-84f9-ccdb-8bc0-17130004fe1b" executionId="6b1db484-625a-4729-947d-f85d332a4fc3" testListId="8c84fa94-04c1-424b-9868-57a2d4851a1d" />
    <TestEntry testId="df7802a4-febc-831e-f0c4-67bb20909f69" executionId="ad0d1302-9c3b-48d9-a94b-c89f94091ebb" testListId="8c84fa94-04c1-424b-9868-57a2d4851a1d" />
    <TestEntry testId="65d5e85b-e0a7-670a-3e1b-13af33b9e642" executionId="9675dd82-9067-4c38-9323-ed2e4c458402" testListId="8c84fa94-04c1-424b-9868-57a2d4851a1d" />
    <TestEntry testId="ec69e657-5b70-1fb9-5485-83b465ae5c05" executionId="46448a56-d119-4e94-8bcd-1ef03220c1e4" testListId="8c84fa94-04c1-424b-9868-57a2d4851a1d" />
    <TestEntry testId="7d080014-b88c-9f91-eed5-7f14566db144" executionId="67a5a7b2-385e-4bbc-8064-c241c4ad5f6e" testListId="8c84fa94-04c1-424b-9868-57a2d4851a1d" />
    <TestEntry testId="bb2b6e22-8876-e112-3e1e-ad1f0802bc47" executionId="421896c1-ca4b-4f13-9b09-b34349f13c4b" testListId="8c84fa94-04c1-424b-9868-57a2d4851a1d" />
    <TestEntry testId="8f432e57-8098-fcb0-9efa-55aa76700f57" executionId="7c923de5-5a7c-4965-a39c-692b534125e1" testListId="8c84fa94-04c1-424b-9868-57a2d4851a1d" />
    <TestEntry testId="a4a3bfc2-ce2c-55ab-e6c7-e1c25caaf60b" executionId="95e3be66-3883-4079-87cf-6e58e13ed24b" testListId="8c84fa94-04c1-424b-9868-57a2d4851a1d" />
    <TestEntry testId="de1a8f86-5c1b-b7d6-9ef4-2f917a94a294" executionId="d3d3a868-bb2f-43e7-af38-efb1acfac5aa" testListId="8c84fa94-04c1-424b-9868-57a2d4851a1d" />
    <TestEntry testId="9c588f7d-a367-036e-096a-5d287bfe9650" executionId="d346c896-b202-45ae-b043-a410093e655b" testListId="8c84fa94-04c1-424b-9868-57a2d4851a1d" />
    <TestEntry testId="cf3ffd15-e77d-0064-8da1-70abe47d1342" executionId="29008237-9eea-4079-ab58-8484262cb715" testListId="8c84fa94-04c1-424b-9868-57a2d4851a1d" />
    <TestEntry testId="08f9b0f6-c970-f823-e359-90266e985263" executionId="d4eab834-2087-4b86-9eec-1690ce3a6361" testListId="8c84fa94-04c1-424b-9868-57a2d4851a1d" />
    <TestEntry testId="dd048ce7-9ba0-43b9-a761-2b11b4d7a6ad" executionId="f1246774-a07c-4122-b517-c2036d2634de" testListId="8c84fa94-04c1-424b-9868-57a2d4851a1d" />
    <TestEntry testId="d877f94f-066f-42a6-7d0d-fddcf50efb86" executionId="9746d75b-0645-4d8b-9f58-b25d0220c1bd" testListId="8c84fa94-04c1-424b-9868-57a2d4851a1d" />
    <TestEntry testId="869e2bf6-051e-e015-497a-7397bf66191a" executionId="0dbbce7c-ceb3-442c-90b0-6b42e855dc0f" testListId="8c84fa94-04c1-424b-9868-57a2d4851a1d" />
    <TestEntry testId="5543d26e-832a-3de2-3988-5faa4df93969" executionId="7d58bdd5-fdfc-4823-aa6f-2a7d2f1bff69" testListId="8c84fa94-04c1-424b-9868-57a2d4851a1d" />
    <TestEntry testId="601e1164-bd7e-9e7d-f167-9c3fcbc6ad4f" executionId="129655f8-0d18-4f90-a804-d481b5397324" testListId="8c84fa94-04c1-424b-9868-57a2d4851a1d" />
    <TestEntry testId="8f33f9a6-1eb9-ea36-c5af-b36c0c8860de" executionId="e7d9e97c-5509-4a46-a1d4-b106711804b0" testListId="8c84fa94-04c1-424b-9868-57a2d4851a1d" />
    <TestEntry testId="3d8b8df4-6a66-e4e9-3346-33a22f2ef410" executionId="eeeaaa65-70fd-48c6-ab86-4f379fe34886" testListId="8c84fa94-04c1-424b-9868-57a2d4851a1d" />
    <TestEntry testId="ff05afd1-484c-69de-a316-bc507787c7c8" executionId="45a8938b-5b55-4e07-ae8c-7d15a89ef884" testListId="8c84fa94-04c1-424b-9868-57a2d4851a1d" />
    <TestEntry testId="e735c7b3-aa15-891a-afaf-f7174c07abf5" executionId="f7922fc2-6271-408c-aa9c-1bbd663f07c0" testListId="8c84fa94-04c1-424b-9868-57a2d4851a1d" />
    <TestEntry testId="775b1060-3e71-f36d-5f04-c2fd4621e8a0" executionId="6f867bed-619b-4090-99e8-8d880d96d831" testListId="8c84fa94-04c1-424b-9868-57a2d4851a1d" />
    <TestEntry testId="4eec350c-78eb-2a68-cc2e-22085c8e2c8c" executionId="ff1c9add-ab4b-4d03-b4ba-4f18e7d8b245" testListId="8c84fa94-04c1-424b-9868-57a2d4851a1d" />
    <TestEntry testId="67ae9fcb-a62e-08fc-97ed-d2d4f6f5c1d0" executionId="0f038691-0cd6-47dc-ba21-a4bd404ee854" testListId="8c84fa94-04c1-424b-9868-57a2d4851a1d" />
    <TestEntry testId="715923f7-f881-74c1-66a2-e6f91fe6f3c7" executionId="46cae591-d9c1-4b30-8e63-8d353b0d26f6" testListId="8c84fa94-04c1-424b-9868-57a2d4851a1d" />
    <TestEntry testId="03bbc808-1107-fcc9-1fac-bc3ec3fc1e9f" executionId="1d3b6638-74b1-4cb3-a099-00f31d96cb00" testListId="8c84fa94-04c1-424b-9868-57a2d4851a1d" />
    <TestEntry testId="2743fc93-743c-aff9-2200-095476b17025" executionId="0949f631-d4cc-4c5b-9b0a-3c1cc3e8ef25" testListId="8c84fa94-04c1-424b-9868-57a2d4851a1d" />
    <TestEntry testId="436baaef-6812-fc4c-4b87-6c9a6f9e3e55" executionId="84b8a5c8-e69f-49ce-b47b-9f273ad8aeec" testListId="8c84fa94-04c1-424b-9868-57a2d4851a1d" />
    <TestEntry testId="0a67f5eb-9494-4a90-6e4a-75483ed48ca6" executionId="dbf96387-0c25-42fe-bc70-810831f47065" testListId="8c84fa94-04c1-424b-9868-57a2d4851a1d" />
    <TestEntry testId="5a903d00-5b08-70e4-0ae1-41f7c132ff27" executionId="5f29f8f1-9ead-4a26-9e56-35b16a561067" testListId="8c84fa94-04c1-424b-9868-57a2d4851a1d" />
    <TestEntry testId="9ac720d3-776c-ab54-a939-3b82af418447" executionId="d71aaded-f941-4c32-a2ef-5d5c87d5a8fd" testListId="8c84fa94-04c1-424b-9868-57a2d4851a1d" />
    <TestEntry testId="1585bed7-c67c-7046-51d9-aa8f4af66bac" executionId="686a9899-92d8-4fd0-b09b-ca9fc78987be" testListId="8c84fa94-04c1-424b-9868-57a2d4851a1d" />
    <TestEntry testId="51d4bf94-02a4-6db7-00c2-b23d3d85cac5" executionId="348f16c8-dc5a-4b57-bbbe-daaa13f8fc90" testListId="8c84fa94-04c1-424b-9868-57a2d4851a1d" />
    <TestEntry testId="335c0316-538c-f3b3-9476-383f089c8b2c" executionId="46fd048d-80cd-490d-af11-fffc2cf87952" testListId="8c84fa94-04c1-424b-9868-57a2d4851a1d" />
    <TestEntry testId="06a6ce76-a492-790c-aa69-54dc6d92da0b" executionId="3f9705d9-ad00-471d-a397-82ce2b599ce4" testListId="8c84fa94-04c1-424b-9868-57a2d4851a1d" />
    <TestEntry testId="d3b4820e-3f6b-fc6c-04b8-e7cf49b0bad8" executionId="1181b509-2c48-476a-8414-c837918bdc84" testListId="8c84fa94-04c1-424b-9868-57a2d4851a1d" />
    <TestEntry testId="fa32a9bf-193e-172b-6d15-20cb227d126c" executionId="dbc6f00b-5e7a-4fc9-877f-36c4ed129811" testListId="8c84fa94-04c1-424b-9868-57a2d4851a1d" />
    <TestEntry testId="98cd8faf-e82c-211b-73e0-182caa7ee5d0" executionId="78b40ee7-7720-4c73-8992-0a70ebe58081" testListId="8c84fa94-04c1-424b-9868-57a2d4851a1d" />
    <TestEntry testId="f7baf2b9-a2d0-7c99-3bd4-af737954fe30" executionId="94af929d-81cf-4bd7-a601-c64acb2107ee" testListId="8c84fa94-04c1-424b-9868-57a2d4851a1d" />
    <TestEntry testId="4b2a2af9-445d-9ecf-64f7-d742a6adefb7" executionId="283e41db-a16c-43f1-aed5-10f7c262fbfe" testListId="8c84fa94-04c1-424b-9868-57a2d4851a1d" />
    <TestEntry testId="12c6c75b-17e2-768a-c582-545ad6254677" executionId="8a23a9f2-bbeb-42b0-a45b-3f5f4f721b2e" testListId="8c84fa94-04c1-424b-9868-57a2d4851a1d" />
    <TestEntry testId="2a1dcdd7-96d2-dad7-f34d-9619dff356c8" executionId="4bb3ea15-ba06-435a-9f69-19d94b072283" testListId="8c84fa94-04c1-424b-9868-57a2d4851a1d" />
    <TestEntry testId="89236559-f3ef-d084-fa13-c204061f03bf" executionId="161a46b7-e4bc-4c86-a1e2-b274abb4a9c5" testListId="8c84fa94-04c1-424b-9868-57a2d4851a1d" />
    <TestEntry testId="ee79648a-cff5-5748-d2f4-bbdc12cb6662" executionId="9cbc9c72-bfcc-4e1f-a914-6998fba5155c" testListId="8c84fa94-04c1-424b-9868-57a2d4851a1d" />
    <TestEntry testId="8d316203-7ae4-8ab6-6acc-77bb5420b18a" executionId="699d1ccf-6623-451f-8366-d8fc1186f39e" testListId="8c84fa94-04c1-424b-9868-57a2d4851a1d" />
    <TestEntry testId="56429908-a484-10f8-38ca-b17d73119d7d" executionId="48ebe3f8-1000-40e2-9554-74d58ffd182b" testListId="8c84fa94-04c1-424b-9868-57a2d4851a1d" />
    <TestEntry testId="2c3d4776-5def-fbfc-180a-60513ca0400e" executionId="c849ab8e-9c21-4d9b-a993-a874db17bf06" testListId="8c84fa94-04c1-424b-9868-57a2d4851a1d" />
    <TestEntry testId="bf6936c5-c569-cff2-295a-80008bcc4af4" executionId="ff8b5523-038d-4033-84a7-0bcc91fc0eb8" testListId="8c84fa94-04c1-424b-9868-57a2d4851a1d" />
    <TestEntry testId="d40cf226-bdf8-6b6d-78c9-8bc50af04b77" executionId="e2c2ad33-92f3-498d-b9e6-2523f723022e" testListId="8c84fa94-04c1-424b-9868-57a2d4851a1d" />
    <TestEntry testId="feee90d8-1656-5d1e-73f9-5a26fcecfdaf" executionId="3b3b3bfd-55c7-4213-bdee-e25d01b15add" testListId="8c84fa94-04c1-424b-9868-57a2d4851a1d" />
    <TestEntry testId="bda17d36-b490-5d6a-2ec9-eac27d02fc34" executionId="1f227cdb-af8e-44ad-abb5-4496d5327505" testListId="8c84fa94-04c1-424b-9868-57a2d4851a1d" />
    <TestEntry testId="0ff92f6a-cd59-c2b9-9aae-29a9878a50a7" executionId="6e64c5ad-643c-4258-a495-90f4d9f6c9e2" testListId="8c84fa94-04c1-424b-9868-57a2d4851a1d" />
    <TestEntry testId="533b2a5c-a19c-cf24-eb9a-f995ca4d2974" executionId="3d8b9415-94cc-48c7-907c-d232a973160b" testListId="8c84fa94-04c1-424b-9868-57a2d4851a1d" />
    <TestEntry testId="47489fc9-b715-10df-6ca2-dcba77141106" executionId="42e83ca5-cc4b-4639-aa27-0ec86a17a830" testListId="8c84fa94-04c1-424b-9868-57a2d4851a1d" />
    <TestEntry testId="121eb464-baa2-cb91-a1cb-d692cf64f7c5" executionId="8277c662-2838-40fb-a1ab-fb729a22fd62" testListId="8c84fa94-04c1-424b-9868-57a2d4851a1d" />
    <TestEntry testId="c1d38bdc-38f6-c12c-a7df-652ec55b291d" executionId="078b038d-0d9d-4182-a003-dbe9c157e089" testListId="8c84fa94-04c1-424b-9868-57a2d4851a1d" />
    <TestEntry testId="69c84318-c2ea-bbfb-2ff5-e086da7c5805" executionId="81de7348-d6d0-4940-ab16-668600c6b683" testListId="8c84fa94-04c1-424b-9868-57a2d4851a1d" />
    <TestEntry testId="b7876997-bf06-ed71-c4e7-a75d56d4b58d" executionId="266fdc1f-df4f-4e7c-8497-8189aa9a8157" testListId="8c84fa94-04c1-424b-9868-57a2d4851a1d" />
    <TestEntry testId="a3b592c0-7c51-7572-10a6-650c509f2a53" executionId="de503699-25fc-4a06-a31b-9122bd29409b" testListId="8c84fa94-04c1-424b-9868-57a2d4851a1d" />
    <TestEntry testId="586d74ce-5942-0e84-021d-61533272d525" executionId="edc23178-ef3a-4d5a-a3ad-5c12be6e3753" testListId="8c84fa94-04c1-424b-9868-57a2d4851a1d" />
    <TestEntry testId="3faf1419-3703-7fd5-a3da-353c4d730dce" executionId="1521e430-bff5-47e3-86d2-ac45a5a75751" testListId="8c84fa94-04c1-424b-9868-57a2d4851a1d" />
    <TestEntry testId="8b65b678-d86a-73e1-86df-afba7eb83500" executionId="26c17263-5812-490d-8838-79c58ee8e34f" testListId="8c84fa94-04c1-424b-9868-57a2d4851a1d" />
    <TestEntry testId="ab49834c-8dcd-dead-a042-efc0f8ab3657" executionId="58bdd346-cb15-4fd8-b624-a410bac2f1c7" testListId="8c84fa94-04c1-424b-9868-57a2d4851a1d" />
    <TestEntry testId="3b4daf27-4450-ed7a-d4bb-142a6e1b0be0" executionId="bb3c73e1-703e-4efa-bac4-f0285ed2e167" testListId="8c84fa94-04c1-424b-9868-57a2d4851a1d" />
    <TestEntry testId="98555ca9-e51e-c77a-a5b7-89147423d30d" executionId="bfff5bf4-fe75-4af6-92d2-79b7cd156f31" testListId="8c84fa94-04c1-424b-9868-57a2d4851a1d" />
    <TestEntry testId="1a0f9073-85e9-ddfd-302a-6b8e7f408be7" executionId="3da4bb43-b3bb-461c-8b50-6f258e727c6c" testListId="8c84fa94-04c1-424b-9868-57a2d4851a1d" />
    <TestEntry testId="f7492970-5062-ad84-014e-43c4dfa554f1" executionId="2f1e79b5-83d9-4680-9b66-694310a2d418" testListId="8c84fa94-04c1-424b-9868-57a2d4851a1d" />
    <TestEntry testId="cdb2a1c6-455e-afdc-b339-d53b98cacc5c" executionId="107f4042-8a98-41cc-bf27-676ee007ad35" testListId="8c84fa94-04c1-424b-9868-57a2d4851a1d" />
    <TestEntry testId="8454e79e-a056-bb6e-1db7-62ff01bf41c0" executionId="1f2dab94-41b4-4e18-b6c7-ef28c0fea011" testListId="8c84fa94-04c1-424b-9868-57a2d4851a1d" />
    <TestEntry testId="c2915ea4-e5f9-7f97-c925-c30cd92f3ba5" executionId="11938f1c-2964-4341-8f24-e604b18f2d64" testListId="8c84fa94-04c1-424b-9868-57a2d4851a1d" />
    <TestEntry testId="68f8d884-d469-7c10-83e8-5cafd9c08d5b" executionId="4148d65a-9e61-469e-8887-687f3bcd6795" testListId="8c84fa94-04c1-424b-9868-57a2d4851a1d" />
    <TestEntry testId="67c18331-6034-9aef-22c0-19f657f72f8b" executionId="9a1778a5-015d-43b2-9153-7c84d94a553b" testListId="8c84fa94-04c1-424b-9868-57a2d4851a1d" />
    <TestEntry testId="246fef16-9927-64a6-e903-fbc6b513e4a7" executionId="b6468fa9-871c-44ce-ad46-f000062cc398" testListId="8c84fa94-04c1-424b-9868-57a2d4851a1d" />
    <TestEntry testId="9f3a0fc9-3eea-97c3-5cc5-d99512257356" executionId="325d4231-8eb7-4834-8fa0-31f445cf28d5" testListId="8c84fa94-04c1-424b-9868-57a2d4851a1d" />
    <TestEntry testId="76c96ce4-9c6b-b4bb-96af-ca0f9adb2712" executionId="29044af6-e56f-4d87-b571-307376b3fc27" testListId="8c84fa94-04c1-424b-9868-57a2d4851a1d" />
    <TestEntry testId="bfbb79be-1fcf-163a-7e39-8393a3a71050" executionId="f1f8ce2b-7a91-46d3-a79f-1bb232432904" testListId="8c84fa94-04c1-424b-9868-57a2d4851a1d" />
    <TestEntry testId="ab9c2247-9b07-41d9-d47e-aa4942797b13" executionId="63e254b1-0232-4ed0-8c30-99274381a549" testListId="8c84fa94-04c1-424b-9868-57a2d4851a1d" />
    <TestEntry testId="5999bd3d-fee4-c596-3611-a7bc16bc4fdd" executionId="9792054e-2b0d-4eee-b1ba-33260b8742b0" testListId="8c84fa94-04c1-424b-9868-57a2d4851a1d" />
    <TestEntry testId="fe14d576-8562-4a05-9196-a9eaf8403f97" executionId="f4b23f8b-5267-41db-b2b3-2c1da218e71a" testListId="8c84fa94-04c1-424b-9868-57a2d4851a1d" />
    <TestEntry testId="d4f2af6d-af5d-0e11-cead-324b41b39853" executionId="1cdd9120-6509-4f0a-8c10-0fd7c04cc531" testListId="8c84fa94-04c1-424b-9868-57a2d4851a1d" />
    <TestEntry testId="2f1a411a-2aa2-b405-2ee0-c232b3e9b9d5" executionId="db7da018-4351-4200-b6e4-0a0d0ccbfba7" testListId="8c84fa94-04c1-424b-9868-57a2d4851a1d" />
    <TestEntry testId="5a2ccf07-adb3-2976-b4d9-5a45aeffd5a5" executionId="41335a9e-ea36-42ac-8896-d9617d2356c6" testListId="8c84fa94-04c1-424b-9868-57a2d4851a1d" />
    <TestEntry testId="f373b350-fc52-4fbc-ec82-56bf220e0771" executionId="476b66e7-5690-454d-a9ab-f28ee4aad2e3" testListId="8c84fa94-04c1-424b-9868-57a2d4851a1d" />
    <TestEntry testId="e09a9a0e-f05e-b1ab-94a1-7ba461fbd7f9" executionId="29235000-a1de-4bbe-965b-1263efed1352" testListId="8c84fa94-04c1-424b-9868-57a2d4851a1d" />
    <TestEntry testId="bd86868a-64af-fa50-efe0-a7e95aa9f5c1" executionId="312bbfca-5b16-41bf-96a2-d189f54ad8c7" testListId="8c84fa94-04c1-424b-9868-57a2d4851a1d" />
    <TestEntry testId="33b001f1-b8e7-0e78-6628-3106ad6d2f71" executionId="2fa45feb-8798-4f10-9a45-1ec95d517de2" testListId="8c84fa94-04c1-424b-9868-57a2d4851a1d" />
    <TestEntry testId="fcbd2e73-61cc-55ae-168b-985e355ba11c" executionId="508e33d5-7832-4520-b210-bdd19a3aa296" testListId="8c84fa94-04c1-424b-9868-57a2d4851a1d" />
    <TestEntry testId="5131c0c3-410a-6182-33f0-39457515d5e3" executionId="04677ce6-96e7-4145-aea1-763249a84f17" testListId="8c84fa94-04c1-424b-9868-57a2d4851a1d" />
    <TestEntry testId="5f18de16-3031-4e46-e632-27368e418f95" executionId="d4407afa-4d48-4f36-99f7-d7f84b8d15b8" testListId="8c84fa94-04c1-424b-9868-57a2d4851a1d" />
    <TestEntry testId="5923c05c-0f73-b670-436e-b35343d0427b" executionId="1f874d3f-0b54-4118-a40f-332dc432747a" testListId="8c84fa94-04c1-424b-9868-57a2d4851a1d" />
    <TestEntry testId="14432cab-194a-d804-9f67-885b71746a71" executionId="7ae1d7f9-3735-488a-a8cf-112c5fc35b60" testListId="8c84fa94-04c1-424b-9868-57a2d4851a1d" />
    <TestEntry testId="e2fe22aa-9b88-2a0d-2525-75fe06705548" executionId="e70bb432-82f9-4502-8301-c157ad7a9942" testListId="8c84fa94-04c1-424b-9868-57a2d4851a1d" />
    <TestEntry testId="3a146d29-fbcb-fef0-8b31-74bf7ff2c627" executionId="163ee74e-1122-4209-8ed0-3d318712ddc3" testListId="8c84fa94-04c1-424b-9868-57a2d4851a1d" />
    <TestEntry testId="9e4d28e4-6bf0-96b3-b279-344fc741cf71" executionId="787d12a9-e468-4c1c-bfc6-9a69b756cd15" testListId="8c84fa94-04c1-424b-9868-57a2d4851a1d" />
    <TestEntry testId="5c459586-7f42-89d7-f28d-c1bb3f1f4b97" executionId="86c63c95-8202-44c5-b86b-f6ad428c9cbb" testListId="8c84fa94-04c1-424b-9868-57a2d4851a1d" />
    <TestEntry testId="38a790b1-3578-8062-65d0-8c5f0243d8e8" executionId="aa8cc259-5220-452e-bfd5-e346139744cd" testListId="8c84fa94-04c1-424b-9868-57a2d4851a1d" />
    <TestEntry testId="9fbd08c9-807d-0d3a-ed39-c949f2bb8c4b" executionId="19e91b3d-0a4e-4804-9e80-dd76aa62683f" testListId="8c84fa94-04c1-424b-9868-57a2d4851a1d" />
    <TestEntry testId="ee37d42d-7676-d60e-f83a-c40bddb185e0" executionId="d769ded2-ce6e-443d-ab86-81f033e68fe7" testListId="8c84fa94-04c1-424b-9868-57a2d4851a1d" />
    <TestEntry testId="9737c38f-ad68-db59-78e8-3f7908babdcf" executionId="62b07ac2-3a9e-4afb-8e62-192ed41bbd86" testListId="8c84fa94-04c1-424b-9868-57a2d4851a1d" />
    <TestEntry testId="f7da1efe-0e1f-7417-6453-93b658e98d53" executionId="c7f11f54-c5d6-41e2-a74e-8f68b3d009fc" testListId="8c84fa94-04c1-424b-9868-57a2d4851a1d" />
    <TestEntry testId="d7d35b19-d0bc-0913-7974-7ed648909781" executionId="1b188676-d5b1-413f-8670-01934b417e43" testListId="8c84fa94-04c1-424b-9868-57a2d4851a1d" />
    <TestEntry testId="415f90fb-9864-854c-b560-969302c9cec5" executionId="224c8eb8-cb86-45cc-9a25-e9b0ad983bbb" testListId="8c84fa94-04c1-424b-9868-57a2d4851a1d" />
    <TestEntry testId="c7356803-78be-38c5-09cd-9fb1bfd0c53f" executionId="003118dc-f06f-4c90-a4bf-d366f226b9f0" testListId="8c84fa94-04c1-424b-9868-57a2d4851a1d" />
    <TestEntry testId="e82c4cb9-864b-593c-f310-4d201e527a40" executionId="1c1c583a-b9f5-4255-bded-bab0521e72df" testListId="8c84fa94-04c1-424b-9868-57a2d4851a1d" />
    <TestEntry testId="d5b8733f-7ffb-19e9-63c1-4570e58b1a99" executionId="b215a93f-da7a-4415-8ca6-f445662ea91b" testListId="8c84fa94-04c1-424b-9868-57a2d4851a1d" />
    <TestEntry testId="d176fe9d-a550-c0ab-c3b8-0439143bdca1" executionId="39aa41ff-d6f8-4912-99c5-50249d4b2571" testListId="8c84fa94-04c1-424b-9868-57a2d4851a1d" />
    <TestEntry testId="bcee3dfc-95df-51eb-9411-b0bdd9236d8a" executionId="40c6eade-0655-4dc8-aa36-3ddd90e2c999" testListId="8c84fa94-04c1-424b-9868-57a2d4851a1d" />
    <TestEntry testId="69b574fb-ea92-9743-3eea-a9b24f0ad213" executionId="c1417a5d-12af-46e8-97c2-8d56c0bc2c7f" testListId="8c84fa94-04c1-424b-9868-57a2d4851a1d" />
    <TestEntry testId="4df15bfd-b375-822c-a8df-fcfde52ebf51" executionId="bd2ace0a-5d68-4162-8bfe-2243636faca0" testListId="8c84fa94-04c1-424b-9868-57a2d4851a1d" />
    <TestEntry testId="085515b8-4fc1-99b2-eae0-b56b9cad0980" executionId="334edd74-fe45-4bf9-8a24-aae8f65011d4" testListId="8c84fa94-04c1-424b-9868-57a2d4851a1d" />
    <TestEntry testId="04ed4a86-ba0d-f349-f703-22b685131f64" executionId="42553c79-924d-40b4-92f9-db94d71dace9" testListId="8c84fa94-04c1-424b-9868-57a2d4851a1d" />
    <TestEntry testId="c877210f-bb9a-c13c-82b0-695b1245feeb" executionId="f23fe7fa-421c-4a6c-a726-3c2e1603cf47" testListId="8c84fa94-04c1-424b-9868-57a2d4851a1d" />
    <TestEntry testId="63cce41a-68ed-6ffe-d9f5-762e73c0e405" executionId="43eb0b96-aa87-4d4e-b410-b4e06045ee5e" testListId="8c84fa94-04c1-424b-9868-57a2d4851a1d" />
    <TestEntry testId="d011f96b-d6c9-06f7-3372-df15e577854e" executionId="c387b435-d118-4b17-9188-af5dfcf21c59" testListId="8c84fa94-04c1-424b-9868-57a2d4851a1d" />
    <TestEntry testId="2d15b0d6-fa3e-2b57-b48d-334f6fde3b35" executionId="cfd24321-8a38-42ae-b476-5da459cb5418" testListId="8c84fa94-04c1-424b-9868-57a2d4851a1d" />
    <TestEntry testId="dafa776a-6a08-1272-aac7-ca70346aa44a" executionId="d94c364c-7d2a-4987-a7fa-c3473261bf1e" testListId="8c84fa94-04c1-424b-9868-57a2d4851a1d" />
    <TestEntry testId="a418d5df-b5ee-5a85-99c0-157b60c43e4b" executionId="70a2c039-cace-44bc-b7e9-dcea8c246f9a" testListId="8c84fa94-04c1-424b-9868-57a2d4851a1d" />
    <TestEntry testId="a8634532-96d4-4e33-4b5e-145495f036bc" executionId="936fe624-c7f0-42e4-a3e5-7ed912537a39" testListId="8c84fa94-04c1-424b-9868-57a2d4851a1d" />
    <TestEntry testId="f11a9af6-85d6-781d-ccbd-c54d5d82bacf" executionId="c5e6d402-b0a9-4520-8722-882ac93d99e5" testListId="8c84fa94-04c1-424b-9868-57a2d4851a1d" />
    <TestEntry testId="5978b633-9011-54a2-21cc-a2b29dbbebca" executionId="9d05b01c-1a07-45bd-bbee-bd567bcdf29f" testListId="8c84fa94-04c1-424b-9868-57a2d4851a1d" />
    <TestEntry testId="dc87daee-0005-3f96-509b-0d97422219d3" executionId="5292d8c4-bd10-4e17-97b0-7b8ea2a619b6" testListId="8c84fa94-04c1-424b-9868-57a2d4851a1d" />
    <TestEntry testId="efffcfd3-8ae4-cc7b-929a-37f206ad1981" executionId="a4790d94-9f11-4db9-9601-4182fb7d57db" testListId="8c84fa94-04c1-424b-9868-57a2d4851a1d" />
    <TestEntry testId="acb6cd45-54f0-d858-050f-39c07ff6b496" executionId="32d1ead3-0d1f-4505-bf0c-e5cd5aa0c1ad" testListId="8c84fa94-04c1-424b-9868-57a2d4851a1d" />
    <TestEntry testId="d4e0f652-1aa4-f1fd-46bf-006e98a6310b" executionId="1c59d726-a60b-4c3f-8c5a-2c516c1e156b" testListId="8c84fa94-04c1-424b-9868-57a2d4851a1d" />
    <TestEntry testId="83b59476-a7fb-56e8-b97b-0e902d31cd18" executionId="1cac6896-ec46-41eb-9a0a-07a31255a53b" testListId="8c84fa94-04c1-424b-9868-57a2d4851a1d" />
    <TestEntry testId="2cec1e41-be18-3fa0-9996-473f9652882f" executionId="5dc8da31-e639-4f49-8ebb-db369eed9388" testListId="8c84fa94-04c1-424b-9868-57a2d4851a1d" />
    <TestEntry testId="92645263-873e-da03-aa06-943df30af433" executionId="a8bf7112-6c0f-4aab-a47a-0ea422cf610c" testListId="8c84fa94-04c1-424b-9868-57a2d4851a1d" />
    <TestEntry testId="97bda861-62f2-bba1-c598-127d5142019e" executionId="ed719bd6-98ac-40ef-9f48-1f0e69cb6f81" testListId="8c84fa94-04c1-424b-9868-57a2d4851a1d" />
    <TestEntry testId="53d9e260-310c-7289-d45b-38f2fd4f0871" executionId="6e9a2b3a-fd50-46d6-bed8-f5f7f85b6153" testListId="8c84fa94-04c1-424b-9868-57a2d4851a1d" />
    <TestEntry testId="639796f8-538b-fbb8-1899-7a0106856fc7" executionId="a48c9466-d78d-400f-9158-7c35b187f449" testListId="8c84fa94-04c1-424b-9868-57a2d4851a1d" />
    <TestEntry testId="47018a2b-c5b5-f700-6399-75af9808bb33" executionId="4d120ca5-317f-45cf-8dc8-0331e8f7402a" testListId="8c84fa94-04c1-424b-9868-57a2d4851a1d" />
    <TestEntry testId="bdc09174-9d70-e652-ba81-c9f592504617" executionId="12fc618b-45c6-4ab1-a275-229e75056136" testListId="8c84fa94-04c1-424b-9868-57a2d4851a1d" />
    <TestEntry testId="5fe3fa44-04c0-bf4f-e0cb-be0a1bef1cef" executionId="68ce7a63-8821-449d-b4a5-91bb5f51812c" testListId="8c84fa94-04c1-424b-9868-57a2d4851a1d" />
    <TestEntry testId="ecba833b-4a32-70dc-1540-ec8a113be1de" executionId="75eafeec-68ef-4a80-bae8-29a8901a002a" testListId="8c84fa94-04c1-424b-9868-57a2d4851a1d" />
    <TestEntry testId="2c3c35ba-d19e-e494-0ed2-32abdacfd200" executionId="daaf5a75-eb16-4688-8e0d-8e3d31b113d9" testListId="8c84fa94-04c1-424b-9868-57a2d4851a1d" />
    <TestEntry testId="136b7217-45c6-b3d8-34fb-6ee727eb66f5" executionId="ee0aab4f-932a-4b6d-aff4-84e98f6a04f6" testListId="8c84fa94-04c1-424b-9868-57a2d4851a1d" />
    <TestEntry testId="042593f6-6140-ccfe-82d6-8f794997c196" executionId="acccc724-02eb-48ca-a0c2-c47864039a37" testListId="8c84fa94-04c1-424b-9868-57a2d4851a1d" />
    <TestEntry testId="c883d631-b915-c13f-0bbe-3400820e4ee3" executionId="4f59ecee-470c-46d1-929d-c4108443ccc6" testListId="8c84fa94-04c1-424b-9868-57a2d4851a1d" />
    <TestEntry testId="4f957322-220c-36b8-b6b3-657137ac0ed1" executionId="0f42e716-8d32-474a-8991-0a5032ed40d2" testListId="8c84fa94-04c1-424b-9868-57a2d4851a1d" />
    <TestEntry testId="549e360d-ab9b-62ef-01b0-030fc984eb0c" executionId="b252b072-d19c-4010-a126-2591866f6f09" testListId="8c84fa94-04c1-424b-9868-57a2d4851a1d" />
    <TestEntry testId="a415fe92-f44b-9cd9-fda2-e5c7020144da" executionId="dd05e8fe-81ad-4de2-8376-f0393ac61439" testListId="8c84fa94-04c1-424b-9868-57a2d4851a1d" />
    <TestEntry testId="515b0adc-b2ee-305a-2e4a-324570128aec" executionId="4966fdf1-6568-4957-9f01-ae902642fb09" testListId="8c84fa94-04c1-424b-9868-57a2d4851a1d" />
    <TestEntry testId="24bf56f7-ba67-57f2-f501-175bd348de63" executionId="a5e7cdcc-2452-4208-bc7f-240bab120d46" testListId="8c84fa94-04c1-424b-9868-57a2d4851a1d" />
    <TestEntry testId="44a05eee-eae2-643d-4997-e4bad6b31a71" executionId="da624e96-76a8-4f55-819d-acec854cf2eb" testListId="8c84fa94-04c1-424b-9868-57a2d4851a1d" />
    <TestEntry testId="fabac3d5-e597-1339-6b46-1c0c67411388" executionId="45e3b57f-2d45-4056-99b9-cb60c8c03db0" testListId="8c84fa94-04c1-424b-9868-57a2d4851a1d" />
    <TestEntry testId="d34756cc-dd70-36dd-a4b9-a2767cf802ed" executionId="57412695-6695-47fa-926d-521979356820" testListId="8c84fa94-04c1-424b-9868-57a2d4851a1d" />
    <TestEntry testId="e8058050-cbb0-edb4-84ec-77371a17e76d" executionId="937eca9a-bbd1-4875-93fb-11f5b5ec4f14" testListId="8c84fa94-04c1-424b-9868-57a2d4851a1d" />
    <TestEntry testId="673e7d35-f16e-bd38-569e-9b00ed91c4fd" executionId="3ca4c82d-f6d6-441a-acd2-6205b1ce8cb0" testListId="8c84fa94-04c1-424b-9868-57a2d4851a1d" />
    <TestEntry testId="0026d070-5db9-6f8c-0581-fb23b0721050" executionId="adface2f-1684-4ab4-bf4c-26d12f5796ef" testListId="8c84fa94-04c1-424b-9868-57a2d4851a1d" />
    <TestEntry testId="1e24c5cd-d42a-5c97-73c1-5f149820ea22" executionId="923b1448-1925-49c4-851b-fec61f14b91c" testListId="8c84fa94-04c1-424b-9868-57a2d4851a1d" />
    <TestEntry testId="cb85d1d7-f37e-7a0d-4571-db193adf7955" executionId="cb5d3e4f-8b22-48ee-a67f-e3355f4cc112" testListId="8c84fa94-04c1-424b-9868-57a2d4851a1d" />
    <TestEntry testId="43884531-d2e9-76f0-a975-092a4d6d7e91" executionId="80fc0403-c8ce-424f-b616-3f0fcafeb7ce" testListId="8c84fa94-04c1-424b-9868-57a2d4851a1d" />
    <TestEntry testId="346b4860-00f1-33ec-a1a3-5d05cc730f69" executionId="1251bce9-82a2-4258-ad07-9172b0adb155" testListId="8c84fa94-04c1-424b-9868-57a2d4851a1d" />
    <TestEntry testId="ab8c7a74-84b9-4ead-0c18-89aab1a19e51" executionId="9439b734-e59c-4fb0-8d37-ee4dbdc31ebc" testListId="8c84fa94-04c1-424b-9868-57a2d4851a1d" />
    <TestEntry testId="fef1bbd3-bec0-195c-f4d4-bbae6f5abedb" executionId="5b825382-6f61-4eed-8f7f-7c1f7fde490c" testListId="8c84fa94-04c1-424b-9868-57a2d4851a1d" />
    <TestEntry testId="20824924-0d17-ff1e-4d7b-1e65a0dd7f7d" executionId="9d9f791c-3e80-42dd-bc04-12b05b736626" testListId="8c84fa94-04c1-424b-9868-57a2d4851a1d" />
    <TestEntry testId="9abb3739-6b0d-7f8e-6b46-0210e9a0d235" executionId="05d2ec0d-45c2-435b-a9d6-8c9913803cd0" testListId="8c84fa94-04c1-424b-9868-57a2d4851a1d" />
    <TestEntry testId="85a1665e-7de4-7e52-079a-cc1001b34152" executionId="d15c63bb-6882-4bb0-891f-5d30cead64a9" testListId="8c84fa94-04c1-424b-9868-57a2d4851a1d" />
    <TestEntry testId="b3d0207a-6b94-dced-4560-55d90059fc43" executionId="76d53a71-b516-4363-a3b1-dc827bd7c158" testListId="8c84fa94-04c1-424b-9868-57a2d4851a1d" />
    <TestEntry testId="ca4780e6-8c58-57b1-c829-fe54506e9793" executionId="9be6c481-dcf5-4aea-9302-62c5f0d04a6c" testListId="8c84fa94-04c1-424b-9868-57a2d4851a1d" />
    <TestEntry testId="c22d3a06-485f-94be-2690-3f00833e186d" executionId="35051113-ea58-4051-bb81-2c16db84a358" testListId="8c84fa94-04c1-424b-9868-57a2d4851a1d" />
    <TestEntry testId="7e66458c-6fa0-adfa-1ecd-a6462fccce40" executionId="6a79d0dc-f015-4119-8d16-cb4b97b71efc" testListId="8c84fa94-04c1-424b-9868-57a2d4851a1d" />
    <TestEntry testId="2ec4bb68-9993-76c1-0376-5d281d5240c0" executionId="6d9a6bdf-7d14-4506-8b84-94b28370c94c" testListId="8c84fa94-04c1-424b-9868-57a2d4851a1d" />
    <TestEntry testId="74223507-0b05-49e9-aad1-655b0b7c8f6e" executionId="8b5dad12-0444-4958-b838-bd9cece26049" testListId="8c84fa94-04c1-424b-9868-57a2d4851a1d" />
    <TestEntry testId="aa45be65-ee7b-6980-b008-5b44e798506b" executionId="4561ea0f-9446-48fa-be11-d26f765207f2" testListId="8c84fa94-04c1-424b-9868-57a2d4851a1d" />
    <TestEntry testId="83266911-8f44-8cb8-141e-0c21973cceb8" executionId="b43baf0c-b2fd-42b9-8d38-69d4711cd0ae" testListId="8c84fa94-04c1-424b-9868-57a2d4851a1d" />
    <TestEntry testId="1165a140-06de-3614-5098-865084a74fa6" executionId="140ca94e-37c1-488e-8143-6c7262d4c8f9" testListId="8c84fa94-04c1-424b-9868-57a2d4851a1d" />
    <TestEntry testId="f27323f0-86ce-1e1b-2a7d-c904454ba29a" executionId="6fac8361-7923-4e3b-921f-089d550d67e0" testListId="8c84fa94-04c1-424b-9868-57a2d4851a1d" />
    <TestEntry testId="9459ef9a-ed9e-7e04-b1e7-d4cc74d49390" executionId="a660c8ab-60fb-49d3-937a-12b7f302124f" testListId="8c84fa94-04c1-424b-9868-57a2d4851a1d" />
    <TestEntry testId="3516f5e6-d761-9079-ee12-f11189d2dee7" executionId="9289b42a-202c-49b4-b2ef-03f000b01890" testListId="8c84fa94-04c1-424b-9868-57a2d4851a1d" />
    <TestEntry testId="69d1c74a-49ac-9f2b-6362-7fb9e78b2a92" executionId="35d751b5-e6a9-4802-8bec-9c7eb979d25b" testListId="8c84fa94-04c1-424b-9868-57a2d4851a1d" />
    <TestEntry testId="9c77e674-1e21-ff83-b112-8e3149d27b83" executionId="134f5297-7e5c-4a62-9c7c-f7ffd457d905" testListId="8c84fa94-04c1-424b-9868-57a2d4851a1d" />
    <TestEntry testId="d0fb0f26-05d6-fd5b-00ba-97eda4e7b49a" executionId="0ef2d302-e9ec-42f7-bb53-816e9b023437" testListId="8c84fa94-04c1-424b-9868-57a2d4851a1d" />
    <TestEntry testId="d2358b75-2179-dc76-97f4-8e1dfce3fe98" executionId="09f3fe45-25b5-4d06-9fe2-bd068de88f64" testListId="8c84fa94-04c1-424b-9868-57a2d4851a1d" />
    <TestEntry testId="a40f32ef-bb76-d332-6d7b-f2a216398660" executionId="43340268-4f73-4026-8d9a-427200ced308" testListId="8c84fa94-04c1-424b-9868-57a2d4851a1d" />
    <TestEntry testId="4adb4c0d-617b-d891-f63e-7a014d4b7e39" executionId="93a5b2b8-6c22-4f0b-a080-8d1701c4ceac" testListId="8c84fa94-04c1-424b-9868-57a2d4851a1d" />
    <TestEntry testId="1db76d8f-f5a5-dcb7-9657-e7f194b55049" executionId="14afae48-88bc-475d-a540-3efb85d3456e" testListId="8c84fa94-04c1-424b-9868-57a2d4851a1d" />
    <TestEntry testId="0d3d8599-f426-1393-a900-8c97239c2db0" executionId="773f6856-fa55-41ce-9b12-4e789718cf59" testListId="8c84fa94-04c1-424b-9868-57a2d4851a1d" />
    <TestEntry testId="465ed908-4041-5a87-afb1-27b6b5171191" executionId="1285909e-3abd-479f-b524-7be88c7dbcaa" testListId="8c84fa94-04c1-424b-9868-57a2d4851a1d" />
    <TestEntry testId="c7840475-aca4-af75-0ca9-66bc604a8dbe" executionId="4118ee14-050a-47db-ad3c-b768319d1b60" testListId="8c84fa94-04c1-424b-9868-57a2d4851a1d" />
    <TestEntry testId="2c4f5c38-e0cd-3355-85e7-bc13205402ed" executionId="7f44d915-773e-4999-9fe8-fc00f53f0fc1" testListId="8c84fa94-04c1-424b-9868-57a2d4851a1d" />
    <TestEntry testId="e668ce24-c1a0-98ca-9d76-99447ce236e8" executionId="6fd1009b-49ca-40ce-b776-ad97ccef7fa3" testListId="8c84fa94-04c1-424b-9868-57a2d4851a1d" />
    <TestEntry testId="aef92e61-6107-1b9f-7603-daa021c2c030" executionId="b2001b15-41ae-4e9c-bbdc-5b70fb1000db" testListId="8c84fa94-04c1-424b-9868-57a2d4851a1d" />
    <TestEntry testId="85d0bba0-b6e6-710e-0b38-be2340b6cfc9" executionId="00106380-5a5e-4e36-aa30-7bb334e18f94" testListId="8c84fa94-04c1-424b-9868-57a2d4851a1d" />
    <TestEntry testId="63a4082c-526e-0303-add0-711bb075125c" executionId="5cecaf68-e7ef-472e-915b-aef0dc73c5bc" testListId="8c84fa94-04c1-424b-9868-57a2d4851a1d" />
    <TestEntry testId="752d40b4-ceac-535b-c245-39fed899e450" executionId="59400483-b761-4cd1-b6be-19857fe6a50f" testListId="8c84fa94-04c1-424b-9868-57a2d4851a1d" />
    <TestEntry testId="f98f128e-bc4d-8b9e-2582-4a4421f13428" executionId="bd699a81-9f5f-4e4e-9ff8-5e58ddf22191" testListId="8c84fa94-04c1-424b-9868-57a2d4851a1d" />
    <TestEntry testId="4aa54f00-5a60-e1ca-de86-bd0d6c5bb993" executionId="acdde4dd-249e-4af4-9384-cda0e14bf2ff" testListId="8c84fa94-04c1-424b-9868-57a2d4851a1d" />
    <TestEntry testId="cffbdb32-a5ce-3149-2be9-2e224df2f82b" executionId="2eb43417-e373-4a5f-a3ce-8377069f337c" testListId="8c84fa94-04c1-424b-9868-57a2d4851a1d" />
    <TestEntry testId="6adeca65-1d67-3030-b131-cc9b902991d4" executionId="e2b6159a-0c33-4a92-b171-ac70dde3e091" testListId="8c84fa94-04c1-424b-9868-57a2d4851a1d" />
    <TestEntry testId="ab3aafbd-fe25-4a7f-3bda-69e06a94b6ee" executionId="5b52a540-1954-4251-a759-f647b7f23950" testListId="8c84fa94-04c1-424b-9868-57a2d4851a1d" />
    <TestEntry testId="809b830f-f032-72fe-7382-c6d2ac899d33" executionId="129174af-5558-4c2a-b50b-d272cea6e211" testListId="8c84fa94-04c1-424b-9868-57a2d4851a1d" />
    <TestEntry testId="d484adb7-a52c-1efb-9dd8-63c19447b60d" executionId="9033fffe-c97a-4866-8abe-49aa7ba07b9f" testListId="8c84fa94-04c1-424b-9868-57a2d4851a1d" />
    <TestEntry testId="19f2e1ca-d1c7-2af8-caa8-282a0071f76c" executionId="e68cab04-b71e-4b9a-9650-dca71fcfd433" testListId="8c84fa94-04c1-424b-9868-57a2d4851a1d" />
    <TestEntry testId="a779e8fb-6c0d-9d3b-3942-4cfee84facb5" executionId="78f7b11d-be24-4ca7-a7cf-308bee39df20" testListId="8c84fa94-04c1-424b-9868-57a2d4851a1d" />
    <TestEntry testId="753b01fb-135d-858f-b53c-7e32b4ede58e" executionId="edb21541-6ea1-4312-a823-5bb50b317f1c" testListId="8c84fa94-04c1-424b-9868-57a2d4851a1d" />
    <TestEntry testId="803a38b8-f402-400f-65a3-348044bf14da" executionId="c70ddff7-5ff9-4ab5-9dab-4d94889edf6a" testListId="8c84fa94-04c1-424b-9868-57a2d4851a1d" />
    <TestEntry testId="3eae7343-2bfd-b9ac-3f25-bf1944822f6f" executionId="56ba8335-ebdc-40d2-b0a7-bdc41f8c0780" testListId="8c84fa94-04c1-424b-9868-57a2d4851a1d" />
    <TestEntry testId="76e83c15-4958-72c0-6072-2306062f6c27" executionId="58f03fcd-0e15-4242-b2d0-3b3c6f8f5f90" testListId="8c84fa94-04c1-424b-9868-57a2d4851a1d" />
    <TestEntry testId="7c385ac2-1fdf-ebb2-6450-e82cd794ae73" executionId="6555fd5e-aa11-4529-98f2-7ad1b818bc55" testListId="8c84fa94-04c1-424b-9868-57a2d4851a1d" />
    <TestEntry testId="c6e23de6-051d-5068-efa9-0842275b05b2" executionId="1eec41f0-b2b5-4b95-945e-44dadfc774a9" testListId="8c84fa94-04c1-424b-9868-57a2d4851a1d" />
    <TestEntry testId="7764d870-960a-e6a5-a9d1-b95db448a3be" executionId="d6e863f2-a165-40c3-be7f-a6cf8badc5a7" testListId="8c84fa94-04c1-424b-9868-57a2d4851a1d" />
    <TestEntry testId="23a6aef7-0888-96c3-b39d-0a5a36447e0d" executionId="76ac47ec-7537-4564-9971-1988754115ae" testListId="8c84fa94-04c1-424b-9868-57a2d4851a1d" />
    <TestEntry testId="cc3765fc-8658-a464-43ae-5fa3b977b4d0" executionId="c519d1d6-7613-43b9-84fe-3163b7f1dd51" testListId="8c84fa94-04c1-424b-9868-57a2d4851a1d" />
  </TestEntries>
  <TestLists>
    <TestList name="Results Not in a List" id="8c84fa94-04c1-424b-9868-57a2d4851a1d" />
    <TestList name="All Loaded Results" id="19431567-8539-422a-85d7-44ee4e166bda" />
  </TestLists>
  <ResultSummary outcome="Failed">
    <Counters total="567" executed="567" passed="477" failed="90" error="0" timeout="0" aborted="0" inconclusive="0" passedButRunAborted="0" notRunnable="0" notExecuted="0" disconnected="0" warning="0" completed="0" inProgress="0" pending="0" />
    <Output>
      <StdOut>[xUnit.net 00:00:00.00] xUnit.net VSTest Adapter v2.8.2+699d445a1a (64-bit .NET 9.0.6)
[xUnit.net 00:00:00.17]   Discovering: Aula.Tests
[xUnit.net 00:00:00.35]   Discovered:  Aula.Tests
[xUnit.net 00:00:00.36]   Starting:    Aula.Tests
[xUnit.net 00:00:00.71]       System.ArgumentException : Can not instantiate proxy of class: Aula.Utilities.ConversationContextManager`1[[System.Int64, System.Private.CoreLib, Version=9.0.0.0, Culture=neutral, PublicKeyToken=7cec85d7bea7798e]].
[xUnit.net 00:00:00.71]       Could not find a parameterless constructor. (Parameter 'constructorArguments')
[xUnit.net 00:00:00.71]       ---- System.MissingMethodException : Constructor on type 'Castle.Proxies.ConversationContextManager`1Proxy' not found.
[xUnit.net 00:00:00.71]       Stack Trace:
[xUnit.net 00:00:00.72]            at Castle.DynamicProxy.ProxyGenerator.CreateClassProxyInstance(Type proxyType, List`1 proxyArguments, Type classToProxy, Object[] constructorArguments)
[xUnit.net 00:00:00.72]            at Castle.DynamicProxy.ProxyGenerator.CreateClassProxy(Type classToProxy, Type[] additionalInterfacesToProxy, ProxyGenerationOptions options, Object[] constructorArguments, IInterceptor[] interceptors)
[xUnit.net 00:00:00.72]         /_/src/Moq/Interception/CastleProxyFactory.cs(62,0): at Moq.CastleProxyFactory.CreateProxy(Type mockType, IInterceptor interceptor, Type[] interfaces, Object[] arguments)
[xUnit.net 00:00:00.72]         /_/src/Moq/Mock`1.cs(309,0): at Moq.Mock`1.InitializeInstance()
[xUnit.net 00:00:00.72]         /_/src/Moq/Mock`1.cs(323,0): at Moq.Mock`1.OnGetObject()
[xUnit.net 00:00:00.72]         /_/src/Moq/Mock.cs(181,0): at Moq.Mock.get_Object()
[xUnit.net 00:00:00.72]         /_/src/Moq/Mock`1.cs(281,0): at Moq.Mock`1.get_Object()
[xUnit.net 00:00:00.72]         /mnt/d/git/aula/src/Aula.Tests/Bots/TelegramMessageHandlerTests.cs(63,0): at Aula.Tests.Bots.TelegramMessageHandlerTests..ctor()
[xUnit.net 00:00:00.72]            at System.RuntimeType.CreateInstanceDefaultCtor(Boolean publicOnly, Boolean wrapExceptions)
[xUnit.net 00:00:00.72]         ----- Inner Stack Trace -----
[xUnit.net 00:00:00.72]            at System.RuntimeType.CreateInstanceImpl(BindingFlags bindingAttr, Binder binder, Object[] args, CultureInfo culture)
[xUnit.net 00:00:00.72]            at Castle.DynamicProxy.ProxyGenerator.CreateClassProxyInstance(Type proxyType, List`1 proxyArguments, Type classToProxy, Object[] constructorArguments)
[xUnit.net 00:00:00.73]       Assert.Equal() Failure: Strings differ
[xUnit.net 00:00:00.73]                  ↓ (pos 0)
[xUnit.net 00:00:00.73]       Expected: "apiKey"
[xUnit.net 00:00:00.73]       Actual:   "constructorArguments"
[xUnit.net 00:00:00.73]                  ↑ (pos 0)
[xUnit.net 00:00:00.73]       Stack Trace:
[xUnit.net 00:00:00.73]         /mnt/d/git/aula/src/Aula.Tests/Services/OpenAiServiceIntegrationTests.cs(41,0): at Aula.Tests.Services.OpenAiServiceIntegrationTests.Constructor_WithNullApiKey_ThrowsArgumentException()
[xUnit.net 00:00:00.73]            at System.RuntimeMethodHandle.InvokeMethod(Object target, Void** arguments, Signature sig, Boolean isConstructor)
[xUnit.net 00:00:00.73]            at System.Reflection.MethodBaseInvoker.InvokeWithNoArgs(Object obj, BindingFlags invokeAttr)
[xUnit.net 00:00:00.73]       System.ArgumentException : Can not instantiate proxy of class: Aula.Tools.ReminderCommandHandler.
[xUnit.net 00:00:00.73]       Could not find a parameterless constructor. (Parameter 'constructorArguments')
[xUnit.net 00:00:00.73]       ---- System.MissingMethodException : Constructor on type 'Castle.Proxies.ReminderCommandHandlerProxy' not found.
[xUnit.net 00:00:00.73]       Stack Trace:
[xUnit.net 00:00:00.73]            at Castle.DynamicProxy.ProxyGenerator.CreateClassProxyInstance(Type proxyType, List`1 proxyArguments, Type classToProxy, Object[] constructorArguments)
[xUnit.net 00:00:00.73]            at Castle.DynamicProxy.ProxyGenerator.CreateClassProxy(Type classToProxy, Type[] additionalInterfacesToProxy, ProxyGenerationOptions options, Object[] constructorArguments, IInterceptor[] interceptors)
[xUnit.net 00:00:00.73]         /_/src/Moq/Interception/CastleProxyFactory.cs(62,0): at Moq.CastleProxyFactory.CreateProxy(Type mockType, IInterceptor interceptor, Type[] interfaces, Object[] arguments)
[xUnit.net 00:00:00.73]         /_/src/Moq/Mock`1.cs(309,0): at Moq.Mock`1.InitializeInstance()
[xUnit.net 00:00:00.73]         /_/src/Moq/Mock`1.cs(323,0): at Moq.Mock`1.OnGetObject()
[xUnit.net 00:00:00.73]         /_/src/Moq/Mock.cs(181,0): at Moq.Mock.get_Object()
[xUnit.net 00:00:00.73]         /_/src/Moq/Mock`1.cs(281,0): at Moq.Mock`1.get_Object()
[xUnit.net 00:00:00.73]         /mnt/d/git/aula/src/Aula.Tests/Bots/SlackMessageHandlerTests.cs(57,0): at Aula.Tests.Bots.SlackMessageHandlerTests..ctor()
[xUnit.net 00:00:00.73]            at System.RuntimeType.CreateInstanceDefaultCtor(Boolean publicOnly, Boolean wrapExceptions)
[xUnit.net 00:00:00.73]         ----- Inner Stack Trace -----
[xUnit.net 00:00:00.73]            at System.RuntimeType.CreateInstanceImpl(BindingFlags bindingAttr, Binder binder, Object[] args, CultureInfo culture)
[xUnit.net 00:00:00.73]            at Castle.DynamicProxy.ProxyGenerator.CreateClassProxyInstance(Type proxyType, List`1 proxyArguments, Type classToProxy, Object[] constructorArguments)
[xUnit.net 00:00:00.73]       System.ArgumentException : Can not instantiate proxy of class: Aula.Tools.ReminderCommandHandler.
[xUnit.net 00:00:00.73]       Could not find a parameterless constructor. (Parameter 'constructorArguments')
[xUnit.net 00:00:00.73]       ---- System.MissingMethodException : Constructor on type 'Castle.Proxies.ReminderCommandHandlerProxy' not found.
[xUnit.net 00:00:00.73]       Stack Trace:
[xUnit.net 00:00:00.73]            at Castle.DynamicProxy.ProxyGenerator.CreateClassProxyInstance(Type proxyType, List`1 proxyArguments, Type classToProxy, Object[] constructorArguments)
[xUnit.net 00:00:00.73]            at Castle.DynamicProxy.ProxyGenerator.CreateClassProxy(Type classToProxy, Type[] additionalInterfacesToProxy, ProxyGenerationOptions options, Object[] constructorArguments, IInterceptor[] interceptors)
[xUnit.net 00:00:00.73]         /_/src/Moq/Interception/CastleProxyFactory.cs(62,0): at Moq.CastleProxyFactory.CreateProxy(Type mockType, IInterceptor interceptor, Type[] interfaces, Object[] arguments)
[xUnit.net 00:00:00.73]         /_/src/Moq/Mock`1.cs(309,0): at Moq.Mock`1.InitializeInstance()
[xUnit.net 00:00:00.73]         /_/src/Moq/Mock`1.cs(323,0): at Moq.Mock`1.OnGetObject()
[xUnit.net 00:00:00.73]         /_/src/Moq/Mock.cs(181,0): at Moq.Mock.get_Object()
[xUnit.net 00:00:00.73]         /_/src/Moq/Mock`1.cs(281,0): at Moq.Mock`1.get_Object()
[xUnit.net 00:00:00.73]         /mnt/d/git/aula/src/Aula.Tests/Bots/SlackMessageHandlerTests.cs(57,0): at Aula.Tests.Bots.SlackMessageHandlerTests..ctor()
[xUnit.net 00:00:00.73]            at System.RuntimeType.CreateInstanceDefaultCtor(Boolean publicOnly, Boolean wrapExceptions)
[xUnit.net 00:00:00.73]         ----- Inner Stack Trace -----
[xUnit.net 00:00:00.73]            at System.RuntimeType.CreateInstanceImpl(BindingFlags bindingAttr, Binder binder, Object[] args, CultureInfo culture)
[xUnit.net 00:00:00.73]            at Castle.DynamicProxy.ProxyGenerator.CreateClassProxyInstance(Type proxyType, List`1 proxyArguments, Type classToProxy, Object[] constructorArguments)
[xUnit.net 00:00:00.73]       System.ArgumentException : Can not instantiate proxy of class: Aula.Utilities.ConversationContextManager`1[[System.Int64, System.Private.CoreLib, Version=9.0.0.0, Culture=neutral, PublicKeyToken=7cec85d7bea7798e]].
[xUnit.net 00:00:00.73]       Could not find a parameterless constructor. (Parameter 'constructorArguments')
[xUnit.net 00:00:00.73]       ---- System.MissingMethodException : Constructor on type 'Castle.Proxies.ConversationContextManager`1Proxy' not found.
[xUnit.net 00:00:00.73]       Stack Trace:
[xUnit.net 00:00:00.73]            at Castle.DynamicProxy.ProxyGenerator.CreateClassProxyInstance(Type proxyType, List`1 proxyArguments, Type classToProxy, Object[] constructorArguments)
[xUnit.net 00:00:00.73]            at Castle.DynamicProxy.ProxyGenerator.CreateClassProxy(Type classToProxy, Type[] additionalInterfacesToProxy, ProxyGenerationOptions options, Object[] constructorArguments, IInterceptor[] interceptors)
[xUnit.net 00:00:00.73]         /_/src/Moq/Interception/CastleProxyFactory.cs(62,0): at Moq.CastleProxyFactory.CreateProxy(Type mockType, IInterceptor interceptor, Type[] interfaces, Object[] arguments)
[xUnit.net 00:00:00.74]         /_/src/Moq/Mock`1.cs(309,0): at Moq.Mock`1.InitializeInstance()
[xUnit.net 00:00:00.74]         /_/src/Moq/Mock`1.cs(323,0): at Moq.Mock`1.OnGetObject()
[xUnit.net 00:00:00.74]         /_/src/Moq/Mock.cs(181,0): at Moq.Mock.get_Object()
[xUnit.net 00:00:00.74]         /_/src/Moq/Mock`1.cs(281,0): at Moq.Mock`1.get_Object()
[xUnit.net 00:00:00.74]         /mnt/d/git/aula/src/Aula.Tests/Bots/TelegramMessageHandlerTests.cs(63,0): at Aula.Tests.Bots.TelegramMessageHandlerTests..ctor()
[xUnit.net 00:00:00.74]            at System.RuntimeType.CreateInstanceDefaultCtor(Boolean publicOnly, Boolean wrapExceptions)
[xUnit.net 00:00:00.74]         ----- Inner Stack Trace -----
[xUnit.net 00:00:00.74]            at System.RuntimeType.CreateInstanceImpl(BindingFlags bindingAttr, Binder binder, Object[] args, CultureInfo culture)
[xUnit.net 00:00:00.74]            at Castle.DynamicProxy.ProxyGenerator.CreateClassProxyInstance(Type proxyType, List`1 proxyArguments, Type classToProxy, Object[] constructorArguments)
[xUnit.net 00:00:00.74]       System.ArgumentException : Can not instantiate proxy of class: Aula.Utilities.ConversationContextManager`1[[System.Int64, System.Private.CoreLib, Version=9.0.0.0, Culture=neutral, PublicKeyToken=7cec85d7bea7798e]].
[xUnit.net 00:00:00.74]       Could not find a parameterless constructor. (Parameter 'constructorArguments')
[xUnit.net 00:00:00.74]       ---- System.MissingMethodException : Constructor on type 'Castle.Proxies.ConversationContextManager`1Proxy' not found.
[xUnit.net 00:00:00.74]       Stack Trace:
[xUnit.net 00:00:00.74]            at Castle.DynamicProxy.ProxyGenerator.CreateClassProxyInstance(Type proxyType, List`1 proxyArguments, Type classToProxy, Object[] constructorArguments)
[xUnit.net 00:00:00.74]            at Castle.DynamicProxy.ProxyGenerator.CreateClassProxy(Type classToProxy, Type[] additionalInterfacesToProxy, ProxyGenerationOptions options, Object[] constructorArguments, IInterceptor[] interceptors)
[xUnit.net 00:00:00.74]         /_/src/Moq/Interception/CastleProxyFactory.cs(62,0): at Moq.CastleProxyFactory.CreateProxy(Type mockType, IInterceptor interceptor, Type[] interfaces, Object[] arguments)
[xUnit.net 00:00:00.74]         /_/src/Moq/Mock`1.cs(309,0): at Moq.Mock`1.InitializeInstance()
[xUnit.net 00:00:00.74]         /_/src/Moq/Mock`1.cs(323,0): at Moq.Mock`1.OnGetObject()
[xUnit.net 00:00:00.74]         /_/src/Moq/Mock.cs(181,0): at Moq.Mock.get_Object()
[xUnit.net 00:00:00.74]         /_/src/Moq/Mock`1.cs(281,0): at Moq.Mock`1.get_Object()
[xUnit.net 00:00:00.74]         /mnt/d/git/aula/src/Aula.Tests/Bots/TelegramMessageHandlerTests.cs(63,0): at Aula.Tests.Bots.TelegramMessageHandlerTests..ctor()
[xUnit.net 00:00:00.74]            at System.RuntimeType.CreateInstanceDefaultCtor(Boolean publicOnly, Boolean wrapExceptions)
[xUnit.net 00:00:00.74]         ----- Inner Stack Trace -----
[xUnit.net 00:00:00.74]            at System.RuntimeType.CreateInstanceImpl(BindingFlags bindingAttr, Binder binder, Object[] args, CultureInfo culture)
[xUnit.net 00:00:00.74]            at Castle.DynamicProxy.ProxyGenerator.CreateClassProxyInstance(Type proxyType, List`1 proxyArguments, Type classToProxy, Object[] constructorArguments)
[xUnit.net 00:00:00.74]       System.ArgumentException : Can not instantiate proxy of class: Aula.Utilities.ConversationContextManager`1[[System.Int64, System.Private.CoreLib, Version=9.0.0.0, Culture=neutral, PublicKeyToken=7cec85d7bea7798e]].
[xUnit.net 00:00:00.74]       Could not find a parameterless constructor. (Parameter 'constructorArguments')
[xUnit.net 00:00:00.74]       ---- System.MissingMethodException : Constructor on type 'Castle.Proxies.ConversationContextManager`1Proxy' not found.
[xUnit.net 00:00:00.74]       Stack Trace:
[xUnit.net 00:00:00.74]            at Castle.DynamicProxy.ProxyGenerator.CreateClassProxyInstance(Type proxyType, List`1 proxyArguments, Type classToProxy, Object[] constructorArguments)
[xUnit.net 00:00:00.74]            at Castle.DynamicProxy.ProxyGenerator.CreateClassProxy(Type classToProxy, Type[] additionalInterfacesToProxy, ProxyGenerationOptions options, Object[] constructorArguments, IInterceptor[] interceptors)
[xUnit.net 00:00:00.74]         /_/src/Moq/Interception/CastleProxyFactory.cs(62,0): at Moq.CastleProxyFactory.CreateProxy(Type mockType, IInterceptor interceptor, Type[] interfaces, Object[] arguments)
[xUnit.net 00:00:00.74]         /_/src/Moq/Mock`1.cs(309,0): at Moq.Mock`1.InitializeInstance()
[xUnit.net 00:00:00.74]         /_/src/Moq/Mock`1.cs(323,0): at Moq.Mock`1.OnGetObject()
[xUnit.net 00:00:00.74]         /_/src/Moq/Mock.cs(181,0): at Moq.Mock.get_Object()
[xUnit.net 00:00:00.74]         /_/src/Moq/Mock`1.cs(281,0): at Moq.Mock`1.get_Object()
[xUnit.net 00:00:00.74]         /mnt/d/git/aula/src/Aula.Tests/Bots/TelegramMessageHandlerTests.cs(63,0): at Aula.Tests.Bots.TelegramMessageHandlerTests..ctor()
[xUnit.net 00:00:00.74]            at System.RuntimeType.CreateInstanceDefaultCtor(Boolean publicOnly, Boolean wrapExceptions)
[xUnit.net 00:00:00.74]         ----- Inner Stack Trace -----
[xUnit.net 00:00:00.74]            at System.RuntimeType.CreateInstanceImpl(BindingFlags bindingAttr, Binder binder, Object[] args, CultureInfo culture)
[xUnit.net 00:00:00.74]            at Castle.DynamicProxy.ProxyGenerator.CreateClassProxyInstance(Type proxyType, List`1 proxyArguments, Type classToProxy, Object[] constructorArguments)
[xUnit.net 00:00:00.75]       System.ArgumentException : Can not instantiate proxy of class: Aula.Utilities.ConversationContextManager`1[[System.Int64, System.Private.CoreLib, Version=9.0.0.0, Culture=neutral, PublicKeyToken=7cec85d7bea7798e]].
[xUnit.net 00:00:00.75]       Could not find a parameterless constructor. (Parameter 'constructorArguments')
[xUnit.net 00:00:00.75]       ---- System.MissingMethodException : Constructor on type 'Castle.Proxies.ConversationContextManager`1Proxy' not found.
[xUnit.net 00:00:00.75]       Stack Trace:
[xUnit.net 00:00:00.75]            at Castle.DynamicProxy.ProxyGenerator.CreateClassProxyInstance(Type proxyType, List`1 proxyArguments, Type classToProxy, Object[] constructorArguments)
[xUnit.net 00:00:00.75]            at Castle.DynamicProxy.ProxyGenerator.CreateClassProxy(Type classToProxy, Type[] additionalInterfacesToProxy, ProxyGenerationOptions options, Object[] constructorArguments, IInterceptor[] interceptors)
[xUnit.net 00:00:00.75]         /_/src/Moq/Interception/CastleProxyFactory.cs(62,0): at Moq.CastleProxyFactory.CreateProxy(Type mockType, IInterceptor interceptor, Type[] interfaces, Object[] arguments)
[xUnit.net 00:00:00.75]         /_/src/Moq/Mock`1.cs(309,0): at Moq.Mock`1.InitializeInstance()
[xUnit.net 00:00:00.75]         /_/src/Moq/Mock`1.cs(323,0): at Moq.Mock`1.OnGetObject()
[xUnit.net 00:00:00.75]         /_/src/Moq/Mock.cs(181,0): at Moq.Mock.get_Object()
[xUnit.net 00:00:00.75]         /_/src/Moq/Mock`1.cs(281,0): at Moq.Mock`1.get_Object()
[xUnit.net 00:00:00.75]         /mnt/d/git/aula/src/Aula.Tests/Bots/TelegramMessageHandlerTests.cs(63,0): at Aula.Tests.Bots.TelegramMessageHandlerTests..ctor()
[xUnit.net 00:00:00.75]            at System.RuntimeType.CreateInstanceDefaultCtor(Boolean publicOnly, Boolean wrapExceptions)
[xUnit.net 00:00:00.75]         ----- Inner Stack Trace -----
[xUnit.net 00:00:00.75]            at System.RuntimeType.CreateInstanceImpl(BindingFlags bindingAttr, Binder binder, Object[] args, CultureInfo culture)
[xUnit.net 00:00:00.75]            at Castle.DynamicProxy.ProxyGenerator.CreateClassProxyInstance(Type proxyType, List`1 proxyArguments, Type classToProxy, Object[] constructorArguments)
[xUnit.net 00:00:00.75]       System.ArgumentException : Can not instantiate proxy of class: Aula.Utilities.ConversationContextManager`1[[System.Int64, System.Private.CoreLib, Version=9.0.0.0, Culture=neutral, PublicKeyToken=7cec85d7bea7798e]].
[xUnit.net 00:00:00.75]       Could not find a parameterless constructor. (Parameter 'constructorArguments')
[xUnit.net 00:00:00.75]       ---- System.MissingMethodException : Constructor on type 'Castle.Proxies.ConversationContextManager`1Proxy' not found.
[xUnit.net 00:00:00.75]       Stack Trace:
[xUnit.net 00:00:00.75]            at Castle.DynamicProxy.ProxyGenerator.CreateClassProxyInstance(Type proxyType, List`1 proxyArguments, Type classToProxy, Object[] constructorArguments)
[xUnit.net 00:00:00.75]            at Castle.DynamicProxy.ProxyGenerator.CreateClassProxy(Type classToProxy, Type[] additionalInterfacesToProxy, ProxyGenerationOptions options, Object[] constructorArguments, IInterceptor[] interceptors)
[xUnit.net 00:00:00.75]         /_/src/Moq/Interception/CastleProxyFactory.cs(62,0): at Moq.CastleProxyFactory.CreateProxy(Type mockType, IInterceptor interceptor, Type[] interfaces, Object[] arguments)
[xUnit.net 00:00:00.75]         /_/src/Moq/Mock`1.cs(309,0): at Moq.Mock`1.InitializeInstance()
[xUnit.net 00:00:00.75]         /_/src/Moq/Mock`1.cs(323,0): at Moq.Mock`1.OnGetObject()
[xUnit.net 00:00:00.75]         /_/src/Moq/Mock.cs(181,0): at Moq.Mock.get_Object()
[xUnit.net 00:00:00.75]         /_/src/Moq/Mock`1.cs(281,0): at Moq.Mock`1.get_Object()
[xUnit.net 00:00:00.75]         /mnt/d/git/aula/src/Aula.Tests/Bots/TelegramMessageHandlerTests.cs(63,0): at Aula.Tests.Bots.TelegramMessageHandlerTests..ctor()
[xUnit.net 00:00:00.75]            at System.RuntimeType.CreateInstanceDefaultCtor(Boolean publicOnly, Boolean wrapExceptions)
[xUnit.net 00:00:00.75]         ----- Inner Stack Trace -----
[xUnit.net 00:00:00.75]            at System.RuntimeType.CreateInstanceImpl(BindingFlags bindingAttr, Binder binder, Object[] args, CultureInfo culture)
[xUnit.net 00:00:00.75]            at Castle.DynamicProxy.ProxyGenerator.CreateClassProxyInstance(Type proxyType, List`1 proxyArguments, Type classToProxy, Object[] constructorArguments)
[xUnit.net 00:00:00.75]       System.ArgumentException : Can not instantiate proxy of class: Aula.Utilities.ConversationContextManager`1[[System.Int64, System.Private.CoreLib, Version=9.0.0.0, Culture=neutral, PublicKeyToken=7cec85d7bea7798e]].
[xUnit.net 00:00:00.75]       Could not find a parameterless constructor. (Parameter 'constructorArguments')
[xUnit.net 00:00:00.75]       ---- System.MissingMethodException : Constructor on type 'Castle.Proxies.ConversationContextManager`1Proxy' not found.
[xUnit.net 00:00:00.75]       Stack Trace:
[xUnit.net 00:00:00.75]            at Castle.DynamicProxy.ProxyGenerator.CreateClassProxyInstance(Type proxyType, List`1 proxyArguments, Type classToProxy, Object[] constructorArguments)
[xUnit.net 00:00:00.75]            at Castle.DynamicProxy.ProxyGenerator.CreateClassProxy(Type classToProxy, Type[] additionalInterfacesToProxy, ProxyGenerationOptions options, Object[] constructorArguments, IInterceptor[] interceptors)
[xUnit.net 00:00:00.75]         /_/src/Moq/Interception/CastleProxyFactory.cs(62,0): at Moq.CastleProxyFactory.CreateProxy(Type mockType, IInterceptor interceptor, Type[] interfaces, Object[] arguments)
[xUnit.net 00:00:00.75]         /_/src/Moq/Mock`1.cs(309,0): at Moq.Mock`1.InitializeInstance()
[xUnit.net 00:00:00.75]         /_/src/Moq/Mock`1.cs(323,0): at Moq.Mock`1.OnGetObject()
[xUnit.net 00:00:00.75]         /_/src/Moq/Mock.cs(181,0): at Moq.Mock.get_Object()
[xUnit.net 00:00:00.75]         /_/src/Moq/Mock`1.cs(281,0): at Moq.Mock`1.get_Object()
[xUnit.net 00:00:00.75]         /mnt/d/git/aula/src/Aula.Tests/Bots/TelegramMessageHandlerTests.cs(63,0): at Aula.Tests.Bots.TelegramMessageHandlerTests..ctor()
[xUnit.net 00:00:00.75]            at System.RuntimeType.CreateInstanceDefaultCtor(Boolean publicOnly, Boolean wrapExceptions)
[xUnit.net 00:00:00.75]         ----- Inner Stack Trace -----
[xUnit.net 00:00:00.75]            at System.RuntimeType.CreateInstanceImpl(BindingFlags bindingAttr, Binder binder, Object[] args, CultureInfo culture)
[xUnit.net 00:00:00.75]            at Castle.DynamicProxy.ProxyGenerator.CreateClassProxyInstance(Type proxyType, List`1 proxyArguments, Type classToProxy, Object[] constructorArguments)
[xUnit.net 00:00:00.75]       System.ArgumentException : Can not instantiate proxy of class: Aula.Utilities.ConversationContextManager`1[[System.Int64, System.Private.CoreLib, Version=9.0.0.0, Culture=neutral, PublicKeyToken=7cec85d7bea7798e]].
[xUnit.net 00:00:00.75]       Could not find a parameterless constructor. (Parameter 'constructorArguments')
[xUnit.net 00:00:00.75]       ---- System.MissingMethodException : Constructor on type 'Castle.Proxies.ConversationContextManager`1Proxy' not found.
[xUnit.net 00:00:00.75]       Stack Trace:
[xUnit.net 00:00:00.75]            at Castle.DynamicProxy.ProxyGenerator.CreateClassProxyInstance(Type proxyType, List`1 proxyArguments, Type classToProxy, Object[] constructorArguments)
[xUnit.net 00:00:00.75]            at Castle.DynamicProxy.ProxyGenerator.CreateClassProxy(Type classToProxy, Type[] additionalInterfacesToProxy, ProxyGenerationOptions options, Object[] constructorArguments, IInterceptor[] interceptors)
[xUnit.net 00:00:00.75]         /_/src/Moq/Interception/CastleProxyFactory.cs(62,0): at Moq.CastleProxyFactory.CreateProxy(Type mockType, IInterceptor interceptor, Type[] interfaces, Object[] arguments)
[xUnit.net 00:00:00.75]         /_/src/Moq/Mock`1.cs(309,0): at Moq.Mock`1.InitializeInstance()
[xUnit.net 00:00:00.75]         /_/src/Moq/Mock`1.cs(323,0): at Moq.Mock`1.OnGetObject()
[xUnit.net 00:00:00.75]         /_/src/Moq/Mock.cs(181,0): at Moq.Mock.get_Object()
[xUnit.net 00:00:00.75]         /_/src/Moq/Mock`1.cs(281,0): at Moq.Mock`1.get_Object()
[xUnit.net 00:00:00.75]         /mnt/d/git/aula/src/Aula.Tests/Bots/TelegramMessageHandlerTests.cs(63,0): at Aula.Tests.Bots.TelegramMessageHandlerTests..ctor()
[xUnit.net 00:00:00.75]            at System.RuntimeType.CreateInstanceDefaultCtor(Boolean publicOnly, Boolean wrapExceptions)
[xUnit.net 00:00:00.75]         ----- Inner Stack Trace -----
[xUnit.net 00:00:00.75]            at System.RuntimeType.CreateInstanceImpl(BindingFlags bindingAttr, Binder binder, Object[] args, CultureInfo culture)
[xUnit.net 00:00:00.75]            at Castle.DynamicProxy.ProxyGenerator.CreateClassProxyInstance(Type proxyType, List`1 proxyArguments, Type classToProxy, Object[] constructorArguments)
[xUnit.net 00:00:00.76]       System.ArgumentException : Can not instantiate proxy of class: Aula.Utilities.ConversationContextManager`1[[System.Int64, System.Private.CoreLib, Version=9.0.0.0, Culture=neutral, PublicKeyToken=7cec85d7bea7798e]].
[xUnit.net 00:00:00.76]       Could not find a parameterless constructor. (Parameter 'constructorArguments')
[xUnit.net 00:00:00.76]       ---- System.MissingMethodException : Constructor on type 'Castle.Proxies.ConversationContextManager`1Proxy' not found.
[xUnit.net 00:00:00.77]       Stack Trace:
[xUnit.net 00:00:00.77]            at Castle.DynamicProxy.ProxyGenerator.CreateClassProxyInstance(Type proxyType, List`1 proxyArguments, Type classToProxy, Object[] constructorArguments)
[xUnit.net 00:00:00.77]            at Castle.DynamicProxy.ProxyGenerator.CreateClassProxy(Type classToProxy, Type[] additionalInterfacesToProxy, ProxyGenerationOptions options, Object[] constructorArguments, IInterceptor[] interceptors)
[xUnit.net 00:00:00.77]         /_/src/Moq/Interception/CastleProxyFactory.cs(62,0): at Moq.CastleProxyFactory.CreateProxy(Type mockType, IInterceptor interceptor, Type[] interfaces, Object[] arguments)
[xUnit.net 00:00:00.77]         /_/src/Moq/Mock`1.cs(309,0): at Moq.Mock`1.InitializeInstance()
[xUnit.net 00:00:00.77]         /_/src/Moq/Mock`1.cs(323,0): at Moq.Mock`1.OnGetObject()
[xUnit.net 00:00:00.77]         /_/src/Moq/Mock.cs(181,0): at Moq.Mock.get_Object()
[xUnit.net 00:00:00.77]         /_/src/Moq/Mock`1.cs(281,0): at Moq.Mock`1.get_Object()
[xUnit.net 00:00:00.77]         /mnt/d/git/aula/src/Aula.Tests/Bots/TelegramMessageHandlerTests.cs(63,0): at Aula.Tests.Bots.TelegramMessageHandlerTests..ctor()
[xUnit.net 00:00:00.77]            at System.RuntimeType.CreateInstanceDefaultCtor(Boolean publicOnly, Boolean wrapExceptions)
[xUnit.net 00:00:00.77]         ----- Inner Stack Trace -----
[xUnit.net 00:00:00.77]            at System.RuntimeType.CreateInstanceImpl(BindingFlags bindingAttr, Binder binder, Object[] args, CultureInfo culture)
[xUnit.net 00:00:00.77]            at Castle.DynamicProxy.ProxyGenerator.CreateClassProxyInstance(Type proxyType, List`1 proxyArguments, Type classToProxy, Object[] constructorArguments)
[xUnit.net 00:00:00.77]       System.ArgumentException : Can not instantiate proxy of class: Aula.Utilities.ConversationContextManager`1[[System.Int64, System.Private.CoreLib, Version=9.0.0.0, Culture=neutral, PublicKeyToken=7cec85d7bea7798e]].
[xUnit.net 00:00:00.77]       Could not find a parameterless constructor. (Parameter 'constructorArguments')
[xUnit.net 00:00:00.77]       ---- System.MissingMethodException : Constructor on type 'Castle.Proxies.ConversationContextManager`1Proxy' not found.
[xUnit.net 00:00:00.77]       Stack Trace:
[xUnit.net 00:00:00.77]            at Castle.DynamicProxy.ProxyGenerator.CreateClassProxyInstance(Type proxyType, List`1 proxyArguments, Type classToProxy, Object[] constructorArguments)
[xUnit.net 00:00:00.77]            at Castle.DynamicProxy.ProxyGenerator.CreateClassProxy(Type classToProxy, Type[] additionalInterfacesToProxy, ProxyGenerationOptions options, Object[] constructorArguments, IInterceptor[] interceptors)
[xUnit.net 00:00:00.77]         /_/src/Moq/Interception/CastleProxyFactory.cs(62,0): at Moq.CastleProxyFactory.CreateProxy(Type mockType, IInterceptor interceptor, Type[] interfaces, Object[] arguments)
[xUnit.net 00:00:00.77]         /_/src/Moq/Mock`1.cs(309,0): at Moq.Mock`1.InitializeInstance()
[xUnit.net 00:00:00.77]         /_/src/Moq/Mock`1.cs(323,0): at Moq.Mock`1.OnGetObject()
[xUnit.net 00:00:00.77]         /_/src/Moq/Mock.cs(181,0): at Moq.Mock.get_Object()
[xUnit.net 00:00:00.77]         /_/src/Moq/Mock`1.cs(281,0): at Moq.Mock`1.get_Object()
[xUnit.net 00:00:00.77]         /mnt/d/git/aula/src/Aula.Tests/Bots/TelegramMessageHandlerTests.cs(63,0): at Aula.Tests.Bots.TelegramMessageHandlerTests..ctor()
[xUnit.net 00:00:00.77]            at System.RuntimeType.CreateInstanceDefaultCtor(Boolean publicOnly, Boolean wrapExceptions)
[xUnit.net 00:00:00.77]         ----- Inner Stack Trace -----
[xUnit.net 00:00:00.77]            at System.RuntimeType.CreateInstanceImpl(BindingFlags bindingAttr, Binder binder, Object[] args, CultureInfo culture)
[xUnit.net 00:00:00.77]            at Castle.DynamicProxy.ProxyGenerator.CreateClassProxyInstance(Type proxyType, List`1 proxyArguments, Type classToProxy, Object[] constructorArguments)
[xUnit.net 00:00:00.79]       System.ArgumentException : Can not instantiate proxy of class: Aula.Utilities.ConversationContextManager`1[[System.Int64, System.Private.CoreLib, Version=9.0.0.0, Culture=neutral, PublicKeyToken=7cec85d7bea7798e]].
[xUnit.net 00:00:00.79]       Could not find a parameterless constructor. (Parameter 'constructorArguments')
[xUnit.net 00:00:00.79]       ---- System.MissingMethodException : Constructor on type 'Castle.Proxies.ConversationContextManager`1Proxy' not found.
[xUnit.net 00:00:00.79]       Stack Trace:
[xUnit.net 00:00:00.79]            at Castle.DynamicProxy.ProxyGenerator.CreateClassProxyInstance(Type proxyType, List`1 proxyArguments, Type classToProxy, Object[] constructorArguments)
[xUnit.net 00:00:00.79]            at Castle.DynamicProxy.ProxyGenerator.CreateClassProxy(Type classToProxy, Type[] additionalInterfacesToProxy, ProxyGenerationOptions options, Object[] constructorArguments, IInterceptor[] interceptors)
[xUnit.net 00:00:00.79]         /_/src/Moq/Interception/CastleProxyFactory.cs(62,0): at Moq.CastleProxyFactory.CreateProxy(Type mockType, IInterceptor interceptor, Type[] interfaces, Object[] arguments)
[xUnit.net 00:00:00.79]         /_/src/Moq/Mock`1.cs(309,0): at Moq.Mock`1.InitializeInstance()
[xUnit.net 00:00:00.79]         /_/src/Moq/Mock`1.cs(323,0): at Moq.Mock`1.OnGetObject()
[xUnit.net 00:00:00.79]         /_/src/Moq/Mock.cs(181,0): at Moq.Mock.get_Object()
[xUnit.net 00:00:00.79]         /_/src/Moq/Mock`1.cs(281,0): at Moq.Mock`1.get_Object()
[xUnit.net 00:00:00.79]         /mnt/d/git/aula/src/Aula.Tests/Bots/TelegramMessageHandlerTests.cs(63,0): at Aula.Tests.Bots.TelegramMessageHandlerTests..ctor()
[xUnit.net 00:00:00.79]            at System.RuntimeType.CreateInstanceDefaultCtor(Boolean publicOnly, Boolean wrapExceptions)
[xUnit.net 00:00:00.79]         ----- Inner Stack Trace -----
[xUnit.net 00:00:00.79]            at System.RuntimeType.CreateInstanceImpl(BindingFlags bindingAttr, Binder binder, Object[] args, CultureInfo culture)
[xUnit.net 00:00:00.79]            at Castle.DynamicProxy.ProxyGenerator.CreateClassProxyInstance(Type proxyType, List`1 proxyArguments, Type classToProxy, Object[] constructorArguments)
[xUnit.net 00:00:00.79]       System.ArgumentException : Can not instantiate proxy of class: Aula.Utilities.ConversationContextManager`1[[System.Int64, System.Private.CoreLib, Version=9.0.0.0, Culture=neutral, PublicKeyToken=7cec85d7bea7798e]].
[xUnit.net 00:00:00.79]       Could not find a parameterless constructor. (Parameter 'constructorArguments')
[xUnit.net 00:00:00.79]       ---- System.MissingMethodException : Constructor on type 'Castle.Proxies.ConversationContextManager`1Proxy' not found.
[xUnit.net 00:00:00.79]       Stack Trace:
[xUnit.net 00:00:00.79]            at Castle.DynamicProxy.ProxyGenerator.CreateClassProxyInstance(Type proxyType, List`1 proxyArguments, Type classToProxy, Object[] constructorArguments)
[xUnit.net 00:00:00.79]            at Castle.DynamicProxy.ProxyGenerator.CreateClassProxy(Type classToProxy, Type[] additionalInterfacesToProxy, ProxyGenerationOptions options, Object[] constructorArguments, IInterceptor[] interceptors)
[xUnit.net 00:00:00.79]         /_/src/Moq/Interception/CastleProxyFactory.cs(62,0): at Moq.CastleProxyFactory.CreateProxy(Type mockType, IInterceptor interceptor, Type[] interfaces, Object[] arguments)
[xUnit.net 00:00:00.79]         /_/src/Moq/Mock`1.cs(309,0): at Moq.Mock`1.InitializeInstance()
[xUnit.net 00:00:00.79]         /_/src/Moq/Mock`1.cs(323,0): at Moq.Mock`1.OnGetObject()
[xUnit.net 00:00:00.79]         /_/src/Moq/Mock.cs(181,0): at Moq.Mock.get_Object()
[xUnit.net 00:00:00.80]         /_/src/Moq/Mock`1.cs(281,0): at Moq.Mock`1.get_Object()
[xUnit.net 00:00:00.80]         /mnt/d/git/aula/src/Aula.Tests/Bots/TelegramMessageHandlerTests.cs(63,0): at Aula.Tests.Bots.TelegramMessageHandlerTests..ctor()
[xUnit.net 00:00:00.80]            at System.RuntimeType.CreateInstanceDefaultCtor(Boolean publicOnly, Boolean wrapExceptions)
[xUnit.net 00:00:00.80]         ----- Inner Stack Trace -----
[xUnit.net 00:00:00.80]            at System.RuntimeType.CreateInstanceImpl(BindingFlags bindingAttr, Binder binder, Object[] args, CultureInfo culture)
[xUnit.net 00:00:00.80]            at Castle.DynamicProxy.ProxyGenerator.CreateClassProxyInstance(Type proxyType, List`1 proxyArguments, Type classToProxy, Object[] constructorArguments)
[xUnit.net 00:00:00.80]       System.ArgumentException : Can not instantiate proxy of class: Aula.Tools.ReminderCommandHandler.
[xUnit.net 00:00:00.80]       Could not find a parameterless constructor. (Parameter 'constructorArguments')
[xUnit.net 00:00:00.80]       ---- System.MissingMethodException : Constructor on type 'Castle.Proxies.ReminderCommandHandlerProxy' not found.
[xUnit.net 00:00:00.80]       Stack Trace:
[xUnit.net 00:00:00.80]            at Castle.DynamicProxy.ProxyGenerator.CreateClassProxyInstance(Type proxyType, List`1 proxyArguments, Type classToProxy, Object[] constructorArguments)
[xUnit.net 00:00:00.80]            at Castle.DynamicProxy.ProxyGenerator.CreateClassProxy(Type classToProxy, Type[] additionalInterfacesToProxy, ProxyGenerationOptions options, Object[] constructorArguments, IInterceptor[] interceptors)
[xUnit.net 00:00:00.80]         /_/src/Moq/Interception/CastleProxyFactory.cs(62,0): at Moq.CastleProxyFactory.CreateProxy(Type mockType, IInterceptor interceptor, Type[] interfaces, Object[] arguments)
[xUnit.net 00:00:00.80]         /_/src/Moq/Mock`1.cs(309,0): at Moq.Mock`1.InitializeInstance()
[xUnit.net 00:00:00.80]         /_/src/Moq/Mock`1.cs(323,0): at Moq.Mock`1.OnGetObject()
[xUnit.net 00:00:00.80]         /_/src/Moq/Mock.cs(181,0): at Moq.Mock.get_Object()
[xUnit.net 00:00:00.80]         /_/src/Moq/Mock`1.cs(281,0): at Moq.Mock`1.get_Object()
[xUnit.net 00:00:00.80]         /mnt/d/git/aula/src/Aula.Tests/Bots/SlackMessageHandlerTests.cs(57,0): at Aula.Tests.Bots.SlackMessageHandlerTests..ctor()
[xUnit.net 00:00:00.80]            at System.RuntimeType.CreateInstanceDefaultCtor(Boolean publicOnly, Boolean wrapExceptions)
[xUnit.net 00:00:00.80]         ----- Inner Stack Trace -----
[xUnit.net 00:00:00.80]            at System.RuntimeType.CreateInstanceImpl(BindingFlags bindingAttr, Binder binder, Object[] args, CultureInfo culture)
[xUnit.net 00:00:00.80]            at Castle.DynamicProxy.ProxyGenerator.CreateClassProxyInstance(Type proxyType, List`1 proxyArguments, Type classToProxy, Object[] constructorArguments)
[xUnit.net 00:00:00.81]       System.ArgumentException : Can not instantiate proxy of class: Aula.Tools.ReminderCommandHandler.
[xUnit.net 00:00:00.81]       Could not find a parameterless constructor. (Parameter 'constructorArguments')
[xUnit.net 00:00:00.81]       ---- System.MissingMethodException : Constructor on type 'Castle.Proxies.ReminderCommandHandlerProxy' not found.
[xUnit.net 00:00:00.81]       Stack Trace:
[xUnit.net 00:00:00.81]            at Castle.DynamicProxy.ProxyGenerator.CreateClassProxyInstance(Type proxyType, List`1 proxyArguments, Type classToProxy, Object[] constructorArguments)
[xUnit.net 00:00:00.81]            at Castle.DynamicProxy.ProxyGenerator.CreateClassProxy(Type classToProxy, Type[] additionalInterfacesToProxy, ProxyGenerationOptions options, Object[] constructorArguments, IInterceptor[] interceptors)
[xUnit.net 00:00:00.81]         /_/src/Moq/Interception/CastleProxyFactory.cs(62,0): at Moq.CastleProxyFactory.CreateProxy(Type mockType, IInterceptor interceptor, Type[] interfaces, Object[] arguments)
[xUnit.net 00:00:00.81]         /_/src/Moq/Mock`1.cs(309,0): at Moq.Mock`1.InitializeInstance()
[xUnit.net 00:00:00.81]         /_/src/Moq/Mock`1.cs(323,0): at Moq.Mock`1.OnGetObject()
[xUnit.net 00:00:00.81]         /_/src/Moq/Mock.cs(181,0): at Moq.Mock.get_Object()
[xUnit.net 00:00:00.81]         /_/src/Moq/Mock`1.cs(281,0): at Moq.Mock`1.get_Object()
[xUnit.net 00:00:00.81]         /mnt/d/git/aula/src/Aula.Tests/Bots/SlackMessageHandlerTests.cs(57,0): at Aula.Tests.Bots.SlackMessageHandlerTests..ctor()
[xUnit.net 00:00:00.81]            at System.RuntimeType.CreateInstanceDefaultCtor(Boolean publicOnly, Boolean wrapExceptions)
[xUnit.net 00:00:00.81]         ----- Inner Stack Trace -----
[xUnit.net 00:00:00.81]            at System.RuntimeType.CreateInstanceImpl(BindingFlags bindingAttr, Binder binder, Object[] args, CultureInfo culture)
[xUnit.net 00:00:00.81]            at Castle.DynamicProxy.ProxyGenerator.CreateClassProxyInstance(Type proxyType, List`1 proxyArguments, Type classToProxy, Object[] constructorArguments)
[xUnit.net 00:00:00.81]       System.ArgumentException : Can not instantiate proxy of class: Aula.Tools.ReminderCommandHandler.
[xUnit.net 00:00:00.81]       Could not find a parameterless constructor. (Parameter 'constructorArguments')
[xUnit.net 00:00:00.81]       ---- System.MissingMethodException : Constructor on type 'Castle.Proxies.ReminderCommandHandlerProxy' not found.
[xUnit.net 00:00:00.81]       Stack Trace:
[xUnit.net 00:00:00.81]            at Castle.DynamicProxy.ProxyGenerator.CreateClassProxyInstance(Type proxyType, List`1 proxyArguments, Type classToProxy, Object[] constructorArguments)
[xUnit.net 00:00:00.81]            at Castle.DynamicProxy.ProxyGenerator.CreateClassProxy(Type classToProxy, Type[] additionalInterfacesToProxy, ProxyGenerationOptions options, Object[] constructorArguments, IInterceptor[] interceptors)
[xUnit.net 00:00:00.81]         /_/src/Moq/Interception/CastleProxyFactory.cs(62,0): at Moq.CastleProxyFactory.CreateProxy(Type mockType, IInterceptor interceptor, Type[] interfaces, Object[] arguments)
[xUnit.net 00:00:00.81]         /_/src/Moq/Mock`1.cs(309,0): at Moq.Mock`1.InitializeInstance()
[xUnit.net 00:00:00.81]         /_/src/Moq/Mock`1.cs(323,0): at Moq.Mock`1.OnGetObject()
[xUnit.net 00:00:00.81]         /_/src/Moq/Mock.cs(181,0): at Moq.Mock.get_Object()
[xUnit.net 00:00:00.81]         /_/src/Moq/Mock`1.cs(281,0): at Moq.Mock`1.get_Object()
[xUnit.net 00:00:00.81]         /mnt/d/git/aula/src/Aula.Tests/Bots/SlackMessageHandlerTests.cs(57,0): at Aula.Tests.Bots.SlackMessageHandlerTests..ctor()
[xUnit.net 00:00:00.81]            at System.RuntimeType.CreateInstanceDefaultCtor(Boolean publicOnly, Boolean wrapExceptions)
[xUnit.net 00:00:00.81]         ----- Inner Stack Trace -----
[xUnit.net 00:00:00.81]            at System.RuntimeType.CreateInstanceImpl(BindingFlags bindingAttr, Binder binder, Object[] args, CultureInfo culture)
[xUnit.net 00:00:00.81]            at Castle.DynamicProxy.ProxyGenerator.CreateClassProxyInstance(Type proxyType, List`1 proxyArguments, Type classToProxy, Object[] constructorArguments)
[xUnit.net 00:00:00.82]       System.ArgumentException : Can not instantiate proxy of class: Aula.Tools.ReminderCommandHandler.
[xUnit.net 00:00:00.82]       Could not find a parameterless constructor. (Parameter 'constructorArguments')
[xUnit.net 00:00:00.82]       ---- System.MissingMethodException : Constructor on type 'Castle.Proxies.ReminderCommandHandlerProxy' not found.
[xUnit.net 00:00:00.82]       Stack Trace:
[xUnit.net 00:00:00.82]            at Castle.DynamicProxy.ProxyGenerator.CreateClassProxyInstance(Type proxyType, List`1 proxyArguments, Type classToProxy, Object[] constructorArguments)
[xUnit.net 00:00:00.82]            at Castle.DynamicProxy.ProxyGenerator.CreateClassProxy(Type classToProxy, Type[] additionalInterfacesToProxy, ProxyGenerationOptions options, Object[] constructorArguments, IInterceptor[] interceptors)
[xUnit.net 00:00:00.82]         /_/src/Moq/Interception/CastleProxyFactory.cs(62,0): at Moq.CastleProxyFactory.CreateProxy(Type mockType, IInterceptor interceptor, Type[] interfaces, Object[] arguments)
[xUnit.net 00:00:00.82]         /_/src/Moq/Mock`1.cs(309,0): at Moq.Mock`1.InitializeInstance()
[xUnit.net 00:00:00.82]         /_/src/Moq/Mock`1.cs(323,0): at Moq.Mock`1.OnGetObject()
[xUnit.net 00:00:00.82]         /_/src/Moq/Mock.cs(181,0): at Moq.Mock.get_Object()
[xUnit.net 00:00:00.82]         /_/src/Moq/Mock`1.cs(281,0): at Moq.Mock`1.get_Object()
[xUnit.net 00:00:00.82]         /mnt/d/git/aula/src/Aula.Tests/Bots/SlackMessageHandlerTests.cs(57,0): at Aula.Tests.Bots.SlackMessageHandlerTests..ctor()
[xUnit.net 00:00:00.82]            at System.RuntimeType.CreateInstanceDefaultCtor(Boolean publicOnly, Boolean wrapExceptions)
[xUnit.net 00:00:00.82]         ----- Inner Stack Trace -----
[xUnit.net 00:00:00.82]            at System.RuntimeType.CreateInstanceImpl(BindingFlags bindingAttr, Binder binder, Object[] args, CultureInfo culture)
[xUnit.net 00:00:00.82]            at Castle.DynamicProxy.ProxyGenerator.CreateClassProxyInstance(Type proxyType, List`1 proxyArguments, Type classToProxy, Object[] constructorArguments)
[xUnit.net 00:00:00.82]       System.ArgumentException : Can not instantiate proxy of class: Aula.Utilities.ConversationContextManager`1[[System.Int64, System.Private.CoreLib, Version=9.0.0.0, Culture=neutral, PublicKeyToken=7cec85d7bea7798e]].
[xUnit.net 00:00:00.82]       Could not find a parameterless constructor. (Parameter 'constructorArguments')
[xUnit.net 00:00:00.82]       ---- System.MissingMethodException : Constructor on type 'Castle.Proxies.ConversationContextManager`1Proxy' not found.
[xUnit.net 00:00:00.82]       Stack Trace:
[xUnit.net 00:00:00.82]            at Castle.DynamicProxy.ProxyGenerator.CreateClassProxyInstance(Type proxyType, List`1 proxyArguments, Type classToProxy, Object[] constructorArguments)
[xUnit.net 00:00:00.82]            at Castle.DynamicProxy.ProxyGenerator.CreateClassProxy(Type classToProxy, Type[] additionalInterfacesToProxy, ProxyGenerationOptions options, Object[] constructorArguments, IInterceptor[] interceptors)
[xUnit.net 00:00:00.82]         /_/src/Moq/Interception/CastleProxyFactory.cs(62,0): at Moq.CastleProxyFactory.CreateProxy(Type mockType, IInterceptor interceptor, Type[] interfaces, Object[] arguments)
[xUnit.net 00:00:00.82]         /_/src/Moq/Mock`1.cs(309,0): at Moq.Mock`1.InitializeInstance()
[xUnit.net 00:00:00.82]         /_/src/Moq/Mock`1.cs(323,0): at Moq.Mock`1.OnGetObject()
[xUnit.net 00:00:00.82]         /_/src/Moq/Mock.cs(181,0): at Moq.Mock.get_Object()
[xUnit.net 00:00:00.82]         /_/src/Moq/Mock`1.cs(281,0): at Moq.Mock`1.get_Object()
[xUnit.net 00:00:00.82]         /mnt/d/git/aula/src/Aula.Tests/Bots/TelegramMessageHandlerTests.cs(63,0): at Aula.Tests.Bots.TelegramMessageHandlerTests..ctor()
[xUnit.net 00:00:00.82]            at System.RuntimeType.CreateInstanceDefaultCtor(Boolean publicOnly, Boolean wrapExceptions)
[xUnit.net 00:00:00.82]         ----- Inner Stack Trace -----
[xUnit.net 00:00:00.82]            at System.RuntimeType.CreateInstanceImpl(BindingFlags bindingAttr, Binder binder, Object[] args, CultureInfo culture)
[xUnit.net 00:00:00.82]            at Castle.DynamicProxy.ProxyGenerator.CreateClassProxyInstance(Type proxyType, List`1 proxyArguments, Type classToProxy, Object[] constructorArguments)
[xUnit.net 00:00:00.82]       System.ArgumentException : Can not instantiate proxy of class: Aula.Tools.ReminderCommandHandler.
[xUnit.net 00:00:00.82]       Could not find a parameterless constructor. (Parameter 'constructorArguments')
[xUnit.net 00:00:00.82]       ---- System.MissingMethodException : Constructor on type 'Castle.Proxies.ReminderCommandHandlerProxy' not found.
[xUnit.net 00:00:00.82]       Stack Trace:
[xUnit.net 00:00:00.82]            at Castle.DynamicProxy.ProxyGenerator.CreateClassProxyInstance(Type proxyType, List`1 proxyArguments, Type classToProxy, Object[] constructorArguments)
[xUnit.net 00:00:00.82]            at Castle.DynamicProxy.ProxyGenerator.CreateClassProxy(Type classToProxy, Type[] additionalInterfacesToProxy, ProxyGenerationOptions options, Object[] constructorArguments, IInterceptor[] interceptors)
[xUnit.net 00:00:00.82]         /_/src/Moq/Interception/CastleProxyFactory.cs(62,0): at Moq.CastleProxyFactory.CreateProxy(Type mockType, IInterceptor interceptor, Type[] interfaces, Object[] arguments)
[xUnit.net 00:00:00.82]         /_/src/Moq/Mock`1.cs(309,0): at Moq.Mock`1.InitializeInstance()
[xUnit.net 00:00:00.82]         /_/src/Moq/Mock`1.cs(323,0): at Moq.Mock`1.OnGetObject()
[xUnit.net 00:00:00.82]         /_/src/Moq/Mock.cs(181,0): at Moq.Mock.get_Object()
[xUnit.net 00:00:00.82]         /_/src/Moq/Mock`1.cs(281,0): at Moq.Mock`1.get_Object()
[xUnit.net 00:00:00.82]         /mnt/d/git/aula/src/Aula.Tests/Bots/SlackMessageHandlerTests.cs(57,0): at Aula.Tests.Bots.SlackMessageHandlerTests..ctor()
[xUnit.net 00:00:00.82]            at System.RuntimeType.CreateInstanceDefaultCtor(Boolean publicOnly, Boolean wrapExceptions)
[xUnit.net 00:00:00.82]         ----- Inner Stack Trace -----
[xUnit.net 00:00:00.82]            at System.RuntimeType.CreateInstanceImpl(BindingFlags bindingAttr, Binder binder, Object[] args, CultureInfo culture)
[xUnit.net 00:00:00.82]            at Castle.DynamicProxy.ProxyGenerator.CreateClassProxyInstance(Type proxyType, List`1 proxyArguments, Type classToProxy, Object[] constructorArguments)
[xUnit.net 00:00:00.82]       System.ArgumentException : Can not instantiate proxy of class: Aula.Tools.ReminderCommandHandler.
[xUnit.net 00:00:00.82]       Could not find a parameterless constructor. (Parameter 'constructorArguments')
[xUnit.net 00:00:00.82]       ---- System.MissingMethodException : Constructor on type 'Castle.Proxies.ReminderCommandHandlerProxy' not found.
[xUnit.net 00:00:00.82]       Stack Trace:
[xUnit.net 00:00:00.82]            at Castle.DynamicProxy.ProxyGenerator.CreateClassProxyInstance(Type proxyType, List`1 proxyArguments, Type classToProxy, Object[] constructorArguments)
[xUnit.net 00:00:00.82]            at Castle.DynamicProxy.ProxyGenerator.CreateClassProxy(Type classToProxy, Type[] additionalInterfacesToProxy, ProxyGenerationOptions options, Object[] constructorArguments, IInterceptor[] interceptors)
[xUnit.net 00:00:00.82]         /_/src/Moq/Interception/CastleProxyFactory.cs(62,0): at Moq.CastleProxyFactory.CreateProxy(Type mockType, IInterceptor interceptor, Type[] interfaces, Object[] arguments)
[xUnit.net 00:00:00.82]         /_/src/Moq/Mock`1.cs(309,0): at Moq.Mock`1.InitializeInstance()
[xUnit.net 00:00:00.82]         /_/src/Moq/Mock`1.cs(323,0): at Moq.Mock`1.OnGetObject()
[xUnit.net 00:00:00.83]         /_/src/Moq/Mock.cs(181,0): at Moq.Mock.get_Object()
[xUnit.net 00:00:00.83]         /_/src/Moq/Mock`1.cs(281,0): at Moq.Mock`1.get_Object()
[xUnit.net 00:00:00.83]         /mnt/d/git/aula/src/Aula.Tests/Bots/SlackMessageHandlerTests.cs(57,0): at Aula.Tests.Bots.SlackMessageHandlerTests..ctor()
[xUnit.net 00:00:00.83]            at System.RuntimeType.CreateInstanceDefaultCtor(Boolean publicOnly, Boolean wrapExceptions)
[xUnit.net 00:00:00.83]         ----- Inner Stack Trace -----
[xUnit.net 00:00:00.83]            at System.RuntimeType.CreateInstanceImpl(BindingFlags bindingAttr, Binder binder, Object[] args, CultureInfo culture)
[xUnit.net 00:00:00.83]            at Castle.DynamicProxy.ProxyGenerator.CreateClassProxyInstance(Type proxyType, List`1 proxyArguments, Type classToProxy, Object[] constructorArguments)
[xUnit.net 00:00:00.83]       System.ArgumentException : Can not instantiate proxy of class: Aula.Tools.ReminderCommandHandler.
[xUnit.net 00:00:00.83]       Could not find a parameterless constructor. (Parameter 'constructorArguments')
[xUnit.net 00:00:00.83]       ---- System.MissingMethodException : Constructor on type 'Castle.Proxies.ReminderCommandHandlerProxy' not found.
[xUnit.net 00:00:00.83]       Stack Trace:
[xUnit.net 00:00:00.83]            at Castle.DynamicProxy.ProxyGenerator.CreateClassProxyInstance(Type proxyType, List`1 proxyArguments, Type classToProxy, Object[] constructorArguments)
[xUnit.net 00:00:00.83]            at Castle.DynamicProxy.ProxyGenerator.CreateClassProxy(Type classToProxy, Type[] additionalInterfacesToProxy, ProxyGenerationOptions options, Object[] constructorArguments, IInterceptor[] interceptors)
[xUnit.net 00:00:00.83]         /_/src/Moq/Interception/CastleProxyFactory.cs(62,0): at Moq.CastleProxyFactory.CreateProxy(Type mockType, IInterceptor interceptor, Type[] interfaces, Object[] arguments)
[xUnit.net 00:00:00.83]         /_/src/Moq/Mock`1.cs(309,0): at Moq.Mock`1.InitializeInstance()
[xUnit.net 00:00:00.83]         /_/src/Moq/Mock`1.cs(323,0): at Moq.Mock`1.OnGetObject()
[xUnit.net 00:00:00.83]         /_/src/Moq/Mock.cs(181,0): at Moq.Mock.get_Object()
[xUnit.net 00:00:00.83]         /_/src/Moq/Mock`1.cs(281,0): at Moq.Mock`1.get_Object()
[xUnit.net 00:00:00.83]         /mnt/d/git/aula/src/Aula.Tests/Bots/SlackMessageHandlerTests.cs(57,0): at Aula.Tests.Bots.SlackMessageHandlerTests..ctor()
[xUnit.net 00:00:00.83]            at System.RuntimeType.CreateInstanceDefaultCtor(Boolean publicOnly, Boolean wrapExceptions)
[xUnit.net 00:00:00.83]         ----- Inner Stack Trace -----
[xUnit.net 00:00:00.83]            at System.RuntimeType.CreateInstanceImpl(BindingFlags bindingAttr, Binder binder, Object[] args, CultureInfo culture)
[xUnit.net 00:00:00.83]            at Castle.DynamicProxy.ProxyGenerator.CreateClassProxyInstance(Type proxyType, List`1 proxyArguments, Type classToProxy, Object[] constructorArguments)
[xUnit.net 00:00:00.84]       System.ArgumentException : Can not instantiate proxy of class: Aula.Tools.ReminderCommandHandler.
[xUnit.net 00:00:00.84]       Could not find a parameterless constructor. (Parameter 'constructorArguments')
[xUnit.net 00:00:00.84]       ---- System.MissingMethodException : Constructor on type 'Castle.Proxies.ReminderCommandHandlerProxy' not found.
[xUnit.net 00:00:00.84]       Stack Trace:
[xUnit.net 00:00:00.84]            at Castle.DynamicProxy.ProxyGenerator.CreateClassProxyInstance(Type proxyType, List`1 proxyArguments, Type classToProxy, Object[] constructorArguments)
[xUnit.net 00:00:00.84]            at Castle.DynamicProxy.ProxyGenerator.CreateClassProxy(Type classToProxy, Type[] additionalInterfacesToProxy, ProxyGenerationOptions options, Object[] constructorArguments, IInterceptor[] interceptors)
[xUnit.net 00:00:00.84]         /_/src/Moq/Interception/CastleProxyFactory.cs(62,0): at Moq.CastleProxyFactory.CreateProxy(Type mockType, IInterceptor interceptor, Type[] interfaces, Object[] arguments)
[xUnit.net 00:00:00.84]         /_/src/Moq/Mock`1.cs(309,0): at Moq.Mock`1.InitializeInstance()
[xUnit.net 00:00:00.84]         /_/src/Moq/Mock`1.cs(323,0): at Moq.Mock`1.OnGetObject()
[xUnit.net 00:00:00.84]         /_/src/Moq/Mock.cs(181,0): at Moq.Mock.get_Object()
[xUnit.net 00:00:00.84]         /_/src/Moq/Mock`1.cs(281,0): at Moq.Mock`1.get_Object()
[xUnit.net 00:00:00.84]         /mnt/d/git/aula/src/Aula.Tests/Bots/SlackMessageHandlerTests.cs(57,0): at Aula.Tests.Bots.SlackMessageHandlerTests..ctor()
[xUnit.net 00:00:00.84]            at System.RuntimeType.CreateInstanceDefaultCtor(Boolean publicOnly, Boolean wrapExceptions)
[xUnit.net 00:00:00.84]         ----- Inner Stack Trace -----
[xUnit.net 00:00:00.84]            at System.RuntimeType.CreateInstanceImpl(BindingFlags bindingAttr, Binder binder, Object[] args, CultureInfo culture)
[xUnit.net 00:00:00.84]            at Castle.DynamicProxy.ProxyGenerator.CreateClassProxyInstance(Type proxyType, List`1 proxyArguments, Type classToProxy, Object[] constructorArguments)
[xUnit.net 00:00:00.84]       System.ArgumentException : Can not instantiate proxy of class: Aula.Tools.ReminderCommandHandler.
[xUnit.net 00:00:00.84]       Could not find a parameterless constructor. (Parameter 'constructorArguments')
[xUnit.net 00:00:00.84]       ---- System.MissingMethodException : Constructor on type 'Castle.Proxies.ReminderCommandHandlerProxy' not found.
[xUnit.net 00:00:00.84]       Stack Trace:
[xUnit.net 00:00:00.84]            at Castle.DynamicProxy.ProxyGenerator.CreateClassProxyInstance(Type proxyType, List`1 proxyArguments, Type classToProxy, Object[] constructorArguments)
[xUnit.net 00:00:00.84]            at Castle.DynamicProxy.ProxyGenerator.CreateClassProxy(Type classToProxy, Type[] additionalInterfacesToProxy, ProxyGenerationOptions options, Object[] constructorArguments, IInterceptor[] interceptors)
[xUnit.net 00:00:00.84]         /_/src/Moq/Interception/CastleProxyFactory.cs(62,0): at Moq.CastleProxyFactory.CreateProxy(Type mockType, IInterceptor interceptor, Type[] interfaces, Object[] arguments)
[xUnit.net 00:00:00.84]         /_/src/Moq/Mock`1.cs(309,0): at Moq.Mock`1.InitializeInstance()
[xUnit.net 00:00:00.84]         /_/src/Moq/Mock`1.cs(323,0): at Moq.Mock`1.OnGetObject()
[xUnit.net 00:00:00.84]         /_/src/Moq/Mock.cs(181,0): at Moq.Mock.get_Object()
[xUnit.net 00:00:00.84]         /_/src/Moq/Mock`1.cs(281,0): at Moq.Mock`1.get_Object()
[xUnit.net 00:00:00.84]         /mnt/d/git/aula/src/Aula.Tests/Bots/SlackMessageHandlerTests.cs(57,0): at Aula.Tests.Bots.SlackMessageHandlerTests..ctor()
[xUnit.net 00:00:00.84]            at System.RuntimeType.CreateInstanceDefaultCtor(Boolean publicOnly, Boolean wrapExceptions)
[xUnit.net 00:00:00.84]         ----- Inner Stack Trace -----
[xUnit.net 00:00:00.84]            at System.RuntimeType.CreateInstanceImpl(BindingFlags bindingAttr, Binder binder, Object[] args, CultureInfo culture)
[xUnit.net 00:00:00.84]            at Castle.DynamicProxy.ProxyGenerator.CreateClassProxyInstance(Type proxyType, List`1 proxyArguments, Type classToProxy, Object[] constructorArguments)
[xUnit.net 00:00:00.85]       System.ArgumentException : Can not instantiate proxy of class: Aula.Utilities.ConversationContextManager`1[[System.Int64, System.Private.CoreLib, Version=9.0.0.0, Culture=neutral, PublicKeyToken=7cec85d7bea7798e]].
[xUnit.net 00:00:00.85]       Could not find a parameterless constructor. (Parameter 'constructorArguments')
[xUnit.net 00:00:00.85]       ---- System.MissingMethodException : Constructor on type 'Castle.Proxies.ConversationContextManager`1Proxy' not found.
[xUnit.net 00:00:00.85]       Stack Trace:
[xUnit.net 00:00:00.85]            at Castle.DynamicProxy.ProxyGenerator.CreateClassProxyInstance(Type proxyType, List`1 proxyArguments, Type classToProxy, Object[] constructorArguments)
[xUnit.net 00:00:00.85]            at Castle.DynamicProxy.ProxyGenerator.CreateClassProxy(Type classToProxy, Type[] additionalInterfacesToProxy, ProxyGenerationOptions options, Object[] constructorArguments, IInterceptor[] interceptors)
[xUnit.net 00:00:00.85]         /_/src/Moq/Interception/CastleProxyFactory.cs(62,0): at Moq.CastleProxyFactory.CreateProxy(Type mockType, IInterceptor interceptor, Type[] interfaces, Object[] arguments)
[xUnit.net 00:00:00.85]         /_/src/Moq/Mock`1.cs(309,0): at Moq.Mock`1.InitializeInstance()
[xUnit.net 00:00:00.85]         /_/src/Moq/Mock`1.cs(323,0): at Moq.Mock`1.OnGetObject()
[xUnit.net 00:00:00.85]         /_/src/Moq/Mock.cs(181,0): at Moq.Mock.get_Object()
[xUnit.net 00:00:00.85]         /_/src/Moq/Mock`1.cs(281,0): at Moq.Mock`1.get_Object()
[xUnit.net 00:00:00.85]         /mnt/d/git/aula/src/Aula.Tests/Bots/TelegramMessageHandlerTests.cs(63,0): at Aula.Tests.Bots.TelegramMessageHandlerTests..ctor()
[xUnit.net 00:00:00.85]            at System.RuntimeType.CreateInstanceDefaultCtor(Boolean publicOnly, Boolean wrapExceptions)
[xUnit.net 00:00:00.85]         ----- Inner Stack Trace -----
[xUnit.net 00:00:00.85]            at System.RuntimeType.CreateInstanceImpl(BindingFlags bindingAttr, Binder binder, Object[] args, CultureInfo culture)
[xUnit.net 00:00:00.85]            at Castle.DynamicProxy.ProxyGenerator.CreateClassProxyInstance(Type proxyType, List`1 proxyArguments, Type classToProxy, Object[] constructorArguments)
[xUnit.net 00:00:00.85]       System.ArgumentException : Can not instantiate proxy of class: Aula.Tools.ReminderCommandHandler.
[xUnit.net 00:00:00.85]       Could not find a parameterless constructor. (Parameter 'constructorArguments')
[xUnit.net 00:00:00.85]       ---- System.MissingMethodException : Constructor on type 'Castle.Proxies.ReminderCommandHandlerProxy' not found.
[xUnit.net 00:00:00.85]       Stack Trace:
[xUnit.net 00:00:00.85]            at Castle.DynamicProxy.ProxyGenerator.CreateClassProxyInstance(Type proxyType, List`1 proxyArguments, Type classToProxy, Object[] constructorArguments)
[xUnit.net 00:00:00.85]            at Castle.DynamicProxy.ProxyGenerator.CreateClassProxy(Type classToProxy, Type[] additionalInterfacesToProxy, ProxyGenerationOptions options, Object[] constructorArguments, IInterceptor[] interceptors)
[xUnit.net 00:00:00.85]         /_/src/Moq/Interception/CastleProxyFactory.cs(62,0): at Moq.CastleProxyFactory.CreateProxy(Type mockType, IInterceptor interceptor, Type[] interfaces, Object[] arguments)
[xUnit.net 00:00:00.85]         /_/src/Moq/Mock`1.cs(309,0): at Moq.Mock`1.InitializeInstance()
[xUnit.net 00:00:00.85]         /_/src/Moq/Mock`1.cs(323,0): at Moq.Mock`1.OnGetObject()
[xUnit.net 00:00:00.85]         /_/src/Moq/Mock.cs(181,0): at Moq.Mock.get_Object()
[xUnit.net 00:00:00.85]         /_/src/Moq/Mock`1.cs(281,0): at Moq.Mock`1.get_Object()
[xUnit.net 00:00:00.85]         /mnt/d/git/aula/src/Aula.Tests/Bots/SlackMessageHandlerTests.cs(57,0): at Aula.Tests.Bots.SlackMessageHandlerTests..ctor()
[xUnit.net 00:00:00.85]            at System.RuntimeType.CreateInstanceDefaultCtor(Boolean publicOnly, Boolean wrapExceptions)
[xUnit.net 00:00:00.85]         ----- Inner Stack Trace -----
[xUnit.net 00:00:00.85]            at System.RuntimeType.CreateInstanceImpl(BindingFlags bindingAttr, Binder binder, Object[] args, CultureInfo culture)
[xUnit.net 00:00:00.85]            at Castle.DynamicProxy.ProxyGenerator.CreateClassProxyInstance(Type proxyType, List`1 proxyArguments, Type classToProxy, Object[] constructorArguments)
[xUnit.net 00:00:00.85]       System.ArgumentException : Can not instantiate proxy of class: Aula.Tools.ReminderCommandHandler.
[xUnit.net 00:00:00.85]       Could not find a parameterless constructor. (Parameter 'constructorArguments')
[xUnit.net 00:00:00.85]       ---- System.MissingMethodException : Constructor on type 'Castle.Proxies.ReminderCommandHandlerProxy' not found.
[xUnit.net 00:00:00.85]       Stack Trace:
[xUnit.net 00:00:00.85]            at Castle.DynamicProxy.ProxyGenerator.CreateClassProxyInstance(Type proxyType, List`1 proxyArguments, Type classToProxy, Object[] constructorArguments)
[xUnit.net 00:00:00.85]            at Castle.DynamicProxy.ProxyGenerator.CreateClassProxy(Type classToProxy, Type[] additionalInterfacesToProxy, ProxyGenerationOptions options, Object[] constructorArguments, IInterceptor[] interceptors)
[xUnit.net 00:00:00.85]         /_/src/Moq/Interception/CastleProxyFactory.cs(62,0): at Moq.CastleProxyFactory.CreateProxy(Type mockType, IInterceptor interceptor, Type[] interfaces, Object[] arguments)
[xUnit.net 00:00:00.85]         /_/src/Moq/Mock`1.cs(309,0): at Moq.Mock`1.InitializeInstance()
[xUnit.net 00:00:00.85]         /_/src/Moq/Mock`1.cs(323,0): at Moq.Mock`1.OnGetObject()
[xUnit.net 00:00:00.85]         /_/src/Moq/Mock.cs(181,0): at Moq.Mock.get_Object()
[xUnit.net 00:00:00.85]         /_/src/Moq/Mock`1.cs(281,0): at Moq.Mock`1.get_Object()
[xUnit.net 00:00:00.85]         /mnt/d/git/aula/src/Aula.Tests/Bots/SlackMessageHandlerTests.cs(57,0): at Aula.Tests.Bots.SlackMessageHandlerTests..ctor()
[xUnit.net 00:00:00.85]            at System.RuntimeType.CreateInstanceDefaultCtor(Boolean publicOnly, Boolean wrapExceptions)
[xUnit.net 00:00:00.86]         ----- Inner Stack Trace -----
[xUnit.net 00:00:00.86]            at System.RuntimeType.CreateInstanceImpl(BindingFlags bindingAttr, Binder binder, Object[] args, CultureInfo culture)
[xUnit.net 00:00:00.86]            at Castle.DynamicProxy.ProxyGenerator.CreateClassProxyInstance(Type proxyType, List`1 proxyArguments, Type classToProxy, Object[] constructorArguments)
[xUnit.net 00:00:00.86]       System.ArgumentException : Can not instantiate proxy of class: Aula.Tools.ReminderCommandHandler.
[xUnit.net 00:00:00.86]       Could not find a parameterless constructor. (Parameter 'constructorArguments')
[xUnit.net 00:00:00.86]       ---- System.MissingMethodException : Constructor on type 'Castle.Proxies.ReminderCommandHandlerProxy' not found.
[xUnit.net 00:00:00.86]       Stack Trace:
[xUnit.net 00:00:00.86]            at Castle.DynamicProxy.ProxyGenerator.CreateClassProxyInstance(Type proxyType, List`1 proxyArguments, Type classToProxy, Object[] constructorArguments)
[xUnit.net 00:00:00.86]            at Castle.DynamicProxy.ProxyGenerator.CreateClassProxy(Type classToProxy, Type[] additionalInterfacesToProxy, ProxyGenerationOptions options, Object[] constructorArguments, IInterceptor[] interceptors)
[xUnit.net 00:00:00.86]         /_/src/Moq/Interception/CastleProxyFactory.cs(62,0): at Moq.CastleProxyFactory.CreateProxy(Type mockType, IInterceptor interceptor, Type[] interfaces, Object[] arguments)
[xUnit.net 00:00:00.86]         /_/src/Moq/Mock`1.cs(309,0): at Moq.Mock`1.InitializeInstance()
[xUnit.net 00:00:00.87]         /_/src/Moq/Mock`1.cs(323,0): at Moq.Mock`1.OnGetObject()
[xUnit.net 00:00:00.87]         /_/src/Moq/Mock.cs(181,0): at Moq.Mock.get_Object()
[xUnit.net 00:00:00.87]         /_/src/Moq/Mock`1.cs(281,0): at Moq.Mock`1.get_Object()
[xUnit.net 00:00:00.87]         /mnt/d/git/aula/src/Aula.Tests/Bots/SlackMessageHandlerTests.cs(57,0): at Aula.Tests.Bots.SlackMessageHandlerTests..ctor()
[xUnit.net 00:00:00.87]            at System.RuntimeType.CreateInstanceDefaultCtor(Boolean publicOnly, Boolean wrapExceptions)
[xUnit.net 00:00:00.87]         ----- Inner Stack Trace -----
[xUnit.net 00:00:00.87]            at System.RuntimeType.CreateInstanceImpl(BindingFlags bindingAttr, Binder binder, Object[] args, CultureInfo culture)
[xUnit.net 00:00:00.87]            at Castle.DynamicProxy.ProxyGenerator.CreateClassProxyInstance(Type proxyType, List`1 proxyArguments, Type classToProxy, Object[] constructorArguments)
[xUnit.net 00:00:00.87]       System.ArgumentException : Can not instantiate proxy of class: Aula.Utilities.ConversationContextManager`1[[System.Int64, System.Private.CoreLib, Version=9.0.0.0, Culture=neutral, PublicKeyToken=7cec85d7bea7798e]].
[xUnit.net 00:00:00.87]       Could not find a parameterless constructor. (Parameter 'constructorArguments')
[xUnit.net 00:00:00.87]       ---- System.MissingMethodException : Constructor on type 'Castle.Proxies.ConversationContextManager`1Proxy' not found.
[xUnit.net 00:00:00.87]       Stack Trace:
[xUnit.net 00:00:00.87]            at Castle.DynamicProxy.ProxyGenerator.CreateClassProxyInstance(Type proxyType, List`1 proxyArguments, Type classToProxy, Object[] constructorArguments)
[xUnit.net 00:00:00.87]            at Castle.DynamicProxy.ProxyGenerator.CreateClassProxy(Type classToProxy, Type[] additionalInterfacesToProxy, ProxyGenerationOptions options, Object[] constructorArguments, IInterceptor[] interceptors)
[xUnit.net 00:00:00.87]         /_/src/Moq/Interception/CastleProxyFactory.cs(62,0): at Moq.CastleProxyFactory.CreateProxy(Type mockType, IInterceptor interceptor, Type[] interfaces, Object[] arguments)
[xUnit.net 00:00:00.87]         /_/src/Moq/Mock`1.cs(309,0): at Moq.Mock`1.InitializeInstance()
[xUnit.net 00:00:00.87]         /_/src/Moq/Mock`1.cs(323,0): at Moq.Mock`1.OnGetObject()
[xUnit.net 00:00:00.87]         /_/src/Moq/Mock.cs(181,0): at Moq.Mock.get_Object()
[xUnit.net 00:00:00.87]         /_/src/Moq/Mock`1.cs(281,0): at Moq.Mock`1.get_Object()
[xUnit.net 00:00:00.87]         /mnt/d/git/aula/src/Aula.Tests/Bots/TelegramMessageHandlerTests.cs(63,0): at Aula.Tests.Bots.TelegramMessageHandlerTests..ctor()
[xUnit.net 00:00:00.87]            at System.RuntimeType.CreateInstanceDefaultCtor(Boolean publicOnly, Boolean wrapExceptions)
[xUnit.net 00:00:00.87]         ----- Inner Stack Trace -----
[xUnit.net 00:00:00.87]            at System.RuntimeType.CreateInstanceImpl(BindingFlags bindingAttr, Binder binder, Object[] args, CultureInfo culture)
[xUnit.net 00:00:00.87]            at Castle.DynamicProxy.ProxyGenerator.CreateClassProxyInstance(Type proxyType, List`1 proxyArguments, Type classToProxy, Object[] constructorArguments)
[xUnit.net 00:00:00.87]       System.ArgumentException : Can not instantiate proxy of class: Aula.Tools.ReminderCommandHandler.
[xUnit.net 00:00:00.87]       Could not find a parameterless constructor. (Parameter 'constructorArguments')
[xUnit.net 00:00:00.87]       ---- System.MissingMethodException : Constructor on type 'Castle.Proxies.ReminderCommandHandlerProxy' not found.
[xUnit.net 00:00:00.87]       Stack Trace:
[xUnit.net 00:00:00.87]            at Castle.DynamicProxy.ProxyGenerator.CreateClassProxyInstance(Type proxyType, List`1 proxyArguments, Type classToProxy, Object[] constructorArguments)
[xUnit.net 00:00:00.87]            at Castle.DynamicProxy.ProxyGenerator.CreateClassProxy(Type classToProxy, Type[] additionalInterfacesToProxy, ProxyGenerationOptions options, Object[] constructorArguments, IInterceptor[] interceptors)
[xUnit.net 00:00:00.87]         /_/src/Moq/Interception/CastleProxyFactory.cs(62,0): at Moq.CastleProxyFactory.CreateProxy(Type mockType, IInterceptor interceptor, Type[] interfaces, Object[] arguments)
[xUnit.net 00:00:00.88]         /_/src/Moq/Mock`1.cs(309,0): at Moq.Mock`1.InitializeInstance()
[xUnit.net 00:00:00.88]         /_/src/Moq/Mock`1.cs(323,0): at Moq.Mock`1.OnGetObject()
[xUnit.net 00:00:00.88]         /_/src/Moq/Mock.cs(181,0): at Moq.Mock.get_Object()
[xUnit.net 00:00:00.88]         /_/src/Moq/Mock`1.cs(281,0): at Moq.Mock`1.get_Object()
[xUnit.net 00:00:00.88]         /mnt/d/git/aula/src/Aula.Tests/Bots/SlackMessageHandlerTests.cs(57,0): at Aula.Tests.Bots.SlackMessageHandlerTests..ctor()
[xUnit.net 00:00:00.88]            at System.RuntimeType.CreateInstanceDefaultCtor(Boolean publicOnly, Boolean wrapExceptions)
[xUnit.net 00:00:00.88]         ----- Inner Stack Trace -----
[xUnit.net 00:00:00.88]            at System.RuntimeType.CreateInstanceImpl(BindingFlags bindingAttr, Binder binder, Object[] args, CultureInfo culture)
[xUnit.net 00:00:00.88]            at Castle.DynamicProxy.ProxyGenerator.CreateClassProxyInstance(Type proxyType, List`1 proxyArguments, Type classToProxy, Object[] constructorArguments)
[xUnit.net 00:00:00.88]       System.ArgumentException : Can not instantiate proxy of class: Aula.Tools.ReminderCommandHandler.
[xUnit.net 00:00:00.88]       Could not find a parameterless constructor. (Parameter 'constructorArguments')
[xUnit.net 00:00:00.88]       ---- System.MissingMethodException : Constructor on type 'Castle.Proxies.ReminderCommandHandlerProxy' not found.
[xUnit.net 00:00:00.88]       Stack Trace:
[xUnit.net 00:00:00.88]            at Castle.DynamicProxy.ProxyGenerator.CreateClassProxyInstance(Type proxyType, List`1 proxyArguments, Type classToProxy, Object[] constructorArguments)
[xUnit.net 00:00:00.88]            at Castle.DynamicProxy.ProxyGenerator.CreateClassProxy(Type classToProxy, Type[] additionalInterfacesToProxy, ProxyGenerationOptions options, Object[] constructorArguments, IInterceptor[] interceptors)
[xUnit.net 00:00:00.88]         /_/src/Moq/Interception/CastleProxyFactory.cs(62,0): at Moq.CastleProxyFactory.CreateProxy(Type mockType, IInterceptor interceptor, Type[] interfaces, Object[] arguments)
[xUnit.net 00:00:00.88]         /_/src/Moq/Mock`1.cs(309,0): at Moq.Mock`1.InitializeInstance()
[xUnit.net 00:00:00.88]         /_/src/Moq/Mock`1.cs(323,0): at Moq.Mock`1.OnGetObject()
[xUnit.net 00:00:00.88]         /_/src/Moq/Mock.cs(181,0): at Moq.Mock.get_Object()
[xUnit.net 00:00:00.88]         /_/src/Moq/Mock`1.cs(281,0): at Moq.Mock`1.get_Object()
[xUnit.net 00:00:00.88]         /mnt/d/git/aula/src/Aula.Tests/Bots/SlackMessageHandlerTests.cs(57,0): at Aula.Tests.Bots.SlackMessageHandlerTests..ctor()
[xUnit.net 00:00:00.88]            at System.RuntimeType.CreateInstanceDefaultCtor(Boolean publicOnly, Boolean wrapExceptions)
[xUnit.net 00:00:00.89]         ----- Inner Stack Trace -----
[xUnit.net 00:00:00.89]            at System.RuntimeType.CreateInstanceImpl(BindingFlags bindingAttr, Binder binder, Object[] args, CultureInfo culture)
[xUnit.net 00:00:00.89]            at Castle.DynamicProxy.ProxyGenerator.CreateClassProxyInstance(Type proxyType, List`1 proxyArguments, Type classToProxy, Object[] constructorArguments)
[xUnit.net 00:00:00.89]       System.ArgumentException : Can not instantiate proxy of class: Aula.Tools.ReminderCommandHandler.
[xUnit.net 00:00:00.89]       Could not find a parameterless constructor. (Parameter 'constructorArguments')
[xUnit.net 00:00:00.89]       ---- System.MissingMethodException : Constructor on type 'Castle.Proxies.ReminderCommandHandlerProxy' not found.
[xUnit.net 00:00:00.89]       Stack Trace:
[xUnit.net 00:00:00.89]            at Castle.DynamicProxy.ProxyGenerator.CreateClassProxyInstance(Type proxyType, List`1 proxyArguments, Type classToProxy, Object[] constructorArguments)
[xUnit.net 00:00:00.89]            at Castle.DynamicProxy.ProxyGenerator.CreateClassProxy(Type classToProxy, Type[] additionalInterfacesToProxy, ProxyGenerationOptions options, Object[] constructorArguments, IInterceptor[] interceptors)
[xUnit.net 00:00:00.89]         /_/src/Moq/Interception/CastleProxyFactory.cs(62,0): at Moq.CastleProxyFactory.CreateProxy(Type mockType, IInterceptor interceptor, Type[] interfaces, Object[] arguments)
[xUnit.net 00:00:00.89]         /_/src/Moq/Mock`1.cs(309,0): at Moq.Mock`1.InitializeInstance()
[xUnit.net 00:00:00.89]         /_/src/Moq/Mock`1.cs(323,0): at Moq.Mock`1.OnGetObject()
[xUnit.net 00:00:00.89]         /_/src/Moq/Mock.cs(181,0): at Moq.Mock.get_Object()
[xUnit.net 00:00:00.89]         /_/src/Moq/Mock`1.cs(281,0): at Moq.Mock`1.get_Object()
[xUnit.net 00:00:00.89]         /mnt/d/git/aula/src/Aula.Tests/Bots/SlackMessageHandlerTests.cs(57,0): at Aula.Tests.Bots.SlackMessageHandlerTests..ctor()
[xUnit.net 00:00:00.89]            at System.RuntimeType.CreateInstanceDefaultCtor(Boolean publicOnly, Boolean wrapExceptions)
[xUnit.net 00:00:00.89]         ----- Inner Stack Trace -----
[xUnit.net 00:00:00.89]            at System.RuntimeType.CreateInstanceImpl(BindingFlags bindingAttr, Binder binder, Object[] args, CultureInfo culture)
[xUnit.net 00:00:00.89]            at Castle.DynamicProxy.ProxyGenerator.CreateClassProxyInstance(Type proxyType, List`1 proxyArguments, Type classToProxy, Object[] constructorArguments)
[xUnit.net 00:00:00.89]       System.ArgumentException : Can not instantiate proxy of class: Aula.Tools.ReminderCommandHandler.
[xUnit.net 00:00:00.89]       Could not find a parameterless constructor. (Parameter 'constructorArguments')
[xUnit.net 00:00:00.89]       ---- System.MissingMethodException : Constructor on type 'Castle.Proxies.ReminderCommandHandlerProxy' not found.
[xUnit.net 00:00:00.89]       Stack Trace:
[xUnit.net 00:00:00.89]            at Castle.DynamicProxy.ProxyGenerator.CreateClassProxyInstance(Type proxyType, List`1 proxyArguments, Type classToProxy, Object[] constructorArguments)
[xUnit.net 00:00:00.89]            at Castle.DynamicProxy.ProxyGenerator.CreateClassProxy(Type classToProxy, Type[] additionalInterfacesToProxy, ProxyGenerationOptions options, Object[] constructorArguments, IInterceptor[] interceptors)
[xUnit.net 00:00:00.89]         /_/src/Moq/Interception/CastleProxyFactory.cs(62,0): at Moq.CastleProxyFactory.CreateProxy(Type mockType, IInterceptor interceptor, Type[] interfaces, Object[] arguments)
[xUnit.net 00:00:00.89]         /_/src/Moq/Mock`1.cs(309,0): at Moq.Mock`1.InitializeInstance()
[xUnit.net 00:00:00.89]         /_/src/Moq/Mock`1.cs(323,0): at Moq.Mock`1.OnGetObject()
[xUnit.net 00:00:00.89]         /_/src/Moq/Mock.cs(181,0): at Moq.Mock.get_Object()
[xUnit.net 00:00:00.89]         /_/src/Moq/Mock`1.cs(281,0): at Moq.Mock`1.get_Object()
[xUnit.net 00:00:00.89]         /mnt/d/git/aula/src/Aula.Tests/Bots/SlackMessageHandlerTests.cs(57,0): at Aula.Tests.Bots.SlackMessageHandlerTests..ctor()
[xUnit.net 00:00:00.89]            at System.RuntimeType.CreateInstanceDefaultCtor(Boolean publicOnly, Boolean wrapExceptions)
[xUnit.net 00:00:00.89]         ----- Inner Stack Trace -----
[xUnit.net 00:00:00.89]            at System.RuntimeType.CreateInstanceImpl(BindingFlags bindingAttr, Binder binder, Object[] args, CultureInfo culture)
[xUnit.net 00:00:00.89]            at Castle.DynamicProxy.ProxyGenerator.CreateClassProxyInstance(Type proxyType, List`1 proxyArguments, Type classToProxy, Object[] constructorArguments)
[xUnit.net 00:00:00.89]       System.ArgumentException : Can not instantiate proxy of class: Aula.Utilities.ConversationContextManager`1[[System.Int64, System.Private.CoreLib, Version=9.0.0.0, Culture=neutral, PublicKeyToken=7cec85d7bea7798e]].
[xUnit.net 00:00:00.89]       Could not find a parameterless constructor. (Parameter 'constructorArguments')
[xUnit.net 00:00:00.89]       ---- System.MissingMethodException : Constructor on type 'Castle.Proxies.ConversationContextManager`1Proxy' not found.
[xUnit.net 00:00:00.89]       Stack Trace:
[xUnit.net 00:00:00.89]            at Castle.DynamicProxy.ProxyGenerator.CreateClassProxyInstance(Type proxyType, List`1 proxyArguments, Type classToProxy, Object[] constructorArguments)
[xUnit.net 00:00:00.89]            at Castle.DynamicProxy.ProxyGenerator.CreateClassProxy(Type classToProxy, Type[] additionalInterfacesToProxy, ProxyGenerationOptions options, Object[] constructorArguments, IInterceptor[] interceptors)
[xUnit.net 00:00:00.89]         /_/src/Moq/Interception/CastleProxyFactory.cs(62,0): at Moq.CastleProxyFactory.CreateProxy(Type mockType, IInterceptor interceptor, Type[] interfaces, Object[] arguments)
[xUnit.net 00:00:00.89]         /_/src/Moq/Mock`1.cs(309,0): at Moq.Mock`1.InitializeInstance()
[xUnit.net 00:00:00.89]         /_/src/Moq/Mock`1.cs(323,0): at Moq.Mock`1.OnGetObject()
[xUnit.net 00:00:00.89]         /_/src/Moq/Mock.cs(181,0): at Moq.Mock.get_Object()
[xUnit.net 00:00:00.89]         /_/src/Moq/Mock`1.cs(281,0): at Moq.Mock`1.get_Object()
[xUnit.net 00:00:00.89]         /mnt/d/git/aula/src/Aula.Tests/Bots/TelegramMessageHandlerTests.cs(63,0): at Aula.Tests.Bots.TelegramMessageHandlerTests..ctor()
[xUnit.net 00:00:00.89]            at System.RuntimeType.CreateInstanceDefaultCtor(Boolean publicOnly, Boolean wrapExceptions)
[xUnit.net 00:00:00.89]         ----- Inner Stack Trace -----
[xUnit.net 00:00:00.89]            at System.RuntimeType.CreateInstanceImpl(BindingFlags bindingAttr, Binder binder, Object[] args, CultureInfo culture)
[xUnit.net 00:00:00.89]            at Castle.DynamicProxy.ProxyGenerator.CreateClassProxyInstance(Type proxyType, List`1 proxyArguments, Type classToProxy, Object[] constructorArguments)
[xUnit.net 00:00:00.90]       System.ArgumentException : Can not instantiate proxy of class: Aula.Tools.ReminderCommandHandler.
[xUnit.net 00:00:00.90]       Could not find a parameterless constructor. (Parameter 'constructorArguments')
[xUnit.net 00:00:00.90]       ---- System.MissingMethodException : Constructor on type 'Castle.Proxies.ReminderCommandHandlerProxy' not found.
[xUnit.net 00:00:00.90]       Stack Trace:
[xUnit.net 00:00:00.90]            at Castle.DynamicProxy.ProxyGenerator.CreateClassProxyInstance(Type proxyType, List`1 proxyArguments, Type classToProxy, Object[] constructorArguments)
[xUnit.net 00:00:00.90]            at Castle.DynamicProxy.ProxyGenerator.CreateClassProxy(Type classToProxy, Type[] additionalInterfacesToProxy, ProxyGenerationOptions options, Object[] constructorArguments, IInterceptor[] interceptors)
[xUnit.net 00:00:00.90]         /_/src/Moq/Interception/CastleProxyFactory.cs(62,0): at Moq.CastleProxyFactory.CreateProxy(Type mockType, IInterceptor interceptor, Type[] interfaces, Object[] arguments)
[xUnit.net 00:00:00.90]         /_/src/Moq/Mock`1.cs(309,0): at Moq.Mock`1.InitializeInstance()
[xUnit.net 00:00:00.90]         /_/src/Moq/Mock`1.cs(323,0): at Moq.Mock`1.OnGetObject()
[xUnit.net 00:00:00.90]         /_/src/Moq/Mock.cs(181,0): at Moq.Mock.get_Object()
[xUnit.net 00:00:00.91]         /_/src/Moq/Mock`1.cs(281,0): at Moq.Mock`1.get_Object()
[xUnit.net 00:00:00.91]         /mnt/d/git/aula/src/Aula.Tests/Bots/SlackMessageHandlerTests.cs(57,0): at Aula.Tests.Bots.SlackMessageHandlerTests..ctor()
[xUnit.net 00:00:00.91]            at System.RuntimeType.CreateInstanceDefaultCtor(Boolean publicOnly, Boolean wrapExceptions)
[xUnit.net 00:00:00.91]         ----- Inner Stack Trace -----
[xUnit.net 00:00:00.91]            at System.RuntimeType.CreateInstanceImpl(BindingFlags bindingAttr, Binder binder, Object[] args, CultureInfo culture)
[xUnit.net 00:00:00.91]            at Castle.DynamicProxy.ProxyGenerator.CreateClassProxyInstance(Type proxyType, List`1 proxyArguments, Type classToProxy, Object[] constructorArguments)
[xUnit.net 00:00:00.91]       System.ArgumentException : Can not instantiate proxy of class: Aula.Utilities.ConversationContextManager`1[[System.Int64, System.Private.CoreLib, Version=9.0.0.0, Culture=neutral, PublicKeyToken=7cec85d7bea7798e]].
[xUnit.net 00:00:00.91]       Could not find a parameterless constructor. (Parameter 'constructorArguments')
[xUnit.net 00:00:00.91]       ---- System.MissingMethodException : Constructor on type 'Castle.Proxies.ConversationContextManager`1Proxy' not found.
[xUnit.net 00:00:00.91]       Stack Trace:
[xUnit.net 00:00:00.91]            at Castle.DynamicProxy.ProxyGenerator.CreateClassProxyInstance(Type proxyType, List`1 proxyArguments, Type classToProxy, Object[] constructorArguments)
[xUnit.net 00:00:00.91]            at Castle.DynamicProxy.ProxyGenerator.CreateClassProxy(Type classToProxy, Type[] additionalInterfacesToProxy, ProxyGenerationOptions options, Object[] constructorArguments, IInterceptor[] interceptors)
[xUnit.net 00:00:00.91]         /_/src/Moq/Interception/CastleProxyFactory.cs(62,0): at Moq.CastleProxyFactory.CreateProxy(Type mockType, IInterceptor interceptor, Type[] interfaces, Object[] arguments)
[xUnit.net 00:00:00.91]         /_/src/Moq/Mock`1.cs(309,0): at Moq.Mock`1.InitializeInstance()
[xUnit.net 00:00:00.91]         /_/src/Moq/Mock`1.cs(323,0): at Moq.Mock`1.OnGetObject()
[xUnit.net 00:00:00.91]         /_/src/Moq/Mock.cs(181,0): at Moq.Mock.get_Object()
[xUnit.net 00:00:00.91]         /_/src/Moq/Mock`1.cs(281,0): at Moq.Mock`1.get_Object()
[xUnit.net 00:00:00.91]         /mnt/d/git/aula/src/Aula.Tests/Bots/TelegramMessageHandlerTests.cs(63,0): at Aula.Tests.Bots.TelegramMessageHandlerTests..ctor()
[xUnit.net 00:00:00.91]            at System.RuntimeType.CreateInstanceDefaultCtor(Boolean publicOnly, Boolean wrapExceptions)
[xUnit.net 00:00:00.91]         ----- Inner Stack Trace -----
[xUnit.net 00:00:00.91]            at System.RuntimeType.CreateInstanceImpl(BindingFlags bindingAttr, Binder binder, Object[] args, CultureInfo culture)
[xUnit.net 00:00:00.91]            at Castle.DynamicProxy.ProxyGenerator.CreateClassProxyInstance(Type proxyType, List`1 proxyArguments, Type classToProxy, Object[] constructorArguments)
[xUnit.net 00:00:00.92]       System.ArgumentException : Can not instantiate proxy of class: Aula.Tools.ReminderCommandHandler.
[xUnit.net 00:00:00.92]       Could not find a parameterless constructor. (Parameter 'constructorArguments')
[xUnit.net 00:00:00.92]       ---- System.MissingMethodException : Constructor on type 'Castle.Proxies.ReminderCommandHandlerProxy' not found.
[xUnit.net 00:00:00.92]       Stack Trace:
[xUnit.net 00:00:00.92]            at Castle.DynamicProxy.ProxyGenerator.CreateClassProxyInstance(Type proxyType, List`1 proxyArguments, Type classToProxy, Object[] constructorArguments)
[xUnit.net 00:00:00.92]            at Castle.DynamicProxy.ProxyGenerator.CreateClassProxy(Type classToProxy, Type[] additionalInterfacesToProxy, ProxyGenerationOptions options, Object[] constructorArguments, IInterceptor[] interceptors)
[xUnit.net 00:00:00.92]         /_/src/Moq/Interception/CastleProxyFactory.cs(62,0): at Moq.CastleProxyFactory.CreateProxy(Type mockType, IInterceptor interceptor, Type[] interfaces, Object[] arguments)
[xUnit.net 00:00:00.92]         /_/src/Moq/Mock`1.cs(309,0): at Moq.Mock`1.InitializeInstance()
[xUnit.net 00:00:00.92]         /_/src/Moq/Mock`1.cs(323,0): at Moq.Mock`1.OnGetObject()
[xUnit.net 00:00:00.92]         /_/src/Moq/Mock.cs(181,0): at Moq.Mock.get_Object()
[xUnit.net 00:00:00.92]         /_/src/Moq/Mock`1.cs(281,0): at Moq.Mock`1.get_Object()
[xUnit.net 00:00:00.92]         /mnt/d/git/aula/src/Aula.Tests/Bots/SlackMessageHandlerTests.cs(57,0): at Aula.Tests.Bots.SlackMessageHandlerTests..ctor()
[xUnit.net 00:00:00.92]            at System.RuntimeType.CreateInstanceDefaultCtor(Boolean publicOnly, Boolean wrapExceptions)
[xUnit.net 00:00:00.92]         ----- Inner Stack Trace -----
[xUnit.net 00:00:00.92]            at System.RuntimeType.CreateInstanceImpl(BindingFlags bindingAttr, Binder binder, Object[] args, CultureInfo culture)
[xUnit.net 00:00:00.92]            at Castle.DynamicProxy.ProxyGenerator.CreateClassProxyInstance(Type proxyType, List`1 proxyArguments, Type classToProxy, Object[] constructorArguments)
[xUnit.net 00:00:00.92]       System.ArgumentException : Can not instantiate proxy of class: Aula.Utilities.ConversationContextManager`1[[System.Int64, System.Private.CoreLib, Version=9.0.0.0, Culture=neutral, PublicKeyToken=7cec85d7bea7798e]].
[xUnit.net 00:00:00.92]       Could not find a parameterless constructor. (Parameter 'constructorArguments')
[xUnit.net 00:00:00.92]       ---- System.MissingMethodException : Constructor on type 'Castle.Proxies.ConversationContextManager`1Proxy' not found.
[xUnit.net 00:00:00.92]       Stack Trace:
[xUnit.net 00:00:00.92]            at Castle.DynamicProxy.ProxyGenerator.CreateClassProxyInstance(Type proxyType, List`1 proxyArguments, Type classToProxy, Object[] constructorArguments)
[xUnit.net 00:00:00.92]            at Castle.DynamicProxy.ProxyGenerator.CreateClassProxy(Type classToProxy, Type[] additionalInterfacesToProxy, ProxyGenerationOptions options, Object[] constructorArguments, IInterceptor[] interceptors)
[xUnit.net 00:00:00.92]         /_/src/Moq/Interception/CastleProxyFactory.cs(62,0): at Moq.CastleProxyFactory.CreateProxy(Type mockType, IInterceptor interceptor, Type[] interfaces, Object[] arguments)
[xUnit.net 00:00:00.92]         /_/src/Moq/Mock`1.cs(309,0): at Moq.Mock`1.InitializeInstance()
[xUnit.net 00:00:00.92]         /_/src/Moq/Mock`1.cs(323,0): at Moq.Mock`1.OnGetObject()
[xUnit.net 00:00:00.93]         /_/src/Moq/Mock.cs(181,0): at Moq.Mock.get_Object()
[xUnit.net 00:00:00.93]         /_/src/Moq/Mock`1.cs(281,0): at Moq.Mock`1.get_Object()
[xUnit.net 00:00:00.93]         /mnt/d/git/aula/src/Aula.Tests/Bots/TelegramMessageHandlerTests.cs(63,0): at Aula.Tests.Bots.TelegramMessageHandlerTests..ctor()
[xUnit.net 00:00:00.93]            at System.RuntimeType.CreateInstanceDefaultCtor(Boolean publicOnly, Boolean wrapExceptions)
[xUnit.net 00:00:00.93]         ----- Inner Stack Trace -----
[xUnit.net 00:00:00.93]            at System.RuntimeType.CreateInstanceImpl(BindingFlags bindingAttr, Binder binder, Object[] args, CultureInfo culture)
[xUnit.net 00:00:00.93]            at Castle.DynamicProxy.ProxyGenerator.CreateClassProxyInstance(Type proxyType, List`1 proxyArguments, Type classToProxy, Object[] constructorArguments)
[xUnit.net 00:00:00.93]       System.ArgumentException : Can not instantiate proxy of class: Aula.Tools.ReminderCommandHandler.
[xUnit.net 00:00:00.93]       Could not find a parameterless constructor. (Parameter 'constructorArguments')
[xUnit.net 00:00:00.93]       ---- System.MissingMethodException : Constructor on type 'Castle.Proxies.ReminderCommandHandlerProxy' not found.
[xUnit.net 00:00:00.93]       Stack Trace:
[xUnit.net 00:00:00.93]            at Castle.DynamicProxy.ProxyGenerator.CreateClassProxyInstance(Type proxyType, List`1 proxyArguments, Type classToProxy, Object[] constructorArguments)
[xUnit.net 00:00:00.93]            at Castle.DynamicProxy.ProxyGenerator.CreateClassProxy(Type classToProxy, Type[] additionalInterfacesToProxy, ProxyGenerationOptions options, Object[] constructorArguments, IInterceptor[] interceptors)
[xUnit.net 00:00:00.94]         /_/src/Moq/Interception/CastleProxyFactory.cs(62,0): at Moq.CastleProxyFactory.CreateProxy(Type mockType, IInterceptor interceptor, Type[] interfaces, Object[] arguments)
[xUnit.net 00:00:00.94]         /_/src/Moq/Mock`1.cs(309,0): at Moq.Mock`1.InitializeInstance()
[xUnit.net 00:00:00.95]         /_/src/Moq/Mock`1.cs(323,0): at Moq.Mock`1.OnGetObject()
[xUnit.net 00:00:00.95]         /_/src/Moq/Mock.cs(181,0): at Moq.Mock.get_Object()
[xUnit.net 00:00:00.95]         /_/src/Moq/Mock`1.cs(281,0): at Moq.Mock`1.get_Object()
[xUnit.net 00:00:00.95]         /mnt/d/git/aula/src/Aula.Tests/Bots/SlackMessageHandlerTests.cs(57,0): at Aula.Tests.Bots.SlackMessageHandlerTests..ctor()
[xUnit.net 00:00:00.95]            at System.RuntimeType.CreateInstanceDefaultCtor(Boolean publicOnly, Boolean wrapExceptions)
[xUnit.net 00:00:00.95]         ----- Inner Stack Trace -----
[xUnit.net 00:00:00.95]            at System.RuntimeType.CreateInstanceImpl(BindingFlags bindingAttr, Binder binder, Object[] args, CultureInfo culture)
[xUnit.net 00:00:00.95]            at Castle.DynamicProxy.ProxyGenerator.CreateClassProxyInstance(Type proxyType, List`1 proxyArguments, Type classToProxy, Object[] constructorArguments)
[xUnit.net 00:00:00.95]       System.ArgumentException : Can not instantiate proxy of class: Aula.Utilities.ConversationContextManager`1[[System.Int64, System.Private.CoreLib, Version=9.0.0.0, Culture=neutral, PublicKeyToken=7cec85d7bea7798e]].
[xUnit.net 00:00:00.95]       Could not find a parameterless constructor. (Parameter 'constructorArguments')
[xUnit.net 00:00:00.95]       ---- System.MissingMethodException : Constructor on type 'Castle.Proxies.ConversationContextManager`1Proxy' not found.
[xUnit.net 00:00:00.95]       Stack Trace:
[xUnit.net 00:00:00.95]            at Castle.DynamicProxy.ProxyGenerator.CreateClassProxyInstance(Type proxyType, List`1 proxyArguments, Type classToProxy, Object[] constructorArguments)
[xUnit.net 00:00:00.95]            at Castle.DynamicProxy.ProxyGenerator.CreateClassProxy(Type classToProxy, Type[] additionalInterfacesToProxy, ProxyGenerationOptions options, Object[] constructorArguments, IInterceptor[] interceptors)
[xUnit.net 00:00:00.95]         /_/src/Moq/Interception/CastleProxyFactory.cs(62,0): at Moq.CastleProxyFactory.CreateProxy(Type mockType, IInterceptor interceptor, Type[] interfaces, Object[] arguments)
[xUnit.net 00:00:00.95]         /_/src/Moq/Mock`1.cs(309,0): at Moq.Mock`1.InitializeInstance()
[xUnit.net 00:00:00.95]         /_/src/Moq/Mock`1.cs(323,0): at Moq.Mock`1.OnGetObject()
[xUnit.net 00:00:00.95]         /_/src/Moq/Mock.cs(181,0): at Moq.Mock.get_Object()
[xUnit.net 00:00:00.95]         /_/src/Moq/Mock`1.cs(281,0): at Moq.Mock`1.get_Object()
[xUnit.net 00:00:00.95]         /mnt/d/git/aula/src/Aula.Tests/Bots/TelegramMessageHandlerTests.cs(63,0): at Aula.Tests.Bots.TelegramMessageHandlerTests..ctor()
[xUnit.net 00:00:00.95]            at System.RuntimeType.CreateInstanceDefaultCtor(Boolean publicOnly, Boolean wrapExceptions)
[xUnit.net 00:00:00.95]         ----- Inner Stack Trace -----
[xUnit.net 00:00:00.95]            at System.RuntimeType.CreateInstanceImpl(BindingFlags bindingAttr, Binder binder, Object[] args, CultureInfo culture)
[xUnit.net 00:00:00.95]            at Castle.DynamicProxy.ProxyGenerator.CreateClassProxyInstance(Type proxyType, List`1 proxyArguments, Type classToProxy, Object[] constructorArguments)
[xUnit.net 00:00:00.96]       System.ArgumentException : Can not instantiate proxy of class: Aula.Tools.ReminderCommandHandler.
[xUnit.net 00:00:00.96]       Could not find a parameterless constructor. (Parameter 'constructorArguments')
[xUnit.net 00:00:00.96]       ---- System.MissingMethodException : Constructor on type 'Castle.Proxies.ReminderCommandHandlerProxy' not found.
[xUnit.net 00:00:00.96]       Stack Trace:
[xUnit.net 00:00:00.96]            at Castle.DynamicProxy.ProxyGenerator.CreateClassProxyInstance(Type proxyType, List`1 proxyArguments, Type classToProxy, Object[] constructorArguments)
[xUnit.net 00:00:00.96]            at Castle.DynamicProxy.ProxyGenerator.CreateClassProxy(Type classToProxy, Type[] additionalInterfacesToProxy, ProxyGenerationOptions options, Object[] constructorArguments, IInterceptor[] interceptors)
[xUnit.net 00:00:00.96]         /_/src/Moq/Interception/CastleProxyFactory.cs(62,0): at Moq.CastleProxyFactory.CreateProxy(Type mockType, IInterceptor interceptor, Type[] interfaces, Object[] arguments)
[xUnit.net 00:00:00.96]         /_/src/Moq/Mock`1.cs(309,0): at Moq.Mock`1.InitializeInstance()
[xUnit.net 00:00:00.96]         /_/src/Moq/Mock`1.cs(323,0): at Moq.Mock`1.OnGetObject()
[xUnit.net 00:00:00.96]         /_/src/Moq/Mock.cs(181,0): at Moq.Mock.get_Object()
[xUnit.net 00:00:00.96]         /_/src/Moq/Mock`1.cs(281,0): at Moq.Mock`1.get_Object()
[xUnit.net 00:00:00.96]         /mnt/d/git/aula/src/Aula.Tests/Bots/SlackMessageHandlerTests.cs(57,0): at Aula.Tests.Bots.SlackMessageHandlerTests..ctor()
[xUnit.net 00:00:00.96]            at System.RuntimeType.CreateInstanceDefaultCtor(Boolean publicOnly, Boolean wrapExceptions)
[xUnit.net 00:00:00.96]         ----- Inner Stack Trace -----
[xUnit.net 00:00:00.96]            at System.RuntimeType.CreateInstanceImpl(BindingFlags bindingAttr, Binder binder, Object[] args, CultureInfo culture)
[xUnit.net 00:00:00.96]            at Castle.DynamicProxy.ProxyGenerator.CreateClassProxyInstance(Type proxyType, List`1 proxyArguments, Type classToProxy, Object[] constructorArguments)
[xUnit.net 00:00:00.96]       System.ArgumentException : Can not instantiate proxy of class: Aula.Utilities.ConversationContextManager`1[[System.Int64, System.Private.CoreLib, Version=9.0.0.0, Culture=neutral, PublicKeyToken=7cec85d7bea7798e]].
[xUnit.net 00:00:00.96]       Could not find a parameterless constructor. (Parameter 'constructorArguments')
[xUnit.net 00:00:00.96]       ---- System.MissingMethodException : Constructor on type 'Castle.Proxies.ConversationContextManager`1Proxy' not found.
[xUnit.net 00:00:00.96]       Stack Trace:
[xUnit.net 00:00:00.96]            at Castle.DynamicProxy.ProxyGenerator.CreateClassProxyInstance(Type proxyType, List`1 proxyArguments, Type classToProxy, Object[] constructorArguments)
[xUnit.net 00:00:00.96]            at Castle.DynamicProxy.ProxyGenerator.CreateClassProxy(Type classToProxy, Type[] additionalInterfacesToProxy, ProxyGenerationOptions options, Object[] constructorArguments, IInterceptor[] interceptors)
[xUnit.net 00:00:00.96]         /_/src/Moq/Interception/CastleProxyFactory.cs(62,0): at Moq.CastleProxyFactory.CreateProxy(Type mockType, IInterceptor interceptor, Type[] interfaces, Object[] arguments)
[xUnit.net 00:00:00.96]         /_/src/Moq/Mock`1.cs(309,0): at Moq.Mock`1.InitializeInstance()
[xUnit.net 00:00:00.96]         /_/src/Moq/Mock`1.cs(323,0): at Moq.Mock`1.OnGetObject()
[xUnit.net 00:00:00.96]         /_/src/Moq/Mock.cs(181,0): at Moq.Mock.get_Object()
[xUnit.net 00:00:00.96]         /_/src/Moq/Mock`1.cs(281,0): at Moq.Mock`1.get_Object()
[xUnit.net 00:00:00.96]         /mnt/d/git/aula/src/Aula.Tests/Bots/TelegramMessageHandlerTests.cs(63,0): at Aula.Tests.Bots.TelegramMessageHandlerTests..ctor()
[xUnit.net 00:00:00.96]            at System.RuntimeType.CreateInstanceDefaultCtor(Boolean publicOnly, Boolean wrapExceptions)
[xUnit.net 00:00:00.96]         ----- Inner Stack Trace -----
[xUnit.net 00:00:00.96]            at System.RuntimeType.CreateInstanceImpl(BindingFlags bindingAttr, Binder binder, Object[] args, CultureInfo culture)
[xUnit.net 00:00:00.96]            at Castle.DynamicProxy.ProxyGenerator.CreateClassProxyInstance(Type proxyType, List`1 proxyArguments, Type classToProxy, Object[] constructorArguments)
[xUnit.net 00:00:00.96]       System.ArgumentException : Can not instantiate proxy of class: Aula.Utilities.ConversationContextManager`1[[System.Int64, System.Private.CoreLib, Version=9.0.0.0, Culture=neutral, PublicKeyToken=7cec85d7bea7798e]].
[xUnit.net 00:00:00.96]       Could not find a parameterless constructor. (Parameter 'constructorArguments')
[xUnit.net 00:00:00.96]       ---- System.MissingMethodException : Constructor on type 'Castle.Proxies.ConversationContextManager`1Proxy' not found.
[xUnit.net 00:00:00.96]       Stack Trace:
[xUnit.net 00:00:00.96]            at Castle.DynamicProxy.ProxyGenerator.CreateClassProxyInstance(Type proxyType, List`1 proxyArguments, Type classToProxy, Object[] constructorArguments)
[xUnit.net 00:00:00.96]            at Castle.DynamicProxy.ProxyGenerator.CreateClassProxy(Type classToProxy, Type[] additionalInterfacesToProxy, ProxyGenerationOptions options, Object[] constructorArguments, IInterceptor[] interceptors)
[xUnit.net 00:00:00.96]         /_/src/Moq/Interception/CastleProxyFactory.cs(62,0): at Moq.CastleProxyFactory.CreateProxy(Type mockType, IInterceptor interceptor, Type[] interfaces, Object[] arguments)
[xUnit.net 00:00:00.96]         /_/src/Moq/Mock`1.cs(309,0): at Moq.Mock`1.InitializeInstance()
[xUnit.net 00:00:00.96]         /_/src/Moq/Mock`1.cs(323,0): at Moq.Mock`1.OnGetObject()
[xUnit.net 00:00:00.96]         /_/src/Moq/Mock.cs(181,0): at Moq.Mock.get_Object()
[xUnit.net 00:00:00.96]         /_/src/Moq/Mock`1.cs(281,0): at Moq.Mock`1.get_Object()
[xUnit.net 00:00:00.96]         /mnt/d/git/aula/src/Aula.Tests/Bots/TelegramMessageHandlerTests.cs(63,0): at Aula.Tests.Bots.TelegramMessageHandlerTests..ctor()
[xUnit.net 00:00:00.97]            at System.RuntimeType.CreateInstanceDefaultCtor(Boolean publicOnly, Boolean wrapExceptions)
[xUnit.net 00:00:00.97]         ----- Inner Stack Trace -----
[xUnit.net 00:00:00.97]            at System.RuntimeType.CreateInstanceImpl(BindingFlags bindingAttr, Binder binder, Object[] args, CultureInfo culture)
[xUnit.net 00:00:00.97]            at Castle.DynamicProxy.ProxyGenerator.CreateClassProxyInstance(Type proxyType, List`1 proxyArguments, Type classToProxy, Object[] constructorArguments)
[xUnit.net 00:00:00.97]       System.ArgumentException : Can not instantiate proxy of class: Aula.Tools.ReminderCommandHandler.
[xUnit.net 00:00:00.97]       Could not find a parameterless constructor. (Parameter 'constructorArguments')
[xUnit.net 00:00:00.97]       ---- System.MissingMethodException : Constructor on type 'Castle.Proxies.ReminderCommandHandlerProxy' not found.
[xUnit.net 00:00:00.97]       Stack Trace:
[xUnit.net 00:00:00.97]            at Castle.DynamicProxy.ProxyGenerator.CreateClassProxyInstance(Type proxyType, List`1 proxyArguments, Type classToProxy, Object[] constructorArguments)
[xUnit.net 00:00:00.97]            at Castle.DynamicProxy.ProxyGenerator.CreateClassProxy(Type classToProxy, Type[] additionalInterfacesToProxy, ProxyGenerationOptions options, Object[] constructorArguments, IInterceptor[] interceptors)
[xUnit.net 00:00:00.97]         /_/src/Moq/Interception/CastleProxyFactory.cs(62,0): at Moq.CastleProxyFactory.CreateProxy(Type mockType, IInterceptor interceptor, Type[] interfaces, Object[] arguments)
[xUnit.net 00:00:00.97]         /_/src/Moq/Mock`1.cs(309,0): at Moq.Mock`1.InitializeInstance()
[xUnit.net 00:00:00.97]         /_/src/Moq/Mock`1.cs(323,0): at Moq.Mock`1.OnGetObject()
[xUnit.net 00:00:00.97]         /_/src/Moq/Mock.cs(181,0): at Moq.Mock.get_Object()
[xUnit.net 00:00:00.97]         /_/src/Moq/Mock`1.cs(281,0): at Moq.Mock`1.get_Object()
[xUnit.net 00:00:00.97]         /mnt/d/git/aula/src/Aula.Tests/Bots/SlackMessageHandlerTests.cs(57,0): at Aula.Tests.Bots.SlackMessageHandlerTests..ctor()
[xUnit.net 00:00:00.97]            at System.RuntimeType.CreateInstanceDefaultCtor(Boolean publicOnly, Boolean wrapExceptions)
[xUnit.net 00:00:00.97]         ----- Inner Stack Trace -----
[xUnit.net 00:00:00.97]            at System.RuntimeType.CreateInstanceImpl(BindingFlags bindingAttr, Binder binder, Object[] args, CultureInfo culture)
[xUnit.net 00:00:00.97]            at Castle.DynamicProxy.ProxyGenerator.CreateClassProxyInstance(Type proxyType, List`1 proxyArguments, Type classToProxy, Object[] constructorArguments)
[xUnit.net 00:00:00.97]       System.ArgumentException : Can not instantiate proxy of class: Aula.Utilities.ConversationContextManager`1[[System.Int64, System.Private.CoreLib, Version=9.0.0.0, Culture=neutral, PublicKeyToken=7cec85d7bea7798e]].
[xUnit.net 00:00:00.97]       Could not find a parameterless constructor. (Parameter 'constructorArguments')
[xUnit.net 00:00:01.01]       ---- System.MissingMethodException : Constructor on type 'Castle.Proxies.ConversationContextManager`1Proxy' not found.
[xUnit.net 00:00:01.01]       Stack Trace:
[xUnit.net 00:00:01.01]            at Castle.DynamicProxy.ProxyGenerator.CreateClassProxyInstance(Type proxyType, List`1 proxyArguments, Type classToProxy, Object[] constructorArguments)
[xUnit.net 00:00:01.01]            at Castle.DynamicProxy.ProxyGenerator.CreateClassProxy(Type classToProxy, Type[] additionalInterfacesToProxy, ProxyGenerationOptions options, Object[] constructorArguments, IInterceptor[] interceptors)
[xUnit.net 00:00:01.01]         /_/src/Moq/Interception/CastleProxyFactory.cs(62,0): at Moq.CastleProxyFactory.CreateProxy(Type mockType, IInterceptor interceptor, Type[] interfaces, Object[] arguments)
[xUnit.net 00:00:01.01]         /_/src/Moq/Mock`1.cs(309,0): at Moq.Mock`1.InitializeInstance()
[xUnit.net 00:00:01.01]         /_/src/Moq/Mock`1.cs(323,0): at Moq.Mock`1.OnGetObject()
[xUnit.net 00:00:01.01]         /_/src/Moq/Mock.cs(181,0): at Moq.Mock.get_Object()
[xUnit.net 00:00:01.01]         /_/src/Moq/Mock`1.cs(281,0): at Moq.Mock`1.get_Object()
[xUnit.net 00:00:01.01]         /mnt/d/git/aula/src/Aula.Tests/Bots/TelegramMessageHandlerTests.cs(63,0): at Aula.Tests.Bots.TelegramMessageHandlerTests..ctor()
[xUnit.net 00:00:01.01]            at System.RuntimeType.CreateInstanceDefaultCtor(Boolean publicOnly, Boolean wrapExceptions)
[xUnit.net 00:00:01.01]         ----- Inner Stack Trace -----
[xUnit.net 00:00:01.01]            at System.RuntimeType.CreateInstanceImpl(BindingFlags bindingAttr, Binder binder, Object[] args, CultureInfo culture)
[xUnit.net 00:00:01.01]            at Castle.DynamicProxy.ProxyGenerator.CreateClassProxyInstance(Type proxyType, List`1 proxyArguments, Type classToProxy, Object[] constructorArguments)
[xUnit.net 00:00:01.02]       System.ArgumentException : Can not instantiate proxy of class: Aula.Utilities.ConversationContextManager`1[[System.Int64, System.Private.CoreLib, Version=9.0.0.0, Culture=neutral, PublicKeyToken=7cec85d7bea7798e]].
[xUnit.net 00:00:01.02]       Could not find a parameterless constructor. (Parameter 'constructorArguments')
[xUnit.net 00:00:01.02]       ---- System.MissingMethodException : Constructor on type 'Castle.Proxies.ConversationContextManager`1Proxy' not found.
[xUnit.net 00:00:01.02]       Stack Trace:
[xUnit.net 00:00:01.02]            at Castle.DynamicProxy.ProxyGenerator.CreateClassProxyInstance(Type proxyType, List`1 proxyArguments, Type classToProxy, Object[] constructorArguments)
[xUnit.net 00:00:01.02]            at Castle.DynamicProxy.ProxyGenerator.CreateClassProxy(Type classToProxy, Type[] additionalInterfacesToProxy, ProxyGenerationOptions options, Object[] constructorArguments, IInterceptor[] interceptors)
[xUnit.net 00:00:01.02]         /_/src/Moq/Interception/CastleProxyFactory.cs(62,0): at Moq.CastleProxyFactory.CreateProxy(Type mockType, IInterceptor interceptor, Type[] interfaces, Object[] arguments)
[xUnit.net 00:00:01.02]         /_/src/Moq/Mock`1.cs(309,0): at Moq.Mock`1.InitializeInstance()
[xUnit.net 00:00:01.02]         /_/src/Moq/Mock`1.cs(323,0): at Moq.Mock`1.OnGetObject()
[xUnit.net 00:00:01.02]         /_/src/Moq/Mock.cs(181,0): at Moq.Mock.get_Object()
[xUnit.net 00:00:01.02]         /_/src/Moq/Mock`1.cs(281,0): at Moq.Mock`1.get_Object()
[xUnit.net 00:00:01.02]         /mnt/d/git/aula/src/Aula.Tests/Bots/TelegramMessageHandlerTests.cs(63,0): at Aula.Tests.Bots.TelegramMessageHandlerTests..ctor()
[xUnit.net 00:00:01.02]            at System.RuntimeType.CreateInstanceDefaultCtor(Boolean publicOnly, Boolean wrapExceptions)
[xUnit.net 00:00:01.02]         ----- Inner Stack Trace -----
[xUnit.net 00:00:01.02]            at System.RuntimeType.CreateInstanceImpl(BindingFlags bindingAttr, Binder binder, Object[] args, CultureInfo culture)
[xUnit.net 00:00:01.02]            at Castle.DynamicProxy.ProxyGenerator.CreateClassProxyInstance(Type proxyType, List`1 proxyArguments, Type classToProxy, Object[] constructorArguments)
[xUnit.net 00:00:01.02]       System.ArgumentException : Can not instantiate proxy of class: Aula.Utilities.ConversationContextManager`1[[System.Int64, System.Private.CoreLib, Version=9.0.0.0, Culture=neutral, PublicKeyToken=7cec85d7bea7798e]].
[xUnit.net 00:00:01.02]       Could not find a parameterless constructor. (Parameter 'constructorArguments')
[xUnit.net 00:00:01.02]       ---- System.MissingMethodException : Constructor on type 'Castle.Proxies.ConversationContextManager`1Proxy' not found.
[xUnit.net 00:00:01.02]       Stack Trace:
[xUnit.net 00:00:01.03]            at Castle.DynamicProxy.ProxyGenerator.CreateClassProxyInstance(Type proxyType, List`1 proxyArguments, Type classToProxy, Object[] constructorArguments)
[xUnit.net 00:00:01.03]            at Castle.DynamicProxy.ProxyGenerator.CreateClassProxy(Type classToProxy, Type[] additionalInterfacesToProxy, ProxyGenerationOptions options, Object[] constructorArguments, IInterceptor[] interceptors)
[xUnit.net 00:00:01.03]         /_/src/Moq/Interception/CastleProxyFactory.cs(62,0): at Moq.CastleProxyFactory.CreateProxy(Type mockType, IInterceptor interceptor, Type[] interfaces, Object[] arguments)
[xUnit.net 00:00:01.03]         /_/src/Moq/Mock`1.cs(309,0): at Moq.Mock`1.InitializeInstance()
[xUnit.net 00:00:01.03]         /_/src/Moq/Mock`1.cs(323,0): at Moq.Mock`1.OnGetObject()
[xUnit.net 00:00:01.03]         /_/src/Moq/Mock.cs(181,0): at Moq.Mock.get_Object()
[xUnit.net 00:00:01.03]         /_/src/Moq/Mock`1.cs(281,0): at Moq.Mock`1.get_Object()
[xUnit.net 00:00:01.03]         /mnt/d/git/aula/src/Aula.Tests/Bots/TelegramMessageHandlerTests.cs(63,0): at Aula.Tests.Bots.TelegramMessageHandlerTests..ctor()
[xUnit.net 00:00:01.03]            at System.RuntimeType.CreateInstanceDefaultCtor(Boolean publicOnly, Boolean wrapExceptions)
[xUnit.net 00:00:01.03]         ----- Inner Stack Trace -----
[xUnit.net 00:00:01.03]            at System.RuntimeType.CreateInstanceImpl(BindingFlags bindingAttr, Binder binder, Object[] args, CultureInfo culture)
[xUnit.net 00:00:01.03]            at Castle.DynamicProxy.ProxyGenerator.CreateClassProxyInstance(Type proxyType, List`1 proxyArguments, Type classToProxy, Object[] constructorArguments)
[xUnit.net 00:00:01.03]       System.ArgumentException : Can not instantiate proxy of class: Aula.Tools.ReminderCommandHandler.
[xUnit.net 00:00:01.03]       Could not find a parameterless constructor. (Parameter 'constructorArguments')
[xUnit.net 00:00:01.03]       ---- System.MissingMethodException : Constructor on type 'Castle.Proxies.ReminderCommandHandlerProxy' not found.
[xUnit.net 00:00:01.03]       Stack Trace:
[xUnit.net 00:00:01.03]            at Castle.DynamicProxy.ProxyGenerator.CreateClassProxyInstance(Type proxyType, List`1 proxyArguments, Type classToProxy, Object[] constructorArguments)
[xUnit.net 00:00:01.03]            at Castle.DynamicProxy.ProxyGenerator.CreateClassProxy(Type classToProxy, Type[] additionalInterfacesToProxy, ProxyGenerationOptions options, Object[] constructorArguments, IInterceptor[] interceptors)
[xUnit.net 00:00:01.03]         /_/src/Moq/Interception/CastleProxyFactory.cs(62,0): at Moq.CastleProxyFactory.CreateProxy(Type mockType, IInterceptor interceptor, Type[] interfaces, Object[] arguments)
[xUnit.net 00:00:01.03]         /_/src/Moq/Mock`1.cs(309,0): at Moq.Mock`1.InitializeInstance()
[xUnit.net 00:00:01.03]         /_/src/Moq/Mock`1.cs(323,0): at Moq.Mock`1.OnGetObject()
[xUnit.net 00:00:01.03]         /_/src/Moq/Mock.cs(181,0): at Moq.Mock.get_Object()
[xUnit.net 00:00:01.03]         /_/src/Moq/Mock`1.cs(281,0): at Moq.Mock`1.get_Object()
[xUnit.net 00:00:01.03]         /mnt/d/git/aula/src/Aula.Tests/Bots/SlackMessageHandlerTests.cs(57,0): at Aula.Tests.Bots.SlackMessageHandlerTests..ctor()
[xUnit.net 00:00:01.03]            at System.RuntimeType.CreateInstanceDefaultCtor(Boolean publicOnly, Boolean wrapExceptions)
[xUnit.net 00:00:01.03]         ----- Inner Stack Trace -----
[xUnit.net 00:00:01.03]            at System.RuntimeType.CreateInstanceImpl(BindingFlags bindingAttr, Binder binder, Object[] args, CultureInfo culture)
[xUnit.net 00:00:01.03]            at Castle.DynamicProxy.ProxyGenerator.CreateClassProxyInstance(Type proxyType, List`1 proxyArguments, Type classToProxy, Object[] constructorArguments)
[xUnit.net 00:00:01.03]       System.ArgumentException : Can not instantiate proxy of class: Aula.Utilities.ConversationContextManager`1[[System.Int64, System.Private.CoreLib, Version=9.0.0.0, Culture=neutral, PublicKeyToken=7cec85d7bea7798e]].
[xUnit.net 00:00:01.03]       Could not find a parameterless constructor. (Parameter 'constructorArguments')
[xUnit.net 00:00:01.03]       ---- System.MissingMethodException : Constructor on type 'Castle.Proxies.ConversationContextManager`1Proxy' not found.
[xUnit.net 00:00:01.03]       Stack Trace:
[xUnit.net 00:00:01.03]            at Castle.DynamicProxy.ProxyGenerator.CreateClassProxyInstance(Type proxyType, List`1 proxyArguments, Type classToProxy, Object[] constructorArguments)
[xUnit.net 00:00:01.03]            at Castle.DynamicProxy.ProxyGenerator.CreateClassProxy(Type classToProxy, Type[] additionalInterfacesToProxy, ProxyGenerationOptions options, Object[] constructorArguments, IInterceptor[] interceptors)
[xUnit.net 00:00:01.03]         /_/src/Moq/Interception/CastleProxyFactory.cs(62,0): at Moq.CastleProxyFactory.CreateProxy(Type mockType, IInterceptor interceptor, Type[] interfaces, Object[] arguments)
[xUnit.net 00:00:01.03]         /_/src/Moq/Mock`1.cs(309,0): at Moq.Mock`1.InitializeInstance()
[xUnit.net 00:00:01.03]         /_/src/Moq/Mock`1.cs(323,0): at Moq.Mock`1.OnGetObject()
[xUnit.net 00:00:01.03]         /_/src/Moq/Mock.cs(181,0): at Moq.Mock.get_Object()
[xUnit.net 00:00:01.03]         /_/src/Moq/Mock`1.cs(281,0): at Moq.Mock`1.get_Object()
[xUnit.net 00:00:01.03]         /mnt/d/git/aula/src/Aula.Tests/Bots/TelegramMessageHandlerTests.cs(63,0): at Aula.Tests.Bots.TelegramMessageHandlerTests..ctor()
[xUnit.net 00:00:01.03]            at System.RuntimeType.CreateInstanceDefaultCtor(Boolean publicOnly, Boolean wrapExceptions)
[xUnit.net 00:00:01.03]         ----- Inner Stack Trace -----
[xUnit.net 00:00:01.03]            at System.RuntimeType.CreateInstanceImpl(BindingFlags bindingAttr, Binder binder, Object[] args, CultureInfo culture)
[xUnit.net 00:00:01.03]            at Castle.DynamicProxy.ProxyGenerator.CreateClassProxyInstance(Type proxyType, List`1 proxyArguments, Type classToProxy, Object[] constructorArguments)
[xUnit.net 00:00:01.04]       System.ArgumentException : Can not instantiate proxy of class: Aula.Utilities.ConversationContextManager`1[[System.Int64, System.Private.CoreLib, Version=9.0.0.0, Culture=neutral, PublicKeyToken=7cec85d7bea7798e]].
[xUnit.net 00:00:01.04]       Could not find a parameterless constructor. (Parameter 'constructorArguments')
[xUnit.net 00:00:01.04]       ---- System.MissingMethodException : Constructor on type 'Castle.Proxies.ConversationContextManager`1Proxy' not found.
[xUnit.net 00:00:01.04]       Stack Trace:
[xUnit.net 00:00:01.04]            at Castle.DynamicProxy.ProxyGenerator.CreateClassProxyInstance(Type proxyType, List`1 proxyArguments, Type classToProxy, Object[] constructorArguments)
[xUnit.net 00:00:01.04]            at Castle.DynamicProxy.ProxyGenerator.CreateClassProxy(Type classToProxy, Type[] additionalInterfacesToProxy, ProxyGenerationOptions options, Object[] constructorArguments, IInterceptor[] interceptors)
[xUnit.net 00:00:01.04]         /_/src/Moq/Interception/CastleProxyFactory.cs(62,0): at Moq.CastleProxyFactory.CreateProxy(Type mockType, IInterceptor interceptor, Type[] interfaces, Object[] arguments)
[xUnit.net 00:00:01.04]         /_/src/Moq/Mock`1.cs(309,0): at Moq.Mock`1.InitializeInstance()
[xUnit.net 00:00:01.04]         /_/src/Moq/Mock`1.cs(323,0): at Moq.Mock`1.OnGetObject()
[xUnit.net 00:00:01.04]         /_/src/Moq/Mock.cs(181,0): at Moq.Mock.get_Object()
[xUnit.net 00:00:01.04]         /_/src/Moq/Mock`1.cs(281,0): at Moq.Mock`1.get_Object()
[xUnit.net 00:00:01.04]         /mnt/d/git/aula/src/Aula.Tests/Bots/TelegramMessageHandlerTests.cs(63,0): at Aula.Tests.Bots.TelegramMessageHandlerTests..ctor()
[xUnit.net 00:00:01.04]            at System.RuntimeType.CreateInstanceDefaultCtor(Boolean publicOnly, Boolean wrapExceptions)
[xUnit.net 00:00:01.04]         ----- Inner Stack Trace -----
[xUnit.net 00:00:01.04]            at System.RuntimeType.CreateInstanceImpl(BindingFlags bindingAttr, Binder binder, Object[] args, CultureInfo culture)
[xUnit.net 00:00:01.04]            at Castle.DynamicProxy.ProxyGenerator.CreateClassProxyInstance(Type proxyType, List`1 proxyArguments, Type classToProxy, Object[] constructorArguments)
[xUnit.net 00:00:01.04]       System.ArgumentException : Can not instantiate proxy of class: Aula.Tools.ReminderCommandHandler.
[xUnit.net 00:00:01.04]       Could not find a parameterless constructor. (Parameter 'constructorArguments')
[xUnit.net 00:00:01.04]       ---- System.MissingMethodException : Constructor on type 'Castle.Proxies.ReminderCommandHandlerProxy' not found.
[xUnit.net 00:00:01.04]       Stack Trace:
[xUnit.net 00:00:01.04]            at Castle.DynamicProxy.ProxyGenerator.CreateClassProxyInstance(Type proxyType, List`1 proxyArguments, Type classToProxy, Object[] constructorArguments)
[xUnit.net 00:00:01.04]            at Castle.DynamicProxy.ProxyGenerator.CreateClassProxy(Type classToProxy, Type[] additionalInterfacesToProxy, ProxyGenerationOptions options, Object[] constructorArguments, IInterceptor[] interceptors)
[xUnit.net 00:00:01.04]         /_/src/Moq/Interception/CastleProxyFactory.cs(62,0): at Moq.CastleProxyFactory.CreateProxy(Type mockType, IInterceptor interceptor, Type[] interfaces, Object[] arguments)
[xUnit.net 00:00:01.04]         /_/src/Moq/Mock`1.cs(309,0): at Moq.Mock`1.InitializeInstance()
[xUnit.net 00:00:01.04]         /_/src/Moq/Mock`1.cs(323,0): at Moq.Mock`1.OnGetObject()
[xUnit.net 00:00:01.04]         /_/src/Moq/Mock.cs(181,0): at Moq.Mock.get_Object()
[xUnit.net 00:00:01.04]         /_/src/Moq/Mock`1.cs(281,0): at Moq.Mock`1.get_Object()
[xUnit.net 00:00:01.04]         /mnt/d/git/aula/src/Aula.Tests/Bots/SlackMessageHandlerTests.cs(57,0): at Aula.Tests.Bots.SlackMessageHandlerTests..ctor()
[xUnit.net 00:00:01.04]            at System.RuntimeType.CreateInstanceDefaultCtor(Boolean publicOnly, Boolean wrapExceptions)
[xUnit.net 00:00:01.04]         ----- Inner Stack Trace -----
[xUnit.net 00:00:01.04]            at System.RuntimeType.CreateInstanceImpl(BindingFlags bindingAttr, Binder binder, Object[] args, CultureInfo culture)
[xUnit.net 00:00:01.04]            at Castle.DynamicProxy.ProxyGenerator.CreateClassProxyInstance(Type proxyType, List`1 proxyArguments, Type classToProxy, Object[] constructorArguments)
[xUnit.net 00:00:01.04]       System.ArgumentException : Can not instantiate proxy of class: Aula.Utilities.ConversationContextManager`1[[System.Int64, System.Private.CoreLib, Version=9.0.0.0, Culture=neutral, PublicKeyToken=7cec85d7bea7798e]].
[xUnit.net 00:00:01.04]       Could not find a parameterless constructor. (Parameter 'constructorArguments')
[xUnit.net 00:00:01.04]       ---- System.MissingMethodException : Constructor on type 'Castle.Proxies.ConversationContextManager`1Proxy' not found.
[xUnit.net 00:00:01.04]       Stack Trace:
[xUnit.net 00:00:01.04]            at Castle.DynamicProxy.ProxyGenerator.CreateClassProxyInstance(Type proxyType, List`1 proxyArguments, Type classToProxy, Object[] constructorArguments)
[xUnit.net 00:00:01.04]            at Castle.DynamicProxy.ProxyGenerator.CreateClassProxy(Type classToProxy, Type[] additionalInterfacesToProxy, ProxyGenerationOptions options, Object[] constructorArguments, IInterceptor[] interceptors)
[xUnit.net 00:00:01.04]         /_/src/Moq/Interception/CastleProxyFactory.cs(62,0): at Moq.CastleProxyFactory.CreateProxy(Type mockType, IInterceptor interceptor, Type[] interfaces, Object[] arguments)
[xUnit.net 00:00:01.04]         /_/src/Moq/Mock`1.cs(309,0): at Moq.Mock`1.InitializeInstance()
[xUnit.net 00:00:01.04]         /_/src/Moq/Mock`1.cs(323,0): at Moq.Mock`1.OnGetObject()
[xUnit.net 00:00:01.04]         /_/src/Moq/Mock.cs(181,0): at Moq.Mock.get_Object()
[xUnit.net 00:00:01.04]         /_/src/Moq/Mock`1.cs(281,0): at Moq.Mock`1.get_Object()
[xUnit.net 00:00:01.04]         /mnt/d/git/aula/src/Aula.Tests/Bots/TelegramMessageHandlerTests.cs(63,0): at Aula.Tests.Bots.TelegramMessageHandlerTests..ctor()
[xUnit.net 00:00:01.04]            at System.RuntimeType.CreateInstanceDefaultCtor(Boolean publicOnly, Boolean wrapExceptions)
[xUnit.net 00:00:01.04]         ----- Inner Stack Trace -----
[xUnit.net 00:00:01.04]            at System.RuntimeType.CreateInstanceImpl(BindingFlags bindingAttr, Binder binder, Object[] args, CultureInfo culture)
[xUnit.net 00:00:01.04]            at Castle.DynamicProxy.ProxyGenerator.CreateClassProxyInstance(Type proxyType, List`1 proxyArguments, Type classToProxy, Object[] constructorArguments)
[xUnit.net 00:00:01.04]       System.ArgumentException : Can not instantiate proxy of class: Aula.Tools.ReminderCommandHandler.
[xUnit.net 00:00:01.04]       Could not find a parameterless constructor. (Parameter 'constructorArguments')
[xUnit.net 00:00:01.04]       ---- System.MissingMethodException : Constructor on type 'Castle.Proxies.ReminderCommandHandlerProxy' not found.
[xUnit.net 00:00:01.04]       Stack Trace:
[xUnit.net 00:00:01.04]            at Castle.DynamicProxy.ProxyGenerator.CreateClassProxyInstance(Type proxyType, List`1 proxyArguments, Type classToProxy, Object[] constructorArguments)
[xUnit.net 00:00:01.04]            at Castle.DynamicProxy.ProxyGenerator.CreateClassProxy(Type classToProxy, Type[] additionalInterfacesToProxy, ProxyGenerationOptions options, Object[] constructorArguments, IInterceptor[] interceptors)
[xUnit.net 00:00:01.04]         /_/src/Moq/Interception/CastleProxyFactory.cs(62,0): at Moq.CastleProxyFactory.CreateProxy(Type mockType, IInterceptor interceptor, Type[] interfaces, Object[] arguments)
[xUnit.net 00:00:01.04]         /_/src/Moq/Mock`1.cs(309,0): at Moq.Mock`1.InitializeInstance()
[xUnit.net 00:00:01.04]         /_/src/Moq/Mock`1.cs(323,0): at Moq.Mock`1.OnGetObject()
[xUnit.net 00:00:01.04]         /_/src/Moq/Mock.cs(181,0): at Moq.Mock.get_Object()
[xUnit.net 00:00:01.04]         /_/src/Moq/Mock`1.cs(281,0): at Moq.Mock`1.get_Object()
[xUnit.net 00:00:01.04]         /mnt/d/git/aula/src/Aula.Tests/Bots/SlackMessageHandlerTests.cs(57,0): at Aula.Tests.Bots.SlackMessageHandlerTests..ctor()
[xUnit.net 00:00:01.04]            at System.RuntimeType.CreateInstanceDefaultCtor(Boolean publicOnly, Boolean wrapExceptions)
[xUnit.net 00:00:01.04]         ----- Inner Stack Trace -----
[xUnit.net 00:00:01.04]            at System.RuntimeType.CreateInstanceImpl(BindingFlags bindingAttr, Binder binder, Object[] args, CultureInfo culture)
[xUnit.net 00:00:01.04]            at Castle.DynamicProxy.ProxyGenerator.CreateClassProxyInstance(Type proxyType, List`1 proxyArguments, Type classToProxy, Object[] constructorArguments)
[xUnit.net 00:00:01.04]       System.ArgumentException : Can not instantiate proxy of class: Aula.Utilities.ConversationContextManager`1[[System.Int64, System.Private.CoreLib, Version=9.0.0.0, Culture=neutral, PublicKeyToken=7cec85d7bea7798e]].
[xUnit.net 00:00:01.04]       Could not find a parameterless constructor. (Parameter 'constructorArguments')
[xUnit.net 00:00:01.04]       ---- System.MissingMethodException : Constructor on type 'Castle.Proxies.ConversationContextManager`1Proxy' not found.
[xUnit.net 00:00:01.04]       Stack Trace:
[xUnit.net 00:00:01.05]            at Castle.DynamicProxy.ProxyGenerator.CreateClassProxyInstance(Type proxyType, List`1 proxyArguments, Type classToProxy, Object[] constructorArguments)
[xUnit.net 00:00:01.05]            at Castle.DynamicProxy.ProxyGenerator.CreateClassProxy(Type classToProxy, Type[] additionalInterfacesToProxy, ProxyGenerationOptions options, Object[] constructorArguments, IInterceptor[] interceptors)
[xUnit.net 00:00:01.05]         /_/src/Moq/Interception/CastleProxyFactory.cs(62,0): at Moq.CastleProxyFactory.CreateProxy(Type mockType, IInterceptor interceptor, Type[] interfaces, Object[] arguments)
[xUnit.net 00:00:01.05]         /_/src/Moq/Mock`1.cs(309,0): at Moq.Mock`1.InitializeInstance()
[xUnit.net 00:00:01.05]         /_/src/Moq/Mock`1.cs(323,0): at Moq.Mock`1.OnGetObject()
[xUnit.net 00:00:01.05]         /_/src/Moq/Mock.cs(181,0): at Moq.Mock.get_Object()
[xUnit.net 00:00:01.05]         /_/src/Moq/Mock`1.cs(281,0): at Moq.Mock`1.get_Object()
[xUnit.net 00:00:01.05]         /mnt/d/git/aula/src/Aula.Tests/Bots/TelegramMessageHandlerTests.cs(63,0): at Aula.Tests.Bots.TelegramMessageHandlerTests..ctor()
[xUnit.net 00:00:01.05]            at System.RuntimeType.CreateInstanceDefaultCtor(Boolean publicOnly, Boolean wrapExceptions)
[xUnit.net 00:00:01.05]         ----- Inner Stack Trace -----
[xUnit.net 00:00:01.05]            at System.RuntimeType.CreateInstanceImpl(BindingFlags bindingAttr, Binder binder, Object[] args, CultureInfo culture)
[xUnit.net 00:00:01.05]            at Castle.DynamicProxy.ProxyGenerator.CreateClassProxyInstance(Type proxyType, List`1 proxyArguments, Type classToProxy, Object[] constructorArguments)
[xUnit.net 00:00:01.05]       System.ArgumentException : Can not instantiate proxy of class: Aula.Tools.AiToolsManager.
[xUnit.net 00:00:01.05]       Could not find a parameterless constructor. (Parameter 'constructorArguments')
[xUnit.net 00:00:01.05]       ---- System.MissingMethodException : Constructor on type 'Castle.Proxies.AiToolsManagerProxy' not found.
[xUnit.net 00:00:01.05]       Stack Trace:
[xUnit.net 00:00:01.05]            at Castle.DynamicProxy.ProxyGenerator.CreateClassProxyInstance(Type proxyType, List`1 proxyArguments, Type classToProxy, Object[] constructorArguments)
[xUnit.net 00:00:01.05]            at Castle.DynamicProxy.ProxyGenerator.CreateClassProxy(Type classToProxy, Type[] additionalInterfacesToProxy, ProxyGenerationOptions options, Object[] constructorArguments, IInterceptor[] interceptors)
[xUnit.net 00:00:01.05]         /_/src/Moq/Interception/CastleProxyFactory.cs(62,0): at Moq.CastleProxyFactory.CreateProxy(Type mockType, IInterceptor interceptor, Type[] interfaces, Object[] arguments)
[xUnit.net 00:00:01.05]         /_/src/Moq/Mock`1.cs(309,0): at Moq.Mock`1.InitializeInstance()
[xUnit.net 00:00:01.05]         /_/src/Moq/Mock`1.cs(323,0): at Moq.Mock`1.OnGetObject()
[xUnit.net 00:00:01.05]         /_/src/Moq/Mock.cs(181,0): at Moq.Mock.get_Object()
[xUnit.net 00:00:01.05]         /_/src/Moq/Mock`1.cs(281,0): at Moq.Mock`1.get_Object()
[xUnit.net 00:00:01.05]         /mnt/d/git/aula/src/Aula.Tests/Services/OpenAiServiceIntegrationTests.cs(79,0): at Aula.Tests.Services.OpenAiServiceIntegrationTests.Constructor_WithCustomModel_UsesSpecifiedModel()
[xUnit.net 00:00:01.05]            at System.RuntimeMethodHandle.InvokeMethod(Object target, Void** arguments, Signature sig, Boolean isConstructor)
[xUnit.net 00:00:01.05]            at System.Reflection.MethodBaseInvoker.InvokeWithNoArgs(Object obj, BindingFlags invokeAttr)
[xUnit.net 00:00:01.05]         ----- Inner Stack Trace -----
[xUnit.net 00:00:01.05]            at System.RuntimeType.CreateInstanceImpl(BindingFlags bindingAttr, Binder binder, Object[] args, CultureInfo culture)
[xUnit.net 00:00:01.05]            at Castle.DynamicProxy.ProxyGenerator.CreateClassProxyInstance(Type proxyType, List`1 proxyArguments, Type classToProxy, Object[] constructorArguments)
[xUnit.net 00:00:01.05]       System.ArgumentException : Can not instantiate proxy of class: Aula.Tools.AiToolsManager.
[xUnit.net 00:00:01.05]       Could not find a parameterless constructor. (Parameter 'constructorArguments')
[xUnit.net 00:00:01.05]       ---- System.MissingMethodException : Constructor on type 'Castle.Proxies.AiToolsManagerProxy' not found.
[xUnit.net 00:00:01.05]       Stack Trace:
[xUnit.net 00:00:01.05]            at Castle.DynamicProxy.ProxyGenerator.CreateClassProxyInstance(Type proxyType, List`1 proxyArguments, Type classToProxy, Object[] constructorArguments)
[xUnit.net 00:00:01.05]            at Castle.DynamicProxy.ProxyGenerator.CreateClassProxy(Type classToProxy, Type[] additionalInterfacesToProxy, ProxyGenerationOptions options, Object[] constructorArguments, IInterceptor[] interceptors)
[xUnit.net 00:00:01.05]         /_/src/Moq/Interception/CastleProxyFactory.cs(62,0): at Moq.CastleProxyFactory.CreateProxy(Type mockType, IInterceptor interceptor, Type[] interfaces, Object[] arguments)
[xUnit.net 00:00:01.05]         /_/src/Moq/Mock`1.cs(309,0): at Moq.Mock`1.InitializeInstance()
[xUnit.net 00:00:01.05]         /_/src/Moq/Mock`1.cs(323,0): at Moq.Mock`1.OnGetObject()
[xUnit.net 00:00:01.05]         /_/src/Moq/Mock.cs(181,0): at Moq.Mock.get_Object()
[xUnit.net 00:00:01.05]         /_/src/Moq/Mock`1.cs(281,0): at Moq.Mock`1.get_Object()
[xUnit.net 00:00:01.05]         /mnt/d/git/aula/src/Aula.Tests/Services/OpenAiServiceIntegrationTests.cs(152,0): at Aula.Tests.Services.OpenAiServiceIntegrationTests.AskQuestionAboutChildrenAsync_WithNullChildrenWeekLetters_ThrowsArgumentNullException(ChatInterface chatInterface)
[xUnit.net 00:00:01.06]         --- End of stack trace from previous location ---
[xUnit.net 00:00:01.06]         ----- Inner Stack Trace -----
[xUnit.net 00:00:01.06]            at System.RuntimeType.CreateInstanceImpl(BindingFlags bindingAttr, Binder binder, Object[] args, CultureInfo culture)
[xUnit.net 00:00:01.06]            at Castle.DynamicProxy.ProxyGenerator.CreateClassProxyInstance(Type proxyType, List`1 proxyArguments, Type classToProxy, Object[] constructorArguments)
[xUnit.net 00:00:01.06]       System.ArgumentException : Can not instantiate proxy of class: Aula.Tools.AiToolsManager.
[xUnit.net 00:00:01.06]       Could not find a parameterless constructor. (Parameter 'constructorArguments')
[xUnit.net 00:00:01.06]       ---- System.MissingMethodException : Constructor on type 'Castle.Proxies.AiToolsManagerProxy' not found.
[xUnit.net 00:00:01.06]       Stack Trace:
[xUnit.net 00:00:01.06]            at Castle.DynamicProxy.ProxyGenerator.CreateClassProxyInstance(Type proxyType, List`1 proxyArguments, Type classToProxy, Object[] constructorArguments)
[xUnit.net 00:00:01.06]            at Castle.DynamicProxy.ProxyGenerator.CreateClassProxy(Type classToProxy, Type[] additionalInterfacesToProxy, ProxyGenerationOptions options, Object[] constructorArguments, IInterceptor[] interceptors)
[xUnit.net 00:00:01.06]         /_/src/Moq/Interception/CastleProxyFactory.cs(62,0): at Moq.CastleProxyFactory.CreateProxy(Type mockType, IInterceptor interceptor, Type[] interfaces, Object[] arguments)
[xUnit.net 00:00:01.06]         /_/src/Moq/Mock`1.cs(309,0): at Moq.Mock`1.InitializeInstance()
[xUnit.net 00:00:01.06]         /_/src/Moq/Mock`1.cs(323,0): at Moq.Mock`1.OnGetObject()
[xUnit.net 00:00:01.06]         /_/src/Moq/Mock.cs(181,0): at Moq.Mock.get_Object()
[xUnit.net 00:00:01.06]         /_/src/Moq/Mock`1.cs(281,0): at Moq.Mock`1.get_Object()
[xUnit.net 00:00:01.06]         /mnt/d/git/aula/src/Aula.Tests/Services/OpenAiServiceIntegrationTests.cs(152,0): at Aula.Tests.Services.OpenAiServiceIntegrationTests.AskQuestionAboutChildrenAsync_WithNullChildrenWeekLetters_ThrowsArgumentNullException(ChatInterface chatInterface)
[xUnit.net 00:00:01.06]         --- End of stack trace from previous location ---
[xUnit.net 00:00:01.06]         ----- Inner Stack Trace -----
[xUnit.net 00:00:01.06]            at System.RuntimeType.CreateInstanceImpl(BindingFlags bindingAttr, Binder binder, Object[] args, CultureInfo culture)
[xUnit.net 00:00:01.06]            at Castle.DynamicProxy.ProxyGenerator.CreateClassProxyInstance(Type proxyType, List`1 proxyArguments, Type classToProxy, Object[] constructorArguments)
[xUnit.net 00:00:01.06]       Assert.Equal() Failure: Strings differ
[xUnit.net 00:00:01.06]                  ↓ (pos 0)
[xUnit.net 00:00:01.06]       Expected: "apiKey"
[xUnit.net 00:00:01.06]       Actual:   "constructorArguments"
[xUnit.net 00:00:01.06]                  ↑ (pos 0)
[xUnit.net 00:00:01.06]       Stack Trace:
[xUnit.net 00:00:01.06]         /mnt/d/git/aula/src/Aula.Tests/Services/OpenAiServiceIntegrationTests.cs(57,0): at Aula.Tests.Services.OpenAiServiceIntegrationTests.Constructor_WithWhitespaceApiKey_ThrowsArgumentException()
[xUnit.net 00:00:01.06]            at System.RuntimeMethodHandle.InvokeMethod(Object target, Void** arguments, Signature sig, Boolean isConstructor)
[xUnit.net 00:00:01.06]            at System.Reflection.MethodBaseInvoker.InvokeWithNoArgs(Object obj, BindingFlags invokeAttr)
[xUnit.net 00:00:01.06]       System.ArgumentException : Can not instantiate proxy of class: Aula.Tools.AiToolsManager.
[xUnit.net 00:00:01.06]       Could not find a parameterless constructor. (Parameter 'constructorArguments')
[xUnit.net 00:00:01.06]       ---- System.MissingMethodException : Constructor on type 'Castle.Proxies.AiToolsManagerProxy' not found.
[xUnit.net 00:00:01.06]       Stack Trace:
[xUnit.net 00:00:01.06]            at Castle.DynamicProxy.ProxyGenerator.CreateClassProxyInstance(Type proxyType, List`1 proxyArguments, Type classToProxy, Object[] constructorArguments)
[xUnit.net 00:00:01.06]            at Castle.DynamicProxy.ProxyGenerator.CreateClassProxy(Type classToProxy, Type[] additionalInterfacesToProxy, ProxyGenerationOptions options, Object[] constructorArguments, IInterceptor[] interceptors)
[xUnit.net 00:00:01.06]         /_/src/Moq/Interception/CastleProxyFactory.cs(62,0): at Moq.CastleProxyFactory.CreateProxy(Type mockType, IInterceptor interceptor, Type[] interfaces, Object[] arguments)
[xUnit.net 00:00:01.06]         /_/src/Moq/Mock`1.cs(309,0): at Moq.Mock`1.InitializeInstance()
[xUnit.net 00:00:01.06]         /_/src/Moq/Mock`1.cs(323,0): at Moq.Mock`1.OnGetObject()
[xUnit.net 00:00:01.06]         /_/src/Moq/Mock.cs(181,0): at Moq.Mock.get_Object()
[xUnit.net 00:00:01.06]         /_/src/Moq/Mock`1.cs(281,0): at Moq.Mock`1.get_Object()
[xUnit.net 00:00:01.06]         /mnt/d/git/aula/src/Aula.Tests/Services/OpenAiServiceIntegrationTests.cs(86,0): at Aula.Tests.Services.OpenAiServiceIntegrationTests.ClearConversationHistory_WithoutContextKey_DoesNotThrow()
[xUnit.net 00:00:01.06]            at System.RuntimeMethodHandle.InvokeMethod(Object target, Void** arguments, Signature sig, Boolean isConstructor)
[xUnit.net 00:00:01.06]            at System.Reflection.MethodBaseInvoker.InvokeWithNoArgs(Object obj, BindingFlags invokeAttr)
[xUnit.net 00:00:01.06]         ----- Inner Stack Trace -----
[xUnit.net 00:00:01.06]            at System.RuntimeType.CreateInstanceImpl(BindingFlags bindingAttr, Binder binder, Object[] args, CultureInfo culture)
[xUnit.net 00:00:01.06]            at Castle.DynamicProxy.ProxyGenerator.CreateClassProxyInstance(Type proxyType, List`1 proxyArguments, Type classToProxy, Object[] constructorArguments)
[xUnit.net 00:00:01.07]       System.ArgumentException : Can not instantiate proxy of class: Aula.Tools.AiToolsManager.
[xUnit.net 00:00:01.07]       Could not find a parameterless constructor. (Parameter 'constructorArguments')
[xUnit.net 00:00:01.07]       ---- System.MissingMethodException : Constructor on type 'Castle.Proxies.AiToolsManagerProxy' not found.
[xUnit.net 00:00:01.07]       Stack Trace:
[xUnit.net 00:00:01.07]            at Castle.DynamicProxy.ProxyGenerator.CreateClassProxyInstance(Type proxyType, List`1 proxyArguments, Type classToProxy, Object[] constructorArguments)
[xUnit.net 00:00:01.07]            at Castle.DynamicProxy.ProxyGenerator.CreateClassProxy(Type classToProxy, Type[] additionalInterfacesToProxy, ProxyGenerationOptions options, Object[] constructorArguments, IInterceptor[] interceptors)
[xUnit.net 00:00:01.07]         /_/src/Moq/Interception/CastleProxyFactory.cs(62,0): at Moq.CastleProxyFactory.CreateProxy(Type mockType, IInterceptor interceptor, Type[] interfaces, Object[] arguments)
[xUnit.net 00:00:01.07]         /_/src/Moq/Mock`1.cs(309,0): at Moq.Mock`1.InitializeInstance()
[xUnit.net 00:00:01.07]         /_/src/Moq/Mock`1.cs(323,0): at Moq.Mock`1.OnGetObject()
[xUnit.net 00:00:01.07]         /_/src/Moq/Mock.cs(181,0): at Moq.Mock.get_Object()
[xUnit.net 00:00:01.07]         /_/src/Moq/Mock`1.cs(281,0): at Moq.Mock`1.get_Object()
[xUnit.net 00:00:01.07]         /mnt/d/git/aula/src/Aula.Tests/Services/OpenAiServiceIntegrationTests.cs(141,0): at Aula.Tests.Services.OpenAiServiceIntegrationTests.ExtractKeyInformationAsync_WithNullWeekLetter_ThrowsArgumentNullException(ChatInterface chatInterface)
[xUnit.net 00:00:01.07]         --- End of stack trace from previous location ---
[xUnit.net 00:00:01.07]         ----- Inner Stack Trace -----
[xUnit.net 00:00:01.07]            at System.RuntimeType.CreateInstanceImpl(BindingFlags bindingAttr, Binder binder, Object[] args, CultureInfo culture)
[xUnit.net 00:00:01.07]            at Castle.DynamicProxy.ProxyGenerator.CreateClassProxyInstance(Type proxyType, List`1 proxyArguments, Type classToProxy, Object[] constructorArguments)
[xUnit.net 00:00:01.07]       System.ArgumentException : Can not instantiate proxy of class: Aula.Tools.AiToolsManager.
[xUnit.net 00:00:01.07]       Could not find a parameterless constructor. (Parameter 'constructorArguments')
[xUnit.net 00:00:01.07]       ---- System.MissingMethodException : Constructor on type 'Castle.Proxies.AiToolsManagerProxy' not found.
[xUnit.net 00:00:01.07]       Stack Trace:
[xUnit.net 00:00:01.07]            at Castle.DynamicProxy.ProxyGenerator.CreateClassProxyInstance(Type proxyType, List`1 proxyArguments, Type classToProxy, Object[] constructorArguments)
[xUnit.net 00:00:01.07]            at Castle.DynamicProxy.ProxyGenerator.CreateClassProxy(Type classToProxy, Type[] additionalInterfacesToProxy, ProxyGenerationOptions options, Object[] constructorArguments, IInterceptor[] interceptors)
[xUnit.net 00:00:01.07]         /_/src/Moq/Interception/CastleProxyFactory.cs(62,0): at Moq.CastleProxyFactory.CreateProxy(Type mockType, IInterceptor interceptor, Type[] interfaces, Object[] arguments)
[xUnit.net 00:00:01.07]         /_/src/Moq/Mock`1.cs(309,0): at Moq.Mock`1.InitializeInstance()
[xUnit.net 00:00:01.07]         /_/src/Moq/Mock`1.cs(323,0): at Moq.Mock`1.OnGetObject()
[xUnit.net 00:00:01.07]         /_/src/Moq/Mock.cs(181,0): at Moq.Mock.get_Object()
[xUnit.net 00:00:01.07]         /_/src/Moq/Mock`1.cs(281,0): at Moq.Mock`1.get_Object()
[xUnit.net 00:00:01.07]         /mnt/d/git/aula/src/Aula.Tests/Services/OpenAiServiceIntegrationTests.cs(141,0): at Aula.Tests.Services.OpenAiServiceIntegrationTests.ExtractKeyInformationAsync_WithNullWeekLetter_ThrowsArgumentNullException(ChatInterface chatInterface)
[xUnit.net 00:00:01.07]         --- End of stack trace from previous location ---
[xUnit.net 00:00:01.07]         ----- Inner Stack Trace -----
[xUnit.net 00:00:01.07]            at System.RuntimeType.CreateInstanceImpl(BindingFlags bindingAttr, Binder binder, Object[] args, CultureInfo culture)
[xUnit.net 00:00:01.07]            at Castle.DynamicProxy.ProxyGenerator.CreateClassProxyInstance(Type proxyType, List`1 proxyArguments, Type classToProxy, Object[] constructorArguments)
[xUnit.net 00:00:01.07]       System.ArgumentException : Can not instantiate proxy of class: Aula.Tools.AiToolsManager.
[xUnit.net 00:00:01.07]       Could not find a parameterless constructor. (Parameter 'constructorArguments')
[xUnit.net 00:00:01.07]       ---- System.MissingMethodException : Constructor on type 'Castle.Proxies.AiToolsManagerProxy' not found.
[xUnit.net 00:00:01.07]       Stack Trace:
[xUnit.net 00:00:01.07]            at Castle.DynamicProxy.ProxyGenerator.CreateClassProxyInstance(Type proxyType, List`1 proxyArguments, Type classToProxy, Object[] constructorArguments)
[xUnit.net 00:00:01.07]            at Castle.DynamicProxy.ProxyGenerator.CreateClassProxy(Type classToProxy, Type[] additionalInterfacesToProxy, ProxyGenerationOptions options, Object[] constructorArguments, IInterceptor[] interceptors)
[xUnit.net 00:00:01.07]         /_/src/Moq/Interception/CastleProxyFactory.cs(62,0): at Moq.CastleProxyFactory.CreateProxy(Type mockType, IInterceptor interceptor, Type[] interfaces, Object[] arguments)
[xUnit.net 00:00:01.07]         /_/src/Moq/Mock`1.cs(309,0): at Moq.Mock`1.InitializeInstance()
[xUnit.net 00:00:01.07]         /_/src/Moq/Mock`1.cs(323,0): at Moq.Mock`1.OnGetObject()
[xUnit.net 00:00:01.07]         /_/src/Moq/Mock.cs(181,0): at Moq.Mock.get_Object()
[xUnit.net 00:00:01.07]         /_/src/Moq/Mock`1.cs(281,0): at Moq.Mock`1.get_Object()
[xUnit.net 00:00:01.07]         /mnt/d/git/aula/src/Aula.Tests/Services/OpenAiServiceIntegrationTests.cs(164,0): at Aula.Tests.Services.OpenAiServiceIntegrationTests.ProcessQueryWithToolsAsync_WithInvalidQuery_ThrowsArgumentException(String query)
[xUnit.net 00:00:01.07]         --- End of stack trace from previous location ---
[xUnit.net 00:00:01.07]         ----- Inner Stack Trace -----
[xUnit.net 00:00:01.07]            at System.RuntimeType.CreateInstanceImpl(BindingFlags bindingAttr, Binder binder, Object[] args, CultureInfo culture)
[xUnit.net 00:00:01.07]            at Castle.DynamicProxy.ProxyGenerator.CreateClassProxyInstance(Type proxyType, List`1 proxyArguments, Type classToProxy, Object[] constructorArguments)
[xUnit.net 00:00:01.08]       System.ArgumentException : Can not instantiate proxy of class: Aula.Tools.AiToolsManager.
[xUnit.net 00:00:01.08]       Could not find a parameterless constructor. (Parameter 'constructorArguments')
[xUnit.net 00:00:01.08]       ---- System.MissingMethodException : Constructor on type 'Castle.Proxies.AiToolsManagerProxy' not found.
[xUnit.net 00:00:01.08]       Stack Trace:
[xUnit.net 00:00:01.08]            at Castle.DynamicProxy.ProxyGenerator.CreateClassProxyInstance(Type proxyType, List`1 proxyArguments, Type classToProxy, Object[] constructorArguments)
[xUnit.net 00:00:01.08]            at Castle.DynamicProxy.ProxyGenerator.CreateClassProxy(Type classToProxy, Type[] additionalInterfacesToProxy, ProxyGenerationOptions options, Object[] constructorArguments, IInterceptor[] interceptors)
[xUnit.net 00:00:01.08]         /_/src/Moq/Interception/CastleProxyFactory.cs(62,0): at Moq.CastleProxyFactory.CreateProxy(Type mockType, IInterceptor interceptor, Type[] interfaces, Object[] arguments)
[xUnit.net 00:00:01.08]         /_/src/Moq/Mock`1.cs(309,0): at Moq.Mock`1.InitializeInstance()
[xUnit.net 00:00:01.08]         /_/src/Moq/Mock`1.cs(323,0): at Moq.Mock`1.OnGetObject()
[xUnit.net 00:00:01.08]         /_/src/Moq/Mock.cs(181,0): at Moq.Mock.get_Object()
[xUnit.net 00:00:01.08]         /_/src/Moq/Mock`1.cs(281,0): at Moq.Mock`1.get_Object()
[xUnit.net 00:00:01.08]         /mnt/d/git/aula/src/Aula.Tests/Services/OpenAiServiceIntegrationTests.cs(164,0): at Aula.Tests.Services.OpenAiServiceIntegrationTests.ProcessQueryWithToolsAsync_WithInvalidQuery_ThrowsArgumentException(String query)
[xUnit.net 00:00:01.08]         --- End of stack trace from previous location ---
[xUnit.net 00:00:01.08]         ----- Inner Stack Trace -----
[xUnit.net 00:00:01.08]            at System.RuntimeType.CreateInstanceImpl(BindingFlags bindingAttr, Binder binder, Object[] args, CultureInfo culture)
[xUnit.net 00:00:01.08]            at Castle.DynamicProxy.ProxyGenerator.CreateClassProxyInstance(Type proxyType, List`1 proxyArguments, Type classToProxy, Object[] constructorArguments)
[xUnit.net 00:00:01.09]       System.ArgumentException : Can not instantiate proxy of class: Aula.Tools.AiToolsManager.
[xUnit.net 00:00:01.09]       Could not find a parameterless constructor. (Parameter 'constructorArguments')
[xUnit.net 00:00:01.09]       ---- System.MissingMethodException : Constructor on type 'Castle.Proxies.AiToolsManagerProxy' not found.
[xUnit.net 00:00:01.09]       Stack Trace:
[xUnit.net 00:00:01.09]            at Castle.DynamicProxy.ProxyGenerator.CreateClassProxyInstance(Type proxyType, List`1 proxyArguments, Type classToProxy, Object[] constructorArguments)
[xUnit.net 00:00:01.09]            at Castle.DynamicProxy.ProxyGenerator.CreateClassProxy(Type classToProxy, Type[] additionalInterfacesToProxy, ProxyGenerationOptions options, Object[] constructorArguments, IInterceptor[] interceptors)
[xUnit.net 00:00:01.09]         /_/src/Moq/Interception/CastleProxyFactory.cs(62,0): at Moq.CastleProxyFactory.CreateProxy(Type mockType, IInterceptor interceptor, Type[] interfaces, Object[] arguments)
[xUnit.net 00:00:01.09]         /_/src/Moq/Mock`1.cs(309,0): at Moq.Mock`1.InitializeInstance()
[xUnit.net 00:00:01.09]         /_/src/Moq/Mock`1.cs(323,0): at Moq.Mock`1.OnGetObject()
[xUnit.net 00:00:01.09]         /_/src/Moq/Mock.cs(181,0): at Moq.Mock.get_Object()
[xUnit.net 00:00:01.09]         /_/src/Moq/Mock`1.cs(281,0): at Moq.Mock`1.get_Object()
[xUnit.net 00:00:01.09]         /mnt/d/git/aula/src/Aula.Tests/Services/OpenAiServiceIntegrationTests.cs(164,0): at Aula.Tests.Services.OpenAiServiceIntegrationTests.ProcessQueryWithToolsAsync_WithInvalidQuery_ThrowsArgumentException(String query)
[xUnit.net 00:00:01.09]         --- End of stack trace from previous location ---
[xUnit.net 00:00:01.09]         ----- Inner Stack Trace -----
[xUnit.net 00:00:01.09]            at System.RuntimeType.CreateInstanceImpl(BindingFlags bindingAttr, Binder binder, Object[] args, CultureInfo culture)
[xUnit.net 00:00:01.09]            at Castle.DynamicProxy.ProxyGenerator.CreateClassProxyInstance(Type proxyType, List`1 proxyArguments, Type classToProxy, Object[] constructorArguments)
[xUnit.net 00:00:01.09]       System.ArgumentException : Can not instantiate proxy of class: Aula.Tools.AiToolsManager.
[xUnit.net 00:00:01.09]       Could not find a parameterless constructor. (Parameter 'constructorArguments')
[xUnit.net 00:00:01.09]       ---- System.MissingMethodException : Constructor on type 'Castle.Proxies.AiToolsManagerProxy' not found.
[xUnit.net 00:00:01.09]       Stack Trace:
[xUnit.net 00:00:01.09]            at Castle.DynamicProxy.ProxyGenerator.CreateClassProxyInstance(Type proxyType, List`1 proxyArguments, Type classToProxy, Object[] constructorArguments)
[xUnit.net 00:00:01.09]            at Castle.DynamicProxy.ProxyGenerator.CreateClassProxy(Type classToProxy, Type[] additionalInterfacesToProxy, ProxyGenerationOptions options, Object[] constructorArguments, IInterceptor[] interceptors)
[xUnit.net 00:00:01.09]         /_/src/Moq/Interception/CastleProxyFactory.cs(62,0): at Moq.CastleProxyFactory.CreateProxy(Type mockType, IInterceptor interceptor, Type[] interfaces, Object[] arguments)
[xUnit.net 00:00:01.09]         /_/src/Moq/Mock`1.cs(309,0): at Moq.Mock`1.InitializeInstance()
[xUnit.net 00:00:01.09]         /_/src/Moq/Mock`1.cs(323,0): at Moq.Mock`1.OnGetObject()
[xUnit.net 00:00:01.09]         /_/src/Moq/Mock.cs(181,0): at Moq.Mock.get_Object()
[xUnit.net 00:00:01.09]         /_/src/Moq/Mock`1.cs(281,0): at Moq.Mock`1.get_Object()
[xUnit.net 00:00:01.09]         /mnt/d/git/aula/src/Aula.Tests/Services/OpenAiServiceIntegrationTests.cs(176,0): at Aula.Tests.Services.OpenAiServiceIntegrationTests.ProcessQueryWithToolsAsync_WithInvalidContextKey_ThrowsArgumentException(String contextKey)
[xUnit.net 00:00:01.09]         --- End of stack trace from previous location ---
[xUnit.net 00:00:01.09]         ----- Inner Stack Trace -----
[xUnit.net 00:00:01.09]            at System.RuntimeType.CreateInstanceImpl(BindingFlags bindingAttr, Binder binder, Object[] args, CultureInfo culture)
[xUnit.net 00:00:01.09]            at Castle.DynamicProxy.ProxyGenerator.CreateClassProxyInstance(Type proxyType, List`1 proxyArguments, Type classToProxy, Object[] constructorArguments)
[xUnit.net 00:00:01.09]       System.ArgumentException : Can not instantiate proxy of class: Aula.Tools.AiToolsManager.
[xUnit.net 00:00:01.09]       Could not find a parameterless constructor. (Parameter 'constructorArguments')
[xUnit.net 00:00:01.09]       ---- System.MissingMethodException : Constructor on type 'Castle.Proxies.AiToolsManagerProxy' not found.
[xUnit.net 00:00:01.09]       Stack Trace:
[xUnit.net 00:00:01.09]            at Castle.DynamicProxy.ProxyGenerator.CreateClassProxyInstance(Type proxyType, List`1 proxyArguments, Type classToProxy, Object[] constructorArguments)
[xUnit.net 00:00:01.09]            at Castle.DynamicProxy.ProxyGenerator.CreateClassProxy(Type classToProxy, Type[] additionalInterfacesToProxy, ProxyGenerationOptions options, Object[] constructorArguments, IInterceptor[] interceptors)
[xUnit.net 00:00:01.09]         /_/src/Moq/Interception/CastleProxyFactory.cs(62,0): at Moq.CastleProxyFactory.CreateProxy(Type mockType, IInterceptor interceptor, Type[] interfaces, Object[] arguments)
[xUnit.net 00:00:01.09]         /_/src/Moq/Mock`1.cs(309,0): at Moq.Mock`1.InitializeInstance()
[xUnit.net 00:00:01.09]         /_/src/Moq/Mock`1.cs(323,0): at Moq.Mock`1.OnGetObject()
[xUnit.net 00:00:01.09]         /_/src/Moq/Mock.cs(181,0): at Moq.Mock.get_Object()
[xUnit.net 00:00:01.09]         /_/src/Moq/Mock`1.cs(281,0): at Moq.Mock`1.get_Object()
[xUnit.net 00:00:01.09]         /mnt/d/git/aula/src/Aula.Tests/Services/OpenAiServiceIntegrationTests.cs(176,0): at Aula.Tests.Services.OpenAiServiceIntegrationTests.ProcessQueryWithToolsAsync_WithInvalidContextKey_ThrowsArgumentException(String contextKey)
[xUnit.net 00:00:01.09]         --- End of stack trace from previous location ---
[xUnit.net 00:00:01.09]         ----- Inner Stack Trace -----
[xUnit.net 00:00:01.09]            at System.RuntimeType.CreateInstanceImpl(BindingFlags bindingAttr, Binder binder, Object[] args, CultureInfo culture)
[xUnit.net 00:00:01.09]            at Castle.DynamicProxy.ProxyGenerator.CreateClassProxyInstance(Type proxyType, List`1 proxyArguments, Type classToProxy, Object[] constructorArguments)
[xUnit.net 00:00:01.10]       System.ArgumentException : Can not instantiate proxy of class: Aula.Tools.AiToolsManager.
[xUnit.net 00:00:01.10]       Could not find a parameterless constructor. (Parameter 'constructorArguments')
[xUnit.net 00:00:01.10]       ---- System.MissingMethodException : Constructor on type 'Castle.Proxies.AiToolsManagerProxy' not found.
[xUnit.net 00:00:01.10]       Stack Trace:
[xUnit.net 00:00:01.10]            at Castle.DynamicProxy.ProxyGenerator.CreateClassProxyInstance(Type proxyType, List`1 proxyArguments, Type classToProxy, Object[] constructorArguments)
[xUnit.net 00:00:01.10]            at Castle.DynamicProxy.ProxyGenerator.CreateClassProxy(Type classToProxy, Type[] additionalInterfacesToProxy, ProxyGenerationOptions options, Object[] constructorArguments, IInterceptor[] interceptors)
[xUnit.net 00:00:01.10]         /_/src/Moq/Interception/CastleProxyFactory.cs(62,0): at Moq.CastleProxyFactory.CreateProxy(Type mockType, IInterceptor interceptor, Type[] interfaces, Object[] arguments)
[xUnit.net 00:00:01.10]         /_/src/Moq/Mock`1.cs(309,0): at Moq.Mock`1.InitializeInstance()
[xUnit.net 00:00:01.10]         /_/src/Moq/Mock`1.cs(323,0): at Moq.Mock`1.OnGetObject()
[xUnit.net 00:00:01.10]         /_/src/Moq/Mock.cs(181,0): at Moq.Mock.get_Object()
[xUnit.net 00:00:01.10]         /_/src/Moq/Mock`1.cs(281,0): at Moq.Mock`1.get_Object()
[xUnit.net 00:00:01.10]         /mnt/d/git/aula/src/Aula.Tests/Services/OpenAiServiceIntegrationTests.cs(176,0): at Aula.Tests.Services.OpenAiServiceIntegrationTests.ProcessQueryWithToolsAsync_WithInvalidContextKey_ThrowsArgumentException(String contextKey)
[xUnit.net 00:00:01.10]         --- End of stack trace from previous location ---
[xUnit.net 00:00:01.10]         ----- Inner Stack Trace -----
[xUnit.net 00:00:01.10]            at System.RuntimeType.CreateInstanceImpl(BindingFlags bindingAttr, Binder binder, Object[] args, CultureInfo culture)
[xUnit.net 00:00:01.10]            at Castle.DynamicProxy.ProxyGenerator.CreateClassProxyInstance(Type proxyType, List`1 proxyArguments, Type classToProxy, Object[] constructorArguments)
Error sending message: Username value should be Identifier or Username that starts with @ (Parameter 'username')
[xUnit.net 00:00:01.11]       System.ArgumentException : Can not instantiate proxy of class: Aula.Tools.AiToolsManager.
[xUnit.net 00:00:01.11]       Could not find a parameterless constructor. (Parameter 'constructorArguments')
[xUnit.net 00:00:01.11]       ---- System.MissingMethodException : Constructor on type 'Castle.Proxies.AiToolsManagerProxy' not found.
[xUnit.net 00:00:01.11]       Stack Trace:
[xUnit.net 00:00:01.11]            at Castle.DynamicProxy.ProxyGenerator.CreateClassProxyInstance(Type proxyType, List`1 proxyArguments, Type classToProxy, Object[] constructorArguments)
[xUnit.net 00:00:01.11]            at Castle.DynamicProxy.ProxyGenerator.CreateClassProxy(Type classToProxy, Type[] additionalInterfacesToProxy, ProxyGenerationOptions options, Object[] constructorArguments, IInterceptor[] interceptors)
[xUnit.net 00:00:01.11]         /_/src/Moq/Interception/CastleProxyFactory.cs(62,0): at Moq.CastleProxyFactory.CreateProxy(Type mockType, IInterceptor interceptor, Type[] interfaces, Object[] arguments)
[xUnit.net 00:00:01.11]         /_/src/Moq/Mock`1.cs(309,0): at Moq.Mock`1.InitializeInstance()
[xUnit.net 00:00:01.11]         /_/src/Moq/Mock`1.cs(323,0): at Moq.Mock`1.OnGetObject()
[xUnit.net 00:00:01.11]         /_/src/Moq/Mock.cs(181,0): at Moq.Mock.get_Object()
[xUnit.net 00:00:01.11]         /_/src/Moq/Mock`1.cs(281,0): at Moq.Mock`1.get_Object()
[xUnit.net 00:00:01.11]         /mnt/d/git/aula/src/Aula.Tests/Services/OpenAiServiceIntegrationTests.cs(242,0): at Aula.Tests.Services.OpenAiServiceIntegrationTests.ExtractKeyInformationAsync_WithValidWeekLetter_CallsApiWithCorrectParameters()
[xUnit.net 00:00:01.11]         --- End of stack trace from previous location ---
[xUnit.net 00:00:01.11]         ----- Inner Stack Trace -----
[xUnit.net 00:00:01.11]            at System.RuntimeType.CreateInstanceImpl(BindingFlags bindingAttr, Binder binder, Object[] args, CultureInfo culture)
[xUnit.net 00:00:01.11]            at Castle.DynamicProxy.ProxyGenerator.CreateClassProxyInstance(Type proxyType, List`1 proxyArguments, Type classToProxy, Object[] constructorArguments)
[xUnit.net 00:00:01.12]       System.ArgumentException : Can not instantiate proxy of class: Aula.Tools.AiToolsManager.
[xUnit.net 00:00:01.12]       Could not find a parameterless constructor. (Parameter 'constructorArguments')
[xUnit.net 00:00:01.12]       ---- System.MissingMethodException : Constructor on type 'Castle.Proxies.AiToolsManagerProxy' not found.
[xUnit.net 00:00:01.12]       Stack Trace:
[xUnit.net 00:00:01.12]            at Castle.DynamicProxy.ProxyGenerator.CreateClassProxyInstance(Type proxyType, List`1 proxyArguments, Type classToProxy, Object[] constructorArguments)
[xUnit.net 00:00:01.12]            at Castle.DynamicProxy.ProxyGenerator.CreateClassProxy(Type classToProxy, Type[] additionalInterfacesToProxy, ProxyGenerationOptions options, Object[] constructorArguments, IInterceptor[] interceptors)
[xUnit.net 00:00:01.12]         /_/src/Moq/Interception/CastleProxyFactory.cs(62,0): at Moq.CastleProxyFactory.CreateProxy(Type mockType, IInterceptor interceptor, Type[] interfaces, Object[] arguments)
[xUnit.net 00:00:01.12]         /_/src/Moq/Mock`1.cs(309,0): at Moq.Mock`1.InitializeInstance()
[xUnit.net 00:00:01.12]         /_/src/Moq/Mock`1.cs(323,0): at Moq.Mock`1.OnGetObject()
[xUnit.net 00:00:01.12]         /_/src/Moq/Mock.cs(181,0): at Moq.Mock.get_Object()
[xUnit.net 00:00:01.12]         /_/src/Moq/Mock`1.cs(281,0): at Moq.Mock`1.get_Object()
[xUnit.net 00:00:01.12]         /mnt/d/git/aula/src/Aula.Tests/Services/OpenAiServiceIntegrationTests.cs(119,0): at Aula.Tests.Services.OpenAiServiceIntegrationTests.AskQuestionAboutWeekLetterAsync_WithNullWeekLetter_ThrowsArgumentNullException(ChatInterface chatInterface)
[xUnit.net 00:00:01.13]         --- End of stack trace from previous location ---
[xUnit.net 00:00:01.13]         ----- Inner Stack Trace -----
[xUnit.net 00:00:01.13]            at System.RuntimeType.CreateInstanceImpl(BindingFlags bindingAttr, Binder binder, Object[] args, CultureInfo culture)
[xUnit.net 00:00:01.13]            at Castle.DynamicProxy.ProxyGenerator.CreateClassProxyInstance(Type proxyType, List`1 proxyArguments, Type classToProxy, Object[] constructorArguments)
[xUnit.net 00:00:01.13]       System.ArgumentException : Can not instantiate proxy of class: Aula.Tools.AiToolsManager.
[xUnit.net 00:00:01.13]       Could not find a parameterless constructor. (Parameter 'constructorArguments')
[xUnit.net 00:00:01.13]       ---- System.MissingMethodException : Constructor on type 'Castle.Proxies.AiToolsManagerProxy' not found.
[xUnit.net 00:00:01.13]       Stack Trace:
[xUnit.net 00:00:01.13]            at Castle.DynamicProxy.ProxyGenerator.CreateClassProxyInstance(Type proxyType, List`1 proxyArguments, Type classToProxy, Object[] constructorArguments)
[xUnit.net 00:00:01.13]            at Castle.DynamicProxy.ProxyGenerator.CreateClassProxy(Type classToProxy, Type[] additionalInterfacesToProxy, ProxyGenerationOptions options, Object[] constructorArguments, IInterceptor[] interceptors)
[xUnit.net 00:00:01.13]         /_/src/Moq/Interception/CastleProxyFactory.cs(62,0): at Moq.CastleProxyFactory.CreateProxy(Type mockType, IInterceptor interceptor, Type[] interfaces, Object[] arguments)
[xUnit.net 00:00:01.13]         /_/src/Moq/Mock`1.cs(309,0): at Moq.Mock`1.InitializeInstance()
[xUnit.net 00:00:01.13]         /_/src/Moq/Mock`1.cs(323,0): at Moq.Mock`1.OnGetObject()
[xUnit.net 00:00:01.13]         /_/src/Moq/Mock.cs(181,0): at Moq.Mock.get_Object()
[xUnit.net 00:00:01.13]         /_/src/Moq/Mock`1.cs(281,0): at Moq.Mock`1.get_Object()
[xUnit.net 00:00:01.13]         /mnt/d/git/aula/src/Aula.Tests/Services/OpenAiServiceIntegrationTests.cs(119,0): at Aula.Tests.Services.OpenAiServiceIntegrationTests.AskQuestionAboutWeekLetterAsync_WithNullWeekLetter_ThrowsArgumentNullException(ChatInterface chatInterface)
[xUnit.net 00:00:01.13]         --- End of stack trace from previous location ---
[xUnit.net 00:00:01.13]         ----- Inner Stack Trace -----
[xUnit.net 00:00:01.13]            at System.RuntimeType.CreateInstanceImpl(BindingFlags bindingAttr, Binder binder, Object[] args, CultureInfo culture)
[xUnit.net 00:00:01.13]            at Castle.DynamicProxy.ProxyGenerator.CreateClassProxyInstance(Type proxyType, List`1 proxyArguments, Type classToProxy, Object[] constructorArguments)
[xUnit.net 00:00:01.13]       System.ArgumentException : Can not instantiate proxy of class: Aula.Tools.AiToolsManager.
[xUnit.net 00:00:01.13]       Could not find a parameterless constructor. (Parameter 'constructorArguments')
[xUnit.net 00:00:01.13]       ---- System.MissingMethodException : Constructor on type 'Castle.Proxies.AiToolsManagerProxy' not found.
[xUnit.net 00:00:01.13]       Stack Trace:
[xUnit.net 00:00:01.13]            at Castle.DynamicProxy.ProxyGenerator.CreateClassProxyInstance(Type proxyType, List`1 proxyArguments, Type classToProxy, Object[] constructorArguments)
[xUnit.net 00:00:01.13]            at Castle.DynamicProxy.ProxyGenerator.CreateClassProxy(Type classToProxy, Type[] additionalInterfacesToProxy, ProxyGenerationOptions options, Object[] constructorArguments, IInterceptor[] interceptors)
[xUnit.net 00:00:01.13]         /_/src/Moq/Interception/CastleProxyFactory.cs(62,0): at Moq.CastleProxyFactory.CreateProxy(Type mockType, IInterceptor interceptor, Type[] interfaces, Object[] arguments)
[xUnit.net 00:00:01.13]         /_/src/Moq/Mock`1.cs(309,0): at Moq.Mock`1.InitializeInstance()
[xUnit.net 00:00:01.13]         /_/src/Moq/Mock`1.cs(323,0): at Moq.Mock`1.OnGetObject()
[xUnit.net 00:00:01.13]         /_/src/Moq/Mock.cs(181,0): at Moq.Mock.get_Object()
[xUnit.net 00:00:01.13]         /_/src/Moq/Mock`1.cs(281,0): at Moq.Mock`1.get_Object()
[xUnit.net 00:00:01.13]         /mnt/d/git/aula/src/Aula.Tests/Services/OpenAiServiceIntegrationTests.cs(130,0): at Aula.Tests.Services.OpenAiServiceIntegrationTests.AskQuestionAboutWeekLetterAsync_WithContextKey_WithNullWeekLetter_ThrowsArgumentNullException(ChatInterface chatInterface)
[xUnit.net 00:00:01.13]         --- End of stack trace from previous location ---
[xUnit.net 00:00:01.13]         ----- Inner Stack Trace -----
[xUnit.net 00:00:01.13]            at System.RuntimeType.CreateInstanceImpl(BindingFlags bindingAttr, Binder binder, Object[] args, CultureInfo culture)
[xUnit.net 00:00:01.13]            at Castle.DynamicProxy.ProxyGenerator.CreateClassProxyInstance(Type proxyType, List`1 proxyArguments, Type classToProxy, Object[] constructorArguments)
[xUnit.net 00:00:01.13]       System.ArgumentException : Can not instantiate proxy of class: Aula.Tools.AiToolsManager.
[xUnit.net 00:00:01.13]       Could not find a parameterless constructor. (Parameter 'constructorArguments')
[xUnit.net 00:00:01.13]       ---- System.MissingMethodException : Constructor on type 'Castle.Proxies.AiToolsManagerProxy' not found.
[xUnit.net 00:00:01.13]       Stack Trace:
[xUnit.net 00:00:01.13]            at Castle.DynamicProxy.ProxyGenerator.CreateClassProxyInstance(Type proxyType, List`1 proxyArguments, Type classToProxy, Object[] constructorArguments)
[xUnit.net 00:00:01.13]            at Castle.DynamicProxy.ProxyGenerator.CreateClassProxy(Type classToProxy, Type[] additionalInterfacesToProxy, ProxyGenerationOptions options, Object[] constructorArguments, IInterceptor[] interceptors)
[xUnit.net 00:00:01.13]         /_/src/Moq/Interception/CastleProxyFactory.cs(62,0): at Moq.CastleProxyFactory.CreateProxy(Type mockType, IInterceptor interceptor, Type[] interfaces, Object[] arguments)
[xUnit.net 00:00:01.13]         /_/src/Moq/Mock`1.cs(309,0): at Moq.Mock`1.InitializeInstance()
[xUnit.net 00:00:01.13]         /_/src/Moq/Mock`1.cs(323,0): at Moq.Mock`1.OnGetObject()
[xUnit.net 00:00:01.13]         /_/src/Moq/Mock.cs(181,0): at Moq.Mock.get_Object()
[xUnit.net 00:00:01.13]         /_/src/Moq/Mock`1.cs(281,0): at Moq.Mock`1.get_Object()
[xUnit.net 00:00:01.13]         /mnt/d/git/aula/src/Aula.Tests/Services/OpenAiServiceIntegrationTests.cs(130,0): at Aula.Tests.Services.OpenAiServiceIntegrationTests.AskQuestionAboutWeekLetterAsync_WithContextKey_WithNullWeekLetter_ThrowsArgumentNullException(ChatInterface chatInterface)
[xUnit.net 00:00:01.13]         --- End of stack trace from previous location ---
[xUnit.net 00:00:01.13]         ----- Inner Stack Trace -----
[xUnit.net 00:00:01.13]            at System.RuntimeType.CreateInstanceImpl(BindingFlags bindingAttr, Binder binder, Object[] args, CultureInfo culture)
[xUnit.net 00:00:01.13]            at Castle.DynamicProxy.ProxyGenerator.CreateClassProxyInstance(Type proxyType, List`1 proxyArguments, Type classToProxy, Object[] constructorArguments)
[xUnit.net 00:00:01.14]       System.ArgumentException : Can not instantiate proxy of class: Aula.Tools.AiToolsManager.
[xUnit.net 00:00:01.14]       Could not find a parameterless constructor. (Parameter 'constructorArguments')
[xUnit.net 00:00:01.14]       ---- System.MissingMethodException : Constructor on type 'Castle.Proxies.AiToolsManagerProxy' not found.
[xUnit.net 00:00:01.14]       Stack Trace:
[xUnit.net 00:00:01.14]            at Castle.DynamicProxy.ProxyGenerator.CreateClassProxyInstance(Type proxyType, List`1 proxyArguments, Type classToProxy, Object[] constructorArguments)
[xUnit.net 00:00:01.14]            at Castle.DynamicProxy.ProxyGenerator.CreateClassProxy(Type classToProxy, Type[] additionalInterfacesToProxy, ProxyGenerationOptions options, Object[] constructorArguments, IInterceptor[] interceptors)
[xUnit.net 00:00:01.14]         /_/src/Moq/Interception/CastleProxyFactory.cs(62,0): at Moq.CastleProxyFactory.CreateProxy(Type mockType, IInterceptor interceptor, Type[] interfaces, Object[] arguments)
[xUnit.net 00:00:01.14]         /_/src/Moq/Mock`1.cs(309,0): at Moq.Mock`1.InitializeInstance()
[xUnit.net 00:00:01.14]         /_/src/Moq/Mock`1.cs(323,0): at Moq.Mock`1.OnGetObject()
[xUnit.net 00:00:01.14]         /_/src/Moq/Mock.cs(181,0): at Moq.Mock.get_Object()
[xUnit.net 00:00:01.14]         /_/src/Moq/Mock`1.cs(281,0): at Moq.Mock`1.get_Object()
[xUnit.net 00:00:01.14]         /mnt/d/git/aula/src/Aula.Tests/Services/OpenAiServiceIntegrationTests.cs(108,0): at Aula.Tests.Services.OpenAiServiceIntegrationTests.SummarizeWeekLetterAsync_WithNullWeekLetter_ThrowsArgumentNullException(ChatInterface chatInterface)
[xUnit.net 00:00:01.14]         --- End of stack trace from previous location ---
[xUnit.net 00:00:01.14]         ----- Inner Stack Trace -----
[xUnit.net 00:00:01.14]            at System.RuntimeType.CreateInstanceImpl(BindingFlags bindingAttr, Binder binder, Object[] args, CultureInfo culture)
[xUnit.net 00:00:01.14]            at Castle.DynamicProxy.ProxyGenerator.CreateClassProxyInstance(Type proxyType, List`1 proxyArguments, Type classToProxy, Object[] constructorArguments)
[xUnit.net 00:00:01.14]       System.ArgumentException : Can not instantiate proxy of class: Aula.Tools.AiToolsManager.
[xUnit.net 00:00:01.14]       Could not find a parameterless constructor. (Parameter 'constructorArguments')
[xUnit.net 00:00:01.14]       ---- System.MissingMethodException : Constructor on type 'Castle.Proxies.AiToolsManagerProxy' not found.
[xUnit.net 00:00:01.14]       Stack Trace:
[xUnit.net 00:00:01.14]            at Castle.DynamicProxy.ProxyGenerator.CreateClassProxyInstance(Type proxyType, List`1 proxyArguments, Type classToProxy, Object[] constructorArguments)
[xUnit.net 00:00:01.14]            at Castle.DynamicProxy.ProxyGenerator.CreateClassProxy(Type classToProxy, Type[] additionalInterfacesToProxy, ProxyGenerationOptions options, Object[] constructorArguments, IInterceptor[] interceptors)
[xUnit.net 00:00:01.14]         /_/src/Moq/Interception/CastleProxyFactory.cs(62,0): at Moq.CastleProxyFactory.CreateProxy(Type mockType, IInterceptor interceptor, Type[] interfaces, Object[] arguments)
[xUnit.net 00:00:01.14]         /_/src/Moq/Mock`1.cs(309,0): at Moq.Mock`1.InitializeInstance()
[xUnit.net 00:00:01.14]         /_/src/Moq/Mock`1.cs(323,0): at Moq.Mock`1.OnGetObject()
[xUnit.net 00:00:01.14]         /_/src/Moq/Mock.cs(181,0): at Moq.Mock.get_Object()
[xUnit.net 00:00:01.14]         /_/src/Moq/Mock`1.cs(281,0): at Moq.Mock`1.get_Object()
[xUnit.net 00:00:01.14]         /mnt/d/git/aula/src/Aula.Tests/Services/OpenAiServiceIntegrationTests.cs(108,0): at Aula.Tests.Services.OpenAiServiceIntegrationTests.SummarizeWeekLetterAsync_WithNullWeekLetter_ThrowsArgumentNullException(ChatInterface chatInterface)
[xUnit.net 00:00:01.14]         --- End of stack trace from previous location ---
[xUnit.net 00:00:01.14]         ----- Inner Stack Trace -----
[xUnit.net 00:00:01.14]            at System.RuntimeType.CreateInstanceImpl(BindingFlags bindingAttr, Binder binder, Object[] args, CultureInfo culture)
[xUnit.net 00:00:01.14]            at Castle.DynamicProxy.ProxyGenerator.CreateClassProxyInstance(Type proxyType, List`1 proxyArguments, Type classToProxy, Object[] constructorArguments)
Telegram integration is disabled. Week letter not posted.
[xUnit.net 00:00:01.14]       System.ArgumentException : Can not instantiate proxy of class: Aula.Tools.AiToolsManager.
[xUnit.net 00:00:01.14]       Could not find a parameterless constructor. (Parameter 'constructorArguments')
[xUnit.net 00:00:01.14]       ---- System.MissingMethodException : Constructor on type 'Castle.Proxies.AiToolsManagerProxy' not found.
[xUnit.net 00:00:01.14]       Stack Trace:
[xUnit.net 00:00:01.14]            at Castle.DynamicProxy.ProxyGenerator.CreateClassProxyInstance(Type proxyType, List`1 proxyArguments, Type classToProxy, Object[] constructorArguments)
[xUnit.net 00:00:01.14]            at Castle.DynamicProxy.ProxyGenerator.CreateClassProxy(Type classToProxy, Type[] additionalInterfacesToProxy, ProxyGenerationOptions options, Object[] constructorArguments, IInterceptor[] interceptors)
[xUnit.net 00:00:01.14]         /_/src/Moq/Interception/CastleProxyFactory.cs(62,0): at Moq.CastleProxyFactory.CreateProxy(Type mockType, IInterceptor interceptor, Type[] interfaces, Object[] arguments)
[xUnit.net 00:00:01.14]         /_/src/Moq/Mock`1.cs(309,0): at Moq.Mock`1.InitializeInstance()
[xUnit.net 00:00:01.14]         /_/src/Moq/Mock`1.cs(323,0): at Moq.Mock`1.OnGetObject()
[xUnit.net 00:00:01.14]         /_/src/Moq/Mock.cs(181,0): at Moq.Mock.get_Object()
[xUnit.net 00:00:01.14]         /_/src/Moq/Mock`1.cs(281,0): at Moq.Mock`1.get_Object()
[xUnit.net 00:00:01.14]         /mnt/d/git/aula/src/Aula.Tests/Services/OpenAiServiceIntegrationTests.cs(269,0): at Aula.Tests.Services.OpenAiServiceIntegrationTests.AskQuestionAboutChildrenAsync_WithValidParameters_CallsApiWithCorrectParameters()
[xUnit.net 00:00:01.14]         --- End of stack trace from previous location ---
[xUnit.net 00:00:01.14]         ----- Inner Stack Trace -----
[xUnit.net 00:00:01.14]            at System.RuntimeType.CreateInstanceImpl(BindingFlags bindingAttr, Binder binder, Object[] args, CultureInfo culture)
[xUnit.net 00:00:01.14]            at Castle.DynamicProxy.ProxyGenerator.CreateClassProxyInstance(Type proxyType, List`1 proxyArguments, Type classToProxy, Object[] constructorArguments)
[xUnit.net 00:00:01.14]       Assert.Equal() Failure: Strings differ
[xUnit.net 00:00:01.15]                  ↓ (pos 0)
[xUnit.net 00:00:01.15]       Expected: "apiKey"
[xUnit.net 00:00:01.15]       Actual:   "constructorArguments"
[xUnit.net 00:00:01.15]                  ↑ (pos 0)
[xUnit.net 00:00:01.15]       Stack Trace:
[xUnit.net 00:00:01.15]         /mnt/d/git/aula/src/Aula.Tests/Services/OpenAiServiceIntegrationTests.cs(49,0): at Aula.Tests.Services.OpenAiServiceIntegrationTests.Constructor_WithEmptyApiKey_ThrowsArgumentException()
[xUnit.net 00:00:01.15]            at System.RuntimeMethodHandle.InvokeMethod(Object target, Void** arguments, Signature sig, Boolean isConstructor)
[xUnit.net 00:00:01.15]            at System.Reflection.MethodBaseInvoker.InvokeWithNoArgs(Object obj, BindingFlags invokeAttr)
[xUnit.net 00:00:01.15]       System.ArgumentException : Can not instantiate proxy of class: Aula.Tools.AiToolsManager.
[xUnit.net 00:00:01.15]       Could not find a parameterless constructor. (Parameter 'constructorArguments')
[xUnit.net 00:00:01.15]       ---- System.MissingMethodException : Constructor on type 'Castle.Proxies.AiToolsManagerProxy' not found.
[xUnit.net 00:00:01.15]       Stack Trace:
[xUnit.net 00:00:01.15]            at Castle.DynamicProxy.ProxyGenerator.CreateClassProxyInstance(Type proxyType, List`1 proxyArguments, Type classToProxy, Object[] constructorArguments)
[xUnit.net 00:00:01.15]            at Castle.DynamicProxy.ProxyGenerator.CreateClassProxy(Type classToProxy, Type[] additionalInterfacesToProxy, ProxyGenerationOptions options, Object[] constructorArguments, IInterceptor[] interceptors)
[xUnit.net 00:00:01.15]         /_/src/Moq/Interception/CastleProxyFactory.cs(62,0): at Moq.CastleProxyFactory.CreateProxy(Type mockType, IInterceptor interceptor, Type[] interfaces, Object[] arguments)
[xUnit.net 00:00:01.15]         /_/src/Moq/Mock`1.cs(309,0): at Moq.Mock`1.InitializeInstance()
[xUnit.net 00:00:01.15]         /_/src/Moq/Mock`1.cs(323,0): at Moq.Mock`1.OnGetObject()
[xUnit.net 00:00:01.15]         /_/src/Moq/Mock.cs(181,0): at Moq.Mock.get_Object()
[xUnit.net 00:00:01.15]         /_/src/Moq/Mock`1.cs(281,0): at Moq.Mock`1.get_Object()
[xUnit.net 00:00:01.15]         /mnt/d/git/aula/src/Aula.Tests/Services/OpenAiServiceIntegrationTests.cs(32,0): at Aula.Tests.Services.OpenAiServiceIntegrationTests.Constructor_WithValidParameters_InitializesCorrectly()
[xUnit.net 00:00:01.15]            at System.RuntimeMethodHandle.InvokeMethod(Object target, Void** arguments, Signature sig, Boolean isConstructor)
[xUnit.net 00:00:01.15]            at System.Reflection.MethodBaseInvoker.InvokeWithNoArgs(Object obj, BindingFlags invokeAttr)
[xUnit.net 00:00:01.15]         ----- Inner Stack Trace -----
[xUnit.net 00:00:01.15]            at System.RuntimeType.CreateInstanceImpl(BindingFlags bindingAttr, Binder binder, Object[] args, CultureInfo culture)
[xUnit.net 00:00:01.15]            at Castle.DynamicProxy.ProxyGenerator.CreateClassProxyInstance(Type proxyType, List`1 proxyArguments, Type classToProxy, Object[] constructorArguments)
[xUnit.net 00:00:01.15]       System.ArgumentException : Can not instantiate proxy of class: Aula.Tools.AiToolsManager.
[xUnit.net 00:00:01.15]       Could not find a parameterless constructor. (Parameter 'constructorArguments')
[xUnit.net 00:00:01.15]       ---- System.MissingMethodException : Constructor on type 'Castle.Proxies.AiToolsManagerProxy' not found.
[xUnit.net 00:00:01.15]       Stack Trace:
[xUnit.net 00:00:01.15]            at Castle.DynamicProxy.ProxyGenerator.CreateClassProxyInstance(Type proxyType, List`1 proxyArguments, Type classToProxy, Object[] constructorArguments)
[xUnit.net 00:00:01.15]            at Castle.DynamicProxy.ProxyGenerator.CreateClassProxy(Type classToProxy, Type[] additionalInterfacesToProxy, ProxyGenerationOptions options, Object[] constructorArguments, IInterceptor[] interceptors)
[xUnit.net 00:00:01.15]         /_/src/Moq/Interception/CastleProxyFactory.cs(62,0): at Moq.CastleProxyFactory.CreateProxy(Type mockType, IInterceptor interceptor, Type[] interfaces, Object[] arguments)
[xUnit.net 00:00:01.15]         /_/src/Moq/Mock`1.cs(309,0): at Moq.Mock`1.InitializeInstance()
[xUnit.net 00:00:01.15]         /_/src/Moq/Mock`1.cs(323,0): at Moq.Mock`1.OnGetObject()
[xUnit.net 00:00:01.15]         /_/src/Moq/Mock.cs(181,0): at Moq.Mock.get_Object()
[xUnit.net 00:00:01.15]         /_/src/Moq/Mock`1.cs(281,0): at Moq.Mock`1.get_Object()
[xUnit.net 00:00:01.15]         /mnt/d/git/aula/src/Aula.Tests/Services/OpenAiServiceIntegrationTests.cs(307,0): at Aula.Tests.Services.OpenAiServiceIntegrationTests.ProcessQueryWithToolsAsync_WithValidParameters_CallsApiWithCorrectParameters()
[xUnit.net 00:00:01.15]         --- End of stack trace from previous location ---
[xUnit.net 00:00:01.15]         ----- Inner Stack Trace -----
[xUnit.net 00:00:01.15]            at System.RuntimeType.CreateInstanceImpl(BindingFlags bindingAttr, Binder binder, Object[] args, CultureInfo culture)
[xUnit.net 00:00:01.15]            at Castle.DynamicProxy.ProxyGenerator.CreateClassProxyInstance(Type proxyType, List`1 proxyArguments, Type classToProxy, Object[] constructorArguments)
[xUnit.net 00:00:01.15]       System.ArgumentException : Can not instantiate proxy of class: Aula.Tools.AiToolsManager.
[xUnit.net 00:00:01.15]       Could not find a parameterless constructor. (Parameter 'constructorArguments')
[xUnit.net 00:00:01.15]       ---- System.MissingMethodException : Constructor on type 'Castle.Proxies.AiToolsManagerProxy' not found.
[xUnit.net 00:00:01.15]       Stack Trace:
[xUnit.net 00:00:01.15]            at Castle.DynamicProxy.ProxyGenerator.CreateClassProxyInstance(Type proxyType, List`1 proxyArguments, Type classToProxy, Object[] constructorArguments)
[xUnit.net 00:00:01.15]            at Castle.DynamicProxy.ProxyGenerator.CreateClassProxy(Type classToProxy, Type[] additionalInterfacesToProxy, ProxyGenerationOptions options, Object[] constructorArguments, IInterceptor[] interceptors)
[xUnit.net 00:00:01.15]         /_/src/Moq/Interception/CastleProxyFactory.cs(62,0): at Moq.CastleProxyFactory.CreateProxy(Type mockType, IInterceptor interceptor, Type[] interfaces, Object[] arguments)
Error sanitizing HTML: Multiple node elements can't be created.. Falling back to plain text.
[xUnit.net 00:00:01.15]         /_/src/Moq/Mock`1.cs(309,0): at Moq.Mock`1.InitializeInstance()
[xUnit.net 00:00:01.15]         /_/src/Moq/Mock`1.cs(323,0): at Moq.Mock`1.OnGetObject()
[xUnit.net 00:00:01.15]         /_/src/Moq/Mock.cs(181,0): at Moq.Mock.get_Object()
[xUnit.net 00:00:01.16]         /_/src/Moq/Mock`1.cs(281,0): at Moq.Mock`1.get_Object()
[xUnit.net 00:00:01.16]         /mnt/d/git/aula/src/Aula.Tests/Services/OpenAiServiceIntegrationTests.cs(215,0): at Aula.Tests.Services.OpenAiServiceIntegrationTests.AskQuestionAboutWeekLetterAsync_WithValidParameters_CallsApiWithCorrectParameters()
[xUnit.net 00:00:01.16]         --- End of stack trace from previous location ---
[xUnit.net 00:00:01.16]         ----- Inner Stack Trace -----
[xUnit.net 00:00:01.16]            at System.RuntimeType.CreateInstanceImpl(BindingFlags bindingAttr, Binder binder, Object[] args, CultureInfo culture)
[xUnit.net 00:00:01.16]            at Castle.DynamicProxy.ProxyGenerator.CreateClassProxyInstance(Type proxyType, List`1 proxyArguments, Type classToProxy, Object[] constructorArguments)
[xUnit.net 00:00:01.16]       System.ArgumentException : Can not instantiate proxy of class: Aula.Tools.AiToolsManager.
[xUnit.net 00:00:01.16]       Could not find a parameterless constructor. (Parameter 'constructorArguments')
[xUnit.net 00:00:01.16]       ---- System.MissingMethodException : Constructor on type 'Castle.Proxies.AiToolsManagerProxy' not found.
[xUnit.net 00:00:01.16]       Stack Trace:
[xUnit.net 00:00:01.16]            at Castle.DynamicProxy.ProxyGenerator.CreateClassProxyInstance(Type proxyType, List`1 proxyArguments, Type classToProxy, Object[] constructorArguments)
[xUnit.net 00:00:01.16]            at Castle.DynamicProxy.ProxyGenerator.CreateClassProxy(Type classToProxy, Type[] additionalInterfacesToProxy, ProxyGenerationOptions options, Object[] constructorArguments, IInterceptor[] interceptors)
[xUnit.net 00:00:01.16]         /_/src/Moq/Interception/CastleProxyFactory.cs(62,0): at Moq.CastleProxyFactory.CreateProxy(Type mockType, IInterceptor interceptor, Type[] interfaces, Object[] arguments)
[xUnit.net 00:00:01.16]         /_/src/Moq/Mock`1.cs(309,0): at Moq.Mock`1.InitializeInstance()
[xUnit.net 00:00:01.16]         /_/src/Moq/Mock`1.cs(323,0): at Moq.Mock`1.OnGetObject()
[xUnit.net 00:00:01.16]         /_/src/Moq/Mock.cs(181,0): at Moq.Mock.get_Object()
[xUnit.net 00:00:01.16]         /_/src/Moq/Mock`1.cs(281,0): at Moq.Mock`1.get_Object()
[xUnit.net 00:00:01.16]         /mnt/d/git/aula/src/Aula.Tests/Services/OpenAiServiceIntegrationTests.cs(339,0): at Aula.Tests.Services.OpenAiServiceIntegrationTests.MultipleConversations_WithDifferentContextKeys_AreHandledSeparately()
[xUnit.net 00:00:01.16]            at System.RuntimeMethodHandle.InvokeMethod(Object target, Void** arguments, Signature sig, Boolean isConstructor)
[xUnit.net 00:00:01.16]            at System.Reflection.MethodBaseInvoker.InvokeWithNoArgs(Object obj, BindingFlags invokeAttr)
[xUnit.net 00:00:01.16]         ----- Inner Stack Trace -----
[xUnit.net 00:00:01.16]            at System.RuntimeType.CreateInstanceImpl(BindingFlags bindingAttr, Binder binder, Object[] args, CultureInfo culture)
[xUnit.net 00:00:01.16]            at Castle.DynamicProxy.ProxyGenerator.CreateClassProxyInstance(Type proxyType, List`1 proxyArguments, Type classToProxy, Object[] constructorArguments)
[xUnit.net 00:00:01.17]       System.ArgumentException : Can not instantiate proxy of class: Aula.Tools.AiToolsManager.
[xUnit.net 00:00:01.17]       Could not find a parameterless constructor. (Parameter 'constructorArguments')
[xUnit.net 00:00:01.17]       ---- System.MissingMethodException : Constructor on type 'Castle.Proxies.AiToolsManagerProxy' not found.
[xUnit.net 00:00:01.17]       Stack Trace:
[xUnit.net 00:00:01.17]            at Castle.DynamicProxy.ProxyGenerator.CreateClassProxyInstance(Type proxyType, List`1 proxyArguments, Type classToProxy, Object[] constructorArguments)
[xUnit.net 00:00:01.17]            at Castle.DynamicProxy.ProxyGenerator.CreateClassProxy(Type classToProxy, Type[] additionalInterfacesToProxy, ProxyGenerationOptions options, Object[] constructorArguments, IInterceptor[] interceptors)
[xUnit.net 00:00:01.17]         /_/src/Moq/Interception/CastleProxyFactory.cs(62,0): at Moq.CastleProxyFactory.CreateProxy(Type mockType, IInterceptor interceptor, Type[] interfaces, Object[] arguments)
[xUnit.net 00:00:01.17]         /_/src/Moq/Mock`1.cs(309,0): at Moq.Mock`1.InitializeInstance()
[xUnit.net 00:00:01.17]         /_/src/Moq/Mock`1.cs(323,0): at Moq.Mock`1.OnGetObject()
[xUnit.net 00:00:01.17]         /_/src/Moq/Mock.cs(181,0): at Moq.Mock.get_Object()
[xUnit.net 00:00:01.17]         /_/src/Moq/Mock`1.cs(281,0): at Moq.Mock`1.get_Object()
[xUnit.net 00:00:01.17]         /mnt/d/git/aula/src/Aula.Tests/Services/OpenAiServiceIntegrationTests.cs(185,0): at Aula.Tests.Services.OpenAiServiceIntegrationTests.SummarizeWeekLetterAsync_WithValidWeekLetter_CallsApiWithCorrectParameters()
[xUnit.net 00:00:01.17]         --- End of stack trace from previous location ---
[xUnit.net 00:00:01.17]         ----- Inner Stack Trace -----
[xUnit.net 00:00:01.17]            at System.RuntimeType.CreateInstanceImpl(BindingFlags bindingAttr, Binder binder, Object[] args, CultureInfo culture)
[xUnit.net 00:00:01.17]            at Castle.DynamicProxy.ProxyGenerator.CreateClassProxyInstance(Type proxyType, List`1 proxyArguments, Type classToProxy, Object[] constructorArguments)
[xUnit.net 00:00:01.19]       Assert.Throws() Failure: Exception type was not an exact match
[xUnit.net 00:00:01.19]       Expected: typeof(System.ArgumentNullException)
[xUnit.net 00:00:01.19]       Actual:   typeof(System.ArgumentException)
[xUnit.net 00:00:01.19]       ---- System.ArgumentException : Can not instantiate proxy of class: Aula.Tools.AiToolsManager.
[xUnit.net 00:00:01.19]       Could not find a parameterless constructor. (Parameter 'constructorArguments')
Error sanitizing HTML: Multiple node elements can't be created.. Falling back to plain text.
[xUnit.net 00:00:01.19]       -------- System.MissingMethodException : Constructor on type 'Castle.Proxies.AiToolsManagerProxy' not found.
Error sanitizing HTML: Multiple node elements can't be created.. Falling back to plain text.
[xUnit.net 00:00:01.19]       Stack Trace:
[xUnit.net 00:00:01.19]         /mnt/d/git/aula/src/Aula.Tests/Services/OpenAiServiceIntegrationTests.cs(63,0): at Aula.Tests.Services.OpenAiServiceIntegrationTests.Constructor_WithNullLoggerFactory_ThrowsArgumentNullException()
[xUnit.net 00:00:01.19]            at System.RuntimeMethodHandle.InvokeMethod(Object target, Void** arguments, Signature sig, Boolean isConstructor)
[xUnit.net 00:00:01.19]            at System.Reflection.MethodBaseInvoker.InvokeWithNoArgs(Object obj, BindingFlags invokeAttr)
[xUnit.net 00:00:01.19]         ----- Inner Stack Trace -----
[xUnit.net 00:00:01.19]            at Castle.DynamicProxy.ProxyGenerator.CreateClassProxyInstance(Type proxyType, List`1 proxyArguments, Type classToProxy, Object[] constructorArguments)
[xUnit.net 00:00:01.19]            at Castle.DynamicProxy.ProxyGenerator.CreateClassProxy(Type classToProxy, Type[] additionalInterfacesToProxy, ProxyGenerationOptions options, Object[] constructorArguments, IInterceptor[] interceptors)
[xUnit.net 00:00:01.19]         /_/src/Moq/Interception/CastleProxyFactory.cs(62,0): at Moq.CastleProxyFactory.CreateProxy(Type mockType, IInterceptor interceptor, Type[] interfaces, Object[] arguments)
[xUnit.net 00:00:01.19]         /_/src/Moq/Mock`1.cs(309,0): at Moq.Mock`1.InitializeInstance()
[xUnit.net 00:00:01.19]         /_/src/Moq/Mock`1.cs(323,0): at Moq.Mock`1.OnGetObject()
Error sanitizing HTML: Multiple node elements can't be created.. Falling back to plain text.
[xUnit.net 00:00:01.19]         /_/src/Moq/Mock.cs(181,0): at Moq.Mock.get_Object()
[xUnit.net 00:00:01.19]         /_/src/Moq/Mock`1.cs(281,0): at Moq.Mock`1.get_Object()
[xUnit.net 00:00:01.19]         /mnt/d/git/aula/src/Aula.Tests/Services/OpenAiServiceIntegrationTests.cs(64,0): at Aula.Tests.Services.OpenAiServiceIntegrationTests.&lt;Constructor_WithNullLoggerFactory_ThrowsArgumentNullException&gt;b__8_0()
[xUnit.net 00:00:01.19]         ----- Inner Stack Trace -----
[xUnit.net 00:00:01.19]            at System.RuntimeType.CreateInstanceImpl(BindingFlags bindingAttr, Binder binder, Object[] args, CultureInfo culture)
[xUnit.net 00:00:01.19]            at Castle.DynamicProxy.ProxyGenerator.CreateClassProxyInstance(Type proxyType, List`1 proxyArguments, Type classToProxy, Object[] constructorArguments)
[xUnit.net 00:00:01.19]       System.ArgumentException : Can not instantiate proxy of class: Aula.Tools.AiToolsManager.
[xUnit.net 00:00:01.19]       Could not find a parameterless constructor. (Parameter 'constructorArguments')
[xUnit.net 00:00:01.19]       ---- System.MissingMethodException : Constructor on type 'Castle.Proxies.AiToolsManagerProxy' not found.
[xUnit.net 00:00:01.19]       Stack Trace:
[xUnit.net 00:00:01.19]            at Castle.DynamicProxy.ProxyGenerator.CreateClassProxyInstance(Type proxyType, List`1 proxyArguments, Type classToProxy, Object[] constructorArguments)
[xUnit.net 00:00:01.19]            at Castle.DynamicProxy.ProxyGenerator.CreateClassProxy(Type classToProxy, Type[] additionalInterfacesToProxy, ProxyGenerationOptions options, Object[] constructorArguments, IInterceptor[] interceptors)
[xUnit.net 00:00:01.19]         /_/src/Moq/Interception/CastleProxyFactory.cs(62,0): at Moq.CastleProxyFactory.CreateProxy(Type mockType, IInterceptor interceptor, Type[] interfaces, Object[] arguments)
[xUnit.net 00:00:01.19]         /_/src/Moq/Mock`1.cs(309,0): at Moq.Mock`1.InitializeInstance()
[xUnit.net 00:00:01.19]         /_/src/Moq/Mock`1.cs(323,0): at Moq.Mock`1.OnGetObject()
[xUnit.net 00:00:01.19]         /_/src/Moq/Mock.cs(181,0): at Moq.Mock.get_Object()
[xUnit.net 00:00:01.19]         /_/src/Moq/Mock`1.cs(281,0): at Moq.Mock`1.get_Object()
[xUnit.net 00:00:01.19]         /mnt/d/git/aula/src/Aula.Tests/Services/OpenAiServiceIntegrationTests.cs(96,0): at Aula.Tests.Services.OpenAiServiceIntegrationTests.ClearConversationHistory_WithContextKey_DoesNotThrow()
[xUnit.net 00:00:01.19]            at System.RuntimeMethodHandle.InvokeMethod(Object target, Void** arguments, Signature sig, Boolean isConstructor)
[xUnit.net 00:00:01.19]            at System.Reflection.MethodBaseInvoker.InvokeWithNoArgs(Object obj, BindingFlags invokeAttr)
[xUnit.net 00:00:01.19]         ----- Inner Stack Trace -----
[xUnit.net 00:00:01.19]            at System.RuntimeType.CreateInstanceImpl(BindingFlags bindingAttr, Binder binder, Object[] args, CultureInfo culture)
[xUnit.net 00:00:01.19]            at Castle.DynamicProxy.ProxyGenerator.CreateClassProxyInstance(Type proxyType, List`1 proxyArguments, Type classToProxy, Object[] constructorArguments)
Telegram integration is disabled. Message not sent.
Error sanitizing HTML: Multiple node elements can't be created.. Falling back to plain text.
Error sending message: Unauthorized
Error sending message: Unauthorized
Error sending message: Unauthorized
Error sending message: Unauthorized
Error sending message: Unauthorized
Error sending message: Unauthorized
Error sending fallback message: Unauthorized
Error sending message: Unauthorized
Error sending fallback message: Unauthorized
Error sending message: Unauthorized
Error sending fallback message: Unauthorized
Error sending fallback message: Unauthorized
Error sending message: Unauthorized
Error sending fallback message: Unauthorized
[xUnit.net 00:00:01.77]       Moq.MockException : 
[xUnit.net 00:00:01.77]       Expected invocation on the mock once, but was 0 times: mock =&gt; mock.SendAsync(It.Is&lt;HttpRequestMessage&gt;(req =&gt; req.Method == HttpMethod.Post &amp;&amp; req.RequestUri.ToString() == "https://slack.com/api/chat.postMessage"), It.IsAny&lt;CancellationToken&gt;())
[xUnit.net 00:00:01.77]       
[xUnit.net 00:00:01.77]       Performed invocations:
[xUnit.net 00:00:01.77]       
[xUnit.net 00:00:01.77]          Mock&lt;HttpMessageHandler:7&gt; (mock):
[xUnit.net 00:00:01.77]          No invocations performed.
[xUnit.net 00:00:01.77]       
[xUnit.net 00:00:01.77]       Stack Trace:
[xUnit.net 00:00:01.77]         /_/src/Moq/Mock.cs(332,0): at Moq.Mock.Verify(Mock mock, LambdaExpression expression, Times times, String failMessage)
[xUnit.net 00:00:01.77]         /_/src/Moq/Protected/ProtectedMock.cs(234,0): at Moq.Protected.ProtectedMock`1.InternalVerify(String methodName, Type[] genericTypeArguments, Times times, Boolean exactParameterMatch, Object[] args)
[xUnit.net 00:00:01.77]         /_/src/Moq/Protected/ProtectedMock.cs(206,0): at Moq.Protected.ProtectedMock`1.Verify(String methodName, Times times, Object[] args)
[xUnit.net 00:00:01.77]         /mnt/d/git/aula/src/Aula.Tests/Bots/SlackInteractiveBotTests.cs(228,0): at Aula.Tests.Bots.SlackInteractiveBotTests.PostWeekLetter_WithValidData_PostsSuccessfully()
[xUnit.net 00:00:01.77]         --- End of stack trace from previous location ---
Error sending message: Username value should be Identifier or Username that starts with @ (Parameter 'username')
Error sending message: Username value should be Identifier or Username that starts with @ (Parameter 'username')
[xUnit.net 00:00:02.02]       Moq.MockException : 
[xUnit.net 00:00:02.02]       Expected invocation on the mock once, but was 0 times: logger =&gt; logger.Log&lt;It.IsAnyType&gt;(LogLevel.Information, It.IsAny&lt;EventId&gt;(), It.Is&lt;It.IsAnyType&gt;((v, t) =&gt; v.ToString().Contains("already posted")), null, It.IsAny&lt;Func&lt;It.IsAnyType, Exception, string&gt;&gt;())
[xUnit.net 00:00:02.02]       
[xUnit.net 00:00:02.02]       Performed invocations:
[xUnit.net 00:00:02.02]       
[xUnit.net 00:00:02.02]          Mock&lt;ILogger:248&gt; (logger):
[xUnit.net 00:00:02.02]       
[xUnit.net 00:00:02.02]             ILogger.Log&lt;FormattedLogValues&gt;(LogLevel.Warning, 0, Failed to post week letter for Emma, null, Func&lt;FormattedLogValues, Exception, string&gt;)
[xUnit.net 00:00:02.02]             ILogger.Log&lt;FormattedLogValues&gt;(LogLevel.Warning, 0, Failed to post week letter for Emma, null, Func&lt;FormattedLogValues, Exception, string&gt;)
[xUnit.net 00:00:02.02]       
[xUnit.net 00:00:02.02]       Stack Trace:
[xUnit.net 00:00:02.02]         /_/src/Moq/Mock.cs(332,0): at Moq.Mock.Verify(Mock mock, LambdaExpression expression, Times times, String failMessage)
[xUnit.net 00:00:02.02]         /_/src/Moq/Mock`1.cs(727,0): at Moq.Mock`1.Verify(Expression`1 expression, Times times)
[xUnit.net 00:00:02.02]         /_/src/Moq/Mock`1.cs(741,0): at Moq.Mock`1.Verify(Expression`1 expression, Func`1 times)
[xUnit.net 00:00:02.02]         /mnt/d/git/aula/src/Aula.Tests/Bots/TelegramInteractiveBotTests.cs(282,0): at Aula.Tests.Bots.TelegramInteractiveBotTests.PostWeekLetter_WithDuplicateContent_SkipsDuplicate()
[xUnit.net 00:00:02.02]         --- End of stack trace from previous location ---
[xUnit.net 00:00:02.16]       Moq.MockException : 
[xUnit.net 00:00:02.16]       Expected invocation on the mock once, but was 0 times: logger =&gt; logger.Log&lt;It.IsAnyType&gt;(LogLevel.Error, It.IsAny&lt;EventId&gt;(), It.Is&lt;It.IsAnyType&gt;((v, t) =&gt; v.ToString().Contains("Failed to post week letter: HTTP")), null, It.IsAny&lt;Func&lt;It.IsAnyType, Exception, string&gt;&gt;())
[xUnit.net 00:00:02.16]       
[xUnit.net 00:00:02.16]       Performed invocations:
[xUnit.net 00:00:02.16]       
[xUnit.net 00:00:02.16]          Mock&lt;ILogger:247&gt; (logger):
[xUnit.net 00:00:02.16]       
[xUnit.net 00:00:02.16]             ILogger.Log&lt;FormattedLogValues&gt;(LogLevel.Information, 0, Posting week letter for Emma, null, Func&lt;FormattedLogValues, Exception, string&gt;)
[xUnit.net 00:00:02.16]             ILogger.Log&lt;FormattedLogValues&gt;(LogLevel.Error, 0, Failed to post week letter: not_authed, null, Func&lt;FormattedLogValues, Exception, string&gt;)
[xUnit.net 00:00:02.16]       
[xUnit.net 00:00:02.16]       Stack Trace:
[xUnit.net 00:00:02.16]         /_/src/Moq/Mock.cs(332,0): at Moq.Mock.Verify(Mock mock, LambdaExpression expression, Times times, String failMessage)
[xUnit.net 00:00:02.16]         /_/src/Moq/Mock`1.cs(727,0): at Moq.Mock`1.Verify(Expression`1 expression, Times times)
[xUnit.net 00:00:02.16]         /_/src/Moq/Mock`1.cs(741,0): at Moq.Mock`1.Verify(Expression`1 expression, Func`1 times)
[xUnit.net 00:00:02.16]         /mnt/d/git/aula/src/Aula.Tests/Bots/SlackInteractiveBotTests.cs(305,0): at Aula.Tests.Bots.SlackInteractiveBotTests.PostWeekLetter_WithHttpError_LogsError()
[xUnit.net 00:00:02.16]         --- End of stack trace from previous location ---
Error sending message: Unauthorized
[xUnit.net 00:00:02.58]       Moq.MockException : 
[xUnit.net 00:00:02.58]       Expected invocation on the mock once, but was 0 times: logger =&gt; logger.Log&lt;It.IsAnyType&gt;(LogLevel.Error, It.IsAny&lt;EventId&gt;(), It.Is&lt;It.IsAnyType&gt;((v, t) =&gt; v.ToString().Contains("Failed to post week letter: channel_not_found")), null, It.IsAny&lt;Func&lt;It.IsAnyType, Exception, string&gt;&gt;())
[xUnit.net 00:00:02.58]       
[xUnit.net 00:00:02.58]       Performed invocations:
[xUnit.net 00:00:02.58]       
[xUnit.net 00:00:02.58]          Mock&lt;ILogger:267&gt; (logger):
[xUnit.net 00:00:02.58]       
[xUnit.net 00:00:02.59]             ILogger.Log&lt;FormattedLogValues&gt;(LogLevel.Information, 0, Posting week letter for Emma, null, Func&lt;FormattedLogValues, Exception, string&gt;)
[xUnit.net 00:00:02.59]             ILogger.Log&lt;FormattedLogValues&gt;(LogLevel.Error, 0, Failed to post week letter: not_authed, null, Func&lt;FormattedLogValues, Exception, string&gt;)
[xUnit.net 00:00:02.59]       
[xUnit.net 00:00:02.59]       Stack Trace:
[xUnit.net 00:00:02.59]         /_/src/Moq/Mock.cs(332,0): at Moq.Mock.Verify(Mock mock, LambdaExpression expression, Times times, String failMessage)
[xUnit.net 00:00:02.59]         /_/src/Moq/Mock`1.cs(727,0): at Moq.Mock`1.Verify(Expression`1 expression, Times times)
[xUnit.net 00:00:02.59]         /_/src/Moq/Mock`1.cs(741,0): at Moq.Mock`1.Verify(Expression`1 expression, Func`1 times)
[xUnit.net 00:00:02.59]         /mnt/d/git/aula/src/Aula.Tests/Bots/SlackInteractiveBotTests.cs(333,0): at Aula.Tests.Bots.SlackInteractiveBotTests.PostWeekLetter_WithSlackApiError_LogsError()
[xUnit.net 00:00:02.59]         --- End of stack trace from previous location ---
[xUnit.net 00:00:04.27]       Moq.MockException : 
[xUnit.net 00:00:04.27]       Expected invocation on the mock once, but was 0 times: mock =&gt; mock.SendAsync(It.Is&lt;HttpRequestMessage&gt;(req =&gt; req.Method == HttpMethod.Post &amp;&amp; req.RequestUri.ToString() == "https://slack.com/api/chat.postMessage"), It.IsAny&lt;CancellationToken&gt;())
[xUnit.net 00:00:04.27]       
[xUnit.net 00:00:04.27]       Performed invocations:
[xUnit.net 00:00:04.27]       
[xUnit.net 00:00:04.27]          Mock&lt;HttpMessageHandler:13&gt; (mock):
[xUnit.net 00:00:04.27]          No invocations performed.
[xUnit.net 00:00:04.27]       
[xUnit.net 00:00:04.27]       Stack Trace:
[xUnit.net 00:00:04.27]         /_/src/Moq/Mock.cs(332,0): at Moq.Mock.Verify(Mock mock, LambdaExpression expression, Times times, String failMessage)
[xUnit.net 00:00:04.27]         /_/src/Moq/Protected/ProtectedMock.cs(234,0): at Moq.Protected.ProtectedMock`1.InternalVerify(String methodName, Type[] genericTypeArguments, Times times, Boolean exactParameterMatch, Object[] args)
[xUnit.net 00:00:04.27]         /_/src/Moq/Protected/ProtectedMock.cs(206,0): at Moq.Protected.ProtectedMock`1.Verify(String methodName, Times times, Object[] args)
[xUnit.net 00:00:04.27]         /mnt/d/git/aula/src/Aula.Tests/Bots/SlackInteractiveBotTests.cs(172,0): at Aula.Tests.Bots.SlackInteractiveBotTests.SendMessage_WithValidText_SendsSuccessfully()
[xUnit.net 00:00:04.27]         --- End of stack trace from previous location ---
[xUnit.net 00:00:04.67]       Moq.MockException : 
[xUnit.net 00:00:04.67]       Expected invocation on the mock once, but was 0 times: mock =&gt; mock.SendAsync(It.IsAny&lt;HttpRequestMessage&gt;(), It.IsAny&lt;CancellationToken&gt;())
[xUnit.net 00:00:04.67]       
[xUnit.net 00:00:04.67]       Performed invocations:
[xUnit.net 00:00:04.67]       
[xUnit.net 00:00:04.67]          Mock&lt;HttpMessageHandler:16&gt; (mock):
[xUnit.net 00:00:04.67]          No invocations performed.
[xUnit.net 00:00:04.67]       
[xUnit.net 00:00:04.67]       Stack Trace:
[xUnit.net 00:00:04.67]         /_/src/Moq/Mock.cs(332,0): at Moq.Mock.Verify(Mock mock, LambdaExpression expression, Times times, String failMessage)
[xUnit.net 00:00:04.67]         /_/src/Moq/Protected/ProtectedMock.cs(234,0): at Moq.Protected.ProtectedMock`1.InternalVerify(String methodName, Type[] genericTypeArguments, Times times, Boolean exactParameterMatch, Object[] args)
[xUnit.net 00:00:04.67]         /_/src/Moq/Protected/ProtectedMock.cs(206,0): at Moq.Protected.ProtectedMock`1.Verify(String methodName, Times times, Object[] args)
[xUnit.net 00:00:04.67]         /mnt/d/git/aula/src/Aula.Tests/Bots/SlackInteractiveBotTests.cs(274,0): at Aula.Tests.Bots.SlackInteractiveBotTests.PostWeekLetter_WithDuplicateContent_SkipsDuplicate()
[xUnit.net 00:00:04.67]         --- End of stack trace from previous location ---
[xUnit.net 00:00:04.68]   Finished:    Aula.Tests
</StdOut>
    </Output>
    <RunInfos>
      <RunInfo computerName="RHO-DESKTOP" outcome="Error" timestamp="2025-06-30T18:59:47.4078774+02:00">
        <Text>[xUnit.net 00:00:00.71]     Aula.Tests.Bots.TelegramMessageHandlerTests.HandleMessageAsync_WithHelpCommand_ProcessesHelpMessage(helpCommand: "HJÆLP") [FAIL]</Text>
      </RunInfo>
      <RunInfo computerName="RHO-DESKTOP" outcome="Error" timestamp="2025-06-30T18:59:47.4282478+02:00">
        <Text>[xUnit.net 00:00:00.73]     Aula.Tests.Services.OpenAiServiceIntegrationTests.Constructor_WithNullApiKey_ThrowsArgumentException [FAIL]</Text>
      </RunInfo>
      <RunInfo computerName="RHO-DESKTOP" outcome="Error" timestamp="2025-06-30T18:59:47.4283437+02:00">
        <Text>[xUnit.net 00:00:00.73]     Aula.Tests.Bots.SlackMessageHandlerTests.HandleMessageAsync_WithNullText_ReturnsFalse [FAIL]</Text>
      </RunInfo>
      <RunInfo computerName="RHO-DESKTOP" outcome="Error" timestamp="2025-06-30T18:59:47.4341209+02:00">
        <Text>[xUnit.net 00:00:00.73]     Aula.Tests.Bots.SlackMessageHandlerTests.HandleMessageAsync_WithNullChannel_ReturnsFalse [FAIL]</Text>
      </RunInfo>
      <RunInfo computerName="RHO-DESKTOP" outcome="Error" timestamp="2025-06-30T18:59:47.4342518+02:00">
        <Text>[xUnit.net 00:00:00.73]     Aula.Tests.Bots.TelegramMessageHandlerTests.HandleMessageAsync_WithHelpCommand_ProcessesHelpMessage(helpCommand: "hjælp") [FAIL]</Text>
      </RunInfo>
      <RunInfo computerName="RHO-DESKTOP" outcome="Error" timestamp="2025-06-30T18:59:47.4367038+02:00">
        <Text>[xUnit.net 00:00:00.74]     Aula.Tests.Bots.TelegramMessageHandlerTests.HandleMessageAsync_WithHelpCommand_ProcessesHelpMessage(helpCommand: "HELP") [FAIL]</Text>
      </RunInfo>
      <RunInfo computerName="RHO-DESKTOP" outcome="Error" timestamp="2025-06-30T18:59:47.4420033+02:00">
        <Text>[xUnit.net 00:00:00.74]     Aula.Tests.Bots.TelegramMessageHandlerTests.HandleMessageAsync_WithHelpCommand_ProcessesHelpMessage(helpCommand: "help") [FAIL]</Text>
      </RunInfo>
      <RunInfo computerName="RHO-DESKTOP" outcome="Error" timestamp="2025-06-30T18:59:47.4456430+02:00">
        <Text>[xUnit.net 00:00:00.75]     Aula.Tests.Bots.TelegramMessageHandlerTests.HandleMessageAsync_WithEmptyText_ReturnsEarly [FAIL]</Text>
      </RunInfo>
      <RunInfo computerName="RHO-DESKTOP" outcome="Error" timestamp="2025-06-30T18:59:47.4457901+02:00">
        <Text>[xUnit.net 00:00:00.75]     Aula.Tests.Bots.TelegramMessageHandlerTests.HandleMessageAsync_WithValidQuery_ProcessesSuccessfully(queryText: "Hvad skal Emma i dag?") [FAIL]</Text>
      </RunInfo>
      <RunInfo computerName="RHO-DESKTOP" outcome="Error" timestamp="2025-06-30T18:59:47.4478425+02:00">
        <Text>[xUnit.net 00:00:00.75]     Aula.Tests.Bots.TelegramMessageHandlerTests.HandleMessageAsync_WithValidQuery_ProcessesSuccessfully(queryText: "Vis ugeplanen") [FAIL]</Text>
      </RunInfo>
      <RunInfo computerName="RHO-DESKTOP" outcome="Error" timestamp="2025-06-30T18:59:47.4559181+02:00">
        <Text>[xUnit.net 00:00:00.75]     Aula.Tests.Bots.TelegramMessageHandlerTests.HandleMessageAsync_WithValidQuery_ProcessesSuccessfully(queryText: "What is Hans doing tomorrow?") [FAIL]</Text>
      </RunInfo>
      <RunInfo computerName="RHO-DESKTOP" outcome="Error" timestamp="2025-06-30T18:59:47.4574746+02:00">
        <Text>[xUnit.net 00:00:00.76]     Aula.Tests.Bots.TelegramMessageHandlerTests.HandleMessageAsync_WithReminderCommand_CallsReminderHandler(reminderCommand: "slet påmindelse") [FAIL]</Text>
      </RunInfo>
      <RunInfo computerName="RHO-DESKTOP" outcome="Error" timestamp="2025-06-30T18:59:47.4696815+02:00">
        <Text>[xUnit.net 00:00:00.77]     Aula.Tests.Bots.TelegramMessageHandlerTests.HandleMessageAsync_WithReminderCommand_CallsReminderHandler(reminderCommand: "mind mig om noget") [FAIL]</Text>
      </RunInfo>
      <RunInfo computerName="RHO-DESKTOP" outcome="Error" timestamp="2025-06-30T18:59:47.5021733+02:00">
        <Text>[xUnit.net 00:00:00.79]     Aula.Tests.Bots.TelegramMessageHandlerTests.HandleMessageAsync_WithReminderCommand_CallsReminderHandler(reminderCommand: "vis påmindelser") [FAIL]</Text>
      </RunInfo>
      <RunInfo computerName="RHO-DESKTOP" outcome="Error" timestamp="2025-06-30T18:59:47.5023904+02:00">
        <Text>[xUnit.net 00:00:00.79]     Aula.Tests.Bots.TelegramMessageHandlerTests.HandleMessageAsync_WithReminderCommand_CallsReminderHandler(reminderCommand: "tilføj påmindelse") [FAIL]</Text>
      </RunInfo>
      <RunInfo computerName="RHO-DESKTOP" outcome="Error" timestamp="2025-06-30T18:59:47.5053994+02:00">
        <Text>[xUnit.net 00:00:00.80]     Aula.Tests.Bots.SlackMessageHandlerTests.HandleMessageAsync_WithValidMessage_ReturnsTrue [FAIL]</Text>
      </RunInfo>
      <RunInfo computerName="RHO-DESKTOP" outcome="Error" timestamp="2025-06-30T18:59:47.5081861+02:00">
        <Text>[xUnit.net 00:00:00.81]     Aula.Tests.Bots.SlackMessageHandlerTests.Constructor_WithValidParameters_InitializesCorrectly [FAIL]</Text>
      </RunInfo>
      <RunInfo computerName="RHO-DESKTOP" outcome="Error" timestamp="2025-06-30T18:59:47.5083327+02:00">
        <Text>[xUnit.net 00:00:00.81]     Aula.Tests.Bots.SlackMessageHandlerTests.HandleMessageAsync_WithValidQuery_ProcessesSuccessfully(queryText: "Vis ugeplanen") [FAIL]</Text>
      </RunInfo>
      <RunInfo computerName="RHO-DESKTOP" outcome="Error" timestamp="2025-06-30T18:59:47.5143416+02:00">
        <Text>[xUnit.net 00:00:00.82]     Aula.Tests.Bots.SlackMessageHandlerTests.HandleMessageAsync_WithValidQuery_ProcessesSuccessfully(queryText: "Hvad skal Emma i dag?") [FAIL]</Text>
      </RunInfo>
      <RunInfo computerName="RHO-DESKTOP" outcome="Error" timestamp="2025-06-30T18:59:47.5153977+02:00">
        <Text>[xUnit.net 00:00:00.82]     Aula.Tests.Bots.TelegramMessageHandlerTests.Constructor_WithNullConversationContextManager_ThrowsArgumentNullException [FAIL]</Text>
      </RunInfo>
      <RunInfo computerName="RHO-DESKTOP" outcome="Error" timestamp="2025-06-30T18:59:47.5193469+02:00">
        <Text>[xUnit.net 00:00:00.82]     Aula.Tests.Bots.SlackMessageHandlerTests.HandleMessageAsync_WithValidQuery_ProcessesSuccessfully(queryText: "What is Hans doing tomorrow?") [FAIL]</Text>
      </RunInfo>
      <RunInfo computerName="RHO-DESKTOP" outcome="Error" timestamp="2025-06-30T18:59:47.5203847+02:00">
        <Text>[xUnit.net 00:00:00.82]     Aula.Tests.Bots.SlackMessageHandlerTests.HandleMessageAsync_WithHelpCommand_ProcessesHelpMessage(helpCommand: "help") [FAIL]</Text>
      </RunInfo>
      <RunInfo computerName="RHO-DESKTOP" outcome="Error" timestamp="2025-06-30T18:59:47.5324504+02:00">
        <Text>[xUnit.net 00:00:00.83]     Aula.Tests.Bots.SlackMessageHandlerTests.HandleMessageAsync_WithHelpCommand_ProcessesHelpMessage(helpCommand: "HELP") [FAIL]</Text>
      </RunInfo>
      <RunInfo computerName="RHO-DESKTOP" outcome="Error" timestamp="2025-06-30T18:59:47.5326274+02:00">
        <Text>[xUnit.net 00:00:00.84]     Aula.Tests.Bots.SlackMessageHandlerTests.HandleMessageAsync_WithHelpCommand_ProcessesHelpMessage(helpCommand: "HJÆLP") [FAIL]</Text>
      </RunInfo>
      <RunInfo computerName="RHO-DESKTOP" outcome="Error" timestamp="2025-06-30T18:59:47.5383413+02:00">
        <Text>[xUnit.net 00:00:00.84]     Aula.Tests.Bots.SlackMessageHandlerTests.HandleMessageAsync_WithHelpCommand_ProcessesHelpMessage(helpCommand: "hjælp") [FAIL]</Text>
      </RunInfo>
      <RunInfo computerName="RHO-DESKTOP" outcome="Error" timestamp="2025-06-30T18:59:47.5436969+02:00">
        <Text>[xUnit.net 00:00:00.85]     Aula.Tests.Bots.TelegramMessageHandlerTests.Constructor_WithNullSupabaseService_ThrowsArgumentNullException [FAIL]</Text>
      </RunInfo>
      <RunInfo computerName="RHO-DESKTOP" outcome="Error" timestamp="2025-06-30T18:59:47.5492565+02:00">
        <Text>[xUnit.net 00:00:00.85]     Aula.Tests.Bots.SlackMessageHandlerTests.Constructor_WithNullHttpClient_ThrowsArgumentNullException [FAIL]</Text>
      </RunInfo>
      <RunInfo computerName="RHO-DESKTOP" outcome="Error" timestamp="2025-06-30T18:59:47.5513275+02:00">
        <Text>[xUnit.net 00:00:00.85]     Aula.Tests.Bots.SlackMessageHandlerTests.Constructor_WithNullAgentService_ThrowsArgumentNullException [FAIL]</Text>
      </RunInfo>
      <RunInfo computerName="RHO-DESKTOP" outcome="Error" timestamp="2025-06-30T18:59:47.5608658+02:00">
        <Text>[xUnit.net 00:00:00.86]     Aula.Tests.Bots.SlackMessageHandlerTests.Constructor_WithNullConversationContext_ThrowsArgumentNullException [FAIL]</Text>
      </RunInfo>
      <RunInfo computerName="RHO-DESKTOP" outcome="Error" timestamp="2025-06-30T18:59:47.5664020+02:00">
        <Text>[xUnit.net 00:00:00.87]     Aula.Tests.Bots.TelegramMessageHandlerTests.Constructor_WithNullAgentService_ThrowsArgumentNullException [FAIL]</Text>
      </RunInfo>
      <RunInfo computerName="RHO-DESKTOP" outcome="Error" timestamp="2025-06-30T18:59:47.5798196+02:00">
        <Text>[xUnit.net 00:00:00.87]     Aula.Tests.Bots.SlackMessageHandlerTests.HandleMessageAsync_WithReminderCommand_CallsReminderHandler(reminderCommand: "mind mig om noget") [FAIL]</Text>
      </RunInfo>
      <RunInfo computerName="RHO-DESKTOP" outcome="Error" timestamp="2025-06-30T18:59:47.5822461+02:00">
        <Text>[xUnit.net 00:00:00.88]     Aula.Tests.Bots.SlackMessageHandlerTests.HandleMessageAsync_WithReminderCommand_CallsReminderHandler(reminderCommand: "vis påmindelser") [FAIL]</Text>
      </RunInfo>
      <RunInfo computerName="RHO-DESKTOP" outcome="Error" timestamp="2025-06-30T18:59:47.5840003+02:00">
        <Text>[xUnit.net 00:00:00.89]     Aula.Tests.Bots.SlackMessageHandlerTests.HandleMessageAsync_WithReminderCommand_CallsReminderHandler(reminderCommand: "tilføj påmindelse") [FAIL]</Text>
      </RunInfo>
      <RunInfo computerName="RHO-DESKTOP" outcome="Error" timestamp="2025-06-30T18:59:47.5998419+02:00">
        <Text>[xUnit.net 00:00:00.89]     Aula.Tests.Bots.SlackMessageHandlerTests.HandleMessageAsync_WithReminderCommand_CallsReminderHandler(reminderCommand: "slet påmindelse") [FAIL]</Text>
      </RunInfo>
      <RunInfo computerName="RHO-DESKTOP" outcome="Error" timestamp="2025-06-30T18:59:47.5999977+02:00">
        <Text>[xUnit.net 00:00:00.89]     Aula.Tests.Bots.TelegramMessageHandlerTests.HandleMessageAsync_WithTextMessage_ProcessesSuccessfully [FAIL]</Text>
      </RunInfo>
      <RunInfo computerName="RHO-DESKTOP" outcome="Error" timestamp="2025-06-30T18:59:47.6016242+02:00">
        <Text>[xUnit.net 00:00:00.90]     Aula.Tests.Bots.SlackMessageHandlerTests.Constructor_WithNullReminderHandler_ThrowsArgumentNullException [FAIL]</Text>
      </RunInfo>
      <RunInfo computerName="RHO-DESKTOP" outcome="Error" timestamp="2025-06-30T18:59:47.6195488+02:00">
        <Text>[xUnit.net 00:00:00.91]     Aula.Tests.Bots.TelegramMessageHandlerTests.HandleMessageAsync_WithException_LogsError [FAIL]</Text>
      </RunInfo>
      <RunInfo computerName="RHO-DESKTOP" outcome="Error" timestamp="2025-06-30T18:59:47.6389243+02:00">
        <Text>[xUnit.net 00:00:00.92]     Aula.Tests.Bots.SlackMessageHandlerTests.HandleMessageAsync_WithEmptyText_ReturnsFalse [FAIL]</Text>
      </RunInfo>
      <RunInfo computerName="RHO-DESKTOP" outcome="Error" timestamp="2025-06-30T18:59:47.6462257+02:00">
        <Text>[xUnit.net 00:00:00.92]     Aula.Tests.Bots.TelegramMessageHandlerTests.HandleMessageAsync_WithNonTextMessage_ReturnsEarly [FAIL]</Text>
      </RunInfo>
      <RunInfo computerName="RHO-DESKTOP" outcome="Error" timestamp="2025-06-30T18:59:47.6463746+02:00">
        <Text>[xUnit.net 00:00:00.93]     Aula.Tests.Bots.SlackMessageHandlerTests.Constructor_WithNullChildrenByName_ThrowsArgumentNullException [FAIL]</Text>
      </RunInfo>
      <RunInfo computerName="RHO-DESKTOP" outcome="Error" timestamp="2025-06-30T18:59:47.6518272+02:00">
        <Text>[xUnit.net 00:00:00.95]     Aula.Tests.Bots.TelegramMessageHandlerTests.Constructor_WithNullChildrenByName_ThrowsArgumentNullException [FAIL]</Text>
      </RunInfo>
      <RunInfo computerName="RHO-DESKTOP" outcome="Error" timestamp="2025-06-30T18:59:47.6662913+02:00">
        <Text>[xUnit.net 00:00:00.96]     Aula.Tests.Bots.SlackMessageHandlerTests.HandleMessageAsync_WithException_LogsErrorAndReturnsFalse [FAIL]</Text>
      </RunInfo>
      <RunInfo computerName="RHO-DESKTOP" outcome="Error" timestamp="2025-06-30T18:59:47.6690202+02:00">
        <Text>[xUnit.net 00:00:00.96]     Aula.Tests.Bots.TelegramMessageHandlerTests.HandleMessageAsync_WithNullText_ReturnsEarly [FAIL]</Text>
      </RunInfo>
      <RunInfo computerName="RHO-DESKTOP" outcome="Error" timestamp="2025-06-30T18:59:47.6784663+02:00">
        <Text>[xUnit.net 00:00:00.96]     Aula.Tests.Bots.TelegramMessageHandlerTests.HandleMessageAsync_WithPrivateChat_HandlesCorrectly [FAIL]</Text>
      </RunInfo>
      <RunInfo computerName="RHO-DESKTOP" outcome="Error" timestamp="2025-06-30T18:59:47.6831498+02:00">
        <Text>[xUnit.net 00:00:00.97]     Aula.Tests.Bots.SlackMessageHandlerTests.Constructor_WithNullConfig_ThrowsArgumentNullException [FAIL]</Text>
      </RunInfo>
      <RunInfo computerName="RHO-DESKTOP" outcome="Error" timestamp="2025-06-30T18:59:47.6832656+02:00">
        <Text>[xUnit.net 00:00:00.97]     Aula.Tests.Bots.TelegramMessageHandlerTests.Constructor_WithNullLogger_ThrowsArgumentNullException [FAIL]</Text>
      </RunInfo>
      <RunInfo computerName="RHO-DESKTOP" outcome="Error" timestamp="2025-06-30T18:59:47.7155027+02:00">
        <Text>[xUnit.net 00:00:01.02]     Aula.Tests.Bots.TelegramMessageHandlerTests.HandleMessageAsync_WithGroupChat_HandlesCorrectly [FAIL]</Text>
      </RunInfo>
      <RunInfo computerName="RHO-DESKTOP" outcome="Error" timestamp="2025-06-30T18:59:47.7250086+02:00">
        <Text>[xUnit.net 00:00:01.02]     Aula.Tests.Bots.TelegramMessageHandlerTests.Constructor_WithNullConfig_ThrowsArgumentNullException [FAIL]</Text>
      </RunInfo>
      <RunInfo computerName="RHO-DESKTOP" outcome="Error" timestamp="2025-06-30T18:59:47.7265556+02:00">
        <Text>[xUnit.net 00:00:01.03]     Aula.Tests.Bots.SlackMessageHandlerTests.HandleMessageAsync_WithEmptyChannel_ReturnsFalse [FAIL]</Text>
      </RunInfo>
      <RunInfo computerName="RHO-DESKTOP" outcome="Error" timestamp="2025-06-30T18:59:47.7329642+02:00">
        <Text>[xUnit.net 00:00:01.03]     Aula.Tests.Bots.TelegramMessageHandlerTests.HandleMessageAsync_LogsMessageProcessing [FAIL]</Text>
      </RunInfo>
      <RunInfo computerName="RHO-DESKTOP" outcome="Error" timestamp="2025-06-30T18:59:47.7431136+02:00">
        <Text>[xUnit.net 00:00:01.03]     Aula.Tests.Bots.TelegramMessageHandlerTests.Constructor_WithNullReminderHandler_ThrowsArgumentNullException [FAIL]</Text>
      </RunInfo>
      <RunInfo computerName="RHO-DESKTOP" outcome="Error" timestamp="2025-06-30T18:59:47.7432350+02:00">
        <Text>[xUnit.net 00:00:01.04]     Aula.Tests.Bots.SlackMessageHandlerTests.Constructor_WithNullLogger_ThrowsArgumentNullException [FAIL]</Text>
      </RunInfo>
      <RunInfo computerName="RHO-DESKTOP" outcome="Error" timestamp="2025-06-30T18:59:47.7494033+02:00">
        <Text>[xUnit.net 00:00:01.04]     Aula.Tests.Bots.TelegramMessageHandlerTests.HandleMessageAsync_WithCancellationToken_RespectsCancellation [FAIL]</Text>
      </RunInfo>
      <RunInfo computerName="RHO-DESKTOP" outcome="Error" timestamp="2025-06-30T18:59:47.7504849+02:00">
        <Text>[xUnit.net 00:00:01.04]     Aula.Tests.Bots.SlackMessageHandlerTests.HandleMessageAsync_LogsMessageProcessing [FAIL]</Text>
      </RunInfo>
      <RunInfo computerName="RHO-DESKTOP" outcome="Error" timestamp="2025-06-30T18:59:47.7558200+02:00">
        <Text>[xUnit.net 00:00:01.04]     Aula.Tests.Bots.TelegramMessageHandlerTests.Constructor_WithValidParameters_InitializesCorrectly [FAIL]</Text>
      </RunInfo>
      <RunInfo computerName="RHO-DESKTOP" outcome="Error" timestamp="2025-06-30T18:59:47.7619254+02:00">
        <Text>[xUnit.net 00:00:01.05]     Aula.Tests.Services.OpenAiServiceIntegrationTests.Constructor_WithCustomModel_UsesSpecifiedModel [FAIL]</Text>
      </RunInfo>
      <RunInfo computerName="RHO-DESKTOP" outcome="Error" timestamp="2025-06-30T18:59:47.7687306+02:00">
        <Text>[xUnit.net 00:00:01.05]     Aula.Tests.Services.OpenAiServiceIntegrationTests.AskQuestionAboutChildrenAsync_WithNullChildrenWeekLetters_ThrowsArgumentNullException(chatInterface: Slack) [FAIL]</Text>
      </RunInfo>
      <RunInfo computerName="RHO-DESKTOP" outcome="Error" timestamp="2025-06-30T18:59:47.7697266+02:00">
        <Text>[xUnit.net 00:00:01.06]     Aula.Tests.Services.OpenAiServiceIntegrationTests.AskQuestionAboutChildrenAsync_WithNullChildrenWeekLetters_ThrowsArgumentNullException(chatInterface: Telegram) [FAIL]</Text>
      </RunInfo>
      <RunInfo computerName="RHO-DESKTOP" outcome="Error" timestamp="2025-06-30T18:59:47.7698197+02:00">
        <Text>[xUnit.net 00:00:01.06]     Aula.Tests.Services.OpenAiServiceIntegrationTests.Constructor_WithWhitespaceApiKey_ThrowsArgumentException [FAIL]</Text>
      </RunInfo>
      <RunInfo computerName="RHO-DESKTOP" outcome="Error" timestamp="2025-06-30T18:59:47.7698814+02:00">
        <Text>[xUnit.net 00:00:01.06]     Aula.Tests.Services.OpenAiServiceIntegrationTests.ClearConversationHistory_WithoutContextKey_DoesNotThrow [FAIL]</Text>
      </RunInfo>
      <RunInfo computerName="RHO-DESKTOP" outcome="Error" timestamp="2025-06-30T18:59:47.7699716+02:00">
        <Text>[xUnit.net 00:00:01.07]     Aula.Tests.Services.OpenAiServiceIntegrationTests.ExtractKeyInformationAsync_WithNullWeekLetter_ThrowsArgumentNullException(chatInterface: Telegram) [FAIL]</Text>
      </RunInfo>
      <RunInfo computerName="RHO-DESKTOP" outcome="Error" timestamp="2025-06-30T18:59:47.7730992+02:00">
        <Text>[xUnit.net 00:00:01.07]     Aula.Tests.Services.OpenAiServiceIntegrationTests.ExtractKeyInformationAsync_WithNullWeekLetter_ThrowsArgumentNullException(chatInterface: Slack) [FAIL]</Text>
      </RunInfo>
      <RunInfo computerName="RHO-DESKTOP" outcome="Error" timestamp="2025-06-30T18:59:47.7733792+02:00">
        <Text>[xUnit.net 00:00:01.07]     Aula.Tests.Services.OpenAiServiceIntegrationTests.ProcessQueryWithToolsAsync_WithInvalidQuery_ThrowsArgumentException(query: "   ") [FAIL]</Text>
      </RunInfo>
      <RunInfo computerName="RHO-DESKTOP" outcome="Error" timestamp="2025-06-30T18:59:47.7808117+02:00">
        <Text>[xUnit.net 00:00:01.08]     Aula.Tests.Services.OpenAiServiceIntegrationTests.ProcessQueryWithToolsAsync_WithInvalidQuery_ThrowsArgumentException(query: null) [FAIL]</Text>
      </RunInfo>
      <RunInfo computerName="RHO-DESKTOP" outcome="Error" timestamp="2025-06-30T18:59:47.7826509+02:00">
        <Text>[xUnit.net 00:00:01.09]     Aula.Tests.Services.OpenAiServiceIntegrationTests.ProcessQueryWithToolsAsync_WithInvalidQuery_ThrowsArgumentException(query: "") [FAIL]</Text>
      </RunInfo>
      <RunInfo computerName="RHO-DESKTOP" outcome="Error" timestamp="2025-06-30T18:59:47.7874545+02:00">
        <Text>[xUnit.net 00:00:01.09]     Aula.Tests.Services.OpenAiServiceIntegrationTests.ProcessQueryWithToolsAsync_WithInvalidContextKey_ThrowsArgumentException(contextKey: "   ") [FAIL]</Text>
      </RunInfo>
      <RunInfo computerName="RHO-DESKTOP" outcome="Error" timestamp="2025-06-30T18:59:47.7913625+02:00">
        <Text>[xUnit.net 00:00:01.09]     Aula.Tests.Services.OpenAiServiceIntegrationTests.ProcessQueryWithToolsAsync_WithInvalidContextKey_ThrowsArgumentException(contextKey: "") [FAIL]</Text>
      </RunInfo>
      <RunInfo computerName="RHO-DESKTOP" outcome="Error" timestamp="2025-06-30T18:59:47.8047671+02:00">
        <Text>[xUnit.net 00:00:01.10]     Aula.Tests.Services.OpenAiServiceIntegrationTests.ProcessQueryWithToolsAsync_WithInvalidContextKey_ThrowsArgumentException(contextKey: null) [FAIL]</Text>
      </RunInfo>
      <RunInfo computerName="RHO-DESKTOP" outcome="Error" timestamp="2025-06-30T18:59:47.8093291+02:00">
        <Text>[xUnit.net 00:00:01.11]     Aula.Tests.Services.OpenAiServiceIntegrationTests.ExtractKeyInformationAsync_WithValidWeekLetter_CallsApiWithCorrectParameters [FAIL]</Text>
      </RunInfo>
      <RunInfo computerName="RHO-DESKTOP" outcome="Error" timestamp="2025-06-30T18:59:47.8231110+02:00">
        <Text>[xUnit.net 00:00:01.12]     Aula.Tests.Services.OpenAiServiceIntegrationTests.AskQuestionAboutWeekLetterAsync_WithNullWeekLetter_ThrowsArgumentNullException(chatInterface: Slack) [FAIL]</Text>
      </RunInfo>
      <RunInfo computerName="RHO-DESKTOP" outcome="Error" timestamp="2025-06-30T18:59:47.8245388+02:00">
        <Text>[xUnit.net 00:00:01.13]     Aula.Tests.Services.OpenAiServiceIntegrationTests.AskQuestionAboutWeekLetterAsync_WithNullWeekLetter_ThrowsArgumentNullException(chatInterface: Telegram) [FAIL]</Text>
      </RunInfo>
      <RunInfo computerName="RHO-DESKTOP" outcome="Error" timestamp="2025-06-30T18:59:47.8274108+02:00">
        <Text>[xUnit.net 00:00:01.13]     Aula.Tests.Services.OpenAiServiceIntegrationTests.AskQuestionAboutWeekLetterAsync_WithContextKey_WithNullWeekLetter_ThrowsArgumentNullException(chatInterface: Slack) [FAIL]</Text>
      </RunInfo>
      <RunInfo computerName="RHO-DESKTOP" outcome="Error" timestamp="2025-06-30T18:59:47.8294823+02:00">
        <Text>[xUnit.net 00:00:01.13]     Aula.Tests.Services.OpenAiServiceIntegrationTests.AskQuestionAboutWeekLetterAsync_WithContextKey_WithNullWeekLetter_ThrowsArgumentNullException(chatInterface: Telegram) [FAIL]</Text>
      </RunInfo>
      <RunInfo computerName="RHO-DESKTOP" outcome="Error" timestamp="2025-06-30T18:59:47.8335559+02:00">
        <Text>[xUnit.net 00:00:01.14]     Aula.Tests.Services.OpenAiServiceIntegrationTests.SummarizeWeekLetterAsync_WithNullWeekLetter_ThrowsArgumentNullException(chatInterface: Telegram) [FAIL]</Text>
      </RunInfo>
      <RunInfo computerName="RHO-DESKTOP" outcome="Error" timestamp="2025-06-30T18:59:47.8364129+02:00">
        <Text>[xUnit.net 00:00:01.14]     Aula.Tests.Services.OpenAiServiceIntegrationTests.SummarizeWeekLetterAsync_WithNullWeekLetter_ThrowsArgumentNullException(chatInterface: Slack) [FAIL]</Text>
      </RunInfo>
      <RunInfo computerName="RHO-DESKTOP" outcome="Error" timestamp="2025-06-30T18:59:47.8407912+02:00">
        <Text>[xUnit.net 00:00:01.14]     Aula.Tests.Services.OpenAiServiceIntegrationTests.AskQuestionAboutChildrenAsync_WithValidParameters_CallsApiWithCorrectParameters [FAIL]</Text>
      </RunInfo>
      <RunInfo computerName="RHO-DESKTOP" outcome="Error" timestamp="2025-06-30T18:59:47.8416846+02:00">
        <Text>[xUnit.net 00:00:01.14]     Aula.Tests.Services.OpenAiServiceIntegrationTests.Constructor_WithEmptyApiKey_ThrowsArgumentException [FAIL]</Text>
      </RunInfo>
      <RunInfo computerName="RHO-DESKTOP" outcome="Error" timestamp="2025-06-30T18:59:47.8469715+02:00">
        <Text>[xUnit.net 00:00:01.15]     Aula.Tests.Services.OpenAiServiceIntegrationTests.Constructor_WithValidParameters_InitializesCorrectly [FAIL]</Text>
      </RunInfo>
      <RunInfo computerName="RHO-DESKTOP" outcome="Error" timestamp="2025-06-30T18:59:47.8520484+02:00">
        <Text>[xUnit.net 00:00:01.15]     Aula.Tests.Services.OpenAiServiceIntegrationTests.ProcessQueryWithToolsAsync_WithValidParameters_CallsApiWithCorrectParameters [FAIL]</Text>
      </RunInfo>
      <RunInfo computerName="RHO-DESKTOP" outcome="Error" timestamp="2025-06-30T18:59:47.8558862+02:00">
        <Text>[xUnit.net 00:00:01.15]     Aula.Tests.Services.OpenAiServiceIntegrationTests.AskQuestionAboutWeekLetterAsync_WithValidParameters_CallsApiWithCorrectParameters [FAIL]</Text>
      </RunInfo>
      <RunInfo computerName="RHO-DESKTOP" outcome="Error" timestamp="2025-06-30T18:59:47.8568656+02:00">
        <Text>[xUnit.net 00:00:01.16]     Aula.Tests.Services.OpenAiServiceIntegrationTests.MultipleConversations_WithDifferentContextKeys_AreHandledSeparately [FAIL]</Text>
      </RunInfo>
      <RunInfo computerName="RHO-DESKTOP" outcome="Error" timestamp="2025-06-30T18:59:47.8698349+02:00">
        <Text>[xUnit.net 00:00:01.17]     Aula.Tests.Services.OpenAiServiceIntegrationTests.SummarizeWeekLetterAsync_WithValidWeekLetter_CallsApiWithCorrectParameters [FAIL]</Text>
      </RunInfo>
      <RunInfo computerName="RHO-DESKTOP" outcome="Error" timestamp="2025-06-30T18:59:47.8857346+02:00">
        <Text>[xUnit.net 00:00:01.19]     Aula.Tests.Services.OpenAiServiceIntegrationTests.Constructor_WithNullLoggerFactory_ThrowsArgumentNullException [FAIL]</Text>
      </RunInfo>
      <RunInfo computerName="RHO-DESKTOP" outcome="Error" timestamp="2025-06-30T18:59:47.8920790+02:00">
        <Text>[xUnit.net 00:00:01.19]     Aula.Tests.Services.OpenAiServiceIntegrationTests.ClearConversationHistory_WithContextKey_DoesNotThrow [FAIL]</Text>
      </RunInfo>
      <RunInfo computerName="RHO-DESKTOP" outcome="Error" timestamp="2025-06-30T18:59:48.4635273+02:00">
        <Text>[xUnit.net 00:00:01.77]     Aula.Tests.Bots.SlackInteractiveBotTests.PostWeekLetter_WithValidData_PostsSuccessfully [FAIL]</Text>
      </RunInfo>
      <RunInfo computerName="RHO-DESKTOP" outcome="Error" timestamp="2025-06-30T18:59:48.7191584+02:00">
        <Text>[xUnit.net 00:00:02.02]     Aula.Tests.Bots.TelegramInteractiveBotTests.PostWeekLetter_WithDuplicateContent_SkipsDuplicate [FAIL]</Text>
      </RunInfo>
      <RunInfo computerName="RHO-DESKTOP" outcome="Error" timestamp="2025-06-30T18:59:48.8572656+02:00">
        <Text>[xUnit.net 00:00:02.16]     Aula.Tests.Bots.SlackInteractiveBotTests.PostWeekLetter_WithHttpError_LogsError [FAIL]</Text>
      </RunInfo>
      <RunInfo computerName="RHO-DESKTOP" outcome="Error" timestamp="2025-06-30T18:59:49.2809619+02:00">
        <Text>[xUnit.net 00:00:02.58]     Aula.Tests.Bots.SlackInteractiveBotTests.PostWeekLetter_WithSlackApiError_LogsError [FAIL]</Text>
      </RunInfo>
      <RunInfo computerName="RHO-DESKTOP" outcome="Error" timestamp="2025-06-30T18:59:50.9672813+02:00">
        <Text>[xUnit.net 00:00:04.27]     Aula.Tests.Bots.SlackInteractiveBotTests.SendMessage_WithValidText_SendsSuccessfully [FAIL]</Text>
      </RunInfo>
      <RunInfo computerName="RHO-DESKTOP" outcome="Error" timestamp="2025-06-30T18:59:51.3622782+02:00">
        <Text>[xUnit.net 00:00:04.67]     Aula.Tests.Bots.SlackInteractiveBotTests.PostWeekLetter_WithDuplicateContent_SkipsDuplicate [FAIL]</Text>
      </RunInfo>
    </RunInfos>
    <CollectorDataEntries>
      <Collector agentName="RHO-DESKTOP" uri="datacollector://microsoft/CoverletCodeCoverage/1.0" collectorDisplayName="XPlat code coverage">
        <UriAttachments>
          <UriAttachment>
            <A href="RHO-DESKTOP/coverage.cobertura.xml"></A>
          </UriAttachment>
        </UriAttachments>
      </Collector>
    </CollectorDataEntries>
  </ResultSummary>
</TestRun>