<?xml version="1.0" encoding="utf-8"?>
<TestRun id="53def72b-2a20-4f30-b912-53ec7507011f" name="@RHO-DESKTOP 2025-06-30 06:20:30" xmlns="http://microsoft.com/schemas/VisualStudio/TeamTest/2010">
  <Times creation="2025-06-30T06:20:30.4342463+02:00" queuing="2025-06-30T06:20:30.4342464+02:00" start="2025-06-30T06:20:20.1806749+02:00" finish="2025-06-30T06:20:31.2295490+02:00" />
  <TestSettings name="default" id="6f8adec9-df07-4988-8508-d932d62606a8">
    <Deployment runDeploymentRoot="_RHO-DESKTOP_2025-06-30_06_20_30" />
  </TestSettings>
  <Results>
    <UnitTestResult executionId="2308457b-749f-4596-bbee-2f52e00f79ff" testId="adc3d804-48d6-99b1-dc8b-55ab91214755" testName="Aula.Tests.ConversationContextManagerTests.ClearAllContexts_WithMultipleContexts_RemovesAllAndLogs" computerName="RHO-DESKTOP" duration="00:00:00.0044200" startTime="2025-06-30T06:20:30.4812693+02:00" endTime="2025-06-30T06:20:30.4812694+02:00" testType="13cdc9d9-ddb5-4fa4-a97d-d965ccfc6d4b" outcome="Passed" testListId="8c84fa94-04c1-424b-9868-57a2d4851a1d" relativeResultsDirectory="2308457b-749f-4596-bbee-2f52e00f79ff" />
    <UnitTestResult executionId="306df813-b257-48fe-932f-2f61d4150802" testId="494fa121-3990-4e60-5af3-08bb45b54b87" testName="Aula.Tests.ConversationContextManagerTests.ClearAllContexts_WithNoContexts_LogsZeroCount" computerName="RHO-DESKTOP" duration="00:00:00.0046355" startTime="2025-06-30T06:20:30.4734294+02:00" endTime="2025-06-30T06:20:30.4734295+02:00" testType="13cdc9d9-ddb5-4fa4-a97d-d965ccfc6d4b" outcome="Passed" testListId="8c84fa94-04c1-424b-9868-57a2d4851a1d" relativeResultsDirectory="306df813-b257-48fe-932f-2f61d4150802" />
    <UnitTestResult executionId="7313c1df-31db-4360-a3ee-dbddefe91c43" testId="b80c6691-8d48-baff-d58a-e63f878bd1fd" testName="Aula.Tests.MinUddannelseClientTests.Constructor_WithValidConfig_CreatesInstance" computerName="RHO-DESKTOP" duration="00:00:00.0013375" startTime="2025-06-30T06:20:30.5116694+02:00" endTime="2025-06-30T06:20:30.5116695+02:00" testType="13cdc9d9-ddb5-4fa4-a97d-d965ccfc6d4b" outcome="Passed" testListId="8c84fa94-04c1-424b-9868-57a2d4851a1d" relativeResultsDirectory="7313c1df-31db-4360-a3ee-dbddefe91c43" />
    <UnitTestResult executionId="52ff151d-15a3-4377-8f7a-67d47ecb3088" testId="a9778872-8c76-23f2-d6ec-77faa52be8ba" testName="Aula.Tests.DataServiceTests.GetWeekLetter_ReturnsNull_WhenNotInCache" computerName="RHO-DESKTOP" duration="00:00:00.0005578" startTime="2025-06-30T06:20:30.5528037+02:00" endTime="2025-06-30T06:20:30.5528038+02:00" testType="13cdc9d9-ddb5-4fa4-a97d-d965ccfc6d4b" outcome="Passed" testListId="8c84fa94-04c1-424b-9868-57a2d4851a1d" relativeResultsDirectory="52ff151d-15a3-4377-8f7a-67d47ecb3088" />
    <UnitTestResult executionId="b4e997f8-b632-4b65-9eb6-87fb6ba2002f" testId="4d51480c-d07d-de05-54c5-495baa4aaf60" testName="Aula.Tests.SupabaseServiceTests.WeekLetterParameters_WithValidValues_AreInValidRange(childName: &quot;AnotherChild&quot;, weekNumber: 1, year: 2024)" computerName="RHO-DESKTOP" duration="00:00:00.0003430" startTime="2025-06-30T06:20:30.3851307+02:00" endTime="2025-06-30T06:20:30.3851308+02:00" testType="13cdc9d9-ddb5-4fa4-a97d-d965ccfc6d4b" outcome="Passed" testListId="8c84fa94-04c1-424b-9868-57a2d4851a1d" relativeResultsDirectory="b4e997f8-b632-4b65-9eb6-87fb6ba2002f" />
    <UnitTestResult executionId="bf808ead-acc3-4c50-93ae-7b3680f495b4" testId="02576661-c6c2-8f00-d11c-ce062ab7ed3a" testName="Aula.Tests.DataModelTests.PostedLetter_WithProperties_SetsCorrectly" computerName="RHO-DESKTOP" duration="00:00:00.0008618" startTime="2025-06-30T06:20:30.3949481+02:00" endTime="2025-06-30T06:20:30.3949482+02:00" testType="13cdc9d9-ddb5-4fa4-a97d-d965ccfc6d4b" outcome="Passed" testListId="8c84fa94-04c1-424b-9868-57a2d4851a1d" relativeResultsDirectory="bf808ead-acc3-4c50-93ae-7b3680f495b4" />
    <UnitTestResult executionId="f6a248e4-a5d9-4c00-9d7d-4b22557289c8" testId="3a3f9d75-d026-e080-243f-2f7710a74526" testName="Aula.Tests.ConversationContextManagerTests.ClearContext_WithNonExistentKey_DoesNotLog" computerName="RHO-DESKTOP" duration="00:00:00.0050371" startTime="2025-06-30T06:20:30.4880422+02:00" endTime="2025-06-30T06:20:30.4880423+02:00" testType="13cdc9d9-ddb5-4fa4-a97d-d965ccfc6d4b" outcome="Passed" testListId="8c84fa94-04c1-424b-9868-57a2d4851a1d" relativeResultsDirectory="f6a248e4-a5d9-4c00-9d7d-4b22557289c8" />
    <UnitTestResult executionId="457ddac8-0be8-4bc7-b94e-56417bfea846" testId="4d609e33-df11-8107-b438-0bd30d6663b4" testName="Aula.Tests.SchedulingServiceTests.StopAsync_AfterStart_DoesNotThrow" computerName="RHO-DESKTOP" duration="00:00:00.2159754" startTime="2025-06-30T06:20:30.4430665+02:00" endTime="2025-06-30T06:20:30.4430675+02:00" testType="13cdc9d9-ddb5-4fa4-a97d-d965ccfc6d4b" outcome="Passed" testListId="8c84fa94-04c1-424b-9868-57a2d4851a1d" relativeResultsDirectory="457ddac8-0be8-4bc7-b94e-56417bfea846" />
    <UnitTestResult executionId="325eb6a6-a085-4e64-8d06-2fbe88f0d5c5" testId="71d82e72-b1fe-7ffa-289c-36b71468786f" testName="Aula.Tests.ReminderCommandHandlerTests.TryHandleReminderCommand_ListReminders_ValidCommands_ReturnsRemindersList(command: &quot;liste påmindelser&quot;, isEnglish: False)" computerName="RHO-DESKTOP" duration="00:00:00.0205442" startTime="2025-06-30T06:20:30.4992418+02:00" endTime="2025-06-30T06:20:30.4992419+02:00" testType="13cdc9d9-ddb5-4fa4-a97d-d965ccfc6d4b" outcome="Passed" testListId="8c84fa94-04c1-424b-9868-57a2d4851a1d" relativeResultsDirectory="325eb6a6-a085-4e64-8d06-2fbe88f0d5c5" />
    <UnitTestResult executionId="5633a26f-c2d1-43dd-9369-257d841b2e65" testId="a79c395c-46b7-f17d-288a-eec8c3ef5e1e" testName="Aula.Tests.DataModelTests.Reminder_CreatedBy_HandlesValues(createdBy: &quot;user&quot;, shouldAccept: True)" computerName="RHO-DESKTOP" duration="00:00:00.0006239" startTime="2025-06-30T06:20:30.3872503+02:00" endTime="2025-06-30T06:20:30.3872504+02:00" testType="13cdc9d9-ddb5-4fa4-a97d-d965ccfc6d4b" outcome="Passed" testListId="8c84fa94-04c1-424b-9868-57a2d4851a1d" relativeResultsDirectory="5633a26f-c2d1-43dd-9369-257d841b2e65" />
    <UnitTestResult executionId="84e4f6c1-6760-49ab-9474-add1a1339f3e" testId="74e059e3-cac1-1df8-e272-1f5aef63ef7b" testName="Aula.Tests.DataModelTests.PostedLetter_ContentHash_CanDetectChanges" computerName="RHO-DESKTOP" duration="00:00:00.0139373" startTime="2025-06-30T06:20:30.3937900+02:00" endTime="2025-06-30T06:20:30.3937901+02:00" testType="13cdc9d9-ddb5-4fa4-a97d-d965ccfc6d4b" outcome="Passed" testListId="8c84fa94-04c1-424b-9868-57a2d4851a1d" relativeResultsDirectory="84e4f6c1-6760-49ab-9474-add1a1339f3e" />
    <UnitTestResult executionId="7f4225f8-78d1-4b45-a4f2-b294424b0cdc" testId="9ecaa183-9389-b67c-9b08-9ff782cf3e84" testName="Aula.Tests.DataModelTests.RetryAttempt_WithProperties_SetsCorrectly" computerName="RHO-DESKTOP" duration="00:00:00.0046857" startTime="2025-06-30T06:20:30.3915625+02:00" endTime="2025-06-30T06:20:30.3915626+02:00" testType="13cdc9d9-ddb5-4fa4-a97d-d965ccfc6d4b" outcome="Passed" testListId="8c84fa94-04c1-424b-9868-57a2d4851a1d" relativeResultsDirectory="7f4225f8-78d1-4b45-a4f2-b294424b0cdc" />
    <UnitTestResult executionId="b2ed416f-ee01-419d-81a2-f3c2ce743441" testId="7a8c2d4e-a733-bb77-f3c3-40a3159a7011" testName="Aula.Tests.ReminderCommandHandlerTests.TryHandleReminderCommand_AddReminder_WithException_LogsErrorAndReturnsErrorMessage" computerName="RHO-DESKTOP" duration="00:00:00.0043708" startTime="2025-06-30T06:20:30.5656594+02:00" endTime="2025-06-30T06:20:30.5656595+02:00" testType="13cdc9d9-ddb5-4fa4-a97d-d965ccfc6d4b" outcome="Passed" testListId="8c84fa94-04c1-424b-9868-57a2d4851a1d" relativeResultsDirectory="b2ed416f-ee01-419d-81a2-f3c2ce743441" />
    <UnitTestResult executionId="0a8635e5-7fb5-4f43-bce1-353a5f9f4da0" testId="c0b07dcc-8a2a-5ecf-ae92-32d9ad131741" testName="Aula.Tests.ReminderCommandHandlerTests.TryHandleReminderCommand_AddReminder_ValidFormats_ReturnsSuccess(command: &quot;remind me tomorrow at 8:00 that Hans has Haver til&quot;···, isEnglish: True, expectedChildName: &quot;Hans Jensen&quot;)" computerName="RHO-DESKTOP" duration="00:00:00.0015525" startTime="2025-06-30T06:20:30.5605116+02:00" endTime="2025-06-30T06:20:30.5605117+02:00" testType="13cdc9d9-ddb5-4fa4-a97d-d965ccfc6d4b" outcome="Passed" testListId="8c84fa94-04c1-424b-9868-57a2d4851a1d" relativeResultsDirectory="0a8635e5-7fb5-4f43-bce1-353a5f9f4da0" />
    <UnitTestResult executionId="b5755831-9ed7-4c44-81e5-c0f876e64721" testId="d784fe36-071d-1645-9cd0-e61f1470cd62" testName="Aula.Tests.ConversationContextManagerTests.GetContext_WithNonExistentKey_ReturnsNull" computerName="RHO-DESKTOP" duration="00:00:00.0002473" startTime="2025-06-30T06:20:30.4833622+02:00" endTime="2025-06-30T06:20:30.4833623+02:00" testType="13cdc9d9-ddb5-4fa4-a97d-d965ccfc6d4b" outcome="Passed" testListId="8c84fa94-04c1-424b-9868-57a2d4851a1d" relativeResultsDirectory="b5755831-9ed7-4c44-81e5-c0f876e64721" />
    <UnitTestResult executionId="d5045872-2100-4299-85d5-1c201038a4fb" testId="e595555b-853d-855f-8677-d11613276401" testName="Aula.Tests.ConfigurationTests.Slack_ChannelId_ValidationTests(channelId: &quot;C1234567890&quot;, isValid: True)" computerName="RHO-DESKTOP" duration="00:00:00.0044112" startTime="2025-06-30T06:20:30.5827904+02:00" endTime="2025-06-30T06:20:30.5827905+02:00" testType="13cdc9d9-ddb5-4fa4-a97d-d965ccfc6d4b" outcome="Passed" testListId="8c84fa94-04c1-424b-9868-57a2d4851a1d" relativeResultsDirectory="d5045872-2100-4299-85d5-1c201038a4fb" />
    <UnitTestResult executionId="79e1aa0f-a485-4506-b451-f3c3337aaf33" testId="3ee2a68c-ea1f-6e98-6347-57ff85cbe3e0" testName="Aula.Tests.ConfigurationTests.Supabase_RequiredFields_ArePresent" computerName="RHO-DESKTOP" duration="00:00:00.0044332" startTime="2025-06-30T06:20:30.5988762+02:00" endTime="2025-06-30T06:20:30.5988763+02:00" testType="13cdc9d9-ddb5-4fa4-a97d-d965ccfc6d4b" outcome="Passed" testListId="8c84fa94-04c1-424b-9868-57a2d4851a1d" relativeResultsDirectory="79e1aa0f-a485-4506-b451-f3c3337aaf33" />
    <UnitTestResult executionId="cf9a5a22-df4a-4ae8-9fed-7aa2868c8c28" testId="73c8ec37-b030-c764-73d1-18bbe3a99d3b" testName="Aula.Tests.AgentServiceTests.GetWeekLetterAsync_FetchesAndCachesData_WhenNotCached" computerName="RHO-DESKTOP" duration="00:00:00.0197128" startTime="2025-06-30T06:20:30.4945480+02:00" endTime="2025-06-30T06:20:30.4945481+02:00" testType="13cdc9d9-ddb5-4fa4-a97d-d965ccfc6d4b" outcome="Passed" testListId="8c84fa94-04c1-424b-9868-57a2d4851a1d" relativeResultsDirectory="cf9a5a22-df4a-4ae8-9fed-7aa2868c8c28" />
    <UnitTestResult executionId="b83fc27e-8f37-45da-bcbb-c3d3b8875269" testId="525203ba-2e45-193a-ab6e-ed53631a76cf" testName="Aula.Tests.ReminderCommandHandlerTests.TryHandleReminderCommand_NonMatchingPatterns_ReturnsFalse(command: &quot;husk mig ugyldig at 8:00 at invalid format&quot;, isEnglish: False)" computerName="RHO-DESKTOP" duration="00:00:00.0004443" startTime="2025-06-30T06:20:30.5342736+02:00" endTime="2025-06-30T06:20:30.5342737+02:00" testType="13cdc9d9-ddb5-4fa4-a97d-d965ccfc6d4b" outcome="Passed" testListId="8c84fa94-04c1-424b-9868-57a2d4851a1d" relativeResultsDirectory="b83fc27e-8f37-45da-bcbb-c3d3b8875269" />
    <UnitTestResult executionId="c9d34431-4737-40d3-9573-60c51e48d77a" testId="8eb60958-2ba0-2e8e-ec5e-6fbfe8222470" testName="Aula.Tests.DataModelTests.Reminder_CreatedBy_HandlesValues(createdBy: null, shouldAccept: False)" computerName="RHO-DESKTOP" duration="00:00:00.0000097" startTime="2025-06-30T06:20:30.3886786+02:00" endTime="2025-06-30T06:20:30.3886787+02:00" testType="13cdc9d9-ddb5-4fa4-a97d-d965ccfc6d4b" outcome="Passed" testListId="8c84fa94-04c1-424b-9868-57a2d4851a1d" relativeResultsDirectory="c9d34431-4737-40d3-9573-60c51e48d77a" />
    <UnitTestResult executionId="531bcd6d-13d9-4759-8072-d561a44b802d" testId="146f9b75-65d9-27c0-7771-28e1ec06fa16" testName="Aula.Tests.OpenAiServiceTests.OpenAiService_Constructor_WithNullApiKey_ThrowsException" computerName="RHO-DESKTOP" duration="00:00:00.0030714" startTime="2025-06-30T06:20:30.4950040+02:00" endTime="2025-06-30T06:20:30.4950041+02:00" testType="13cdc9d9-ddb5-4fa4-a97d-d965ccfc6d4b" outcome="Passed" testListId="8c84fa94-04c1-424b-9868-57a2d4851a1d" relativeResultsDirectory="531bcd6d-13d9-4759-8072-d561a44b802d" />
    <UnitTestResult executionId="c86ed8aa-c46d-4655-b333-eac57036b1a8" testId="11e32d18-555c-9b8f-35f9-8038c68a172e" testName="Aula.Tests.AgentServiceTests.ExtractKeyInformationFromWeekLetterAsync_CallsOpenAiService" computerName="RHO-DESKTOP" duration="00:00:00.0076411" startTime="2025-06-30T06:20:30.5398436+02:00" endTime="2025-06-30T06:20:30.5398437+02:00" testType="13cdc9d9-ddb5-4fa4-a97d-d965ccfc6d4b" outcome="Passed" testListId="8c84fa94-04c1-424b-9868-57a2d4851a1d" relativeResultsDirectory="c86ed8aa-c46d-4655-b333-eac57036b1a8" />
    <UnitTestResult executionId="d0dd441f-8fe4-42eb-9a32-6214244a43e6" testId="3a9a03ac-c18b-9743-2beb-08ab9c66f8ac" testName="Aula.Tests.ReminderCommandHandlerTests.TryHandleReminderCommand_NonReminderCommands_ReturnsFalse(command: &quot;hello world&quot;)" computerName="RHO-DESKTOP" duration="00:00:00.0000914" startTime="2025-06-30T06:20:30.5183158+02:00" endTime="2025-06-30T06:20:30.5183160+02:00" testType="13cdc9d9-ddb5-4fa4-a97d-d965ccfc6d4b" outcome="Passed" testListId="8c84fa94-04c1-424b-9868-57a2d4851a1d" relativeResultsDirectory="d0dd441f-8fe4-42eb-9a32-6214244a43e6" />
    <UnitTestResult executionId="18bb722d-51b8-4db4-8af3-28534c979555" testId="f7517819-f3a2-6d8d-afbc-d5f9f50d6f6c" testName="Aula.Tests.ReminderCommandHandlerTests.TryHandleReminderCommand_AddReminder_ValidFormats_ReturnsSuccess(command: &quot;remind me 31/12 at 23:59 that Year end&quot;, isEnglish: True, expectedChildName: null)" computerName="RHO-DESKTOP" duration="00:00:00.0064660" startTime="2025-06-30T06:20:30.5552229+02:00" endTime="2025-06-30T06:20:30.5552230+02:00" testType="13cdc9d9-ddb5-4fa4-a97d-d965ccfc6d4b" outcome="Passed" testListId="8c84fa94-04c1-424b-9868-57a2d4851a1d" relativeResultsDirectory="18bb722d-51b8-4db4-8af3-28534c979555" />
    <UnitTestResult executionId="83ae49e1-c4a7-45b9-a825-94de25de2cbd" testId="ebeeb361-255e-4049-7a3b-3cefdcdd4a45" testName="Aula.Tests.DataModelTests.ScheduledTask_DefaultConstructor_InitializesCorrectly" computerName="RHO-DESKTOP" duration="00:00:00.0006601" startTime="2025-06-30T06:20:30.3954436+02:00" endTime="2025-06-30T06:20:30.3954437+02:00" testType="13cdc9d9-ddb5-4fa4-a97d-d965ccfc6d4b" outcome="Passed" testListId="8c84fa94-04c1-424b-9868-57a2d4851a1d" relativeResultsDirectory="83ae49e1-c4a7-45b9-a825-94de25de2cbd" />
    <UnitTestResult executionId="fc267df6-ca06-40a5-a311-4d6ed6147635" testId="c7d959e5-f60a-27d5-9f6b-cd8ced0d9575" testName="Aula.Tests.ReminderCommandHandlerTests.TryHandleReminderCommand_ListReminders_ValidCommands_ReturnsRemindersList(command: &quot;vis påmindelser&quot;, isEnglish: False)" computerName="RHO-DESKTOP" duration="00:00:00.0002724" startTime="2025-06-30T06:20:30.5128147+02:00" endTime="2025-06-30T06:20:30.5128149+02:00" testType="13cdc9d9-ddb5-4fa4-a97d-d965ccfc6d4b" outcome="Passed" testListId="8c84fa94-04c1-424b-9868-57a2d4851a1d" relativeResultsDirectory="fc267df6-ca06-40a5-a311-4d6ed6147635" />
    <UnitTestResult executionId="f8b5bda6-dd27-41e6-9d8c-387c26c616e5" testId="5ecedbe6-5389-ac95-9a91-bbc0716ca222" testName="Aula.Tests.ConfigurationTests.Slack_ChannelId_ValidationTests(channelId: &quot;&quot;, isValid: False)" computerName="RHO-DESKTOP" duration="00:00:00.0036600" startTime="2025-06-30T06:20:30.5864149+02:00" endTime="2025-06-30T06:20:30.5864150+02:00" testType="13cdc9d9-ddb5-4fa4-a97d-d965ccfc6d4b" outcome="Passed" testListId="8c84fa94-04c1-424b-9868-57a2d4851a1d" relativeResultsDirectory="f8b5bda6-dd27-41e6-9d8c-387c26c616e5" />
    <UnitTestResult executionId="4139eb64-d3de-4174-aa56-9c07e10ca2c1" testId="01a6237b-a1c4-d7e7-eb41-3ae2f90107f5" testName="Aula.Tests.ConversationContextTests.IsStillValid_WithExactlyTenMinutesOld_ReturnsFalse" computerName="RHO-DESKTOP" duration="00:00:00.0001488" startTime="2025-06-30T06:20:30.5438846+02:00" endTime="2025-06-30T06:20:30.5438848+02:00" testType="13cdc9d9-ddb5-4fa4-a97d-d965ccfc6d4b" outcome="Passed" testListId="8c84fa94-04c1-424b-9868-57a2d4851a1d" relativeResultsDirectory="4139eb64-d3de-4174-aa56-9c07e10ca2c1" />
    <UnitTestResult executionId="c0b4ddb0-769e-4fd4-9af8-fb63b4c911b1" testId="0401d7a7-9613-4f4d-5671-a495f8cf8baa" testName="Aula.Tests.OpenAiServiceTests.OpenAiService_GetChatInterfaceInstructions_ReturnsCorrectFormat(chatInterface: Telegram)" computerName="RHO-DESKTOP" duration="00:00:00.0006138" startTime="2025-06-30T06:20:30.4860572+02:00" endTime="2025-06-30T06:20:30.4860573+02:00" testType="13cdc9d9-ddb5-4fa4-a97d-d965ccfc6d4b" outcome="Passed" testListId="8c84fa94-04c1-424b-9868-57a2d4851a1d" relativeResultsDirectory="c0b4ddb0-769e-4fd4-9af8-fb63b4c911b1" />
    <UnitTestResult executionId="d6b6853b-d506-4dc6-bff8-defb085478cd" testId="23a54595-0357-7388-9668-8a7f2a3efb27" testName="Aula.Tests.ReminderCommandHandlerTests.TryHandleReminderCommand_ListReminders_WithException_LogsErrorAndReturnsErrorMessage(command: &quot;list reminders&quot;, isEnglish: True)" computerName="RHO-DESKTOP" duration="00:00:00.0052741" startTime="2025-06-30T06:20:30.5300234+02:00" endTime="2025-06-30T06:20:30.5300235+02:00" testType="13cdc9d9-ddb5-4fa4-a97d-d965ccfc6d4b" outcome="Passed" testListId="8c84fa94-04c1-424b-9868-57a2d4851a1d" relativeResultsDirectory="d6b6853b-d506-4dc6-bff8-defb085478cd" />
    <UnitTestResult executionId="6747e082-b4b8-4e97-9780-f223f5519255" testId="e4e7d1cd-51f0-602c-7693-e89a469818bd" testName="Aula.Tests.DataModelTests.PostedLetter_DefaultConstructor_InitializesCorrectly" computerName="RHO-DESKTOP" duration="00:00:00.0009188" startTime="2025-06-30T06:20:30.3918788+02:00" endTime="2025-06-30T06:20:30.3918789+02:00" testType="13cdc9d9-ddb5-4fa4-a97d-d965ccfc6d4b" outcome="Passed" testListId="8c84fa94-04c1-424b-9868-57a2d4851a1d" relativeResultsDirectory="6747e082-b4b8-4e97-9780-f223f5519255" />
    <UnitTestResult executionId="1084694e-8df2-4679-9093-4d46321d8675" testId="3fbe81b9-b4ee-f7db-01e0-1f82c4127dd8" testName="Aula.Tests.ReminderCommandHandlerTests.TryHandleReminderCommand_NonReminderCommands_ReturnsFalse(command: &quot;how are you?&quot;)" computerName="RHO-DESKTOP" duration="00:00:00.0004203" startTime="2025-06-30T06:20:30.5175859+02:00" endTime="2025-06-30T06:20:30.5175861+02:00" testType="13cdc9d9-ddb5-4fa4-a97d-d965ccfc6d4b" outcome="Passed" testListId="8c84fa94-04c1-424b-9868-57a2d4851a1d" relativeResultsDirectory="1084694e-8df2-4679-9093-4d46321d8675" />
    <UnitTestResult executionId="ba0cd945-7cbf-487d-82c9-cc1a25a9ab08" testId="64e4f3ab-67c9-4261-6d8e-3c556350f7bf" testName="Aula.Tests.ReminderCommandHandlerTests.TryHandleReminderCommand_NonReminderCommands_ReturnsFalse(command: &quot;remind me&quot;)" computerName="RHO-DESKTOP" duration="00:00:00.0000595" startTime="2025-06-30T06:20:30.5215265+02:00" endTime="2025-06-30T06:20:30.5215266+02:00" testType="13cdc9d9-ddb5-4fa4-a97d-d965ccfc6d4b" outcome="Passed" testListId="8c84fa94-04c1-424b-9868-57a2d4851a1d" relativeResultsDirectory="ba0cd945-7cbf-487d-82c9-cc1a25a9ab08" />
    <UnitTestResult executionId="bad000e2-421e-4b5f-86b1-823a36290542" testId="55e7d5c1-1942-236a-67ab-d8b9860c2742" testName="Aula.Tests.ConversationContextManagerTests.UpdateContext_WithNullChildName_AllowsNull" computerName="RHO-DESKTOP" duration="00:00:00.0002238" startTime="2025-06-30T06:20:30.4775221+02:00" endTime="2025-06-30T06:20:30.4775222+02:00" testType="13cdc9d9-ddb5-4fa4-a97d-d965ccfc6d4b" outcome="Passed" testListId="8c84fa94-04c1-424b-9868-57a2d4851a1d" relativeResultsDirectory="bad000e2-421e-4b5f-86b1-823a36290542" />
    <UnitTestResult executionId="1e1ce11e-7c41-4520-8cef-3ce58b59f81e" testId="74492250-611f-a50e-d3be-dc75a24cb5ee" testName="Aula.Tests.DataModelTests.ScheduledTask_CronExpression_CanBeSet(cronExpression: &quot;0 9 * * 1-5&quot;, description: &quot;Daily at 9 AM on weekdays&quot;)" computerName="RHO-DESKTOP" duration="00:00:00.0409742" startTime="2025-06-30T06:20:30.2793779+02:00" endTime="2025-06-30T06:20:30.2794345+02:00" testType="13cdc9d9-ddb5-4fa4-a97d-d965ccfc6d4b" outcome="Passed" testListId="8c84fa94-04c1-424b-9868-57a2d4851a1d" relativeResultsDirectory="1e1ce11e-7c41-4520-8cef-3ce58b59f81e" />
    <UnitTestResult executionId="571ca8d9-d5a1-4ab5-ab04-1803217ecc50" testId="610e1e11-bf64-18a4-e0b2-b0fd40664f94" testName="Aula.Tests.DataModelTests.ScheduledTask_CronExpression_CanBeSet(cronExpression: &quot;0 16 * * 0&quot;, description: &quot;Weekly at 4 PM on Sundays&quot;)" computerName="RHO-DESKTOP" duration="00:00:00.0006132" startTime="2025-06-30T06:20:30.3031876+02:00" endTime="2025-06-30T06:20:30.3031877+02:00" testType="13cdc9d9-ddb5-4fa4-a97d-d965ccfc6d4b" outcome="Passed" testListId="8c84fa94-04c1-424b-9868-57a2d4851a1d" relativeResultsDirectory="571ca8d9-d5a1-4ab5-ab04-1803217ecc50" />
    <UnitTestResult executionId="78298ca3-055f-4244-8814-93066e76f0bc" testId="3c880c0a-ad15-815a-3b2e-c8ecb946f77b" testName="Aula.Tests.ReminderCommandHandlerTests.Constructor_WithNullChildrenByName_ThrowsArgumentNullException" computerName="RHO-DESKTOP" duration="00:00:00.0002937" startTime="2025-06-30T06:20:30.5736884+02:00" endTime="2025-06-30T06:20:30.5736885+02:00" testType="13cdc9d9-ddb5-4fa4-a97d-d965ccfc6d4b" outcome="Passed" testListId="8c84fa94-04c1-424b-9868-57a2d4851a1d" relativeResultsDirectory="78298ca3-055f-4244-8814-93066e76f0bc" />
    <UnitTestResult executionId="6a16729c-99e5-4f3f-9d4e-40c1d6ce9489" testId="2ffe251c-3ec7-4cd3-4ab9-0088ca738a4d" testName="Aula.Tests.ReminderCommandHandlerTests.TryHandleReminderCommand_ListReminders_NoReminders_ReturnsNoRemindersMessage(command: &quot;vis påmindelser&quot;, isEnglish: False)" computerName="RHO-DESKTOP" duration="00:00:00.0005733" startTime="2025-06-30T06:20:30.5636098+02:00" endTime="2025-06-30T06:20:30.5636100+02:00" testType="13cdc9d9-ddb5-4fa4-a97d-d965ccfc6d4b" outcome="Passed" testListId="8c84fa94-04c1-424b-9868-57a2d4851a1d" relativeResultsDirectory="6a16729c-99e5-4f3f-9d4e-40c1d6ce9489" />
    <UnitTestResult executionId="7ef815f0-ddf5-4835-8b2d-8544288e84d1" testId="6ef88a26-3433-973b-8003-dc85ef824f38" testName="Aula.Tests.ReminderCommandHandlerTests.TryHandleReminderCommand_ListReminders_NoReminders_ReturnsNoRemindersMessage(command: &quot;list reminders&quot;, isEnglish: True)" computerName="RHO-DESKTOP" duration="00:00:00.0012175" startTime="2025-06-30T06:20:30.5616638+02:00" endTime="2025-06-30T06:20:30.5616639+02:00" testType="13cdc9d9-ddb5-4fa4-a97d-d965ccfc6d4b" outcome="Passed" testListId="8c84fa94-04c1-424b-9868-57a2d4851a1d" relativeResultsDirectory="7ef815f0-ddf5-4835-8b2d-8544288e84d1" />
    <UnitTestResult executionId="37424965-4039-40cb-8d36-68de9e1009eb" testId="b8508268-2889-9748-74e5-db70a438176b" testName="Aula.Tests.DataModelTests.ScheduledTask_WithProperties_SetsCorrectly" computerName="RHO-DESKTOP" duration="00:00:00.0178650" startTime="2025-06-30T06:20:30.3868792+02:00" endTime="2025-06-30T06:20:30.3868793+02:00" testType="13cdc9d9-ddb5-4fa4-a97d-d965ccfc6d4b" outcome="Passed" testListId="8c84fa94-04c1-424b-9868-57a2d4851a1d" relativeResultsDirectory="37424965-4039-40cb-8d36-68de9e1009eb" />
    <UnitTestResult executionId="a2750c0c-b7d9-4276-9c89-95972713ab9e" testId="518603d4-aade-6d43-a1a3-9c9c0676c035" testName="Aula.Tests.WeekLetterContentExtractorTests.ExtractContent_WithMissingIndhold_ReturnsEmptyString" computerName="RHO-DESKTOP" duration="00:00:00.0003820" startTime="2025-06-30T06:20:30.5590959+02:00" endTime="2025-06-30T06:20:30.5590960+02:00" testType="13cdc9d9-ddb5-4fa4-a97d-d965ccfc6d4b" outcome="Passed" testListId="8c84fa94-04c1-424b-9868-57a2d4851a1d" relativeResultsDirectory="a2750c0c-b7d9-4276-9c89-95972713ab9e" />
    <UnitTestResult executionId="0f616c92-7bcc-4ec6-8477-57f26f262b24" testId="4e94c03f-8e60-9150-df64-2aa4ba1c61f4" testName="Aula.Tests.ConfigurationTests.UniLogin_ConfigurationIsCorrect" computerName="RHO-DESKTOP" duration="00:00:00.0121417" startTime="2025-06-30T06:20:30.4124767+02:00" endTime="2025-06-30T06:20:30.4124768+02:00" testType="13cdc9d9-ddb5-4fa4-a97d-d965ccfc6d4b" outcome="Passed" testListId="8c84fa94-04c1-424b-9868-57a2d4851a1d" relativeResultsDirectory="0f616c92-7bcc-4ec6-8477-57f26f262b24" />
    <UnitTestResult executionId="617ccc03-3bdf-4821-ab0f-30a7bedf02f3" testId="53bb093c-6fb6-b6f7-2e6c-d0066eb2a8d3" testName="Aula.Tests.DataModelTests.Reminder_DefaultConstructor_InitializesCorrectly" computerName="RHO-DESKTOP" duration="00:00:00.0003790" startTime="2025-06-30T06:20:30.3960092+02:00" endTime="2025-06-30T06:20:30.3960093+02:00" testType="13cdc9d9-ddb5-4fa4-a97d-d965ccfc6d4b" outcome="Passed" testListId="8c84fa94-04c1-424b-9868-57a2d4851a1d" relativeResultsDirectory="617ccc03-3bdf-4821-ab0f-30a7bedf02f3" />
    <UnitTestResult executionId="2dd96f94-a8dd-440c-b194-aea5eaf2c806" testId="6086987b-ac94-45b9-8780-119988272a4d" testName="Aula.Tests.ConfigurationTests.Telegram_Token_ValidationTests(token: &quot;123456789:AABBCCDDEEFFGG&quot;, isValidFormat: True)" computerName="RHO-DESKTOP" duration="00:00:00.0111047" startTime="2025-06-30T06:20:30.4802507+02:00" endTime="2025-06-30T06:20:30.4802508+02:00" testType="13cdc9d9-ddb5-4fa4-a97d-d965ccfc6d4b" outcome="Passed" testListId="8c84fa94-04c1-424b-9868-57a2d4851a1d" relativeResultsDirectory="2dd96f94-a8dd-440c-b194-aea5eaf2c806" />
    <UnitTestResult executionId="699de1e0-a941-4b81-8966-136b26caab43" testId="142f7f1e-17b0-ab13-6188-3168556c9de4" testName="Aula.Tests.AiToolsManagerTests.CreateReminderAsync_WithValidDateTime_CreatesReminder" computerName="RHO-DESKTOP" duration="00:00:00.0036518" startTime="2025-06-30T06:20:30.5672273+02:00" endTime="2025-06-30T06:20:30.5672274+02:00" testType="13cdc9d9-ddb5-4fa4-a97d-d965ccfc6d4b" outcome="Passed" testListId="8c84fa94-04c1-424b-9868-57a2d4851a1d" relativeResultsDirectory="699de1e0-a941-4b81-8966-136b26caab43" />
    <UnitTestResult executionId="6a8b8fc1-7801-4d7e-be7b-1a5885665c43" testId="219643f6-d33f-37e3-aaa1-e7138cea0b58" testName="Aula.Tests.AgentServiceTests.LoginAsync_CallsClientLoginAsync" computerName="RHO-DESKTOP" duration="00:00:00.0052572" startTime="2025-06-30T06:20:30.5134267+02:00" endTime="2025-06-30T06:20:30.5134268+02:00" testType="13cdc9d9-ddb5-4fa4-a97d-d965ccfc6d4b" outcome="Passed" testListId="8c84fa94-04c1-424b-9868-57a2d4851a1d" relativeResultsDirectory="6a8b8fc1-7801-4d7e-be7b-1a5885665c43" />
    <UnitTestResult executionId="61e332d2-529b-4c65-85c2-c9ab0327d4c4" testId="7926e009-60f7-10e3-6608-f4fc6af40fcc" testName="Aula.Tests.ConversationContextTests.IsStillValid_WithFreshTimestamp_ReturnsTrue" computerName="RHO-DESKTOP" duration="00:00:00.0002347" startTime="2025-06-30T06:20:30.5543978+02:00" endTime="2025-06-30T06:20:30.5543979+02:00" testType="13cdc9d9-ddb5-4fa4-a97d-d965ccfc6d4b" outcome="Passed" testListId="8c84fa94-04c1-424b-9868-57a2d4851a1d" relativeResultsDirectory="61e332d2-529b-4c65-85c2-c9ab0327d4c4" />
    <UnitTestResult executionId="c1fe9293-cffd-4502-853f-316deb9157ad" testId="184d572b-1eab-db07-2882-b6cdb1e59007" testName="Aula.Tests.ConfigurationTests.UniLogin_WithInvalidCredentials_HandlesGracefully(invalidValue: &quot;   &quot;)" computerName="RHO-DESKTOP" duration="00:00:00.0153574" startTime="2025-06-30T06:20:30.5360626+02:00" endTime="2025-06-30T06:20:30.5360627+02:00" testType="13cdc9d9-ddb5-4fa4-a97d-d965ccfc6d4b" outcome="Passed" testListId="8c84fa94-04c1-424b-9868-57a2d4851a1d" relativeResultsDirectory="c1fe9293-cffd-4502-853f-316deb9157ad" />
    <UnitTestResult executionId="6f01af44-14dd-4bb0-ad81-073c924f7eb4" testId="d46f5b84-5e79-3443-a835-6fb4558c770d" testName="Aula.Tests.DataModelTests.Reminder_DateTimeHandling_WorksCorrectly" computerName="RHO-DESKTOP" duration="00:00:00.0151030" startTime="2025-06-30T06:20:30.3776250+02:00" endTime="2025-06-30T06:20:30.3776251+02:00" testType="13cdc9d9-ddb5-4fa4-a97d-d965ccfc6d4b" outcome="Passed" testListId="8c84fa94-04c1-424b-9868-57a2d4851a1d" relativeResultsDirectory="6f01af44-14dd-4bb0-ad81-073c924f7eb4" />
    <UnitTestResult executionId="3dd3b040-108e-4859-93af-caf69a0ba351" testId="8eed6c75-98d1-9027-9bd8-899f05f0ffe7" testName="Aula.Tests.ConversationContextManagerTests.UpdateContext_LogsInformation" computerName="RHO-DESKTOP" duration="00:00:00.2402117" startTime="2025-06-30T06:20:30.4674023+02:00" endTime="2025-06-30T06:20:30.4674024+02:00" testType="13cdc9d9-ddb5-4fa4-a97d-d965ccfc6d4b" outcome="Passed" testListId="8c84fa94-04c1-424b-9868-57a2d4851a1d" relativeResultsDirectory="3dd3b040-108e-4859-93af-caf69a0ba351" />
    <UnitTestResult executionId="9e9b35f6-cbc0-486f-b79d-7b8420aca32b" testId="b9fbad7a-d782-b1ac-c26d-6db5783c2941" testName="Aula.Tests.DataModelTests.AppState_WithProperties_SetsCorrectly" computerName="RHO-DESKTOP" duration="00:00:00.0008629" startTime="2025-06-30T06:20:30.3965783+02:00" endTime="2025-06-30T06:20:30.3965784+02:00" testType="13cdc9d9-ddb5-4fa4-a97d-d965ccfc6d4b" outcome="Passed" testListId="8c84fa94-04c1-424b-9868-57a2d4851a1d" relativeResultsDirectory="9e9b35f6-cbc0-486f-b79d-7b8420aca32b" />
    <UnitTestResult executionId="88d03b95-e672-4c08-9bba-c6b4e03a7e85" testId="99af2199-a1fa-ac39-9c83-61bfed91fee4" testName="Aula.Tests.OpenAiServiceTests.OpenAiService_GetChatInterfaceInstructions_ReturnsCorrectFormat(chatInterface: Slack)" computerName="RHO-DESKTOP" duration="00:00:00.0007984" startTime="2025-06-30T06:20:30.4852642+02:00" endTime="2025-06-30T06:20:30.4852644+02:00" testType="13cdc9d9-ddb5-4fa4-a97d-d965ccfc6d4b" outcome="Passed" testListId="8c84fa94-04c1-424b-9868-57a2d4851a1d" relativeResultsDirectory="88d03b95-e672-4c08-9bba-c6b4e03a7e85" />
    <UnitTestResult executionId="b1cf65e2-eae4-4c9c-8f7d-8efdc6bbe559" testId="17fbe14a-e885-4a98-964d-98ba1b469896" testName="Aula.Tests.SupabaseServiceTests.TestConnectionAsync_WithoutInitialize_ReturnsFalse" computerName="RHO-DESKTOP" duration="00:00:00.0868857" startTime="2025-06-30T06:20:30.3783883+02:00" endTime="2025-06-30T06:20:30.3783883+02:00" testType="13cdc9d9-ddb5-4fa4-a97d-d965ccfc6d4b" outcome="Passed" testListId="8c84fa94-04c1-424b-9868-57a2d4851a1d" relativeResultsDirectory="b1cf65e2-eae4-4c9c-8f7d-8efdc6bbe559" />
    <UnitTestResult executionId="43fbfb26-d251-484e-b96c-4dfcb2d65393" testId="97f06ad2-5054-381e-0597-69e5a5a2de02" testName="Aula.Tests.ReminderCommandHandlerTests.TryHandleReminderCommand_DeleteReminder_WithException_LogsErrorAndReturnsErrorMessage(command: &quot;slet påmindelse 888&quot;, isEnglish: False)" computerName="RHO-DESKTOP" duration="00:00:00.0016185" startTime="2025-06-30T06:20:30.5732431+02:00" endTime="2025-06-30T06:20:30.5732432+02:00" testType="13cdc9d9-ddb5-4fa4-a97d-d965ccfc6d4b" outcome="Passed" testListId="8c84fa94-04c1-424b-9868-57a2d4851a1d" relativeResultsDirectory="43fbfb26-d251-484e-b96c-4dfcb2d65393" />
    <UnitTestResult executionId="31ac8027-3ac7-4bdd-82e2-cfa04e68f2cb" testId="2e34d1fd-ad52-45da-e667-2c02895a369a" testName="Aula.Tests.WeekLetterContentExtractorTests.ExtractContent_WithValidJObject_ReturnsContent" computerName="RHO-DESKTOP" duration="00:00:00.0264403" startTime="2025-06-30T06:20:30.3926144+02:00" endTime="2025-06-30T06:20:30.3926144+02:00" testType="13cdc9d9-ddb5-4fa4-a97d-d965ccfc6d4b" outcome="Passed" testListId="8c84fa94-04c1-424b-9868-57a2d4851a1d" relativeResultsDirectory="31ac8027-3ac7-4bdd-82e2-cfa04e68f2cb" />
    <UnitTestResult executionId="0e7f3680-142c-425f-bc69-58b01971227a" testId="d835c30d-6ed0-a5ea-3ebb-f3d8da6b03ee" testName="Aula.Tests.ConversationContextManagerTests.Constructor_WithNullLogger_ThrowsArgumentNullException" computerName="RHO-DESKTOP" duration="00:00:00.0004502" startTime="2025-06-30T06:20:30.4687152+02:00" endTime="2025-06-30T06:20:30.4687153+02:00" testType="13cdc9d9-ddb5-4fa4-a97d-d965ccfc6d4b" outcome="Passed" testListId="8c84fa94-04c1-424b-9868-57a2d4851a1d" relativeResultsDirectory="0e7f3680-142c-425f-bc69-58b01971227a" />
    <UnitTestResult executionId="0853671b-c43c-45a9-b703-f3b2a02675c9" testId="10a560a5-b0ed-365f-b302-8638c32c09e9" testName="Aula.Tests.ConversationContextTests.IsStillValid_WithExactlyNinePointNineMinutesOld_ReturnsTrue" computerName="RHO-DESKTOP" duration="00:00:00.0002524" startTime="2025-06-30T06:20:30.5456055+02:00" endTime="2025-06-30T06:20:30.5456056+02:00" testType="13cdc9d9-ddb5-4fa4-a97d-d965ccfc6d4b" outcome="Passed" testListId="8c84fa94-04c1-424b-9868-57a2d4851a1d" relativeResultsDirectory="0853671b-c43c-45a9-b703-f3b2a02675c9" />
    <UnitTestResult executionId="4dc5c2d1-b15f-4572-aeb0-7507734a0982" testId="1b636fa1-5134-cf00-9710-67d64d0d5432" testName="Aula.Tests.ConfigurationTests.Telegram_ConfigurationIsCorrect" computerName="RHO-DESKTOP" duration="00:00:00.0095554" startTime="2025-06-30T06:20:30.5642435+02:00" endTime="2025-06-30T06:20:30.5642437+02:00" testType="13cdc9d9-ddb5-4fa4-a97d-d965ccfc6d4b" outcome="Passed" testListId="8c84fa94-04c1-424b-9868-57a2d4851a1d" relativeResultsDirectory="4dc5c2d1-b15f-4572-aeb0-7507734a0982" />
    <UnitTestResult executionId="d0b1d804-479c-415d-8dcf-7a996e7ef0ab" testId="f03522fd-b192-83f1-01f0-fd28439d039a" testName="Aula.Tests.ConfigurationTests.Telegram_Token_ValidationTests(token: &quot;123456789&quot;, isValidFormat: False)" computerName="RHO-DESKTOP" duration="00:00:00.0198960" startTime="2025-06-30T06:20:30.4467962+02:00" endTime="2025-06-30T06:20:30.4467963+02:00" testType="13cdc9d9-ddb5-4fa4-a97d-d965ccfc6d4b" outcome="Passed" testListId="8c84fa94-04c1-424b-9868-57a2d4851a1d" relativeResultsDirectory="d0b1d804-479c-415d-8dcf-7a996e7ef0ab" />
    <UnitTestResult executionId="2edd25c8-f35e-41fc-8053-3611bb19cbe4" testId="3f51a738-0627-f615-33b5-f2f4d6461644" testName="Aula.Tests.WeekLetterContentExtractorTests.ExtractContent_Dynamic_WithMultipleUgebreve_ReturnsFirstContent" computerName="RHO-DESKTOP" duration="00:00:00.0028808" startTime="2025-06-30T06:20:30.5267848+02:00" endTime="2025-06-30T06:20:30.5267849+02:00" testType="13cdc9d9-ddb5-4fa4-a97d-d965ccfc6d4b" outcome="Passed" testListId="8c84fa94-04c1-424b-9868-57a2d4851a1d" relativeResultsDirectory="2edd25c8-f35e-41fc-8053-3611bb19cbe4" />
    <UnitTestResult executionId="0e9b2573-2465-4155-9051-539eb44ac2ae" testId="12963fe2-f99e-7961-0e6d-ac7991b32582" testName="Aula.Tests.ReminderCommandHandlerTests.TryHandleReminderCommand_NonReminderCommands_ReturnsFalse(command: &quot;&quot;)" computerName="RHO-DESKTOP" duration="00:00:00.0130192" startTime="2025-06-30T06:20:30.5168961+02:00" endTime="2025-06-30T06:20:30.5168962+02:00" testType="13cdc9d9-ddb5-4fa4-a97d-d965ccfc6d4b" outcome="Passed" testListId="8c84fa94-04c1-424b-9868-57a2d4851a1d" relativeResultsDirectory="0e9b2573-2465-4155-9051-539eb44ac2ae" />
    <UnitTestResult executionId="36aa4b3a-2ebd-488a-9cf8-c25e1a5ea3f8" testId="b867618e-01c0-33be-49c3-e7b99c460f6f" testName="Aula.Tests.ConversationContextTests.ConversationContext_Properties_CanBeSet" computerName="RHO-DESKTOP" duration="00:00:00.0002473" startTime="2025-06-30T06:20:30.5538118+02:00" endTime="2025-06-30T06:20:30.5538120+02:00" testType="13cdc9d9-ddb5-4fa4-a97d-d965ccfc6d4b" outcome="Passed" testListId="8c84fa94-04c1-424b-9868-57a2d4851a1d" relativeResultsDirectory="36aa4b3a-2ebd-488a-9cf8-c25e1a5ea3f8" />
    <UnitTestResult executionId="86a1a39d-0d94-468f-968f-2950ca8ae38e" testId="6ed8aadb-a9f5-cab1-8075-e5a978e1f95d" testName="Aula.Tests.ConfigurationTests.Slack_ChannelId_ValidationTests(channelId: &quot;@username&quot;, isValid: True)" computerName="RHO-DESKTOP" duration="00:00:00.0043384" startTime="2025-06-30T06:20:30.5781953+02:00" endTime="2025-06-30T06:20:30.5781955+02:00" testType="13cdc9d9-ddb5-4fa4-a97d-d965ccfc6d4b" outcome="Passed" testListId="8c84fa94-04c1-424b-9868-57a2d4851a1d" relativeResultsDirectory="86a1a39d-0d94-468f-968f-2950ca8ae38e" />
    <UnitTestResult executionId="0a612ba7-2a83-4195-83e3-30017992046d" testId="1d41e5bd-1ff0-9d13-6ac0-aa6e4603bc81" testName="Aula.Tests.ConfigurationTests.Telegram_Token_ValidationTests(token: &quot;&quot;, isValidFormat: False)" computerName="RHO-DESKTOP" duration="00:00:00.0139336" startTime="2025-06-30T06:20:30.4265743+02:00" endTime="2025-06-30T06:20:30.4265744+02:00" testType="13cdc9d9-ddb5-4fa4-a97d-d965ccfc6d4b" outcome="Passed" testListId="8c84fa94-04c1-424b-9868-57a2d4851a1d" relativeResultsDirectory="0a612ba7-2a83-4195-83e3-30017992046d" />
    <UnitTestResult executionId="24c4fd2e-95e9-4434-b514-ebb1199b31a6" testId="9a3186fa-8a9f-bdf4-2246-6dd1ebfd2de6" testName="Aula.Tests.WeekLetterContentExtractorTests.ExtractContent_WithEmptyUgebreve_ReturnsEmptyString" computerName="RHO-DESKTOP" duration="00:00:00.0002516" startTime="2025-06-30T06:20:30.5388696+02:00" endTime="2025-06-30T06:20:30.5388697+02:00" testType="13cdc9d9-ddb5-4fa4-a97d-d965ccfc6d4b" outcome="Passed" testListId="8c84fa94-04c1-424b-9868-57a2d4851a1d" relativeResultsDirectory="24c4fd2e-95e9-4434-b514-ebb1199b31a6" />
    <UnitTestResult executionId="8d9a349e-010e-4490-9605-aa1bd9f108d0" testId="6c8436f1-99f2-8741-c6bd-d60e2590ab61" testName="Aula.Tests.AiToolsManagerTests.GetWeekLetters_WithChildName_ReturnsFilteredResults" computerName="RHO-DESKTOP" duration="00:00:00.0195208" startTime="2025-06-30T06:20:30.5630342+02:00" endTime="2025-06-30T06:20:30.5630343+02:00" testType="13cdc9d9-ddb5-4fa4-a97d-d965ccfc6d4b" outcome="Passed" testListId="8c84fa94-04c1-424b-9868-57a2d4851a1d" relativeResultsDirectory="8d9a349e-010e-4490-9605-aa1bd9f108d0" />
    <UnitTestResult executionId="95bec160-f1d0-4a10-a5ea-a21456d257e6" testId="ad82e8f2-6369-caf4-0e22-ade0ad1e294e" testName="Aula.Tests.DataModelTests.PostedLetter_WeekNumberValidation_ReturnsExpectedResult(weekNumber: 54, year: 2023, isValid: False)" computerName="RHO-DESKTOP" duration="00:00:00.0000126" startTime="2025-06-30T06:20:30.3837209+02:00" endTime="2025-06-30T06:20:30.3837210+02:00" testType="13cdc9d9-ddb5-4fa4-a97d-d965ccfc6d4b" outcome="Passed" testListId="8c84fa94-04c1-424b-9868-57a2d4851a1d" relativeResultsDirectory="95bec160-f1d0-4a10-a5ea-a21456d257e6" />
    <UnitTestResult executionId="58a74ec0-e498-466c-9cc3-c3d21919c219" testId="408b5ea4-c27f-06f2-ddeb-ea2d0d692787" testName="Aula.Tests.ReminderCommandHandlerTests.TryHandleReminderCommand_DeleteReminder_WithException_LogsErrorAndReturnsErrorMessage(command: &quot;delete reminder 999&quot;, isEnglish: True)" computerName="RHO-DESKTOP" duration="00:00:00.0057849" startTime="2025-06-30T06:20:30.5715542+02:00" endTime="2025-06-30T06:20:30.5715543+02:00" testType="13cdc9d9-ddb5-4fa4-a97d-d965ccfc6d4b" outcome="Passed" testListId="8c84fa94-04c1-424b-9868-57a2d4851a1d" relativeResultsDirectory="58a74ec0-e498-466c-9cc3-c3d21919c219" />
    <UnitTestResult executionId="d1c491c2-e1b2-4ef8-9077-19be51c15d5a" testId="26ae4368-0440-e07c-ce74-6fc7968351ba" testName="Aula.Tests.ConversationContextTests.ToString_WithAllPropertiesSet_ReturnsCorrectFormat" computerName="RHO-DESKTOP" duration="00:00:00.0005467" startTime="2025-06-30T06:20:30.5478810+02:00" endTime="2025-06-30T06:20:30.5478811+02:00" testType="13cdc9d9-ddb5-4fa4-a97d-d965ccfc6d4b" outcome="Passed" testListId="8c84fa94-04c1-424b-9868-57a2d4851a1d" relativeResultsDirectory="d1c491c2-e1b2-4ef8-9077-19be51c15d5a" />
    <UnitTestResult executionId="656ac901-8559-46f2-847f-53078f7948d9" testId="f40d8238-3a0f-3983-a28d-c346410cad34" testName="Aula.Tests.ReminderCommandHandlerTests.Constructor_WithNullLogger_ThrowsArgumentNullException" computerName="RHO-DESKTOP" duration="00:00:00.0003862" startTime="2025-06-30T06:20:30.5250096+02:00" endTime="2025-06-30T06:20:30.5250097+02:00" testType="13cdc9d9-ddb5-4fa4-a97d-d965ccfc6d4b" outcome="Passed" testListId="8c84fa94-04c1-424b-9868-57a2d4851a1d" relativeResultsDirectory="656ac901-8559-46f2-847f-53078f7948d9" />
    <UnitTestResult executionId="aea6f768-7231-4ae0-818a-8528a612da74" testId="9b7b0243-9523-d396-f433-76033e35c2c2" testName="Aula.Tests.DataServiceTests.CacheWeekLetter_StoresDataInCache" computerName="RHO-DESKTOP" duration="00:00:00.0016014" startTime="2025-06-30T06:20:30.5463445+02:00" endTime="2025-06-30T06:20:30.5463446+02:00" testType="13cdc9d9-ddb5-4fa4-a97d-d965ccfc6d4b" outcome="Passed" testListId="8c84fa94-04c1-424b-9868-57a2d4851a1d" relativeResultsDirectory="aea6f768-7231-4ae0-818a-8528a612da74" />
    <UnitTestResult executionId="c1db4c3e-d8fa-4bf1-b15d-578f5f72b0f1" testId="9fc0cf2c-4e26-2134-c7a9-7658041dbef7" testName="Aula.Tests.DataModelTests.PostedLetter_WeekNumberValidation_ReturnsExpectedResult(weekNumber: 53, year: 2023, isValid: True)" computerName="RHO-DESKTOP" duration="00:00:00.0000155" startTime="2025-06-30T06:20:30.3793787+02:00" endTime="2025-06-30T06:20:30.3793788+02:00" testType="13cdc9d9-ddb5-4fa4-a97d-d965ccfc6d4b" outcome="Passed" testListId="8c84fa94-04c1-424b-9868-57a2d4851a1d" relativeResultsDirectory="c1db4c3e-d8fa-4bf1-b15d-578f5f72b0f1" />
    <UnitTestResult executionId="5ee764ef-ac95-4cf8-a105-64adb962c2bb" testId="938a317b-aa01-ceab-2ffc-83628e95b3be" testName="Aula.Tests.ConfigurationTests.Config_WithEmptyConfiguration_UsesDefaults" computerName="RHO-DESKTOP" duration="00:00:00.0041814" startTime="2025-06-30T06:20:30.5943158+02:00" endTime="2025-06-30T06:20:30.5943158+02:00" testType="13cdc9d9-ddb5-4fa4-a97d-d965ccfc6d4b" outcome="Passed" testListId="8c84fa94-04c1-424b-9868-57a2d4851a1d" relativeResultsDirectory="5ee764ef-ac95-4cf8-a105-64adb962c2bb" />
    <UnitTestResult executionId="19bd8e0d-7fd8-4410-aa72-4f386fdbc5a0" testId="5dbf4eb2-4739-ba56-f229-461a6c74098e" testName="Aula.Tests.OpenAiServiceTests.OpenAiService_Constructor_WithApiKey_InitializesCorrectly" computerName="RHO-DESKTOP" duration="00:00:00.1220500" startTime="2025-06-30T06:20:30.4846318+02:00" endTime="2025-06-30T06:20:30.4846320+02:00" testType="13cdc9d9-ddb5-4fa4-a97d-d965ccfc6d4b" outcome="Passed" testListId="8c84fa94-04c1-424b-9868-57a2d4851a1d" relativeResultsDirectory="19bd8e0d-7fd8-4410-aa72-4f386fdbc5a0" />
    <UnitTestResult executionId="c3050e12-ad3b-432c-ad75-7a275ea2b7c1" testId="63288990-ee57-a5a0-a21e-5cf6b38242d6" testName="Aula.Tests.ReminderCommandHandlerTests.TryHandleReminderCommand_DeleteReminder_ValidCommands_ReturnsSuccess(command: &quot;delete reminder 123&quot;, isEnglish: True, expectedId: 123)" computerName="RHO-DESKTOP" duration="00:00:00.0648453" startTime="2025-06-30T06:20:30.4713994+02:00" endTime="2025-06-30T06:20:30.4713996+02:00" testType="13cdc9d9-ddb5-4fa4-a97d-d965ccfc6d4b" outcome="Passed" testListId="8c84fa94-04c1-424b-9868-57a2d4851a1d" relativeResultsDirectory="c3050e12-ad3b-432c-ad75-7a275ea2b7c1" />
    <UnitTestResult executionId="e93cc5be-f893-45e5-85cc-0223f48a4af8" testId="5e00a3be-52a1-5fb6-8a1e-63e6f1da1f63" testName="Aula.Tests.ConfigurationTests.GoogleServiceAccount_ConfigurationIsCorrect" computerName="RHO-DESKTOP" duration="00:00:00.0036386" startTime="2025-06-30T06:20:30.6247675+02:00" endTime="2025-06-30T06:20:30.6247676+02:00" testType="13cdc9d9-ddb5-4fa4-a97d-d965ccfc6d4b" outcome="Passed" testListId="8c84fa94-04c1-424b-9868-57a2d4851a1d" relativeResultsDirectory="e93cc5be-f893-45e5-85cc-0223f48a4af8" />
    <UnitTestResult executionId="0aa8da8a-dc5f-42e2-8016-a9ea89852fef" testId="5a7690c3-a6d9-a65a-1725-2be1e721c1ec" testName="Aula.Tests.ConfigurationTests.Config_DefaultValues_AreApplied" computerName="RHO-DESKTOP" duration="00:00:00.0199271" startTime="2025-06-30T06:20:30.5141873+02:00" endTime="2025-06-30T06:20:30.5141874+02:00" testType="13cdc9d9-ddb5-4fa4-a97d-d965ccfc6d4b" outcome="Passed" testListId="8c84fa94-04c1-424b-9868-57a2d4851a1d" relativeResultsDirectory="0aa8da8a-dc5f-42e2-8016-a9ea89852fef" />
    <UnitTestResult executionId="d045b831-e7e1-4d55-ba7e-4dccba63d6a0" testId="b7cfc00b-51fd-6c69-f1fb-bda55a54e3bf" testName="Aula.Tests.ReminderCommandHandlerTests.TryHandleReminderCommand_NonMatchingPatterns_ReturnsFalse(command: &quot;remind me tomorrow at eight that non-numeric time&quot;, isEnglish: True)" computerName="RHO-DESKTOP" duration="00:00:00.0012930" startTime="2025-06-30T06:20:30.5330734+02:00" endTime="2025-06-30T06:20:30.5330735+02:00" testType="13cdc9d9-ddb5-4fa4-a97d-d965ccfc6d4b" outcome="Passed" testListId="8c84fa94-04c1-424b-9868-57a2d4851a1d" relativeResultsDirectory="d045b831-e7e1-4d55-ba7e-4dccba63d6a0" />
    <UnitTestResult executionId="5d53bf95-d88a-4e90-8e7d-8a7ebc1713b4" testId="16a775e1-0a61-8a60-62e8-6d46a3c0c6ea" testName="Aula.Tests.WeekLetterContentExtractorTests.ExtractContent_Dynamic_WithValidData_ReturnsContent" computerName="RHO-DESKTOP" duration="00:00:00.0024846" startTime="2025-06-30T06:20:30.5376958+02:00" endTime="2025-06-30T06:20:30.5376959+02:00" testType="13cdc9d9-ddb5-4fa4-a97d-d965ccfc6d4b" outcome="Passed" testListId="8c84fa94-04c1-424b-9868-57a2d4851a1d" relativeResultsDirectory="5d53bf95-d88a-4e90-8e7d-8a7ebc1713b4" />
    <UnitTestResult executionId="a595565f-4395-466f-a868-f3c1a465d7b7" testId="10cfca6f-c864-61be-d0c3-7c4c2c1cb441" testName="Aula.Tests.DataModelTests.AppState_DefaultConstructor_InitializesCorrectly" computerName="RHO-DESKTOP" duration="00:00:00.0025998" startTime="2025-06-30T06:20:30.3770822+02:00" endTime="2025-06-30T06:20:30.3770823+02:00" testType="13cdc9d9-ddb5-4fa4-a97d-d965ccfc6d4b" outcome="Passed" testListId="8c84fa94-04c1-424b-9868-57a2d4851a1d" relativeResultsDirectory="a595565f-4395-466f-a868-f3c1a465d7b7" />
    <UnitTestResult executionId="0a6035a9-144a-46b2-8e07-00fcb5e1c5e4" testId="6210dd9d-dca7-b5e7-12e5-95bce025fbf7" testName="Aula.Tests.SchedulingServiceTests.Constructor_WithValidParameters_InitializesCorrectly" computerName="RHO-DESKTOP" duration="00:00:00.0005385" startTime="2025-06-30T06:20:30.4443922+02:00" endTime="2025-06-30T06:20:30.4443923+02:00" testType="13cdc9d9-ddb5-4fa4-a97d-d965ccfc6d4b" outcome="Passed" testListId="8c84fa94-04c1-424b-9868-57a2d4851a1d" relativeResultsDirectory="0a6035a9-144a-46b2-8e07-00fcb5e1c5e4" />
    <UnitTestResult executionId="74654054-20d4-442b-9346-8be418658788" testId="c06d186f-88dd-0856-9a2a-917fef6f84d2" testName="Aula.Tests.ReminderCommandHandlerTests.TryHandleReminderCommand_DeleteReminder_ValidCommands_ReturnsSuccess(command: &quot;delete reminder 1&quot;, isEnglish: True, expectedId: 1)" computerName="RHO-DESKTOP" duration="00:00:00.0012710" startTime="2025-06-30T06:20:30.4781791+02:00" endTime="2025-06-30T06:20:30.4781792+02:00" testType="13cdc9d9-ddb5-4fa4-a97d-d965ccfc6d4b" outcome="Passed" testListId="8c84fa94-04c1-424b-9868-57a2d4851a1d" relativeResultsDirectory="74654054-20d4-442b-9346-8be418658788" />
    <UnitTestResult executionId="a34fd01b-850b-472d-a7d6-57938129f7d4" testId="ab6968f0-c312-fb08-a6c5-5cfd232d0cfa" testName="Aula.Tests.AgentServiceTests.AskQuestionAboutWeekLetterAsync_WithContextKey_CallsOpenAiService" computerName="RHO-DESKTOP" duration="00:00:00.2395919" startTime="2025-06-30T06:20:30.4666409+02:00" endTime="2025-06-30T06:20:30.4666410+02:00" testType="13cdc9d9-ddb5-4fa4-a97d-d965ccfc6d4b" outcome="Passed" testListId="8c84fa94-04c1-424b-9868-57a2d4851a1d" relativeResultsDirectory="a34fd01b-850b-472d-a7d6-57938129f7d4" />
    <UnitTestResult executionId="63f41a73-5250-4c19-9f98-9f5b49593860" testId="c12abf73-6b6c-136a-403c-9f0baa6f0245" testName="Aula.Tests.ReminderCommandHandlerTests.TryHandleReminderCommand_NonReminderCommands_ReturnsFalse(command: &quot;list&quot;)" computerName="RHO-DESKTOP" duration="00:00:00.0000607" startTime="2025-06-30T06:20:30.5189963+02:00" endTime="2025-06-30T06:20:30.5189964+02:00" testType="13cdc9d9-ddb5-4fa4-a97d-d965ccfc6d4b" outcome="Passed" testListId="8c84fa94-04c1-424b-9868-57a2d4851a1d" relativeResultsDirectory="63f41a73-5250-4c19-9f98-9f5b49593860" />
    <UnitTestResult executionId="f41aaf56-0cc9-4dc4-bd33-e93cefbe4fe5" testId="90d4b0fb-1ec9-7d35-ce7c-410fb43345e8" testName="Aula.Tests.ConfigurationTests.Children_WithMultipleChildren_MaintainsOrder" computerName="RHO-DESKTOP" duration="00:00:00.0037761" startTime="2025-06-30T06:20:30.6132540+02:00" endTime="2025-06-30T06:20:30.6132541+02:00" testType="13cdc9d9-ddb5-4fa4-a97d-d965ccfc6d4b" outcome="Passed" testListId="8c84fa94-04c1-424b-9868-57a2d4851a1d" relativeResultsDirectory="f41aaf56-0cc9-4dc4-bd33-e93cefbe4fe5" />
    <UnitTestResult executionId="2f898688-49e3-475d-9bd8-fac9d8525b3e" testId="4b11a4eb-f9f8-4d35-32b2-8d0335387284" testName="Aula.Tests.ConversationContextManagerTests.GetContext_WithExpiredContext_ReturnsNullAndRemovesContext" computerName="RHO-DESKTOP" duration="00:00:00.0026384" startTime="2025-06-30T06:20:30.4760949+02:00" endTime="2025-06-30T06:20:30.4760951+02:00" testType="13cdc9d9-ddb5-4fa4-a97d-d965ccfc6d4b" outcome="Passed" testListId="8c84fa94-04c1-424b-9868-57a2d4851a1d" relativeResultsDirectory="2f898688-49e3-475d-9bd8-fac9d8525b3e" />
    <UnitTestResult executionId="5329ec22-5eff-4bc4-ba7c-e146cab3a029" testId="40da04fa-1032-74c9-ec34-90abe39e5238" testName="Aula.Tests.ConversationContextManagerTests.GetContext_WithValidKey_ReturnsContext" computerName="RHO-DESKTOP" duration="00:00:00.0003232" startTime="2025-06-30T06:20:30.4989157+02:00" endTime="2025-06-30T06:20:30.4989159+02:00" testType="13cdc9d9-ddb5-4fa4-a97d-d965ccfc6d4b" outcome="Passed" testListId="8c84fa94-04c1-424b-9868-57a2d4851a1d" relativeResultsDirectory="5329ec22-5eff-4bc4-ba7c-e146cab3a029" />
    <UnitTestResult executionId="4d19e220-b01f-4338-8c2e-759fbed40167" testId="e85ce880-7444-1af6-f852-081812521be9" testName="Aula.Tests.DataModelTests.Reminder_CreatedBy_HandlesValues(createdBy: &quot;system&quot;, shouldAccept: True)" computerName="RHO-DESKTOP" duration="00:00:00.0004285" startTime="2025-06-30T06:20:30.3880461+02:00" endTime="2025-06-30T06:20:30.3880461+02:00" testType="13cdc9d9-ddb5-4fa4-a97d-d965ccfc6d4b" outcome="Passed" testListId="8c84fa94-04c1-424b-9868-57a2d4851a1d" relativeResultsDirectory="4d19e220-b01f-4338-8c2e-759fbed40167" />
    <UnitTestResult executionId="f31e285f-c8fe-4adf-acb0-8df6128c141d" testId="41f646b1-00ba-3b07-a7c0-9a13346690af" testName="Aula.Tests.WeekLetterContentExtractorTests.ExtractContent_Dynamic_WithNullUgebreve_ReturnsEmptyString" computerName="RHO-DESKTOP" duration="00:00:00.0007232" startTime="2025-06-30T06:20:30.5596726+02:00" endTime="2025-06-30T06:20:30.5596727+02:00" testType="13cdc9d9-ddb5-4fa4-a97d-d965ccfc6d4b" outcome="Passed" testListId="8c84fa94-04c1-424b-9868-57a2d4851a1d" relativeResultsDirectory="f31e285f-c8fe-4adf-acb0-8df6128c141d" />
    <UnitTestResult executionId="0420c9ca-ef1b-4133-a2f5-13cc35caa41d" testId="26cbb005-a86b-218f-a04c-94612f8aba4f" testName="Aula.Tests.ConfigurationTests.Supabase_ConfigurationIsCorrect" computerName="RHO-DESKTOP" duration="00:00:00.0039349" startTime="2025-06-30T06:20:30.6210115+02:00" endTime="2025-06-30T06:20:30.6210116+02:00" testType="13cdc9d9-ddb5-4fa4-a97d-d965ccfc6d4b" outcome="Passed" testListId="8c84fa94-04c1-424b-9868-57a2d4851a1d" relativeResultsDirectory="0420c9ca-ef1b-4133-a2f5-13cc35caa41d" />
    <UnitTestResult executionId="01420aaa-4eb9-4f88-880c-bac5324d565a" testId="ff6db1a1-226f-7585-4cf9-1dafecaed657" testName="Aula.Tests.ConfigurationTests.GoogleServiceAccount_RequiredFields_ArePresent" computerName="RHO-DESKTOP" duration="00:00:00.0035856" startTime="2025-06-30T06:20:30.6169585+02:00" endTime="2025-06-30T06:20:30.6169586+02:00" testType="13cdc9d9-ddb5-4fa4-a97d-d965ccfc6d4b" outcome="Passed" testListId="8c84fa94-04c1-424b-9868-57a2d4851a1d" relativeResultsDirectory="01420aaa-4eb9-4f88-880c-bac5324d565a" />
    <UnitTestResult executionId="e706127b-54b0-4a19-bb83-96d9a2a3062f" testId="17fd1d45-da93-d3c8-66a0-3e861223c732" testName="Aula.Tests.ReminderCommandHandlerTests.TryHandleReminderCommand_DateParsing_TomorrowAndToday_WorksCorrectly" computerName="RHO-DESKTOP" duration="00:00:00.0073835" startTime="2025-06-30T06:20:30.5401785+02:00" endTime="2025-06-30T06:20:30.5401786+02:00" testType="13cdc9d9-ddb5-4fa4-a97d-d965ccfc6d4b" outcome="Passed" testListId="8c84fa94-04c1-424b-9868-57a2d4851a1d" relativeResultsDirectory="e706127b-54b0-4a19-bb83-96d9a2a3062f" />
    <UnitTestResult executionId="03e4ac71-c355-48bb-bfea-1c21d3d5b70a" testId="54a072f7-4386-8314-18b7-ae27f4d320dd" testName="Aula.Tests.ConfigurationTests.Telegram_Token_ValidationTests(token: &quot;123456789:AABBCCDDEEFFGGHHTest&quot;, isValidFormat: True)" computerName="RHO-DESKTOP" duration="00:00:00.0105910" startTime="2025-06-30T06:20:30.4574909+02:00" endTime="2025-06-30T06:20:30.4574911+02:00" testType="13cdc9d9-ddb5-4fa4-a97d-d965ccfc6d4b" outcome="Passed" testListId="8c84fa94-04c1-424b-9868-57a2d4851a1d" relativeResultsDirectory="03e4ac71-c355-48bb-bfea-1c21d3d5b70a" />
    <UnitTestResult executionId="cac7dea1-06a2-4431-a6fd-e8c36bff70ea" testId="6c2ab467-d636-2051-2fec-5262bc960570" testName="Aula.Tests.ReminderCommandHandlerTests.TryHandleReminderCommand_NonReminderCommands_ReturnsFalse(command: &quot;   &quot;)" computerName="RHO-DESKTOP" duration="00:00:00.0000766" startTime="2025-06-30T06:20:30.5221656+02:00" endTime="2025-06-30T06:20:30.5221657+02:00" testType="13cdc9d9-ddb5-4fa4-a97d-d965ccfc6d4b" outcome="Passed" testListId="8c84fa94-04c1-424b-9868-57a2d4851a1d" relativeResultsDirectory="cac7dea1-06a2-4431-a6fd-e8c36bff70ea" />
    <UnitTestResult executionId="0032b0bf-76ac-4cc9-ab26-b90c45bd74f5" testId="765a8901-e2cf-498e-fa79-98634875728f" testName="Aula.Tests.DataServiceTests.CacheWeekSchedule_StoresDataInCache" computerName="RHO-DESKTOP" duration="00:00:00.0429128" startTime="2025-06-30T06:20:30.5393551+02:00" endTime="2025-06-30T06:20:30.5393552+02:00" testType="13cdc9d9-ddb5-4fa4-a97d-d965ccfc6d4b" outcome="Passed" testListId="8c84fa94-04c1-424b-9868-57a2d4851a1d" relativeResultsDirectory="0032b0bf-76ac-4cc9-ab26-b90c45bd74f5" />
    <UnitTestResult executionId="1ae4492b-9f8d-494d-bec6-0cc176e643b6" testId="586249f8-4f0e-860e-0a9b-fbdd76dc0b42" testName="Aula.Tests.SchedulingServiceTests.StartAsync_WithValidSetup_DoesNotThrow" computerName="RHO-DESKTOP" duration="00:00:00.0037834" startTime="2025-06-30T06:20:30.4481351+02:00" endTime="2025-06-30T06:20:30.4481352+02:00" testType="13cdc9d9-ddb5-4fa4-a97d-d965ccfc6d4b" outcome="Passed" testListId="8c84fa94-04c1-424b-9868-57a2d4851a1d" relativeResultsDirectory="1ae4492b-9f8d-494d-bec6-0cc176e643b6" />
    <UnitTestResult executionId="52e9cd7a-870f-4225-b885-72611ce379dc" testId="67a92a6a-27fa-a1c6-510d-1fb4c46c5d0e" testName="Aula.Tests.ConfigurationTests.Slack_ChannelId_ValidationTests(channelId: &quot;   &quot;, isValid: False)" computerName="RHO-DESKTOP" duration="00:00:00.0035005" startTime="2025-06-30T06:20:30.5899928+02:00" endTime="2025-06-30T06:20:30.5899929+02:00" testType="13cdc9d9-ddb5-4fa4-a97d-d965ccfc6d4b" outcome="Passed" testListId="8c84fa94-04c1-424b-9868-57a2d4851a1d" relativeResultsDirectory="52e9cd7a-870f-4225-b885-72611ce379dc" />
    <UnitTestResult executionId="997004e1-dcfd-44f9-bf65-5f5c7830f2f7" testId="b4b082ed-1d4f-eb47-7e00-be6e8b156309" testName="Aula.Tests.ReminderCommandHandlerTests.TryHandleReminderCommand_ListReminders_ValidCommands_ReturnsRemindersList(command: &quot;show reminders&quot;, isEnglish: True)" computerName="RHO-DESKTOP" duration="00:00:00.0002983" startTime="2025-06-30T06:20:30.5106203+02:00" endTime="2025-06-30T06:20:30.5106204+02:00" testType="13cdc9d9-ddb5-4fa4-a97d-d965ccfc6d4b" outcome="Passed" testListId="8c84fa94-04c1-424b-9868-57a2d4851a1d" relativeResultsDirectory="997004e1-dcfd-44f9-bf65-5f5c7830f2f7" />
    <UnitTestResult executionId="82bd6f39-01dc-48ea-a327-45fa38fe5751" testId="942b21ed-5e95-17a8-5195-877ddeae341d" testName="Aula.Tests.DataModelTests.RetryAttempt_DefaultConstructor_InitializesCorrectly" computerName="RHO-DESKTOP" duration="00:00:00.0006687" startTime="2025-06-30T06:20:30.3922902+02:00" endTime="2025-06-30T06:20:30.3922903+02:00" testType="13cdc9d9-ddb5-4fa4-a97d-d965ccfc6d4b" outcome="Passed" testListId="8c84fa94-04c1-424b-9868-57a2d4851a1d" relativeResultsDirectory="82bd6f39-01dc-48ea-a327-45fa38fe5751" />
    <UnitTestResult executionId="b887d024-0b5d-4029-a679-96ed854aa59c" testId="60a37e83-4e64-aa16-4919-f59a57e2c7d6" testName="Aula.Tests.SchedulingServiceTests.StartAsync_CallsGetPendingRemindersAsync_AtLeastOnce" computerName="RHO-DESKTOP" duration="00:00:00.1098261" startTime="2025-06-30T06:20:30.5646234+02:00" endTime="2025-06-30T06:20:30.5646235+02:00" testType="13cdc9d9-ddb5-4fa4-a97d-d965ccfc6d4b" outcome="Passed" testListId="8c84fa94-04c1-424b-9868-57a2d4851a1d" relativeResultsDirectory="b887d024-0b5d-4029-a679-96ed854aa59c" />
    <UnitTestResult executionId="3d2fc94a-b011-4c9e-9e2d-781e50f1b980" testId="d2df758a-6e92-20d7-5321-9a2458ff79c7" testName="Aula.Tests.ConversationContextManagerTests.ClearContext_WithExistingKey_RemovesContextAndLogs" computerName="RHO-DESKTOP" duration="00:00:00.0064767" startTime="2025-06-30T06:20:30.4974769+02:00" endTime="2025-06-30T06:20:30.4974770+02:00" testType="13cdc9d9-ddb5-4fa4-a97d-d965ccfc6d4b" outcome="Passed" testListId="8c84fa94-04c1-424b-9868-57a2d4851a1d" relativeResultsDirectory="3d2fc94a-b011-4c9e-9e2d-781e50f1b980" />
    <UnitTestResult executionId="fd2859e9-e8a7-429f-a471-b9b4bf19c299" testId="e22e5398-ae5a-21a8-5d81-30f04feb1277" testName="Aula.Tests.MinUddannelseClientTests.GetWeekLetter_ReturnsWeekLetter_WhenApiReturnsData" computerName="RHO-DESKTOP" duration="00:00:00.0413097" startTime="2025-06-30T06:20:30.5428868+02:00" endTime="2025-06-30T06:20:30.5428869+02:00" testType="13cdc9d9-ddb5-4fa4-a97d-d965ccfc6d4b" outcome="Passed" testListId="8c84fa94-04c1-424b-9868-57a2d4851a1d" relativeResultsDirectory="fd2859e9-e8a7-429f-a471-b9b4bf19c299" />
    <UnitTestResult executionId="924504fc-3053-495b-9920-584ce1ae4e46" testId="51aa65b1-443e-5697-2362-17cf4a03e30a" testName="Aula.Tests.ConfigurationTests.UniLogin_WithInvalidCredentials_HandlesGracefully(invalidValue: null)" computerName="RHO-DESKTOP" duration="00:00:00.0192239" startTime="2025-06-30T06:20:30.5236654+02:00" endTime="2025-06-30T06:20:30.5236655+02:00" testType="13cdc9d9-ddb5-4fa4-a97d-d965ccfc6d4b" outcome="Passed" testListId="8c84fa94-04c1-424b-9868-57a2d4851a1d" relativeResultsDirectory="924504fc-3053-495b-9920-584ce1ae4e46" />
    <UnitTestResult executionId="54941d36-8378-4412-a192-0097a4781335" testId="abaa89cb-39f9-f69b-6b9b-d73c0738d8ca" testName="Aula.Tests.DataModelTests.PostedLetter_WeekNumberValidation_ReturnsExpectedResult(weekNumber: 1, year: 2023, isValid: True)" computerName="RHO-DESKTOP" duration="00:00:00.0001093" startTime="2025-06-30T06:20:30.3802563+02:00" endTime="2025-06-30T06:20:30.3802564+02:00" testType="13cdc9d9-ddb5-4fa4-a97d-d965ccfc6d4b" outcome="Passed" testListId="8c84fa94-04c1-424b-9868-57a2d4851a1d" relativeResultsDirectory="54941d36-8378-4412-a192-0097a4781335" />
    <UnitTestResult executionId="65119509-6ab4-4336-96f7-1013a4ffce9b" testId="64afb5ae-2f84-d2b0-0cea-d1a725c44de1" testName="Aula.Tests.ReminderCommandHandlerTests.TryHandleReminderCommand_AddReminder_ValidFormats_ReturnsSuccess(command: &quot;husk mig i morgen kl 8:00 at Hans har Haver til ma&quot;···, isEnglish: False, expectedChildName: &quot;Hans Jensen&quot;)" computerName="RHO-DESKTOP" duration="00:00:00.0028433" startTime="2025-06-30T06:20:30.5558087+02:00" endTime="2025-06-30T06:20:30.5558088+02:00" testType="13cdc9d9-ddb5-4fa4-a97d-d965ccfc6d4b" outcome="Passed" testListId="8c84fa94-04c1-424b-9868-57a2d4851a1d" relativeResultsDirectory="65119509-6ab4-4336-96f7-1013a4ffce9b" />
    <UnitTestResult executionId="55f9e4e4-514f-476d-9b27-7e9cd2d4456f" testId="6f2849c0-59d4-529c-eff0-050f54d5630f" testName="Aula.Tests.OpenAiServiceTests.CreateTestWeekLetter_ReturnsValidJObject" computerName="RHO-DESKTOP" duration="00:00:00.0005521" startTime="2025-06-30T06:20:30.4904348+02:00" endTime="2025-06-30T06:20:30.4904350+02:00" testType="13cdc9d9-ddb5-4fa4-a97d-d965ccfc6d4b" outcome="Passed" testListId="8c84fa94-04c1-424b-9868-57a2d4851a1d" relativeResultsDirectory="55f9e4e4-514f-476d-9b27-7e9cd2d4456f" />
    <UnitTestResult executionId="43fb6727-281d-432a-92dd-b7776901812e" testId="957c0c25-76cf-80ee-b5e3-32573ab49008" testName="Aula.Tests.ReminderCommandHandlerTests.TryHandleReminderCommand_NonMatchingPatterns_ReturnsFalse(command: &quot;remind me yesterday at 8:00 that past date&quot;, isEnglish: True)" computerName="RHO-DESKTOP" duration="00:00:00.0000946" startTime="2025-06-30T06:20:30.5348782+02:00" endTime="2025-06-30T06:20:30.5348784+02:00" testType="13cdc9d9-ddb5-4fa4-a97d-d965ccfc6d4b" outcome="Passed" testListId="8c84fa94-04c1-424b-9868-57a2d4851a1d" relativeResultsDirectory="43fb6727-281d-432a-92dd-b7776901812e" />
    <UnitTestResult executionId="289e3b0a-c559-4eca-b93e-d8e8a74ee14e" testId="eeac3a00-2bce-03c2-005e-3c8cad0e2909" testName="Aula.Tests.ConfigurationTests.OpenAi_ConfigurationIsCorrect" computerName="RHO-DESKTOP" duration="00:00:00.0036179" startTime="2025-06-30T06:20:30.6093559+02:00" endTime="2025-06-30T06:20:30.6093560+02:00" testType="13cdc9d9-ddb5-4fa4-a97d-d965ccfc6d4b" outcome="Passed" testListId="8c84fa94-04c1-424b-9868-57a2d4851a1d" relativeResultsDirectory="289e3b0a-c559-4eca-b93e-d8e8a74ee14e" />
    <UnitTestResult executionId="1d25746b-ad4c-4c1c-8d52-5e795de023da" testId="09d6ba47-0b30-fd63-8462-dfdec9186853" testName="Aula.Tests.AiToolsManagerTests.CreateReminderAsync_WithInvalidDateTime_ReturnsError" computerName="RHO-DESKTOP" duration="00:00:00.0070996" startTime="2025-06-30T06:20:30.5233288+02:00" endTime="2025-06-30T06:20:30.5233288+02:00" testType="13cdc9d9-ddb5-4fa4-a97d-d965ccfc6d4b" outcome="Passed" testListId="8c84fa94-04c1-424b-9868-57a2d4851a1d" relativeResultsDirectory="1d25746b-ad4c-4c1c-8d52-5e795de023da" />
    <UnitTestResult executionId="e90bc72f-cd93-4db2-8ca9-77bd1ce922bf" testId="69727e49-b8f5-50a5-9fcb-9c9994f0f995" testName="Aula.Tests.ReminderCommandHandlerTests.TryHandleReminderCommand_DeleteReminder_ValidCommands_ReturnsSuccess(command: &quot;slet påmindelse 456&quot;, isEnglish: False, expectedId: 456)" computerName="RHO-DESKTOP" duration="00:00:00.0044038" startTime="2025-06-30T06:20:30.4754555+02:00" endTime="2025-06-30T06:20:30.4754557+02:00" testType="13cdc9d9-ddb5-4fa4-a97d-d965ccfc6d4b" outcome="Passed" testListId="8c84fa94-04c1-424b-9868-57a2d4851a1d" relativeResultsDirectory="e90bc72f-cd93-4db2-8ca9-77bd1ce922bf" />
    <UnitTestResult executionId="4d9398c1-84fd-4fb3-9236-bc6ef726e76f" testId="00218719-2ce3-7ba3-dfee-59929e732c27" testName="Aula.Tests.DataModelTests.PostedLetter_WeekNumberValidation_ReturnsExpectedResult(weekNumber: 25, year: 2022, isValid: True)" computerName="RHO-DESKTOP" duration="00:00:00.0144544" startTime="2025-06-30T06:20:30.3780727+02:00" endTime="2025-06-30T06:20:30.3780728+02:00" testType="13cdc9d9-ddb5-4fa4-a97d-d965ccfc6d4b" outcome="Passed" testListId="8c84fa94-04c1-424b-9868-57a2d4851a1d" relativeResultsDirectory="4d9398c1-84fd-4fb3-9236-bc6ef726e76f" />
    <UnitTestResult executionId="add94689-2100-4739-ade0-aa3064139a6d" testId="9c9b71dd-4d7d-520b-307c-b4e1d2176cf7" testName="Aula.Tests.SupabaseServiceTests.WeekLetterParameters_WithValidValues_AreInValidRange(childName: &quot;TestChild&quot;, weekNumber: 42, year: 2023)" computerName="RHO-DESKTOP" duration="00:00:00.0001719" startTime="2025-06-30T06:20:30.3843774+02:00" endTime="2025-06-30T06:20:30.3843776+02:00" testType="13cdc9d9-ddb5-4fa4-a97d-d965ccfc6d4b" outcome="Passed" testListId="8c84fa94-04c1-424b-9868-57a2d4851a1d" relativeResultsDirectory="add94689-2100-4739-ade0-aa3064139a6d" />
    <UnitTestResult executionId="c9af9cd1-e06c-4776-84ea-53f73d975aa4" testId="d63e7278-b66e-2034-c34f-0f996736ec0f" testName="Aula.Tests.SupabaseServiceTests.ReminderData_WithValidParameters_AreValid" computerName="RHO-DESKTOP" duration="00:00:00.0005468" startTime="2025-06-30T06:20:30.3857239+02:00" endTime="2025-06-30T06:20:30.3857242+02:00" testType="13cdc9d9-ddb5-4fa4-a97d-d965ccfc6d4b" outcome="Passed" testListId="8c84fa94-04c1-424b-9868-57a2d4851a1d" relativeResultsDirectory="c9af9cd1-e06c-4776-84ea-53f73d975aa4" />
    <UnitTestResult executionId="09c71523-02ec-4b44-ac98-51edb8b87ac9" testId="0ed7ab3d-b8e8-a9e8-e656-7a53f3a4e834" testName="Aula.Tests.ConfigurationTests.Telegram_Token_ValidationTests(token: &quot;invalid-token&quot;, isValidFormat: False)" computerName="RHO-DESKTOP" duration="00:00:00.0116642" startTime="2025-06-30T06:20:30.4704689+02:00" endTime="2025-06-30T06:20:30.4704692+02:00" testType="13cdc9d9-ddb5-4fa4-a97d-d965ccfc6d4b" outcome="Passed" testListId="8c84fa94-04c1-424b-9868-57a2d4851a1d" relativeResultsDirectory="09c71523-02ec-4b44-ac98-51edb8b87ac9" />
    <UnitTestResult executionId="67f78d68-234c-47f7-ba73-8d4852edefa1" testId="e2aeac7b-cd40-6cc4-b911-b570d5f5d3a1" testName="Aula.Tests.ReminderCommandHandlerTests.TryHandleReminderCommand_AddReminder_ValidFormats_ReturnsSuccess(command: &quot;remind me today at 15:30 that Emma has piano lesso&quot;···, isEnglish: True, expectedChildName: &quot;Emma Marie&quot;)" computerName="RHO-DESKTOP" duration="00:00:00.0031230" startTime="2025-06-30T06:20:30.5599844+02:00" endTime="2025-06-30T06:20:30.5599845+02:00" testType="13cdc9d9-ddb5-4fa4-a97d-d965ccfc6d4b" outcome="Passed" testListId="8c84fa94-04c1-424b-9868-57a2d4851a1d" relativeResultsDirectory="67f78d68-234c-47f7-ba73-8d4852edefa1" />
    <UnitTestResult executionId="0d00279f-dc31-4b09-b44c-95c12557b3d2" testId="11387216-9353-1236-6f70-1f327e3d4488" testName="Aula.Tests.ConfigurationTests.Configuration_LoadsSuccessfully" computerName="RHO-DESKTOP" duration="00:00:00.0065138" startTime="2025-06-30T06:20:30.5690414+02:00" endTime="2025-06-30T06:20:30.5690415+02:00" testType="13cdc9d9-ddb5-4fa4-a97d-d965ccfc6d4b" outcome="Passed" testListId="8c84fa94-04c1-424b-9868-57a2d4851a1d" relativeResultsDirectory="0d00279f-dc31-4b09-b44c-95c12557b3d2" />
    <UnitTestResult executionId="e8f36a19-89be-4ed9-8cb7-0cdb3914100e" testId="37cb11a9-112c-29b4-1f6e-1174dee06011" testName="Aula.Tests.WeekLetterContentExtractorTests.ExtractContent_WithMissingUgebreve_ReturnsEmptyString" computerName="RHO-DESKTOP" duration="00:00:00.0001270" startTime="2025-06-30T06:20:30.5276916+02:00" endTime="2025-06-30T06:20:30.5276918+02:00" testType="13cdc9d9-ddb5-4fa4-a97d-d965ccfc6d4b" outcome="Passed" testListId="8c84fa94-04c1-424b-9868-57a2d4851a1d" relativeResultsDirectory="e8f36a19-89be-4ed9-8cb7-0cdb3914100e" />
    <UnitTestResult executionId="738ff705-37d9-4e16-aac8-66aba65f3861" testId="7e5fa51a-9f66-d389-1e81-dca47416e573" testName="Aula.Tests.ReminderCommandHandlerTests.TryHandleReminderCommand_ChildNameExtraction_WorksCorrectly" computerName="RHO-DESKTOP" duration="00:00:00.0035563" startTime="2025-06-30T06:20:30.5796577+02:00" endTime="2025-06-30T06:20:30.5796577+02:00" testType="13cdc9d9-ddb5-4fa4-a97d-d965ccfc6d4b" outcome="Passed" testListId="8c84fa94-04c1-424b-9868-57a2d4851a1d" relativeResultsDirectory="738ff705-37d9-4e16-aac8-66aba65f3861" />
    <UnitTestResult executionId="d2b9baa7-96c0-49c2-94e8-cfda511c917c" testId="2c5225d3-b3a0-cf28-3c30-ab718f3971db" testName="Aula.Tests.SupabaseServiceTests.Constructor_WithValidConfig_InitializesCorrectly" computerName="RHO-DESKTOP" duration="00:00:00.0003522" startTime="2025-06-30T06:20:30.3799808+02:00" endTime="2025-06-30T06:20:30.3799809+02:00" testType="13cdc9d9-ddb5-4fa4-a97d-d965ccfc6d4b" outcome="Passed" testListId="8c84fa94-04c1-424b-9868-57a2d4851a1d" relativeResultsDirectory="d2b9baa7-96c0-49c2-94e8-cfda511c917c" />
    <UnitTestResult executionId="b04c9502-fe34-4fcc-8752-48f8768fc0f4" testId="6dc1a149-cb06-de35-5fc9-568447f23244" testName="Aula.Tests.AgentServiceTests.SummarizeWeekLetterAsync_CallsOpenAiService" computerName="RHO-DESKTOP" duration="00:00:00.0082612" startTime="2025-06-30T06:20:30.5262281+02:00" endTime="2025-06-30T06:20:30.5262283+02:00" testType="13cdc9d9-ddb5-4fa4-a97d-d965ccfc6d4b" outcome="Passed" testListId="8c84fa94-04c1-424b-9868-57a2d4851a1d" relativeResultsDirectory="b04c9502-fe34-4fcc-8752-48f8768fc0f4" />
    <UnitTestResult executionId="b5470384-cc21-4525-992c-cc588ce609c8" testId="c5cb529d-1b33-f127-65fe-001a88426434" testName="Aula.Tests.ConfigurationTests.Config_IConfig_Interface_IsImplemented" computerName="RHO-DESKTOP" duration="00:00:00.1568434" startTime="2025-06-30T06:20:30.3971827+02:00" endTime="2025-06-30T06:20:30.3971829+02:00" testType="13cdc9d9-ddb5-4fa4-a97d-d965ccfc6d4b" outcome="Passed" testListId="8c84fa94-04c1-424b-9868-57a2d4851a1d" relativeResultsDirectory="b5470384-cc21-4525-992c-cc588ce609c8" />
    <UnitTestResult executionId="50b1fb6b-66ae-4c0d-b857-856e1fa21f05" testId="ae4a9476-bbeb-36c8-50c8-faa57e806826" testName="Aula.Tests.DataModelTests.Reminder_CreatedBy_HandlesValues(createdBy: &quot;bot&quot;, shouldAccept: True)" computerName="RHO-DESKTOP" duration="00:00:00.0000076" startTime="2025-06-30T06:20:30.3902815+02:00" endTime="2025-06-30T06:20:30.3902816+02:00" testType="13cdc9d9-ddb5-4fa4-a97d-d965ccfc6d4b" outcome="Passed" testListId="8c84fa94-04c1-424b-9868-57a2d4851a1d" relativeResultsDirectory="50b1fb6b-66ae-4c0d-b857-856e1fa21f05" />
    <UnitTestResult executionId="dcbfc6b3-7432-4f1e-a9df-1a7d3cd52d34" testId="0dd17563-063f-ed46-f732-7a7f9fd5c97d" testName="Aula.Tests.ReminderCommandHandlerTests.TryHandleReminderCommand_AddReminder_InvalidFormats_ReturnsErrorMessage(command: &quot;remind me tomorrow at 25:00 that invalid time&quot;, isEnglish: True)" computerName="RHO-DESKTOP" duration="00:00:00.0070965" startTime="2025-06-30T06:20:30.5241225+02:00" endTime="2025-06-30T06:20:30.5241226+02:00" testType="13cdc9d9-ddb5-4fa4-a97d-d965ccfc6d4b" outcome="Passed" testListId="8c84fa94-04c1-424b-9868-57a2d4851a1d" relativeResultsDirectory="dcbfc6b3-7432-4f1e-a9df-1a7d3cd52d34" />
    <UnitTestResult executionId="3172a8b1-7808-48e6-b5b1-038841e1f1ac" testId="1240d963-4048-724a-07eb-e6234565a31f" testName="Aula.Tests.ReminderCommandHandlerTests.Constructor_WithNullSupabaseService_ThrowsArgumentNullException" computerName="RHO-DESKTOP" duration="00:00:00.1788616" startTime="2025-06-30T06:20:30.4056949+02:00" endTime="2025-06-30T06:20:30.4056951+02:00" testType="13cdc9d9-ddb5-4fa4-a97d-d965ccfc6d4b" outcome="Passed" testListId="8c84fa94-04c1-424b-9868-57a2d4851a1d" relativeResultsDirectory="3172a8b1-7808-48e6-b5b1-038841e1f1ac" />
    <UnitTestResult executionId="a62b2417-b0de-47ea-8572-8e2a8e409624" testId="9e9c0d3b-0291-6e8b-60da-193ed79d768e" testName="Aula.Tests.OpenAiServiceTests.OpenAiService_ClearConversationHistory_WithContextKey_RemovesSpecificContext" computerName="RHO-DESKTOP" duration="00:00:00.0040998" startTime="2025-06-30T06:20:30.4890847+02:00" endTime="2025-06-30T06:20:30.4890848+02:00" testType="13cdc9d9-ddb5-4fa4-a97d-d965ccfc6d4b" outcome="Passed" testListId="8c84fa94-04c1-424b-9868-57a2d4851a1d" relativeResultsDirectory="a62b2417-b0de-47ea-8572-8e2a8e409624" />
    <UnitTestResult executionId="9054e000-6ac8-4f5f-ad6f-ebb050fbaac7" testId="a0aec621-6262-1c7c-4d56-777a71f35264" testName="Aula.Tests.DataServiceTests.GetWeekSchedule_ReturnsNull_WhenNotInCache" computerName="RHO-DESKTOP" duration="00:00:00.0017847" startTime="2025-06-30T06:20:30.5410364+02:00" endTime="2025-06-30T06:20:30.5410365+02:00" testType="13cdc9d9-ddb5-4fa4-a97d-d965ccfc6d4b" outcome="Passed" testListId="8c84fa94-04c1-424b-9868-57a2d4851a1d" relativeResultsDirectory="9054e000-6ac8-4f5f-ad6f-ebb050fbaac7" />
    <UnitTestResult executionId="c0f3867e-d62d-4aef-a7db-e737c2fb4cfb" testId="43796deb-08f7-d80b-b20f-d8ab0d74e3d2" testName="Aula.Tests.ConversationContextManagerTests.Manager_WithGuidKeys_WorksCorrectly" computerName="RHO-DESKTOP" duration="00:00:00.0012666" startTime="2025-06-30T06:20:30.4821405+02:00" endTime="2025-06-30T06:20:30.4821407+02:00" testType="13cdc9d9-ddb5-4fa4-a97d-d965ccfc6d4b" outcome="Passed" testListId="8c84fa94-04c1-424b-9868-57a2d4851a1d" relativeResultsDirectory="c0f3867e-d62d-4aef-a7db-e737c2fb4cfb" />
    <UnitTestResult executionId="1d440461-353d-4c9c-8a6c-17fdb3d4bd24" testId="74f572e8-81b4-21f1-88fc-50374ea6849b" testName="Aula.Tests.ConversationContextTests.ToString_WithEmptyChildName_ShowsEmptyString" computerName="RHO-DESKTOP" duration="00:00:00.0003435" startTime="2025-06-30T06:20:30.5416644+02:00" endTime="2025-06-30T06:20:30.5416645+02:00" testType="13cdc9d9-ddb5-4fa4-a97d-d965ccfc6d4b" outcome="Passed" testListId="8c84fa94-04c1-424b-9868-57a2d4851a1d" relativeResultsDirectory="1d440461-353d-4c9c-8a6c-17fdb3d4bd24" />
    <UnitTestResult executionId="98e12c9d-c17a-47ca-9d08-17a1f7ec158d" testId="6a62d650-fe1d-5f26-308e-8cefa7e3b02e" testName="Aula.Tests.DataModelTests.ScheduledTask_CronExpression_CanBeSet(cronExpression: &quot;0 0 1 * *&quot;, description: &quot;Monthly on the 1st at midnight&quot;)" computerName="RHO-DESKTOP" duration="00:00:00.0000171" startTime="2025-06-30T06:20:30.3050768+02:00" endTime="2025-06-30T06:20:30.3050770+02:00" testType="13cdc9d9-ddb5-4fa4-a97d-d965ccfc6d4b" outcome="Passed" testListId="8c84fa94-04c1-424b-9868-57a2d4851a1d" relativeResultsDirectory="98e12c9d-c17a-47ca-9d08-17a1f7ec158d" />
    <UnitTestResult executionId="6576f21a-1254-46c1-b543-e0fd16d3ca64" testId="9862d09f-c3eb-023d-4a95-8928806e0371" testName="Aula.Tests.AgentServiceTests.GetWeekLetterAsync_ReturnsCachedData_WhenAvailable" computerName="RHO-DESKTOP" duration="00:00:00.0158241" startTime="2025-06-30T06:20:30.5227690+02:00" endTime="2025-06-30T06:20:30.5227690+02:00" testType="13cdc9d9-ddb5-4fa4-a97d-d965ccfc6d4b" outcome="Passed" testListId="8c84fa94-04c1-424b-9868-57a2d4851a1d" relativeResultsDirectory="6576f21a-1254-46c1-b543-e0fd16d3ca64" />
    <UnitTestResult executionId="f23dfb2f-caca-40f2-a827-dea0c03af096" testId="624de27a-03d8-98ab-f34d-a66a3eeda68b" testName="Aula.Tests.DataModelTests.Reminder_CreatedBy_HandlesValues(createdBy: &quot;&quot;, shouldAccept: True)" computerName="RHO-DESKTOP" duration="00:00:00.0000082" startTime="2025-06-30T06:20:30.3892887+02:00" endTime="2025-06-30T06:20:30.3892888+02:00" testType="13cdc9d9-ddb5-4fa4-a97d-d965ccfc6d4b" outcome="Passed" testListId="8c84fa94-04c1-424b-9868-57a2d4851a1d" relativeResultsDirectory="f23dfb2f-caca-40f2-a827-dea0c03af096" />
    <UnitTestResult executionId="ba5c8893-3d7c-4e1b-a752-71c0875241e7" testId="dbfd19d1-7bd8-98dc-78f3-146d5d04280d" testName="Aula.Tests.ReminderCommandHandlerTests.TryHandleReminderCommand_DateParsing_DDMM_Format_WorksCorrectly" computerName="RHO-DESKTOP" duration="00:00:00.0023188" startTime="2025-06-30T06:20:30.5760258+02:00" endTime="2025-06-30T06:20:30.5760259+02:00" testType="13cdc9d9-ddb5-4fa4-a97d-d965ccfc6d4b" outcome="Passed" testListId="8c84fa94-04c1-424b-9868-57a2d4851a1d" relativeResultsDirectory="ba5c8893-3d7c-4e1b-a752-71c0875241e7" />
    <UnitTestResult executionId="96431748-2c15-430d-ad76-af58417a6bd1" testId="a35a6d59-1322-0daa-c1a8-4b2dcce9308a" testName="Aula.Tests.WeekLetterContentExtractorTests.ExtractContent_WithNullLogger_DoesNotThrow" computerName="RHO-DESKTOP" duration="00:00:00.0001429" startTime="2025-06-30T06:20:30.5319510+02:00" endTime="2025-06-30T06:20:30.5319511+02:00" testType="13cdc9d9-ddb5-4fa4-a97d-d965ccfc6d4b" outcome="Passed" testListId="8c84fa94-04c1-424b-9868-57a2d4851a1d" relativeResultsDirectory="96431748-2c15-430d-ad76-af58417a6bd1" />
    <UnitTestResult executionId="cf698019-a79e-4850-bb68-89198a8da399" testId="93769d39-d67b-db65-02fb-ed3966dd3d05" testName="Aula.Tests.ReminderCommandHandlerTests.TryHandleReminderCommand_ListReminders_OrdersByDateAndTime" computerName="RHO-DESKTOP" duration="00:00:00.0026020" startTime="2025-06-30T06:20:30.5824286+02:00" endTime="2025-06-30T06:20:30.5824287+02:00" testType="13cdc9d9-ddb5-4fa4-a97d-d965ccfc6d4b" outcome="Passed" testListId="8c84fa94-04c1-424b-9868-57a2d4851a1d" relativeResultsDirectory="cf698019-a79e-4850-bb68-89198a8da399" />
    <UnitTestResult executionId="837a7dc1-7cfb-4a68-a4b3-e33fecf04600" testId="e726d9f0-fcb4-395d-b842-8ee85c5df38a" testName="Aula.Tests.ReminderCommandHandlerTests.TryHandleReminderCommand_ListReminders_WithException_LogsErrorAndReturnsErrorMessage(command: &quot;vis påmindelser&quot;, isEnglish: False)" computerName="RHO-DESKTOP" duration="00:00:00.0024489" startTime="2025-06-30T06:20:30.5307065+02:00" endTime="2025-06-30T06:20:30.5307067+02:00" testType="13cdc9d9-ddb5-4fa4-a97d-d965ccfc6d4b" outcome="Passed" testListId="8c84fa94-04c1-424b-9868-57a2d4851a1d" relativeResultsDirectory="837a7dc1-7cfb-4a68-a4b3-e33fecf04600" />
    <UnitTestResult executionId="9c683a29-53a7-46d9-968c-58e059bbb755" testId="4d980d02-3455-94f4-5dc1-d9e428166ef8" testName="Aula.Tests.ConversationContextTests.ToString_AgeCalculation_IsAccurate" computerName="RHO-DESKTOP" duration="00:00:00.0001566" startTime="2025-06-30T06:20:30.5531307+02:00" endTime="2025-06-30T06:20:30.5531308+02:00" testType="13cdc9d9-ddb5-4fa4-a97d-d965ccfc6d4b" outcome="Passed" testListId="8c84fa94-04c1-424b-9868-57a2d4851a1d" relativeResultsDirectory="9c683a29-53a7-46d9-968c-58e059bbb755" />
    <UnitTestResult executionId="2ee4cfd0-f0b3-48ab-8056-feca90db8ad5" testId="fd64547e-5308-ea2e-7202-731120fc28dc" testName="Aula.Tests.ConversationContextManagerTests.UpdateContext_WithDefaultParameters_SetsCorrectDefaults" computerName="RHO-DESKTOP" duration="00:00:00.0008823" startTime="2025-06-30T06:20:30.4680243+02:00" endTime="2025-06-30T06:20:30.4680245+02:00" testType="13cdc9d9-ddb5-4fa4-a97d-d965ccfc6d4b" outcome="Passed" testListId="8c84fa94-04c1-424b-9868-57a2d4851a1d" relativeResultsDirectory="2ee4cfd0-f0b3-48ab-8056-feca90db8ad5" />
    <UnitTestResult executionId="85583aed-9658-4d5e-8e81-f5a542744661" testId="7fcc67f3-326a-bb2f-e890-a3f7f107c255" testName="Aula.Tests.ConversationContextManagerTests.UpdateContext_WithValidInput_CreatesNewContext" computerName="RHO-DESKTOP" duration="00:00:00.0003729" startTime="2025-06-30T06:20:30.4828310+02:00" endTime="2025-06-30T06:20:30.4828311+02:00" testType="13cdc9d9-ddb5-4fa4-a97d-d965ccfc6d4b" outcome="Passed" testListId="8c84fa94-04c1-424b-9868-57a2d4851a1d" relativeResultsDirectory="85583aed-9658-4d5e-8e81-f5a542744661" />
    <UnitTestResult executionId="0aaabb4e-0dee-4b0b-840e-901d83c9cbb8" testId="b137971f-18dc-5b4d-0427-9be26cd9d00d" testName="Aula.Tests.SupabaseServiceTests.Constructor_WithValidConfig_CreatesInstance" computerName="RHO-DESKTOP" duration="00:00:00.0001521" startTime="2025-06-30T06:20:30.3860811+02:00" endTime="2025-06-30T06:20:30.3860812+02:00" testType="13cdc9d9-ddb5-4fa4-a97d-d965ccfc6d4b" outcome="Passed" testListId="8c84fa94-04c1-424b-9868-57a2d4851a1d" relativeResultsDirectory="0aaabb4e-0dee-4b0b-840e-901d83c9cbb8" />
    <UnitTestResult executionId="40176877-1163-451f-b094-cfb860607ff2" testId="87d02a4b-d70d-c476-8dfe-e0652123fdda" testName="Aula.Tests.AgentServiceTests.AskQuestionAboutWeekLetterAsync_CallsOpenAiService" computerName="RHO-DESKTOP" duration="00:00:00.0080089" startTime="2025-06-30T06:20:30.4748209+02:00" endTime="2025-06-30T06:20:30.4748210+02:00" testType="13cdc9d9-ddb5-4fa4-a97d-d965ccfc6d4b" outcome="Passed" testListId="8c84fa94-04c1-424b-9868-57a2d4851a1d" relativeResultsDirectory="40176877-1163-451f-b094-cfb860607ff2" />
    <UnitTestResult executionId="2fb846fd-3986-49d9-8d37-3376aa0dbea0" testId="f24d6e30-21bb-1e30-8b8c-e707fc0e6f62" testName="Aula.Tests.WeekLetterContentExtractorTests.ExtractContent_WithNullIndhold_ReturnsEmptyString" computerName="RHO-DESKTOP" duration="00:00:00.0002226" startTime="2025-06-30T06:20:30.5585240+02:00" endTime="2025-06-30T06:20:30.5585241+02:00" testType="13cdc9d9-ddb5-4fa4-a97d-d965ccfc6d4b" outcome="Passed" testListId="8c84fa94-04c1-424b-9868-57a2d4851a1d" relativeResultsDirectory="2fb846fd-3986-49d9-8d37-3376aa0dbea0" />
    <UnitTestResult executionId="86f1a4ac-e54b-4385-8761-c16cb2e44315" testId="8da1a6dd-b1a8-26c5-9c21-a9c9e125ca11" testName="Aula.Tests.WeekLetterContentExtractorTests.ExtractContent_Dynamic_WithException_ReturnsEmptyStringAndLogsError" computerName="RHO-DESKTOP" duration="00:00:00.0161981" startTime="2025-06-30T06:20:30.5578960+02:00" endTime="2025-06-30T06:20:30.5578962+02:00" testType="13cdc9d9-ddb5-4fa4-a97d-d965ccfc6d4b" outcome="Passed" testListId="8c84fa94-04c1-424b-9868-57a2d4851a1d" relativeResultsDirectory="86f1a4ac-e54b-4385-8761-c16cb2e44315" />
    <UnitTestResult executionId="44fb3fa1-54bb-4e3c-89d2-735200f36d1f" testId="65136f73-52cb-01c4-7550-0989b0568e6d" testName="Aula.Tests.ReminderCommandHandlerTests.TryHandleReminderCommand_NonReminderCommands_ReturnsFalse(command: &quot;delete&quot;)" computerName="RHO-DESKTOP" duration="00:00:00.0000641" startTime="2025-06-30T06:20:30.5196024+02:00" endTime="2025-06-30T06:20:30.5196025+02:00" testType="13cdc9d9-ddb5-4fa4-a97d-d965ccfc6d4b" outcome="Passed" testListId="8c84fa94-04c1-424b-9868-57a2d4851a1d" relativeResultsDirectory="44fb3fa1-54bb-4e3c-89d2-735200f36d1f" />
    <UnitTestResult executionId="583b3662-52fb-4218-bc5d-c71d4ea05564" testId="3dce9625-e41a-4610-8ef9-75ada012faf5" testName="Aula.Tests.ConfigurationTests.Children_ConfigurationIsCorrect" computerName="RHO-DESKTOP" duration="00:00:00.0161841" startTime="2025-06-30T06:20:30.4001392+02:00" endTime="2025-06-30T06:20:30.4001393+02:00" testType="13cdc9d9-ddb5-4fa4-a97d-d965ccfc6d4b" outcome="Passed" testListId="8c84fa94-04c1-424b-9868-57a2d4851a1d" relativeResultsDirectory="583b3662-52fb-4218-bc5d-c71d4ea05564" />
    <UnitTestResult executionId="ff8783d7-a8c3-4446-bb69-a048aefa917e" testId="d2ef52ed-d111-d129-48e3-3d827d906a7a" testName="Aula.Tests.ReminderCommandHandlerTests.TryHandleReminderCommand_ListReminders_ValidCommands_ReturnsRemindersList(command: &quot;list reminders&quot;, isEnglish: True)" computerName="RHO-DESKTOP" duration="00:00:00.0010359" startTime="2025-06-30T06:20:30.5010059+02:00" endTime="2025-06-30T06:20:30.5010060+02:00" testType="13cdc9d9-ddb5-4fa4-a97d-d965ccfc6d4b" outcome="Passed" testListId="8c84fa94-04c1-424b-9868-57a2d4851a1d" relativeResultsDirectory="ff8783d7-a8c3-4446-bb69-a048aefa917e" />
    <UnitTestResult executionId="8e201f1e-2109-4bde-8eed-252e4baebe85" testId="8e2e1ca5-edd8-4417-aafb-514c33f6ab1d" testName="Aula.Tests.WeekLetterContentExtractorTests.ExtractContent_WithNullUgebreve_ReturnsEmptyString" computerName="RHO-DESKTOP" duration="00:00:00.0002727" startTime="2025-06-30T06:20:30.5283202+02:00" endTime="2025-06-30T06:20:30.5283203+02:00" testType="13cdc9d9-ddb5-4fa4-a97d-d965ccfc6d4b" outcome="Passed" testListId="8c84fa94-04c1-424b-9868-57a2d4851a1d" relativeResultsDirectory="8e201f1e-2109-4bde-8eed-252e4baebe85" />
    <UnitTestResult executionId="a5b3120f-6d3e-4daf-afd6-506b207a4c56" testId="ad116389-6275-7f79-507c-63f583df733b" testName="Aula.Tests.DataModelTests.PostedLetter_WeekNumberValidation_ReturnsExpectedResult(weekNumber: 0, year: 2023, isValid: False)" computerName="RHO-DESKTOP" duration="00:00:00.0009082" startTime="2025-06-30T06:20:30.3787109+02:00" endTime="2025-06-30T06:20:30.3787110+02:00" testType="13cdc9d9-ddb5-4fa4-a97d-d965ccfc6d4b" outcome="Passed" testListId="8c84fa94-04c1-424b-9868-57a2d4851a1d" relativeResultsDirectory="a5b3120f-6d3e-4daf-afd6-506b207a4c56" />
    <UnitTestResult executionId="1b28db64-0745-481f-9913-1dec332c1de5" testId="a5b19ae5-8ac7-3134-19bf-f47bfeb954a5" testName="Aula.Tests.OpenAiServiceTests.OpenAiService_Internal_Constructor_CanBeUsedForTesting" computerName="RHO-DESKTOP" duration="00:00:00.0012271" startTime="2025-06-30T06:20:30.4924431+02:00" endTime="2025-06-30T06:20:30.4924434+02:00" testType="13cdc9d9-ddb5-4fa4-a97d-d965ccfc6d4b" outcome="Passed" testListId="8c84fa94-04c1-424b-9868-57a2d4851a1d" relativeResultsDirectory="1b28db64-0745-481f-9913-1dec332c1de5" />
    <UnitTestResult executionId="4a387e4e-4f4c-44d5-a5f8-9f3cc7f88af4" testId="d48f0050-ba6a-4458-2606-65b33e674626" testName="Aula.Tests.AiToolsManagerTests.ListRemindersAsync_WithReminders_ReturnsFormattedList" computerName="RHO-DESKTOP" duration="00:00:00.0027879" startTime="2025-06-30T06:20:30.5648095+02:00" endTime="2025-06-30T06:20:30.5648096+02:00" testType="13cdc9d9-ddb5-4fa4-a97d-d965ccfc6d4b" outcome="Passed" testListId="8c84fa94-04c1-424b-9868-57a2d4851a1d" relativeResultsDirectory="4a387e4e-4f4c-44d5-a5f8-9f3cc7f88af4" />
    <UnitTestResult executionId="f2477756-5945-4f57-aa9d-c7e77c8fb677" testId="aba925b8-1c49-822f-9926-ea2d7ce91a32" testName="Aula.Tests.WeekLetterContentExtractorTests.ExtractContent_Dynamic_WithEmptyArray_ReturnsEmptyString" computerName="RHO-DESKTOP" duration="00:00:00.1670013" startTime="2025-06-30T06:20:30.5255812+02:00" endTime="2025-06-30T06:20:30.5255813+02:00" testType="13cdc9d9-ddb5-4fa4-a97d-d965ccfc6d4b" outcome="Passed" testListId="8c84fa94-04c1-424b-9868-57a2d4851a1d" relativeResultsDirectory="f2477756-5945-4f57-aa9d-c7e77c8fb677" />
    <UnitTestResult executionId="f9099eee-7d87-4029-9308-da748ac64de8" testId="7d5870ac-5206-addb-8990-744bdf39b1db" testName="Aula.Tests.WeekLetterContentExtractorTests.ExtractContent_WithLogger_LogsWarningForEmptyContent" computerName="RHO-DESKTOP" duration="00:00:00.0039694" startTime="2025-06-30T06:20:30.5313329+02:00" endTime="2025-06-30T06:20:30.5313330+02:00" testType="13cdc9d9-ddb5-4fa4-a97d-d965ccfc6d4b" outcome="Passed" testListId="8c84fa94-04c1-424b-9868-57a2d4851a1d" relativeResultsDirectory="f9099eee-7d87-4029-9308-da748ac64de8" />
    <UnitTestResult executionId="d040e200-456d-4535-8925-905074241ca0" testId="cf02452a-bb08-57e3-6e3d-9a2b33a6786d" testName="Aula.Tests.ConversationContextTests.IsStillValid_WithOldTimestamp_ReturnsFalse" computerName="RHO-DESKTOP" duration="00:00:00.0001487" startTime="2025-06-30T06:20:30.5432991+02:00" endTime="2025-06-30T06:20:30.5432992+02:00" testType="13cdc9d9-ddb5-4fa4-a97d-d965ccfc6d4b" outcome="Passed" testListId="8c84fa94-04c1-424b-9868-57a2d4851a1d" relativeResultsDirectory="d040e200-456d-4535-8925-905074241ca0" />
    <UnitTestResult executionId="dd374406-400d-40be-b8f4-6517193eb79f" testId="5e6989fd-b17e-5a0a-743a-e8e2077b36a9" testName="Aula.Tests.ConversationContextManagerTests.Manager_WithIntegerKeys_WorksCorrectly" computerName="RHO-DESKTOP" duration="00:00:00.0015310" startTime="2025-06-30T06:20:30.4898143+02:00" endTime="2025-06-30T06:20:30.4898144+02:00" testType="13cdc9d9-ddb5-4fa4-a97d-d965ccfc6d4b" outcome="Passed" testListId="8c84fa94-04c1-424b-9868-57a2d4851a1d" relativeResultsDirectory="dd374406-400d-40be-b8f4-6517193eb79f" />
    <UnitTestResult executionId="493046ba-9053-4b49-9bb4-92d72a171ced" testId="bcffcaa0-fe11-4236-3a4f-1ebcf037698f" testName="Aula.Tests.ConfigurationTests.UniLogin_WithInvalidCredentials_HandlesGracefully(invalidValue: &quot;&quot;)" computerName="RHO-DESKTOP" duration="00:00:00.0176276" startTime="2025-06-30T06:20:30.5563789+02:00" endTime="2025-06-30T06:20:30.5563790+02:00" testType="13cdc9d9-ddb5-4fa4-a97d-d965ccfc6d4b" outcome="Passed" testListId="8c84fa94-04c1-424b-9868-57a2d4851a1d" relativeResultsDirectory="493046ba-9053-4b49-9bb4-92d72a171ced" />
    <UnitTestResult executionId="209adc7a-73a6-4f67-b41e-a62c4bc59964" testId="a30722fe-5fc3-75f9-8b36-954e4b7edded" testName="Aula.Tests.ConversationContextTests.ToString_WithNullChildName_ReturnsNone" computerName="RHO-DESKTOP" duration="00:00:00.0003958" startTime="2025-06-30T06:20:30.5549377+02:00" endTime="2025-06-30T06:20:30.5549379+02:00" testType="13cdc9d9-ddb5-4fa4-a97d-d965ccfc6d4b" outcome="Passed" testListId="8c84fa94-04c1-424b-9868-57a2d4851a1d" relativeResultsDirectory="209adc7a-73a6-4f67-b41e-a62c4bc59964" />
    <UnitTestResult executionId="0c4869be-35e2-4bcb-9ce2-cd40491991a6" testId="5ffcae99-6a0b-43fd-fa72-fb4ae62d545a" testName="Aula.Tests.WeekLetterContentExtractorTests.ExtractContent_WithException_ReturnsEmptyStringAndLogsError" computerName="RHO-DESKTOP" duration="00:00:00.0048997" startTime="2025-06-30T06:20:30.5354673+02:00" endTime="2025-06-30T06:20:30.5354674+02:00" testType="13cdc9d9-ddb5-4fa4-a97d-d965ccfc6d4b" outcome="Passed" testListId="8c84fa94-04c1-424b-9868-57a2d4851a1d" relativeResultsDirectory="0c4869be-35e2-4bcb-9ce2-cd40491991a6" />
    <UnitTestResult executionId="98cec957-9ad9-4a10-a72d-9ed198a5cffb" testId="ad89f264-d4c4-f617-aafc-0f2f439e7522" testName="Aula.Tests.AiToolsManagerTests.ListRemindersAsync_WithNoReminders_ReturnsEmptyMessage" computerName="RHO-DESKTOP" duration="00:00:00.0039020" startTime="2025-06-30T06:20:30.5447755+02:00" endTime="2025-06-30T06:20:30.5447756+02:00" testType="13cdc9d9-ddb5-4fa4-a97d-d965ccfc6d4b" outcome="Passed" testListId="8c84fa94-04c1-424b-9868-57a2d4851a1d" relativeResultsDirectory="98cec957-9ad9-4a10-a72d-9ed198a5cffb" />
    <UnitTestResult executionId="4e99f932-74a2-4146-8be8-e55378cd7e62" testId="297f17dd-58d9-5d2c-3145-cce1b04389b2" testName="Aula.Tests.AiToolsManagerTests.DeleteReminderAsync_WithInvalidReminderNumber_ReturnsError" computerName="RHO-DESKTOP" duration="00:00:00.0017186" startTime="2025-06-30T06:20:30.5693385+02:00" endTime="2025-06-30T06:20:30.5693386+02:00" testType="13cdc9d9-ddb5-4fa4-a97d-d965ccfc6d4b" outcome="Passed" testListId="8c84fa94-04c1-424b-9868-57a2d4851a1d" relativeResultsDirectory="4e99f932-74a2-4146-8be8-e55378cd7e62" />
    <UnitTestResult executionId="7200ee27-c4cc-4566-9dab-1ad2cd24c7a3" testId="b62ad4f9-1cee-e857-edf6-c6b178899d19" testName="Aula.Tests.ConfigurationTests.Slack_ChannelId_ValidationTests(channelId: &quot;#general&quot;, isValid: True)" computerName="RHO-DESKTOP" duration="00:00:00.0045871" startTime="2025-06-30T06:20:30.5740569+02:00" endTime="2025-06-30T06:20:30.5740570+02:00" testType="13cdc9d9-ddb5-4fa4-a97d-d965ccfc6d4b" outcome="Passed" testListId="8c84fa94-04c1-424b-9868-57a2d4851a1d" relativeResultsDirectory="7200ee27-c4cc-4566-9dab-1ad2cd24c7a3" />
    <UnitTestResult executionId="aee06125-4233-4d7e-ada5-3302052af673" testId="873210b2-7289-77b6-563e-8f737f6cdacd" testName="Aula.Tests.ConversationContextTests.ConversationContext_DefaultValues_AreSetCorrectly" computerName="RHO-DESKTOP" duration="00:00:00.0002789" startTime="2025-06-30T06:20:30.5444782+02:00" endTime="2025-06-30T06:20:30.5444784+02:00" testType="13cdc9d9-ddb5-4fa4-a97d-d965ccfc6d4b" outcome="Passed" testListId="8c84fa94-04c1-424b-9868-57a2d4851a1d" relativeResultsDirectory="aee06125-4233-4d7e-ada5-3302052af673" />
    <UnitTestResult executionId="49ea7519-4f50-4c1d-9bf0-19906e16c834" testId="02e0bfc0-9c86-c234-d785-e1c47d9057f5" testName="Aula.Tests.DataModelTests.Reminder_WithProperties_SetsCorrectly" computerName="RHO-DESKTOP" duration="00:00:00.0016553" startTime="2025-06-30T06:20:30.3943889+02:00" endTime="2025-06-30T06:20:30.3943890+02:00" testType="13cdc9d9-ddb5-4fa4-a97d-d965ccfc6d4b" outcome="Passed" testListId="8c84fa94-04c1-424b-9868-57a2d4851a1d" relativeResultsDirectory="49ea7519-4f50-4c1d-9bf0-19906e16c834" />
    <UnitTestResult executionId="533cfb3c-beb9-4490-bb58-a8dc260a3278" testId="31b689c6-9948-f762-463c-b682b5f42711" testName="Aula.Tests.SupabaseServiceTests.Constructor_WithInvalidConfig_DoesNotThrow" computerName="RHO-DESKTOP" duration="00:00:00.0003359" startTime="2025-06-30T06:20:30.3864652+02:00" endTime="2025-06-30T06:20:30.3864652+02:00" testType="13cdc9d9-ddb5-4fa4-a97d-d965ccfc6d4b" outcome="Passed" testListId="8c84fa94-04c1-424b-9868-57a2d4851a1d" relativeResultsDirectory="533cfb3c-beb9-4490-bb58-a8dc260a3278" />
    <UnitTestResult executionId="3d004532-b4d3-4bbc-a506-7e17cc9d6bd7" testId="cb96c16f-9f35-29b1-339a-54f41392a6bc" testName="Aula.Tests.AiToolsManagerTests.DeleteReminderAsync_WithValidNumber_DeletesReminder" computerName="RHO-DESKTOP" duration="00:00:00.0108056" startTime="2025-06-30T06:20:30.5369384+02:00" endTime="2025-06-30T06:20:30.5369385+02:00" testType="13cdc9d9-ddb5-4fa4-a97d-d965ccfc6d4b" outcome="Passed" testListId="8c84fa94-04c1-424b-9868-57a2d4851a1d" relativeResultsDirectory="3d004532-b4d3-4bbc-a506-7e17cc9d6bd7" />
    <UnitTestResult executionId="3bcc7e92-0889-498d-9358-79d4fe2dd4e1" testId="d0a004d6-1a54-f1b3-e169-5676ab6be8b1" testName="Aula.Tests.ReminderCommandHandlerTests.TryHandleReminderCommand_AddReminder_ValidFormats_ReturnsSuccess(command: &quot;remind me 2024-12-31 at 10:00 that New Year celebr&quot;···, isEnglish: True, expectedChildName: null)" computerName="RHO-DESKTOP" duration="00:00:00.0020723" startTime="2025-06-30T06:20:30.5611046+02:00" endTime="2025-06-30T06:20:30.5611047+02:00" testType="13cdc9d9-ddb5-4fa4-a97d-d965ccfc6d4b" outcome="Passed" testListId="8c84fa94-04c1-424b-9868-57a2d4851a1d" relativeResultsDirectory="3bcc7e92-0889-498d-9358-79d4fe2dd4e1" />
    <UnitTestResult executionId="78f01334-bdbc-48eb-9a5b-68aa6b08ed03" testId="7bc06c5f-6078-c22e-3965-8967824b961b" testName="Aula.Tests.ReminderCommandHandlerTests.TryHandleReminderCommand_NonReminderCommands_ReturnsFalse(command: &quot;random text&quot;)" computerName="RHO-DESKTOP" duration="00:00:00.0000632" startTime="2025-06-30T06:20:30.5201970+02:00" endTime="2025-06-30T06:20:30.5201971+02:00" testType="13cdc9d9-ddb5-4fa4-a97d-d965ccfc6d4b" outcome="Passed" testListId="8c84fa94-04c1-424b-9868-57a2d4851a1d" relativeResultsDirectory="78f01334-bdbc-48eb-9a5b-68aa6b08ed03" />
    <UnitTestResult executionId="59da5d71-6302-42e0-b5b3-d04d3b205e62" testId="77620d16-c66c-b554-9874-7a6078d516d3" testName="Aula.Tests.AgentServiceTests.GetWeekLetterAsync_LogsInFirst_WhenNotLoggedIn" computerName="RHO-DESKTOP" duration="00:00:00.0060739" startTime="2025-06-30T06:20:30.5325290+02:00" endTime="2025-06-30T06:20:30.5325291+02:00" testType="13cdc9d9-ddb5-4fa4-a97d-d965ccfc6d4b" outcome="Passed" testListId="8c84fa94-04c1-424b-9868-57a2d4851a1d" relativeResultsDirectory="59da5d71-6302-42e0-b5b3-d04d3b205e62" />
    <UnitTestResult executionId="06a0328f-5758-4867-950e-44f8e4616fec" testId="aad7565e-d907-77cd-04ed-688cfaeab063" testName="Aula.Tests.AiToolsManagerTests.GetWeekLetters_WithNonExistentChild_ReturnsError" computerName="RHO-DESKTOP" duration="00:00:00.0124196" startTime="2025-06-30T06:20:30.5160924+02:00" endTime="2025-06-30T06:20:30.5160926+02:00" testType="13cdc9d9-ddb5-4fa4-a97d-d965ccfc6d4b" outcome="Passed" testListId="8c84fa94-04c1-424b-9868-57a2d4851a1d" relativeResultsDirectory="06a0328f-5758-4867-950e-44f8e4616fec" />
    <UnitTestResult executionId="942a41b5-e11a-4581-85bc-10dde482b76c" testId="9f407ac9-afd7-1a09-5d92-a0c0efadfac0" testName="Aula.Tests.ConfigurationTests.Slack_ConfigurationIsCorrect" computerName="RHO-DESKTOP" duration="00:00:00.0066040" startTime="2025-06-30T06:20:30.6056083+02:00" endTime="2025-06-30T06:20:30.6056084+02:00" testType="13cdc9d9-ddb5-4fa4-a97d-d965ccfc6d4b" outcome="Passed" testListId="8c84fa94-04c1-424b-9868-57a2d4851a1d" relativeResultsDirectory="942a41b5-e11a-4581-85bc-10dde482b76c" />
    <UnitTestResult executionId="98c3cdde-e276-4136-8200-68a40a69208c" testId="95cab534-7798-4d17-c33d-132f4e35d80a" testName="Aula.Tests.AiToolsManagerTests.CreateReminderAsync_WithMissingChildName_CreatesGeneralReminder" computerName="RHO-DESKTOP" duration="00:00:00.0077475" startTime="2025-06-30T06:20:30.5288670+02:00" endTime="2025-06-30T06:20:30.5288671+02:00" testType="13cdc9d9-ddb5-4fa4-a97d-d965ccfc6d4b" outcome="Passed" testListId="8c84fa94-04c1-424b-9868-57a2d4851a1d" relativeResultsDirectory="98c3cdde-e276-4136-8200-68a40a69208c" />
    <UnitTestResult executionId="7bb746c2-2808-4ccd-a27c-478199062838" testId="f7a37c97-117c-3749-dcc9-98d91c408b45" testName="Aula.Tests.DataModelTests.ConfigChild_Properties_WorkCorrectly" computerName="RHO-DESKTOP" duration="00:00:00.0012868" startTime="2025-06-30T06:20:30.3908183+02:00" endTime="2025-06-30T06:20:30.3908184+02:00" testType="13cdc9d9-ddb5-4fa4-a97d-d965ccfc6d4b" outcome="Passed" testListId="8c84fa94-04c1-424b-9868-57a2d4851a1d" relativeResultsDirectory="7bb746c2-2808-4ccd-a27c-478199062838" />
    <UnitTestResult executionId="2b6c8ac5-a6b1-4a01-890b-901a8e0cc9f6" testId="be73dc95-5c1b-e6c6-25e2-af26ee336076" testName="Aula.Tests.ConversationContextManagerTests.UpdateContext_OverwritesExistingContext" computerName="RHO-DESKTOP" duration="00:00:00.0005065" startTime="2025-06-30T06:20:30.4910280+02:00" endTime="2025-06-30T06:20:30.4910282+02:00" testType="13cdc9d9-ddb5-4fa4-a97d-d965ccfc6d4b" outcome="Passed" testListId="8c84fa94-04c1-424b-9868-57a2d4851a1d" relativeResultsDirectory="2b6c8ac5-a6b1-4a01-890b-901a8e0cc9f6" />
  </Results>
  <TestDefinitions>
    <UnitTest name="Aula.Tests.ReminderCommandHandlerTests.TryHandleReminderCommand_ListReminders_NoReminders_ReturnsNoRemindersMessage(command: &quot;vis påmindelser&quot;, isEnglish: False)" storage="/mnt/d/git/aula/src/aula.tests/bin/debug/net9.0/aula.tests.dll" id="2ffe251c-3ec7-4cd3-4ab9-0088ca738a4d">
      <Execution id="6a16729c-99e5-4f3f-9d4e-40c1d6ce9489" />
      <TestMethod codeBase="/mnt/d/git/aula/src/Aula.Tests/bin/Debug/net9.0/Aula.Tests.dll" adapterTypeName="executor://xunit/VsTestRunner2/netcoreapp" className="Aula.Tests.ReminderCommandHandlerTests" name="TryHandleReminderCommand_ListReminders_NoReminders_ReturnsNoRemindersMessage" />
    </UnitTest>
    <UnitTest name="Aula.Tests.AiToolsManagerTests.ListRemindersAsync_WithReminders_ReturnsFormattedList" storage="/mnt/d/git/aula/src/aula.tests/bin/debug/net9.0/aula.tests.dll" id="d48f0050-ba6a-4458-2606-65b33e674626">
      <Execution id="4a387e4e-4f4c-44d5-a5f8-9f3cc7f88af4" />
      <TestMethod codeBase="/mnt/d/git/aula/src/Aula.Tests/bin/Debug/net9.0/Aula.Tests.dll" adapterTypeName="executor://xunit/VsTestRunner2/netcoreapp" className="Aula.Tests.AiToolsManagerTests" name="ListRemindersAsync_WithReminders_ReturnsFormattedList" />
    </UnitTest>
    <UnitTest name="Aula.Tests.ConfigurationTests.Slack_ChannelId_ValidationTests(channelId: &quot;C1234567890&quot;, isValid: True)" storage="/mnt/d/git/aula/src/aula.tests/bin/debug/net9.0/aula.tests.dll" id="e595555b-853d-855f-8677-d11613276401">
      <Execution id="d5045872-2100-4299-85d5-1c201038a4fb" />
      <TestMethod codeBase="/mnt/d/git/aula/src/Aula.Tests/bin/Debug/net9.0/Aula.Tests.dll" adapterTypeName="executor://xunit/VsTestRunner2/netcoreapp" className="Aula.Tests.ConfigurationTests" name="Slack_ChannelId_ValidationTests" />
    </UnitTest>
    <UnitTest name="Aula.Tests.WeekLetterContentExtractorTests.ExtractContent_Dynamic_WithException_ReturnsEmptyStringAndLogsError" storage="/mnt/d/git/aula/src/aula.tests/bin/debug/net9.0/aula.tests.dll" id="8da1a6dd-b1a8-26c5-9c21-a9c9e125ca11">
      <Execution id="86f1a4ac-e54b-4385-8761-c16cb2e44315" />
      <TestMethod codeBase="/mnt/d/git/aula/src/Aula.Tests/bin/Debug/net9.0/Aula.Tests.dll" adapterTypeName="executor://xunit/VsTestRunner2/netcoreapp" className="Aula.Tests.WeekLetterContentExtractorTests" name="ExtractContent_Dynamic_WithException_ReturnsEmptyStringAndLogsError" />
    </UnitTest>
    <UnitTest name="Aula.Tests.ConversationContextTests.ToString_WithNullChildName_ReturnsNone" storage="/mnt/d/git/aula/src/aula.tests/bin/debug/net9.0/aula.tests.dll" id="a30722fe-5fc3-75f9-8b36-954e4b7edded">
      <Execution id="209adc7a-73a6-4f67-b41e-a62c4bc59964" />
      <TestMethod codeBase="/mnt/d/git/aula/src/Aula.Tests/bin/Debug/net9.0/Aula.Tests.dll" adapterTypeName="executor://xunit/VsTestRunner2/netcoreapp" className="Aula.Tests.ConversationContextTests" name="ToString_WithNullChildName_ReturnsNone" />
    </UnitTest>
    <UnitTest name="Aula.Tests.DataModelTests.AppState_WithProperties_SetsCorrectly" storage="/mnt/d/git/aula/src/aula.tests/bin/debug/net9.0/aula.tests.dll" id="b9fbad7a-d782-b1ac-c26d-6db5783c2941">
      <Execution id="9e9b35f6-cbc0-486f-b79d-7b8420aca32b" />
      <TestMethod codeBase="/mnt/d/git/aula/src/Aula.Tests/bin/Debug/net9.0/Aula.Tests.dll" adapterTypeName="executor://xunit/VsTestRunner2/netcoreapp" className="Aula.Tests.DataModelTests" name="AppState_WithProperties_SetsCorrectly" />
    </UnitTest>
    <UnitTest name="Aula.Tests.DataModelTests.RetryAttempt_WithProperties_SetsCorrectly" storage="/mnt/d/git/aula/src/aula.tests/bin/debug/net9.0/aula.tests.dll" id="9ecaa183-9389-b67c-9b08-9ff782cf3e84">
      <Execution id="7f4225f8-78d1-4b45-a4f2-b294424b0cdc" />
      <TestMethod codeBase="/mnt/d/git/aula/src/Aula.Tests/bin/Debug/net9.0/Aula.Tests.dll" adapterTypeName="executor://xunit/VsTestRunner2/netcoreapp" className="Aula.Tests.DataModelTests" name="RetryAttempt_WithProperties_SetsCorrectly" />
    </UnitTest>
    <UnitTest name="Aula.Tests.WeekLetterContentExtractorTests.ExtractContent_Dynamic_WithMultipleUgebreve_ReturnsFirstContent" storage="/mnt/d/git/aula/src/aula.tests/bin/debug/net9.0/aula.tests.dll" id="3f51a738-0627-f615-33b5-f2f4d6461644">
      <Execution id="2edd25c8-f35e-41fc-8053-3611bb19cbe4" />
      <TestMethod codeBase="/mnt/d/git/aula/src/Aula.Tests/bin/Debug/net9.0/Aula.Tests.dll" adapterTypeName="executor://xunit/VsTestRunner2/netcoreapp" className="Aula.Tests.WeekLetterContentExtractorTests" name="ExtractContent_Dynamic_WithMultipleUgebreve_ReturnsFirstContent" />
    </UnitTest>
    <UnitTest name="Aula.Tests.WeekLetterContentExtractorTests.ExtractContent_Dynamic_WithValidData_ReturnsContent" storage="/mnt/d/git/aula/src/aula.tests/bin/debug/net9.0/aula.tests.dll" id="16a775e1-0a61-8a60-62e8-6d46a3c0c6ea">
      <Execution id="5d53bf95-d88a-4e90-8e7d-8a7ebc1713b4" />
      <TestMethod codeBase="/mnt/d/git/aula/src/Aula.Tests/bin/Debug/net9.0/Aula.Tests.dll" adapterTypeName="executor://xunit/VsTestRunner2/netcoreapp" className="Aula.Tests.WeekLetterContentExtractorTests" name="ExtractContent_Dynamic_WithValidData_ReturnsContent" />
    </UnitTest>
    <UnitTest name="Aula.Tests.ConversationContextManagerTests.ClearContext_WithNonExistentKey_DoesNotLog" storage="/mnt/d/git/aula/src/aula.tests/bin/debug/net9.0/aula.tests.dll" id="3a3f9d75-d026-e080-243f-2f7710a74526">
      <Execution id="f6a248e4-a5d9-4c00-9d7d-4b22557289c8" />
      <TestMethod codeBase="/mnt/d/git/aula/src/Aula.Tests/bin/Debug/net9.0/Aula.Tests.dll" adapterTypeName="executor://xunit/VsTestRunner2/netcoreapp" className="Aula.Tests.ConversationContextManagerTests" name="ClearContext_WithNonExistentKey_DoesNotLog" />
    </UnitTest>
    <UnitTest name="Aula.Tests.ConversationContextTests.ConversationContext_DefaultValues_AreSetCorrectly" storage="/mnt/d/git/aula/src/aula.tests/bin/debug/net9.0/aula.tests.dll" id="873210b2-7289-77b6-563e-8f737f6cdacd">
      <Execution id="aee06125-4233-4d7e-ada5-3302052af673" />
      <TestMethod codeBase="/mnt/d/git/aula/src/Aula.Tests/bin/Debug/net9.0/Aula.Tests.dll" adapterTypeName="executor://xunit/VsTestRunner2/netcoreapp" className="Aula.Tests.ConversationContextTests" name="ConversationContext_DefaultValues_AreSetCorrectly" />
    </UnitTest>
    <UnitTest name="Aula.Tests.ReminderCommandHandlerTests.TryHandleReminderCommand_DeleteReminder_WithException_LogsErrorAndReturnsErrorMessage(command: &quot;delete reminder 999&quot;, isEnglish: True)" storage="/mnt/d/git/aula/src/aula.tests/bin/debug/net9.0/aula.tests.dll" id="408b5ea4-c27f-06f2-ddeb-ea2d0d692787">
      <Execution id="58a74ec0-e498-466c-9cc3-c3d21919c219" />
      <TestMethod codeBase="/mnt/d/git/aula/src/Aula.Tests/bin/Debug/net9.0/Aula.Tests.dll" adapterTypeName="executor://xunit/VsTestRunner2/netcoreapp" className="Aula.Tests.ReminderCommandHandlerTests" name="TryHandleReminderCommand_DeleteReminder_WithException_LogsErrorAndReturnsErrorMessage" />
    </UnitTest>
    <UnitTest name="Aula.Tests.DataServiceTests.GetWeekLetter_ReturnsNull_WhenNotInCache" storage="/mnt/d/git/aula/src/aula.tests/bin/debug/net9.0/aula.tests.dll" id="a9778872-8c76-23f2-d6ec-77faa52be8ba">
      <Execution id="52ff151d-15a3-4377-8f7a-67d47ecb3088" />
      <TestMethod codeBase="/mnt/d/git/aula/src/Aula.Tests/bin/Debug/net9.0/Aula.Tests.dll" adapterTypeName="executor://xunit/VsTestRunner2/netcoreapp" className="Aula.Tests.DataServiceTests" name="GetWeekLetter_ReturnsNull_WhenNotInCache" />
    </UnitTest>
    <UnitTest name="Aula.Tests.ConversationContextManagerTests.UpdateContext_OverwritesExistingContext" storage="/mnt/d/git/aula/src/aula.tests/bin/debug/net9.0/aula.tests.dll" id="be73dc95-5c1b-e6c6-25e2-af26ee336076">
      <Execution id="2b6c8ac5-a6b1-4a01-890b-901a8e0cc9f6" />
      <TestMethod codeBase="/mnt/d/git/aula/src/Aula.Tests/bin/Debug/net9.0/Aula.Tests.dll" adapterTypeName="executor://xunit/VsTestRunner2/netcoreapp" className="Aula.Tests.ConversationContextManagerTests" name="UpdateContext_OverwritesExistingContext" />
    </UnitTest>
    <UnitTest name="Aula.Tests.ReminderCommandHandlerTests.TryHandleReminderCommand_NonMatchingPatterns_ReturnsFalse(command: &quot;remind me tomorrow at eight that non-numeric time&quot;, isEnglish: True)" storage="/mnt/d/git/aula/src/aula.tests/bin/debug/net9.0/aula.tests.dll" id="b7cfc00b-51fd-6c69-f1fb-bda55a54e3bf">
      <Execution id="d045b831-e7e1-4d55-ba7e-4dccba63d6a0" />
      <TestMethod codeBase="/mnt/d/git/aula/src/Aula.Tests/bin/Debug/net9.0/Aula.Tests.dll" adapterTypeName="executor://xunit/VsTestRunner2/netcoreapp" className="Aula.Tests.ReminderCommandHandlerTests" name="TryHandleReminderCommand_NonMatchingPatterns_ReturnsFalse" />
    </UnitTest>
    <UnitTest name="Aula.Tests.ConversationContextTests.IsStillValid_WithOldTimestamp_ReturnsFalse" storage="/mnt/d/git/aula/src/aula.tests/bin/debug/net9.0/aula.tests.dll" id="cf02452a-bb08-57e3-6e3d-9a2b33a6786d">
      <Execution id="d040e200-456d-4535-8925-905074241ca0" />
      <TestMethod codeBase="/mnt/d/git/aula/src/Aula.Tests/bin/Debug/net9.0/Aula.Tests.dll" adapterTypeName="executor://xunit/VsTestRunner2/netcoreapp" className="Aula.Tests.ConversationContextTests" name="IsStillValid_WithOldTimestamp_ReturnsFalse" />
    </UnitTest>
    <UnitTest name="Aula.Tests.ConfigurationTests.Children_WithMultipleChildren_MaintainsOrder" storage="/mnt/d/git/aula/src/aula.tests/bin/debug/net9.0/aula.tests.dll" id="90d4b0fb-1ec9-7d35-ce7c-410fb43345e8">
      <Execution id="f41aaf56-0cc9-4dc4-bd33-e93cefbe4fe5" />
      <TestMethod codeBase="/mnt/d/git/aula/src/Aula.Tests/bin/Debug/net9.0/Aula.Tests.dll" adapterTypeName="executor://xunit/VsTestRunner2/netcoreapp" className="Aula.Tests.ConfigurationTests" name="Children_WithMultipleChildren_MaintainsOrder" />
    </UnitTest>
    <UnitTest name="Aula.Tests.ReminderCommandHandlerTests.TryHandleReminderCommand_AddReminder_ValidFormats_ReturnsSuccess(command: &quot;remind me today at 15:30 that Emma has piano lesso&quot;···, isEnglish: True, expectedChildName: &quot;Emma Marie&quot;)" storage="/mnt/d/git/aula/src/aula.tests/bin/debug/net9.0/aula.tests.dll" id="e2aeac7b-cd40-6cc4-b911-b570d5f5d3a1">
      <Execution id="67f78d68-234c-47f7-ba73-8d4852edefa1" />
      <TestMethod codeBase="/mnt/d/git/aula/src/Aula.Tests/bin/Debug/net9.0/Aula.Tests.dll" adapterTypeName="executor://xunit/VsTestRunner2/netcoreapp" className="Aula.Tests.ReminderCommandHandlerTests" name="TryHandleReminderCommand_AddReminder_ValidFormats_ReturnsSuccess" />
    </UnitTest>
    <UnitTest name="Aula.Tests.ConversationContextManagerTests.Manager_WithIntegerKeys_WorksCorrectly" storage="/mnt/d/git/aula/src/aula.tests/bin/debug/net9.0/aula.tests.dll" id="5e6989fd-b17e-5a0a-743a-e8e2077b36a9">
      <Execution id="dd374406-400d-40be-b8f4-6517193eb79f" />
      <TestMethod codeBase="/mnt/d/git/aula/src/Aula.Tests/bin/Debug/net9.0/Aula.Tests.dll" adapterTypeName="executor://xunit/VsTestRunner2/netcoreapp" className="Aula.Tests.ConversationContextManagerTests" name="Manager_WithIntegerKeys_WorksCorrectly" />
    </UnitTest>
    <UnitTest name="Aula.Tests.ConversationContextManagerTests.UpdateContext_WithNullChildName_AllowsNull" storage="/mnt/d/git/aula/src/aula.tests/bin/debug/net9.0/aula.tests.dll" id="55e7d5c1-1942-236a-67ab-d8b9860c2742">
      <Execution id="bad000e2-421e-4b5f-86b1-823a36290542" />
      <TestMethod codeBase="/mnt/d/git/aula/src/Aula.Tests/bin/Debug/net9.0/Aula.Tests.dll" adapterTypeName="executor://xunit/VsTestRunner2/netcoreapp" className="Aula.Tests.ConversationContextManagerTests" name="UpdateContext_WithNullChildName_AllowsNull" />
    </UnitTest>
    <UnitTest name="Aula.Tests.ConfigurationTests.Config_WithEmptyConfiguration_UsesDefaults" storage="/mnt/d/git/aula/src/aula.tests/bin/debug/net9.0/aula.tests.dll" id="938a317b-aa01-ceab-2ffc-83628e95b3be">
      <Execution id="5ee764ef-ac95-4cf8-a105-64adb962c2bb" />
      <TestMethod codeBase="/mnt/d/git/aula/src/Aula.Tests/bin/Debug/net9.0/Aula.Tests.dll" adapterTypeName="executor://xunit/VsTestRunner2/netcoreapp" className="Aula.Tests.ConfigurationTests" name="Config_WithEmptyConfiguration_UsesDefaults" />
    </UnitTest>
    <UnitTest name="Aula.Tests.ConfigurationTests.Slack_ChannelId_ValidationTests(channelId: &quot;@username&quot;, isValid: True)" storage="/mnt/d/git/aula/src/aula.tests/bin/debug/net9.0/aula.tests.dll" id="6ed8aadb-a9f5-cab1-8075-e5a978e1f95d">
      <Execution id="86a1a39d-0d94-468f-968f-2950ca8ae38e" />
      <TestMethod codeBase="/mnt/d/git/aula/src/Aula.Tests/bin/Debug/net9.0/Aula.Tests.dll" adapterTypeName="executor://xunit/VsTestRunner2/netcoreapp" className="Aula.Tests.ConfigurationTests" name="Slack_ChannelId_ValidationTests" />
    </UnitTest>
    <UnitTest name="Aula.Tests.SupabaseServiceTests.Constructor_WithInvalidConfig_DoesNotThrow" storage="/mnt/d/git/aula/src/aula.tests/bin/debug/net9.0/aula.tests.dll" id="31b689c6-9948-f762-463c-b682b5f42711">
      <Execution id="533cfb3c-beb9-4490-bb58-a8dc260a3278" />
      <TestMethod codeBase="/mnt/d/git/aula/src/Aula.Tests/bin/Debug/net9.0/Aula.Tests.dll" adapterTypeName="executor://xunit/VsTestRunner2/netcoreapp" className="Aula.Tests.SupabaseServiceTests" name="Constructor_WithInvalidConfig_DoesNotThrow" />
    </UnitTest>
    <UnitTest name="Aula.Tests.ReminderCommandHandlerTests.TryHandleReminderCommand_ListReminders_WithException_LogsErrorAndReturnsErrorMessage(command: &quot;vis påmindelser&quot;, isEnglish: False)" storage="/mnt/d/git/aula/src/aula.tests/bin/debug/net9.0/aula.tests.dll" id="e726d9f0-fcb4-395d-b842-8ee85c5df38a">
      <Execution id="837a7dc1-7cfb-4a68-a4b3-e33fecf04600" />
      <TestMethod codeBase="/mnt/d/git/aula/src/Aula.Tests/bin/Debug/net9.0/Aula.Tests.dll" adapterTypeName="executor://xunit/VsTestRunner2/netcoreapp" className="Aula.Tests.ReminderCommandHandlerTests" name="TryHandleReminderCommand_ListReminders_WithException_LogsErrorAndReturnsErrorMessage" />
    </UnitTest>
    <UnitTest name="Aula.Tests.ReminderCommandHandlerTests.TryHandleReminderCommand_DeleteReminder_ValidCommands_ReturnsSuccess(command: &quot;slet påmindelse 456&quot;, isEnglish: False, expectedId: 456)" storage="/mnt/d/git/aula/src/aula.tests/bin/debug/net9.0/aula.tests.dll" id="69727e49-b8f5-50a5-9fcb-9c9994f0f995">
      <Execution id="e90bc72f-cd93-4db2-8ca9-77bd1ce922bf" />
      <TestMethod codeBase="/mnt/d/git/aula/src/Aula.Tests/bin/Debug/net9.0/Aula.Tests.dll" adapterTypeName="executor://xunit/VsTestRunner2/netcoreapp" className="Aula.Tests.ReminderCommandHandlerTests" name="TryHandleReminderCommand_DeleteReminder_ValidCommands_ReturnsSuccess" />
    </UnitTest>
    <UnitTest name="Aula.Tests.ConversationContextManagerTests.Constructor_WithNullLogger_ThrowsArgumentNullException" storage="/mnt/d/git/aula/src/aula.tests/bin/debug/net9.0/aula.tests.dll" id="d835c30d-6ed0-a5ea-3ebb-f3d8da6b03ee">
      <Execution id="0e7f3680-142c-425f-bc69-58b01971227a" />
      <TestMethod codeBase="/mnt/d/git/aula/src/Aula.Tests/bin/Debug/net9.0/Aula.Tests.dll" adapterTypeName="executor://xunit/VsTestRunner2/netcoreapp" className="Aula.Tests.ConversationContextManagerTests" name="Constructor_WithNullLogger_ThrowsArgumentNullException" />
    </UnitTest>
    <UnitTest name="Aula.Tests.ReminderCommandHandlerTests.TryHandleReminderCommand_NonReminderCommands_ReturnsFalse(command: &quot;   &quot;)" storage="/mnt/d/git/aula/src/aula.tests/bin/debug/net9.0/aula.tests.dll" id="6c2ab467-d636-2051-2fec-5262bc960570">
      <Execution id="cac7dea1-06a2-4431-a6fd-e8c36bff70ea" />
      <TestMethod codeBase="/mnt/d/git/aula/src/Aula.Tests/bin/Debug/net9.0/Aula.Tests.dll" adapterTypeName="executor://xunit/VsTestRunner2/netcoreapp" className="Aula.Tests.ReminderCommandHandlerTests" name="TryHandleReminderCommand_NonReminderCommands_ReturnsFalse" />
    </UnitTest>
    <UnitTest name="Aula.Tests.WeekLetterContentExtractorTests.ExtractContent_WithException_ReturnsEmptyStringAndLogsError" storage="/mnt/d/git/aula/src/aula.tests/bin/debug/net9.0/aula.tests.dll" id="5ffcae99-6a0b-43fd-fa72-fb4ae62d545a">
      <Execution id="0c4869be-35e2-4bcb-9ce2-cd40491991a6" />
      <TestMethod codeBase="/mnt/d/git/aula/src/Aula.Tests/bin/Debug/net9.0/Aula.Tests.dll" adapterTypeName="executor://xunit/VsTestRunner2/netcoreapp" className="Aula.Tests.WeekLetterContentExtractorTests" name="ExtractContent_WithException_ReturnsEmptyStringAndLogsError" />
    </UnitTest>
    <UnitTest name="Aula.Tests.OpenAiServiceTests.CreateTestWeekLetter_ReturnsValidJObject" storage="/mnt/d/git/aula/src/aula.tests/bin/debug/net9.0/aula.tests.dll" id="6f2849c0-59d4-529c-eff0-050f54d5630f">
      <Execution id="55f9e4e4-514f-476d-9b27-7e9cd2d4456f" />
      <TestMethod codeBase="/mnt/d/git/aula/src/Aula.Tests/bin/Debug/net9.0/Aula.Tests.dll" adapterTypeName="executor://xunit/VsTestRunner2/netcoreapp" className="Aula.Tests.OpenAiServiceTests" name="CreateTestWeekLetter_ReturnsValidJObject" />
    </UnitTest>
    <UnitTest name="Aula.Tests.SupabaseServiceTests.ReminderData_WithValidParameters_AreValid" storage="/mnt/d/git/aula/src/aula.tests/bin/debug/net9.0/aula.tests.dll" id="d63e7278-b66e-2034-c34f-0f996736ec0f">
      <Execution id="c9af9cd1-e06c-4776-84ea-53f73d975aa4" />
      <TestMethod codeBase="/mnt/d/git/aula/src/Aula.Tests/bin/Debug/net9.0/Aula.Tests.dll" adapterTypeName="executor://xunit/VsTestRunner2/netcoreapp" className="Aula.Tests.SupabaseServiceTests" name="ReminderData_WithValidParameters_AreValid" />
    </UnitTest>
    <UnitTest name="Aula.Tests.ReminderCommandHandlerTests.TryHandleReminderCommand_DateParsing_DDMM_Format_WorksCorrectly" storage="/mnt/d/git/aula/src/aula.tests/bin/debug/net9.0/aula.tests.dll" id="dbfd19d1-7bd8-98dc-78f3-146d5d04280d">
      <Execution id="ba5c8893-3d7c-4e1b-a752-71c0875241e7" />
      <TestMethod codeBase="/mnt/d/git/aula/src/Aula.Tests/bin/Debug/net9.0/Aula.Tests.dll" adapterTypeName="executor://xunit/VsTestRunner2/netcoreapp" className="Aula.Tests.ReminderCommandHandlerTests" name="TryHandleReminderCommand_DateParsing_DDMM_Format_WorksCorrectly" />
    </UnitTest>
    <UnitTest name="Aula.Tests.DataModelTests.Reminder_CreatedBy_HandlesValues(createdBy: null, shouldAccept: False)" storage="/mnt/d/git/aula/src/aula.tests/bin/debug/net9.0/aula.tests.dll" id="8eb60958-2ba0-2e8e-ec5e-6fbfe8222470">
      <Execution id="c9d34431-4737-40d3-9573-60c51e48d77a" />
      <TestMethod codeBase="/mnt/d/git/aula/src/Aula.Tests/bin/Debug/net9.0/Aula.Tests.dll" adapterTypeName="executor://xunit/VsTestRunner2/netcoreapp" className="Aula.Tests.DataModelTests" name="Reminder_CreatedBy_HandlesValues" />
    </UnitTest>
    <UnitTest name="Aula.Tests.ReminderCommandHandlerTests.TryHandleReminderCommand_ListReminders_ValidCommands_ReturnsRemindersList(command: &quot;list reminders&quot;, isEnglish: True)" storage="/mnt/d/git/aula/src/aula.tests/bin/debug/net9.0/aula.tests.dll" id="d2ef52ed-d111-d129-48e3-3d827d906a7a">
      <Execution id="ff8783d7-a8c3-4446-bb69-a048aefa917e" />
      <TestMethod codeBase="/mnt/d/git/aula/src/Aula.Tests/bin/Debug/net9.0/Aula.Tests.dll" adapterTypeName="executor://xunit/VsTestRunner2/netcoreapp" className="Aula.Tests.ReminderCommandHandlerTests" name="TryHandleReminderCommand_ListReminders_ValidCommands_ReturnsRemindersList" />
    </UnitTest>
    <UnitTest name="Aula.Tests.DataModelTests.PostedLetter_WeekNumberValidation_ReturnsExpectedResult(weekNumber: 0, year: 2023, isValid: False)" storage="/mnt/d/git/aula/src/aula.tests/bin/debug/net9.0/aula.tests.dll" id="ad116389-6275-7f79-507c-63f583df733b">
      <Execution id="a5b3120f-6d3e-4daf-afd6-506b207a4c56" />
      <TestMethod codeBase="/mnt/d/git/aula/src/Aula.Tests/bin/Debug/net9.0/Aula.Tests.dll" adapterTypeName="executor://xunit/VsTestRunner2/netcoreapp" className="Aula.Tests.DataModelTests" name="PostedLetter_WeekNumberValidation_ReturnsExpectedResult" />
    </UnitTest>
    <UnitTest name="Aula.Tests.ReminderCommandHandlerTests.TryHandleReminderCommand_AddReminder_ValidFormats_ReturnsSuccess(command: &quot;remind me tomorrow at 8:00 that Hans has Haver til&quot;···, isEnglish: True, expectedChildName: &quot;Hans Jensen&quot;)" storage="/mnt/d/git/aula/src/aula.tests/bin/debug/net9.0/aula.tests.dll" id="c0b07dcc-8a2a-5ecf-ae92-32d9ad131741">
      <Execution id="0a8635e5-7fb5-4f43-bce1-353a5f9f4da0" />
      <TestMethod codeBase="/mnt/d/git/aula/src/Aula.Tests/bin/Debug/net9.0/Aula.Tests.dll" adapterTypeName="executor://xunit/VsTestRunner2/netcoreapp" className="Aula.Tests.ReminderCommandHandlerTests" name="TryHandleReminderCommand_AddReminder_ValidFormats_ReturnsSuccess" />
    </UnitTest>
    <UnitTest name="Aula.Tests.AgentServiceTests.GetWeekLetterAsync_LogsInFirst_WhenNotLoggedIn" storage="/mnt/d/git/aula/src/aula.tests/bin/debug/net9.0/aula.tests.dll" id="77620d16-c66c-b554-9874-7a6078d516d3">
      <Execution id="59da5d71-6302-42e0-b5b3-d04d3b205e62" />
      <TestMethod codeBase="/mnt/d/git/aula/src/Aula.Tests/bin/Debug/net9.0/Aula.Tests.dll" adapterTypeName="executor://xunit/VsTestRunner2/netcoreapp" className="Aula.Tests.AgentServiceTests" name="GetWeekLetterAsync_LogsInFirst_WhenNotLoggedIn" />
    </UnitTest>
    <UnitTest name="Aula.Tests.ReminderCommandHandlerTests.TryHandleReminderCommand_NonReminderCommands_ReturnsFalse(command: &quot;how are you?&quot;)" storage="/mnt/d/git/aula/src/aula.tests/bin/debug/net9.0/aula.tests.dll" id="3fbe81b9-b4ee-f7db-01e0-1f82c4127dd8">
      <Execution id="1084694e-8df2-4679-9093-4d46321d8675" />
      <TestMethod codeBase="/mnt/d/git/aula/src/Aula.Tests/bin/Debug/net9.0/Aula.Tests.dll" adapterTypeName="executor://xunit/VsTestRunner2/netcoreapp" className="Aula.Tests.ReminderCommandHandlerTests" name="TryHandleReminderCommand_NonReminderCommands_ReturnsFalse" />
    </UnitTest>
    <UnitTest name="Aula.Tests.ConfigurationTests.Telegram_Token_ValidationTests(token: &quot;&quot;, isValidFormat: False)" storage="/mnt/d/git/aula/src/aula.tests/bin/debug/net9.0/aula.tests.dll" id="1d41e5bd-1ff0-9d13-6ac0-aa6e4603bc81">
      <Execution id="0a612ba7-2a83-4195-83e3-30017992046d" />
      <TestMethod codeBase="/mnt/d/git/aula/src/Aula.Tests/bin/Debug/net9.0/Aula.Tests.dll" adapterTypeName="executor://xunit/VsTestRunner2/netcoreapp" className="Aula.Tests.ConfigurationTests" name="Telegram_Token_ValidationTests" />
    </UnitTest>
    <UnitTest name="Aula.Tests.AiToolsManagerTests.ListRemindersAsync_WithNoReminders_ReturnsEmptyMessage" storage="/mnt/d/git/aula/src/aula.tests/bin/debug/net9.0/aula.tests.dll" id="ad89f264-d4c4-f617-aafc-0f2f439e7522">
      <Execution id="98cec957-9ad9-4a10-a72d-9ed198a5cffb" />
      <TestMethod codeBase="/mnt/d/git/aula/src/Aula.Tests/bin/Debug/net9.0/Aula.Tests.dll" adapterTypeName="executor://xunit/VsTestRunner2/netcoreapp" className="Aula.Tests.AiToolsManagerTests" name="ListRemindersAsync_WithNoReminders_ReturnsEmptyMessage" />
    </UnitTest>
    <UnitTest name="Aula.Tests.SchedulingServiceTests.StartAsync_WithValidSetup_DoesNotThrow" storage="/mnt/d/git/aula/src/aula.tests/bin/debug/net9.0/aula.tests.dll" id="586249f8-4f0e-860e-0a9b-fbdd76dc0b42">
      <Execution id="1ae4492b-9f8d-494d-bec6-0cc176e643b6" />
      <TestMethod codeBase="/mnt/d/git/aula/src/Aula.Tests/bin/Debug/net9.0/Aula.Tests.dll" adapterTypeName="executor://xunit/VsTestRunner2/netcoreapp" className="Aula.Tests.SchedulingServiceTests" name="StartAsync_WithValidSetup_DoesNotThrow" />
    </UnitTest>
    <UnitTest name="Aula.Tests.MinUddannelseClientTests.Constructor_WithValidConfig_CreatesInstance" storage="/mnt/d/git/aula/src/aula.tests/bin/debug/net9.0/aula.tests.dll" id="b80c6691-8d48-baff-d58a-e63f878bd1fd">
      <Execution id="7313c1df-31db-4360-a3ee-dbddefe91c43" />
      <TestMethod codeBase="/mnt/d/git/aula/src/Aula.Tests/bin/Debug/net9.0/Aula.Tests.dll" adapterTypeName="executor://xunit/VsTestRunner2/netcoreapp" className="Aula.Tests.MinUddannelseClientTests" name="Constructor_WithValidConfig_CreatesInstance" />
    </UnitTest>
    <UnitTest name="Aula.Tests.ConfigurationTests.OpenAi_ConfigurationIsCorrect" storage="/mnt/d/git/aula/src/aula.tests/bin/debug/net9.0/aula.tests.dll" id="eeac3a00-2bce-03c2-005e-3c8cad0e2909">
      <Execution id="289e3b0a-c559-4eca-b93e-d8e8a74ee14e" />
      <TestMethod codeBase="/mnt/d/git/aula/src/Aula.Tests/bin/Debug/net9.0/Aula.Tests.dll" adapterTypeName="executor://xunit/VsTestRunner2/netcoreapp" className="Aula.Tests.ConfigurationTests" name="OpenAi_ConfigurationIsCorrect" />
    </UnitTest>
    <UnitTest name="Aula.Tests.SchedulingServiceTests.StopAsync_AfterStart_DoesNotThrow" storage="/mnt/d/git/aula/src/aula.tests/bin/debug/net9.0/aula.tests.dll" id="4d609e33-df11-8107-b438-0bd30d6663b4">
      <Execution id="457ddac8-0be8-4bc7-b94e-56417bfea846" />
      <TestMethod codeBase="/mnt/d/git/aula/src/Aula.Tests/bin/Debug/net9.0/Aula.Tests.dll" adapterTypeName="executor://xunit/VsTestRunner2/netcoreapp" className="Aula.Tests.SchedulingServiceTests" name="StopAsync_AfterStart_DoesNotThrow" />
    </UnitTest>
    <UnitTest name="Aula.Tests.ReminderCommandHandlerTests.TryHandleReminderCommand_ChildNameExtraction_WorksCorrectly" storage="/mnt/d/git/aula/src/aula.tests/bin/debug/net9.0/aula.tests.dll" id="7e5fa51a-9f66-d389-1e81-dca47416e573">
      <Execution id="738ff705-37d9-4e16-aac8-66aba65f3861" />
      <TestMethod codeBase="/mnt/d/git/aula/src/Aula.Tests/bin/Debug/net9.0/Aula.Tests.dll" adapterTypeName="executor://xunit/VsTestRunner2/netcoreapp" className="Aula.Tests.ReminderCommandHandlerTests" name="TryHandleReminderCommand_ChildNameExtraction_WorksCorrectly" />
    </UnitTest>
    <UnitTest name="Aula.Tests.ConversationContextManagerTests.GetContext_WithNonExistentKey_ReturnsNull" storage="/mnt/d/git/aula/src/aula.tests/bin/debug/net9.0/aula.tests.dll" id="d784fe36-071d-1645-9cd0-e61f1470cd62">
      <Execution id="b5755831-9ed7-4c44-81e5-c0f876e64721" />
      <TestMethod codeBase="/mnt/d/git/aula/src/Aula.Tests/bin/Debug/net9.0/Aula.Tests.dll" adapterTypeName="executor://xunit/VsTestRunner2/netcoreapp" className="Aula.Tests.ConversationContextManagerTests" name="GetContext_WithNonExistentKey_ReturnsNull" />
    </UnitTest>
    <UnitTest name="Aula.Tests.ConfigurationTests.UniLogin_WithInvalidCredentials_HandlesGracefully(invalidValue: null)" storage="/mnt/d/git/aula/src/aula.tests/bin/debug/net9.0/aula.tests.dll" id="51aa65b1-443e-5697-2362-17cf4a03e30a">
      <Execution id="924504fc-3053-495b-9920-584ce1ae4e46" />
      <TestMethod codeBase="/mnt/d/git/aula/src/Aula.Tests/bin/Debug/net9.0/Aula.Tests.dll" adapterTypeName="executor://xunit/VsTestRunner2/netcoreapp" className="Aula.Tests.ConfigurationTests" name="UniLogin_WithInvalidCredentials_HandlesGracefully" />
    </UnitTest>
    <UnitTest name="Aula.Tests.ReminderCommandHandlerTests.TryHandleReminderCommand_NonReminderCommands_ReturnsFalse(command: &quot;random text&quot;)" storage="/mnt/d/git/aula/src/aula.tests/bin/debug/net9.0/aula.tests.dll" id="7bc06c5f-6078-c22e-3965-8967824b961b">
      <Execution id="78f01334-bdbc-48eb-9a5b-68aa6b08ed03" />
      <TestMethod codeBase="/mnt/d/git/aula/src/Aula.Tests/bin/Debug/net9.0/Aula.Tests.dll" adapterTypeName="executor://xunit/VsTestRunner2/netcoreapp" className="Aula.Tests.ReminderCommandHandlerTests" name="TryHandleReminderCommand_NonReminderCommands_ReturnsFalse" />
    </UnitTest>
    <UnitTest name="Aula.Tests.DataModelTests.Reminder_DateTimeHandling_WorksCorrectly" storage="/mnt/d/git/aula/src/aula.tests/bin/debug/net9.0/aula.tests.dll" id="d46f5b84-5e79-3443-a835-6fb4558c770d">
      <Execution id="6f01af44-14dd-4bb0-ad81-073c924f7eb4" />
      <TestMethod codeBase="/mnt/d/git/aula/src/Aula.Tests/bin/Debug/net9.0/Aula.Tests.dll" adapterTypeName="executor://xunit/VsTestRunner2/netcoreapp" className="Aula.Tests.DataModelTests" name="Reminder_DateTimeHandling_WorksCorrectly" />
    </UnitTest>
    <UnitTest name="Aula.Tests.AgentServiceTests.AskQuestionAboutWeekLetterAsync_CallsOpenAiService" storage="/mnt/d/git/aula/src/aula.tests/bin/debug/net9.0/aula.tests.dll" id="87d02a4b-d70d-c476-8dfe-e0652123fdda">
      <Execution id="40176877-1163-451f-b094-cfb860607ff2" />
      <TestMethod codeBase="/mnt/d/git/aula/src/Aula.Tests/bin/Debug/net9.0/Aula.Tests.dll" adapterTypeName="executor://xunit/VsTestRunner2/netcoreapp" className="Aula.Tests.AgentServiceTests" name="AskQuestionAboutWeekLetterAsync_CallsOpenAiService" />
    </UnitTest>
    <UnitTest name="Aula.Tests.AgentServiceTests.GetWeekLetterAsync_FetchesAndCachesData_WhenNotCached" storage="/mnt/d/git/aula/src/aula.tests/bin/debug/net9.0/aula.tests.dll" id="73c8ec37-b030-c764-73d1-18bbe3a99d3b">
      <Execution id="cf9a5a22-df4a-4ae8-9fed-7aa2868c8c28" />
      <TestMethod codeBase="/mnt/d/git/aula/src/Aula.Tests/bin/Debug/net9.0/Aula.Tests.dll" adapterTypeName="executor://xunit/VsTestRunner2/netcoreapp" className="Aula.Tests.AgentServiceTests" name="GetWeekLetterAsync_FetchesAndCachesData_WhenNotCached" />
    </UnitTest>
    <UnitTest name="Aula.Tests.ReminderCommandHandlerTests.TryHandleReminderCommand_ListReminders_OrdersByDateAndTime" storage="/mnt/d/git/aula/src/aula.tests/bin/debug/net9.0/aula.tests.dll" id="93769d39-d67b-db65-02fb-ed3966dd3d05">
      <Execution id="cf698019-a79e-4850-bb68-89198a8da399" />
      <TestMethod codeBase="/mnt/d/git/aula/src/Aula.Tests/bin/Debug/net9.0/Aula.Tests.dll" adapterTypeName="executor://xunit/VsTestRunner2/netcoreapp" className="Aula.Tests.ReminderCommandHandlerTests" name="TryHandleReminderCommand_ListReminders_OrdersByDateAndTime" />
    </UnitTest>
    <UnitTest name="Aula.Tests.ConfigurationTests.Configuration_LoadsSuccessfully" storage="/mnt/d/git/aula/src/aula.tests/bin/debug/net9.0/aula.tests.dll" id="11387216-9353-1236-6f70-1f327e3d4488">
      <Execution id="0d00279f-dc31-4b09-b44c-95c12557b3d2" />
      <TestMethod codeBase="/mnt/d/git/aula/src/Aula.Tests/bin/Debug/net9.0/Aula.Tests.dll" adapterTypeName="executor://xunit/VsTestRunner2/netcoreapp" className="Aula.Tests.ConfigurationTests" name="Configuration_LoadsSuccessfully" />
    </UnitTest>
    <UnitTest name="Aula.Tests.ConversationContextManagerTests.UpdateContext_LogsInformation" storage="/mnt/d/git/aula/src/aula.tests/bin/debug/net9.0/aula.tests.dll" id="8eed6c75-98d1-9027-9bd8-899f05f0ffe7">
      <Execution id="3dd3b040-108e-4859-93af-caf69a0ba351" />
      <TestMethod codeBase="/mnt/d/git/aula/src/Aula.Tests/bin/Debug/net9.0/Aula.Tests.dll" adapterTypeName="executor://xunit/VsTestRunner2/netcoreapp" className="Aula.Tests.ConversationContextManagerTests" name="UpdateContext_LogsInformation" />
    </UnitTest>
    <UnitTest name="Aula.Tests.ConfigurationTests.Slack_ChannelId_ValidationTests(channelId: &quot;   &quot;, isValid: False)" storage="/mnt/d/git/aula/src/aula.tests/bin/debug/net9.0/aula.tests.dll" id="67a92a6a-27fa-a1c6-510d-1fb4c46c5d0e">
      <Execution id="52e9cd7a-870f-4225-b885-72611ce379dc" />
      <TestMethod codeBase="/mnt/d/git/aula/src/Aula.Tests/bin/Debug/net9.0/Aula.Tests.dll" adapterTypeName="executor://xunit/VsTestRunner2/netcoreapp" className="Aula.Tests.ConfigurationTests" name="Slack_ChannelId_ValidationTests" />
    </UnitTest>
    <UnitTest name="Aula.Tests.ReminderCommandHandlerTests.TryHandleReminderCommand_DeleteReminder_ValidCommands_ReturnsSuccess(command: &quot;delete reminder 1&quot;, isEnglish: True, expectedId: 1)" storage="/mnt/d/git/aula/src/aula.tests/bin/debug/net9.0/aula.tests.dll" id="c06d186f-88dd-0856-9a2a-917fef6f84d2">
      <Execution id="74654054-20d4-442b-9346-8be418658788" />
      <TestMethod codeBase="/mnt/d/git/aula/src/Aula.Tests/bin/Debug/net9.0/Aula.Tests.dll" adapterTypeName="executor://xunit/VsTestRunner2/netcoreapp" className="Aula.Tests.ReminderCommandHandlerTests" name="TryHandleReminderCommand_DeleteReminder_ValidCommands_ReturnsSuccess" />
    </UnitTest>
    <UnitTest name="Aula.Tests.ConfigurationTests.UniLogin_WithInvalidCredentials_HandlesGracefully(invalidValue: &quot;&quot;)" storage="/mnt/d/git/aula/src/aula.tests/bin/debug/net9.0/aula.tests.dll" id="bcffcaa0-fe11-4236-3a4f-1ebcf037698f">
      <Execution id="493046ba-9053-4b49-9bb4-92d72a171ced" />
      <TestMethod codeBase="/mnt/d/git/aula/src/Aula.Tests/bin/Debug/net9.0/Aula.Tests.dll" adapterTypeName="executor://xunit/VsTestRunner2/netcoreapp" className="Aula.Tests.ConfigurationTests" name="UniLogin_WithInvalidCredentials_HandlesGracefully" />
    </UnitTest>
    <UnitTest name="Aula.Tests.ReminderCommandHandlerTests.TryHandleReminderCommand_DeleteReminder_WithException_LogsErrorAndReturnsErrorMessage(command: &quot;slet påmindelse 888&quot;, isEnglish: False)" storage="/mnt/d/git/aula/src/aula.tests/bin/debug/net9.0/aula.tests.dll" id="97f06ad2-5054-381e-0597-69e5a5a2de02">
      <Execution id="43fbfb26-d251-484e-b96c-4dfcb2d65393" />
      <TestMethod codeBase="/mnt/d/git/aula/src/Aula.Tests/bin/Debug/net9.0/Aula.Tests.dll" adapterTypeName="executor://xunit/VsTestRunner2/netcoreapp" className="Aula.Tests.ReminderCommandHandlerTests" name="TryHandleReminderCommand_DeleteReminder_WithException_LogsErrorAndReturnsErrorMessage" />
    </UnitTest>
    <UnitTest name="Aula.Tests.OpenAiServiceTests.OpenAiService_GetChatInterfaceInstructions_ReturnsCorrectFormat(chatInterface: Slack)" storage="/mnt/d/git/aula/src/aula.tests/bin/debug/net9.0/aula.tests.dll" id="99af2199-a1fa-ac39-9c83-61bfed91fee4">
      <Execution id="88d03b95-e672-4c08-9bba-c6b4e03a7e85" />
      <TestMethod codeBase="/mnt/d/git/aula/src/Aula.Tests/bin/Debug/net9.0/Aula.Tests.dll" adapterTypeName="executor://xunit/VsTestRunner2/netcoreapp" className="Aula.Tests.OpenAiServiceTests" name="OpenAiService_GetChatInterfaceInstructions_ReturnsCorrectFormat" />
    </UnitTest>
    <UnitTest name="Aula.Tests.ConversationContextManagerTests.ClearAllContexts_WithNoContexts_LogsZeroCount" storage="/mnt/d/git/aula/src/aula.tests/bin/debug/net9.0/aula.tests.dll" id="494fa121-3990-4e60-5af3-08bb45b54b87">
      <Execution id="306df813-b257-48fe-932f-2f61d4150802" />
      <TestMethod codeBase="/mnt/d/git/aula/src/Aula.Tests/bin/Debug/net9.0/Aula.Tests.dll" adapterTypeName="executor://xunit/VsTestRunner2/netcoreapp" className="Aula.Tests.ConversationContextManagerTests" name="ClearAllContexts_WithNoContexts_LogsZeroCount" />
    </UnitTest>
    <UnitTest name="Aula.Tests.ReminderCommandHandlerTests.TryHandleReminderCommand_AddReminder_WithException_LogsErrorAndReturnsErrorMessage" storage="/mnt/d/git/aula/src/aula.tests/bin/debug/net9.0/aula.tests.dll" id="7a8c2d4e-a733-bb77-f3c3-40a3159a7011">
      <Execution id="b2ed416f-ee01-419d-81a2-f3c2ce743441" />
      <TestMethod codeBase="/mnt/d/git/aula/src/Aula.Tests/bin/Debug/net9.0/Aula.Tests.dll" adapterTypeName="executor://xunit/VsTestRunner2/netcoreapp" className="Aula.Tests.ReminderCommandHandlerTests" name="TryHandleReminderCommand_AddReminder_WithException_LogsErrorAndReturnsErrorMessage" />
    </UnitTest>
    <UnitTest name="Aula.Tests.ConfigurationTests.Children_ConfigurationIsCorrect" storage="/mnt/d/git/aula/src/aula.tests/bin/debug/net9.0/aula.tests.dll" id="3dce9625-e41a-4610-8ef9-75ada012faf5">
      <Execution id="583b3662-52fb-4218-bc5d-c71d4ea05564" />
      <TestMethod codeBase="/mnt/d/git/aula/src/Aula.Tests/bin/Debug/net9.0/Aula.Tests.dll" adapterTypeName="executor://xunit/VsTestRunner2/netcoreapp" className="Aula.Tests.ConfigurationTests" name="Children_ConfigurationIsCorrect" />
    </UnitTest>
    <UnitTest name="Aula.Tests.DataModelTests.PostedLetter_WithProperties_SetsCorrectly" storage="/mnt/d/git/aula/src/aula.tests/bin/debug/net9.0/aula.tests.dll" id="02576661-c6c2-8f00-d11c-ce062ab7ed3a">
      <Execution id="bf808ead-acc3-4c50-93ae-7b3680f495b4" />
      <TestMethod codeBase="/mnt/d/git/aula/src/Aula.Tests/bin/Debug/net9.0/Aula.Tests.dll" adapterTypeName="executor://xunit/VsTestRunner2/netcoreapp" className="Aula.Tests.DataModelTests" name="PostedLetter_WithProperties_SetsCorrectly" />
    </UnitTest>
    <UnitTest name="Aula.Tests.DataModelTests.Reminder_CreatedBy_HandlesValues(createdBy: &quot;bot&quot;, shouldAccept: True)" storage="/mnt/d/git/aula/src/aula.tests/bin/debug/net9.0/aula.tests.dll" id="ae4a9476-bbeb-36c8-50c8-faa57e806826">
      <Execution id="50b1fb6b-66ae-4c0d-b857-856e1fa21f05" />
      <TestMethod codeBase="/mnt/d/git/aula/src/Aula.Tests/bin/Debug/net9.0/Aula.Tests.dll" adapterTypeName="executor://xunit/VsTestRunner2/netcoreapp" className="Aula.Tests.DataModelTests" name="Reminder_CreatedBy_HandlesValues" />
    </UnitTest>
    <UnitTest name="Aula.Tests.WeekLetterContentExtractorTests.ExtractContent_WithLogger_LogsWarningForEmptyContent" storage="/mnt/d/git/aula/src/aula.tests/bin/debug/net9.0/aula.tests.dll" id="7d5870ac-5206-addb-8990-744bdf39b1db">
      <Execution id="f9099eee-7d87-4029-9308-da748ac64de8" />
      <TestMethod codeBase="/mnt/d/git/aula/src/Aula.Tests/bin/Debug/net9.0/Aula.Tests.dll" adapterTypeName="executor://xunit/VsTestRunner2/netcoreapp" className="Aula.Tests.WeekLetterContentExtractorTests" name="ExtractContent_WithLogger_LogsWarningForEmptyContent" />
    </UnitTest>
    <UnitTest name="Aula.Tests.ConversationContextTests.IsStillValid_WithFreshTimestamp_ReturnsTrue" storage="/mnt/d/git/aula/src/aula.tests/bin/debug/net9.0/aula.tests.dll" id="7926e009-60f7-10e3-6608-f4fc6af40fcc">
      <Execution id="61e332d2-529b-4c65-85c2-c9ab0327d4c4" />
      <TestMethod codeBase="/mnt/d/git/aula/src/Aula.Tests/bin/Debug/net9.0/Aula.Tests.dll" adapterTypeName="executor://xunit/VsTestRunner2/netcoreapp" className="Aula.Tests.ConversationContextTests" name="IsStillValid_WithFreshTimestamp_ReturnsTrue" />
    </UnitTest>
    <UnitTest name="Aula.Tests.ConfigurationTests.Slack_ConfigurationIsCorrect" storage="/mnt/d/git/aula/src/aula.tests/bin/debug/net9.0/aula.tests.dll" id="9f407ac9-afd7-1a09-5d92-a0c0efadfac0">
      <Execution id="942a41b5-e11a-4581-85bc-10dde482b76c" />
      <TestMethod codeBase="/mnt/d/git/aula/src/Aula.Tests/bin/Debug/net9.0/Aula.Tests.dll" adapterTypeName="executor://xunit/VsTestRunner2/netcoreapp" className="Aula.Tests.ConfigurationTests" name="Slack_ConfigurationIsCorrect" />
    </UnitTest>
    <UnitTest name="Aula.Tests.ReminderCommandHandlerTests.TryHandleReminderCommand_NonMatchingPatterns_ReturnsFalse(command: &quot;husk mig ugyldig at 8:00 at invalid format&quot;, isEnglish: False)" storage="/mnt/d/git/aula/src/aula.tests/bin/debug/net9.0/aula.tests.dll" id="525203ba-2e45-193a-ab6e-ed53631a76cf">
      <Execution id="b83fc27e-8f37-45da-bcbb-c3d3b8875269" />
      <TestMethod codeBase="/mnt/d/git/aula/src/Aula.Tests/bin/Debug/net9.0/Aula.Tests.dll" adapterTypeName="executor://xunit/VsTestRunner2/netcoreapp" className="Aula.Tests.ReminderCommandHandlerTests" name="TryHandleReminderCommand_NonMatchingPatterns_ReturnsFalse" />
    </UnitTest>
    <UnitTest name="Aula.Tests.SupabaseServiceTests.Constructor_WithValidConfig_InitializesCorrectly" storage="/mnt/d/git/aula/src/aula.tests/bin/debug/net9.0/aula.tests.dll" id="2c5225d3-b3a0-cf28-3c30-ab718f3971db">
      <Execution id="d2b9baa7-96c0-49c2-94e8-cfda511c917c" />
      <TestMethod codeBase="/mnt/d/git/aula/src/Aula.Tests/bin/Debug/net9.0/Aula.Tests.dll" adapterTypeName="executor://xunit/VsTestRunner2/netcoreapp" className="Aula.Tests.SupabaseServiceTests" name="Constructor_WithValidConfig_InitializesCorrectly" />
    </UnitTest>
    <UnitTest name="Aula.Tests.ReminderCommandHandlerTests.TryHandleReminderCommand_AddReminder_ValidFormats_ReturnsSuccess(command: &quot;remind me 2024-12-31 at 10:00 that New Year celebr&quot;···, isEnglish: True, expectedChildName: null)" storage="/mnt/d/git/aula/src/aula.tests/bin/debug/net9.0/aula.tests.dll" id="d0a004d6-1a54-f1b3-e169-5676ab6be8b1">
      <Execution id="3bcc7e92-0889-498d-9358-79d4fe2dd4e1" />
      <TestMethod codeBase="/mnt/d/git/aula/src/Aula.Tests/bin/Debug/net9.0/Aula.Tests.dll" adapterTypeName="executor://xunit/VsTestRunner2/netcoreapp" className="Aula.Tests.ReminderCommandHandlerTests" name="TryHandleReminderCommand_AddReminder_ValidFormats_ReturnsSuccess" />
    </UnitTest>
    <UnitTest name="Aula.Tests.SchedulingServiceTests.Constructor_WithValidParameters_InitializesCorrectly" storage="/mnt/d/git/aula/src/aula.tests/bin/debug/net9.0/aula.tests.dll" id="6210dd9d-dca7-b5e7-12e5-95bce025fbf7">
      <Execution id="0a6035a9-144a-46b2-8e07-00fcb5e1c5e4" />
      <TestMethod codeBase="/mnt/d/git/aula/src/Aula.Tests/bin/Debug/net9.0/Aula.Tests.dll" adapterTypeName="executor://xunit/VsTestRunner2/netcoreapp" className="Aula.Tests.SchedulingServiceTests" name="Constructor_WithValidParameters_InitializesCorrectly" />
    </UnitTest>
    <UnitTest name="Aula.Tests.DataServiceTests.CacheWeekLetter_StoresDataInCache" storage="/mnt/d/git/aula/src/aula.tests/bin/debug/net9.0/aula.tests.dll" id="9b7b0243-9523-d396-f433-76033e35c2c2">
      <Execution id="aea6f768-7231-4ae0-818a-8528a612da74" />
      <TestMethod codeBase="/mnt/d/git/aula/src/Aula.Tests/bin/Debug/net9.0/Aula.Tests.dll" adapterTypeName="executor://xunit/VsTestRunner2/netcoreapp" className="Aula.Tests.DataServiceTests" name="CacheWeekLetter_StoresDataInCache" />
    </UnitTest>
    <UnitTest name="Aula.Tests.DataModelTests.ScheduledTask_CronExpression_CanBeSet(cronExpression: &quot;0 0 1 * *&quot;, description: &quot;Monthly on the 1st at midnight&quot;)" storage="/mnt/d/git/aula/src/aula.tests/bin/debug/net9.0/aula.tests.dll" id="6a62d650-fe1d-5f26-308e-8cefa7e3b02e">
      <Execution id="98e12c9d-c17a-47ca-9d08-17a1f7ec158d" />
      <TestMethod codeBase="/mnt/d/git/aula/src/Aula.Tests/bin/Debug/net9.0/Aula.Tests.dll" adapterTypeName="executor://xunit/VsTestRunner2/netcoreapp" className="Aula.Tests.DataModelTests" name="ScheduledTask_CronExpression_CanBeSet" />
    </UnitTest>
    <UnitTest name="Aula.Tests.ReminderCommandHandlerTests.TryHandleReminderCommand_NonReminderCommands_ReturnsFalse(command: &quot;delete&quot;)" storage="/mnt/d/git/aula/src/aula.tests/bin/debug/net9.0/aula.tests.dll" id="65136f73-52cb-01c4-7550-0989b0568e6d">
      <Execution id="44fb3fa1-54bb-4e3c-89d2-735200f36d1f" />
      <TestMethod codeBase="/mnt/d/git/aula/src/Aula.Tests/bin/Debug/net9.0/Aula.Tests.dll" adapterTypeName="executor://xunit/VsTestRunner2/netcoreapp" className="Aula.Tests.ReminderCommandHandlerTests" name="TryHandleReminderCommand_NonReminderCommands_ReturnsFalse" />
    </UnitTest>
    <UnitTest name="Aula.Tests.ConfigurationTests.Telegram_Token_ValidationTests(token: &quot;123456789&quot;, isValidFormat: False)" storage="/mnt/d/git/aula/src/aula.tests/bin/debug/net9.0/aula.tests.dll" id="f03522fd-b192-83f1-01f0-fd28439d039a">
      <Execution id="d0b1d804-479c-415d-8dcf-7a996e7ef0ab" />
      <TestMethod codeBase="/mnt/d/git/aula/src/Aula.Tests/bin/Debug/net9.0/Aula.Tests.dll" adapterTypeName="executor://xunit/VsTestRunner2/netcoreapp" className="Aula.Tests.ConfigurationTests" name="Telegram_Token_ValidationTests" />
    </UnitTest>
    <UnitTest name="Aula.Tests.ReminderCommandHandlerTests.TryHandleReminderCommand_AddReminder_ValidFormats_ReturnsSuccess(command: &quot;husk mig i morgen kl 8:00 at Hans har Haver til ma&quot;···, isEnglish: False, expectedChildName: &quot;Hans Jensen&quot;)" storage="/mnt/d/git/aula/src/aula.tests/bin/debug/net9.0/aula.tests.dll" id="64afb5ae-2f84-d2b0-0cea-d1a725c44de1">
      <Execution id="65119509-6ab4-4336-96f7-1013a4ffce9b" />
      <TestMethod codeBase="/mnt/d/git/aula/src/Aula.Tests/bin/Debug/net9.0/Aula.Tests.dll" adapterTypeName="executor://xunit/VsTestRunner2/netcoreapp" className="Aula.Tests.ReminderCommandHandlerTests" name="TryHandleReminderCommand_AddReminder_ValidFormats_ReturnsSuccess" />
    </UnitTest>
    <UnitTest name="Aula.Tests.OpenAiServiceTests.OpenAiService_Internal_Constructor_CanBeUsedForTesting" storage="/mnt/d/git/aula/src/aula.tests/bin/debug/net9.0/aula.tests.dll" id="a5b19ae5-8ac7-3134-19bf-f47bfeb954a5">
      <Execution id="1b28db64-0745-481f-9913-1dec332c1de5" />
      <TestMethod codeBase="/mnt/d/git/aula/src/Aula.Tests/bin/Debug/net9.0/Aula.Tests.dll" adapterTypeName="executor://xunit/VsTestRunner2/netcoreapp" className="Aula.Tests.OpenAiServiceTests" name="OpenAiService_Internal_Constructor_CanBeUsedForTesting" />
    </UnitTest>
    <UnitTest name="Aula.Tests.DataModelTests.PostedLetter_DefaultConstructor_InitializesCorrectly" storage="/mnt/d/git/aula/src/aula.tests/bin/debug/net9.0/aula.tests.dll" id="e4e7d1cd-51f0-602c-7693-e89a469818bd">
      <Execution id="6747e082-b4b8-4e97-9780-f223f5519255" />
      <TestMethod codeBase="/mnt/d/git/aula/src/Aula.Tests/bin/Debug/net9.0/Aula.Tests.dll" adapterTypeName="executor://xunit/VsTestRunner2/netcoreapp" className="Aula.Tests.DataModelTests" name="PostedLetter_DefaultConstructor_InitializesCorrectly" />
    </UnitTest>
    <UnitTest name="Aula.Tests.ReminderCommandHandlerTests.TryHandleReminderCommand_AddReminder_ValidFormats_ReturnsSuccess(command: &quot;remind me 31/12 at 23:59 that Year end&quot;, isEnglish: True, expectedChildName: null)" storage="/mnt/d/git/aula/src/aula.tests/bin/debug/net9.0/aula.tests.dll" id="f7517819-f3a2-6d8d-afbc-d5f9f50d6f6c">
      <Execution id="18bb722d-51b8-4db4-8af3-28534c979555" />
      <TestMethod codeBase="/mnt/d/git/aula/src/Aula.Tests/bin/Debug/net9.0/Aula.Tests.dll" adapterTypeName="executor://xunit/VsTestRunner2/netcoreapp" className="Aula.Tests.ReminderCommandHandlerTests" name="TryHandleReminderCommand_AddReminder_ValidFormats_ReturnsSuccess" />
    </UnitTest>
    <UnitTest name="Aula.Tests.ConversationContextManagerTests.ClearContext_WithExistingKey_RemovesContextAndLogs" storage="/mnt/d/git/aula/src/aula.tests/bin/debug/net9.0/aula.tests.dll" id="d2df758a-6e92-20d7-5321-9a2458ff79c7">
      <Execution id="3d2fc94a-b011-4c9e-9e2d-781e50f1b980" />
      <TestMethod codeBase="/mnt/d/git/aula/src/Aula.Tests/bin/Debug/net9.0/Aula.Tests.dll" adapterTypeName="executor://xunit/VsTestRunner2/netcoreapp" className="Aula.Tests.ConversationContextManagerTests" name="ClearContext_WithExistingKey_RemovesContextAndLogs" />
    </UnitTest>
    <UnitTest name="Aula.Tests.OpenAiServiceTests.OpenAiService_Constructor_WithNullApiKey_ThrowsException" storage="/mnt/d/git/aula/src/aula.tests/bin/debug/net9.0/aula.tests.dll" id="146f9b75-65d9-27c0-7771-28e1ec06fa16">
      <Execution id="531bcd6d-13d9-4759-8072-d561a44b802d" />
      <TestMethod codeBase="/mnt/d/git/aula/src/Aula.Tests/bin/Debug/net9.0/Aula.Tests.dll" adapterTypeName="executor://xunit/VsTestRunner2/netcoreapp" className="Aula.Tests.OpenAiServiceTests" name="OpenAiService_Constructor_WithNullApiKey_ThrowsException" />
    </UnitTest>
    <UnitTest name="Aula.Tests.ReminderCommandHandlerTests.TryHandleReminderCommand_ListReminders_NoReminders_ReturnsNoRemindersMessage(command: &quot;list reminders&quot;, isEnglish: True)" storage="/mnt/d/git/aula/src/aula.tests/bin/debug/net9.0/aula.tests.dll" id="6ef88a26-3433-973b-8003-dc85ef824f38">
      <Execution id="7ef815f0-ddf5-4835-8b2d-8544288e84d1" />
      <TestMethod codeBase="/mnt/d/git/aula/src/Aula.Tests/bin/Debug/net9.0/Aula.Tests.dll" adapterTypeName="executor://xunit/VsTestRunner2/netcoreapp" className="Aula.Tests.ReminderCommandHandlerTests" name="TryHandleReminderCommand_ListReminders_NoReminders_ReturnsNoRemindersMessage" />
    </UnitTest>
    <UnitTest name="Aula.Tests.WeekLetterContentExtractorTests.ExtractContent_Dynamic_WithEmptyArray_ReturnsEmptyString" storage="/mnt/d/git/aula/src/aula.tests/bin/debug/net9.0/aula.tests.dll" id="aba925b8-1c49-822f-9926-ea2d7ce91a32">
      <Execution id="f2477756-5945-4f57-aa9d-c7e77c8fb677" />
      <TestMethod codeBase="/mnt/d/git/aula/src/Aula.Tests/bin/Debug/net9.0/Aula.Tests.dll" adapterTypeName="executor://xunit/VsTestRunner2/netcoreapp" className="Aula.Tests.WeekLetterContentExtractorTests" name="ExtractContent_Dynamic_WithEmptyArray_ReturnsEmptyString" />
    </UnitTest>
    <UnitTest name="Aula.Tests.SupabaseServiceTests.Constructor_WithValidConfig_CreatesInstance" storage="/mnt/d/git/aula/src/aula.tests/bin/debug/net9.0/aula.tests.dll" id="b137971f-18dc-5b4d-0427-9be26cd9d00d">
      <Execution id="0aaabb4e-0dee-4b0b-840e-901d83c9cbb8" />
      <TestMethod codeBase="/mnt/d/git/aula/src/Aula.Tests/bin/Debug/net9.0/Aula.Tests.dll" adapterTypeName="executor://xunit/VsTestRunner2/netcoreapp" className="Aula.Tests.SupabaseServiceTests" name="Constructor_WithValidConfig_CreatesInstance" />
    </UnitTest>
    <UnitTest name="Aula.Tests.ReminderCommandHandlerTests.TryHandleReminderCommand_NonMatchingPatterns_ReturnsFalse(command: &quot;remind me yesterday at 8:00 that past date&quot;, isEnglish: True)" storage="/mnt/d/git/aula/src/aula.tests/bin/debug/net9.0/aula.tests.dll" id="957c0c25-76cf-80ee-b5e3-32573ab49008">
      <Execution id="43fb6727-281d-432a-92dd-b7776901812e" />
      <TestMethod codeBase="/mnt/d/git/aula/src/Aula.Tests/bin/Debug/net9.0/Aula.Tests.dll" adapterTypeName="executor://xunit/VsTestRunner2/netcoreapp" className="Aula.Tests.ReminderCommandHandlerTests" name="TryHandleReminderCommand_NonMatchingPatterns_ReturnsFalse" />
    </UnitTest>
    <UnitTest name="Aula.Tests.OpenAiServiceTests.OpenAiService_Constructor_WithApiKey_InitializesCorrectly" storage="/mnt/d/git/aula/src/aula.tests/bin/debug/net9.0/aula.tests.dll" id="5dbf4eb2-4739-ba56-f229-461a6c74098e">
      <Execution id="19bd8e0d-7fd8-4410-aa72-4f386fdbc5a0" />
      <TestMethod codeBase="/mnt/d/git/aula/src/Aula.Tests/bin/Debug/net9.0/Aula.Tests.dll" adapterTypeName="executor://xunit/VsTestRunner2/netcoreapp" className="Aula.Tests.OpenAiServiceTests" name="OpenAiService_Constructor_WithApiKey_InitializesCorrectly" />
    </UnitTest>
    <UnitTest name="Aula.Tests.AiToolsManagerTests.CreateReminderAsync_WithValidDateTime_CreatesReminder" storage="/mnt/d/git/aula/src/aula.tests/bin/debug/net9.0/aula.tests.dll" id="142f7f1e-17b0-ab13-6188-3168556c9de4">
      <Execution id="699de1e0-a941-4b81-8966-136b26caab43" />
      <TestMethod codeBase="/mnt/d/git/aula/src/Aula.Tests/bin/Debug/net9.0/Aula.Tests.dll" adapterTypeName="executor://xunit/VsTestRunner2/netcoreapp" className="Aula.Tests.AiToolsManagerTests" name="CreateReminderAsync_WithValidDateTime_CreatesReminder" />
    </UnitTest>
    <UnitTest name="Aula.Tests.ReminderCommandHandlerTests.TryHandleReminderCommand_NonReminderCommands_ReturnsFalse(command: &quot;&quot;)" storage="/mnt/d/git/aula/src/aula.tests/bin/debug/net9.0/aula.tests.dll" id="12963fe2-f99e-7961-0e6d-ac7991b32582">
      <Execution id="0e9b2573-2465-4155-9051-539eb44ac2ae" />
      <TestMethod codeBase="/mnt/d/git/aula/src/Aula.Tests/bin/Debug/net9.0/Aula.Tests.dll" adapterTypeName="executor://xunit/VsTestRunner2/netcoreapp" className="Aula.Tests.ReminderCommandHandlerTests" name="TryHandleReminderCommand_NonReminderCommands_ReturnsFalse" />
    </UnitTest>
    <UnitTest name="Aula.Tests.ConversationContextTests.IsStillValid_WithExactlyNinePointNineMinutesOld_ReturnsTrue" storage="/mnt/d/git/aula/src/aula.tests/bin/debug/net9.0/aula.tests.dll" id="10a560a5-b0ed-365f-b302-8638c32c09e9">
      <Execution id="0853671b-c43c-45a9-b703-f3b2a02675c9" />
      <TestMethod codeBase="/mnt/d/git/aula/src/Aula.Tests/bin/Debug/net9.0/Aula.Tests.dll" adapterTypeName="executor://xunit/VsTestRunner2/netcoreapp" className="Aula.Tests.ConversationContextTests" name="IsStillValid_WithExactlyNinePointNineMinutesOld_ReturnsTrue" />
    </UnitTest>
    <UnitTest name="Aula.Tests.ConfigurationTests.Slack_ChannelId_ValidationTests(channelId: &quot;&quot;, isValid: False)" storage="/mnt/d/git/aula/src/aula.tests/bin/debug/net9.0/aula.tests.dll" id="5ecedbe6-5389-ac95-9a91-bbc0716ca222">
      <Execution id="f8b5bda6-dd27-41e6-9d8c-387c26c616e5" />
      <TestMethod codeBase="/mnt/d/git/aula/src/Aula.Tests/bin/Debug/net9.0/Aula.Tests.dll" adapterTypeName="executor://xunit/VsTestRunner2/netcoreapp" className="Aula.Tests.ConfigurationTests" name="Slack_ChannelId_ValidationTests" />
    </UnitTest>
    <UnitTest name="Aula.Tests.DataModelTests.Reminder_CreatedBy_HandlesValues(createdBy: &quot;&quot;, shouldAccept: True)" storage="/mnt/d/git/aula/src/aula.tests/bin/debug/net9.0/aula.tests.dll" id="624de27a-03d8-98ab-f34d-a66a3eeda68b">
      <Execution id="f23dfb2f-caca-40f2-a827-dea0c03af096" />
      <TestMethod codeBase="/mnt/d/git/aula/src/Aula.Tests/bin/Debug/net9.0/Aula.Tests.dll" adapterTypeName="executor://xunit/VsTestRunner2/netcoreapp" className="Aula.Tests.DataModelTests" name="Reminder_CreatedBy_HandlesValues" />
    </UnitTest>
    <UnitTest name="Aula.Tests.ConfigurationTests.Telegram_Token_ValidationTests(token: &quot;123456789:AABBCCDDEEFFGG&quot;, isValidFormat: True)" storage="/mnt/d/git/aula/src/aula.tests/bin/debug/net9.0/aula.tests.dll" id="6086987b-ac94-45b9-8780-119988272a4d">
      <Execution id="2dd96f94-a8dd-440c-b194-aea5eaf2c806" />
      <TestMethod codeBase="/mnt/d/git/aula/src/Aula.Tests/bin/Debug/net9.0/Aula.Tests.dll" adapterTypeName="executor://xunit/VsTestRunner2/netcoreapp" className="Aula.Tests.ConfigurationTests" name="Telegram_Token_ValidationTests" />
    </UnitTest>
    <UnitTest name="Aula.Tests.ConversationContextManagerTests.UpdateContext_WithDefaultParameters_SetsCorrectDefaults" storage="/mnt/d/git/aula/src/aula.tests/bin/debug/net9.0/aula.tests.dll" id="fd64547e-5308-ea2e-7202-731120fc28dc">
      <Execution id="2ee4cfd0-f0b3-48ab-8056-feca90db8ad5" />
      <TestMethod codeBase="/mnt/d/git/aula/src/Aula.Tests/bin/Debug/net9.0/Aula.Tests.dll" adapterTypeName="executor://xunit/VsTestRunner2/netcoreapp" className="Aula.Tests.ConversationContextManagerTests" name="UpdateContext_WithDefaultParameters_SetsCorrectDefaults" />
    </UnitTest>
    <UnitTest name="Aula.Tests.ConfigurationTests.Telegram_Token_ValidationTests(token: &quot;123456789:AABBCCDDEEFFGGHHTest&quot;, isValidFormat: True)" storage="/mnt/d/git/aula/src/aula.tests/bin/debug/net9.0/aula.tests.dll" id="54a072f7-4386-8314-18b7-ae27f4d320dd">
      <Execution id="03e4ac71-c355-48bb-bfea-1c21d3d5b70a" />
      <TestMethod codeBase="/mnt/d/git/aula/src/Aula.Tests/bin/Debug/net9.0/Aula.Tests.dll" adapterTypeName="executor://xunit/VsTestRunner2/netcoreapp" className="Aula.Tests.ConfigurationTests" name="Telegram_Token_ValidationTests" />
    </UnitTest>
    <UnitTest name="Aula.Tests.ReminderCommandHandlerTests.Constructor_WithNullLogger_ThrowsArgumentNullException" storage="/mnt/d/git/aula/src/aula.tests/bin/debug/net9.0/aula.tests.dll" id="f40d8238-3a0f-3983-a28d-c346410cad34">
      <Execution id="656ac901-8559-46f2-847f-53078f7948d9" />
      <TestMethod codeBase="/mnt/d/git/aula/src/Aula.Tests/bin/Debug/net9.0/Aula.Tests.dll" adapterTypeName="executor://xunit/VsTestRunner2/netcoreapp" className="Aula.Tests.ReminderCommandHandlerTests" name="Constructor_WithNullLogger_ThrowsArgumentNullException" />
    </UnitTest>
    <UnitTest name="Aula.Tests.DataModelTests.RetryAttempt_DefaultConstructor_InitializesCorrectly" storage="/mnt/d/git/aula/src/aula.tests/bin/debug/net9.0/aula.tests.dll" id="942b21ed-5e95-17a8-5195-877ddeae341d">
      <Execution id="82bd6f39-01dc-48ea-a327-45fa38fe5751" />
      <TestMethod codeBase="/mnt/d/git/aula/src/Aula.Tests/bin/Debug/net9.0/Aula.Tests.dll" adapterTypeName="executor://xunit/VsTestRunner2/netcoreapp" className="Aula.Tests.DataModelTests" name="RetryAttempt_DefaultConstructor_InitializesCorrectly" />
    </UnitTest>
    <UnitTest name="Aula.Tests.ConversationContextManagerTests.GetContext_WithValidKey_ReturnsContext" storage="/mnt/d/git/aula/src/aula.tests/bin/debug/net9.0/aula.tests.dll" id="40da04fa-1032-74c9-ec34-90abe39e5238">
      <Execution id="5329ec22-5eff-4bc4-ba7c-e146cab3a029" />
      <TestMethod codeBase="/mnt/d/git/aula/src/Aula.Tests/bin/Debug/net9.0/Aula.Tests.dll" adapterTypeName="executor://xunit/VsTestRunner2/netcoreapp" className="Aula.Tests.ConversationContextManagerTests" name="GetContext_WithValidKey_ReturnsContext" />
    </UnitTest>
    <UnitTest name="Aula.Tests.WeekLetterContentExtractorTests.ExtractContent_WithEmptyUgebreve_ReturnsEmptyString" storage="/mnt/d/git/aula/src/aula.tests/bin/debug/net9.0/aula.tests.dll" id="9a3186fa-8a9f-bdf4-2246-6dd1ebfd2de6">
      <Execution id="24c4fd2e-95e9-4434-b514-ebb1199b31a6" />
      <TestMethod codeBase="/mnt/d/git/aula/src/Aula.Tests/bin/Debug/net9.0/Aula.Tests.dll" adapterTypeName="executor://xunit/VsTestRunner2/netcoreapp" className="Aula.Tests.WeekLetterContentExtractorTests" name="ExtractContent_WithEmptyUgebreve_ReturnsEmptyString" />
    </UnitTest>
    <UnitTest name="Aula.Tests.DataModelTests.Reminder_WithProperties_SetsCorrectly" storage="/mnt/d/git/aula/src/aula.tests/bin/debug/net9.0/aula.tests.dll" id="02e0bfc0-9c86-c234-d785-e1c47d9057f5">
      <Execution id="49ea7519-4f50-4c1d-9bf0-19906e16c834" />
      <TestMethod codeBase="/mnt/d/git/aula/src/Aula.Tests/bin/Debug/net9.0/Aula.Tests.dll" adapterTypeName="executor://xunit/VsTestRunner2/netcoreapp" className="Aula.Tests.DataModelTests" name="Reminder_WithProperties_SetsCorrectly" />
    </UnitTest>
    <UnitTest name="Aula.Tests.ReminderCommandHandlerTests.TryHandleReminderCommand_ListReminders_ValidCommands_ReturnsRemindersList(command: &quot;liste påmindelser&quot;, isEnglish: False)" storage="/mnt/d/git/aula/src/aula.tests/bin/debug/net9.0/aula.tests.dll" id="71d82e72-b1fe-7ffa-289c-36b71468786f">
      <Execution id="325eb6a6-a085-4e64-8d06-2fbe88f0d5c5" />
      <TestMethod codeBase="/mnt/d/git/aula/src/Aula.Tests/bin/Debug/net9.0/Aula.Tests.dll" adapterTypeName="executor://xunit/VsTestRunner2/netcoreapp" className="Aula.Tests.ReminderCommandHandlerTests" name="TryHandleReminderCommand_ListReminders_ValidCommands_ReturnsRemindersList" />
    </UnitTest>
    <UnitTest name="Aula.Tests.DataModelTests.PostedLetter_WeekNumberValidation_ReturnsExpectedResult(weekNumber: 1, year: 2023, isValid: True)" storage="/mnt/d/git/aula/src/aula.tests/bin/debug/net9.0/aula.tests.dll" id="abaa89cb-39f9-f69b-6b9b-d73c0738d8ca">
      <Execution id="54941d36-8378-4412-a192-0097a4781335" />
      <TestMethod codeBase="/mnt/d/git/aula/src/Aula.Tests/bin/Debug/net9.0/Aula.Tests.dll" adapterTypeName="executor://xunit/VsTestRunner2/netcoreapp" className="Aula.Tests.DataModelTests" name="PostedLetter_WeekNumberValidation_ReturnsExpectedResult" />
    </UnitTest>
    <UnitTest name="Aula.Tests.WeekLetterContentExtractorTests.ExtractContent_WithMissingIndhold_ReturnsEmptyString" storage="/mnt/d/git/aula/src/aula.tests/bin/debug/net9.0/aula.tests.dll" id="518603d4-aade-6d43-a1a3-9c9c0676c035">
      <Execution id="a2750c0c-b7d9-4276-9c89-95972713ab9e" />
      <TestMethod codeBase="/mnt/d/git/aula/src/Aula.Tests/bin/Debug/net9.0/Aula.Tests.dll" adapterTypeName="executor://xunit/VsTestRunner2/netcoreapp" className="Aula.Tests.WeekLetterContentExtractorTests" name="ExtractContent_WithMissingIndhold_ReturnsEmptyString" />
    </UnitTest>
    <UnitTest name="Aula.Tests.DataModelTests.PostedLetter_WeekNumberValidation_ReturnsExpectedResult(weekNumber: 54, year: 2023, isValid: False)" storage="/mnt/d/git/aula/src/aula.tests/bin/debug/net9.0/aula.tests.dll" id="ad82e8f2-6369-caf4-0e22-ade0ad1e294e">
      <Execution id="95bec160-f1d0-4a10-a5ea-a21456d257e6" />
      <TestMethod codeBase="/mnt/d/git/aula/src/Aula.Tests/bin/Debug/net9.0/Aula.Tests.dll" adapterTypeName="executor://xunit/VsTestRunner2/netcoreapp" className="Aula.Tests.DataModelTests" name="PostedLetter_WeekNumberValidation_ReturnsExpectedResult" />
    </UnitTest>
    <UnitTest name="Aula.Tests.ReminderCommandHandlerTests.TryHandleReminderCommand_NonReminderCommands_ReturnsFalse(command: &quot;remind me&quot;)" storage="/mnt/d/git/aula/src/aula.tests/bin/debug/net9.0/aula.tests.dll" id="64e4f3ab-67c9-4261-6d8e-3c556350f7bf">
      <Execution id="ba0cd945-7cbf-487d-82c9-cc1a25a9ab08" />
      <TestMethod codeBase="/mnt/d/git/aula/src/Aula.Tests/bin/Debug/net9.0/Aula.Tests.dll" adapterTypeName="executor://xunit/VsTestRunner2/netcoreapp" className="Aula.Tests.ReminderCommandHandlerTests" name="TryHandleReminderCommand_NonReminderCommands_ReturnsFalse" />
    </UnitTest>
    <UnitTest name="Aula.Tests.AiToolsManagerTests.DeleteReminderAsync_WithValidNumber_DeletesReminder" storage="/mnt/d/git/aula/src/aula.tests/bin/debug/net9.0/aula.tests.dll" id="cb96c16f-9f35-29b1-339a-54f41392a6bc">
      <Execution id="3d004532-b4d3-4bbc-a506-7e17cc9d6bd7" />
      <TestMethod codeBase="/mnt/d/git/aula/src/Aula.Tests/bin/Debug/net9.0/Aula.Tests.dll" adapterTypeName="executor://xunit/VsTestRunner2/netcoreapp" className="Aula.Tests.AiToolsManagerTests" name="DeleteReminderAsync_WithValidNumber_DeletesReminder" />
    </UnitTest>
    <UnitTest name="Aula.Tests.DataModelTests.PostedLetter_ContentHash_CanDetectChanges" storage="/mnt/d/git/aula/src/aula.tests/bin/debug/net9.0/aula.tests.dll" id="74e059e3-cac1-1df8-e272-1f5aef63ef7b">
      <Execution id="84e4f6c1-6760-49ab-9474-add1a1339f3e" />
      <TestMethod codeBase="/mnt/d/git/aula/src/Aula.Tests/bin/Debug/net9.0/Aula.Tests.dll" adapterTypeName="executor://xunit/VsTestRunner2/netcoreapp" className="Aula.Tests.DataModelTests" name="PostedLetter_ContentHash_CanDetectChanges" />
    </UnitTest>
    <UnitTest name="Aula.Tests.DataModelTests.Reminder_CreatedBy_HandlesValues(createdBy: &quot;user&quot;, shouldAccept: True)" storage="/mnt/d/git/aula/src/aula.tests/bin/debug/net9.0/aula.tests.dll" id="a79c395c-46b7-f17d-288a-eec8c3ef5e1e">
      <Execution id="5633a26f-c2d1-43dd-9369-257d841b2e65" />
      <TestMethod codeBase="/mnt/d/git/aula/src/Aula.Tests/bin/Debug/net9.0/Aula.Tests.dll" adapterTypeName="executor://xunit/VsTestRunner2/netcoreapp" className="Aula.Tests.DataModelTests" name="Reminder_CreatedBy_HandlesValues" />
    </UnitTest>
    <UnitTest name="Aula.Tests.WeekLetterContentExtractorTests.ExtractContent_WithNullUgebreve_ReturnsEmptyString" storage="/mnt/d/git/aula/src/aula.tests/bin/debug/net9.0/aula.tests.dll" id="8e2e1ca5-edd8-4417-aafb-514c33f6ab1d">
      <Execution id="8e201f1e-2109-4bde-8eed-252e4baebe85" />
      <TestMethod codeBase="/mnt/d/git/aula/src/Aula.Tests/bin/Debug/net9.0/Aula.Tests.dll" adapterTypeName="executor://xunit/VsTestRunner2/netcoreapp" className="Aula.Tests.WeekLetterContentExtractorTests" name="ExtractContent_WithNullUgebreve_ReturnsEmptyString" />
    </UnitTest>
    <UnitTest name="Aula.Tests.DataModelTests.PostedLetter_WeekNumberValidation_ReturnsExpectedResult(weekNumber: 53, year: 2023, isValid: True)" storage="/mnt/d/git/aula/src/aula.tests/bin/debug/net9.0/aula.tests.dll" id="9fc0cf2c-4e26-2134-c7a9-7658041dbef7">
      <Execution id="c1db4c3e-d8fa-4bf1-b15d-578f5f72b0f1" />
      <TestMethod codeBase="/mnt/d/git/aula/src/Aula.Tests/bin/Debug/net9.0/Aula.Tests.dll" adapterTypeName="executor://xunit/VsTestRunner2/netcoreapp" className="Aula.Tests.DataModelTests" name="PostedLetter_WeekNumberValidation_ReturnsExpectedResult" />
    </UnitTest>
    <UnitTest name="Aula.Tests.ReminderCommandHandlerTests.TryHandleReminderCommand_DeleteReminder_ValidCommands_ReturnsSuccess(command: &quot;delete reminder 123&quot;, isEnglish: True, expectedId: 123)" storage="/mnt/d/git/aula/src/aula.tests/bin/debug/net9.0/aula.tests.dll" id="63288990-ee57-a5a0-a21e-5cf6b38242d6">
      <Execution id="c3050e12-ad3b-432c-ad75-7a275ea2b7c1" />
      <TestMethod codeBase="/mnt/d/git/aula/src/Aula.Tests/bin/Debug/net9.0/Aula.Tests.dll" adapterTypeName="executor://xunit/VsTestRunner2/netcoreapp" className="Aula.Tests.ReminderCommandHandlerTests" name="TryHandleReminderCommand_DeleteReminder_ValidCommands_ReturnsSuccess" />
    </UnitTest>
    <UnitTest name="Aula.Tests.OpenAiServiceTests.OpenAiService_GetChatInterfaceInstructions_ReturnsCorrectFormat(chatInterface: Telegram)" storage="/mnt/d/git/aula/src/aula.tests/bin/debug/net9.0/aula.tests.dll" id="0401d7a7-9613-4f4d-5671-a495f8cf8baa">
      <Execution id="c0b4ddb0-769e-4fd4-9af8-fb63b4c911b1" />
      <TestMethod codeBase="/mnt/d/git/aula/src/Aula.Tests/bin/Debug/net9.0/Aula.Tests.dll" adapterTypeName="executor://xunit/VsTestRunner2/netcoreapp" className="Aula.Tests.OpenAiServiceTests" name="OpenAiService_GetChatInterfaceInstructions_ReturnsCorrectFormat" />
    </UnitTest>
    <UnitTest name="Aula.Tests.ConfigurationTests.GoogleServiceAccount_ConfigurationIsCorrect" storage="/mnt/d/git/aula/src/aula.tests/bin/debug/net9.0/aula.tests.dll" id="5e00a3be-52a1-5fb6-8a1e-63e6f1da1f63">
      <Execution id="e93cc5be-f893-45e5-85cc-0223f48a4af8" />
      <TestMethod codeBase="/mnt/d/git/aula/src/Aula.Tests/bin/Debug/net9.0/Aula.Tests.dll" adapterTypeName="executor://xunit/VsTestRunner2/netcoreapp" className="Aula.Tests.ConfigurationTests" name="GoogleServiceAccount_ConfigurationIsCorrect" />
    </UnitTest>
    <UnitTest name="Aula.Tests.WeekLetterContentExtractorTests.ExtractContent_WithValidJObject_ReturnsContent" storage="/mnt/d/git/aula/src/aula.tests/bin/debug/net9.0/aula.tests.dll" id="2e34d1fd-ad52-45da-e667-2c02895a369a">
      <Execution id="31ac8027-3ac7-4bdd-82e2-cfa04e68f2cb" />
      <TestMethod codeBase="/mnt/d/git/aula/src/Aula.Tests/bin/Debug/net9.0/Aula.Tests.dll" adapterTypeName="executor://xunit/VsTestRunner2/netcoreapp" className="Aula.Tests.WeekLetterContentExtractorTests" name="ExtractContent_WithValidJObject_ReturnsContent" />
    </UnitTest>
    <UnitTest name="Aula.Tests.MinUddannelseClientTests.GetWeekLetter_ReturnsWeekLetter_WhenApiReturnsData" storage="/mnt/d/git/aula/src/aula.tests/bin/debug/net9.0/aula.tests.dll" id="e22e5398-ae5a-21a8-5d81-30f04feb1277">
      <Execution id="fd2859e9-e8a7-429f-a471-b9b4bf19c299" />
      <TestMethod codeBase="/mnt/d/git/aula/src/Aula.Tests/bin/Debug/net9.0/Aula.Tests.dll" adapterTypeName="executor://xunit/VsTestRunner2/netcoreapp" className="Aula.Tests.MinUddannelseClientTests" name="GetWeekLetter_ReturnsWeekLetter_WhenApiReturnsData" />
    </UnitTest>
    <UnitTest name="Aula.Tests.ConversationContextTests.ToString_WithAllPropertiesSet_ReturnsCorrectFormat" storage="/mnt/d/git/aula/src/aula.tests/bin/debug/net9.0/aula.tests.dll" id="26ae4368-0440-e07c-ce74-6fc7968351ba">
      <Execution id="d1c491c2-e1b2-4ef8-9077-19be51c15d5a" />
      <TestMethod codeBase="/mnt/d/git/aula/src/Aula.Tests/bin/Debug/net9.0/Aula.Tests.dll" adapterTypeName="executor://xunit/VsTestRunner2/netcoreapp" className="Aula.Tests.ConversationContextTests" name="ToString_WithAllPropertiesSet_ReturnsCorrectFormat" />
    </UnitTest>
    <UnitTest name="Aula.Tests.ReminderCommandHandlerTests.Constructor_WithNullChildrenByName_ThrowsArgumentNullException" storage="/mnt/d/git/aula/src/aula.tests/bin/debug/net9.0/aula.tests.dll" id="3c880c0a-ad15-815a-3b2e-c8ecb946f77b">
      <Execution id="78298ca3-055f-4244-8814-93066e76f0bc" />
      <TestMethod codeBase="/mnt/d/git/aula/src/Aula.Tests/bin/Debug/net9.0/Aula.Tests.dll" adapterTypeName="executor://xunit/VsTestRunner2/netcoreapp" className="Aula.Tests.ReminderCommandHandlerTests" name="Constructor_WithNullChildrenByName_ThrowsArgumentNullException" />
    </UnitTest>
    <UnitTest name="Aula.Tests.ConfigurationTests.UniLogin_ConfigurationIsCorrect" storage="/mnt/d/git/aula/src/aula.tests/bin/debug/net9.0/aula.tests.dll" id="4e94c03f-8e60-9150-df64-2aa4ba1c61f4">
      <Execution id="0f616c92-7bcc-4ec6-8477-57f26f262b24" />
      <TestMethod codeBase="/mnt/d/git/aula/src/Aula.Tests/bin/Debug/net9.0/Aula.Tests.dll" adapterTypeName="executor://xunit/VsTestRunner2/netcoreapp" className="Aula.Tests.ConfigurationTests" name="UniLogin_ConfigurationIsCorrect" />
    </UnitTest>
    <UnitTest name="Aula.Tests.AiToolsManagerTests.GetWeekLetters_WithChildName_ReturnsFilteredResults" storage="/mnt/d/git/aula/src/aula.tests/bin/debug/net9.0/aula.tests.dll" id="6c8436f1-99f2-8741-c6bd-d60e2590ab61">
      <Execution id="8d9a349e-010e-4490-9605-aa1bd9f108d0" />
      <TestMethod codeBase="/mnt/d/git/aula/src/Aula.Tests/bin/Debug/net9.0/Aula.Tests.dll" adapterTypeName="executor://xunit/VsTestRunner2/netcoreapp" className="Aula.Tests.AiToolsManagerTests" name="GetWeekLetters_WithChildName_ReturnsFilteredResults" />
    </UnitTest>
    <UnitTest name="Aula.Tests.WeekLetterContentExtractorTests.ExtractContent_WithMissingUgebreve_ReturnsEmptyString" storage="/mnt/d/git/aula/src/aula.tests/bin/debug/net9.0/aula.tests.dll" id="37cb11a9-112c-29b4-1f6e-1174dee06011">
      <Execution id="e8f36a19-89be-4ed9-8cb7-0cdb3914100e" />
      <TestMethod codeBase="/mnt/d/git/aula/src/Aula.Tests/bin/Debug/net9.0/Aula.Tests.dll" adapterTypeName="executor://xunit/VsTestRunner2/netcoreapp" className="Aula.Tests.WeekLetterContentExtractorTests" name="ExtractContent_WithMissingUgebreve_ReturnsEmptyString" />
    </UnitTest>
    <UnitTest name="Aula.Tests.ConfigurationTests.Telegram_ConfigurationIsCorrect" storage="/mnt/d/git/aula/src/aula.tests/bin/debug/net9.0/aula.tests.dll" id="1b636fa1-5134-cf00-9710-67d64d0d5432">
      <Execution id="4dc5c2d1-b15f-4572-aeb0-7507734a0982" />
      <TestMethod codeBase="/mnt/d/git/aula/src/Aula.Tests/bin/Debug/net9.0/Aula.Tests.dll" adapterTypeName="executor://xunit/VsTestRunner2/netcoreapp" className="Aula.Tests.ConfigurationTests" name="Telegram_ConfigurationIsCorrect" />
    </UnitTest>
    <UnitTest name="Aula.Tests.AgentServiceTests.SummarizeWeekLetterAsync_CallsOpenAiService" storage="/mnt/d/git/aula/src/aula.tests/bin/debug/net9.0/aula.tests.dll" id="6dc1a149-cb06-de35-5fc9-568447f23244">
      <Execution id="b04c9502-fe34-4fcc-8752-48f8768fc0f4" />
      <TestMethod codeBase="/mnt/d/git/aula/src/Aula.Tests/bin/Debug/net9.0/Aula.Tests.dll" adapterTypeName="executor://xunit/VsTestRunner2/netcoreapp" className="Aula.Tests.AgentServiceTests" name="SummarizeWeekLetterAsync_CallsOpenAiService" />
    </UnitTest>
    <UnitTest name="Aula.Tests.ConfigurationTests.UniLogin_WithInvalidCredentials_HandlesGracefully(invalidValue: &quot;   &quot;)" storage="/mnt/d/git/aula/src/aula.tests/bin/debug/net9.0/aula.tests.dll" id="184d572b-1eab-db07-2882-b6cdb1e59007">
      <Execution id="c1fe9293-cffd-4502-853f-316deb9157ad" />
      <TestMethod codeBase="/mnt/d/git/aula/src/Aula.Tests/bin/Debug/net9.0/Aula.Tests.dll" adapterTypeName="executor://xunit/VsTestRunner2/netcoreapp" className="Aula.Tests.ConfigurationTests" name="UniLogin_WithInvalidCredentials_HandlesGracefully" />
    </UnitTest>
    <UnitTest name="Aula.Tests.SupabaseServiceTests.TestConnectionAsync_WithoutInitialize_ReturnsFalse" storage="/mnt/d/git/aula/src/aula.tests/bin/debug/net9.0/aula.tests.dll" id="17fbe14a-e885-4a98-964d-98ba1b469896">
      <Execution id="b1cf65e2-eae4-4c9c-8f7d-8efdc6bbe559" />
      <TestMethod codeBase="/mnt/d/git/aula/src/Aula.Tests/bin/Debug/net9.0/Aula.Tests.dll" adapterTypeName="executor://xunit/VsTestRunner2/netcoreapp" className="Aula.Tests.SupabaseServiceTests" name="TestConnectionAsync_WithoutInitialize_ReturnsFalse" />
    </UnitTest>
    <UnitTest name="Aula.Tests.AiToolsManagerTests.CreateReminderAsync_WithInvalidDateTime_ReturnsError" storage="/mnt/d/git/aula/src/aula.tests/bin/debug/net9.0/aula.tests.dll" id="09d6ba47-0b30-fd63-8462-dfdec9186853">
      <Execution id="1d25746b-ad4c-4c1c-8d52-5e795de023da" />
      <TestMethod codeBase="/mnt/d/git/aula/src/Aula.Tests/bin/Debug/net9.0/Aula.Tests.dll" adapterTypeName="executor://xunit/VsTestRunner2/netcoreapp" className="Aula.Tests.AiToolsManagerTests" name="CreateReminderAsync_WithInvalidDateTime_ReturnsError" />
    </UnitTest>
    <UnitTest name="Aula.Tests.ReminderCommandHandlerTests.TryHandleReminderCommand_DateParsing_TomorrowAndToday_WorksCorrectly" storage="/mnt/d/git/aula/src/aula.tests/bin/debug/net9.0/aula.tests.dll" id="17fd1d45-da93-d3c8-66a0-3e861223c732">
      <Execution id="e706127b-54b0-4a19-bb83-96d9a2a3062f" />
      <TestMethod codeBase="/mnt/d/git/aula/src/Aula.Tests/bin/Debug/net9.0/Aula.Tests.dll" adapterTypeName="executor://xunit/VsTestRunner2/netcoreapp" className="Aula.Tests.ReminderCommandHandlerTests" name="TryHandleReminderCommand_DateParsing_TomorrowAndToday_WorksCorrectly" />
    </UnitTest>
    <UnitTest name="Aula.Tests.ReminderCommandHandlerTests.TryHandleReminderCommand_AddReminder_InvalidFormats_ReturnsErrorMessage(command: &quot;remind me tomorrow at 25:00 that invalid time&quot;, isEnglish: True)" storage="/mnt/d/git/aula/src/aula.tests/bin/debug/net9.0/aula.tests.dll" id="0dd17563-063f-ed46-f732-7a7f9fd5c97d">
      <Execution id="dcbfc6b3-7432-4f1e-a9df-1a7d3cd52d34" />
      <TestMethod codeBase="/mnt/d/git/aula/src/Aula.Tests/bin/Debug/net9.0/Aula.Tests.dll" adapterTypeName="executor://xunit/VsTestRunner2/netcoreapp" className="Aula.Tests.ReminderCommandHandlerTests" name="TryHandleReminderCommand_AddReminder_InvalidFormats_ReturnsErrorMessage" />
    </UnitTest>
    <UnitTest name="Aula.Tests.ConfigurationTests.GoogleServiceAccount_RequiredFields_ArePresent" storage="/mnt/d/git/aula/src/aula.tests/bin/debug/net9.0/aula.tests.dll" id="ff6db1a1-226f-7585-4cf9-1dafecaed657">
      <Execution id="01420aaa-4eb9-4f88-880c-bac5324d565a" />
      <TestMethod codeBase="/mnt/d/git/aula/src/Aula.Tests/bin/Debug/net9.0/Aula.Tests.dll" adapterTypeName="executor://xunit/VsTestRunner2/netcoreapp" className="Aula.Tests.ConfigurationTests" name="GoogleServiceAccount_RequiredFields_ArePresent" />
    </UnitTest>
    <UnitTest name="Aula.Tests.ConversationContextManagerTests.ClearAllContexts_WithMultipleContexts_RemovesAllAndLogs" storage="/mnt/d/git/aula/src/aula.tests/bin/debug/net9.0/aula.tests.dll" id="adc3d804-48d6-99b1-dc8b-55ab91214755">
      <Execution id="2308457b-749f-4596-bbee-2f52e00f79ff" />
      <TestMethod codeBase="/mnt/d/git/aula/src/Aula.Tests/bin/Debug/net9.0/Aula.Tests.dll" adapterTypeName="executor://xunit/VsTestRunner2/netcoreapp" className="Aula.Tests.ConversationContextManagerTests" name="ClearAllContexts_WithMultipleContexts_RemovesAllAndLogs" />
    </UnitTest>
    <UnitTest name="Aula.Tests.ConfigurationTests.Telegram_Token_ValidationTests(token: &quot;invalid-token&quot;, isValidFormat: False)" storage="/mnt/d/git/aula/src/aula.tests/bin/debug/net9.0/aula.tests.dll" id="0ed7ab3d-b8e8-a9e8-e656-7a53f3a4e834">
      <Execution id="09c71523-02ec-4b44-ac98-51edb8b87ac9" />
      <TestMethod codeBase="/mnt/d/git/aula/src/Aula.Tests/bin/Debug/net9.0/Aula.Tests.dll" adapterTypeName="executor://xunit/VsTestRunner2/netcoreapp" className="Aula.Tests.ConfigurationTests" name="Telegram_Token_ValidationTests" />
    </UnitTest>
    <UnitTest name="Aula.Tests.DataModelTests.ScheduledTask_CronExpression_CanBeSet(cronExpression: &quot;0 9 * * 1-5&quot;, description: &quot;Daily at 9 AM on weekdays&quot;)" storage="/mnt/d/git/aula/src/aula.tests/bin/debug/net9.0/aula.tests.dll" id="74492250-611f-a50e-d3be-dc75a24cb5ee">
      <Execution id="1e1ce11e-7c41-4520-8cef-3ce58b59f81e" />
      <TestMethod codeBase="/mnt/d/git/aula/src/Aula.Tests/bin/Debug/net9.0/Aula.Tests.dll" adapterTypeName="executor://xunit/VsTestRunner2/netcoreapp" className="Aula.Tests.DataModelTests" name="ScheduledTask_CronExpression_CanBeSet" />
    </UnitTest>
    <UnitTest name="Aula.Tests.WeekLetterContentExtractorTests.ExtractContent_WithNullLogger_DoesNotThrow" storage="/mnt/d/git/aula/src/aula.tests/bin/debug/net9.0/aula.tests.dll" id="a35a6d59-1322-0daa-c1a8-4b2dcce9308a">
      <Execution id="96431748-2c15-430d-ad76-af58417a6bd1" />
      <TestMethod codeBase="/mnt/d/git/aula/src/Aula.Tests/bin/Debug/net9.0/Aula.Tests.dll" adapterTypeName="executor://xunit/VsTestRunner2/netcoreapp" className="Aula.Tests.WeekLetterContentExtractorTests" name="ExtractContent_WithNullLogger_DoesNotThrow" />
    </UnitTest>
    <UnitTest name="Aula.Tests.AiToolsManagerTests.GetWeekLetters_WithNonExistentChild_ReturnsError" storage="/mnt/d/git/aula/src/aula.tests/bin/debug/net9.0/aula.tests.dll" id="aad7565e-d907-77cd-04ed-688cfaeab063">
      <Execution id="06a0328f-5758-4867-950e-44f8e4616fec" />
      <TestMethod codeBase="/mnt/d/git/aula/src/Aula.Tests/bin/Debug/net9.0/Aula.Tests.dll" adapterTypeName="executor://xunit/VsTestRunner2/netcoreapp" className="Aula.Tests.AiToolsManagerTests" name="GetWeekLetters_WithNonExistentChild_ReturnsError" />
    </UnitTest>
    <UnitTest name="Aula.Tests.ConfigurationTests.Supabase_ConfigurationIsCorrect" storage="/mnt/d/git/aula/src/aula.tests/bin/debug/net9.0/aula.tests.dll" id="26cbb005-a86b-218f-a04c-94612f8aba4f">
      <Execution id="0420c9ca-ef1b-4133-a2f5-13cc35caa41d" />
      <TestMethod codeBase="/mnt/d/git/aula/src/Aula.Tests/bin/Debug/net9.0/Aula.Tests.dll" adapterTypeName="executor://xunit/VsTestRunner2/netcoreapp" className="Aula.Tests.ConfigurationTests" name="Supabase_ConfigurationIsCorrect" />
    </UnitTest>
    <UnitTest name="Aula.Tests.AgentServiceTests.ExtractKeyInformationFromWeekLetterAsync_CallsOpenAiService" storage="/mnt/d/git/aula/src/aula.tests/bin/debug/net9.0/aula.tests.dll" id="11e32d18-555c-9b8f-35f9-8038c68a172e">
      <Execution id="c86ed8aa-c46d-4655-b333-eac57036b1a8" />
      <TestMethod codeBase="/mnt/d/git/aula/src/Aula.Tests/bin/Debug/net9.0/Aula.Tests.dll" adapterTypeName="executor://xunit/VsTestRunner2/netcoreapp" className="Aula.Tests.AgentServiceTests" name="ExtractKeyInformationFromWeekLetterAsync_CallsOpenAiService" />
    </UnitTest>
    <UnitTest name="Aula.Tests.DataServiceTests.CacheWeekSchedule_StoresDataInCache" storage="/mnt/d/git/aula/src/aula.tests/bin/debug/net9.0/aula.tests.dll" id="765a8901-e2cf-498e-fa79-98634875728f">
      <Execution id="0032b0bf-76ac-4cc9-ab26-b90c45bd74f5" />
      <TestMethod codeBase="/mnt/d/git/aula/src/Aula.Tests/bin/Debug/net9.0/Aula.Tests.dll" adapterTypeName="executor://xunit/VsTestRunner2/netcoreapp" className="Aula.Tests.DataServiceTests" name="CacheWeekSchedule_StoresDataInCache" />
    </UnitTest>
    <UnitTest name="Aula.Tests.DataModelTests.ScheduledTask_DefaultConstructor_InitializesCorrectly" storage="/mnt/d/git/aula/src/aula.tests/bin/debug/net9.0/aula.tests.dll" id="ebeeb361-255e-4049-7a3b-3cefdcdd4a45">
      <Execution id="83ae49e1-c4a7-45b9-a825-94de25de2cbd" />
      <TestMethod codeBase="/mnt/d/git/aula/src/Aula.Tests/bin/Debug/net9.0/Aula.Tests.dll" adapterTypeName="executor://xunit/VsTestRunner2/netcoreapp" className="Aula.Tests.DataModelTests" name="ScheduledTask_DefaultConstructor_InitializesCorrectly" />
    </UnitTest>
    <UnitTest name="Aula.Tests.ConfigurationTests.Config_DefaultValues_AreApplied" storage="/mnt/d/git/aula/src/aula.tests/bin/debug/net9.0/aula.tests.dll" id="5a7690c3-a6d9-a65a-1725-2be1e721c1ec">
      <Execution id="0aa8da8a-dc5f-42e2-8016-a9ea89852fef" />
      <TestMethod codeBase="/mnt/d/git/aula/src/Aula.Tests/bin/Debug/net9.0/Aula.Tests.dll" adapterTypeName="executor://xunit/VsTestRunner2/netcoreapp" className="Aula.Tests.ConfigurationTests" name="Config_DefaultValues_AreApplied" />
    </UnitTest>
    <UnitTest name="Aula.Tests.SupabaseServiceTests.WeekLetterParameters_WithValidValues_AreInValidRange(childName: &quot;AnotherChild&quot;, weekNumber: 1, year: 2024)" storage="/mnt/d/git/aula/src/aula.tests/bin/debug/net9.0/aula.tests.dll" id="4d51480c-d07d-de05-54c5-495baa4aaf60">
      <Execution id="b4e997f8-b632-4b65-9eb6-87fb6ba2002f" />
      <TestMethod codeBase="/mnt/d/git/aula/src/Aula.Tests/bin/Debug/net9.0/Aula.Tests.dll" adapterTypeName="executor://xunit/VsTestRunner2/netcoreapp" className="Aula.Tests.SupabaseServiceTests" name="WeekLetterParameters_WithValidValues_AreInValidRange" />
    </UnitTest>
    <UnitTest name="Aula.Tests.ReminderCommandHandlerTests.Constructor_WithNullSupabaseService_ThrowsArgumentNullException" storage="/mnt/d/git/aula/src/aula.tests/bin/debug/net9.0/aula.tests.dll" id="1240d963-4048-724a-07eb-e6234565a31f">
      <Execution id="3172a8b1-7808-48e6-b5b1-038841e1f1ac" />
      <TestMethod codeBase="/mnt/d/git/aula/src/Aula.Tests/bin/Debug/net9.0/Aula.Tests.dll" adapterTypeName="executor://xunit/VsTestRunner2/netcoreapp" className="Aula.Tests.ReminderCommandHandlerTests" name="Constructor_WithNullSupabaseService_ThrowsArgumentNullException" />
    </UnitTest>
    <UnitTest name="Aula.Tests.DataModelTests.AppState_DefaultConstructor_InitializesCorrectly" storage="/mnt/d/git/aula/src/aula.tests/bin/debug/net9.0/aula.tests.dll" id="10cfca6f-c864-61be-d0c3-7c4c2c1cb441">
      <Execution id="a595565f-4395-466f-a868-f3c1a465d7b7" />
      <TestMethod codeBase="/mnt/d/git/aula/src/Aula.Tests/bin/Debug/net9.0/Aula.Tests.dll" adapterTypeName="executor://xunit/VsTestRunner2/netcoreapp" className="Aula.Tests.DataModelTests" name="AppState_DefaultConstructor_InitializesCorrectly" />
    </UnitTest>
    <UnitTest name="Aula.Tests.ConversationContextTests.IsStillValid_WithExactlyTenMinutesOld_ReturnsFalse" storage="/mnt/d/git/aula/src/aula.tests/bin/debug/net9.0/aula.tests.dll" id="01a6237b-a1c4-d7e7-eb41-3ae2f90107f5">
      <Execution id="4139eb64-d3de-4174-aa56-9c07e10ca2c1" />
      <TestMethod codeBase="/mnt/d/git/aula/src/Aula.Tests/bin/Debug/net9.0/Aula.Tests.dll" adapterTypeName="executor://xunit/VsTestRunner2/netcoreapp" className="Aula.Tests.ConversationContextTests" name="IsStillValid_WithExactlyTenMinutesOld_ReturnsFalse" />
    </UnitTest>
    <UnitTest name="Aula.Tests.ConversationContextManagerTests.UpdateContext_WithValidInput_CreatesNewContext" storage="/mnt/d/git/aula/src/aula.tests/bin/debug/net9.0/aula.tests.dll" id="7fcc67f3-326a-bb2f-e890-a3f7f107c255">
      <Execution id="85583aed-9658-4d5e-8e81-f5a542744661" />
      <TestMethod codeBase="/mnt/d/git/aula/src/Aula.Tests/bin/Debug/net9.0/Aula.Tests.dll" adapterTypeName="executor://xunit/VsTestRunner2/netcoreapp" className="Aula.Tests.ConversationContextManagerTests" name="UpdateContext_WithValidInput_CreatesNewContext" />
    </UnitTest>
    <UnitTest name="Aula.Tests.ReminderCommandHandlerTests.TryHandleReminderCommand_ListReminders_ValidCommands_ReturnsRemindersList(command: &quot;show reminders&quot;, isEnglish: True)" storage="/mnt/d/git/aula/src/aula.tests/bin/debug/net9.0/aula.tests.dll" id="b4b082ed-1d4f-eb47-7e00-be6e8b156309">
      <Execution id="997004e1-dcfd-44f9-bf65-5f5c7830f2f7" />
      <TestMethod codeBase="/mnt/d/git/aula/src/Aula.Tests/bin/Debug/net9.0/Aula.Tests.dll" adapterTypeName="executor://xunit/VsTestRunner2/netcoreapp" className="Aula.Tests.ReminderCommandHandlerTests" name="TryHandleReminderCommand_ListReminders_ValidCommands_ReturnsRemindersList" />
    </UnitTest>
    <UnitTest name="Aula.Tests.DataModelTests.ScheduledTask_CronExpression_CanBeSet(cronExpression: &quot;0 16 * * 0&quot;, description: &quot;Weekly at 4 PM on Sundays&quot;)" storage="/mnt/d/git/aula/src/aula.tests/bin/debug/net9.0/aula.tests.dll" id="610e1e11-bf64-18a4-e0b2-b0fd40664f94">
      <Execution id="571ca8d9-d5a1-4ab5-ab04-1803217ecc50" />
      <TestMethod codeBase="/mnt/d/git/aula/src/Aula.Tests/bin/Debug/net9.0/Aula.Tests.dll" adapterTypeName="executor://xunit/VsTestRunner2/netcoreapp" className="Aula.Tests.DataModelTests" name="ScheduledTask_CronExpression_CanBeSet" />
    </UnitTest>
    <UnitTest name="Aula.Tests.ReminderCommandHandlerTests.TryHandleReminderCommand_ListReminders_ValidCommands_ReturnsRemindersList(command: &quot;vis påmindelser&quot;, isEnglish: False)" storage="/mnt/d/git/aula/src/aula.tests/bin/debug/net9.0/aula.tests.dll" id="c7d959e5-f60a-27d5-9f6b-cd8ced0d9575">
      <Execution id="fc267df6-ca06-40a5-a311-4d6ed6147635" />
      <TestMethod codeBase="/mnt/d/git/aula/src/Aula.Tests/bin/Debug/net9.0/Aula.Tests.dll" adapterTypeName="executor://xunit/VsTestRunner2/netcoreapp" className="Aula.Tests.ReminderCommandHandlerTests" name="TryHandleReminderCommand_ListReminders_ValidCommands_ReturnsRemindersList" />
    </UnitTest>
    <UnitTest name="Aula.Tests.DataModelTests.Reminder_CreatedBy_HandlesValues(createdBy: &quot;system&quot;, shouldAccept: True)" storage="/mnt/d/git/aula/src/aula.tests/bin/debug/net9.0/aula.tests.dll" id="e85ce880-7444-1af6-f852-081812521be9">
      <Execution id="4d19e220-b01f-4338-8c2e-759fbed40167" />
      <TestMethod codeBase="/mnt/d/git/aula/src/Aula.Tests/bin/Debug/net9.0/Aula.Tests.dll" adapterTypeName="executor://xunit/VsTestRunner2/netcoreapp" className="Aula.Tests.DataModelTests" name="Reminder_CreatedBy_HandlesValues" />
    </UnitTest>
    <UnitTest name="Aula.Tests.DataModelTests.PostedLetter_WeekNumberValidation_ReturnsExpectedResult(weekNumber: 25, year: 2022, isValid: True)" storage="/mnt/d/git/aula/src/aula.tests/bin/debug/net9.0/aula.tests.dll" id="00218719-2ce3-7ba3-dfee-59929e732c27">
      <Execution id="4d9398c1-84fd-4fb3-9236-bc6ef726e76f" />
      <TestMethod codeBase="/mnt/d/git/aula/src/Aula.Tests/bin/Debug/net9.0/Aula.Tests.dll" adapterTypeName="executor://xunit/VsTestRunner2/netcoreapp" className="Aula.Tests.DataModelTests" name="PostedLetter_WeekNumberValidation_ReturnsExpectedResult" />
    </UnitTest>
    <UnitTest name="Aula.Tests.ConversationContextTests.ConversationContext_Properties_CanBeSet" storage="/mnt/d/git/aula/src/aula.tests/bin/debug/net9.0/aula.tests.dll" id="b867618e-01c0-33be-49c3-e7b99c460f6f">
      <Execution id="36aa4b3a-2ebd-488a-9cf8-c25e1a5ea3f8" />
      <TestMethod codeBase="/mnt/d/git/aula/src/Aula.Tests/bin/Debug/net9.0/Aula.Tests.dll" adapterTypeName="executor://xunit/VsTestRunner2/netcoreapp" className="Aula.Tests.ConversationContextTests" name="ConversationContext_Properties_CanBeSet" />
    </UnitTest>
    <UnitTest name="Aula.Tests.AiToolsManagerTests.DeleteReminderAsync_WithInvalidReminderNumber_ReturnsError" storage="/mnt/d/git/aula/src/aula.tests/bin/debug/net9.0/aula.tests.dll" id="297f17dd-58d9-5d2c-3145-cce1b04389b2">
      <Execution id="4e99f932-74a2-4146-8be8-e55378cd7e62" />
      <TestMethod codeBase="/mnt/d/git/aula/src/Aula.Tests/bin/Debug/net9.0/Aula.Tests.dll" adapterTypeName="executor://xunit/VsTestRunner2/netcoreapp" className="Aula.Tests.AiToolsManagerTests" name="DeleteReminderAsync_WithInvalidReminderNumber_ReturnsError" />
    </UnitTest>
    <UnitTest name="Aula.Tests.OpenAiServiceTests.OpenAiService_ClearConversationHistory_WithContextKey_RemovesSpecificContext" storage="/mnt/d/git/aula/src/aula.tests/bin/debug/net9.0/aula.tests.dll" id="9e9c0d3b-0291-6e8b-60da-193ed79d768e">
      <Execution id="a62b2417-b0de-47ea-8572-8e2a8e409624" />
      <TestMethod codeBase="/mnt/d/git/aula/src/Aula.Tests/bin/Debug/net9.0/Aula.Tests.dll" adapterTypeName="executor://xunit/VsTestRunner2/netcoreapp" className="Aula.Tests.OpenAiServiceTests" name="OpenAiService_ClearConversationHistory_WithContextKey_RemovesSpecificContext" />
    </UnitTest>
    <UnitTest name="Aula.Tests.AiToolsManagerTests.CreateReminderAsync_WithMissingChildName_CreatesGeneralReminder" storage="/mnt/d/git/aula/src/aula.tests/bin/debug/net9.0/aula.tests.dll" id="95cab534-7798-4d17-c33d-132f4e35d80a">
      <Execution id="98c3cdde-e276-4136-8200-68a40a69208c" />
      <TestMethod codeBase="/mnt/d/git/aula/src/Aula.Tests/bin/Debug/net9.0/Aula.Tests.dll" adapterTypeName="executor://xunit/VsTestRunner2/netcoreapp" className="Aula.Tests.AiToolsManagerTests" name="CreateReminderAsync_WithMissingChildName_CreatesGeneralReminder" />
    </UnitTest>
    <UnitTest name="Aula.Tests.ConversationContextManagerTests.GetContext_WithExpiredContext_ReturnsNullAndRemovesContext" storage="/mnt/d/git/aula/src/aula.tests/bin/debug/net9.0/aula.tests.dll" id="4b11a4eb-f9f8-4d35-32b2-8d0335387284">
      <Execution id="2f898688-49e3-475d-9bd8-fac9d8525b3e" />
      <TestMethod codeBase="/mnt/d/git/aula/src/Aula.Tests/bin/Debug/net9.0/Aula.Tests.dll" adapterTypeName="executor://xunit/VsTestRunner2/netcoreapp" className="Aula.Tests.ConversationContextManagerTests" name="GetContext_WithExpiredContext_ReturnsNullAndRemovesContext" />
    </UnitTest>
    <UnitTest name="Aula.Tests.SchedulingServiceTests.StartAsync_CallsGetPendingRemindersAsync_AtLeastOnce" storage="/mnt/d/git/aula/src/aula.tests/bin/debug/net9.0/aula.tests.dll" id="60a37e83-4e64-aa16-4919-f59a57e2c7d6">
      <Execution id="b887d024-0b5d-4029-a679-96ed854aa59c" />
      <TestMethod codeBase="/mnt/d/git/aula/src/Aula.Tests/bin/Debug/net9.0/Aula.Tests.dll" adapterTypeName="executor://xunit/VsTestRunner2/netcoreapp" className="Aula.Tests.SchedulingServiceTests" name="StartAsync_CallsGetPendingRemindersAsync_AtLeastOnce" />
    </UnitTest>
    <UnitTest name="Aula.Tests.ConversationContextTests.ToString_WithEmptyChildName_ShowsEmptyString" storage="/mnt/d/git/aula/src/aula.tests/bin/debug/net9.0/aula.tests.dll" id="74f572e8-81b4-21f1-88fc-50374ea6849b">
      <Execution id="1d440461-353d-4c9c-8a6c-17fdb3d4bd24" />
      <TestMethod codeBase="/mnt/d/git/aula/src/Aula.Tests/bin/Debug/net9.0/Aula.Tests.dll" adapterTypeName="executor://xunit/VsTestRunner2/netcoreapp" className="Aula.Tests.ConversationContextTests" name="ToString_WithEmptyChildName_ShowsEmptyString" />
    </UnitTest>
    <UnitTest name="Aula.Tests.DataModelTests.ConfigChild_Properties_WorkCorrectly" storage="/mnt/d/git/aula/src/aula.tests/bin/debug/net9.0/aula.tests.dll" id="f7a37c97-117c-3749-dcc9-98d91c408b45">
      <Execution id="7bb746c2-2808-4ccd-a27c-478199062838" />
      <TestMethod codeBase="/mnt/d/git/aula/src/Aula.Tests/bin/Debug/net9.0/Aula.Tests.dll" adapterTypeName="executor://xunit/VsTestRunner2/netcoreapp" className="Aula.Tests.DataModelTests" name="ConfigChild_Properties_WorkCorrectly" />
    </UnitTest>
    <UnitTest name="Aula.Tests.AgentServiceTests.GetWeekLetterAsync_ReturnsCachedData_WhenAvailable" storage="/mnt/d/git/aula/src/aula.tests/bin/debug/net9.0/aula.tests.dll" id="9862d09f-c3eb-023d-4a95-8928806e0371">
      <Execution id="6576f21a-1254-46c1-b543-e0fd16d3ca64" />
      <TestMethod codeBase="/mnt/d/git/aula/src/Aula.Tests/bin/Debug/net9.0/Aula.Tests.dll" adapterTypeName="executor://xunit/VsTestRunner2/netcoreapp" className="Aula.Tests.AgentServiceTests" name="GetWeekLetterAsync_ReturnsCachedData_WhenAvailable" />
    </UnitTest>
    <UnitTest name="Aula.Tests.DataModelTests.ScheduledTask_WithProperties_SetsCorrectly" storage="/mnt/d/git/aula/src/aula.tests/bin/debug/net9.0/aula.tests.dll" id="b8508268-2889-9748-74e5-db70a438176b">
      <Execution id="37424965-4039-40cb-8d36-68de9e1009eb" />
      <TestMethod codeBase="/mnt/d/git/aula/src/Aula.Tests/bin/Debug/net9.0/Aula.Tests.dll" adapterTypeName="executor://xunit/VsTestRunner2/netcoreapp" className="Aula.Tests.DataModelTests" name="ScheduledTask_WithProperties_SetsCorrectly" />
    </UnitTest>
    <UnitTest name="Aula.Tests.ReminderCommandHandlerTests.TryHandleReminderCommand_NonReminderCommands_ReturnsFalse(command: &quot;list&quot;)" storage="/mnt/d/git/aula/src/aula.tests/bin/debug/net9.0/aula.tests.dll" id="c12abf73-6b6c-136a-403c-9f0baa6f0245">
      <Execution id="63f41a73-5250-4c19-9f98-9f5b49593860" />
      <TestMethod codeBase="/mnt/d/git/aula/src/Aula.Tests/bin/Debug/net9.0/Aula.Tests.dll" adapterTypeName="executor://xunit/VsTestRunner2/netcoreapp" className="Aula.Tests.ReminderCommandHandlerTests" name="TryHandleReminderCommand_NonReminderCommands_ReturnsFalse" />
    </UnitTest>
    <UnitTest name="Aula.Tests.ConfigurationTests.Config_IConfig_Interface_IsImplemented" storage="/mnt/d/git/aula/src/aula.tests/bin/debug/net9.0/aula.tests.dll" id="c5cb529d-1b33-f127-65fe-001a88426434">
      <Execution id="b5470384-cc21-4525-992c-cc588ce609c8" />
      <TestMethod codeBase="/mnt/d/git/aula/src/Aula.Tests/bin/Debug/net9.0/Aula.Tests.dll" adapterTypeName="executor://xunit/VsTestRunner2/netcoreapp" className="Aula.Tests.ConfigurationTests" name="Config_IConfig_Interface_IsImplemented" />
    </UnitTest>
    <UnitTest name="Aula.Tests.AgentServiceTests.LoginAsync_CallsClientLoginAsync" storage="/mnt/d/git/aula/src/aula.tests/bin/debug/net9.0/aula.tests.dll" id="219643f6-d33f-37e3-aaa1-e7138cea0b58">
      <Execution id="6a8b8fc1-7801-4d7e-be7b-1a5885665c43" />
      <TestMethod codeBase="/mnt/d/git/aula/src/Aula.Tests/bin/Debug/net9.0/Aula.Tests.dll" adapterTypeName="executor://xunit/VsTestRunner2/netcoreapp" className="Aula.Tests.AgentServiceTests" name="LoginAsync_CallsClientLoginAsync" />
    </UnitTest>
    <UnitTest name="Aula.Tests.ConfigurationTests.Slack_ChannelId_ValidationTests(channelId: &quot;#general&quot;, isValid: True)" storage="/mnt/d/git/aula/src/aula.tests/bin/debug/net9.0/aula.tests.dll" id="b62ad4f9-1cee-e857-edf6-c6b178899d19">
      <Execution id="7200ee27-c4cc-4566-9dab-1ad2cd24c7a3" />
      <TestMethod codeBase="/mnt/d/git/aula/src/Aula.Tests/bin/Debug/net9.0/Aula.Tests.dll" adapterTypeName="executor://xunit/VsTestRunner2/netcoreapp" className="Aula.Tests.ConfigurationTests" name="Slack_ChannelId_ValidationTests" />
    </UnitTest>
    <UnitTest name="Aula.Tests.DataModelTests.Reminder_DefaultConstructor_InitializesCorrectly" storage="/mnt/d/git/aula/src/aula.tests/bin/debug/net9.0/aula.tests.dll" id="53bb093c-6fb6-b6f7-2e6c-d0066eb2a8d3">
      <Execution id="617ccc03-3bdf-4821-ab0f-30a7bedf02f3" />
      <TestMethod codeBase="/mnt/d/git/aula/src/Aula.Tests/bin/Debug/net9.0/Aula.Tests.dll" adapterTypeName="executor://xunit/VsTestRunner2/netcoreapp" className="Aula.Tests.DataModelTests" name="Reminder_DefaultConstructor_InitializesCorrectly" />
    </UnitTest>
    <UnitTest name="Aula.Tests.WeekLetterContentExtractorTests.ExtractContent_Dynamic_WithNullUgebreve_ReturnsEmptyString" storage="/mnt/d/git/aula/src/aula.tests/bin/debug/net9.0/aula.tests.dll" id="41f646b1-00ba-3b07-a7c0-9a13346690af">
      <Execution id="f31e285f-c8fe-4adf-acb0-8df6128c141d" />
      <TestMethod codeBase="/mnt/d/git/aula/src/Aula.Tests/bin/Debug/net9.0/Aula.Tests.dll" adapterTypeName="executor://xunit/VsTestRunner2/netcoreapp" className="Aula.Tests.WeekLetterContentExtractorTests" name="ExtractContent_Dynamic_WithNullUgebreve_ReturnsEmptyString" />
    </UnitTest>
    <UnitTest name="Aula.Tests.ConversationContextTests.ToString_AgeCalculation_IsAccurate" storage="/mnt/d/git/aula/src/aula.tests/bin/debug/net9.0/aula.tests.dll" id="4d980d02-3455-94f4-5dc1-d9e428166ef8">
      <Execution id="9c683a29-53a7-46d9-968c-58e059bbb755" />
      <TestMethod codeBase="/mnt/d/git/aula/src/Aula.Tests/bin/Debug/net9.0/Aula.Tests.dll" adapterTypeName="executor://xunit/VsTestRunner2/netcoreapp" className="Aula.Tests.ConversationContextTests" name="ToString_AgeCalculation_IsAccurate" />
    </UnitTest>
    <UnitTest name="Aula.Tests.ReminderCommandHandlerTests.TryHandleReminderCommand_NonReminderCommands_ReturnsFalse(command: &quot;hello world&quot;)" storage="/mnt/d/git/aula/src/aula.tests/bin/debug/net9.0/aula.tests.dll" id="3a9a03ac-c18b-9743-2beb-08ab9c66f8ac">
      <Execution id="d0dd441f-8fe4-42eb-9a32-6214244a43e6" />
      <TestMethod codeBase="/mnt/d/git/aula/src/Aula.Tests/bin/Debug/net9.0/Aula.Tests.dll" adapterTypeName="executor://xunit/VsTestRunner2/netcoreapp" className="Aula.Tests.ReminderCommandHandlerTests" name="TryHandleReminderCommand_NonReminderCommands_ReturnsFalse" />
    </UnitTest>
    <UnitTest name="Aula.Tests.ConversationContextManagerTests.Manager_WithGuidKeys_WorksCorrectly" storage="/mnt/d/git/aula/src/aula.tests/bin/debug/net9.0/aula.tests.dll" id="43796deb-08f7-d80b-b20f-d8ab0d74e3d2">
      <Execution id="c0f3867e-d62d-4aef-a7db-e737c2fb4cfb" />
      <TestMethod codeBase="/mnt/d/git/aula/src/Aula.Tests/bin/Debug/net9.0/Aula.Tests.dll" adapterTypeName="executor://xunit/VsTestRunner2/netcoreapp" className="Aula.Tests.ConversationContextManagerTests" name="Manager_WithGuidKeys_WorksCorrectly" />
    </UnitTest>
    <UnitTest name="Aula.Tests.ConfigurationTests.Supabase_RequiredFields_ArePresent" storage="/mnt/d/git/aula/src/aula.tests/bin/debug/net9.0/aula.tests.dll" id="3ee2a68c-ea1f-6e98-6347-57ff85cbe3e0">
      <Execution id="79e1aa0f-a485-4506-b451-f3c3337aaf33" />
      <TestMethod codeBase="/mnt/d/git/aula/src/Aula.Tests/bin/Debug/net9.0/Aula.Tests.dll" adapterTypeName="executor://xunit/VsTestRunner2/netcoreapp" className="Aula.Tests.ConfigurationTests" name="Supabase_RequiredFields_ArePresent" />
    </UnitTest>
    <UnitTest name="Aula.Tests.WeekLetterContentExtractorTests.ExtractContent_WithNullIndhold_ReturnsEmptyString" storage="/mnt/d/git/aula/src/aula.tests/bin/debug/net9.0/aula.tests.dll" id="f24d6e30-21bb-1e30-8b8c-e707fc0e6f62">
      <Execution id="2fb846fd-3986-49d9-8d37-3376aa0dbea0" />
      <TestMethod codeBase="/mnt/d/git/aula/src/Aula.Tests/bin/Debug/net9.0/Aula.Tests.dll" adapterTypeName="executor://xunit/VsTestRunner2/netcoreapp" className="Aula.Tests.WeekLetterContentExtractorTests" name="ExtractContent_WithNullIndhold_ReturnsEmptyString" />
    </UnitTest>
    <UnitTest name="Aula.Tests.ReminderCommandHandlerTests.TryHandleReminderCommand_ListReminders_WithException_LogsErrorAndReturnsErrorMessage(command: &quot;list reminders&quot;, isEnglish: True)" storage="/mnt/d/git/aula/src/aula.tests/bin/debug/net9.0/aula.tests.dll" id="23a54595-0357-7388-9668-8a7f2a3efb27">
      <Execution id="d6b6853b-d506-4dc6-bff8-defb085478cd" />
      <TestMethod codeBase="/mnt/d/git/aula/src/Aula.Tests/bin/Debug/net9.0/Aula.Tests.dll" adapterTypeName="executor://xunit/VsTestRunner2/netcoreapp" className="Aula.Tests.ReminderCommandHandlerTests" name="TryHandleReminderCommand_ListReminders_WithException_LogsErrorAndReturnsErrorMessage" />
    </UnitTest>
    <UnitTest name="Aula.Tests.SupabaseServiceTests.WeekLetterParameters_WithValidValues_AreInValidRange(childName: &quot;TestChild&quot;, weekNumber: 42, year: 2023)" storage="/mnt/d/git/aula/src/aula.tests/bin/debug/net9.0/aula.tests.dll" id="9c9b71dd-4d7d-520b-307c-b4e1d2176cf7">
      <Execution id="add94689-2100-4739-ade0-aa3064139a6d" />
      <TestMethod codeBase="/mnt/d/git/aula/src/Aula.Tests/bin/Debug/net9.0/Aula.Tests.dll" adapterTypeName="executor://xunit/VsTestRunner2/netcoreapp" className="Aula.Tests.SupabaseServiceTests" name="WeekLetterParameters_WithValidValues_AreInValidRange" />
    </UnitTest>
    <UnitTest name="Aula.Tests.AgentServiceTests.AskQuestionAboutWeekLetterAsync_WithContextKey_CallsOpenAiService" storage="/mnt/d/git/aula/src/aula.tests/bin/debug/net9.0/aula.tests.dll" id="ab6968f0-c312-fb08-a6c5-5cfd232d0cfa">
      <Execution id="a34fd01b-850b-472d-a7d6-57938129f7d4" />
      <TestMethod codeBase="/mnt/d/git/aula/src/Aula.Tests/bin/Debug/net9.0/Aula.Tests.dll" adapterTypeName="executor://xunit/VsTestRunner2/netcoreapp" className="Aula.Tests.AgentServiceTests" name="AskQuestionAboutWeekLetterAsync_WithContextKey_CallsOpenAiService" />
    </UnitTest>
    <UnitTest name="Aula.Tests.DataServiceTests.GetWeekSchedule_ReturnsNull_WhenNotInCache" storage="/mnt/d/git/aula/src/aula.tests/bin/debug/net9.0/aula.tests.dll" id="a0aec621-6262-1c7c-4d56-777a71f35264">
      <Execution id="9054e000-6ac8-4f5f-ad6f-ebb050fbaac7" />
      <TestMethod codeBase="/mnt/d/git/aula/src/Aula.Tests/bin/Debug/net9.0/Aula.Tests.dll" adapterTypeName="executor://xunit/VsTestRunner2/netcoreapp" className="Aula.Tests.DataServiceTests" name="GetWeekSchedule_ReturnsNull_WhenNotInCache" />
    </UnitTest>
  </TestDefinitions>
  <TestEntries>
    <TestEntry testId="adc3d804-48d6-99b1-dc8b-55ab91214755" executionId="2308457b-749f-4596-bbee-2f52e00f79ff" testListId="8c84fa94-04c1-424b-9868-57a2d4851a1d" />
    <TestEntry testId="494fa121-3990-4e60-5af3-08bb45b54b87" executionId="306df813-b257-48fe-932f-2f61d4150802" testListId="8c84fa94-04c1-424b-9868-57a2d4851a1d" />
    <TestEntry testId="b80c6691-8d48-baff-d58a-e63f878bd1fd" executionId="7313c1df-31db-4360-a3ee-dbddefe91c43" testListId="8c84fa94-04c1-424b-9868-57a2d4851a1d" />
    <TestEntry testId="a9778872-8c76-23f2-d6ec-77faa52be8ba" executionId="52ff151d-15a3-4377-8f7a-67d47ecb3088" testListId="8c84fa94-04c1-424b-9868-57a2d4851a1d" />
    <TestEntry testId="4d51480c-d07d-de05-54c5-495baa4aaf60" executionId="b4e997f8-b632-4b65-9eb6-87fb6ba2002f" testListId="8c84fa94-04c1-424b-9868-57a2d4851a1d" />
    <TestEntry testId="02576661-c6c2-8f00-d11c-ce062ab7ed3a" executionId="bf808ead-acc3-4c50-93ae-7b3680f495b4" testListId="8c84fa94-04c1-424b-9868-57a2d4851a1d" />
    <TestEntry testId="3a3f9d75-d026-e080-243f-2f7710a74526" executionId="f6a248e4-a5d9-4c00-9d7d-4b22557289c8" testListId="8c84fa94-04c1-424b-9868-57a2d4851a1d" />
    <TestEntry testId="4d609e33-df11-8107-b438-0bd30d6663b4" executionId="457ddac8-0be8-4bc7-b94e-56417bfea846" testListId="8c84fa94-04c1-424b-9868-57a2d4851a1d" />
    <TestEntry testId="71d82e72-b1fe-7ffa-289c-36b71468786f" executionId="325eb6a6-a085-4e64-8d06-2fbe88f0d5c5" testListId="8c84fa94-04c1-424b-9868-57a2d4851a1d" />
    <TestEntry testId="a79c395c-46b7-f17d-288a-eec8c3ef5e1e" executionId="5633a26f-c2d1-43dd-9369-257d841b2e65" testListId="8c84fa94-04c1-424b-9868-57a2d4851a1d" />
    <TestEntry testId="74e059e3-cac1-1df8-e272-1f5aef63ef7b" executionId="84e4f6c1-6760-49ab-9474-add1a1339f3e" testListId="8c84fa94-04c1-424b-9868-57a2d4851a1d" />
    <TestEntry testId="9ecaa183-9389-b67c-9b08-9ff782cf3e84" executionId="7f4225f8-78d1-4b45-a4f2-b294424b0cdc" testListId="8c84fa94-04c1-424b-9868-57a2d4851a1d" />
    <TestEntry testId="7a8c2d4e-a733-bb77-f3c3-40a3159a7011" executionId="b2ed416f-ee01-419d-81a2-f3c2ce743441" testListId="8c84fa94-04c1-424b-9868-57a2d4851a1d" />
    <TestEntry testId="c0b07dcc-8a2a-5ecf-ae92-32d9ad131741" executionId="0a8635e5-7fb5-4f43-bce1-353a5f9f4da0" testListId="8c84fa94-04c1-424b-9868-57a2d4851a1d" />
    <TestEntry testId="d784fe36-071d-1645-9cd0-e61f1470cd62" executionId="b5755831-9ed7-4c44-81e5-c0f876e64721" testListId="8c84fa94-04c1-424b-9868-57a2d4851a1d" />
    <TestEntry testId="e595555b-853d-855f-8677-d11613276401" executionId="d5045872-2100-4299-85d5-1c201038a4fb" testListId="8c84fa94-04c1-424b-9868-57a2d4851a1d" />
    <TestEntry testId="3ee2a68c-ea1f-6e98-6347-57ff85cbe3e0" executionId="79e1aa0f-a485-4506-b451-f3c3337aaf33" testListId="8c84fa94-04c1-424b-9868-57a2d4851a1d" />
    <TestEntry testId="73c8ec37-b030-c764-73d1-18bbe3a99d3b" executionId="cf9a5a22-df4a-4ae8-9fed-7aa2868c8c28" testListId="8c84fa94-04c1-424b-9868-57a2d4851a1d" />
    <TestEntry testId="525203ba-2e45-193a-ab6e-ed53631a76cf" executionId="b83fc27e-8f37-45da-bcbb-c3d3b8875269" testListId="8c84fa94-04c1-424b-9868-57a2d4851a1d" />
    <TestEntry testId="8eb60958-2ba0-2e8e-ec5e-6fbfe8222470" executionId="c9d34431-4737-40d3-9573-60c51e48d77a" testListId="8c84fa94-04c1-424b-9868-57a2d4851a1d" />
    <TestEntry testId="146f9b75-65d9-27c0-7771-28e1ec06fa16" executionId="531bcd6d-13d9-4759-8072-d561a44b802d" testListId="8c84fa94-04c1-424b-9868-57a2d4851a1d" />
    <TestEntry testId="11e32d18-555c-9b8f-35f9-8038c68a172e" executionId="c86ed8aa-c46d-4655-b333-eac57036b1a8" testListId="8c84fa94-04c1-424b-9868-57a2d4851a1d" />
    <TestEntry testId="3a9a03ac-c18b-9743-2beb-08ab9c66f8ac" executionId="d0dd441f-8fe4-42eb-9a32-6214244a43e6" testListId="8c84fa94-04c1-424b-9868-57a2d4851a1d" />
    <TestEntry testId="f7517819-f3a2-6d8d-afbc-d5f9f50d6f6c" executionId="18bb722d-51b8-4db4-8af3-28534c979555" testListId="8c84fa94-04c1-424b-9868-57a2d4851a1d" />
    <TestEntry testId="ebeeb361-255e-4049-7a3b-3cefdcdd4a45" executionId="83ae49e1-c4a7-45b9-a825-94de25de2cbd" testListId="8c84fa94-04c1-424b-9868-57a2d4851a1d" />
    <TestEntry testId="c7d959e5-f60a-27d5-9f6b-cd8ced0d9575" executionId="fc267df6-ca06-40a5-a311-4d6ed6147635" testListId="8c84fa94-04c1-424b-9868-57a2d4851a1d" />
    <TestEntry testId="5ecedbe6-5389-ac95-9a91-bbc0716ca222" executionId="f8b5bda6-dd27-41e6-9d8c-387c26c616e5" testListId="8c84fa94-04c1-424b-9868-57a2d4851a1d" />
    <TestEntry testId="01a6237b-a1c4-d7e7-eb41-3ae2f90107f5" executionId="4139eb64-d3de-4174-aa56-9c07e10ca2c1" testListId="8c84fa94-04c1-424b-9868-57a2d4851a1d" />
    <TestEntry testId="0401d7a7-9613-4f4d-5671-a495f8cf8baa" executionId="c0b4ddb0-769e-4fd4-9af8-fb63b4c911b1" testListId="8c84fa94-04c1-424b-9868-57a2d4851a1d" />
    <TestEntry testId="23a54595-0357-7388-9668-8a7f2a3efb27" executionId="d6b6853b-d506-4dc6-bff8-defb085478cd" testListId="8c84fa94-04c1-424b-9868-57a2d4851a1d" />
    <TestEntry testId="e4e7d1cd-51f0-602c-7693-e89a469818bd" executionId="6747e082-b4b8-4e97-9780-f223f5519255" testListId="8c84fa94-04c1-424b-9868-57a2d4851a1d" />
    <TestEntry testId="3fbe81b9-b4ee-f7db-01e0-1f82c4127dd8" executionId="1084694e-8df2-4679-9093-4d46321d8675" testListId="8c84fa94-04c1-424b-9868-57a2d4851a1d" />
    <TestEntry testId="64e4f3ab-67c9-4261-6d8e-3c556350f7bf" executionId="ba0cd945-7cbf-487d-82c9-cc1a25a9ab08" testListId="8c84fa94-04c1-424b-9868-57a2d4851a1d" />
    <TestEntry testId="55e7d5c1-1942-236a-67ab-d8b9860c2742" executionId="bad000e2-421e-4b5f-86b1-823a36290542" testListId="8c84fa94-04c1-424b-9868-57a2d4851a1d" />
    <TestEntry testId="74492250-611f-a50e-d3be-dc75a24cb5ee" executionId="1e1ce11e-7c41-4520-8cef-3ce58b59f81e" testListId="8c84fa94-04c1-424b-9868-57a2d4851a1d" />
    <TestEntry testId="610e1e11-bf64-18a4-e0b2-b0fd40664f94" executionId="571ca8d9-d5a1-4ab5-ab04-1803217ecc50" testListId="8c84fa94-04c1-424b-9868-57a2d4851a1d" />
    <TestEntry testId="3c880c0a-ad15-815a-3b2e-c8ecb946f77b" executionId="78298ca3-055f-4244-8814-93066e76f0bc" testListId="8c84fa94-04c1-424b-9868-57a2d4851a1d" />
    <TestEntry testId="2ffe251c-3ec7-4cd3-4ab9-0088ca738a4d" executionId="6a16729c-99e5-4f3f-9d4e-40c1d6ce9489" testListId="8c84fa94-04c1-424b-9868-57a2d4851a1d" />
    <TestEntry testId="6ef88a26-3433-973b-8003-dc85ef824f38" executionId="7ef815f0-ddf5-4835-8b2d-8544288e84d1" testListId="8c84fa94-04c1-424b-9868-57a2d4851a1d" />
    <TestEntry testId="b8508268-2889-9748-74e5-db70a438176b" executionId="37424965-4039-40cb-8d36-68de9e1009eb" testListId="8c84fa94-04c1-424b-9868-57a2d4851a1d" />
    <TestEntry testId="518603d4-aade-6d43-a1a3-9c9c0676c035" executionId="a2750c0c-b7d9-4276-9c89-95972713ab9e" testListId="8c84fa94-04c1-424b-9868-57a2d4851a1d" />
    <TestEntry testId="4e94c03f-8e60-9150-df64-2aa4ba1c61f4" executionId="0f616c92-7bcc-4ec6-8477-57f26f262b24" testListId="8c84fa94-04c1-424b-9868-57a2d4851a1d" />
    <TestEntry testId="53bb093c-6fb6-b6f7-2e6c-d0066eb2a8d3" executionId="617ccc03-3bdf-4821-ab0f-30a7bedf02f3" testListId="8c84fa94-04c1-424b-9868-57a2d4851a1d" />
    <TestEntry testId="6086987b-ac94-45b9-8780-119988272a4d" executionId="2dd96f94-a8dd-440c-b194-aea5eaf2c806" testListId="8c84fa94-04c1-424b-9868-57a2d4851a1d" />
    <TestEntry testId="142f7f1e-17b0-ab13-6188-3168556c9de4" executionId="699de1e0-a941-4b81-8966-136b26caab43" testListId="8c84fa94-04c1-424b-9868-57a2d4851a1d" />
    <TestEntry testId="219643f6-d33f-37e3-aaa1-e7138cea0b58" executionId="6a8b8fc1-7801-4d7e-be7b-1a5885665c43" testListId="8c84fa94-04c1-424b-9868-57a2d4851a1d" />
    <TestEntry testId="7926e009-60f7-10e3-6608-f4fc6af40fcc" executionId="61e332d2-529b-4c65-85c2-c9ab0327d4c4" testListId="8c84fa94-04c1-424b-9868-57a2d4851a1d" />
    <TestEntry testId="184d572b-1eab-db07-2882-b6cdb1e59007" executionId="c1fe9293-cffd-4502-853f-316deb9157ad" testListId="8c84fa94-04c1-424b-9868-57a2d4851a1d" />
    <TestEntry testId="d46f5b84-5e79-3443-a835-6fb4558c770d" executionId="6f01af44-14dd-4bb0-ad81-073c924f7eb4" testListId="8c84fa94-04c1-424b-9868-57a2d4851a1d" />
    <TestEntry testId="8eed6c75-98d1-9027-9bd8-899f05f0ffe7" executionId="3dd3b040-108e-4859-93af-caf69a0ba351" testListId="8c84fa94-04c1-424b-9868-57a2d4851a1d" />
    <TestEntry testId="b9fbad7a-d782-b1ac-c26d-6db5783c2941" executionId="9e9b35f6-cbc0-486f-b79d-7b8420aca32b" testListId="8c84fa94-04c1-424b-9868-57a2d4851a1d" />
    <TestEntry testId="99af2199-a1fa-ac39-9c83-61bfed91fee4" executionId="88d03b95-e672-4c08-9bba-c6b4e03a7e85" testListId="8c84fa94-04c1-424b-9868-57a2d4851a1d" />
    <TestEntry testId="17fbe14a-e885-4a98-964d-98ba1b469896" executionId="b1cf65e2-eae4-4c9c-8f7d-8efdc6bbe559" testListId="8c84fa94-04c1-424b-9868-57a2d4851a1d" />
    <TestEntry testId="97f06ad2-5054-381e-0597-69e5a5a2de02" executionId="43fbfb26-d251-484e-b96c-4dfcb2d65393" testListId="8c84fa94-04c1-424b-9868-57a2d4851a1d" />
    <TestEntry testId="2e34d1fd-ad52-45da-e667-2c02895a369a" executionId="31ac8027-3ac7-4bdd-82e2-cfa04e68f2cb" testListId="8c84fa94-04c1-424b-9868-57a2d4851a1d" />
    <TestEntry testId="d835c30d-6ed0-a5ea-3ebb-f3d8da6b03ee" executionId="0e7f3680-142c-425f-bc69-58b01971227a" testListId="8c84fa94-04c1-424b-9868-57a2d4851a1d" />
    <TestEntry testId="10a560a5-b0ed-365f-b302-8638c32c09e9" executionId="0853671b-c43c-45a9-b703-f3b2a02675c9" testListId="8c84fa94-04c1-424b-9868-57a2d4851a1d" />
    <TestEntry testId="1b636fa1-5134-cf00-9710-67d64d0d5432" executionId="4dc5c2d1-b15f-4572-aeb0-7507734a0982" testListId="8c84fa94-04c1-424b-9868-57a2d4851a1d" />
    <TestEntry testId="f03522fd-b192-83f1-01f0-fd28439d039a" executionId="d0b1d804-479c-415d-8dcf-7a996e7ef0ab" testListId="8c84fa94-04c1-424b-9868-57a2d4851a1d" />
    <TestEntry testId="3f51a738-0627-f615-33b5-f2f4d6461644" executionId="2edd25c8-f35e-41fc-8053-3611bb19cbe4" testListId="8c84fa94-04c1-424b-9868-57a2d4851a1d" />
    <TestEntry testId="12963fe2-f99e-7961-0e6d-ac7991b32582" executionId="0e9b2573-2465-4155-9051-539eb44ac2ae" testListId="8c84fa94-04c1-424b-9868-57a2d4851a1d" />
    <TestEntry testId="b867618e-01c0-33be-49c3-e7b99c460f6f" executionId="36aa4b3a-2ebd-488a-9cf8-c25e1a5ea3f8" testListId="8c84fa94-04c1-424b-9868-57a2d4851a1d" />
    <TestEntry testId="6ed8aadb-a9f5-cab1-8075-e5a978e1f95d" executionId="86a1a39d-0d94-468f-968f-2950ca8ae38e" testListId="8c84fa94-04c1-424b-9868-57a2d4851a1d" />
    <TestEntry testId="1d41e5bd-1ff0-9d13-6ac0-aa6e4603bc81" executionId="0a612ba7-2a83-4195-83e3-30017992046d" testListId="8c84fa94-04c1-424b-9868-57a2d4851a1d" />
    <TestEntry testId="9a3186fa-8a9f-bdf4-2246-6dd1ebfd2de6" executionId="24c4fd2e-95e9-4434-b514-ebb1199b31a6" testListId="8c84fa94-04c1-424b-9868-57a2d4851a1d" />
    <TestEntry testId="6c8436f1-99f2-8741-c6bd-d60e2590ab61" executionId="8d9a349e-010e-4490-9605-aa1bd9f108d0" testListId="8c84fa94-04c1-424b-9868-57a2d4851a1d" />
    <TestEntry testId="ad82e8f2-6369-caf4-0e22-ade0ad1e294e" executionId="95bec160-f1d0-4a10-a5ea-a21456d257e6" testListId="8c84fa94-04c1-424b-9868-57a2d4851a1d" />
    <TestEntry testId="408b5ea4-c27f-06f2-ddeb-ea2d0d692787" executionId="58a74ec0-e498-466c-9cc3-c3d21919c219" testListId="8c84fa94-04c1-424b-9868-57a2d4851a1d" />
    <TestEntry testId="26ae4368-0440-e07c-ce74-6fc7968351ba" executionId="d1c491c2-e1b2-4ef8-9077-19be51c15d5a" testListId="8c84fa94-04c1-424b-9868-57a2d4851a1d" />
    <TestEntry testId="f40d8238-3a0f-3983-a28d-c346410cad34" executionId="656ac901-8559-46f2-847f-53078f7948d9" testListId="8c84fa94-04c1-424b-9868-57a2d4851a1d" />
    <TestEntry testId="9b7b0243-9523-d396-f433-76033e35c2c2" executionId="aea6f768-7231-4ae0-818a-8528a612da74" testListId="8c84fa94-04c1-424b-9868-57a2d4851a1d" />
    <TestEntry testId="9fc0cf2c-4e26-2134-c7a9-7658041dbef7" executionId="c1db4c3e-d8fa-4bf1-b15d-578f5f72b0f1" testListId="8c84fa94-04c1-424b-9868-57a2d4851a1d" />
    <TestEntry testId="938a317b-aa01-ceab-2ffc-83628e95b3be" executionId="5ee764ef-ac95-4cf8-a105-64adb962c2bb" testListId="8c84fa94-04c1-424b-9868-57a2d4851a1d" />
    <TestEntry testId="5dbf4eb2-4739-ba56-f229-461a6c74098e" executionId="19bd8e0d-7fd8-4410-aa72-4f386fdbc5a0" testListId="8c84fa94-04c1-424b-9868-57a2d4851a1d" />
    <TestEntry testId="63288990-ee57-a5a0-a21e-5cf6b38242d6" executionId="c3050e12-ad3b-432c-ad75-7a275ea2b7c1" testListId="8c84fa94-04c1-424b-9868-57a2d4851a1d" />
    <TestEntry testId="5e00a3be-52a1-5fb6-8a1e-63e6f1da1f63" executionId="e93cc5be-f893-45e5-85cc-0223f48a4af8" testListId="8c84fa94-04c1-424b-9868-57a2d4851a1d" />
    <TestEntry testId="5a7690c3-a6d9-a65a-1725-2be1e721c1ec" executionId="0aa8da8a-dc5f-42e2-8016-a9ea89852fef" testListId="8c84fa94-04c1-424b-9868-57a2d4851a1d" />
    <TestEntry testId="b7cfc00b-51fd-6c69-f1fb-bda55a54e3bf" executionId="d045b831-e7e1-4d55-ba7e-4dccba63d6a0" testListId="8c84fa94-04c1-424b-9868-57a2d4851a1d" />
    <TestEntry testId="16a775e1-0a61-8a60-62e8-6d46a3c0c6ea" executionId="5d53bf95-d88a-4e90-8e7d-8a7ebc1713b4" testListId="8c84fa94-04c1-424b-9868-57a2d4851a1d" />
    <TestEntry testId="10cfca6f-c864-61be-d0c3-7c4c2c1cb441" executionId="a595565f-4395-466f-a868-f3c1a465d7b7" testListId="8c84fa94-04c1-424b-9868-57a2d4851a1d" />
    <TestEntry testId="6210dd9d-dca7-b5e7-12e5-95bce025fbf7" executionId="0a6035a9-144a-46b2-8e07-00fcb5e1c5e4" testListId="8c84fa94-04c1-424b-9868-57a2d4851a1d" />
    <TestEntry testId="c06d186f-88dd-0856-9a2a-917fef6f84d2" executionId="74654054-20d4-442b-9346-8be418658788" testListId="8c84fa94-04c1-424b-9868-57a2d4851a1d" />
    <TestEntry testId="ab6968f0-c312-fb08-a6c5-5cfd232d0cfa" executionId="a34fd01b-850b-472d-a7d6-57938129f7d4" testListId="8c84fa94-04c1-424b-9868-57a2d4851a1d" />
    <TestEntry testId="c12abf73-6b6c-136a-403c-9f0baa6f0245" executionId="63f41a73-5250-4c19-9f98-9f5b49593860" testListId="8c84fa94-04c1-424b-9868-57a2d4851a1d" />
    <TestEntry testId="90d4b0fb-1ec9-7d35-ce7c-410fb43345e8" executionId="f41aaf56-0cc9-4dc4-bd33-e93cefbe4fe5" testListId="8c84fa94-04c1-424b-9868-57a2d4851a1d" />
    <TestEntry testId="4b11a4eb-f9f8-4d35-32b2-8d0335387284" executionId="2f898688-49e3-475d-9bd8-fac9d8525b3e" testListId="8c84fa94-04c1-424b-9868-57a2d4851a1d" />
    <TestEntry testId="40da04fa-1032-74c9-ec34-90abe39e5238" executionId="5329ec22-5eff-4bc4-ba7c-e146cab3a029" testListId="8c84fa94-04c1-424b-9868-57a2d4851a1d" />
    <TestEntry testId="e85ce880-7444-1af6-f852-081812521be9" executionId="4d19e220-b01f-4338-8c2e-759fbed40167" testListId="8c84fa94-04c1-424b-9868-57a2d4851a1d" />
    <TestEntry testId="41f646b1-00ba-3b07-a7c0-9a13346690af" executionId="f31e285f-c8fe-4adf-acb0-8df6128c141d" testListId="8c84fa94-04c1-424b-9868-57a2d4851a1d" />
    <TestEntry testId="26cbb005-a86b-218f-a04c-94612f8aba4f" executionId="0420c9ca-ef1b-4133-a2f5-13cc35caa41d" testListId="8c84fa94-04c1-424b-9868-57a2d4851a1d" />
    <TestEntry testId="ff6db1a1-226f-7585-4cf9-1dafecaed657" executionId="01420aaa-4eb9-4f88-880c-bac5324d565a" testListId="8c84fa94-04c1-424b-9868-57a2d4851a1d" />
    <TestEntry testId="17fd1d45-da93-d3c8-66a0-3e861223c732" executionId="e706127b-54b0-4a19-bb83-96d9a2a3062f" testListId="8c84fa94-04c1-424b-9868-57a2d4851a1d" />
    <TestEntry testId="54a072f7-4386-8314-18b7-ae27f4d320dd" executionId="03e4ac71-c355-48bb-bfea-1c21d3d5b70a" testListId="8c84fa94-04c1-424b-9868-57a2d4851a1d" />
    <TestEntry testId="6c2ab467-d636-2051-2fec-5262bc960570" executionId="cac7dea1-06a2-4431-a6fd-e8c36bff70ea" testListId="8c84fa94-04c1-424b-9868-57a2d4851a1d" />
    <TestEntry testId="765a8901-e2cf-498e-fa79-98634875728f" executionId="0032b0bf-76ac-4cc9-ab26-b90c45bd74f5" testListId="8c84fa94-04c1-424b-9868-57a2d4851a1d" />
    <TestEntry testId="586249f8-4f0e-860e-0a9b-fbdd76dc0b42" executionId="1ae4492b-9f8d-494d-bec6-0cc176e643b6" testListId="8c84fa94-04c1-424b-9868-57a2d4851a1d" />
    <TestEntry testId="67a92a6a-27fa-a1c6-510d-1fb4c46c5d0e" executionId="52e9cd7a-870f-4225-b885-72611ce379dc" testListId="8c84fa94-04c1-424b-9868-57a2d4851a1d" />
    <TestEntry testId="b4b082ed-1d4f-eb47-7e00-be6e8b156309" executionId="997004e1-dcfd-44f9-bf65-5f5c7830f2f7" testListId="8c84fa94-04c1-424b-9868-57a2d4851a1d" />
    <TestEntry testId="942b21ed-5e95-17a8-5195-877ddeae341d" executionId="82bd6f39-01dc-48ea-a327-45fa38fe5751" testListId="8c84fa94-04c1-424b-9868-57a2d4851a1d" />
    <TestEntry testId="60a37e83-4e64-aa16-4919-f59a57e2c7d6" executionId="b887d024-0b5d-4029-a679-96ed854aa59c" testListId="8c84fa94-04c1-424b-9868-57a2d4851a1d" />
    <TestEntry testId="d2df758a-6e92-20d7-5321-9a2458ff79c7" executionId="3d2fc94a-b011-4c9e-9e2d-781e50f1b980" testListId="8c84fa94-04c1-424b-9868-57a2d4851a1d" />
    <TestEntry testId="e22e5398-ae5a-21a8-5d81-30f04feb1277" executionId="fd2859e9-e8a7-429f-a471-b9b4bf19c299" testListId="8c84fa94-04c1-424b-9868-57a2d4851a1d" />
    <TestEntry testId="51aa65b1-443e-5697-2362-17cf4a03e30a" executionId="924504fc-3053-495b-9920-584ce1ae4e46" testListId="8c84fa94-04c1-424b-9868-57a2d4851a1d" />
    <TestEntry testId="abaa89cb-39f9-f69b-6b9b-d73c0738d8ca" executionId="54941d36-8378-4412-a192-0097a4781335" testListId="8c84fa94-04c1-424b-9868-57a2d4851a1d" />
    <TestEntry testId="64afb5ae-2f84-d2b0-0cea-d1a725c44de1" executionId="65119509-6ab4-4336-96f7-1013a4ffce9b" testListId="8c84fa94-04c1-424b-9868-57a2d4851a1d" />
    <TestEntry testId="6f2849c0-59d4-529c-eff0-050f54d5630f" executionId="55f9e4e4-514f-476d-9b27-7e9cd2d4456f" testListId="8c84fa94-04c1-424b-9868-57a2d4851a1d" />
    <TestEntry testId="957c0c25-76cf-80ee-b5e3-32573ab49008" executionId="43fb6727-281d-432a-92dd-b7776901812e" testListId="8c84fa94-04c1-424b-9868-57a2d4851a1d" />
    <TestEntry testId="eeac3a00-2bce-03c2-005e-3c8cad0e2909" executionId="289e3b0a-c559-4eca-b93e-d8e8a74ee14e" testListId="8c84fa94-04c1-424b-9868-57a2d4851a1d" />
    <TestEntry testId="09d6ba47-0b30-fd63-8462-dfdec9186853" executionId="1d25746b-ad4c-4c1c-8d52-5e795de023da" testListId="8c84fa94-04c1-424b-9868-57a2d4851a1d" />
    <TestEntry testId="69727e49-b8f5-50a5-9fcb-9c9994f0f995" executionId="e90bc72f-cd93-4db2-8ca9-77bd1ce922bf" testListId="8c84fa94-04c1-424b-9868-57a2d4851a1d" />
    <TestEntry testId="00218719-2ce3-7ba3-dfee-59929e732c27" executionId="4d9398c1-84fd-4fb3-9236-bc6ef726e76f" testListId="8c84fa94-04c1-424b-9868-57a2d4851a1d" />
    <TestEntry testId="9c9b71dd-4d7d-520b-307c-b4e1d2176cf7" executionId="add94689-2100-4739-ade0-aa3064139a6d" testListId="8c84fa94-04c1-424b-9868-57a2d4851a1d" />
    <TestEntry testId="d63e7278-b66e-2034-c34f-0f996736ec0f" executionId="c9af9cd1-e06c-4776-84ea-53f73d975aa4" testListId="8c84fa94-04c1-424b-9868-57a2d4851a1d" />
    <TestEntry testId="0ed7ab3d-b8e8-a9e8-e656-7a53f3a4e834" executionId="09c71523-02ec-4b44-ac98-51edb8b87ac9" testListId="8c84fa94-04c1-424b-9868-57a2d4851a1d" />
    <TestEntry testId="e2aeac7b-cd40-6cc4-b911-b570d5f5d3a1" executionId="67f78d68-234c-47f7-ba73-8d4852edefa1" testListId="8c84fa94-04c1-424b-9868-57a2d4851a1d" />
    <TestEntry testId="11387216-9353-1236-6f70-1f327e3d4488" executionId="0d00279f-dc31-4b09-b44c-95c12557b3d2" testListId="8c84fa94-04c1-424b-9868-57a2d4851a1d" />
    <TestEntry testId="37cb11a9-112c-29b4-1f6e-1174dee06011" executionId="e8f36a19-89be-4ed9-8cb7-0cdb3914100e" testListId="8c84fa94-04c1-424b-9868-57a2d4851a1d" />
    <TestEntry testId="7e5fa51a-9f66-d389-1e81-dca47416e573" executionId="738ff705-37d9-4e16-aac8-66aba65f3861" testListId="8c84fa94-04c1-424b-9868-57a2d4851a1d" />
    <TestEntry testId="2c5225d3-b3a0-cf28-3c30-ab718f3971db" executionId="d2b9baa7-96c0-49c2-94e8-cfda511c917c" testListId="8c84fa94-04c1-424b-9868-57a2d4851a1d" />
    <TestEntry testId="6dc1a149-cb06-de35-5fc9-568447f23244" executionId="b04c9502-fe34-4fcc-8752-48f8768fc0f4" testListId="8c84fa94-04c1-424b-9868-57a2d4851a1d" />
    <TestEntry testId="c5cb529d-1b33-f127-65fe-001a88426434" executionId="b5470384-cc21-4525-992c-cc588ce609c8" testListId="8c84fa94-04c1-424b-9868-57a2d4851a1d" />
    <TestEntry testId="ae4a9476-bbeb-36c8-50c8-faa57e806826" executionId="50b1fb6b-66ae-4c0d-b857-856e1fa21f05" testListId="8c84fa94-04c1-424b-9868-57a2d4851a1d" />
    <TestEntry testId="0dd17563-063f-ed46-f732-7a7f9fd5c97d" executionId="dcbfc6b3-7432-4f1e-a9df-1a7d3cd52d34" testListId="8c84fa94-04c1-424b-9868-57a2d4851a1d" />
    <TestEntry testId="1240d963-4048-724a-07eb-e6234565a31f" executionId="3172a8b1-7808-48e6-b5b1-038841e1f1ac" testListId="8c84fa94-04c1-424b-9868-57a2d4851a1d" />
    <TestEntry testId="9e9c0d3b-0291-6e8b-60da-193ed79d768e" executionId="a62b2417-b0de-47ea-8572-8e2a8e409624" testListId="8c84fa94-04c1-424b-9868-57a2d4851a1d" />
    <TestEntry testId="a0aec621-6262-1c7c-4d56-777a71f35264" executionId="9054e000-6ac8-4f5f-ad6f-ebb050fbaac7" testListId="8c84fa94-04c1-424b-9868-57a2d4851a1d" />
    <TestEntry testId="43796deb-08f7-d80b-b20f-d8ab0d74e3d2" executionId="c0f3867e-d62d-4aef-a7db-e737c2fb4cfb" testListId="8c84fa94-04c1-424b-9868-57a2d4851a1d" />
    <TestEntry testId="74f572e8-81b4-21f1-88fc-50374ea6849b" executionId="1d440461-353d-4c9c-8a6c-17fdb3d4bd24" testListId="8c84fa94-04c1-424b-9868-57a2d4851a1d" />
    <TestEntry testId="6a62d650-fe1d-5f26-308e-8cefa7e3b02e" executionId="98e12c9d-c17a-47ca-9d08-17a1f7ec158d" testListId="8c84fa94-04c1-424b-9868-57a2d4851a1d" />
    <TestEntry testId="9862d09f-c3eb-023d-4a95-8928806e0371" executionId="6576f21a-1254-46c1-b543-e0fd16d3ca64" testListId="8c84fa94-04c1-424b-9868-57a2d4851a1d" />
    <TestEntry testId="624de27a-03d8-98ab-f34d-a66a3eeda68b" executionId="f23dfb2f-caca-40f2-a827-dea0c03af096" testListId="8c84fa94-04c1-424b-9868-57a2d4851a1d" />
    <TestEntry testId="dbfd19d1-7bd8-98dc-78f3-146d5d04280d" executionId="ba5c8893-3d7c-4e1b-a752-71c0875241e7" testListId="8c84fa94-04c1-424b-9868-57a2d4851a1d" />
    <TestEntry testId="a35a6d59-1322-0daa-c1a8-4b2dcce9308a" executionId="96431748-2c15-430d-ad76-af58417a6bd1" testListId="8c84fa94-04c1-424b-9868-57a2d4851a1d" />
    <TestEntry testId="93769d39-d67b-db65-02fb-ed3966dd3d05" executionId="cf698019-a79e-4850-bb68-89198a8da399" testListId="8c84fa94-04c1-424b-9868-57a2d4851a1d" />
    <TestEntry testId="e726d9f0-fcb4-395d-b842-8ee85c5df38a" executionId="837a7dc1-7cfb-4a68-a4b3-e33fecf04600" testListId="8c84fa94-04c1-424b-9868-57a2d4851a1d" />
    <TestEntry testId="4d980d02-3455-94f4-5dc1-d9e428166ef8" executionId="9c683a29-53a7-46d9-968c-58e059bbb755" testListId="8c84fa94-04c1-424b-9868-57a2d4851a1d" />
    <TestEntry testId="fd64547e-5308-ea2e-7202-731120fc28dc" executionId="2ee4cfd0-f0b3-48ab-8056-feca90db8ad5" testListId="8c84fa94-04c1-424b-9868-57a2d4851a1d" />
    <TestEntry testId="7fcc67f3-326a-bb2f-e890-a3f7f107c255" executionId="85583aed-9658-4d5e-8e81-f5a542744661" testListId="8c84fa94-04c1-424b-9868-57a2d4851a1d" />
    <TestEntry testId="b137971f-18dc-5b4d-0427-9be26cd9d00d" executionId="0aaabb4e-0dee-4b0b-840e-901d83c9cbb8" testListId="8c84fa94-04c1-424b-9868-57a2d4851a1d" />
    <TestEntry testId="87d02a4b-d70d-c476-8dfe-e0652123fdda" executionId="40176877-1163-451f-b094-cfb860607ff2" testListId="8c84fa94-04c1-424b-9868-57a2d4851a1d" />
    <TestEntry testId="f24d6e30-21bb-1e30-8b8c-e707fc0e6f62" executionId="2fb846fd-3986-49d9-8d37-3376aa0dbea0" testListId="8c84fa94-04c1-424b-9868-57a2d4851a1d" />
    <TestEntry testId="8da1a6dd-b1a8-26c5-9c21-a9c9e125ca11" executionId="86f1a4ac-e54b-4385-8761-c16cb2e44315" testListId="8c84fa94-04c1-424b-9868-57a2d4851a1d" />
    <TestEntry testId="65136f73-52cb-01c4-7550-0989b0568e6d" executionId="44fb3fa1-54bb-4e3c-89d2-735200f36d1f" testListId="8c84fa94-04c1-424b-9868-57a2d4851a1d" />
    <TestEntry testId="3dce9625-e41a-4610-8ef9-75ada012faf5" executionId="583b3662-52fb-4218-bc5d-c71d4ea05564" testListId="8c84fa94-04c1-424b-9868-57a2d4851a1d" />
    <TestEntry testId="d2ef52ed-d111-d129-48e3-3d827d906a7a" executionId="ff8783d7-a8c3-4446-bb69-a048aefa917e" testListId="8c84fa94-04c1-424b-9868-57a2d4851a1d" />
    <TestEntry testId="8e2e1ca5-edd8-4417-aafb-514c33f6ab1d" executionId="8e201f1e-2109-4bde-8eed-252e4baebe85" testListId="8c84fa94-04c1-424b-9868-57a2d4851a1d" />
    <TestEntry testId="ad116389-6275-7f79-507c-63f583df733b" executionId="a5b3120f-6d3e-4daf-afd6-506b207a4c56" testListId="8c84fa94-04c1-424b-9868-57a2d4851a1d" />
    <TestEntry testId="a5b19ae5-8ac7-3134-19bf-f47bfeb954a5" executionId="1b28db64-0745-481f-9913-1dec332c1de5" testListId="8c84fa94-04c1-424b-9868-57a2d4851a1d" />
    <TestEntry testId="d48f0050-ba6a-4458-2606-65b33e674626" executionId="4a387e4e-4f4c-44d5-a5f8-9f3cc7f88af4" testListId="8c84fa94-04c1-424b-9868-57a2d4851a1d" />
    <TestEntry testId="aba925b8-1c49-822f-9926-ea2d7ce91a32" executionId="f2477756-5945-4f57-aa9d-c7e77c8fb677" testListId="8c84fa94-04c1-424b-9868-57a2d4851a1d" />
    <TestEntry testId="7d5870ac-5206-addb-8990-744bdf39b1db" executionId="f9099eee-7d87-4029-9308-da748ac64de8" testListId="8c84fa94-04c1-424b-9868-57a2d4851a1d" />
    <TestEntry testId="cf02452a-bb08-57e3-6e3d-9a2b33a6786d" executionId="d040e200-456d-4535-8925-905074241ca0" testListId="8c84fa94-04c1-424b-9868-57a2d4851a1d" />
    <TestEntry testId="5e6989fd-b17e-5a0a-743a-e8e2077b36a9" executionId="dd374406-400d-40be-b8f4-6517193eb79f" testListId="8c84fa94-04c1-424b-9868-57a2d4851a1d" />
    <TestEntry testId="bcffcaa0-fe11-4236-3a4f-1ebcf037698f" executionId="493046ba-9053-4b49-9bb4-92d72a171ced" testListId="8c84fa94-04c1-424b-9868-57a2d4851a1d" />
    <TestEntry testId="a30722fe-5fc3-75f9-8b36-954e4b7edded" executionId="209adc7a-73a6-4f67-b41e-a62c4bc59964" testListId="8c84fa94-04c1-424b-9868-57a2d4851a1d" />
    <TestEntry testId="5ffcae99-6a0b-43fd-fa72-fb4ae62d545a" executionId="0c4869be-35e2-4bcb-9ce2-cd40491991a6" testListId="8c84fa94-04c1-424b-9868-57a2d4851a1d" />
    <TestEntry testId="ad89f264-d4c4-f617-aafc-0f2f439e7522" executionId="98cec957-9ad9-4a10-a72d-9ed198a5cffb" testListId="8c84fa94-04c1-424b-9868-57a2d4851a1d" />
    <TestEntry testId="297f17dd-58d9-5d2c-3145-cce1b04389b2" executionId="4e99f932-74a2-4146-8be8-e55378cd7e62" testListId="8c84fa94-04c1-424b-9868-57a2d4851a1d" />
    <TestEntry testId="b62ad4f9-1cee-e857-edf6-c6b178899d19" executionId="7200ee27-c4cc-4566-9dab-1ad2cd24c7a3" testListId="8c84fa94-04c1-424b-9868-57a2d4851a1d" />
    <TestEntry testId="873210b2-7289-77b6-563e-8f737f6cdacd" executionId="aee06125-4233-4d7e-ada5-3302052af673" testListId="8c84fa94-04c1-424b-9868-57a2d4851a1d" />
    <TestEntry testId="02e0bfc0-9c86-c234-d785-e1c47d9057f5" executionId="49ea7519-4f50-4c1d-9bf0-19906e16c834" testListId="8c84fa94-04c1-424b-9868-57a2d4851a1d" />
    <TestEntry testId="31b689c6-9948-f762-463c-b682b5f42711" executionId="533cfb3c-beb9-4490-bb58-a8dc260a3278" testListId="8c84fa94-04c1-424b-9868-57a2d4851a1d" />
    <TestEntry testId="cb96c16f-9f35-29b1-339a-54f41392a6bc" executionId="3d004532-b4d3-4bbc-a506-7e17cc9d6bd7" testListId="8c84fa94-04c1-424b-9868-57a2d4851a1d" />
    <TestEntry testId="d0a004d6-1a54-f1b3-e169-5676ab6be8b1" executionId="3bcc7e92-0889-498d-9358-79d4fe2dd4e1" testListId="8c84fa94-04c1-424b-9868-57a2d4851a1d" />
    <TestEntry testId="7bc06c5f-6078-c22e-3965-8967824b961b" executionId="78f01334-bdbc-48eb-9a5b-68aa6b08ed03" testListId="8c84fa94-04c1-424b-9868-57a2d4851a1d" />
    <TestEntry testId="77620d16-c66c-b554-9874-7a6078d516d3" executionId="59da5d71-6302-42e0-b5b3-d04d3b205e62" testListId="8c84fa94-04c1-424b-9868-57a2d4851a1d" />
    <TestEntry testId="aad7565e-d907-77cd-04ed-688cfaeab063" executionId="06a0328f-5758-4867-950e-44f8e4616fec" testListId="8c84fa94-04c1-424b-9868-57a2d4851a1d" />
    <TestEntry testId="9f407ac9-afd7-1a09-5d92-a0c0efadfac0" executionId="942a41b5-e11a-4581-85bc-10dde482b76c" testListId="8c84fa94-04c1-424b-9868-57a2d4851a1d" />
    <TestEntry testId="95cab534-7798-4d17-c33d-132f4e35d80a" executionId="98c3cdde-e276-4136-8200-68a40a69208c" testListId="8c84fa94-04c1-424b-9868-57a2d4851a1d" />
    <TestEntry testId="f7a37c97-117c-3749-dcc9-98d91c408b45" executionId="7bb746c2-2808-4ccd-a27c-478199062838" testListId="8c84fa94-04c1-424b-9868-57a2d4851a1d" />
    <TestEntry testId="be73dc95-5c1b-e6c6-25e2-af26ee336076" executionId="2b6c8ac5-a6b1-4a01-890b-901a8e0cc9f6" testListId="8c84fa94-04c1-424b-9868-57a2d4851a1d" />
  </TestEntries>
  <TestLists>
    <TestList name="Results Not in a List" id="8c84fa94-04c1-424b-9868-57a2d4851a1d" />
    <TestList name="All Loaded Results" id="19431567-8539-422a-85d7-44ee4e166bda" />
  </TestLists>
  <ResultSummary outcome="Completed">
    <Counters total="171" executed="171" passed="171" failed="0" error="0" timeout="0" aborted="0" inconclusive="0" passedButRunAborted="0" notRunnable="0" notExecuted="0" disconnected="0" warning="0" completed="0" inProgress="0" pending="0" />
    <Output>
      <StdOut>[xUnit.net 00:00:00.00] xUnit.net VSTest Adapter v2.8.2+699d445a1a (64-bit .NET 9.0.6)
[xUnit.net 00:00:00.18]   Discovering: Aula.Tests
[xUnit.net 00:00:00.28]   Discovered:  Aula.Tests
[xUnit.net 00:00:00.29]   Starting:    Aula.Tests
[xUnit.net 00:00:00.76]   Finished:    Aula.Tests
</StdOut>
    </Output>
    <CollectorDataEntries>
      <Collector agentName="RHO-DESKTOP" uri="datacollector://microsoft/CoverletCodeCoverage/1.0" collectorDisplayName="XPlat code coverage">
        <UriAttachments>
          <UriAttachment>
            <A href="RHO-DESKTOP/coverage.cobertura.xml"></A>
          </UriAttachment>
        </UriAttachments>
      </Collector>
    </CollectorDataEntries>
  </ResultSummary>
</TestRun>