<?xml version="1.0" encoding="utf-8"?>
<TestRun id="2f7b9fa8-c4e0-43ed-8074-d79293365f26" name="@RHO-DESKTOP 2025-06-30 19:20:50" xmlns="http://microsoft.com/schemas/VisualStudio/TeamTest/2010">
  <Times creation="2025-06-30T19:20:50.9036102+02:00" queuing="2025-06-30T19:20:50.9036103+02:00" start="2025-06-30T19:20:43.7209879+02:00" finish="2025-06-30T19:20:56.4037433+02:00" />
  <TestSettings name="default" id="14b9dfdb-1201-4f6a-93d6-55171ef9724f">
    <Deployment runDeploymentRoot="_RHO-DESKTOP_2025-06-30_19_20_50" />
  </TestSettings>
  <Results>
    <UnitTestResult executionId="3c0568a7-a9c7-4463-921b-b762bc6a6ccc" testId="feee90d8-1656-5d1e-73f9-5a26fcecfdaf" testName="Aula.Tests.Bots.SlackMessageHandlerTests.Constructor_WithNullLogger_ThrowsArgumentNullException" computerName="RHO-DESKTOP" duration="00:00:00.0003858" startTime="2025-06-30T19:20:55.4313714+02:00" endTime="2025-06-30T19:20:55.4313715+02:00" testType="13cdc9d9-ddb5-4fa4-a97d-d965ccfc6d4b" outcome="Passed" testListId="8c84fa94-04c1-424b-9868-57a2d4851a1d" relativeResultsDirectory="3c0568a7-a9c7-4463-921b-b762bc6a6ccc" />
    <UnitTestResult executionId="bde1e381-d79c-493a-bef1-74f09cd22efa" testId="62b0fe72-30f1-2af2-c068-90091bfb1d44" testName="Aula.Tests.Utilities.JsonFormatterTests.Prettify_WithStringValue_ReturnsFormattedString" computerName="RHO-DESKTOP" duration="00:00:00.0003591" startTime="2025-06-30T19:20:51.4739413+02:00" endTime="2025-06-30T19:20:51.4739414+02:00" testType="13cdc9d9-ddb5-4fa4-a97d-d965ccfc6d4b" outcome="Passed" testListId="8c84fa94-04c1-424b-9868-57a2d4851a1d" relativeResultsDirectory="bde1e381-d79c-493a-bef1-74f09cd22efa" />
    <UnitTestResult executionId="ddc5dab7-1691-4c59-997c-f1e9529fb3ec" testId="23a6aef7-0888-96c3-b39d-0a5a36447e0d" testName="Aula.Tests.Tools.ReminderCommandHandlerTests.TryHandleReminderCommand_ChildNameExtraction_WorksCorrectly" computerName="RHO-DESKTOP" duration="00:00:00.0378424" startTime="2025-06-30T19:20:51.5843029+02:00" endTime="2025-06-30T19:20:51.5843030+02:00" testType="13cdc9d9-ddb5-4fa4-a97d-d965ccfc6d4b" outcome="Passed" testListId="8c84fa94-04c1-424b-9868-57a2d4851a1d" relativeResultsDirectory="ddc5dab7-1691-4c59-997c-f1e9529fb3ec" />
    <UnitTestResult executionId="a3e37442-8ba0-4c45-9d35-e103161b7351" testId="e864bc3b-2488-4a94-3944-8157a5bb958a" testName="Aula.Tests.Utilities.JsonFormatterTests.Prettify_WithIncompleteJson_ThrowsException(incompleteJson: &quot;{&quot;)" computerName="RHO-DESKTOP" duration="00:00:00.0001310" startTime="2025-06-30T19:20:51.4966679+02:00" endTime="2025-06-30T19:20:51.4966681+02:00" testType="13cdc9d9-ddb5-4fa4-a97d-d965ccfc6d4b" outcome="Passed" testListId="8c84fa94-04c1-424b-9868-57a2d4851a1d" relativeResultsDirectory="a3e37442-8ba0-4c45-9d35-e103161b7351" />
    <UnitTestResult executionId="38af310f-cf41-4b17-a85e-fd5d323bc328" testId="a91693fe-7a60-fb25-8c1a-3c9d5103f720" testName="Aula.Tests.Bots.TelegramMessageHandlerTests.HandleMessageAsync_WithNullText_ReturnsEarly" computerName="RHO-DESKTOP" duration="00:00:00.0069561" startTime="2025-06-30T19:20:51.3309211+02:00" endTime="2025-06-30T19:20:51.3309213+02:00" testType="13cdc9d9-ddb5-4fa4-a97d-d965ccfc6d4b" outcome="Failed" testListId="8c84fa94-04c1-424b-9868-57a2d4851a1d" relativeResultsDirectory="38af310f-cf41-4b17-a85e-fd5d323bc328">
      <Output>
        <ErrorInfo>
          <Message>System.NotSupportedException : Unsupported expression: u =&gt; u.Id&#xD;
Non-overridable members (here: User.get_Id) may not be used in setup / verification expressions.</Message>
          <StackTrace>   at Moq.Guard.IsOverridable(MethodInfo method, Expression expression) in /_/src/Moq/Guard.cs:line 99
   at Moq.MethodExpectation..ctor(LambdaExpression expression, MethodInfo method, IReadOnlyList`1 arguments, Boolean exactGenericTypeArguments, Boolean skipMatcherInitialization, Boolean allowNonOverridable) in /_/src/Moq/MethodExpectation.cs:line 87
   at Moq.ExpressionExtensions.&lt;Split&gt;g__Split|5_0(Expression e, Expression&amp; r, MethodExpectation&amp; p, Boolean assignment, Boolean allowNonOverridableLastProperty) in /_/src/Moq/ExpressionExtensions.cs:line 326
   at Moq.ExpressionExtensions.Split(LambdaExpression expression, Boolean allowNonOverridableLastProperty) in /_/src/Moq/ExpressionExtensions.cs:line 149
   at Moq.Mock.SetupRecursive[TSetup](Mock mock, LambdaExpression expression, Func`4 setupLast, Boolean allowNonOverridableLastProperty) in /_/src/Moq/Mock.cs:line 645
   at Moq.Mock.Setup(Mock mock, LambdaExpression expression, Condition condition) in /_/src/Moq/Mock.cs:line 500
   at Moq.Mock.SetupGet(Mock mock, LambdaExpression expression, Condition condition) in /_/src/Moq/Mock.cs:line 518
   at Moq.Mock`1.SetupGet[TProperty](Expression`1 expression) in /_/src/Moq/Mock`1.cs:line 473
   at Aula.Tests.Bots.TelegramTestMessageFactory.CreateTextMessage(Int64 chatId, String text, ChatType chatType, Int32 messageId, String firstName, String username) in /mnt/d/git/aula/src/Aula.Tests/Bots/TelegramTestMessageFactory.cs:line 18
   at Aula.Tests.Bots.TelegramMessageHandlerTests.HandleMessageAsync_WithNullText_ReturnsEarly() in /mnt/d/git/aula/src/Aula.Tests/Bots/TelegramMessageHandlerTests.cs:line 250
--- End of stack trace from previous location ---</StackTrace>
        </ErrorInfo>
      </Output>
    </UnitTestResult>
    <UnitTestResult executionId="da237928-eb5e-40af-bcc3-4d5a94615455" testId="ab8c7a74-84b9-4ead-0c18-89aab1a19e51" testName="Aula.Tests.Utilities.Html2SlackMarkdownConverterTests.Convert_WithPartialTags_HandlesGracefully(html: &quot;&lt;/p&gt;&quot;)" computerName="RHO-DESKTOP" duration="00:00:00.0069728" startTime="2025-06-30T19:20:51.6605600+02:00" endTime="2025-06-30T19:20:51.6605602+02:00" testType="13cdc9d9-ddb5-4fa4-a97d-d965ccfc6d4b" outcome="Passed" testListId="8c84fa94-04c1-424b-9868-57a2d4851a1d" relativeResultsDirectory="da237928-eb5e-40af-bcc3-4d5a94615455" />
    <UnitTestResult executionId="2be5fb5c-09d5-4bdf-9614-290072f97380" testId="cb065b5b-0d40-3607-dd81-a79e7d3ed14a" testName="Aula.Tests.Configuration.ConfigurationTests.Config_WithEmptyConfiguration_UsesDefaults" computerName="RHO-DESKTOP" duration="00:00:00.0080634" startTime="2025-06-30T19:20:51.9445546+02:00" endTime="2025-06-30T19:20:51.9445547+02:00" testType="13cdc9d9-ddb5-4fa4-a97d-d965ccfc6d4b" outcome="Passed" testListId="8c84fa94-04c1-424b-9868-57a2d4851a1d" relativeResultsDirectory="2be5fb5c-09d5-4bdf-9614-290072f97380" />
    <UnitTestResult executionId="c83ee7c7-5509-4582-9d48-59d6f9d5fd18" testId="b4f6ecd8-21d2-e463-3b8f-e414fa0d53d7" testName="Aula.Tests.Tools.AiToolsManagerTests.ListRemindersAsync_WithNoReminders_ReturnsEmptyMessage" computerName="RHO-DESKTOP" duration="00:00:00.0014708" startTime="2025-06-30T19:20:51.4830276+02:00" endTime="2025-06-30T19:20:51.4830278+02:00" testType="13cdc9d9-ddb5-4fa4-a97d-d965ccfc6d4b" outcome="Passed" testListId="8c84fa94-04c1-424b-9868-57a2d4851a1d" relativeResultsDirectory="c83ee7c7-5509-4582-9d48-59d6f9d5fd18" />
    <UnitTestResult executionId="5a30ea12-30a7-4bad-8e6b-06f3e2c6d8c3" testId="0c4f7782-5c4d-f42e-03cc-a2dae624ac6e" testName="Aula.Tests.Configuration.ConfigurationTests.Timers_SchedulingInterval_ValidationTests(intervalSeconds: 5, isValid: True)" computerName="RHO-DESKTOP" duration="00:00:00.0055474" startTime="2025-06-30T19:20:51.7300707+02:00" endTime="2025-06-30T19:20:51.7300709+02:00" testType="13cdc9d9-ddb5-4fa4-a97d-d965ccfc6d4b" outcome="Passed" testListId="8c84fa94-04c1-424b-9868-57a2d4851a1d" relativeResultsDirectory="5a30ea12-30a7-4bad-8e6b-06f3e2c6d8c3" />
    <UnitTestResult executionId="d2d8301e-be50-4c57-b62b-2ff1ed64fa14" testId="5042f569-80ad-a5a6-d51b-90b46bce87a9" testName="Aula.Tests.Services.OpenAiServiceIntegrationTests.ExtractKeyInformationAsync_WithNullWeekLetter_ThrowsArgumentNullException(chatInterface: Telegram)" computerName="RHO-DESKTOP" duration="00:00:00.0019756" startTime="2025-06-30T19:20:51.0486640+02:00" endTime="2025-06-30T19:20:51.0486642+02:00" testType="13cdc9d9-ddb5-4fa4-a97d-d965ccfc6d4b" outcome="Failed" testListId="8c84fa94-04c1-424b-9868-57a2d4851a1d" relativeResultsDirectory="d2d8301e-be50-4c57-b62b-2ff1ed64fa14">
      <Output>
        <ErrorInfo>
          <Message>System.ArgumentException : Can not instantiate proxy of class: Aula.Tools.AiToolsManager.
Could not find a parameterless constructor. (Parameter 'constructorArguments')
---- System.MissingMethodException : Constructor on type 'Castle.Proxies.AiToolsManagerProxy' not found.</Message>
          <StackTrace>   at Castle.DynamicProxy.ProxyGenerator.CreateClassProxyInstance(Type proxyType, List`1 proxyArguments, Type classToProxy, Object[] constructorArguments)
   at Castle.DynamicProxy.ProxyGenerator.CreateClassProxy(Type classToProxy, Type[] additionalInterfacesToProxy, ProxyGenerationOptions options, Object[] constructorArguments, IInterceptor[] interceptors)
   at Moq.CastleProxyFactory.CreateProxy(Type mockType, IInterceptor interceptor, Type[] interfaces, Object[] arguments) in /_/src/Moq/Interception/CastleProxyFactory.cs:line 62
   at Moq.Mock`1.InitializeInstance() in /_/src/Moq/Mock`1.cs:line 309
   at Moq.Mock`1.OnGetObject() in /_/src/Moq/Mock`1.cs:line 323
   at Moq.Mock.get_Object() in /_/src/Moq/Mock.cs:line 181
   at Moq.Mock`1.get_Object() in /_/src/Moq/Mock`1.cs:line 281
   at Aula.Tests.Services.OpenAiServiceIntegrationTests.ExtractKeyInformationAsync_WithNullWeekLetter_ThrowsArgumentNullException(ChatInterface chatInterface) in /mnt/d/git/aula/src/Aula.Tests/Services/OpenAiServiceIntegrationTests.cs:line 141
--- End of stack trace from previous location ---
----- Inner Stack Trace -----
   at System.RuntimeType.CreateInstanceImpl(BindingFlags bindingAttr, Binder binder, Object[] args, CultureInfo culture)
   at Castle.DynamicProxy.ProxyGenerator.CreateClassProxyInstance(Type proxyType, List`1 proxyArguments, Type classToProxy, Object[] constructorArguments)</StackTrace>
        </ErrorInfo>
      </Output>
    </UnitTestResult>
    <UnitTestResult executionId="ee65997d-fddf-4e2a-86ed-5541a473f3aa" testId="a4d29aee-2a2f-7b9e-08b4-102ef4fe6813" testName="Aula.Tests.Bots.TelegramMessageHandlerTests.Constructor_WithNullConfig_ThrowsArgumentNullException" computerName="RHO-DESKTOP" duration="00:00:00.0016889" startTime="2025-06-30T19:20:51.3808816+02:00" endTime="2025-06-30T19:20:51.3808817+02:00" testType="13cdc9d9-ddb5-4fa4-a97d-d965ccfc6d4b" outcome="Passed" testListId="8c84fa94-04c1-424b-9868-57a2d4851a1d" relativeResultsDirectory="ee65997d-fddf-4e2a-86ed-5541a473f3aa" />
    <UnitTestResult executionId="818b7fb8-8a09-4fcd-a4b9-b76d221480c1" testId="9737c38f-ad68-db59-78e8-3f7908babdcf" testName="Aula.Tests.Bots.SlackMessageHandlerTests.Constructor_WithNullReminderHandler_ThrowsArgumentNullException" computerName="RHO-DESKTOP" duration="00:00:00.0004201" startTime="2025-06-30T19:20:55.1992056+02:00" endTime="2025-06-30T19:20:55.1992057+02:00" testType="13cdc9d9-ddb5-4fa4-a97d-d965ccfc6d4b" outcome="Passed" testListId="8c84fa94-04c1-424b-9868-57a2d4851a1d" relativeResultsDirectory="818b7fb8-8a09-4fcd-a4b9-b76d221480c1" />
    <UnitTestResult executionId="33d0a100-c3e6-4b76-a566-1a967dc6302e" testId="3c407d09-bd83-3cf2-cf6c-c0dc480601dc" testName="Aula.Tests.Utilities.DateTimeUtilitiesTests.GetDanishDayName_ValidDayOfWeek_ReturnsLowercaseName(dayOfWeek: Wednesday, expectedName: &quot;onsdag&quot;)" computerName="RHO-DESKTOP" duration="00:00:00.0000111" startTime="2025-06-30T19:20:51.3388809+02:00" endTime="2025-06-30T19:20:51.3388810+02:00" testType="13cdc9d9-ddb5-4fa4-a97d-d965ccfc6d4b" outcome="Passed" testListId="8c84fa94-04c1-424b-9868-57a2d4851a1d" relativeResultsDirectory="33d0a100-c3e6-4b76-a566-1a967dc6302e" />
    <UnitTestResult executionId="6bc263e2-244d-4a32-8cf7-605f9b4d6c38" testId="4efd7a5c-c0df-ae80-f7ee-8f404f14cec4" testName="Aula.Tests.Utilities.FollowUpQuestionDetectorTests.IsFollowUpQuestion_WithoutFollowUpPhrases_ReturnsFalse(input: &quot;random text&quot;)" computerName="RHO-DESKTOP" duration="00:00:00.0000490" startTime="2025-06-30T19:20:50.9216945+02:00" endTime="2025-06-30T19:20:50.9216946+02:00" testType="13cdc9d9-ddb5-4fa4-a97d-d965ccfc6d4b" outcome="Passed" testListId="8c84fa94-04c1-424b-9868-57a2d4851a1d" relativeResultsDirectory="6bc263e2-244d-4a32-8cf7-605f9b4d6c38" />
    <UnitTestResult executionId="e06c99ea-9f90-4256-b4d9-c302adccad56" testId="19f2e1ca-d1c7-2af8-caa8-282a0071f76c" testName="Aula.Tests.Utilities.FollowUpQuestionDetectorTests.IsFollowUpQuestion_WithStartingFollowUpWords_ReturnsTrue(input: &quot;And Liam&quot;)" computerName="RHO-DESKTOP" duration="00:00:00.0002764" startTime="2025-06-30T19:20:50.9146687+02:00" endTime="2025-06-30T19:20:50.9146688+02:00" testType="13cdc9d9-ddb5-4fa4-a97d-d965ccfc6d4b" outcome="Passed" testListId="8c84fa94-04c1-424b-9868-57a2d4851a1d" relativeResultsDirectory="e06c99ea-9f90-4256-b4d9-c302adccad56" />
    <UnitTestResult executionId="37bc245c-75bf-4e75-86b0-28334cf829b2" testId="ed73f3dd-84f9-ccdb-8bc0-17130004fe1b" testName="Aula.Tests.Channels.TelegramClientTests.Constructor_WithVariousTokens_DoesNotThrow(token: &quot;&quot;)" computerName="RHO-DESKTOP" duration="00:00:00.0000498" startTime="2025-06-30T19:20:51.5406331+02:00" endTime="2025-06-30T19:20:51.5406333+02:00" testType="13cdc9d9-ddb5-4fa4-a97d-d965ccfc6d4b" outcome="Passed" testListId="8c84fa94-04c1-424b-9868-57a2d4851a1d" relativeResultsDirectory="37bc245c-75bf-4e75-86b0-28334cf829b2" />
    <UnitTestResult executionId="b2228ed2-0451-41c7-9811-876a314f5dee" testId="2f1a411a-2aa2-b405-2ee0-c232b3e9b9d5" testName="Aula.Tests.Services.OpenAiServiceIntegrationTests.SummarizeWeekLetterAsync_WithNullWeekLetter_ThrowsArgumentNullException(chatInterface: Slack)" computerName="RHO-DESKTOP" duration="00:00:00.0012382" startTime="2025-06-30T19:20:51.1714664+02:00" endTime="2025-06-30T19:20:51.1714665+02:00" testType="13cdc9d9-ddb5-4fa4-a97d-d965ccfc6d4b" outcome="Failed" testListId="8c84fa94-04c1-424b-9868-57a2d4851a1d" relativeResultsDirectory="b2228ed2-0451-41c7-9811-876a314f5dee">
      <Output>
        <ErrorInfo>
          <Message>System.ArgumentException : Can not instantiate proxy of class: Aula.Tools.AiToolsManager.
Could not find a parameterless constructor. (Parameter 'constructorArguments')
---- System.MissingMethodException : Constructor on type 'Castle.Proxies.AiToolsManagerProxy' not found.</Message>
          <StackTrace>   at Castle.DynamicProxy.ProxyGenerator.CreateClassProxyInstance(Type proxyType, List`1 proxyArguments, Type classToProxy, Object[] constructorArguments)
   at Castle.DynamicProxy.ProxyGenerator.CreateClassProxy(Type classToProxy, Type[] additionalInterfacesToProxy, ProxyGenerationOptions options, Object[] constructorArguments, IInterceptor[] interceptors)
   at Moq.CastleProxyFactory.CreateProxy(Type mockType, IInterceptor interceptor, Type[] interfaces, Object[] arguments) in /_/src/Moq/Interception/CastleProxyFactory.cs:line 62
   at Moq.Mock`1.InitializeInstance() in /_/src/Moq/Mock`1.cs:line 309
   at Moq.Mock`1.OnGetObject() in /_/src/Moq/Mock`1.cs:line 323
   at Moq.Mock.get_Object() in /_/src/Moq/Mock.cs:line 181
   at Moq.Mock`1.get_Object() in /_/src/Moq/Mock`1.cs:line 281
   at Aula.Tests.Services.OpenAiServiceIntegrationTests.SummarizeWeekLetterAsync_WithNullWeekLetter_ThrowsArgumentNullException(ChatInterface chatInterface) in /mnt/d/git/aula/src/Aula.Tests/Services/OpenAiServiceIntegrationTests.cs:line 108
--- End of stack trace from previous location ---
----- Inner Stack Trace -----
   at System.RuntimeType.CreateInstanceImpl(BindingFlags bindingAttr, Binder binder, Object[] args, CultureInfo culture)
   at Castle.DynamicProxy.ProxyGenerator.CreateClassProxyInstance(Type proxyType, List`1 proxyArguments, Type classToProxy, Object[] constructorArguments)</StackTrace>
        </ErrorInfo>
      </Output>
    </UnitTestResult>
    <UnitTestResult executionId="42a3b2b5-1ab5-40f3-9e4a-36b670c533a4" testId="a7b1749e-2ad3-548e-4171-dcc39a4ba308" testName="Aula.Tests.Channels.SlackBotTests.Constructor_WithEmptyUrl_ThrowsArgumentException" computerName="RHO-DESKTOP" duration="00:00:00.0123062" startTime="2025-06-30T19:20:51.5927888+02:00" endTime="2025-06-30T19:20:51.5927889+02:00" testType="13cdc9d9-ddb5-4fa4-a97d-d965ccfc6d4b" outcome="Passed" testListId="8c84fa94-04c1-424b-9868-57a2d4851a1d" relativeResultsDirectory="42a3b2b5-1ab5-40f3-9e4a-36b670c533a4" />
    <UnitTestResult executionId="5ec646d8-7d25-4d70-af60-27c87b6e8f47" testId="e82c4cb9-864b-593c-f310-4d201e527a40" testName="Aula.Tests.Channels.TelegramClientTests.PostWeekLetter_WithVariousChildNames_HandlesCorrectly(firstName: &quot;TestChild1&quot;)" computerName="RHO-DESKTOP" duration="00:00:00.0014545" startTime="2025-06-30T19:20:51.5638327+02:00" endTime="2025-06-30T19:20:51.5638328+02:00" testType="13cdc9d9-ddb5-4fa4-a97d-d965ccfc6d4b" outcome="Passed" testListId="8c84fa94-04c1-424b-9868-57a2d4851a1d" relativeResultsDirectory="5ec646d8-7d25-4d70-af60-27c87b6e8f47" />
    <UnitTestResult executionId="60794056-ae50-46f6-905d-7c6b97c1f231" testId="e735c7b3-aa15-891a-afaf-f7174c07abf5" testName="Aula.Tests.Configuration.ConfigurationTests.Telegram_Token_ValidationTests(token: &quot;invalid-token&quot;, isValidFormat: False)" computerName="RHO-DESKTOP" duration="00:00:00.0085259" startTime="2025-06-30T19:20:51.7072433+02:00" endTime="2025-06-30T19:20:51.7072435+02:00" testType="13cdc9d9-ddb5-4fa4-a97d-d965ccfc6d4b" outcome="Passed" testListId="8c84fa94-04c1-424b-9868-57a2d4851a1d" relativeResultsDirectory="60794056-ae50-46f6-905d-7c6b97c1f231" />
    <UnitTestResult executionId="72223036-7cb5-45ca-a690-e08d5f4b4a4c" testId="59b6be02-8191-f5a7-74ed-b8f44b1cda27" testName="Aula.Tests.Utilities.DateTimeUtilitiesTests.GetDanishDayName_ValidDayOfWeek_ReturnsLowercaseName(dayOfWeek: Monday, expectedName: &quot;mandag&quot;)" computerName="RHO-DESKTOP" duration="00:00:00.0003746" startTime="2025-06-30T19:20:51.3382831+02:00" endTime="2025-06-30T19:20:51.3382832+02:00" testType="13cdc9d9-ddb5-4fa4-a97d-d965ccfc6d4b" outcome="Passed" testListId="8c84fa94-04c1-424b-9868-57a2d4851a1d" relativeResultsDirectory="72223036-7cb5-45ca-a690-e08d5f4b4a4c" />
    <UnitTestResult executionId="68b81ea3-6c6d-475f-bef1-d4ed9d100eeb" testId="cb05154c-9d2c-0c1f-d5d8-19063e23db2a" testName="Aula.Tests.Bots.TelegramInteractiveBotTests.Constructor_WithNullConfig_ThrowsArgumentNullException" computerName="RHO-DESKTOP" duration="00:00:00.0012562" startTime="2025-06-30T19:20:52.4339922+02:00" endTime="2025-06-30T19:20:52.4339924+02:00" testType="13cdc9d9-ddb5-4fa4-a97d-d965ccfc6d4b" outcome="Passed" testListId="8c84fa94-04c1-424b-9868-57a2d4851a1d" relativeResultsDirectory="68b81ea3-6c6d-475f-bef1-d4ed9d100eeb" />
    <UnitTestResult executionId="b33c8ab7-0fa0-4388-abb2-adff5bc6d81b" testId="c1d38bdc-38f6-c12c-a7df-652ec55b291d" testName="Aula.Tests.Tools.ReminderCommandHandlerTests.TryHandleReminderCommand_DeleteReminder_ValidCommands_ReturnsSuccess(command: &quot;slet påmindelse 456&quot;, isEnglish: False, expectedId: 456)" computerName="RHO-DESKTOP" duration="00:00:00.0036919" startTime="2025-06-30T19:20:51.5339276+02:00" endTime="2025-06-30T19:20:51.5339277+02:00" testType="13cdc9d9-ddb5-4fa4-a97d-d965ccfc6d4b" outcome="Passed" testListId="8c84fa94-04c1-424b-9868-57a2d4851a1d" relativeResultsDirectory="b33c8ab7-0fa0-4388-abb2-adff5bc6d81b" />
    <UnitTestResult executionId="c9e82f96-1e7c-4eee-b707-0423e9d325cd" testId="466fbb21-c308-9cae-2419-4b3a3d66b5be" testName="Aula.Tests.Channels.TelegramClientTests.SendMessageToChannel_WithVariousMessages_DoesNotThrow(message: &quot;Simple message&quot;)" computerName="RHO-DESKTOP" duration="00:00:00.0001700" startTime="2025-06-30T19:20:51.5684920+02:00" endTime="2025-06-30T19:20:51.5684921+02:00" testType="13cdc9d9-ddb5-4fa4-a97d-d965ccfc6d4b" outcome="Passed" testListId="8c84fa94-04c1-424b-9868-57a2d4851a1d" relativeResultsDirectory="c9e82f96-1e7c-4eee-b707-0423e9d325cd" />
    <UnitTestResult executionId="c009902f-5ac1-4d61-b9f0-edb01a63b261" testId="809b830f-f032-72fe-7382-c6d2ac899d33" testName="Aula.Tests.Utilities.JsonFormatterTests.Prettify_WithInvalidJson_ThrowsJsonException" computerName="RHO-DESKTOP" duration="00:00:00.0006001" startTime="2025-06-30T19:20:51.5061391+02:00" endTime="2025-06-30T19:20:51.5061393+02:00" testType="13cdc9d9-ddb5-4fa4-a97d-d965ccfc6d4b" outcome="Passed" testListId="8c84fa94-04c1-424b-9868-57a2d4851a1d" relativeResultsDirectory="c009902f-5ac1-4d61-b9f0-edb01a63b261" />
    <UnitTestResult executionId="032d408a-bc72-4e44-abdf-21b0f40a9232" testId="50dcaab1-381b-ffdd-0774-bfbc00f359f9" testName="Aula.Tests.Utilities.FollowUpQuestionDetectorTests.IsFollowUpQuestion_WithEmptyInput_ReturnsFalse" computerName="RHO-DESKTOP" duration="00:00:00.0001733" startTime="2025-06-30T19:20:50.9579348+02:00" endTime="2025-06-30T19:20:50.9579349+02:00" testType="13cdc9d9-ddb5-4fa4-a97d-d965ccfc6d4b" outcome="Passed" testListId="8c84fa94-04c1-424b-9868-57a2d4851a1d" relativeResultsDirectory="032d408a-bc72-4e44-abdf-21b0f40a9232" />
    <UnitTestResult executionId="0af5579f-5d30-4558-8081-e25aba1d19b3" testId="40e04a6d-bef0-ec4b-8281-04b2775da565" testName="Aula.Tests.Bots.SlackMessageHandlerTests.Constructor_WithNullAgentService_ThrowsArgumentNullException" computerName="RHO-DESKTOP" duration="00:00:00.0005491" startTime="2025-06-30T19:20:54.2996335+02:00" endTime="2025-06-30T19:20:54.2996337+02:00" testType="13cdc9d9-ddb5-4fa4-a97d-d965ccfc6d4b" outcome="Passed" testListId="8c84fa94-04c1-424b-9868-57a2d4851a1d" relativeResultsDirectory="0af5579f-5d30-4558-8081-e25aba1d19b3" />
    <UnitTestResult executionId="1f925e4f-a348-4728-a241-75530366602d" testId="a8373318-d0c0-3b68-eeb8-1cd7a830e6d6" testName="Aula.Tests.Configuration.ConfigurationTests.Configuration_LoadsSuccessfully" computerName="RHO-DESKTOP" duration="00:00:00.0159023" startTime="2025-06-30T19:20:51.9362190+02:00" endTime="2025-06-30T19:20:51.9362192+02:00" testType="13cdc9d9-ddb5-4fa4-a97d-d965ccfc6d4b" outcome="Passed" testListId="8c84fa94-04c1-424b-9868-57a2d4851a1d" relativeResultsDirectory="1f925e4f-a348-4728-a241-75530366602d" />
    <UnitTestResult executionId="ffadde9b-510b-47a0-b044-dc56113cda20" testId="ebe83846-f30d-4502-5b06-920f9179e550" testName="Aula.Tests.Utilities.ReminderExtractionPromptsTests.GetExtractionPrompt_WithVariousCurrentTimes_CalculatesRelativeDatesCorrectly(currentTimeStr: &quot;2025-12-31 23:59:59&quot;)" computerName="RHO-DESKTOP" duration="00:00:00.0008227" startTime="2025-06-30T19:20:51.3576065+02:00" endTime="2025-06-30T19:20:51.3576067+02:00" testType="13cdc9d9-ddb5-4fa4-a97d-d965ccfc6d4b" outcome="Passed" testListId="8c84fa94-04c1-424b-9868-57a2d4851a1d" relativeResultsDirectory="ffadde9b-510b-47a0-b044-dc56113cda20" />
    <UnitTestResult executionId="18e4c0ef-cd35-42b0-856d-e3e20e9677ec" testId="6a1bd5a3-33de-b670-1a8c-cceb0d8df72f" testName="Aula.Tests.Utilities.FollowUpQuestionDetectorTests.IsFollowUpQuestion_WithShortFollowUps_ReturnsTrue(input: &quot;ok&quot;)" computerName="RHO-DESKTOP" duration="00:00:00.0001897" startTime="2025-06-30T19:20:50.9043625+02:00" endTime="2025-06-30T19:20:50.9043625+02:00" testType="13cdc9d9-ddb5-4fa4-a97d-d965ccfc6d4b" outcome="Passed" testListId="8c84fa94-04c1-424b-9868-57a2d4851a1d" relativeResultsDirectory="18e4c0ef-cd35-42b0-856d-e3e20e9677ec" />
    <UnitTestResult executionId="4e588371-497d-421b-b42a-713d4bdae8c8" testId="9e4d28e4-6bf0-96b3-b279-344fc741cf71" testName="Aula.Tests.Services.OpenAiServiceIntegrationTests.ProcessQueryWithToolsAsync_WithInvalidContextKey_ThrowsArgumentException(contextKey: &quot;   &quot;)" computerName="RHO-DESKTOP" duration="00:00:00.0034224" startTime="2025-06-30T19:20:51.0935522+02:00" endTime="2025-06-30T19:20:51.0935524+02:00" testType="13cdc9d9-ddb5-4fa4-a97d-d965ccfc6d4b" outcome="Failed" testListId="8c84fa94-04c1-424b-9868-57a2d4851a1d" relativeResultsDirectory="4e588371-497d-421b-b42a-713d4bdae8c8">
      <Output>
        <ErrorInfo>
          <Message>System.ArgumentException : Can not instantiate proxy of class: Aula.Tools.AiToolsManager.
Could not find a parameterless constructor. (Parameter 'constructorArguments')
---- System.MissingMethodException : Constructor on type 'Castle.Proxies.AiToolsManagerProxy' not found.</Message>
          <StackTrace>   at Castle.DynamicProxy.ProxyGenerator.CreateClassProxyInstance(Type proxyType, List`1 proxyArguments, Type classToProxy, Object[] constructorArguments)
   at Castle.DynamicProxy.ProxyGenerator.CreateClassProxy(Type classToProxy, Type[] additionalInterfacesToProxy, ProxyGenerationOptions options, Object[] constructorArguments, IInterceptor[] interceptors)
   at Moq.CastleProxyFactory.CreateProxy(Type mockType, IInterceptor interceptor, Type[] interfaces, Object[] arguments) in /_/src/Moq/Interception/CastleProxyFactory.cs:line 62
   at Moq.Mock`1.InitializeInstance() in /_/src/Moq/Mock`1.cs:line 309
   at Moq.Mock`1.OnGetObject() in /_/src/Moq/Mock`1.cs:line 323
   at Moq.Mock.get_Object() in /_/src/Moq/Mock.cs:line 181
   at Moq.Mock`1.get_Object() in /_/src/Moq/Mock`1.cs:line 281
   at Aula.Tests.Services.OpenAiServiceIntegrationTests.ProcessQueryWithToolsAsync_WithInvalidContextKey_ThrowsArgumentException(String contextKey) in /mnt/d/git/aula/src/Aula.Tests/Services/OpenAiServiceIntegrationTests.cs:line 176
--- End of stack trace from previous location ---
----- Inner Stack Trace -----
   at System.RuntimeType.CreateInstanceImpl(BindingFlags bindingAttr, Binder binder, Object[] args, CultureInfo culture)
   at Castle.DynamicProxy.ProxyGenerator.CreateClassProxyInstance(Type proxyType, List`1 proxyArguments, Type classToProxy, Object[] constructorArguments)</StackTrace>
        </ErrorInfo>
      </Output>
    </UnitTestResult>
    <UnitTestResult executionId="6fcf422a-3d6e-4b03-80b3-6025523d8f7e" testId="d874f261-c1fd-d9d6-082a-e87a1ddb40d9" testName="Aula.Tests.Utilities.ConversationContextTests.IsStillValid_WithExactlyTenMinutesOld_ReturnsFalse" computerName="RHO-DESKTOP" duration="00:00:00.0007437" startTime="2025-06-30T19:20:51.2924903+02:00" endTime="2025-06-30T19:20:51.2924904+02:00" testType="13cdc9d9-ddb5-4fa4-a97d-d965ccfc6d4b" outcome="Passed" testListId="8c84fa94-04c1-424b-9868-57a2d4851a1d" relativeResultsDirectory="6fcf422a-3d6e-4b03-80b3-6025523d8f7e" />
    <UnitTestResult executionId="d6489a0f-74d5-4aca-9961-abeabcfd87cc" testId="aa19bf7f-6519-31e4-5b05-0e179c7693a0" testName="Aula.Tests.Tools.ReminderCommandHandlerTests.TryHandleReminderCommand_NonReminderCommands_ReturnsFalse(command: &quot;&quot;)" computerName="RHO-DESKTOP" duration="00:00:00.0001828" startTime="2025-06-30T19:20:51.5438303+02:00" endTime="2025-06-30T19:20:51.5438305+02:00" testType="13cdc9d9-ddb5-4fa4-a97d-d965ccfc6d4b" outcome="Passed" testListId="8c84fa94-04c1-424b-9868-57a2d4851a1d" relativeResultsDirectory="d6489a0f-74d5-4aca-9961-abeabcfd87cc" />
    <UnitTestResult executionId="c754ed31-e64a-49b3-a749-d5b98afc00be" testId="048cd77d-3de3-58cf-4e72-84e37cfed1e3" testName="Aula.Tests.Scheduling.SchedulingServiceIntegrationTests.Constructor_WithNullAgentService_ThrowsArgumentNullException" computerName="RHO-DESKTOP" duration="00:00:00.0008417" startTime="2025-06-30T19:20:50.9825426+02:00" endTime="2025-06-30T19:20:50.9825427+02:00" testType="13cdc9d9-ddb5-4fa4-a97d-d965ccfc6d4b" outcome="Passed" testListId="8c84fa94-04c1-424b-9868-57a2d4851a1d" relativeResultsDirectory="c754ed31-e64a-49b3-a749-d5b98afc00be" />
    <UnitTestResult executionId="93ef3eb6-34b2-41ff-a261-fc4e9ee39eae" testId="e91a7b75-ac3d-2bd0-17fa-3f23acb86759" testName="Aula.Tests.Tools.ReminderCommandHandlerTests.TryHandleReminderCommand_ListReminders_ValidCommands_ReturnsRemindersList(command: &quot;vis påmindelser&quot;, isEnglish: False)" computerName="RHO-DESKTOP" duration="00:00:00.0003106" startTime="2025-06-30T19:20:51.5969679+02:00" endTime="2025-06-30T19:20:51.5969680+02:00" testType="13cdc9d9-ddb5-4fa4-a97d-d965ccfc6d4b" outcome="Passed" testListId="8c84fa94-04c1-424b-9868-57a2d4851a1d" relativeResultsDirectory="93ef3eb6-34b2-41ff-a261-fc4e9ee39eae" />
    <UnitTestResult executionId="9a1fa349-84be-4445-ac60-164993f426cf" testId="d61978d5-101a-092e-d93c-a7eb57a0d4f9" testName="Aula.Tests.Utilities.ReminderExtractionPromptsTests.GetExtractionPrompt_ContainsInstructionsForChildNameExtraction" computerName="RHO-DESKTOP" duration="00:00:00.0003542" startTime="2025-06-30T19:20:51.4266444+02:00" endTime="2025-06-30T19:20:51.4266445+02:00" testType="13cdc9d9-ddb5-4fa4-a97d-d965ccfc6d4b" outcome="Passed" testListId="8c84fa94-04c1-424b-9868-57a2d4851a1d" relativeResultsDirectory="9a1fa349-84be-4445-ac60-164993f426cf" />
    <UnitTestResult executionId="e18d49ec-b23a-47c1-a203-0a49a51ff91f" testId="967c7597-5e79-4d07-d160-f7fa685685a7" testName="Aula.Tests.Utilities.WeekLetterContentExtractorTests.ExtractContent_Dynamic_WithValidData_ReturnsContent" computerName="RHO-DESKTOP" duration="00:00:00.0030480" startTime="2025-06-30T19:20:50.9601860+02:00" endTime="2025-06-30T19:20:50.9601861+02:00" testType="13cdc9d9-ddb5-4fa4-a97d-d965ccfc6d4b" outcome="Passed" testListId="8c84fa94-04c1-424b-9868-57a2d4851a1d" relativeResultsDirectory="e18d49ec-b23a-47c1-a203-0a49a51ff91f" />
    <UnitTestResult executionId="c48aef47-2a10-46e7-80d9-a98baa8bbdac" testId="c5a7611f-847e-26d1-53fe-736703c875f6" testName="Aula.Tests.Services.OpenAiServiceIntegrationTests.AskQuestionAboutWeekLetterAsync_WithNullWeekLetter_ThrowsArgumentNullException(chatInterface: Telegram)" computerName="RHO-DESKTOP" duration="00:00:00.0014133" startTime="2025-06-30T19:20:51.1353597+02:00" endTime="2025-06-30T19:20:51.1353599+02:00" testType="13cdc9d9-ddb5-4fa4-a97d-d965ccfc6d4b" outcome="Failed" testListId="8c84fa94-04c1-424b-9868-57a2d4851a1d" relativeResultsDirectory="c48aef47-2a10-46e7-80d9-a98baa8bbdac">
      <Output>
        <ErrorInfo>
          <Message>System.ArgumentException : Can not instantiate proxy of class: Aula.Tools.AiToolsManager.
Could not find a parameterless constructor. (Parameter 'constructorArguments')
---- System.MissingMethodException : Constructor on type 'Castle.Proxies.AiToolsManagerProxy' not found.</Message>
          <StackTrace>   at Castle.DynamicProxy.ProxyGenerator.CreateClassProxyInstance(Type proxyType, List`1 proxyArguments, Type classToProxy, Object[] constructorArguments)
   at Castle.DynamicProxy.ProxyGenerator.CreateClassProxy(Type classToProxy, Type[] additionalInterfacesToProxy, ProxyGenerationOptions options, Object[] constructorArguments, IInterceptor[] interceptors)
   at Moq.CastleProxyFactory.CreateProxy(Type mockType, IInterceptor interceptor, Type[] interfaces, Object[] arguments) in /_/src/Moq/Interception/CastleProxyFactory.cs:line 62
   at Moq.Mock`1.InitializeInstance() in /_/src/Moq/Mock`1.cs:line 309
   at Moq.Mock`1.OnGetObject() in /_/src/Moq/Mock`1.cs:line 323
   at Moq.Mock.get_Object() in /_/src/Moq/Mock.cs:line 181
   at Moq.Mock`1.get_Object() in /_/src/Moq/Mock`1.cs:line 281
   at Aula.Tests.Services.OpenAiServiceIntegrationTests.AskQuestionAboutWeekLetterAsync_WithNullWeekLetter_ThrowsArgumentNullException(ChatInterface chatInterface) in /mnt/d/git/aula/src/Aula.Tests/Services/OpenAiServiceIntegrationTests.cs:line 119
--- End of stack trace from previous location ---
----- Inner Stack Trace -----
   at System.RuntimeType.CreateInstanceImpl(BindingFlags bindingAttr, Binder binder, Object[] args, CultureInfo culture)
   at Castle.DynamicProxy.ProxyGenerator.CreateClassProxyInstance(Type proxyType, List`1 proxyArguments, Type classToProxy, Object[] constructorArguments)</StackTrace>
        </ErrorInfo>
      </Output>
    </UnitTestResult>
    <UnitTestResult executionId="647bcb64-d75e-4936-a37a-cbdf05668ef3" testId="5757d75c-5377-8df3-a3a7-30a9777d143b" testName="Aula.Tests.Utilities.FollowUpQuestionDetectorTests.IsFollowUpQuestion_WithChildNameAndShortMessage_ReturnsTrue(input: &quot;EMMA&quot;)" computerName="RHO-DESKTOP" duration="00:00:00.0000925" startTime="2025-06-30T19:20:50.9111194+02:00" endTime="2025-06-30T19:20:50.9111195+02:00" testType="13cdc9d9-ddb5-4fa4-a97d-d965ccfc6d4b" outcome="Passed" testListId="8c84fa94-04c1-424b-9868-57a2d4851a1d" relativeResultsDirectory="647bcb64-d75e-4936-a37a-cbdf05668ef3" />
    <UnitTestResult executionId="7d27d127-f245-4248-9921-c27665153e55" testId="c7356803-78be-38c5-09cd-9fb1bfd0c53f" testName="Aula.Tests.Configuration.ConfigurationTests.Children_ConfigurationIsCorrect" computerName="RHO-DESKTOP" duration="00:00:00.0374643" startTime="2025-06-30T19:20:51.9196848+02:00" endTime="2025-06-30T19:20:51.9196849+02:00" testType="13cdc9d9-ddb5-4fa4-a97d-d965ccfc6d4b" outcome="Passed" testListId="8c84fa94-04c1-424b-9868-57a2d4851a1d" relativeResultsDirectory="7d27d127-f245-4248-9921-c27665153e55" />
    <UnitTestResult executionId="e948e9e1-9be2-4879-a3fe-394a0c0b46dc" testId="45d7267f-6c71-d320-a8e4-c7def8429012" testName="Aula.Tests.Utilities.Html2SlackMarkdownConverterTests.Convert_WithBrTags_PreservesLineBreaks" computerName="RHO-DESKTOP" duration="00:00:00.0032163" startTime="2025-06-30T19:20:51.6666228+02:00" endTime="2025-06-30T19:20:51.6666230+02:00" testType="13cdc9d9-ddb5-4fa4-a97d-d965ccfc6d4b" outcome="Passed" testListId="8c84fa94-04c1-424b-9868-57a2d4851a1d" relativeResultsDirectory="e948e9e1-9be2-4879-a3fe-394a0c0b46dc" />
    <UnitTestResult executionId="e560d073-c0b3-4219-91e8-61bd886d2ded" testId="cd39a17c-6fe1-e1b4-559a-d31518f5450f" testName="Aula.Tests.Utilities.FollowUpQuestionDetectorTests.IsFollowUpQuestion_WithDanishFollowUpPhrases_ReturnsTrue(input: &quot;og?&quot;)" computerName="RHO-DESKTOP" duration="00:00:00.0000358" startTime="2025-06-30T19:20:50.9574589+02:00" endTime="2025-06-30T19:20:50.9574590+02:00" testType="13cdc9d9-ddb5-4fa4-a97d-d965ccfc6d4b" outcome="Passed" testListId="8c84fa94-04c1-424b-9868-57a2d4851a1d" relativeResultsDirectory="e560d073-c0b3-4219-91e8-61bd886d2ded" />
    <UnitTestResult executionId="be7489ca-9e18-46fb-b8bb-7b87e1704ab2" testId="d40cf226-bdf8-6b6d-78c9-8bc50af04b77" testName="Aula.Tests.Tools.AiToolsManagerTests.ListRemindersAsync_WithReminders_ReturnsFormattedList" computerName="RHO-DESKTOP" duration="00:00:00.1348675" startTime="2025-06-30T19:20:51.2725400+02:00" endTime="2025-06-30T19:20:51.2725401+02:00" testType="13cdc9d9-ddb5-4fa4-a97d-d965ccfc6d4b" outcome="Passed" testListId="8c84fa94-04c1-424b-9868-57a2d4851a1d" relativeResultsDirectory="be7489ca-9e18-46fb-b8bb-7b87e1704ab2" />
    <UnitTestResult executionId="970e6d93-a9ac-48ab-881d-0a7dd96ed799" testId="3f8bf4e1-1b7e-9e5d-1a9c-187732c556d7" testName="Aula.Tests.Services.OpenAiServiceIntegrationTests.MultipleConversations_WithDifferentContextKeys_AreHandledSeparately" computerName="RHO-DESKTOP" duration="00:00:00.0008025" startTime="2025-06-30T19:20:51.2279686+02:00" endTime="2025-06-30T19:20:51.2279687+02:00" testType="13cdc9d9-ddb5-4fa4-a97d-d965ccfc6d4b" outcome="Failed" testListId="8c84fa94-04c1-424b-9868-57a2d4851a1d" relativeResultsDirectory="970e6d93-a9ac-48ab-881d-0a7dd96ed799">
      <Output>
        <ErrorInfo>
          <Message>System.ArgumentException : Can not instantiate proxy of class: Aula.Tools.AiToolsManager.
Could not find a parameterless constructor. (Parameter 'constructorArguments')
---- System.MissingMethodException : Constructor on type 'Castle.Proxies.AiToolsManagerProxy' not found.</Message>
          <StackTrace>   at Castle.DynamicProxy.ProxyGenerator.CreateClassProxyInstance(Type proxyType, List`1 proxyArguments, Type classToProxy, Object[] constructorArguments)
   at Castle.DynamicProxy.ProxyGenerator.CreateClassProxy(Type classToProxy, Type[] additionalInterfacesToProxy, ProxyGenerationOptions options, Object[] constructorArguments, IInterceptor[] interceptors)
   at Moq.CastleProxyFactory.CreateProxy(Type mockType, IInterceptor interceptor, Type[] interfaces, Object[] arguments) in /_/src/Moq/Interception/CastleProxyFactory.cs:line 62
   at Moq.Mock`1.InitializeInstance() in /_/src/Moq/Mock`1.cs:line 309
   at Moq.Mock`1.OnGetObject() in /_/src/Moq/Mock`1.cs:line 323
   at Moq.Mock.get_Object() in /_/src/Moq/Mock.cs:line 181
   at Moq.Mock`1.get_Object() in /_/src/Moq/Mock`1.cs:line 281
   at Aula.Tests.Services.OpenAiServiceIntegrationTests.MultipleConversations_WithDifferentContextKeys_AreHandledSeparately() in /mnt/d/git/aula/src/Aula.Tests/Services/OpenAiServiceIntegrationTests.cs:line 339
   at System.RuntimeMethodHandle.InvokeMethod(Object target, Void** arguments, Signature sig, Boolean isConstructor)
   at System.Reflection.MethodBaseInvoker.InvokeWithNoArgs(Object obj, BindingFlags invokeAttr)
----- Inner Stack Trace -----
   at System.RuntimeType.CreateInstanceImpl(BindingFlags bindingAttr, Binder binder, Object[] args, CultureInfo culture)
   at Castle.DynamicProxy.ProxyGenerator.CreateClassProxyInstance(Type proxyType, List`1 proxyArguments, Type classToProxy, Object[] constructorArguments)</StackTrace>
        </ErrorInfo>
      </Output>
    </UnitTestResult>
    <UnitTestResult executionId="6aabc11d-8d7b-4ebb-8187-42b8c4e3e675" testId="ad8a2ff8-387f-a97d-ceb6-7fab64c9766a" testName="Aula.Tests.Utilities.ConversationContextManagerTests.ClearContext_WithNonExistentKey_DoesNotLog" computerName="RHO-DESKTOP" duration="00:00:00.0047395" startTime="2025-06-30T19:20:51.0707078+02:00" endTime="2025-06-30T19:20:51.0707079+02:00" testType="13cdc9d9-ddb5-4fa4-a97d-d965ccfc6d4b" outcome="Passed" testListId="8c84fa94-04c1-424b-9868-57a2d4851a1d" relativeResultsDirectory="6aabc11d-8d7b-4ebb-8187-42b8c4e3e675" />
    <UnitTestResult executionId="cb8251d7-7fac-4a07-bc03-ebdb25c544ca" testId="d4e0f652-1aa4-f1fd-46bf-006e98a6310b" testName="Aula.Tests.Services.OpenAiServiceTests.CreateTestWeekLetter_ReturnsValidJObject" computerName="RHO-DESKTOP" duration="00:00:00.0206660" startTime="2025-06-30T19:20:50.9842898+02:00" endTime="2025-06-30T19:20:50.9842900+02:00" testType="13cdc9d9-ddb5-4fa4-a97d-d965ccfc6d4b" outcome="Passed" testListId="8c84fa94-04c1-424b-9868-57a2d4851a1d" relativeResultsDirectory="cb8251d7-7fac-4a07-bc03-ebdb25c544ca" />
    <UnitTestResult executionId="74e99ddd-5a44-4a51-bb9d-cd9ed3276e07" testId="50081d46-2c3a-f2b2-59ea-4061c169b6c6" testName="Aula.Tests.Channels.TelegramClientTests.Constructor_WithConfig_EnabledFalse_CreatesInstance" computerName="RHO-DESKTOP" duration="00:00:00.0002102" startTime="2025-06-30T19:20:51.5620348+02:00" endTime="2025-06-30T19:20:51.5620349+02:00" testType="13cdc9d9-ddb5-4fa4-a97d-d965ccfc6d4b" outcome="Passed" testListId="8c84fa94-04c1-424b-9868-57a2d4851a1d" relativeResultsDirectory="74e99ddd-5a44-4a51-bb9d-cd9ed3276e07" />
    <UnitTestResult executionId="a5596a60-65a2-490f-81b5-721f6c95551a" testId="4df15bfd-b375-822c-a8df-fcfde52ebf51" testName="Aula.Tests.Configuration.ConfigurationTests.Features_ConversationCacheExpiration_ValidationTests(minutes: 1, isValid: True)" computerName="RHO-DESKTOP" duration="00:00:00.0071887" startTime="2025-06-30T19:20:51.6809649+02:00" endTime="2025-06-30T19:20:51.6809652+02:00" testType="13cdc9d9-ddb5-4fa4-a97d-d965ccfc6d4b" outcome="Passed" testListId="8c84fa94-04c1-424b-9868-57a2d4851a1d" relativeResultsDirectory="a5596a60-65a2-490f-81b5-721f6c95551a" />
    <UnitTestResult executionId="2e49f80a-b061-46c5-8398-886276ba21cf" testId="fbb577ab-554c-1761-8b33-3b062d943c22" testName="Aula.Tests.Bots.SlackInteractiveBotTests.Constructor_WithNullConfig_ThrowsArgumentNullException" computerName="RHO-DESKTOP" duration="00:00:00.0009331" startTime="2025-06-30T19:20:51.2713429+02:00" endTime="2025-06-30T19:20:51.2713431+02:00" testType="13cdc9d9-ddb5-4fa4-a97d-d965ccfc6d4b" outcome="Passed" testListId="8c84fa94-04c1-424b-9868-57a2d4851a1d" relativeResultsDirectory="2e49f80a-b061-46c5-8398-886276ba21cf" />
    <UnitTestResult executionId="7aa83471-968c-4ad8-a2f0-ba7f0578d7b2" testId="c6b19e93-2b61-da47-f9a3-89a03fe395c8" testName="Aula.Tests.Utilities.FollowUpQuestionDetectorTests.IsFollowUpQuestion_WithoutFollowUpPhrases_ReturnsFalse(input: &quot;hello&quot;)" computerName="RHO-DESKTOP" duration="00:00:00.0006720" startTime="2025-06-30T19:20:50.9204759+02:00" endTime="2025-06-30T19:20:50.9204759+02:00" testType="13cdc9d9-ddb5-4fa4-a97d-d965ccfc6d4b" outcome="Passed" testListId="8c84fa94-04c1-424b-9868-57a2d4851a1d" relativeResultsDirectory="7aa83471-968c-4ad8-a2f0-ba7f0578d7b2" />
    <UnitTestResult executionId="b689f8c6-2086-4ba3-97fb-5494bdc5febf" testId="51dadbc3-586b-6ea0-f9cc-0638c0cb614d" testName="Aula.Tests.Utilities.DateTimeUtilitiesTests.GetDanishDayName_AllValidDaysOfWeek_ReturnsNonEmptyString(dayOfWeek: Saturday)" computerName="RHO-DESKTOP" duration="00:00:00.0371824" startTime="2025-06-30T19:20:51.3319129+02:00" endTime="2025-06-30T19:20:51.3319132+02:00" testType="13cdc9d9-ddb5-4fa4-a97d-d965ccfc6d4b" outcome="Passed" testListId="8c84fa94-04c1-424b-9868-57a2d4851a1d" relativeResultsDirectory="b689f8c6-2086-4ba3-97fb-5494bdc5febf" />
    <UnitTestResult executionId="5d4b14e4-5ce9-4f4c-8049-996113f67a7e" testId="55b7868a-5525-c155-3984-2d7080cbc3f0" testName="Aula.Tests.Utilities.Html2SlackMarkdownConverterTests.Convert_WithEmptyTags_HandlesCorrectly" computerName="RHO-DESKTOP" duration="00:00:00.0009725" startTime="2025-06-30T19:20:51.6652667+02:00" endTime="2025-06-30T19:20:51.6652669+02:00" testType="13cdc9d9-ddb5-4fa4-a97d-d965ccfc6d4b" outcome="Passed" testListId="8c84fa94-04c1-424b-9868-57a2d4851a1d" relativeResultsDirectory="5d4b14e4-5ce9-4f4c-8049-996113f67a7e" />
    <UnitTestResult executionId="40472ef3-f473-4060-a20c-83c66f69b2d9" testId="7e66458c-6fa0-adfa-1ecd-a6462fccce40" testName="Aula.Tests.Services.SupabaseServiceTests.Constructor_WithInvalidConfig_DoesNotThrow" computerName="RHO-DESKTOP" duration="00:00:00.0966063" startTime="2025-06-30T19:20:51.2287446+02:00" endTime="2025-06-30T19:20:51.2287448+02:00" testType="13cdc9d9-ddb5-4fa4-a97d-d965ccfc6d4b" outcome="Passed" testListId="8c84fa94-04c1-424b-9868-57a2d4851a1d" relativeResultsDirectory="40472ef3-f473-4060-a20c-83c66f69b2d9" />
    <UnitTestResult executionId="f15422d8-452d-4569-9437-ef4ef49d07fb" testId="42206b57-8aa0-871e-4287-4e3c8a3cc6ec" testName="Aula.Tests.Configuration.ConfigurationTests.Timers_SchedulingInterval_ValidationTests(intervalSeconds: 3661, isValid: False)" computerName="RHO-DESKTOP" duration="00:00:00.0057193" startTime="2025-06-30T19:20:51.7507908+02:00" endTime="2025-06-30T19:20:51.7507910+02:00" testType="13cdc9d9-ddb5-4fa4-a97d-d965ccfc6d4b" outcome="Passed" testListId="8c84fa94-04c1-424b-9868-57a2d4851a1d" relativeResultsDirectory="f15422d8-452d-4569-9437-ef4ef49d07fb" />
    <UnitTestResult executionId="9ccc38ab-99a6-431f-baff-43eae323fed4" testId="55912caf-6fc4-918c-e4ec-07597adc6c56" testName="Aula.Tests.Services.DataModelTests.PostedLetter_WeekNumberValidation_ReturnsExpectedResult(weekNumber: 53, year: 2023, isValid: True)" computerName="RHO-DESKTOP" duration="00:00:00.0000133" startTime="2025-06-30T19:20:50.8704646+02:00" endTime="2025-06-30T19:20:50.8704650+02:00" testType="13cdc9d9-ddb5-4fa4-a97d-d965ccfc6d4b" outcome="Passed" testListId="8c84fa94-04c1-424b-9868-57a2d4851a1d" relativeResultsDirectory="9ccc38ab-99a6-431f-baff-43eae323fed4" />
    <UnitTestResult executionId="18e34051-0a53-4614-9174-b45fbf5d047d" testId="fe1a2924-96f3-7e80-1a74-9f9fd249b93e" testName="Aula.Tests.Bots.TelegramInteractiveBotTests.ComputeHash_WithDifferentInputs_ReturnsConsistentHashes(input: &quot;&quot;)" computerName="RHO-DESKTOP" duration="00:00:00.0006462" startTime="2025-06-30T19:20:52.4175902+02:00" endTime="2025-06-30T19:20:52.4175905+02:00" testType="13cdc9d9-ddb5-4fa4-a97d-d965ccfc6d4b" outcome="Passed" testListId="8c84fa94-04c1-424b-9868-57a2d4851a1d" relativeResultsDirectory="18e34051-0a53-4614-9174-b45fbf5d047d" />
    <UnitTestResult executionId="9b67e835-1013-4636-80f6-01e97673cb2a" testId="91adec86-044d-3b0d-62f3-bdcae922b644" testName="Aula.Tests.Services.OpenAiServiceIntegrationTests.ClearConversationHistory_WithContextKey_DoesNotThrow" computerName="RHO-DESKTOP" duration="00:00:00.0009219" startTime="2025-06-30T19:20:51.2597761+02:00" endTime="2025-06-30T19:20:51.2597763+02:00" testType="13cdc9d9-ddb5-4fa4-a97d-d965ccfc6d4b" outcome="Failed" testListId="8c84fa94-04c1-424b-9868-57a2d4851a1d" relativeResultsDirectory="9b67e835-1013-4636-80f6-01e97673cb2a">
      <Output>
        <ErrorInfo>
          <Message>System.ArgumentException : Can not instantiate proxy of class: Aula.Tools.AiToolsManager.
Could not find a parameterless constructor. (Parameter 'constructorArguments')
---- System.MissingMethodException : Constructor on type 'Castle.Proxies.AiToolsManagerProxy' not found.</Message>
          <StackTrace>   at Castle.DynamicProxy.ProxyGenerator.CreateClassProxyInstance(Type proxyType, List`1 proxyArguments, Type classToProxy, Object[] constructorArguments)
   at Castle.DynamicProxy.ProxyGenerator.CreateClassProxy(Type classToProxy, Type[] additionalInterfacesToProxy, ProxyGenerationOptions options, Object[] constructorArguments, IInterceptor[] interceptors)
   at Moq.CastleProxyFactory.CreateProxy(Type mockType, IInterceptor interceptor, Type[] interfaces, Object[] arguments) in /_/src/Moq/Interception/CastleProxyFactory.cs:line 62
   at Moq.Mock`1.InitializeInstance() in /_/src/Moq/Mock`1.cs:line 309
   at Moq.Mock`1.OnGetObject() in /_/src/Moq/Mock`1.cs:line 323
   at Moq.Mock.get_Object() in /_/src/Moq/Mock.cs:line 181
   at Moq.Mock`1.get_Object() in /_/src/Moq/Mock`1.cs:line 281
   at Aula.Tests.Services.OpenAiServiceIntegrationTests.ClearConversationHistory_WithContextKey_DoesNotThrow() in /mnt/d/git/aula/src/Aula.Tests/Services/OpenAiServiceIntegrationTests.cs:line 96
   at System.RuntimeMethodHandle.InvokeMethod(Object target, Void** arguments, Signature sig, Boolean isConstructor)
   at System.Reflection.MethodBaseInvoker.InvokeWithNoArgs(Object obj, BindingFlags invokeAttr)
----- Inner Stack Trace -----
   at System.RuntimeType.CreateInstanceImpl(BindingFlags bindingAttr, Binder binder, Object[] args, CultureInfo culture)
   at Castle.DynamicProxy.ProxyGenerator.CreateClassProxyInstance(Type proxyType, List`1 proxyArguments, Type classToProxy, Object[] constructorArguments)</StackTrace>
        </ErrorInfo>
      </Output>
    </UnitTestResult>
    <UnitTestResult executionId="cff0b848-c1e5-41ac-a6ed-cbbd179334fd" testId="415f90fb-9864-854c-b560-969302c9cec5" testName="Aula.Tests.Utilities.FollowUpQuestionDetectorTests.IsFollowUpQuestion_WithChildNameAndShortMessage_ReturnsTrue(input: &quot;Wilson&quot;)" computerName="RHO-DESKTOP" duration="00:00:00.0000304" startTime="2025-06-30T19:20:50.9097638+02:00" endTime="2025-06-30T19:20:50.9097639+02:00" testType="13cdc9d9-ddb5-4fa4-a97d-d965ccfc6d4b" outcome="Passed" testListId="8c84fa94-04c1-424b-9868-57a2d4851a1d" relativeResultsDirectory="cff0b848-c1e5-41ac-a6ed-cbbd179334fd" />
    <UnitTestResult executionId="18aa9bd3-8906-40f2-b177-e4775e66cd79" testId="de1a8f86-5c1b-b7d6-9ef4-2f917a94a294" testName="Aula.Tests.Bots.TelegramMessageHandlerTests.HandleMessageAsync_WithException_LogsError" computerName="RHO-DESKTOP" duration="00:00:00.0080963" startTime="2025-06-30T19:20:51.3184126+02:00" endTime="2025-06-30T19:20:51.3184136+02:00" testType="13cdc9d9-ddb5-4fa4-a97d-d965ccfc6d4b" outcome="Failed" testListId="8c84fa94-04c1-424b-9868-57a2d4851a1d" relativeResultsDirectory="18aa9bd3-8906-40f2-b177-e4775e66cd79">
      <Output>
        <ErrorInfo>
          <Message>System.NotSupportedException : Unsupported expression: u =&gt; u.Id&#xD;
Non-overridable members (here: User.get_Id) may not be used in setup / verification expressions.</Message>
          <StackTrace>   at Moq.Guard.IsOverridable(MethodInfo method, Expression expression) in /_/src/Moq/Guard.cs:line 99
   at Moq.MethodExpectation..ctor(LambdaExpression expression, MethodInfo method, IReadOnlyList`1 arguments, Boolean exactGenericTypeArguments, Boolean skipMatcherInitialization, Boolean allowNonOverridable) in /_/src/Moq/MethodExpectation.cs:line 87
   at Moq.ExpressionExtensions.&lt;Split&gt;g__Split|5_0(Expression e, Expression&amp; r, MethodExpectation&amp; p, Boolean assignment, Boolean allowNonOverridableLastProperty) in /_/src/Moq/ExpressionExtensions.cs:line 326
   at Moq.ExpressionExtensions.Split(LambdaExpression expression, Boolean allowNonOverridableLastProperty) in /_/src/Moq/ExpressionExtensions.cs:line 149
   at Moq.Mock.SetupRecursive[TSetup](Mock mock, LambdaExpression expression, Func`4 setupLast, Boolean allowNonOverridableLastProperty) in /_/src/Moq/Mock.cs:line 645
   at Moq.Mock.Setup(Mock mock, LambdaExpression expression, Condition condition) in /_/src/Moq/Mock.cs:line 500
   at Moq.Mock.SetupGet(Mock mock, LambdaExpression expression, Condition condition) in /_/src/Moq/Mock.cs:line 518
   at Moq.Mock`1.SetupGet[TProperty](Expression`1 expression) in /_/src/Moq/Mock`1.cs:line 473
   at Aula.Tests.Bots.TelegramTestMessageFactory.CreateTextMessage(Int64 chatId, String text, ChatType chatType, Int32 messageId, String firstName, String username) in /mnt/d/git/aula/src/Aula.Tests/Bots/TelegramTestMessageFactory.cs:line 18
   at Aula.Tests.Bots.TelegramMessageHandlerTests.HandleMessageAsync_WithException_LogsError() in /mnt/d/git/aula/src/Aula.Tests/Bots/TelegramMessageHandlerTests.cs:line 342
--- End of stack trace from previous location ---</StackTrace>
        </ErrorInfo>
      </Output>
    </UnitTestResult>
    <UnitTestResult executionId="c9bf54be-ec96-4587-9642-7e3abaa8ad8b" testId="98555ca9-e51e-c77a-a5b7-89147423d30d" testName="Aula.Tests.Services.OpenAiServiceIntegrationTests.AskQuestionAboutChildrenAsync_WithNullChildrenWeekLetters_ThrowsArgumentNullException(chatInterface: Slack)" computerName="RHO-DESKTOP" duration="00:00:00.0027291" startTime="2025-06-30T19:20:51.0034164+02:00" endTime="2025-06-30T19:20:51.0034166+02:00" testType="13cdc9d9-ddb5-4fa4-a97d-d965ccfc6d4b" outcome="Failed" testListId="8c84fa94-04c1-424b-9868-57a2d4851a1d" relativeResultsDirectory="c9bf54be-ec96-4587-9642-7e3abaa8ad8b">
      <Output>
        <ErrorInfo>
          <Message>System.ArgumentException : Can not instantiate proxy of class: Aula.Tools.AiToolsManager.
Could not find a parameterless constructor. (Parameter 'constructorArguments')
---- System.MissingMethodException : Constructor on type 'Castle.Proxies.AiToolsManagerProxy' not found.</Message>
          <StackTrace>   at Castle.DynamicProxy.ProxyGenerator.CreateClassProxyInstance(Type proxyType, List`1 proxyArguments, Type classToProxy, Object[] constructorArguments)
   at Castle.DynamicProxy.ProxyGenerator.CreateClassProxy(Type classToProxy, Type[] additionalInterfacesToProxy, ProxyGenerationOptions options, Object[] constructorArguments, IInterceptor[] interceptors)
   at Moq.CastleProxyFactory.CreateProxy(Type mockType, IInterceptor interceptor, Type[] interfaces, Object[] arguments) in /_/src/Moq/Interception/CastleProxyFactory.cs:line 62
   at Moq.Mock`1.InitializeInstance() in /_/src/Moq/Mock`1.cs:line 309
   at Moq.Mock`1.OnGetObject() in /_/src/Moq/Mock`1.cs:line 323
   at Moq.Mock.get_Object() in /_/src/Moq/Mock.cs:line 181
   at Moq.Mock`1.get_Object() in /_/src/Moq/Mock`1.cs:line 281
   at Aula.Tests.Services.OpenAiServiceIntegrationTests.AskQuestionAboutChildrenAsync_WithNullChildrenWeekLetters_ThrowsArgumentNullException(ChatInterface chatInterface) in /mnt/d/git/aula/src/Aula.Tests/Services/OpenAiServiceIntegrationTests.cs:line 152
--- End of stack trace from previous location ---
----- Inner Stack Trace -----
   at System.RuntimeType.CreateInstanceImpl(BindingFlags bindingAttr, Binder binder, Object[] args, CultureInfo culture)
   at Castle.DynamicProxy.ProxyGenerator.CreateClassProxyInstance(Type proxyType, List`1 proxyArguments, Type classToProxy, Object[] constructorArguments)</StackTrace>
        </ErrorInfo>
      </Output>
    </UnitTestResult>
    <UnitTestResult executionId="4f88687f-866b-4809-a2f2-2e290f9d85b2" testId="042593f6-6140-ccfe-82d6-8f794997c196" testName="Aula.Tests.Bots.TelegramMessageHandlerTests.HandleMessageAsync_WithGroupChat_HandlesCorrectly" computerName="RHO-DESKTOP" duration="00:00:00.0046920" startTime="2025-06-30T19:20:51.3801020+02:00" endTime="2025-06-30T19:20:51.3801022+02:00" testType="13cdc9d9-ddb5-4fa4-a97d-d965ccfc6d4b" outcome="Failed" testListId="8c84fa94-04c1-424b-9868-57a2d4851a1d" relativeResultsDirectory="4f88687f-866b-4809-a2f2-2e290f9d85b2">
      <Output>
        <ErrorInfo>
          <Message>System.NotSupportedException : Unsupported expression: u =&gt; u.Id&#xD;
Non-overridable members (here: User.get_Id) may not be used in setup / verification expressions.</Message>
          <StackTrace>   at Moq.Guard.IsOverridable(MethodInfo method, Expression expression) in /_/src/Moq/Guard.cs:line 99
   at Moq.MethodExpectation..ctor(LambdaExpression expression, MethodInfo method, IReadOnlyList`1 arguments, Boolean exactGenericTypeArguments, Boolean skipMatcherInitialization, Boolean allowNonOverridable) in /_/src/Moq/MethodExpectation.cs:line 87
   at Moq.ExpressionExtensions.&lt;Split&gt;g__Split|5_0(Expression e, Expression&amp; r, MethodExpectation&amp; p, Boolean assignment, Boolean allowNonOverridableLastProperty) in /_/src/Moq/ExpressionExtensions.cs:line 326
   at Moq.ExpressionExtensions.Split(LambdaExpression expression, Boolean allowNonOverridableLastProperty) in /_/src/Moq/ExpressionExtensions.cs:line 149
   at Moq.Mock.SetupRecursive[TSetup](Mock mock, LambdaExpression expression, Func`4 setupLast, Boolean allowNonOverridableLastProperty) in /_/src/Moq/Mock.cs:line 645
   at Moq.Mock.Setup(Mock mock, LambdaExpression expression, Condition condition) in /_/src/Moq/Mock.cs:line 500
   at Moq.Mock.SetupGet(Mock mock, LambdaExpression expression, Condition condition) in /_/src/Moq/Mock.cs:line 518
   at Moq.Mock`1.SetupGet[TProperty](Expression`1 expression) in /_/src/Moq/Mock`1.cs:line 473
   at Aula.Tests.Bots.TelegramTestMessageFactory.CreateTextMessage(Int64 chatId, String text, ChatType chatType, Int32 messageId, String firstName, String username) in /mnt/d/git/aula/src/Aula.Tests/Bots/TelegramTestMessageFactory.cs:line 18
   at Aula.Tests.Bots.TelegramMessageHandlerTests.HandleMessageAsync_WithGroupChat_HandlesCorrectly() in /mnt/d/git/aula/src/Aula.Tests/Bots/TelegramMessageHandlerTests.cs:line 402
--- End of stack trace from previous location ---</StackTrace>
        </ErrorInfo>
      </Output>
    </UnitTestResult>
    <UnitTestResult executionId="f8e272b5-0d19-4374-a2b9-9924ab1518b4" testId="3114fd40-71ce-994b-9259-eabf8239901e" testName="Aula.Tests.Utilities.IntentAnalysisPromptsTests.AnalysisTemplate_ContainsRequiredPlaceholders" computerName="RHO-DESKTOP" duration="00:00:00.0001760" startTime="2025-06-30T19:20:51.4484103+02:00" endTime="2025-06-30T19:20:51.4484104+02:00" testType="13cdc9d9-ddb5-4fa4-a97d-d965ccfc6d4b" outcome="Passed" testListId="8c84fa94-04c1-424b-9868-57a2d4851a1d" relativeResultsDirectory="f8e272b5-0d19-4374-a2b9-9924ab1518b4" />
    <UnitTestResult executionId="1a1a530b-6caa-4417-8e61-90c32a6da624" testId="7a4330b4-d3d2-d308-8e2d-3815d3c67d0f" testName="Aula.Tests.Channels.TelegramClientTests.Constructor_WithVariousTokens_DoesNotThrow(token: &quot;987654321:XXYYZZ&quot;)" computerName="RHO-DESKTOP" duration="00:00:00.0004062" startTime="2025-06-30T19:20:51.5382197+02:00" endTime="2025-06-30T19:20:51.5382199+02:00" testType="13cdc9d9-ddb5-4fa4-a97d-d965ccfc6d4b" outcome="Passed" testListId="8c84fa94-04c1-424b-9868-57a2d4851a1d" relativeResultsDirectory="1a1a530b-6caa-4417-8e61-90c32a6da624" />
    <UnitTestResult executionId="7ea1f8c5-0837-4722-addc-312280473f8a" testId="be0934fb-3e5b-c412-9765-2aa4cc2f45a7" testName="Aula.Tests.Services.DataModelTests.Reminder_CreatedBy_HandlesValues(createdBy: &quot;user&quot;, shouldAccept: True)" computerName="RHO-DESKTOP" duration="00:00:00.0000056" startTime="2025-06-30T19:20:50.8565628+02:00" endTime="2025-06-30T19:20:50.8565629+02:00" testType="13cdc9d9-ddb5-4fa4-a97d-d965ccfc6d4b" outcome="Passed" testListId="8c84fa94-04c1-424b-9868-57a2d4851a1d" relativeResultsDirectory="7ea1f8c5-0837-4722-addc-312280473f8a" />
    <UnitTestResult executionId="8eb5cbed-2c9f-44ed-ba33-c3dbf0940d6c" testId="40ac891b-3aed-7213-ed1d-840834b3000d" testName="Aula.Tests.Bots.TelegramMessageHandlerTests.HandleMessageAsync_WithValidQuery_ProcessesSuccessfully(queryText: &quot;Vis ugeplanen&quot;)" computerName="RHO-DESKTOP" duration="00:00:00.0026154" startTime="2025-06-30T19:20:51.2661589+02:00" endTime="2025-06-30T19:20:51.2661590+02:00" testType="13cdc9d9-ddb5-4fa4-a97d-d965ccfc6d4b" outcome="Failed" testListId="8c84fa94-04c1-424b-9868-57a2d4851a1d" relativeResultsDirectory="8eb5cbed-2c9f-44ed-ba33-c3dbf0940d6c">
      <Output>
        <ErrorInfo>
          <Message>System.NotSupportedException : Unsupported expression: u =&gt; u.Id&#xD;
Non-overridable members (here: User.get_Id) may not be used in setup / verification expressions.</Message>
          <StackTrace>   at Moq.Guard.IsOverridable(MethodInfo method, Expression expression) in /_/src/Moq/Guard.cs:line 99
   at Moq.MethodExpectation..ctor(LambdaExpression expression, MethodInfo method, IReadOnlyList`1 arguments, Boolean exactGenericTypeArguments, Boolean skipMatcherInitialization, Boolean allowNonOverridable) in /_/src/Moq/MethodExpectation.cs:line 87
   at Moq.ExpressionExtensions.&lt;Split&gt;g__Split|5_0(Expression e, Expression&amp; r, MethodExpectation&amp; p, Boolean assignment, Boolean allowNonOverridableLastProperty) in /_/src/Moq/ExpressionExtensions.cs:line 326
   at Moq.ExpressionExtensions.Split(LambdaExpression expression, Boolean allowNonOverridableLastProperty) in /_/src/Moq/ExpressionExtensions.cs:line 149
   at Moq.Mock.SetupRecursive[TSetup](Mock mock, LambdaExpression expression, Func`4 setupLast, Boolean allowNonOverridableLastProperty) in /_/src/Moq/Mock.cs:line 645
   at Moq.Mock.Setup(Mock mock, LambdaExpression expression, Condition condition) in /_/src/Moq/Mock.cs:line 500
   at Moq.Mock.SetupGet(Mock mock, LambdaExpression expression, Condition condition) in /_/src/Moq/Mock.cs:line 518
   at Moq.Mock`1.SetupGet[TProperty](Expression`1 expression) in /_/src/Moq/Mock`1.cs:line 473
   at Aula.Tests.Bots.TelegramTestMessageFactory.CreateTextMessage(Int64 chatId, String text, ChatType chatType, Int32 messageId, String firstName, String username) in /mnt/d/git/aula/src/Aula.Tests/Bots/TelegramTestMessageFactory.cs:line 18
   at Aula.Tests.Bots.TelegramMessageHandlerTests.HandleMessageAsync_WithValidQuery_ProcessesSuccessfully(String queryText) in /mnt/d/git/aula/src/Aula.Tests/Bots/TelegramMessageHandlerTests.cs:line 318
--- End of stack trace from previous location ---</StackTrace>
        </ErrorInfo>
      </Output>
    </UnitTestResult>
    <UnitTestResult executionId="b5cddd17-be43-4247-9955-8b4dc4b29499" testId="70db4613-e64a-610c-c0a7-4aad6b8acc12" testName="Aula.Tests.Channels.SlackBotTests.SendTestMessage_WithVariousMessages_DoesNotThrow(message: &quot;Message with special chars: @#$%&quot;)" computerName="RHO-DESKTOP" duration="00:00:00.0002019" startTime="2025-06-30T19:20:51.6198310+02:00" endTime="2025-06-30T19:20:51.6198312+02:00" testType="13cdc9d9-ddb5-4fa4-a97d-d965ccfc6d4b" outcome="Passed" testListId="8c84fa94-04c1-424b-9868-57a2d4851a1d" relativeResultsDirectory="b5cddd17-be43-4247-9955-8b4dc4b29499" />
    <UnitTestResult executionId="7034f09d-b34d-49c9-bfa6-9f519a8a50be" testId="601e1164-bd7e-9e7d-f167-9c3fcbc6ad4f" testName="Aula.Tests.Services.DataModelTests.PostedLetter_WeekNumberValidation_ReturnsExpectedResult(weekNumber: 25, year: 2022, isValid: True)" computerName="RHO-DESKTOP" duration="00:00:00.0044631" startTime="2025-06-30T19:20:50.8601504+02:00" endTime="2025-06-30T19:20:50.8601505+02:00" testType="13cdc9d9-ddb5-4fa4-a97d-d965ccfc6d4b" outcome="Passed" testListId="8c84fa94-04c1-424b-9868-57a2d4851a1d" relativeResultsDirectory="7034f09d-b34d-49c9-bfa6-9f519a8a50be" />
    <UnitTestResult executionId="1385083c-7a29-4c94-8422-ac9d1b5a6dd0" testId="9c588f7d-a367-036e-096a-5d287bfe9650" testName="Aula.Tests.Scheduling.SchedulingServiceIntegrationTests.StartAsync_WhenCalled_LogsCorrectMessage" computerName="RHO-DESKTOP" duration="00:00:00.0092041" startTime="2025-06-30T19:20:50.9614265+02:00" endTime="2025-06-30T19:20:50.9614270+02:00" testType="13cdc9d9-ddb5-4fa4-a97d-d965ccfc6d4b" outcome="Passed" testListId="8c84fa94-04c1-424b-9868-57a2d4851a1d" relativeResultsDirectory="1385083c-7a29-4c94-8422-ac9d1b5a6dd0" />
    <UnitTestResult executionId="377b4a34-e98b-4ab0-a270-76150dee9537" testId="300a05eb-8716-d1e6-2195-bbd82e0c4f9b" testName="Aula.Tests.Services.OpenAiServiceTests.OpenAiService_Constructor_WithNullApiKey_ThrowsException" computerName="RHO-DESKTOP" duration="00:00:00.1747071" startTime="2025-06-30T19:20:50.9370728+02:00" endTime="2025-06-30T19:20:50.9370729+02:00" testType="13cdc9d9-ddb5-4fa4-a97d-d965ccfc6d4b" outcome="Passed" testListId="8c84fa94-04c1-424b-9868-57a2d4851a1d" relativeResultsDirectory="377b4a34-e98b-4ab0-a270-76150dee9537" />
    <UnitTestResult executionId="241fa762-7272-4955-927b-3924876bcc72" testId="7bb5033b-053d-57a5-c00e-279f476a8835" testName="Aula.Tests.Utilities.ConversationContextManagerTests.UpdateContext_WithDefaultParameters_SetsCorrectDefaults" computerName="RHO-DESKTOP" duration="00:00:00.0015305" startTime="2025-06-30T19:20:51.0437053+02:00" endTime="2025-06-30T19:20:51.0437054+02:00" testType="13cdc9d9-ddb5-4fa4-a97d-d965ccfc6d4b" outcome="Passed" testListId="8c84fa94-04c1-424b-9868-57a2d4851a1d" relativeResultsDirectory="241fa762-7272-4955-927b-3924876bcc72" />
    <UnitTestResult executionId="50c9bf34-c893-4a23-8af0-311734489cba" testId="b7bbbe98-91af-7dec-8966-b09bed25d558" testName="Aula.Tests.Channels.TelegramClientTests.SendMessageToChannel_WithVariousChannelIds_DoesNotThrow(channelId: &quot;-1001234567890&quot;)" computerName="RHO-DESKTOP" duration="00:00:00.1467462" startTime="2025-06-30T19:20:51.5331504+02:00" endTime="2025-06-30T19:20:51.5331506+02:00" testType="13cdc9d9-ddb5-4fa4-a97d-d965ccfc6d4b" outcome="Passed" testListId="8c84fa94-04c1-424b-9868-57a2d4851a1d" relativeResultsDirectory="50c9bf34-c893-4a23-8af0-311734489cba" />
    <UnitTestResult executionId="51f34fa8-31e1-4389-823c-4d87f6c3a515" testId="d56dd742-e931-0f4c-26ba-408458db3851" testName="Aula.Tests.Services.DataModelTests.ScheduledTask_CronExpression_CanBeSet(cronExpression: &quot;0 9 * * 1-5&quot;, description: &quot;Daily at 9 AM on weekdays&quot;)" computerName="RHO-DESKTOP" duration="00:00:00.0002515" startTime="2025-06-30T19:20:50.8514947+02:00" endTime="2025-06-30T19:20:50.8514947+02:00" testType="13cdc9d9-ddb5-4fa4-a97d-d965ccfc6d4b" outcome="Passed" testListId="8c84fa94-04c1-424b-9868-57a2d4851a1d" relativeResultsDirectory="51f34fa8-31e1-4389-823c-4d87f6c3a515" />
    <UnitTestResult executionId="7789a6e1-0064-46ae-bb33-450fe82772e6" testId="d5b8733f-7ffb-19e9-63c1-4570e58b1a99" testName="Aula.Tests.Utilities.ReminderExtractionPromptsTests.GetExtractionPrompt_WithVariousCurrentTimes_CalculatesRelativeDatesCorrectly(currentTimeStr: &quot;2025-06-30 14:30:00&quot;)" computerName="RHO-DESKTOP" duration="00:00:00.0001704" startTime="2025-06-30T19:20:51.3587457+02:00" endTime="2025-06-30T19:20:51.3587459+02:00" testType="13cdc9d9-ddb5-4fa4-a97d-d965ccfc6d4b" outcome="Passed" testListId="8c84fa94-04c1-424b-9868-57a2d4851a1d" relativeResultsDirectory="7789a6e1-0064-46ae-bb33-450fe82772e6" />
    <UnitTestResult executionId="ba88fa9d-05f3-44be-82b2-35dbb89e4bfc" testId="ff95ed9b-b21e-cfc2-30db-e8fe216a909d" testName="Aula.Tests.Services.DataModelTests.PostedLetter_WeekNumberValidation_ReturnsExpectedResult(weekNumber: 1, year: 2023, isValid: True)" computerName="RHO-DESKTOP" duration="00:00:00.0005375" startTime="2025-06-30T19:20:50.8609629+02:00" endTime="2025-06-30T19:20:50.8609630+02:00" testType="13cdc9d9-ddb5-4fa4-a97d-d965ccfc6d4b" outcome="Passed" testListId="8c84fa94-04c1-424b-9868-57a2d4851a1d" relativeResultsDirectory="ba88fa9d-05f3-44be-82b2-35dbb89e4bfc" />
    <UnitTestResult executionId="df6d53ef-ddc0-49f5-bf5a-4235a920b85f" testId="1165a140-06de-3614-5098-865084a74fa6" testName="Aula.Tests.Channels.SlackBotTests.SendTestMessage_WithVariousMessages_DoesNotThrow(message: &quot;&quot;)" computerName="RHO-DESKTOP" duration="00:00:00.0005471" startTime="2025-06-30T19:20:51.6183088+02:00" endTime="2025-06-30T19:20:51.6183090+02:00" testType="13cdc9d9-ddb5-4fa4-a97d-d965ccfc6d4b" outcome="Passed" testListId="8c84fa94-04c1-424b-9868-57a2d4851a1d" relativeResultsDirectory="df6d53ef-ddc0-49f5-bf5a-4235a920b85f" />
    <UnitTestResult executionId="b0ce4d97-21a5-4d1e-a141-1ca4d9552c12" testId="2cec1e41-be18-3fa0-9996-473f9652882f" testName="Aula.Tests.Configuration.ConfigurationTests.GoogleServiceAccount_RequiredFields_ArePresent" computerName="RHO-DESKTOP" duration="00:00:00.0055148" startTime="2025-06-30T19:20:51.9502183+02:00" endTime="2025-06-30T19:20:51.9502185+02:00" testType="13cdc9d9-ddb5-4fa4-a97d-d965ccfc6d4b" outcome="Passed" testListId="8c84fa94-04c1-424b-9868-57a2d4851a1d" relativeResultsDirectory="b0ce4d97-21a5-4d1e-a141-1ca4d9552c12" />
    <UnitTestResult executionId="bc6de7f3-fcb6-4a23-b127-40ab89c17d2e" testId="f09b7cd5-4ae8-422c-8772-5a55d24c9ade" testName="Aula.Tests.Tools.ReminderCommandHandlerTests.TryHandleReminderCommand_NonReminderCommands_ReturnsFalse(command: &quot;hello world&quot;)" computerName="RHO-DESKTOP" duration="00:00:00.0000826" startTime="2025-06-30T19:20:51.5565076+02:00" endTime="2025-06-30T19:20:51.5565078+02:00" testType="13cdc9d9-ddb5-4fa4-a97d-d965ccfc6d4b" outcome="Passed" testListId="8c84fa94-04c1-424b-9868-57a2d4851a1d" relativeResultsDirectory="bc6de7f3-fcb6-4a23-b127-40ab89c17d2e" />
    <UnitTestResult executionId="9fe703fc-aa21-493a-9db0-0ea671b647d6" testId="e668ce24-c1a0-98ca-9d76-99447ce236e8" testName="Aula.Tests.Utilities.IntentAnalysisPromptsTests.ToolExamples_CoverExpectedUseCase(expectedKey: &quot;CREATE_REMINDER&quot;, queryPattern: &quot;remind&quot;)" computerName="RHO-DESKTOP" duration="00:00:00.0012652" startTime="2025-06-30T19:20:51.3694868+02:00" endTime="2025-06-30T19:20:51.3694869+02:00" testType="13cdc9d9-ddb5-4fa4-a97d-d965ccfc6d4b" outcome="Passed" testListId="8c84fa94-04c1-424b-9868-57a2d4851a1d" relativeResultsDirectory="9fe703fc-aa21-493a-9db0-0ea671b647d6" />
    <UnitTestResult executionId="9bd84164-1451-4f5b-9803-76250951c5ea" testId="d3be5396-2e22-40ea-fb50-3295c468f33c" testName="Aula.Tests.Utilities.DateTimeUtilitiesTests.GetDanishDayName_InvalidDayOfWeek_ReturnsUnknownDay" computerName="RHO-DESKTOP" duration="00:00:00.0002339" startTime="2025-06-30T19:20:51.3675900+02:00" endTime="2025-06-30T19:20:51.3675900+02:00" testType="13cdc9d9-ddb5-4fa4-a97d-d965ccfc6d4b" outcome="Passed" testListId="8c84fa94-04c1-424b-9868-57a2d4851a1d" relativeResultsDirectory="9bd84164-1451-4f5b-9803-76250951c5ea" />
    <UnitTestResult executionId="1c8ec6bf-cd83-4602-be85-a81e6263b8ad" testId="0ff92f6a-cd59-c2b9-9aae-29a9878a50a7" testName="Aula.Tests.Bots.TelegramInteractiveBotTests.ComputeHash_WithDifferentInputs_ReturnsConsistentHashes(input: &quot;Test content 2&quot;)" computerName="RHO-DESKTOP" duration="00:00:00.0016345" startTime="2025-06-30T19:20:52.4152429+02:00" endTime="2025-06-30T19:20:52.4152448+02:00" testType="13cdc9d9-ddb5-4fa4-a97d-d965ccfc6d4b" outcome="Passed" testListId="8c84fa94-04c1-424b-9868-57a2d4851a1d" relativeResultsDirectory="1c8ec6bf-cd83-4602-be85-a81e6263b8ad" />
    <UnitTestResult executionId="9ab80102-91e7-4231-8517-c326b21118ca" testId="4215f164-2029-10cd-3890-50362921a7d9" testName="Aula.Tests.Channels.SlackBotTests.PostWeekLetter_WithValidInputs_DoesNotThrow" computerName="RHO-DESKTOP" duration="00:00:00.0012879" startTime="2025-06-30T19:20:51.5885824+02:00" endTime="2025-06-30T19:20:51.5885826+02:00" testType="13cdc9d9-ddb5-4fa4-a97d-d965ccfc6d4b" outcome="Passed" testListId="8c84fa94-04c1-424b-9868-57a2d4851a1d" relativeResultsDirectory="9ab80102-91e7-4231-8517-c326b21118ca" />
    <UnitTestResult executionId="469f9bba-252e-410d-829e-601b8e90357f" testId="a415fe92-f44b-9cd9-fda2-e5c7020144da" testName="Aula.Tests.Utilities.Html2SlackMarkdownConverterTests.Convert_WithNullInput_ReturnsEmptyString" computerName="RHO-DESKTOP" duration="00:00:00.0001859" startTime="2025-06-30T19:20:51.6644260+02:00" endTime="2025-06-30T19:20:51.6644263+02:00" testType="13cdc9d9-ddb5-4fa4-a97d-d965ccfc6d4b" outcome="Passed" testListId="8c84fa94-04c1-424b-9868-57a2d4851a1d" relativeResultsDirectory="469f9bba-252e-410d-829e-601b8e90357f" />
    <UnitTestResult executionId="01303632-9e37-456c-bff8-6ff9092caf80" testId="d2fd3d18-963d-6ba7-e216-54d46cb5c046" testName="Aula.Tests.Utilities.ReminderExtractionPromptsTests.GetExtractionPrompt_WithDifferentMinuteOffsets_CalculatesCorrectly(minutes: 60)" computerName="RHO-DESKTOP" duration="00:00:00.0003081" startTime="2025-06-30T19:20:51.3627949+02:00" endTime="2025-06-30T19:20:51.3627950+02:00" testType="13cdc9d9-ddb5-4fa4-a97d-d965ccfc6d4b" outcome="Passed" testListId="8c84fa94-04c1-424b-9868-57a2d4851a1d" relativeResultsDirectory="01303632-9e37-456c-bff8-6ff9092caf80" />
    <UnitTestResult executionId="9b32bc20-7f24-42fc-8c97-a7b5d1e94d90" testId="83b73832-4937-bb84-c164-437b53d65a63" testName="Aula.Tests.Utilities.FollowUpQuestionDetectorTests.IsFollowUpQuestion_WithStartingFollowUpWords_ReturnsTrue(input: &quot;og Emma&quot;)" computerName="RHO-DESKTOP" duration="00:00:00.0000454" startTime="2025-06-30T19:20:50.9174447+02:00" endTime="2025-06-30T19:20:50.9174448+02:00" testType="13cdc9d9-ddb5-4fa4-a97d-d965ccfc6d4b" outcome="Passed" testListId="8c84fa94-04c1-424b-9868-57a2d4851a1d" relativeResultsDirectory="9b32bc20-7f24-42fc-8c97-a7b5d1e94d90" />
    <UnitTestResult executionId="74e6b78a-afc5-4a7c-9d0a-4bda973ca87b" testId="42449a83-52ee-ffac-180b-a8106bf3af88" testName="Aula.Tests.Services.SupabaseServiceTests.WeekLetterParameters_WithValidValues_AreInValidRange(childName: &quot;AnotherChild&quot;, weekNumber: 1, year: 2024)" computerName="RHO-DESKTOP" duration="00:00:00.0004201" startTime="2025-06-30T19:20:51.2494175+02:00" endTime="2025-06-30T19:20:51.2494177+02:00" testType="13cdc9d9-ddb5-4fa4-a97d-d965ccfc6d4b" outcome="Passed" testListId="8c84fa94-04c1-424b-9868-57a2d4851a1d" relativeResultsDirectory="74e6b78a-afc5-4a7c-9d0a-4bda973ca87b" />
    <UnitTestResult executionId="5c59c6b0-1b6c-42d0-bbfd-5c642d132fd5" testId="5999bd3d-fee4-c596-3611-a7bc16bc4fdd" testName="Aula.Tests.Bots.TelegramMessageHandlerTests.HandleMessageAsync_WithPrivateChat_HandlesCorrectly" computerName="RHO-DESKTOP" duration="00:00:00.0265167" startTime="2025-06-30T19:20:51.3612985+02:00" endTime="2025-06-30T19:20:51.3612987+02:00" testType="13cdc9d9-ddb5-4fa4-a97d-d965ccfc6d4b" outcome="Failed" testListId="8c84fa94-04c1-424b-9868-57a2d4851a1d" relativeResultsDirectory="5c59c6b0-1b6c-42d0-bbfd-5c642d132fd5">
      <Output>
        <ErrorInfo>
          <Message>System.NotSupportedException : Unsupported expression: u =&gt; u.Id&#xD;
Non-overridable members (here: User.get_Id) may not be used in setup / verification expressions.</Message>
          <StackTrace>   at Moq.Guard.IsOverridable(MethodInfo method, Expression expression) in /_/src/Moq/Guard.cs:line 99
   at Moq.MethodExpectation..ctor(LambdaExpression expression, MethodInfo method, IReadOnlyList`1 arguments, Boolean exactGenericTypeArguments, Boolean skipMatcherInitialization, Boolean allowNonOverridable) in /_/src/Moq/MethodExpectation.cs:line 87
   at Moq.ExpressionExtensions.&lt;Split&gt;g__Split|5_0(Expression e, Expression&amp; r, MethodExpectation&amp; p, Boolean assignment, Boolean allowNonOverridableLastProperty) in /_/src/Moq/ExpressionExtensions.cs:line 326
   at Moq.ExpressionExtensions.Split(LambdaExpression expression, Boolean allowNonOverridableLastProperty) in /_/src/Moq/ExpressionExtensions.cs:line 149
   at Moq.Mock.SetupRecursive[TSetup](Mock mock, LambdaExpression expression, Func`4 setupLast, Boolean allowNonOverridableLastProperty) in /_/src/Moq/Mock.cs:line 645
   at Moq.Mock.Setup(Mock mock, LambdaExpression expression, Condition condition) in /_/src/Moq/Mock.cs:line 500
   at Moq.Mock.SetupGet(Mock mock, LambdaExpression expression, Condition condition) in /_/src/Moq/Mock.cs:line 518
   at Moq.Mock`1.SetupGet[TProperty](Expression`1 expression) in /_/src/Moq/Mock`1.cs:line 473
   at Aula.Tests.Bots.TelegramTestMessageFactory.CreateTextMessage(Int64 chatId, String text, ChatType chatType, Int32 messageId, String firstName, String username) in /mnt/d/git/aula/src/Aula.Tests/Bots/TelegramTestMessageFactory.cs:line 18
   at Aula.Tests.Bots.TelegramMessageHandlerTests.HandleMessageAsync_WithPrivateChat_HandlesCorrectly() in /mnt/d/git/aula/src/Aula.Tests/Bots/TelegramMessageHandlerTests.cs:line 382
--- End of stack trace from previous location ---</StackTrace>
        </ErrorInfo>
      </Output>
    </UnitTestResult>
    <UnitTestResult executionId="8952ec52-43d9-48ed-98cc-e44cf6dab73c" testId="3e382f98-ef8c-4926-27b6-c03a83290bad" testName="Aula.Tests.Utilities.FollowUpQuestionDetectorTests.IsFollowUpQuestion_WithEnglishFollowUpPhrases_ReturnsTrue(input: &quot;how about Liam&quot;)" computerName="RHO-DESKTOP" duration="00:00:00.0000611" startTime="2025-06-30T19:20:50.9025385+02:00" endTime="2025-06-30T19:20:50.9025387+02:00" testType="13cdc9d9-ddb5-4fa4-a97d-d965ccfc6d4b" outcome="Passed" testListId="8c84fa94-04c1-424b-9868-57a2d4851a1d" relativeResultsDirectory="8952ec52-43d9-48ed-98cc-e44cf6dab73c" />
    <UnitTestResult executionId="33f83762-fd51-401f-b2fa-0940e6c140cd" testId="e23a0f35-3922-f8cd-3202-bdb40b27bd1c" testName="Aula.Tests.Integration.AgentServiceTests.GetWeekLetterAsync_FetchesAndCachesData_WhenNotCached" computerName="RHO-DESKTOP" duration="00:00:00.0256611" startTime="2025-06-30T19:20:51.6450189+02:00" endTime="2025-06-30T19:20:51.6450190+02:00" testType="13cdc9d9-ddb5-4fa4-a97d-d965ccfc6d4b" outcome="Passed" testListId="8c84fa94-04c1-424b-9868-57a2d4851a1d" relativeResultsDirectory="33f83762-fd51-401f-b2fa-0940e6c140cd" />
    <UnitTestResult executionId="0e8a63d2-049c-4ec1-8156-3ed8184e1f20" testId="89236559-f3ef-d084-fa13-c204061f03bf" testName="Aula.Tests.Utilities.Html2SlackMarkdownConverterTests.Convert_WithNestedTags_RemovesCorrectly" computerName="RHO-DESKTOP" duration="00:00:00.1270347" startTime="2025-06-30T19:20:51.5427193+02:00" endTime="2025-06-30T19:20:51.5427195+02:00" testType="13cdc9d9-ddb5-4fa4-a97d-d965ccfc6d4b" outcome="Passed" testListId="8c84fa94-04c1-424b-9868-57a2d4851a1d" relativeResultsDirectory="0e8a63d2-049c-4ec1-8156-3ed8184e1f20" />
    <UnitTestResult executionId="b39debc3-20e9-458d-9823-82fa056d07f1" testId="391811a1-8187-f3dc-88b6-23bab4f2be23" testName="Aula.Tests.Scheduling.SchedulingServiceTests.StartAsync_CallsGetPendingRemindersAsync_AtLeastOnce" computerName="RHO-DESKTOP" duration="00:00:00.1579389" startTime="2025-06-30T19:20:51.6324843+02:00" endTime="2025-06-30T19:20:51.6324844+02:00" testType="13cdc9d9-ddb5-4fa4-a97d-d965ccfc6d4b" outcome="Passed" testListId="8c84fa94-04c1-424b-9868-57a2d4851a1d" relativeResultsDirectory="b39debc3-20e9-458d-9823-82fa056d07f1" />
    <UnitTestResult executionId="c37f5cbf-da92-45bc-af76-42a64a1b77a5" testId="8113e2b7-9bbc-43f2-b5f4-05d3d720e278" testName="Aula.Tests.Utilities.Html2SlackMarkdownConverterTests.Convert_WithMalformedHtml_HandlesGracefully" computerName="RHO-DESKTOP" duration="00:00:00.0026207" startTime="2025-06-30T19:20:51.6886246+02:00" endTime="2025-06-30T19:20:51.6886248+02:00" testType="13cdc9d9-ddb5-4fa4-a97d-d965ccfc6d4b" outcome="Passed" testListId="8c84fa94-04c1-424b-9868-57a2d4851a1d" relativeResultsDirectory="c37f5cbf-da92-45bc-af76-42a64a1b77a5" />
    <UnitTestResult executionId="61f6fc6a-cb94-4627-8d73-920766b89a60" testId="e2cf5630-e05d-ce3d-d438-0bd261dc3937" testName="Aula.Tests.Channels.SlackBotTests.SendTestMessage_WithMessage_DoesNotThrow" computerName="RHO-DESKTOP" duration="00:00:00.0006900" startTime="2025-06-30T19:20:51.6270014+02:00" endTime="2025-06-30T19:20:51.6270015+02:00" testType="13cdc9d9-ddb5-4fa4-a97d-d965ccfc6d4b" outcome="Passed" testListId="8c84fa94-04c1-424b-9868-57a2d4851a1d" relativeResultsDirectory="61f6fc6a-cb94-4627-8d73-920766b89a60" />
    <UnitTestResult executionId="dace90e2-7d8a-494e-a305-f929944d2b23" testId="03bbc808-1107-fcc9-1fac-bc3ec3fc1e9f" testName="Aula.Tests.Bots.TelegramInteractiveBotTests.Constructor_WithNullAgentService_ThrowsArgumentNullException" computerName="RHO-DESKTOP" duration="00:00:00.0015184" startTime="2025-06-30T19:20:51.4490071+02:00" endTime="2025-06-30T19:20:51.4490072+02:00" testType="13cdc9d9-ddb5-4fa4-a97d-d965ccfc6d4b" outcome="Passed" testListId="8c84fa94-04c1-424b-9868-57a2d4851a1d" relativeResultsDirectory="dace90e2-7d8a-494e-a305-f929944d2b23" />
    <UnitTestResult executionId="245ae89c-9876-4d65-a43e-7bbd98b41a19" testId="7c385ac2-1fdf-ebb2-6450-e82cd794ae73" testName="Aula.Tests.Services.OpenAiServiceTests.OpenAiService_Internal_Constructor_CanBeUsedForTesting" computerName="RHO-DESKTOP" duration="00:00:00.0012171" startTime="2025-06-30T19:20:51.0159718+02:00" endTime="2025-06-30T19:20:51.0159720+02:00" testType="13cdc9d9-ddb5-4fa4-a97d-d965ccfc6d4b" outcome="Passed" testListId="8c84fa94-04c1-424b-9868-57a2d4851a1d" relativeResultsDirectory="245ae89c-9876-4d65-a43e-7bbd98b41a19" />
    <UnitTestResult executionId="d8f48790-34cc-42b4-b698-cdfcbca192d5" testId="69c84318-c2ea-bbfb-2ff5-e086da7c5805" testName="Aula.Tests.Configuration.ConfigurationTests.OpenAi_ConfigurationIsCorrect" computerName="RHO-DESKTOP" duration="00:00:00.0065368" startTime="2025-06-30T19:20:51.8599630+02:00" endTime="2025-06-30T19:20:51.8599635+02:00" testType="13cdc9d9-ddb5-4fa4-a97d-d965ccfc6d4b" outcome="Passed" testListId="8c84fa94-04c1-424b-9868-57a2d4851a1d" relativeResultsDirectory="d8f48790-34cc-42b4-b698-cdfcbca192d5" />
    <UnitTestResult executionId="d5cbbe0b-bbd7-4533-b55b-e38fb669d087" testId="d1f304ff-bc66-281d-07dd-5db7fd1f9503" testName="Aula.Tests.Channels.TelegramClientTests.SendMessageToChannel_WithVariousMessages_DoesNotThrow(message: &quot;&quot;)" computerName="RHO-DESKTOP" duration="00:00:00.0004029" startTime="2025-06-30T19:20:51.5668040+02:00" endTime="2025-06-30T19:20:51.5668041+02:00" testType="13cdc9d9-ddb5-4fa4-a97d-d965ccfc6d4b" outcome="Passed" testListId="8c84fa94-04c1-424b-9868-57a2d4851a1d" relativeResultsDirectory="d5cbbe0b-bbd7-4533-b55b-e38fb669d087" />
    <UnitTestResult executionId="e8bb0c03-fe58-4726-af5a-336036c02a1e" testId="7badf018-cb0a-dbe2-46e3-595e2e7a967d" testName="Aula.Tests.Utilities.FollowUpQuestionDetectorTests.IsFollowUpQuestion_WithShortFollowUps_ReturnsTrue(input: &quot;OK&quot;)" computerName="RHO-DESKTOP" duration="00:00:00.0002955" startTime="2025-06-30T19:20:50.9052721+02:00" endTime="2025-06-30T19:20:50.9052722+02:00" testType="13cdc9d9-ddb5-4fa4-a97d-d965ccfc6d4b" outcome="Passed" testListId="8c84fa94-04c1-424b-9868-57a2d4851a1d" relativeResultsDirectory="e8bb0c03-fe58-4726-af5a-336036c02a1e" />
    <UnitTestResult executionId="a53cbeee-0d49-4d7d-8222-1da7e979ee8c" testId="f98f128e-bc4d-8b9e-2582-4a4421f13428" testName="Aula.Tests.Utilities.IntentAnalysisPromptsTests.AnalysisTemplate_ContainsInstructionsForBothResponseTypes" computerName="RHO-DESKTOP" duration="00:00:00.0003586" startTime="2025-06-30T19:20:51.4562620+02:00" endTime="2025-06-30T19:20:51.4562621+02:00" testType="13cdc9d9-ddb5-4fa4-a97d-d965ccfc6d4b" outcome="Passed" testListId="8c84fa94-04c1-424b-9868-57a2d4851a1d" relativeResultsDirectory="a53cbeee-0d49-4d7d-8222-1da7e979ee8c" />
    <UnitTestResult executionId="bb9e73a1-591b-41ae-ab10-5984390606a8" testId="67c18331-6034-9aef-22c0-19f657f72f8b" testName="Aula.Tests.Utilities.FollowUpQuestionDetectorTests.IsFollowUpQuestion_WithoutFollowUpPhrases_ReturnsFalse(input: &quot;goodbye&quot;)" computerName="RHO-DESKTOP" duration="00:00:00.0000793" startTime="2025-06-30T19:20:50.9210515+02:00" endTime="2025-06-30T19:20:50.9210516+02:00" testType="13cdc9d9-ddb5-4fa4-a97d-d965ccfc6d4b" outcome="Passed" testListId="8c84fa94-04c1-424b-9868-57a2d4851a1d" relativeResultsDirectory="bb9e73a1-591b-41ae-ab10-5984390606a8" />
    <UnitTestResult executionId="59d6d3c1-40b6-4b5c-b13c-b6a9c42b60d3" testId="d0d86c84-495f-8b36-1e1b-b8ecd9346ea3" testName="Aula.Tests.Utilities.DateTimeUtilitiesTests.GetDanishDayName_ValidDayOfWeek_ReturnsCorrectDanishName(dayOfWeek: Monday, expectedDanishName: &quot;mandag&quot;)" computerName="RHO-DESKTOP" duration="00:00:00.0005310" startTime="2025-06-30T19:20:51.3102338+02:00" endTime="2025-06-30T19:20:51.3102340+02:00" testType="13cdc9d9-ddb5-4fa4-a97d-d965ccfc6d4b" outcome="Passed" testListId="8c84fa94-04c1-424b-9868-57a2d4851a1d" relativeResultsDirectory="59d6d3c1-40b6-4b5c-b13c-b6a9c42b60d3" />
    <UnitTestResult executionId="ec91b665-da30-4a14-ba17-b39b20dfbdcd" testId="900f1247-1180-3eee-0ffc-f108426b3d75" testName="Aula.Tests.Utilities.FollowUpQuestionDetectorTests.IsFollowUpQuestion_WithShortFollowUps_ReturnsTrue(input: &quot;Okay&quot;)" computerName="RHO-DESKTOP" duration="00:00:00.0000558" startTime="2025-06-30T19:20:50.9057479+02:00" endTime="2025-06-30T19:20:50.9057480+02:00" testType="13cdc9d9-ddb5-4fa4-a97d-d965ccfc6d4b" outcome="Passed" testListId="8c84fa94-04c1-424b-9868-57a2d4851a1d" relativeResultsDirectory="ec91b665-da30-4a14-ba17-b39b20dfbdcd" />
    <UnitTestResult executionId="1317b572-6c36-4c3b-ad73-d8898dfe4af4" testId="346b4860-00f1-33ec-a1a3-5d05cc730f69" testName="Aula.Tests.Utilities.ReminderExtractionPromptsTests.GetExtractionPrompt_WithDifferentMinuteOffsets_CalculatesCorrectly(minutes: 2)" computerName="RHO-DESKTOP" duration="00:00:00.0000749" startTime="2025-06-30T19:20:51.3641389+02:00" endTime="2025-06-30T19:20:51.3641391+02:00" testType="13cdc9d9-ddb5-4fa4-a97d-d965ccfc6d4b" outcome="Passed" testListId="8c84fa94-04c1-424b-9868-57a2d4851a1d" relativeResultsDirectory="1317b572-6c36-4c3b-ad73-d8898dfe4af4" />
    <UnitTestResult executionId="d037d632-3d77-420b-af35-6fb06d6e7fe0" testId="45fb5dfe-53cd-6a22-0ca1-9597e2979720" testName="Aula.Tests.Channels.TelegramClientTests.SendMessageToChannel_WithDisabledTelegram_ReturnsFalse" computerName="RHO-DESKTOP" duration="00:00:00.0007750" startTime="2025-06-30T19:20:51.5704077+02:00" endTime="2025-06-30T19:20:51.5704078+02:00" testType="13cdc9d9-ddb5-4fa4-a97d-d965ccfc6d4b" outcome="Passed" testListId="8c84fa94-04c1-424b-9868-57a2d4851a1d" relativeResultsDirectory="d037d632-3d77-420b-af35-6fb06d6e7fe0" />
    <UnitTestResult executionId="8d6bb819-68ae-4260-a7ef-f436bd456c06" testId="a35c1648-d310-4839-ee57-c271d40d7d0e" testName="Aula.Tests.Bots.TelegramMessageHandlerTests.Constructor_WithNullAgentService_ThrowsArgumentNullException" computerName="RHO-DESKTOP" duration="00:00:00.0011876" startTime="2025-06-30T19:20:51.2867183+02:00" endTime="2025-06-30T19:20:51.2867185+02:00" testType="13cdc9d9-ddb5-4fa4-a97d-d965ccfc6d4b" outcome="Passed" testListId="8c84fa94-04c1-424b-9868-57a2d4851a1d" relativeResultsDirectory="8d6bb819-68ae-4260-a7ef-f436bd456c06" />
    <UnitTestResult executionId="91e6622b-beb1-42cf-bd35-fd998334e9dc" testId="e8058050-cbb0-edb4-84ec-77371a17e76d" testName="Aula.Tests.Services.DataModelTests.Reminder_CreatedBy_HandlesValues(createdBy: &quot;&quot;, shouldAccept: True)" computerName="RHO-DESKTOP" duration="00:00:00.0000099" startTime="2025-06-30T19:20:50.8570879+02:00" endTime="2025-06-30T19:20:50.8570881+02:00" testType="13cdc9d9-ddb5-4fa4-a97d-d965ccfc6d4b" outcome="Passed" testListId="8c84fa94-04c1-424b-9868-57a2d4851a1d" relativeResultsDirectory="91e6622b-beb1-42cf-bd35-fd998334e9dc" />
    <UnitTestResult executionId="af7f06b1-addf-4705-bb94-8a6313fc2e56" testId="3109c695-3e44-0879-5fda-41d7d17979ff" testName="Aula.Tests.Utilities.IntentAnalysisPromptsTests.ToolExamples_ContainsBothLanguages" computerName="RHO-DESKTOP" duration="00:00:00.0037447" startTime="2025-06-30T19:20:51.4284458+02:00" endTime="2025-06-30T19:20:51.4284460+02:00" testType="13cdc9d9-ddb5-4fa4-a97d-d965ccfc6d4b" outcome="Passed" testListId="8c84fa94-04c1-424b-9868-57a2d4851a1d" relativeResultsDirectory="af7f06b1-addf-4705-bb94-8a6313fc2e56" />
    <UnitTestResult executionId="ca44a73d-799d-4942-8708-0c272ed7db5c" testId="bda17d36-b490-5d6a-2ec9-eac27d02fc34" testName="Aula.Tests.Utilities.IntentAnalysisPromptsTests.ToolExamples_ContainsRequiredKeys(key: &quot;LIST_REMINDERS&quot;)" computerName="RHO-DESKTOP" duration="00:00:00.0000112" startTime="2025-06-30T19:20:51.4166069+02:00" endTime="2025-06-30T19:20:51.4166071+02:00" testType="13cdc9d9-ddb5-4fa4-a97d-d965ccfc6d4b" outcome="Passed" testListId="8c84fa94-04c1-424b-9868-57a2d4851a1d" relativeResultsDirectory="ca44a73d-799d-4942-8708-0c272ed7db5c" />
    <UnitTestResult executionId="aee58f43-88c5-41d6-9734-d3ac4d01c9fb" testId="8f432e57-8098-fcb0-9efa-55aa76700f57" testName="Aula.Tests.Services.DataModelTests.Reminder_CreatedBy_HandlesValues(createdBy: &quot;system&quot;, shouldAccept: True)" computerName="RHO-DESKTOP" duration="00:00:00.0000095" startTime="2025-06-30T19:20:50.8560404+02:00" endTime="2025-06-30T19:20:50.8560405+02:00" testType="13cdc9d9-ddb5-4fa4-a97d-d965ccfc6d4b" outcome="Passed" testListId="8c84fa94-04c1-424b-9868-57a2d4851a1d" relativeResultsDirectory="aee58f43-88c5-41d6-9734-d3ac4d01c9fb" />
    <UnitTestResult executionId="240c44c4-1c61-4e43-8e9e-433d0d49b2ae" testId="3eae7343-2bfd-b9ac-3f25-bf1944822f6f" testName="Aula.Tests.Tools.AiToolsManagerTests.DeleteReminderAsync_WithInvalidReminderNumber_ReturnsError" computerName="RHO-DESKTOP" duration="00:00:00.0079270" startTime="2025-06-30T19:20:51.4797509+02:00" endTime="2025-06-30T19:20:51.4797511+02:00" testType="13cdc9d9-ddb5-4fa4-a97d-d965ccfc6d4b" outcome="Passed" testListId="8c84fa94-04c1-424b-9868-57a2d4851a1d" relativeResultsDirectory="240c44c4-1c61-4e43-8e9e-433d0d49b2ae" />
    <UnitTestResult executionId="76115532-17c1-4c2c-a805-ade5e83e9ad1" testId="dcc46ccc-b814-743c-8b1c-539d1d47dc7f" testName="Aula.Tests.Channels.TelegramClientTests.SendMessageToChannel_WithVariousChannelIds_DoesNotThrow(channelId: &quot;123456789&quot;)" computerName="RHO-DESKTOP" duration="00:00:00.0005038" startTime="2025-06-30T19:20:51.5371816+02:00" endTime="2025-06-30T19:20:51.5371816+02:00" testType="13cdc9d9-ddb5-4fa4-a97d-d965ccfc6d4b" outcome="Passed" testListId="8c84fa94-04c1-424b-9868-57a2d4851a1d" relativeResultsDirectory="76115532-17c1-4c2c-a805-ade5e83e9ad1" />
    <UnitTestResult executionId="d6605122-6819-4e1f-bce3-91de2d2e759c" testId="f298d898-68fb-30c9-25a2-94ce20f4fdb3" testName="Aula.Tests.Utilities.WeekLetterContentExtractorTests.ExtractContent_WithMissingIndhold_ReturnsEmptyString" computerName="RHO-DESKTOP" duration="00:00:00.0002040" startTime="2025-06-30T19:20:50.9626765+02:00" endTime="2025-06-30T19:20:50.9626766+02:00" testType="13cdc9d9-ddb5-4fa4-a97d-d965ccfc6d4b" outcome="Passed" testListId="8c84fa94-04c1-424b-9868-57a2d4851a1d" relativeResultsDirectory="d6605122-6819-4e1f-bce3-91de2d2e759c" />
    <UnitTestResult executionId="a16acb9c-0698-406b-9fa7-2b64738636eb" testId="f4459af7-a3ce-b8ae-aafa-5bfa8a20da8c" testName="Aula.Tests.Utilities.ReminderExtractionPromptsTests.GetExtractionPrompt_ContainsDateTimeFormatInstructions" computerName="RHO-DESKTOP" duration="00:00:00.0003158" startTime="2025-06-30T19:20:51.3767571+02:00" endTime="2025-06-30T19:20:51.3767575+02:00" testType="13cdc9d9-ddb5-4fa4-a97d-d965ccfc6d4b" outcome="Passed" testListId="8c84fa94-04c1-424b-9868-57a2d4851a1d" relativeResultsDirectory="a16acb9c-0698-406b-9fa7-2b64738636eb" />
    <UnitTestResult executionId="4c515764-6c05-4e29-add8-27b753cdf266" testId="cfdde69f-bd6f-9d86-5859-a1ef9746cd64" testName="Aula.Tests.Utilities.JsonFormatterTests.Prettify_WithComplexNestedStructure_FormatsCorrectly" computerName="RHO-DESKTOP" duration="00:00:00.0013787" startTime="2025-06-30T19:20:51.4788703+02:00" endTime="2025-06-30T19:20:51.4788705+02:00" testType="13cdc9d9-ddb5-4fa4-a97d-d965ccfc6d4b" outcome="Passed" testListId="8c84fa94-04c1-424b-9868-57a2d4851a1d" relativeResultsDirectory="4c515764-6c05-4e29-add8-27b753cdf266" />
    <UnitTestResult executionId="255e8bf8-1464-4088-8d19-118cf5849e15" testId="b561be64-3ebf-00d7-64e3-9853e17cbf13" testName="Aula.Tests.Configuration.ConfigurationTests.UniLogin_WithInvalidCredentials_HandlesGracefully(invalidValue: &quot;   &quot;)" computerName="RHO-DESKTOP" duration="00:00:00.0064942" startTime="2025-06-30T19:20:51.7990784+02:00" endTime="2025-06-30T19:20:51.7990786+02:00" testType="13cdc9d9-ddb5-4fa4-a97d-d965ccfc6d4b" outcome="Passed" testListId="8c84fa94-04c1-424b-9868-57a2d4851a1d" relativeResultsDirectory="255e8bf8-1464-4088-8d19-118cf5849e15" />
    <UnitTestResult executionId="db8c8d06-594f-4f3d-9b6b-e72402b9c4c1" testId="ca4780e6-8c58-57b1-c829-fe54506e9793" testName="Aula.Tests.Bots.TelegramMessageHandlerTests.HandleMessageAsync_WithTextMessage_ProcessesSuccessfully" computerName="RHO-DESKTOP" duration="00:00:00.0029532" startTime="2025-06-30T19:20:51.2887143+02:00" endTime="2025-06-30T19:20:51.2887145+02:00" testType="13cdc9d9-ddb5-4fa4-a97d-d965ccfc6d4b" outcome="Failed" testListId="8c84fa94-04c1-424b-9868-57a2d4851a1d" relativeResultsDirectory="db8c8d06-594f-4f3d-9b6b-e72402b9c4c1">
      <Output>
        <ErrorInfo>
          <Message>System.NotSupportedException : Unsupported expression: u =&gt; u.Id&#xD;
Non-overridable members (here: User.get_Id) may not be used in setup / verification expressions.</Message>
          <StackTrace>   at Moq.Guard.IsOverridable(MethodInfo method, Expression expression) in /_/src/Moq/Guard.cs:line 99
   at Moq.MethodExpectation..ctor(LambdaExpression expression, MethodInfo method, IReadOnlyList`1 arguments, Boolean exactGenericTypeArguments, Boolean skipMatcherInitialization, Boolean allowNonOverridable) in /_/src/Moq/MethodExpectation.cs:line 87
   at Moq.ExpressionExtensions.&lt;Split&gt;g__Split|5_0(Expression e, Expression&amp; r, MethodExpectation&amp; p, Boolean assignment, Boolean allowNonOverridableLastProperty) in /_/src/Moq/ExpressionExtensions.cs:line 326
   at Moq.ExpressionExtensions.Split(LambdaExpression expression, Boolean allowNonOverridableLastProperty) in /_/src/Moq/ExpressionExtensions.cs:line 149
   at Moq.Mock.SetupRecursive[TSetup](Mock mock, LambdaExpression expression, Func`4 setupLast, Boolean allowNonOverridableLastProperty) in /_/src/Moq/Mock.cs:line 645
   at Moq.Mock.Setup(Mock mock, LambdaExpression expression, Condition condition) in /_/src/Moq/Mock.cs:line 500
   at Moq.Mock.SetupGet(Mock mock, LambdaExpression expression, Condition condition) in /_/src/Moq/Mock.cs:line 518
   at Moq.Mock`1.SetupGet[TProperty](Expression`1 expression) in /_/src/Moq/Mock`1.cs:line 473
   at Aula.Tests.Bots.TelegramTestMessageFactory.CreateTextMessage(Int64 chatId, String text, ChatType chatType, Int32 messageId, String firstName, String username) in /mnt/d/git/aula/src/Aula.Tests/Bots/TelegramTestMessageFactory.cs:line 18
   at Aula.Tests.Bots.TelegramMessageHandlerTests.HandleMessageAsync_WithTextMessage_ProcessesSuccessfully() in /mnt/d/git/aula/src/Aula.Tests/Bots/TelegramMessageHandlerTests.cs:line 188
--- End of stack trace from previous location ---</StackTrace>
        </ErrorInfo>
      </Output>
    </UnitTestResult>
    <UnitTestResult executionId="13f0faad-634e-4995-a047-2393d69a678e" testId="63a4082c-526e-0303-add0-711bb075125c" testName="Aula.Tests.Services.OpenAiServiceIntegrationTests.Constructor_WithNullAiToolsManager_ThrowsArgumentNullException" computerName="RHO-DESKTOP" duration="00:00:00.0011377" startTime="2025-06-30T19:20:51.1150016+02:00" endTime="2025-06-30T19:20:51.1150018+02:00" testType="13cdc9d9-ddb5-4fa4-a97d-d965ccfc6d4b" outcome="Passed" testListId="8c84fa94-04c1-424b-9868-57a2d4851a1d" relativeResultsDirectory="13f0faad-634e-4995-a047-2393d69a678e" />
    <UnitTestResult executionId="4f136538-5d6d-406a-83c5-d3c084f4baeb" testId="d484adb7-a52c-1efb-9dd8-63c19447b60d" testName="Aula.Tests.Bots.SlackMessageHandlerTests.Constructor_WithNullHttpClient_ThrowsArgumentNullException" computerName="RHO-DESKTOP" duration="00:00:00.0008668" startTime="2025-06-30T19:20:54.2985947+02:00" endTime="2025-06-30T19:20:54.2985948+02:00" testType="13cdc9d9-ddb5-4fa4-a97d-d965ccfc6d4b" outcome="Passed" testListId="8c84fa94-04c1-424b-9868-57a2d4851a1d" relativeResultsDirectory="4f136538-5d6d-406a-83c5-d3c084f4baeb" />
    <UnitTestResult executionId="c064cf21-7cad-41d8-8290-64c4e19bfad6" testId="c5fc9185-4f89-2e18-7714-cfbda441e6cb" testName="Aula.Tests.Services.OpenAiServiceIntegrationTests.ExtractKeyInformationAsync_WithNullWeekLetter_ThrowsArgumentNullException(chatInterface: Slack)" computerName="RHO-DESKTOP" duration="00:00:00.0009118" startTime="2025-06-30T19:20:51.0552645+02:00" endTime="2025-06-30T19:20:51.0552648+02:00" testType="13cdc9d9-ddb5-4fa4-a97d-d965ccfc6d4b" outcome="Failed" testListId="8c84fa94-04c1-424b-9868-57a2d4851a1d" relativeResultsDirectory="c064cf21-7cad-41d8-8290-64c4e19bfad6">
      <Output>
        <ErrorInfo>
          <Message>System.ArgumentException : Can not instantiate proxy of class: Aula.Tools.AiToolsManager.
Could not find a parameterless constructor. (Parameter 'constructorArguments')
---- System.MissingMethodException : Constructor on type 'Castle.Proxies.AiToolsManagerProxy' not found.</Message>
          <StackTrace>   at Castle.DynamicProxy.ProxyGenerator.CreateClassProxyInstance(Type proxyType, List`1 proxyArguments, Type classToProxy, Object[] constructorArguments)
   at Castle.DynamicProxy.ProxyGenerator.CreateClassProxy(Type classToProxy, Type[] additionalInterfacesToProxy, ProxyGenerationOptions options, Object[] constructorArguments, IInterceptor[] interceptors)
   at Moq.CastleProxyFactory.CreateProxy(Type mockType, IInterceptor interceptor, Type[] interfaces, Object[] arguments) in /_/src/Moq/Interception/CastleProxyFactory.cs:line 62
   at Moq.Mock`1.InitializeInstance() in /_/src/Moq/Mock`1.cs:line 309
   at Moq.Mock`1.OnGetObject() in /_/src/Moq/Mock`1.cs:line 323
   at Moq.Mock.get_Object() in /_/src/Moq/Mock.cs:line 181
   at Moq.Mock`1.get_Object() in /_/src/Moq/Mock`1.cs:line 281
   at Aula.Tests.Services.OpenAiServiceIntegrationTests.ExtractKeyInformationAsync_WithNullWeekLetter_ThrowsArgumentNullException(ChatInterface chatInterface) in /mnt/d/git/aula/src/Aula.Tests/Services/OpenAiServiceIntegrationTests.cs:line 141
--- End of stack trace from previous location ---
----- Inner Stack Trace -----
   at System.RuntimeType.CreateInstanceImpl(BindingFlags bindingAttr, Binder binder, Object[] args, CultureInfo culture)
   at Castle.DynamicProxy.ProxyGenerator.CreateClassProxyInstance(Type proxyType, List`1 proxyArguments, Type classToProxy, Object[] constructorArguments)</StackTrace>
        </ErrorInfo>
      </Output>
    </UnitTestResult>
    <UnitTestResult executionId="858bbdc3-d968-4bc3-90be-7f10d3ebf292" testId="ee79648a-cff5-5748-d2f4-bbdc12cb6662" testName="Aula.Tests.Utilities.ConversationContextTests.ConversationContext_DefaultValues_AreSetCorrectly" computerName="RHO-DESKTOP" duration="00:00:00.0003703" startTime="2025-06-30T19:20:51.2788614+02:00" endTime="2025-06-30T19:20:51.2788616+02:00" testType="13cdc9d9-ddb5-4fa4-a97d-d965ccfc6d4b" outcome="Passed" testListId="8c84fa94-04c1-424b-9868-57a2d4851a1d" relativeResultsDirectory="858bbdc3-d968-4bc3-90be-7f10d3ebf292" />
    <UnitTestResult executionId="9d0312ff-fcd6-4934-ae3d-13b61987b16d" testId="1ce865d9-57c4-31f9-0333-820160e71698" testName="Aula.Tests.Bots.SlackInteractiveBotTests.PostWeekLetter_WithValidData_PostsSuccessfully" computerName="RHO-DESKTOP" duration="00:00:00.0767302" startTime="2025-06-30T19:20:51.1376166+02:00" endTime="2025-06-30T19:20:51.1376167+02:00" testType="13cdc9d9-ddb5-4fa4-a97d-d965ccfc6d4b" outcome="Passed" testListId="8c84fa94-04c1-424b-9868-57a2d4851a1d" relativeResultsDirectory="9d0312ff-fcd6-4934-ae3d-13b61987b16d" />
    <UnitTestResult executionId="5d918680-c562-4c12-bfce-678fd952cdd2" testId="a8b9844c-6104-c9c6-7d60-78d6100065b0" testName="Aula.Tests.Utilities.ConversationContextTests.IsStillValid_WithOldTimestamp_ReturnsFalse" computerName="RHO-DESKTOP" duration="00:00:00.0072272" startTime="2025-06-30T19:20:51.2895747+02:00" endTime="2025-06-30T19:20:51.2895748+02:00" testType="13cdc9d9-ddb5-4fa4-a97d-d965ccfc6d4b" outcome="Passed" testListId="8c84fa94-04c1-424b-9868-57a2d4851a1d" relativeResultsDirectory="5d918680-c562-4c12-bfce-678fd952cdd2" />
    <UnitTestResult executionId="3a410ad9-83f1-4690-a179-1ae44436e6e7" testId="959fba83-0682-2e3d-51fe-2394f6f56bd3" testName="Aula.Tests.Services.DataModelTests.ScheduledTask_DefaultConstructor_InitializesCorrectly" computerName="RHO-DESKTOP" duration="00:00:00.0013289" startTime="2025-06-30T19:20:50.8525621+02:00" endTime="2025-06-30T19:20:50.8525622+02:00" testType="13cdc9d9-ddb5-4fa4-a97d-d965ccfc6d4b" outcome="Passed" testListId="8c84fa94-04c1-424b-9868-57a2d4851a1d" relativeResultsDirectory="3a410ad9-83f1-4690-a179-1ae44436e6e7" />
    <UnitTestResult executionId="813aa5d4-20c6-41c9-815c-7653bb6466bd" testId="5a77b1b5-bbb4-8a72-a72e-32591bd8597a" testName="Aula.Tests.Integration.MinUddannelseClientTests.Constructor_WithValidConfig_CreatesInstance" computerName="RHO-DESKTOP" duration="00:00:00.0016698" startTime="2025-06-30T19:20:51.4634782+02:00" endTime="2025-06-30T19:20:51.4634783+02:00" testType="13cdc9d9-ddb5-4fa4-a97d-d965ccfc6d4b" outcome="Passed" testListId="8c84fa94-04c1-424b-9868-57a2d4851a1d" relativeResultsDirectory="813aa5d4-20c6-41c9-815c-7653bb6466bd" />
    <UnitTestResult executionId="3e7e6a7f-d2d7-456b-8eb9-0b97f8a675fc" testId="3b4daf27-4450-ed7a-d4bb-142a6e1b0be0" testName="Aula.Tests.Tools.ReminderCommandHandlerTests.TryHandleReminderCommand_NonMatchingPatterns_ReturnsFalse(command: &quot;remind me tomorrow at eight that non-numeric time&quot;, isEnglish: True)" computerName="RHO-DESKTOP" duration="00:00:00.0010500" startTime="2025-06-30T19:20:51.5826126+02:00" endTime="2025-06-30T19:20:51.5826127+02:00" testType="13cdc9d9-ddb5-4fa4-a97d-d965ccfc6d4b" outcome="Passed" testListId="8c84fa94-04c1-424b-9868-57a2d4851a1d" relativeResultsDirectory="3e7e6a7f-d2d7-456b-8eb9-0b97f8a675fc" />
    <UnitTestResult executionId="cd9d2157-e303-47f6-8f33-1e76b44e920a" testId="3faf1419-3703-7fd5-a3da-353c4d730dce" testName="Aula.Tests.Bots.SlackInteractiveBotTests.Start_WithMissingApiToken_LogsErrorAndReturns" computerName="RHO-DESKTOP" duration="00:00:00.0119558" startTime="2025-06-30T19:20:51.3286307+02:00" endTime="2025-06-30T19:20:51.3286309+02:00" testType="13cdc9d9-ddb5-4fa4-a97d-d965ccfc6d4b" outcome="Passed" testListId="8c84fa94-04c1-424b-9868-57a2d4851a1d" relativeResultsDirectory="cd9d2157-e303-47f6-8f33-1e76b44e920a" />
    <UnitTestResult executionId="6d91d915-e4d2-4257-8af2-4cf83db4be20" testId="471ccf46-b194-f558-fd6b-1d9d85ba4293" testName="Aula.Tests.Utilities.IntentAnalysisPromptsTests.ToolExamples_CoverExpectedUseCase(expectedKey: &quot;DELETE_REMINDER&quot;, queryPattern: &quot;delete&quot;)" computerName="RHO-DESKTOP" duration="00:00:00.0443739" startTime="2025-06-30T19:20:51.3678901+02:00" endTime="2025-06-30T19:20:51.3678902+02:00" testType="13cdc9d9-ddb5-4fa4-a97d-d965ccfc6d4b" outcome="Passed" testListId="8c84fa94-04c1-424b-9868-57a2d4851a1d" relativeResultsDirectory="6d91d915-e4d2-4257-8af2-4cf83db4be20" />
    <UnitTestResult executionId="26907cde-c17a-4028-8ece-c0082366fc3b" testId="f0803f19-4aef-0544-7088-6f90fbe83c6b" testName="Aula.Tests.Utilities.FollowUpQuestionDetectorTests.IsFollowUpQuestion_WithUnicodeChildNames_WorksCorrectly(input: &quot;SØREN&quot;)" computerName="RHO-DESKTOP" duration="00:00:00.0035158" startTime="2025-06-30T19:20:50.9122702+02:00" endTime="2025-06-30T19:20:50.9122705+02:00" testType="13cdc9d9-ddb5-4fa4-a97d-d965ccfc6d4b" outcome="Passed" testListId="8c84fa94-04c1-424b-9868-57a2d4851a1d" relativeResultsDirectory="26907cde-c17a-4028-8ece-c0082366fc3b" />
    <UnitTestResult executionId="f34a9628-a08f-45c9-a71a-5c361c6c3a99" testId="e67379c3-aafd-8be6-fda8-3e3a4a2a81aa" testName="Aula.Tests.Utilities.FollowUpQuestionDetectorTests.IsFollowUpQuestion_WithFullChildNames_WorksCorrectly(input: &quot;Emma Rose?&quot;)" computerName="RHO-DESKTOP" duration="00:00:00.0001834" startTime="2025-06-30T19:20:50.9181116+02:00" endTime="2025-06-30T19:20:50.9181116+02:00" testType="13cdc9d9-ddb5-4fa4-a97d-d965ccfc6d4b" outcome="Passed" testListId="8c84fa94-04c1-424b-9868-57a2d4851a1d" relativeResultsDirectory="f34a9628-a08f-45c9-a71a-5c361c6c3a99" />
    <UnitTestResult executionId="0d756054-b4ad-4789-b053-11f7622e5d70" testId="97bda861-62f2-bba1-c598-127d5142019e" testName="Aula.Tests.Configuration.ConfigurationTests.Features_ConfigurationIsCorrect" computerName="RHO-DESKTOP" duration="00:00:00.0057226" startTime="2025-06-30T19:20:51.9737089+02:00" endTime="2025-06-30T19:20:51.9737091+02:00" testType="13cdc9d9-ddb5-4fa4-a97d-d965ccfc6d4b" outcome="Passed" testListId="8c84fa94-04c1-424b-9868-57a2d4851a1d" relativeResultsDirectory="0d756054-b4ad-4789-b053-11f7622e5d70" />
    <UnitTestResult executionId="ca0ddfc0-537a-4402-a264-81f737d02436" testId="6423dadf-5032-e426-048d-b3adf874a425" testName="Aula.Tests.Bots.TelegramInteractiveBotTests.PostWeekLetter_WithUnknownChild_LogsWarningAndReturns" computerName="RHO-DESKTOP" duration="00:00:00.0026957" startTime="2025-06-30T19:20:52.6033779+02:00" endTime="2025-06-30T19:20:52.6033781+02:00" testType="13cdc9d9-ddb5-4fa4-a97d-d965ccfc6d4b" outcome="Passed" testListId="8c84fa94-04c1-424b-9868-57a2d4851a1d" relativeResultsDirectory="ca0ddfc0-537a-4402-a264-81f737d02436" />
    <UnitTestResult executionId="62bc0381-71e3-4827-aa79-62d549d928b0" testId="f1a8ea88-01e1-69c3-1fe9-4aa537f89af0" testName="Aula.Tests.Bots.TelegramInteractiveBotTests.SendMessage_WithLongChatId_SendsSuccessfully(chatId: &quot;1234567890&quot;)" computerName="RHO-DESKTOP" duration="00:00:00.7428665" startTime="2025-06-30T19:20:51.9375134+02:00" endTime="2025-06-30T19:20:51.9375136+02:00" testType="13cdc9d9-ddb5-4fa4-a97d-d965ccfc6d4b" outcome="Passed" testListId="8c84fa94-04c1-424b-9868-57a2d4851a1d" relativeResultsDirectory="62bc0381-71e3-4827-aa79-62d549d928b0" />
    <UnitTestResult executionId="312fa1ab-5a8d-49a1-aa39-91b6264d24fe" testId="92645263-873e-da03-aa06-943df30af433" testName="Aula.Tests.Services.OpenAiServiceIntegrationTests.AskQuestionAboutWeekLetterAsync_WithValidParameters_CallsApiWithCorrectParameters" computerName="RHO-DESKTOP" duration="00:00:00.0015141" startTime="2025-06-30T19:20:51.2159536+02:00" endTime="2025-06-30T19:20:51.2159537+02:00" testType="13cdc9d9-ddb5-4fa4-a97d-d965ccfc6d4b" outcome="Failed" testListId="8c84fa94-04c1-424b-9868-57a2d4851a1d" relativeResultsDirectory="312fa1ab-5a8d-49a1-aa39-91b6264d24fe">
      <Output>
        <ErrorInfo>
          <Message>System.ArgumentException : Can not instantiate proxy of class: Aula.Tools.AiToolsManager.
Could not find a parameterless constructor. (Parameter 'constructorArguments')
---- System.MissingMethodException : Constructor on type 'Castle.Proxies.AiToolsManagerProxy' not found.</Message>
          <StackTrace>   at Castle.DynamicProxy.ProxyGenerator.CreateClassProxyInstance(Type proxyType, List`1 proxyArguments, Type classToProxy, Object[] constructorArguments)
   at Castle.DynamicProxy.ProxyGenerator.CreateClassProxy(Type classToProxy, Type[] additionalInterfacesToProxy, ProxyGenerationOptions options, Object[] constructorArguments, IInterceptor[] interceptors)
   at Moq.CastleProxyFactory.CreateProxy(Type mockType, IInterceptor interceptor, Type[] interfaces, Object[] arguments) in /_/src/Moq/Interception/CastleProxyFactory.cs:line 62
   at Moq.Mock`1.InitializeInstance() in /_/src/Moq/Mock`1.cs:line 309
   at Moq.Mock`1.OnGetObject() in /_/src/Moq/Mock`1.cs:line 323
   at Moq.Mock.get_Object() in /_/src/Moq/Mock.cs:line 181
   at Moq.Mock`1.get_Object() in /_/src/Moq/Mock`1.cs:line 281
   at Aula.Tests.Services.OpenAiServiceIntegrationTests.AskQuestionAboutWeekLetterAsync_WithValidParameters_CallsApiWithCorrectParameters() in /mnt/d/git/aula/src/Aula.Tests/Services/OpenAiServiceIntegrationTests.cs:line 215
--- End of stack trace from previous location ---
----- Inner Stack Trace -----
   at System.RuntimeType.CreateInstanceImpl(BindingFlags bindingAttr, Binder binder, Object[] args, CultureInfo culture)
   at Castle.DynamicProxy.ProxyGenerator.CreateClassProxyInstance(Type proxyType, List`1 proxyArguments, Type classToProxy, Object[] constructorArguments)</StackTrace>
        </ErrorInfo>
      </Output>
    </UnitTestResult>
    <UnitTestResult executionId="b1aa8892-eb99-434e-b1fb-87904384cf68" testId="d34756cc-dd70-36dd-a4b9-a2767cf802ed" testName="Aula.Tests.Utilities.FollowUpQuestionDetectorTests.IsFollowUpQuestion_WithShortFollowUps_ReturnsTrue(input: &quot;what?&quot;)" computerName="RHO-DESKTOP" duration="00:00:00.0000491" startTime="2025-06-30T19:20:50.9067542+02:00" endTime="2025-06-30T19:20:50.9067543+02:00" testType="13cdc9d9-ddb5-4fa4-a97d-d965ccfc6d4b" outcome="Passed" testListId="8c84fa94-04c1-424b-9868-57a2d4851a1d" relativeResultsDirectory="b1aa8892-eb99-434e-b1fb-87904384cf68" />
    <UnitTestResult executionId="16c3b9cf-7419-4f83-b55e-fc924adbdd63" testId="cb027f47-b453-181c-17af-774dbf3d917b" testName="Aula.Tests.Utilities.ConversationContextTests.IsStillValid_WithExactlyNinePointNineMinutesOld_ReturnsTrue" computerName="RHO-DESKTOP" duration="00:00:00.0001376" startTime="2025-06-30T19:20:51.2910888+02:00" endTime="2025-06-30T19:20:51.2910891+02:00" testType="13cdc9d9-ddb5-4fa4-a97d-d965ccfc6d4b" outcome="Passed" testListId="8c84fa94-04c1-424b-9868-57a2d4851a1d" relativeResultsDirectory="16c3b9cf-7419-4f83-b55e-fc924adbdd63" />
    <UnitTestResult executionId="b6cb5dd4-4e9d-4b08-97e3-7ab712865d3c" testId="a5a1d376-9a55-3344-a8d1-042eaae8a59b" testName="Aula.Tests.Utilities.ConversationContextManagerTests.Manager_WithGuidKeys_WorksCorrectly" computerName="RHO-DESKTOP" duration="00:00:00.0026530" startTime="2025-06-30T19:20:51.0417438+02:00" endTime="2025-06-30T19:20:51.0417439+02:00" testType="13cdc9d9-ddb5-4fa4-a97d-d965ccfc6d4b" outcome="Passed" testListId="8c84fa94-04c1-424b-9868-57a2d4851a1d" relativeResultsDirectory="b6cb5dd4-4e9d-4b08-97e3-7ab712865d3c" />
    <UnitTestResult executionId="5992c8da-ed32-470b-825e-001bc6047b43" testId="c491ca15-97ab-a670-c185-11bf3ef7479b" testName="Aula.Tests.Bots.SlackInteractiveBotTests.PostWeekLetter_WithDuplicateContent_SkipsDuplicate" computerName="RHO-DESKTOP" duration="00:00:00.0193456" startTime="2025-06-30T19:20:51.3089768+02:00" endTime="2025-06-30T19:20:51.3089769+02:00" testType="13cdc9d9-ddb5-4fa4-a97d-d965ccfc6d4b" outcome="Passed" testListId="8c84fa94-04c1-424b-9868-57a2d4851a1d" relativeResultsDirectory="5992c8da-ed32-470b-825e-001bc6047b43" />
    <UnitTestResult executionId="5e658e64-5ebc-40a9-aad5-cd2542e15868" testId="2d15b0d6-fa3e-2b57-b48d-334f6fde3b35" testName="Aula.Tests.Services.DataModelTests.PostedLetter_WithProperties_SetsCorrectly" computerName="RHO-DESKTOP" duration="00:00:00.0017522" startTime="2025-06-30T19:20:50.8580133+02:00" endTime="2025-06-30T19:20:50.8580135+02:00" testType="13cdc9d9-ddb5-4fa4-a97d-d965ccfc6d4b" outcome="Passed" testListId="8c84fa94-04c1-424b-9868-57a2d4851a1d" relativeResultsDirectory="5e658e64-5ebc-40a9-aad5-cd2542e15868" />
    <UnitTestResult executionId="79539c70-de3c-4341-a97e-e60260498510" testId="eeb4dd87-b488-a6a2-6176-d39e9d1e7681" testName="Aula.Tests.Services.OpenAiServiceIntegrationTests.Constructor_WithNullLoggerFactory_ThrowsArgumentNullException" computerName="RHO-DESKTOP" duration="00:00:00.0220981" startTime="2025-06-30T19:20:51.2568497+02:00" endTime="2025-06-30T19:20:51.2568499+02:00" testType="13cdc9d9-ddb5-4fa4-a97d-d965ccfc6d4b" outcome="Failed" testListId="8c84fa94-04c1-424b-9868-57a2d4851a1d" relativeResultsDirectory="79539c70-de3c-4341-a97e-e60260498510">
      <Output>
        <ErrorInfo>
          <Message>Assert.Throws() Failure: Exception type was not an exact match
Expected: typeof(System.ArgumentNullException)
Actual:   typeof(System.ArgumentException)
---- System.ArgumentException : Can not instantiate proxy of class: Aula.Tools.AiToolsManager.
Could not find a parameterless constructor. (Parameter 'constructorArguments')
-------- System.MissingMethodException : Constructor on type 'Castle.Proxies.AiToolsManagerProxy' not found.</Message>
          <StackTrace>   at Aula.Tests.Services.OpenAiServiceIntegrationTests.Constructor_WithNullLoggerFactory_ThrowsArgumentNullException() in /mnt/d/git/aula/src/Aula.Tests/Services/OpenAiServiceIntegrationTests.cs:line 63
   at System.RuntimeMethodHandle.InvokeMethod(Object target, Void** arguments, Signature sig, Boolean isConstructor)
   at System.Reflection.MethodBaseInvoker.InvokeWithNoArgs(Object obj, BindingFlags invokeAttr)
----- Inner Stack Trace -----
   at Castle.DynamicProxy.ProxyGenerator.CreateClassProxyInstance(Type proxyType, List`1 proxyArguments, Type classToProxy, Object[] constructorArguments)
   at Castle.DynamicProxy.ProxyGenerator.CreateClassProxy(Type classToProxy, Type[] additionalInterfacesToProxy, ProxyGenerationOptions options, Object[] constructorArguments, IInterceptor[] interceptors)
   at Moq.CastleProxyFactory.CreateProxy(Type mockType, IInterceptor interceptor, Type[] interfaces, Object[] arguments) in /_/src/Moq/Interception/CastleProxyFactory.cs:line 62
   at Moq.Mock`1.InitializeInstance() in /_/src/Moq/Mock`1.cs:line 309
   at Moq.Mock`1.OnGetObject() in /_/src/Moq/Mock`1.cs:line 323
   at Moq.Mock.get_Object() in /_/src/Moq/Mock.cs:line 181
   at Moq.Mock`1.get_Object() in /_/src/Moq/Mock`1.cs:line 281
   at Aula.Tests.Services.OpenAiServiceIntegrationTests.&lt;Constructor_WithNullLoggerFactory_ThrowsArgumentNullException&gt;b__8_0() in /mnt/d/git/aula/src/Aula.Tests/Services/OpenAiServiceIntegrationTests.cs:line 64
----- Inner Stack Trace -----
   at System.RuntimeType.CreateInstanceImpl(BindingFlags bindingAttr, Binder binder, Object[] args, CultureInfo culture)
   at Castle.DynamicProxy.ProxyGenerator.CreateClassProxyInstance(Type proxyType, List`1 proxyArguments, Type classToProxy, Object[] constructorArguments)</StackTrace>
        </ErrorInfo>
      </Output>
    </UnitTestResult>
    <UnitTestResult executionId="9fd7bda2-3486-40ab-b5b8-c85a549c6a54" testId="84d3e400-28e5-a032-6581-dd6f9d37667a" testName="Aula.Tests.Bots.TelegramInteractiveBotTests.SendMessage_WithLongChatIdAsLong_SendsSuccessfully(chatId: 1234567890)" computerName="RHO-DESKTOP" duration="00:00:00.0785220" startTime="2025-06-30T19:20:52.5136693+02:00" endTime="2025-06-30T19:20:52.5136695+02:00" testType="13cdc9d9-ddb5-4fa4-a97d-d965ccfc6d4b" outcome="Passed" testListId="8c84fa94-04c1-424b-9868-57a2d4851a1d" relativeResultsDirectory="9fd7bda2-3486-40ab-b5b8-c85a549c6a54" />
    <UnitTestResult executionId="ca2a7957-ce36-473a-8fcf-026a4cb541d9" testId="7415a632-957d-b568-8d89-35975dec612b" testName="Aula.Tests.Integration.AgentServiceTests.AskQuestionAboutWeekLetterAsync_WithContextKey_CallsOpenAiService" computerName="RHO-DESKTOP" duration="00:00:00.0175172" startTime="2025-06-30T19:20:51.6362735+02:00" endTime="2025-06-30T19:20:51.6362736+02:00" testType="13cdc9d9-ddb5-4fa4-a97d-d965ccfc6d4b" outcome="Passed" testListId="8c84fa94-04c1-424b-9868-57a2d4851a1d" relativeResultsDirectory="ca2a7957-ce36-473a-8fcf-026a4cb541d9" />
    <UnitTestResult executionId="9aa1eb2e-6564-411c-807b-ee0b5e085201" testId="bcee3dfc-95df-51eb-9411-b0bdd9236d8a" testName="Aula.Tests.Tools.ReminderCommandHandlerTests.TryHandleReminderCommand_NonReminderCommands_ReturnsFalse(command: &quot;list&quot;)" computerName="RHO-DESKTOP" duration="00:00:00.0000807" startTime="2025-06-30T19:20:51.5573117+02:00" endTime="2025-06-30T19:20:51.5573118+02:00" testType="13cdc9d9-ddb5-4fa4-a97d-d965ccfc6d4b" outcome="Passed" testListId="8c84fa94-04c1-424b-9868-57a2d4851a1d" relativeResultsDirectory="9aa1eb2e-6564-411c-807b-ee0b5e085201" />
    <UnitTestResult executionId="be8f4a19-bee8-42a9-abcc-bb9e77515d92" testId="0026d070-5db9-6f8c-0581-fb23b0721050" testName="Aula.Tests.Utilities.JsonFormatterTests.Prettify_WithIncompleteJson_ThrowsException(incompleteJson: &quot;]&quot;)" computerName="RHO-DESKTOP" duration="00:00:00.0062075" startTime="2025-06-30T19:20:51.4855624+02:00" endTime="2025-06-30T19:20:51.4855626+02:00" testType="13cdc9d9-ddb5-4fa4-a97d-d965ccfc6d4b" outcome="Passed" testListId="8c84fa94-04c1-424b-9868-57a2d4851a1d" relativeResultsDirectory="be8f4a19-bee8-42a9-abcc-bb9e77515d92" />
    <UnitTestResult executionId="a997dffb-5b3b-4ebc-8c2e-81c319b9ab88" testId="34366f44-ed9b-7d8b-6c2d-6118dfaf9ff9" testName="Aula.Tests.Services.DataModelTests.ScheduledTask_WithProperties_SetsCorrectly" computerName="RHO-DESKTOP" duration="00:00:00.0097760" startTime="2025-06-30T19:20:50.8715972+02:00" endTime="2025-06-30T19:20:50.8715973+02:00" testType="13cdc9d9-ddb5-4fa4-a97d-d965ccfc6d4b" outcome="Passed" testListId="8c84fa94-04c1-424b-9868-57a2d4851a1d" relativeResultsDirectory="a997dffb-5b3b-4ebc-8c2e-81c319b9ab88" />
    <UnitTestResult executionId="3d8f1c71-32b6-4754-974d-6cc621f96faf" testId="24bf56f7-ba67-57f2-f501-175bd348de63" testName="Aula.Tests.Channels.TelegramClientTests.PostWeekLetter_WithVariousChildNames_HandlesCorrectly(firstName: &quot;&quot;)" computerName="RHO-DESKTOP" duration="00:00:00.0036415" startTime="2025-06-30T19:20:51.5632868+02:00" endTime="2025-06-30T19:20:51.5632870+02:00" testType="13cdc9d9-ddb5-4fa4-a97d-d965ccfc6d4b" outcome="Passed" testListId="8c84fa94-04c1-424b-9868-57a2d4851a1d" relativeResultsDirectory="3d8f1c71-32b6-4754-974d-6cc621f96faf" />
    <UnitTestResult executionId="778a5430-8708-4324-ad91-fe686ee62136" testId="ebaf8397-8612-cd93-1911-25f8b63dd1af" testName="Aula.Tests.Services.OpenAiServiceIntegrationTests.AskQuestionAboutWeekLetterAsync_WithContextKey_WithNullWeekLetter_ThrowsArgumentNullException(chatInterface: Slack)" computerName="RHO-DESKTOP" duration="00:00:00.0032153" startTime="2025-06-30T19:20:51.1410928+02:00" endTime="2025-06-30T19:20:51.1410930+02:00" testType="13cdc9d9-ddb5-4fa4-a97d-d965ccfc6d4b" outcome="Failed" testListId="8c84fa94-04c1-424b-9868-57a2d4851a1d" relativeResultsDirectory="778a5430-8708-4324-ad91-fe686ee62136">
      <Output>
        <ErrorInfo>
          <Message>System.ArgumentException : Can not instantiate proxy of class: Aula.Tools.AiToolsManager.
Could not find a parameterless constructor. (Parameter 'constructorArguments')
---- System.MissingMethodException : Constructor on type 'Castle.Proxies.AiToolsManagerProxy' not found.</Message>
          <StackTrace>   at Castle.DynamicProxy.ProxyGenerator.CreateClassProxyInstance(Type proxyType, List`1 proxyArguments, Type classToProxy, Object[] constructorArguments)
   at Castle.DynamicProxy.ProxyGenerator.CreateClassProxy(Type classToProxy, Type[] additionalInterfacesToProxy, ProxyGenerationOptions options, Object[] constructorArguments, IInterceptor[] interceptors)
   at Moq.CastleProxyFactory.CreateProxy(Type mockType, IInterceptor interceptor, Type[] interfaces, Object[] arguments) in /_/src/Moq/Interception/CastleProxyFactory.cs:line 62
   at Moq.Mock`1.InitializeInstance() in /_/src/Moq/Mock`1.cs:line 309
   at Moq.Mock`1.OnGetObject() in /_/src/Moq/Mock`1.cs:line 323
   at Moq.Mock.get_Object() in /_/src/Moq/Mock.cs:line 181
   at Moq.Mock`1.get_Object() in /_/src/Moq/Mock`1.cs:line 281
   at Aula.Tests.Services.OpenAiServiceIntegrationTests.AskQuestionAboutWeekLetterAsync_WithContextKey_WithNullWeekLetter_ThrowsArgumentNullException(ChatInterface chatInterface) in /mnt/d/git/aula/src/Aula.Tests/Services/OpenAiServiceIntegrationTests.cs:line 130
--- End of stack trace from previous location ---
----- Inner Stack Trace -----
   at System.RuntimeType.CreateInstanceImpl(BindingFlags bindingAttr, Binder binder, Object[] args, CultureInfo culture)
   at Castle.DynamicProxy.ProxyGenerator.CreateClassProxyInstance(Type proxyType, List`1 proxyArguments, Type classToProxy, Object[] constructorArguments)</StackTrace>
        </ErrorInfo>
      </Output>
    </UnitTestResult>
    <UnitTestResult executionId="94ddf91c-4097-4762-81ac-301fc66e8440" testId="803a38b8-f402-400f-65a3-348044bf14da" testName="Aula.Tests.Utilities.ConversationContextTests.ToString_WithAllPropertiesSet_ReturnsCorrectFormat" computerName="RHO-DESKTOP" duration="00:00:00.0020652" startTime="2025-06-30T19:20:51.3084500+02:00" endTime="2025-06-30T19:20:51.3084501+02:00" testType="13cdc9d9-ddb5-4fa4-a97d-d965ccfc6d4b" outcome="Passed" testListId="8c84fa94-04c1-424b-9868-57a2d4851a1d" relativeResultsDirectory="94ddf91c-4097-4762-81ac-301fc66e8440" />
    <UnitTestResult executionId="3af99aba-eea5-4d1a-848b-5059df562ec1" testId="f1a75968-139e-db41-9893-934ca7edc01f" testName="Aula.Tests.Configuration.ConfigurationTests.Supabase_RequiredFields_ArePresent" computerName="RHO-DESKTOP" duration="00:00:00.0055019" startTime="2025-06-30T19:20:51.6484251+02:00" endTime="2025-06-30T19:20:51.6484252+02:00" testType="13cdc9d9-ddb5-4fa4-a97d-d965ccfc6d4b" outcome="Passed" testListId="8c84fa94-04c1-424b-9868-57a2d4851a1d" relativeResultsDirectory="3af99aba-eea5-4d1a-848b-5059df562ec1" />
    <UnitTestResult executionId="1c430ffb-9511-48cf-8a68-d6196303b649" testId="f746688b-f580-3fee-4c58-d4c4ee979cd7" testName="Aula.Tests.Utilities.JsonFormatterTests.Prettify_WithEmptyObjects_HandlesCorrectly" computerName="RHO-DESKTOP" duration="00:00:00.0004301" startTime="2025-06-30T19:20:51.5044803+02:00" endTime="2025-06-30T19:20:51.5044804+02:00" testType="13cdc9d9-ddb5-4fa4-a97d-d965ccfc6d4b" outcome="Passed" testListId="8c84fa94-04c1-424b-9868-57a2d4851a1d" relativeResultsDirectory="1c430ffb-9511-48cf-8a68-d6196303b649" />
    <UnitTestResult executionId="ffefb4a2-d44b-4a0d-bace-d7de8f564bb5" testId="d9434b0b-f031-6aad-3c30-fb3e0d035dab" testName="Aula.Tests.Scheduling.SchedulingServiceIntegrationTests.Constructor_WithValidParameters_InitializesCorrectly" computerName="RHO-DESKTOP" duration="00:00:00.0008628" startTime="2025-06-30T19:20:51.0509990+02:00" endTime="2025-06-30T19:20:51.0509991+02:00" testType="13cdc9d9-ddb5-4fa4-a97d-d965ccfc6d4b" outcome="Passed" testListId="8c84fa94-04c1-424b-9868-57a2d4851a1d" relativeResultsDirectory="ffefb4a2-d44b-4a0d-bace-d7de8f564bb5" />
    <UnitTestResult executionId="10bf1eab-7e28-41df-8f33-a6d1f9d7c42f" testId="836451b2-62cb-4cd2-ca5f-c5c8f2c0a202" testName="Aula.Tests.Bots.SlackInteractiveBotTests.Dispose_WhenCalled_DisposesResources" computerName="RHO-DESKTOP" duration="00:00:00.0022575" startTime="2025-06-30T19:20:50.9503851+02:00" endTime="2025-06-30T19:20:50.9503853+02:00" testType="13cdc9d9-ddb5-4fa4-a97d-d965ccfc6d4b" outcome="Passed" testListId="8c84fa94-04c1-424b-9868-57a2d4851a1d" relativeResultsDirectory="10bf1eab-7e28-41df-8f33-a6d1f9d7c42f" />
    <UnitTestResult executionId="48e4320d-da92-4466-ad88-b5672c3ed841" testId="76f28705-d77c-bf82-f290-6a4800e495d0" testName="Aula.Tests.Bots.SlackInteractiveBotTests.PostWeekLetter_WithEmptyContent_LogsWarningAndReturns" computerName="RHO-DESKTOP" duration="00:00:00.0048365" startTime="2025-06-30T19:20:51.2679422+02:00" endTime="2025-06-30T19:20:51.2679423+02:00" testType="13cdc9d9-ddb5-4fa4-a97d-d965ccfc6d4b" outcome="Passed" testListId="8c84fa94-04c1-424b-9868-57a2d4851a1d" relativeResultsDirectory="48e4320d-da92-4466-ad88-b5672c3ed841" />
    <UnitTestResult executionId="7b912176-5e13-4ec1-8f9f-e9a31efb4982" testId="fe14d576-8562-4a05-9196-a9eaf8403f97" testName="Aula.Tests.Channels.TelegramClientTests.SendMessageToChannel_WithVariousChannelIds_DoesNotThrow(channelId: &quot;@testchannel&quot;)" computerName="RHO-DESKTOP" duration="00:00:00.0002347" startTime="2025-06-30T19:20:51.5375864+02:00" endTime="2025-06-30T19:20:51.5375865+02:00" testType="13cdc9d9-ddb5-4fa4-a97d-d965ccfc6d4b" outcome="Passed" testListId="8c84fa94-04c1-424b-9868-57a2d4851a1d" relativeResultsDirectory="7b912176-5e13-4ec1-8f9f-e9a31efb4982" />
    <UnitTestResult executionId="fb14cce5-848c-42e0-9b4d-0593fc072819" testId="aef92e61-6107-1b9f-7603-daa021c2c030" testName="Aula.Tests.Utilities.ReminderExtractionPromptsTests.GetExtractionPrompt_IncludesCurrentTime" computerName="RHO-DESKTOP" duration="00:00:00.0001945" startTime="2025-06-30T19:20:51.4241641+02:00" endTime="2025-06-30T19:20:51.4241642+02:00" testType="13cdc9d9-ddb5-4fa4-a97d-d965ccfc6d4b" outcome="Passed" testListId="8c84fa94-04c1-424b-9868-57a2d4851a1d" relativeResultsDirectory="fb14cce5-848c-42e0-9b4d-0593fc072819" />
    <UnitTestResult executionId="341d531b-3395-47f1-9953-1019c5fd5d58" testId="3244b8c7-1294-20bc-2d35-4ae6283e4c3a" testName="Aula.Tests.Utilities.FollowUpQuestionDetectorTests.IsFollowUpQuestion_WithEnglishFollowUpPhrases_ReturnsTrue(input: &quot;and what about today&quot;)" computerName="RHO-DESKTOP" duration="00:00:00.0000524" startTime="2025-06-30T19:20:50.9029943+02:00" endTime="2025-06-30T19:20:50.9029944+02:00" testType="13cdc9d9-ddb5-4fa4-a97d-d965ccfc6d4b" outcome="Passed" testListId="8c84fa94-04c1-424b-9868-57a2d4851a1d" relativeResultsDirectory="341d531b-3395-47f1-9953-1019c5fd5d58" />
    <UnitTestResult executionId="6cc96f66-133a-499a-bb49-37272dee8c04" testId="335c0316-538c-f3b3-9476-383f089c8b2c" testName="Aula.Tests.Utilities.IntentAnalysisPromptsTests.ToolExamples_ContainsRequiredKeys(key: &quot;INFORMATION_QUERY&quot;)" computerName="RHO-DESKTOP" duration="00:00:00.0000200" startTime="2025-06-30T19:20:51.4159877+02:00" endTime="2025-06-30T19:20:51.4159878+02:00" testType="13cdc9d9-ddb5-4fa4-a97d-d965ccfc6d4b" outcome="Passed" testListId="8c84fa94-04c1-424b-9868-57a2d4851a1d" relativeResultsDirectory="6cc96f66-133a-499a-bb49-37272dee8c04" />
    <UnitTestResult executionId="6874b7fa-9019-4ea0-99f4-790db2f7dbb1" testId="ac6ebb8c-c327-57cd-3af5-aa07fb4edc14" testName="Aula.Tests.Utilities.ConversationContextManagerTests.UpdateContext_WithValidInput_CreatesNewContext" computerName="RHO-DESKTOP" duration="00:00:00.0006452" startTime="2025-06-30T19:20:51.0272027+02:00" endTime="2025-06-30T19:20:51.0272028+02:00" testType="13cdc9d9-ddb5-4fa4-a97d-d965ccfc6d4b" outcome="Passed" testListId="8c84fa94-04c1-424b-9868-57a2d4851a1d" relativeResultsDirectory="6874b7fa-9019-4ea0-99f4-790db2f7dbb1" />
    <UnitTestResult executionId="b08293af-837a-4a3b-85c1-023cca4f7979" testId="42dc1567-508f-1ff2-08a2-17dc86c051e8" testName="Aula.Tests.Tools.ReminderCommandHandlerTests.TryHandleReminderCommand_AddReminder_ValidFormats_ReturnsSuccess(command: &quot;remind me 2024-12-31 at 10:00 that New Year celebr&quot;···, isEnglish: True, expectedChildName: null)" computerName="RHO-DESKTOP" duration="00:00:00.0032607" startTime="2025-06-30T19:20:51.5103807+02:00" endTime="2025-06-30T19:20:51.5103808+02:00" testType="13cdc9d9-ddb5-4fa4-a97d-d965ccfc6d4b" outcome="Passed" testListId="8c84fa94-04c1-424b-9868-57a2d4851a1d" relativeResultsDirectory="b08293af-837a-4a3b-85c1-023cca4f7979" />
    <UnitTestResult executionId="aae32ecf-040d-4afb-8667-7e16a58447c2" testId="df8b7611-0fd3-7a4a-228e-73a22117205a" testName="Aula.Tests.Integration.AgentServiceTests.LoginAsync_CallsClientLoginAsync" computerName="RHO-DESKTOP" duration="00:00:00.0010371" startTime="2025-06-30T19:20:51.6442252+02:00" endTime="2025-06-30T19:20:51.6442253+02:00" testType="13cdc9d9-ddb5-4fa4-a97d-d965ccfc6d4b" outcome="Passed" testListId="8c84fa94-04c1-424b-9868-57a2d4851a1d" relativeResultsDirectory="aae32ecf-040d-4afb-8667-7e16a58447c2" />
    <UnitTestResult executionId="31106907-5fc2-4bb7-b704-f86a25cb226f" testId="a928e41a-a5c8-5840-1107-8bfd65b6750c" testName="Aula.Tests.Scheduling.SchedulingServiceIntegrationTests.Constructor_WithNullLoggerFactory_ThrowsArgumentNullException" computerName="RHO-DESKTOP" duration="00:00:00.0013963" startTime="2025-06-30T19:20:51.0442017+02:00" endTime="2025-06-30T19:20:51.0442018+02:00" testType="13cdc9d9-ddb5-4fa4-a97d-d965ccfc6d4b" outcome="Passed" testListId="8c84fa94-04c1-424b-9868-57a2d4851a1d" relativeResultsDirectory="31106907-5fc2-4bb7-b704-f86a25cb226f" />
    <UnitTestResult executionId="1d96c4b5-602b-4f11-b0fe-ca059af7044c" testId="bf1816b2-91f9-1cf0-a850-7a59915a1d13" testName="Aula.Tests.Scheduling.SchedulingServiceIntegrationTests.StopAsync_LogsInformationAndDoesNotThrow" computerName="RHO-DESKTOP" duration="00:00:00.0040967" startTime="2025-06-30T19:20:51.0041432+02:00" endTime="2025-06-30T19:20:51.0041434+02:00" testType="13cdc9d9-ddb5-4fa4-a97d-d965ccfc6d4b" outcome="Passed" testListId="8c84fa94-04c1-424b-9868-57a2d4851a1d" relativeResultsDirectory="1d96c4b5-602b-4f11-b0fe-ca059af7044c" />
    <UnitTestResult executionId="c4b8ab8a-86be-45f5-a65a-c5f4803ed3be" testId="29b460d3-32ba-3d59-36a7-72d7b3c75d60" testName="Aula.Tests.Configuration.ConfigurationTests.Timers_SchedulingInterval_ValidationTests(intervalSeconds: 0, isValid: False)" computerName="RHO-DESKTOP" duration="00:00:00.0089479" startTime="2025-06-30T19:20:51.7392194+02:00" endTime="2025-06-30T19:20:51.7392196+02:00" testType="13cdc9d9-ddb5-4fa4-a97d-d965ccfc6d4b" outcome="Passed" testListId="8c84fa94-04c1-424b-9868-57a2d4851a1d" relativeResultsDirectory="c4b8ab8a-86be-45f5-a65a-c5f4803ed3be" />
    <UnitTestResult executionId="eed69aa7-545c-4791-a587-0bed5c9ddb6c" testId="f68b44be-09fd-bfab-365e-454e288a6386" testName="Aula.Tests.Bots.TelegramInteractiveBotTests.PostWeekLetter_WithDuplicateContent_ProcessesBothCalls" computerName="RHO-DESKTOP" duration="00:00:00.0080068" startTime="2025-06-30T19:20:52.4132736+02:00" endTime="2025-06-30T19:20:52.4132738+02:00" testType="13cdc9d9-ddb5-4fa4-a97d-d965ccfc6d4b" outcome="Passed" testListId="8c84fa94-04c1-424b-9868-57a2d4851a1d" relativeResultsDirectory="eed69aa7-545c-4791-a587-0bed5c9ddb6c" />
    <UnitTestResult executionId="18f31027-cbc9-411d-89a7-55ebdd73e033" testId="a779e8fb-6c0d-9d3b-3942-4cfee84facb5" testName="Aula.Tests.Utilities.IntentAnalysisPromptsTests.ToolExamples_ContainsExpectedEntries" computerName="RHO-DESKTOP" duration="00:00:00.0002692" startTime="2025-06-30T19:20:51.4292505+02:00" endTime="2025-06-30T19:20:51.4292508+02:00" testType="13cdc9d9-ddb5-4fa4-a97d-d965ccfc6d4b" outcome="Passed" testListId="8c84fa94-04c1-424b-9868-57a2d4851a1d" relativeResultsDirectory="18f31027-cbc9-411d-89a7-55ebdd73e033" />
    <UnitTestResult executionId="4ae84c7b-1963-4f36-a6af-690efcf66fa6" testId="336b2beb-eb54-f0ba-e24b-08204093e0aa" testName="Aula.Tests.Services.SupabaseServiceTests.WeekLetterParameters_WithValidValues_AreInValidRange(childName: &quot;TestChild&quot;, weekNumber: 42, year: 2023)" computerName="RHO-DESKTOP" duration="00:00:00.0001521" startTime="2025-06-30T19:20:51.2355896+02:00" endTime="2025-06-30T19:20:51.2355897+02:00" testType="13cdc9d9-ddb5-4fa4-a97d-d965ccfc6d4b" outcome="Passed" testListId="8c84fa94-04c1-424b-9868-57a2d4851a1d" relativeResultsDirectory="4ae84c7b-1963-4f36-a6af-690efcf66fa6" />
    <UnitTestResult executionId="a79e9f81-1775-48d5-9a41-73ebadc69a55" testId="3a33635c-4486-cf0b-99ea-c9804c518ad6" testName="Aula.Tests.Utilities.FollowUpQuestionDetectorTests.IsFollowUpQuestion_WithChildNameAndTimeReference_ReturnsFalse(input: &quot;Liam i morgen&quot;)" computerName="RHO-DESKTOP" duration="00:00:00.0000345" startTime="2025-06-30T19:20:50.9545495+02:00" endTime="2025-06-30T19:20:50.9545498+02:00" testType="13cdc9d9-ddb5-4fa4-a97d-d965ccfc6d4b" outcome="Passed" testListId="8c84fa94-04c1-424b-9868-57a2d4851a1d" relativeResultsDirectory="a79e9f81-1775-48d5-9a41-73ebadc69a55" />
    <UnitTestResult executionId="f0ce8fe1-35cd-49ff-9663-7752f1b301c2" testId="436baaef-6812-fc4c-4b87-6c9a6f9e3e55" testName="Aula.Tests.Channels.SlackBotTests.PushWeekLetter_WithEmptyWeekLetter_DoesNotThrow" computerName="RHO-DESKTOP" duration="00:00:00.0006158" startTime="2025-06-30T19:20:51.6230585+02:00" endTime="2025-06-30T19:20:51.6230586+02:00" testType="13cdc9d9-ddb5-4fa4-a97d-d965ccfc6d4b" outcome="Passed" testListId="8c84fa94-04c1-424b-9868-57a2d4851a1d" relativeResultsDirectory="f0ce8fe1-35cd-49ff-9663-7752f1b301c2" />
    <UnitTestResult executionId="c9e9dd74-8982-4743-91e9-4ea0e4010167" testId="470ea3d0-f459-b6ad-4f9f-44954dd4a0b8" testName="Aula.Tests.Channels.SlackBotTests.PostMessage_WithVariousMessages_DoesNotThrow(message: &quot;Simple message&quot;)" computerName="RHO-DESKTOP" duration="00:00:00.0001632" startTime="2025-06-30T19:20:51.5903297+02:00" endTime="2025-06-30T19:20:51.5903298+02:00" testType="13cdc9d9-ddb5-4fa4-a97d-d965ccfc6d4b" outcome="Passed" testListId="8c84fa94-04c1-424b-9868-57a2d4851a1d" relativeResultsDirectory="c9e9dd74-8982-4743-91e9-4ea0e4010167" />
    <UnitTestResult executionId="8eeea3f8-9829-4eba-9bbd-67f09c3df730" testId="8f33f9a6-1eb9-ea36-c5af-b36c0c8860de" testName="Aula.Tests.Utilities.JsonFormatterTests.Prettify_WithValidJson_ReturnsFormattedJson" computerName="RHO-DESKTOP" duration="00:00:00.0018572" startTime="2025-06-30T19:20:51.5038413+02:00" endTime="2025-06-30T19:20:51.5038415+02:00" testType="13cdc9d9-ddb5-4fa4-a97d-d965ccfc6d4b" outcome="Passed" testListId="8c84fa94-04c1-424b-9868-57a2d4851a1d" relativeResultsDirectory="8eeea3f8-9829-4eba-9bbd-67f09c3df730" />
    <UnitTestResult executionId="063111de-cf38-46e8-b717-832956fc1fdb" testId="fab9cf34-c985-2e8e-6005-8cc650dd7227" testName="Aula.Tests.Bots.SlackMessageHandlerTests.HandleMessageAsync_WithHelpCommand_ProcessesHelpMessage(helpCommand: &quot;HJÆLP&quot;)" computerName="RHO-DESKTOP" duration="00:00:00.2293979" startTime="2025-06-30T19:20:54.0702599+02:00" endTime="2025-06-30T19:20:54.0702600+02:00" testType="13cdc9d9-ddb5-4fa4-a97d-d965ccfc6d4b" outcome="Passed" testListId="8c84fa94-04c1-424b-9868-57a2d4851a1d" relativeResultsDirectory="063111de-cf38-46e8-b717-832956fc1fdb" />
    <UnitTestResult executionId="a877444e-d400-491e-9e69-09e4982486fb" testId="5fe3fa44-04c0-bf4f-e0cb-be0a1bef1cef" testName="Aula.Tests.Utilities.WeekLetterContentExtractorTests.ExtractContent_Dynamic_WithException_ReturnsEmptyStringAndLogsError" computerName="RHO-DESKTOP" duration="00:00:00.0225871" startTime="2025-06-30T19:20:51.0113961+02:00" endTime="2025-06-30T19:20:51.0113962+02:00" testType="13cdc9d9-ddb5-4fa4-a97d-d965ccfc6d4b" outcome="Passed" testListId="8c84fa94-04c1-424b-9868-57a2d4851a1d" relativeResultsDirectory="a877444e-d400-491e-9e69-09e4982486fb" />
    <UnitTestResult executionId="ca356fa0-513f-4099-9400-7c11aaadb4ed" testId="dc9dca5e-236c-2eb7-8830-55bb297e92d9" testName="Aula.Tests.Services.DataModelTests.ScheduledTask_CronExpression_CanBeSet(cronExpression: &quot;0 0 1 * *&quot;, description: &quot;Monthly on the 1st at midnight&quot;)" computerName="RHO-DESKTOP" duration="00:00:00.0000090" startTime="2025-06-30T19:20:50.8518098+02:00" endTime="2025-06-30T19:20:50.8518098+02:00" testType="13cdc9d9-ddb5-4fa4-a97d-d965ccfc6d4b" outcome="Passed" testListId="8c84fa94-04c1-424b-9868-57a2d4851a1d" relativeResultsDirectory="ca356fa0-513f-4099-9400-7c11aaadb4ed" />
    <UnitTestResult executionId="1574dd8a-95a0-4f29-9389-b254796859c5" testId="6f9f5016-c386-f671-b8d8-6fc0a14626eb" testName="Aula.Tests.Utilities.ConversationContextManagerTests.Manager_WithIntegerKeys_WorksCorrectly" computerName="RHO-DESKTOP" duration="00:00:00.0021069" startTime="2025-06-30T19:20:51.0120217+02:00" endTime="2025-06-30T19:20:51.0120219+02:00" testType="13cdc9d9-ddb5-4fa4-a97d-d965ccfc6d4b" outcome="Passed" testListId="8c84fa94-04c1-424b-9868-57a2d4851a1d" relativeResultsDirectory="1574dd8a-95a0-4f29-9389-b254796859c5" />
    <UnitTestResult executionId="a55ce6f3-d4e5-47ed-9edf-51e2bd7f20a2" testId="8f7835b5-50dd-c6de-2199-d163d47a3c4e" testName="Aula.Tests.Scheduling.SchedulingServiceIntegrationTests.Service_WithDifferentBotConfigurations_WorksCorrectly(slackEnabled: True, telegramEnabled: True)" computerName="RHO-DESKTOP" duration="00:00:00.0008672" startTime="2025-06-30T19:20:51.0163927+02:00" endTime="2025-06-30T19:20:51.0163929+02:00" testType="13cdc9d9-ddb5-4fa4-a97d-d965ccfc6d4b" outcome="Passed" testListId="8c84fa94-04c1-424b-9868-57a2d4851a1d" relativeResultsDirectory="a55ce6f3-d4e5-47ed-9edf-51e2bd7f20a2" />
    <UnitTestResult executionId="3d65174d-5448-4815-9127-02942b9d9d70" testId="e76b4e50-70e5-0b84-1a79-8432276bb6be" testName="Aula.Tests.Services.OpenAiServiceTests.OpenAiService_Constructor_WithApiKey_InitializesCorrectly" computerName="RHO-DESKTOP" duration="00:00:00.0016828" startTime="2025-06-30T19:20:51.0404114+02:00" endTime="2025-06-30T19:20:51.0404116+02:00" testType="13cdc9d9-ddb5-4fa4-a97d-d965ccfc6d4b" outcome="Passed" testListId="8c84fa94-04c1-424b-9868-57a2d4851a1d" relativeResultsDirectory="3d65174d-5448-4815-9127-02942b9d9d70" />
    <UnitTestResult executionId="b9284ef9-66cb-4523-a53d-de636fb44600" testId="bd271e29-873c-e257-8849-0350a000b3af" testName="Aula.Tests.Bots.SlackMessageHandlerTests.HandleMessageAsync_WithHelpCommand_ProcessesHelpMessage(helpCommand: &quot;help&quot;)" computerName="RHO-DESKTOP" duration="00:00:00.2352025" startTime="2025-06-30T19:20:53.6039924+02:00" endTime="2025-06-30T19:20:53.6039927+02:00" testType="13cdc9d9-ddb5-4fa4-a97d-d965ccfc6d4b" outcome="Passed" testListId="8c84fa94-04c1-424b-9868-57a2d4851a1d" relativeResultsDirectory="b9284ef9-66cb-4523-a53d-de636fb44600" />
    <UnitTestResult executionId="a1554ef0-5e8f-4088-89b7-d57b62da670e" testId="9191e86e-6282-7313-7613-da1e1fef327e" testName="Aula.Tests.Bots.TelegramInteractiveBotTests.SendMessage_WithLongChatIdAsLong_SendsSuccessfully(chatId: 987654321)" computerName="RHO-DESKTOP" duration="00:00:00.0803159" startTime="2025-06-30T19:20:52.5949496+02:00" endTime="2025-06-30T19:20:52.5949497+02:00" testType="13cdc9d9-ddb5-4fa4-a97d-d965ccfc6d4b" outcome="Passed" testListId="8c84fa94-04c1-424b-9868-57a2d4851a1d" relativeResultsDirectory="a1554ef0-5e8f-4088-89b7-d57b62da670e" />
    <UnitTestResult executionId="4df0f7d5-4878-4f7e-bd78-a69a52e0e6f7" testId="98cd8faf-e82c-211b-73e0-182caa7ee5d0" testName="Aula.Tests.Bots.SlackInteractiveBotTests.PostWeekLetter_WithHttpError_LogsError" computerName="RHO-DESKTOP" duration="00:00:00.0074015" startTime="2025-06-30T19:20:51.1842319+02:00" endTime="2025-06-30T19:20:51.1842320+02:00" testType="13cdc9d9-ddb5-4fa4-a97d-d965ccfc6d4b" outcome="Passed" testListId="8c84fa94-04c1-424b-9868-57a2d4851a1d" relativeResultsDirectory="4df0f7d5-4878-4f7e-bd78-a69a52e0e6f7" />
    <UnitTestResult executionId="41888d50-2305-47b2-9667-88ea2de4b4bf" testId="04ed4a86-ba0d-f349-f703-22b685131f64" testName="Aula.Tests.Utilities.IntentAnalysisPromptsTests.GetFormattedPrompt_WithVariousQueries_ReturnsValidPrompt(query: &quot;What does Emma have today?&quot;)" computerName="RHO-DESKTOP" duration="00:00:00.0029931" startTime="2025-06-30T19:20:51.3165217+02:00" endTime="2025-06-30T19:20:51.3165219+02:00" testType="13cdc9d9-ddb5-4fa4-a97d-d965ccfc6d4b" outcome="Passed" testListId="8c84fa94-04c1-424b-9868-57a2d4851a1d" relativeResultsDirectory="41888d50-2305-47b2-9667-88ea2de4b4bf" />
    <UnitTestResult executionId="71793d93-b41e-47b5-9f7b-2cf056a4ace0" testId="fd81db88-72a7-84e2-4288-c872b2f15c55" testName="Aula.Tests.Channels.SlackBotTests.SendTestMessage_WithVariousMessages_DoesNotThrow(message: &quot;Simple message&quot;)" computerName="RHO-DESKTOP" duration="00:00:00.0009613" startTime="2025-06-30T19:20:51.6174773+02:00" endTime="2025-06-30T19:20:51.6174775+02:00" testType="13cdc9d9-ddb5-4fa4-a97d-d965ccfc6d4b" outcome="Passed" testListId="8c84fa94-04c1-424b-9868-57a2d4851a1d" relativeResultsDirectory="71793d93-b41e-47b5-9f7b-2cf056a4ace0" />
    <UnitTestResult executionId="b4486f45-0c43-4d6c-b29e-fe06e8410ca4" testId="a40f32ef-bb76-d332-6d7b-f2a216398660" testName="Aula.Tests.Channels.SlackBotTests.PostWeekLetter_WithVariousChildColors_HandlesCorrectly(color: &quot;&quot;)" computerName="RHO-DESKTOP" duration="00:00:00.0012935" startTime="2025-06-30T19:20:51.5995842+02:00" endTime="2025-06-30T19:20:51.5995843+02:00" testType="13cdc9d9-ddb5-4fa4-a97d-d965ccfc6d4b" outcome="Passed" testListId="8c84fa94-04c1-424b-9868-57a2d4851a1d" relativeResultsDirectory="b4486f45-0c43-4d6c-b29e-fe06e8410ca4" />
    <UnitTestResult executionId="c65f6972-1408-4179-b757-32a7508ef018" testId="f5c58e94-9cf1-991c-aa85-75e7d2a200a6" testName="Aula.Tests.Configuration.ConfigurationTests.Slack_ChannelId_ValidationTests(channelId: &quot;   &quot;, isValid: False)" computerName="RHO-DESKTOP" duration="00:00:00.0077367" startTime="2025-06-30T19:20:51.8445718+02:00" endTime="2025-06-30T19:20:51.8445720+02:00" testType="13cdc9d9-ddb5-4fa4-a97d-d965ccfc6d4b" outcome="Passed" testListId="8c84fa94-04c1-424b-9868-57a2d4851a1d" relativeResultsDirectory="c65f6972-1408-4179-b757-32a7508ef018" />
    <UnitTestResult executionId="63e5fa1a-c8c7-447a-8cb8-1f9b6235e233" testId="6391cd26-6fc2-8e75-57e3-7b032d34c99b" testName="Aula.Tests.Utilities.ConversationContextTests.IsStillValid_WithFreshTimestamp_ReturnsTrue" computerName="RHO-DESKTOP" duration="00:00:00.0001506" startTime="2025-06-30T19:20:51.2942093+02:00" endTime="2025-06-30T19:20:51.2942094+02:00" testType="13cdc9d9-ddb5-4fa4-a97d-d965ccfc6d4b" outcome="Passed" testListId="8c84fa94-04c1-424b-9868-57a2d4851a1d" relativeResultsDirectory="63e5fa1a-c8c7-447a-8cb8-1f9b6235e233" />
    <UnitTestResult executionId="fbef0cd6-6ee8-419f-b34c-93328489cc4e" testId="715923f7-f881-74c1-66a2-e6f91fe6f3c7" testName="Aula.Tests.Scheduling.SchedulingServiceTests.Constructor_WithValidParameters_InitializesCorrectly" computerName="RHO-DESKTOP" duration="00:00:00.0006371" startTime="2025-06-30T19:20:51.5097842+02:00" endTime="2025-06-30T19:20:51.5097844+02:00" testType="13cdc9d9-ddb5-4fa4-a97d-d965ccfc6d4b" outcome="Passed" testListId="8c84fa94-04c1-424b-9868-57a2d4851a1d" relativeResultsDirectory="fbef0cd6-6ee8-419f-b34c-93328489cc4e" />
    <UnitTestResult executionId="161577bf-224d-4572-8ba8-2bbf961e7203" testId="4daab14e-239d-9692-7fbb-75ab5af4e5fe" testName="Aula.Tests.Utilities.WeekLetterContentExtractorTests.ExtractContent_Dynamic_WithMultipleUgebreve_ReturnsFirstContent" computerName="RHO-DESKTOP" duration="00:00:00.0040713" startTime="2025-06-30T19:20:50.9517978+02:00" endTime="2025-06-30T19:20:50.9517979+02:00" testType="13cdc9d9-ddb5-4fa4-a97d-d965ccfc6d4b" outcome="Passed" testListId="8c84fa94-04c1-424b-9868-57a2d4851a1d" relativeResultsDirectory="161577bf-224d-4572-8ba8-2bbf961e7203" />
    <UnitTestResult executionId="59bc677b-e97f-4a20-b7f8-d76a147d7e24" testId="43884531-d2e9-76f0-a975-092a4d6d7e91" testName="Aula.Tests.Utilities.FollowUpQuestionDetectorTests.IsFollowUpQuestion_WithStartingFollowUpWords_ReturnsTrue(input: &quot;and Liam&quot;)" computerName="RHO-DESKTOP" duration="00:00:00.0003205" startTime="2025-06-30T19:20:50.9151268+02:00" endTime="2025-06-30T19:20:50.9151269+02:00" testType="13cdc9d9-ddb5-4fa4-a97d-d965ccfc6d4b" outcome="Passed" testListId="8c84fa94-04c1-424b-9868-57a2d4851a1d" relativeResultsDirectory="59bc677b-e97f-4a20-b7f8-d76a147d7e24" />
    <UnitTestResult executionId="0d280bf4-8ddf-458f-87b7-a88c16c7c73a" testId="dc87daee-0005-3f96-509b-0d97422219d3" testName="Aula.Tests.Services.DataModelTests.PostedLetter_DefaultConstructor_InitializesCorrectly" computerName="RHO-DESKTOP" duration="00:00:00.0023582" startTime="2025-06-30T19:20:50.8521248+02:00" endTime="2025-06-30T19:20:50.8521249+02:00" testType="13cdc9d9-ddb5-4fa4-a97d-d965ccfc6d4b" outcome="Passed" testListId="8c84fa94-04c1-424b-9868-57a2d4851a1d" relativeResultsDirectory="0d280bf4-8ddf-458f-87b7-a88c16c7c73a" />
    <UnitTestResult executionId="ffb212ea-acb4-4546-aecd-3decdee14afc" testId="79979fc0-e5af-470a-b4aa-2d3b2b88ed93" testName="Aula.Tests.Bots.SlackMessageHandlerTests.HandleMessageAsync_WithReminderCommand_ProcessesMessage(reminderCommand: &quot;mind mig om noget&quot;)" computerName="RHO-DESKTOP" duration="00:00:00.2203569" startTime="2025-06-30T19:20:55.1974165+02:00" endTime="2025-06-30T19:20:55.1974166+02:00" testType="13cdc9d9-ddb5-4fa4-a97d-d965ccfc6d4b" outcome="Passed" testListId="8c84fa94-04c1-424b-9868-57a2d4851a1d" relativeResultsDirectory="ffb212ea-acb4-4546-aecd-3decdee14afc" />
    <UnitTestResult executionId="6d6ce435-32a4-4c83-b762-0ee4ae02d705" testId="5152246d-f0d9-3769-bfe5-e3d39d51e3bf" testName="Aula.Tests.Configuration.ConfigurationTests.UniLogin_WithInvalidCredentials_HandlesGracefully(invalidValue: &quot;&quot;)" computerName="RHO-DESKTOP" duration="00:00:00.0087189" startTime="2025-06-30T19:20:51.7923658+02:00" endTime="2025-06-30T19:20:51.7923661+02:00" testType="13cdc9d9-ddb5-4fa4-a97d-d965ccfc6d4b" outcome="Passed" testListId="8c84fa94-04c1-424b-9868-57a2d4851a1d" relativeResultsDirectory="6d6ce435-32a4-4c83-b762-0ee4ae02d705" />
    <UnitTestResult executionId="d4a4381d-ba70-4d9f-967e-d0108768fd70" testId="4adb4c0d-617b-d891-f63e-7a014d4b7e39" testName="Aula.Tests.Bots.TelegramInteractiveBotTests.SendMessage_WithException_LogsError" computerName="RHO-DESKTOP" duration="00:00:00.0028558" startTime="2025-06-30T19:20:52.4324883+02:00" endTime="2025-06-30T19:20:52.4324885+02:00" testType="13cdc9d9-ddb5-4fa4-a97d-d965ccfc6d4b" outcome="Passed" testListId="8c84fa94-04c1-424b-9868-57a2d4851a1d" relativeResultsDirectory="d4a4381d-ba70-4d9f-967e-d0108768fd70" />
    <UnitTestResult executionId="ee40c351-c754-4f1e-bb75-01e3f4ee63c4" testId="d0cf4523-20d9-e9c2-7e92-dc719d8bb4ef" testName="Aula.Tests.Tools.ReminderCommandHandlerTests.TryHandleReminderCommand_AddReminder_WithException_LogsErrorAndReturnsErrorMessage" computerName="RHO-DESKTOP" duration="00:00:00.0052666" startTime="2025-06-30T19:20:51.6300033+02:00" endTime="2025-06-30T19:20:51.6300035+02:00" testType="13cdc9d9-ddb5-4fa4-a97d-d965ccfc6d4b" outcome="Passed" testListId="8c84fa94-04c1-424b-9868-57a2d4851a1d" relativeResultsDirectory="ee40c351-c754-4f1e-bb75-01e3f4ee63c4" />
    <UnitTestResult executionId="2139ebea-3d13-4ba7-b3d2-c770a0cfabe6" testId="c883d631-b915-c13f-0bbe-3400820e4ee3" testName="Aula.Tests.Configuration.ConfigurationTests.Telegram_ConfigurationIsCorrect" computerName="RHO-DESKTOP" duration="00:00:00.0055797" startTime="2025-06-30T19:20:51.9612640+02:00" endTime="2025-06-30T19:20:51.9612644+02:00" testType="13cdc9d9-ddb5-4fa4-a97d-d965ccfc6d4b" outcome="Passed" testListId="8c84fa94-04c1-424b-9868-57a2d4851a1d" relativeResultsDirectory="2139ebea-3d13-4ba7-b3d2-c770a0cfabe6" />
    <UnitTestResult executionId="038bf546-25b4-4f3a-9cda-b654cfaa8000" testId="5c459586-7f42-89d7-f28d-c1bb3f1f4b97" testName="Aula.Tests.Utilities.FollowUpQuestionDetectorTests.IsFollowUpQuestion_WithDanishFollowUpPhrases_ReturnsTrue(input: &quot;hvordan med Liam&quot;)" computerName="RHO-DESKTOP" duration="00:00:00.0000358" startTime="2025-06-30T19:20:50.9568353+02:00" endTime="2025-06-30T19:20:50.9568353+02:00" testType="13cdc9d9-ddb5-4fa4-a97d-d965ccfc6d4b" outcome="Passed" testListId="8c84fa94-04c1-424b-9868-57a2d4851a1d" relativeResultsDirectory="038bf546-25b4-4f3a-9cda-b654cfaa8000" />
    <UnitTestResult executionId="fe5a54ab-a71a-40a5-8e84-6b8585637e78" testId="e225aa72-58fb-b1f4-f2d2-82e178039deb" testName="Aula.Tests.Utilities.ConversationContextTests.ToString_AgeCalculation_IsAccurate" computerName="RHO-DESKTOP" duration="00:00:00.0001470" startTime="2025-06-30T19:20:51.2918670+02:00" endTime="2025-06-30T19:20:51.2918671+02:00" testType="13cdc9d9-ddb5-4fa4-a97d-d965ccfc6d4b" outcome="Passed" testListId="8c84fa94-04c1-424b-9868-57a2d4851a1d" relativeResultsDirectory="fe5a54ab-a71a-40a5-8e84-6b8585637e78" />
    <UnitTestResult executionId="57815ace-178c-45fd-ae62-0d46cb3d2832" testId="28097eda-a5f4-e6e6-7060-12e7665f3075" testName="Aula.Tests.Channels.TelegramClientTests.PostWeekLetter_WithVariousChildNames_HandlesCorrectly(firstName: &quot;TestChild2&quot;)" computerName="RHO-DESKTOP" duration="00:00:00.0044144" startTime="2025-06-30T19:20:51.5662147+02:00" endTime="2025-06-30T19:20:51.5662148+02:00" testType="13cdc9d9-ddb5-4fa4-a97d-d965ccfc6d4b" outcome="Passed" testListId="8c84fa94-04c1-424b-9868-57a2d4851a1d" relativeResultsDirectory="57815ace-178c-45fd-ae62-0d46cb3d2832" />
    <UnitTestResult executionId="e8daf2ec-7a63-4dea-8da6-bd727ba89f2b" testId="085e36b0-0d52-7c74-b0d8-4785cd5f1544" testName="Aula.Tests.Services.SupabaseServiceTests.TestConnectionAsync_WithoutInitialize_ReturnsFalse" computerName="RHO-DESKTOP" duration="00:00:00.1087247" startTime="2025-06-30T19:20:51.3749916+02:00" endTime="2025-06-30T19:20:51.3749918+02:00" testType="13cdc9d9-ddb5-4fa4-a97d-d965ccfc6d4b" outcome="Passed" testListId="8c84fa94-04c1-424b-9868-57a2d4851a1d" relativeResultsDirectory="e8daf2ec-7a63-4dea-8da6-bd727ba89f2b" />
    <UnitTestResult executionId="14548435-a161-48f0-b047-c48c0258a8fb" testId="c139c7f2-e7cf-69b5-0edf-596c5852d9fe" testName="Aula.Tests.Utilities.DateTimeUtilitiesTests.GetDanishDayName_ValidDayOfWeek_ReturnsLowercaseName(dayOfWeek: Friday, expectedName: &quot;fredag&quot;)" computerName="RHO-DESKTOP" duration="00:00:00.0002522" startTime="2025-06-30T19:20:51.3370885+02:00" endTime="2025-06-30T19:20:51.3370887+02:00" testType="13cdc9d9-ddb5-4fa4-a97d-d965ccfc6d4b" outcome="Passed" testListId="8c84fa94-04c1-424b-9868-57a2d4851a1d" relativeResultsDirectory="14548435-a161-48f0-b047-c48c0258a8fb" />
    <UnitTestResult executionId="fcb40747-6d48-4a76-b582-fe523271f43f" testId="e768bc44-6321-f6f0-33ea-0643e8c3f454" testName="Aula.Tests.Bots.SlackInteractiveBotTests.Dispose_WhenCalledMultipleTimes_DoesNotThrow" computerName="RHO-DESKTOP" duration="00:00:00.0006595" startTime="2025-06-30T19:20:51.1384576+02:00" endTime="2025-06-30T19:20:51.1384577+02:00" testType="13cdc9d9-ddb5-4fa4-a97d-d965ccfc6d4b" outcome="Passed" testListId="8c84fa94-04c1-424b-9868-57a2d4851a1d" relativeResultsDirectory="fcb40747-6d48-4a76-b582-fe523271f43f" />
    <UnitTestResult executionId="33937942-6001-4249-a824-7d1ae68445d5" testId="ffc1e6de-c7e5-39de-fa7e-18eabd193809" testName="Aula.Tests.Bots.SlackInteractiveBotTests.Constructor_WithNullSupabaseService_ThrowsArgumentNullException" computerName="RHO-DESKTOP" duration="00:00:00.0012573" startTime="2025-06-30T19:20:50.9317488+02:00" endTime="2025-06-30T19:20:50.9317490+02:00" testType="13cdc9d9-ddb5-4fa4-a97d-d965ccfc6d4b" outcome="Passed" testListId="8c84fa94-04c1-424b-9868-57a2d4851a1d" relativeResultsDirectory="33937942-6001-4249-a824-7d1ae68445d5" />
    <UnitTestResult executionId="46df845e-f457-4f7b-bd45-325c3200d949" testId="7d080014-b88c-9f91-eed5-7f14566db144" testName="Aula.Tests.Services.DataServiceTests.GetWeekLetter_ReturnsNull_WhenNotInCache" computerName="RHO-DESKTOP" duration="00:00:00.0011022" startTime="2025-06-30T19:20:51.2753275+02:00" endTime="2025-06-30T19:20:51.2753278+02:00" testType="13cdc9d9-ddb5-4fa4-a97d-d965ccfc6d4b" outcome="Passed" testListId="8c84fa94-04c1-424b-9868-57a2d4851a1d" relativeResultsDirectory="46df845e-f457-4f7b-bd45-325c3200d949" />
    <UnitTestResult executionId="f51d0a77-d341-47ba-9437-db957f9e6be8" testId="484a9c28-0cc9-95a2-990b-b9c28e6033e5" testName="Aula.Tests.Tools.ReminderCommandHandlerTests.Constructor_WithNullSupabaseService_ThrowsArgumentNullException" computerName="RHO-DESKTOP" duration="00:00:00.0003554" startTime="2025-06-30T19:20:51.5976252+02:00" endTime="2025-06-30T19:20:51.5976253+02:00" testType="13cdc9d9-ddb5-4fa4-a97d-d965ccfc6d4b" outcome="Passed" testListId="8c84fa94-04c1-424b-9868-57a2d4851a1d" relativeResultsDirectory="f51d0a77-d341-47ba-9437-db957f9e6be8" />
    <UnitTestResult executionId="7b206783-dd5a-48f6-a45f-68c0db11893a" testId="2d7c87f9-92d6-6d29-4cc3-8c2788e75a11" testName="Aula.Tests.Bots.TelegramInteractiveBotTests.Constructor_WithNullLoggerFactory_ThrowsArgumentNullException" computerName="RHO-DESKTOP" duration="00:00:00.0007923" startTime="2025-06-30T19:20:52.6121168+02:00" endTime="2025-06-30T19:20:52.6121169+02:00" testType="13cdc9d9-ddb5-4fa4-a97d-d965ccfc6d4b" outcome="Passed" testListId="8c84fa94-04c1-424b-9868-57a2d4851a1d" relativeResultsDirectory="7b206783-dd5a-48f6-a45f-68c0db11893a" />
    <UnitTestResult executionId="41043ead-afa9-4eb5-b44b-e3faa38c6c3b" testId="69f852cf-0b8d-bff9-6d2d-fced5fbdbaf2" testName="Aula.Tests.Bots.TelegramMessageHandlerTests.HandleMessageAsync_LogsMessageProcessing" computerName="RHO-DESKTOP" duration="00:00:00.0087905" startTime="2025-06-30T19:20:51.4452240+02:00" endTime="2025-06-30T19:20:51.4452241+02:00" testType="13cdc9d9-ddb5-4fa4-a97d-d965ccfc6d4b" outcome="Failed" testListId="8c84fa94-04c1-424b-9868-57a2d4851a1d" relativeResultsDirectory="41043ead-afa9-4eb5-b44b-e3faa38c6c3b">
      <Output>
        <ErrorInfo>
          <Message>System.NotSupportedException : Unsupported expression: u =&gt; u.Id&#xD;
Non-overridable members (here: User.get_Id) may not be used in setup / verification expressions.</Message>
          <StackTrace>   at Moq.Guard.IsOverridable(MethodInfo method, Expression expression) in /_/src/Moq/Guard.cs:line 99
   at Moq.MethodExpectation..ctor(LambdaExpression expression, MethodInfo method, IReadOnlyList`1 arguments, Boolean exactGenericTypeArguments, Boolean skipMatcherInitialization, Boolean allowNonOverridable) in /_/src/Moq/MethodExpectation.cs:line 87
   at Moq.ExpressionExtensions.&lt;Split&gt;g__Split|5_0(Expression e, Expression&amp; r, MethodExpectation&amp; p, Boolean assignment, Boolean allowNonOverridableLastProperty) in /_/src/Moq/ExpressionExtensions.cs:line 326
   at Moq.ExpressionExtensions.Split(LambdaExpression expression, Boolean allowNonOverridableLastProperty) in /_/src/Moq/ExpressionExtensions.cs:line 149
   at Moq.Mock.SetupRecursive[TSetup](Mock mock, LambdaExpression expression, Func`4 setupLast, Boolean allowNonOverridableLastProperty) in /_/src/Moq/Mock.cs:line 645
   at Moq.Mock.Setup(Mock mock, LambdaExpression expression, Condition condition) in /_/src/Moq/Mock.cs:line 500
   at Moq.Mock.SetupGet(Mock mock, LambdaExpression expression, Condition condition) in /_/src/Moq/Mock.cs:line 518
   at Moq.Mock`1.SetupGet[TProperty](Expression`1 expression) in /_/src/Moq/Mock`1.cs:line 473
   at Aula.Tests.Bots.TelegramTestMessageFactory.CreateTextMessage(Int64 chatId, String text, ChatType chatType, Int32 messageId, String firstName, String username) in /mnt/d/git/aula/src/Aula.Tests/Bots/TelegramTestMessageFactory.cs:line 18
   at Aula.Tests.Bots.TelegramMessageHandlerTests.HandleMessageAsync_LogsMessageProcessing() in /mnt/d/git/aula/src/Aula.Tests/Bots/TelegramMessageHandlerTests.cs:line 362
--- End of stack trace from previous location ---</StackTrace>
        </ErrorInfo>
      </Output>
    </UnitTestResult>
    <UnitTestResult executionId="226f5db3-8484-424f-bb1f-9fe854c20278" testId="2dc6c47b-b5f0-933c-7989-ac5759dd4706" testName="Aula.Tests.Channels.TelegramClientTests.Constructor_WithConfig_EnabledTrue_CreatesInstance" computerName="RHO-DESKTOP" duration="00:00:00.0001713" startTime="2025-06-30T19:20:51.5710803+02:00" endTime="2025-06-30T19:20:51.5710804+02:00" testType="13cdc9d9-ddb5-4fa4-a97d-d965ccfc6d4b" outcome="Passed" testListId="8c84fa94-04c1-424b-9868-57a2d4851a1d" relativeResultsDirectory="226f5db3-8484-424f-bb1f-9fe854c20278" />
    <UnitTestResult executionId="6edbd894-03dc-4cab-88fb-5c00a409fd36" testId="952f09f7-4d08-75b3-4aa9-81a5106c72e8" testName="Aula.Tests.Configuration.ConfigurationTests.Config_IConfig_Interface_IsImplemented" computerName="RHO-DESKTOP" duration="00:00:00.0139276" startTime="2025-06-30T19:20:51.8742684+02:00" endTime="2025-06-30T19:20:51.8742685+02:00" testType="13cdc9d9-ddb5-4fa4-a97d-d965ccfc6d4b" outcome="Passed" testListId="8c84fa94-04c1-424b-9868-57a2d4851a1d" relativeResultsDirectory="6edbd894-03dc-4cab-88fb-5c00a409fd36" />
    <UnitTestResult executionId="0f602ee6-c4fd-4450-b1c1-1396e307a563" testId="9ca02d05-5169-149e-ecab-3b9b289b72d5" testName="Aula.Tests.Tools.ReminderCommandHandlerTests.TryHandleReminderCommand_ListReminders_OrdersByDateAndTime" computerName="RHO-DESKTOP" duration="00:00:00.0038203" startTime="2025-06-30T19:20:51.6328529+02:00" endTime="2025-06-30T19:20:51.6328530+02:00" testType="13cdc9d9-ddb5-4fa4-a97d-d965ccfc6d4b" outcome="Passed" testListId="8c84fa94-04c1-424b-9868-57a2d4851a1d" relativeResultsDirectory="0f602ee6-c4fd-4450-b1c1-1396e307a563" />
    <UnitTestResult executionId="51fa87a5-bf45-44e4-8f30-6690533a858a" testId="9e010064-1282-f730-0e21-1a9c045272eb" testName="Aula.Tests.Utilities.IntentAnalysisPromptsTests.GetFormattedPrompt_WithVariousQueries_ReturnsValidPrompt(query: &quot;Remind me about soccer&quot;)" computerName="RHO-DESKTOP" duration="00:00:00.0002844" startTime="2025-06-30T19:20:51.3252730+02:00" endTime="2025-06-30T19:20:51.3252731+02:00" testType="13cdc9d9-ddb5-4fa4-a97d-d965ccfc6d4b" outcome="Passed" testListId="8c84fa94-04c1-424b-9868-57a2d4851a1d" relativeResultsDirectory="51fa87a5-bf45-44e4-8f30-6690533a858a" />
    <UnitTestResult executionId="6cae55b0-27c3-4d8d-9abe-726052eb82c6" testId="a16a5295-4893-3b2e-da76-c179d6ee21e1" testName="Aula.Tests.Scheduling.SchedulingServiceIntegrationTests.StopAsync_CanBeCalledMultipleTimes_DoesNotThrow" computerName="RHO-DESKTOP" duration="00:00:00.0012488" startTime="2025-06-30T19:20:50.9851838+02:00" endTime="2025-06-30T19:20:50.9851840+02:00" testType="13cdc9d9-ddb5-4fa4-a97d-d965ccfc6d4b" outcome="Passed" testListId="8c84fa94-04c1-424b-9868-57a2d4851a1d" relativeResultsDirectory="6cae55b0-27c3-4d8d-9abe-726052eb82c6" />
    <UnitTestResult executionId="c49e99d3-d3f5-4d3b-a8bf-fbe5b8156086" testId="9728fe01-3005-7319-6ba9-b6d3b25a9602" testName="Aula.Tests.Bots.SlackInteractiveBotTests.SendMessage_WithLongText_TruncatesMessage" computerName="RHO-DESKTOP" duration="00:00:00.0251774" startTime="2025-06-30T19:20:51.2216312+02:00" endTime="2025-06-30T19:20:51.2216314+02:00" testType="13cdc9d9-ddb5-4fa4-a97d-d965ccfc6d4b" outcome="Passed" testListId="8c84fa94-04c1-424b-9868-57a2d4851a1d" relativeResultsDirectory="c49e99d3-d3f5-4d3b-a8bf-fbe5b8156086" />
    <UnitTestResult executionId="6882d0af-8cbc-4c11-aa75-d3510117e97e" testId="897f10c2-6c72-467e-5a23-7b3bebf70ffb" testName="Aula.Tests.Channels.SlackBotTests.Constructor_WithWebhookUrl_CreatesInstance" computerName="RHO-DESKTOP" duration="00:00:00.0001548" startTime="2025-06-30T19:20:51.6276305+02:00" endTime="2025-06-30T19:20:51.6276306+02:00" testType="13cdc9d9-ddb5-4fa4-a97d-d965ccfc6d4b" outcome="Passed" testListId="8c84fa94-04c1-424b-9868-57a2d4851a1d" relativeResultsDirectory="6882d0af-8cbc-4c11-aa75-d3510117e97e" />
    <UnitTestResult executionId="4a519ace-e89f-4ce9-8ef7-ba743971a9cf" testId="1bdda070-0470-891d-d0f0-2e66f6c00467" testName="Aula.Tests.Utilities.FollowUpQuestionDetectorTests.IsFollowUpQuestion_WithEnglishFollowUpPhrases_ReturnsTrue(input: &quot;what about Emma&quot;)" computerName="RHO-DESKTOP" duration="00:00:00.0000513" startTime="2025-06-30T19:20:50.9033084+02:00" endTime="2025-06-30T19:20:50.9033085+02:00" testType="13cdc9d9-ddb5-4fa4-a97d-d965ccfc6d4b" outcome="Passed" testListId="8c84fa94-04c1-424b-9868-57a2d4851a1d" relativeResultsDirectory="4a519ace-e89f-4ce9-8ef7-ba743971a9cf" />
    <UnitTestResult executionId="21a39a8d-5a60-455a-8502-cff00e088c10" testId="58e104c6-e504-07c5-0909-f689fdb330d3" testName="Aula.Tests.Bots.TelegramMessageHandlerTests.Constructor_WithNullReminderHandler_ThrowsArgumentNullException" computerName="RHO-DESKTOP" duration="00:00:00.0008884" startTime="2025-06-30T19:20:51.4477767+02:00" endTime="2025-06-30T19:20:51.4477768+02:00" testType="13cdc9d9-ddb5-4fa4-a97d-d965ccfc6d4b" outcome="Passed" testListId="8c84fa94-04c1-424b-9868-57a2d4851a1d" relativeResultsDirectory="21a39a8d-5a60-455a-8502-cff00e088c10" />
    <UnitTestResult executionId="c03b0faa-d3b1-4d70-9557-198e4ff0b2ba" testId="c877210f-bb9a-c13c-82b0-695b1245feeb" testName="Aula.Tests.Services.OpenAiServiceIntegrationTests.Constructor_WithNullApiKey_ThrowsArgumentException" computerName="RHO-DESKTOP" duration="00:00:00.1592300" startTime="2025-06-30T19:20:50.9811303+02:00" endTime="2025-06-30T19:20:50.9811305+02:00" testType="13cdc9d9-ddb5-4fa4-a97d-d965ccfc6d4b" outcome="Failed" testListId="8c84fa94-04c1-424b-9868-57a2d4851a1d" relativeResultsDirectory="c03b0faa-d3b1-4d70-9557-198e4ff0b2ba">
      <Output>
        <ErrorInfo>
          <Message>Assert.Equal() Failure: Strings differ
           ↓ (pos 0)
Expected: "apiKey"
Actual:   "constructorArguments"
           ↑ (pos 0)</Message>
          <StackTrace>   at Aula.Tests.Services.OpenAiServiceIntegrationTests.Constructor_WithNullApiKey_ThrowsArgumentException() in /mnt/d/git/aula/src/Aula.Tests/Services/OpenAiServiceIntegrationTests.cs:line 41
   at System.RuntimeMethodHandle.InvokeMethod(Object target, Void** arguments, Signature sig, Boolean isConstructor)
   at System.Reflection.MethodBaseInvoker.InvokeWithNoArgs(Object obj, BindingFlags invokeAttr)</StackTrace>
        </ErrorInfo>
      </Output>
    </UnitTestResult>
    <UnitTestResult executionId="eb5a6c4c-76f1-42e9-8c3d-8dbd37bcef7c" testId="4b6e6498-4329-5b43-2b56-2bc5486e69cc" testName="Aula.Tests.Utilities.IntentAnalysisPromptsTests.ToolExamples_CoverExpectedUseCase(expectedKey: &quot;LIST_REMINDERS&quot;, queryPattern: &quot;reminders&quot;)" computerName="RHO-DESKTOP" duration="00:00:00.0000361" startTime="2025-06-30T19:20:51.3700299+02:00" endTime="2025-06-30T19:20:51.3700300+02:00" testType="13cdc9d9-ddb5-4fa4-a97d-d965ccfc6d4b" outcome="Passed" testListId="8c84fa94-04c1-424b-9868-57a2d4851a1d" relativeResultsDirectory="eb5a6c4c-76f1-42e9-8c3d-8dbd37bcef7c" />
    <UnitTestResult executionId="5ecd6c6a-0d19-43e4-ac49-98f5145c2de3" testId="a0f8908b-2fc2-df51-4b18-23e951512406" testName="Aula.Tests.Scheduling.SchedulingServiceIntegrationTests.Constructor_WithNullConfig_ThrowsArgumentNullException" computerName="RHO-DESKTOP" duration="00:00:00.0011388" startTime="2025-06-30T19:20:50.9458857+02:00" endTime="2025-06-30T19:20:50.9458858+02:00" testType="13cdc9d9-ddb5-4fa4-a97d-d965ccfc6d4b" outcome="Passed" testListId="8c84fa94-04c1-424b-9868-57a2d4851a1d" relativeResultsDirectory="5ecd6c6a-0d19-43e4-ac49-98f5145c2de3" />
    <UnitTestResult executionId="0ffa171f-f7a3-44ba-aab8-1101b313f4af" testId="14b493ec-1bcb-50f5-9528-914b1e27347a" testName="Aula.Tests.Configuration.ConfigurationTests.Features_ConversationCacheExpiration_ValidationTests(minutes: -1, isValid: False)" computerName="RHO-DESKTOP" duration="00:00:00.0128873" startTime="2025-06-30T19:20:51.6589910+02:00" endTime="2025-06-30T19:20:51.6589911+02:00" testType="13cdc9d9-ddb5-4fa4-a97d-d965ccfc6d4b" outcome="Passed" testListId="8c84fa94-04c1-424b-9868-57a2d4851a1d" relativeResultsDirectory="0ffa171f-f7a3-44ba-aab8-1101b313f4af" />
    <UnitTestResult executionId="76bf0df4-a047-45b5-97c7-43da3a1a0a83" testId="06bd4992-c8ee-1a40-f2c9-75f9e0d2a1aa" testName="Aula.Tests.Configuration.ConfigurationTests.Timers_AdaptivePollingLimits_ValidationTests(minSeconds: 0, maxSeconds: 30, isValid: False)" computerName="RHO-DESKTOP" duration="00:00:00.0157765" startTime="2025-06-30T19:20:51.6434852+02:00" endTime="2025-06-30T19:20:51.6434854+02:00" testType="13cdc9d9-ddb5-4fa4-a97d-d965ccfc6d4b" outcome="Passed" testListId="8c84fa94-04c1-424b-9868-57a2d4851a1d" relativeResultsDirectory="76bf0df4-a047-45b5-97c7-43da3a1a0a83" />
    <UnitTestResult executionId="b3b0112b-12e6-4783-9fb5-70d123cd0a33" testId="b10574f8-57a7-a56d-69fc-5fa21e09fe6d" testName="Aula.Tests.Services.OpenAiServiceIntegrationTests.AskQuestionAboutChildrenAsync_WithNullChildrenWeekLetters_ThrowsArgumentNullException(chatInterface: Telegram)" computerName="RHO-DESKTOP" duration="00:00:00.0012547" startTime="2025-06-30T19:20:51.0059827+02:00" endTime="2025-06-30T19:20:51.0059828+02:00" testType="13cdc9d9-ddb5-4fa4-a97d-d965ccfc6d4b" outcome="Failed" testListId="8c84fa94-04c1-424b-9868-57a2d4851a1d" relativeResultsDirectory="b3b0112b-12e6-4783-9fb5-70d123cd0a33">
      <Output>
        <ErrorInfo>
          <Message>System.ArgumentException : Can not instantiate proxy of class: Aula.Tools.AiToolsManager.
Could not find a parameterless constructor. (Parameter 'constructorArguments')
---- System.MissingMethodException : Constructor on type 'Castle.Proxies.AiToolsManagerProxy' not found.</Message>
          <StackTrace>   at Castle.DynamicProxy.ProxyGenerator.CreateClassProxyInstance(Type proxyType, List`1 proxyArguments, Type classToProxy, Object[] constructorArguments)
   at Castle.DynamicProxy.ProxyGenerator.CreateClassProxy(Type classToProxy, Type[] additionalInterfacesToProxy, ProxyGenerationOptions options, Object[] constructorArguments, IInterceptor[] interceptors)
   at Moq.CastleProxyFactory.CreateProxy(Type mockType, IInterceptor interceptor, Type[] interfaces, Object[] arguments) in /_/src/Moq/Interception/CastleProxyFactory.cs:line 62
   at Moq.Mock`1.InitializeInstance() in /_/src/Moq/Mock`1.cs:line 309
   at Moq.Mock`1.OnGetObject() in /_/src/Moq/Mock`1.cs:line 323
   at Moq.Mock.get_Object() in /_/src/Moq/Mock.cs:line 181
   at Moq.Mock`1.get_Object() in /_/src/Moq/Mock`1.cs:line 281
   at Aula.Tests.Services.OpenAiServiceIntegrationTests.AskQuestionAboutChildrenAsync_WithNullChildrenWeekLetters_ThrowsArgumentNullException(ChatInterface chatInterface) in /mnt/d/git/aula/src/Aula.Tests/Services/OpenAiServiceIntegrationTests.cs:line 152
--- End of stack trace from previous location ---
----- Inner Stack Trace -----
   at System.RuntimeType.CreateInstanceImpl(BindingFlags bindingAttr, Binder binder, Object[] args, CultureInfo culture)
   at Castle.DynamicProxy.ProxyGenerator.CreateClassProxyInstance(Type proxyType, List`1 proxyArguments, Type classToProxy, Object[] constructorArguments)</StackTrace>
        </ErrorInfo>
      </Output>
    </UnitTestResult>
    <UnitTestResult executionId="1eff52fa-3f44-4263-bd15-d1e89021bae0" testId="f7baf2b9-a2d0-7c99-3bd4-af737954fe30" testName="Aula.Tests.Tools.ReminderCommandHandlerTests.TryHandleReminderCommand_DeleteReminder_WithException_LogsErrorAndReturnsErrorMessage(command: &quot;delete reminder 999&quot;, isEnglish: True)" computerName="RHO-DESKTOP" duration="00:00:00.0091723" startTime="2025-06-30T19:20:51.5720991+02:00" endTime="2025-06-30T19:20:51.5720993+02:00" testType="13cdc9d9-ddb5-4fa4-a97d-d965ccfc6d4b" outcome="Passed" testListId="8c84fa94-04c1-424b-9868-57a2d4851a1d" relativeResultsDirectory="1eff52fa-3f44-4263-bd15-d1e89021bae0" />
    <UnitTestResult executionId="e38c3109-889c-47a1-97c1-a03fe92485f8" testId="b7876997-bf06-ed71-c4e7-a75d56d4b58d" testName="Aula.Tests.Tools.ReminderCommandHandlerTests.TryHandleReminderCommand_ListReminders_ValidCommands_ReturnsRemindersList(command: &quot;liste påmindelser&quot;, isEnglish: False)" computerName="RHO-DESKTOP" duration="00:00:00.0073891" startTime="2025-06-30T19:20:51.5914897+02:00" endTime="2025-06-30T19:20:51.5914898+02:00" testType="13cdc9d9-ddb5-4fa4-a97d-d965ccfc6d4b" outcome="Passed" testListId="8c84fa94-04c1-424b-9868-57a2d4851a1d" relativeResultsDirectory="e38c3109-889c-47a1-97c1-a03fe92485f8" />
    <UnitTestResult executionId="a93676f2-ec26-4041-b4c1-058eec2b4df7" testId="ad0d39e5-00d7-6228-aeb3-c91c6b3da5f5" testName="Aula.Tests.Services.DataModelTests.Reminder_DateTimeHandling_WorksCorrectly" computerName="RHO-DESKTOP" duration="00:00:00.0004639" startTime="2025-06-30T19:20:50.8598261+02:00" endTime="2025-06-30T19:20:50.8598261+02:00" testType="13cdc9d9-ddb5-4fa4-a97d-d965ccfc6d4b" outcome="Passed" testListId="8c84fa94-04c1-424b-9868-57a2d4851a1d" relativeResultsDirectory="a93676f2-ec26-4041-b4c1-058eec2b4df7" />
    <UnitTestResult executionId="5ecc72b9-b5de-4e08-97a1-f2ccd1de2537" testId="586d74ce-5942-0e84-021d-61533272d525" testName="Aula.Tests.Bots.TelegramInteractiveBotTests.Constructor_WithValidParameters_InitializesCorrectly" computerName="RHO-DESKTOP" duration="00:00:00.0132702" startTime="2025-06-30T19:20:51.4305482+02:00" endTime="2025-06-30T19:20:51.4305483+02:00" testType="13cdc9d9-ddb5-4fa4-a97d-d965ccfc6d4b" outcome="Passed" testListId="8c84fa94-04c1-424b-9868-57a2d4851a1d" relativeResultsDirectory="5ecc72b9-b5de-4e08-97a1-f2ccd1de2537" />
    <UnitTestResult executionId="e9505b9d-caa0-47ae-b9cb-63dfc8927e1e" testId="c22f41fe-1a51-d644-5cab-111d373cdaae" testName="Aula.Tests.Channels.SlackBotTests.PostWeekLetter_WithVariousChildColors_HandlesCorrectly(color: &quot;#00FF00&quot;)" computerName="RHO-DESKTOP" duration="00:00:00.0007660" startTime="2025-06-30T19:20:51.6012519+02:00" endTime="2025-06-30T19:20:51.6012520+02:00" testType="13cdc9d9-ddb5-4fa4-a97d-d965ccfc6d4b" outcome="Passed" testListId="8c84fa94-04c1-424b-9868-57a2d4851a1d" relativeResultsDirectory="e9505b9d-caa0-47ae-b9cb-63dfc8927e1e" />
    <UnitTestResult executionId="2d7c41e8-501e-4702-bea5-76ef8a516b1c" testId="b7ae8529-9bcc-b3b7-9e9a-1f51fba7bd52" testName="Aula.Tests.Configuration.ConfigurationTests.Slack_ChannelId_ValidationTests(channelId: &quot;#general&quot;, isValid: True)" computerName="RHO-DESKTOP" duration="00:00:00.0045088" startTime="2025-06-30T19:20:51.8532155+02:00" endTime="2025-06-30T19:20:51.8532159+02:00" testType="13cdc9d9-ddb5-4fa4-a97d-d965ccfc6d4b" outcome="Passed" testListId="8c84fa94-04c1-424b-9868-57a2d4851a1d" relativeResultsDirectory="2d7c41e8-501e-4702-bea5-76ef8a516b1c" />
    <UnitTestResult executionId="1d82ccd4-d17c-4a84-b905-b8e92cc6656a" testId="3076346f-e719-f439-3898-289f35032ef1" testName="Aula.Tests.Services.DataModelTests.ScheduledTask_CronExpression_CanBeSet(cronExpression: &quot;0 16 * * 0&quot;, description: &quot;Weekly at 4 PM on Sundays&quot;)" computerName="RHO-DESKTOP" duration="00:00:00.0014721" startTime="2025-06-30T19:20:50.8510211+02:00" endTime="2025-06-30T19:20:50.8510213+02:00" testType="13cdc9d9-ddb5-4fa4-a97d-d965ccfc6d4b" outcome="Passed" testListId="8c84fa94-04c1-424b-9868-57a2d4851a1d" relativeResultsDirectory="1d82ccd4-d17c-4a84-b905-b8e92cc6656a" />
    <UnitTestResult executionId="2115de64-2875-473c-8ea5-103cf002cbec" testId="332896aa-a36b-b7b0-c333-01128c6d7ce1" testName="Aula.Tests.Scheduling.SchedulingServiceIntegrationTests.Service_WithDifferentBotConfigurations_WorksCorrectly(slackEnabled: False, telegramEnabled: False)" computerName="RHO-DESKTOP" duration="00:00:00.0004449" startTime="2025-06-30T19:20:51.0259016+02:00" endTime="2025-06-30T19:20:51.0259017+02:00" testType="13cdc9d9-ddb5-4fa4-a97d-d965ccfc6d4b" outcome="Passed" testListId="8c84fa94-04c1-424b-9868-57a2d4851a1d" relativeResultsDirectory="2115de64-2875-473c-8ea5-103cf002cbec" />
    <UnitTestResult executionId="76f4540c-eabe-4eda-839b-79f2cc99a11c" testId="ae0539e8-7653-996e-a87e-3f69894a3b17" testName="Aula.Tests.Services.OpenAiServiceIntegrationTests.ProcessQueryWithToolsAsync_WithInvalidQuery_ThrowsArgumentException(query: null)" computerName="RHO-DESKTOP" duration="00:00:00.0010972" startTime="2025-06-30T19:20:51.0738930+02:00" endTime="2025-06-30T19:20:51.0738935+02:00" testType="13cdc9d9-ddb5-4fa4-a97d-d965ccfc6d4b" outcome="Failed" testListId="8c84fa94-04c1-424b-9868-57a2d4851a1d" relativeResultsDirectory="76f4540c-eabe-4eda-839b-79f2cc99a11c">
      <Output>
        <ErrorInfo>
          <Message>System.ArgumentException : Can not instantiate proxy of class: Aula.Tools.AiToolsManager.
Could not find a parameterless constructor. (Parameter 'constructorArguments')
---- System.MissingMethodException : Constructor on type 'Castle.Proxies.AiToolsManagerProxy' not found.</Message>
          <StackTrace>   at Castle.DynamicProxy.ProxyGenerator.CreateClassProxyInstance(Type proxyType, List`1 proxyArguments, Type classToProxy, Object[] constructorArguments)
   at Castle.DynamicProxy.ProxyGenerator.CreateClassProxy(Type classToProxy, Type[] additionalInterfacesToProxy, ProxyGenerationOptions options, Object[] constructorArguments, IInterceptor[] interceptors)
   at Moq.CastleProxyFactory.CreateProxy(Type mockType, IInterceptor interceptor, Type[] interfaces, Object[] arguments) in /_/src/Moq/Interception/CastleProxyFactory.cs:line 62
   at Moq.Mock`1.InitializeInstance() in /_/src/Moq/Mock`1.cs:line 309
   at Moq.Mock`1.OnGetObject() in /_/src/Moq/Mock`1.cs:line 323
   at Moq.Mock.get_Object() in /_/src/Moq/Mock.cs:line 181
   at Moq.Mock`1.get_Object() in /_/src/Moq/Mock`1.cs:line 281
   at Aula.Tests.Services.OpenAiServiceIntegrationTests.ProcessQueryWithToolsAsync_WithInvalidQuery_ThrowsArgumentException(String query) in /mnt/d/git/aula/src/Aula.Tests/Services/OpenAiServiceIntegrationTests.cs:line 164
--- End of stack trace from previous location ---
----- Inner Stack Trace -----
   at System.RuntimeType.CreateInstanceImpl(BindingFlags bindingAttr, Binder binder, Object[] args, CultureInfo culture)
   at Castle.DynamicProxy.ProxyGenerator.CreateClassProxyInstance(Type proxyType, List`1 proxyArguments, Type classToProxy, Object[] constructorArguments)</StackTrace>
        </ErrorInfo>
      </Output>
    </UnitTestResult>
    <UnitTestResult executionId="397ce571-9f0b-49f5-9f5f-8a8667a60c56" testId="4cdb1a1d-1763-9c6d-9472-d3d70dd3181a" testName="Aula.Tests.Services.DataModelTests.AppState_DefaultConstructor_InitializesCorrectly" computerName="RHO-DESKTOP" duration="00:00:00.0002791" startTime="2025-06-30T19:20:50.8727175+02:00" endTime="2025-06-30T19:20:50.8727178+02:00" testType="13cdc9d9-ddb5-4fa4-a97d-d965ccfc6d4b" outcome="Passed" testListId="8c84fa94-04c1-424b-9868-57a2d4851a1d" relativeResultsDirectory="397ce571-9f0b-49f5-9f5f-8a8667a60c56" />
    <UnitTestResult executionId="6f7c7c17-8fc8-4a9c-b133-9da58617277d" testId="fef1bbd3-bec0-195c-f4d4-bbae6f5abedb" testName="Aula.Tests.Tools.ReminderCommandHandlerTests.TryHandleReminderCommand_NonReminderCommands_ReturnsFalse(command: &quot;remind me&quot;)" computerName="RHO-DESKTOP" duration="00:00:00.0071656" startTime="2025-06-30T19:20:51.5414984+02:00" endTime="2025-06-30T19:20:51.5414986+02:00" testType="13cdc9d9-ddb5-4fa4-a97d-d965ccfc6d4b" outcome="Passed" testListId="8c84fa94-04c1-424b-9868-57a2d4851a1d" relativeResultsDirectory="6f7c7c17-8fc8-4a9c-b133-9da58617277d" />
    <UnitTestResult executionId="8bc198c5-cd2c-433a-93cb-3fd9b06a20e2" testId="3516f5e6-d761-9079-ee12-f11189d2dee7" testName="Aula.Tests.Utilities.DateTimeUtilitiesTests.GetDanishDayName_ValidDayOfWeek_ReturnsCorrectDanishName(dayOfWeek: Friday, expectedDanishName: &quot;fredag&quot;)" computerName="RHO-DESKTOP" duration="00:00:00.0000041" startTime="2025-06-30T19:20:51.3150437+02:00" endTime="2025-06-30T19:20:51.3150440+02:00" testType="13cdc9d9-ddb5-4fa4-a97d-d965ccfc6d4b" outcome="Passed" testListId="8c84fa94-04c1-424b-9868-57a2d4851a1d" relativeResultsDirectory="8bc198c5-cd2c-433a-93cb-3fd9b06a20e2" />
    <UnitTestResult executionId="f3533c2b-ecf5-42f0-a0d3-e5c15d49f242" testId="cc3765fc-8658-a464-43ae-5fa3b977b4d0" testName="Aula.Tests.Configuration.ConfigurationTests.Telegram_Token_ValidationTests(token: &quot;&quot;, isValidFormat: False)" computerName="RHO-DESKTOP" duration="00:00:00.0100462" startTime="2025-06-30T19:20:51.7242977+02:00" endTime="2025-06-30T19:20:51.7242978+02:00" testType="13cdc9d9-ddb5-4fa4-a97d-d965ccfc6d4b" outcome="Passed" testListId="8c84fa94-04c1-424b-9868-57a2d4851a1d" relativeResultsDirectory="f3533c2b-ecf5-42f0-a0d3-e5c15d49f242" />
    <UnitTestResult executionId="1a34d356-cf0d-4bc3-b061-74f38b91c78a" testId="0a67f5eb-9494-4a90-6e4a-75483ed48ca6" testName="Aula.Tests.Utilities.FollowUpQuestionDetectorTests.IsFollowUpQuestion_WithShortFollowUps_ReturnsTrue(input: &quot;okay&quot;)" computerName="RHO-DESKTOP" duration="00:00:00.0000518" startTime="2025-06-30T19:20:50.9062752+02:00" endTime="2025-06-30T19:20:50.9062753+02:00" testType="13cdc9d9-ddb5-4fa4-a97d-d965ccfc6d4b" outcome="Passed" testListId="8c84fa94-04c1-424b-9868-57a2d4851a1d" relativeResultsDirectory="1a34d356-cf0d-4bc3-b061-74f38b91c78a" />
    <UnitTestResult executionId="1381c42f-adc0-48e4-9a1b-a827d8ab745b" testId="350fb660-314c-786b-3d6b-541a0971c807" testName="Aula.Tests.Channels.TelegramClientTests.PostWeekLetter_WithDisabledTelegram_ReturnsFalse" computerName="RHO-DESKTOP" duration="00:00:00.0010375" startTime="2025-06-30T19:20:51.5614358+02:00" endTime="2025-06-30T19:20:51.5614360+02:00" testType="13cdc9d9-ddb5-4fa4-a97d-d965ccfc6d4b" outcome="Passed" testListId="8c84fa94-04c1-424b-9868-57a2d4851a1d" relativeResultsDirectory="1381c42f-adc0-48e4-9a1b-a827d8ab745b" />
    <UnitTestResult executionId="914edf06-ef44-4211-9aa5-9204aecd5438" testId="5749c604-52df-ef4c-d6f1-907c4b7b515f" testName="Aula.Tests.Utilities.FollowUpQuestionDetectorTests.IsFollowUpQuestion_WithNullInput_ReturnsFalse" computerName="RHO-DESKTOP" duration="00:00:00.0001579" startTime="2025-06-30T19:20:50.9583162+02:00" endTime="2025-06-30T19:20:50.9583163+02:00" testType="13cdc9d9-ddb5-4fa4-a97d-d965ccfc6d4b" outcome="Passed" testListId="8c84fa94-04c1-424b-9868-57a2d4851a1d" relativeResultsDirectory="914edf06-ef44-4211-9aa5-9204aecd5438" />
    <UnitTestResult executionId="bd6bb121-9645-4dd4-b4ca-fcedecd13e9c" testId="2a1dcdd7-96d2-dad7-f34d-9619dff356c8" testName="Aula.Tests.Utilities.WeekLetterContentExtractorTests.ExtractContent_WithValidJObject_ReturnsContent" computerName="RHO-DESKTOP" duration="00:00:00.0170927" startTime="2025-06-30T19:20:50.7837270+02:00" endTime="2025-06-30T19:20:50.7837540+02:00" testType="13cdc9d9-ddb5-4fa4-a97d-d965ccfc6d4b" outcome="Passed" testListId="8c84fa94-04c1-424b-9868-57a2d4851a1d" relativeResultsDirectory="bd6bb121-9645-4dd4-b4ca-fcedecd13e9c" />
    <UnitTestResult executionId="b8fdc850-6c16-423d-8a18-9ed23805a1a2" testId="99892231-84e1-33e1-e7f7-41ced0139b8b" testName="Aula.Tests.Channels.TelegramClientTests.SendMessageToChannel_WithVariousChannelIds_DoesNotThrow(channelId: &quot;&quot;)" computerName="RHO-DESKTOP" duration="00:00:00.0044315" startTime="2025-06-30T19:20:51.5353737+02:00" endTime="2025-06-30T19:20:51.5353739+02:00" testType="13cdc9d9-ddb5-4fa4-a97d-d965ccfc6d4b" outcome="Passed" testListId="8c84fa94-04c1-424b-9868-57a2d4851a1d" relativeResultsDirectory="b8fdc850-6c16-423d-8a18-9ed23805a1a2" />
    <UnitTestResult executionId="a3143b6f-35d7-4d95-a488-9fa4914de4d6" testId="269fcbba-1520-c37c-832e-a6063e8324bb" testName="Aula.Tests.Utilities.ConversationContextManagerTests.UpdateContext_OverwritesExistingContext" computerName="RHO-DESKTOP" duration="00:00:00.0012100" startTime="2025-06-30T19:20:51.1196502+02:00" endTime="2025-06-30T19:20:51.1196504+02:00" testType="13cdc9d9-ddb5-4fa4-a97d-d965ccfc6d4b" outcome="Passed" testListId="8c84fa94-04c1-424b-9868-57a2d4851a1d" relativeResultsDirectory="a3143b6f-35d7-4d95-a488-9fa4914de4d6" />
    <UnitTestResult executionId="46fca3d7-16a3-4192-8f49-73f47f27383a" testId="ec69e657-5b70-1fb9-5485-83b465ae5c05" testName="Aula.Tests.Utilities.ConversationContextManagerTests.GetContext_WithValidKey_ReturnsContext" computerName="RHO-DESKTOP" duration="00:00:00.0001837" startTime="2025-06-30T19:20:51.0234947+02:00" endTime="2025-06-30T19:20:51.0234949+02:00" testType="13cdc9d9-ddb5-4fa4-a97d-d965ccfc6d4b" outcome="Passed" testListId="8c84fa94-04c1-424b-9868-57a2d4851a1d" relativeResultsDirectory="46fca3d7-16a3-4192-8f49-73f47f27383a" />
    <UnitTestResult executionId="3dedd8c5-f3d2-426b-bcf6-d02b53d460b5" testId="65d5e85b-e0a7-670a-3e1b-13af33b9e642" testName="Aula.Tests.Tools.AiToolsManagerTests.GetWeekLetters_WithChildName_ReturnsFilteredResults" computerName="RHO-DESKTOP" duration="00:00:00.0609606" startTime="2025-06-30T19:20:51.3333953+02:00" endTime="2025-06-30T19:20:51.3333955+02:00" testType="13cdc9d9-ddb5-4fa4-a97d-d965ccfc6d4b" outcome="Passed" testListId="8c84fa94-04c1-424b-9868-57a2d4851a1d" relativeResultsDirectory="3dedd8c5-f3d2-426b-bcf6-d02b53d460b5" />
    <UnitTestResult executionId="c3fdb65c-b9bf-4239-b9c6-4cc82e84b186" testId="cea2ec8e-0a0c-aae3-594d-8b1cbbb55ac5" testName="Aula.Tests.Utilities.FollowUpQuestionDetectorTests.IsFollowUpQuestion_WithLongMessageContainingChildName_ReturnsFalse(input: &quot;This is a very long message that contains Emma but&quot;···)" computerName="RHO-DESKTOP" duration="00:00:00.1358422" startTime="2025-06-30T19:20:50.8936965+02:00" endTime="2025-06-30T19:20:50.8936966+02:00" testType="13cdc9d9-ddb5-4fa4-a97d-d965ccfc6d4b" outcome="Passed" testListId="8c84fa94-04c1-424b-9868-57a2d4851a1d" relativeResultsDirectory="c3fdb65c-b9bf-4239-b9c6-4cc82e84b186" />
    <UnitTestResult executionId="195db20d-4549-4b5b-bdc8-7769f789d16a" testId="9ac720d3-776c-ab54-a939-3b82af418447" testName="Aula.Tests.Utilities.ReminderExtractionPromptsTests.GetExtractionPrompt_WithDifferentMinuteOffsets_CalculatesCorrectly(minutes: 30)" computerName="RHO-DESKTOP" duration="00:00:00.0000746" startTime="2025-06-30T19:20:51.3647167+02:00" endTime="2025-06-30T19:20:51.3647168+02:00" testType="13cdc9d9-ddb5-4fa4-a97d-d965ccfc6d4b" outcome="Passed" testListId="8c84fa94-04c1-424b-9868-57a2d4851a1d" relativeResultsDirectory="195db20d-4549-4b5b-bdc8-7769f789d16a" />
    <UnitTestResult executionId="23503dd3-92d1-4d88-b645-108972f6d61a" testId="19d5cf7b-2f75-2a41-694f-50c30d11f63c" testName="Aula.Tests.Utilities.FollowUpQuestionDetectorTests.IsFollowUpQuestion_WithUnicodeChildNames_WorksCorrectly(input: &quot;TestChild2&quot;)" computerName="RHO-DESKTOP" duration="00:00:00.0008665" startTime="2025-06-30T19:20:50.9128916+02:00" endTime="2025-06-30T19:20:50.9128918+02:00" testType="13cdc9d9-ddb5-4fa4-a97d-d965ccfc6d4b" outcome="Passed" testListId="8c84fa94-04c1-424b-9868-57a2d4851a1d" relativeResultsDirectory="23503dd3-92d1-4d88-b645-108972f6d61a" />
    <UnitTestResult executionId="9279cbed-f118-40d8-b03f-4c8a66a1d577" testId="08f9b0f6-c970-f823-e359-90266e985263" testName="Aula.Tests.Bots.TelegramMessageHandlerTests.HandleMessageAsync_WithCancellationToken_RespectsCancellation" computerName="RHO-DESKTOP" duration="00:00:00.0009680" startTime="2025-06-30T19:20:51.4551866+02:00" endTime="2025-06-30T19:20:51.4551870+02:00" testType="13cdc9d9-ddb5-4fa4-a97d-d965ccfc6d4b" outcome="Failed" testListId="8c84fa94-04c1-424b-9868-57a2d4851a1d" relativeResultsDirectory="9279cbed-f118-40d8-b03f-4c8a66a1d577">
      <Output>
        <ErrorInfo>
          <Message>System.NotSupportedException : Unsupported expression: u =&gt; u.Id&#xD;
Non-overridable members (here: User.get_Id) may not be used in setup / verification expressions.</Message>
          <StackTrace>   at Moq.Guard.IsOverridable(MethodInfo method, Expression expression) in /_/src/Moq/Guard.cs:line 99
   at Moq.MethodExpectation..ctor(LambdaExpression expression, MethodInfo method, IReadOnlyList`1 arguments, Boolean exactGenericTypeArguments, Boolean skipMatcherInitialization, Boolean allowNonOverridable) in /_/src/Moq/MethodExpectation.cs:line 87
   at Moq.ExpressionExtensions.&lt;Split&gt;g__Split|5_0(Expression e, Expression&amp; r, MethodExpectation&amp; p, Boolean assignment, Boolean allowNonOverridableLastProperty) in /_/src/Moq/ExpressionExtensions.cs:line 326
   at Moq.ExpressionExtensions.Split(LambdaExpression expression, Boolean allowNonOverridableLastProperty) in /_/src/Moq/ExpressionExtensions.cs:line 149
   at Moq.Mock.SetupRecursive[TSetup](Mock mock, LambdaExpression expression, Func`4 setupLast, Boolean allowNonOverridableLastProperty) in /_/src/Moq/Mock.cs:line 645
   at Moq.Mock.Setup(Mock mock, LambdaExpression expression, Condition condition) in /_/src/Moq/Mock.cs:line 500
   at Moq.Mock.SetupGet(Mock mock, LambdaExpression expression, Condition condition) in /_/src/Moq/Mock.cs:line 518
   at Moq.Mock`1.SetupGet[TProperty](Expression`1 expression) in /_/src/Moq/Mock`1.cs:line 473
   at Aula.Tests.Bots.TelegramTestMessageFactory.CreateTextMessage(Int64 chatId, String text, ChatType chatType, Int32 messageId, String firstName, String username) in /mnt/d/git/aula/src/Aula.Tests/Bots/TelegramTestMessageFactory.cs:line 18
   at Aula.Tests.Bots.TelegramMessageHandlerTests.HandleMessageAsync_WithCancellationToken_RespectsCancellation() in /mnt/d/git/aula/src/Aula.Tests/Bots/TelegramMessageHandlerTests.cs:line 425
--- End of stack trace from previous location ---</StackTrace>
        </ErrorInfo>
      </Output>
    </UnitTestResult>
    <UnitTestResult executionId="f2a05179-4a98-4dc1-900a-022e86d44db8" testId="c8f354e3-5f08-fa6e-54e5-16cf95052730" testName="Aula.Tests.Scheduling.SchedulingServiceIntegrationTests.StartStop_Sequence_WorksCorrectly" computerName="RHO-DESKTOP" duration="00:00:00.0034351" startTime="2025-06-30T19:20:50.9890219+02:00" endTime="2025-06-30T19:20:50.9890221+02:00" testType="13cdc9d9-ddb5-4fa4-a97d-d965ccfc6d4b" outcome="Passed" testListId="8c84fa94-04c1-424b-9868-57a2d4851a1d" relativeResultsDirectory="f2a05179-4a98-4dc1-900a-022e86d44db8" />
    <UnitTestResult executionId="78842b90-4f1b-43ca-8581-754ae7940f99" testId="085515b8-4fc1-99b2-eae0-b56b9cad0980" testName="Aula.Tests.Utilities.Html2SlackMarkdownConverterTests.Convert_WithScriptAndStyleTags_RemovesTagsButNotContent(html: &quot;&lt;script&gt;alert('xss')&lt;/script&gt;&lt;p&gt;Content&lt;/p&gt;&quot;)" computerName="RHO-DESKTOP" duration="00:00:00.0010551" startTime="2025-06-30T19:20:51.5608202+02:00" endTime="2025-06-30T19:20:51.5608203+02:00" testType="13cdc9d9-ddb5-4fa4-a97d-d965ccfc6d4b" outcome="Passed" testListId="8c84fa94-04c1-424b-9868-57a2d4851a1d" relativeResultsDirectory="78842b90-4f1b-43ca-8581-754ae7940f99" />
    <UnitTestResult executionId="98119f78-0f48-4fb7-bb3d-020884904c23" testId="39cbc733-29e9-c5b4-bf01-9d0a5e8faef4" testName="Aula.Tests.Channels.SlackBotTests.SendTestMessage_WithVariousMessages_DoesNotThrow(message: &quot;Message with *bold* and _italic_&quot;)" computerName="RHO-DESKTOP" duration="00:00:00.0002361" startTime="2025-06-30T19:20:51.6191295+02:00" endTime="2025-06-30T19:20:51.6191297+02:00" testType="13cdc9d9-ddb5-4fa4-a97d-d965ccfc6d4b" outcome="Passed" testListId="8c84fa94-04c1-424b-9868-57a2d4851a1d" relativeResultsDirectory="98119f78-0f48-4fb7-bb3d-020884904c23" />
    <UnitTestResult executionId="a7fa6a5a-288f-481d-a679-cdb42eba17f8" testId="cdb2a1c6-455e-afdc-b339-d53b98cacc5c" testName="Aula.Tests.Services.OpenAiServiceIntegrationTests.Constructor_WithWhitespaceApiKey_ThrowsArgumentException" computerName="RHO-DESKTOP" duration="00:00:00.0015682" startTime="2025-06-30T19:20:51.0100864+02:00" endTime="2025-06-30T19:20:51.0100866+02:00" testType="13cdc9d9-ddb5-4fa4-a97d-d965ccfc6d4b" outcome="Failed" testListId="8c84fa94-04c1-424b-9868-57a2d4851a1d" relativeResultsDirectory="a7fa6a5a-288f-481d-a679-cdb42eba17f8">
      <Output>
        <ErrorInfo>
          <Message>Assert.Equal() Failure: Strings differ
           ↓ (pos 0)
Expected: "apiKey"
Actual:   "constructorArguments"
           ↑ (pos 0)</Message>
          <StackTrace>   at Aula.Tests.Services.OpenAiServiceIntegrationTests.Constructor_WithWhitespaceApiKey_ThrowsArgumentException() in /mnt/d/git/aula/src/Aula.Tests/Services/OpenAiServiceIntegrationTests.cs:line 57
   at System.RuntimeMethodHandle.InvokeMethod(Object target, Void** arguments, Signature sig, Boolean isConstructor)
   at System.Reflection.MethodBaseInvoker.InvokeWithNoArgs(Object obj, BindingFlags invokeAttr)</StackTrace>
        </ErrorInfo>
      </Output>
    </UnitTestResult>
    <UnitTestResult executionId="1247a02e-6d95-4220-b506-1cdbc6879507" testId="72f86afd-1edb-0981-2eec-047ba5881f5f" testName="Aula.Tests.Bots.SlackMessageHandlerTests.HandleMessageAsync_WithReminderCommand_ProcessesMessage(reminderCommand: &quot;tilføj påmindelse&quot;)" computerName="RHO-DESKTOP" duration="00:00:00.2236812" startTime="2025-06-30T19:20:54.5243913+02:00" endTime="2025-06-30T19:20:54.5243915+02:00" testType="13cdc9d9-ddb5-4fa4-a97d-d965ccfc6d4b" outcome="Passed" testListId="8c84fa94-04c1-424b-9868-57a2d4851a1d" relativeResultsDirectory="1247a02e-6d95-4220-b506-1cdbc6879507" />
    <UnitTestResult executionId="6ef3cd33-eebd-4fcc-9cbd-89710457ecdf" testId="5e0ccfa9-e637-4242-b34b-1ae82226f894" testName="Aula.Tests.Bots.TelegramInteractiveBotTests.ComputeHash_WithDifferentInputs_ReturnsDifferentHashes" computerName="RHO-DESKTOP" duration="00:00:00.0007728" startTime="2025-06-30T19:20:52.6042601+02:00" endTime="2025-06-30T19:20:52.6042608+02:00" testType="13cdc9d9-ddb5-4fa4-a97d-d965ccfc6d4b" outcome="Passed" testListId="8c84fa94-04c1-424b-9868-57a2d4851a1d" relativeResultsDirectory="6ef3cd33-eebd-4fcc-9cbd-89710457ecdf" />
    <UnitTestResult executionId="ef119282-c0b0-4fe5-84b2-082892f33485" testId="8646524a-5166-ca18-26db-7c128f59fc0d" testName="Aula.Tests.Utilities.FollowUpQuestionDetectorTests.IsFollowUpQuestion_WithChildNameAndTimeReference_ReturnsFalse(input: &quot;Emma today&quot;)" computerName="RHO-DESKTOP" duration="00:00:00.0000494" startTime="2025-06-30T19:20:50.9538293+02:00" endTime="2025-06-30T19:20:50.9538294+02:00" testType="13cdc9d9-ddb5-4fa4-a97d-d965ccfc6d4b" outcome="Passed" testListId="8c84fa94-04c1-424b-9868-57a2d4851a1d" relativeResultsDirectory="ef119282-c0b0-4fe5-84b2-082892f33485" />
    <UnitTestResult executionId="f1d53b46-190c-4e2b-bd3b-d9a0b5eaf88d" testId="cffbdb32-a5ce-3149-2be9-2e224df2f82b" testName="Aula.Tests.Tools.AiToolsManagerTests.DeleteReminderAsync_WithValidNumber_DeletesReminder" computerName="RHO-DESKTOP" duration="00:00:00.0116297" startTime="2025-06-30T19:20:51.4723843+02:00" endTime="2025-06-30T19:20:51.4723844+02:00" testType="13cdc9d9-ddb5-4fa4-a97d-d965ccfc6d4b" outcome="Passed" testListId="8c84fa94-04c1-424b-9868-57a2d4851a1d" relativeResultsDirectory="f1d53b46-190c-4e2b-bd3b-d9a0b5eaf88d" />
    <UnitTestResult executionId="fa6fe5a1-c24e-402b-9923-0f408202674d" testId="18c82026-182f-6e23-4c30-ed576236aa7c" testName="Aula.Tests.Utilities.FollowUpQuestionDetectorTests.IsFollowUpQuestion_WithPunctuationAroundChildName_WorksCorrectly(input: &quot;Emma,&quot;)" computerName="RHO-DESKTOP" duration="00:00:00.0004731" startTime="2025-06-30T19:20:50.9456408+02:00" endTime="2025-06-30T19:20:50.9456409+02:00" testType="13cdc9d9-ddb5-4fa4-a97d-d965ccfc6d4b" outcome="Passed" testListId="8c84fa94-04c1-424b-9868-57a2d4851a1d" relativeResultsDirectory="fa6fe5a1-c24e-402b-9923-0f408202674d" />
    <UnitTestResult executionId="8b6f7daa-16d9-4f7b-b84f-f77648fd3e20" testId="74223507-0b05-49e9-aad1-655b0b7c8f6e" testName="Aula.Tests.Channels.SlackBotTests.PushWeekLetter_WithNullWeekLetter_ReturnsFalse" computerName="RHO-DESKTOP" duration="00:00:00.0012970" startTime="2025-06-30T19:20:51.6037513+02:00" endTime="2025-06-30T19:20:51.6037514+02:00" testType="13cdc9d9-ddb5-4fa4-a97d-d965ccfc6d4b" outcome="Passed" testListId="8c84fa94-04c1-424b-9868-57a2d4851a1d" relativeResultsDirectory="8b6f7daa-16d9-4f7b-b84f-f77648fd3e20" />
    <UnitTestResult executionId="0b1cea17-5cdf-48af-9893-b7e04c02b0b4" testId="4053e9a2-a689-a1a5-6da0-c7b491ae4105" testName="Aula.Tests.Channels.SlackBotTests.PostMessage_WithVariousMessages_DoesNotThrow(message: &quot;Message with *bold* and _italic_&quot;)" computerName="RHO-DESKTOP" duration="00:00:00.0005601" startTime="2025-06-30T19:20:51.5897770+02:00" endTime="2025-06-30T19:20:51.5897771+02:00" testType="13cdc9d9-ddb5-4fa4-a97d-d965ccfc6d4b" outcome="Passed" testListId="8c84fa94-04c1-424b-9868-57a2d4851a1d" relativeResultsDirectory="0b1cea17-5cdf-48af-9893-b7e04c02b0b4" />
    <UnitTestResult executionId="9666523e-f76c-417c-a565-903a2815bb6d" testId="fb801da6-9ecf-3dd8-bfd4-511523f841d2" testName="Aula.Tests.Integration.AgentServiceTests.SummarizeWeekLetterAsync_CallsOpenAiService" computerName="RHO-DESKTOP" duration="00:00:00.0100746" startTime="2025-06-30T19:20:51.6465140+02:00" endTime="2025-06-30T19:20:51.6465141+02:00" testType="13cdc9d9-ddb5-4fa4-a97d-d965ccfc6d4b" outcome="Passed" testListId="8c84fa94-04c1-424b-9868-57a2d4851a1d" relativeResultsDirectory="9666523e-f76c-417c-a565-903a2815bb6d" />
    <UnitTestResult executionId="7519f8b0-f6da-4c9d-a22c-b6b03256d2a9" testId="5befb21e-f374-5353-37db-f8026e3c1253" testName="Aula.Tests.Bots.TelegramMessageHandlerTests.Constructor_WithNullConversationContextManager_ThrowsArgumentNullException" computerName="RHO-DESKTOP" duration="00:00:00.0006608" startTime="2025-06-30T19:20:51.2706139+02:00" endTime="2025-06-30T19:20:51.2706141+02:00" testType="13cdc9d9-ddb5-4fa4-a97d-d965ccfc6d4b" outcome="Passed" testListId="8c84fa94-04c1-424b-9868-57a2d4851a1d" relativeResultsDirectory="7519f8b0-f6da-4c9d-a22c-b6b03256d2a9" />
    <UnitTestResult executionId="b16d85da-22ca-4596-8898-8309290facd1" testId="7d2712c2-8286-82a7-fc6d-ae7572a28a52" testName="Aula.Tests.Utilities.FollowUpQuestionDetectorTests.IsFollowUpQuestion_WithEnglishFollowUpPhrases_ReturnsTrue(input: &quot;also Emma&quot;)" computerName="RHO-DESKTOP" duration="00:00:00.0006131" startTime="2025-06-30T19:20:50.9019918+02:00" endTime="2025-06-30T19:20:50.9019920+02:00" testType="13cdc9d9-ddb5-4fa4-a97d-d965ccfc6d4b" outcome="Passed" testListId="8c84fa94-04c1-424b-9868-57a2d4851a1d" relativeResultsDirectory="b16d85da-22ca-4596-8898-8309290facd1" />
    <UnitTestResult executionId="6e2100d5-9580-41db-bdcf-d71589d88700" testId="4eec350c-78eb-2a68-cc2e-22085c8e2c8c" testName="Aula.Tests.Utilities.ReminderExtractionPromptsTests.GetExtractionPrompt_ContainsRelativeDateExamples" computerName="RHO-DESKTOP" duration="00:00:00.0003980" startTime="2025-06-30T19:20:51.4146780+02:00" endTime="2025-06-30T19:20:51.4146782+02:00" testType="13cdc9d9-ddb5-4fa4-a97d-d965ccfc6d4b" outcome="Passed" testListId="8c84fa94-04c1-424b-9868-57a2d4851a1d" relativeResultsDirectory="6e2100d5-9580-41db-bdcf-d71589d88700" />
    <UnitTestResult executionId="b8bbe036-dcee-4481-888d-948daa60ae7e" testId="a2a7734b-7826-2e52-b732-ff373605efea" testName="Aula.Tests.Channels.TelegramClientTests.SendMessageToChannel_WithVariousMessages_DoesNotThrow(message: &quot;Message with &lt;b&gt;bold&lt;/b&gt; text&quot;)" computerName="RHO-DESKTOP" duration="00:00:00.0007595" startTime="2025-06-30T19:20:51.5673411+02:00" endTime="2025-06-30T19:20:51.5673413+02:00" testType="13cdc9d9-ddb5-4fa4-a97d-d965ccfc6d4b" outcome="Passed" testListId="8c84fa94-04c1-424b-9868-57a2d4851a1d" relativeResultsDirectory="b8bbe036-dcee-4481-888d-948daa60ae7e" />
    <UnitTestResult executionId="42f1ac2e-61c2-4d57-aa53-cce4fec627c9" testId="8c3471e8-fc32-9e5a-4e09-9595c65b9cfb" testName="Aula.Tests.Utilities.FollowUpQuestionDetectorTests.IsFollowUpQuestion_WithDanishFollowUpPhrases_ReturnsTrue(input: &quot;hvad med Emma&quot;)" computerName="RHO-DESKTOP" duration="00:00:00.0002562" startTime="2025-06-30T19:20:50.9557829+02:00" endTime="2025-06-30T19:20:50.9557830+02:00" testType="13cdc9d9-ddb5-4fa4-a97d-d965ccfc6d4b" outcome="Passed" testListId="8c84fa94-04c1-424b-9868-57a2d4851a1d" relativeResultsDirectory="42f1ac2e-61c2-4d57-aa53-cce4fec627c9" />
    <UnitTestResult executionId="9b38fa99-b864-484b-8b87-b24b7aca3053" testId="a3b592c0-7c51-7572-10a6-650c509f2a53" testName="Aula.Tests.Services.DataModelTests.Reminder_WithProperties_SetsCorrectly" computerName="RHO-DESKTOP" duration="00:00:00.0022703" startTime="2025-06-30T19:20:50.8587500+02:00" endTime="2025-06-30T19:20:50.8587501+02:00" testType="13cdc9d9-ddb5-4fa4-a97d-d965ccfc6d4b" outcome="Passed" testListId="8c84fa94-04c1-424b-9868-57a2d4851a1d" relativeResultsDirectory="9b38fa99-b864-484b-8b87-b24b7aca3053" />
    <UnitTestResult executionId="18ea1a29-de19-424d-b36a-fb553ce883e7" testId="1585bed7-c67c-7046-51d9-aa8f4af66bac" testName="Aula.Tests.Utilities.ConversationContextManagerTests.ClearAllContexts_WithMultipleContexts_RemovesAllAndLogs" computerName="RHO-DESKTOP" duration="00:00:00.0113489" startTime="2025-06-30T19:20:51.1187207+02:00" endTime="2025-06-30T19:20:51.1187208+02:00" testType="13cdc9d9-ddb5-4fa4-a97d-d965ccfc6d4b" outcome="Passed" testListId="8c84fa94-04c1-424b-9868-57a2d4851a1d" relativeResultsDirectory="18ea1a29-de19-424d-b36a-fb553ce883e7" />
    <UnitTestResult executionId="7da23526-30da-4ace-a0a1-e84ffb3102ab" testId="ecba833b-4a32-70dc-1540-ec8a113be1de" testName="Aula.Tests.Channels.SlackBotTests.PostWeekLetter_WithVariousChildColors_HandlesCorrectly(color: &quot;red&quot;)" computerName="RHO-DESKTOP" duration="00:00:00.0011018" startTime="2025-06-30T19:20:51.5980043+02:00" endTime="2025-06-30T19:20:51.5980043+02:00" testType="13cdc9d9-ddb5-4fa4-a97d-d965ccfc6d4b" outcome="Passed" testListId="8c84fa94-04c1-424b-9868-57a2d4851a1d" relativeResultsDirectory="7da23526-30da-4ace-a0a1-e84ffb3102ab" />
    <UnitTestResult executionId="41b7a08e-8414-4d31-9e62-22ee689ca561" testId="d0fb0f26-05d6-fd5b-00ba-97eda4e7b49a" testName="Aula.Tests.Bots.SlackMessageHandlerTests.HandleMessageAsync_WithHelpCommand_ProcessesHelpMessage(helpCommand: &quot;HELP&quot;)" computerName="RHO-DESKTOP" duration="00:00:00.2346631" startTime="2025-06-30T19:20:53.8396843+02:00" endTime="2025-06-30T19:20:53.8396845+02:00" testType="13cdc9d9-ddb5-4fa4-a97d-d965ccfc6d4b" outcome="Passed" testListId="8c84fa94-04c1-424b-9868-57a2d4851a1d" relativeResultsDirectory="41b7a08e-8414-4d31-9e62-22ee689ca561" />
    <UnitTestResult executionId="d6be6689-bffb-4d91-b78d-3e7702afa505" testId="a7bf7fe5-0fd3-09c0-db2e-a077e2bb59f1" testName="Aula.Tests.Services.OpenAiServiceIntegrationTests.ChatInterface_Telegram_HasCorrectValue" computerName="RHO-DESKTOP" duration="00:00:00.0013059" startTime="2025-06-30T19:20:51.2518290+02:00" endTime="2025-06-30T19:20:51.2518291+02:00" testType="13cdc9d9-ddb5-4fa4-a97d-d965ccfc6d4b" outcome="Passed" testListId="8c84fa94-04c1-424b-9868-57a2d4851a1d" relativeResultsDirectory="d6be6689-bffb-4d91-b78d-3e7702afa505" />
    <UnitTestResult executionId="16c5a423-4ea9-4d2d-bde9-fc1d24c10c35" testId="504418ac-a1f0-2470-99eb-7bd66657ed39" testName="Aula.Tests.Services.DataModelTests.Reminder_DefaultConstructor_InitializesCorrectly" computerName="RHO-DESKTOP" duration="00:00:00.0262632" startTime="2025-06-30T19:20:50.8501168+02:00" endTime="2025-06-30T19:20:50.8501170+02:00" testType="13cdc9d9-ddb5-4fa4-a97d-d965ccfc6d4b" outcome="Passed" testListId="8c84fa94-04c1-424b-9868-57a2d4851a1d" relativeResultsDirectory="16c5a423-4ea9-4d2d-bde9-fc1d24c10c35" />
    <UnitTestResult executionId="ae469353-7582-48c5-9bf7-e0c9fd938855" testId="4d1c39cc-af91-5c58-272b-da1e4b7a0924" testName="Aula.Tests.Utilities.IntentAnalysisPromptsTests.ToolExamples_ContainsRequiredKeys(key: &quot;WEEK_LETTER_QUERY&quot;)" computerName="RHO-DESKTOP" duration="00:00:00.0001920" startTime="2025-06-30T19:20:51.3753470+02:00" endTime="2025-06-30T19:20:51.3753473+02:00" testType="13cdc9d9-ddb5-4fa4-a97d-d965ccfc6d4b" outcome="Passed" testListId="8c84fa94-04c1-424b-9868-57a2d4851a1d" relativeResultsDirectory="ae469353-7582-48c5-9bf7-e0c9fd938855" />
    <UnitTestResult executionId="82de71b9-bc59-4f30-af15-f193759252b8" testId="daa8f257-6d65-5334-bc6e-50b3c593ee4f" testName="Aula.Tests.Bots.SlackMessageHandlerTests.HandleMessageAsync_WithEmptyChannel_ReturnsFalse" computerName="RHO-DESKTOP" duration="00:00:00.0008541" startTime="2025-06-30T19:20:55.4305369+02:00" endTime="2025-06-30T19:20:55.4305370+02:00" testType="13cdc9d9-ddb5-4fa4-a97d-d965ccfc6d4b" outcome="Passed" testListId="8c84fa94-04c1-424b-9868-57a2d4851a1d" relativeResultsDirectory="82de71b9-bc59-4f30-af15-f193759252b8" />
    <UnitTestResult executionId="f8a98e11-24d8-4802-8c65-e96e859900f8" testId="0f731173-747f-4b49-2f2d-d518fc733b7a" testName="Aula.Tests.Channels.SlackBotTests.PostWeekLetter_WithVariousChildColors_HandlesCorrectly(color: &quot;#0000FF&quot;)" computerName="RHO-DESKTOP" duration="00:00:00.0009324" startTime="2025-06-30T19:20:51.6006150+02:00" endTime="2025-06-30T19:20:51.6006152+02:00" testType="13cdc9d9-ddb5-4fa4-a97d-d965ccfc6d4b" outcome="Passed" testListId="8c84fa94-04c1-424b-9868-57a2d4851a1d" relativeResultsDirectory="f8a98e11-24d8-4802-8c65-e96e859900f8" />
    <UnitTestResult executionId="40cafc1c-6ff6-4434-9ec2-ae2bf5a9a21c" testId="0de09b0b-f0e0-0518-809a-6a317cadda64" testName="Aula.Tests.Utilities.Html2SlackMarkdownConverterTests.Convert_WithVeryLongContent_HandlesPerformantly" computerName="RHO-DESKTOP" duration="00:00:00.2455433" startTime="2025-06-30T19:20:51.6521941+02:00" endTime="2025-06-30T19:20:51.6521942+02:00" testType="13cdc9d9-ddb5-4fa4-a97d-d965ccfc6d4b" outcome="Passed" testListId="8c84fa94-04c1-424b-9868-57a2d4851a1d" relativeResultsDirectory="40cafc1c-6ff6-4434-9ec2-ae2bf5a9a21c" />
    <UnitTestResult executionId="d7532b11-3293-4385-9ef4-2ed0057821a5" testId="13703350-881b-2176-aa37-cf09df989ef2" testName="Aula.Tests.Utilities.ConversationContextManagerTests.ClearAllContexts_WithNoContexts_LogsZeroCount" computerName="RHO-DESKTOP" duration="00:00:00.0042413" startTime="2025-06-30T19:20:51.0014967+02:00" endTime="2025-06-30T19:20:51.0014970+02:00" testType="13cdc9d9-ddb5-4fa4-a97d-d965ccfc6d4b" outcome="Passed" testListId="8c84fa94-04c1-424b-9868-57a2d4851a1d" relativeResultsDirectory="d7532b11-3293-4385-9ef4-2ed0057821a5" />
    <UnitTestResult executionId="f60508ae-295d-47e3-8b5b-983b32d25068" testId="a68a27ee-ced5-7055-06ba-12f96958b28f" testName="Aula.Tests.Utilities.DateTimeUtilitiesTests.GetDanishDayName_ValidDayOfWeek_ReturnsCorrectDanishName(dayOfWeek: Wednesday, expectedDanishName: &quot;onsdag&quot;)" computerName="RHO-DESKTOP" duration="00:00:00.0000025" startTime="2025-06-30T19:20:51.3144583+02:00" endTime="2025-06-30T19:20:51.3144584+02:00" testType="13cdc9d9-ddb5-4fa4-a97d-d965ccfc6d4b" outcome="Passed" testListId="8c84fa94-04c1-424b-9868-57a2d4851a1d" relativeResultsDirectory="f60508ae-295d-47e3-8b5b-983b32d25068" />
    <UnitTestResult executionId="c232455d-677a-4184-8d34-e2719b27ca00" testId="a4a3bfc2-ce2c-55ab-e6c7-e1c25caaf60b" testName="Aula.Tests.Services.DataModelTests.AppState_WithProperties_SetsCorrectly" computerName="RHO-DESKTOP" duration="00:00:00.0019032" startTime="2025-06-30T19:20:50.8593822+02:00" endTime="2025-06-30T19:20:50.8593824+02:00" testType="13cdc9d9-ddb5-4fa4-a97d-d965ccfc6d4b" outcome="Passed" testListId="8c84fa94-04c1-424b-9868-57a2d4851a1d" relativeResultsDirectory="c232455d-677a-4184-8d34-e2719b27ca00" />
    <UnitTestResult executionId="71ef7daa-c2a2-4672-89ce-0530b72500a9" testId="9833abbf-2b3b-4c95-cc5f-ce17c418fcd0" testName="Aula.Tests.Utilities.FollowUpQuestionDetectorTests.IsFollowUpQuestion_WithPunctuationAroundChildName_WorksCorrectly(input: &quot;Emma!&quot;)" computerName="RHO-DESKTOP" duration="00:00:00.0000525" startTime="2025-06-30T19:20:50.9495244+02:00" endTime="2025-06-30T19:20:50.9495245+02:00" testType="13cdc9d9-ddb5-4fa4-a97d-d965ccfc6d4b" outcome="Passed" testListId="8c84fa94-04c1-424b-9868-57a2d4851a1d" relativeResultsDirectory="71ef7daa-c2a2-4672-89ce-0530b72500a9" />
    <UnitTestResult executionId="af26d090-ab6e-493c-990a-67e016b4b1d5" testId="e93018a6-329d-1e6a-244e-75972e649bf3" testName="Aula.Tests.Utilities.WeekLetterContentExtractorTests.ExtractContent_WithNullUgebreve_ReturnsEmptyString" computerName="RHO-DESKTOP" duration="00:00:00.0001334" startTime="2025-06-30T19:20:51.0250008+02:00" endTime="2025-06-30T19:20:51.0250010+02:00" testType="13cdc9d9-ddb5-4fa4-a97d-d965ccfc6d4b" outcome="Passed" testListId="8c84fa94-04c1-424b-9868-57a2d4851a1d" relativeResultsDirectory="af26d090-ab6e-493c-990a-67e016b4b1d5" />
    <UnitTestResult executionId="b14fe380-92e1-433f-b671-969d0022f598" testId="1d29fac2-3f2b-d487-db1b-b2d3ad7fc889" testName="Aula.Tests.Bots.SlackInteractiveBotTests.Constructor_WithNullAgentService_ThrowsArgumentNullException" computerName="RHO-DESKTOP" duration="00:00:00.0015311" startTime="2025-06-30T19:20:50.9257063+02:00" endTime="2025-06-30T19:20:50.9257066+02:00" testType="13cdc9d9-ddb5-4fa4-a97d-d965ccfc6d4b" outcome="Passed" testListId="8c84fa94-04c1-424b-9868-57a2d4851a1d" relativeResultsDirectory="b14fe380-92e1-433f-b671-969d0022f598" />
    <UnitTestResult executionId="51960886-dd6b-423a-bf04-3fc33cc66e4a" testId="869e2bf6-051e-e015-497a-7397bf66191a" testName="Aula.Tests.Tools.ReminderCommandHandlerTests.TryHandleReminderCommand_AddReminder_InvalidFormats_ReturnsErrorMessage(command: &quot;remind me tomorrow at 25:00 that invalid time&quot;, isEnglish: True)" computerName="RHO-DESKTOP" duration="00:00:00.0045561" startTime="2025-06-30T19:20:51.5734688+02:00" endTime="2025-06-30T19:20:51.5734689+02:00" testType="13cdc9d9-ddb5-4fa4-a97d-d965ccfc6d4b" outcome="Passed" testListId="8c84fa94-04c1-424b-9868-57a2d4851a1d" relativeResultsDirectory="51960886-dd6b-423a-bf04-3fc33cc66e4a" />
    <UnitTestResult executionId="8c57e1c7-3788-4304-9097-c688b9e24a34" testId="6b2a33da-8dbe-7c78-d246-94dec9023958" testName="Aula.Tests.Configuration.ConfigurationTests.Timers_SchedulingInterval_ValidationTests(intervalSeconds: 10, isValid: True)" computerName="RHO-DESKTOP" duration="00:00:00.0071070" startTime="2025-06-30T19:20:51.7651288+02:00" endTime="2025-06-30T19:20:51.7651290+02:00" testType="13cdc9d9-ddb5-4fa4-a97d-d965ccfc6d4b" outcome="Passed" testListId="8c84fa94-04c1-424b-9868-57a2d4851a1d" relativeResultsDirectory="8c57e1c7-3788-4304-9097-c688b9e24a34" />
    <UnitTestResult executionId="1f226340-2cf6-4a88-bf32-55ad16289edb" testId="a8634532-96d4-4e33-4b5e-145495f036bc" testName="Aula.Tests.Utilities.ReminderExtractionPromptsTests.GetExtractionPrompt_ContainsNextMondayExample" computerName="RHO-DESKTOP" duration="00:00:00.0024981" startTime="2025-06-30T19:20:51.4130924+02:00" endTime="2025-06-30T19:20:51.4130927+02:00" testType="13cdc9d9-ddb5-4fa4-a97d-d965ccfc6d4b" outcome="Passed" testListId="8c84fa94-04c1-424b-9868-57a2d4851a1d" relativeResultsDirectory="1f226340-2cf6-4a88-bf32-55ad16289edb" />
    <UnitTestResult executionId="a4206082-ae2f-403a-bbd7-cc5a03db0c82" testId="117ddc28-dcc8-243a-b2bd-3d83692ecb26" testName="Aula.Tests.Bots.SlackInteractiveBotTests.Stop_WhenCalled_LogsInformation" computerName="RHO-DESKTOP" duration="00:00:00.0033035" startTime="2025-06-30T19:20:51.1419150+02:00" endTime="2025-06-30T19:20:51.1419151+02:00" testType="13cdc9d9-ddb5-4fa4-a97d-d965ccfc6d4b" outcome="Passed" testListId="8c84fa94-04c1-424b-9868-57a2d4851a1d" relativeResultsDirectory="a4206082-ae2f-403a-bbd7-cc5a03db0c82" />
    <UnitTestResult executionId="f78f9d1d-2a29-484b-a20f-3e320061725d" testId="8b65b678-d86a-73e1-86df-afba7eb83500" testName="Aula.Tests.Bots.SlackMessageHandlerTests.Constructor_WithValidParameters_InitializesCorrectly" computerName="RHO-DESKTOP" duration="00:00:00.0011911" startTime="2025-06-30T19:20:52.0154070+02:00" endTime="2025-06-30T19:20:52.0154071+02:00" testType="13cdc9d9-ddb5-4fa4-a97d-d965ccfc6d4b" outcome="Passed" testListId="8c84fa94-04c1-424b-9868-57a2d4851a1d" relativeResultsDirectory="f78f9d1d-2a29-484b-a20f-3e320061725d" />
    <UnitTestResult executionId="8157f513-f0ac-497a-81fd-21d289ad4d0c" testId="216aea03-2265-1779-35c7-74f06eb76326" testName="Aula.Tests.Tools.ReminderCommandHandlerTests.TryHandleReminderCommand_NonReminderCommands_ReturnsFalse(command: &quot;delete&quot;)" computerName="RHO-DESKTOP" duration="00:00:00.0124677" startTime="2025-06-30T19:20:51.5431454+02:00" endTime="2025-06-30T19:20:51.5431454+02:00" testType="13cdc9d9-ddb5-4fa4-a97d-d965ccfc6d4b" outcome="Passed" testListId="8c84fa94-04c1-424b-9868-57a2d4851a1d" relativeResultsDirectory="8157f513-f0ac-497a-81fd-21d289ad4d0c" />
    <UnitTestResult executionId="d61c1710-a1a3-4c09-8e0e-d2c94c5654ba" testId="f27323f0-86ce-1e1b-2a7d-c904454ba29a" testName="Aula.Tests.Tools.ReminderCommandHandlerTests.TryHandleReminderCommand_NonReminderCommands_ReturnsFalse(command: &quot;how are you?&quot;)" computerName="RHO-DESKTOP" duration="00:00:00.0000785" startTime="2025-06-30T19:20:51.5443866+02:00" endTime="2025-06-30T19:20:51.5443867+02:00" testType="13cdc9d9-ddb5-4fa4-a97d-d965ccfc6d4b" outcome="Passed" testListId="8c84fa94-04c1-424b-9868-57a2d4851a1d" relativeResultsDirectory="d61c1710-a1a3-4c09-8e0e-d2c94c5654ba" />
    <UnitTestResult executionId="17fbd7a7-f6d3-4dc9-99ae-fc3b975a7d8d" testId="85a1665e-7de4-7e52-079a-cc1001b34152" testName="Aula.Tests.Utilities.JsonFormatterTests.Prettify_WithEmptyString_ReturnsNull" computerName="RHO-DESKTOP" duration="00:00:00.0013087" startTime="2025-06-30T19:20:51.4586368+02:00" endTime="2025-06-30T19:20:51.4586371+02:00" testType="13cdc9d9-ddb5-4fa4-a97d-d965ccfc6d4b" outcome="Passed" testListId="8c84fa94-04c1-424b-9868-57a2d4851a1d" relativeResultsDirectory="17fbd7a7-f6d3-4dc9-99ae-fc3b975a7d8d" />
    <UnitTestResult executionId="7ac9ce5f-460d-4212-b1a5-e8a4252f54c0" testId="b818bc8f-75bb-2119-5010-d4b3daaab169" testName="Aula.Tests.Services.DataModelTests.PostedLetter_WeekNumberValidation_ReturnsExpectedResult(weekNumber: 54, year: 2023, isValid: False)" computerName="RHO-DESKTOP" duration="00:00:00.0000156" startTime="2025-06-30T19:20:50.8612673+02:00" endTime="2025-06-30T19:20:50.8612674+02:00" testType="13cdc9d9-ddb5-4fa4-a97d-d965ccfc6d4b" outcome="Passed" testListId="8c84fa94-04c1-424b-9868-57a2d4851a1d" relativeResultsDirectory="7ac9ce5f-460d-4212-b1a5-e8a4252f54c0" />
    <UnitTestResult executionId="a0e98082-db03-4f13-a577-89c2d0d52065" testId="2e7985fe-e95f-8919-ba34-acd7bc78ecb7" testName="Aula.Tests.Services.OpenAiServiceTests.OpenAiService_ClearConversationHistory_WithContextKey_RemovesSpecificContext" computerName="RHO-DESKTOP" duration="00:00:00.0151139" startTime="2025-06-30T19:20:51.0087069+02:00" endTime="2025-06-30T19:20:51.0087071+02:00" testType="13cdc9d9-ddb5-4fa4-a97d-d965ccfc6d4b" outcome="Passed" testListId="8c84fa94-04c1-424b-9868-57a2d4851a1d" relativeResultsDirectory="a0e98082-db03-4f13-a577-89c2d0d52065" />
    <UnitTestResult executionId="50e651f8-bc19-4e6e-ad63-c2959276e696" testId="4065d4aa-647e-7977-71b8-e3fe088d65f6" testName="Aula.Tests.Utilities.IntentAnalysisPromptsTests.AnalysisTemplate_ContainsAllToolActions" computerName="RHO-DESKTOP" duration="00:00:00.0007738" startTime="2025-06-30T19:20:51.4311990+02:00" endTime="2025-06-30T19:20:51.4311993+02:00" testType="13cdc9d9-ddb5-4fa4-a97d-d965ccfc6d4b" outcome="Passed" testListId="8c84fa94-04c1-424b-9868-57a2d4851a1d" relativeResultsDirectory="50e651f8-bc19-4e6e-ad63-c2959276e696" />
    <UnitTestResult executionId="b5d75421-32b3-4181-ad8a-65c4e94dd7bd" testId="acf8804d-792c-1b35-de81-83d4ccdfb352" testName="Aula.Tests.Configuration.ConfigurationTests.Slack_ChannelId_ValidationTests(channelId: &quot;&quot;, isValid: False)" computerName="RHO-DESKTOP" duration="00:00:00.0070279" startTime="2025-06-30T19:20:51.8320025+02:00" endTime="2025-06-30T19:20:51.8320028+02:00" testType="13cdc9d9-ddb5-4fa4-a97d-d965ccfc6d4b" outcome="Passed" testListId="8c84fa94-04c1-424b-9868-57a2d4851a1d" relativeResultsDirectory="b5d75421-32b3-4181-ad8a-65c4e94dd7bd" />
    <UnitTestResult executionId="c15a924e-dc84-4810-b5c9-42494cf4a065" testId="959de6ab-41a3-bb6f-c652-3f36caba1f36" testName="Aula.Tests.Utilities.JsonFormatterTests.Prettify_WithVeryLargeJson_HandlesPerformantly" computerName="RHO-DESKTOP" duration="00:00:00.0282084" startTime="2025-06-30T19:20:51.4729164+02:00" endTime="2025-06-30T19:20:51.4729165+02:00" testType="13cdc9d9-ddb5-4fa4-a97d-d965ccfc6d4b" outcome="Passed" testListId="8c84fa94-04c1-424b-9868-57a2d4851a1d" relativeResultsDirectory="c15a924e-dc84-4810-b5c9-42494cf4a065" />
    <UnitTestResult executionId="18dde679-a62c-43c4-acfe-579bf18cfdee" testId="9abb3739-6b0d-7f8e-6b46-0210e9a0d235" testName="Aula.Tests.Channels.SlackBotTests.PostMessage_WithMessage_DoesNotThrow" computerName="RHO-DESKTOP" duration="00:00:00.0003201" startTime="2025-06-30T19:20:51.6263004+02:00" endTime="2025-06-30T19:20:51.6263006+02:00" testType="13cdc9d9-ddb5-4fa4-a97d-d965ccfc6d4b" outcome="Passed" testListId="8c84fa94-04c1-424b-9868-57a2d4851a1d" relativeResultsDirectory="18dde679-a62c-43c4-acfe-579bf18cfdee" />
    <UnitTestResult executionId="76cc6e17-a6fe-46cc-bdf3-f26af1340087" testId="5543d26e-832a-3de2-3988-5faa4df93969" testName="Aula.Tests.Tools.ReminderCommandHandlerTests.TryHandleReminderCommand_ListReminders_WithException_LogsErrorAndReturnsErrorMessage(command: &quot;vis påmindelser&quot;, isEnglish: False)" computerName="RHO-DESKTOP" duration="00:00:00.0056815" startTime="2025-06-30T19:20:51.6104912+02:00" endTime="2025-06-30T19:20:51.6104914+02:00" testType="13cdc9d9-ddb5-4fa4-a97d-d965ccfc6d4b" outcome="Passed" testListId="8c84fa94-04c1-424b-9868-57a2d4851a1d" relativeResultsDirectory="76cc6e17-a6fe-46cc-bdf3-f26af1340087" />
    <UnitTestResult executionId="0130bbe9-46c7-4446-9841-a80260202c02" testId="4671f449-0198-2bb5-9d3d-e7e5207a3968" testName="Aula.Tests.Channels.SlackBotTests.Constructor_WithConfig_CreatesInstance" computerName="RHO-DESKTOP" duration="00:00:00.0005752" startTime="2025-06-30T19:20:51.5940375+02:00" endTime="2025-06-30T19:20:51.5940377+02:00" testType="13cdc9d9-ddb5-4fa4-a97d-d965ccfc6d4b" outcome="Passed" testListId="8c84fa94-04c1-424b-9868-57a2d4851a1d" relativeResultsDirectory="0130bbe9-46c7-4446-9841-a80260202c02" />
    <UnitTestResult executionId="89ae6369-ebba-484a-8f8d-cf65236dd127" testId="bf86283e-7a86-5918-0c0e-285ecb14cc6f" testName="Aula.Tests.Bots.TelegramMessageHandlerTests.HandleMessageAsync_WithReminderCommand_ProcessesMessage(reminderCommand: &quot;vis påmindelser&quot;)" computerName="RHO-DESKTOP" duration="00:00:00.0004733" startTime="2025-06-30T19:20:51.2812992+02:00" endTime="2025-06-30T19:20:51.2812993+02:00" testType="13cdc9d9-ddb5-4fa4-a97d-d965ccfc6d4b" outcome="Failed" testListId="8c84fa94-04c1-424b-9868-57a2d4851a1d" relativeResultsDirectory="89ae6369-ebba-484a-8f8d-cf65236dd127">
      <Output>
        <ErrorInfo>
          <Message>System.NotSupportedException : Unsupported expression: u =&gt; u.Id&#xD;
Non-overridable members (here: User.get_Id) may not be used in setup / verification expressions.</Message>
          <StackTrace>   at Moq.Guard.IsOverridable(MethodInfo method, Expression expression) in /_/src/Moq/Guard.cs:line 99
   at Moq.MethodExpectation..ctor(LambdaExpression expression, MethodInfo method, IReadOnlyList`1 arguments, Boolean exactGenericTypeArguments, Boolean skipMatcherInitialization, Boolean allowNonOverridable) in /_/src/Moq/MethodExpectation.cs:line 87
   at Moq.ExpressionExtensions.&lt;Split&gt;g__Split|5_0(Expression e, Expression&amp; r, MethodExpectation&amp; p, Boolean assignment, Boolean allowNonOverridableLastProperty) in /_/src/Moq/ExpressionExtensions.cs:line 326
   at Moq.ExpressionExtensions.Split(LambdaExpression expression, Boolean allowNonOverridableLastProperty) in /_/src/Moq/ExpressionExtensions.cs:line 149
   at Moq.Mock.SetupRecursive[TSetup](Mock mock, LambdaExpression expression, Func`4 setupLast, Boolean allowNonOverridableLastProperty) in /_/src/Moq/Mock.cs:line 645
   at Moq.Mock.Setup(Mock mock, LambdaExpression expression, Condition condition) in /_/src/Moq/Mock.cs:line 500
   at Moq.Mock.SetupGet(Mock mock, LambdaExpression expression, Condition condition) in /_/src/Moq/Mock.cs:line 518
   at Moq.Mock`1.SetupGet[TProperty](Expression`1 expression) in /_/src/Moq/Mock`1.cs:line 473
   at Aula.Tests.Bots.TelegramTestMessageFactory.CreateTextMessage(Int64 chatId, String text, ChatType chatType, Int32 messageId, String firstName, String username) in /mnt/d/git/aula/src/Aula.Tests/Bots/TelegramTestMessageFactory.cs:line 18
   at Aula.Tests.Bots.TelegramMessageHandlerTests.HandleMessageAsync_WithReminderCommand_ProcessesMessage(String reminderCommand) in /mnt/d/git/aula/src/Aula.Tests/Bots/TelegramMessageHandlerTests.cs:line 299
--- End of stack trace from previous location ---</StackTrace>
        </ErrorInfo>
      </Output>
    </UnitTestResult>
    <UnitTestResult executionId="226e9631-6628-49e7-9744-becf2e40498b" testId="163ffdcd-8cc6-0360-4c70-1c08392ed80a" testName="Aula.Tests.Bots.SlackInteractiveBotTests.PostWeekLetter_WithSlackApiError_LogsError" computerName="RHO-DESKTOP" duration="00:00:00.0362296" startTime="2025-06-30T19:20:51.2543710+02:00" endTime="2025-06-30T19:20:51.2543712+02:00" testType="13cdc9d9-ddb5-4fa4-a97d-d965ccfc6d4b" outcome="Passed" testListId="8c84fa94-04c1-424b-9868-57a2d4851a1d" relativeResultsDirectory="226e9631-6628-49e7-9744-becf2e40498b" />
    <UnitTestResult executionId="99c7cb3e-80fc-4b1d-b354-e65ba48a22f1" testId="5a903d00-5b08-70e4-0ae1-41f7c132ff27" testName="Aula.Tests.Utilities.JsonFormatterTests.Prettify_WithNumbers_PreservesNumericTypes" computerName="RHO-DESKTOP" duration="00:00:00.0380940" startTime="2025-06-30T19:20:51.5013334+02:00" endTime="2025-06-30T19:20:51.5013336+02:00" testType="13cdc9d9-ddb5-4fa4-a97d-d965ccfc6d4b" outcome="Passed" testListId="8c84fa94-04c1-424b-9868-57a2d4851a1d" relativeResultsDirectory="99c7cb3e-80fc-4b1d-b354-e65ba48a22f1" />
    <UnitTestResult executionId="093289ea-4c42-4cfe-88a2-f9e7b8d91e72" testId="02a94b2b-cd88-000b-7e1d-6fc58b3c673d" testName="Aula.Tests.Tools.ReminderCommandHandlerTests.TryHandleReminderCommand_ListReminders_NoReminders_ReturnsNoRemindersMessage(command: &quot;vis påmindelser&quot;, isEnglish: False)" computerName="RHO-DESKTOP" duration="00:00:00.0007950" startTime="2025-06-30T19:20:51.5817538+02:00" endTime="2025-06-30T19:20:51.5817539+02:00" testType="13cdc9d9-ddb5-4fa4-a97d-d965ccfc6d4b" outcome="Passed" testListId="8c84fa94-04c1-424b-9868-57a2d4851a1d" relativeResultsDirectory="093289ea-4c42-4cfe-88a2-f9e7b8d91e72" />
    <UnitTestResult executionId="58ddfc2b-a724-4cd4-8154-d946be2688ee" testId="979280e2-dfe1-0cec-d81f-8909f7e24c33" testName="Aula.Tests.Utilities.Html2SlackMarkdownConverterTests.Convert_WithSimpleHtml_ConvertsCorrectly" computerName="RHO-DESKTOP" duration="00:00:00.0008366" startTime="2025-06-30T19:20:51.6768147+02:00" endTime="2025-06-30T19:20:51.6768148+02:00" testType="13cdc9d9-ddb5-4fa4-a97d-d965ccfc6d4b" outcome="Passed" testListId="8c84fa94-04c1-424b-9868-57a2d4851a1d" relativeResultsDirectory="58ddfc2b-a724-4cd4-8154-d946be2688ee" />
    <UnitTestResult executionId="e2531de5-e080-4e1d-8b3c-3e43ad0637d3" testId="1a0f9073-85e9-ddfd-302a-6b8e7f408be7" testName="Aula.Tests.Utilities.ReminderExtractionPromptsTests.GetExtractionPrompt_ContainsExpectedResponseFormat" computerName="RHO-DESKTOP" duration="00:00:00.0004639" startTime="2025-06-30T19:20:51.3652861+02:00" endTime="2025-06-30T19:20:51.3652862+02:00" testType="13cdc9d9-ddb5-4fa4-a97d-d965ccfc6d4b" outcome="Passed" testListId="8c84fa94-04c1-424b-9868-57a2d4851a1d" relativeResultsDirectory="e2531de5-e080-4e1d-8b3c-3e43ad0637d3" />
    <UnitTestResult executionId="7f2c3f2e-620c-490a-9395-b19711fe394d" testId="2d7011d5-0d18-55b9-d3f3-68998c9945f9" testName="Aula.Tests.Utilities.Html2SlackMarkdownConverterTests.Convert_WithEmptyString_ReturnsEmptyString" computerName="RHO-DESKTOP" duration="00:00:00.0002314" startTime="2025-06-30T19:20:51.6713291+02:00" endTime="2025-06-30T19:20:51.6713292+02:00" testType="13cdc9d9-ddb5-4fa4-a97d-d965ccfc6d4b" outcome="Passed" testListId="8c84fa94-04c1-424b-9868-57a2d4851a1d" relativeResultsDirectory="7f2c3f2e-620c-490a-9395-b19711fe394d" />
    <UnitTestResult executionId="4fe85937-48c8-4942-9ed5-614ddf5251b1" testId="dafa776a-6a08-1272-aac7-ca70346aa44a" testName="Aula.Tests.Bots.TelegramMessageHandlerTests.HandleMessageAsync_WithNonTextMessage_ReturnsEarly" computerName="RHO-DESKTOP" duration="00:00:00.0055870" startTime="2025-06-30T19:20:51.3273079+02:00" endTime="2025-06-30T19:20:51.3273080+02:00" testType="13cdc9d9-ddb5-4fa4-a97d-d965ccfc6d4b" outcome="Failed" testListId="8c84fa94-04c1-424b-9868-57a2d4851a1d" relativeResultsDirectory="4fe85937-48c8-4942-9ed5-614ddf5251b1">
      <Output>
        <ErrorInfo>
          <Message>System.NotSupportedException : Unsupported expression: u =&gt; u.Id&#xD;
Non-overridable members (here: User.get_Id) may not be used in setup / verification expressions.</Message>
          <StackTrace>   at Moq.Guard.IsOverridable(MethodInfo method, Expression expression) in /_/src/Moq/Guard.cs:line 99
   at Moq.MethodExpectation..ctor(LambdaExpression expression, MethodInfo method, IReadOnlyList`1 arguments, Boolean exactGenericTypeArguments, Boolean skipMatcherInitialization, Boolean allowNonOverridable) in /_/src/Moq/MethodExpectation.cs:line 87
   at Moq.ExpressionExtensions.&lt;Split&gt;g__Split|5_0(Expression e, Expression&amp; r, MethodExpectation&amp; p, Boolean assignment, Boolean allowNonOverridableLastProperty) in /_/src/Moq/ExpressionExtensions.cs:line 326
   at Moq.ExpressionExtensions.Split(LambdaExpression expression, Boolean allowNonOverridableLastProperty) in /_/src/Moq/ExpressionExtensions.cs:line 149
   at Moq.Mock.SetupRecursive[TSetup](Mock mock, LambdaExpression expression, Func`4 setupLast, Boolean allowNonOverridableLastProperty) in /_/src/Moq/Mock.cs:line 645
   at Moq.Mock.Setup(Mock mock, LambdaExpression expression, Condition condition) in /_/src/Moq/Mock.cs:line 500
   at Moq.Mock.SetupGet(Mock mock, LambdaExpression expression, Condition condition) in /_/src/Moq/Mock.cs:line 518
   at Moq.Mock`1.SetupGet[TProperty](Expression`1 expression) in /_/src/Moq/Mock`1.cs:line 473
   at Aula.Tests.Bots.TelegramTestMessageFactory.CreateNonTextMessage(Int64 chatId, MessageType messageType, ChatType chatType, Int32 messageId) in /mnt/d/git/aula/src/Aula.Tests/Bots/TelegramTestMessageFactory.cs:line 43
   at Aula.Tests.Bots.TelegramMessageHandlerTests.HandleMessageAsync_WithNonTextMessage_ReturnsEarly() in /mnt/d/git/aula/src/Aula.Tests/Bots/TelegramMessageHandlerTests.cs:line 208
--- End of stack trace from previous location ---</StackTrace>
        </ErrorInfo>
      </Output>
    </UnitTestResult>
    <UnitTestResult executionId="41047c5a-9230-4b6c-b8b2-10a83527d6c2" testId="e57b5d64-f9f1-68ef-e175-4a5caa032c54" testName="Aula.Tests.Utilities.Html2SlackMarkdownConverterTests.Convert_WithScriptAndStyleTags_RemovesTagsButNotContent(html: &quot;&lt;style&gt;body { color: red; }&lt;/style&gt;&lt;p&gt;Content&lt;/p&gt;&quot;)" computerName="RHO-DESKTOP" duration="00:00:00.0137809" startTime="2025-06-30T19:20:51.5593508+02:00" endTime="2025-06-30T19:20:51.5593510+02:00" testType="13cdc9d9-ddb5-4fa4-a97d-d965ccfc6d4b" outcome="Passed" testListId="8c84fa94-04c1-424b-9868-57a2d4851a1d" relativeResultsDirectory="41047c5a-9230-4b6c-b8b2-10a83527d6c2" />
    <UnitTestResult executionId="755b75d5-b26f-4e70-aec0-0a401c31cc76" testId="bd810d5e-74d1-fb29-2175-9a145b5629e1" testName="Aula.Tests.Utilities.ReminderExtractionPromptsTests.GetExtractionPrompt_WithRealQueries_EmbedsQueryCorrectly(query: &quot;Remind me about TestChild1's soccer&quot;)" computerName="RHO-DESKTOP" duration="00:00:00.0039873" startTime="2025-06-30T19:20:51.3703383+02:00" endTime="2025-06-30T19:20:51.3703385+02:00" testType="13cdc9d9-ddb5-4fa4-a97d-d965ccfc6d4b" outcome="Passed" testListId="8c84fa94-04c1-424b-9868-57a2d4851a1d" relativeResultsDirectory="755b75d5-b26f-4e70-aec0-0a401c31cc76" />
    <UnitTestResult executionId="c6b583aa-2f59-4f32-99f0-25df209c1865" testId="75733184-ecf7-b281-bd2e-48c921f0cff4" testName="Aula.Tests.Utilities.FollowUpQuestionDetectorTests.IsFollowUpQuestion_WithPunctuationAroundChildName_WorksCorrectly(input: &quot;Emma?&quot;)" computerName="RHO-DESKTOP" duration="00:00:00.0001967" startTime="2025-06-30T19:20:50.9451341+02:00" endTime="2025-06-30T19:20:50.9451342+02:00" testType="13cdc9d9-ddb5-4fa4-a97d-d965ccfc6d4b" outcome="Passed" testListId="8c84fa94-04c1-424b-9868-57a2d4851a1d" relativeResultsDirectory="c6b583aa-2f59-4f32-99f0-25df209c1865" />
    <UnitTestResult executionId="92aada12-c322-4dd8-aa9a-b087b0a74147" testId="6adeca65-1d67-3030-b131-cc9b902991d4" testName="Aula.Tests.Configuration.ConfigurationTests.Timers_SchedulingInterval_ValidationTests(intervalSeconds: 60, isValid: True)" computerName="RHO-DESKTOP" duration="00:00:00.0068921" startTime="2025-06-30T19:20:51.7578821+02:00" endTime="2025-06-30T19:20:51.7578825+02:00" testType="13cdc9d9-ddb5-4fa4-a97d-d965ccfc6d4b" outcome="Passed" testListId="8c84fa94-04c1-424b-9868-57a2d4851a1d" relativeResultsDirectory="92aada12-c322-4dd8-aa9a-b087b0a74147" />
    <UnitTestResult executionId="35a5b778-3ec1-4376-84de-6f3402814058" testId="faff4fba-5493-e6c9-9bf9-a728e70472b3" testName="Aula.Tests.Services.OpenAiServiceIntegrationTests.Constructor_WithEmptyApiKey_ThrowsArgumentException" computerName="RHO-DESKTOP" duration="00:00:00.0011295" startTime="2025-06-30T19:20:51.2011200+02:00" endTime="2025-06-30T19:20:51.2011202+02:00" testType="13cdc9d9-ddb5-4fa4-a97d-d965ccfc6d4b" outcome="Failed" testListId="8c84fa94-04c1-424b-9868-57a2d4851a1d" relativeResultsDirectory="35a5b778-3ec1-4376-84de-6f3402814058">
      <Output>
        <ErrorInfo>
          <Message>Assert.Equal() Failure: Strings differ
           ↓ (pos 0)
Expected: "apiKey"
Actual:   "constructorArguments"
           ↑ (pos 0)</Message>
          <StackTrace>   at Aula.Tests.Services.OpenAiServiceIntegrationTests.Constructor_WithEmptyApiKey_ThrowsArgumentException() in /mnt/d/git/aula/src/Aula.Tests/Services/OpenAiServiceIntegrationTests.cs:line 49
   at System.RuntimeMethodHandle.InvokeMethod(Object target, Void** arguments, Signature sig, Boolean isConstructor)
   at System.Reflection.MethodBaseInvoker.InvokeWithNoArgs(Object obj, BindingFlags invokeAttr)</StackTrace>
        </ErrorInfo>
      </Output>
    </UnitTestResult>
    <UnitTestResult executionId="9647fe26-1b73-4b25-a946-33fcecaed1d1" testId="2435f07f-4cdd-eeff-ea35-46385277928d" testName="Aula.Tests.Bots.SlackMessageHandlerTests.HandleMessageAsync_WithNullText_ReturnsFalse" computerName="RHO-DESKTOP" duration="00:00:00.0230535" startTime="2025-06-30T19:20:51.0889094+02:00" endTime="2025-06-30T19:20:51.0889095+02:00" testType="13cdc9d9-ddb5-4fa4-a97d-d965ccfc6d4b" outcome="Passed" testListId="8c84fa94-04c1-424b-9868-57a2d4851a1d" relativeResultsDirectory="9647fe26-1b73-4b25-a946-33fcecaed1d1" />
    <UnitTestResult executionId="d4bbf410-2214-4030-93b6-8c3ecedd403d" testId="7238819f-b48b-cc3e-dc7e-e183fab753be" testName="Aula.Tests.Utilities.ConversationContextTests.ToString_WithNullChildName_ReturnsNone" computerName="RHO-DESKTOP" duration="00:00:00.0003101" startTime="2025-06-30T19:20:51.2948866+02:00" endTime="2025-06-30T19:20:51.2948869+02:00" testType="13cdc9d9-ddb5-4fa4-a97d-d965ccfc6d4b" outcome="Passed" testListId="8c84fa94-04c1-424b-9868-57a2d4851a1d" relativeResultsDirectory="d4bbf410-2214-4030-93b6-8c3ecedd403d" />
    <UnitTestResult executionId="73ca2276-140b-46e2-acdd-0c21666c138b" testId="d011f96b-d6c9-06f7-3372-df15e577854e" testName="Aula.Tests.Utilities.DateTimeUtilitiesTests.GetDanishDayName_ValidDayOfWeek_ReturnsLowercaseName(dayOfWeek: Thursday, expectedName: &quot;torsdag&quot;)" computerName="RHO-DESKTOP" duration="00:00:00.0000090" startTime="2025-06-30T19:20:51.3456143+02:00" endTime="2025-06-30T19:20:51.3456146+02:00" testType="13cdc9d9-ddb5-4fa4-a97d-d965ccfc6d4b" outcome="Passed" testListId="8c84fa94-04c1-424b-9868-57a2d4851a1d" relativeResultsDirectory="73ca2276-140b-46e2-acdd-0c21666c138b" />
    <UnitTestResult executionId="3515c1f5-06f9-4b36-a4a6-0632b801f58e" testId="2f04f25a-f7ea-d154-f23d-9b85170cefc4" testName="Aula.Tests.Bots.SlackInteractiveBotTests.Constructor_WithValidParameters_InitializesCorrectly" computerName="RHO-DESKTOP" duration="00:00:00.1659034" startTime="2025-06-30T19:20:50.9236755+02:00" endTime="2025-06-30T19:20:50.9236756+02:00" testType="13cdc9d9-ddb5-4fa4-a97d-d965ccfc6d4b" outcome="Passed" testListId="8c84fa94-04c1-424b-9868-57a2d4851a1d" relativeResultsDirectory="3515c1f5-06f9-4b36-a4a6-0632b801f58e" />
    <UnitTestResult executionId="7333582f-de56-4911-b2d7-0f05ca33dbd5" testId="6234ecb8-e2dd-d37d-8721-81fdc7e6823a" testName="Aula.Tests.Tools.AiToolsManagerTests.CreateReminderAsync_WithValidDateTime_CreatesReminder" computerName="RHO-DESKTOP" duration="00:00:00.0338129" startTime="2025-06-30T19:20:51.4615986+02:00" endTime="2025-06-30T19:20:51.4615987+02:00" testType="13cdc9d9-ddb5-4fa4-a97d-d965ccfc6d4b" outcome="Passed" testListId="8c84fa94-04c1-424b-9868-57a2d4851a1d" relativeResultsDirectory="7333582f-de56-4911-b2d7-0f05ca33dbd5" />
    <UnitTestResult executionId="380f8f43-2e28-40f7-bbf4-a46bdf2f2fa9" testId="3e10b303-d441-b310-0523-4f1f964c7566" testName="Aula.Tests.Utilities.WeekLetterContentExtractorTests.ExtractContent_WithNullLogger_DoesNotThrow" computerName="RHO-DESKTOP" duration="00:00:00.0001823" startTime="2025-06-30T19:20:50.8034667+02:00" endTime="2025-06-30T19:20:50.8034668+02:00" testType="13cdc9d9-ddb5-4fa4-a97d-d965ccfc6d4b" outcome="Passed" testListId="8c84fa94-04c1-424b-9868-57a2d4851a1d" relativeResultsDirectory="380f8f43-2e28-40f7-bbf4-a46bdf2f2fa9" />
    <UnitTestResult executionId="7224731c-e4ac-48d9-9e4f-1b225b758372" testId="3332c67c-92a3-057f-677b-9ccf84688a91" testName="Aula.Tests.Utilities.ReminderExtractionPromptsTests.GetExtractionPrompt_WithRealQueries_EmbedsQueryCorrectly(query: &quot;Pick up Emma tomorrow at 3 PM&quot;)" computerName="RHO-DESKTOP" duration="00:00:00.0000606" startTime="2025-06-30T19:20:51.3725620+02:00" endTime="2025-06-30T19:20:51.3725621+02:00" testType="13cdc9d9-ddb5-4fa4-a97d-d965ccfc6d4b" outcome="Passed" testListId="8c84fa94-04c1-424b-9868-57a2d4851a1d" relativeResultsDirectory="7224731c-e4ac-48d9-9e4f-1b225b758372" />
    <UnitTestResult executionId="a19de216-86d9-430d-8f20-8dfdb13b5898" testId="bfbb79be-1fcf-163a-7e39-8393a3a71050" testName="Aula.Tests.Utilities.IntentAnalysisPromptsTests.ToolExamples_ToolCallExamples_FollowCorrectFormat" computerName="RHO-DESKTOP" duration="00:00:00.0006561" startTime="2025-06-30T19:20:51.4471585+02:00" endTime="2025-06-30T19:20:51.4471586+02:00" testType="13cdc9d9-ddb5-4fa4-a97d-d965ccfc6d4b" outcome="Passed" testListId="8c84fa94-04c1-424b-9868-57a2d4851a1d" relativeResultsDirectory="a19de216-86d9-430d-8f20-8dfdb13b5898" />
    <UnitTestResult executionId="5587d4fd-6805-4c5c-b01a-73c1335f713e" testId="0a638305-142d-7de7-7f12-9a81aa636946" testName="Aula.Tests.Bots.TelegramInteractiveBotTests.SendMessage_WithLongChatId_SendsSuccessfully(chatId: &quot;987654321&quot;)" computerName="RHO-DESKTOP" duration="00:00:00.4663331" startTime="2025-06-30T19:20:52.4050271+02:00" endTime="2025-06-30T19:20:52.4050275+02:00" testType="13cdc9d9-ddb5-4fa4-a97d-d965ccfc6d4b" outcome="Passed" testListId="8c84fa94-04c1-424b-9868-57a2d4851a1d" relativeResultsDirectory="5587d4fd-6805-4c5c-b01a-73c1335f713e" />
    <UnitTestResult executionId="814854b3-548c-4839-aa46-bd86d1f22cdf" testId="2ec4bb68-9993-76c1-0376-5d281d5240c0" testName="Aula.Tests.Services.OpenAiServiceIntegrationTests.ProcessQueryWithToolsAsync_WithValidParameters_CallsApiWithCorrectParameters" computerName="RHO-DESKTOP" duration="00:00:00.0120111" startTime="2025-06-30T19:20:51.2130205+02:00" endTime="2025-06-30T19:20:51.2130206+02:00" testType="13cdc9d9-ddb5-4fa4-a97d-d965ccfc6d4b" outcome="Failed" testListId="8c84fa94-04c1-424b-9868-57a2d4851a1d" relativeResultsDirectory="814854b3-548c-4839-aa46-bd86d1f22cdf">
      <Output>
        <ErrorInfo>
          <Message>System.ArgumentException : Can not instantiate proxy of class: Aula.Tools.AiToolsManager.
Could not find a parameterless constructor. (Parameter 'constructorArguments')
---- System.MissingMethodException : Constructor on type 'Castle.Proxies.AiToolsManagerProxy' not found.</Message>
          <StackTrace>   at Castle.DynamicProxy.ProxyGenerator.CreateClassProxyInstance(Type proxyType, List`1 proxyArguments, Type classToProxy, Object[] constructorArguments)
   at Castle.DynamicProxy.ProxyGenerator.CreateClassProxy(Type classToProxy, Type[] additionalInterfacesToProxy, ProxyGenerationOptions options, Object[] constructorArguments, IInterceptor[] interceptors)
   at Moq.CastleProxyFactory.CreateProxy(Type mockType, IInterceptor interceptor, Type[] interfaces, Object[] arguments) in /_/src/Moq/Interception/CastleProxyFactory.cs:line 62
   at Moq.Mock`1.InitializeInstance() in /_/src/Moq/Mock`1.cs:line 309
   at Moq.Mock`1.OnGetObject() in /_/src/Moq/Mock`1.cs:line 323
   at Moq.Mock.get_Object() in /_/src/Moq/Mock.cs:line 181
   at Moq.Mock`1.get_Object() in /_/src/Moq/Mock`1.cs:line 281
   at Aula.Tests.Services.OpenAiServiceIntegrationTests.ProcessQueryWithToolsAsync_WithValidParameters_CallsApiWithCorrectParameters() in /mnt/d/git/aula/src/Aula.Tests/Services/OpenAiServiceIntegrationTests.cs:line 307
--- End of stack trace from previous location ---
----- Inner Stack Trace -----
   at System.RuntimeType.CreateInstanceImpl(BindingFlags bindingAttr, Binder binder, Object[] args, CultureInfo culture)
   at Castle.DynamicProxy.ProxyGenerator.CreateClassProxyInstance(Type proxyType, List`1 proxyArguments, Type classToProxy, Object[] constructorArguments)</StackTrace>
        </ErrorInfo>
      </Output>
    </UnitTestResult>
    <UnitTestResult executionId="c52c42dd-4cc3-41c6-9a38-6696c89520a4" testId="27883ffc-bfa0-e8a9-4fbc-9b88539fca09" testName="Aula.Tests.Utilities.Html2SlackMarkdownConverterTests.Convert_WithNullParentNodes_HandlesGracefully" computerName="RHO-DESKTOP" duration="00:00:00.0011541" startTime="2025-06-30T19:20:51.6659969+02:00" endTime="2025-06-30T19:20:51.6659970+02:00" testType="13cdc9d9-ddb5-4fa4-a97d-d965ccfc6d4b" outcome="Passed" testListId="8c84fa94-04c1-424b-9868-57a2d4851a1d" relativeResultsDirectory="c52c42dd-4cc3-41c6-9a38-6696c89520a4" />
    <UnitTestResult executionId="4491f751-010e-4c8e-82ac-91d16fac4d19" testId="9fbd08c9-807d-0d3a-ed39-c949f2bb8c4b" testName="Aula.Tests.Bots.SlackMessageHandlerTests.HandleMessageAsync_WithHelpCommand_ProcessesHelpMessage(helpCommand: &quot;hjælp&quot;)" computerName="RHO-DESKTOP" duration="00:00:00.2261027" startTime="2025-06-30T19:20:54.2974124+02:00" endTime="2025-06-30T19:20:54.2974125+02:00" testType="13cdc9d9-ddb5-4fa4-a97d-d965ccfc6d4b" outcome="Passed" testListId="8c84fa94-04c1-424b-9868-57a2d4851a1d" relativeResultsDirectory="4491f751-010e-4c8e-82ac-91d16fac4d19" />
    <UnitTestResult executionId="0b40782a-a86b-4829-94d3-2ce9af5cf6de" testId="a7a3158e-1399-dbdf-e50f-3716ddb1ba8c" testName="Aula.Tests.Utilities.ConversationContextManagerTests.Constructor_WithNullLogger_ThrowsArgumentNullException" computerName="RHO-DESKTOP" duration="00:00:00.0017291" startTime="2025-06-30T19:20:51.0518591+02:00" endTime="2025-06-30T19:20:51.0518592+02:00" testType="13cdc9d9-ddb5-4fa4-a97d-d965ccfc6d4b" outcome="Passed" testListId="8c84fa94-04c1-424b-9868-57a2d4851a1d" relativeResultsDirectory="0b40782a-a86b-4829-94d3-2ce9af5cf6de" />
    <UnitTestResult executionId="c63de72d-0de2-43a9-a35d-cc1ccef45cbb" testId="c2915ea4-e5f9-7f97-c925-c30cd92f3ba5" testName="Aula.Tests.Bots.TelegramMessageHandlerTests.HandleMessageAsync_WithHelpCommand_ProcessesHelpMessage(helpCommand: &quot;HELP&quot;)" computerName="RHO-DESKTOP" duration="00:00:00.0004174" startTime="2025-06-30T19:20:51.2339267+02:00" endTime="2025-06-30T19:20:51.2339269+02:00" testType="13cdc9d9-ddb5-4fa4-a97d-d965ccfc6d4b" outcome="Failed" testListId="8c84fa94-04c1-424b-9868-57a2d4851a1d" relativeResultsDirectory="c63de72d-0de2-43a9-a35d-cc1ccef45cbb">
      <Output>
        <ErrorInfo>
          <Message>System.NotSupportedException : Unsupported expression: u =&gt; u.Id&#xD;
Non-overridable members (here: User.get_Id) may not be used in setup / verification expressions.</Message>
          <StackTrace>   at Moq.Guard.IsOverridable(MethodInfo method, Expression expression) in /_/src/Moq/Guard.cs:line 99
   at Moq.MethodExpectation..ctor(LambdaExpression expression, MethodInfo method, IReadOnlyList`1 arguments, Boolean exactGenericTypeArguments, Boolean skipMatcherInitialization, Boolean allowNonOverridable) in /_/src/Moq/MethodExpectation.cs:line 87
   at Moq.ExpressionExtensions.&lt;Split&gt;g__Split|5_0(Expression e, Expression&amp; r, MethodExpectation&amp; p, Boolean assignment, Boolean allowNonOverridableLastProperty) in /_/src/Moq/ExpressionExtensions.cs:line 326
   at Moq.ExpressionExtensions.Split(LambdaExpression expression, Boolean allowNonOverridableLastProperty) in /_/src/Moq/ExpressionExtensions.cs:line 149
   at Moq.Mock.SetupRecursive[TSetup](Mock mock, LambdaExpression expression, Func`4 setupLast, Boolean allowNonOverridableLastProperty) in /_/src/Moq/Mock.cs:line 645
   at Moq.Mock.Setup(Mock mock, LambdaExpression expression, Condition condition) in /_/src/Moq/Mock.cs:line 500
   at Moq.Mock.SetupGet(Mock mock, LambdaExpression expression, Condition condition) in /_/src/Moq/Mock.cs:line 518
   at Moq.Mock`1.SetupGet[TProperty](Expression`1 expression) in /_/src/Moq/Mock`1.cs:line 473
   at Aula.Tests.Bots.TelegramTestMessageFactory.CreateTextMessage(Int64 chatId, String text, ChatType chatType, Int32 messageId, String firstName, String username) in /mnt/d/git/aula/src/Aula.Tests/Bots/TelegramTestMessageFactory.cs:line 18
   at Aula.Tests.Bots.TelegramMessageHandlerTests.HandleMessageAsync_WithHelpCommand_ProcessesHelpMessage(String helpCommand) in /mnt/d/git/aula/src/Aula.Tests/Bots/TelegramMessageHandlerTests.cs:line 275
--- End of stack trace from previous location ---</StackTrace>
        </ErrorInfo>
      </Output>
    </UnitTestResult>
    <UnitTestResult executionId="21d3b046-ac8f-4cd2-b4fa-306e612214ee" testId="ab49834c-8dcd-dead-a042-efc0f8ab3657" testName="Aula.Tests.Bots.TelegramInteractiveBotTests.Stop_WhenCalled_LogsInformation" computerName="RHO-DESKTOP" duration="00:00:00.0115108" startTime="2025-06-30T19:20:52.4286046+02:00" endTime="2025-06-30T19:20:52.4286046+02:00" testType="13cdc9d9-ddb5-4fa4-a97d-d965ccfc6d4b" outcome="Passed" testListId="8c84fa94-04c1-424b-9868-57a2d4851a1d" relativeResultsDirectory="21d3b046-ac8f-4cd2-b4fa-306e612214ee" />
    <UnitTestResult executionId="cfa1f687-dae1-442c-8d6b-f5d27729895e" testId="f7492970-5062-ad84-014e-43c4dfa554f1" testName="Aula.Tests.Tools.ReminderCommandHandlerTests.TryHandleReminderCommand_DeleteReminder_WithException_LogsErrorAndReturnsErrorMessage(command: &quot;slet påmindelse 888&quot;, isEnglish: False)" computerName="RHO-DESKTOP" duration="00:00:00.0079845" startTime="2025-06-30T19:20:51.5650726+02:00" endTime="2025-06-30T19:20:51.5650727+02:00" testType="13cdc9d9-ddb5-4fa4-a97d-d965ccfc6d4b" outcome="Passed" testListId="8c84fa94-04c1-424b-9868-57a2d4851a1d" relativeResultsDirectory="cfa1f687-dae1-442c-8d6b-f5d27729895e" />
    <UnitTestResult executionId="963d7b64-343d-461e-a74b-c2da36d8a11a" testId="7461a5be-ee77-e379-ff74-051c3d53d9e0" testName="Aula.Tests.Utilities.JsonFormatterTests.Prettify_WithBooleanAndNull_PreservesTypes" computerName="RHO-DESKTOP" duration="00:00:00.0002888" startTime="2025-06-30T19:20:51.5054159+02:00" endTime="2025-06-30T19:20:51.5054161+02:00" testType="13cdc9d9-ddb5-4fa4-a97d-d965ccfc6d4b" outcome="Passed" testListId="8c84fa94-04c1-424b-9868-57a2d4851a1d" relativeResultsDirectory="963d7b64-343d-461e-a74b-c2da36d8a11a" />
    <UnitTestResult executionId="fc718cfe-7076-469f-96eb-df852cb5c3fc" testId="b3807b1c-634e-e2ee-a1b8-8f079f205113" testName="Aula.Tests.Utilities.FollowUpQuestionDetectorTests.IsFollowUpQuestion_WithoutFollowUpPhrases_ReturnsFalse(input: &quot;no child names here&quot;)" computerName="RHO-DESKTOP" duration="00:00:00.0002014" startTime="2025-06-30T19:20:50.9199229+02:00" endTime="2025-06-30T19:20:50.9199230+02:00" testType="13cdc9d9-ddb5-4fa4-a97d-d965ccfc6d4b" outcome="Passed" testListId="8c84fa94-04c1-424b-9868-57a2d4851a1d" relativeResultsDirectory="fc718cfe-7076-469f-96eb-df852cb5c3fc" />
    <UnitTestResult executionId="88d7aa73-9a52-4618-9316-e55136d0e17d" testId="76e83c15-4958-72c0-6072-2306062f6c27" testName="Aula.Tests.Utilities.Html2SlackMarkdownConverterTests.Convert_PreservesTextOrder" computerName="RHO-DESKTOP" duration="00:00:00.0022372" startTime="2025-06-30T19:20:51.6702741+02:00" endTime="2025-06-30T19:20:51.6702743+02:00" testType="13cdc9d9-ddb5-4fa4-a97d-d965ccfc6d4b" outcome="Passed" testListId="8c84fa94-04c1-424b-9868-57a2d4851a1d" relativeResultsDirectory="88d7aa73-9a52-4618-9316-e55136d0e17d" />
    <UnitTestResult executionId="229e6983-29ff-4675-9b4f-26ad5bb1e87a" testId="4aa54f00-5a60-e1ca-de86-bd0d6c5bb993" testName="Aula.Tests.Utilities.Html2SlackMarkdownConverterTests.Convert_WithMixedContentAndTags_ProcessesCorrectly" computerName="RHO-DESKTOP" duration="00:00:00.0025147" startTime="2025-06-30T19:20:51.6868507+02:00" endTime="2025-06-30T19:20:51.6868509+02:00" testType="13cdc9d9-ddb5-4fa4-a97d-d965ccfc6d4b" outcome="Passed" testListId="8c84fa94-04c1-424b-9868-57a2d4851a1d" relativeResultsDirectory="229e6983-29ff-4675-9b4f-26ad5bb1e87a" />
    <UnitTestResult executionId="1e5b9b4f-6fb5-45da-aa8f-931319a34f72" testId="d5b42656-f37b-3f98-9edc-5bd253352fc2" testName="Aula.Tests.Tools.ReminderCommandHandlerTests.TryHandleReminderCommand_DateParsing_DDMM_Format_WorksCorrectly" computerName="RHO-DESKTOP" duration="00:00:00.0077885" startTime="2025-06-30T19:20:51.5848869+02:00" endTime="2025-06-30T19:20:51.5848870+02:00" testType="13cdc9d9-ddb5-4fa4-a97d-d965ccfc6d4b" outcome="Passed" testListId="8c84fa94-04c1-424b-9868-57a2d4851a1d" relativeResultsDirectory="1e5b9b4f-6fb5-45da-aa8f-931319a34f72" />
    <UnitTestResult executionId="48dc4deb-0cc6-4537-8d48-af7faedf7e1b" testId="e82068c0-6e0f-9139-e11b-135d1d5c14f8" testName="Aula.Tests.Utilities.IntentAnalysisPromptsTests.GetFormattedPrompt_WithSpecialCharacters_HandlesCorrectly" computerName="RHO-DESKTOP" duration="00:00:00.0003417" startTime="2025-06-30T19:20:51.4459383+02:00" endTime="2025-06-30T19:20:51.4459384+02:00" testType="13cdc9d9-ddb5-4fa4-a97d-d965ccfc6d4b" outcome="Passed" testListId="8c84fa94-04c1-424b-9868-57a2d4851a1d" relativeResultsDirectory="48dc4deb-0cc6-4537-8d48-af7faedf7e1b" />
    <UnitTestResult executionId="c7b4e2f0-d3bc-4496-975f-2acf57cc87bb" testId="20f7b20d-6fda-90c5-179b-3395a4df9b7c" testName="Aula.Tests.Channels.SlackBotTests.PostWeekLetter_WithVariousChildNames_HandlesCorrectly(firstName: &quot;TestChild1&quot;)" computerName="RHO-DESKTOP" duration="00:00:00.0013746" startTime="2025-06-30T19:20:51.5860427+02:00" endTime="2025-06-30T19:20:51.5860428+02:00" testType="13cdc9d9-ddb5-4fa4-a97d-d965ccfc6d4b" outcome="Passed" testListId="8c84fa94-04c1-424b-9868-57a2d4851a1d" relativeResultsDirectory="c7b4e2f0-d3bc-4496-975f-2acf57cc87bb" />
    <UnitTestResult executionId="0ee57bb9-5fa1-40e3-b73a-4d68f9dbf1ce" testId="d877f94f-066f-42a6-7d0d-fddcf50efb86" testName="Aula.Tests.Channels.TelegramClientTests.SendMessageToChannel_WithVariousMessages_DoesNotThrow(message: &quot;Message with special chars: @#$%&quot;)" computerName="RHO-DESKTOP" duration="00:00:00.0001715" startTime="2025-06-30T19:20:51.5690901+02:00" endTime="2025-06-30T19:20:51.5690902+02:00" testType="13cdc9d9-ddb5-4fa4-a97d-d965ccfc6d4b" outcome="Passed" testListId="8c84fa94-04c1-424b-9868-57a2d4851a1d" relativeResultsDirectory="0ee57bb9-5fa1-40e3-b73a-4d68f9dbf1ce" />
    <UnitTestResult executionId="0cd51bf4-d693-4356-8d9c-857334199d95" testId="ed243bdd-6000-1061-a83e-9e458b3d2a08" testName="Aula.Tests.Bots.SlackMessageHandlerTests.HandleMessageAsync_WithValidMessage_ReturnsTrue" computerName="RHO-DESKTOP" duration="00:00:01.0107927" startTime="2025-06-30T19:20:52.0136524+02:00" endTime="2025-06-30T19:20:52.0136526+02:00" testType="13cdc9d9-ddb5-4fa4-a97d-d965ccfc6d4b" outcome="Passed" testListId="8c84fa94-04c1-424b-9868-57a2d4851a1d" relativeResultsDirectory="0cd51bf4-d693-4356-8d9c-857334199d95" />
    <UnitTestResult executionId="24ff2b40-5713-4e66-84dd-01cd398382c8" testId="d7aeee86-92f2-5c12-685d-812d09ed0822" testName="Aula.Tests.Tools.ReminderCommandHandlerTests.TryHandleReminderCommand_NonMatchingPatterns_ReturnsFalse(command: &quot;husk mig ugyldig at 8:00 at invalid format&quot;, isEnglish: False)" computerName="RHO-DESKTOP" duration="00:00:00.0010013" startTime="2025-06-30T19:20:51.5831640+02:00" endTime="2025-06-30T19:20:51.5831641+02:00" testType="13cdc9d9-ddb5-4fa4-a97d-d965ccfc6d4b" outcome="Passed" testListId="8c84fa94-04c1-424b-9868-57a2d4851a1d" relativeResultsDirectory="24ff2b40-5713-4e66-84dd-01cd398382c8" />
    <UnitTestResult executionId="1eb21697-064e-4ef2-a807-b88396f3474e" testId="e59d968d-c8e5-f85d-8f4b-30d82d049708" testName="Aula.Tests.Channels.TelegramClientTests.Constructor_WithToken_CreatesInstance" computerName="RHO-DESKTOP" duration="00:00:00.0001147" startTime="2025-06-30T19:20:51.5715772+02:00" endTime="2025-06-30T19:20:51.5715773+02:00" testType="13cdc9d9-ddb5-4fa4-a97d-d965ccfc6d4b" outcome="Passed" testListId="8c84fa94-04c1-424b-9868-57a2d4851a1d" relativeResultsDirectory="1eb21697-064e-4ef2-a807-b88396f3474e" />
    <UnitTestResult executionId="889a8349-dc6f-4ef2-98ba-c43dc3659d77" testId="14432cab-194a-d804-9f67-885b71746a71" testName="Aula.Tests.Services.SupabaseServiceTests.ReminderData_WithValidParameters_AreValid" computerName="RHO-DESKTOP" duration="00:00:00.0005442" startTime="2025-06-30T19:20:51.2341684+02:00" endTime="2025-06-30T19:20:51.2341685+02:00" testType="13cdc9d9-ddb5-4fa4-a97d-d965ccfc6d4b" outcome="Passed" testListId="8c84fa94-04c1-424b-9868-57a2d4851a1d" relativeResultsDirectory="889a8349-dc6f-4ef2-98ba-c43dc3659d77" />
    <UnitTestResult executionId="35ec79b9-4649-4234-ad36-bf66afbe0a0a" testId="07e0302f-2dc8-4d9e-5870-92f7c56a6ee3" testName="Aula.Tests.Configuration.ConfigurationTests.GoogleServiceAccount_ConfigurationIsCorrect" computerName="RHO-DESKTOP" duration="00:00:00.0075170" startTime="2025-06-30T19:20:51.8819675+02:00" endTime="2025-06-30T19:20:51.8819678+02:00" testType="13cdc9d9-ddb5-4fa4-a97d-d965ccfc6d4b" outcome="Passed" testListId="8c84fa94-04c1-424b-9868-57a2d4851a1d" relativeResultsDirectory="35ec79b9-4649-4234-ad36-bf66afbe0a0a" />
    <UnitTestResult executionId="7d6a5792-1936-4a2c-90ac-94717cb19253" testId="d91762c9-e8c3-9301-162e-078c803712fd" testName="Aula.Tests.Tools.ReminderCommandHandlerTests.TryHandleReminderCommand_ListReminders_NoReminders_ReturnsNoRemindersMessage(command: &quot;list reminders&quot;, isEnglish: True)" computerName="RHO-DESKTOP" duration="00:00:00.0014989" startTime="2025-06-30T19:20:51.5803750+02:00" endTime="2025-06-30T19:20:51.5803752+02:00" testType="13cdc9d9-ddb5-4fa4-a97d-d965ccfc6d4b" outcome="Passed" testListId="8c84fa94-04c1-424b-9868-57a2d4851a1d" relativeResultsDirectory="7d6a5792-1936-4a2c-90ac-94717cb19253" />
    <UnitTestResult executionId="b13c8787-43dd-4ea3-93d3-63796561feee" testId="190cafd6-e87f-acd4-dc9b-9d82114386d9" testName="Aula.Tests.Configuration.ConfigurationTests.Config_DefaultValues_AreApplied" computerName="RHO-DESKTOP" duration="00:00:00.0134505" startTime="2025-06-30T19:20:51.6899581+02:00" endTime="2025-06-30T19:20:51.6899583+02:00" testType="13cdc9d9-ddb5-4fa4-a97d-d965ccfc6d4b" outcome="Passed" testListId="8c84fa94-04c1-424b-9868-57a2d4851a1d" relativeResultsDirectory="b13c8787-43dd-4ea3-93d3-63796561feee" />
    <UnitTestResult executionId="33ff3263-0d8b-4068-aff5-d4d122fd41d1" testId="6168ca12-341a-f09a-6cdf-6dd1f68c911d" testName="Aula.Tests.Utilities.IntentAnalysisPromptsTests.ToolExamples_CoverExpectedUseCase(expectedKey: &quot;INFORMATION_QUERY&quot;, queryPattern: &quot;what&quot;)" computerName="RHO-DESKTOP" duration="00:00:00.0000243" startTime="2025-06-30T19:20:51.3732120+02:00" endTime="2025-06-30T19:20:51.3732122+02:00" testType="13cdc9d9-ddb5-4fa4-a97d-d965ccfc6d4b" outcome="Passed" testListId="8c84fa94-04c1-424b-9868-57a2d4851a1d" relativeResultsDirectory="33ff3263-0d8b-4068-aff5-d4d122fd41d1" />
    <UnitTestResult executionId="ae40f4f8-da91-4561-ac8d-6497d6749146" testId="63363866-031a-a196-cb3f-a58e78fe124a" testName="Aula.Tests.Utilities.ReminderExtractionPromptsTests.GetExtractionPrompt_WithDifferentMinuteOffsets_CalculatesCorrectly(minutes: 120)" computerName="RHO-DESKTOP" duration="00:00:00.0003174" startTime="2025-06-30T19:20:51.3593531+02:00" endTime="2025-06-30T19:20:51.3593533+02:00" testType="13cdc9d9-ddb5-4fa4-a97d-d965ccfc6d4b" outcome="Passed" testListId="8c84fa94-04c1-424b-9868-57a2d4851a1d" relativeResultsDirectory="ae40f4f8-da91-4561-ac8d-6497d6749146" />
    <UnitTestResult executionId="e0f77e39-a117-490f-b960-d1493428060d" testId="8e7eb82c-6e6a-99e1-6a43-facf136e77c6" testName="Aula.Tests.Bots.TelegramMessageHandlerTests.Constructor_WithValidParameters_InitializesCorrectly" computerName="RHO-DESKTOP" duration="00:00:00.0002440" startTime="2025-06-30T19:20:51.4559962+02:00" endTime="2025-06-30T19:20:51.4559963+02:00" testType="13cdc9d9-ddb5-4fa4-a97d-d965ccfc6d4b" outcome="Passed" testListId="8c84fa94-04c1-424b-9868-57a2d4851a1d" relativeResultsDirectory="e0f77e39-a117-490f-b960-d1493428060d" />
    <UnitTestResult executionId="e77bef13-e894-4666-bf06-58e7d4cdadae" testId="5f18de16-3031-4e46-e632-27368e418f95" testName="Aula.Tests.Tools.AiToolsManagerTests.CreateReminderAsync_WithMissingChildName_CreatesGeneralReminder" computerName="RHO-DESKTOP" duration="00:00:00.0149991" startTime="2025-06-30T19:20:51.4988442+02:00" endTime="2025-06-30T19:20:51.4988444+02:00" testType="13cdc9d9-ddb5-4fa4-a97d-d965ccfc6d4b" outcome="Passed" testListId="8c84fa94-04c1-424b-9868-57a2d4851a1d" relativeResultsDirectory="e77bef13-e894-4666-bf06-58e7d4cdadae" />
    <UnitTestResult executionId="5134dc13-d3b3-4d40-aef0-b7e4031b6309" testId="0a8ad004-d01c-d1e0-58a0-181e5b1d213b" testName="Aula.Tests.Configuration.ConfigurationTests.Timers_AdaptivePollingLimits_ValidationTests(minSeconds: 5, maxSeconds: 30, isValid: True)" computerName="RHO-DESKTOP" duration="00:00:00.2509679" startTime="2025-06-30T19:20:51.5963251+02:00" endTime="2025-06-30T19:20:51.5963252+02:00" testType="13cdc9d9-ddb5-4fa4-a97d-d965ccfc6d4b" outcome="Passed" testListId="8c84fa94-04c1-424b-9868-57a2d4851a1d" relativeResultsDirectory="5134dc13-d3b3-4d40-aef0-b7e4031b6309" />
    <UnitTestResult executionId="9db9abbd-f048-40ee-87c7-fb3700edbfdf" testId="87b7e046-4300-6ba7-be8d-14de8ee31c5f" testName="Aula.Tests.Tools.ReminderCommandHandlerTests.Constructor_WithNullChildrenByName_ThrowsArgumentNullException" computerName="RHO-DESKTOP" duration="00:00:00.0004299" startTime="2025-06-30T19:20:51.6346307+02:00" endTime="2025-06-30T19:20:51.6346310+02:00" testType="13cdc9d9-ddb5-4fa4-a97d-d965ccfc6d4b" outcome="Passed" testListId="8c84fa94-04c1-424b-9868-57a2d4851a1d" relativeResultsDirectory="9db9abbd-f048-40ee-87c7-fb3700edbfdf" />
    <UnitTestResult executionId="8b886b2c-fc7a-4438-9bfd-a4a350c45396" testId="c79823a4-e6c5-4210-9526-f7fc3ce5d77c" testName="Aula.Tests.Services.OpenAiServiceIntegrationTests.ClearConversationHistory_WithoutContextKey_DoesNotThrow" computerName="RHO-DESKTOP" duration="00:00:00.0008921" startTime="2025-06-30T19:20:51.0195604+02:00" endTime="2025-06-30T19:20:51.0195605+02:00" testType="13cdc9d9-ddb5-4fa4-a97d-d965ccfc6d4b" outcome="Failed" testListId="8c84fa94-04c1-424b-9868-57a2d4851a1d" relativeResultsDirectory="8b886b2c-fc7a-4438-9bfd-a4a350c45396">
      <Output>
        <ErrorInfo>
          <Message>System.ArgumentException : Can not instantiate proxy of class: Aula.Tools.AiToolsManager.
Could not find a parameterless constructor. (Parameter 'constructorArguments')
---- System.MissingMethodException : Constructor on type 'Castle.Proxies.AiToolsManagerProxy' not found.</Message>
          <StackTrace>   at Castle.DynamicProxy.ProxyGenerator.CreateClassProxyInstance(Type proxyType, List`1 proxyArguments, Type classToProxy, Object[] constructorArguments)
   at Castle.DynamicProxy.ProxyGenerator.CreateClassProxy(Type classToProxy, Type[] additionalInterfacesToProxy, ProxyGenerationOptions options, Object[] constructorArguments, IInterceptor[] interceptors)
   at Moq.CastleProxyFactory.CreateProxy(Type mockType, IInterceptor interceptor, Type[] interfaces, Object[] arguments) in /_/src/Moq/Interception/CastleProxyFactory.cs:line 62
   at Moq.Mock`1.InitializeInstance() in /_/src/Moq/Mock`1.cs:line 309
   at Moq.Mock`1.OnGetObject() in /_/src/Moq/Mock`1.cs:line 323
   at Moq.Mock.get_Object() in /_/src/Moq/Mock.cs:line 181
   at Moq.Mock`1.get_Object() in /_/src/Moq/Mock`1.cs:line 281
   at Aula.Tests.Services.OpenAiServiceIntegrationTests.ClearConversationHistory_WithoutContextKey_DoesNotThrow() in /mnt/d/git/aula/src/Aula.Tests/Services/OpenAiServiceIntegrationTests.cs:line 86
   at System.RuntimeMethodHandle.InvokeMethod(Object target, Void** arguments, Signature sig, Boolean isConstructor)
   at System.Reflection.MethodBaseInvoker.InvokeWithNoArgs(Object obj, BindingFlags invokeAttr)
----- Inner Stack Trace -----
   at System.RuntimeType.CreateInstanceImpl(BindingFlags bindingAttr, Binder binder, Object[] args, CultureInfo culture)
   at Castle.DynamicProxy.ProxyGenerator.CreateClassProxyInstance(Type proxyType, List`1 proxyArguments, Type classToProxy, Object[] constructorArguments)</StackTrace>
        </ErrorInfo>
      </Output>
    </UnitTestResult>
    <UnitTestResult executionId="c525c132-c5de-4df2-aa47-097dbf523246" testId="5b9eed1d-66a1-144a-f169-3003eeb937ac" testName="Aula.Tests.Utilities.WeekLetterContentExtractorTests.ExtractContent_WithLogger_LogsWarningForEmptyContent" computerName="RHO-DESKTOP" duration="00:00:00.0028832" startTime="2025-06-30T19:20:50.9621036+02:00" endTime="2025-06-30T19:20:50.9621038+02:00" testType="13cdc9d9-ddb5-4fa4-a97d-d965ccfc6d4b" outcome="Passed" testListId="8c84fa94-04c1-424b-9868-57a2d4851a1d" relativeResultsDirectory="c525c132-c5de-4df2-aa47-097dbf523246" />
    <UnitTestResult executionId="e422cf65-647c-44aa-a431-ce8b9757fa58" testId="69d1c74a-49ac-9f2b-6362-7fb9e78b2a92" testName="Aula.Tests.Services.OpenAiServiceIntegrationTests.SummarizeWeekLetterAsync_WithNullWeekLetter_ThrowsArgumentNullException(chatInterface: Telegram)" computerName="RHO-DESKTOP" duration="00:00:00.0015665" startTime="2025-06-30T19:20:51.1455368+02:00" endTime="2025-06-30T19:20:51.1455369+02:00" testType="13cdc9d9-ddb5-4fa4-a97d-d965ccfc6d4b" outcome="Failed" testListId="8c84fa94-04c1-424b-9868-57a2d4851a1d" relativeResultsDirectory="e422cf65-647c-44aa-a431-ce8b9757fa58">
      <Output>
        <ErrorInfo>
          <Message>System.ArgumentException : Can not instantiate proxy of class: Aula.Tools.AiToolsManager.
Could not find a parameterless constructor. (Parameter 'constructorArguments')
---- System.MissingMethodException : Constructor on type 'Castle.Proxies.AiToolsManagerProxy' not found.</Message>
          <StackTrace>   at Castle.DynamicProxy.ProxyGenerator.CreateClassProxyInstance(Type proxyType, List`1 proxyArguments, Type classToProxy, Object[] constructorArguments)
   at Castle.DynamicProxy.ProxyGenerator.CreateClassProxy(Type classToProxy, Type[] additionalInterfacesToProxy, ProxyGenerationOptions options, Object[] constructorArguments, IInterceptor[] interceptors)
   at Moq.CastleProxyFactory.CreateProxy(Type mockType, IInterceptor interceptor, Type[] interfaces, Object[] arguments) in /_/src/Moq/Interception/CastleProxyFactory.cs:line 62
   at Moq.Mock`1.InitializeInstance() in /_/src/Moq/Mock`1.cs:line 309
   at Moq.Mock`1.OnGetObject() in /_/src/Moq/Mock`1.cs:line 323
   at Moq.Mock.get_Object() in /_/src/Moq/Mock.cs:line 181
   at Moq.Mock`1.get_Object() in /_/src/Moq/Mock`1.cs:line 281
   at Aula.Tests.Services.OpenAiServiceIntegrationTests.SummarizeWeekLetterAsync_WithNullWeekLetter_ThrowsArgumentNullException(ChatInterface chatInterface) in /mnt/d/git/aula/src/Aula.Tests/Services/OpenAiServiceIntegrationTests.cs:line 108
--- End of stack trace from previous location ---
----- Inner Stack Trace -----
   at System.RuntimeType.CreateInstanceImpl(BindingFlags bindingAttr, Binder binder, Object[] args, CultureInfo culture)
   at Castle.DynamicProxy.ProxyGenerator.CreateClassProxyInstance(Type proxyType, List`1 proxyArguments, Type classToProxy, Object[] constructorArguments)</StackTrace>
        </ErrorInfo>
      </Output>
    </UnitTestResult>
    <UnitTestResult executionId="8bc31054-be15-4c95-97c9-e1c5e6b90bf7" testId="5978b633-9011-54a2-21cc-a2b29dbbebca" testName="Aula.Tests.Utilities.FollowUpQuestionDetectorTests.IsFollowUpQuestion_WithChildNameAndShortMessage_ReturnsTrue(input: &quot;emma&quot;)" computerName="RHO-DESKTOP" duration="00:00:00.0002585" startTime="2025-06-30T19:20:50.9077476+02:00" endTime="2025-06-30T19:20:50.9077477+02:00" testType="13cdc9d9-ddb5-4fa4-a97d-d965ccfc6d4b" outcome="Passed" testListId="8c84fa94-04c1-424b-9868-57a2d4851a1d" relativeResultsDirectory="8bc31054-be15-4c95-97c9-e1c5e6b90bf7" />
    <UnitTestResult executionId="f837d2bb-18ea-4d43-9ba7-a1fd3bad43a0" testId="5ad91b1e-e6bf-9b68-b95f-00f8f29f8b7a" testName="Aula.Tests.Bots.SlackMessageHandlerTests.HandleMessageAsync_WithValidQuery_ProcessesSuccessfully(queryText: &quot;Hvad skal Emma i dag?&quot;)" computerName="RHO-DESKTOP" duration="00:00:00.6395623" startTime="2025-06-30T19:20:53.0645435+02:00" endTime="2025-06-30T19:20:53.0645439+02:00" testType="13cdc9d9-ddb5-4fa4-a97d-d965ccfc6d4b" outcome="Passed" testListId="8c84fa94-04c1-424b-9868-57a2d4851a1d" relativeResultsDirectory="f837d2bb-18ea-4d43-9ba7-a1fd3bad43a0" />
    <UnitTestResult executionId="c8438ef7-535f-4029-addf-cadc04849e04" testId="5e8b18ba-6a80-fd43-4cb0-8c6bdf8765d5" testName="Aula.Tests.Tools.ReminderCommandHandlerTests.TryHandleReminderCommand_ListReminders_ValidCommands_ReturnsRemindersList(command: &quot;show reminders&quot;, isEnglish: True)" computerName="RHO-DESKTOP" duration="00:00:00.0130631" startTime="2025-06-30T19:20:51.5933851+02:00" endTime="2025-06-30T19:20:51.5933853+02:00" testType="13cdc9d9-ddb5-4fa4-a97d-d965ccfc6d4b" outcome="Passed" testListId="8c84fa94-04c1-424b-9868-57a2d4851a1d" relativeResultsDirectory="c8438ef7-535f-4029-addf-cadc04849e04" />
    <UnitTestResult executionId="ea44aea3-2471-4ac4-9e32-66c24fa0e6b1" testId="752d40b4-ceac-535b-c245-39fed899e450" testName="Aula.Tests.Utilities.IntentAnalysisPromptsTests.ToolExamples_ContainsRequiredKeys(key: &quot;CREATE_REMINDER_DANISH&quot;)" computerName="RHO-DESKTOP" duration="00:00:00.0060199" startTime="2025-06-30T19:20:51.4153658+02:00" endTime="2025-06-30T19:20:51.4153660+02:00" testType="13cdc9d9-ddb5-4fa4-a97d-d965ccfc6d4b" outcome="Passed" testListId="8c84fa94-04c1-424b-9868-57a2d4851a1d" relativeResultsDirectory="ea44aea3-2471-4ac4-9e32-66c24fa0e6b1" />
    <UnitTestResult executionId="e9a9fa64-777c-4e55-8710-404f0bc24fc3" testId="a05ddd0e-e3f2-fb31-c2fd-f1f3b4b30fc1" testName="Aula.Tests.Utilities.FollowUpQuestionDetectorTests.IsFollowUpQuestion_LogsCorrectlyForShortMessage" computerName="RHO-DESKTOP" duration="00:00:00.0274397" startTime="2025-06-30T19:20:50.9426759+02:00" endTime="2025-06-30T19:20:50.9426762+02:00" testType="13cdc9d9-ddb5-4fa4-a97d-d965ccfc6d4b" outcome="Passed" testListId="8c84fa94-04c1-424b-9868-57a2d4851a1d" relativeResultsDirectory="e9a9fa64-777c-4e55-8710-404f0bc24fc3" />
    <UnitTestResult executionId="5b9e955b-2a7b-4a0d-a918-5dea7af2b6e4" testId="dd05b666-876a-55fb-e7fc-780febc2a53a" testName="Aula.Tests.Configuration.ConfigurationTests.Features_ConversationCacheExpiration_ValidationTests(minutes: 60, isValid: True)" computerName="RHO-DESKTOP" duration="00:00:00.0054409" startTime="2025-06-30T19:20:51.6508072+02:00" endTime="2025-06-30T19:20:51.6508073+02:00" testType="13cdc9d9-ddb5-4fa4-a97d-d965ccfc6d4b" outcome="Passed" testListId="8c84fa94-04c1-424b-9868-57a2d4851a1d" relativeResultsDirectory="5b9e955b-2a7b-4a0d-a918-5dea7af2b6e4" />
    <UnitTestResult executionId="d9eb60c1-9945-444c-a400-6cb146c84905" testId="ab3aafbd-fe25-4a7f-3bda-69e06a94b6ee" testName="Aula.Tests.Bots.SlackMessageHandlerTests.HandleMessageAsync_WithException_LogsErrorAndReturnsFalse" computerName="RHO-DESKTOP" duration="00:00:00.2257965" startTime="2025-06-30T19:20:55.4288103+02:00" endTime="2025-06-30T19:20:55.4288104+02:00" testType="13cdc9d9-ddb5-4fa4-a97d-d965ccfc6d4b" outcome="Failed" testListId="8c84fa94-04c1-424b-9868-57a2d4851a1d" relativeResultsDirectory="d9eb60c1-9945-444c-a400-6cb146c84905">
      <Output>
        <ErrorInfo>
          <Message>Assert.False() Failure
Expected: False
Actual:   True</Message>
          <StackTrace>   at Aula.Tests.Bots.SlackMessageHandlerTests.HandleMessageAsync_WithException_LogsErrorAndReturnsFalse() in /mnt/d/git/aula/src/Aula.Tests/Bots/SlackMessageHandlerTests.cs:line 326
--- End of stack trace from previous location ---</StackTrace>
        </ErrorInfo>
      </Output>
    </UnitTestResult>
    <UnitTestResult executionId="6ffdc410-2c48-4d14-bb50-5dd7aeb58867" testId="8058c27b-1352-027a-d929-43b2879c423e" testName="Aula.Tests.Services.DataModelTests.PostedLetter_ContentHash_CanDetectChanges" computerName="RHO-DESKTOP" duration="00:00:00.0113256" startTime="2025-06-30T19:20:50.8710260+02:00" endTime="2025-06-30T19:20:50.8710261+02:00" testType="13cdc9d9-ddb5-4fa4-a97d-d965ccfc6d4b" outcome="Passed" testListId="8c84fa94-04c1-424b-9868-57a2d4851a1d" relativeResultsDirectory="6ffdc410-2c48-4d14-bb50-5dd7aeb58867" />
    <UnitTestResult executionId="1fcbcf2f-d500-467f-a320-96fa943d6067" testId="9f3a0fc9-3eea-97c3-5cc5-d99512257356" testName="Aula.Tests.Channels.SlackBotTests.PostWeekLetter_WithEmptyWeekLetter_HandlesGracefully" computerName="RHO-DESKTOP" duration="00:00:00.0006075" startTime="2025-06-30T19:20:51.6211790+02:00" endTime="2025-06-30T19:20:51.6211791+02:00" testType="13cdc9d9-ddb5-4fa4-a97d-d965ccfc6d4b" outcome="Passed" testListId="8c84fa94-04c1-424b-9868-57a2d4851a1d" relativeResultsDirectory="1fcbcf2f-d500-467f-a320-96fa943d6067" />
    <UnitTestResult executionId="62327d4d-d9bf-4204-8abe-7c14ef089b52" testId="38d2c1cf-74ca-44cc-3664-3d658cbc699d" testName="Aula.Tests.Bots.SlackMessageHandlerTests.HandleMessageAsync_WithReminderCommand_ProcessesMessage(reminderCommand: &quot;vis påmindelser&quot;)" computerName="RHO-DESKTOP" duration="00:00:00.2248715" startTime="2025-06-30T19:20:54.7502555+02:00" endTime="2025-06-30T19:20:54.7502561+02:00" testType="13cdc9d9-ddb5-4fa4-a97d-d965ccfc6d4b" outcome="Passed" testListId="8c84fa94-04c1-424b-9868-57a2d4851a1d" relativeResultsDirectory="62327d4d-d9bf-4204-8abe-7c14ef089b52" />
    <UnitTestResult executionId="e54bb543-5ed4-4caf-bd64-d2aa983a9bc5" testId="acb6cd45-54f0-d858-050f-39c07ff6b496" testName="Aula.Tests.Tools.ReminderCommandHandlerTests.TryHandleReminderCommand_NonReminderCommands_ReturnsFalse(command: &quot;   &quot;)" computerName="RHO-DESKTOP" duration="00:00:00.0001008" startTime="2025-06-30T19:20:51.5578626+02:00" endTime="2025-06-30T19:20:51.5578628+02:00" testType="13cdc9d9-ddb5-4fa4-a97d-d965ccfc6d4b" outcome="Passed" testListId="8c84fa94-04c1-424b-9868-57a2d4851a1d" relativeResultsDirectory="e54bb543-5ed4-4caf-bd64-d2aa983a9bc5" />
    <UnitTestResult executionId="db7a9700-6727-4f79-9001-f8b8f9576a51" testId="0a70d6fd-d740-a74a-169e-d35621818982" testName="Aula.Tests.Configuration.ConfigurationTests.Timers_AdaptivePollingLimits_ValidationTests(minSeconds: 30, maxSeconds: 5, isValid: False)" computerName="RHO-DESKTOP" duration="00:00:00.0289492" startTime="2025-06-30T19:20:51.6458754+02:00" endTime="2025-06-30T19:20:51.6458755+02:00" testType="13cdc9d9-ddb5-4fa4-a97d-d965ccfc6d4b" outcome="Passed" testListId="8c84fa94-04c1-424b-9868-57a2d4851a1d" relativeResultsDirectory="db7a9700-6727-4f79-9001-f8b8f9576a51" />
    <UnitTestResult executionId="6cf152e1-de2d-4bc5-8540-5925efb441cf" testId="341040bb-ced9-d1d7-7226-192f7cf8fcdc" testName="Aula.Tests.Utilities.ReminderExtractionPromptsTests.GetExtractionPrompt_CalculatesDanishRelativeTimesCorrectly" computerName="RHO-DESKTOP" duration="00:00:00.0051488" startTime="2025-06-30T19:20:51.4496310+02:00" endTime="2025-06-30T19:20:51.4496311+02:00" testType="13cdc9d9-ddb5-4fa4-a97d-d965ccfc6d4b" outcome="Passed" testListId="8c84fa94-04c1-424b-9868-57a2d4851a1d" relativeResultsDirectory="6cf152e1-de2d-4bc5-8540-5925efb441cf" />
    <UnitTestResult executionId="e1127ee7-d733-4c7d-a255-d48ce541a258" testId="4d32377c-3003-92bb-8a9b-867e419dcb6a" testName="Aula.Tests.Utilities.ReminderExtractionPromptsTests.GetExtractionPrompt_WithVariousCurrentTimes_CalculatesRelativeDatesCorrectly(currentTimeStr: &quot;2025-01-01 00:00:00&quot;)" computerName="RHO-DESKTOP" duration="00:00:00.0256183" startTime="2025-06-30T19:20:51.3570850+02:00" endTime="2025-06-30T19:20:51.3570851+02:00" testType="13cdc9d9-ddb5-4fa4-a97d-d965ccfc6d4b" outcome="Passed" testListId="8c84fa94-04c1-424b-9868-57a2d4851a1d" relativeResultsDirectory="e1127ee7-d733-4c7d-a255-d48ce541a258" />
    <UnitTestResult executionId="4d66b255-7dc8-4ba4-8d3d-611c36cec374" testId="efffcfd3-8ae4-cc7b-929a-37f206ad1981" testName="Aula.Tests.Scheduling.SchedulingServiceIntegrationTests.Constructor_WithNullTelegramBot_AllowsNull" computerName="RHO-DESKTOP" duration="00:00:00.0005944" startTime="2025-06-30T19:20:51.0391406+02:00" endTime="2025-06-30T19:20:51.0391408+02:00" testType="13cdc9d9-ddb5-4fa4-a97d-d965ccfc6d4b" outcome="Passed" testListId="8c84fa94-04c1-424b-9868-57a2d4851a1d" relativeResultsDirectory="4d66b255-7dc8-4ba4-8d3d-611c36cec374" />
    <UnitTestResult executionId="8445005e-cc25-438b-947c-d47a4886ff74" testId="261e6035-42f7-283f-e93e-b518a8a74310" testName="Aula.Tests.Configuration.ConfigurationTests.Telegram_Token_ValidationTests(token: &quot;123456789:AABBCCDDEEFFGGHHTest&quot;, isValidFormat: True)" computerName="RHO-DESKTOP" duration="00:00:00.0200771" startTime="2025-06-30T19:20:51.6916686+02:00" endTime="2025-06-30T19:20:51.6916687+02:00" testType="13cdc9d9-ddb5-4fa4-a97d-d965ccfc6d4b" outcome="Passed" testListId="8c84fa94-04c1-424b-9868-57a2d4851a1d" relativeResultsDirectory="8445005e-cc25-438b-947c-d47a4886ff74" />
    <UnitTestResult executionId="e6ee510b-4eab-422b-a4c0-0c4436f9113e" testId="ab120f5f-70c1-1c2c-37fe-0285fb96cb1f" testName="Aula.Tests.Services.DataServiceTests.GetWeekSchedule_ReturnsNull_WhenNotInCache" computerName="RHO-DESKTOP" duration="00:00:00.0813194" startTime="2025-06-30T19:20:51.2574643+02:00" endTime="2025-06-30T19:20:51.2574645+02:00" testType="13cdc9d9-ddb5-4fa4-a97d-d965ccfc6d4b" outcome="Passed" testListId="8c84fa94-04c1-424b-9868-57a2d4851a1d" relativeResultsDirectory="e6ee510b-4eab-422b-a4c0-0c4436f9113e" />
    <UnitTestResult executionId="5d05fce8-0249-438e-afb1-51347f3bc3ad" testId="d6143222-8a1b-29ba-ebfb-222b6c27b152" testName="Aula.Tests.Utilities.JsonFormatterTests.Prettify_WithMalformedJson_ThrowsJsonException" computerName="RHO-DESKTOP" duration="00:00:00.0022031" startTime="2025-06-30T19:20:51.5018897+02:00" endTime="2025-06-30T19:20:51.5018898+02:00" testType="13cdc9d9-ddb5-4fa4-a97d-d965ccfc6d4b" outcome="Passed" testListId="8c84fa94-04c1-424b-9868-57a2d4851a1d" relativeResultsDirectory="5d05fce8-0249-438e-afb1-51347f3bc3ad" />
    <UnitTestResult executionId="3f4a0bf1-2326-4ea5-88b4-484b180f227f" testId="a05419bf-665b-85cf-3ea6-25bb6d01dbe8" testName="Aula.Tests.Bots.TelegramMessageHandlerTests.HandleMessageAsync_WithReminderCommand_ProcessesMessage(reminderCommand: &quot;tilføj påmindelse&quot;)" computerName="RHO-DESKTOP" duration="00:00:00.0003483" startTime="2025-06-30T19:20:51.2856827+02:00" endTime="2025-06-30T19:20:51.2856829+02:00" testType="13cdc9d9-ddb5-4fa4-a97d-d965ccfc6d4b" outcome="Failed" testListId="8c84fa94-04c1-424b-9868-57a2d4851a1d" relativeResultsDirectory="3f4a0bf1-2326-4ea5-88b4-484b180f227f">
      <Output>
        <ErrorInfo>
          <Message>System.NotSupportedException : Unsupported expression: u =&gt; u.Id&#xD;
Non-overridable members (here: User.get_Id) may not be used in setup / verification expressions.</Message>
          <StackTrace>   at Moq.Guard.IsOverridable(MethodInfo method, Expression expression) in /_/src/Moq/Guard.cs:line 99
   at Moq.MethodExpectation..ctor(LambdaExpression expression, MethodInfo method, IReadOnlyList`1 arguments, Boolean exactGenericTypeArguments, Boolean skipMatcherInitialization, Boolean allowNonOverridable) in /_/src/Moq/MethodExpectation.cs:line 87
   at Moq.ExpressionExtensions.&lt;Split&gt;g__Split|5_0(Expression e, Expression&amp; r, MethodExpectation&amp; p, Boolean assignment, Boolean allowNonOverridableLastProperty) in /_/src/Moq/ExpressionExtensions.cs:line 326
   at Moq.ExpressionExtensions.Split(LambdaExpression expression, Boolean allowNonOverridableLastProperty) in /_/src/Moq/ExpressionExtensions.cs:line 149
   at Moq.Mock.SetupRecursive[TSetup](Mock mock, LambdaExpression expression, Func`4 setupLast, Boolean allowNonOverridableLastProperty) in /_/src/Moq/Mock.cs:line 645
   at Moq.Mock.Setup(Mock mock, LambdaExpression expression, Condition condition) in /_/src/Moq/Mock.cs:line 500
   at Moq.Mock.SetupGet(Mock mock, LambdaExpression expression, Condition condition) in /_/src/Moq/Mock.cs:line 518
   at Moq.Mock`1.SetupGet[TProperty](Expression`1 expression) in /_/src/Moq/Mock`1.cs:line 473
   at Aula.Tests.Bots.TelegramTestMessageFactory.CreateTextMessage(Int64 chatId, String text, ChatType chatType, Int32 messageId, String firstName, String username) in /mnt/d/git/aula/src/Aula.Tests/Bots/TelegramTestMessageFactory.cs:line 18
   at Aula.Tests.Bots.TelegramMessageHandlerTests.HandleMessageAsync_WithReminderCommand_ProcessesMessage(String reminderCommand) in /mnt/d/git/aula/src/Aula.Tests/Bots/TelegramMessageHandlerTests.cs:line 299
--- End of stack trace from previous location ---</StackTrace>
        </ErrorInfo>
      </Output>
    </UnitTestResult>
    <UnitTestResult executionId="d2aeef51-2843-4dc2-a9fd-d1ccb017ff6b" testId="f373b350-fc52-4fbc-ec82-56bf220e0771" testName="Aula.Tests.Tools.ReminderCommandHandlerTests.TryHandleReminderCommand_AddReminder_ValidFormats_ReturnsSuccess(command: &quot;remind me tomorrow at 8:00 that TestChild1 has Haver til&quot;···, isEnglish: True, expectedChildName: &quot;TestChild1 Jensen&quot;)" computerName="RHO-DESKTOP" duration="00:00:00.0029235" startTime="2025-06-30T19:20:51.5261087+02:00" endTime="2025-06-30T19:20:51.5261088+02:00" testType="13cdc9d9-ddb5-4fa4-a97d-d965ccfc6d4b" outcome="Passed" testListId="8c84fa94-04c1-424b-9868-57a2d4851a1d" relativeResultsDirectory="d2aeef51-2843-4dc2-a9fd-d1ccb017ff6b" />
    <UnitTestResult executionId="89b18865-2a7b-4991-9f44-1f1f291d8630" testId="8d316203-7ae4-8ab6-6acc-77bb5420b18a" testName="Aula.Tests.Services.OpenAiServiceIntegrationTests.AskQuestionAboutChildrenAsync_WithValidParameters_CallsApiWithCorrectParameters" computerName="RHO-DESKTOP" duration="00:00:00.0028750" startTime="2025-06-30T19:20:51.1995104+02:00" endTime="2025-06-30T19:20:51.1995106+02:00" testType="13cdc9d9-ddb5-4fa4-a97d-d965ccfc6d4b" outcome="Failed" testListId="8c84fa94-04c1-424b-9868-57a2d4851a1d" relativeResultsDirectory="89b18865-2a7b-4991-9f44-1f1f291d8630">
      <Output>
        <ErrorInfo>
          <Message>System.ArgumentException : Can not instantiate proxy of class: Aula.Tools.AiToolsManager.
Could not find a parameterless constructor. (Parameter 'constructorArguments')
---- System.MissingMethodException : Constructor on type 'Castle.Proxies.AiToolsManagerProxy' not found.</Message>
          <StackTrace>   at Castle.DynamicProxy.ProxyGenerator.CreateClassProxyInstance(Type proxyType, List`1 proxyArguments, Type classToProxy, Object[] constructorArguments)
   at Castle.DynamicProxy.ProxyGenerator.CreateClassProxy(Type classToProxy, Type[] additionalInterfacesToProxy, ProxyGenerationOptions options, Object[] constructorArguments, IInterceptor[] interceptors)
   at Moq.CastleProxyFactory.CreateProxy(Type mockType, IInterceptor interceptor, Type[] interfaces, Object[] arguments) in /_/src/Moq/Interception/CastleProxyFactory.cs:line 62
   at Moq.Mock`1.InitializeInstance() in /_/src/Moq/Mock`1.cs:line 309
   at Moq.Mock`1.OnGetObject() in /_/src/Moq/Mock`1.cs:line 323
   at Moq.Mock.get_Object() in /_/src/Moq/Mock.cs:line 181
   at Moq.Mock`1.get_Object() in /_/src/Moq/Mock`1.cs:line 281
   at Aula.Tests.Services.OpenAiServiceIntegrationTests.AskQuestionAboutChildrenAsync_WithValidParameters_CallsApiWithCorrectParameters() in /mnt/d/git/aula/src/Aula.Tests/Services/OpenAiServiceIntegrationTests.cs:line 269
--- End of stack trace from previous location ---
----- Inner Stack Trace -----
   at System.RuntimeType.CreateInstanceImpl(BindingFlags bindingAttr, Binder binder, Object[] args, CultureInfo culture)
   at Castle.DynamicProxy.ProxyGenerator.CreateClassProxyInstance(Type proxyType, List`1 proxyArguments, Type classToProxy, Object[] constructorArguments)</StackTrace>
        </ErrorInfo>
      </Output>
    </UnitTestResult>
    <UnitTestResult executionId="728316bf-d931-457c-b3d3-b9997d658d6f" testId="348072bd-5799-593b-9354-a4cea37de12a" testName="Aula.Tests.Bots.SlackMessageHandlerTests.HandleMessageAsync_WithValidQuery_ProcessesSuccessfully(queryText: &quot;Vis ugeplanen&quot;)" computerName="RHO-DESKTOP" duration="00:00:00.4079514" startTime="2025-06-30T19:20:52.4240414+02:00" endTime="2025-06-30T19:20:52.4240415+02:00" testType="13cdc9d9-ddb5-4fa4-a97d-d965ccfc6d4b" outcome="Passed" testListId="8c84fa94-04c1-424b-9868-57a2d4851a1d" relativeResultsDirectory="728316bf-d931-457c-b3d3-b9997d658d6f" />
    <UnitTestResult executionId="732a7a03-71f6-4a54-8e9e-98726709da37" testId="016d303d-5ae2-6e55-e6bf-2008da910e62" testName="Aula.Tests.Configuration.ConfigurationTests.Telegram_Token_ValidationTests(token: &quot;123456789&quot;, isValidFormat: False)" computerName="RHO-DESKTOP" duration="00:00:00.0224457" startTime="2025-06-30T19:20:51.7002381+02:00" endTime="2025-06-30T19:20:51.7002383+02:00" testType="13cdc9d9-ddb5-4fa4-a97d-d965ccfc6d4b" outcome="Passed" testListId="8c84fa94-04c1-424b-9868-57a2d4851a1d" relativeResultsDirectory="732a7a03-71f6-4a54-8e9e-98726709da37" />
    <UnitTestResult executionId="e1e600a7-b685-47e3-9d9c-f6a906ac1303" testId="ab9c2247-9b07-41d9-d47e-aa4942797b13" testName="Aula.Tests.Configuration.ConfigurationTests.Telegram_Token_ValidationTests(token: &quot;123456789:AABBCCDDEEFFGG&quot;, isValidFormat: True)" computerName="RHO-DESKTOP" duration="00:00:00.0067133" startTime="2025-06-30T19:20:51.7140939+02:00" endTime="2025-06-30T19:20:51.7140941+02:00" testType="13cdc9d9-ddb5-4fa4-a97d-d965ccfc6d4b" outcome="Passed" testListId="8c84fa94-04c1-424b-9868-57a2d4851a1d" relativeResultsDirectory="e1e600a7-b685-47e3-9d9c-f6a906ac1303" />
    <UnitTestResult executionId="f07c1fc7-2228-4f6a-b7c3-4db49a65deff" testId="eaeadf06-6f78-ef66-9240-54edcfcfb42c" testName="Aula.Tests.Utilities.WeekLetterContentExtractorTests.ExtractContent_WithMissingUgebreve_ReturnsEmptyString" computerName="RHO-DESKTOP" duration="00:00:00.0001395" startTime="2025-06-30T19:20:50.9433068+02:00" endTime="2025-06-30T19:20:50.9433070+02:00" testType="13cdc9d9-ddb5-4fa4-a97d-d965ccfc6d4b" outcome="Passed" testListId="8c84fa94-04c1-424b-9868-57a2d4851a1d" relativeResultsDirectory="f07c1fc7-2228-4f6a-b7c3-4db49a65deff" />
    <UnitTestResult executionId="27c70e95-396a-4047-9f57-cdd24c3fa84a" testId="d141c1f4-2ff8-7341-a2af-364fb6299829" testName="Aula.Tests.Utilities.JsonFormatterTests.Prettify_WithIncompleteJson_ThrowsException(incompleteJson: &quot;{\&quot;incomplete\&quot;:&quot;)" computerName="RHO-DESKTOP" duration="00:00:00.0012428" startTime="2025-06-30T19:20:51.4873660+02:00" endTime="2025-06-30T19:20:51.4873661+02:00" testType="13cdc9d9-ddb5-4fa4-a97d-d965ccfc6d4b" outcome="Passed" testListId="8c84fa94-04c1-424b-9868-57a2d4851a1d" relativeResultsDirectory="27c70e95-396a-4047-9f57-cdd24c3fa84a" />
    <UnitTestResult executionId="7c6fd155-9b74-4ab3-a155-c92648d5f890" testId="bdc09174-9d70-e652-ba81-c9f592504617" testName="Aula.Tests.Utilities.DateTimeUtilitiesTests.GetDanishDayName_ValidDayOfWeek_ReturnsCorrectDanishName(dayOfWeek: Saturday, expectedDanishName: &quot;lørdag&quot;)" computerName="RHO-DESKTOP" duration="00:00:00.0003541" startTime="2025-06-30T19:20:51.3110267+02:00" endTime="2025-06-30T19:20:51.3110270+02:00" testType="13cdc9d9-ddb5-4fa4-a97d-d965ccfc6d4b" outcome="Passed" testListId="8c84fa94-04c1-424b-9868-57a2d4851a1d" relativeResultsDirectory="7c6fd155-9b74-4ab3-a155-c92648d5f890" />
    <UnitTestResult executionId="a08af1f3-3102-47d8-85ad-99ad15b6a625" testId="ba20835b-067e-5539-8e44-8baf83c19e41" testName="Aula.Tests.Utilities.FollowUpQuestionDetectorTests.IsFollowUpQuestion_WithChildNameAndTimeReference_ReturnsFalse(input: &quot;Liam tomorrow&quot;)" computerName="RHO-DESKTOP" duration="00:00:00.0002223" startTime="2025-06-30T19:20:50.9521210+02:00" endTime="2025-06-30T19:20:50.9521212+02:00" testType="13cdc9d9-ddb5-4fa4-a97d-d965ccfc6d4b" outcome="Passed" testListId="8c84fa94-04c1-424b-9868-57a2d4851a1d" relativeResultsDirectory="a08af1f3-3102-47d8-85ad-99ad15b6a625" />
    <UnitTestResult executionId="1a3c0ac0-dd5c-4cf0-a3da-2efff7850925" testId="cf3ffd15-e77d-0064-8da1-70abe47d1342" testName="Aula.Tests.Utilities.FollowUpQuestionDetectorTests.IsFollowUpQuestion_WithEmptyChildrenList_HandlesSafely" computerName="RHO-DESKTOP" duration="00:00:00.0003876" startTime="2025-06-30T19:20:50.9039543+02:00" endTime="2025-06-30T19:20:50.9039544+02:00" testType="13cdc9d9-ddb5-4fa4-a97d-d965ccfc6d4b" outcome="Passed" testListId="8c84fa94-04c1-424b-9868-57a2d4851a1d" relativeResultsDirectory="1a3c0ac0-dd5c-4cf0-a3da-2efff7850925" />
    <UnitTestResult executionId="b016b93a-4f39-4776-9f82-ddd83d86d133" testId="ecf7f37a-1b96-2a28-2d44-fb1c19988638" testName="Aula.Tests.Utilities.WeekLetterContentExtractorTests.ExtractContent_WithNullIndhold_ReturnsEmptyString" computerName="RHO-DESKTOP" duration="00:00:00.0001392" startTime="2025-06-30T19:20:50.9439516+02:00" endTime="2025-06-30T19:20:50.9439518+02:00" testType="13cdc9d9-ddb5-4fa4-a97d-d965ccfc6d4b" outcome="Passed" testListId="8c84fa94-04c1-424b-9868-57a2d4851a1d" relativeResultsDirectory="b016b93a-4f39-4776-9f82-ddd83d86d133" />
    <UnitTestResult executionId="25a1a52e-6060-471b-8288-1cce7aedc175" testId="112c074c-c91e-2a6e-3358-6a9304c63b95" testName="Aula.Tests.Services.OpenAiServiceIntegrationTests.AskQuestionAboutWeekLetterAsync_WithNullWeekLetter_ThrowsArgumentNullException(chatInterface: Slack)" computerName="RHO-DESKTOP" duration="00:00:00.0032282" startTime="2025-06-30T19:20:51.1272581+02:00" endTime="2025-06-30T19:20:51.1272583+02:00" testType="13cdc9d9-ddb5-4fa4-a97d-d965ccfc6d4b" outcome="Failed" testListId="8c84fa94-04c1-424b-9868-57a2d4851a1d" relativeResultsDirectory="25a1a52e-6060-471b-8288-1cce7aedc175">
      <Output>
        <ErrorInfo>
          <Message>System.ArgumentException : Can not instantiate proxy of class: Aula.Tools.AiToolsManager.
Could not find a parameterless constructor. (Parameter 'constructorArguments')
---- System.MissingMethodException : Constructor on type 'Castle.Proxies.AiToolsManagerProxy' not found.</Message>
          <StackTrace>   at Castle.DynamicProxy.ProxyGenerator.CreateClassProxyInstance(Type proxyType, List`1 proxyArguments, Type classToProxy, Object[] constructorArguments)
   at Castle.DynamicProxy.ProxyGenerator.CreateClassProxy(Type classToProxy, Type[] additionalInterfacesToProxy, ProxyGenerationOptions options, Object[] constructorArguments, IInterceptor[] interceptors)
   at Moq.CastleProxyFactory.CreateProxy(Type mockType, IInterceptor interceptor, Type[] interfaces, Object[] arguments) in /_/src/Moq/Interception/CastleProxyFactory.cs:line 62
   at Moq.Mock`1.InitializeInstance() in /_/src/Moq/Mock`1.cs:line 309
   at Moq.Mock`1.OnGetObject() in /_/src/Moq/Mock`1.cs:line 323
   at Moq.Mock.get_Object() in /_/src/Moq/Mock.cs:line 181
   at Moq.Mock`1.get_Object() in /_/src/Moq/Mock`1.cs:line 281
   at Aula.Tests.Services.OpenAiServiceIntegrationTests.AskQuestionAboutWeekLetterAsync_WithNullWeekLetter_ThrowsArgumentNullException(ChatInterface chatInterface) in /mnt/d/git/aula/src/Aula.Tests/Services/OpenAiServiceIntegrationTests.cs:line 119
--- End of stack trace from previous location ---
----- Inner Stack Trace -----
   at System.RuntimeType.CreateInstanceImpl(BindingFlags bindingAttr, Binder binder, Object[] args, CultureInfo culture)
   at Castle.DynamicProxy.ProxyGenerator.CreateClassProxyInstance(Type proxyType, List`1 proxyArguments, Type classToProxy, Object[] constructorArguments)</StackTrace>
        </ErrorInfo>
      </Output>
    </UnitTestResult>
    <UnitTestResult executionId="bc6ecf3a-deae-4920-bca7-4ef3d26c179d" testId="4ea1f036-59f8-5cad-3b0c-625068ad78db" testName="Aula.Tests.Utilities.FollowUpQuestionDetectorTests.IsFollowUpQuestion_WithShortFollowUps_ReturnsTrue(input: &quot;short?&quot;)" computerName="RHO-DESKTOP" duration="00:00:00.0000371" startTime="2025-06-30T19:20:50.9072661+02:00" endTime="2025-06-30T19:20:50.9072662+02:00" testType="13cdc9d9-ddb5-4fa4-a97d-d965ccfc6d4b" outcome="Passed" testListId="8c84fa94-04c1-424b-9868-57a2d4851a1d" relativeResultsDirectory="bc6ecf3a-deae-4920-bca7-4ef3d26c179d" />
    <UnitTestResult executionId="f6e72a9c-bb55-4bd4-81a1-a15b6a0ae343" testId="149e1688-e5dc-ebf7-54b0-eb7d782e0a3d" testName="Aula.Tests.Configuration.ConfigurationTests.Slack_ChannelId_ValidationTests(channelId: &quot;C1234567890&quot;, isValid: True)" computerName="RHO-DESKTOP" duration="00:00:00.0039163" startTime="2025-06-30T19:20:51.8485839+02:00" endTime="2025-06-30T19:20:51.8485840+02:00" testType="13cdc9d9-ddb5-4fa4-a97d-d965ccfc6d4b" outcome="Passed" testListId="8c84fa94-04c1-424b-9868-57a2d4851a1d" relativeResultsDirectory="f6e72a9c-bb55-4bd4-81a1-a15b6a0ae343" />
    <UnitTestResult executionId="8d7b4e85-fada-4c3d-a288-4142f6f9af38" testId="ee37d42d-7676-d60e-f83a-c40bddb185e0" testName="Aula.Tests.Utilities.DateTimeUtilitiesTests.GetDanishDayName_AllValidDaysOfWeek_ReturnsNonEmptyString(dayOfWeek: Monday)" computerName="RHO-DESKTOP" duration="00:00:00.0000148" startTime="2025-06-30T19:20:51.3226282+02:00" endTime="2025-06-30T19:20:51.3226283+02:00" testType="13cdc9d9-ddb5-4fa4-a97d-d965ccfc6d4b" outcome="Passed" testListId="8c84fa94-04c1-424b-9868-57a2d4851a1d" relativeResultsDirectory="8d7b4e85-fada-4c3d-a288-4142f6f9af38" />
    <UnitTestResult executionId="4aeec2da-c793-486b-b8cb-60ab6cd9bc7d" testId="20824924-0d17-ff1e-4d7b-1e65a0dd7f7d" testName="Aula.Tests.Configuration.ConfigurationTests.Features_ConversationCacheExpiration_ValidationTests(minutes: 30, isValid: True)" computerName="RHO-DESKTOP" duration="00:00:00.0116496" startTime="2025-06-30T19:20:51.6493333+02:00" endTime="2025-06-30T19:20:51.6493335+02:00" testType="13cdc9d9-ddb5-4fa4-a97d-d965ccfc6d4b" outcome="Passed" testListId="8c84fa94-04c1-424b-9868-57a2d4851a1d" relativeResultsDirectory="4aeec2da-c793-486b-b8cb-60ab6cd9bc7d" />
    <UnitTestResult executionId="895a04cd-b712-46dd-ad07-5962e7f748c9" testId="85d0bba0-b6e6-710e-0b38-be2340b6cfc9" testName="Aula.Tests.Configuration.ConfigurationTests.Features_ConversationCacheExpiration_ValidationTests(minutes: 0, isValid: False)" computerName="RHO-DESKTOP" duration="00:00:00.0101093" startTime="2025-06-30T19:20:51.6723707+02:00" endTime="2025-06-30T19:20:51.6723708+02:00" testType="13cdc9d9-ddb5-4fa4-a97d-d965ccfc6d4b" outcome="Passed" testListId="8c84fa94-04c1-424b-9868-57a2d4851a1d" relativeResultsDirectory="895a04cd-b712-46dd-ad07-5962e7f748c9" />
    <UnitTestResult executionId="00bfc9db-9a2f-4fcf-9e9d-2cc70c08c689" testId="47018a2b-c5b5-f700-6399-75af9808bb33" testName="Aula.Tests.Tools.ReminderCommandHandlerTests.TryHandleReminderCommand_DeleteReminder_ValidCommands_ReturnsSuccess(command: &quot;delete reminder 1&quot;, isEnglish: True, expectedId: 1)" computerName="RHO-DESKTOP" duration="00:00:00.0014353" startTime="2025-06-30T19:20:51.5362870+02:00" endTime="2025-06-30T19:20:51.5362871+02:00" testType="13cdc9d9-ddb5-4fa4-a97d-d965ccfc6d4b" outcome="Passed" testListId="8c84fa94-04c1-424b-9868-57a2d4851a1d" relativeResultsDirectory="00bfc9db-9a2f-4fcf-9e9d-2cc70c08c689" />
    <UnitTestResult executionId="fd3cbdf2-4502-49eb-a8dd-d664e21762e9" testId="ca4a7c7d-ea0c-9793-dbdd-ecdb86ee62d2" testName="Aula.Tests.Services.DataServiceTests.CacheWeekSchedule_StoresDataInCache" computerName="RHO-DESKTOP" duration="00:00:00.0032263" startTime="2025-06-30T19:20:51.2746059+02:00" endTime="2025-06-30T19:20:51.2746061+02:00" testType="13cdc9d9-ddb5-4fa4-a97d-d965ccfc6d4b" outcome="Passed" testListId="8c84fa94-04c1-424b-9868-57a2d4851a1d" relativeResultsDirectory="fd3cbdf2-4502-49eb-a8dd-d664e21762e9" />
    <UnitTestResult executionId="ccffe8c3-c13f-4052-ae3e-df37f08d2ee4" testId="121eb464-baa2-cb91-a1cb-d692cf64f7c5" testName="Aula.Tests.Utilities.Html2SlackMarkdownConverterTests.Convert_WithUnicodeContent_PreservesEncoding" computerName="RHO-DESKTOP" duration="00:00:00.0010258" startTime="2025-06-30T19:20:51.5626594+02:00" endTime="2025-06-30T19:20:51.5626595+02:00" testType="13cdc9d9-ddb5-4fa4-a97d-d965ccfc6d4b" outcome="Passed" testListId="8c84fa94-04c1-424b-9868-57a2d4851a1d" relativeResultsDirectory="ccffe8c3-c13f-4052-ae3e-df37f08d2ee4" />
    <UnitTestResult executionId="6e86dc5d-7f22-4622-8faf-af28ed2a7bf1" testId="2c3c35ba-d19e-e494-0ed2-32abdacfd200" testName="Aula.Tests.Utilities.DateTimeUtilitiesTests.GetDanishDayName_AllValidDaysOfWeek_ReturnsNonEmptyString(dayOfWeek: Sunday)" computerName="RHO-DESKTOP" duration="00:00:00.0000440" startTime="2025-06-30T19:20:51.3353363+02:00" endTime="2025-06-30T19:20:51.3353364+02:00" testType="13cdc9d9-ddb5-4fa4-a97d-d965ccfc6d4b" outcome="Passed" testListId="8c84fa94-04c1-424b-9868-57a2d4851a1d" relativeResultsDirectory="6e86dc5d-7f22-4622-8faf-af28ed2a7bf1" />
    <UnitTestResult executionId="e88d975c-c70a-4ada-a824-bc4cac6c3576" testId="9835e47b-ec22-5506-aeb5-974d4515aa48" testName="Aula.Tests.Bots.SlackMessageHandlerTests.HandleMessageAsync_WithNullChannel_ReturnsFalse" computerName="RHO-DESKTOP" duration="00:00:00.0010458" startTime="2025-06-30T19:20:51.0900379+02:00" endTime="2025-06-30T19:20:51.0900380+02:00" testType="13cdc9d9-ddb5-4fa4-a97d-d965ccfc6d4b" outcome="Passed" testListId="8c84fa94-04c1-424b-9868-57a2d4851a1d" relativeResultsDirectory="e88d975c-c70a-4ada-a824-bc4cac6c3576" />
    <UnitTestResult executionId="4696d393-7e0e-4d9f-8055-77ea20e4c87d" testId="8411a163-fe22-681b-f5c6-7310c560d29a" testName="Aula.Tests.Channels.SlackBotTests.PostWeekLetter_WithVariousChildNames_HandlesCorrectly(firstName: &quot;TestChild2&quot;)" computerName="RHO-DESKTOP" duration="00:00:00.0008713" startTime="2025-06-30T19:20:51.5873867+02:00" endTime="2025-06-30T19:20:51.5873869+02:00" testType="13cdc9d9-ddb5-4fa4-a97d-d965ccfc6d4b" outcome="Passed" testListId="8c84fa94-04c1-424b-9868-57a2d4851a1d" relativeResultsDirectory="4696d393-7e0e-4d9f-8055-77ea20e4c87d" />
    <UnitTestResult executionId="9c31434b-2c34-40a5-9979-0197c4736743" testId="4ee66f1f-2049-9f7f-57aa-b27bb388f963" testName="Aula.Tests.Tools.ReminderCommandHandlerTests.TryHandleReminderCommand_AddReminder_ValidFormats_ReturnsSuccess(command: &quot;husk mig i morgen kl 8:00 at TestChild1 har Haver til ma&quot;···, isEnglish: False, expectedChildName: &quot;TestChild1 Jensen&quot;)" computerName="RHO-DESKTOP" duration="00:00:00.0048332" startTime="2025-06-30T19:20:51.5031827+02:00" endTime="2025-06-30T19:20:51.5031829+02:00" testType="13cdc9d9-ddb5-4fa4-a97d-d965ccfc6d4b" outcome="Passed" testListId="8c84fa94-04c1-424b-9868-57a2d4851a1d" relativeResultsDirectory="9c31434b-2c34-40a5-9979-0197c4736743" />
    <UnitTestResult executionId="bdbae9e1-f910-4d33-89dd-a47d10cb4ecd" testId="e242b67c-3d28-33ee-bf1d-1f163fabd3ca" testName="Aula.Tests.Scheduling.SchedulingServiceIntegrationTests.StartAsync_LogsInformationAndDoesNotThrow" computerName="RHO-DESKTOP" duration="00:00:00.0039407" startTime="2025-06-30T19:20:51.0008678+02:00" endTime="2025-06-30T19:20:51.0008679+02:00" testType="13cdc9d9-ddb5-4fa4-a97d-d965ccfc6d4b" outcome="Passed" testListId="8c84fa94-04c1-424b-9868-57a2d4851a1d" relativeResultsDirectory="bdbae9e1-f910-4d33-89dd-a47d10cb4ecd" />
    <UnitTestResult executionId="a0931841-6a82-444a-8f69-47f6ee90f6a3" testId="fa32a9bf-193e-172b-6d15-20cb227d126c" testName="Aula.Tests.Utilities.FollowUpQuestionDetectorTests.IsFollowUpQuestion_WithFullChildNames_WorksCorrectly(input: &quot;what about Emma Rose&quot;)" computerName="RHO-DESKTOP" duration="00:00:00.0000472" startTime="2025-06-30T19:20:50.9189676+02:00" endTime="2025-06-30T19:20:50.9189677+02:00" testType="13cdc9d9-ddb5-4fa4-a97d-d965ccfc6d4b" outcome="Passed" testListId="8c84fa94-04c1-424b-9868-57a2d4851a1d" relativeResultsDirectory="a0931841-6a82-444a-8f69-47f6ee90f6a3" />
    <UnitTestResult executionId="69417235-6ade-4b1e-9639-017caeea0203" testId="56429908-a484-10f8-38ca-b17d73119d7d" testName="Aula.Tests.Utilities.ConversationContextManagerTests.ClearContext_WithExistingKey_RemovesContextAndLogs" computerName="RHO-DESKTOP" duration="00:00:00.0046318" startTime="2025-06-30T19:20:51.0067819+02:00" endTime="2025-06-30T19:20:51.0067820+02:00" testType="13cdc9d9-ddb5-4fa4-a97d-d965ccfc6d4b" outcome="Passed" testListId="8c84fa94-04c1-424b-9868-57a2d4851a1d" relativeResultsDirectory="69417235-6ade-4b1e-9639-017caeea0203" />
    <UnitTestResult executionId="5b3de9d4-285c-4b2a-b6da-e8c21d405642" testId="909b5135-abc5-ca49-7494-5f4eb3573cf1" testName="Aula.Tests.Utilities.DateTimeUtilitiesTests.GetDanishDayName_AllValidDaysOfWeek_ReturnsNonEmptyString(dayOfWeek: Tuesday)" computerName="RHO-DESKTOP" duration="00:00:00.0000090" startTime="2025-06-30T19:20:51.3233703+02:00" endTime="2025-06-30T19:20:51.3233704+02:00" testType="13cdc9d9-ddb5-4fa4-a97d-d965ccfc6d4b" outcome="Passed" testListId="8c84fa94-04c1-424b-9868-57a2d4851a1d" relativeResultsDirectory="5b3de9d4-285c-4b2a-b6da-e8c21d405642" />
    <UnitTestResult executionId="8af2ca5f-4600-4791-8c38-24412080d807" testId="ed2c0749-72ce-3102-1e65-21a531debf9e" testName="Aula.Tests.Bots.SlackInteractiveBotTests.Start_WithMissingChannelId_LogsErrorAndReturns" computerName="RHO-DESKTOP" duration="00:00:00.0080864" startTime="2025-06-30T19:20:50.9407427+02:00" endTime="2025-06-30T19:20:50.9407428+02:00" testType="13cdc9d9-ddb5-4fa4-a97d-d965ccfc6d4b" outcome="Passed" testListId="8c84fa94-04c1-424b-9868-57a2d4851a1d" relativeResultsDirectory="8af2ca5f-4600-4791-8c38-24412080d807" />
    <UnitTestResult executionId="f48e7cae-307c-4421-adf0-f027f804b029" testId="603b38d9-650a-3d65-fd10-694412343522" testName="Aula.Tests.Utilities.FollowUpQuestionDetectorTests.IsFollowUpQuestion_WithUnicodeChildNames_WorksCorrectly(input: &quot;Johannes&quot;)" computerName="RHO-DESKTOP" duration="00:00:00.0000581" startTime="2025-06-30T19:20:50.9140912+02:00" endTime="2025-06-30T19:20:50.9140913+02:00" testType="13cdc9d9-ddb5-4fa4-a97d-d965ccfc6d4b" outcome="Passed" testListId="8c84fa94-04c1-424b-9868-57a2d4851a1d" relativeResultsDirectory="f48e7cae-307c-4421-adf0-f027f804b029" />
    <UnitTestResult executionId="fb97fed1-27ce-4568-b354-ee04914a583f" testId="37f582a3-c279-4823-271e-d030bf33bbb7" testName="Aula.Tests.Bots.TelegramMessageHandlerTests.HandleMessageAsync_WithHelpCommand_ProcessesHelpMessage(helpCommand: &quot;HJÆLP&quot;)" computerName="RHO-DESKTOP" duration="00:00:00.0553634" startTime="2025-06-30T19:20:51.2191601+02:00" endTime="2025-06-30T19:20:51.2191603+02:00" testType="13cdc9d9-ddb5-4fa4-a97d-d965ccfc6d4b" outcome="Failed" testListId="8c84fa94-04c1-424b-9868-57a2d4851a1d" relativeResultsDirectory="fb97fed1-27ce-4568-b354-ee04914a583f">
      <Output>
        <ErrorInfo>
          <Message>System.NotSupportedException : Unsupported expression: u =&gt; u.Id&#xD;
Non-overridable members (here: User.get_Id) may not be used in setup / verification expressions.</Message>
          <StackTrace>   at Moq.Guard.IsOverridable(MethodInfo method, Expression expression) in /_/src/Moq/Guard.cs:line 99
   at Moq.MethodExpectation..ctor(LambdaExpression expression, MethodInfo method, IReadOnlyList`1 arguments, Boolean exactGenericTypeArguments, Boolean skipMatcherInitialization, Boolean allowNonOverridable) in /_/src/Moq/MethodExpectation.cs:line 87
   at Moq.ExpressionExtensions.&lt;Split&gt;g__Split|5_0(Expression e, Expression&amp; r, MethodExpectation&amp; p, Boolean assignment, Boolean allowNonOverridableLastProperty) in /_/src/Moq/ExpressionExtensions.cs:line 326
   at Moq.ExpressionExtensions.Split(LambdaExpression expression, Boolean allowNonOverridableLastProperty) in /_/src/Moq/ExpressionExtensions.cs:line 149
   at Moq.Mock.SetupRecursive[TSetup](Mock mock, LambdaExpression expression, Func`4 setupLast, Boolean allowNonOverridableLastProperty) in /_/src/Moq/Mock.cs:line 645
   at Moq.Mock.Setup(Mock mock, LambdaExpression expression, Condition condition) in /_/src/Moq/Mock.cs:line 500
   at Moq.Mock.SetupGet(Mock mock, LambdaExpression expression, Condition condition) in /_/src/Moq/Mock.cs:line 518
   at Moq.Mock`1.SetupGet[TProperty](Expression`1 expression) in /_/src/Moq/Mock`1.cs:line 473
   at Aula.Tests.Bots.TelegramTestMessageFactory.CreateTextMessage(Int64 chatId, String text, ChatType chatType, Int32 messageId, String firstName, String username) in /mnt/d/git/aula/src/Aula.Tests/Bots/TelegramTestMessageFactory.cs:line 18
   at Aula.Tests.Bots.TelegramMessageHandlerTests.HandleMessageAsync_WithHelpCommand_ProcessesHelpMessage(String helpCommand) in /mnt/d/git/aula/src/Aula.Tests/Bots/TelegramMessageHandlerTests.cs:line 275
--- End of stack trace from previous location ---</StackTrace>
        </ErrorInfo>
      </Output>
    </UnitTestResult>
    <UnitTestResult executionId="f1a37802-5f56-4ef3-a121-14ed95ac420d" testId="4f957322-220c-36b8-b6b3-657137ac0ed1" testName="Aula.Tests.Services.OpenAiServiceIntegrationTests.ExtractKeyInformationAsync_WithValidWeekLetter_CallsApiWithCorrectParameters" computerName="RHO-DESKTOP" duration="00:00:00.0020425" startTime="2025-06-30T19:20:51.1172821+02:00" endTime="2025-06-30T19:20:51.1172823+02:00" testType="13cdc9d9-ddb5-4fa4-a97d-d965ccfc6d4b" outcome="Failed" testListId="8c84fa94-04c1-424b-9868-57a2d4851a1d" relativeResultsDirectory="f1a37802-5f56-4ef3-a121-14ed95ac420d">
      <Output>
        <ErrorInfo>
          <Message>System.ArgumentException : Can not instantiate proxy of class: Aula.Tools.AiToolsManager.
Could not find a parameterless constructor. (Parameter 'constructorArguments')
---- System.MissingMethodException : Constructor on type 'Castle.Proxies.AiToolsManagerProxy' not found.</Message>
          <StackTrace>   at Castle.DynamicProxy.ProxyGenerator.CreateClassProxyInstance(Type proxyType, List`1 proxyArguments, Type classToProxy, Object[] constructorArguments)
   at Castle.DynamicProxy.ProxyGenerator.CreateClassProxy(Type classToProxy, Type[] additionalInterfacesToProxy, ProxyGenerationOptions options, Object[] constructorArguments, IInterceptor[] interceptors)
   at Moq.CastleProxyFactory.CreateProxy(Type mockType, IInterceptor interceptor, Type[] interfaces, Object[] arguments) in /_/src/Moq/Interception/CastleProxyFactory.cs:line 62
   at Moq.Mock`1.InitializeInstance() in /_/src/Moq/Mock`1.cs:line 309
   at Moq.Mock`1.OnGetObject() in /_/src/Moq/Mock`1.cs:line 323
   at Moq.Mock.get_Object() in /_/src/Moq/Mock.cs:line 181
   at Moq.Mock`1.get_Object() in /_/src/Moq/Mock`1.cs:line 281
   at Aula.Tests.Services.OpenAiServiceIntegrationTests.ExtractKeyInformationAsync_WithValidWeekLetter_CallsApiWithCorrectParameters() in /mnt/d/git/aula/src/Aula.Tests/Services/OpenAiServiceIntegrationTests.cs:line 242
--- End of stack trace from previous location ---
----- Inner Stack Trace -----
   at System.RuntimeType.CreateInstanceImpl(BindingFlags bindingAttr, Binder binder, Object[] args, CultureInfo culture)
   at Castle.DynamicProxy.ProxyGenerator.CreateClassProxyInstance(Type proxyType, List`1 proxyArguments, Type classToProxy, Object[] constructorArguments)</StackTrace>
        </ErrorInfo>
      </Output>
    </UnitTestResult>
    <UnitTestResult executionId="b7371b4c-b3a5-4ebb-8b1d-d331e504aef9" testId="dd6cd978-16c0-3adf-7057-3791731bf47f" testName="Aula.Tests.Services.DataModelTests.Reminder_CreatedBy_HandlesValues(createdBy: null, shouldAccept: False)" computerName="RHO-DESKTOP" duration="00:00:00.0001242" startTime="2025-06-30T19:20:50.8530522+02:00" endTime="2025-06-30T19:20:50.8530523+02:00" testType="13cdc9d9-ddb5-4fa4-a97d-d965ccfc6d4b" outcome="Passed" testListId="8c84fa94-04c1-424b-9868-57a2d4851a1d" relativeResultsDirectory="b7371b4c-b3a5-4ebb-8b1d-d331e504aef9" />
    <UnitTestResult executionId="ef72ab6d-6473-4552-bb5d-6d467a86486f" testId="fcbd2e73-61cc-55ae-168b-985e355ba11c" testName="Aula.Tests.Bots.TelegramMessageHandlerTests.HandleMessageAsync_WithHelpCommand_ProcessesHelpMessage(helpCommand: &quot;hjælp&quot;)" computerName="RHO-DESKTOP" duration="00:00:00.0025532" startTime="2025-06-30T19:20:51.2307678+02:00" endTime="2025-06-30T19:20:51.2307679+02:00" testType="13cdc9d9-ddb5-4fa4-a97d-d965ccfc6d4b" outcome="Failed" testListId="8c84fa94-04c1-424b-9868-57a2d4851a1d" relativeResultsDirectory="ef72ab6d-6473-4552-bb5d-6d467a86486f">
      <Output>
        <ErrorInfo>
          <Message>System.NotSupportedException : Unsupported expression: u =&gt; u.Id&#xD;
Non-overridable members (here: User.get_Id) may not be used in setup / verification expressions.</Message>
          <StackTrace>   at Moq.Guard.IsOverridable(MethodInfo method, Expression expression) in /_/src/Moq/Guard.cs:line 99
   at Moq.MethodExpectation..ctor(LambdaExpression expression, MethodInfo method, IReadOnlyList`1 arguments, Boolean exactGenericTypeArguments, Boolean skipMatcherInitialization, Boolean allowNonOverridable) in /_/src/Moq/MethodExpectation.cs:line 87
   at Moq.ExpressionExtensions.&lt;Split&gt;g__Split|5_0(Expression e, Expression&amp; r, MethodExpectation&amp; p, Boolean assignment, Boolean allowNonOverridableLastProperty) in /_/src/Moq/ExpressionExtensions.cs:line 326
   at Moq.ExpressionExtensions.Split(LambdaExpression expression, Boolean allowNonOverridableLastProperty) in /_/src/Moq/ExpressionExtensions.cs:line 149
   at Moq.Mock.SetupRecursive[TSetup](Mock mock, LambdaExpression expression, Func`4 setupLast, Boolean allowNonOverridableLastProperty) in /_/src/Moq/Mock.cs:line 645
   at Moq.Mock.Setup(Mock mock, LambdaExpression expression, Condition condition) in /_/src/Moq/Mock.cs:line 500
   at Moq.Mock.SetupGet(Mock mock, LambdaExpression expression, Condition condition) in /_/src/Moq/Mock.cs:line 518
   at Moq.Mock`1.SetupGet[TProperty](Expression`1 expression) in /_/src/Moq/Mock`1.cs:line 473
   at Aula.Tests.Bots.TelegramTestMessageFactory.CreateTextMessage(Int64 chatId, String text, ChatType chatType, Int32 messageId, String firstName, String username) in /mnt/d/git/aula/src/Aula.Tests/Bots/TelegramTestMessageFactory.cs:line 18
   at Aula.Tests.Bots.TelegramMessageHandlerTests.HandleMessageAsync_WithHelpCommand_ProcessesHelpMessage(String helpCommand) in /mnt/d/git/aula/src/Aula.Tests/Bots/TelegramMessageHandlerTests.cs:line 275
--- End of stack trace from previous location ---</StackTrace>
        </ErrorInfo>
      </Output>
    </UnitTestResult>
    <UnitTestResult executionId="5c75ed59-a2d4-4db5-8f60-856377a1f5ae" testId="a774f8ba-9074-00fb-1dda-7e4eac4a4d85" testName="Aula.Tests.Utilities.ConversationContextManagerTests.GetContext_WithExpiredContext_ReturnsNullAndRemovesContext" computerName="RHO-DESKTOP" duration="00:00:00.1236205" startTime="2025-06-30T19:20:51.0000469+02:00" endTime="2025-06-30T19:20:51.0000470+02:00" testType="13cdc9d9-ddb5-4fa4-a97d-d965ccfc6d4b" outcome="Passed" testListId="8c84fa94-04c1-424b-9868-57a2d4851a1d" relativeResultsDirectory="5c75ed59-a2d4-4db5-8f60-856377a1f5ae" />
    <UnitTestResult executionId="e2bcf46f-38ea-4b14-9920-821b757f9461" testId="673e7d35-f16e-bd38-569e-9b00ed91c4fd" testName="Aula.Tests.Channels.SlackBotTests.Constructor_WithValidUrls_DoesNotThrow(webhookUrl: &quot;https://hooks.slack.com/services/T123/B456/xyz&quot;)" computerName="RHO-DESKTOP" duration="00:00:00.0001671" startTime="2025-06-30T19:20:51.6217067+02:00" endTime="2025-06-30T19:20:51.6217068+02:00" testType="13cdc9d9-ddb5-4fa4-a97d-d965ccfc6d4b" outcome="Passed" testListId="8c84fa94-04c1-424b-9868-57a2d4851a1d" relativeResultsDirectory="e2bcf46f-38ea-4b14-9920-821b757f9461" />
    <UnitTestResult executionId="5395bb8f-8947-47b5-b481-c8c279f71ffb" testId="b3d0207a-6b94-dced-4560-55d90059fc43" testName="Aula.Tests.Integration.AgentServiceTests.GetWeekLetterAsync_ReturnsCachedData_WhenAvailable" computerName="RHO-DESKTOP" duration="00:00:00.0041642" startTime="2025-06-30T19:20:51.6316929+02:00" endTime="2025-06-30T19:20:51.6316930+02:00" testType="13cdc9d9-ddb5-4fa4-a97d-d965ccfc6d4b" outcome="Passed" testListId="8c84fa94-04c1-424b-9868-57a2d4851a1d" relativeResultsDirectory="5395bb8f-8947-47b5-b481-c8c279f71ffb" />
    <UnitTestResult executionId="c0867ce2-1a4a-403a-a283-899db0256f23" testId="ef7abf20-a090-f30e-1f29-97964e295c62" testName="Aula.Tests.Utilities.ReminderExtractionPromptsTests.GetExtractionPrompt_ContainsDanishRelativeTimeExamples" computerName="RHO-DESKTOP" duration="00:00:00.0030781" startTime="2025-06-30T19:20:51.4179364+02:00" endTime="2025-06-30T19:20:51.4179366+02:00" testType="13cdc9d9-ddb5-4fa4-a97d-d965ccfc6d4b" outcome="Passed" testListId="8c84fa94-04c1-424b-9868-57a2d4851a1d" relativeResultsDirectory="c0867ce2-1a4a-403a-a283-899db0256f23" />
    <UnitTestResult executionId="264450b1-598b-457b-85b1-754be604cd82" testId="76863e49-5dff-990d-7038-a9b0865a8589" testName="Aula.Tests.Utilities.WeekLetterContentExtractorTests.ExtractContent_Dynamic_WithNullUgebreve_ReturnsEmptyString" computerName="RHO-DESKTOP" duration="00:00:00.0006185" startTime="2025-06-30T19:20:51.0201451+02:00" endTime="2025-06-30T19:20:51.0201453+02:00" testType="13cdc9d9-ddb5-4fa4-a97d-d965ccfc6d4b" outcome="Passed" testListId="8c84fa94-04c1-424b-9868-57a2d4851a1d" relativeResultsDirectory="264450b1-598b-457b-85b1-754be604cd82" />
    <UnitTestResult executionId="e2725895-155a-4fd9-aff4-46de611223cd" testId="2c4f5c38-e0cd-3355-85e7-bc13205402ed" testName="Aula.Tests.Tools.ReminderCommandHandlerTests.TryHandleReminderCommand_ListReminders_ValidCommands_ReturnsRemindersList(command: &quot;list reminders&quot;, isEnglish: True)" computerName="RHO-DESKTOP" duration="00:00:00.0003854" startTime="2025-06-30T19:20:51.5955450+02:00" endTime="2025-06-30T19:20:51.5955451+02:00" testType="13cdc9d9-ddb5-4fa4-a97d-d965ccfc6d4b" outcome="Passed" testListId="8c84fa94-04c1-424b-9868-57a2d4851a1d" relativeResultsDirectory="e2725895-155a-4fd9-aff4-46de611223cd" />
    <UnitTestResult executionId="9db2eb5d-127f-4e51-8c1b-1326f595c0f3" testId="cb85d1d7-f37e-7a0d-4571-db193adf7955" testName="Aula.Tests.Utilities.IntentAnalysisPromptsTests.ToolExamples_ContainsRequiredKeys(key: &quot;GET_CURRENT_TIME_DANISH&quot;)" computerName="RHO-DESKTOP" duration="00:00:00.0000086" startTime="2025-06-30T19:20:51.4192280+02:00" endTime="2025-06-30T19:20:51.4192283+02:00" testType="13cdc9d9-ddb5-4fa4-a97d-d965ccfc6d4b" outcome="Passed" testListId="8c84fa94-04c1-424b-9868-57a2d4851a1d" relativeResultsDirectory="9db2eb5d-127f-4e51-8c1b-1326f595c0f3" />
    <UnitTestResult executionId="2d502c3a-3c35-459f-bfb0-49dfae6290dc" testId="e09a9a0e-f05e-b1ab-94a1-7ba461fbd7f9" testName="Aula.Tests.Configuration.ConfigurationTests.Features_DefaultValues_AreCorrect" computerName="RHO-DESKTOP" duration="00:00:00.0051169" startTime="2025-06-30T19:20:51.9555982+02:00" endTime="2025-06-30T19:20:51.9555983+02:00" testType="13cdc9d9-ddb5-4fa4-a97d-d965ccfc6d4b" outcome="Passed" testListId="8c84fa94-04c1-424b-9868-57a2d4851a1d" relativeResultsDirectory="2d502c3a-3c35-459f-bfb0-49dfae6290dc" />
    <UnitTestResult executionId="f4e69ba6-dce6-4c00-b15f-e56fb2ed65be" testId="5db7f4ff-e78e-7e3c-537f-1a7b8a75bb0c" testName="Aula.Tests.Services.OpenAiServiceIntegrationTests.ProcessQueryWithToolsAsync_WithInvalidQuery_ThrowsArgumentException(query: &quot;   &quot;)" computerName="RHO-DESKTOP" duration="00:00:00.0037750" startTime="2025-06-30T19:20:51.0699355+02:00" endTime="2025-06-30T19:20:51.0699357+02:00" testType="13cdc9d9-ddb5-4fa4-a97d-d965ccfc6d4b" outcome="Failed" testListId="8c84fa94-04c1-424b-9868-57a2d4851a1d" relativeResultsDirectory="f4e69ba6-dce6-4c00-b15f-e56fb2ed65be">
      <Output>
        <ErrorInfo>
          <Message>System.ArgumentException : Can not instantiate proxy of class: Aula.Tools.AiToolsManager.
Could not find a parameterless constructor. (Parameter 'constructorArguments')
---- System.MissingMethodException : Constructor on type 'Castle.Proxies.AiToolsManagerProxy' not found.</Message>
          <StackTrace>   at Castle.DynamicProxy.ProxyGenerator.CreateClassProxyInstance(Type proxyType, List`1 proxyArguments, Type classToProxy, Object[] constructorArguments)
   at Castle.DynamicProxy.ProxyGenerator.CreateClassProxy(Type classToProxy, Type[] additionalInterfacesToProxy, ProxyGenerationOptions options, Object[] constructorArguments, IInterceptor[] interceptors)
   at Moq.CastleProxyFactory.CreateProxy(Type mockType, IInterceptor interceptor, Type[] interfaces, Object[] arguments) in /_/src/Moq/Interception/CastleProxyFactory.cs:line 62
   at Moq.Mock`1.InitializeInstance() in /_/src/Moq/Mock`1.cs:line 309
   at Moq.Mock`1.OnGetObject() in /_/src/Moq/Mock`1.cs:line 323
   at Moq.Mock.get_Object() in /_/src/Moq/Mock.cs:line 181
   at Moq.Mock`1.get_Object() in /_/src/Moq/Mock`1.cs:line 281
   at Aula.Tests.Services.OpenAiServiceIntegrationTests.ProcessQueryWithToolsAsync_WithInvalidQuery_ThrowsArgumentException(String query) in /mnt/d/git/aula/src/Aula.Tests/Services/OpenAiServiceIntegrationTests.cs:line 164
--- End of stack trace from previous location ---
----- Inner Stack Trace -----
   at System.RuntimeType.CreateInstanceImpl(BindingFlags bindingAttr, Binder binder, Object[] args, CultureInfo culture)
   at Castle.DynamicProxy.ProxyGenerator.CreateClassProxyInstance(Type proxyType, List`1 proxyArguments, Type classToProxy, Object[] constructorArguments)</StackTrace>
        </ErrorInfo>
      </Output>
    </UnitTestResult>
    <UnitTestResult executionId="6a9d3cfc-ff03-4869-8669-0e7fbcfebc2b" testId="ee53ce2c-fb8e-2870-2bec-d824ac6cea07" testName="Aula.Tests.Utilities.DateTimeUtilitiesTests.GetDanishDayName_AllValidDaysOfWeek_ReturnsUniqueNames" computerName="RHO-DESKTOP" duration="00:00:00.0057214" startTime="2025-06-30T19:20:51.3670324+02:00" endTime="2025-06-30T19:20:51.3670325+02:00" testType="13cdc9d9-ddb5-4fa4-a97d-d965ccfc6d4b" outcome="Passed" testListId="8c84fa94-04c1-424b-9868-57a2d4851a1d" relativeResultsDirectory="6a9d3cfc-ff03-4869-8669-0e7fbcfebc2b" />
    <UnitTestResult executionId="c549f491-93a2-410c-903f-eefe0cf42e85" testId="5a2ccf07-adb3-2976-b4d9-5a45aeffd5a5" testName="Aula.Tests.Utilities.DateTimeUtilitiesTests.GetDanishDayName_AllValidDaysOfWeek_ReturnsNonEmptyString(dayOfWeek: Wednesday)" computerName="RHO-DESKTOP" duration="00:00:00.0000137" startTime="2025-06-30T19:20:51.3219980+02:00" endTime="2025-06-30T19:20:51.3219981+02:00" testType="13cdc9d9-ddb5-4fa4-a97d-d965ccfc6d4b" outcome="Passed" testListId="8c84fa94-04c1-424b-9868-57a2d4851a1d" relativeResultsDirectory="c549f491-93a2-410c-903f-eefe0cf42e85" />
    <UnitTestResult executionId="c6009d34-c217-40db-8c6c-3d4a49ac47fd" testId="9c77e674-1e21-ff83-b112-8e3149d27b83" testName="Aula.Tests.Tools.AiToolsManagerTests.GetWeekLetters_WithNonExistentChild_ReturnsError" computerName="RHO-DESKTOP" duration="00:00:00.0004063" startTime="2025-06-30T19:20:51.4848711+02:00" endTime="2025-06-30T19:20:51.4848713+02:00" testType="13cdc9d9-ddb5-4fa4-a97d-d965ccfc6d4b" outcome="Passed" testListId="8c84fa94-04c1-424b-9868-57a2d4851a1d" relativeResultsDirectory="c6009d34-c217-40db-8c6c-3d4a49ac47fd" />
    <UnitTestResult executionId="1c292129-6f70-47ce-8790-d167732233f1" testId="273c2632-e8a7-4a3f-093e-3b4b8e141ef8" testName="Aula.Tests.Scheduling.SchedulingServiceTests.StopAsync_AfterStart_DoesNotThrow" computerName="RHO-DESKTOP" duration="00:00:00.0038683" startTime="2025-06-30T19:20:51.5083853+02:00" endTime="2025-06-30T19:20:51.5083855+02:00" testType="13cdc9d9-ddb5-4fa4-a97d-d965ccfc6d4b" outcome="Passed" testListId="8c84fa94-04c1-424b-9868-57a2d4851a1d" relativeResultsDirectory="1c292129-6f70-47ce-8790-d167732233f1" />
    <UnitTestResult executionId="472eed1b-9e11-4a64-a2a8-0bd362861a9e" testId="0b67917b-52fb-a452-3f0c-630f8ae99c50" testName="Aula.Tests.Bots.SlackMessageHandlerTests.HandleMessageAsync_LogsMessageProcessing" computerName="RHO-DESKTOP" duration="00:00:00.2329208" startTime="2025-06-30T19:20:55.6664775+02:00" endTime="2025-06-30T19:20:55.6664775+02:00" testType="13cdc9d9-ddb5-4fa4-a97d-d965ccfc6d4b" outcome="Failed" testListId="8c84fa94-04c1-424b-9868-57a2d4851a1d" relativeResultsDirectory="472eed1b-9e11-4a64-a2a8-0bd362861a9e">
      <Output>
        <ErrorInfo>
          <Message>Moq.MockException : 
Expected invocation on the mock at least once, but was never performed: logger =&gt; logger.Log&lt;It.IsAnyType&gt;(It.IsAny&lt;LogLevel&gt;(), It.IsAny&lt;EventId&gt;(), It.Is&lt;It.IsAnyType&gt;((v, t) =&gt; v.ToString().Contains("Processing message")), null, It.IsAny&lt;Func&lt;It.IsAnyType, Exception, string&gt;&gt;())

Performed invocations:

   Mock&lt;ILogger:273&gt; (logger):

      ILogger.Log&lt;FormattedLogValues&gt;(LogLevel.Information, 0, Processing Slack message in channel test-channel: Test message, null, Func&lt;FormattedLogValues, Exception, string&gt;)
      ILogger.Log&lt;FormattedLogValues&gt;(LogLevel.Information, 0, No child name found in text, null, Func&lt;FormattedLogValues, Exception, string&gt;)
      ILogger.Log&lt;FormattedLogValues&gt;(LogLevel.Information, 0, Updated conversation context: Child: none, Today: False, Tomorrow: False, Homework: False, Age: 0.0 minutes, null, Func&lt;FormattedLogValues, Exception, string&gt;)
      ILogger.Log&lt;FormattedLogValues&gt;(LogLevel.Information, 0, Message sent successfully to Slack channel test-channel, null, Func&lt;FormattedLogValues, Exception, string&gt;)
      ILogger.Log&lt;FormattedLogValues&gt;(LogLevel.Information, 0, Sent response to Slack channel test-channel, null, Func&lt;FormattedLogValues, Exception, string&gt;)
</Message>
          <StackTrace>   at Moq.Mock.Verify(Mock mock, LambdaExpression expression, Times times, String failMessage) in /_/src/Moq/Mock.cs:line 332
   at Moq.Mock`1.Verify(Expression`1 expression, Times times) in /_/src/Moq/Mock`1.cs:line 727
   at Moq.Mock`1.Verify(Expression`1 expression, Func`1 times) in /_/src/Moq/Mock`1.cs:line 741
   at Aula.Tests.Bots.SlackMessageHandlerTests.HandleMessageAsync_LogsMessageProcessing() in /mnt/d/git/aula/src/Aula.Tests/Bots/SlackMessageHandlerTests.cs:line 374
--- End of stack trace from previous location ---</StackTrace>
        </ErrorInfo>
      </Output>
    </UnitTestResult>
    <UnitTestResult executionId="cf5293c5-7733-4463-b404-8337de2c4cbf" testId="c3e880c3-27f7-ff6e-6cfa-d2f2112d61ec" testName="Aula.Tests.Utilities.JsonFormatterTests.Prettify_WithSpecialCharacters_HandlesCorrectly" computerName="RHO-DESKTOP" duration="00:00:00.0003432" startTime="2025-06-30T19:20:51.4991706+02:00" endTime="2025-06-30T19:20:51.4991708+02:00" testType="13cdc9d9-ddb5-4fa4-a97d-d965ccfc6d4b" outcome="Passed" testListId="8c84fa94-04c1-424b-9868-57a2d4851a1d" relativeResultsDirectory="cf5293c5-7733-4463-b404-8337de2c4cbf" />
    <UnitTestResult executionId="2097f1ee-67e3-4072-b64e-2e4d04f33012" testId="e2629d31-76fa-fe13-ab42-e2aa75f765d2" testName="Aula.Tests.Tools.ReminderCommandHandlerTests.TryHandleReminderCommand_NonReminderCommands_ReturnsFalse(command: &quot;random text&quot;)" computerName="RHO-DESKTOP" duration="00:00:00.0000886" startTime="2025-06-30T19:20:51.5449098+02:00" endTime="2025-06-30T19:20:51.5449099+02:00" testType="13cdc9d9-ddb5-4fa4-a97d-d965ccfc6d4b" outcome="Passed" testListId="8c84fa94-04c1-424b-9868-57a2d4851a1d" relativeResultsDirectory="2097f1ee-67e3-4072-b64e-2e4d04f33012" />
    <UnitTestResult executionId="91b5bf1d-d5e0-4639-8661-dc645526d374" testId="1dba4bcb-2a6a-02e7-3151-a1fa05d6b85c" testName="Aula.Tests.Channels.TelegramClientTests.PostWeekLetter_WithMissingFields_HandlesGracefully" computerName="RHO-DESKTOP" duration="00:00:00.0194879" startTime="2025-06-30T19:20:51.5599234+02:00" endTime="2025-06-30T19:20:51.5599235+02:00" testType="13cdc9d9-ddb5-4fa4-a97d-d965ccfc6d4b" outcome="Passed" testListId="8c84fa94-04c1-424b-9868-57a2d4851a1d" relativeResultsDirectory="91b5bf1d-d5e0-4639-8661-dc645526d374" />
    <UnitTestResult executionId="6e619e7a-09d0-489c-b579-611eec3cf623" testId="a418d5df-b5ee-5a85-99c0-157b60c43e4b" testName="Aula.Tests.Services.OpenAiServiceTests.OpenAiService_GetChatInterfaceInstructions_ReturnsCorrectFormat(chatInterface: Telegram)" computerName="RHO-DESKTOP" duration="00:00:00.0001782" startTime="2025-06-30T19:20:51.0379827+02:00" endTime="2025-06-30T19:20:51.0379828+02:00" testType="13cdc9d9-ddb5-4fa4-a97d-d965ccfc6d4b" outcome="Passed" testListId="8c84fa94-04c1-424b-9868-57a2d4851a1d" relativeResultsDirectory="6e619e7a-09d0-489c-b579-611eec3cf623" />
    <UnitTestResult executionId="1031834c-1265-47a1-a1bb-35cb414b0308" testId="ce195ac9-e907-62d3-fa5f-c3b7ebadeac3" testName="Aula.Tests.Utilities.FollowUpQuestionDetectorTests.IsFollowUpQuestion_WithNullLogger_ThrowsArgumentNullException" computerName="RHO-DESKTOP" duration="00:00:00.0010551" startTime="2025-06-30T19:20:50.9596380+02:00" endTime="2025-06-30T19:20:50.9596381+02:00" testType="13cdc9d9-ddb5-4fa4-a97d-d965ccfc6d4b" outcome="Passed" testListId="8c84fa94-04c1-424b-9868-57a2d4851a1d" relativeResultsDirectory="1031834c-1265-47a1-a1bb-35cb414b0308" />
    <UnitTestResult executionId="a31f9a6c-48e7-4bfe-b7ed-92706a87d356" testId="b951eadc-9c68-489f-5265-7dd5da8c5458" testName="Aula.Tests.Bots.TelegramMessageHandlerTests.HandleMessageAsync_WithValidQuery_ProcessesSuccessfully(queryText: &quot;What is TestChild1 doing tomorrow?&quot;)" computerName="RHO-DESKTOP" duration="00:00:00.0017491" startTime="2025-06-30T19:20:51.2698382+02:00" endTime="2025-06-30T19:20:51.2698384+02:00" testType="13cdc9d9-ddb5-4fa4-a97d-d965ccfc6d4b" outcome="Failed" testListId="8c84fa94-04c1-424b-9868-57a2d4851a1d" relativeResultsDirectory="a31f9a6c-48e7-4bfe-b7ed-92706a87d356">
      <Output>
        <ErrorInfo>
          <Message>System.NotSupportedException : Unsupported expression: u =&gt; u.Id&#xD;
Non-overridable members (here: User.get_Id) may not be used in setup / verification expressions.</Message>
          <StackTrace>   at Moq.Guard.IsOverridable(MethodInfo method, Expression expression) in /_/src/Moq/Guard.cs:line 99
   at Moq.MethodExpectation..ctor(LambdaExpression expression, MethodInfo method, IReadOnlyList`1 arguments, Boolean exactGenericTypeArguments, Boolean skipMatcherInitialization, Boolean allowNonOverridable) in /_/src/Moq/MethodExpectation.cs:line 87
   at Moq.ExpressionExtensions.&lt;Split&gt;g__Split|5_0(Expression e, Expression&amp; r, MethodExpectation&amp; p, Boolean assignment, Boolean allowNonOverridableLastProperty) in /_/src/Moq/ExpressionExtensions.cs:line 326
   at Moq.ExpressionExtensions.Split(LambdaExpression expression, Boolean allowNonOverridableLastProperty) in /_/src/Moq/ExpressionExtensions.cs:line 149
   at Moq.Mock.SetupRecursive[TSetup](Mock mock, LambdaExpression expression, Func`4 setupLast, Boolean allowNonOverridableLastProperty) in /_/src/Moq/Mock.cs:line 645
   at Moq.Mock.Setup(Mock mock, LambdaExpression expression, Condition condition) in /_/src/Moq/Mock.cs:line 500
   at Moq.Mock.SetupGet(Mock mock, LambdaExpression expression, Condition condition) in /_/src/Moq/Mock.cs:line 518
   at Moq.Mock`1.SetupGet[TProperty](Expression`1 expression) in /_/src/Moq/Mock`1.cs:line 473
   at Aula.Tests.Bots.TelegramTestMessageFactory.CreateTextMessage(Int64 chatId, String text, ChatType chatType, Int32 messageId, String firstName, String username) in /mnt/d/git/aula/src/Aula.Tests/Bots/TelegramTestMessageFactory.cs:line 18
   at Aula.Tests.Bots.TelegramMessageHandlerTests.HandleMessageAsync_WithValidQuery_ProcessesSuccessfully(String queryText) in /mnt/d/git/aula/src/Aula.Tests/Bots/TelegramMessageHandlerTests.cs:line 318
--- End of stack trace from previous location ---</StackTrace>
        </ErrorInfo>
      </Output>
    </UnitTestResult>
    <UnitTestResult executionId="c4972f0e-8592-455b-95c1-c399de560924" testId="fabac3d5-e597-1339-6b46-1c0c67411388" testName="Aula.Tests.Bots.TelegramInteractiveBotTests.Constructor_WithMissingToken_ThrowsInvalidOperationException" computerName="RHO-DESKTOP" duration="00:00:00.0010810" startTime="2025-06-30T19:20:52.6096720+02:00" endTime="2025-06-30T19:20:52.6096721+02:00" testType="13cdc9d9-ddb5-4fa4-a97d-d965ccfc6d4b" outcome="Passed" testListId="8c84fa94-04c1-424b-9868-57a2d4851a1d" relativeResultsDirectory="c4972f0e-8592-455b-95c1-c399de560924" />
    <UnitTestResult executionId="d8f40b4c-a733-45aa-abba-931cebf0e062" testId="ff05afd1-484c-69de-a316-bc507787c7c8" testName="Aula.Tests.Tools.ReminderCommandHandlerTests.TryHandleReminderCommand_AddReminder_ValidFormats_ReturnsSuccess(command: &quot;remind me 31/12 at 23:59 that Year end&quot;, isEnglish: True, expectedChildName: null)" computerName="RHO-DESKTOP" duration="00:00:00.0362752" startTime="2025-06-30T19:20:51.5008044+02:00" endTime="2025-06-30T19:20:51.5008045+02:00" testType="13cdc9d9-ddb5-4fa4-a97d-d965ccfc6d4b" outcome="Passed" testListId="8c84fa94-04c1-424b-9868-57a2d4851a1d" relativeResultsDirectory="d8f40b4c-a733-45aa-abba-931cebf0e062" />
    <UnitTestResult executionId="49cba627-b644-4dce-a364-e3ea1d82ef08" testId="64b3e4a5-31a7-57c7-6c30-e353370e12e0" testName="Aula.Tests.Utilities.ReminderExtractionPromptsTests.GetExtractionPrompt_WithRealQueries_EmbedsQueryCorrectly(query: &quot;Meeting with teacher next Monday&quot;)" computerName="RHO-DESKTOP" duration="00:00:00.0002362" startTime="2025-06-30T19:20:51.3664426+02:00" endTime="2025-06-30T19:20:51.3664427+02:00" testType="13cdc9d9-ddb5-4fa4-a97d-d965ccfc6d4b" outcome="Passed" testListId="8c84fa94-04c1-424b-9868-57a2d4851a1d" relativeResultsDirectory="49cba627-b644-4dce-a364-e3ea1d82ef08" />
    <UnitTestResult executionId="b752cf3a-fd72-4f6d-aa04-b99fe2bc16cc" testId="537ad07b-1b70-ec7a-fdb3-2e0fa41e5c23" testName="Aula.Tests.Utilities.JsonFormatterTests.Prettify_WithWhitespaceOnly_ReturnsNull" computerName="RHO-DESKTOP" duration="00:00:00.0157019" startTime="2025-06-30T19:20:51.5068633+02:00" endTime="2025-06-30T19:20:51.5068634+02:00" testType="13cdc9d9-ddb5-4fa4-a97d-d965ccfc6d4b" outcome="Passed" testListId="8c84fa94-04c1-424b-9868-57a2d4851a1d" relativeResultsDirectory="b752cf3a-fd72-4f6d-aa04-b99fe2bc16cc" />
    <UnitTestResult executionId="4dc3b218-1a00-48eb-be1c-6c47621eb7c9" testId="abab0ca8-38d9-b46e-ed1a-a39f638f498e" testName="Aula.Tests.Channels.SlackBotTests.Constructor_WithValidUrls_DoesNotThrow(webhookUrl: &quot;https://hooks.slack.com/test&quot;)" computerName="RHO-DESKTOP" duration="00:00:00.0002993" startTime="2025-06-30T19:20:51.6223756+02:00" endTime="2025-06-30T19:20:51.6223757+02:00" testType="13cdc9d9-ddb5-4fa4-a97d-d965ccfc6d4b" outcome="Passed" testListId="8c84fa94-04c1-424b-9868-57a2d4851a1d" relativeResultsDirectory="4dc3b218-1a00-48eb-be1c-6c47621eb7c9" />
    <UnitTestResult executionId="a6b1b2d7-5668-4fdc-8bef-bd76033b4a57" testId="22ffd28b-ee44-66cc-c370-4d28b25809c6" testName="Aula.Tests.Utilities.FollowUpQuestionDetectorTests.IsFollowUpQuestion_WithFullChildNames_WorksCorrectly(input: &quot;TestChild2&quot;)" computerName="RHO-DESKTOP" duration="00:00:00.0003758" startTime="2025-06-30T19:20:50.9185186+02:00" endTime="2025-06-30T19:20:50.9185187+02:00" testType="13cdc9d9-ddb5-4fa4-a97d-d965ccfc6d4b" outcome="Passed" testListId="8c84fa94-04c1-424b-9868-57a2d4851a1d" relativeResultsDirectory="a6b1b2d7-5668-4fdc-8bef-bd76033b4a57" />
    <UnitTestResult executionId="366d59c9-b542-409b-b7f8-322f060f6df1" testId="366f0f62-c3df-406d-3cbd-6a62fe8e98a7" testName="Aula.Tests.Utilities.IntentAnalysisPromptsTests.ToolExamples_ContainsRequiredKeys(key: &quot;LIST_REMINDERS_DANISH&quot;)" computerName="RHO-DESKTOP" duration="00:00:00.0000064" startTime="2025-06-30T19:20:51.4214551+02:00" endTime="2025-06-30T19:20:51.4214555+02:00" testType="13cdc9d9-ddb5-4fa4-a97d-d965ccfc6d4b" outcome="Passed" testListId="8c84fa94-04c1-424b-9868-57a2d4851a1d" relativeResultsDirectory="366d59c9-b542-409b-b7f8-322f060f6df1" />
    <UnitTestResult executionId="25b8166d-c11b-4e05-a1de-680c69a55a0e" testId="d3b4820e-3f6b-fc6c-04b8-e7cf49b0bad8" testName="Aula.Tests.Channels.SlackBotTests.PostWeekLetter_WithVariousChildNames_HandlesCorrectly(firstName: &quot;&quot;)" computerName="RHO-DESKTOP" duration="00:00:00.2193545" startTime="2025-06-30T19:20:51.5854574+02:00" endTime="2025-06-30T19:20:51.5854575+02:00" testType="13cdc9d9-ddb5-4fa4-a97d-d965ccfc6d4b" outcome="Passed" testListId="8c84fa94-04c1-424b-9868-57a2d4851a1d" relativeResultsDirectory="25b8166d-c11b-4e05-a1de-680c69a55a0e" />
    <UnitTestResult executionId="e55140c4-4690-4b4c-96e0-f66d49a53342" testId="8495fb32-9c63-b362-e211-e17f09a360d7" testName="Aula.Tests.Utilities.ReminderExtractionPromptsTests.GetExtractionPrompt_ContainsRequiredExtractionFields" computerName="RHO-DESKTOP" duration="00:00:00.0001981" startTime="2025-06-30T19:20:51.4254249+02:00" endTime="2025-06-30T19:20:51.4254250+02:00" testType="13cdc9d9-ddb5-4fa4-a97d-d965ccfc6d4b" outcome="Passed" testListId="8c84fa94-04c1-424b-9868-57a2d4851a1d" relativeResultsDirectory="e55140c4-4690-4b4c-96e0-f66d49a53342" />
    <UnitTestResult executionId="2f76f2a5-d93f-4cb9-b2c5-346293cb4434" testId="d2358b75-2179-dc76-97f4-8e1dfce3fe98" testName="Aula.Tests.Utilities.ReminderExtractionPromptsTests.GetExtractionPrompt_ResponseFormat_IsConsistent" computerName="RHO-DESKTOP" duration="00:00:00.0002908" startTime="2025-06-30T19:20:51.4248698+02:00" endTime="2025-06-30T19:20:51.4248699+02:00" testType="13cdc9d9-ddb5-4fa4-a97d-d965ccfc6d4b" outcome="Passed" testListId="8c84fa94-04c1-424b-9868-57a2d4851a1d" relativeResultsDirectory="2f76f2a5-d93f-4cb9-b2c5-346293cb4434" />
    <UnitTestResult executionId="4859dd0b-9959-452a-a9cf-0edfd9b9cce3" testId="4d2b56f8-9d20-2fa9-3613-4864d7e06ff5" testName="Aula.Tests.Services.OpenAiServiceIntegrationTests.ProcessQueryWithToolsAsync_WithInvalidQuery_ThrowsArgumentException(query: &quot;&quot;)" computerName="RHO-DESKTOP" duration="00:00:00.0008153" startTime="2025-06-30T19:20:51.0758004+02:00" endTime="2025-06-30T19:20:51.0758006+02:00" testType="13cdc9d9-ddb5-4fa4-a97d-d965ccfc6d4b" outcome="Failed" testListId="8c84fa94-04c1-424b-9868-57a2d4851a1d" relativeResultsDirectory="4859dd0b-9959-452a-a9cf-0edfd9b9cce3">
      <Output>
        <ErrorInfo>
          <Message>System.ArgumentException : Can not instantiate proxy of class: Aula.Tools.AiToolsManager.
Could not find a parameterless constructor. (Parameter 'constructorArguments')
---- System.MissingMethodException : Constructor on type 'Castle.Proxies.AiToolsManagerProxy' not found.</Message>
          <StackTrace>   at Castle.DynamicProxy.ProxyGenerator.CreateClassProxyInstance(Type proxyType, List`1 proxyArguments, Type classToProxy, Object[] constructorArguments)
   at Castle.DynamicProxy.ProxyGenerator.CreateClassProxy(Type classToProxy, Type[] additionalInterfacesToProxy, ProxyGenerationOptions options, Object[] constructorArguments, IInterceptor[] interceptors)
   at Moq.CastleProxyFactory.CreateProxy(Type mockType, IInterceptor interceptor, Type[] interfaces, Object[] arguments) in /_/src/Moq/Interception/CastleProxyFactory.cs:line 62
   at Moq.Mock`1.InitializeInstance() in /_/src/Moq/Mock`1.cs:line 309
   at Moq.Mock`1.OnGetObject() in /_/src/Moq/Mock`1.cs:line 323
   at Moq.Mock.get_Object() in /_/src/Moq/Mock.cs:line 181
   at Moq.Mock`1.get_Object() in /_/src/Moq/Mock`1.cs:line 281
   at Aula.Tests.Services.OpenAiServiceIntegrationTests.ProcessQueryWithToolsAsync_WithInvalidQuery_ThrowsArgumentException(String query) in /mnt/d/git/aula/src/Aula.Tests/Services/OpenAiServiceIntegrationTests.cs:line 164
--- End of stack trace from previous location ---
----- Inner Stack Trace -----
   at System.RuntimeType.CreateInstanceImpl(BindingFlags bindingAttr, Binder binder, Object[] args, CultureInfo culture)
   at Castle.DynamicProxy.ProxyGenerator.CreateClassProxyInstance(Type proxyType, List`1 proxyArguments, Type classToProxy, Object[] constructorArguments)</StackTrace>
        </ErrorInfo>
      </Output>
    </UnitTestResult>
    <UnitTestResult executionId="0ebda6d8-2fde-48a3-a3e4-2978513e80d8" testId="ab63d831-8e5f-0400-01ad-bd4bb81aa871" testName="Aula.Tests.Channels.TelegramClientTests.PostWeekLetter_WithEmptyWeekLetter_HandlesGracefully" computerName="RHO-DESKTOP" duration="00:00:00.0012120" startTime="2025-06-30T19:20:51.5732121+02:00" endTime="2025-06-30T19:20:51.5732122+02:00" testType="13cdc9d9-ddb5-4fa4-a97d-d965ccfc6d4b" outcome="Passed" testListId="8c84fa94-04c1-424b-9868-57a2d4851a1d" relativeResultsDirectory="0ebda6d8-2fde-48a3-a3e4-2978513e80d8" />
    <UnitTestResult executionId="4fe8576a-0848-4e7d-8a80-28ebffbb0c90" testId="adb49f16-3736-24f6-5b1f-837b780eb877" testName="Aula.Tests.Utilities.DateTimeUtilitiesTests.GetDanishDayName_ValidDayOfWeek_ReturnsLowercaseName(dayOfWeek: Sunday, expectedName: &quot;søndag&quot;)" computerName="RHO-DESKTOP" duration="00:00:00.0000154" startTime="2025-06-30T19:20:51.3395912+02:00" endTime="2025-06-30T19:20:51.3396068+02:00" testType="13cdc9d9-ddb5-4fa4-a97d-d965ccfc6d4b" outcome="Passed" testListId="8c84fa94-04c1-424b-9868-57a2d4851a1d" relativeResultsDirectory="4fe8576a-0848-4e7d-8a80-28ebffbb0c90" />
    <UnitTestResult executionId="2fdc230c-b9e9-463a-b043-9fbe13ee874b" testId="dd048ce7-9ba0-43b9-a761-2b11b4d7a6ad" testName="Aula.Tests.Utilities.WeekLetterContentExtractorTests.ExtractContent_WithException_ReturnsEmptyStringAndLogsError" computerName="RHO-DESKTOP" duration="00:00:00.0178358" startTime="2025-06-30T19:20:50.9400031+02:00" endTime="2025-06-30T19:20:50.9400034+02:00" testType="13cdc9d9-ddb5-4fa4-a97d-d965ccfc6d4b" outcome="Passed" testListId="8c84fa94-04c1-424b-9868-57a2d4851a1d" relativeResultsDirectory="2fdc230c-b9e9-463a-b043-9fbe13ee874b" />
    <UnitTestResult executionId="05911e2b-949a-4967-8472-4b098b471a7f" testId="c64fd3ef-a83e-8804-d6d0-9d8e2ff29cc2" testName="Aula.Tests.Integration.AgentServiceTests.AskQuestionAboutWeekLetterAsync_CallsOpenAiService" computerName="RHO-DESKTOP" duration="00:00:00.0225158" startTime="2025-06-30T19:20:51.6293610+02:00" endTime="2025-06-30T19:20:51.6293612+02:00" testType="13cdc9d9-ddb5-4fa4-a97d-d965ccfc6d4b" outcome="Passed" testListId="8c84fa94-04c1-424b-9868-57a2d4851a1d" relativeResultsDirectory="05911e2b-949a-4967-8472-4b098b471a7f" />
    <UnitTestResult executionId="7e8574ed-b5f2-4f3a-8e8e-78035c932e25" testId="9c0e588a-866b-1517-e5d3-e54c7a4a3de2" testName="Aula.Tests.Configuration.ConfigurationTests.Children_WithMultipleChildren_MaintainsOrder" computerName="RHO-DESKTOP" duration="00:00:00.0059385" startTime="2025-06-30T19:20:51.7776593+02:00" endTime="2025-06-30T19:20:51.7776595+02:00" testType="13cdc9d9-ddb5-4fa4-a97d-d965ccfc6d4b" outcome="Passed" testListId="8c84fa94-04c1-424b-9868-57a2d4851a1d" relativeResultsDirectory="7e8574ed-b5f2-4f3a-8e8e-78035c932e25" />
    <UnitTestResult executionId="deb6f9fc-c4e7-40be-bc41-8c74e8ddff63" testId="abccacca-7bbc-accb-c206-54d138eb3775" testName="Aula.Tests.Utilities.FollowUpQuestionDetectorTests.IsFollowUpQuestion_WithUnicodeChildNames_WorksCorrectly(input: &quot;søren&quot;)" computerName="RHO-DESKTOP" duration="00:00:00.0000760" startTime="2025-06-30T19:20:50.9134807+02:00" endTime="2025-06-30T19:20:50.9134808+02:00" testType="13cdc9d9-ddb5-4fa4-a97d-d965ccfc6d4b" outcome="Passed" testListId="8c84fa94-04c1-424b-9868-57a2d4851a1d" relativeResultsDirectory="deb6f9fc-c4e7-40be-bc41-8c74e8ddff63" />
    <UnitTestResult executionId="7f35544e-e56c-4fdc-b31d-506d10b7f62b" testId="4854f432-ed08-b528-1fc8-b51b93105d76" testName="Aula.Tests.Services.OpenAiServiceIntegrationTests.Constructor_WithCustomModel_UsesSpecifiedModel" computerName="RHO-DESKTOP" duration="00:00:00.0004854" startTime="2025-06-30T19:20:50.9882352+02:00" endTime="2025-06-30T19:20:50.9882354+02:00" testType="13cdc9d9-ddb5-4fa4-a97d-d965ccfc6d4b" outcome="Failed" testListId="8c84fa94-04c1-424b-9868-57a2d4851a1d" relativeResultsDirectory="7f35544e-e56c-4fdc-b31d-506d10b7f62b">
      <Output>
        <ErrorInfo>
          <Message>System.ArgumentException : Can not instantiate proxy of class: Aula.Tools.AiToolsManager.
Could not find a parameterless constructor. (Parameter 'constructorArguments')
---- System.MissingMethodException : Constructor on type 'Castle.Proxies.AiToolsManagerProxy' not found.</Message>
          <StackTrace>   at Castle.DynamicProxy.ProxyGenerator.CreateClassProxyInstance(Type proxyType, List`1 proxyArguments, Type classToProxy, Object[] constructorArguments)
   at Castle.DynamicProxy.ProxyGenerator.CreateClassProxy(Type classToProxy, Type[] additionalInterfacesToProxy, ProxyGenerationOptions options, Object[] constructorArguments, IInterceptor[] interceptors)
   at Moq.CastleProxyFactory.CreateProxy(Type mockType, IInterceptor interceptor, Type[] interfaces, Object[] arguments) in /_/src/Moq/Interception/CastleProxyFactory.cs:line 62
   at Moq.Mock`1.InitializeInstance() in /_/src/Moq/Mock`1.cs:line 309
   at Moq.Mock`1.OnGetObject() in /_/src/Moq/Mock`1.cs:line 323
   at Moq.Mock.get_Object() in /_/src/Moq/Mock.cs:line 181
   at Moq.Mock`1.get_Object() in /_/src/Moq/Mock`1.cs:line 281
   at Aula.Tests.Services.OpenAiServiceIntegrationTests.Constructor_WithCustomModel_UsesSpecifiedModel() in /mnt/d/git/aula/src/Aula.Tests/Services/OpenAiServiceIntegrationTests.cs:line 79
   at System.RuntimeMethodHandle.InvokeMethod(Object target, Void** arguments, Signature sig, Boolean isConstructor)
   at System.Reflection.MethodBaseInvoker.InvokeWithNoArgs(Object obj, BindingFlags invokeAttr)
----- Inner Stack Trace -----
   at System.RuntimeType.CreateInstanceImpl(BindingFlags bindingAttr, Binder binder, Object[] args, CultureInfo culture)
   at Castle.DynamicProxy.ProxyGenerator.CreateClassProxyInstance(Type proxyType, List`1 proxyArguments, Type classToProxy, Object[] constructorArguments)</StackTrace>
        </ErrorInfo>
      </Output>
    </UnitTestResult>
    <UnitTestResult executionId="6ccc0c05-ff2d-4d37-93a6-5e4145351a6f" testId="64c3a42f-5fe2-4c42-2d16-8dc3ac5ed576" testName="Aula.Tests.Bots.TelegramMessageHandlerTests.HandleMessageAsync_WithReminderCommand_ProcessesMessage(reminderCommand: &quot;slet påmindelse&quot;)" computerName="RHO-DESKTOP" duration="00:00:00.0046590" startTime="2025-06-30T19:20:51.2780393+02:00" endTime="2025-06-30T19:20:51.2780394+02:00" testType="13cdc9d9-ddb5-4fa4-a97d-d965ccfc6d4b" outcome="Failed" testListId="8c84fa94-04c1-424b-9868-57a2d4851a1d" relativeResultsDirectory="6ccc0c05-ff2d-4d37-93a6-5e4145351a6f">
      <Output>
        <ErrorInfo>
          <Message>System.NotSupportedException : Unsupported expression: u =&gt; u.Id&#xD;
Non-overridable members (here: User.get_Id) may not be used in setup / verification expressions.</Message>
          <StackTrace>   at Moq.Guard.IsOverridable(MethodInfo method, Expression expression) in /_/src/Moq/Guard.cs:line 99
   at Moq.MethodExpectation..ctor(LambdaExpression expression, MethodInfo method, IReadOnlyList`1 arguments, Boolean exactGenericTypeArguments, Boolean skipMatcherInitialization, Boolean allowNonOverridable) in /_/src/Moq/MethodExpectation.cs:line 87
   at Moq.ExpressionExtensions.&lt;Split&gt;g__Split|5_0(Expression e, Expression&amp; r, MethodExpectation&amp; p, Boolean assignment, Boolean allowNonOverridableLastProperty) in /_/src/Moq/ExpressionExtensions.cs:line 326
   at Moq.ExpressionExtensions.Split(LambdaExpression expression, Boolean allowNonOverridableLastProperty) in /_/src/Moq/ExpressionExtensions.cs:line 149
   at Moq.Mock.SetupRecursive[TSetup](Mock mock, LambdaExpression expression, Func`4 setupLast, Boolean allowNonOverridableLastProperty) in /_/src/Moq/Mock.cs:line 645
   at Moq.Mock.Setup(Mock mock, LambdaExpression expression, Condition condition) in /_/src/Moq/Mock.cs:line 500
   at Moq.Mock.SetupGet(Mock mock, LambdaExpression expression, Condition condition) in /_/src/Moq/Mock.cs:line 518
   at Moq.Mock`1.SetupGet[TProperty](Expression`1 expression) in /_/src/Moq/Mock`1.cs:line 473
   at Aula.Tests.Bots.TelegramTestMessageFactory.CreateTextMessage(Int64 chatId, String text, ChatType chatType, Int32 messageId, String firstName, String username) in /mnt/d/git/aula/src/Aula.Tests/Bots/TelegramTestMessageFactory.cs:line 18
   at Aula.Tests.Bots.TelegramMessageHandlerTests.HandleMessageAsync_WithReminderCommand_ProcessesMessage(String reminderCommand) in /mnt/d/git/aula/src/Aula.Tests/Bots/TelegramMessageHandlerTests.cs:line 299
--- End of stack trace from previous location ---</StackTrace>
        </ErrorInfo>
      </Output>
    </UnitTestResult>
    <UnitTestResult executionId="f675c575-dacd-4205-b8f0-f7a96eeddb3f" testId="5b2ca5e4-e86c-3f28-8244-339071e7c3be" testName="Aula.Tests.Utilities.FollowUpQuestionDetectorTests.IsFollowUpQuestion_WithFullChildNames_WorksCorrectly(input: &quot;hvad med TestChild2&quot;)" computerName="RHO-DESKTOP" duration="00:00:00.0000721" startTime="2025-06-30T19:20:50.9193451+02:00" endTime="2025-06-30T19:20:50.9193452+02:00" testType="13cdc9d9-ddb5-4fa4-a97d-d965ccfc6d4b" outcome="Passed" testListId="8c84fa94-04c1-424b-9868-57a2d4851a1d" relativeResultsDirectory="f675c575-dacd-4205-b8f0-f7a96eeddb3f" />
    <UnitTestResult executionId="7478ab67-5f00-4d6d-8fd7-e24c466a930f" testId="3d8b8df4-6a66-e4e9-3346-33a22f2ef410" testName="Aula.Tests.Utilities.Html2SlackMarkdownConverterTests.Convert_WithComplexNesting_HandlesCorrectly" computerName="RHO-DESKTOP" duration="00:00:00.0045411" startTime="2025-06-30T19:20:51.6906607+02:00" endTime="2025-06-30T19:20:51.6906608+02:00" testType="13cdc9d9-ddb5-4fa4-a97d-d965ccfc6d4b" outcome="Passed" testListId="8c84fa94-04c1-424b-9868-57a2d4851a1d" relativeResultsDirectory="7478ab67-5f00-4d6d-8fd7-e24c466a930f" />
    <UnitTestResult executionId="62f3d7ee-c4f5-433c-8827-aa74957465c1" testId="65a382e3-c1e3-08ef-c35f-11020ff7747f" testName="Aula.Tests.Bots.SlackMessageHandlerTests.HandleMessageAsync_WithEmptyText_ReturnsFalse" computerName="RHO-DESKTOP" duration="00:00:00.0007481" startTime="2025-06-30T19:20:55.2014460+02:00" endTime="2025-06-30T19:20:55.2014461+02:00" testType="13cdc9d9-ddb5-4fa4-a97d-d965ccfc6d4b" outcome="Passed" testListId="8c84fa94-04c1-424b-9868-57a2d4851a1d" relativeResultsDirectory="62f3d7ee-c4f5-433c-8827-aa74957465c1" />
    <UnitTestResult executionId="46855a97-813a-451e-9fd7-c33cbbdf7d3e" testId="bf6936c5-c569-cff2-295a-80008bcc4af4" testName="Aula.Tests.Utilities.IntentAnalysisPromptsTests.ToolExamples_ContainsRequiredKeys(key: &quot;GET_CURRENT_TIME&quot;)" computerName="RHO-DESKTOP" duration="00:00:00.0000092" startTime="2025-06-30T19:20:51.4172972+02:00" endTime="2025-06-30T19:20:51.4172974+02:00" testType="13cdc9d9-ddb5-4fa4-a97d-d965ccfc6d4b" outcome="Passed" testListId="8c84fa94-04c1-424b-9868-57a2d4851a1d" relativeResultsDirectory="46855a97-813a-451e-9fd7-c33cbbdf7d3e" />
    <UnitTestResult executionId="b3c94b96-fd01-43f8-8f36-d4b04d183bf9" testId="68fca5a0-0889-490e-ec2f-406de7ad763a" testName="Aula.Tests.Integration.MinUddannelseClientTests.GetWeekLetter_ReturnsWeekLetter_WhenApiReturnsData" computerName="RHO-DESKTOP" duration="00:00:00.0093620" startTime="2025-06-30T19:20:51.4599264+02:00" endTime="2025-06-30T19:20:51.4599266+02:00" testType="13cdc9d9-ddb5-4fa4-a97d-d965ccfc6d4b" outcome="Passed" testListId="8c84fa94-04c1-424b-9868-57a2d4851a1d" relativeResultsDirectory="b3c94b96-fd01-43f8-8f36-d4b04d183bf9" />
    <UnitTestResult executionId="751c936c-0199-4fbd-8bff-ea2fc5ff6d35" testId="df512aea-e2d8-dde7-2eb7-20bcbade34bc" testName="Aula.Tests.Services.OpenAiServiceIntegrationTests.SummarizeWeekLetterAsync_WithValidWeekLetter_CallsApiWithCorrectParameters" computerName="RHO-DESKTOP" duration="00:00:00.0146884" startTime="2025-06-30T19:20:51.2511988+02:00" endTime="2025-06-30T19:20:51.2511990+02:00" testType="13cdc9d9-ddb5-4fa4-a97d-d965ccfc6d4b" outcome="Failed" testListId="8c84fa94-04c1-424b-9868-57a2d4851a1d" relativeResultsDirectory="751c936c-0199-4fbd-8bff-ea2fc5ff6d35">
      <Output>
        <ErrorInfo>
          <Message>System.ArgumentException : Can not instantiate proxy of class: Aula.Tools.AiToolsManager.
Could not find a parameterless constructor. (Parameter 'constructorArguments')
---- System.MissingMethodException : Constructor on type 'Castle.Proxies.AiToolsManagerProxy' not found.</Message>
          <StackTrace>   at Castle.DynamicProxy.ProxyGenerator.CreateClassProxyInstance(Type proxyType, List`1 proxyArguments, Type classToProxy, Object[] constructorArguments)
   at Castle.DynamicProxy.ProxyGenerator.CreateClassProxy(Type classToProxy, Type[] additionalInterfacesToProxy, ProxyGenerationOptions options, Object[] constructorArguments, IInterceptor[] interceptors)
   at Moq.CastleProxyFactory.CreateProxy(Type mockType, IInterceptor interceptor, Type[] interfaces, Object[] arguments) in /_/src/Moq/Interception/CastleProxyFactory.cs:line 62
   at Moq.Mock`1.InitializeInstance() in /_/src/Moq/Mock`1.cs:line 309
   at Moq.Mock`1.OnGetObject() in /_/src/Moq/Mock`1.cs:line 323
   at Moq.Mock.get_Object() in /_/src/Moq/Mock.cs:line 181
   at Moq.Mock`1.get_Object() in /_/src/Moq/Mock`1.cs:line 281
   at Aula.Tests.Services.OpenAiServiceIntegrationTests.SummarizeWeekLetterAsync_WithValidWeekLetter_CallsApiWithCorrectParameters() in /mnt/d/git/aula/src/Aula.Tests/Services/OpenAiServiceIntegrationTests.cs:line 185
--- End of stack trace from previous location ---
----- Inner Stack Trace -----
   at System.RuntimeType.CreateInstanceImpl(BindingFlags bindingAttr, Binder binder, Object[] args, CultureInfo culture)
   at Castle.DynamicProxy.ProxyGenerator.CreateClassProxyInstance(Type proxyType, List`1 proxyArguments, Type classToProxy, Object[] constructorArguments)</StackTrace>
        </ErrorInfo>
      </Output>
    </UnitTestResult>
    <UnitTestResult executionId="6faf0148-0f07-4ea7-ad9d-51871f89e18c" testId="67ae9fcb-a62e-08fc-97ed-d2d4f6f5c1d0" testName="Aula.Tests.Services.DataModelTests.RetryAttempt_DefaultConstructor_InitializesCorrectly" computerName="RHO-DESKTOP" duration="00:00:00.0017740" startTime="2025-06-30T19:20:50.8583461+02:00" endTime="2025-06-30T19:20:50.8583462+02:00" testType="13cdc9d9-ddb5-4fa4-a97d-d965ccfc6d4b" outcome="Passed" testListId="8c84fa94-04c1-424b-9868-57a2d4851a1d" relativeResultsDirectory="6faf0148-0f07-4ea7-ad9d-51871f89e18c" />
    <UnitTestResult executionId="ffdf42ca-46ba-4d93-8217-00b972f57fcb" testId="0d3d8599-f426-1393-a900-8c97239c2db0" testName="Aula.Tests.Bots.SlackMessageHandlerTests.Constructor_WithNullChildrenByName_ThrowsArgumentNullException" computerName="RHO-DESKTOP" duration="00:00:00.0005741" startTime="2025-06-30T19:20:55.2022453+02:00" endTime="2025-06-30T19:20:55.2022454+02:00" testType="13cdc9d9-ddb5-4fa4-a97d-d965ccfc6d4b" outcome="Passed" testListId="8c84fa94-04c1-424b-9868-57a2d4851a1d" relativeResultsDirectory="ffdf42ca-46ba-4d93-8217-00b972f57fcb" />
    <UnitTestResult executionId="7c7a7750-ee22-41d1-9aba-bdf36a19a078" testId="d79cfa86-e515-004d-fe4e-214ac35ead55" testName="Aula.Tests.Utilities.FollowUpQuestionDetectorTests.IsFollowUpQuestion_WithPunctuationAroundChildName_WorksCorrectly(input: &quot;Emma's&quot;)" computerName="RHO-DESKTOP" duration="00:00:00.0001072" startTime="2025-06-30T19:20:50.9489775+02:00" endTime="2025-06-30T19:20:50.9489777+02:00" testType="13cdc9d9-ddb5-4fa4-a97d-d965ccfc6d4b" outcome="Passed" testListId="8c84fa94-04c1-424b-9868-57a2d4851a1d" relativeResultsDirectory="7c7a7750-ee22-41d1-9aba-bdf36a19a078" />
    <UnitTestResult executionId="1f3fc3a3-6379-46ab-ac46-8968d2149702" testId="7603ab70-2625-ab42-8d9e-7a15863cfd1c" testName="Aula.Tests.Utilities.DateTimeUtilitiesTests.GetDanishDayName_ValidDayOfWeek_ReturnsCorrectDanishName(dayOfWeek: Sunday, expectedDanishName: &quot;søndag&quot;)" computerName="RHO-DESKTOP" duration="00:00:00.0000033" startTime="2025-06-30T19:20:51.3138521+02:00" endTime="2025-06-30T19:20:51.3138523+02:00" testType="13cdc9d9-ddb5-4fa4-a97d-d965ccfc6d4b" outcome="Passed" testListId="8c84fa94-04c1-424b-9868-57a2d4851a1d" relativeResultsDirectory="1f3fc3a3-6379-46ab-ac46-8968d2149702" />
    <UnitTestResult executionId="b0afebab-8cb4-4f51-b821-0b56e2b70f0e" testId="20d1a661-1ac8-24a1-ac68-136a1cca5ab9" testName="Aula.Tests.Services.DataModelTests.Reminder_CreatedBy_HandlesValues(createdBy: &quot;bot&quot;, shouldAccept: True)" computerName="RHO-DESKTOP" duration="00:00:00.0005285" startTime="2025-06-30T19:20:50.8533993+02:00" endTime="2025-06-30T19:20:50.8533994+02:00" testType="13cdc9d9-ddb5-4fa4-a97d-d965ccfc6d4b" outcome="Passed" testListId="8c84fa94-04c1-424b-9868-57a2d4851a1d" relativeResultsDirectory="b0afebab-8cb4-4f51-b821-0b56e2b70f0e" />
    <UnitTestResult executionId="d86a420c-6e5e-4af7-a7ae-16a92cedacca" testId="a3d75b2a-aedf-2885-f27f-a7945f978fce" testName="Aula.Tests.Utilities.IntentAnalysisPromptsTests.ToolExamples_ContainsRequiredKeys(key: &quot;INFORMATION_QUERY_DANISH&quot;)" computerName="RHO-DESKTOP" duration="00:00:00.0000061" startTime="2025-06-30T19:20:51.4235165+02:00" endTime="2025-06-30T19:20:51.4235167+02:00" testType="13cdc9d9-ddb5-4fa4-a97d-d965ccfc6d4b" outcome="Passed" testListId="8c84fa94-04c1-424b-9868-57a2d4851a1d" relativeResultsDirectory="d86a420c-6e5e-4af7-a7ae-16a92cedacca" />
    <UnitTestResult executionId="ef29f8c1-afff-4437-8882-d6955c9a73ba" testId="bd86868a-64af-fa50-efe0-a7e95aa9f5c1" testName="Aula.Tests.Utilities.ReminderExtractionPromptsTests.GetExtractionPrompt_WithSpecialCharactersInQuery_HandlesCorrectly" computerName="RHO-DESKTOP" duration="00:00:00.0001602" startTime="2025-06-30T19:20:51.4260081+02:00" endTime="2025-06-30T19:20:51.4260082+02:00" testType="13cdc9d9-ddb5-4fa4-a97d-d965ccfc6d4b" outcome="Passed" testListId="8c84fa94-04c1-424b-9868-57a2d4851a1d" relativeResultsDirectory="ef29f8c1-afff-4437-8882-d6955c9a73ba" />
    <UnitTestResult executionId="6803422c-6d10-4620-9640-da0c130f902d" testId="c22d3a06-485f-94be-2690-3f00833e186d" testName="Aula.Tests.Channels.SlackBotTests.PostWeekLetter_WithVariousChildNames_HandlesCorrectly(firstName: &quot;Alice&quot;)" computerName="RHO-DESKTOP" duration="00:00:00.0009811" startTime="2025-06-30T19:20:51.5879792+02:00" endTime="2025-06-30T19:20:51.5879794+02:00" testType="13cdc9d9-ddb5-4fa4-a97d-d965ccfc6d4b" outcome="Passed" testListId="8c84fa94-04c1-424b-9868-57a2d4851a1d" relativeResultsDirectory="6803422c-6d10-4620-9640-da0c130f902d" />
    <UnitTestResult executionId="567ebe73-2170-4065-99b2-089e7043bd11" testId="abcb3b7f-4c07-2d28-fb29-7bc03942e3cd" testName="Aula.Tests.Bots.SlackMessageHandlerTests.Constructor_WithNullConversationContext_ThrowsArgumentNullException" computerName="RHO-DESKTOP" duration="00:00:00.0007362" startTime="2025-06-30T19:20:55.1982773+02:00" endTime="2025-06-30T19:20:55.1982774+02:00" testType="13cdc9d9-ddb5-4fa4-a97d-d965ccfc6d4b" outcome="Passed" testListId="8c84fa94-04c1-424b-9868-57a2d4851a1d" relativeResultsDirectory="567ebe73-2170-4065-99b2-089e7043bd11" />
    <UnitTestResult executionId="a4d80608-b0e2-439a-a570-80929db869a4" testId="453c772e-3476-db11-1625-b8f0377bbbd8" testName="Aula.Tests.Utilities.WeekLetterContentExtractorTests.ExtractContent_Dynamic_WithEmptyArray_ReturnsEmptyString" computerName="RHO-DESKTOP" duration="00:00:00.1384616" startTime="2025-06-30T19:20:50.9230832+02:00" endTime="2025-06-30T19:20:50.9230833+02:00" testType="13cdc9d9-ddb5-4fa4-a97d-d965ccfc6d4b" outcome="Passed" testListId="8c84fa94-04c1-424b-9868-57a2d4851a1d" relativeResultsDirectory="a4d80608-b0e2-439a-a570-80929db869a4" />
    <UnitTestResult executionId="fbc2023c-26ff-44d5-a202-7c6fa99c79ac" testId="9fb6d1c8-d9db-0b5a-c536-bcb6a92aad22" testName="Aula.Tests.Utilities.IntentAnalysisPromptsTests.ToolExamples_AllEntriesFollowExpectedFormat" computerName="RHO-DESKTOP" duration="00:00:00.0003396" startTime="2025-06-30T19:20:51.4577745+02:00" endTime="2025-06-30T19:20:51.4577746+02:00" testType="13cdc9d9-ddb5-4fa4-a97d-d965ccfc6d4b" outcome="Passed" testListId="8c84fa94-04c1-424b-9868-57a2d4851a1d" relativeResultsDirectory="fbc2023c-26ff-44d5-a202-7c6fa99c79ac" />
    <UnitTestResult executionId="68f0505b-8542-43df-9585-338f3eae4d70" testId="f3b6f74b-87b3-fd71-9913-805f7e4c5e0e" testName="Aula.Tests.Channels.SlackBotTests.PostMessage_WithVariousMessages_DoesNotThrow(message: &quot;Message with special chars: @#$%&quot;)" computerName="RHO-DESKTOP" duration="00:00:00.0010470" startTime="2025-06-30T19:20:51.5891887+02:00" endTime="2025-06-30T19:20:51.5891888+02:00" testType="13cdc9d9-ddb5-4fa4-a97d-d965ccfc6d4b" outcome="Passed" testListId="8c84fa94-04c1-424b-9868-57a2d4851a1d" relativeResultsDirectory="68f0505b-8542-43df-9585-338f3eae4d70" />
    <UnitTestResult executionId="6a7577d0-9019-4f38-b2e4-e54fc81180f9" testId="f36a6d06-62fb-7dca-c729-24e28498b2d7" testName="Aula.Tests.Services.DataModelTests.RetryAttempt_WithProperties_SetsCorrectly" computerName="RHO-DESKTOP" duration="00:00:00.0012082" startTime="2025-06-30T19:20:50.8721159+02:00" endTime="2025-06-30T19:20:50.8721160+02:00" testType="13cdc9d9-ddb5-4fa4-a97d-d965ccfc6d4b" outcome="Passed" testListId="8c84fa94-04c1-424b-9868-57a2d4851a1d" relativeResultsDirectory="6a7577d0-9019-4f38-b2e4-e54fc81180f9" />
    <UnitTestResult executionId="ae139fe6-ecce-4f14-91d0-215e1dc3c686" testId="c7840475-aca4-af75-0ca9-66bc604a8dbe" testName="Aula.Tests.Tools.ReminderCommandHandlerTests.TryHandleReminderCommand_DateParsing_TomorrowAndToday_WorksCorrectly" computerName="RHO-DESKTOP" duration="00:00:00.0079135" startTime="2025-06-30T19:20:51.6286594+02:00" endTime="2025-06-30T19:20:51.6286595+02:00" testType="13cdc9d9-ddb5-4fa4-a97d-d965ccfc6d4b" outcome="Passed" testListId="8c84fa94-04c1-424b-9868-57a2d4851a1d" relativeResultsDirectory="ae139fe6-ecce-4f14-91d0-215e1dc3c686" />
    <UnitTestResult executionId="6e447930-b58d-41de-a13d-be7947fbf881" testId="51d4bf94-02a4-6db7-00c2-b23d3d85cac5" testName="Aula.Tests.Scheduling.SchedulingServiceIntegrationTests.StopAsync_WithoutStart_DoesNotThrow" computerName="RHO-DESKTOP" duration="00:00:00.1821594" startTime="2025-06-30T19:20:50.9403673+02:00" endTime="2025-06-30T19:20:50.9403675+02:00" testType="13cdc9d9-ddb5-4fa4-a97d-d965ccfc6d4b" outcome="Passed" testListId="8c84fa94-04c1-424b-9868-57a2d4851a1d" relativeResultsDirectory="6e447930-b58d-41de-a13d-be7947fbf881" />
    <UnitTestResult executionId="8f0eb5bb-6461-43d4-b822-045c201010b5" testId="db1ac5c7-4d71-7640-4051-517cc2b3de0c" testName="Aula.Tests.Scheduling.SchedulingServiceIntegrationTests.Service_WithDifferentBotConfigurations_WorksCorrectly(slackEnabled: False, telegramEnabled: True)" computerName="RHO-DESKTOP" duration="00:00:00.0028055" startTime="2025-06-30T19:20:51.0108190+02:00" endTime="2025-06-30T19:20:51.0108193+02:00" testType="13cdc9d9-ddb5-4fa4-a97d-d965ccfc6d4b" outcome="Passed" testListId="8c84fa94-04c1-424b-9868-57a2d4851a1d" relativeResultsDirectory="8f0eb5bb-6461-43d4-b822-045c201010b5" />
    <UnitTestResult executionId="792cb08e-6882-4a62-a129-68a13ec975ba" testId="8ed7f52f-1c34-83a4-64c7-0e5853b67b53" testName="Aula.Tests.Tools.ReminderCommandHandlerTests.TryHandleReminderCommand_AddReminder_ValidFormats_ReturnsSuccess(command: &quot;remind me today at 15:30 that Emma has piano lesso&quot;···, isEnglish: True, expectedChildName: &quot;Emma Marie&quot;)" computerName="RHO-DESKTOP" duration="00:00:00.0203097" startTime="2025-06-30T19:20:51.5076611+02:00" endTime="2025-06-30T19:20:51.5076612+02:00" testType="13cdc9d9-ddb5-4fa4-a97d-d965ccfc6d4b" outcome="Passed" testListId="8c84fa94-04c1-424b-9868-57a2d4851a1d" relativeResultsDirectory="792cb08e-6882-4a62-a129-68a13ec975ba" />
    <UnitTestResult executionId="a51c604c-37f1-43ff-b01c-ff907f3be42d" testId="228e40b4-0ca4-d75a-7a58-46117a34fee9" testName="Aula.Tests.Utilities.DateTimeUtilitiesTests.GetDanishDayName_ValidDayOfWeek_ReturnsCorrectDanishName(dayOfWeek: Tuesday, expectedDanishName: &quot;tirsdag&quot;)" computerName="RHO-DESKTOP" duration="00:00:00.0000033" startTime="2025-06-30T19:20:51.3131909+02:00" endTime="2025-06-30T19:20:51.3131911+02:00" testType="13cdc9d9-ddb5-4fa4-a97d-d965ccfc6d4b" outcome="Passed" testListId="8c84fa94-04c1-424b-9868-57a2d4851a1d" relativeResultsDirectory="a51c604c-37f1-43ff-b01c-ff907f3be42d" />
    <UnitTestResult executionId="0396a801-ffcd-4b79-a7e0-e74f2165f050" testId="239e373d-1755-bda9-a91e-cb58a8bc8bcf" testName="Aula.Tests.Bots.TelegramMessageHandlerTests.Constructor_WithNullLogger_ThrowsArgumentNullException" computerName="RHO-DESKTOP" duration="00:00:00.0010168" startTime="2025-06-30T19:20:51.3658535+02:00" endTime="2025-06-30T19:20:51.3658537+02:00" testType="13cdc9d9-ddb5-4fa4-a97d-d965ccfc6d4b" outcome="Passed" testListId="8c84fa94-04c1-424b-9868-57a2d4851a1d" relativeResultsDirectory="0396a801-ffcd-4b79-a7e0-e74f2165f050" />
    <UnitTestResult executionId="dfab1acd-276a-4e5a-9ac1-007247bd6014" testId="533b2a5c-a19c-cf24-eb9a-f995ca4d2974" testName="Aula.Tests.Utilities.Html2SlackMarkdownConverterTests.Convert_WithInvalidHtml_HandlesGracefully" computerName="RHO-DESKTOP" duration="00:00:00.0093170" startTime="2025-06-30T19:20:51.6847096+02:00" endTime="2025-06-30T19:20:51.6847097+02:00" testType="13cdc9d9-ddb5-4fa4-a97d-d965ccfc6d4b" outcome="Passed" testListId="8c84fa94-04c1-424b-9868-57a2d4851a1d" relativeResultsDirectory="dfab1acd-276a-4e5a-9ac1-007247bd6014" />
    <UnitTestResult executionId="b3cada10-dc02-4721-8700-7f9b83fd4e2e" testId="c7ba7dd8-e3e6-46dc-0605-cbeb66092785" testName="Aula.Tests.Utilities.WeekLetterContentExtractorTests.ExtractContent_WithEmptyUgebreve_ReturnsEmptyString" computerName="RHO-DESKTOP" duration="00:00:00.0000914" startTime="2025-06-30T19:20:50.8055246+02:00" endTime="2025-06-30T19:20:50.8055247+02:00" testType="13cdc9d9-ddb5-4fa4-a97d-d965ccfc6d4b" outcome="Passed" testListId="8c84fa94-04c1-424b-9868-57a2d4851a1d" relativeResultsDirectory="b3cada10-dc02-4721-8700-7f9b83fd4e2e" />
    <UnitTestResult executionId="662b0fc3-01c2-44e9-8b8b-0ddc14c4c7af" testId="e64ab231-01c1-e586-c097-a5bc789dc9e3" testName="Aula.Tests.Bots.TelegramMessageHandlerTests.HandleMessageAsync_WithEmptyText_ReturnsEarly" computerName="RHO-DESKTOP" duration="00:00:00.0041507" startTime="2025-06-30T19:20:51.2535543+02:00" endTime="2025-06-30T19:20:51.2535546+02:00" testType="13cdc9d9-ddb5-4fa4-a97d-d965ccfc6d4b" outcome="Failed" testListId="8c84fa94-04c1-424b-9868-57a2d4851a1d" relativeResultsDirectory="662b0fc3-01c2-44e9-8b8b-0ddc14c4c7af">
      <Output>
        <ErrorInfo>
          <Message>System.NotSupportedException : Unsupported expression: u =&gt; u.Id&#xD;
Non-overridable members (here: User.get_Id) may not be used in setup / verification expressions.</Message>
          <StackTrace>   at Moq.Guard.IsOverridable(MethodInfo method, Expression expression) in /_/src/Moq/Guard.cs:line 99
   at Moq.MethodExpectation..ctor(LambdaExpression expression, MethodInfo method, IReadOnlyList`1 arguments, Boolean exactGenericTypeArguments, Boolean skipMatcherInitialization, Boolean allowNonOverridable) in /_/src/Moq/MethodExpectation.cs:line 87
   at Moq.ExpressionExtensions.&lt;Split&gt;g__Split|5_0(Expression e, Expression&amp; r, MethodExpectation&amp; p, Boolean assignment, Boolean allowNonOverridableLastProperty) in /_/src/Moq/ExpressionExtensions.cs:line 326
   at Moq.ExpressionExtensions.Split(LambdaExpression expression, Boolean allowNonOverridableLastProperty) in /_/src/Moq/ExpressionExtensions.cs:line 149
   at Moq.Mock.SetupRecursive[TSetup](Mock mock, LambdaExpression expression, Func`4 setupLast, Boolean allowNonOverridableLastProperty) in /_/src/Moq/Mock.cs:line 645
   at Moq.Mock.Setup(Mock mock, LambdaExpression expression, Condition condition) in /_/src/Moq/Mock.cs:line 500
   at Moq.Mock.SetupGet(Mock mock, LambdaExpression expression, Condition condition) in /_/src/Moq/Mock.cs:line 518
   at Moq.Mock`1.SetupGet[TProperty](Expression`1 expression) in /_/src/Moq/Mock`1.cs:line 473
   at Aula.Tests.Bots.TelegramTestMessageFactory.CreateTextMessage(Int64 chatId, String text, ChatType chatType, Int32 messageId, String firstName, String username) in /mnt/d/git/aula/src/Aula.Tests/Bots/TelegramTestMessageFactory.cs:line 18
   at Aula.Tests.Bots.TelegramMessageHandlerTests.HandleMessageAsync_WithEmptyText_ReturnsEarly() in /mnt/d/git/aula/src/Aula.Tests/Bots/TelegramMessageHandlerTests.cs:line 229
--- End of stack trace from previous location ---</StackTrace>
        </ErrorInfo>
      </Output>
    </UnitTestResult>
    <UnitTestResult executionId="9c621da7-be6f-40a3-9435-bb6ed0a8a360" testId="38a790b1-3578-8062-65d0-8c5f0243d8e8" testName="Aula.Tests.Configuration.ConfigurationTests.Slack_ChannelId_ValidationTests(channelId: &quot;@username&quot;, isValid: True)" computerName="RHO-DESKTOP" duration="00:00:00.0045243" startTime="2025-06-30T19:20:51.8366588+02:00" endTime="2025-06-30T19:20:51.8366589+02:00" testType="13cdc9d9-ddb5-4fa4-a97d-d965ccfc6d4b" outcome="Passed" testListId="8c84fa94-04c1-424b-9868-57a2d4851a1d" relativeResultsDirectory="9c621da7-be6f-40a3-9435-bb6ed0a8a360" />
    <UnitTestResult executionId="003b0317-a71d-4ee7-a7a1-8d346b6b8126" testId="63cce41a-68ed-6ffe-d9f5-762e73c0e405" testName="Aula.Tests.Utilities.JsonFormatterTests.Prettify_WithIncompleteJson_ThrowsException(incompleteJson: &quot;}&quot;)" computerName="RHO-DESKTOP" duration="00:00:00.0021521" startTime="2025-06-30T19:20:51.4860572+02:00" endTime="2025-06-30T19:20:51.4860574+02:00" testType="13cdc9d9-ddb5-4fa4-a97d-d965ccfc6d4b" outcome="Passed" testListId="8c84fa94-04c1-424b-9868-57a2d4851a1d" relativeResultsDirectory="003b0317-a71d-4ee7-a7a1-8d346b6b8126" />
    <UnitTestResult executionId="8f659ed7-d54c-4811-ab9b-0fbf6211e318" testId="69b574fb-ea92-9743-3eea-a9b24f0ad213" testName="Aula.Tests.Bots.TelegramInteractiveBotTests.Constructor_WithDisabledTelegram_ThrowsInvalidOperationException" computerName="RHO-DESKTOP" duration="00:00:00.0018981" startTime="2025-06-30T19:20:52.6111357+02:00" endTime="2025-06-30T19:20:52.6111359+02:00" testType="13cdc9d9-ddb5-4fa4-a97d-d965ccfc6d4b" outcome="Passed" testListId="8c84fa94-04c1-424b-9868-57a2d4851a1d" relativeResultsDirectory="8f659ed7-d54c-4811-ab9b-0fbf6211e318" />
    <UnitTestResult executionId="3ea8cca4-4884-41fc-a6b1-7d8189443673" testId="852f061a-eb76-627b-f7c5-de08154576e3" testName="Aula.Tests.Utilities.ConversationContextManagerTests.UpdateContext_LogsInformation" computerName="RHO-DESKTOP" duration="00:00:00.0143437" startTime="2025-06-30T19:20:51.0895226+02:00" endTime="2025-06-30T19:20:51.0895228+02:00" testType="13cdc9d9-ddb5-4fa4-a97d-d965ccfc6d4b" outcome="Passed" testListId="8c84fa94-04c1-424b-9868-57a2d4851a1d" relativeResultsDirectory="3ea8cca4-4884-41fc-a6b1-7d8189443673" />
    <UnitTestResult executionId="66e6237e-a0d3-4d26-922c-3b0f3eec8543" testId="1f0fe7c3-6c96-e4f5-5773-3174c2ad66d2" testName="Aula.Tests.Utilities.JsonFormatterTests.Prettify_WithIncompleteJson_ThrowsException(incompleteJson: &quot;[&quot;)" computerName="RHO-DESKTOP" duration="00:00:00.0097934" startTime="2025-06-30T19:20:51.4866860+02:00" endTime="2025-06-30T19:20:51.4866863+02:00" testType="13cdc9d9-ddb5-4fa4-a97d-d965ccfc6d4b" outcome="Passed" testListId="8c84fa94-04c1-424b-9868-57a2d4851a1d" relativeResultsDirectory="66e6237e-a0d3-4d26-922c-3b0f3eec8543" />
    <UnitTestResult executionId="6b2ff604-d3d6-4dfe-81a9-4c04e4c2942d" testId="5545fc75-ce9a-79d5-867a-5bec0a88ff66" testName="Aula.Tests.Configuration.ConfigurationTests.Timers_SchedulingInterval_ValidationTests(intervalSeconds: -1, isValid: False)" computerName="RHO-DESKTOP" duration="00:00:00.0055284" startTime="2025-06-30T19:20:51.7448794+02:00" endTime="2025-06-30T19:20:51.7448798+02:00" testType="13cdc9d9-ddb5-4fa4-a97d-d965ccfc6d4b" outcome="Passed" testListId="8c84fa94-04c1-424b-9868-57a2d4851a1d" relativeResultsDirectory="6b2ff604-d3d6-4dfe-81a9-4c04e4c2942d" />
    <UnitTestResult executionId="ed79a45c-da80-485e-a0c2-3cedbb73ab0a" testId="465ed908-4041-5a87-afb1-27b6b5171191" testName="Aula.Tests.Bots.TelegramMessageHandlerTests.Constructor_WithNullSupabaseService_ThrowsArgumentNullException" computerName="RHO-DESKTOP" duration="00:00:00.0014781" startTime="2025-06-30T19:20:51.2719412+02:00" endTime="2025-06-30T19:20:51.2719414+02:00" testType="13cdc9d9-ddb5-4fa4-a97d-d965ccfc6d4b" outcome="Passed" testListId="8c84fa94-04c1-424b-9868-57a2d4851a1d" relativeResultsDirectory="ed79a45c-da80-485e-a0c2-3cedbb73ab0a" />
    <UnitTestResult executionId="68ec414e-3f40-454a-8395-a9807feb4217" testId="f11a9af6-85d6-781d-ccbd-c54d5d82bacf" testName="Aula.Tests.Utilities.FollowUpQuestionDetectorTests.IsFollowUpQuestion_WithEnglishFollowUpPhrases_ReturnsTrue(input: &quot;and?&quot;)" computerName="RHO-DESKTOP" duration="00:00:00.0071146" startTime="2025-06-30T19:20:50.9013408+02:00" endTime="2025-06-30T19:20:50.9013410+02:00" testType="13cdc9d9-ddb5-4fa4-a97d-d965ccfc6d4b" outcome="Passed" testListId="8c84fa94-04c1-424b-9868-57a2d4851a1d" relativeResultsDirectory="68ec414e-3f40-454a-8395-a9807feb4217" />
    <UnitTestResult executionId="dd7ae9a7-a53c-42c3-abea-a9638c6ae759" testId="93edf270-8e20-a2b4-17e8-86af34f9d544" testName="Aula.Tests.Configuration.ConfigurationTests.Timers_SchedulingInterval_ValidationTests(intervalSeconds: 1, isValid: True)" computerName="RHO-DESKTOP" duration="00:00:00.0062557" startTime="2025-06-30T19:20:51.7715265+02:00" endTime="2025-06-30T19:20:51.7715267+02:00" testType="13cdc9d9-ddb5-4fa4-a97d-d965ccfc6d4b" outcome="Passed" testListId="8c84fa94-04c1-424b-9868-57a2d4851a1d" relativeResultsDirectory="dd7ae9a7-a53c-42c3-abea-a9638c6ae759" />
    <UnitTestResult executionId="95670a78-515a-48e9-9d93-207595e6172d" testId="8206dafa-8025-c018-8995-db764f6cc603" testName="Aula.Tests.Scheduling.SchedulingServiceIntegrationTests.Service_WithDifferentBotConfigurations_WorksCorrectly(slackEnabled: True, telegramEnabled: False)" computerName="RHO-DESKTOP" duration="00:00:00.0007284" startTime="2025-06-30T19:20:51.0371420+02:00" endTime="2025-06-30T19:20:51.0371422+02:00" testType="13cdc9d9-ddb5-4fa4-a97d-d965ccfc6d4b" outcome="Passed" testListId="8c84fa94-04c1-424b-9868-57a2d4851a1d" relativeResultsDirectory="95670a78-515a-48e9-9d93-207595e6172d" />
    <UnitTestResult executionId="54d2af56-bcdc-49af-af8e-4ed5832b7717" testId="4b2a2af9-445d-9ecf-64f7-d742a6adefb7" testName="Aula.Tests.Utilities.ConversationContextManagerTests.GetContext_WithNonExistentKey_ReturnsNull" computerName="RHO-DESKTOP" duration="00:00:00.0001901" startTime="2025-06-30T19:20:51.0150668+02:00" endTime="2025-06-30T19:20:51.0150670+02:00" testType="13cdc9d9-ddb5-4fa4-a97d-d965ccfc6d4b" outcome="Passed" testListId="8c84fa94-04c1-424b-9868-57a2d4851a1d" relativeResultsDirectory="54d2af56-bcdc-49af-af8e-4ed5832b7717" />
    <UnitTestResult executionId="ba41e565-6f92-4da8-bec4-c08b3514655d" testId="9ae1ca23-2201-2b3b-6785-ee5758dfd92c" testName="Aula.Tests.Scheduling.SchedulingServiceTests.StartAsync_WithValidSetup_DoesNotThrow" computerName="RHO-DESKTOP" duration="00:00:00.0020937" startTime="2025-06-30T19:20:51.5203329+02:00" endTime="2025-06-30T19:20:51.5203332+02:00" testType="13cdc9d9-ddb5-4fa4-a97d-d965ccfc6d4b" outcome="Passed" testListId="8c84fa94-04c1-424b-9868-57a2d4851a1d" relativeResultsDirectory="ba41e565-6f92-4da8-bec4-c08b3514655d" />
    <UnitTestResult executionId="b70c64c7-44f4-4a01-8fba-aa922ca8a72a" testId="19edb3ba-5e0e-d40b-c4b3-ce48876fbe6a" testName="Aula.Tests.Bots.TelegramInteractiveBotTests.PostWeekLetter_WithDisabledTelegram_LogsWarningAndReturns" computerName="RHO-DESKTOP" duration="00:00:00.0033862" startTime="2025-06-30T19:20:52.6078115+02:00" endTime="2025-06-30T19:20:52.6078116+02:00" testType="13cdc9d9-ddb5-4fa4-a97d-d965ccfc6d4b" outcome="Passed" testListId="8c84fa94-04c1-424b-9868-57a2d4851a1d" relativeResultsDirectory="b70c64c7-44f4-4a01-8fba-aa922ca8a72a" />
    <UnitTestResult executionId="6ade6def-74eb-4b5e-a244-10f2c7bde55e" testId="bf8de978-ede0-2334-cd93-70c2c792931f" testName="Aula.Tests.Services.DataModelTests.ConfigChild_Properties_WorkCorrectly" computerName="RHO-DESKTOP" duration="00:00:00.0007399" startTime="2025-06-30T19:20:50.8506433+02:00" endTime="2025-06-30T19:20:50.8506434+02:00" testType="13cdc9d9-ddb5-4fa4-a97d-d965ccfc6d4b" outcome="Passed" testListId="8c84fa94-04c1-424b-9868-57a2d4851a1d" relativeResultsDirectory="6ade6def-74eb-4b5e-a244-10f2c7bde55e" />
    <UnitTestResult executionId="5b457b13-3ad5-4987-bb39-f3367992f381" testId="d4f2af6d-af5d-0e11-cead-324b41b39853" testName="Aula.Tests.Configuration.ConfigurationTests.Slack_ConfigurationIsCorrect" computerName="RHO-DESKTOP" duration="00:00:00.0065899" startTime="2025-06-30T19:20:51.8173576+02:00" endTime="2025-06-30T19:20:51.8173579+02:00" testType="13cdc9d9-ddb5-4fa4-a97d-d965ccfc6d4b" outcome="Passed" testListId="8c84fa94-04c1-424b-9868-57a2d4851a1d" relativeResultsDirectory="5b457b13-3ad5-4987-bb39-f3367992f381" />
    <UnitTestResult executionId="ad57506c-a003-46a7-be75-b5ab7af2cfc7" testId="515b0adc-b2ee-305a-2e4a-324570128aec" testName="Aula.Tests.Bots.TelegramInteractiveBotTests.Start_WithDisabledTelegram_LogsErrorAndReturns" computerName="RHO-DESKTOP" duration="00:00:00.0053619" startTime="2025-06-30T19:20:52.6005163+02:00" endTime="2025-06-30T19:20:52.6005164+02:00" testType="13cdc9d9-ddb5-4fa4-a97d-d965ccfc6d4b" outcome="Passed" testListId="8c84fa94-04c1-424b-9868-57a2d4851a1d" relativeResultsDirectory="ad57506c-a003-46a7-be75-b5ab7af2cfc7" />
    <UnitTestResult executionId="27975a0f-c164-404c-a28f-73f79b7810c4" testId="88e9ac16-5b29-b780-b558-9573ebf5b489" testName="Aula.Tests.Utilities.IntentAnalysisPromptsTests.ToolExamples_CoverExpectedUseCase(expectedKey: &quot;GET_CURRENT_TIME&quot;, queryPattern: &quot;time&quot;)" computerName="RHO-DESKTOP" duration="00:00:00.0000312" startTime="2025-06-30T19:20:51.3719455+02:00" endTime="2025-06-30T19:20:51.3719458+02:00" testType="13cdc9d9-ddb5-4fa4-a97d-d965ccfc6d4b" outcome="Passed" testListId="8c84fa94-04c1-424b-9868-57a2d4851a1d" relativeResultsDirectory="27975a0f-c164-404c-a28f-73f79b7810c4" />
    <UnitTestResult executionId="52da9407-ff80-42d4-b815-49605e672a66" testId="7b9bc6fb-eef9-8cc3-8ceb-2e893b8c1bdf" testName="Aula.Tests.Utilities.DateTimeUtilitiesTests.GetDanishDayName_AllValidDaysOfWeek_ReturnsNonEmptyString(dayOfWeek: Thursday)" computerName="RHO-DESKTOP" duration="00:00:00.0003234" startTime="2025-06-30T19:20:51.3212829+02:00" endTime="2025-06-30T19:20:51.3212830+02:00" testType="13cdc9d9-ddb5-4fa4-a97d-d965ccfc6d4b" outcome="Passed" testListId="8c84fa94-04c1-424b-9868-57a2d4851a1d" relativeResultsDirectory="52da9407-ff80-42d4-b815-49605e672a66" />
    <UnitTestResult executionId="33d271cc-7fe5-481b-ad3f-c32356accba5" testId="aa45be65-ee7b-6980-b008-5b44e798506b" testName="Aula.Tests.Channels.SlackBotTests.PostWeekLetter_WithVariousChildColors_HandlesCorrectly(color: &quot;#FF0000&quot;)" computerName="RHO-DESKTOP" duration="00:00:00.0008846" startTime="2025-06-30T19:20:51.6019172+02:00" endTime="2025-06-30T19:20:51.6019173+02:00" testType="13cdc9d9-ddb5-4fa4-a97d-d965ccfc6d4b" outcome="Passed" testListId="8c84fa94-04c1-424b-9868-57a2d4851a1d" relativeResultsDirectory="33d271cc-7fe5-481b-ad3f-c32356accba5" />
    <UnitTestResult executionId="65fe8851-7271-4de2-a266-0c40d3563408" testId="0e3d7f53-280f-fde2-203e-143d6dcfdf0a" testName="Aula.Tests.Utilities.ConversationContextTests.ConversationContext_Properties_CanBeSet" computerName="RHO-DESKTOP" duration="00:00:00.0002437" startTime="2025-06-30T19:20:51.2796040+02:00" endTime="2025-06-30T19:20:51.2796042+02:00" testType="13cdc9d9-ddb5-4fa4-a97d-d965ccfc6d4b" outcome="Passed" testListId="8c84fa94-04c1-424b-9868-57a2d4851a1d" relativeResultsDirectory="65fe8851-7271-4de2-a266-0c40d3563408" />
    <UnitTestResult executionId="783b9590-dc9c-4600-a40e-b13b897d0264" testId="a6c6eedb-804b-f291-bd53-e5fa9809816a" testName="Aula.Tests.Services.DataServiceTests.CacheWeekLetter_StoresDataInCache" computerName="RHO-DESKTOP" duration="00:00:00.0127341" startTime="2025-06-30T19:20:51.2729203+02:00" endTime="2025-06-30T19:20:51.2729204+02:00" testType="13cdc9d9-ddb5-4fa4-a97d-d965ccfc6d4b" outcome="Passed" testListId="8c84fa94-04c1-424b-9868-57a2d4851a1d" relativeResultsDirectory="783b9590-dc9c-4600-a40e-b13b897d0264" />
    <UnitTestResult executionId="4c0d331e-24c0-4af0-9cb6-97c99438be23" testId="2c3d4776-5def-fbfc-180a-60513ca0400e" testName="Aula.Tests.Bots.TelegramMessageHandlerTests.Constructor_WithNullChildrenByName_ThrowsArgumentNullException" computerName="RHO-DESKTOP" duration="00:00:00.0015894" startTime="2025-06-30T19:20:51.3279541+02:00" endTime="2025-06-30T19:20:51.3279542+02:00" testType="13cdc9d9-ddb5-4fa4-a97d-d965ccfc6d4b" outcome="Passed" testListId="8c84fa94-04c1-424b-9868-57a2d4851a1d" relativeResultsDirectory="4c0d331e-24c0-4af0-9cb6-97c99438be23" />
    <UnitTestResult executionId="32d3d5ec-7c45-44b1-9bc9-28c0cc1ab795" testId="eedd43d6-efa5-b90c-89ed-190e198315e6" testName="Aula.Tests.Configuration.ConfigurationTests.UniLogin_WithInvalidCredentials_HandlesGracefully(invalidValue: null)" computerName="RHO-DESKTOP" duration="00:00:00.0113172" startTime="2025-06-30T19:20:51.8105190+02:00" endTime="2025-06-30T19:20:51.8105192+02:00" testType="13cdc9d9-ddb5-4fa4-a97d-d965ccfc6d4b" outcome="Passed" testListId="8c84fa94-04c1-424b-9868-57a2d4851a1d" relativeResultsDirectory="32d3d5ec-7c45-44b1-9bc9-28c0cc1ab795" />
    <UnitTestResult executionId="dc93cfa7-ed02-4cea-9530-ab937073f7ce" testId="754e15f9-7164-4540-0902-34db6317ccfc" testName="Aula.Tests.Utilities.IntentAnalysisPromptsTests.AnalysisTemplate_IsNotEmpty" computerName="RHO-DESKTOP" duration="00:00:00.0000839" startTime="2025-06-30T19:20:51.4298638+02:00" endTime="2025-06-30T19:20:51.4298639+02:00" testType="13cdc9d9-ddb5-4fa4-a97d-d965ccfc6d4b" outcome="Passed" testListId="8c84fa94-04c1-424b-9868-57a2d4851a1d" relativeResultsDirectory="dc93cfa7-ed02-4cea-9530-ab937073f7ce" />
    <UnitTestResult executionId="f0f64c46-328c-49a4-ab21-e9e15dd8da8f" testId="42c9038e-83ab-bae5-c7e8-73f806c72d2a" testName="Aula.Tests.Configuration.ConfigurationTests.Timers_AdaptivePollingLimits_ValidationTests(minSeconds: 5, maxSeconds: 0, isValid: False)" computerName="RHO-DESKTOP" duration="00:00:00.0226371" startTime="2025-06-30T19:20:51.6477573+02:00" endTime="2025-06-30T19:20:51.6477574+02:00" testType="13cdc9d9-ddb5-4fa4-a97d-d965ccfc6d4b" outcome="Passed" testListId="8c84fa94-04c1-424b-9868-57a2d4851a1d" relativeResultsDirectory="f0f64c46-328c-49a4-ab21-e9e15dd8da8f" />
    <UnitTestResult executionId="b1ff1b76-6808-46f4-a4c2-0a731743aee7" testId="549e360d-ab9b-62ef-01b0-030fc984eb0c" testName="Aula.Tests.Utilities.ConversationContextManagerTests.UpdateContext_WithNullChildName_AllowsNull" computerName="RHO-DESKTOP" duration="00:00:00.0002147" startTime="2025-06-30T19:20:51.0281476+02:00" endTime="2025-06-30T19:20:51.0281477+02:00" testType="13cdc9d9-ddb5-4fa4-a97d-d965ccfc6d4b" outcome="Passed" testListId="8c84fa94-04c1-424b-9868-57a2d4851a1d" relativeResultsDirectory="b1ff1b76-6808-46f4-a4c2-0a731743aee7" />
    <UnitTestResult executionId="b50cec83-ab38-4eee-9b5f-926124cbb9fd" testId="9d0c2c94-02dc-7b10-0108-100d571e057e" testName="Aula.Tests.Utilities.FollowUpQuestionDetectorTests.IsFollowUpQuestion_WithDanishFollowUpPhrases_ReturnsTrue(input: &quot;og hvad med idag&quot;)" computerName="RHO-DESKTOP" duration="00:00:00.0000413" startTime="2025-06-30T19:20:50.9562916+02:00" endTime="2025-06-30T19:20:50.9562917+02:00" testType="13cdc9d9-ddb5-4fa4-a97d-d965ccfc6d4b" outcome="Passed" testListId="8c84fa94-04c1-424b-9868-57a2d4851a1d" relativeResultsDirectory="b50cec83-ab38-4eee-9b5f-926124cbb9fd" />
    <UnitTestResult executionId="581a5ee9-bd60-43b0-9b2f-128dd0355af3" testId="cf838fe5-cf64-cdb9-4856-b3fc2156670a" testName="Aula.Tests.Integration.AgentServiceTests.GetWeekLetterAsync_LogsInFirst_WhenNotLoggedIn" computerName="RHO-DESKTOP" duration="00:00:00.0758120" startTime="2025-06-30T19:20:51.6025749+02:00" endTime="2025-06-30T19:20:51.6025751+02:00" testType="13cdc9d9-ddb5-4fa4-a97d-d965ccfc6d4b" outcome="Passed" testListId="8c84fa94-04c1-424b-9868-57a2d4851a1d" relativeResultsDirectory="581a5ee9-bd60-43b0-9b2f-128dd0355af3" />
    <UnitTestResult executionId="d549584b-dade-45c8-9f0d-4ce06e4e8b54" testId="9459ef9a-ed9e-7e04-b1e7-d4cc74d49390" testName="Aula.Tests.Utilities.IntentAnalysisPromptsTests.ToolExamples_ContainsRequiredKeys(key: &quot;CREATE_REMINDER&quot;)" computerName="RHO-DESKTOP" duration="00:00:00.0000095" startTime="2025-06-30T19:20:51.4185563+02:00" endTime="2025-06-30T19:20:51.4185564+02:00" testType="13cdc9d9-ddb5-4fa4-a97d-d965ccfc6d4b" outcome="Passed" testListId="8c84fa94-04c1-424b-9868-57a2d4851a1d" relativeResultsDirectory="d549584b-dade-45c8-9f0d-4ce06e4e8b54" />
    <UnitTestResult executionId="8b361c1e-089c-4467-9a9c-4eefe6f2d3ea" testId="552b8f9e-1bb3-8bf0-01fc-d5978785d7dd" testName="Aula.Tests.Utilities.FollowUpQuestionDetectorTests.IsFollowUpQuestion_WithStartingFollowUpWords_ReturnsTrue(input: &quot;Og Emma?&quot;)" computerName="RHO-DESKTOP" duration="00:00:00.0000502" startTime="2025-06-30T19:20:50.9157099+02:00" endTime="2025-06-30T19:20:50.9157100+02:00" testType="13cdc9d9-ddb5-4fa4-a97d-d965ccfc6d4b" outcome="Passed" testListId="8c84fa94-04c1-424b-9868-57a2d4851a1d" relativeResultsDirectory="8b361c1e-089c-4467-9a9c-4eefe6f2d3ea" />
    <UnitTestResult executionId="884f9b49-59aa-433d-8203-53c84e1094f1" testId="c4c73275-60fb-43b0-eee6-93a19927e8fc" testName="Aula.Tests.Utilities.Html2SlackMarkdownConverterTests.Convert_WithSpecialCharacters_HandlesCorrectly" computerName="RHO-DESKTOP" duration="00:00:00.0018939" startTime="2025-06-30T19:20:51.6730634+02:00" endTime="2025-06-30T19:20:51.6730636+02:00" testType="13cdc9d9-ddb5-4fa4-a97d-d965ccfc6d4b" outcome="Passed" testListId="8c84fa94-04c1-424b-9868-57a2d4851a1d" relativeResultsDirectory="884f9b49-59aa-433d-8203-53c84e1094f1" />
    <UnitTestResult executionId="144264b0-75db-46b0-b0dd-5331db1081c6" testId="639796f8-538b-fbb8-1899-7a0106856fc7" testName="Aula.Tests.Channels.SlackBotTests.PostMessage_WithVariousMessages_DoesNotThrow(message: &quot;&quot;)" computerName="RHO-DESKTOP" duration="00:00:00.0001449" startTime="2025-06-30T19:20:51.5909231+02:00" endTime="2025-06-30T19:20:51.5909232+02:00" testType="13cdc9d9-ddb5-4fa4-a97d-d965ccfc6d4b" outcome="Passed" testListId="8c84fa94-04c1-424b-9868-57a2d4851a1d" relativeResultsDirectory="144264b0-75db-46b0-b0dd-5331db1081c6" />
    <UnitTestResult executionId="e64bf3d0-5186-4a3f-9694-60d2cef97c1c" testId="8454e79e-a056-bb6e-1db7-62ff01bf41c0" testName="Aula.Tests.Bots.TelegramMessageHandlerTests.HandleMessageAsync_WithHelpCommand_ProcessesHelpMessage(helpCommand: &quot;help&quot;)" computerName="RHO-DESKTOP" duration="00:00:00.0002669" startTime="2025-06-30T19:20:51.2489538+02:00" endTime="2025-06-30T19:20:51.2489539+02:00" testType="13cdc9d9-ddb5-4fa4-a97d-d965ccfc6d4b" outcome="Failed" testListId="8c84fa94-04c1-424b-9868-57a2d4851a1d" relativeResultsDirectory="e64bf3d0-5186-4a3f-9694-60d2cef97c1c">
      <Output>
        <ErrorInfo>
          <Message>System.NotSupportedException : Unsupported expression: u =&gt; u.Id&#xD;
Non-overridable members (here: User.get_Id) may not be used in setup / verification expressions.</Message>
          <StackTrace>   at Moq.Guard.IsOverridable(MethodInfo method, Expression expression) in /_/src/Moq/Guard.cs:line 99
   at Moq.MethodExpectation..ctor(LambdaExpression expression, MethodInfo method, IReadOnlyList`1 arguments, Boolean exactGenericTypeArguments, Boolean skipMatcherInitialization, Boolean allowNonOverridable) in /_/src/Moq/MethodExpectation.cs:line 87
   at Moq.ExpressionExtensions.&lt;Split&gt;g__Split|5_0(Expression e, Expression&amp; r, MethodExpectation&amp; p, Boolean assignment, Boolean allowNonOverridableLastProperty) in /_/src/Moq/ExpressionExtensions.cs:line 326
   at Moq.ExpressionExtensions.Split(LambdaExpression expression, Boolean allowNonOverridableLastProperty) in /_/src/Moq/ExpressionExtensions.cs:line 149
   at Moq.Mock.SetupRecursive[TSetup](Mock mock, LambdaExpression expression, Func`4 setupLast, Boolean allowNonOverridableLastProperty) in /_/src/Moq/Mock.cs:line 645
   at Moq.Mock.Setup(Mock mock, LambdaExpression expression, Condition condition) in /_/src/Moq/Mock.cs:line 500
   at Moq.Mock.SetupGet(Mock mock, LambdaExpression expression, Condition condition) in /_/src/Moq/Mock.cs:line 518
   at Moq.Mock`1.SetupGet[TProperty](Expression`1 expression) in /_/src/Moq/Mock`1.cs:line 473
   at Aula.Tests.Bots.TelegramTestMessageFactory.CreateTextMessage(Int64 chatId, String text, ChatType chatType, Int32 messageId, String firstName, String username) in /mnt/d/git/aula/src/Aula.Tests/Bots/TelegramTestMessageFactory.cs:line 18
   at Aula.Tests.Bots.TelegramMessageHandlerTests.HandleMessageAsync_WithHelpCommand_ProcessesHelpMessage(String helpCommand) in /mnt/d/git/aula/src/Aula.Tests/Bots/TelegramMessageHandlerTests.cs:line 275
--- End of stack trace from previous location ---</StackTrace>
        </ErrorInfo>
      </Output>
    </UnitTestResult>
    <UnitTestResult executionId="59d22528-3468-4e5f-9396-8fdd5c6d902f" testId="4cd9be57-b5ee-3ae9-313d-5c06ae12b5f8" testName="Aula.Tests.Utilities.FollowUpQuestionDetectorTests.IsFollowUpQuestion_WithPunctuationAroundChildName_WorksCorrectly(input: &quot;Emma.&quot;)" computerName="RHO-DESKTOP" duration="00:00:00.0000580" startTime="2025-06-30T19:20:50.9481242+02:00" endTime="2025-06-30T19:20:50.9481244+02:00" testType="13cdc9d9-ddb5-4fa4-a97d-d965ccfc6d4b" outcome="Passed" testListId="8c84fa94-04c1-424b-9868-57a2d4851a1d" relativeResultsDirectory="59d22528-3468-4e5f-9396-8fdd5c6d902f" />
    <UnitTestResult executionId="1deb63db-b108-41d7-b97c-d2286a49aae9" testId="5923c05c-0f73-b670-436e-b35343d0427b" testName="Aula.Tests.Services.SupabaseServiceTests.Constructor_WithValidConfig_CreatesInstance" computerName="RHO-DESKTOP" duration="00:00:00.0001097" startTime="2025-06-30T19:20:51.2321141+02:00" endTime="2025-06-30T19:20:51.2321143+02:00" testType="13cdc9d9-ddb5-4fa4-a97d-d965ccfc6d4b" outcome="Passed" testListId="8c84fa94-04c1-424b-9868-57a2d4851a1d" relativeResultsDirectory="1deb63db-b108-41d7-b97c-d2286a49aae9" />
    <UnitTestResult executionId="816bf1d7-8571-4a5a-96e4-beae76396bbd" testId="2743fc93-743c-aff9-2200-095476b17025" testName="Aula.Tests.Services.OpenAiServiceIntegrationTests.ProcessQueryWithToolsAsync_WithInvalidContextKey_ThrowsArgumentException(contextKey: &quot;&quot;)" computerName="RHO-DESKTOP" duration="00:00:00.0009377" startTime="2025-06-30T19:20:51.1114351+02:00" endTime="2025-06-30T19:20:51.1114353+02:00" testType="13cdc9d9-ddb5-4fa4-a97d-d965ccfc6d4b" outcome="Failed" testListId="8c84fa94-04c1-424b-9868-57a2d4851a1d" relativeResultsDirectory="816bf1d7-8571-4a5a-96e4-beae76396bbd">
      <Output>
        <ErrorInfo>
          <Message>System.ArgumentException : Can not instantiate proxy of class: Aula.Tools.AiToolsManager.
Could not find a parameterless constructor. (Parameter 'constructorArguments')
---- System.MissingMethodException : Constructor on type 'Castle.Proxies.AiToolsManagerProxy' not found.</Message>
          <StackTrace>   at Castle.DynamicProxy.ProxyGenerator.CreateClassProxyInstance(Type proxyType, List`1 proxyArguments, Type classToProxy, Object[] constructorArguments)
   at Castle.DynamicProxy.ProxyGenerator.CreateClassProxy(Type classToProxy, Type[] additionalInterfacesToProxy, ProxyGenerationOptions options, Object[] constructorArguments, IInterceptor[] interceptors)
   at Moq.CastleProxyFactory.CreateProxy(Type mockType, IInterceptor interceptor, Type[] interfaces, Object[] arguments) in /_/src/Moq/Interception/CastleProxyFactory.cs:line 62
   at Moq.Mock`1.InitializeInstance() in /_/src/Moq/Mock`1.cs:line 309
   at Moq.Mock`1.OnGetObject() in /_/src/Moq/Mock`1.cs:line 323
   at Moq.Mock.get_Object() in /_/src/Moq/Mock.cs:line 181
   at Moq.Mock`1.get_Object() in /_/src/Moq/Mock`1.cs:line 281
   at Aula.Tests.Services.OpenAiServiceIntegrationTests.ProcessQueryWithToolsAsync_WithInvalidContextKey_ThrowsArgumentException(String contextKey) in /mnt/d/git/aula/src/Aula.Tests/Services/OpenAiServiceIntegrationTests.cs:line 176
--- End of stack trace from previous location ---
----- Inner Stack Trace -----
   at System.RuntimeType.CreateInstanceImpl(BindingFlags bindingAttr, Binder binder, Object[] args, CultureInfo culture)
   at Castle.DynamicProxy.ProxyGenerator.CreateClassProxyInstance(Type proxyType, List`1 proxyArguments, Type classToProxy, Object[] constructorArguments)</StackTrace>
        </ErrorInfo>
      </Output>
    </UnitTestResult>
    <UnitTestResult executionId="653f5256-d9ec-4ebc-a636-c6d339a8cf7a" testId="2d48fc77-1867-a29b-eb07-2aeec9de2225" testName="Aula.Tests.Channels.SlackBotTests.PostWeekLetter_WithMissingFields_HandlesGracefully" computerName="RHO-DESKTOP" duration="00:00:00.0005202" startTime="2025-06-30T19:20:51.6254336+02:00" endTime="2025-06-30T19:20:51.6254338+02:00" testType="13cdc9d9-ddb5-4fa4-a97d-d965ccfc6d4b" outcome="Passed" testListId="8c84fa94-04c1-424b-9868-57a2d4851a1d" relativeResultsDirectory="653f5256-d9ec-4ebc-a636-c6d339a8cf7a" />
    <UnitTestResult executionId="a11a5925-6fa2-47a8-8223-bfb58a8c8710" testId="47489fc9-b715-10df-6ca2-dcba77141106" testName="Aula.Tests.Services.SupabaseServiceTests.Constructor_WithValidConfig_InitializesCorrectly" computerName="RHO-DESKTOP" duration="00:00:00.0002976" startTime="2025-06-30T19:20:51.2314960+02:00" endTime="2025-06-30T19:20:51.2314961+02:00" testType="13cdc9d9-ddb5-4fa4-a97d-d965ccfc6d4b" outcome="Passed" testListId="8c84fa94-04c1-424b-9868-57a2d4851a1d" relativeResultsDirectory="a11a5925-6fa2-47a8-8223-bfb58a8c8710" />
    <UnitTestResult executionId="5a4a8deb-e52d-45c6-8973-bf80c5fbf5e8" testId="2c92fdb3-d95d-1632-c5b9-2a0e8c5892ee" testName="Aula.Tests.Utilities.ConversationContextTests.ToString_WithEmptyChildName_ShowsEmptyString" computerName="RHO-DESKTOP" duration="00:00:00.0002875" startTime="2025-06-30T19:20:51.2902902+02:00" endTime="2025-06-30T19:20:51.2902903+02:00" testType="13cdc9d9-ddb5-4fa4-a97d-d965ccfc6d4b" outcome="Passed" testListId="8c84fa94-04c1-424b-9868-57a2d4851a1d" relativeResultsDirectory="5a4a8deb-e52d-45c6-8973-bf80c5fbf5e8" />
    <UnitTestResult executionId="baf012ed-69fe-4f88-897d-f6d5953ffd8e" testId="52685b80-e883-c0c4-e078-b2863df7409a" testName="Aula.Tests.Scheduling.SchedulingServiceIntegrationTests.StopAsync_WhenCalled_LogsCorrectMessage" computerName="RHO-DESKTOP" duration="00:00:00.0059519" startTime="2025-06-30T19:20:50.9635528+02:00" endTime="2025-06-30T19:20:50.9635529+02:00" testType="13cdc9d9-ddb5-4fa4-a97d-d965ccfc6d4b" outcome="Passed" testListId="8c84fa94-04c1-424b-9868-57a2d4851a1d" relativeResultsDirectory="baf012ed-69fe-4f88-897d-f6d5953ffd8e" />
    <UnitTestResult executionId="ec63a0a9-607f-49c4-a50c-a8efe49e4041" testId="711b4283-4c9e-be16-2b83-d9f77794298d" testName="Aula.Tests.Utilities.JsonFormatterTests.Prettify_WithNullInput_ThrowsArgumentNullException" computerName="RHO-DESKTOP" duration="00:00:00.0006885" startTime="2025-06-30T19:20:51.4981943+02:00" endTime="2025-06-30T19:20:51.4981944+02:00" testType="13cdc9d9-ddb5-4fa4-a97d-d965ccfc6d4b" outcome="Passed" testListId="8c84fa94-04c1-424b-9868-57a2d4851a1d" relativeResultsDirectory="ec63a0a9-607f-49c4-a50c-a8efe49e4041" />
    <UnitTestResult executionId="22e615c2-3c4f-45a3-abd0-be2f33a845b9" testId="d7d35b19-d0bc-0913-7974-7ed648909781" testName="Aula.Tests.Configuration.ConfigurationTests.UniLogin_ConfigurationIsCorrect" computerName="RHO-DESKTOP" duration="00:00:00.0055392" startTime="2025-06-30T19:20:51.7834546+02:00" endTime="2025-06-30T19:20:51.7834548+02:00" testType="13cdc9d9-ddb5-4fa4-a97d-d965ccfc6d4b" outcome="Passed" testListId="8c84fa94-04c1-424b-9868-57a2d4851a1d" relativeResultsDirectory="22e615c2-3c4f-45a3-abd0-be2f33a845b9" />
    <UnitTestResult executionId="a1df0cec-c4c5-4ea6-b46e-025bdd9c35b1" testId="89f817bf-e9a1-f0b4-2111-76edf6a63676" testName="Aula.Tests.Utilities.IntentAnalysisPromptsTests.GetFormattedPrompt_IncludesAllExamples" computerName="RHO-DESKTOP" duration="00:00:00.0011620" startTime="2025-06-30T19:20:51.4502282+02:00" endTime="2025-06-30T19:20:51.4502284+02:00" testType="13cdc9d9-ddb5-4fa4-a97d-d965ccfc6d4b" outcome="Passed" testListId="8c84fa94-04c1-424b-9868-57a2d4851a1d" relativeResultsDirectory="a1df0cec-c4c5-4ea6-b46e-025bdd9c35b1" />
    <UnitTestResult executionId="da391b89-32ec-482e-a181-b0cf1602b124" testId="33b001f1-b8e7-0e78-6628-3106ad6d2f71" testName="Aula.Tests.Configuration.ConfigurationTests.Timers_ConfigurationIsCorrect" computerName="RHO-DESKTOP" duration="00:00:00.0069191" startTime="2025-06-30T19:20:51.8244590+02:00" endTime="2025-06-30T19:20:51.8244592+02:00" testType="13cdc9d9-ddb5-4fa4-a97d-d965ccfc6d4b" outcome="Passed" testListId="8c84fa94-04c1-424b-9868-57a2d4851a1d" relativeResultsDirectory="da391b89-32ec-482e-a181-b0cf1602b124" />
    <UnitTestResult executionId="88a2650d-a9b9-434d-8de0-eeb5b4020d58" testId="775b1060-3e71-f36d-5f04-c2fd4621e8a0" testName="Aula.Tests.Utilities.FollowUpQuestionDetectorTests.IsFollowUpQuestion_WithChildNameAndShortMessage_ReturnsTrue(input: &quot;Emma&quot;)" computerName="RHO-DESKTOP" duration="00:00:00.0000372" startTime="2025-06-30T19:20:50.9117092+02:00" endTime="2025-06-30T19:20:50.9117094+02:00" testType="13cdc9d9-ddb5-4fa4-a97d-d965ccfc6d4b" outcome="Passed" testListId="8c84fa94-04c1-424b-9868-57a2d4851a1d" relativeResultsDirectory="88a2650d-a9b9-434d-8de0-eeb5b4020d58" />
    <UnitTestResult executionId="243b3a53-765b-4a73-aeb4-32d423b713d1" testId="809e3c71-6273-6b66-fb1e-4defb84e10e0" testName="Aula.Tests.Utilities.IntentAnalysisPromptsTests.ToolExamples_ContainsRequiredKeys(key: &quot;DELETE_REMINDER&quot;)" computerName="RHO-DESKTOP" duration="00:00:00.0000064" startTime="2025-06-30T19:20:51.4223728+02:00" endTime="2025-06-30T19:20:51.4223731+02:00" testType="13cdc9d9-ddb5-4fa4-a97d-d965ccfc6d4b" outcome="Passed" testListId="8c84fa94-04c1-424b-9868-57a2d4851a1d" relativeResultsDirectory="243b3a53-765b-4a73-aeb4-32d423b713d1" />
    <UnitTestResult executionId="ee62e25f-5d09-46e4-8134-ed4885a1628f" testId="44a05eee-eae2-643d-4997-e4bad6b31a71" testName="Aula.Tests.Utilities.DateTimeUtilitiesTests.GetDanishDayName_ValidDayOfWeek_ReturnsLowercaseName(dayOfWeek: Saturday, expectedName: &quot;lørdag&quot;)" computerName="RHO-DESKTOP" duration="00:00:00.0000080" startTime="2025-06-30T19:20:51.3462979+02:00" endTime="2025-06-30T19:20:51.3462980+02:00" testType="13cdc9d9-ddb5-4fa4-a97d-d965ccfc6d4b" outcome="Passed" testListId="8c84fa94-04c1-424b-9868-57a2d4851a1d" relativeResultsDirectory="ee62e25f-5d09-46e4-8134-ed4885a1628f" />
    <UnitTestResult executionId="46cf78a8-7ce9-4037-a175-d1b98cdd5fbd" testId="b47684af-1794-f5e1-2939-ee11bb40f2e8" testName="Aula.Tests.Channels.TelegramClientTests.SendMessageToChannel_WithVariousMessages_DoesNotThrow(message: &quot;Message with &lt;i&gt;italic&lt;/i&gt; text&quot;)" computerName="RHO-DESKTOP" duration="00:00:00.0002004" startTime="2025-06-30T19:20:51.5679241+02:00" endTime="2025-06-30T19:20:51.5679242+02:00" testType="13cdc9d9-ddb5-4fa4-a97d-d965ccfc6d4b" outcome="Passed" testListId="8c84fa94-04c1-424b-9868-57a2d4851a1d" relativeResultsDirectory="46cf78a8-7ce9-4037-a175-d1b98cdd5fbd" />
    <UnitTestResult executionId="14dd1a81-cc0c-4d69-bfac-58463a2cb321" testId="bb2b6e22-8876-e112-3e1e-ad1f0802bc47" testName="Aula.Tests.Services.OpenAiServiceIntegrationTests.ChatInterface_Slack_HasCorrectValue" computerName="RHO-DESKTOP" duration="00:00:00.0005081" startTime="2025-06-30T19:20:50.9834944+02:00" endTime="2025-06-30T19:20:50.9834945+02:00" testType="13cdc9d9-ddb5-4fa4-a97d-d965ccfc6d4b" outcome="Passed" testListId="8c84fa94-04c1-424b-9868-57a2d4851a1d" relativeResultsDirectory="14dd1a81-cc0c-4d69-bfac-58463a2cb321" />
    <UnitTestResult executionId="e8f646cd-dc23-4377-9e06-4a1a89ffaf14" testId="c97c4c52-e2e0-9997-1b1c-c40b6de0a67a" testName="Aula.Tests.Utilities.FollowUpQuestionDetectorTests.IsFollowUpQuestion_WithChildNameAndShortMessage_ReturnsTrue(input: &quot;TestChild1en&quot;)" computerName="RHO-DESKTOP" duration="00:00:00.0000507" startTime="2025-06-30T19:20:50.9091847+02:00" endTime="2025-06-30T19:20:50.9091849+02:00" testType="13cdc9d9-ddb5-4fa4-a97d-d965ccfc6d4b" outcome="Passed" testListId="8c84fa94-04c1-424b-9868-57a2d4851a1d" relativeResultsDirectory="e8f646cd-dc23-4377-9e06-4a1a89ffaf14" />
    <UnitTestResult executionId="7698e258-f53d-4413-b1ca-e9edb537813a" testId="1db76d8f-f5a5-dcb7-9657-e7f194b55049" testName="Aula.Tests.Utilities.ReminderExtractionPromptsTests.GetExtractionPrompt_WithBasicQuery_ReturnsValidPrompt" computerName="RHO-DESKTOP" duration="00:00:00.0040497" startTime="2025-06-30T19:20:51.3293918+02:00" endTime="2025-06-30T19:20:51.3293920+02:00" testType="13cdc9d9-ddb5-4fa4-a97d-d965ccfc6d4b" outcome="Passed" testListId="8c84fa94-04c1-424b-9868-57a2d4851a1d" relativeResultsDirectory="7698e258-f53d-4413-b1ca-e9edb537813a" />
    <UnitTestResult executionId="6904b09e-e588-461a-98ce-60ed7348b9fa" testId="bb029ecd-bc04-6c95-65d6-4fa9005d9f93" testName="Aula.Tests.Utilities.DateTimeUtilitiesTests.GetDanishDayName_ValidDayOfWeek_ReturnsLowercaseName(dayOfWeek: Tuesday, expectedName: &quot;tirsdag&quot;)" computerName="RHO-DESKTOP" duration="00:00:00.0000109" startTime="2025-06-30T19:20:51.3556969+02:00" endTime="2025-06-30T19:20:51.3556971+02:00" testType="13cdc9d9-ddb5-4fa4-a97d-d965ccfc6d4b" outcome="Passed" testListId="8c84fa94-04c1-424b-9868-57a2d4851a1d" relativeResultsDirectory="6904b09e-e588-461a-98ce-60ed7348b9fa" />
    <UnitTestResult executionId="a8a08ff8-25c9-4c74-97bf-81efc1ce4b92" testId="9c66a10c-5031-a4c7-4640-d32dfe0d1dde" testName="Aula.Tests.Utilities.FollowUpQuestionDetectorTests.IsFollowUpQuestion_WithChildNameAndTimeReference_ReturnsFalse(input: &quot;Emma i dag&quot;)" computerName="RHO-DESKTOP" duration="00:00:00.0026207" startTime="2025-06-30T19:20:50.9512291+02:00" endTime="2025-06-30T19:20:50.9512293+02:00" testType="13cdc9d9-ddb5-4fa4-a97d-d965ccfc6d4b" outcome="Passed" testListId="8c84fa94-04c1-424b-9868-57a2d4851a1d" relativeResultsDirectory="a8a08ff8-25c9-4c74-97bf-81efc1ce4b92" />
    <UnitTestResult executionId="e38914ba-3a01-46cb-84a1-a972affd79b8" testId="bb7ff579-7dbb-d724-561f-6bfaeeb13e43" testName="Aula.Tests.Utilities.Html2SlackMarkdownConverterTests.Convert_WithPartialTags_HandlesGracefully(html: &quot;text &lt;b&gt; more text&quot;)" computerName="RHO-DESKTOP" duration="00:00:00.0008618" startTime="2025-06-30T19:20:51.6558313+02:00" endTime="2025-06-30T19:20:51.6558314+02:00" testType="13cdc9d9-ddb5-4fa4-a97d-d965ccfc6d4b" outcome="Passed" testListId="8c84fa94-04c1-424b-9868-57a2d4851a1d" relativeResultsDirectory="e38914ba-3a01-46cb-84a1-a972affd79b8" />
    <UnitTestResult executionId="79e49ef4-f958-4751-b7a9-dce63b3c55ba" testId="291a0a00-e36f-0b02-ed15-eb7d9d18168a" testName="Aula.Tests.Tools.ReminderCommandHandlerTests.TryHandleReminderCommand_ListReminders_WithException_LogsErrorAndReturnsErrorMessage(command: &quot;list reminders&quot;, isEnglish: True)" computerName="RHO-DESKTOP" duration="00:00:00.0040993" startTime="2025-06-30T19:20:51.6233951+02:00" endTime="2025-06-30T19:20:51.6233953+02:00" testType="13cdc9d9-ddb5-4fa4-a97d-d965ccfc6d4b" outcome="Passed" testListId="8c84fa94-04c1-424b-9868-57a2d4851a1d" relativeResultsDirectory="79e49ef4-f958-4751-b7a9-dce63b3c55ba" />
    <UnitTestResult executionId="29eabf72-27b5-40a2-9086-368c723fb200" testId="06a6ce76-a492-790c-aa69-54dc6d92da0b" testName="Aula.Tests.Configuration.ConfigurationTests.Features_ConversationCacheExpiration_ValidationTests(minutes: 1440, isValid: True)" computerName="RHO-DESKTOP" duration="00:00:00.0085079" startTime="2025-06-30T19:20:51.6514090+02:00" endTime="2025-06-30T19:20:51.6514093+02:00" testType="13cdc9d9-ddb5-4fa4-a97d-d965ccfc6d4b" outcome="Passed" testListId="8c84fa94-04c1-424b-9868-57a2d4851a1d" relativeResultsDirectory="29eabf72-27b5-40a2-9086-368c723fb200" />
    <UnitTestResult executionId="0d2c5405-6df9-42c0-9e84-13b32163c5e4" testId="cc139316-f1a2-00ef-ef1d-1e4ba4910c04" testName="Aula.Tests.Channels.TelegramClientTests.PostWeekLetter_WithValidInputs_DoesNotThrow" computerName="RHO-DESKTOP" duration="00:00:00.0015978" startTime="2025-06-30T19:20:51.5726024+02:00" endTime="2025-06-30T19:20:51.5726025+02:00" testType="13cdc9d9-ddb5-4fa4-a97d-d965ccfc6d4b" outcome="Passed" testListId="8c84fa94-04c1-424b-9868-57a2d4851a1d" relativeResultsDirectory="0d2c5405-6df9-42c0-9e84-13b32163c5e4" />
    <UnitTestResult executionId="d9d91a2b-6c97-4591-8b56-b765549d6e42" testId="c4b1de39-f215-c6c4-5b38-2f74d4b1f600" testName="Aula.Tests.Scheduling.SchedulingServiceIntegrationTests.StartAsync_CanBeCalledMultipleTimes_DoesNotThrow" computerName="RHO-DESKTOP" duration="00:00:00.0019734" startTime="2025-06-30T19:20:51.0426895+02:00" endTime="2025-06-30T19:20:51.0426896+02:00" testType="13cdc9d9-ddb5-4fa4-a97d-d965ccfc6d4b" outcome="Passed" testListId="8c84fa94-04c1-424b-9868-57a2d4851a1d" relativeResultsDirectory="d9d91a2b-6c97-4591-8b56-b765549d6e42" />
    <UnitTestResult executionId="ca144398-f48d-4bb7-b9dc-289654819912" testId="3ca02e33-556b-3fdb-f0cf-b0f349847245" testName="Aula.Tests.Bots.TelegramInteractiveBotTests.PostWeekLetter_WithMissingChannelId_LogsWarningAndReturns" computerName="RHO-DESKTOP" duration="00:00:00.0027388" startTime="2025-06-30T19:20:52.6150374+02:00" endTime="2025-06-30T19:20:52.6150375+02:00" testType="13cdc9d9-ddb5-4fa4-a97d-d965ccfc6d4b" outcome="Passed" testListId="8c84fa94-04c1-424b-9868-57a2d4851a1d" relativeResultsDirectory="ca144398-f48d-4bb7-b9dc-289654819912" />
    <UnitTestResult executionId="4d70fb61-b2f7-4f7a-9d7b-3933c1cf3d58" testId="68f8d884-d469-7c10-83e8-5cafd9c08d5b" testName="Aula.Tests.Utilities.IntentAnalysisPromptsTests.GetFormattedPrompt_WithVariousQueries_ReturnsValidPrompt(query: &quot;&quot;)" computerName="RHO-DESKTOP" duration="00:00:00.0019310" startTime="2025-06-30T19:20:51.3205356+02:00" endTime="2025-06-30T19:20:51.3205357+02:00" testType="13cdc9d9-ddb5-4fa4-a97d-d965ccfc6d4b" outcome="Passed" testListId="8c84fa94-04c1-424b-9868-57a2d4851a1d" relativeResultsDirectory="4d70fb61-b2f7-4f7a-9d7b-3933c1cf3d58" />
    <UnitTestResult executionId="38bd5d1d-1b6f-42b4-b796-cff5d12cd2b2" testId="f7da1efe-0e1f-7417-6453-93b658e98d53" testName="Aula.Tests.Tools.AiToolsManagerTests.CreateReminderAsync_WithInvalidDateTime_ReturnsError" computerName="RHO-DESKTOP" duration="00:00:00.0060918" startTime="2025-06-30T19:20:51.4645545+02:00" endTime="2025-06-30T19:20:51.4645547+02:00" testType="13cdc9d9-ddb5-4fa4-a97d-d965ccfc6d4b" outcome="Passed" testListId="8c84fa94-04c1-424b-9868-57a2d4851a1d" relativeResultsDirectory="38bd5d1d-1b6f-42b4-b796-cff5d12cd2b2" />
    <UnitTestResult executionId="0637bdcf-4707-44ac-b225-fc2625fb807f" testId="5990c772-e408-af8a-3293-cee12203cdcc" testName="Aula.Tests.Services.OpenAiServiceTests.OpenAiService_GetChatInterfaceInstructions_ReturnsCorrectFormat(chatInterface: Slack)" computerName="RHO-DESKTOP" duration="00:00:00.0010893" startTime="2025-06-30T19:20:51.0321790+02:00" endTime="2025-06-30T19:20:51.0321791+02:00" testType="13cdc9d9-ddb5-4fa4-a97d-d965ccfc6d4b" outcome="Passed" testListId="8c84fa94-04c1-424b-9868-57a2d4851a1d" relativeResultsDirectory="0637bdcf-4707-44ac-b225-fc2625fb807f" />
    <UnitTestResult executionId="ac8b5995-d9f4-4eb2-b79d-17be89bb1549" testId="eefc6d24-5020-8505-1dbb-9868d5500570" testName="Aula.Tests.Bots.SlackMessageHandlerTests.Constructor_WithNullConfig_ThrowsArgumentNullException" computerName="RHO-DESKTOP" duration="00:00:00.0007421" startTime="2025-06-30T19:20:55.4297460+02:00" endTime="2025-06-30T19:20:55.4297461+02:00" testType="13cdc9d9-ddb5-4fa4-a97d-d965ccfc6d4b" outcome="Passed" testListId="8c84fa94-04c1-424b-9868-57a2d4851a1d" relativeResultsDirectory="ac8b5995-d9f4-4eb2-b79d-17be89bb1549" />
    <UnitTestResult executionId="27aec266-0ce1-46d5-96f4-b40c7973af15" testId="3a146d29-fbcb-fef0-8b31-74bf7ff2c627" testName="Aula.Tests.Utilities.Html2SlackMarkdownConverterTests.Convert_WithPartialTags_HandlesGracefully(html: &quot;&lt;p&gt;&quot;)" computerName="RHO-DESKTOP" duration="00:00:00.0012655" startTime="2025-06-30T19:20:51.6537717+02:00" endTime="2025-06-30T19:20:51.6537720+02:00" testType="13cdc9d9-ddb5-4fa4-a97d-d965ccfc6d4b" outcome="Passed" testListId="8c84fa94-04c1-424b-9868-57a2d4851a1d" relativeResultsDirectory="27aec266-0ce1-46d5-96f4-b40c7973af15" />
    <UnitTestResult executionId="91026fd4-e5af-4ebd-bd2d-38ad4da731f4" testId="554bf191-b569-b7a2-c3b8-c6178a2abd52" testName="Aula.Tests.Services.OpenAiServiceIntegrationTests.ProcessQueryWithToolsAsync_WithInvalidContextKey_ThrowsArgumentException(contextKey: null)" computerName="RHO-DESKTOP" duration="00:00:00.0005773" startTime="2025-06-30T19:20:51.1140977+02:00" endTime="2025-06-30T19:20:51.1140978+02:00" testType="13cdc9d9-ddb5-4fa4-a97d-d965ccfc6d4b" outcome="Failed" testListId="8c84fa94-04c1-424b-9868-57a2d4851a1d" relativeResultsDirectory="91026fd4-e5af-4ebd-bd2d-38ad4da731f4">
      <Output>
        <ErrorInfo>
          <Message>System.ArgumentException : Can not instantiate proxy of class: Aula.Tools.AiToolsManager.
Could not find a parameterless constructor. (Parameter 'constructorArguments')
---- System.MissingMethodException : Constructor on type 'Castle.Proxies.AiToolsManagerProxy' not found.</Message>
          <StackTrace>   at Castle.DynamicProxy.ProxyGenerator.CreateClassProxyInstance(Type proxyType, List`1 proxyArguments, Type classToProxy, Object[] constructorArguments)
   at Castle.DynamicProxy.ProxyGenerator.CreateClassProxy(Type classToProxy, Type[] additionalInterfacesToProxy, ProxyGenerationOptions options, Object[] constructorArguments, IInterceptor[] interceptors)
   at Moq.CastleProxyFactory.CreateProxy(Type mockType, IInterceptor interceptor, Type[] interfaces, Object[] arguments) in /_/src/Moq/Interception/CastleProxyFactory.cs:line 62
   at Moq.Mock`1.InitializeInstance() in /_/src/Moq/Mock`1.cs:line 309
   at Moq.Mock`1.OnGetObject() in /_/src/Moq/Mock`1.cs:line 323
   at Moq.Mock.get_Object() in /_/src/Moq/Mock.cs:line 181
   at Moq.Mock`1.get_Object() in /_/src/Moq/Mock`1.cs:line 281
   at Aula.Tests.Services.OpenAiServiceIntegrationTests.ProcessQueryWithToolsAsync_WithInvalidContextKey_ThrowsArgumentException(String contextKey) in /mnt/d/git/aula/src/Aula.Tests/Services/OpenAiServiceIntegrationTests.cs:line 176
--- End of stack trace from previous location ---
----- Inner Stack Trace -----
   at System.RuntimeType.CreateInstanceImpl(BindingFlags bindingAttr, Binder binder, Object[] args, CultureInfo culture)
   at Castle.DynamicProxy.ProxyGenerator.CreateClassProxyInstance(Type proxyType, List`1 proxyArguments, Type classToProxy, Object[] constructorArguments)</StackTrace>
        </ErrorInfo>
      </Output>
    </UnitTestResult>
    <UnitTestResult executionId="1f140225-3265-4af8-9396-753e42f7ffb3" testId="0ab78665-c1fa-a2ea-7265-e8996c3b56dd" testName="Aula.Tests.Utilities.Html2SlackMarkdownConverterTests.Convert_WithPartialTags_HandlesGracefully(html: &quot;&lt;div&gt;&lt;span&gt;&quot;)" computerName="RHO-DESKTOP" duration="00:00:00.0007927" startTime="2025-06-30T19:20:51.6581717+02:00" endTime="2025-06-30T19:20:51.6581719+02:00" testType="13cdc9d9-ddb5-4fa4-a97d-d965ccfc6d4b" outcome="Passed" testListId="8c84fa94-04c1-424b-9868-57a2d4851a1d" relativeResultsDirectory="1f140225-3265-4af8-9396-753e42f7ffb3" />
    <UnitTestResult executionId="2def11a3-5ec9-46d7-85e4-122aae969af9" testId="947c27dc-3bc9-498f-6db7-a3e9f1a70b13" testName="Aula.Tests.Bots.SlackInteractiveBotTests.Constructor_WithNullLoggerFactory_ThrowsArgumentNullException" computerName="RHO-DESKTOP" duration="00:00:00.0031130" startTime="2025-06-30T19:20:51.3158234+02:00" endTime="2025-06-30T19:20:51.3158236+02:00" testType="13cdc9d9-ddb5-4fa4-a97d-d965ccfc6d4b" outcome="Passed" testListId="8c84fa94-04c1-424b-9868-57a2d4851a1d" relativeResultsDirectory="2def11a3-5ec9-46d7-85e4-122aae969af9" />
    <UnitTestResult executionId="b9966204-aac8-4812-9fb5-2f39b9c82e41" testId="01fdf65f-cd83-63dd-690e-00884c9ba25d" testName="Aula.Tests.Utilities.FollowUpQuestionDetectorTests.IsFollowUpQuestion_WithChildNameAndShortMessage_ReturnsTrue(input: &quot;Liam&quot;)" computerName="RHO-DESKTOP" duration="00:00:00.0002729" startTime="2025-06-30T19:20:50.9082501+02:00" endTime="2025-06-30T19:20:50.9082502+02:00" testType="13cdc9d9-ddb5-4fa4-a97d-d965ccfc6d4b" outcome="Passed" testListId="8c84fa94-04c1-424b-9868-57a2d4851a1d" relativeResultsDirectory="b9966204-aac8-4812-9fb5-2f39b9c82e41" />
    <UnitTestResult executionId="fae8aed0-0ab6-4fa5-9dcc-feebf0d0d666" testId="76c96ce4-9c6b-b4bb-96af-ca0f9adb2712" testName="Aula.Tests.Scheduling.SchedulingServiceIntegrationTests.Constructor_WithNullSupabaseService_ThrowsArgumentNullException" computerName="RHO-DESKTOP" duration="00:00:00.0011547" startTime="2025-06-30T19:20:51.0562889+02:00" endTime="2025-06-30T19:20:51.0562891+02:00" testType="13cdc9d9-ddb5-4fa4-a97d-d965ccfc6d4b" outcome="Passed" testListId="8c84fa94-04c1-424b-9868-57a2d4851a1d" relativeResultsDirectory="fae8aed0-0ab6-4fa5-9dcc-feebf0d0d666" />
    <UnitTestResult executionId="fdabc9a3-d160-4554-a23e-15f94395c053" testId="d176fe9d-a550-c0ab-c3b8-0439143bdca1" testName="Aula.Tests.Configuration.ConfigurationTests.Timers_AdaptivePollingLimits_ValidationTests(minSeconds: 1, maxSeconds: 60, isValid: True)" computerName="RHO-DESKTOP" duration="00:00:00.0393721" startTime="2025-06-30T19:20:51.6351165+02:00" endTime="2025-06-30T19:20:51.6351166+02:00" testType="13cdc9d9-ddb5-4fa4-a97d-d965ccfc6d4b" outcome="Passed" testListId="8c84fa94-04c1-424b-9868-57a2d4851a1d" relativeResultsDirectory="fdabc9a3-d160-4554-a23e-15f94395c053" />
    <UnitTestResult executionId="c1ca50c7-1c21-405d-b7f6-31b70776b83c" testId="f695ece5-4ed0-4918-7e40-7fa901ca2f9e" testName="Aula.Tests.Utilities.FollowUpQuestionDetectorTests.IsFollowUpQuestion_WithDanishFollowUpPhrases_ReturnsTrue(input: &quot;også Emma&quot;)" computerName="RHO-DESKTOP" duration="00:00:00.0002477" startTime="2025-06-30T19:20:50.9552629+02:00" endTime="2025-06-30T19:20:50.9552634+02:00" testType="13cdc9d9-ddb5-4fa4-a97d-d965ccfc6d4b" outcome="Passed" testListId="8c84fa94-04c1-424b-9868-57a2d4851a1d" relativeResultsDirectory="c1ca50c7-1c21-405d-b7f6-31b70776b83c" />
    <UnitTestResult executionId="c62ee937-b441-4a8e-bf4e-a1f23e13aec6" testId="be069dea-132b-4f72-c1c8-8b4fd667fd7f" testName="Aula.Tests.Utilities.JsonFormatterTests.Prettify_WithAlreadyFormattedJson_ReturnsFormattedJson" computerName="RHO-DESKTOP" duration="00:00:00.0002321" startTime="2025-06-30T19:20:51.4998976+02:00" endTime="2025-06-30T19:20:51.4998978+02:00" testType="13cdc9d9-ddb5-4fa4-a97d-d965ccfc6d4b" outcome="Passed" testListId="8c84fa94-04c1-424b-9868-57a2d4851a1d" relativeResultsDirectory="c62ee937-b441-4a8e-bf4e-a1f23e13aec6" />
    <UnitTestResult executionId="1b478caf-965c-41bd-80de-440eb056e1a9" testId="3dfa9941-19c4-5af8-c083-d23b4b389829" testName="Aula.Tests.Utilities.FollowUpQuestionDetectorTests.IsFollowUpQuestion_WithLongMessageContainingChildName_ReturnsFalse(input: &quot;A detailed question about Liam's homework that is &quot;···)" computerName="RHO-DESKTOP" duration="00:00:00.0003096" startTime="2025-06-30T19:20:50.8951267+02:00" endTime="2025-06-30T19:20:50.8951269+02:00" testType="13cdc9d9-ddb5-4fa4-a97d-d965ccfc6d4b" outcome="Passed" testListId="8c84fa94-04c1-424b-9868-57a2d4851a1d" relativeResultsDirectory="1b478caf-965c-41bd-80de-440eb056e1a9" />
    <UnitTestResult executionId="20dabcc9-c417-4fa8-bb64-30626ae3cab1" testId="40ee6628-cabc-d31b-6bc1-487bcee11d7e" testName="Aula.Tests.Utilities.FollowUpQuestionDetectorTests.IsFollowUpQuestion_WithMultipleChildNamesInShortMessage_ReturnsTrue" computerName="RHO-DESKTOP" duration="00:00:00.0007810" startTime="2025-06-30T19:20:50.9607652+02:00" endTime="2025-06-30T19:20:50.9607654+02:00" testType="13cdc9d9-ddb5-4fa4-a97d-d965ccfc6d4b" outcome="Passed" testListId="8c84fa94-04c1-424b-9868-57a2d4851a1d" relativeResultsDirectory="20dabcc9-c417-4fa8-bb64-30626ae3cab1" />
    <UnitTestResult executionId="1f260f0a-ea78-4282-88c6-782344845b78" testId="690eef1c-e4e3-0c63-48ad-a783777fa685" testName="Aula.Tests.Scheduling.SchedulingServiceIntegrationTests.Constructor_WithNullSlackBot_ThrowsArgumentNullException" computerName="RHO-DESKTOP" duration="00:00:00.0008593" startTime="2025-06-30T19:20:51.0527767+02:00" endTime="2025-06-30T19:20:51.0527769+02:00" testType="13cdc9d9-ddb5-4fa4-a97d-d965ccfc6d4b" outcome="Passed" testListId="8c84fa94-04c1-424b-9868-57a2d4851a1d" relativeResultsDirectory="1f260f0a-ea78-4282-88c6-782344845b78" />
    <UnitTestResult executionId="f9b2e50e-70c2-4c91-89c6-fb92fb0a52a0" testId="5131c0c3-410a-6182-33f0-39457515d5e3" testName="Aula.Tests.Bots.TelegramMessageHandlerTests.HandleMessageAsync_WithValidQuery_ProcessesSuccessfully(queryText: &quot;Hvad skal Emma i dag?&quot;)" computerName="RHO-DESKTOP" duration="00:00:00.0236094" startTime="2025-06-30T19:20:51.2621424+02:00" endTime="2025-06-30T19:20:51.2621426+02:00" testType="13cdc9d9-ddb5-4fa4-a97d-d965ccfc6d4b" outcome="Failed" testListId="8c84fa94-04c1-424b-9868-57a2d4851a1d" relativeResultsDirectory="f9b2e50e-70c2-4c91-89c6-fb92fb0a52a0">
      <Output>
        <ErrorInfo>
          <Message>System.NotSupportedException : Unsupported expression: u =&gt; u.Id&#xD;
Non-overridable members (here: User.get_Id) may not be used in setup / verification expressions.</Message>
          <StackTrace>   at Moq.Guard.IsOverridable(MethodInfo method, Expression expression) in /_/src/Moq/Guard.cs:line 99
   at Moq.MethodExpectation..ctor(LambdaExpression expression, MethodInfo method, IReadOnlyList`1 arguments, Boolean exactGenericTypeArguments, Boolean skipMatcherInitialization, Boolean allowNonOverridable) in /_/src/Moq/MethodExpectation.cs:line 87
   at Moq.ExpressionExtensions.&lt;Split&gt;g__Split|5_0(Expression e, Expression&amp; r, MethodExpectation&amp; p, Boolean assignment, Boolean allowNonOverridableLastProperty) in /_/src/Moq/ExpressionExtensions.cs:line 326
   at Moq.ExpressionExtensions.Split(LambdaExpression expression, Boolean allowNonOverridableLastProperty) in /_/src/Moq/ExpressionExtensions.cs:line 149
   at Moq.Mock.SetupRecursive[TSetup](Mock mock, LambdaExpression expression, Func`4 setupLast, Boolean allowNonOverridableLastProperty) in /_/src/Moq/Mock.cs:line 645
   at Moq.Mock.Setup(Mock mock, LambdaExpression expression, Condition condition) in /_/src/Moq/Mock.cs:line 500
   at Moq.Mock.SetupGet(Mock mock, LambdaExpression expression, Condition condition) in /_/src/Moq/Mock.cs:line 518
   at Moq.Mock`1.SetupGet[TProperty](Expression`1 expression) in /_/src/Moq/Mock`1.cs:line 473
   at Aula.Tests.Bots.TelegramTestMessageFactory.CreateTextMessage(Int64 chatId, String text, ChatType chatType, Int32 messageId, String firstName, String username) in /mnt/d/git/aula/src/Aula.Tests/Bots/TelegramTestMessageFactory.cs:line 18
   at Aula.Tests.Bots.TelegramMessageHandlerTests.HandleMessageAsync_WithValidQuery_ProcessesSuccessfully(String queryText) in /mnt/d/git/aula/src/Aula.Tests/Bots/TelegramMessageHandlerTests.cs:line 318
--- End of stack trace from previous location ---</StackTrace>
        </ErrorInfo>
      </Output>
    </UnitTestResult>
    <UnitTestResult executionId="98546372-f779-4dfc-a0cf-1e258911db2c" testId="83266911-8f44-8cb8-141e-0c21973cceb8" testName="Aula.Tests.Utilities.IntentAnalysisPromptsTests.GetFormattedPrompt_WithVariousQueries_ReturnsValidPrompt(query: &quot;Help me&quot;)" computerName="RHO-DESKTOP" duration="00:00:00.0005572" startTime="2025-06-30T19:20:51.3240091+02:00" endTime="2025-06-30T19:20:51.3240093+02:00" testType="13cdc9d9-ddb5-4fa4-a97d-d965ccfc6d4b" outcome="Passed" testListId="8c84fa94-04c1-424b-9868-57a2d4851a1d" relativeResultsDirectory="98546372-f779-4dfc-a0cf-1e258911db2c" />
    <UnitTestResult executionId="ab8ad52f-2805-45e2-8ee3-1688fa53287e" testId="b98006bf-e247-2c89-f5f2-906de5d10ccf" testName="Aula.Tests.Utilities.FollowUpQuestionDetectorTests.IsFollowUpQuestion_LogsCorrectlyForDetectedFollowUp" computerName="RHO-DESKTOP" duration="00:00:00.0050641" startTime="2025-06-30T19:20:50.9632019+02:00" endTime="2025-06-30T19:20:50.9632021+02:00" testType="13cdc9d9-ddb5-4fa4-a97d-d965ccfc6d4b" outcome="Passed" testListId="8c84fa94-04c1-424b-9868-57a2d4851a1d" relativeResultsDirectory="ab8ad52f-2805-45e2-8ee3-1688fa53287e" />
    <UnitTestResult executionId="c3f35511-b793-4db3-b571-4ffc87b2aecb" testId="52284c88-15e2-e622-5da9-cf51ba9aa844" testName="Aula.Tests.Tools.ReminderCommandHandlerTests.Constructor_WithNullLogger_ThrowsArgumentNullException" computerName="RHO-DESKTOP" duration="00:00:00.0004708" startTime="2025-06-30T19:20:51.6338360+02:00" endTime="2025-06-30T19:20:51.6338361+02:00" testType="13cdc9d9-ddb5-4fa4-a97d-d965ccfc6d4b" outcome="Passed" testListId="8c84fa94-04c1-424b-9868-57a2d4851a1d" relativeResultsDirectory="c3f35511-b793-4db3-b571-4ffc87b2aecb" />
    <UnitTestResult executionId="8d1fcc40-3fd3-4a03-882e-ca5362ae045d" testId="df7802a4-febc-831e-f0c4-67bb20909f69" testName="Aula.Tests.Bots.TelegramInteractiveBotTests.ComputeHash_WithDifferentInputs_ReturnsConsistentHashes(input: &quot;Test content 1&quot;)" computerName="RHO-DESKTOP" duration="00:00:00.0008577" startTime="2025-06-30T19:20:52.4163394+02:00" endTime="2025-06-30T19:20:52.4163396+02:00" testType="13cdc9d9-ddb5-4fa4-a97d-d965ccfc6d4b" outcome="Passed" testListId="8c84fa94-04c1-424b-9868-57a2d4851a1d" relativeResultsDirectory="8d1fcc40-3fd3-4a03-882e-ca5362ae045d" />
    <UnitTestResult executionId="0597c954-c998-4ece-8717-3d05fc111650" testId="e2fe22aa-9b88-2a0d-2525-75fe06705548" testName="Aula.Tests.Bots.SlackInteractiveBotTests.SendMessage_WithValidText_SendsSuccessfully" computerName="RHO-DESKTOP" duration="00:00:00.0094032" startTime="2025-06-30T19:20:51.2631205+02:00" endTime="2025-06-30T19:20:51.2631206+02:00" testType="13cdc9d9-ddb5-4fa4-a97d-d965ccfc6d4b" outcome="Passed" testListId="8c84fa94-04c1-424b-9868-57a2d4851a1d" relativeResultsDirectory="0597c954-c998-4ece-8717-3d05fc111650" />
    <UnitTestResult executionId="c0d35659-e3ec-40d1-9a13-78eac5e5ee65" testId="66873fdb-c193-9c8c-5dd6-46cb202ddd5f" testName="Aula.Tests.Bots.TelegramInteractiveBotTests.Constructor_WithNullSupabaseService_ThrowsArgumentNullException" computerName="RHO-DESKTOP" duration="00:00:00.0006906" startTime="2025-06-30T19:20:52.4299032+02:00" endTime="2025-06-30T19:20:52.4299034+02:00" testType="13cdc9d9-ddb5-4fa4-a97d-d965ccfc6d4b" outcome="Passed" testListId="8c84fa94-04c1-424b-9868-57a2d4851a1d" relativeResultsDirectory="c0d35659-e3ec-40d1-9a13-78eac5e5ee65" />
    <UnitTestResult executionId="2d503a66-7073-4d77-841a-f840e80840c3" testId="246fef16-9927-64a6-e903-fbc6b513e4a7" testName="Aula.Tests.Configuration.ConfigurationTests.Timers_DefaultValues_AreCorrect" computerName="RHO-DESKTOP" duration="00:00:00.0063530" startTime="2025-06-30T19:20:51.9677965+02:00" endTime="2025-06-30T19:20:51.9677968+02:00" testType="13cdc9d9-ddb5-4fa4-a97d-d965ccfc6d4b" outcome="Passed" testListId="8c84fa94-04c1-424b-9868-57a2d4851a1d" relativeResultsDirectory="2d503a66-7073-4d77-841a-f840e80840c3" />
    <UnitTestResult executionId="a0ba9dd0-ea01-43a9-9b1a-a186c7db1e94" testId="8c77f87a-9ff2-d101-f9e6-6771eeb5c649" testName="Aula.Tests.Services.OpenAiServiceIntegrationTests.Constructor_WithValidParameters_InitializesCorrectly" computerName="RHO-DESKTOP" duration="00:00:00.0035818" startTime="2025-06-30T19:20:51.2037728+02:00" endTime="2025-06-30T19:20:51.2037730+02:00" testType="13cdc9d9-ddb5-4fa4-a97d-d965ccfc6d4b" outcome="Failed" testListId="8c84fa94-04c1-424b-9868-57a2d4851a1d" relativeResultsDirectory="a0ba9dd0-ea01-43a9-9b1a-a186c7db1e94">
      <Output>
        <ErrorInfo>
          <Message>System.ArgumentException : Can not instantiate proxy of class: Aula.Tools.AiToolsManager.
Could not find a parameterless constructor. (Parameter 'constructorArguments')
---- System.MissingMethodException : Constructor on type 'Castle.Proxies.AiToolsManagerProxy' not found.</Message>
          <StackTrace>   at Castle.DynamicProxy.ProxyGenerator.CreateClassProxyInstance(Type proxyType, List`1 proxyArguments, Type classToProxy, Object[] constructorArguments)
   at Castle.DynamicProxy.ProxyGenerator.CreateClassProxy(Type classToProxy, Type[] additionalInterfacesToProxy, ProxyGenerationOptions options, Object[] constructorArguments, IInterceptor[] interceptors)
   at Moq.CastleProxyFactory.CreateProxy(Type mockType, IInterceptor interceptor, Type[] interfaces, Object[] arguments) in /_/src/Moq/Interception/CastleProxyFactory.cs:line 62
   at Moq.Mock`1.InitializeInstance() in /_/src/Moq/Mock`1.cs:line 309
   at Moq.Mock`1.OnGetObject() in /_/src/Moq/Mock`1.cs:line 323
   at Moq.Mock.get_Object() in /_/src/Moq/Mock.cs:line 181
   at Moq.Mock`1.get_Object() in /_/src/Moq/Mock`1.cs:line 281
   at Aula.Tests.Services.OpenAiServiceIntegrationTests.Constructor_WithValidParameters_InitializesCorrectly() in /mnt/d/git/aula/src/Aula.Tests/Services/OpenAiServiceIntegrationTests.cs:line 32
   at System.RuntimeMethodHandle.InvokeMethod(Object target, Void** arguments, Signature sig, Boolean isConstructor)
   at System.Reflection.MethodBaseInvoker.InvokeWithNoArgs(Object obj, BindingFlags invokeAttr)
----- Inner Stack Trace -----
   at System.RuntimeType.CreateInstanceImpl(BindingFlags bindingAttr, Binder binder, Object[] args, CultureInfo culture)
   at Castle.DynamicProxy.ProxyGenerator.CreateClassProxyInstance(Type proxyType, List`1 proxyArguments, Type classToProxy, Object[] constructorArguments)</StackTrace>
        </ErrorInfo>
      </Output>
    </UnitTestResult>
    <UnitTestResult executionId="d5488803-a7b6-4aed-80fc-aafadf8b7f64" testId="95755321-99fe-3c41-7267-feb0fced4809" testName="Aula.Tests.Utilities.ReminderExtractionPromptsTests.GetExtractionPrompt_WithRealQueries_EmbedsQueryCorrectly(query: &quot;Call the doctor in 2 hours&quot;)" computerName="RHO-DESKTOP" duration="00:00:00.0000600" startTime="2025-06-30T19:20:51.3738370+02:00" endTime="2025-06-30T19:20:51.3738371+02:00" testType="13cdc9d9-ddb5-4fa4-a97d-d965ccfc6d4b" outcome="Passed" testListId="8c84fa94-04c1-424b-9868-57a2d4851a1d" relativeResultsDirectory="d5488803-a7b6-4aed-80fc-aafadf8b7f64" />
    <UnitTestResult executionId="4cf53630-732e-48b8-bdae-7908b47b4853" testId="021d3da1-2551-6934-6452-4bc168c068b9" testName="Aula.Tests.Services.DataModelTests.PostedLetter_WeekNumberValidation_ReturnsExpectedResult(weekNumber: 0, year: 2023, isValid: False)" computerName="RHO-DESKTOP" duration="00:00:00.0000159" startTime="2025-06-30T19:20:50.8615641+02:00" endTime="2025-06-30T19:20:50.8615641+02:00" testType="13cdc9d9-ddb5-4fa4-a97d-d965ccfc6d4b" outcome="Passed" testListId="8c84fa94-04c1-424b-9868-57a2d4851a1d" relativeResultsDirectory="4cf53630-732e-48b8-bdae-7908b47b4853" />
    <UnitTestResult executionId="8369e8ba-4774-4030-8b0a-f6178359c310" testId="1e24c5cd-d42a-5c97-73c1-5f149820ea22" testName="Aula.Tests.Channels.TelegramClientTests.Constructor_WithVariousTokens_DoesNotThrow(token: &quot;123456789:AABBCCDDEEFFGG&quot;)" computerName="RHO-DESKTOP" duration="00:00:00.0006946" startTime="2025-06-30T19:20:51.5394212+02:00" endTime="2025-06-30T19:20:51.5394213+02:00" testType="13cdc9d9-ddb5-4fa4-a97d-d965ccfc6d4b" outcome="Passed" testListId="8c84fa94-04c1-424b-9868-57a2d4851a1d" relativeResultsDirectory="8369e8ba-4774-4030-8b0a-f6178359c310" />
    <UnitTestResult executionId="7da43187-56ad-45ca-a43a-d214ff05a66f" testId="ae0948ed-054c-3e18-355f-da674f5650cd" testName="Aula.Tests.Utilities.DateTimeUtilitiesTests.GetDanishDayName_AllValidDaysOfWeek_ReturnsNonEmptyString(dayOfWeek: Friday)" computerName="RHO-DESKTOP" duration="00:00:00.0037643" startTime="2025-06-30T19:20:51.3199801+02:00" endTime="2025-06-30T19:20:51.3199802+02:00" testType="13cdc9d9-ddb5-4fa4-a97d-d965ccfc6d4b" outcome="Passed" testListId="8c84fa94-04c1-424b-9868-57a2d4851a1d" relativeResultsDirectory="7da43187-56ad-45ca-a43a-d214ff05a66f" />
    <UnitTestResult executionId="24b9ebd0-10b5-4b6a-a40b-43c0feb9c638" testId="12c6c75b-17e2-768a-c582-545ad6254677" testName="Aula.Tests.Utilities.DateTimeUtilitiesTests.GetDanishDayName_ValidDayOfWeek_ReturnsCorrectDanishName(dayOfWeek: Thursday, expectedDanishName: &quot;torsdag&quot;)" computerName="RHO-DESKTOP" duration="00:00:00.0000075" startTime="2025-06-30T19:20:51.3116620+02:00" endTime="2025-06-30T19:20:51.3116621+02:00" testType="13cdc9d9-ddb5-4fa4-a97d-d965ccfc6d4b" outcome="Passed" testListId="8c84fa94-04c1-424b-9868-57a2d4851a1d" relativeResultsDirectory="24b9ebd0-10b5-4b6a-a40b-43c0feb9c638" />
    <UnitTestResult executionId="34587ab6-2c12-449d-9456-d260785be709" testId="59ba87d8-8f5c-2afb-09d4-294577ceb6c1" testName="Aula.Tests.Bots.TelegramMessageHandlerTests.HandleMessageAsync_WithReminderCommand_ProcessesMessage(reminderCommand: &quot;mind mig om noget&quot;)" computerName="RHO-DESKTOP" duration="00:00:00.0002286" startTime="2025-06-30T19:20:51.2828498+02:00" endTime="2025-06-30T19:20:51.2828499+02:00" testType="13cdc9d9-ddb5-4fa4-a97d-d965ccfc6d4b" outcome="Failed" testListId="8c84fa94-04c1-424b-9868-57a2d4851a1d" relativeResultsDirectory="34587ab6-2c12-449d-9456-d260785be709">
      <Output>
        <ErrorInfo>
          <Message>System.NotSupportedException : Unsupported expression: u =&gt; u.Id&#xD;
Non-overridable members (here: User.get_Id) may not be used in setup / verification expressions.</Message>
          <StackTrace>   at Moq.Guard.IsOverridable(MethodInfo method, Expression expression) in /_/src/Moq/Guard.cs:line 99
   at Moq.MethodExpectation..ctor(LambdaExpression expression, MethodInfo method, IReadOnlyList`1 arguments, Boolean exactGenericTypeArguments, Boolean skipMatcherInitialization, Boolean allowNonOverridable) in /_/src/Moq/MethodExpectation.cs:line 87
   at Moq.ExpressionExtensions.&lt;Split&gt;g__Split|5_0(Expression e, Expression&amp; r, MethodExpectation&amp; p, Boolean assignment, Boolean allowNonOverridableLastProperty) in /_/src/Moq/ExpressionExtensions.cs:line 326
   at Moq.ExpressionExtensions.Split(LambdaExpression expression, Boolean allowNonOverridableLastProperty) in /_/src/Moq/ExpressionExtensions.cs:line 149
   at Moq.Mock.SetupRecursive[TSetup](Mock mock, LambdaExpression expression, Func`4 setupLast, Boolean allowNonOverridableLastProperty) in /_/src/Moq/Mock.cs:line 645
   at Moq.Mock.Setup(Mock mock, LambdaExpression expression, Condition condition) in /_/src/Moq/Mock.cs:line 500
   at Moq.Mock.SetupGet(Mock mock, LambdaExpression expression, Condition condition) in /_/src/Moq/Mock.cs:line 518
   at Moq.Mock`1.SetupGet[TProperty](Expression`1 expression) in /_/src/Moq/Mock`1.cs:line 473
   at Aula.Tests.Bots.TelegramTestMessageFactory.CreateTextMessage(Int64 chatId, String text, ChatType chatType, Int32 messageId, String firstName, String username) in /mnt/d/git/aula/src/Aula.Tests/Bots/TelegramTestMessageFactory.cs:line 18
   at Aula.Tests.Bots.TelegramMessageHandlerTests.HandleMessageAsync_WithReminderCommand_ProcessesMessage(String reminderCommand) in /mnt/d/git/aula/src/Aula.Tests/Bots/TelegramMessageHandlerTests.cs:line 299
--- End of stack trace from previous location ---</StackTrace>
        </ErrorInfo>
      </Output>
    </UnitTestResult>
    <UnitTestResult executionId="19ce479c-4dd5-404c-9507-b1c1958d5646" testId="c6a91ea6-2e10-8e99-6511-4f3dfcc58033" testName="Aula.Tests.Utilities.FollowUpQuestionDetectorTests.IsFollowUpQuestion_WithWhitespaceOnly_ReturnsFalse" computerName="RHO-DESKTOP" duration="00:00:00.0003079" startTime="2025-06-30T19:20:50.9442725+02:00" endTime="2025-06-30T19:20:50.9442726+02:00" testType="13cdc9d9-ddb5-4fa4-a97d-d965ccfc6d4b" outcome="Passed" testListId="8c84fa94-04c1-424b-9868-57a2d4851a1d" relativeResultsDirectory="19ce479c-4dd5-404c-9507-b1c1958d5646" />
    <UnitTestResult executionId="b33ecf8e-8a31-47d5-ae77-6554d082a4c3" testId="0fdf445f-d20e-3235-8763-e9404bb4da45" testName="Aula.Tests.Bots.SlackMessageHandlerTests.HandleMessageAsync_WithReminderCommand_ProcessesMessage(reminderCommand: &quot;slet påmindelse&quot;)" computerName="RHO-DESKTOP" duration="00:00:00.2249711" startTime="2025-06-30T19:20:54.9760119+02:00" endTime="2025-06-30T19:20:54.9760121+02:00" testType="13cdc9d9-ddb5-4fa4-a97d-d965ccfc6d4b" outcome="Passed" testListId="8c84fa94-04c1-424b-9868-57a2d4851a1d" relativeResultsDirectory="b33ecf8e-8a31-47d5-ae77-6554d082a4c3" />
    <UnitTestResult executionId="e6ff4d12-a3ca-4ce4-ba0b-6915500896ef" testId="50f2b13e-3594-24ee-32df-b9192e38a8ff" testName="Aula.Tests.Services.OpenAiServiceIntegrationTests.AskQuestionAboutWeekLetterAsync_WithContextKey_WithNullWeekLetter_ThrowsArgumentNullException(chatInterface: Telegram)" computerName="RHO-DESKTOP" duration="00:00:00.0013208" startTime="2025-06-30T19:20:51.1435770+02:00" endTime="2025-06-30T19:20:51.1435772+02:00" testType="13cdc9d9-ddb5-4fa4-a97d-d965ccfc6d4b" outcome="Failed" testListId="8c84fa94-04c1-424b-9868-57a2d4851a1d" relativeResultsDirectory="e6ff4d12-a3ca-4ce4-ba0b-6915500896ef">
      <Output>
        <ErrorInfo>
          <Message>System.ArgumentException : Can not instantiate proxy of class: Aula.Tools.AiToolsManager.
Could not find a parameterless constructor. (Parameter 'constructorArguments')
---- System.MissingMethodException : Constructor on type 'Castle.Proxies.AiToolsManagerProxy' not found.</Message>
          <StackTrace>   at Castle.DynamicProxy.ProxyGenerator.CreateClassProxyInstance(Type proxyType, List`1 proxyArguments, Type classToProxy, Object[] constructorArguments)
   at Castle.DynamicProxy.ProxyGenerator.CreateClassProxy(Type classToProxy, Type[] additionalInterfacesToProxy, ProxyGenerationOptions options, Object[] constructorArguments, IInterceptor[] interceptors)
   at Moq.CastleProxyFactory.CreateProxy(Type mockType, IInterceptor interceptor, Type[] interfaces, Object[] arguments) in /_/src/Moq/Interception/CastleProxyFactory.cs:line 62
   at Moq.Mock`1.InitializeInstance() in /_/src/Moq/Mock`1.cs:line 309
   at Moq.Mock`1.OnGetObject() in /_/src/Moq/Mock`1.cs:line 323
   at Moq.Mock.get_Object() in /_/src/Moq/Mock.cs:line 181
   at Moq.Mock`1.get_Object() in /_/src/Moq/Mock`1.cs:line 281
   at Aula.Tests.Services.OpenAiServiceIntegrationTests.AskQuestionAboutWeekLetterAsync_WithContextKey_WithNullWeekLetter_ThrowsArgumentNullException(ChatInterface chatInterface) in /mnt/d/git/aula/src/Aula.Tests/Services/OpenAiServiceIntegrationTests.cs:line 130
--- End of stack trace from previous location ---
----- Inner Stack Trace -----
   at System.RuntimeType.CreateInstanceImpl(BindingFlags bindingAttr, Binder binder, Object[] args, CultureInfo culture)
   at Castle.DynamicProxy.ProxyGenerator.CreateClassProxyInstance(Type proxyType, List`1 proxyArguments, Type classToProxy, Object[] constructorArguments)</StackTrace>
        </ErrorInfo>
      </Output>
    </UnitTestResult>
    <UnitTestResult executionId="e02e4366-faf1-4d1c-9a59-1c88002eba81" testId="0e25bcf5-ab45-f600-b517-83fefa26e455" testName="Aula.Tests.Configuration.ConfigurationTests.Timers_AdaptivePollingLimits_ValidationTests(minSeconds: 10, maxSeconds: 10, isValid: True)" computerName="RHO-DESKTOP" duration="00:00:00.0123460" startTime="2025-06-30T19:20:51.6471441+02:00" endTime="2025-06-30T19:20:51.6471442+02:00" testType="13cdc9d9-ddb5-4fa4-a97d-d965ccfc6d4b" outcome="Passed" testListId="8c84fa94-04c1-424b-9868-57a2d4851a1d" relativeResultsDirectory="e02e4366-faf1-4d1c-9a59-1c88002eba81" />
    <UnitTestResult executionId="e99be9ec-0065-4bc3-af97-5a69e8de8897" testId="c6e23de6-051d-5068-efa9-0842275b05b2" testName="Aula.Tests.Utilities.Html2SlackMarkdownConverterTests.Convert_WithWhitespaceOnly_ReturnsEmptyString" computerName="RHO-DESKTOP" duration="00:00:00.1146399" startTime="2025-06-30T19:20:51.4717143+02:00" endTime="2025-06-30T19:20:51.4717145+02:00" testType="13cdc9d9-ddb5-4fa4-a97d-d965ccfc6d4b" outcome="Passed" testListId="8c84fa94-04c1-424b-9868-57a2d4851a1d" relativeResultsDirectory="e99be9ec-0065-4bc3-af97-5a69e8de8897" />
    <UnitTestResult executionId="c3c23d38-94e3-4312-a024-52287aa733e9" testId="136b7217-45c6-b3d8-34fb-6ee727eb66f5" testName="Aula.Tests.Tools.ReminderCommandHandlerTests.TryHandleReminderCommand_DeleteReminder_ValidCommands_ReturnsSuccess(command: &quot;delete reminder 123&quot;, isEnglish: True, expectedId: 123)" computerName="RHO-DESKTOP" duration="00:00:00.0097122" startTime="2025-06-30T19:20:51.5302173+02:00" endTime="2025-06-30T19:20:51.5302175+02:00" testType="13cdc9d9-ddb5-4fa4-a97d-d965ccfc6d4b" outcome="Passed" testListId="8c84fa94-04c1-424b-9868-57a2d4851a1d" relativeResultsDirectory="c3c23d38-94e3-4312-a024-52287aa733e9" />
    <UnitTestResult executionId="3453f50a-69a1-4030-a5bc-679cb8ab0ba2" testId="e8d7076c-1cb3-733b-4522-2a0049ab3d88" testName="Aula.Tests.Channels.SlackBotTests.PushWeekLetter_WithMissingContent_HandlesGracefully" computerName="RHO-DESKTOP" duration="00:00:00.0003709" startTime="2025-06-30T19:20:51.6283303+02:00" endTime="2025-06-30T19:20:51.6283304+02:00" testType="13cdc9d9-ddb5-4fa4-a97d-d965ccfc6d4b" outcome="Passed" testListId="8c84fa94-04c1-424b-9868-57a2d4851a1d" relativeResultsDirectory="3453f50a-69a1-4030-a5bc-679cb8ab0ba2" />
    <UnitTestResult executionId="c38f2ecc-209c-4e08-9f9f-e487a3dcef29" testId="abd8e945-1cd6-1c43-f5d4-1f844731781d" testName="Aula.Tests.Utilities.FollowUpQuestionDetectorTests.IsFollowUpQuestion_WithEnglishFollowUpPhrases_ReturnsTrue(input: &quot;What About Emma?&quot;)" computerName="RHO-DESKTOP" duration="00:00:00.0000448" startTime="2025-06-30T19:20:50.9036212+02:00" endTime="2025-06-30T19:20:50.9036213+02:00" testType="13cdc9d9-ddb5-4fa4-a97d-d965ccfc6d4b" outcome="Passed" testListId="8c84fa94-04c1-424b-9868-57a2d4851a1d" relativeResultsDirectory="c38f2ecc-209c-4e08-9f9f-e487a3dcef29" />
    <UnitTestResult executionId="5c9dfa54-c290-4c20-96e7-f4922ae308cd" testId="d38e40f0-9394-42c9-ac5c-2e74521578b4" testName="Aula.Tests.Tools.ReminderCommandHandlerTests.TryHandleReminderCommand_NonMatchingPatterns_ReturnsFalse(command: &quot;remind me yesterday at 8:00 that past date&quot;, isEnglish: True)" computerName="RHO-DESKTOP" duration="00:00:00.0001200" startTime="2025-06-30T19:20:51.5837549+02:00" endTime="2025-06-30T19:20:51.5837550+02:00" testType="13cdc9d9-ddb5-4fa4-a97d-d965ccfc6d4b" outcome="Passed" testListId="8c84fa94-04c1-424b-9868-57a2d4851a1d" relativeResultsDirectory="5c9dfa54-c290-4c20-96e7-f4922ae308cd" />
    <UnitTestResult executionId="e4aebed1-be52-4b2e-b7b1-c0621b0951aa" testId="10351b87-cca7-9abd-49aa-c981441e9d37" testName="Aula.Tests.Configuration.ConfigurationTests.Supabase_ConfigurationIsCorrect" computerName="RHO-DESKTOP" duration="00:00:00.0083321" startTime="2025-06-30T19:20:51.6910118+02:00" endTime="2025-06-30T19:20:51.6910119+02:00" testType="13cdc9d9-ddb5-4fa4-a97d-d965ccfc6d4b" outcome="Passed" testListId="8c84fa94-04c1-424b-9868-57a2d4851a1d" relativeResultsDirectory="e4aebed1-be52-4b2e-b7b1-c0621b0951aa" />
    <UnitTestResult executionId="f9017ef2-55d4-4fcb-84a7-15ed9789a98d" testId="c4bc0f3a-eeff-3d15-3eac-b16332605c4c" testName="Aula.Tests.Bots.SlackMessageHandlerTests.HandleMessageAsync_WithValidQuery_ProcessesSuccessfully(queryText: &quot;What is TestChild1 doing tomorrow?&quot;)" computerName="RHO-DESKTOP" duration="00:00:00.3024102" startTime="2025-06-30T19:20:53.3678408+02:00" endTime="2025-06-30T19:20:53.3678411+02:00" testType="13cdc9d9-ddb5-4fa4-a97d-d965ccfc6d4b" outcome="Passed" testListId="8c84fa94-04c1-424b-9868-57a2d4851a1d" relativeResultsDirectory="f9017ef2-55d4-4fcb-84a7-15ed9789a98d" />
    <UnitTestResult executionId="7877c749-786e-4cd6-8ff7-5089654ca111" testId="a81f27b4-0dc1-da96-d279-fb940b021717" testName="Aula.Tests.Integration.AgentServiceTests.ExtractKeyInformationFromWeekLetterAsync_CallsOpenAiService" computerName="RHO-DESKTOP" duration="00:00:00.0052941" startTime="2025-06-30T19:20:51.6381409+02:00" endTime="2025-06-30T19:20:51.6381411+02:00" testType="13cdc9d9-ddb5-4fa4-a97d-d965ccfc6d4b" outcome="Passed" testListId="8c84fa94-04c1-424b-9868-57a2d4851a1d" relativeResultsDirectory="7877c749-786e-4cd6-8ff7-5089654ca111" />
    <UnitTestResult executionId="1466016c-996c-460d-9dd9-5de005240708" testId="7764d870-960a-e6a5-a9d1-b95db448a3be" testName="Aula.Tests.Channels.TelegramClientTests.PostWeekLetter_WithVariousChildNames_HandlesCorrectly(firstName: &quot;Alice&quot;)" computerName="RHO-DESKTOP" duration="00:00:00.0016332" startTime="2025-06-30T19:20:51.5656513+02:00" endTime="2025-06-30T19:20:51.5656515+02:00" testType="13cdc9d9-ddb5-4fa4-a97d-d965ccfc6d4b" outcome="Passed" testListId="8c84fa94-04c1-424b-9868-57a2d4851a1d" relativeResultsDirectory="1466016c-996c-460d-9dd9-5de005240708" />
  </Results>
  <TestDefinitions>
    <UnitTest name="Aula.Tests.Utilities.JsonFormatterTests.Prettify_WithIncompleteJson_ThrowsException(incompleteJson: &quot;{\&quot;incomplete\&quot;:&quot;)" storage="/mnt/d/git/aula/src/aula.tests/bin/debug/net9.0/aula.tests.dll" id="d141c1f4-2ff8-7341-a2af-364fb6299829">
      <Execution id="27c70e95-396a-4047-9f57-cdd24c3fa84a" />
      <TestMethod codeBase="/mnt/d/git/aula/src/Aula.Tests/bin/Debug/net9.0/Aula.Tests.dll" adapterTypeName="executor://xunit/VsTestRunner2/netcoreapp" className="Aula.Tests.Utilities.JsonFormatterTests" name="Prettify_WithIncompleteJson_ThrowsException" />
    </UnitTest>
    <UnitTest name="Aula.Tests.Utilities.JsonFormatterTests.Prettify_WithComplexNestedStructure_FormatsCorrectly" storage="/mnt/d/git/aula/src/aula.tests/bin/debug/net9.0/aula.tests.dll" id="cfdde69f-bd6f-9d86-5859-a1ef9746cd64">
      <Execution id="4c515764-6c05-4e29-add8-27b753cdf266" />
      <TestMethod codeBase="/mnt/d/git/aula/src/Aula.Tests/bin/Debug/net9.0/Aula.Tests.dll" adapterTypeName="executor://xunit/VsTestRunner2/netcoreapp" className="Aula.Tests.Utilities.JsonFormatterTests" name="Prettify_WithComplexNestedStructure_FormatsCorrectly" />
    </UnitTest>
    <UnitTest name="Aula.Tests.Configuration.ConfigurationTests.Timers_SchedulingInterval_ValidationTests(intervalSeconds: 60, isValid: True)" storage="/mnt/d/git/aula/src/aula.tests/bin/debug/net9.0/aula.tests.dll" id="6adeca65-1d67-3030-b131-cc9b902991d4">
      <Execution id="92aada12-c322-4dd8-aa9a-b087b0a74147" />
      <TestMethod codeBase="/mnt/d/git/aula/src/Aula.Tests/bin/Debug/net9.0/Aula.Tests.dll" adapterTypeName="executor://xunit/VsTestRunner2/netcoreapp" className="Aula.Tests.Configuration.ConfigurationTests" name="Timers_SchedulingInterval_ValidationTests" />
    </UnitTest>
    <UnitTest name="Aula.Tests.Bots.TelegramInteractiveBotTests.PostWeekLetter_WithUnknownChild_LogsWarningAndReturns" storage="/mnt/d/git/aula/src/aula.tests/bin/debug/net9.0/aula.tests.dll" id="6423dadf-5032-e426-048d-b3adf874a425">
      <Execution id="ca0ddfc0-537a-4402-a264-81f737d02436" />
      <TestMethod codeBase="/mnt/d/git/aula/src/Aula.Tests/bin/Debug/net9.0/Aula.Tests.dll" adapterTypeName="executor://xunit/VsTestRunner2/netcoreapp" className="Aula.Tests.Bots.TelegramInteractiveBotTests" name="PostWeekLetter_WithUnknownChild_LogsWarningAndReturns" />
    </UnitTest>
    <UnitTest name="Aula.Tests.Configuration.ConfigurationTests.Telegram_Token_ValidationTests(token: &quot;invalid-token&quot;, isValidFormat: False)" storage="/mnt/d/git/aula/src/aula.tests/bin/debug/net9.0/aula.tests.dll" id="e735c7b3-aa15-891a-afaf-f7174c07abf5">
      <Execution id="60794056-ae50-46f6-905d-7c6b97c1f231" />
      <TestMethod codeBase="/mnt/d/git/aula/src/Aula.Tests/bin/Debug/net9.0/Aula.Tests.dll" adapterTypeName="executor://xunit/VsTestRunner2/netcoreapp" className="Aula.Tests.Configuration.ConfigurationTests" name="Telegram_Token_ValidationTests" />
    </UnitTest>
    <UnitTest name="Aula.Tests.Utilities.JsonFormatterTests.Prettify_WithInvalidJson_ThrowsJsonException" storage="/mnt/d/git/aula/src/aula.tests/bin/debug/net9.0/aula.tests.dll" id="809b830f-f032-72fe-7382-c6d2ac899d33">
      <Execution id="c009902f-5ac1-4d61-b9f0-edb01a63b261" />
      <TestMethod codeBase="/mnt/d/git/aula/src/Aula.Tests/bin/Debug/net9.0/Aula.Tests.dll" adapterTypeName="executor://xunit/VsTestRunner2/netcoreapp" className="Aula.Tests.Utilities.JsonFormatterTests" name="Prettify_WithInvalidJson_ThrowsJsonException" />
    </UnitTest>
    <UnitTest name="Aula.Tests.Services.SupabaseServiceTests.Constructor_WithValidConfig_CreatesInstance" storage="/mnt/d/git/aula/src/aula.tests/bin/debug/net9.0/aula.tests.dll" id="5923c05c-0f73-b670-436e-b35343d0427b">
      <Execution id="1deb63db-b108-41d7-b97c-d2286a49aae9" />
      <TestMethod codeBase="/mnt/d/git/aula/src/Aula.Tests/bin/Debug/net9.0/Aula.Tests.dll" adapterTypeName="executor://xunit/VsTestRunner2/netcoreapp" className="Aula.Tests.Services.SupabaseServiceTests" name="Constructor_WithValidConfig_CreatesInstance" />
    </UnitTest>
    <UnitTest name="Aula.Tests.Utilities.DateTimeUtilitiesTests.GetDanishDayName_AllValidDaysOfWeek_ReturnsNonEmptyString(dayOfWeek: Sunday)" storage="/mnt/d/git/aula/src/aula.tests/bin/debug/net9.0/aula.tests.dll" id="2c3c35ba-d19e-e494-0ed2-32abdacfd200">
      <Execution id="6e86dc5d-7f22-4622-8faf-af28ed2a7bf1" />
      <TestMethod codeBase="/mnt/d/git/aula/src/Aula.Tests/bin/Debug/net9.0/Aula.Tests.dll" adapterTypeName="executor://xunit/VsTestRunner2/netcoreapp" className="Aula.Tests.Utilities.DateTimeUtilitiesTests" name="GetDanishDayName_AllValidDaysOfWeek_ReturnsNonEmptyString" />
    </UnitTest>
    <UnitTest name="Aula.Tests.Bots.SlackInteractiveBotTests.Stop_WhenCalled_LogsInformation" storage="/mnt/d/git/aula/src/aula.tests/bin/debug/net9.0/aula.tests.dll" id="117ddc28-dcc8-243a-b2bd-3d83692ecb26">
      <Execution id="a4206082-ae2f-403a-bbd7-cc5a03db0c82" />
      <TestMethod codeBase="/mnt/d/git/aula/src/Aula.Tests/bin/Debug/net9.0/Aula.Tests.dll" adapterTypeName="executor://xunit/VsTestRunner2/netcoreapp" className="Aula.Tests.Bots.SlackInteractiveBotTests" name="Stop_WhenCalled_LogsInformation" />
    </UnitTest>
    <UnitTest name="Aula.Tests.Utilities.ConversationContextManagerTests.Manager_WithIntegerKeys_WorksCorrectly" storage="/mnt/d/git/aula/src/aula.tests/bin/debug/net9.0/aula.tests.dll" id="6f9f5016-c386-f671-b8d8-6fc0a14626eb">
      <Execution id="1574dd8a-95a0-4f29-9389-b254796859c5" />
      <TestMethod codeBase="/mnt/d/git/aula/src/Aula.Tests/bin/Debug/net9.0/Aula.Tests.dll" adapterTypeName="executor://xunit/VsTestRunner2/netcoreapp" className="Aula.Tests.Utilities.ConversationContextManagerTests" name="Manager_WithIntegerKeys_WorksCorrectly" />
    </UnitTest>
    <UnitTest name="Aula.Tests.Integration.AgentServiceTests.LoginAsync_CallsClientLoginAsync" storage="/mnt/d/git/aula/src/aula.tests/bin/debug/net9.0/aula.tests.dll" id="df8b7611-0fd3-7a4a-228e-73a22117205a">
      <Execution id="aae32ecf-040d-4afb-8667-7e16a58447c2" />
      <TestMethod codeBase="/mnt/d/git/aula/src/Aula.Tests/bin/Debug/net9.0/Aula.Tests.dll" adapterTypeName="executor://xunit/VsTestRunner2/netcoreapp" className="Aula.Tests.Integration.AgentServiceTests" name="LoginAsync_CallsClientLoginAsync" />
    </UnitTest>
    <UnitTest name="Aula.Tests.Integration.AgentServiceTests.AskQuestionAboutWeekLetterAsync_CallsOpenAiService" storage="/mnt/d/git/aula/src/aula.tests/bin/debug/net9.0/aula.tests.dll" id="c64fd3ef-a83e-8804-d6d0-9d8e2ff29cc2">
      <Execution id="05911e2b-949a-4967-8472-4b098b471a7f" />
      <TestMethod codeBase="/mnt/d/git/aula/src/Aula.Tests/bin/Debug/net9.0/Aula.Tests.dll" adapterTypeName="executor://xunit/VsTestRunner2/netcoreapp" className="Aula.Tests.Integration.AgentServiceTests" name="AskQuestionAboutWeekLetterAsync_CallsOpenAiService" />
    </UnitTest>
    <UnitTest name="Aula.Tests.Scheduling.SchedulingServiceTests.StopAsync_AfterStart_DoesNotThrow" storage="/mnt/d/git/aula/src/aula.tests/bin/debug/net9.0/aula.tests.dll" id="273c2632-e8a7-4a3f-093e-3b4b8e141ef8">
      <Execution id="1c292129-6f70-47ce-8790-d167732233f1" />
      <TestMethod codeBase="/mnt/d/git/aula/src/Aula.Tests/bin/Debug/net9.0/Aula.Tests.dll" adapterTypeName="executor://xunit/VsTestRunner2/netcoreapp" className="Aula.Tests.Scheduling.SchedulingServiceTests" name="StopAsync_AfterStart_DoesNotThrow" />
    </UnitTest>
    <UnitTest name="Aula.Tests.Channels.TelegramClientTests.Constructor_WithVariousTokens_DoesNotThrow(token: &quot;987654321:XXYYZZ&quot;)" storage="/mnt/d/git/aula/src/aula.tests/bin/debug/net9.0/aula.tests.dll" id="7a4330b4-d3d2-d308-8e2d-3815d3c67d0f">
      <Execution id="1a1a530b-6caa-4417-8e61-90c32a6da624" />
      <TestMethod codeBase="/mnt/d/git/aula/src/Aula.Tests/bin/Debug/net9.0/Aula.Tests.dll" adapterTypeName="executor://xunit/VsTestRunner2/netcoreapp" className="Aula.Tests.Channels.TelegramClientTests" name="Constructor_WithVariousTokens_DoesNotThrow" />
    </UnitTest>
    <UnitTest name="Aula.Tests.Configuration.ConfigurationTests.Config_DefaultValues_AreApplied" storage="/mnt/d/git/aula/src/aula.tests/bin/debug/net9.0/aula.tests.dll" id="190cafd6-e87f-acd4-dc9b-9d82114386d9">
      <Execution id="b13c8787-43dd-4ea3-93d3-63796561feee" />
      <TestMethod codeBase="/mnt/d/git/aula/src/Aula.Tests/bin/Debug/net9.0/Aula.Tests.dll" adapterTypeName="executor://xunit/VsTestRunner2/netcoreapp" className="Aula.Tests.Configuration.ConfigurationTests" name="Config_DefaultValues_AreApplied" />
    </UnitTest>
    <UnitTest name="Aula.Tests.Bots.SlackInteractiveBotTests.PostWeekLetter_WithHttpError_LogsError" storage="/mnt/d/git/aula/src/aula.tests/bin/debug/net9.0/aula.tests.dll" id="98cd8faf-e82c-211b-73e0-182caa7ee5d0">
      <Execution id="4df0f7d5-4878-4f7e-bd78-a69a52e0e6f7" />
      <TestMethod codeBase="/mnt/d/git/aula/src/Aula.Tests/bin/Debug/net9.0/Aula.Tests.dll" adapterTypeName="executor://xunit/VsTestRunner2/netcoreapp" className="Aula.Tests.Bots.SlackInteractiveBotTests" name="PostWeekLetter_WithHttpError_LogsError" />
    </UnitTest>
    <UnitTest name="Aula.Tests.Bots.SlackInteractiveBotTests.PostWeekLetter_WithSlackApiError_LogsError" storage="/mnt/d/git/aula/src/aula.tests/bin/debug/net9.0/aula.tests.dll" id="163ffdcd-8cc6-0360-4c70-1c08392ed80a">
      <Execution id="226e9631-6628-49e7-9744-becf2e40498b" />
      <TestMethod codeBase="/mnt/d/git/aula/src/Aula.Tests/bin/Debug/net9.0/Aula.Tests.dll" adapterTypeName="executor://xunit/VsTestRunner2/netcoreapp" className="Aula.Tests.Bots.SlackInteractiveBotTests" name="PostWeekLetter_WithSlackApiError_LogsError" />
    </UnitTest>
    <UnitTest name="Aula.Tests.Channels.SlackBotTests.PostWeekLetter_WithEmptyWeekLetter_HandlesGracefully" storage="/mnt/d/git/aula/src/aula.tests/bin/debug/net9.0/aula.tests.dll" id="9f3a0fc9-3eea-97c3-5cc5-d99512257356">
      <Execution id="1fcbcf2f-d500-467f-a320-96fa943d6067" />
      <TestMethod codeBase="/mnt/d/git/aula/src/Aula.Tests/bin/Debug/net9.0/Aula.Tests.dll" adapterTypeName="executor://xunit/VsTestRunner2/netcoreapp" className="Aula.Tests.Channels.SlackBotTests" name="PostWeekLetter_WithEmptyWeekLetter_HandlesGracefully" />
    </UnitTest>
    <UnitTest name="Aula.Tests.Bots.SlackInteractiveBotTests.PostWeekLetter_WithDuplicateContent_SkipsDuplicate" storage="/mnt/d/git/aula/src/aula.tests/bin/debug/net9.0/aula.tests.dll" id="c491ca15-97ab-a670-c185-11bf3ef7479b">
      <Execution id="5992c8da-ed32-470b-825e-001bc6047b43" />
      <TestMethod codeBase="/mnt/d/git/aula/src/Aula.Tests/bin/Debug/net9.0/Aula.Tests.dll" adapterTypeName="executor://xunit/VsTestRunner2/netcoreapp" className="Aula.Tests.Bots.SlackInteractiveBotTests" name="PostWeekLetter_WithDuplicateContent_SkipsDuplicate" />
    </UnitTest>
    <UnitTest name="Aula.Tests.Utilities.ConversationContextTests.IsStillValid_WithFreshTimestamp_ReturnsTrue" storage="/mnt/d/git/aula/src/aula.tests/bin/debug/net9.0/aula.tests.dll" id="6391cd26-6fc2-8e75-57e3-7b032d34c99b">
      <Execution id="63e5fa1a-c8c7-447a-8cb8-1f9b6235e233" />
      <TestMethod codeBase="/mnt/d/git/aula/src/Aula.Tests/bin/Debug/net9.0/Aula.Tests.dll" adapterTypeName="executor://xunit/VsTestRunner2/netcoreapp" className="Aula.Tests.Utilities.ConversationContextTests" name="IsStillValid_WithFreshTimestamp_ReturnsTrue" />
    </UnitTest>
    <UnitTest name="Aula.Tests.Scheduling.SchedulingServiceIntegrationTests.StopAsync_LogsInformationAndDoesNotThrow" storage="/mnt/d/git/aula/src/aula.tests/bin/debug/net9.0/aula.tests.dll" id="bf1816b2-91f9-1cf0-a850-7a59915a1d13">
      <Execution id="1d96c4b5-602b-4f11-b0fe-ca059af7044c" />
      <TestMethod codeBase="/mnt/d/git/aula/src/Aula.Tests/bin/Debug/net9.0/Aula.Tests.dll" adapterTypeName="executor://xunit/VsTestRunner2/netcoreapp" className="Aula.Tests.Scheduling.SchedulingServiceIntegrationTests" name="StopAsync_LogsInformationAndDoesNotThrow" />
    </UnitTest>
    <UnitTest name="Aula.Tests.Bots.SlackInteractiveBotTests.Constructor_WithNullConfig_ThrowsArgumentNullException" storage="/mnt/d/git/aula/src/aula.tests/bin/debug/net9.0/aula.tests.dll" id="fbb577ab-554c-1761-8b33-3b062d943c22">
      <Execution id="2e49f80a-b061-46c5-8398-886276ba21cf" />
      <TestMethod codeBase="/mnt/d/git/aula/src/Aula.Tests/bin/Debug/net9.0/Aula.Tests.dll" adapterTypeName="executor://xunit/VsTestRunner2/netcoreapp" className="Aula.Tests.Bots.SlackInteractiveBotTests" name="Constructor_WithNullConfig_ThrowsArgumentNullException" />
    </UnitTest>
    <UnitTest name="Aula.Tests.Services.DataServiceTests.GetWeekSchedule_ReturnsNull_WhenNotInCache" storage="/mnt/d/git/aula/src/aula.tests/bin/debug/net9.0/aula.tests.dll" id="ab120f5f-70c1-1c2c-37fe-0285fb96cb1f">
      <Execution id="e6ee510b-4eab-422b-a4c0-0c4436f9113e" />
      <TestMethod codeBase="/mnt/d/git/aula/src/Aula.Tests/bin/Debug/net9.0/Aula.Tests.dll" adapterTypeName="executor://xunit/VsTestRunner2/netcoreapp" className="Aula.Tests.Services.DataServiceTests" name="GetWeekSchedule_ReturnsNull_WhenNotInCache" />
    </UnitTest>
    <UnitTest name="Aula.Tests.Utilities.JsonFormatterTests.Prettify_WithVeryLargeJson_HandlesPerformantly" storage="/mnt/d/git/aula/src/aula.tests/bin/debug/net9.0/aula.tests.dll" id="959de6ab-41a3-bb6f-c652-3f36caba1f36">
      <Execution id="c15a924e-dc84-4810-b5c9-42494cf4a065" />
      <TestMethod codeBase="/mnt/d/git/aula/src/Aula.Tests/bin/Debug/net9.0/Aula.Tests.dll" adapterTypeName="executor://xunit/VsTestRunner2/netcoreapp" className="Aula.Tests.Utilities.JsonFormatterTests" name="Prettify_WithVeryLargeJson_HandlesPerformantly" />
    </UnitTest>
    <UnitTest name="Aula.Tests.Tools.ReminderCommandHandlerTests.TryHandleReminderCommand_ListReminders_WithException_LogsErrorAndReturnsErrorMessage(command: &quot;vis påmindelser&quot;, isEnglish: False)" storage="/mnt/d/git/aula/src/aula.tests/bin/debug/net9.0/aula.tests.dll" id="5543d26e-832a-3de2-3988-5faa4df93969">
      <Execution id="76cc6e17-a6fe-46cc-bdf3-f26af1340087" />
      <TestMethod codeBase="/mnt/d/git/aula/src/Aula.Tests/bin/Debug/net9.0/Aula.Tests.dll" adapterTypeName="executor://xunit/VsTestRunner2/netcoreapp" className="Aula.Tests.Tools.ReminderCommandHandlerTests" name="TryHandleReminderCommand_ListReminders_WithException_LogsErrorAndReturnsErrorMessage" />
    </UnitTest>
    <UnitTest name="Aula.Tests.Utilities.Html2SlackMarkdownConverterTests.Convert_WithMalformedHtml_HandlesGracefully" storage="/mnt/d/git/aula/src/aula.tests/bin/debug/net9.0/aula.tests.dll" id="8113e2b7-9bbc-43f2-b5f4-05d3d720e278">
      <Execution id="c37f5cbf-da92-45bc-af76-42a64a1b77a5" />
      <TestMethod codeBase="/mnt/d/git/aula/src/Aula.Tests/bin/Debug/net9.0/Aula.Tests.dll" adapterTypeName="executor://xunit/VsTestRunner2/netcoreapp" className="Aula.Tests.Utilities.Html2SlackMarkdownConverterTests" name="Convert_WithMalformedHtml_HandlesGracefully" />
    </UnitTest>
    <UnitTest name="Aula.Tests.Configuration.ConfigurationTests.Features_ConversationCacheExpiration_ValidationTests(minutes: 1, isValid: True)" storage="/mnt/d/git/aula/src/aula.tests/bin/debug/net9.0/aula.tests.dll" id="4df15bfd-b375-822c-a8df-fcfde52ebf51">
      <Execution id="a5596a60-65a2-490f-81b5-721f6c95551a" />
      <TestMethod codeBase="/mnt/d/git/aula/src/Aula.Tests/bin/Debug/net9.0/Aula.Tests.dll" adapterTypeName="executor://xunit/VsTestRunner2/netcoreapp" className="Aula.Tests.Configuration.ConfigurationTests" name="Features_ConversationCacheExpiration_ValidationTests" />
    </UnitTest>
    <UnitTest name="Aula.Tests.Scheduling.SchedulingServiceIntegrationTests.Service_WithDifferentBotConfigurations_WorksCorrectly(slackEnabled: True, telegramEnabled: False)" storage="/mnt/d/git/aula/src/aula.tests/bin/debug/net9.0/aula.tests.dll" id="8206dafa-8025-c018-8995-db764f6cc603">
      <Execution id="95670a78-515a-48e9-9d93-207595e6172d" />
      <TestMethod codeBase="/mnt/d/git/aula/src/Aula.Tests/bin/Debug/net9.0/Aula.Tests.dll" adapterTypeName="executor://xunit/VsTestRunner2/netcoreapp" className="Aula.Tests.Scheduling.SchedulingServiceIntegrationTests" name="Service_WithDifferentBotConfigurations_WorksCorrectly" />
    </UnitTest>
    <UnitTest name="Aula.Tests.Services.DataModelTests.ScheduledTask_CronExpression_CanBeSet(cronExpression: &quot;0 0 1 * *&quot;, description: &quot;Monthly on the 1st at midnight&quot;)" storage="/mnt/d/git/aula/src/aula.tests/bin/debug/net9.0/aula.tests.dll" id="dc9dca5e-236c-2eb7-8830-55bb297e92d9">
      <Execution id="ca356fa0-513f-4099-9400-7c11aaadb4ed" />
      <TestMethod codeBase="/mnt/d/git/aula/src/Aula.Tests/bin/Debug/net9.0/Aula.Tests.dll" adapterTypeName="executor://xunit/VsTestRunner2/netcoreapp" className="Aula.Tests.Services.DataModelTests" name="ScheduledTask_CronExpression_CanBeSet" />
    </UnitTest>
    <UnitTest name="Aula.Tests.Services.OpenAiServiceIntegrationTests.ProcessQueryWithToolsAsync_WithInvalidContextKey_ThrowsArgumentException(contextKey: null)" storage="/mnt/d/git/aula/src/aula.tests/bin/debug/net9.0/aula.tests.dll" id="554bf191-b569-b7a2-c3b8-c6178a2abd52">
      <Execution id="91026fd4-e5af-4ebd-bd2d-38ad4da731f4" />
      <TestMethod codeBase="/mnt/d/git/aula/src/Aula.Tests/bin/Debug/net9.0/Aula.Tests.dll" adapterTypeName="executor://xunit/VsTestRunner2/netcoreapp" className="Aula.Tests.Services.OpenAiServiceIntegrationTests" name="ProcessQueryWithToolsAsync_WithInvalidContextKey_ThrowsArgumentException" />
    </UnitTest>
    <UnitTest name="Aula.Tests.Utilities.IntentAnalysisPromptsTests.ToolExamples_ContainsRequiredKeys(key: &quot;DELETE_REMINDER&quot;)" storage="/mnt/d/git/aula/src/aula.tests/bin/debug/net9.0/aula.tests.dll" id="809e3c71-6273-6b66-fb1e-4defb84e10e0">
      <Execution id="243b3a53-765b-4a73-aeb4-32d423b713d1" />
      <TestMethod codeBase="/mnt/d/git/aula/src/Aula.Tests/bin/Debug/net9.0/Aula.Tests.dll" adapterTypeName="executor://xunit/VsTestRunner2/netcoreapp" className="Aula.Tests.Utilities.IntentAnalysisPromptsTests" name="ToolExamples_ContainsRequiredKeys" />
    </UnitTest>
    <UnitTest name="Aula.Tests.Utilities.FollowUpQuestionDetectorTests.IsFollowUpQuestion_WithDanishFollowUpPhrases_ReturnsTrue(input: &quot;og?&quot;)" storage="/mnt/d/git/aula/src/aula.tests/bin/debug/net9.0/aula.tests.dll" id="cd39a17c-6fe1-e1b4-559a-d31518f5450f">
      <Execution id="e560d073-c0b3-4219-91e8-61bd886d2ded" />
      <TestMethod codeBase="/mnt/d/git/aula/src/Aula.Tests/bin/Debug/net9.0/Aula.Tests.dll" adapterTypeName="executor://xunit/VsTestRunner2/netcoreapp" className="Aula.Tests.Utilities.FollowUpQuestionDetectorTests" name="IsFollowUpQuestion_WithDanishFollowUpPhrases_ReturnsTrue" />
    </UnitTest>
    <UnitTest name="Aula.Tests.Configuration.ConfigurationTests.Config_IConfig_Interface_IsImplemented" storage="/mnt/d/git/aula/src/aula.tests/bin/debug/net9.0/aula.tests.dll" id="952f09f7-4d08-75b3-4aa9-81a5106c72e8">
      <Execution id="6edbd894-03dc-4cab-88fb-5c00a409fd36" />
      <TestMethod codeBase="/mnt/d/git/aula/src/Aula.Tests/bin/Debug/net9.0/Aula.Tests.dll" adapterTypeName="executor://xunit/VsTestRunner2/netcoreapp" className="Aula.Tests.Configuration.ConfigurationTests" name="Config_IConfig_Interface_IsImplemented" />
    </UnitTest>
    <UnitTest name="Aula.Tests.Utilities.DateTimeUtilitiesTests.GetDanishDayName_ValidDayOfWeek_ReturnsCorrectDanishName(dayOfWeek: Monday, expectedDanishName: &quot;mandag&quot;)" storage="/mnt/d/git/aula/src/aula.tests/bin/debug/net9.0/aula.tests.dll" id="d0d86c84-495f-8b36-1e1b-b8ecd9346ea3">
      <Execution id="59d6d3c1-40b6-4b5c-b13c-b6a9c42b60d3" />
      <TestMethod codeBase="/mnt/d/git/aula/src/Aula.Tests/bin/Debug/net9.0/Aula.Tests.dll" adapterTypeName="executor://xunit/VsTestRunner2/netcoreapp" className="Aula.Tests.Utilities.DateTimeUtilitiesTests" name="GetDanishDayName_ValidDayOfWeek_ReturnsCorrectDanishName" />
    </UnitTest>
    <UnitTest name="Aula.Tests.Bots.SlackInteractiveBotTests.SendMessage_WithLongText_TruncatesMessage" storage="/mnt/d/git/aula/src/aula.tests/bin/debug/net9.0/aula.tests.dll" id="9728fe01-3005-7319-6ba9-b6d3b25a9602">
      <Execution id="c49e99d3-d3f5-4d3b-a8bf-fbe5b8156086" />
      <TestMethod codeBase="/mnt/d/git/aula/src/Aula.Tests/bin/Debug/net9.0/Aula.Tests.dll" adapterTypeName="executor://xunit/VsTestRunner2/netcoreapp" className="Aula.Tests.Bots.SlackInteractiveBotTests" name="SendMessage_WithLongText_TruncatesMessage" />
    </UnitTest>
    <UnitTest name="Aula.Tests.Scheduling.SchedulingServiceIntegrationTests.Constructor_WithNullAgentService_ThrowsArgumentNullException" storage="/mnt/d/git/aula/src/aula.tests/bin/debug/net9.0/aula.tests.dll" id="048cd77d-3de3-58cf-4e72-84e37cfed1e3">
      <Execution id="c754ed31-e64a-49b3-a749-d5b98afc00be" />
      <TestMethod codeBase="/mnt/d/git/aula/src/Aula.Tests/bin/Debug/net9.0/Aula.Tests.dll" adapterTypeName="executor://xunit/VsTestRunner2/netcoreapp" className="Aula.Tests.Scheduling.SchedulingServiceIntegrationTests" name="Constructor_WithNullAgentService_ThrowsArgumentNullException" />
    </UnitTest>
    <UnitTest name="Aula.Tests.Utilities.FollowUpQuestionDetectorTests.IsFollowUpQuestion_WithFullChildNames_WorksCorrectly(input: &quot;TestChild2&quot;)" storage="/mnt/d/git/aula/src/aula.tests/bin/debug/net9.0/aula.tests.dll" id="22ffd28b-ee44-66cc-c370-4d28b25809c6">
      <Execution id="a6b1b2d7-5668-4fdc-8bef-bd76033b4a57" />
      <TestMethod codeBase="/mnt/d/git/aula/src/Aula.Tests/bin/Debug/net9.0/Aula.Tests.dll" adapterTypeName="executor://xunit/VsTestRunner2/netcoreapp" className="Aula.Tests.Utilities.FollowUpQuestionDetectorTests" name="IsFollowUpQuestion_WithFullChildNames_WorksCorrectly" />
    </UnitTest>
    <UnitTest name="Aula.Tests.Configuration.ConfigurationTests.Supabase_RequiredFields_ArePresent" storage="/mnt/d/git/aula/src/aula.tests/bin/debug/net9.0/aula.tests.dll" id="f1a75968-139e-db41-9893-934ca7edc01f">
      <Execution id="3af99aba-eea5-4d1a-848b-5059df562ec1" />
      <TestMethod codeBase="/mnt/d/git/aula/src/Aula.Tests/bin/Debug/net9.0/Aula.Tests.dll" adapterTypeName="executor://xunit/VsTestRunner2/netcoreapp" className="Aula.Tests.Configuration.ConfigurationTests" name="Supabase_RequiredFields_ArePresent" />
    </UnitTest>
    <UnitTest name="Aula.Tests.Bots.TelegramInteractiveBotTests.Constructor_WithNullAgentService_ThrowsArgumentNullException" storage="/mnt/d/git/aula/src/aula.tests/bin/debug/net9.0/aula.tests.dll" id="03bbc808-1107-fcc9-1fac-bc3ec3fc1e9f">
      <Execution id="dace90e2-7d8a-494e-a305-f929944d2b23" />
      <TestMethod codeBase="/mnt/d/git/aula/src/Aula.Tests/bin/Debug/net9.0/Aula.Tests.dll" adapterTypeName="executor://xunit/VsTestRunner2/netcoreapp" className="Aula.Tests.Bots.TelegramInteractiveBotTests" name="Constructor_WithNullAgentService_ThrowsArgumentNullException" />
    </UnitTest>
    <UnitTest name="Aula.Tests.Bots.TelegramMessageHandlerTests.HandleMessageAsync_WithHelpCommand_ProcessesHelpMessage(helpCommand: &quot;help&quot;)" storage="/mnt/d/git/aula/src/aula.tests/bin/debug/net9.0/aula.tests.dll" id="8454e79e-a056-bb6e-1db7-62ff01bf41c0">
      <Execution id="e64bf3d0-5186-4a3f-9694-60d2cef97c1c" />
      <TestMethod codeBase="/mnt/d/git/aula/src/Aula.Tests/bin/Debug/net9.0/Aula.Tests.dll" adapterTypeName="executor://xunit/VsTestRunner2/netcoreapp" className="Aula.Tests.Bots.TelegramMessageHandlerTests" name="HandleMessageAsync_WithHelpCommand_ProcessesHelpMessage" />
    </UnitTest>
    <UnitTest name="Aula.Tests.Channels.SlackBotTests.PostWeekLetter_WithVariousChildColors_HandlesCorrectly(color: &quot;&quot;)" storage="/mnt/d/git/aula/src/aula.tests/bin/debug/net9.0/aula.tests.dll" id="a40f32ef-bb76-d332-6d7b-f2a216398660">
      <Execution id="b4486f45-0c43-4d6c-b29e-fe06e8410ca4" />
      <TestMethod codeBase="/mnt/d/git/aula/src/Aula.Tests/bin/Debug/net9.0/Aula.Tests.dll" adapterTypeName="executor://xunit/VsTestRunner2/netcoreapp" className="Aula.Tests.Channels.SlackBotTests" name="PostWeekLetter_WithVariousChildColors_HandlesCorrectly" />
    </UnitTest>
    <UnitTest name="Aula.Tests.Bots.SlackMessageHandlerTests.HandleMessageAsync_WithReminderCommand_ProcessesMessage(reminderCommand: &quot;vis påmindelser&quot;)" storage="/mnt/d/git/aula/src/aula.tests/bin/debug/net9.0/aula.tests.dll" id="38d2c1cf-74ca-44cc-3664-3d658cbc699d">
      <Execution id="62327d4d-d9bf-4204-8abe-7c14ef089b52" />
      <TestMethod codeBase="/mnt/d/git/aula/src/Aula.Tests/bin/Debug/net9.0/Aula.Tests.dll" adapterTypeName="executor://xunit/VsTestRunner2/netcoreapp" className="Aula.Tests.Bots.SlackMessageHandlerTests" name="HandleMessageAsync_WithReminderCommand_ProcessesMessage" />
    </UnitTest>
    <UnitTest name="Aula.Tests.Bots.TelegramInteractiveBotTests.SendMessage_WithLongChatId_SendsSuccessfully(chatId: &quot;987654321&quot;)" storage="/mnt/d/git/aula/src/aula.tests/bin/debug/net9.0/aula.tests.dll" id="0a638305-142d-7de7-7f12-9a81aa636946">
      <Execution id="5587d4fd-6805-4c5c-b01a-73c1335f713e" />
      <TestMethod codeBase="/mnt/d/git/aula/src/Aula.Tests/bin/Debug/net9.0/Aula.Tests.dll" adapterTypeName="executor://xunit/VsTestRunner2/netcoreapp" className="Aula.Tests.Bots.TelegramInteractiveBotTests" name="SendMessage_WithLongChatId_SendsSuccessfully" />
    </UnitTest>
    <UnitTest name="Aula.Tests.Services.DataModelTests.Reminder_CreatedBy_HandlesValues(createdBy: &quot;system&quot;, shouldAccept: True)" storage="/mnt/d/git/aula/src/aula.tests/bin/debug/net9.0/aula.tests.dll" id="8f432e57-8098-fcb0-9efa-55aa76700f57">
      <Execution id="aee58f43-88c5-41d6-9734-d3ac4d01c9fb" />
      <TestMethod codeBase="/mnt/d/git/aula/src/Aula.Tests/bin/Debug/net9.0/Aula.Tests.dll" adapterTypeName="executor://xunit/VsTestRunner2/netcoreapp" className="Aula.Tests.Services.DataModelTests" name="Reminder_CreatedBy_HandlesValues" />
    </UnitTest>
    <UnitTest name="Aula.Tests.Bots.TelegramMessageHandlerTests.Constructor_WithNullReminderHandler_ThrowsArgumentNullException" storage="/mnt/d/git/aula/src/aula.tests/bin/debug/net9.0/aula.tests.dll" id="58e104c6-e504-07c5-0909-f689fdb330d3">
      <Execution id="21a39a8d-5a60-455a-8502-cff00e088c10" />
      <TestMethod codeBase="/mnt/d/git/aula/src/Aula.Tests/bin/Debug/net9.0/Aula.Tests.dll" adapterTypeName="executor://xunit/VsTestRunner2/netcoreapp" className="Aula.Tests.Bots.TelegramMessageHandlerTests" name="Constructor_WithNullReminderHandler_ThrowsArgumentNullException" />
    </UnitTest>
    <UnitTest name="Aula.Tests.Utilities.WeekLetterContentExtractorTests.ExtractContent_WithLogger_LogsWarningForEmptyContent" storage="/mnt/d/git/aula/src/aula.tests/bin/debug/net9.0/aula.tests.dll" id="5b9eed1d-66a1-144a-f169-3003eeb937ac">
      <Execution id="c525c132-c5de-4df2-aa47-097dbf523246" />
      <TestMethod codeBase="/mnt/d/git/aula/src/Aula.Tests/bin/Debug/net9.0/Aula.Tests.dll" adapterTypeName="executor://xunit/VsTestRunner2/netcoreapp" className="Aula.Tests.Utilities.WeekLetterContentExtractorTests" name="ExtractContent_WithLogger_LogsWarningForEmptyContent" />
    </UnitTest>
    <UnitTest name="Aula.Tests.Utilities.FollowUpQuestionDetectorTests.IsFollowUpQuestion_WithChildNameAndShortMessage_ReturnsTrue(input: &quot;Emma&quot;)" storage="/mnt/d/git/aula/src/aula.tests/bin/debug/net9.0/aula.tests.dll" id="775b1060-3e71-f36d-5f04-c2fd4621e8a0">
      <Execution id="88a2650d-a9b9-434d-8de0-eeb5b4020d58" />
      <TestMethod codeBase="/mnt/d/git/aula/src/Aula.Tests/bin/Debug/net9.0/Aula.Tests.dll" adapterTypeName="executor://xunit/VsTestRunner2/netcoreapp" className="Aula.Tests.Utilities.FollowUpQuestionDetectorTests" name="IsFollowUpQuestion_WithChildNameAndShortMessage_ReturnsTrue" />
    </UnitTest>
    <UnitTest name="Aula.Tests.Tools.ReminderCommandHandlerTests.TryHandleReminderCommand_NonReminderCommands_ReturnsFalse(command: &quot;random text&quot;)" storage="/mnt/d/git/aula/src/aula.tests/bin/debug/net9.0/aula.tests.dll" id="e2629d31-76fa-fe13-ab42-e2aa75f765d2">
      <Execution id="2097f1ee-67e3-4072-b64e-2e4d04f33012" />
      <TestMethod codeBase="/mnt/d/git/aula/src/Aula.Tests/bin/Debug/net9.0/Aula.Tests.dll" adapterTypeName="executor://xunit/VsTestRunner2/netcoreapp" className="Aula.Tests.Tools.ReminderCommandHandlerTests" name="TryHandleReminderCommand_NonReminderCommands_ReturnsFalse" />
    </UnitTest>
    <UnitTest name="Aula.Tests.Bots.SlackMessageHandlerTests.HandleMessageAsync_WithReminderCommand_ProcessesMessage(reminderCommand: &quot;tilføj påmindelse&quot;)" storage="/mnt/d/git/aula/src/aula.tests/bin/debug/net9.0/aula.tests.dll" id="72f86afd-1edb-0981-2eec-047ba5881f5f">
      <Execution id="1247a02e-6d95-4220-b506-1cdbc6879507" />
      <TestMethod codeBase="/mnt/d/git/aula/src/Aula.Tests/bin/Debug/net9.0/Aula.Tests.dll" adapterTypeName="executor://xunit/VsTestRunner2/netcoreapp" className="Aula.Tests.Bots.SlackMessageHandlerTests" name="HandleMessageAsync_WithReminderCommand_ProcessesMessage" />
    </UnitTest>
    <UnitTest name="Aula.Tests.Utilities.FollowUpQuestionDetectorTests.IsFollowUpQuestion_WithFullChildNames_WorksCorrectly(input: &quot;hvad med TestChild2&quot;)" storage="/mnt/d/git/aula/src/aula.tests/bin/debug/net9.0/aula.tests.dll" id="5b2ca5e4-e86c-3f28-8244-339071e7c3be">
      <Execution id="f675c575-dacd-4205-b8f0-f7a96eeddb3f" />
      <TestMethod codeBase="/mnt/d/git/aula/src/Aula.Tests/bin/Debug/net9.0/Aula.Tests.dll" adapterTypeName="executor://xunit/VsTestRunner2/netcoreapp" className="Aula.Tests.Utilities.FollowUpQuestionDetectorTests" name="IsFollowUpQuestion_WithFullChildNames_WorksCorrectly" />
    </UnitTest>
    <UnitTest name="Aula.Tests.Utilities.Html2SlackMarkdownConverterTests.Convert_WithComplexNesting_HandlesCorrectly" storage="/mnt/d/git/aula/src/aula.tests/bin/debug/net9.0/aula.tests.dll" id="3d8b8df4-6a66-e4e9-3346-33a22f2ef410">
      <Execution id="7478ab67-5f00-4d6d-8fd7-e24c466a930f" />
      <TestMethod codeBase="/mnt/d/git/aula/src/Aula.Tests/bin/Debug/net9.0/Aula.Tests.dll" adapterTypeName="executor://xunit/VsTestRunner2/netcoreapp" className="Aula.Tests.Utilities.Html2SlackMarkdownConverterTests" name="Convert_WithComplexNesting_HandlesCorrectly" />
    </UnitTest>
    <UnitTest name="Aula.Tests.Services.DataModelTests.Reminder_DefaultConstructor_InitializesCorrectly" storage="/mnt/d/git/aula/src/aula.tests/bin/debug/net9.0/aula.tests.dll" id="504418ac-a1f0-2470-99eb-7bd66657ed39">
      <Execution id="16c5a423-4ea9-4d2d-bde9-fc1d24c10c35" />
      <TestMethod codeBase="/mnt/d/git/aula/src/Aula.Tests/bin/Debug/net9.0/Aula.Tests.dll" adapterTypeName="executor://xunit/VsTestRunner2/netcoreapp" className="Aula.Tests.Services.DataModelTests" name="Reminder_DefaultConstructor_InitializesCorrectly" />
    </UnitTest>
    <UnitTest name="Aula.Tests.Services.OpenAiServiceIntegrationTests.SummarizeWeekLetterAsync_WithNullWeekLetter_ThrowsArgumentNullException(chatInterface: Slack)" storage="/mnt/d/git/aula/src/aula.tests/bin/debug/net9.0/aula.tests.dll" id="2f1a411a-2aa2-b405-2ee0-c232b3e9b9d5">
      <Execution id="b2228ed2-0451-41c7-9811-876a314f5dee" />
      <TestMethod codeBase="/mnt/d/git/aula/src/Aula.Tests/bin/Debug/net9.0/Aula.Tests.dll" adapterTypeName="executor://xunit/VsTestRunner2/netcoreapp" className="Aula.Tests.Services.OpenAiServiceIntegrationTests" name="SummarizeWeekLetterAsync_WithNullWeekLetter_ThrowsArgumentNullException" />
    </UnitTest>
    <UnitTest name="Aula.Tests.Configuration.ConfigurationTests.Supabase_ConfigurationIsCorrect" storage="/mnt/d/git/aula/src/aula.tests/bin/debug/net9.0/aula.tests.dll" id="10351b87-cca7-9abd-49aa-c981441e9d37">
      <Execution id="e4aebed1-be52-4b2e-b7b1-c0621b0951aa" />
      <TestMethod codeBase="/mnt/d/git/aula/src/Aula.Tests/bin/Debug/net9.0/Aula.Tests.dll" adapterTypeName="executor://xunit/VsTestRunner2/netcoreapp" className="Aula.Tests.Configuration.ConfigurationTests" name="Supabase_ConfigurationIsCorrect" />
    </UnitTest>
    <UnitTest name="Aula.Tests.Bots.TelegramInteractiveBotTests.Constructor_WithNullSupabaseService_ThrowsArgumentNullException" storage="/mnt/d/git/aula/src/aula.tests/bin/debug/net9.0/aula.tests.dll" id="66873fdb-c193-9c8c-5dd6-46cb202ddd5f">
      <Execution id="c0d35659-e3ec-40d1-9a13-78eac5e5ee65" />
      <TestMethod codeBase="/mnt/d/git/aula/src/Aula.Tests/bin/Debug/net9.0/Aula.Tests.dll" adapterTypeName="executor://xunit/VsTestRunner2/netcoreapp" className="Aula.Tests.Bots.TelegramInteractiveBotTests" name="Constructor_WithNullSupabaseService_ThrowsArgumentNullException" />
    </UnitTest>
    <UnitTest name="Aula.Tests.Utilities.WeekLetterContentExtractorTests.ExtractContent_Dynamic_WithValidData_ReturnsContent" storage="/mnt/d/git/aula/src/aula.tests/bin/debug/net9.0/aula.tests.dll" id="967c7597-5e79-4d07-d160-f7fa685685a7">
      <Execution id="e18d49ec-b23a-47c1-a203-0a49a51ff91f" />
      <TestMethod codeBase="/mnt/d/git/aula/src/Aula.Tests/bin/Debug/net9.0/Aula.Tests.dll" adapterTypeName="executor://xunit/VsTestRunner2/netcoreapp" className="Aula.Tests.Utilities.WeekLetterContentExtractorTests" name="ExtractContent_Dynamic_WithValidData_ReturnsContent" />
    </UnitTest>
    <UnitTest name="Aula.Tests.Utilities.Html2SlackMarkdownConverterTests.Convert_WithEmptyTags_HandlesCorrectly" storage="/mnt/d/git/aula/src/aula.tests/bin/debug/net9.0/aula.tests.dll" id="55b7868a-5525-c155-3984-2d7080cbc3f0">
      <Execution id="5d4b14e4-5ce9-4f4c-8049-996113f67a7e" />
      <TestMethod codeBase="/mnt/d/git/aula/src/Aula.Tests/bin/Debug/net9.0/Aula.Tests.dll" adapterTypeName="executor://xunit/VsTestRunner2/netcoreapp" className="Aula.Tests.Utilities.Html2SlackMarkdownConverterTests" name="Convert_WithEmptyTags_HandlesCorrectly" />
    </UnitTest>
    <UnitTest name="Aula.Tests.Services.OpenAiServiceIntegrationTests.ExtractKeyInformationAsync_WithNullWeekLetter_ThrowsArgumentNullException(chatInterface: Telegram)" storage="/mnt/d/git/aula/src/aula.tests/bin/debug/net9.0/aula.tests.dll" id="5042f569-80ad-a5a6-d51b-90b46bce87a9">
      <Execution id="d2d8301e-be50-4c57-b62b-2ff1ed64fa14" />
      <TestMethod codeBase="/mnt/d/git/aula/src/Aula.Tests/bin/Debug/net9.0/Aula.Tests.dll" adapterTypeName="executor://xunit/VsTestRunner2/netcoreapp" className="Aula.Tests.Services.OpenAiServiceIntegrationTests" name="ExtractKeyInformationAsync_WithNullWeekLetter_ThrowsArgumentNullException" />
    </UnitTest>
    <UnitTest name="Aula.Tests.Channels.SlackBotTests.SendTestMessage_WithVariousMessages_DoesNotThrow(message: &quot;Simple message&quot;)" storage="/mnt/d/git/aula/src/aula.tests/bin/debug/net9.0/aula.tests.dll" id="fd81db88-72a7-84e2-4288-c872b2f15c55">
      <Execution id="71793d93-b41e-47b5-9f7b-2cf056a4ace0" />
      <TestMethod codeBase="/mnt/d/git/aula/src/Aula.Tests/bin/Debug/net9.0/Aula.Tests.dll" adapterTypeName="executor://xunit/VsTestRunner2/netcoreapp" className="Aula.Tests.Channels.SlackBotTests" name="SendTestMessage_WithVariousMessages_DoesNotThrow" />
    </UnitTest>
    <UnitTest name="Aula.Tests.Utilities.JsonFormatterTests.Prettify_WithValidJson_ReturnsFormattedJson" storage="/mnt/d/git/aula/src/aula.tests/bin/debug/net9.0/aula.tests.dll" id="8f33f9a6-1eb9-ea36-c5af-b36c0c8860de">
      <Execution id="8eeea3f8-9829-4eba-9bbd-67f09c3df730" />
      <TestMethod codeBase="/mnt/d/git/aula/src/Aula.Tests/bin/Debug/net9.0/Aula.Tests.dll" adapterTypeName="executor://xunit/VsTestRunner2/netcoreapp" className="Aula.Tests.Utilities.JsonFormatterTests" name="Prettify_WithValidJson_ReturnsFormattedJson" />
    </UnitTest>
    <UnitTest name="Aula.Tests.Channels.TelegramClientTests.SendMessageToChannel_WithVariousChannelIds_DoesNotThrow(channelId: &quot;123456789&quot;)" storage="/mnt/d/git/aula/src/aula.tests/bin/debug/net9.0/aula.tests.dll" id="dcc46ccc-b814-743c-8b1c-539d1d47dc7f">
      <Execution id="76115532-17c1-4c2c-a805-ade5e83e9ad1" />
      <TestMethod codeBase="/mnt/d/git/aula/src/Aula.Tests/bin/Debug/net9.0/Aula.Tests.dll" adapterTypeName="executor://xunit/VsTestRunner2/netcoreapp" className="Aula.Tests.Channels.TelegramClientTests" name="SendMessageToChannel_WithVariousChannelIds_DoesNotThrow" />
    </UnitTest>
    <UnitTest name="Aula.Tests.Bots.SlackMessageHandlerTests.HandleMessageAsync_WithHelpCommand_ProcessesHelpMessage(helpCommand: &quot;HJÆLP&quot;)" storage="/mnt/d/git/aula/src/aula.tests/bin/debug/net9.0/aula.tests.dll" id="fab9cf34-c985-2e8e-6005-8cc650dd7227">
      <Execution id="063111de-cf38-46e8-b717-832956fc1fdb" />
      <TestMethod codeBase="/mnt/d/git/aula/src/Aula.Tests/bin/Debug/net9.0/Aula.Tests.dll" adapterTypeName="executor://xunit/VsTestRunner2/netcoreapp" className="Aula.Tests.Bots.SlackMessageHandlerTests" name="HandleMessageAsync_WithHelpCommand_ProcessesHelpMessage" />
    </UnitTest>
    <UnitTest name="Aula.Tests.Configuration.ConfigurationTests.UniLogin_ConfigurationIsCorrect" storage="/mnt/d/git/aula/src/aula.tests/bin/debug/net9.0/aula.tests.dll" id="d7d35b19-d0bc-0913-7974-7ed648909781">
      <Execution id="22e615c2-3c4f-45a3-abd0-be2f33a845b9" />
      <TestMethod codeBase="/mnt/d/git/aula/src/Aula.Tests/bin/Debug/net9.0/Aula.Tests.dll" adapterTypeName="executor://xunit/VsTestRunner2/netcoreapp" className="Aula.Tests.Configuration.ConfigurationTests" name="UniLogin_ConfigurationIsCorrect" />
    </UnitTest>
    <UnitTest name="Aula.Tests.Tools.AiToolsManagerTests.CreateReminderAsync_WithInvalidDateTime_ReturnsError" storage="/mnt/d/git/aula/src/aula.tests/bin/debug/net9.0/aula.tests.dll" id="f7da1efe-0e1f-7417-6453-93b658e98d53">
      <Execution id="38bd5d1d-1b6f-42b4-b796-cff5d12cd2b2" />
      <TestMethod codeBase="/mnt/d/git/aula/src/Aula.Tests/bin/Debug/net9.0/Aula.Tests.dll" adapterTypeName="executor://xunit/VsTestRunner2/netcoreapp" className="Aula.Tests.Tools.AiToolsManagerTests" name="CreateReminderAsync_WithInvalidDateTime_ReturnsError" />
    </UnitTest>
    <UnitTest name="Aula.Tests.Scheduling.SchedulingServiceTests.StartAsync_WithValidSetup_DoesNotThrow" storage="/mnt/d/git/aula/src/aula.tests/bin/debug/net9.0/aula.tests.dll" id="9ae1ca23-2201-2b3b-6785-ee5758dfd92c">
      <Execution id="ba41e565-6f92-4da8-bec4-c08b3514655d" />
      <TestMethod codeBase="/mnt/d/git/aula/src/Aula.Tests/bin/Debug/net9.0/Aula.Tests.dll" adapterTypeName="executor://xunit/VsTestRunner2/netcoreapp" className="Aula.Tests.Scheduling.SchedulingServiceTests" name="StartAsync_WithValidSetup_DoesNotThrow" />
    </UnitTest>
    <UnitTest name="Aula.Tests.Bots.SlackMessageHandlerTests.HandleMessageAsync_WithNullText_ReturnsFalse" storage="/mnt/d/git/aula/src/aula.tests/bin/debug/net9.0/aula.tests.dll" id="2435f07f-4cdd-eeff-ea35-46385277928d">
      <Execution id="9647fe26-1b73-4b25-a946-33fcecaed1d1" />
      <TestMethod codeBase="/mnt/d/git/aula/src/Aula.Tests/bin/Debug/net9.0/Aula.Tests.dll" adapterTypeName="executor://xunit/VsTestRunner2/netcoreapp" className="Aula.Tests.Bots.SlackMessageHandlerTests" name="HandleMessageAsync_WithNullText_ReturnsFalse" />
    </UnitTest>
    <UnitTest name="Aula.Tests.Channels.TelegramClientTests.Constructor_WithToken_CreatesInstance" storage="/mnt/d/git/aula/src/aula.tests/bin/debug/net9.0/aula.tests.dll" id="e59d968d-c8e5-f85d-8f4b-30d82d049708">
      <Execution id="1eb21697-064e-4ef2-a807-b88396f3474e" />
      <TestMethod codeBase="/mnt/d/git/aula/src/Aula.Tests/bin/Debug/net9.0/Aula.Tests.dll" adapterTypeName="executor://xunit/VsTestRunner2/netcoreapp" className="Aula.Tests.Channels.TelegramClientTests" name="Constructor_WithToken_CreatesInstance" />
    </UnitTest>
    <UnitTest name="Aula.Tests.Services.DataModelTests.PostedLetter_WeekNumberValidation_ReturnsExpectedResult(weekNumber: 54, year: 2023, isValid: False)" storage="/mnt/d/git/aula/src/aula.tests/bin/debug/net9.0/aula.tests.dll" id="b818bc8f-75bb-2119-5010-d4b3daaab169">
      <Execution id="7ac9ce5f-460d-4212-b1a5-e8a4252f54c0" />
      <TestMethod codeBase="/mnt/d/git/aula/src/Aula.Tests/bin/Debug/net9.0/Aula.Tests.dll" adapterTypeName="executor://xunit/VsTestRunner2/netcoreapp" className="Aula.Tests.Services.DataModelTests" name="PostedLetter_WeekNumberValidation_ReturnsExpectedResult" />
    </UnitTest>
    <UnitTest name="Aula.Tests.Channels.TelegramClientTests.Constructor_WithConfig_EnabledTrue_CreatesInstance" storage="/mnt/d/git/aula/src/aula.tests/bin/debug/net9.0/aula.tests.dll" id="2dc6c47b-b5f0-933c-7989-ac5759dd4706">
      <Execution id="226f5db3-8484-424f-bb1f-9fe854c20278" />
      <TestMethod codeBase="/mnt/d/git/aula/src/Aula.Tests/bin/Debug/net9.0/Aula.Tests.dll" adapterTypeName="executor://xunit/VsTestRunner2/netcoreapp" className="Aula.Tests.Channels.TelegramClientTests" name="Constructor_WithConfig_EnabledTrue_CreatesInstance" />
    </UnitTest>
    <UnitTest name="Aula.Tests.Utilities.ConversationContextTests.ToString_WithNullChildName_ReturnsNone" storage="/mnt/d/git/aula/src/aula.tests/bin/debug/net9.0/aula.tests.dll" id="7238819f-b48b-cc3e-dc7e-e183fab753be">
      <Execution id="d4bbf410-2214-4030-93b6-8c3ecedd403d" />
      <TestMethod codeBase="/mnt/d/git/aula/src/Aula.Tests/bin/Debug/net9.0/Aula.Tests.dll" adapterTypeName="executor://xunit/VsTestRunner2/netcoreapp" className="Aula.Tests.Utilities.ConversationContextTests" name="ToString_WithNullChildName_ReturnsNone" />
    </UnitTest>
    <UnitTest name="Aula.Tests.Services.DataModelTests.Reminder_CreatedBy_HandlesValues(createdBy: &quot;bot&quot;, shouldAccept: True)" storage="/mnt/d/git/aula/src/aula.tests/bin/debug/net9.0/aula.tests.dll" id="20d1a661-1ac8-24a1-ac68-136a1cca5ab9">
      <Execution id="b0afebab-8cb4-4f51-b821-0b56e2b70f0e" />
      <TestMethod codeBase="/mnt/d/git/aula/src/Aula.Tests/bin/Debug/net9.0/Aula.Tests.dll" adapterTypeName="executor://xunit/VsTestRunner2/netcoreapp" className="Aula.Tests.Services.DataModelTests" name="Reminder_CreatedBy_HandlesValues" />
    </UnitTest>
    <UnitTest name="Aula.Tests.Bots.TelegramMessageHandlerTests.HandleMessageAsync_WithHelpCommand_ProcessesHelpMessage(helpCommand: &quot;HELP&quot;)" storage="/mnt/d/git/aula/src/aula.tests/bin/debug/net9.0/aula.tests.dll" id="c2915ea4-e5f9-7f97-c925-c30cd92f3ba5">
      <Execution id="c63de72d-0de2-43a9-a35d-cc1ccef45cbb" />
      <TestMethod codeBase="/mnt/d/git/aula/src/Aula.Tests/bin/Debug/net9.0/Aula.Tests.dll" adapterTypeName="executor://xunit/VsTestRunner2/netcoreapp" className="Aula.Tests.Bots.TelegramMessageHandlerTests" name="HandleMessageAsync_WithHelpCommand_ProcessesHelpMessage" />
    </UnitTest>
    <UnitTest name="Aula.Tests.Services.DataModelTests.Reminder_WithProperties_SetsCorrectly" storage="/mnt/d/git/aula/src/aula.tests/bin/debug/net9.0/aula.tests.dll" id="a3b592c0-7c51-7572-10a6-650c509f2a53">
      <Execution id="9b38fa99-b864-484b-8b87-b24b7aca3053" />
      <TestMethod codeBase="/mnt/d/git/aula/src/Aula.Tests/bin/Debug/net9.0/Aula.Tests.dll" adapterTypeName="executor://xunit/VsTestRunner2/netcoreapp" className="Aula.Tests.Services.DataModelTests" name="Reminder_WithProperties_SetsCorrectly" />
    </UnitTest>
    <UnitTest name="Aula.Tests.Configuration.ConfigurationTests.Telegram_Token_ValidationTests(token: &quot;&quot;, isValidFormat: False)" storage="/mnt/d/git/aula/src/aula.tests/bin/debug/net9.0/aula.tests.dll" id="cc3765fc-8658-a464-43ae-5fa3b977b4d0">
      <Execution id="f3533c2b-ecf5-42f0-a0d3-e5c15d49f242" />
      <TestMethod codeBase="/mnt/d/git/aula/src/Aula.Tests/bin/Debug/net9.0/Aula.Tests.dll" adapterTypeName="executor://xunit/VsTestRunner2/netcoreapp" className="Aula.Tests.Configuration.ConfigurationTests" name="Telegram_Token_ValidationTests" />
    </UnitTest>
    <UnitTest name="Aula.Tests.Configuration.ConfigurationTests.Timers_AdaptivePollingLimits_ValidationTests(minSeconds: 0, maxSeconds: 30, isValid: False)" storage="/mnt/d/git/aula/src/aula.tests/bin/debug/net9.0/aula.tests.dll" id="06bd4992-c8ee-1a40-f2c9-75f9e0d2a1aa">
      <Execution id="76bf0df4-a047-45b5-97c7-43da3a1a0a83" />
      <TestMethod codeBase="/mnt/d/git/aula/src/Aula.Tests/bin/Debug/net9.0/Aula.Tests.dll" adapterTypeName="executor://xunit/VsTestRunner2/netcoreapp" className="Aula.Tests.Configuration.ConfigurationTests" name="Timers_AdaptivePollingLimits_ValidationTests" />
    </UnitTest>
    <UnitTest name="Aula.Tests.Utilities.FollowUpQuestionDetectorTests.IsFollowUpQuestion_WithLongMessageContainingChildName_ReturnsFalse(input: &quot;A detailed question about Liam's homework that is &quot;···)" storage="/mnt/d/git/aula/src/aula.tests/bin/debug/net9.0/aula.tests.dll" id="3dfa9941-19c4-5af8-c083-d23b4b389829">
      <Execution id="1b478caf-965c-41bd-80de-440eb056e1a9" />
      <TestMethod codeBase="/mnt/d/git/aula/src/Aula.Tests/bin/Debug/net9.0/Aula.Tests.dll" adapterTypeName="executor://xunit/VsTestRunner2/netcoreapp" className="Aula.Tests.Utilities.FollowUpQuestionDetectorTests" name="IsFollowUpQuestion_WithLongMessageContainingChildName_ReturnsFalse" />
    </UnitTest>
    <UnitTest name="Aula.Tests.Services.DataServiceTests.GetWeekLetter_ReturnsNull_WhenNotInCache" storage="/mnt/d/git/aula/src/aula.tests/bin/debug/net9.0/aula.tests.dll" id="7d080014-b88c-9f91-eed5-7f14566db144">
      <Execution id="46df845e-f457-4f7b-bd45-325c3200d949" />
      <TestMethod codeBase="/mnt/d/git/aula/src/Aula.Tests/bin/Debug/net9.0/Aula.Tests.dll" adapterTypeName="executor://xunit/VsTestRunner2/netcoreapp" className="Aula.Tests.Services.DataServiceTests" name="GetWeekLetter_ReturnsNull_WhenNotInCache" />
    </UnitTest>
    <UnitTest name="Aula.Tests.Utilities.FollowUpQuestionDetectorTests.IsFollowUpQuestion_WithShortFollowUps_ReturnsTrue(input: &quot;Okay&quot;)" storage="/mnt/d/git/aula/src/aula.tests/bin/debug/net9.0/aula.tests.dll" id="900f1247-1180-3eee-0ffc-f108426b3d75">
      <Execution id="ec91b665-da30-4a14-ba17-b39b20dfbdcd" />
      <TestMethod codeBase="/mnt/d/git/aula/src/Aula.Tests/bin/Debug/net9.0/Aula.Tests.dll" adapterTypeName="executor://xunit/VsTestRunner2/netcoreapp" className="Aula.Tests.Utilities.FollowUpQuestionDetectorTests" name="IsFollowUpQuestion_WithShortFollowUps_ReturnsTrue" />
    </UnitTest>
    <UnitTest name="Aula.Tests.Utilities.ReminderExtractionPromptsTests.GetExtractionPrompt_WithBasicQuery_ReturnsValidPrompt" storage="/mnt/d/git/aula/src/aula.tests/bin/debug/net9.0/aula.tests.dll" id="1db76d8f-f5a5-dcb7-9657-e7f194b55049">
      <Execution id="7698e258-f53d-4413-b1ca-e9edb537813a" />
      <TestMethod codeBase="/mnt/d/git/aula/src/Aula.Tests/bin/Debug/net9.0/Aula.Tests.dll" adapterTypeName="executor://xunit/VsTestRunner2/netcoreapp" className="Aula.Tests.Utilities.ReminderExtractionPromptsTests" name="GetExtractionPrompt_WithBasicQuery_ReturnsValidPrompt" />
    </UnitTest>
    <UnitTest name="Aula.Tests.Utilities.WeekLetterContentExtractorTests.ExtractContent_WithEmptyUgebreve_ReturnsEmptyString" storage="/mnt/d/git/aula/src/aula.tests/bin/debug/net9.0/aula.tests.dll" id="c7ba7dd8-e3e6-46dc-0605-cbeb66092785">
      <Execution id="b3cada10-dc02-4721-8700-7f9b83fd4e2e" />
      <TestMethod codeBase="/mnt/d/git/aula/src/Aula.Tests/bin/Debug/net9.0/Aula.Tests.dll" adapterTypeName="executor://xunit/VsTestRunner2/netcoreapp" className="Aula.Tests.Utilities.WeekLetterContentExtractorTests" name="ExtractContent_WithEmptyUgebreve_ReturnsEmptyString" />
    </UnitTest>
    <UnitTest name="Aula.Tests.Utilities.JsonFormatterTests.Prettify_WithAlreadyFormattedJson_ReturnsFormattedJson" storage="/mnt/d/git/aula/src/aula.tests/bin/debug/net9.0/aula.tests.dll" id="be069dea-132b-4f72-c1c8-8b4fd667fd7f">
      <Execution id="c62ee937-b441-4a8e-bf4e-a1f23e13aec6" />
      <TestMethod codeBase="/mnt/d/git/aula/src/Aula.Tests/bin/Debug/net9.0/Aula.Tests.dll" adapterTypeName="executor://xunit/VsTestRunner2/netcoreapp" className="Aula.Tests.Utilities.JsonFormatterTests" name="Prettify_WithAlreadyFormattedJson_ReturnsFormattedJson" />
    </UnitTest>
    <UnitTest name="Aula.Tests.Channels.TelegramClientTests.PostWeekLetter_WithVariousChildNames_HandlesCorrectly(firstName: &quot;TestChild1&quot;)" storage="/mnt/d/git/aula/src/aula.tests/bin/debug/net9.0/aula.tests.dll" id="e82c4cb9-864b-593c-f310-4d201e527a40">
      <Execution id="5ec646d8-7d25-4d70-af60-27c87b6e8f47" />
      <TestMethod codeBase="/mnt/d/git/aula/src/Aula.Tests/bin/Debug/net9.0/Aula.Tests.dll" adapterTypeName="executor://xunit/VsTestRunner2/netcoreapp" className="Aula.Tests.Channels.TelegramClientTests" name="PostWeekLetter_WithVariousChildNames_HandlesCorrectly" />
    </UnitTest>
    <UnitTest name="Aula.Tests.Utilities.FollowUpQuestionDetectorTests.IsFollowUpQuestion_WithEnglishFollowUpPhrases_ReturnsTrue(input: &quot;What About Emma?&quot;)" storage="/mnt/d/git/aula/src/aula.tests/bin/debug/net9.0/aula.tests.dll" id="abd8e945-1cd6-1c43-f5d4-1f844731781d">
      <Execution id="c38f2ecc-209c-4e08-9f9f-e487a3dcef29" />
      <TestMethod codeBase="/mnt/d/git/aula/src/Aula.Tests/bin/Debug/net9.0/Aula.Tests.dll" adapterTypeName="executor://xunit/VsTestRunner2/netcoreapp" className="Aula.Tests.Utilities.FollowUpQuestionDetectorTests" name="IsFollowUpQuestion_WithEnglishFollowUpPhrases_ReturnsTrue" />
    </UnitTest>
    <UnitTest name="Aula.Tests.Utilities.DateTimeUtilitiesTests.GetDanishDayName_ValidDayOfWeek_ReturnsCorrectDanishName(dayOfWeek: Thursday, expectedDanishName: &quot;torsdag&quot;)" storage="/mnt/d/git/aula/src/aula.tests/bin/debug/net9.0/aula.tests.dll" id="12c6c75b-17e2-768a-c582-545ad6254677">
      <Execution id="24b9ebd0-10b5-4b6a-a40b-43c0feb9c638" />
      <TestMethod codeBase="/mnt/d/git/aula/src/Aula.Tests/bin/Debug/net9.0/Aula.Tests.dll" adapterTypeName="executor://xunit/VsTestRunner2/netcoreapp" className="Aula.Tests.Utilities.DateTimeUtilitiesTests" name="GetDanishDayName_ValidDayOfWeek_ReturnsCorrectDanishName" />
    </UnitTest>
    <UnitTest name="Aula.Tests.Utilities.FollowUpQuestionDetectorTests.IsFollowUpQuestion_WithEmptyInput_ReturnsFalse" storage="/mnt/d/git/aula/src/aula.tests/bin/debug/net9.0/aula.tests.dll" id="50dcaab1-381b-ffdd-0774-bfbc00f359f9">
      <Execution id="032d408a-bc72-4e44-abdf-21b0f40a9232" />
      <TestMethod codeBase="/mnt/d/git/aula/src/Aula.Tests/bin/Debug/net9.0/Aula.Tests.dll" adapterTypeName="executor://xunit/VsTestRunner2/netcoreapp" className="Aula.Tests.Utilities.FollowUpQuestionDetectorTests" name="IsFollowUpQuestion_WithEmptyInput_ReturnsFalse" />
    </UnitTest>
    <UnitTest name="Aula.Tests.Configuration.ConfigurationTests.Features_DefaultValues_AreCorrect" storage="/mnt/d/git/aula/src/aula.tests/bin/debug/net9.0/aula.tests.dll" id="e09a9a0e-f05e-b1ab-94a1-7ba461fbd7f9">
      <Execution id="2d502c3a-3c35-459f-bfb0-49dfae6290dc" />
      <TestMethod codeBase="/mnt/d/git/aula/src/Aula.Tests/bin/Debug/net9.0/Aula.Tests.dll" adapterTypeName="executor://xunit/VsTestRunner2/netcoreapp" className="Aula.Tests.Configuration.ConfigurationTests" name="Features_DefaultValues_AreCorrect" />
    </UnitTest>
    <UnitTest name="Aula.Tests.Utilities.ConversationContextManagerTests.UpdateContext_WithDefaultParameters_SetsCorrectDefaults" storage="/mnt/d/git/aula/src/aula.tests/bin/debug/net9.0/aula.tests.dll" id="7bb5033b-053d-57a5-c00e-279f476a8835">
      <Execution id="241fa762-7272-4955-927b-3924876bcc72" />
      <TestMethod codeBase="/mnt/d/git/aula/src/Aula.Tests/bin/Debug/net9.0/Aula.Tests.dll" adapterTypeName="executor://xunit/VsTestRunner2/netcoreapp" className="Aula.Tests.Utilities.ConversationContextManagerTests" name="UpdateContext_WithDefaultParameters_SetsCorrectDefaults" />
    </UnitTest>
    <UnitTest name="Aula.Tests.Utilities.Html2SlackMarkdownConverterTests.Convert_WithPartialTags_HandlesGracefully(html: &quot;text &lt;b&gt; more text&quot;)" storage="/mnt/d/git/aula/src/aula.tests/bin/debug/net9.0/aula.tests.dll" id="bb7ff579-7dbb-d724-561f-6bfaeeb13e43">
      <Execution id="e38914ba-3a01-46cb-84a1-a972affd79b8" />
      <TestMethod codeBase="/mnt/d/git/aula/src/Aula.Tests/bin/Debug/net9.0/Aula.Tests.dll" adapterTypeName="executor://xunit/VsTestRunner2/netcoreapp" className="Aula.Tests.Utilities.Html2SlackMarkdownConverterTests" name="Convert_WithPartialTags_HandlesGracefully" />
    </UnitTest>
    <UnitTest name="Aula.Tests.Utilities.IntentAnalysisPromptsTests.AnalysisTemplate_ContainsAllToolActions" storage="/mnt/d/git/aula/src/aula.tests/bin/debug/net9.0/aula.tests.dll" id="4065d4aa-647e-7977-71b8-e3fe088d65f6">
      <Execution id="50e651f8-bc19-4e6e-ad63-c2959276e696" />
      <TestMethod codeBase="/mnt/d/git/aula/src/Aula.Tests/bin/Debug/net9.0/Aula.Tests.dll" adapterTypeName="executor://xunit/VsTestRunner2/netcoreapp" className="Aula.Tests.Utilities.IntentAnalysisPromptsTests" name="AnalysisTemplate_ContainsAllToolActions" />
    </UnitTest>
    <UnitTest name="Aula.Tests.Bots.SlackMessageHandlerTests.Constructor_WithNullLogger_ThrowsArgumentNullException" storage="/mnt/d/git/aula/src/aula.tests/bin/debug/net9.0/aula.tests.dll" id="feee90d8-1656-5d1e-73f9-5a26fcecfdaf">
      <Execution id="3c0568a7-a9c7-4463-921b-b762bc6a6ccc" />
      <TestMethod codeBase="/mnt/d/git/aula/src/Aula.Tests/bin/Debug/net9.0/Aula.Tests.dll" adapterTypeName="executor://xunit/VsTestRunner2/netcoreapp" className="Aula.Tests.Bots.SlackMessageHandlerTests" name="Constructor_WithNullLogger_ThrowsArgumentNullException" />
    </UnitTest>
    <UnitTest name="Aula.Tests.Services.OpenAiServiceIntegrationTests.AskQuestionAboutChildrenAsync_WithNullChildrenWeekLetters_ThrowsArgumentNullException(chatInterface: Telegram)" storage="/mnt/d/git/aula/src/aula.tests/bin/debug/net9.0/aula.tests.dll" id="b10574f8-57a7-a56d-69fc-5fa21e09fe6d">
      <Execution id="b3b0112b-12e6-4783-9fb5-70d123cd0a33" />
      <TestMethod codeBase="/mnt/d/git/aula/src/Aula.Tests/bin/Debug/net9.0/Aula.Tests.dll" adapterTypeName="executor://xunit/VsTestRunner2/netcoreapp" className="Aula.Tests.Services.OpenAiServiceIntegrationTests" name="AskQuestionAboutChildrenAsync_WithNullChildrenWeekLetters_ThrowsArgumentNullException" />
    </UnitTest>
    <UnitTest name="Aula.Tests.Bots.TelegramMessageHandlerTests.Constructor_WithNullChildrenByName_ThrowsArgumentNullException" storage="/mnt/d/git/aula/src/aula.tests/bin/debug/net9.0/aula.tests.dll" id="2c3d4776-5def-fbfc-180a-60513ca0400e">
      <Execution id="4c0d331e-24c0-4af0-9cb6-97c99438be23" />
      <TestMethod codeBase="/mnt/d/git/aula/src/Aula.Tests/bin/Debug/net9.0/Aula.Tests.dll" adapterTypeName="executor://xunit/VsTestRunner2/netcoreapp" className="Aula.Tests.Bots.TelegramMessageHandlerTests" name="Constructor_WithNullChildrenByName_ThrowsArgumentNullException" />
    </UnitTest>
    <UnitTest name="Aula.Tests.Tools.ReminderCommandHandlerTests.TryHandleReminderCommand_ListReminders_WithException_LogsErrorAndReturnsErrorMessage(command: &quot;list reminders&quot;, isEnglish: True)" storage="/mnt/d/git/aula/src/aula.tests/bin/debug/net9.0/aula.tests.dll" id="291a0a00-e36f-0b02-ed15-eb7d9d18168a">
      <Execution id="79e49ef4-f958-4751-b7a9-dce63b3c55ba" />
      <TestMethod codeBase="/mnt/d/git/aula/src/Aula.Tests/bin/Debug/net9.0/Aula.Tests.dll" adapterTypeName="executor://xunit/VsTestRunner2/netcoreapp" className="Aula.Tests.Tools.ReminderCommandHandlerTests" name="TryHandleReminderCommand_ListReminders_WithException_LogsErrorAndReturnsErrorMessage" />
    </UnitTest>
    <UnitTest name="Aula.Tests.Channels.TelegramClientTests.SendMessageToChannel_WithVariousChannelIds_DoesNotThrow(channelId: &quot;&quot;)" storage="/mnt/d/git/aula/src/aula.tests/bin/debug/net9.0/aula.tests.dll" id="99892231-84e1-33e1-e7f7-41ced0139b8b">
      <Execution id="b8fdc850-6c16-423d-8a18-9ed23805a1a2" />
      <TestMethod codeBase="/mnt/d/git/aula/src/Aula.Tests/bin/Debug/net9.0/Aula.Tests.dll" adapterTypeName="executor://xunit/VsTestRunner2/netcoreapp" className="Aula.Tests.Channels.TelegramClientTests" name="SendMessageToChannel_WithVariousChannelIds_DoesNotThrow" />
    </UnitTest>
    <UnitTest name="Aula.Tests.Bots.TelegramInteractiveBotTests.SendMessage_WithLongChatIdAsLong_SendsSuccessfully(chatId: 1234567890)" storage="/mnt/d/git/aula/src/aula.tests/bin/debug/net9.0/aula.tests.dll" id="84d3e400-28e5-a032-6581-dd6f9d37667a">
      <Execution id="9fd7bda2-3486-40ab-b5b8-c85a549c6a54" />
      <TestMethod codeBase="/mnt/d/git/aula/src/Aula.Tests/bin/Debug/net9.0/Aula.Tests.dll" adapterTypeName="executor://xunit/VsTestRunner2/netcoreapp" className="Aula.Tests.Bots.TelegramInteractiveBotTests" name="SendMessage_WithLongChatIdAsLong_SendsSuccessfully" />
    </UnitTest>
    <UnitTest name="Aula.Tests.Tools.ReminderCommandHandlerTests.TryHandleReminderCommand_NonReminderCommands_ReturnsFalse(command: &quot;hello world&quot;)" storage="/mnt/d/git/aula/src/aula.tests/bin/debug/net9.0/aula.tests.dll" id="f09b7cd5-4ae8-422c-8772-5a55d24c9ade">
      <Execution id="bc6de7f3-fcb6-4a23-b127-40ab89c17d2e" />
      <TestMethod codeBase="/mnt/d/git/aula/src/Aula.Tests/bin/Debug/net9.0/Aula.Tests.dll" adapterTypeName="executor://xunit/VsTestRunner2/netcoreapp" className="Aula.Tests.Tools.ReminderCommandHandlerTests" name="TryHandleReminderCommand_NonReminderCommands_ReturnsFalse" />
    </UnitTest>
    <UnitTest name="Aula.Tests.Services.OpenAiServiceIntegrationTests.ProcessQueryWithToolsAsync_WithValidParameters_CallsApiWithCorrectParameters" storage="/mnt/d/git/aula/src/aula.tests/bin/debug/net9.0/aula.tests.dll" id="2ec4bb68-9993-76c1-0376-5d281d5240c0">
      <Execution id="814854b3-548c-4839-aa46-bd86d1f22cdf" />
      <TestMethod codeBase="/mnt/d/git/aula/src/Aula.Tests/bin/Debug/net9.0/Aula.Tests.dll" adapterTypeName="executor://xunit/VsTestRunner2/netcoreapp" className="Aula.Tests.Services.OpenAiServiceIntegrationTests" name="ProcessQueryWithToolsAsync_WithValidParameters_CallsApiWithCorrectParameters" />
    </UnitTest>
    <UnitTest name="Aula.Tests.Configuration.ConfigurationTests.Timers_AdaptivePollingLimits_ValidationTests(minSeconds: 1, maxSeconds: 60, isValid: True)" storage="/mnt/d/git/aula/src/aula.tests/bin/debug/net9.0/aula.tests.dll" id="d176fe9d-a550-c0ab-c3b8-0439143bdca1">
      <Execution id="fdabc9a3-d160-4554-a23e-15f94395c053" />
      <TestMethod codeBase="/mnt/d/git/aula/src/Aula.Tests/bin/Debug/net9.0/Aula.Tests.dll" adapterTypeName="executor://xunit/VsTestRunner2/netcoreapp" className="Aula.Tests.Configuration.ConfigurationTests" name="Timers_AdaptivePollingLimits_ValidationTests" />
    </UnitTest>
    <UnitTest name="Aula.Tests.Utilities.ConversationContextTests.IsStillValid_WithOldTimestamp_ReturnsFalse" storage="/mnt/d/git/aula/src/aula.tests/bin/debug/net9.0/aula.tests.dll" id="a8b9844c-6104-c9c6-7d60-78d6100065b0">
      <Execution id="5d918680-c562-4c12-bfce-678fd952cdd2" />
      <TestMethod codeBase="/mnt/d/git/aula/src/Aula.Tests/bin/Debug/net9.0/Aula.Tests.dll" adapterTypeName="executor://xunit/VsTestRunner2/netcoreapp" className="Aula.Tests.Utilities.ConversationContextTests" name="IsStillValid_WithOldTimestamp_ReturnsFalse" />
    </UnitTest>
    <UnitTest name="Aula.Tests.Bots.SlackMessageHandlerTests.HandleMessageAsync_WithValidQuery_ProcessesSuccessfully(queryText: &quot;What is TestChild1 doing tomorrow?&quot;)" storage="/mnt/d/git/aula/src/aula.tests/bin/debug/net9.0/aula.tests.dll" id="c4bc0f3a-eeff-3d15-3eac-b16332605c4c">
      <Execution id="f9017ef2-55d4-4fcb-84a7-15ed9789a98d" />
      <TestMethod codeBase="/mnt/d/git/aula/src/Aula.Tests/bin/Debug/net9.0/Aula.Tests.dll" adapterTypeName="executor://xunit/VsTestRunner2/netcoreapp" className="Aula.Tests.Bots.SlackMessageHandlerTests" name="HandleMessageAsync_WithValidQuery_ProcessesSuccessfully" />
    </UnitTest>
    <UnitTest name="Aula.Tests.Services.SupabaseServiceTests.TestConnectionAsync_WithoutInitialize_ReturnsFalse" storage="/mnt/d/git/aula/src/aula.tests/bin/debug/net9.0/aula.tests.dll" id="085e36b0-0d52-7c74-b0d8-4785cd5f1544">
      <Execution id="e8daf2ec-7a63-4dea-8da6-bd727ba89f2b" />
      <TestMethod codeBase="/mnt/d/git/aula/src/Aula.Tests/bin/Debug/net9.0/Aula.Tests.dll" adapterTypeName="executor://xunit/VsTestRunner2/netcoreapp" className="Aula.Tests.Services.SupabaseServiceTests" name="TestConnectionAsync_WithoutInitialize_ReturnsFalse" />
    </UnitTest>
    <UnitTest name="Aula.Tests.Utilities.FollowUpQuestionDetectorTests.IsFollowUpQuestion_WithDanishFollowUpPhrases_ReturnsTrue(input: &quot;hvordan med Liam&quot;)" storage="/mnt/d/git/aula/src/aula.tests/bin/debug/net9.0/aula.tests.dll" id="5c459586-7f42-89d7-f28d-c1bb3f1f4b97">
      <Execution id="038bf546-25b4-4f3a-9cda-b654cfaa8000" />
      <TestMethod codeBase="/mnt/d/git/aula/src/Aula.Tests/bin/Debug/net9.0/Aula.Tests.dll" adapterTypeName="executor://xunit/VsTestRunner2/netcoreapp" className="Aula.Tests.Utilities.FollowUpQuestionDetectorTests" name="IsFollowUpQuestion_WithDanishFollowUpPhrases_ReturnsTrue" />
    </UnitTest>
    <UnitTest name="Aula.Tests.Channels.SlackBotTests.PostMessage_WithMessage_DoesNotThrow" storage="/mnt/d/git/aula/src/aula.tests/bin/debug/net9.0/aula.tests.dll" id="9abb3739-6b0d-7f8e-6b46-0210e9a0d235">
      <Execution id="18dde679-a62c-43c4-acfe-579bf18cfdee" />
      <TestMethod codeBase="/mnt/d/git/aula/src/Aula.Tests/bin/Debug/net9.0/Aula.Tests.dll" adapterTypeName="executor://xunit/VsTestRunner2/netcoreapp" className="Aula.Tests.Channels.SlackBotTests" name="PostMessage_WithMessage_DoesNotThrow" />
    </UnitTest>
    <UnitTest name="Aula.Tests.Services.DataModelTests.PostedLetter_ContentHash_CanDetectChanges" storage="/mnt/d/git/aula/src/aula.tests/bin/debug/net9.0/aula.tests.dll" id="8058c27b-1352-027a-d929-43b2879c423e">
      <Execution id="6ffdc410-2c48-4d14-bb50-5dd7aeb58867" />
      <TestMethod codeBase="/mnt/d/git/aula/src/Aula.Tests/bin/Debug/net9.0/Aula.Tests.dll" adapterTypeName="executor://xunit/VsTestRunner2/netcoreapp" className="Aula.Tests.Services.DataModelTests" name="PostedLetter_ContentHash_CanDetectChanges" />
    </UnitTest>
    <UnitTest name="Aula.Tests.Utilities.DateTimeUtilitiesTests.GetDanishDayName_AllValidDaysOfWeek_ReturnsNonEmptyString(dayOfWeek: Saturday)" storage="/mnt/d/git/aula/src/aula.tests/bin/debug/net9.0/aula.tests.dll" id="51dadbc3-586b-6ea0-f9cc-0638c0cb614d">
      <Execution id="b689f8c6-2086-4ba3-97fb-5494bdc5febf" />
      <TestMethod codeBase="/mnt/d/git/aula/src/Aula.Tests/bin/Debug/net9.0/Aula.Tests.dll" adapterTypeName="executor://xunit/VsTestRunner2/netcoreapp" className="Aula.Tests.Utilities.DateTimeUtilitiesTests" name="GetDanishDayName_AllValidDaysOfWeek_ReturnsNonEmptyString" />
    </UnitTest>
    <UnitTest name="Aula.Tests.Configuration.ConfigurationTests.Timers_SchedulingInterval_ValidationTests(intervalSeconds: 5, isValid: True)" storage="/mnt/d/git/aula/src/aula.tests/bin/debug/net9.0/aula.tests.dll" id="0c4f7782-5c4d-f42e-03cc-a2dae624ac6e">
      <Execution id="5a30ea12-30a7-4bad-8e6b-06f3e2c6d8c3" />
      <TestMethod codeBase="/mnt/d/git/aula/src/Aula.Tests/bin/Debug/net9.0/Aula.Tests.dll" adapterTypeName="executor://xunit/VsTestRunner2/netcoreapp" className="Aula.Tests.Configuration.ConfigurationTests" name="Timers_SchedulingInterval_ValidationTests" />
    </UnitTest>
    <UnitTest name="Aula.Tests.Channels.TelegramClientTests.SendMessageToChannel_WithVariousMessages_DoesNotThrow(message: &quot;Message with &lt;i&gt;italic&lt;/i&gt; text&quot;)" storage="/mnt/d/git/aula/src/aula.tests/bin/debug/net9.0/aula.tests.dll" id="b47684af-1794-f5e1-2939-ee11bb40f2e8">
      <Execution id="46cf78a8-7ce9-4037-a175-d1b98cdd5fbd" />
      <TestMethod codeBase="/mnt/d/git/aula/src/Aula.Tests/bin/Debug/net9.0/Aula.Tests.dll" adapterTypeName="executor://xunit/VsTestRunner2/netcoreapp" className="Aula.Tests.Channels.TelegramClientTests" name="SendMessageToChannel_WithVariousMessages_DoesNotThrow" />
    </UnitTest>
    <UnitTest name="Aula.Tests.Tools.ReminderCommandHandlerTests.TryHandleReminderCommand_ListReminders_ValidCommands_ReturnsRemindersList(command: &quot;list reminders&quot;, isEnglish: True)" storage="/mnt/d/git/aula/src/aula.tests/bin/debug/net9.0/aula.tests.dll" id="2c4f5c38-e0cd-3355-85e7-bc13205402ed">
      <Execution id="e2725895-155a-4fd9-aff4-46de611223cd" />
      <TestMethod codeBase="/mnt/d/git/aula/src/Aula.Tests/bin/Debug/net9.0/Aula.Tests.dll" adapterTypeName="executor://xunit/VsTestRunner2/netcoreapp" className="Aula.Tests.Tools.ReminderCommandHandlerTests" name="TryHandleReminderCommand_ListReminders_ValidCommands_ReturnsRemindersList" />
    </UnitTest>
    <UnitTest name="Aula.Tests.Utilities.WeekLetterContentExtractorTests.ExtractContent_WithMissingIndhold_ReturnsEmptyString" storage="/mnt/d/git/aula/src/aula.tests/bin/debug/net9.0/aula.tests.dll" id="f298d898-68fb-30c9-25a2-94ce20f4fdb3">
      <Execution id="d6605122-6819-4e1f-bce3-91de2d2e759c" />
      <TestMethod codeBase="/mnt/d/git/aula/src/Aula.Tests/bin/Debug/net9.0/Aula.Tests.dll" adapterTypeName="executor://xunit/VsTestRunner2/netcoreapp" className="Aula.Tests.Utilities.WeekLetterContentExtractorTests" name="ExtractContent_WithMissingIndhold_ReturnsEmptyString" />
    </UnitTest>
    <UnitTest name="Aula.Tests.Bots.TelegramMessageHandlerTests.HandleMessageAsync_WithValidQuery_ProcessesSuccessfully(queryText: &quot;What is TestChild1 doing tomorrow?&quot;)" storage="/mnt/d/git/aula/src/aula.tests/bin/debug/net9.0/aula.tests.dll" id="b951eadc-9c68-489f-5265-7dd5da8c5458">
      <Execution id="a31f9a6c-48e7-4bfe-b7ed-92706a87d356" />
      <TestMethod codeBase="/mnt/d/git/aula/src/Aula.Tests/bin/Debug/net9.0/Aula.Tests.dll" adapterTypeName="executor://xunit/VsTestRunner2/netcoreapp" className="Aula.Tests.Bots.TelegramMessageHandlerTests" name="HandleMessageAsync_WithValidQuery_ProcessesSuccessfully" />
    </UnitTest>
    <UnitTest name="Aula.Tests.Scheduling.SchedulingServiceIntegrationTests.Constructor_WithValidParameters_InitializesCorrectly" storage="/mnt/d/git/aula/src/aula.tests/bin/debug/net9.0/aula.tests.dll" id="d9434b0b-f031-6aad-3c30-fb3e0d035dab">
      <Execution id="ffefb4a2-d44b-4a0d-bace-d7de8f564bb5" />
      <TestMethod codeBase="/mnt/d/git/aula/src/Aula.Tests/bin/Debug/net9.0/Aula.Tests.dll" adapterTypeName="executor://xunit/VsTestRunner2/netcoreapp" className="Aula.Tests.Scheduling.SchedulingServiceIntegrationTests" name="Constructor_WithValidParameters_InitializesCorrectly" />
    </UnitTest>
    <UnitTest name="Aula.Tests.Channels.TelegramClientTests.PostWeekLetter_WithDisabledTelegram_ReturnsFalse" storage="/mnt/d/git/aula/src/aula.tests/bin/debug/net9.0/aula.tests.dll" id="350fb660-314c-786b-3d6b-541a0971c807">
      <Execution id="1381c42f-adc0-48e4-9a1b-a827d8ab745b" />
      <TestMethod codeBase="/mnt/d/git/aula/src/Aula.Tests/bin/Debug/net9.0/Aula.Tests.dll" adapterTypeName="executor://xunit/VsTestRunner2/netcoreapp" className="Aula.Tests.Channels.TelegramClientTests" name="PostWeekLetter_WithDisabledTelegram_ReturnsFalse" />
    </UnitTest>
    <UnitTest name="Aula.Tests.Utilities.FollowUpQuestionDetectorTests.IsFollowUpQuestion_WithChildNameAndTimeReference_ReturnsFalse(input: &quot;Emma today&quot;)" storage="/mnt/d/git/aula/src/aula.tests/bin/debug/net9.0/aula.tests.dll" id="8646524a-5166-ca18-26db-7c128f59fc0d">
      <Execution id="ef119282-c0b0-4fe5-84b2-082892f33485" />
      <TestMethod codeBase="/mnt/d/git/aula/src/Aula.Tests/bin/Debug/net9.0/Aula.Tests.dll" adapterTypeName="executor://xunit/VsTestRunner2/netcoreapp" className="Aula.Tests.Utilities.FollowUpQuestionDetectorTests" name="IsFollowUpQuestion_WithChildNameAndTimeReference_ReturnsFalse" />
    </UnitTest>
    <UnitTest name="Aula.Tests.Utilities.FollowUpQuestionDetectorTests.IsFollowUpQuestion_WithShortFollowUps_ReturnsTrue(input: &quot;what?&quot;)" storage="/mnt/d/git/aula/src/aula.tests/bin/debug/net9.0/aula.tests.dll" id="d34756cc-dd70-36dd-a4b9-a2767cf802ed">
      <Execution id="b1aa8892-eb99-434e-b1fb-87904384cf68" />
      <TestMethod codeBase="/mnt/d/git/aula/src/Aula.Tests/bin/Debug/net9.0/Aula.Tests.dll" adapterTypeName="executor://xunit/VsTestRunner2/netcoreapp" className="Aula.Tests.Utilities.FollowUpQuestionDetectorTests" name="IsFollowUpQuestion_WithShortFollowUps_ReturnsTrue" />
    </UnitTest>
    <UnitTest name="Aula.Tests.Utilities.FollowUpQuestionDetectorTests.IsFollowUpQuestion_WithPunctuationAroundChildName_WorksCorrectly(input: &quot;Emma!&quot;)" storage="/mnt/d/git/aula/src/aula.tests/bin/debug/net9.0/aula.tests.dll" id="9833abbf-2b3b-4c95-cc5f-ce17c418fcd0">
      <Execution id="71ef7daa-c2a2-4672-89ce-0530b72500a9" />
      <TestMethod codeBase="/mnt/d/git/aula/src/Aula.Tests/bin/Debug/net9.0/Aula.Tests.dll" adapterTypeName="executor://xunit/VsTestRunner2/netcoreapp" className="Aula.Tests.Utilities.FollowUpQuestionDetectorTests" name="IsFollowUpQuestion_WithPunctuationAroundChildName_WorksCorrectly" />
    </UnitTest>
    <UnitTest name="Aula.Tests.Utilities.ConversationContextManagerTests.Manager_WithGuidKeys_WorksCorrectly" storage="/mnt/d/git/aula/src/aula.tests/bin/debug/net9.0/aula.tests.dll" id="a5a1d376-9a55-3344-a8d1-042eaae8a59b">
      <Execution id="b6cb5dd4-4e9d-4b08-97e3-7ab712865d3c" />
      <TestMethod codeBase="/mnt/d/git/aula/src/Aula.Tests/bin/Debug/net9.0/Aula.Tests.dll" adapterTypeName="executor://xunit/VsTestRunner2/netcoreapp" className="Aula.Tests.Utilities.ConversationContextManagerTests" name="Manager_WithGuidKeys_WorksCorrectly" />
    </UnitTest>
    <UnitTest name="Aula.Tests.Utilities.ReminderExtractionPromptsTests.GetExtractionPrompt_WithRealQueries_EmbedsQueryCorrectly(query: &quot;Remind me about TestChild1's soccer&quot;)" storage="/mnt/d/git/aula/src/aula.tests/bin/debug/net9.0/aula.tests.dll" id="bd810d5e-74d1-fb29-2175-9a145b5629e1">
      <Execution id="755b75d5-b26f-4e70-aec0-0a401c31cc76" />
      <TestMethod codeBase="/mnt/d/git/aula/src/Aula.Tests/bin/Debug/net9.0/Aula.Tests.dll" adapterTypeName="executor://xunit/VsTestRunner2/netcoreapp" className="Aula.Tests.Utilities.ReminderExtractionPromptsTests" name="GetExtractionPrompt_WithRealQueries_EmbedsQueryCorrectly" />
    </UnitTest>
    <UnitTest name="Aula.Tests.Tools.AiToolsManagerTests.CreateReminderAsync_WithValidDateTime_CreatesReminder" storage="/mnt/d/git/aula/src/aula.tests/bin/debug/net9.0/aula.tests.dll" id="6234ecb8-e2dd-d37d-8721-81fdc7e6823a">
      <Execution id="7333582f-de56-4911-b2d7-0f05ca33dbd5" />
      <TestMethod codeBase="/mnt/d/git/aula/src/Aula.Tests/bin/Debug/net9.0/Aula.Tests.dll" adapterTypeName="executor://xunit/VsTestRunner2/netcoreapp" className="Aula.Tests.Tools.AiToolsManagerTests" name="CreateReminderAsync_WithValidDateTime_CreatesReminder" />
    </UnitTest>
    <UnitTest name="Aula.Tests.Services.OpenAiServiceIntegrationTests.Constructor_WithNullApiKey_ThrowsArgumentException" storage="/mnt/d/git/aula/src/aula.tests/bin/debug/net9.0/aula.tests.dll" id="c877210f-bb9a-c13c-82b0-695b1245feeb">
      <Execution id="c03b0faa-d3b1-4d70-9557-198e4ff0b2ba" />
      <TestMethod codeBase="/mnt/d/git/aula/src/Aula.Tests/bin/Debug/net9.0/Aula.Tests.dll" adapterTypeName="executor://xunit/VsTestRunner2/netcoreapp" className="Aula.Tests.Services.OpenAiServiceIntegrationTests" name="Constructor_WithNullApiKey_ThrowsArgumentException" />
    </UnitTest>
    <UnitTest name="Aula.Tests.Configuration.ConfigurationTests.Features_ConversationCacheExpiration_ValidationTests(minutes: 60, isValid: True)" storage="/mnt/d/git/aula/src/aula.tests/bin/debug/net9.0/aula.tests.dll" id="dd05b666-876a-55fb-e7fc-780febc2a53a">
      <Execution id="5b9e955b-2a7b-4a0d-a918-5dea7af2b6e4" />
      <TestMethod codeBase="/mnt/d/git/aula/src/Aula.Tests/bin/Debug/net9.0/Aula.Tests.dll" adapterTypeName="executor://xunit/VsTestRunner2/netcoreapp" className="Aula.Tests.Configuration.ConfigurationTests" name="Features_ConversationCacheExpiration_ValidationTests" />
    </UnitTest>
    <UnitTest name="Aula.Tests.Utilities.IntentAnalysisPromptsTests.GetFormattedPrompt_WithVariousQueries_ReturnsValidPrompt(query: &quot;&quot;)" storage="/mnt/d/git/aula/src/aula.tests/bin/debug/net9.0/aula.tests.dll" id="68f8d884-d469-7c10-83e8-5cafd9c08d5b">
      <Execution id="4d70fb61-b2f7-4f7a-9d7b-3933c1cf3d58" />
      <TestMethod codeBase="/mnt/d/git/aula/src/Aula.Tests/bin/Debug/net9.0/Aula.Tests.dll" adapterTypeName="executor://xunit/VsTestRunner2/netcoreapp" className="Aula.Tests.Utilities.IntentAnalysisPromptsTests" name="GetFormattedPrompt_WithVariousQueries_ReturnsValidPrompt" />
    </UnitTest>
    <UnitTest name="Aula.Tests.Channels.TelegramClientTests.SendMessageToChannel_WithVariousChannelIds_DoesNotThrow(channelId: &quot;@testchannel&quot;)" storage="/mnt/d/git/aula/src/aula.tests/bin/debug/net9.0/aula.tests.dll" id="fe14d576-8562-4a05-9196-a9eaf8403f97">
      <Execution id="7b912176-5e13-4ec1-8f9f-e9a31efb4982" />
      <TestMethod codeBase="/mnt/d/git/aula/src/Aula.Tests/bin/Debug/net9.0/Aula.Tests.dll" adapterTypeName="executor://xunit/VsTestRunner2/netcoreapp" className="Aula.Tests.Channels.TelegramClientTests" name="SendMessageToChannel_WithVariousChannelIds_DoesNotThrow" />
    </UnitTest>
    <UnitTest name="Aula.Tests.Utilities.IntentAnalysisPromptsTests.GetFormattedPrompt_WithSpecialCharacters_HandlesCorrectly" storage="/mnt/d/git/aula/src/aula.tests/bin/debug/net9.0/aula.tests.dll" id="e82068c0-6e0f-9139-e11b-135d1d5c14f8">
      <Execution id="48dc4deb-0cc6-4537-8d48-af7faedf7e1b" />
      <TestMethod codeBase="/mnt/d/git/aula/src/Aula.Tests/bin/Debug/net9.0/Aula.Tests.dll" adapterTypeName="executor://xunit/VsTestRunner2/netcoreapp" className="Aula.Tests.Utilities.IntentAnalysisPromptsTests" name="GetFormattedPrompt_WithSpecialCharacters_HandlesCorrectly" />
    </UnitTest>
    <UnitTest name="Aula.Tests.Configuration.ConfigurationTests.Slack_ChannelId_ValidationTests(channelId: &quot;&quot;, isValid: False)" storage="/mnt/d/git/aula/src/aula.tests/bin/debug/net9.0/aula.tests.dll" id="acf8804d-792c-1b35-de81-83d4ccdfb352">
      <Execution id="b5d75421-32b3-4181-ad8a-65c4e94dd7bd" />
      <TestMethod codeBase="/mnt/d/git/aula/src/Aula.Tests/bin/Debug/net9.0/Aula.Tests.dll" adapterTypeName="executor://xunit/VsTestRunner2/netcoreapp" className="Aula.Tests.Configuration.ConfigurationTests" name="Slack_ChannelId_ValidationTests" />
    </UnitTest>
    <UnitTest name="Aula.Tests.Utilities.Html2SlackMarkdownConverterTests.Convert_WithInvalidHtml_HandlesGracefully" storage="/mnt/d/git/aula/src/aula.tests/bin/debug/net9.0/aula.tests.dll" id="533b2a5c-a19c-cf24-eb9a-f995ca4d2974">
      <Execution id="dfab1acd-276a-4e5a-9ac1-007247bd6014" />
      <TestMethod codeBase="/mnt/d/git/aula/src/Aula.Tests/bin/Debug/net9.0/Aula.Tests.dll" adapterTypeName="executor://xunit/VsTestRunner2/netcoreapp" className="Aula.Tests.Utilities.Html2SlackMarkdownConverterTests" name="Convert_WithInvalidHtml_HandlesGracefully" />
    </UnitTest>
    <UnitTest name="Aula.Tests.Utilities.ReminderExtractionPromptsTests.GetExtractionPrompt_WithVariousCurrentTimes_CalculatesRelativeDatesCorrectly(currentTimeStr: &quot;2025-12-31 23:59:59&quot;)" storage="/mnt/d/git/aula/src/aula.tests/bin/debug/net9.0/aula.tests.dll" id="ebe83846-f30d-4502-5b06-920f9179e550">
      <Execution id="ffadde9b-510b-47a0-b044-dc56113cda20" />
      <TestMethod codeBase="/mnt/d/git/aula/src/Aula.Tests/bin/Debug/net9.0/Aula.Tests.dll" adapterTypeName="executor://xunit/VsTestRunner2/netcoreapp" className="Aula.Tests.Utilities.ReminderExtractionPromptsTests" name="GetExtractionPrompt_WithVariousCurrentTimes_CalculatesRelativeDatesCorrectly" />
    </UnitTest>
    <UnitTest name="Aula.Tests.Configuration.ConfigurationTests.Configuration_LoadsSuccessfully" storage="/mnt/d/git/aula/src/aula.tests/bin/debug/net9.0/aula.tests.dll" id="a8373318-d0c0-3b68-eeb8-1cd7a830e6d6">
      <Execution id="1f925e4f-a348-4728-a241-75530366602d" />
      <TestMethod codeBase="/mnt/d/git/aula/src/Aula.Tests/bin/Debug/net9.0/Aula.Tests.dll" adapterTypeName="executor://xunit/VsTestRunner2/netcoreapp" className="Aula.Tests.Configuration.ConfigurationTests" name="Configuration_LoadsSuccessfully" />
    </UnitTest>
    <UnitTest name="Aula.Tests.Utilities.WeekLetterContentExtractorTests.ExtractContent_Dynamic_WithNullUgebreve_ReturnsEmptyString" storage="/mnt/d/git/aula/src/aula.tests/bin/debug/net9.0/aula.tests.dll" id="76863e49-5dff-990d-7038-a9b0865a8589">
      <Execution id="264450b1-598b-457b-85b1-754be604cd82" />
      <TestMethod codeBase="/mnt/d/git/aula/src/Aula.Tests/bin/Debug/net9.0/Aula.Tests.dll" adapterTypeName="executor://xunit/VsTestRunner2/netcoreapp" className="Aula.Tests.Utilities.WeekLetterContentExtractorTests" name="ExtractContent_Dynamic_WithNullUgebreve_ReturnsEmptyString" />
    </UnitTest>
    <UnitTest name="Aula.Tests.Utilities.Html2SlackMarkdownConverterTests.Convert_PreservesTextOrder" storage="/mnt/d/git/aula/src/aula.tests/bin/debug/net9.0/aula.tests.dll" id="76e83c15-4958-72c0-6072-2306062f6c27">
      <Execution id="88d7aa73-9a52-4618-9316-e55136d0e17d" />
      <TestMethod codeBase="/mnt/d/git/aula/src/Aula.Tests/bin/Debug/net9.0/Aula.Tests.dll" adapterTypeName="executor://xunit/VsTestRunner2/netcoreapp" className="Aula.Tests.Utilities.Html2SlackMarkdownConverterTests" name="Convert_PreservesTextOrder" />
    </UnitTest>
    <UnitTest name="Aula.Tests.Utilities.ReminderExtractionPromptsTests.GetExtractionPrompt_ContainsDanishRelativeTimeExamples" storage="/mnt/d/git/aula/src/aula.tests/bin/debug/net9.0/aula.tests.dll" id="ef7abf20-a090-f30e-1f29-97964e295c62">
      <Execution id="c0867ce2-1a4a-403a-a283-899db0256f23" />
      <TestMethod codeBase="/mnt/d/git/aula/src/Aula.Tests/bin/Debug/net9.0/Aula.Tests.dll" adapterTypeName="executor://xunit/VsTestRunner2/netcoreapp" className="Aula.Tests.Utilities.ReminderExtractionPromptsTests" name="GetExtractionPrompt_ContainsDanishRelativeTimeExamples" />
    </UnitTest>
    <UnitTest name="Aula.Tests.Utilities.IntentAnalysisPromptsTests.ToolExamples_ContainsRequiredKeys(key: &quot;INFORMATION_QUERY&quot;)" storage="/mnt/d/git/aula/src/aula.tests/bin/debug/net9.0/aula.tests.dll" id="335c0316-538c-f3b3-9476-383f089c8b2c">
      <Execution id="6cc96f66-133a-499a-bb49-37272dee8c04" />
      <TestMethod codeBase="/mnt/d/git/aula/src/Aula.Tests/bin/Debug/net9.0/Aula.Tests.dll" adapterTypeName="executor://xunit/VsTestRunner2/netcoreapp" className="Aula.Tests.Utilities.IntentAnalysisPromptsTests" name="ToolExamples_ContainsRequiredKeys" />
    </UnitTest>
    <UnitTest name="Aula.Tests.Tools.ReminderCommandHandlerTests.TryHandleReminderCommand_DateParsing_TomorrowAndToday_WorksCorrectly" storage="/mnt/d/git/aula/src/aula.tests/bin/debug/net9.0/aula.tests.dll" id="c7840475-aca4-af75-0ca9-66bc604a8dbe">
      <Execution id="ae139fe6-ecce-4f14-91d0-215e1dc3c686" />
      <TestMethod codeBase="/mnt/d/git/aula/src/Aula.Tests/bin/Debug/net9.0/Aula.Tests.dll" adapterTypeName="executor://xunit/VsTestRunner2/netcoreapp" className="Aula.Tests.Tools.ReminderCommandHandlerTests" name="TryHandleReminderCommand_DateParsing_TomorrowAndToday_WorksCorrectly" />
    </UnitTest>
    <UnitTest name="Aula.Tests.Bots.TelegramMessageHandlerTests.Constructor_WithNullLogger_ThrowsArgumentNullException" storage="/mnt/d/git/aula/src/aula.tests/bin/debug/net9.0/aula.tests.dll" id="239e373d-1755-bda9-a91e-cb58a8bc8bcf">
      <Execution id="0396a801-ffcd-4b79-a7e0-e74f2165f050" />
      <TestMethod codeBase="/mnt/d/git/aula/src/Aula.Tests/bin/Debug/net9.0/Aula.Tests.dll" adapterTypeName="executor://xunit/VsTestRunner2/netcoreapp" className="Aula.Tests.Bots.TelegramMessageHandlerTests" name="Constructor_WithNullLogger_ThrowsArgumentNullException" />
    </UnitTest>
    <UnitTest name="Aula.Tests.Utilities.ReminderExtractionPromptsTests.GetExtractionPrompt_WithSpecialCharactersInQuery_HandlesCorrectly" storage="/mnt/d/git/aula/src/aula.tests/bin/debug/net9.0/aula.tests.dll" id="bd86868a-64af-fa50-efe0-a7e95aa9f5c1">
      <Execution id="ef29f8c1-afff-4437-8882-d6955c9a73ba" />
      <TestMethod codeBase="/mnt/d/git/aula/src/Aula.Tests/bin/Debug/net9.0/Aula.Tests.dll" adapterTypeName="executor://xunit/VsTestRunner2/netcoreapp" className="Aula.Tests.Utilities.ReminderExtractionPromptsTests" name="GetExtractionPrompt_WithSpecialCharactersInQuery_HandlesCorrectly" />
    </UnitTest>
    <UnitTest name="Aula.Tests.Services.DataModelTests.Reminder_CreatedBy_HandlesValues(createdBy: &quot;&quot;, shouldAccept: True)" storage="/mnt/d/git/aula/src/aula.tests/bin/debug/net9.0/aula.tests.dll" id="e8058050-cbb0-edb4-84ec-77371a17e76d">
      <Execution id="91e6622b-beb1-42cf-bd35-fd998334e9dc" />
      <TestMethod codeBase="/mnt/d/git/aula/src/Aula.Tests/bin/Debug/net9.0/Aula.Tests.dll" adapterTypeName="executor://xunit/VsTestRunner2/netcoreapp" className="Aula.Tests.Services.DataModelTests" name="Reminder_CreatedBy_HandlesValues" />
    </UnitTest>
    <UnitTest name="Aula.Tests.Services.OpenAiServiceIntegrationTests.AskQuestionAboutWeekLetterAsync_WithNullWeekLetter_ThrowsArgumentNullException(chatInterface: Slack)" storage="/mnt/d/git/aula/src/aula.tests/bin/debug/net9.0/aula.tests.dll" id="112c074c-c91e-2a6e-3358-6a9304c63b95">
      <Execution id="25a1a52e-6060-471b-8288-1cce7aedc175" />
      <TestMethod codeBase="/mnt/d/git/aula/src/Aula.Tests/bin/Debug/net9.0/Aula.Tests.dll" adapterTypeName="executor://xunit/VsTestRunner2/netcoreapp" className="Aula.Tests.Services.OpenAiServiceIntegrationTests" name="AskQuestionAboutWeekLetterAsync_WithNullWeekLetter_ThrowsArgumentNullException" />
    </UnitTest>
    <UnitTest name="Aula.Tests.Bots.SlackMessageHandlerTests.HandleMessageAsync_LogsMessageProcessing" storage="/mnt/d/git/aula/src/aula.tests/bin/debug/net9.0/aula.tests.dll" id="0b67917b-52fb-a452-3f0c-630f8ae99c50">
      <Execution id="472eed1b-9e11-4a64-a2a8-0bd362861a9e" />
      <TestMethod codeBase="/mnt/d/git/aula/src/Aula.Tests/bin/Debug/net9.0/Aula.Tests.dll" adapterTypeName="executor://xunit/VsTestRunner2/netcoreapp" className="Aula.Tests.Bots.SlackMessageHandlerTests" name="HandleMessageAsync_LogsMessageProcessing" />
    </UnitTest>
    <UnitTest name="Aula.Tests.Utilities.IntentAnalysisPromptsTests.GetFormattedPrompt_WithVariousQueries_ReturnsValidPrompt(query: &quot;Remind me about soccer&quot;)" storage="/mnt/d/git/aula/src/aula.tests/bin/debug/net9.0/aula.tests.dll" id="9e010064-1282-f730-0e21-1a9c045272eb">
      <Execution id="51fa87a5-bf45-44e4-8f30-6690533a858a" />
      <TestMethod codeBase="/mnt/d/git/aula/src/Aula.Tests/bin/Debug/net9.0/Aula.Tests.dll" adapterTypeName="executor://xunit/VsTestRunner2/netcoreapp" className="Aula.Tests.Utilities.IntentAnalysisPromptsTests" name="GetFormattedPrompt_WithVariousQueries_ReturnsValidPrompt" />
    </UnitTest>
    <UnitTest name="Aula.Tests.Utilities.ConversationContextTests.ToString_WithAllPropertiesSet_ReturnsCorrectFormat" storage="/mnt/d/git/aula/src/aula.tests/bin/debug/net9.0/aula.tests.dll" id="803a38b8-f402-400f-65a3-348044bf14da">
      <Execution id="94ddf91c-4097-4762-81ac-301fc66e8440" />
      <TestMethod codeBase="/mnt/d/git/aula/src/Aula.Tests/bin/Debug/net9.0/Aula.Tests.dll" adapterTypeName="executor://xunit/VsTestRunner2/netcoreapp" className="Aula.Tests.Utilities.ConversationContextTests" name="ToString_WithAllPropertiesSet_ReturnsCorrectFormat" />
    </UnitTest>
    <UnitTest name="Aula.Tests.Channels.SlackBotTests.PostWeekLetter_WithValidInputs_DoesNotThrow" storage="/mnt/d/git/aula/src/aula.tests/bin/debug/net9.0/aula.tests.dll" id="4215f164-2029-10cd-3890-50362921a7d9">
      <Execution id="9ab80102-91e7-4231-8517-c326b21118ca" />
      <TestMethod codeBase="/mnt/d/git/aula/src/Aula.Tests/bin/Debug/net9.0/Aula.Tests.dll" adapterTypeName="executor://xunit/VsTestRunner2/netcoreapp" className="Aula.Tests.Channels.SlackBotTests" name="PostWeekLetter_WithValidInputs_DoesNotThrow" />
    </UnitTest>
    <UnitTest name="Aula.Tests.Tools.AiToolsManagerTests.CreateReminderAsync_WithMissingChildName_CreatesGeneralReminder" storage="/mnt/d/git/aula/src/aula.tests/bin/debug/net9.0/aula.tests.dll" id="5f18de16-3031-4e46-e632-27368e418f95">
      <Execution id="e77bef13-e894-4666-bf06-58e7d4cdadae" />
      <TestMethod codeBase="/mnt/d/git/aula/src/Aula.Tests/bin/Debug/net9.0/Aula.Tests.dll" adapterTypeName="executor://xunit/VsTestRunner2/netcoreapp" className="Aula.Tests.Tools.AiToolsManagerTests" name="CreateReminderAsync_WithMissingChildName_CreatesGeneralReminder" />
    </UnitTest>
    <UnitTest name="Aula.Tests.Services.OpenAiServiceIntegrationTests.SummarizeWeekLetterAsync_WithValidWeekLetter_CallsApiWithCorrectParameters" storage="/mnt/d/git/aula/src/aula.tests/bin/debug/net9.0/aula.tests.dll" id="df512aea-e2d8-dde7-2eb7-20bcbade34bc">
      <Execution id="751c936c-0199-4fbd-8bff-ea2fc5ff6d35" />
      <TestMethod codeBase="/mnt/d/git/aula/src/Aula.Tests/bin/Debug/net9.0/Aula.Tests.dll" adapterTypeName="executor://xunit/VsTestRunner2/netcoreapp" className="Aula.Tests.Services.OpenAiServiceIntegrationTests" name="SummarizeWeekLetterAsync_WithValidWeekLetter_CallsApiWithCorrectParameters" />
    </UnitTest>
    <UnitTest name="Aula.Tests.Utilities.IntentAnalysisPromptsTests.ToolExamples_ContainsRequiredKeys(key: &quot;GET_CURRENT_TIME_DANISH&quot;)" storage="/mnt/d/git/aula/src/aula.tests/bin/debug/net9.0/aula.tests.dll" id="cb85d1d7-f37e-7a0d-4571-db193adf7955">
      <Execution id="9db2eb5d-127f-4e51-8c1b-1326f595c0f3" />
      <TestMethod codeBase="/mnt/d/git/aula/src/Aula.Tests/bin/Debug/net9.0/Aula.Tests.dll" adapterTypeName="executor://xunit/VsTestRunner2/netcoreapp" className="Aula.Tests.Utilities.IntentAnalysisPromptsTests" name="ToolExamples_ContainsRequiredKeys" />
    </UnitTest>
    <UnitTest name="Aula.Tests.Utilities.FollowUpQuestionDetectorTests.IsFollowUpQuestion_WithChildNameAndTimeReference_ReturnsFalse(input: &quot;Liam i morgen&quot;)" storage="/mnt/d/git/aula/src/aula.tests/bin/debug/net9.0/aula.tests.dll" id="3a33635c-4486-cf0b-99ea-c9804c518ad6">
      <Execution id="a79e9f81-1775-48d5-9a41-73ebadc69a55" />
      <TestMethod codeBase="/mnt/d/git/aula/src/Aula.Tests/bin/Debug/net9.0/Aula.Tests.dll" adapterTypeName="executor://xunit/VsTestRunner2/netcoreapp" className="Aula.Tests.Utilities.FollowUpQuestionDetectorTests" name="IsFollowUpQuestion_WithChildNameAndTimeReference_ReturnsFalse" />
    </UnitTest>
    <UnitTest name="Aula.Tests.Tools.AiToolsManagerTests.GetWeekLetters_WithChildName_ReturnsFilteredResults" storage="/mnt/d/git/aula/src/aula.tests/bin/debug/net9.0/aula.tests.dll" id="65d5e85b-e0a7-670a-3e1b-13af33b9e642">
      <Execution id="3dedd8c5-f3d2-426b-bcf6-d02b53d460b5" />
      <TestMethod codeBase="/mnt/d/git/aula/src/Aula.Tests/bin/Debug/net9.0/Aula.Tests.dll" adapterTypeName="executor://xunit/VsTestRunner2/netcoreapp" className="Aula.Tests.Tools.AiToolsManagerTests" name="GetWeekLetters_WithChildName_ReturnsFilteredResults" />
    </UnitTest>
    <UnitTest name="Aula.Tests.Tools.ReminderCommandHandlerTests.TryHandleReminderCommand_NonReminderCommands_ReturnsFalse(command: &quot;remind me&quot;)" storage="/mnt/d/git/aula/src/aula.tests/bin/debug/net9.0/aula.tests.dll" id="fef1bbd3-bec0-195c-f4d4-bbae6f5abedb">
      <Execution id="6f7c7c17-8fc8-4a9c-b133-9da58617277d" />
      <TestMethod codeBase="/mnt/d/git/aula/src/Aula.Tests/bin/Debug/net9.0/Aula.Tests.dll" adapterTypeName="executor://xunit/VsTestRunner2/netcoreapp" className="Aula.Tests.Tools.ReminderCommandHandlerTests" name="TryHandleReminderCommand_NonReminderCommands_ReturnsFalse" />
    </UnitTest>
    <UnitTest name="Aula.Tests.Utilities.FollowUpQuestionDetectorTests.IsFollowUpQuestion_WithMultipleChildNamesInShortMessage_ReturnsTrue" storage="/mnt/d/git/aula/src/aula.tests/bin/debug/net9.0/aula.tests.dll" id="40ee6628-cabc-d31b-6bc1-487bcee11d7e">
      <Execution id="20dabcc9-c417-4fa8-bb64-30626ae3cab1" />
      <TestMethod codeBase="/mnt/d/git/aula/src/Aula.Tests/bin/Debug/net9.0/Aula.Tests.dll" adapterTypeName="executor://xunit/VsTestRunner2/netcoreapp" className="Aula.Tests.Utilities.FollowUpQuestionDetectorTests" name="IsFollowUpQuestion_WithMultipleChildNamesInShortMessage_ReturnsTrue" />
    </UnitTest>
    <UnitTest name="Aula.Tests.Scheduling.SchedulingServiceTests.StartAsync_CallsGetPendingRemindersAsync_AtLeastOnce" storage="/mnt/d/git/aula/src/aula.tests/bin/debug/net9.0/aula.tests.dll" id="391811a1-8187-f3dc-88b6-23bab4f2be23">
      <Execution id="b39debc3-20e9-458d-9823-82fa056d07f1" />
      <TestMethod codeBase="/mnt/d/git/aula/src/Aula.Tests/bin/Debug/net9.0/Aula.Tests.dll" adapterTypeName="executor://xunit/VsTestRunner2/netcoreapp" className="Aula.Tests.Scheduling.SchedulingServiceTests" name="StartAsync_CallsGetPendingRemindersAsync_AtLeastOnce" />
    </UnitTest>
    <UnitTest name="Aula.Tests.Configuration.ConfigurationTests.Slack_ChannelId_ValidationTests(channelId: &quot;C1234567890&quot;, isValid: True)" storage="/mnt/d/git/aula/src/aula.tests/bin/debug/net9.0/aula.tests.dll" id="149e1688-e5dc-ebf7-54b0-eb7d782e0a3d">
      <Execution id="f6e72a9c-bb55-4bd4-81a1-a15b6a0ae343" />
      <TestMethod codeBase="/mnt/d/git/aula/src/Aula.Tests/bin/Debug/net9.0/Aula.Tests.dll" adapterTypeName="executor://xunit/VsTestRunner2/netcoreapp" className="Aula.Tests.Configuration.ConfigurationTests" name="Slack_ChannelId_ValidationTests" />
    </UnitTest>
    <UnitTest name="Aula.Tests.Utilities.IntentAnalysisPromptsTests.ToolExamples_AllEntriesFollowExpectedFormat" storage="/mnt/d/git/aula/src/aula.tests/bin/debug/net9.0/aula.tests.dll" id="9fb6d1c8-d9db-0b5a-c536-bcb6a92aad22">
      <Execution id="fbc2023c-26ff-44d5-a202-7c6fa99c79ac" />
      <TestMethod codeBase="/mnt/d/git/aula/src/Aula.Tests/bin/Debug/net9.0/Aula.Tests.dll" adapterTypeName="executor://xunit/VsTestRunner2/netcoreapp" className="Aula.Tests.Utilities.IntentAnalysisPromptsTests" name="ToolExamples_AllEntriesFollowExpectedFormat" />
    </UnitTest>
    <UnitTest name="Aula.Tests.Configuration.ConfigurationTests.Timers_DefaultValues_AreCorrect" storage="/mnt/d/git/aula/src/aula.tests/bin/debug/net9.0/aula.tests.dll" id="246fef16-9927-64a6-e903-fbc6b513e4a7">
      <Execution id="2d503a66-7073-4d77-841a-f840e80840c3" />
      <TestMethod codeBase="/mnt/d/git/aula/src/Aula.Tests/bin/Debug/net9.0/Aula.Tests.dll" adapterTypeName="executor://xunit/VsTestRunner2/netcoreapp" className="Aula.Tests.Configuration.ConfigurationTests" name="Timers_DefaultValues_AreCorrect" />
    </UnitTest>
    <UnitTest name="Aula.Tests.Utilities.FollowUpQuestionDetectorTests.IsFollowUpQuestion_WithNullInput_ReturnsFalse" storage="/mnt/d/git/aula/src/aula.tests/bin/debug/net9.0/aula.tests.dll" id="5749c604-52df-ef4c-d6f1-907c4b7b515f">
      <Execution id="914edf06-ef44-4211-9aa5-9204aecd5438" />
      <TestMethod codeBase="/mnt/d/git/aula/src/Aula.Tests/bin/Debug/net9.0/Aula.Tests.dll" adapterTypeName="executor://xunit/VsTestRunner2/netcoreapp" className="Aula.Tests.Utilities.FollowUpQuestionDetectorTests" name="IsFollowUpQuestion_WithNullInput_ReturnsFalse" />
    </UnitTest>
    <UnitTest name="Aula.Tests.Utilities.FollowUpQuestionDetectorTests.IsFollowUpQuestion_WithEnglishFollowUpPhrases_ReturnsTrue(input: &quot;and what about today&quot;)" storage="/mnt/d/git/aula/src/aula.tests/bin/debug/net9.0/aula.tests.dll" id="3244b8c7-1294-20bc-2d35-4ae6283e4c3a">
      <Execution id="341d531b-3395-47f1-9953-1019c5fd5d58" />
      <TestMethod codeBase="/mnt/d/git/aula/src/Aula.Tests/bin/Debug/net9.0/Aula.Tests.dll" adapterTypeName="executor://xunit/VsTestRunner2/netcoreapp" className="Aula.Tests.Utilities.FollowUpQuestionDetectorTests" name="IsFollowUpQuestion_WithEnglishFollowUpPhrases_ReturnsTrue" />
    </UnitTest>
    <UnitTest name="Aula.Tests.Tools.ReminderCommandHandlerTests.TryHandleReminderCommand_DeleteReminder_ValidCommands_ReturnsSuccess(command: &quot;delete reminder 123&quot;, isEnglish: True, expectedId: 123)" storage="/mnt/d/git/aula/src/aula.tests/bin/debug/net9.0/aula.tests.dll" id="136b7217-45c6-b3d8-34fb-6ee727eb66f5">
      <Execution id="c3c23d38-94e3-4312-a024-52287aa733e9" />
      <TestMethod codeBase="/mnt/d/git/aula/src/Aula.Tests/bin/Debug/net9.0/Aula.Tests.dll" adapterTypeName="executor://xunit/VsTestRunner2/netcoreapp" className="Aula.Tests.Tools.ReminderCommandHandlerTests" name="TryHandleReminderCommand_DeleteReminder_ValidCommands_ReturnsSuccess" />
    </UnitTest>
    <UnitTest name="Aula.Tests.Utilities.ReminderExtractionPromptsTests.GetExtractionPrompt_ContainsInstructionsForChildNameExtraction" storage="/mnt/d/git/aula/src/aula.tests/bin/debug/net9.0/aula.tests.dll" id="d61978d5-101a-092e-d93c-a7eb57a0d4f9">
      <Execution id="9a1fa349-84be-4445-ac60-164993f426cf" />
      <TestMethod codeBase="/mnt/d/git/aula/src/Aula.Tests/bin/Debug/net9.0/Aula.Tests.dll" adapterTypeName="executor://xunit/VsTestRunner2/netcoreapp" className="Aula.Tests.Utilities.ReminderExtractionPromptsTests" name="GetExtractionPrompt_ContainsInstructionsForChildNameExtraction" />
    </UnitTest>
    <UnitTest name="Aula.Tests.Bots.TelegramInteractiveBotTests.ComputeHash_WithDifferentInputs_ReturnsConsistentHashes(input: &quot;Test content 2&quot;)" storage="/mnt/d/git/aula/src/aula.tests/bin/debug/net9.0/aula.tests.dll" id="0ff92f6a-cd59-c2b9-9aae-29a9878a50a7">
      <Execution id="1c8ec6bf-cd83-4602-be85-a81e6263b8ad" />
      <TestMethod codeBase="/mnt/d/git/aula/src/Aula.Tests/bin/Debug/net9.0/Aula.Tests.dll" adapterTypeName="executor://xunit/VsTestRunner2/netcoreapp" className="Aula.Tests.Bots.TelegramInteractiveBotTests" name="ComputeHash_WithDifferentInputs_ReturnsConsistentHashes" />
    </UnitTest>
    <UnitTest name="Aula.Tests.Utilities.DateTimeUtilitiesTests.GetDanishDayName_AllValidDaysOfWeek_ReturnsNonEmptyString(dayOfWeek: Thursday)" storage="/mnt/d/git/aula/src/aula.tests/bin/debug/net9.0/aula.tests.dll" id="7b9bc6fb-eef9-8cc3-8ceb-2e893b8c1bdf">
      <Execution id="52da9407-ff80-42d4-b815-49605e672a66" />
      <TestMethod codeBase="/mnt/d/git/aula/src/Aula.Tests/bin/Debug/net9.0/Aula.Tests.dll" adapterTypeName="executor://xunit/VsTestRunner2/netcoreapp" className="Aula.Tests.Utilities.DateTimeUtilitiesTests" name="GetDanishDayName_AllValidDaysOfWeek_ReturnsNonEmptyString" />
    </UnitTest>
    <UnitTest name="Aula.Tests.Utilities.IntentAnalysisPromptsTests.AnalysisTemplate_IsNotEmpty" storage="/mnt/d/git/aula/src/aula.tests/bin/debug/net9.0/aula.tests.dll" id="754e15f9-7164-4540-0902-34db6317ccfc">
      <Execution id="dc93cfa7-ed02-4cea-9530-ab937073f7ce" />
      <TestMethod codeBase="/mnt/d/git/aula/src/Aula.Tests/bin/Debug/net9.0/Aula.Tests.dll" adapterTypeName="executor://xunit/VsTestRunner2/netcoreapp" className="Aula.Tests.Utilities.IntentAnalysisPromptsTests" name="AnalysisTemplate_IsNotEmpty" />
    </UnitTest>
    <UnitTest name="Aula.Tests.Services.OpenAiServiceTests.OpenAiService_ClearConversationHistory_WithContextKey_RemovesSpecificContext" storage="/mnt/d/git/aula/src/aula.tests/bin/debug/net9.0/aula.tests.dll" id="2e7985fe-e95f-8919-ba34-acd7bc78ecb7">
      <Execution id="a0e98082-db03-4f13-a577-89c2d0d52065" />
      <TestMethod codeBase="/mnt/d/git/aula/src/Aula.Tests/bin/Debug/net9.0/Aula.Tests.dll" adapterTypeName="executor://xunit/VsTestRunner2/netcoreapp" className="Aula.Tests.Services.OpenAiServiceTests" name="OpenAiService_ClearConversationHistory_WithContextKey_RemovesSpecificContext" />
    </UnitTest>
    <UnitTest name="Aula.Tests.Tools.ReminderCommandHandlerTests.TryHandleReminderCommand_AddReminder_ValidFormats_ReturnsSuccess(command: &quot;remind me 2024-12-31 at 10:00 that New Year celebr&quot;···, isEnglish: True, expectedChildName: null)" storage="/mnt/d/git/aula/src/aula.tests/bin/debug/net9.0/aula.tests.dll" id="42dc1567-508f-1ff2-08a2-17dc86c051e8">
      <Execution id="b08293af-837a-4a3b-85c1-023cca4f7979" />
      <TestMethod codeBase="/mnt/d/git/aula/src/Aula.Tests/bin/Debug/net9.0/Aula.Tests.dll" adapterTypeName="executor://xunit/VsTestRunner2/netcoreapp" className="Aula.Tests.Tools.ReminderCommandHandlerTests" name="TryHandleReminderCommand_AddReminder_ValidFormats_ReturnsSuccess" />
    </UnitTest>
    <UnitTest name="Aula.Tests.Services.SupabaseServiceTests.Constructor_WithValidConfig_InitializesCorrectly" storage="/mnt/d/git/aula/src/aula.tests/bin/debug/net9.0/aula.tests.dll" id="47489fc9-b715-10df-6ca2-dcba77141106">
      <Execution id="a11a5925-6fa2-47a8-8223-bfb58a8c8710" />
      <TestMethod codeBase="/mnt/d/git/aula/src/Aula.Tests/bin/Debug/net9.0/Aula.Tests.dll" adapterTypeName="executor://xunit/VsTestRunner2/netcoreapp" className="Aula.Tests.Services.SupabaseServiceTests" name="Constructor_WithValidConfig_InitializesCorrectly" />
    </UnitTest>
    <UnitTest name="Aula.Tests.Utilities.DateTimeUtilitiesTests.GetDanishDayName_ValidDayOfWeek_ReturnsCorrectDanishName(dayOfWeek: Tuesday, expectedDanishName: &quot;tirsdag&quot;)" storage="/mnt/d/git/aula/src/aula.tests/bin/debug/net9.0/aula.tests.dll" id="228e40b4-0ca4-d75a-7a58-46117a34fee9">
      <Execution id="a51c604c-37f1-43ff-b01c-ff907f3be42d" />
      <TestMethod codeBase="/mnt/d/git/aula/src/Aula.Tests/bin/Debug/net9.0/Aula.Tests.dll" adapterTypeName="executor://xunit/VsTestRunner2/netcoreapp" className="Aula.Tests.Utilities.DateTimeUtilitiesTests" name="GetDanishDayName_ValidDayOfWeek_ReturnsCorrectDanishName" />
    </UnitTest>
    <UnitTest name="Aula.Tests.Services.OpenAiServiceIntegrationTests.AskQuestionAboutWeekLetterAsync_WithValidParameters_CallsApiWithCorrectParameters" storage="/mnt/d/git/aula/src/aula.tests/bin/debug/net9.0/aula.tests.dll" id="92645263-873e-da03-aa06-943df30af433">
      <Execution id="312fa1ab-5a8d-49a1-aa39-91b6264d24fe" />
      <TestMethod codeBase="/mnt/d/git/aula/src/Aula.Tests/bin/Debug/net9.0/Aula.Tests.dll" adapterTypeName="executor://xunit/VsTestRunner2/netcoreapp" className="Aula.Tests.Services.OpenAiServiceIntegrationTests" name="AskQuestionAboutWeekLetterAsync_WithValidParameters_CallsApiWithCorrectParameters" />
    </UnitTest>
    <UnitTest name="Aula.Tests.Utilities.ReminderExtractionPromptsTests.GetExtractionPrompt_WithRealQueries_EmbedsQueryCorrectly(query: &quot;Call the doctor in 2 hours&quot;)" storage="/mnt/d/git/aula/src/aula.tests/bin/debug/net9.0/aula.tests.dll" id="95755321-99fe-3c41-7267-feb0fced4809">
      <Execution id="d5488803-a7b6-4aed-80fc-aafadf8b7f64" />
      <TestMethod codeBase="/mnt/d/git/aula/src/Aula.Tests/bin/Debug/net9.0/Aula.Tests.dll" adapterTypeName="executor://xunit/VsTestRunner2/netcoreapp" className="Aula.Tests.Utilities.ReminderExtractionPromptsTests" name="GetExtractionPrompt_WithRealQueries_EmbedsQueryCorrectly" />
    </UnitTest>
    <UnitTest name="Aula.Tests.Integration.AgentServiceTests.SummarizeWeekLetterAsync_CallsOpenAiService" storage="/mnt/d/git/aula/src/aula.tests/bin/debug/net9.0/aula.tests.dll" id="fb801da6-9ecf-3dd8-bfd4-511523f841d2">
      <Execution id="9666523e-f76c-417c-a565-903a2815bb6d" />
      <TestMethod codeBase="/mnt/d/git/aula/src/Aula.Tests/bin/Debug/net9.0/Aula.Tests.dll" adapterTypeName="executor://xunit/VsTestRunner2/netcoreapp" className="Aula.Tests.Integration.AgentServiceTests" name="SummarizeWeekLetterAsync_CallsOpenAiService" />
    </UnitTest>
    <UnitTest name="Aula.Tests.Services.OpenAiServiceTests.OpenAiService_GetChatInterfaceInstructions_ReturnsCorrectFormat(chatInterface: Slack)" storage="/mnt/d/git/aula/src/aula.tests/bin/debug/net9.0/aula.tests.dll" id="5990c772-e408-af8a-3293-cee12203cdcc">
      <Execution id="0637bdcf-4707-44ac-b225-fc2625fb807f" />
      <TestMethod codeBase="/mnt/d/git/aula/src/Aula.Tests/bin/Debug/net9.0/Aula.Tests.dll" adapterTypeName="executor://xunit/VsTestRunner2/netcoreapp" className="Aula.Tests.Services.OpenAiServiceTests" name="OpenAiService_GetChatInterfaceInstructions_ReturnsCorrectFormat" />
    </UnitTest>
    <UnitTest name="Aula.Tests.Bots.SlackInteractiveBotTests.SendMessage_WithValidText_SendsSuccessfully" storage="/mnt/d/git/aula/src/aula.tests/bin/debug/net9.0/aula.tests.dll" id="e2fe22aa-9b88-2a0d-2525-75fe06705548">
      <Execution id="0597c954-c998-4ece-8717-3d05fc111650" />
      <TestMethod codeBase="/mnt/d/git/aula/src/Aula.Tests/bin/Debug/net9.0/Aula.Tests.dll" adapterTypeName="executor://xunit/VsTestRunner2/netcoreapp" className="Aula.Tests.Bots.SlackInteractiveBotTests" name="SendMessage_WithValidText_SendsSuccessfully" />
    </UnitTest>
    <UnitTest name="Aula.Tests.Configuration.ConfigurationTests.Timers_SchedulingInterval_ValidationTests(intervalSeconds: 10, isValid: True)" storage="/mnt/d/git/aula/src/aula.tests/bin/debug/net9.0/aula.tests.dll" id="6b2a33da-8dbe-7c78-d246-94dec9023958">
      <Execution id="8c57e1c7-3788-4304-9097-c688b9e24a34" />
      <TestMethod codeBase="/mnt/d/git/aula/src/Aula.Tests/bin/Debug/net9.0/Aula.Tests.dll" adapterTypeName="executor://xunit/VsTestRunner2/netcoreapp" className="Aula.Tests.Configuration.ConfigurationTests" name="Timers_SchedulingInterval_ValidationTests" />
    </UnitTest>
    <UnitTest name="Aula.Tests.Utilities.IntentAnalysisPromptsTests.ToolExamples_CoverExpectedUseCase(expectedKey: &quot;INFORMATION_QUERY&quot;, queryPattern: &quot;what&quot;)" storage="/mnt/d/git/aula/src/aula.tests/bin/debug/net9.0/aula.tests.dll" id="6168ca12-341a-f09a-6cdf-6dd1f68c911d">
      <Execution id="33ff3263-0d8b-4068-aff5-d4d122fd41d1" />
      <TestMethod codeBase="/mnt/d/git/aula/src/Aula.Tests/bin/Debug/net9.0/Aula.Tests.dll" adapterTypeName="executor://xunit/VsTestRunner2/netcoreapp" className="Aula.Tests.Utilities.IntentAnalysisPromptsTests" name="ToolExamples_CoverExpectedUseCase" />
    </UnitTest>
    <UnitTest name="Aula.Tests.Scheduling.SchedulingServiceIntegrationTests.StartAsync_WhenCalled_LogsCorrectMessage" storage="/mnt/d/git/aula/src/aula.tests/bin/debug/net9.0/aula.tests.dll" id="9c588f7d-a367-036e-096a-5d287bfe9650">
      <Execution id="1385083c-7a29-4c94-8422-ac9d1b5a6dd0" />
      <TestMethod codeBase="/mnt/d/git/aula/src/Aula.Tests/bin/Debug/net9.0/Aula.Tests.dll" adapterTypeName="executor://xunit/VsTestRunner2/netcoreapp" className="Aula.Tests.Scheduling.SchedulingServiceIntegrationTests" name="StartAsync_WhenCalled_LogsCorrectMessage" />
    </UnitTest>
    <UnitTest name="Aula.Tests.Services.OpenAiServiceIntegrationTests.MultipleConversations_WithDifferentContextKeys_AreHandledSeparately" storage="/mnt/d/git/aula/src/aula.tests/bin/debug/net9.0/aula.tests.dll" id="3f8bf4e1-1b7e-9e5d-1a9c-187732c556d7">
      <Execution id="970e6d93-a9ac-48ab-881d-0a7dd96ed799" />
      <TestMethod codeBase="/mnt/d/git/aula/src/Aula.Tests/bin/Debug/net9.0/Aula.Tests.dll" adapterTypeName="executor://xunit/VsTestRunner2/netcoreapp" className="Aula.Tests.Services.OpenAiServiceIntegrationTests" name="MultipleConversations_WithDifferentContextKeys_AreHandledSeparately" />
    </UnitTest>
    <UnitTest name="Aula.Tests.Services.OpenAiServiceIntegrationTests.ProcessQueryWithToolsAsync_WithInvalidContextKey_ThrowsArgumentException(contextKey: &quot;   &quot;)" storage="/mnt/d/git/aula/src/aula.tests/bin/debug/net9.0/aula.tests.dll" id="9e4d28e4-6bf0-96b3-b279-344fc741cf71">
      <Execution id="4e588371-497d-421b-b42a-713d4bdae8c8" />
      <TestMethod codeBase="/mnt/d/git/aula/src/Aula.Tests/bin/Debug/net9.0/Aula.Tests.dll" adapterTypeName="executor://xunit/VsTestRunner2/netcoreapp" className="Aula.Tests.Services.OpenAiServiceIntegrationTests" name="ProcessQueryWithToolsAsync_WithInvalidContextKey_ThrowsArgumentException" />
    </UnitTest>
    <UnitTest name="Aula.Tests.Utilities.FollowUpQuestionDetectorTests.IsFollowUpQuestion_WithDanishFollowUpPhrases_ReturnsTrue(input: &quot;også Emma&quot;)" storage="/mnt/d/git/aula/src/aula.tests/bin/debug/net9.0/aula.tests.dll" id="f695ece5-4ed0-4918-7e40-7fa901ca2f9e">
      <Execution id="c1ca50c7-1c21-405d-b7f6-31b70776b83c" />
      <TestMethod codeBase="/mnt/d/git/aula/src/Aula.Tests/bin/Debug/net9.0/Aula.Tests.dll" adapterTypeName="executor://xunit/VsTestRunner2/netcoreapp" className="Aula.Tests.Utilities.FollowUpQuestionDetectorTests" name="IsFollowUpQuestion_WithDanishFollowUpPhrases_ReturnsTrue" />
    </UnitTest>
    <UnitTest name="Aula.Tests.Configuration.ConfigurationTests.Timers_AdaptivePollingLimits_ValidationTests(minSeconds: 30, maxSeconds: 5, isValid: False)" storage="/mnt/d/git/aula/src/aula.tests/bin/debug/net9.0/aula.tests.dll" id="0a70d6fd-d740-a74a-169e-d35621818982">
      <Execution id="db7a9700-6727-4f79-9001-f8b8f9576a51" />
      <TestMethod codeBase="/mnt/d/git/aula/src/Aula.Tests/bin/Debug/net9.0/Aula.Tests.dll" adapterTypeName="executor://xunit/VsTestRunner2/netcoreapp" className="Aula.Tests.Configuration.ConfigurationTests" name="Timers_AdaptivePollingLimits_ValidationTests" />
    </UnitTest>
    <UnitTest name="Aula.Tests.Utilities.ReminderExtractionPromptsTests.GetExtractionPrompt_ContainsDateTimeFormatInstructions" storage="/mnt/d/git/aula/src/aula.tests/bin/debug/net9.0/aula.tests.dll" id="f4459af7-a3ce-b8ae-aafa-5bfa8a20da8c">
      <Execution id="a16acb9c-0698-406b-9fa7-2b64738636eb" />
      <TestMethod codeBase="/mnt/d/git/aula/src/Aula.Tests/bin/Debug/net9.0/Aula.Tests.dll" adapterTypeName="executor://xunit/VsTestRunner2/netcoreapp" className="Aula.Tests.Utilities.ReminderExtractionPromptsTests" name="GetExtractionPrompt_ContainsDateTimeFormatInstructions" />
    </UnitTest>
    <UnitTest name="Aula.Tests.Bots.TelegramMessageHandlerTests.HandleMessageAsync_WithHelpCommand_ProcessesHelpMessage(helpCommand: &quot;HJÆLP&quot;)" storage="/mnt/d/git/aula/src/aula.tests/bin/debug/net9.0/aula.tests.dll" id="37f582a3-c279-4823-271e-d030bf33bbb7">
      <Execution id="fb97fed1-27ce-4568-b354-ee04914a583f" />
      <TestMethod codeBase="/mnt/d/git/aula/src/Aula.Tests/bin/Debug/net9.0/Aula.Tests.dll" adapterTypeName="executor://xunit/VsTestRunner2/netcoreapp" className="Aula.Tests.Bots.TelegramMessageHandlerTests" name="HandleMessageAsync_WithHelpCommand_ProcessesHelpMessage" />
    </UnitTest>
    <UnitTest name="Aula.Tests.Utilities.JsonFormatterTests.Prettify_WithEmptyObjects_HandlesCorrectly" storage="/mnt/d/git/aula/src/aula.tests/bin/debug/net9.0/aula.tests.dll" id="f746688b-f580-3fee-4c58-d4c4ee979cd7">
      <Execution id="1c430ffb-9511-48cf-8a68-d6196303b649" />
      <TestMethod codeBase="/mnt/d/git/aula/src/Aula.Tests/bin/Debug/net9.0/Aula.Tests.dll" adapterTypeName="executor://xunit/VsTestRunner2/netcoreapp" className="Aula.Tests.Utilities.JsonFormatterTests" name="Prettify_WithEmptyObjects_HandlesCorrectly" />
    </UnitTest>
    <UnitTest name="Aula.Tests.Tools.ReminderCommandHandlerTests.TryHandleReminderCommand_NonReminderCommands_ReturnsFalse(command: &quot;&quot;)" storage="/mnt/d/git/aula/src/aula.tests/bin/debug/net9.0/aula.tests.dll" id="aa19bf7f-6519-31e4-5b05-0e179c7693a0">
      <Execution id="d6489a0f-74d5-4aca-9961-abeabcfd87cc" />
      <TestMethod codeBase="/mnt/d/git/aula/src/Aula.Tests/bin/Debug/net9.0/Aula.Tests.dll" adapterTypeName="executor://xunit/VsTestRunner2/netcoreapp" className="Aula.Tests.Tools.ReminderCommandHandlerTests" name="TryHandleReminderCommand_NonReminderCommands_ReturnsFalse" />
    </UnitTest>
    <UnitTest name="Aula.Tests.Bots.TelegramMessageHandlerTests.HandleMessageAsync_WithException_LogsError" storage="/mnt/d/git/aula/src/aula.tests/bin/debug/net9.0/aula.tests.dll" id="de1a8f86-5c1b-b7d6-9ef4-2f917a94a294">
      <Execution id="18aa9bd3-8906-40f2-b177-e4775e66cd79" />
      <TestMethod codeBase="/mnt/d/git/aula/src/Aula.Tests/bin/Debug/net9.0/Aula.Tests.dll" adapterTypeName="executor://xunit/VsTestRunner2/netcoreapp" className="Aula.Tests.Bots.TelegramMessageHandlerTests" name="HandleMessageAsync_WithException_LogsError" />
    </UnitTest>
    <UnitTest name="Aula.Tests.Utilities.FollowUpQuestionDetectorTests.IsFollowUpQuestion_WithoutFollowUpPhrases_ReturnsFalse(input: &quot;goodbye&quot;)" storage="/mnt/d/git/aula/src/aula.tests/bin/debug/net9.0/aula.tests.dll" id="67c18331-6034-9aef-22c0-19f657f72f8b">
      <Execution id="bb9e73a1-591b-41ae-ab10-5984390606a8" />
      <TestMethod codeBase="/mnt/d/git/aula/src/Aula.Tests/bin/Debug/net9.0/Aula.Tests.dll" adapterTypeName="executor://xunit/VsTestRunner2/netcoreapp" className="Aula.Tests.Utilities.FollowUpQuestionDetectorTests" name="IsFollowUpQuestion_WithoutFollowUpPhrases_ReturnsFalse" />
    </UnitTest>
    <UnitTest name="Aula.Tests.Scheduling.SchedulingServiceIntegrationTests.Constructor_WithNullSupabaseService_ThrowsArgumentNullException" storage="/mnt/d/git/aula/src/aula.tests/bin/debug/net9.0/aula.tests.dll" id="76c96ce4-9c6b-b4bb-96af-ca0f9adb2712">
      <Execution id="fae8aed0-0ab6-4fa5-9dcc-feebf0d0d666" />
      <TestMethod codeBase="/mnt/d/git/aula/src/Aula.Tests/bin/Debug/net9.0/Aula.Tests.dll" adapterTypeName="executor://xunit/VsTestRunner2/netcoreapp" className="Aula.Tests.Scheduling.SchedulingServiceIntegrationTests" name="Constructor_WithNullSupabaseService_ThrowsArgumentNullException" />
    </UnitTest>
    <UnitTest name="Aula.Tests.Utilities.IntentAnalysisPromptsTests.AnalysisTemplate_ContainsInstructionsForBothResponseTypes" storage="/mnt/d/git/aula/src/aula.tests/bin/debug/net9.0/aula.tests.dll" id="f98f128e-bc4d-8b9e-2582-4a4421f13428">
      <Execution id="a53cbeee-0d49-4d7d-8222-1da7e979ee8c" />
      <TestMethod codeBase="/mnt/d/git/aula/src/Aula.Tests/bin/Debug/net9.0/Aula.Tests.dll" adapterTypeName="executor://xunit/VsTestRunner2/netcoreapp" className="Aula.Tests.Utilities.IntentAnalysisPromptsTests" name="AnalysisTemplate_ContainsInstructionsForBothResponseTypes" />
    </UnitTest>
    <UnitTest name="Aula.Tests.Utilities.FollowUpQuestionDetectorTests.IsFollowUpQuestion_WithShortFollowUps_ReturnsTrue(input: &quot;short?&quot;)" storage="/mnt/d/git/aula/src/aula.tests/bin/debug/net9.0/aula.tests.dll" id="4ea1f036-59f8-5cad-3b0c-625068ad78db">
      <Execution id="bc6ecf3a-deae-4920-bca7-4ef3d26c179d" />
      <TestMethod codeBase="/mnt/d/git/aula/src/Aula.Tests/bin/Debug/net9.0/Aula.Tests.dll" adapterTypeName="executor://xunit/VsTestRunner2/netcoreapp" className="Aula.Tests.Utilities.FollowUpQuestionDetectorTests" name="IsFollowUpQuestion_WithShortFollowUps_ReturnsTrue" />
    </UnitTest>
    <UnitTest name="Aula.Tests.Channels.TelegramClientTests.SendMessageToChannel_WithDisabledTelegram_ReturnsFalse" storage="/mnt/d/git/aula/src/aula.tests/bin/debug/net9.0/aula.tests.dll" id="45fb5dfe-53cd-6a22-0ca1-9597e2979720">
      <Execution id="d037d632-3d77-420b-af35-6fb06d6e7fe0" />
      <TestMethod codeBase="/mnt/d/git/aula/src/Aula.Tests/bin/Debug/net9.0/Aula.Tests.dll" adapterTypeName="executor://xunit/VsTestRunner2/netcoreapp" className="Aula.Tests.Channels.TelegramClientTests" name="SendMessageToChannel_WithDisabledTelegram_ReturnsFalse" />
    </UnitTest>
    <UnitTest name="Aula.Tests.Bots.TelegramMessageHandlerTests.HandleMessageAsync_WithTextMessage_ProcessesSuccessfully" storage="/mnt/d/git/aula/src/aula.tests/bin/debug/net9.0/aula.tests.dll" id="ca4780e6-8c58-57b1-c829-fe54506e9793">
      <Execution id="db8c8d06-594f-4f3d-9b6b-e72402b9c4c1" />
      <TestMethod codeBase="/mnt/d/git/aula/src/Aula.Tests/bin/Debug/net9.0/Aula.Tests.dll" adapterTypeName="executor://xunit/VsTestRunner2/netcoreapp" className="Aula.Tests.Bots.TelegramMessageHandlerTests" name="HandleMessageAsync_WithTextMessage_ProcessesSuccessfully" />
    </UnitTest>
    <UnitTest name="Aula.Tests.Scheduling.SchedulingServiceIntegrationTests.Constructor_WithNullTelegramBot_AllowsNull" storage="/mnt/d/git/aula/src/aula.tests/bin/debug/net9.0/aula.tests.dll" id="efffcfd3-8ae4-cc7b-929a-37f206ad1981">
      <Execution id="4d66b255-7dc8-4ba4-8d3d-611c36cec374" />
      <TestMethod codeBase="/mnt/d/git/aula/src/Aula.Tests/bin/Debug/net9.0/Aula.Tests.dll" adapterTypeName="executor://xunit/VsTestRunner2/netcoreapp" className="Aula.Tests.Scheduling.SchedulingServiceIntegrationTests" name="Constructor_WithNullTelegramBot_AllowsNull" />
    </UnitTest>
    <UnitTest name="Aula.Tests.Integration.MinUddannelseClientTests.GetWeekLetter_ReturnsWeekLetter_WhenApiReturnsData" storage="/mnt/d/git/aula/src/aula.tests/bin/debug/net9.0/aula.tests.dll" id="68fca5a0-0889-490e-ec2f-406de7ad763a">
      <Execution id="b3c94b96-fd01-43f8-8f36-d4b04d183bf9" />
      <TestMethod codeBase="/mnt/d/git/aula/src/Aula.Tests/bin/Debug/net9.0/Aula.Tests.dll" adapterTypeName="executor://xunit/VsTestRunner2/netcoreapp" className="Aula.Tests.Integration.MinUddannelseClientTests" name="GetWeekLetter_ReturnsWeekLetter_WhenApiReturnsData" />
    </UnitTest>
    <UnitTest name="Aula.Tests.Bots.TelegramInteractiveBotTests.ComputeHash_WithDifferentInputs_ReturnsConsistentHashes(input: &quot;Test content 1&quot;)" storage="/mnt/d/git/aula/src/aula.tests/bin/debug/net9.0/aula.tests.dll" id="df7802a4-febc-831e-f0c4-67bb20909f69">
      <Execution id="8d1fcc40-3fd3-4a03-882e-ca5362ae045d" />
      <TestMethod codeBase="/mnt/d/git/aula/src/Aula.Tests/bin/Debug/net9.0/Aula.Tests.dll" adapterTypeName="executor://xunit/VsTestRunner2/netcoreapp" className="Aula.Tests.Bots.TelegramInteractiveBotTests" name="ComputeHash_WithDifferentInputs_ReturnsConsistentHashes" />
    </UnitTest>
    <UnitTest name="Aula.Tests.Utilities.IntentAnalysisPromptsTests.AnalysisTemplate_ContainsRequiredPlaceholders" storage="/mnt/d/git/aula/src/aula.tests/bin/debug/net9.0/aula.tests.dll" id="3114fd40-71ce-994b-9259-eabf8239901e">
      <Execution id="f8e272b5-0d19-4374-a2b9-9924ab1518b4" />
      <TestMethod codeBase="/mnt/d/git/aula/src/Aula.Tests/bin/Debug/net9.0/Aula.Tests.dll" adapterTypeName="executor://xunit/VsTestRunner2/netcoreapp" className="Aula.Tests.Utilities.IntentAnalysisPromptsTests" name="AnalysisTemplate_ContainsRequiredPlaceholders" />
    </UnitTest>
    <UnitTest name="Aula.Tests.Configuration.ConfigurationTests.Timers_AdaptivePollingLimits_ValidationTests(minSeconds: 5, maxSeconds: 0, isValid: False)" storage="/mnt/d/git/aula/src/aula.tests/bin/debug/net9.0/aula.tests.dll" id="42c9038e-83ab-bae5-c7e8-73f806c72d2a">
      <Execution id="f0f64c46-328c-49a4-ab21-e9e15dd8da8f" />
      <TestMethod codeBase="/mnt/d/git/aula/src/Aula.Tests/bin/Debug/net9.0/Aula.Tests.dll" adapterTypeName="executor://xunit/VsTestRunner2/netcoreapp" className="Aula.Tests.Configuration.ConfigurationTests" name="Timers_AdaptivePollingLimits_ValidationTests" />
    </UnitTest>
    <UnitTest name="Aula.Tests.Tools.ReminderCommandHandlerTests.TryHandleReminderCommand_NonMatchingPatterns_ReturnsFalse(command: &quot;remind me yesterday at 8:00 that past date&quot;, isEnglish: True)" storage="/mnt/d/git/aula/src/aula.tests/bin/debug/net9.0/aula.tests.dll" id="d38e40f0-9394-42c9-ac5c-2e74521578b4">
      <Execution id="5c9dfa54-c290-4c20-96e7-f4922ae308cd" />
      <TestMethod codeBase="/mnt/d/git/aula/src/Aula.Tests/bin/Debug/net9.0/Aula.Tests.dll" adapterTypeName="executor://xunit/VsTestRunner2/netcoreapp" className="Aula.Tests.Tools.ReminderCommandHandlerTests" name="TryHandleReminderCommand_NonMatchingPatterns_ReturnsFalse" />
    </UnitTest>
    <UnitTest name="Aula.Tests.Services.OpenAiServiceIntegrationTests.Constructor_WithNullLoggerFactory_ThrowsArgumentNullException" storage="/mnt/d/git/aula/src/aula.tests/bin/debug/net9.0/aula.tests.dll" id="eeb4dd87-b488-a6a2-6176-d39e9d1e7681">
      <Execution id="79539c70-de3c-4341-a97e-e60260498510" />
      <TestMethod codeBase="/mnt/d/git/aula/src/Aula.Tests/bin/Debug/net9.0/Aula.Tests.dll" adapterTypeName="executor://xunit/VsTestRunner2/netcoreapp" className="Aula.Tests.Services.OpenAiServiceIntegrationTests" name="Constructor_WithNullLoggerFactory_ThrowsArgumentNullException" />
    </UnitTest>
    <UnitTest name="Aula.Tests.Channels.SlackBotTests.PostWeekLetter_WithVariousChildNames_HandlesCorrectly(firstName: &quot;Alice&quot;)" storage="/mnt/d/git/aula/src/aula.tests/bin/debug/net9.0/aula.tests.dll" id="c22d3a06-485f-94be-2690-3f00833e186d">
      <Execution id="6803422c-6d10-4620-9640-da0c130f902d" />
      <TestMethod codeBase="/mnt/d/git/aula/src/Aula.Tests/bin/Debug/net9.0/Aula.Tests.dll" adapterTypeName="executor://xunit/VsTestRunner2/netcoreapp" className="Aula.Tests.Channels.SlackBotTests" name="PostWeekLetter_WithVariousChildNames_HandlesCorrectly" />
    </UnitTest>
    <UnitTest name="Aula.Tests.Utilities.DateTimeUtilitiesTests.GetDanishDayName_AllValidDaysOfWeek_ReturnsNonEmptyString(dayOfWeek: Friday)" storage="/mnt/d/git/aula/src/aula.tests/bin/debug/net9.0/aula.tests.dll" id="ae0948ed-054c-3e18-355f-da674f5650cd">
      <Execution id="7da43187-56ad-45ca-a43a-d214ff05a66f" />
      <TestMethod codeBase="/mnt/d/git/aula/src/Aula.Tests/bin/Debug/net9.0/Aula.Tests.dll" adapterTypeName="executor://xunit/VsTestRunner2/netcoreapp" className="Aula.Tests.Utilities.DateTimeUtilitiesTests" name="GetDanishDayName_AllValidDaysOfWeek_ReturnsNonEmptyString" />
    </UnitTest>
    <UnitTest name="Aula.Tests.Bots.TelegramMessageHandlerTests.HandleMessageAsync_WithHelpCommand_ProcessesHelpMessage(helpCommand: &quot;hjælp&quot;)" storage="/mnt/d/git/aula/src/aula.tests/bin/debug/net9.0/aula.tests.dll" id="fcbd2e73-61cc-55ae-168b-985e355ba11c">
      <Execution id="ef72ab6d-6473-4552-bb5d-6d467a86486f" />
      <TestMethod codeBase="/mnt/d/git/aula/src/Aula.Tests/bin/Debug/net9.0/Aula.Tests.dll" adapterTypeName="executor://xunit/VsTestRunner2/netcoreapp" className="Aula.Tests.Bots.TelegramMessageHandlerTests" name="HandleMessageAsync_WithHelpCommand_ProcessesHelpMessage" />
    </UnitTest>
    <UnitTest name="Aula.Tests.Configuration.ConfigurationTests.Config_WithEmptyConfiguration_UsesDefaults" storage="/mnt/d/git/aula/src/aula.tests/bin/debug/net9.0/aula.tests.dll" id="cb065b5b-0d40-3607-dd81-a79e7d3ed14a">
      <Execution id="2be5fb5c-09d5-4bdf-9614-290072f97380" />
      <TestMethod codeBase="/mnt/d/git/aula/src/Aula.Tests/bin/Debug/net9.0/Aula.Tests.dll" adapterTypeName="executor://xunit/VsTestRunner2/netcoreapp" className="Aula.Tests.Configuration.ConfigurationTests" name="Config_WithEmptyConfiguration_UsesDefaults" />
    </UnitTest>
    <UnitTest name="Aula.Tests.Services.DataModelTests.PostedLetter_WeekNumberValidation_ReturnsExpectedResult(weekNumber: 25, year: 2022, isValid: True)" storage="/mnt/d/git/aula/src/aula.tests/bin/debug/net9.0/aula.tests.dll" id="601e1164-bd7e-9e7d-f167-9c3fcbc6ad4f">
      <Execution id="7034f09d-b34d-49c9-bfa6-9f519a8a50be" />
      <TestMethod codeBase="/mnt/d/git/aula/src/Aula.Tests/bin/Debug/net9.0/Aula.Tests.dll" adapterTypeName="executor://xunit/VsTestRunner2/netcoreapp" className="Aula.Tests.Services.DataModelTests" name="PostedLetter_WeekNumberValidation_ReturnsExpectedResult" />
    </UnitTest>
    <UnitTest name="Aula.Tests.Configuration.ConfigurationTests.Timers_SchedulingInterval_ValidationTests(intervalSeconds: 3661, isValid: False)" storage="/mnt/d/git/aula/src/aula.tests/bin/debug/net9.0/aula.tests.dll" id="42206b57-8aa0-871e-4287-4e3c8a3cc6ec">
      <Execution id="f15422d8-452d-4569-9437-ef4ef49d07fb" />
      <TestMethod codeBase="/mnt/d/git/aula/src/Aula.Tests/bin/Debug/net9.0/Aula.Tests.dll" adapterTypeName="executor://xunit/VsTestRunner2/netcoreapp" className="Aula.Tests.Configuration.ConfigurationTests" name="Timers_SchedulingInterval_ValidationTests" />
    </UnitTest>
    <UnitTest name="Aula.Tests.Tools.ReminderCommandHandlerTests.TryHandleReminderCommand_AddReminder_ValidFormats_ReturnsSuccess(command: &quot;husk mig i morgen kl 8:00 at TestChild1 har Haver til ma&quot;···, isEnglish: False, expectedChildName: &quot;TestChild1 Jensen&quot;)" storage="/mnt/d/git/aula/src/aula.tests/bin/debug/net9.0/aula.tests.dll" id="4ee66f1f-2049-9f7f-57aa-b27bb388f963">
      <Execution id="9c31434b-2c34-40a5-9979-0197c4736743" />
      <TestMethod codeBase="/mnt/d/git/aula/src/Aula.Tests/bin/Debug/net9.0/Aula.Tests.dll" adapterTypeName="executor://xunit/VsTestRunner2/netcoreapp" className="Aula.Tests.Tools.ReminderCommandHandlerTests" name="TryHandleReminderCommand_AddReminder_ValidFormats_ReturnsSuccess" />
    </UnitTest>
    <UnitTest name="Aula.Tests.Channels.SlackBotTests.PostWeekLetter_WithVariousChildColors_HandlesCorrectly(color: &quot;red&quot;)" storage="/mnt/d/git/aula/src/aula.tests/bin/debug/net9.0/aula.tests.dll" id="ecba833b-4a32-70dc-1540-ec8a113be1de">
      <Execution id="7da23526-30da-4ace-a0a1-e84ffb3102ab" />
      <TestMethod codeBase="/mnt/d/git/aula/src/Aula.Tests/bin/Debug/net9.0/Aula.Tests.dll" adapterTypeName="executor://xunit/VsTestRunner2/netcoreapp" className="Aula.Tests.Channels.SlackBotTests" name="PostWeekLetter_WithVariousChildColors_HandlesCorrectly" />
    </UnitTest>
    <UnitTest name="Aula.Tests.Channels.TelegramClientTests.PostWeekLetter_WithMissingFields_HandlesGracefully" storage="/mnt/d/git/aula/src/aula.tests/bin/debug/net9.0/aula.tests.dll" id="1dba4bcb-2a6a-02e7-3151-a1fa05d6b85c">
      <Execution id="91b5bf1d-d5e0-4639-8661-dc645526d374" />
      <TestMethod codeBase="/mnt/d/git/aula/src/Aula.Tests/bin/Debug/net9.0/Aula.Tests.dll" adapterTypeName="executor://xunit/VsTestRunner2/netcoreapp" className="Aula.Tests.Channels.TelegramClientTests" name="PostWeekLetter_WithMissingFields_HandlesGracefully" />
    </UnitTest>
    <UnitTest name="Aula.Tests.Services.DataModelTests.PostedLetter_WeekNumberValidation_ReturnsExpectedResult(weekNumber: 1, year: 2023, isValid: True)" storage="/mnt/d/git/aula/src/aula.tests/bin/debug/net9.0/aula.tests.dll" id="ff95ed9b-b21e-cfc2-30db-e8fe216a909d">
      <Execution id="ba88fa9d-05f3-44be-82b2-35dbb89e4bfc" />
      <TestMethod codeBase="/mnt/d/git/aula/src/Aula.Tests/bin/Debug/net9.0/Aula.Tests.dll" adapterTypeName="executor://xunit/VsTestRunner2/netcoreapp" className="Aula.Tests.Services.DataModelTests" name="PostedLetter_WeekNumberValidation_ReturnsExpectedResult" />
    </UnitTest>
    <UnitTest name="Aula.Tests.Scheduling.SchedulingServiceIntegrationTests.Constructor_WithNullConfig_ThrowsArgumentNullException" storage="/mnt/d/git/aula/src/aula.tests/bin/debug/net9.0/aula.tests.dll" id="a0f8908b-2fc2-df51-4b18-23e951512406">
      <Execution id="5ecd6c6a-0d19-43e4-ac49-98f5145c2de3" />
      <TestMethod codeBase="/mnt/d/git/aula/src/Aula.Tests/bin/Debug/net9.0/Aula.Tests.dll" adapterTypeName="executor://xunit/VsTestRunner2/netcoreapp" className="Aula.Tests.Scheduling.SchedulingServiceIntegrationTests" name="Constructor_WithNullConfig_ThrowsArgumentNullException" />
    </UnitTest>
    <UnitTest name="Aula.Tests.Utilities.ConversationContextTests.IsStillValid_WithExactlyNinePointNineMinutesOld_ReturnsTrue" storage="/mnt/d/git/aula/src/aula.tests/bin/debug/net9.0/aula.tests.dll" id="cb027f47-b453-181c-17af-774dbf3d917b">
      <Execution id="16c3b9cf-7419-4f83-b55e-fc924adbdd63" />
      <TestMethod codeBase="/mnt/d/git/aula/src/Aula.Tests/bin/Debug/net9.0/Aula.Tests.dll" adapterTypeName="executor://xunit/VsTestRunner2/netcoreapp" className="Aula.Tests.Utilities.ConversationContextTests" name="IsStillValid_WithExactlyNinePointNineMinutesOld_ReturnsTrue" />
    </UnitTest>
    <UnitTest name="Aula.Tests.Scheduling.SchedulingServiceIntegrationTests.StopAsync_WithoutStart_DoesNotThrow" storage="/mnt/d/git/aula/src/aula.tests/bin/debug/net9.0/aula.tests.dll" id="51d4bf94-02a4-6db7-00c2-b23d3d85cac5">
      <Execution id="6e447930-b58d-41de-a13d-be7947fbf881" />
      <TestMethod codeBase="/mnt/d/git/aula/src/Aula.Tests/bin/Debug/net9.0/Aula.Tests.dll" adapterTypeName="executor://xunit/VsTestRunner2/netcoreapp" className="Aula.Tests.Scheduling.SchedulingServiceIntegrationTests" name="StopAsync_WithoutStart_DoesNotThrow" />
    </UnitTest>
    <UnitTest name="Aula.Tests.Utilities.Html2SlackMarkdownConverterTests.Convert_WithEmptyString_ReturnsEmptyString" storage="/mnt/d/git/aula/src/aula.tests/bin/debug/net9.0/aula.tests.dll" id="2d7011d5-0d18-55b9-d3f3-68998c9945f9">
      <Execution id="7f2c3f2e-620c-490a-9395-b19711fe394d" />
      <TestMethod codeBase="/mnt/d/git/aula/src/Aula.Tests/bin/Debug/net9.0/Aula.Tests.dll" adapterTypeName="executor://xunit/VsTestRunner2/netcoreapp" className="Aula.Tests.Utilities.Html2SlackMarkdownConverterTests" name="Convert_WithEmptyString_ReturnsEmptyString" />
    </UnitTest>
    <UnitTest name="Aula.Tests.Channels.TelegramClientTests.SendMessageToChannel_WithVariousMessages_DoesNotThrow(message: &quot;&quot;)" storage="/mnt/d/git/aula/src/aula.tests/bin/debug/net9.0/aula.tests.dll" id="d1f304ff-bc66-281d-07dd-5db7fd1f9503">
      <Execution id="d5cbbe0b-bbd7-4533-b55b-e38fb669d087" />
      <TestMethod codeBase="/mnt/d/git/aula/src/Aula.Tests/bin/Debug/net9.0/Aula.Tests.dll" adapterTypeName="executor://xunit/VsTestRunner2/netcoreapp" className="Aula.Tests.Channels.TelegramClientTests" name="SendMessageToChannel_WithVariousMessages_DoesNotThrow" />
    </UnitTest>
    <UnitTest name="Aula.Tests.Bots.SlackMessageHandlerTests.Constructor_WithNullConfig_ThrowsArgumentNullException" storage="/mnt/d/git/aula/src/aula.tests/bin/debug/net9.0/aula.tests.dll" id="eefc6d24-5020-8505-1dbb-9868d5500570">
      <Execution id="ac8b5995-d9f4-4eb2-b79d-17be89bb1549" />
      <TestMethod codeBase="/mnt/d/git/aula/src/Aula.Tests/bin/Debug/net9.0/Aula.Tests.dll" adapterTypeName="executor://xunit/VsTestRunner2/netcoreapp" className="Aula.Tests.Bots.SlackMessageHandlerTests" name="Constructor_WithNullConfig_ThrowsArgumentNullException" />
    </UnitTest>
    <UnitTest name="Aula.Tests.Utilities.FollowUpQuestionDetectorTests.IsFollowUpQuestion_WithShortFollowUps_ReturnsTrue(input: &quot;ok&quot;)" storage="/mnt/d/git/aula/src/aula.tests/bin/debug/net9.0/aula.tests.dll" id="6a1bd5a3-33de-b670-1a8c-cceb0d8df72f">
      <Execution id="18e4c0ef-cd35-42b0-856d-e3e20e9677ec" />
      <TestMethod codeBase="/mnt/d/git/aula/src/Aula.Tests/bin/Debug/net9.0/Aula.Tests.dll" adapterTypeName="executor://xunit/VsTestRunner2/netcoreapp" className="Aula.Tests.Utilities.FollowUpQuestionDetectorTests" name="IsFollowUpQuestion_WithShortFollowUps_ReturnsTrue" />
    </UnitTest>
    <UnitTest name="Aula.Tests.Utilities.IntentAnalysisPromptsTests.ToolExamples_CoverExpectedUseCase(expectedKey: &quot;LIST_REMINDERS&quot;, queryPattern: &quot;reminders&quot;)" storage="/mnt/d/git/aula/src/aula.tests/bin/debug/net9.0/aula.tests.dll" id="4b6e6498-4329-5b43-2b56-2bc5486e69cc">
      <Execution id="eb5a6c4c-76f1-42e9-8c3d-8dbd37bcef7c" />
      <TestMethod codeBase="/mnt/d/git/aula/src/Aula.Tests/bin/Debug/net9.0/Aula.Tests.dll" adapterTypeName="executor://xunit/VsTestRunner2/netcoreapp" className="Aula.Tests.Utilities.IntentAnalysisPromptsTests" name="ToolExamples_CoverExpectedUseCase" />
    </UnitTest>
    <UnitTest name="Aula.Tests.Utilities.DateTimeUtilitiesTests.GetDanishDayName_AllValidDaysOfWeek_ReturnsNonEmptyString(dayOfWeek: Monday)" storage="/mnt/d/git/aula/src/aula.tests/bin/debug/net9.0/aula.tests.dll" id="ee37d42d-7676-d60e-f83a-c40bddb185e0">
      <Execution id="8d7b4e85-fada-4c3d-a288-4142f6f9af38" />
      <TestMethod codeBase="/mnt/d/git/aula/src/Aula.Tests/bin/Debug/net9.0/Aula.Tests.dll" adapterTypeName="executor://xunit/VsTestRunner2/netcoreapp" className="Aula.Tests.Utilities.DateTimeUtilitiesTests" name="GetDanishDayName_AllValidDaysOfWeek_ReturnsNonEmptyString" />
    </UnitTest>
    <UnitTest name="Aula.Tests.Utilities.FollowUpQuestionDetectorTests.IsFollowUpQuestion_WithChildNameAndShortMessage_ReturnsTrue(input: &quot;TestChild1en&quot;)" storage="/mnt/d/git/aula/src/aula.tests/bin/debug/net9.0/aula.tests.dll" id="c97c4c52-e2e0-9997-1b1c-c40b6de0a67a">
      <Execution id="e8f646cd-dc23-4377-9e06-4a1a89ffaf14" />
      <TestMethod codeBase="/mnt/d/git/aula/src/Aula.Tests/bin/Debug/net9.0/Aula.Tests.dll" adapterTypeName="executor://xunit/VsTestRunner2/netcoreapp" className="Aula.Tests.Utilities.FollowUpQuestionDetectorTests" name="IsFollowUpQuestion_WithChildNameAndShortMessage_ReturnsTrue" />
    </UnitTest>
    <UnitTest name="Aula.Tests.Utilities.DateTimeUtilitiesTests.GetDanishDayName_AllValidDaysOfWeek_ReturnsNonEmptyString(dayOfWeek: Tuesday)" storage="/mnt/d/git/aula/src/aula.tests/bin/debug/net9.0/aula.tests.dll" id="909b5135-abc5-ca49-7494-5f4eb3573cf1">
      <Execution id="5b3de9d4-285c-4b2a-b6da-e8c21d405642" />
      <TestMethod codeBase="/mnt/d/git/aula/src/Aula.Tests/bin/Debug/net9.0/Aula.Tests.dll" adapterTypeName="executor://xunit/VsTestRunner2/netcoreapp" className="Aula.Tests.Utilities.DateTimeUtilitiesTests" name="GetDanishDayName_AllValidDaysOfWeek_ReturnsNonEmptyString" />
    </UnitTest>
    <UnitTest name="Aula.Tests.Tools.AiToolsManagerTests.DeleteReminderAsync_WithValidNumber_DeletesReminder" storage="/mnt/d/git/aula/src/aula.tests/bin/debug/net9.0/aula.tests.dll" id="cffbdb32-a5ce-3149-2be9-2e224df2f82b">
      <Execution id="f1d53b46-190c-4e2b-bd3b-d9a0b5eaf88d" />
      <TestMethod codeBase="/mnt/d/git/aula/src/Aula.Tests/bin/Debug/net9.0/Aula.Tests.dll" adapterTypeName="executor://xunit/VsTestRunner2/netcoreapp" className="Aula.Tests.Tools.AiToolsManagerTests" name="DeleteReminderAsync_WithValidNumber_DeletesReminder" />
    </UnitTest>
    <UnitTest name="Aula.Tests.Integration.MinUddannelseClientTests.Constructor_WithValidConfig_CreatesInstance" storage="/mnt/d/git/aula/src/aula.tests/bin/debug/net9.0/aula.tests.dll" id="5a77b1b5-bbb4-8a72-a72e-32591bd8597a">
      <Execution id="813aa5d4-20c6-41c9-815c-7653bb6466bd" />
      <TestMethod codeBase="/mnt/d/git/aula/src/Aula.Tests/bin/Debug/net9.0/Aula.Tests.dll" adapterTypeName="executor://xunit/VsTestRunner2/netcoreapp" className="Aula.Tests.Integration.MinUddannelseClientTests" name="Constructor_WithValidConfig_CreatesInstance" />
    </UnitTest>
    <UnitTest name="Aula.Tests.Configuration.ConfigurationTests.GoogleServiceAccount_RequiredFields_ArePresent" storage="/mnt/d/git/aula/src/aula.tests/bin/debug/net9.0/aula.tests.dll" id="2cec1e41-be18-3fa0-9996-473f9652882f">
      <Execution id="b0ce4d97-21a5-4d1e-a141-1ca4d9552c12" />
      <TestMethod codeBase="/mnt/d/git/aula/src/Aula.Tests/bin/Debug/net9.0/Aula.Tests.dll" adapterTypeName="executor://xunit/VsTestRunner2/netcoreapp" className="Aula.Tests.Configuration.ConfigurationTests" name="GoogleServiceAccount_RequiredFields_ArePresent" />
    </UnitTest>
    <UnitTest name="Aula.Tests.Utilities.FollowUpQuestionDetectorTests.IsFollowUpQuestion_WithEmptyChildrenList_HandlesSafely" storage="/mnt/d/git/aula/src/aula.tests/bin/debug/net9.0/aula.tests.dll" id="cf3ffd15-e77d-0064-8da1-70abe47d1342">
      <Execution id="1a3c0ac0-dd5c-4cf0-a3da-2efff7850925" />
      <TestMethod codeBase="/mnt/d/git/aula/src/Aula.Tests/bin/Debug/net9.0/Aula.Tests.dll" adapterTypeName="executor://xunit/VsTestRunner2/netcoreapp" className="Aula.Tests.Utilities.FollowUpQuestionDetectorTests" name="IsFollowUpQuestion_WithEmptyChildrenList_HandlesSafely" />
    </UnitTest>
    <UnitTest name="Aula.Tests.Configuration.ConfigurationTests.Features_ConversationCacheExpiration_ValidationTests(minutes: 0, isValid: False)" storage="/mnt/d/git/aula/src/aula.tests/bin/debug/net9.0/aula.tests.dll" id="85d0bba0-b6e6-710e-0b38-be2340b6cfc9">
      <Execution id="895a04cd-b712-46dd-ad07-5962e7f748c9" />
      <TestMethod codeBase="/mnt/d/git/aula/src/Aula.Tests/bin/Debug/net9.0/Aula.Tests.dll" adapterTypeName="executor://xunit/VsTestRunner2/netcoreapp" className="Aula.Tests.Configuration.ConfigurationTests" name="Features_ConversationCacheExpiration_ValidationTests" />
    </UnitTest>
    <UnitTest name="Aula.Tests.Utilities.ConversationContextManagerTests.ClearContext_WithExistingKey_RemovesContextAndLogs" storage="/mnt/d/git/aula/src/aula.tests/bin/debug/net9.0/aula.tests.dll" id="56429908-a484-10f8-38ca-b17d73119d7d">
      <Execution id="69417235-6ade-4b1e-9639-017caeea0203" />
      <TestMethod codeBase="/mnt/d/git/aula/src/Aula.Tests/bin/Debug/net9.0/Aula.Tests.dll" adapterTypeName="executor://xunit/VsTestRunner2/netcoreapp" className="Aula.Tests.Utilities.ConversationContextManagerTests" name="ClearContext_WithExistingKey_RemovesContextAndLogs" />
    </UnitTest>
    <UnitTest name="Aula.Tests.Utilities.JsonFormatterTests.Prettify_WithMalformedJson_ThrowsJsonException" storage="/mnt/d/git/aula/src/aula.tests/bin/debug/net9.0/aula.tests.dll" id="d6143222-8a1b-29ba-ebfb-222b6c27b152">
      <Execution id="5d05fce8-0249-438e-afb1-51347f3bc3ad" />
      <TestMethod codeBase="/mnt/d/git/aula/src/Aula.Tests/bin/Debug/net9.0/Aula.Tests.dll" adapterTypeName="executor://xunit/VsTestRunner2/netcoreapp" className="Aula.Tests.Utilities.JsonFormatterTests" name="Prettify_WithMalformedJson_ThrowsJsonException" />
    </UnitTest>
    <UnitTest name="Aula.Tests.Bots.SlackInteractiveBotTests.Dispose_WhenCalledMultipleTimes_DoesNotThrow" storage="/mnt/d/git/aula/src/aula.tests/bin/debug/net9.0/aula.tests.dll" id="e768bc44-6321-f6f0-33ea-0643e8c3f454">
      <Execution id="fcb40747-6d48-4a76-b582-fe523271f43f" />
      <TestMethod codeBase="/mnt/d/git/aula/src/Aula.Tests/bin/Debug/net9.0/Aula.Tests.dll" adapterTypeName="executor://xunit/VsTestRunner2/netcoreapp" className="Aula.Tests.Bots.SlackInteractiveBotTests" name="Dispose_WhenCalledMultipleTimes_DoesNotThrow" />
    </UnitTest>
    <UnitTest name="Aula.Tests.Utilities.JsonFormatterTests.Prettify_WithNullInput_ThrowsArgumentNullException" storage="/mnt/d/git/aula/src/aula.tests/bin/debug/net9.0/aula.tests.dll" id="711b4283-4c9e-be16-2b83-d9f77794298d">
      <Execution id="ec63a0a9-607f-49c4-a50c-a8efe49e4041" />
      <TestMethod codeBase="/mnt/d/git/aula/src/Aula.Tests/bin/Debug/net9.0/Aula.Tests.dll" adapterTypeName="executor://xunit/VsTestRunner2/netcoreapp" className="Aula.Tests.Utilities.JsonFormatterTests" name="Prettify_WithNullInput_ThrowsArgumentNullException" />
    </UnitTest>
    <UnitTest name="Aula.Tests.Channels.SlackBotTests.Constructor_WithEmptyUrl_ThrowsArgumentException" storage="/mnt/d/git/aula/src/aula.tests/bin/debug/net9.0/aula.tests.dll" id="a7b1749e-2ad3-548e-4171-dcc39a4ba308">
      <Execution id="42a3b2b5-1ab5-40f3-9e4a-36b670c533a4" />
      <TestMethod codeBase="/mnt/d/git/aula/src/Aula.Tests/bin/Debug/net9.0/Aula.Tests.dll" adapterTypeName="executor://xunit/VsTestRunner2/netcoreapp" className="Aula.Tests.Channels.SlackBotTests" name="Constructor_WithEmptyUrl_ThrowsArgumentException" />
    </UnitTest>
    <UnitTest name="Aula.Tests.Utilities.DateTimeUtilitiesTests.GetDanishDayName_ValidDayOfWeek_ReturnsLowercaseName(dayOfWeek: Thursday, expectedName: &quot;torsdag&quot;)" storage="/mnt/d/git/aula/src/aula.tests/bin/debug/net9.0/aula.tests.dll" id="d011f96b-d6c9-06f7-3372-df15e577854e">
      <Execution id="73ca2276-140b-46e2-acdd-0c21666c138b" />
      <TestMethod codeBase="/mnt/d/git/aula/src/Aula.Tests/bin/Debug/net9.0/Aula.Tests.dll" adapterTypeName="executor://xunit/VsTestRunner2/netcoreapp" className="Aula.Tests.Utilities.DateTimeUtilitiesTests" name="GetDanishDayName_ValidDayOfWeek_ReturnsLowercaseName" />
    </UnitTest>
    <UnitTest name="Aula.Tests.Configuration.ConfigurationTests.UniLogin_WithInvalidCredentials_HandlesGracefully(invalidValue: null)" storage="/mnt/d/git/aula/src/aula.tests/bin/debug/net9.0/aula.tests.dll" id="eedd43d6-efa5-b90c-89ed-190e198315e6">
      <Execution id="32d3d5ec-7c45-44b1-9bc9-28c0cc1ab795" />
      <TestMethod codeBase="/mnt/d/git/aula/src/Aula.Tests/bin/Debug/net9.0/Aula.Tests.dll" adapterTypeName="executor://xunit/VsTestRunner2/netcoreapp" className="Aula.Tests.Configuration.ConfigurationTests" name="UniLogin_WithInvalidCredentials_HandlesGracefully" />
    </UnitTest>
    <UnitTest name="Aula.Tests.Utilities.FollowUpQuestionDetectorTests.IsFollowUpQuestion_WithFullChildNames_WorksCorrectly(input: &quot;Emma Rose?&quot;)" storage="/mnt/d/git/aula/src/aula.tests/bin/debug/net9.0/aula.tests.dll" id="e67379c3-aafd-8be6-fda8-3e3a4a2a81aa">
      <Execution id="f34a9628-a08f-45c9-a71a-5c361c6c3a99" />
      <TestMethod codeBase="/mnt/d/git/aula/src/Aula.Tests/bin/Debug/net9.0/Aula.Tests.dll" adapterTypeName="executor://xunit/VsTestRunner2/netcoreapp" className="Aula.Tests.Utilities.FollowUpQuestionDetectorTests" name="IsFollowUpQuestion_WithFullChildNames_WorksCorrectly" />
    </UnitTest>
    <UnitTest name="Aula.Tests.Channels.SlackBotTests.PostMessage_WithVariousMessages_DoesNotThrow(message: &quot;Message with *bold* and _italic_&quot;)" storage="/mnt/d/git/aula/src/aula.tests/bin/debug/net9.0/aula.tests.dll" id="4053e9a2-a689-a1a5-6da0-c7b491ae4105">
      <Execution id="0b1cea17-5cdf-48af-9893-b7e04c02b0b4" />
      <TestMethod codeBase="/mnt/d/git/aula/src/Aula.Tests/bin/Debug/net9.0/Aula.Tests.dll" adapterTypeName="executor://xunit/VsTestRunner2/netcoreapp" className="Aula.Tests.Channels.SlackBotTests" name="PostMessage_WithVariousMessages_DoesNotThrow" />
    </UnitTest>
    <UnitTest name="Aula.Tests.Utilities.ReminderExtractionPromptsTests.GetExtractionPrompt_WithDifferentMinuteOffsets_CalculatesCorrectly(minutes: 2)" storage="/mnt/d/git/aula/src/aula.tests/bin/debug/net9.0/aula.tests.dll" id="346b4860-00f1-33ec-a1a3-5d05cc730f69">
      <Execution id="1317b572-6c36-4c3b-ad73-d8898dfe4af4" />
      <TestMethod codeBase="/mnt/d/git/aula/src/Aula.Tests/bin/Debug/net9.0/Aula.Tests.dll" adapterTypeName="executor://xunit/VsTestRunner2/netcoreapp" className="Aula.Tests.Utilities.ReminderExtractionPromptsTests" name="GetExtractionPrompt_WithDifferentMinuteOffsets_CalculatesCorrectly" />
    </UnitTest>
    <UnitTest name="Aula.Tests.Bots.SlackMessageHandlerTests.HandleMessageAsync_WithReminderCommand_ProcessesMessage(reminderCommand: &quot;slet påmindelse&quot;)" storage="/mnt/d/git/aula/src/aula.tests/bin/debug/net9.0/aula.tests.dll" id="0fdf445f-d20e-3235-8763-e9404bb4da45">
      <Execution id="b33ecf8e-8a31-47d5-ae77-6554d082a4c3" />
      <TestMethod codeBase="/mnt/d/git/aula/src/Aula.Tests/bin/Debug/net9.0/Aula.Tests.dll" adapterTypeName="executor://xunit/VsTestRunner2/netcoreapp" className="Aula.Tests.Bots.SlackMessageHandlerTests" name="HandleMessageAsync_WithReminderCommand_ProcessesMessage" />
    </UnitTest>
    <UnitTest name="Aula.Tests.Utilities.Html2SlackMarkdownConverterTests.Convert_WithUnicodeContent_PreservesEncoding" storage="/mnt/d/git/aula/src/aula.tests/bin/debug/net9.0/aula.tests.dll" id="121eb464-baa2-cb91-a1cb-d692cf64f7c5">
      <Execution id="ccffe8c3-c13f-4052-ae3e-df37f08d2ee4" />
      <TestMethod codeBase="/mnt/d/git/aula/src/Aula.Tests/bin/Debug/net9.0/Aula.Tests.dll" adapterTypeName="executor://xunit/VsTestRunner2/netcoreapp" className="Aula.Tests.Utilities.Html2SlackMarkdownConverterTests" name="Convert_WithUnicodeContent_PreservesEncoding" />
    </UnitTest>
    <UnitTest name="Aula.Tests.Utilities.FollowUpQuestionDetectorTests.IsFollowUpQuestion_WithShortFollowUps_ReturnsTrue(input: &quot;OK&quot;)" storage="/mnt/d/git/aula/src/aula.tests/bin/debug/net9.0/aula.tests.dll" id="7badf018-cb0a-dbe2-46e3-595e2e7a967d">
      <Execution id="e8bb0c03-fe58-4726-af5a-336036c02a1e" />
      <TestMethod codeBase="/mnt/d/git/aula/src/Aula.Tests/bin/Debug/net9.0/Aula.Tests.dll" adapterTypeName="executor://xunit/VsTestRunner2/netcoreapp" className="Aula.Tests.Utilities.FollowUpQuestionDetectorTests" name="IsFollowUpQuestion_WithShortFollowUps_ReturnsTrue" />
    </UnitTest>
    <UnitTest name="Aula.Tests.Services.DataModelTests.ConfigChild_Properties_WorkCorrectly" storage="/mnt/d/git/aula/src/aula.tests/bin/debug/net9.0/aula.tests.dll" id="bf8de978-ede0-2334-cd93-70c2c792931f">
      <Execution id="6ade6def-74eb-4b5e-a244-10f2c7bde55e" />
      <TestMethod codeBase="/mnt/d/git/aula/src/Aula.Tests/bin/Debug/net9.0/Aula.Tests.dll" adapterTypeName="executor://xunit/VsTestRunner2/netcoreapp" className="Aula.Tests.Services.DataModelTests" name="ConfigChild_Properties_WorkCorrectly" />
    </UnitTest>
    <UnitTest name="Aula.Tests.Utilities.ConversationContextManagerTests.UpdateContext_LogsInformation" storage="/mnt/d/git/aula/src/aula.tests/bin/debug/net9.0/aula.tests.dll" id="852f061a-eb76-627b-f7c5-de08154576e3">
      <Execution id="3ea8cca4-4884-41fc-a6b1-7d8189443673" />
      <TestMethod codeBase="/mnt/d/git/aula/src/Aula.Tests/bin/Debug/net9.0/Aula.Tests.dll" adapterTypeName="executor://xunit/VsTestRunner2/netcoreapp" className="Aula.Tests.Utilities.ConversationContextManagerTests" name="UpdateContext_LogsInformation" />
    </UnitTest>
    <UnitTest name="Aula.Tests.Utilities.WeekLetterContentExtractorTests.ExtractContent_WithNullUgebreve_ReturnsEmptyString" storage="/mnt/d/git/aula/src/aula.tests/bin/debug/net9.0/aula.tests.dll" id="e93018a6-329d-1e6a-244e-75972e649bf3">
      <Execution id="af26d090-ab6e-493c-990a-67e016b4b1d5" />
      <TestMethod codeBase="/mnt/d/git/aula/src/Aula.Tests/bin/Debug/net9.0/Aula.Tests.dll" adapterTypeName="executor://xunit/VsTestRunner2/netcoreapp" className="Aula.Tests.Utilities.WeekLetterContentExtractorTests" name="ExtractContent_WithNullUgebreve_ReturnsEmptyString" />
    </UnitTest>
    <UnitTest name="Aula.Tests.Channels.SlackBotTests.PushWeekLetter_WithNullWeekLetter_ReturnsFalse" storage="/mnt/d/git/aula/src/aula.tests/bin/debug/net9.0/aula.tests.dll" id="74223507-0b05-49e9-aad1-655b0b7c8f6e">
      <Execution id="8b6f7daa-16d9-4f7b-b84f-f77648fd3e20" />
      <TestMethod codeBase="/mnt/d/git/aula/src/Aula.Tests/bin/Debug/net9.0/Aula.Tests.dll" adapterTypeName="executor://xunit/VsTestRunner2/netcoreapp" className="Aula.Tests.Channels.SlackBotTests" name="PushWeekLetter_WithNullWeekLetter_ReturnsFalse" />
    </UnitTest>
    <UnitTest name="Aula.Tests.Tools.ReminderCommandHandlerTests.TryHandleReminderCommand_ListReminders_NoReminders_ReturnsNoRemindersMessage(command: &quot;list reminders&quot;, isEnglish: True)" storage="/mnt/d/git/aula/src/aula.tests/bin/debug/net9.0/aula.tests.dll" id="d91762c9-e8c3-9301-162e-078c803712fd">
      <Execution id="7d6a5792-1936-4a2c-90ac-94717cb19253" />
      <TestMethod codeBase="/mnt/d/git/aula/src/Aula.Tests/bin/Debug/net9.0/Aula.Tests.dll" adapterTypeName="executor://xunit/VsTestRunner2/netcoreapp" className="Aula.Tests.Tools.ReminderCommandHandlerTests" name="TryHandleReminderCommand_ListReminders_NoReminders_ReturnsNoRemindersMessage" />
    </UnitTest>
    <UnitTest name="Aula.Tests.Utilities.FollowUpQuestionDetectorTests.IsFollowUpQuestion_LogsCorrectlyForShortMessage" storage="/mnt/d/git/aula/src/aula.tests/bin/debug/net9.0/aula.tests.dll" id="a05ddd0e-e3f2-fb31-c2fd-f1f3b4b30fc1">
      <Execution id="e9a9fa64-777c-4e55-8710-404f0bc24fc3" />
      <TestMethod codeBase="/mnt/d/git/aula/src/Aula.Tests/bin/Debug/net9.0/Aula.Tests.dll" adapterTypeName="executor://xunit/VsTestRunner2/netcoreapp" className="Aula.Tests.Utilities.FollowUpQuestionDetectorTests" name="IsFollowUpQuestion_LogsCorrectlyForShortMessage" />
    </UnitTest>
    <UnitTest name="Aula.Tests.Utilities.ConversationContextTests.ToString_WithEmptyChildName_ShowsEmptyString" storage="/mnt/d/git/aula/src/aula.tests/bin/debug/net9.0/aula.tests.dll" id="2c92fdb3-d95d-1632-c5b9-2a0e8c5892ee">
      <Execution id="5a4a8deb-e52d-45c6-8973-bf80c5fbf5e8" />
      <TestMethod codeBase="/mnt/d/git/aula/src/Aula.Tests/bin/Debug/net9.0/Aula.Tests.dll" adapterTypeName="executor://xunit/VsTestRunner2/netcoreapp" className="Aula.Tests.Utilities.ConversationContextTests" name="ToString_WithEmptyChildName_ShowsEmptyString" />
    </UnitTest>
    <UnitTest name="Aula.Tests.Channels.SlackBotTests.SendTestMessage_WithVariousMessages_DoesNotThrow(message: &quot;&quot;)" storage="/mnt/d/git/aula/src/aula.tests/bin/debug/net9.0/aula.tests.dll" id="1165a140-06de-3614-5098-865084a74fa6">
      <Execution id="df6d53ef-ddc0-49f5-bf5a-4235a920b85f" />
      <TestMethod codeBase="/mnt/d/git/aula/src/Aula.Tests/bin/Debug/net9.0/Aula.Tests.dll" adapterTypeName="executor://xunit/VsTestRunner2/netcoreapp" className="Aula.Tests.Channels.SlackBotTests" name="SendTestMessage_WithVariousMessages_DoesNotThrow" />
    </UnitTest>
    <UnitTest name="Aula.Tests.Services.OpenAiServiceIntegrationTests.ClearConversationHistory_WithoutContextKey_DoesNotThrow" storage="/mnt/d/git/aula/src/aula.tests/bin/debug/net9.0/aula.tests.dll" id="c79823a4-e6c5-4210-9526-f7fc3ce5d77c">
      <Execution id="8b886b2c-fc7a-4438-9bfd-a4a350c45396" />
      <TestMethod codeBase="/mnt/d/git/aula/src/Aula.Tests/bin/Debug/net9.0/Aula.Tests.dll" adapterTypeName="executor://xunit/VsTestRunner2/netcoreapp" className="Aula.Tests.Services.OpenAiServiceIntegrationTests" name="ClearConversationHistory_WithoutContextKey_DoesNotThrow" />
    </UnitTest>
    <UnitTest name="Aula.Tests.Bots.TelegramMessageHandlerTests.HandleMessageAsync_WithCancellationToken_RespectsCancellation" storage="/mnt/d/git/aula/src/aula.tests/bin/debug/net9.0/aula.tests.dll" id="08f9b0f6-c970-f823-e359-90266e985263">
      <Execution id="9279cbed-f118-40d8-b03f-4c8a66a1d577" />
      <TestMethod codeBase="/mnt/d/git/aula/src/Aula.Tests/bin/Debug/net9.0/Aula.Tests.dll" adapterTypeName="executor://xunit/VsTestRunner2/netcoreapp" className="Aula.Tests.Bots.TelegramMessageHandlerTests" name="HandleMessageAsync_WithCancellationToken_RespectsCancellation" />
    </UnitTest>
    <UnitTest name="Aula.Tests.Utilities.ReminderExtractionPromptsTests.GetExtractionPrompt_CalculatesDanishRelativeTimesCorrectly" storage="/mnt/d/git/aula/src/aula.tests/bin/debug/net9.0/aula.tests.dll" id="341040bb-ced9-d1d7-7226-192f7cf8fcdc">
      <Execution id="6cf152e1-de2d-4bc5-8540-5925efb441cf" />
      <TestMethod codeBase="/mnt/d/git/aula/src/Aula.Tests/bin/Debug/net9.0/Aula.Tests.dll" adapterTypeName="executor://xunit/VsTestRunner2/netcoreapp" className="Aula.Tests.Utilities.ReminderExtractionPromptsTests" name="GetExtractionPrompt_CalculatesDanishRelativeTimesCorrectly" />
    </UnitTest>
    <UnitTest name="Aula.Tests.Utilities.FollowUpQuestionDetectorTests.IsFollowUpQuestion_WithChildNameAndShortMessage_ReturnsTrue(input: &quot;EMMA&quot;)" storage="/mnt/d/git/aula/src/aula.tests/bin/debug/net9.0/aula.tests.dll" id="5757d75c-5377-8df3-a3a7-30a9777d143b">
      <Execution id="647bcb64-d75e-4936-a37a-cbdf05668ef3" />
      <TestMethod codeBase="/mnt/d/git/aula/src/Aula.Tests/bin/Debug/net9.0/Aula.Tests.dll" adapterTypeName="executor://xunit/VsTestRunner2/netcoreapp" className="Aula.Tests.Utilities.FollowUpQuestionDetectorTests" name="IsFollowUpQuestion_WithChildNameAndShortMessage_ReturnsTrue" />
    </UnitTest>
    <UnitTest name="Aula.Tests.Configuration.ConfigurationTests.OpenAi_ConfigurationIsCorrect" storage="/mnt/d/git/aula/src/aula.tests/bin/debug/net9.0/aula.tests.dll" id="69c84318-c2ea-bbfb-2ff5-e086da7c5805">
      <Execution id="d8f48790-34cc-42b4-b698-cdfcbca192d5" />
      <TestMethod codeBase="/mnt/d/git/aula/src/Aula.Tests/bin/Debug/net9.0/Aula.Tests.dll" adapterTypeName="executor://xunit/VsTestRunner2/netcoreapp" className="Aula.Tests.Configuration.ConfigurationTests" name="OpenAi_ConfigurationIsCorrect" />
    </UnitTest>
    <UnitTest name="Aula.Tests.Services.OpenAiServiceIntegrationTests.ChatInterface_Telegram_HasCorrectValue" storage="/mnt/d/git/aula/src/aula.tests/bin/debug/net9.0/aula.tests.dll" id="a7bf7fe5-0fd3-09c0-db2e-a077e2bb59f1">
      <Execution id="d6be6689-bffb-4d91-b78d-3e7702afa505" />
      <TestMethod codeBase="/mnt/d/git/aula/src/Aula.Tests/bin/Debug/net9.0/Aula.Tests.dll" adapterTypeName="executor://xunit/VsTestRunner2/netcoreapp" className="Aula.Tests.Services.OpenAiServiceIntegrationTests" name="ChatInterface_Telegram_HasCorrectValue" />
    </UnitTest>
    <UnitTest name="Aula.Tests.Utilities.Html2SlackMarkdownConverterTests.Convert_WithSimpleHtml_ConvertsCorrectly" storage="/mnt/d/git/aula/src/aula.tests/bin/debug/net9.0/aula.tests.dll" id="979280e2-dfe1-0cec-d81f-8909f7e24c33">
      <Execution id="58ddfc2b-a724-4cd4-8154-d946be2688ee" />
      <TestMethod codeBase="/mnt/d/git/aula/src/Aula.Tests/bin/Debug/net9.0/Aula.Tests.dll" adapterTypeName="executor://xunit/VsTestRunner2/netcoreapp" className="Aula.Tests.Utilities.Html2SlackMarkdownConverterTests" name="Convert_WithSimpleHtml_ConvertsCorrectly" />
    </UnitTest>
    <UnitTest name="Aula.Tests.Tools.ReminderCommandHandlerTests.TryHandleReminderCommand_ListReminders_OrdersByDateAndTime" storage="/mnt/d/git/aula/src/aula.tests/bin/debug/net9.0/aula.tests.dll" id="9ca02d05-5169-149e-ecab-3b9b289b72d5">
      <Execution id="0f602ee6-c4fd-4450-b1c1-1396e307a563" />
      <TestMethod codeBase="/mnt/d/git/aula/src/Aula.Tests/bin/Debug/net9.0/Aula.Tests.dll" adapterTypeName="executor://xunit/VsTestRunner2/netcoreapp" className="Aula.Tests.Tools.ReminderCommandHandlerTests" name="TryHandleReminderCommand_ListReminders_OrdersByDateAndTime" />
    </UnitTest>
    <UnitTest name="Aula.Tests.Utilities.ConversationContextManagerTests.ClearAllContexts_WithMultipleContexts_RemovesAllAndLogs" storage="/mnt/d/git/aula/src/aula.tests/bin/debug/net9.0/aula.tests.dll" id="1585bed7-c67c-7046-51d9-aa8f4af66bac">
      <Execution id="18ea1a29-de19-424d-b36a-fb553ce883e7" />
      <TestMethod codeBase="/mnt/d/git/aula/src/Aula.Tests/bin/Debug/net9.0/Aula.Tests.dll" adapterTypeName="executor://xunit/VsTestRunner2/netcoreapp" className="Aula.Tests.Utilities.ConversationContextManagerTests" name="ClearAllContexts_WithMultipleContexts_RemovesAllAndLogs" />
    </UnitTest>
    <UnitTest name="Aula.Tests.Services.OpenAiServiceIntegrationTests.AskQuestionAboutWeekLetterAsync_WithContextKey_WithNullWeekLetter_ThrowsArgumentNullException(chatInterface: Telegram)" storage="/mnt/d/git/aula/src/aula.tests/bin/debug/net9.0/aula.tests.dll" id="50f2b13e-3594-24ee-32df-b9192e38a8ff">
      <Execution id="e6ff4d12-a3ca-4ce4-ba0b-6915500896ef" />
      <TestMethod codeBase="/mnt/d/git/aula/src/Aula.Tests/bin/Debug/net9.0/Aula.Tests.dll" adapterTypeName="executor://xunit/VsTestRunner2/netcoreapp" className="Aula.Tests.Services.OpenAiServiceIntegrationTests" name="AskQuestionAboutWeekLetterAsync_WithContextKey_WithNullWeekLetter_ThrowsArgumentNullException" />
    </UnitTest>
    <UnitTest name="Aula.Tests.Utilities.FollowUpQuestionDetectorTests.IsFollowUpQuestion_WithPunctuationAroundChildName_WorksCorrectly(input: &quot;Emma?&quot;)" storage="/mnt/d/git/aula/src/aula.tests/bin/debug/net9.0/aula.tests.dll" id="75733184-ecf7-b281-bd2e-48c921f0cff4">
      <Execution id="c6b583aa-2f59-4f32-99f0-25df209c1865" />
      <TestMethod codeBase="/mnt/d/git/aula/src/Aula.Tests/bin/Debug/net9.0/Aula.Tests.dll" adapterTypeName="executor://xunit/VsTestRunner2/netcoreapp" className="Aula.Tests.Utilities.FollowUpQuestionDetectorTests" name="IsFollowUpQuestion_WithPunctuationAroundChildName_WorksCorrectly" />
    </UnitTest>
    <UnitTest name="Aula.Tests.Bots.TelegramMessageHandlerTests.HandleMessageAsync_WithReminderCommand_ProcessesMessage(reminderCommand: &quot;slet påmindelse&quot;)" storage="/mnt/d/git/aula/src/aula.tests/bin/debug/net9.0/aula.tests.dll" id="64c3a42f-5fe2-4c42-2d16-8dc3ac5ed576">
      <Execution id="6ccc0c05-ff2d-4d37-93a6-5e4145351a6f" />
      <TestMethod codeBase="/mnt/d/git/aula/src/Aula.Tests/bin/Debug/net9.0/Aula.Tests.dll" adapterTypeName="executor://xunit/VsTestRunner2/netcoreapp" className="Aula.Tests.Bots.TelegramMessageHandlerTests" name="HandleMessageAsync_WithReminderCommand_ProcessesMessage" />
    </UnitTest>
    <UnitTest name="Aula.Tests.Services.DataModelTests.PostedLetter_DefaultConstructor_InitializesCorrectly" storage="/mnt/d/git/aula/src/aula.tests/bin/debug/net9.0/aula.tests.dll" id="dc87daee-0005-3f96-509b-0d97422219d3">
      <Execution id="0d280bf4-8ddf-458f-87b7-a88c16c7c73a" />
      <TestMethod codeBase="/mnt/d/git/aula/src/Aula.Tests/bin/Debug/net9.0/Aula.Tests.dll" adapterTypeName="executor://xunit/VsTestRunner2/netcoreapp" className="Aula.Tests.Services.DataModelTests" name="PostedLetter_DefaultConstructor_InitializesCorrectly" />
    </UnitTest>
    <UnitTest name="Aula.Tests.Integration.AgentServiceTests.GetWeekLetterAsync_ReturnsCachedData_WhenAvailable" storage="/mnt/d/git/aula/src/aula.tests/bin/debug/net9.0/aula.tests.dll" id="b3d0207a-6b94-dced-4560-55d90059fc43">
      <Execution id="5395bb8f-8947-47b5-b481-c8c279f71ffb" />
      <TestMethod codeBase="/mnt/d/git/aula/src/Aula.Tests/bin/Debug/net9.0/Aula.Tests.dll" adapterTypeName="executor://xunit/VsTestRunner2/netcoreapp" className="Aula.Tests.Integration.AgentServiceTests" name="GetWeekLetterAsync_ReturnsCachedData_WhenAvailable" />
    </UnitTest>
    <UnitTest name="Aula.Tests.Tools.ReminderCommandHandlerTests.TryHandleReminderCommand_ChildNameExtraction_WorksCorrectly" storage="/mnt/d/git/aula/src/aula.tests/bin/debug/net9.0/aula.tests.dll" id="23a6aef7-0888-96c3-b39d-0a5a36447e0d">
      <Execution id="ddc5dab7-1691-4c59-997c-f1e9529fb3ec" />
      <TestMethod codeBase="/mnt/d/git/aula/src/Aula.Tests/bin/Debug/net9.0/Aula.Tests.dll" adapterTypeName="executor://xunit/VsTestRunner2/netcoreapp" className="Aula.Tests.Tools.ReminderCommandHandlerTests" name="TryHandleReminderCommand_ChildNameExtraction_WorksCorrectly" />
    </UnitTest>
    <UnitTest name="Aula.Tests.Utilities.FollowUpQuestionDetectorTests.IsFollowUpQuestion_WithChildNameAndShortMessage_ReturnsTrue(input: &quot;Liam&quot;)" storage="/mnt/d/git/aula/src/aula.tests/bin/debug/net9.0/aula.tests.dll" id="01fdf65f-cd83-63dd-690e-00884c9ba25d">
      <Execution id="b9966204-aac8-4812-9fb5-2f39b9c82e41" />
      <TestMethod codeBase="/mnt/d/git/aula/src/Aula.Tests/bin/Debug/net9.0/Aula.Tests.dll" adapterTypeName="executor://xunit/VsTestRunner2/netcoreapp" className="Aula.Tests.Utilities.FollowUpQuestionDetectorTests" name="IsFollowUpQuestion_WithChildNameAndShortMessage_ReturnsTrue" />
    </UnitTest>
    <UnitTest name="Aula.Tests.Bots.SlackMessageHandlerTests.HandleMessageAsync_WithEmptyText_ReturnsFalse" storage="/mnt/d/git/aula/src/aula.tests/bin/debug/net9.0/aula.tests.dll" id="65a382e3-c1e3-08ef-c35f-11020ff7747f">
      <Execution id="62f3d7ee-c4f5-433c-8827-aa74957465c1" />
      <TestMethod codeBase="/mnt/d/git/aula/src/Aula.Tests/bin/Debug/net9.0/Aula.Tests.dll" adapterTypeName="executor://xunit/VsTestRunner2/netcoreapp" className="Aula.Tests.Bots.SlackMessageHandlerTests" name="HandleMessageAsync_WithEmptyText_ReturnsFalse" />
    </UnitTest>
    <UnitTest name="Aula.Tests.Utilities.ReminderExtractionPromptsTests.GetExtractionPrompt_IncludesCurrentTime" storage="/mnt/d/git/aula/src/aula.tests/bin/debug/net9.0/aula.tests.dll" id="aef92e61-6107-1b9f-7603-daa021c2c030">
      <Execution id="fb14cce5-848c-42e0-9b4d-0593fc072819" />
      <TestMethod codeBase="/mnt/d/git/aula/src/Aula.Tests/bin/Debug/net9.0/Aula.Tests.dll" adapterTypeName="executor://xunit/VsTestRunner2/netcoreapp" className="Aula.Tests.Utilities.ReminderExtractionPromptsTests" name="GetExtractionPrompt_IncludesCurrentTime" />
    </UnitTest>
    <UnitTest name="Aula.Tests.Channels.TelegramClientTests.Constructor_WithVariousTokens_DoesNotThrow(token: &quot;&quot;)" storage="/mnt/d/git/aula/src/aula.tests/bin/debug/net9.0/aula.tests.dll" id="ed73f3dd-84f9-ccdb-8bc0-17130004fe1b">
      <Execution id="37bc245c-75bf-4e75-86b0-28334cf829b2" />
      <TestMethod codeBase="/mnt/d/git/aula/src/Aula.Tests/bin/Debug/net9.0/Aula.Tests.dll" adapterTypeName="executor://xunit/VsTestRunner2/netcoreapp" className="Aula.Tests.Channels.TelegramClientTests" name="Constructor_WithVariousTokens_DoesNotThrow" />
    </UnitTest>
    <UnitTest name="Aula.Tests.Services.OpenAiServiceIntegrationTests.ChatInterface_Slack_HasCorrectValue" storage="/mnt/d/git/aula/src/aula.tests/bin/debug/net9.0/aula.tests.dll" id="bb2b6e22-8876-e112-3e1e-ad1f0802bc47">
      <Execution id="14dd1a81-cc0c-4d69-bfac-58463a2cb321" />
      <TestMethod codeBase="/mnt/d/git/aula/src/Aula.Tests/bin/Debug/net9.0/Aula.Tests.dll" adapterTypeName="executor://xunit/VsTestRunner2/netcoreapp" className="Aula.Tests.Services.OpenAiServiceIntegrationTests" name="ChatInterface_Slack_HasCorrectValue" />
    </UnitTest>
    <UnitTest name="Aula.Tests.Utilities.DateTimeUtilitiesTests.GetDanishDayName_ValidDayOfWeek_ReturnsCorrectDanishName(dayOfWeek: Saturday, expectedDanishName: &quot;lørdag&quot;)" storage="/mnt/d/git/aula/src/aula.tests/bin/debug/net9.0/aula.tests.dll" id="bdc09174-9d70-e652-ba81-c9f592504617">
      <Execution id="7c6fd155-9b74-4ab3-a155-c92648d5f890" />
      <TestMethod codeBase="/mnt/d/git/aula/src/Aula.Tests/bin/Debug/net9.0/Aula.Tests.dll" adapterTypeName="executor://xunit/VsTestRunner2/netcoreapp" className="Aula.Tests.Utilities.DateTimeUtilitiesTests" name="GetDanishDayName_ValidDayOfWeek_ReturnsCorrectDanishName" />
    </UnitTest>
    <UnitTest name="Aula.Tests.Utilities.DateTimeUtilitiesTests.GetDanishDayName_AllValidDaysOfWeek_ReturnsNonEmptyString(dayOfWeek: Wednesday)" storage="/mnt/d/git/aula/src/aula.tests/bin/debug/net9.0/aula.tests.dll" id="5a2ccf07-adb3-2976-b4d9-5a45aeffd5a5">
      <Execution id="c549f491-93a2-410c-903f-eefe0cf42e85" />
      <TestMethod codeBase="/mnt/d/git/aula/src/Aula.Tests/bin/Debug/net9.0/Aula.Tests.dll" adapterTypeName="executor://xunit/VsTestRunner2/netcoreapp" className="Aula.Tests.Utilities.DateTimeUtilitiesTests" name="GetDanishDayName_AllValidDaysOfWeek_ReturnsNonEmptyString" />
    </UnitTest>
    <UnitTest name="Aula.Tests.Services.DataModelTests.Reminder_DateTimeHandling_WorksCorrectly" storage="/mnt/d/git/aula/src/aula.tests/bin/debug/net9.0/aula.tests.dll" id="ad0d39e5-00d7-6228-aeb3-c91c6b3da5f5">
      <Execution id="a93676f2-ec26-4041-b4c1-058eec2b4df7" />
      <TestMethod codeBase="/mnt/d/git/aula/src/Aula.Tests/bin/Debug/net9.0/Aula.Tests.dll" adapterTypeName="executor://xunit/VsTestRunner2/netcoreapp" className="Aula.Tests.Services.DataModelTests" name="Reminder_DateTimeHandling_WorksCorrectly" />
    </UnitTest>
    <UnitTest name="Aula.Tests.Channels.SlackBotTests.Constructor_WithWebhookUrl_CreatesInstance" storage="/mnt/d/git/aula/src/aula.tests/bin/debug/net9.0/aula.tests.dll" id="897f10c2-6c72-467e-5a23-7b3bebf70ffb">
      <Execution id="6882d0af-8cbc-4c11-aa75-d3510117e97e" />
      <TestMethod codeBase="/mnt/d/git/aula/src/Aula.Tests/bin/Debug/net9.0/Aula.Tests.dll" adapterTypeName="executor://xunit/VsTestRunner2/netcoreapp" className="Aula.Tests.Channels.SlackBotTests" name="Constructor_WithWebhookUrl_CreatesInstance" />
    </UnitTest>
    <UnitTest name="Aula.Tests.Services.OpenAiServiceIntegrationTests.ExtractKeyInformationAsync_WithValidWeekLetter_CallsApiWithCorrectParameters" storage="/mnt/d/git/aula/src/aula.tests/bin/debug/net9.0/aula.tests.dll" id="4f957322-220c-36b8-b6b3-657137ac0ed1">
      <Execution id="f1a37802-5f56-4ef3-a121-14ed95ac420d" />
      <TestMethod codeBase="/mnt/d/git/aula/src/Aula.Tests/bin/Debug/net9.0/Aula.Tests.dll" adapterTypeName="executor://xunit/VsTestRunner2/netcoreapp" className="Aula.Tests.Services.OpenAiServiceIntegrationTests" name="ExtractKeyInformationAsync_WithValidWeekLetter_CallsApiWithCorrectParameters" />
    </UnitTest>
    <UnitTest name="Aula.Tests.Utilities.JsonFormatterTests.Prettify_WithBooleanAndNull_PreservesTypes" storage="/mnt/d/git/aula/src/aula.tests/bin/debug/net9.0/aula.tests.dll" id="7461a5be-ee77-e379-ff74-051c3d53d9e0">
      <Execution id="963d7b64-343d-461e-a74b-c2da36d8a11a" />
      <TestMethod codeBase="/mnt/d/git/aula/src/Aula.Tests/bin/Debug/net9.0/Aula.Tests.dll" adapterTypeName="executor://xunit/VsTestRunner2/netcoreapp" className="Aula.Tests.Utilities.JsonFormatterTests" name="Prettify_WithBooleanAndNull_PreservesTypes" />
    </UnitTest>
    <UnitTest name="Aula.Tests.Configuration.ConfigurationTests.Timers_SchedulingInterval_ValidationTests(intervalSeconds: -1, isValid: False)" storage="/mnt/d/git/aula/src/aula.tests/bin/debug/net9.0/aula.tests.dll" id="5545fc75-ce9a-79d5-867a-5bec0a88ff66">
      <Execution id="6b2ff604-d3d6-4dfe-81a9-4c04e4c2942d" />
      <TestMethod codeBase="/mnt/d/git/aula/src/Aula.Tests/bin/Debug/net9.0/Aula.Tests.dll" adapterTypeName="executor://xunit/VsTestRunner2/netcoreapp" className="Aula.Tests.Configuration.ConfigurationTests" name="Timers_SchedulingInterval_ValidationTests" />
    </UnitTest>
    <UnitTest name="Aula.Tests.Utilities.IntentAnalysisPromptsTests.ToolExamples_ContainsRequiredKeys(key: &quot;GET_CURRENT_TIME&quot;)" storage="/mnt/d/git/aula/src/aula.tests/bin/debug/net9.0/aula.tests.dll" id="bf6936c5-c569-cff2-295a-80008bcc4af4">
      <Execution id="46855a97-813a-451e-9fd7-c33cbbdf7d3e" />
      <TestMethod codeBase="/mnt/d/git/aula/src/Aula.Tests/bin/Debug/net9.0/Aula.Tests.dll" adapterTypeName="executor://xunit/VsTestRunner2/netcoreapp" className="Aula.Tests.Utilities.IntentAnalysisPromptsTests" name="ToolExamples_ContainsRequiredKeys" />
    </UnitTest>
    <UnitTest name="Aula.Tests.Utilities.FollowUpQuestionDetectorTests.IsFollowUpQuestion_WithoutFollowUpPhrases_ReturnsFalse(input: &quot;random text&quot;)" storage="/mnt/d/git/aula/src/aula.tests/bin/debug/net9.0/aula.tests.dll" id="4efd7a5c-c0df-ae80-f7ee-8f404f14cec4">
      <Execution id="6bc263e2-244d-4a32-8cf7-605f9b4d6c38" />
      <TestMethod codeBase="/mnt/d/git/aula/src/Aula.Tests/bin/Debug/net9.0/Aula.Tests.dll" adapterTypeName="executor://xunit/VsTestRunner2/netcoreapp" className="Aula.Tests.Utilities.FollowUpQuestionDetectorTests" name="IsFollowUpQuestion_WithoutFollowUpPhrases_ReturnsFalse" />
    </UnitTest>
    <UnitTest name="Aula.Tests.Utilities.FollowUpQuestionDetectorTests.IsFollowUpQuestion_WithEnglishFollowUpPhrases_ReturnsTrue(input: &quot;how about Liam&quot;)" storage="/mnt/d/git/aula/src/aula.tests/bin/debug/net9.0/aula.tests.dll" id="3e382f98-ef8c-4926-27b6-c03a83290bad">
      <Execution id="8952ec52-43d9-48ed-98cc-e44cf6dab73c" />
      <TestMethod codeBase="/mnt/d/git/aula/src/Aula.Tests/bin/Debug/net9.0/Aula.Tests.dll" adapterTypeName="executor://xunit/VsTestRunner2/netcoreapp" className="Aula.Tests.Utilities.FollowUpQuestionDetectorTests" name="IsFollowUpQuestion_WithEnglishFollowUpPhrases_ReturnsTrue" />
    </UnitTest>
    <UnitTest name="Aula.Tests.Utilities.ConversationContextManagerTests.ClearContext_WithNonExistentKey_DoesNotLog" storage="/mnt/d/git/aula/src/aula.tests/bin/debug/net9.0/aula.tests.dll" id="ad8a2ff8-387f-a97d-ceb6-7fab64c9766a">
      <Execution id="6aabc11d-8d7b-4ebb-8187-42b8c4e3e675" />
      <TestMethod codeBase="/mnt/d/git/aula/src/Aula.Tests/bin/Debug/net9.0/Aula.Tests.dll" adapterTypeName="executor://xunit/VsTestRunner2/netcoreapp" className="Aula.Tests.Utilities.ConversationContextManagerTests" name="ClearContext_WithNonExistentKey_DoesNotLog" />
    </UnitTest>
    <UnitTest name="Aula.Tests.Utilities.FollowUpQuestionDetectorTests.IsFollowUpQuestion_WithFullChildNames_WorksCorrectly(input: &quot;what about Emma Rose&quot;)" storage="/mnt/d/git/aula/src/aula.tests/bin/debug/net9.0/aula.tests.dll" id="fa32a9bf-193e-172b-6d15-20cb227d126c">
      <Execution id="a0931841-6a82-444a-8f69-47f6ee90f6a3" />
      <TestMethod codeBase="/mnt/d/git/aula/src/Aula.Tests/bin/Debug/net9.0/Aula.Tests.dll" adapterTypeName="executor://xunit/VsTestRunner2/netcoreapp" className="Aula.Tests.Utilities.FollowUpQuestionDetectorTests" name="IsFollowUpQuestion_WithFullChildNames_WorksCorrectly" />
    </UnitTest>
    <UnitTest name="Aula.Tests.Services.OpenAiServiceIntegrationTests.ProcessQueryWithToolsAsync_WithInvalidContextKey_ThrowsArgumentException(contextKey: &quot;&quot;)" storage="/mnt/d/git/aula/src/aula.tests/bin/debug/net9.0/aula.tests.dll" id="2743fc93-743c-aff9-2200-095476b17025">
      <Execution id="816bf1d7-8571-4a5a-96e4-beae76396bbd" />
      <TestMethod codeBase="/mnt/d/git/aula/src/Aula.Tests/bin/Debug/net9.0/Aula.Tests.dll" adapterTypeName="executor://xunit/VsTestRunner2/netcoreapp" className="Aula.Tests.Services.OpenAiServiceIntegrationTests" name="ProcessQueryWithToolsAsync_WithInvalidContextKey_ThrowsArgumentException" />
    </UnitTest>
    <UnitTest name="Aula.Tests.Tools.ReminderCommandHandlerTests.Constructor_WithNullSupabaseService_ThrowsArgumentNullException" storage="/mnt/d/git/aula/src/aula.tests/bin/debug/net9.0/aula.tests.dll" id="484a9c28-0cc9-95a2-990b-b9c28e6033e5">
      <Execution id="f51d0a77-d341-47ba-9437-db957f9e6be8" />
      <TestMethod codeBase="/mnt/d/git/aula/src/Aula.Tests/bin/Debug/net9.0/Aula.Tests.dll" adapterTypeName="executor://xunit/VsTestRunner2/netcoreapp" className="Aula.Tests.Tools.ReminderCommandHandlerTests" name="Constructor_WithNullSupabaseService_ThrowsArgumentNullException" />
    </UnitTest>
    <UnitTest name="Aula.Tests.Bots.TelegramMessageHandlerTests.Constructor_WithNullConversationContextManager_ThrowsArgumentNullException" storage="/mnt/d/git/aula/src/aula.tests/bin/debug/net9.0/aula.tests.dll" id="5befb21e-f374-5353-37db-f8026e3c1253">
      <Execution id="7519f8b0-f6da-4c9d-a22c-b6b03256d2a9" />
      <TestMethod codeBase="/mnt/d/git/aula/src/Aula.Tests/bin/Debug/net9.0/Aula.Tests.dll" adapterTypeName="executor://xunit/VsTestRunner2/netcoreapp" className="Aula.Tests.Bots.TelegramMessageHandlerTests" name="Constructor_WithNullConversationContextManager_ThrowsArgumentNullException" />
    </UnitTest>
    <UnitTest name="Aula.Tests.Services.DataModelTests.PostedLetter_WeekNumberValidation_ReturnsExpectedResult(weekNumber: 53, year: 2023, isValid: True)" storage="/mnt/d/git/aula/src/aula.tests/bin/debug/net9.0/aula.tests.dll" id="55912caf-6fc4-918c-e4ec-07597adc6c56">
      <Execution id="9ccc38ab-99a6-431f-baff-43eae323fed4" />
      <TestMethod codeBase="/mnt/d/git/aula/src/Aula.Tests/bin/Debug/net9.0/Aula.Tests.dll" adapterTypeName="executor://xunit/VsTestRunner2/netcoreapp" className="Aula.Tests.Services.DataModelTests" name="PostedLetter_WeekNumberValidation_ReturnsExpectedResult" />
    </UnitTest>
    <UnitTest name="Aula.Tests.Scheduling.SchedulingServiceIntegrationTests.StartAsync_CanBeCalledMultipleTimes_DoesNotThrow" storage="/mnt/d/git/aula/src/aula.tests/bin/debug/net9.0/aula.tests.dll" id="c4b1de39-f215-c6c4-5b38-2f74d4b1f600">
      <Execution id="d9d91a2b-6c97-4591-8b56-b765549d6e42" />
      <TestMethod codeBase="/mnt/d/git/aula/src/Aula.Tests/bin/Debug/net9.0/Aula.Tests.dll" adapterTypeName="executor://xunit/VsTestRunner2/netcoreapp" className="Aula.Tests.Scheduling.SchedulingServiceIntegrationTests" name="StartAsync_CanBeCalledMultipleTimes_DoesNotThrow" />
    </UnitTest>
    <UnitTest name="Aula.Tests.Scheduling.SchedulingServiceTests.Constructor_WithValidParameters_InitializesCorrectly" storage="/mnt/d/git/aula/src/aula.tests/bin/debug/net9.0/aula.tests.dll" id="715923f7-f881-74c1-66a2-e6f91fe6f3c7">
      <Execution id="fbef0cd6-6ee8-419f-b34c-93328489cc4e" />
      <TestMethod codeBase="/mnt/d/git/aula/src/Aula.Tests/bin/Debug/net9.0/Aula.Tests.dll" adapterTypeName="executor://xunit/VsTestRunner2/netcoreapp" className="Aula.Tests.Scheduling.SchedulingServiceTests" name="Constructor_WithValidParameters_InitializesCorrectly" />
    </UnitTest>
    <UnitTest name="Aula.Tests.Utilities.FollowUpQuestionDetectorTests.IsFollowUpQuestion_WithDanishFollowUpPhrases_ReturnsTrue(input: &quot;hvad med Emma&quot;)" storage="/mnt/d/git/aula/src/aula.tests/bin/debug/net9.0/aula.tests.dll" id="8c3471e8-fc32-9e5a-4e09-9595c65b9cfb">
      <Execution id="42f1ac2e-61c2-4d57-aa53-cce4fec627c9" />
      <TestMethod codeBase="/mnt/d/git/aula/src/Aula.Tests/bin/Debug/net9.0/Aula.Tests.dll" adapterTypeName="executor://xunit/VsTestRunner2/netcoreapp" className="Aula.Tests.Utilities.FollowUpQuestionDetectorTests" name="IsFollowUpQuestion_WithDanishFollowUpPhrases_ReturnsTrue" />
    </UnitTest>
    <UnitTest name="Aula.Tests.Utilities.ConversationContextManagerTests.GetContext_WithValidKey_ReturnsContext" storage="/mnt/d/git/aula/src/aula.tests/bin/debug/net9.0/aula.tests.dll" id="ec69e657-5b70-1fb9-5485-83b465ae5c05">
      <Execution id="46fca3d7-16a3-4192-8f49-73f47f27383a" />
      <TestMethod codeBase="/mnt/d/git/aula/src/Aula.Tests/bin/Debug/net9.0/Aula.Tests.dll" adapterTypeName="executor://xunit/VsTestRunner2/netcoreapp" className="Aula.Tests.Utilities.ConversationContextManagerTests" name="GetContext_WithValidKey_ReturnsContext" />
    </UnitTest>
    <UnitTest name="Aula.Tests.Configuration.ConfigurationTests.Timers_AdaptivePollingLimits_ValidationTests(minSeconds: 5, maxSeconds: 30, isValid: True)" storage="/mnt/d/git/aula/src/aula.tests/bin/debug/net9.0/aula.tests.dll" id="0a8ad004-d01c-d1e0-58a0-181e5b1d213b">
      <Execution id="5134dc13-d3b3-4d40-aef0-b7e4031b6309" />
      <TestMethod codeBase="/mnt/d/git/aula/src/Aula.Tests/bin/Debug/net9.0/Aula.Tests.dll" adapterTypeName="executor://xunit/VsTestRunner2/netcoreapp" className="Aula.Tests.Configuration.ConfigurationTests" name="Timers_AdaptivePollingLimits_ValidationTests" />
    </UnitTest>
    <UnitTest name="Aula.Tests.Services.OpenAiServiceIntegrationTests.AskQuestionAboutWeekLetterAsync_WithContextKey_WithNullWeekLetter_ThrowsArgumentNullException(chatInterface: Slack)" storage="/mnt/d/git/aula/src/aula.tests/bin/debug/net9.0/aula.tests.dll" id="ebaf8397-8612-cd93-1911-25f8b63dd1af">
      <Execution id="778a5430-8708-4324-ad91-fe686ee62136" />
      <TestMethod codeBase="/mnt/d/git/aula/src/Aula.Tests/bin/Debug/net9.0/Aula.Tests.dll" adapterTypeName="executor://xunit/VsTestRunner2/netcoreapp" className="Aula.Tests.Services.OpenAiServiceIntegrationTests" name="AskQuestionAboutWeekLetterAsync_WithContextKey_WithNullWeekLetter_ThrowsArgumentNullException" />
    </UnitTest>
    <UnitTest name="Aula.Tests.Utilities.IntentAnalysisPromptsTests.ToolExamples_ContainsRequiredKeys(key: &quot;WEEK_LETTER_QUERY&quot;)" storage="/mnt/d/git/aula/src/aula.tests/bin/debug/net9.0/aula.tests.dll" id="4d1c39cc-af91-5c58-272b-da1e4b7a0924">
      <Execution id="ae469353-7582-48c5-9bf7-e0c9fd938855" />
      <TestMethod codeBase="/mnt/d/git/aula/src/Aula.Tests/bin/Debug/net9.0/Aula.Tests.dll" adapterTypeName="executor://xunit/VsTestRunner2/netcoreapp" className="Aula.Tests.Utilities.IntentAnalysisPromptsTests" name="ToolExamples_ContainsRequiredKeys" />
    </UnitTest>
    <UnitTest name="Aula.Tests.Services.DataModelTests.ScheduledTask_CronExpression_CanBeSet(cronExpression: &quot;0 9 * * 1-5&quot;, description: &quot;Daily at 9 AM on weekdays&quot;)" storage="/mnt/d/git/aula/src/aula.tests/bin/debug/net9.0/aula.tests.dll" id="d56dd742-e931-0f4c-26ba-408458db3851">
      <Execution id="51f34fa8-31e1-4389-823c-4d87f6c3a515" />
      <TestMethod codeBase="/mnt/d/git/aula/src/Aula.Tests/bin/Debug/net9.0/Aula.Tests.dll" adapterTypeName="executor://xunit/VsTestRunner2/netcoreapp" className="Aula.Tests.Services.DataModelTests" name="ScheduledTask_CronExpression_CanBeSet" />
    </UnitTest>
    <UnitTest name="Aula.Tests.Utilities.JsonFormatterTests.Prettify_WithStringValue_ReturnsFormattedString" storage="/mnt/d/git/aula/src/aula.tests/bin/debug/net9.0/aula.tests.dll" id="62b0fe72-30f1-2af2-c068-90091bfb1d44">
      <Execution id="bde1e381-d79c-493a-bef1-74f09cd22efa" />
      <TestMethod codeBase="/mnt/d/git/aula/src/Aula.Tests/bin/Debug/net9.0/Aula.Tests.dll" adapterTypeName="executor://xunit/VsTestRunner2/netcoreapp" className="Aula.Tests.Utilities.JsonFormatterTests" name="Prettify_WithStringValue_ReturnsFormattedString" />
    </UnitTest>
    <UnitTest name="Aula.Tests.Channels.TelegramClientTests.PostWeekLetter_WithVariousChildNames_HandlesCorrectly(firstName: &quot;TestChild2&quot;)" storage="/mnt/d/git/aula/src/aula.tests/bin/debug/net9.0/aula.tests.dll" id="28097eda-a5f4-e6e6-7060-12e7665f3075">
      <Execution id="57815ace-178c-45fd-ae62-0d46cb3d2832" />
      <TestMethod codeBase="/mnt/d/git/aula/src/Aula.Tests/bin/Debug/net9.0/Aula.Tests.dll" adapterTypeName="executor://xunit/VsTestRunner2/netcoreapp" className="Aula.Tests.Channels.TelegramClientTests" name="PostWeekLetter_WithVariousChildNames_HandlesCorrectly" />
    </UnitTest>
    <UnitTest name="Aula.Tests.Services.DataServiceTests.CacheWeekSchedule_StoresDataInCache" storage="/mnt/d/git/aula/src/aula.tests/bin/debug/net9.0/aula.tests.dll" id="ca4a7c7d-ea0c-9793-dbdd-ecdb86ee62d2">
      <Execution id="fd3cbdf2-4502-49eb-a8dd-d664e21762e9" />
      <TestMethod codeBase="/mnt/d/git/aula/src/Aula.Tests/bin/Debug/net9.0/Aula.Tests.dll" adapterTypeName="executor://xunit/VsTestRunner2/netcoreapp" className="Aula.Tests.Services.DataServiceTests" name="CacheWeekSchedule_StoresDataInCache" />
    </UnitTest>
    <UnitTest name="Aula.Tests.Tools.ReminderCommandHandlerTests.TryHandleReminderCommand_DeleteReminder_ValidCommands_ReturnsSuccess(command: &quot;delete reminder 1&quot;, isEnglish: True, expectedId: 1)" storage="/mnt/d/git/aula/src/aula.tests/bin/debug/net9.0/aula.tests.dll" id="47018a2b-c5b5-f700-6399-75af9808bb33">
      <Execution id="00bfc9db-9a2f-4fcf-9e9d-2cc70c08c689" />
      <TestMethod codeBase="/mnt/d/git/aula/src/Aula.Tests/bin/Debug/net9.0/Aula.Tests.dll" adapterTypeName="executor://xunit/VsTestRunner2/netcoreapp" className="Aula.Tests.Tools.ReminderCommandHandlerTests" name="TryHandleReminderCommand_DeleteReminder_ValidCommands_ReturnsSuccess" />
    </UnitTest>
    <UnitTest name="Aula.Tests.Channels.TelegramClientTests.SendMessageToChannel_WithVariousChannelIds_DoesNotThrow(channelId: &quot;-1001234567890&quot;)" storage="/mnt/d/git/aula/src/aula.tests/bin/debug/net9.0/aula.tests.dll" id="b7bbbe98-91af-7dec-8966-b09bed25d558">
      <Execution id="50c9bf34-c893-4a23-8af0-311734489cba" />
      <TestMethod codeBase="/mnt/d/git/aula/src/Aula.Tests/bin/Debug/net9.0/Aula.Tests.dll" adapterTypeName="executor://xunit/VsTestRunner2/netcoreapp" className="Aula.Tests.Channels.TelegramClientTests" name="SendMessageToChannel_WithVariousChannelIds_DoesNotThrow" />
    </UnitTest>
    <UnitTest name="Aula.Tests.Integration.AgentServiceTests.AskQuestionAboutWeekLetterAsync_WithContextKey_CallsOpenAiService" storage="/mnt/d/git/aula/src/aula.tests/bin/debug/net9.0/aula.tests.dll" id="7415a632-957d-b568-8d89-35975dec612b">
      <Execution id="ca2a7957-ce36-473a-8fcf-026a4cb541d9" />
      <TestMethod codeBase="/mnt/d/git/aula/src/Aula.Tests/bin/Debug/net9.0/Aula.Tests.dll" adapterTypeName="executor://xunit/VsTestRunner2/netcoreapp" className="Aula.Tests.Integration.AgentServiceTests" name="AskQuestionAboutWeekLetterAsync_WithContextKey_CallsOpenAiService" />
    </UnitTest>
    <UnitTest name="Aula.Tests.Tools.ReminderCommandHandlerTests.TryHandleReminderCommand_ListReminders_ValidCommands_ReturnsRemindersList(command: &quot;vis påmindelser&quot;, isEnglish: False)" storage="/mnt/d/git/aula/src/aula.tests/bin/debug/net9.0/aula.tests.dll" id="e91a7b75-ac3d-2bd0-17fa-3f23acb86759">
      <Execution id="93ef3eb6-34b2-41ff-a261-fc4e9ee39eae" />
      <TestMethod codeBase="/mnt/d/git/aula/src/Aula.Tests/bin/Debug/net9.0/Aula.Tests.dll" adapterTypeName="executor://xunit/VsTestRunner2/netcoreapp" className="Aula.Tests.Tools.ReminderCommandHandlerTests" name="TryHandleReminderCommand_ListReminders_ValidCommands_ReturnsRemindersList" />
    </UnitTest>
    <UnitTest name="Aula.Tests.Utilities.DateTimeUtilitiesTests.GetDanishDayName_ValidDayOfWeek_ReturnsLowercaseName(dayOfWeek: Wednesday, expectedName: &quot;onsdag&quot;)" storage="/mnt/d/git/aula/src/aula.tests/bin/debug/net9.0/aula.tests.dll" id="3c407d09-bd83-3cf2-cf6c-c0dc480601dc">
      <Execution id="33d0a100-c3e6-4b76-a566-1a967dc6302e" />
      <TestMethod codeBase="/mnt/d/git/aula/src/Aula.Tests/bin/Debug/net9.0/Aula.Tests.dll" adapterTypeName="executor://xunit/VsTestRunner2/netcoreapp" className="Aula.Tests.Utilities.DateTimeUtilitiesTests" name="GetDanishDayName_ValidDayOfWeek_ReturnsLowercaseName" />
    </UnitTest>
    <UnitTest name="Aula.Tests.Utilities.ReminderExtractionPromptsTests.GetExtractionPrompt_ResponseFormat_IsConsistent" storage="/mnt/d/git/aula/src/aula.tests/bin/debug/net9.0/aula.tests.dll" id="d2358b75-2179-dc76-97f4-8e1dfce3fe98">
      <Execution id="2f76f2a5-d93f-4cb9-b2c5-346293cb4434" />
      <TestMethod codeBase="/mnt/d/git/aula/src/Aula.Tests/bin/Debug/net9.0/Aula.Tests.dll" adapterTypeName="executor://xunit/VsTestRunner2/netcoreapp" className="Aula.Tests.Utilities.ReminderExtractionPromptsTests" name="GetExtractionPrompt_ResponseFormat_IsConsistent" />
    </UnitTest>
    <UnitTest name="Aula.Tests.Configuration.ConfigurationTests.Features_ConversationCacheExpiration_ValidationTests(minutes: 30, isValid: True)" storage="/mnt/d/git/aula/src/aula.tests/bin/debug/net9.0/aula.tests.dll" id="20824924-0d17-ff1e-4d7b-1e65a0dd7f7d">
      <Execution id="4aeec2da-c793-486b-b8cb-60ab6cd9bc7d" />
      <TestMethod codeBase="/mnt/d/git/aula/src/Aula.Tests/bin/Debug/net9.0/Aula.Tests.dll" adapterTypeName="executor://xunit/VsTestRunner2/netcoreapp" className="Aula.Tests.Configuration.ConfigurationTests" name="Features_ConversationCacheExpiration_ValidationTests" />
    </UnitTest>
    <UnitTest name="Aula.Tests.Bots.TelegramMessageHandlerTests.Constructor_WithNullConfig_ThrowsArgumentNullException" storage="/mnt/d/git/aula/src/aula.tests/bin/debug/net9.0/aula.tests.dll" id="a4d29aee-2a2f-7b9e-08b4-102ef4fe6813">
      <Execution id="ee65997d-fddf-4e2a-86ed-5541a473f3aa" />
      <TestMethod codeBase="/mnt/d/git/aula/src/Aula.Tests/bin/Debug/net9.0/Aula.Tests.dll" adapterTypeName="executor://xunit/VsTestRunner2/netcoreapp" className="Aula.Tests.Bots.TelegramMessageHandlerTests" name="Constructor_WithNullConfig_ThrowsArgumentNullException" />
    </UnitTest>
    <UnitTest name="Aula.Tests.Bots.TelegramInteractiveBotTests.ComputeHash_WithDifferentInputs_ReturnsConsistentHashes(input: &quot;&quot;)" storage="/mnt/d/git/aula/src/aula.tests/bin/debug/net9.0/aula.tests.dll" id="fe1a2924-96f3-7e80-1a74-9f9fd249b93e">
      <Execution id="18e34051-0a53-4614-9174-b45fbf5d047d" />
      <TestMethod codeBase="/mnt/d/git/aula/src/Aula.Tests/bin/Debug/net9.0/Aula.Tests.dll" adapterTypeName="executor://xunit/VsTestRunner2/netcoreapp" className="Aula.Tests.Bots.TelegramInteractiveBotTests" name="ComputeHash_WithDifferentInputs_ReturnsConsistentHashes" />
    </UnitTest>
    <UnitTest name="Aula.Tests.Utilities.DateTimeUtilitiesTests.GetDanishDayName_ValidDayOfWeek_ReturnsLowercaseName(dayOfWeek: Sunday, expectedName: &quot;søndag&quot;)" storage="/mnt/d/git/aula/src/aula.tests/bin/debug/net9.0/aula.tests.dll" id="adb49f16-3736-24f6-5b1f-837b780eb877">
      <Execution id="4fe8576a-0848-4e7d-8a80-28ebffbb0c90" />
      <TestMethod codeBase="/mnt/d/git/aula/src/Aula.Tests/bin/Debug/net9.0/Aula.Tests.dll" adapterTypeName="executor://xunit/VsTestRunner2/netcoreapp" className="Aula.Tests.Utilities.DateTimeUtilitiesTests" name="GetDanishDayName_ValidDayOfWeek_ReturnsLowercaseName" />
    </UnitTest>
    <UnitTest name="Aula.Tests.Channels.SlackBotTests.PostWeekLetter_WithVariousChildColors_HandlesCorrectly(color: &quot;#0000FF&quot;)" storage="/mnt/d/git/aula/src/aula.tests/bin/debug/net9.0/aula.tests.dll" id="0f731173-747f-4b49-2f2d-d518fc733b7a">
      <Execution id="f8a98e11-24d8-4802-8c65-e96e859900f8" />
      <TestMethod codeBase="/mnt/d/git/aula/src/Aula.Tests/bin/Debug/net9.0/Aula.Tests.dll" adapterTypeName="executor://xunit/VsTestRunner2/netcoreapp" className="Aula.Tests.Channels.SlackBotTests" name="PostWeekLetter_WithVariousChildColors_HandlesCorrectly" />
    </UnitTest>
    <UnitTest name="Aula.Tests.Integration.AgentServiceTests.ExtractKeyInformationFromWeekLetterAsync_CallsOpenAiService" storage="/mnt/d/git/aula/src/aula.tests/bin/debug/net9.0/aula.tests.dll" id="a81f27b4-0dc1-da96-d279-fb940b021717">
      <Execution id="7877c749-786e-4cd6-8ff7-5089654ca111" />
      <TestMethod codeBase="/mnt/d/git/aula/src/Aula.Tests/bin/Debug/net9.0/Aula.Tests.dll" adapterTypeName="executor://xunit/VsTestRunner2/netcoreapp" className="Aula.Tests.Integration.AgentServiceTests" name="ExtractKeyInformationFromWeekLetterAsync_CallsOpenAiService" />
    </UnitTest>
    <UnitTest name="Aula.Tests.Utilities.FollowUpQuestionDetectorTests.IsFollowUpQuestion_WithChildNameAndShortMessage_ReturnsTrue(input: &quot;emma&quot;)" storage="/mnt/d/git/aula/src/aula.tests/bin/debug/net9.0/aula.tests.dll" id="5978b633-9011-54a2-21cc-a2b29dbbebca">
      <Execution id="8bc31054-be15-4c95-97c9-e1c5e6b90bf7" />
      <TestMethod codeBase="/mnt/d/git/aula/src/Aula.Tests/bin/Debug/net9.0/Aula.Tests.dll" adapterTypeName="executor://xunit/VsTestRunner2/netcoreapp" className="Aula.Tests.Utilities.FollowUpQuestionDetectorTests" name="IsFollowUpQuestion_WithChildNameAndShortMessage_ReturnsTrue" />
    </UnitTest>
    <UnitTest name="Aula.Tests.Tools.AiToolsManagerTests.ListRemindersAsync_WithReminders_ReturnsFormattedList" storage="/mnt/d/git/aula/src/aula.tests/bin/debug/net9.0/aula.tests.dll" id="d40cf226-bdf8-6b6d-78c9-8bc50af04b77">
      <Execution id="be7489ca-9e18-46fb-b8bb-7b87e1704ab2" />
      <TestMethod codeBase="/mnt/d/git/aula/src/Aula.Tests/bin/Debug/net9.0/Aula.Tests.dll" adapterTypeName="executor://xunit/VsTestRunner2/netcoreapp" className="Aula.Tests.Tools.AiToolsManagerTests" name="ListRemindersAsync_WithReminders_ReturnsFormattedList" />
    </UnitTest>
    <UnitTest name="Aula.Tests.Utilities.WeekLetterContentExtractorTests.ExtractContent_WithValidJObject_ReturnsContent" storage="/mnt/d/git/aula/src/aula.tests/bin/debug/net9.0/aula.tests.dll" id="2a1dcdd7-96d2-dad7-f34d-9619dff356c8">
      <Execution id="bd6bb121-9645-4dd4-b4ca-fcedecd13e9c" />
      <TestMethod codeBase="/mnt/d/git/aula/src/Aula.Tests/bin/Debug/net9.0/Aula.Tests.dll" adapterTypeName="executor://xunit/VsTestRunner2/netcoreapp" className="Aula.Tests.Utilities.WeekLetterContentExtractorTests" name="ExtractContent_WithValidJObject_ReturnsContent" />
    </UnitTest>
    <UnitTest name="Aula.Tests.Bots.TelegramInteractiveBotTests.Stop_WhenCalled_LogsInformation" storage="/mnt/d/git/aula/src/aula.tests/bin/debug/net9.0/aula.tests.dll" id="ab49834c-8dcd-dead-a042-efc0f8ab3657">
      <Execution id="21d3b046-ac8f-4cd2-b4fa-306e612214ee" />
      <TestMethod codeBase="/mnt/d/git/aula/src/Aula.Tests/bin/Debug/net9.0/Aula.Tests.dll" adapterTypeName="executor://xunit/VsTestRunner2/netcoreapp" className="Aula.Tests.Bots.TelegramInteractiveBotTests" name="Stop_WhenCalled_LogsInformation" />
    </UnitTest>
    <UnitTest name="Aula.Tests.Bots.SlackMessageHandlerTests.HandleMessageAsync_WithValidQuery_ProcessesSuccessfully(queryText: &quot;Hvad skal Emma i dag?&quot;)" storage="/mnt/d/git/aula/src/aula.tests/bin/debug/net9.0/aula.tests.dll" id="5ad91b1e-e6bf-9b68-b95f-00f8f29f8b7a">
      <Execution id="f837d2bb-18ea-4d43-9ba7-a1fd3bad43a0" />
      <TestMethod codeBase="/mnt/d/git/aula/src/Aula.Tests/bin/Debug/net9.0/Aula.Tests.dll" adapterTypeName="executor://xunit/VsTestRunner2/netcoreapp" className="Aula.Tests.Bots.SlackMessageHandlerTests" name="HandleMessageAsync_WithValidQuery_ProcessesSuccessfully" />
    </UnitTest>
    <UnitTest name="Aula.Tests.Utilities.FollowUpQuestionDetectorTests.IsFollowUpQuestion_WithChildNameAndTimeReference_ReturnsFalse(input: &quot;Emma i dag&quot;)" storage="/mnt/d/git/aula/src/aula.tests/bin/debug/net9.0/aula.tests.dll" id="9c66a10c-5031-a4c7-4640-d32dfe0d1dde">
      <Execution id="a8a08ff8-25c9-4c74-97bf-81efc1ce4b92" />
      <TestMethod codeBase="/mnt/d/git/aula/src/Aula.Tests/bin/Debug/net9.0/Aula.Tests.dll" adapterTypeName="executor://xunit/VsTestRunner2/netcoreapp" className="Aula.Tests.Utilities.FollowUpQuestionDetectorTests" name="IsFollowUpQuestion_WithChildNameAndTimeReference_ReturnsFalse" />
    </UnitTest>
    <UnitTest name="Aula.Tests.Utilities.FollowUpQuestionDetectorTests.IsFollowUpQuestion_WithoutFollowUpPhrases_ReturnsFalse(input: &quot;hello&quot;)" storage="/mnt/d/git/aula/src/aula.tests/bin/debug/net9.0/aula.tests.dll" id="c6b19e93-2b61-da47-f9a3-89a03fe395c8">
      <Execution id="7aa83471-968c-4ad8-a2f0-ba7f0578d7b2" />
      <TestMethod codeBase="/mnt/d/git/aula/src/Aula.Tests/bin/Debug/net9.0/Aula.Tests.dll" adapterTypeName="executor://xunit/VsTestRunner2/netcoreapp" className="Aula.Tests.Utilities.FollowUpQuestionDetectorTests" name="IsFollowUpQuestion_WithoutFollowUpPhrases_ReturnsFalse" />
    </UnitTest>
    <UnitTest name="Aula.Tests.Configuration.ConfigurationTests.GoogleServiceAccount_ConfigurationIsCorrect" storage="/mnt/d/git/aula/src/aula.tests/bin/debug/net9.0/aula.tests.dll" id="07e0302f-2dc8-4d9e-5870-92f7c56a6ee3">
      <Execution id="35ec79b9-4649-4234-ad36-bf66afbe0a0a" />
      <TestMethod codeBase="/mnt/d/git/aula/src/Aula.Tests/bin/Debug/net9.0/Aula.Tests.dll" adapterTypeName="executor://xunit/VsTestRunner2/netcoreapp" className="Aula.Tests.Configuration.ConfigurationTests" name="GoogleServiceAccount_ConfigurationIsCorrect" />
    </UnitTest>
    <UnitTest name="Aula.Tests.Bots.TelegramMessageHandlerTests.Constructor_WithNullAgentService_ThrowsArgumentNullException" storage="/mnt/d/git/aula/src/aula.tests/bin/debug/net9.0/aula.tests.dll" id="a35c1648-d310-4839-ee57-c271d40d7d0e">
      <Execution id="8d6bb819-68ae-4260-a7ef-f436bd456c06" />
      <TestMethod codeBase="/mnt/d/git/aula/src/Aula.Tests/bin/Debug/net9.0/Aula.Tests.dll" adapterTypeName="executor://xunit/VsTestRunner2/netcoreapp" className="Aula.Tests.Bots.TelegramMessageHandlerTests" name="Constructor_WithNullAgentService_ThrowsArgumentNullException" />
    </UnitTest>
    <UnitTest name="Aula.Tests.Scheduling.SchedulingServiceIntegrationTests.Constructor_WithNullSlackBot_ThrowsArgumentNullException" storage="/mnt/d/git/aula/src/aula.tests/bin/debug/net9.0/aula.tests.dll" id="690eef1c-e4e3-0c63-48ad-a783777fa685">
      <Execution id="1f260f0a-ea78-4282-88c6-782344845b78" />
      <TestMethod codeBase="/mnt/d/git/aula/src/Aula.Tests/bin/Debug/net9.0/Aula.Tests.dll" adapterTypeName="executor://xunit/VsTestRunner2/netcoreapp" className="Aula.Tests.Scheduling.SchedulingServiceIntegrationTests" name="Constructor_WithNullSlackBot_ThrowsArgumentNullException" />
    </UnitTest>
    <UnitTest name="Aula.Tests.Utilities.IntentAnalysisPromptsTests.ToolExamples_ContainsExpectedEntries" storage="/mnt/d/git/aula/src/aula.tests/bin/debug/net9.0/aula.tests.dll" id="a779e8fb-6c0d-9d3b-3942-4cfee84facb5">
      <Execution id="18f31027-cbc9-411d-89a7-55ebdd73e033" />
      <TestMethod codeBase="/mnt/d/git/aula/src/Aula.Tests/bin/Debug/net9.0/Aula.Tests.dll" adapterTypeName="executor://xunit/VsTestRunner2/netcoreapp" className="Aula.Tests.Utilities.IntentAnalysisPromptsTests" name="ToolExamples_ContainsExpectedEntries" />
    </UnitTest>
    <UnitTest name="Aula.Tests.Utilities.ConversationContextManagerTests.UpdateContext_WithValidInput_CreatesNewContext" storage="/mnt/d/git/aula/src/aula.tests/bin/debug/net9.0/aula.tests.dll" id="ac6ebb8c-c327-57cd-3af5-aa07fb4edc14">
      <Execution id="6874b7fa-9019-4ea0-99f4-790db2f7dbb1" />
      <TestMethod codeBase="/mnt/d/git/aula/src/Aula.Tests/bin/Debug/net9.0/Aula.Tests.dll" adapterTypeName="executor://xunit/VsTestRunner2/netcoreapp" className="Aula.Tests.Utilities.ConversationContextManagerTests" name="UpdateContext_WithValidInput_CreatesNewContext" />
    </UnitTest>
    <UnitTest name="Aula.Tests.Tools.ReminderCommandHandlerTests.TryHandleReminderCommand_ListReminders_ValidCommands_ReturnsRemindersList(command: &quot;show reminders&quot;, isEnglish: True)" storage="/mnt/d/git/aula/src/aula.tests/bin/debug/net9.0/aula.tests.dll" id="5e8b18ba-6a80-fd43-4cb0-8c6bdf8765d5">
      <Execution id="c8438ef7-535f-4029-addf-cadc04849e04" />
      <TestMethod codeBase="/mnt/d/git/aula/src/Aula.Tests/bin/Debug/net9.0/Aula.Tests.dll" adapterTypeName="executor://xunit/VsTestRunner2/netcoreapp" className="Aula.Tests.Tools.ReminderCommandHandlerTests" name="TryHandleReminderCommand_ListReminders_ValidCommands_ReturnsRemindersList" />
    </UnitTest>
    <UnitTest name="Aula.Tests.Bots.SlackMessageHandlerTests.HandleMessageAsync_WithReminderCommand_ProcessesMessage(reminderCommand: &quot;mind mig om noget&quot;)" storage="/mnt/d/git/aula/src/aula.tests/bin/debug/net9.0/aula.tests.dll" id="79979fc0-e5af-470a-b4aa-2d3b2b88ed93">
      <Execution id="ffb212ea-acb4-4546-aecd-3decdee14afc" />
      <TestMethod codeBase="/mnt/d/git/aula/src/Aula.Tests/bin/Debug/net9.0/Aula.Tests.dll" adapterTypeName="executor://xunit/VsTestRunner2/netcoreapp" className="Aula.Tests.Bots.SlackMessageHandlerTests" name="HandleMessageAsync_WithReminderCommand_ProcessesMessage" />
    </UnitTest>
    <UnitTest name="Aula.Tests.Bots.TelegramInteractiveBotTests.SendMessage_WithLongChatIdAsLong_SendsSuccessfully(chatId: 987654321)" storage="/mnt/d/git/aula/src/aula.tests/bin/debug/net9.0/aula.tests.dll" id="9191e86e-6282-7313-7613-da1e1fef327e">
      <Execution id="a1554ef0-5e8f-4088-89b7-d57b62da670e" />
      <TestMethod codeBase="/mnt/d/git/aula/src/Aula.Tests/bin/Debug/net9.0/Aula.Tests.dll" adapterTypeName="executor://xunit/VsTestRunner2/netcoreapp" className="Aula.Tests.Bots.TelegramInteractiveBotTests" name="SendMessage_WithLongChatIdAsLong_SendsSuccessfully" />
    </UnitTest>
    <UnitTest name="Aula.Tests.Utilities.Html2SlackMarkdownConverterTests.Convert_WithScriptAndStyleTags_RemovesTagsButNotContent(html: &quot;&lt;style&gt;body { color: red; }&lt;/style&gt;&lt;p&gt;Content&lt;/p&gt;&quot;)" storage="/mnt/d/git/aula/src/aula.tests/bin/debug/net9.0/aula.tests.dll" id="e57b5d64-f9f1-68ef-e175-4a5caa032c54">
      <Execution id="41047c5a-9230-4b6c-b8b2-10a83527d6c2" />
      <TestMethod codeBase="/mnt/d/git/aula/src/Aula.Tests/bin/Debug/net9.0/Aula.Tests.dll" adapterTypeName="executor://xunit/VsTestRunner2/netcoreapp" className="Aula.Tests.Utilities.Html2SlackMarkdownConverterTests" name="Convert_WithScriptAndStyleTags_RemovesTagsButNotContent" />
    </UnitTest>
    <UnitTest name="Aula.Tests.Utilities.Html2SlackMarkdownConverterTests.Convert_WithSpecialCharacters_HandlesCorrectly" storage="/mnt/d/git/aula/src/aula.tests/bin/debug/net9.0/aula.tests.dll" id="c4c73275-60fb-43b0-eee6-93a19927e8fc">
      <Execution id="884f9b49-59aa-433d-8203-53c84e1094f1" />
      <TestMethod codeBase="/mnt/d/git/aula/src/Aula.Tests/bin/Debug/net9.0/Aula.Tests.dll" adapterTypeName="executor://xunit/VsTestRunner2/netcoreapp" className="Aula.Tests.Utilities.Html2SlackMarkdownConverterTests" name="Convert_WithSpecialCharacters_HandlesCorrectly" />
    </UnitTest>
    <UnitTest name="Aula.Tests.Utilities.WeekLetterContentExtractorTests.ExtractContent_WithNullLogger_DoesNotThrow" storage="/mnt/d/git/aula/src/aula.tests/bin/debug/net9.0/aula.tests.dll" id="3e10b303-d441-b310-0523-4f1f964c7566">
      <Execution id="380f8f43-2e28-40f7-bbf4-a46bdf2f2fa9" />
      <TestMethod codeBase="/mnt/d/git/aula/src/Aula.Tests/bin/Debug/net9.0/Aula.Tests.dll" adapterTypeName="executor://xunit/VsTestRunner2/netcoreapp" className="Aula.Tests.Utilities.WeekLetterContentExtractorTests" name="ExtractContent_WithNullLogger_DoesNotThrow" />
    </UnitTest>
    <UnitTest name="Aula.Tests.Tools.ReminderCommandHandlerTests.TryHandleReminderCommand_DeleteReminder_ValidCommands_ReturnsSuccess(command: &quot;slet påmindelse 456&quot;, isEnglish: False, expectedId: 456)" storage="/mnt/d/git/aula/src/aula.tests/bin/debug/net9.0/aula.tests.dll" id="c1d38bdc-38f6-c12c-a7df-652ec55b291d">
      <Execution id="b33c8ab7-0fa0-4388-abb2-adff5bc6d81b" />
      <TestMethod codeBase="/mnt/d/git/aula/src/Aula.Tests/bin/Debug/net9.0/Aula.Tests.dll" adapterTypeName="executor://xunit/VsTestRunner2/netcoreapp" className="Aula.Tests.Tools.ReminderCommandHandlerTests" name="TryHandleReminderCommand_DeleteReminder_ValidCommands_ReturnsSuccess" />
    </UnitTest>
    <UnitTest name="Aula.Tests.Bots.SlackInteractiveBotTests.PostWeekLetter_WithValidData_PostsSuccessfully" storage="/mnt/d/git/aula/src/aula.tests/bin/debug/net9.0/aula.tests.dll" id="1ce865d9-57c4-31f9-0333-820160e71698">
      <Execution id="9d0312ff-fcd6-4934-ae3d-13b61987b16d" />
      <TestMethod codeBase="/mnt/d/git/aula/src/Aula.Tests/bin/Debug/net9.0/Aula.Tests.dll" adapterTypeName="executor://xunit/VsTestRunner2/netcoreapp" className="Aula.Tests.Bots.SlackInteractiveBotTests" name="PostWeekLetter_WithValidData_PostsSuccessfully" />
    </UnitTest>
    <UnitTest name="Aula.Tests.Configuration.ConfigurationTests.Slack_ChannelId_ValidationTests(channelId: &quot;   &quot;, isValid: False)" storage="/mnt/d/git/aula/src/aula.tests/bin/debug/net9.0/aula.tests.dll" id="f5c58e94-9cf1-991c-aa85-75e7d2a200a6">
      <Execution id="c65f6972-1408-4179-b757-32a7508ef018" />
      <TestMethod codeBase="/mnt/d/git/aula/src/Aula.Tests/bin/Debug/net9.0/Aula.Tests.dll" adapterTypeName="executor://xunit/VsTestRunner2/netcoreapp" className="Aula.Tests.Configuration.ConfigurationTests" name="Slack_ChannelId_ValidationTests" />
    </UnitTest>
    <UnitTest name="Aula.Tests.Bots.TelegramMessageHandlerTests.HandleMessageAsync_WithEmptyText_ReturnsEarly" storage="/mnt/d/git/aula/src/aula.tests/bin/debug/net9.0/aula.tests.dll" id="e64ab231-01c1-e586-c097-a5bc789dc9e3">
      <Execution id="662b0fc3-01c2-44e9-8b8b-0ddc14c4c7af" />
      <TestMethod codeBase="/mnt/d/git/aula/src/Aula.Tests/bin/Debug/net9.0/Aula.Tests.dll" adapterTypeName="executor://xunit/VsTestRunner2/netcoreapp" className="Aula.Tests.Bots.TelegramMessageHandlerTests" name="HandleMessageAsync_WithEmptyText_ReturnsEarly" />
    </UnitTest>
    <UnitTest name="Aula.Tests.Bots.TelegramInteractiveBotTests.Constructor_WithValidParameters_InitializesCorrectly" storage="/mnt/d/git/aula/src/aula.tests/bin/debug/net9.0/aula.tests.dll" id="586d74ce-5942-0e84-021d-61533272d525">
      <Execution id="5ecc72b9-b5de-4e08-97a1-f2ccd1de2537" />
      <TestMethod codeBase="/mnt/d/git/aula/src/Aula.Tests/bin/Debug/net9.0/Aula.Tests.dll" adapterTypeName="executor://xunit/VsTestRunner2/netcoreapp" className="Aula.Tests.Bots.TelegramInteractiveBotTests" name="Constructor_WithValidParameters_InitializesCorrectly" />
    </UnitTest>
    <UnitTest name="Aula.Tests.Utilities.FollowUpQuestionDetectorTests.IsFollowUpQuestion_WithLongMessageContainingChildName_ReturnsFalse(input: &quot;This is a very long message that contains Emma but&quot;···)" storage="/mnt/d/git/aula/src/aula.tests/bin/debug/net9.0/aula.tests.dll" id="cea2ec8e-0a0c-aae3-594d-8b1cbbb55ac5">
      <Execution id="c3fdb65c-b9bf-4239-b9c6-4cc82e84b186" />
      <TestMethod codeBase="/mnt/d/git/aula/src/Aula.Tests/bin/Debug/net9.0/Aula.Tests.dll" adapterTypeName="executor://xunit/VsTestRunner2/netcoreapp" className="Aula.Tests.Utilities.FollowUpQuestionDetectorTests" name="IsFollowUpQuestion_WithLongMessageContainingChildName_ReturnsFalse" />
    </UnitTest>
    <UnitTest name="Aula.Tests.Channels.SlackBotTests.PostMessage_WithVariousMessages_DoesNotThrow(message: &quot;Message with special chars: @#$%&quot;)" storage="/mnt/d/git/aula/src/aula.tests/bin/debug/net9.0/aula.tests.dll" id="f3b6f74b-87b3-fd71-9913-805f7e4c5e0e">
      <Execution id="68f0505b-8542-43df-9585-338f3eae4d70" />
      <TestMethod codeBase="/mnt/d/git/aula/src/Aula.Tests/bin/Debug/net9.0/Aula.Tests.dll" adapterTypeName="executor://xunit/VsTestRunner2/netcoreapp" className="Aula.Tests.Channels.SlackBotTests" name="PostMessage_WithVariousMessages_DoesNotThrow" />
    </UnitTest>
    <UnitTest name="Aula.Tests.Utilities.DateTimeUtilitiesTests.GetDanishDayName_AllValidDaysOfWeek_ReturnsUniqueNames" storage="/mnt/d/git/aula/src/aula.tests/bin/debug/net9.0/aula.tests.dll" id="ee53ce2c-fb8e-2870-2bec-d824ac6cea07">
      <Execution id="6a9d3cfc-ff03-4869-8669-0e7fbcfebc2b" />
      <TestMethod codeBase="/mnt/d/git/aula/src/Aula.Tests/bin/Debug/net9.0/Aula.Tests.dll" adapterTypeName="executor://xunit/VsTestRunner2/netcoreapp" className="Aula.Tests.Utilities.DateTimeUtilitiesTests" name="GetDanishDayName_AllValidDaysOfWeek_ReturnsUniqueNames" />
    </UnitTest>
    <UnitTest name="Aula.Tests.Utilities.WeekLetterContentExtractorTests.ExtractContent_WithException_ReturnsEmptyStringAndLogsError" storage="/mnt/d/git/aula/src/aula.tests/bin/debug/net9.0/aula.tests.dll" id="dd048ce7-9ba0-43b9-a761-2b11b4d7a6ad">
      <Execution id="2fdc230c-b9e9-463a-b043-9fbe13ee874b" />
      <TestMethod codeBase="/mnt/d/git/aula/src/Aula.Tests/bin/Debug/net9.0/Aula.Tests.dll" adapterTypeName="executor://xunit/VsTestRunner2/netcoreapp" className="Aula.Tests.Utilities.WeekLetterContentExtractorTests" name="ExtractContent_WithException_ReturnsEmptyStringAndLogsError" />
    </UnitTest>
    <UnitTest name="Aula.Tests.Bots.SlackMessageHandlerTests.Constructor_WithNullAgentService_ThrowsArgumentNullException" storage="/mnt/d/git/aula/src/aula.tests/bin/debug/net9.0/aula.tests.dll" id="40e04a6d-bef0-ec4b-8281-04b2775da565">
      <Execution id="0af5579f-5d30-4558-8081-e25aba1d19b3" />
      <TestMethod codeBase="/mnt/d/git/aula/src/Aula.Tests/bin/Debug/net9.0/Aula.Tests.dll" adapterTypeName="executor://xunit/VsTestRunner2/netcoreapp" className="Aula.Tests.Bots.SlackMessageHandlerTests" name="Constructor_WithNullAgentService_ThrowsArgumentNullException" />
    </UnitTest>
    <UnitTest name="Aula.Tests.Configuration.ConfigurationTests.Telegram_Token_ValidationTests(token: &quot;123456789&quot;, isValidFormat: False)" storage="/mnt/d/git/aula/src/aula.tests/bin/debug/net9.0/aula.tests.dll" id="016d303d-5ae2-6e55-e6bf-2008da910e62">
      <Execution id="732a7a03-71f6-4a54-8e9e-98726709da37" />
      <TestMethod codeBase="/mnt/d/git/aula/src/Aula.Tests/bin/Debug/net9.0/Aula.Tests.dll" adapterTypeName="executor://xunit/VsTestRunner2/netcoreapp" className="Aula.Tests.Configuration.ConfigurationTests" name="Telegram_Token_ValidationTests" />
    </UnitTest>
    <UnitTest name="Aula.Tests.Configuration.ConfigurationTests.Timers_SchedulingInterval_ValidationTests(intervalSeconds: 1, isValid: True)" storage="/mnt/d/git/aula/src/aula.tests/bin/debug/net9.0/aula.tests.dll" id="93edf270-8e20-a2b4-17e8-86af34f9d544">
      <Execution id="dd7ae9a7-a53c-42c3-abea-a9638c6ae759" />
      <TestMethod codeBase="/mnt/d/git/aula/src/Aula.Tests/bin/Debug/net9.0/Aula.Tests.dll" adapterTypeName="executor://xunit/VsTestRunner2/netcoreapp" className="Aula.Tests.Configuration.ConfigurationTests" name="Timers_SchedulingInterval_ValidationTests" />
    </UnitTest>
    <UnitTest name="Aula.Tests.Utilities.IntentAnalysisPromptsTests.GetFormattedPrompt_IncludesAllExamples" storage="/mnt/d/git/aula/src/aula.tests/bin/debug/net9.0/aula.tests.dll" id="89f817bf-e9a1-f0b4-2111-76edf6a63676">
      <Execution id="a1df0cec-c4c5-4ea6-b46e-025bdd9c35b1" />
      <TestMethod codeBase="/mnt/d/git/aula/src/Aula.Tests/bin/Debug/net9.0/Aula.Tests.dll" adapterTypeName="executor://xunit/VsTestRunner2/netcoreapp" className="Aula.Tests.Utilities.IntentAnalysisPromptsTests" name="GetFormattedPrompt_IncludesAllExamples" />
    </UnitTest>
    <UnitTest name="Aula.Tests.Utilities.ReminderExtractionPromptsTests.GetExtractionPrompt_WithDifferentMinuteOffsets_CalculatesCorrectly(minutes: 30)" storage="/mnt/d/git/aula/src/aula.tests/bin/debug/net9.0/aula.tests.dll" id="9ac720d3-776c-ab54-a939-3b82af418447">
      <Execution id="195db20d-4549-4b5b-bdc8-7769f789d16a" />
      <TestMethod codeBase="/mnt/d/git/aula/src/Aula.Tests/bin/Debug/net9.0/Aula.Tests.dll" adapterTypeName="executor://xunit/VsTestRunner2/netcoreapp" className="Aula.Tests.Utilities.ReminderExtractionPromptsTests" name="GetExtractionPrompt_WithDifferentMinuteOffsets_CalculatesCorrectly" />
    </UnitTest>
    <UnitTest name="Aula.Tests.Bots.TelegramInteractiveBotTests.SendMessage_WithException_LogsError" storage="/mnt/d/git/aula/src/aula.tests/bin/debug/net9.0/aula.tests.dll" id="4adb4c0d-617b-d891-f63e-7a014d4b7e39">
      <Execution id="d4a4381d-ba70-4d9f-967e-d0108768fd70" />
      <TestMethod codeBase="/mnt/d/git/aula/src/Aula.Tests/bin/Debug/net9.0/Aula.Tests.dll" adapterTypeName="executor://xunit/VsTestRunner2/netcoreapp" className="Aula.Tests.Bots.TelegramInteractiveBotTests" name="SendMessage_WithException_LogsError" />
    </UnitTest>
    <UnitTest name="Aula.Tests.Utilities.ReminderExtractionPromptsTests.GetExtractionPrompt_WithVariousCurrentTimes_CalculatesRelativeDatesCorrectly(currentTimeStr: &quot;2025-01-01 00:00:00&quot;)" storage="/mnt/d/git/aula/src/aula.tests/bin/debug/net9.0/aula.tests.dll" id="4d32377c-3003-92bb-8a9b-867e419dcb6a">
      <Execution id="e1127ee7-d733-4c7d-a255-d48ce541a258" />
      <TestMethod codeBase="/mnt/d/git/aula/src/Aula.Tests/bin/Debug/net9.0/Aula.Tests.dll" adapterTypeName="executor://xunit/VsTestRunner2/netcoreapp" className="Aula.Tests.Utilities.ReminderExtractionPromptsTests" name="GetExtractionPrompt_WithVariousCurrentTimes_CalculatesRelativeDatesCorrectly" />
    </UnitTest>
    <UnitTest name="Aula.Tests.Configuration.ConfigurationTests.Children_WithMultipleChildren_MaintainsOrder" storage="/mnt/d/git/aula/src/aula.tests/bin/debug/net9.0/aula.tests.dll" id="9c0e588a-866b-1517-e5d3-e54c7a4a3de2">
      <Execution id="7e8574ed-b5f2-4f3a-8e8e-78035c932e25" />
      <TestMethod codeBase="/mnt/d/git/aula/src/Aula.Tests/bin/Debug/net9.0/Aula.Tests.dll" adapterTypeName="executor://xunit/VsTestRunner2/netcoreapp" className="Aula.Tests.Configuration.ConfigurationTests" name="Children_WithMultipleChildren_MaintainsOrder" />
    </UnitTest>
    <UnitTest name="Aula.Tests.Tools.ReminderCommandHandlerTests.TryHandleReminderCommand_NonMatchingPatterns_ReturnsFalse(command: &quot;remind me tomorrow at eight that non-numeric time&quot;, isEnglish: True)" storage="/mnt/d/git/aula/src/aula.tests/bin/debug/net9.0/aula.tests.dll" id="3b4daf27-4450-ed7a-d4bb-142a6e1b0be0">
      <Execution id="3e7e6a7f-d2d7-456b-8eb9-0b97f8a675fc" />
      <TestMethod codeBase="/mnt/d/git/aula/src/Aula.Tests/bin/Debug/net9.0/Aula.Tests.dll" adapterTypeName="executor://xunit/VsTestRunner2/netcoreapp" className="Aula.Tests.Tools.ReminderCommandHandlerTests" name="TryHandleReminderCommand_NonMatchingPatterns_ReturnsFalse" />
    </UnitTest>
    <UnitTest name="Aula.Tests.Services.DataModelTests.PostedLetter_WeekNumberValidation_ReturnsExpectedResult(weekNumber: 0, year: 2023, isValid: False)" storage="/mnt/d/git/aula/src/aula.tests/bin/debug/net9.0/aula.tests.dll" id="021d3da1-2551-6934-6452-4bc168c068b9">
      <Execution id="4cf53630-732e-48b8-bdae-7908b47b4853" />
      <TestMethod codeBase="/mnt/d/git/aula/src/Aula.Tests/bin/Debug/net9.0/Aula.Tests.dll" adapterTypeName="executor://xunit/VsTestRunner2/netcoreapp" className="Aula.Tests.Services.DataModelTests" name="PostedLetter_WeekNumberValidation_ReturnsExpectedResult" />
    </UnitTest>
    <UnitTest name="Aula.Tests.Bots.TelegramMessageHandlerTests.HandleMessageAsync_WithGroupChat_HandlesCorrectly" storage="/mnt/d/git/aula/src/aula.tests/bin/debug/net9.0/aula.tests.dll" id="042593f6-6140-ccfe-82d6-8f794997c196">
      <Execution id="4f88687f-866b-4809-a2f2-2e290f9d85b2" />
      <TestMethod codeBase="/mnt/d/git/aula/src/Aula.Tests/bin/Debug/net9.0/Aula.Tests.dll" adapterTypeName="executor://xunit/VsTestRunner2/netcoreapp" className="Aula.Tests.Bots.TelegramMessageHandlerTests" name="HandleMessageAsync_WithGroupChat_HandlesCorrectly" />
    </UnitTest>
    <UnitTest name="Aula.Tests.Configuration.ConfigurationTests.UniLogin_WithInvalidCredentials_HandlesGracefully(invalidValue: &quot;   &quot;)" storage="/mnt/d/git/aula/src/aula.tests/bin/debug/net9.0/aula.tests.dll" id="b561be64-3ebf-00d7-64e3-9853e17cbf13">
      <Execution id="255e8bf8-1464-4088-8d19-118cf5849e15" />
      <TestMethod codeBase="/mnt/d/git/aula/src/Aula.Tests/bin/Debug/net9.0/Aula.Tests.dll" adapterTypeName="executor://xunit/VsTestRunner2/netcoreapp" className="Aula.Tests.Configuration.ConfigurationTests" name="UniLogin_WithInvalidCredentials_HandlesGracefully" />
    </UnitTest>
    <UnitTest name="Aula.Tests.Utilities.Html2SlackMarkdownConverterTests.Convert_WithNullParentNodes_HandlesGracefully" storage="/mnt/d/git/aula/src/aula.tests/bin/debug/net9.0/aula.tests.dll" id="27883ffc-bfa0-e8a9-4fbc-9b88539fca09">
      <Execution id="c52c42dd-4cc3-41c6-9a38-6696c89520a4" />
      <TestMethod codeBase="/mnt/d/git/aula/src/Aula.Tests/bin/Debug/net9.0/Aula.Tests.dll" adapterTypeName="executor://xunit/VsTestRunner2/netcoreapp" className="Aula.Tests.Utilities.Html2SlackMarkdownConverterTests" name="Convert_WithNullParentNodes_HandlesGracefully" />
    </UnitTest>
    <UnitTest name="Aula.Tests.Channels.SlackBotTests.Constructor_WithValidUrls_DoesNotThrow(webhookUrl: &quot;https://hooks.slack.com/test&quot;)" storage="/mnt/d/git/aula/src/aula.tests/bin/debug/net9.0/aula.tests.dll" id="abab0ca8-38d9-b46e-ed1a-a39f638f498e">
      <Execution id="4dc3b218-1a00-48eb-be1c-6c47621eb7c9" />
      <TestMethod codeBase="/mnt/d/git/aula/src/Aula.Tests/bin/Debug/net9.0/Aula.Tests.dll" adapterTypeName="executor://xunit/VsTestRunner2/netcoreapp" className="Aula.Tests.Channels.SlackBotTests" name="Constructor_WithValidUrls_DoesNotThrow" />
    </UnitTest>
    <UnitTest name="Aula.Tests.Utilities.Html2SlackMarkdownConverterTests.Convert_WithPartialTags_HandlesGracefully(html: &quot;&lt;div&gt;&lt;span&gt;&quot;)" storage="/mnt/d/git/aula/src/aula.tests/bin/debug/net9.0/aula.tests.dll" id="0ab78665-c1fa-a2ea-7265-e8996c3b56dd">
      <Execution id="1f140225-3265-4af8-9396-753e42f7ffb3" />
      <TestMethod codeBase="/mnt/d/git/aula/src/Aula.Tests/bin/Debug/net9.0/Aula.Tests.dll" adapterTypeName="executor://xunit/VsTestRunner2/netcoreapp" className="Aula.Tests.Utilities.Html2SlackMarkdownConverterTests" name="Convert_WithPartialTags_HandlesGracefully" />
    </UnitTest>
    <UnitTest name="Aula.Tests.Channels.TelegramClientTests.SendMessageToChannel_WithVariousMessages_DoesNotThrow(message: &quot;Simple message&quot;)" storage="/mnt/d/git/aula/src/aula.tests/bin/debug/net9.0/aula.tests.dll" id="466fbb21-c308-9cae-2419-4b3a3d66b5be">
      <Execution id="c9e82f96-1e7c-4eee-b707-0423e9d325cd" />
      <TestMethod codeBase="/mnt/d/git/aula/src/Aula.Tests/bin/Debug/net9.0/Aula.Tests.dll" adapterTypeName="executor://xunit/VsTestRunner2/netcoreapp" className="Aula.Tests.Channels.TelegramClientTests" name="SendMessageToChannel_WithVariousMessages_DoesNotThrow" />
    </UnitTest>
    <UnitTest name="Aula.Tests.Services.DataModelTests.RetryAttempt_DefaultConstructor_InitializesCorrectly" storage="/mnt/d/git/aula/src/aula.tests/bin/debug/net9.0/aula.tests.dll" id="67ae9fcb-a62e-08fc-97ed-d2d4f6f5c1d0">
      <Execution id="6faf0148-0f07-4ea7-ad9d-51871f89e18c" />
      <TestMethod codeBase="/mnt/d/git/aula/src/Aula.Tests/bin/Debug/net9.0/Aula.Tests.dll" adapterTypeName="executor://xunit/VsTestRunner2/netcoreapp" className="Aula.Tests.Services.DataModelTests" name="RetryAttempt_DefaultConstructor_InitializesCorrectly" />
    </UnitTest>
    <UnitTest name="Aula.Tests.Tools.ReminderCommandHandlerTests.TryHandleReminderCommand_ListReminders_ValidCommands_ReturnsRemindersList(command: &quot;liste påmindelser&quot;, isEnglish: False)" storage="/mnt/d/git/aula/src/aula.tests/bin/debug/net9.0/aula.tests.dll" id="b7876997-bf06-ed71-c4e7-a75d56d4b58d">
      <Execution id="e38c3109-889c-47a1-97c1-a03fe92485f8" />
      <TestMethod codeBase="/mnt/d/git/aula/src/Aula.Tests/bin/Debug/net9.0/Aula.Tests.dll" adapterTypeName="executor://xunit/VsTestRunner2/netcoreapp" className="Aula.Tests.Tools.ReminderCommandHandlerTests" name="TryHandleReminderCommand_ListReminders_ValidCommands_ReturnsRemindersList" />
    </UnitTest>
    <UnitTest name="Aula.Tests.Utilities.DateTimeUtilitiesTests.GetDanishDayName_ValidDayOfWeek_ReturnsLowercaseName(dayOfWeek: Tuesday, expectedName: &quot;tirsdag&quot;)" storage="/mnt/d/git/aula/src/aula.tests/bin/debug/net9.0/aula.tests.dll" id="bb029ecd-bc04-6c95-65d6-4fa9005d9f93">
      <Execution id="6904b09e-e588-461a-98ce-60ed7348b9fa" />
      <TestMethod codeBase="/mnt/d/git/aula/src/Aula.Tests/bin/Debug/net9.0/Aula.Tests.dll" adapterTypeName="executor://xunit/VsTestRunner2/netcoreapp" className="Aula.Tests.Utilities.DateTimeUtilitiesTests" name="GetDanishDayName_ValidDayOfWeek_ReturnsLowercaseName" />
    </UnitTest>
    <UnitTest name="Aula.Tests.Bots.TelegramMessageHandlerTests.HandleMessageAsync_WithReminderCommand_ProcessesMessage(reminderCommand: &quot;tilføj påmindelse&quot;)" storage="/mnt/d/git/aula/src/aula.tests/bin/debug/net9.0/aula.tests.dll" id="a05419bf-665b-85cf-3ea6-25bb6d01dbe8">
      <Execution id="3f4a0bf1-2326-4ea5-88b4-484b180f227f" />
      <TestMethod codeBase="/mnt/d/git/aula/src/Aula.Tests/bin/Debug/net9.0/Aula.Tests.dll" adapterTypeName="executor://xunit/VsTestRunner2/netcoreapp" className="Aula.Tests.Bots.TelegramMessageHandlerTests" name="HandleMessageAsync_WithReminderCommand_ProcessesMessage" />
    </UnitTest>
    <UnitTest name="Aula.Tests.Configuration.ConfigurationTests.Children_ConfigurationIsCorrect" storage="/mnt/d/git/aula/src/aula.tests/bin/debug/net9.0/aula.tests.dll" id="c7356803-78be-38c5-09cd-9fb1bfd0c53f">
      <Execution id="7d27d127-f245-4248-9921-c27665153e55" />
      <TestMethod codeBase="/mnt/d/git/aula/src/Aula.Tests/bin/Debug/net9.0/Aula.Tests.dll" adapterTypeName="executor://xunit/VsTestRunner2/netcoreapp" className="Aula.Tests.Configuration.ConfigurationTests" name="Children_ConfigurationIsCorrect" />
    </UnitTest>
    <UnitTest name="Aula.Tests.Services.OpenAiServiceTests.OpenAiService_Constructor_WithApiKey_InitializesCorrectly" storage="/mnt/d/git/aula/src/aula.tests/bin/debug/net9.0/aula.tests.dll" id="e76b4e50-70e5-0b84-1a79-8432276bb6be">
      <Execution id="3d65174d-5448-4815-9127-02942b9d9d70" />
      <TestMethod codeBase="/mnt/d/git/aula/src/Aula.Tests/bin/Debug/net9.0/Aula.Tests.dll" adapterTypeName="executor://xunit/VsTestRunner2/netcoreapp" className="Aula.Tests.Services.OpenAiServiceTests" name="OpenAiService_Constructor_WithApiKey_InitializesCorrectly" />
    </UnitTest>
    <UnitTest name="Aula.Tests.Utilities.WeekLetterContentExtractorTests.ExtractContent_WithMissingUgebreve_ReturnsEmptyString" storage="/mnt/d/git/aula/src/aula.tests/bin/debug/net9.0/aula.tests.dll" id="eaeadf06-6f78-ef66-9240-54edcfcfb42c">
      <Execution id="f07c1fc7-2228-4f6a-b7c3-4db49a65deff" />
      <TestMethod codeBase="/mnt/d/git/aula/src/Aula.Tests/bin/Debug/net9.0/Aula.Tests.dll" adapterTypeName="executor://xunit/VsTestRunner2/netcoreapp" className="Aula.Tests.Utilities.WeekLetterContentExtractorTests" name="ExtractContent_WithMissingUgebreve_ReturnsEmptyString" />
    </UnitTest>
    <UnitTest name="Aula.Tests.Tools.ReminderCommandHandlerTests.Constructor_WithNullChildrenByName_ThrowsArgumentNullException" storage="/mnt/d/git/aula/src/aula.tests/bin/debug/net9.0/aula.tests.dll" id="87b7e046-4300-6ba7-be8d-14de8ee31c5f">
      <Execution id="9db9abbd-f048-40ee-87c7-fb3700edbfdf" />
      <TestMethod codeBase="/mnt/d/git/aula/src/Aula.Tests/bin/Debug/net9.0/Aula.Tests.dll" adapterTypeName="executor://xunit/VsTestRunner2/netcoreapp" className="Aula.Tests.Tools.ReminderCommandHandlerTests" name="Constructor_WithNullChildrenByName_ThrowsArgumentNullException" />
    </UnitTest>
    <UnitTest name="Aula.Tests.Utilities.FollowUpQuestionDetectorTests.IsFollowUpQuestion_WithWhitespaceOnly_ReturnsFalse" storage="/mnt/d/git/aula/src/aula.tests/bin/debug/net9.0/aula.tests.dll" id="c6a91ea6-2e10-8e99-6511-4f3dfcc58033">
      <Execution id="19ce479c-4dd5-404c-9507-b1c1958d5646" />
      <TestMethod codeBase="/mnt/d/git/aula/src/Aula.Tests/bin/Debug/net9.0/Aula.Tests.dll" adapterTypeName="executor://xunit/VsTestRunner2/netcoreapp" className="Aula.Tests.Utilities.FollowUpQuestionDetectorTests" name="IsFollowUpQuestion_WithWhitespaceOnly_ReturnsFalse" />
    </UnitTest>
    <UnitTest name="Aula.Tests.Utilities.FollowUpQuestionDetectorTests.IsFollowUpQuestion_WithUnicodeChildNames_WorksCorrectly(input: &quot;SØREN&quot;)" storage="/mnt/d/git/aula/src/aula.tests/bin/debug/net9.0/aula.tests.dll" id="f0803f19-4aef-0544-7088-6f90fbe83c6b">
      <Execution id="26907cde-c17a-4028-8ece-c0082366fc3b" />
      <TestMethod codeBase="/mnt/d/git/aula/src/Aula.Tests/bin/Debug/net9.0/Aula.Tests.dll" adapterTypeName="executor://xunit/VsTestRunner2/netcoreapp" className="Aula.Tests.Utilities.FollowUpQuestionDetectorTests" name="IsFollowUpQuestion_WithUnicodeChildNames_WorksCorrectly" />
    </UnitTest>
    <UnitTest name="Aula.Tests.Bots.TelegramInteractiveBotTests.PostWeekLetter_WithDisabledTelegram_LogsWarningAndReturns" storage="/mnt/d/git/aula/src/aula.tests/bin/debug/net9.0/aula.tests.dll" id="19edb3ba-5e0e-d40b-c4b3-ce48876fbe6a">
      <Execution id="b70c64c7-44f4-4a01-8fba-aa922ca8a72a" />
      <TestMethod codeBase="/mnt/d/git/aula/src/Aula.Tests/bin/Debug/net9.0/Aula.Tests.dll" adapterTypeName="executor://xunit/VsTestRunner2/netcoreapp" className="Aula.Tests.Bots.TelegramInteractiveBotTests" name="PostWeekLetter_WithDisabledTelegram_LogsWarningAndReturns" />
    </UnitTest>
    <UnitTest name="Aula.Tests.Services.OpenAiServiceIntegrationTests.ProcessQueryWithToolsAsync_WithInvalidQuery_ThrowsArgumentException(query: null)" storage="/mnt/d/git/aula/src/aula.tests/bin/debug/net9.0/aula.tests.dll" id="ae0539e8-7653-996e-a87e-3f69894a3b17">
      <Execution id="76f4540c-eabe-4eda-839b-79f2cc99a11c" />
      <TestMethod codeBase="/mnt/d/git/aula/src/Aula.Tests/bin/Debug/net9.0/Aula.Tests.dll" adapterTypeName="executor://xunit/VsTestRunner2/netcoreapp" className="Aula.Tests.Services.OpenAiServiceIntegrationTests" name="ProcessQueryWithToolsAsync_WithInvalidQuery_ThrowsArgumentException" />
    </UnitTest>
    <UnitTest name="Aula.Tests.Services.DataModelTests.RetryAttempt_WithProperties_SetsCorrectly" storage="/mnt/d/git/aula/src/aula.tests/bin/debug/net9.0/aula.tests.dll" id="f36a6d06-62fb-7dca-c729-24e28498b2d7">
      <Execution id="6a7577d0-9019-4f38-b2e4-e54fc81180f9" />
      <TestMethod codeBase="/mnt/d/git/aula/src/Aula.Tests/bin/Debug/net9.0/Aula.Tests.dll" adapterTypeName="executor://xunit/VsTestRunner2/netcoreapp" className="Aula.Tests.Services.DataModelTests" name="RetryAttempt_WithProperties_SetsCorrectly" />
    </UnitTest>
    <UnitTest name="Aula.Tests.Services.OpenAiServiceTests.CreateTestWeekLetter_ReturnsValidJObject" storage="/mnt/d/git/aula/src/aula.tests/bin/debug/net9.0/aula.tests.dll" id="d4e0f652-1aa4-f1fd-46bf-006e98a6310b">
      <Execution id="cb8251d7-7fac-4a07-bc03-ebdb25c544ca" />
      <TestMethod codeBase="/mnt/d/git/aula/src/Aula.Tests/bin/Debug/net9.0/Aula.Tests.dll" adapterTypeName="executor://xunit/VsTestRunner2/netcoreapp" className="Aula.Tests.Services.OpenAiServiceTests" name="CreateTestWeekLetter_ReturnsValidJObject" />
    </UnitTest>
    <UnitTest name="Aula.Tests.Services.DataModelTests.AppState_DefaultConstructor_InitializesCorrectly" storage="/mnt/d/git/aula/src/aula.tests/bin/debug/net9.0/aula.tests.dll" id="4cdb1a1d-1763-9c6d-9472-d3d70dd3181a">
      <Execution id="397ce571-9f0b-49f5-9f5f-8a8667a60c56" />
      <TestMethod codeBase="/mnt/d/git/aula/src/Aula.Tests/bin/Debug/net9.0/Aula.Tests.dll" adapterTypeName="executor://xunit/VsTestRunner2/netcoreapp" className="Aula.Tests.Services.DataModelTests" name="AppState_DefaultConstructor_InitializesCorrectly" />
    </UnitTest>
    <UnitTest name="Aula.Tests.Utilities.DateTimeUtilitiesTests.GetDanishDayName_ValidDayOfWeek_ReturnsLowercaseName(dayOfWeek: Monday, expectedName: &quot;mandag&quot;)" storage="/mnt/d/git/aula/src/aula.tests/bin/debug/net9.0/aula.tests.dll" id="59b6be02-8191-f5a7-74ed-b8f44b1cda27">
      <Execution id="72223036-7cb5-45ca-a690-e08d5f4b4a4c" />
      <TestMethod codeBase="/mnt/d/git/aula/src/Aula.Tests/bin/Debug/net9.0/Aula.Tests.dll" adapterTypeName="executor://xunit/VsTestRunner2/netcoreapp" className="Aula.Tests.Utilities.DateTimeUtilitiesTests" name="GetDanishDayName_ValidDayOfWeek_ReturnsLowercaseName" />
    </UnitTest>
    <UnitTest name="Aula.Tests.Utilities.IntentAnalysisPromptsTests.ToolExamples_CoverExpectedUseCase(expectedKey: &quot;DELETE_REMINDER&quot;, queryPattern: &quot;delete&quot;)" storage="/mnt/d/git/aula/src/aula.tests/bin/debug/net9.0/aula.tests.dll" id="471ccf46-b194-f558-fd6b-1d9d85ba4293">
      <Execution id="6d91d915-e4d2-4257-8af2-4cf83db4be20" />
      <TestMethod codeBase="/mnt/d/git/aula/src/Aula.Tests/bin/Debug/net9.0/Aula.Tests.dll" adapterTypeName="executor://xunit/VsTestRunner2/netcoreapp" className="Aula.Tests.Utilities.IntentAnalysisPromptsTests" name="ToolExamples_CoverExpectedUseCase" />
    </UnitTest>
    <UnitTest name="Aula.Tests.Utilities.ReminderExtractionPromptsTests.GetExtractionPrompt_ContainsNextMondayExample" storage="/mnt/d/git/aula/src/aula.tests/bin/debug/net9.0/aula.tests.dll" id="a8634532-96d4-4e33-4b5e-145495f036bc">
      <Execution id="1f226340-2cf6-4a88-bf32-55ad16289edb" />
      <TestMethod codeBase="/mnt/d/git/aula/src/Aula.Tests/bin/Debug/net9.0/Aula.Tests.dll" adapterTypeName="executor://xunit/VsTestRunner2/netcoreapp" className="Aula.Tests.Utilities.ReminderExtractionPromptsTests" name="GetExtractionPrompt_ContainsNextMondayExample" />
    </UnitTest>
    <UnitTest name="Aula.Tests.Tools.ReminderCommandHandlerTests.TryHandleReminderCommand_AddReminder_InvalidFormats_ReturnsErrorMessage(command: &quot;remind me tomorrow at 25:00 that invalid time&quot;, isEnglish: True)" storage="/mnt/d/git/aula/src/aula.tests/bin/debug/net9.0/aula.tests.dll" id="869e2bf6-051e-e015-497a-7397bf66191a">
      <Execution id="51960886-dd6b-423a-bf04-3fc33cc66e4a" />
      <TestMethod codeBase="/mnt/d/git/aula/src/Aula.Tests/bin/Debug/net9.0/Aula.Tests.dll" adapterTypeName="executor://xunit/VsTestRunner2/netcoreapp" className="Aula.Tests.Tools.ReminderCommandHandlerTests" name="TryHandleReminderCommand_AddReminder_InvalidFormats_ReturnsErrorMessage" />
    </UnitTest>
    <UnitTest name="Aula.Tests.Channels.TelegramClientTests.PostWeekLetter_WithVariousChildNames_HandlesCorrectly(firstName: &quot;&quot;)" storage="/mnt/d/git/aula/src/aula.tests/bin/debug/net9.0/aula.tests.dll" id="24bf56f7-ba67-57f2-f501-175bd348de63">
      <Execution id="3d8f1c71-32b6-4754-974d-6cc621f96faf" />
      <TestMethod codeBase="/mnt/d/git/aula/src/Aula.Tests/bin/Debug/net9.0/Aula.Tests.dll" adapterTypeName="executor://xunit/VsTestRunner2/netcoreapp" className="Aula.Tests.Channels.TelegramClientTests" name="PostWeekLetter_WithVariousChildNames_HandlesCorrectly" />
    </UnitTest>
    <UnitTest name="Aula.Tests.Utilities.Html2SlackMarkdownConverterTests.Convert_WithBrTags_PreservesLineBreaks" storage="/mnt/d/git/aula/src/aula.tests/bin/debug/net9.0/aula.tests.dll" id="45d7267f-6c71-d320-a8e4-c7def8429012">
      <Execution id="e948e9e1-9be2-4879-a3fe-394a0c0b46dc" />
      <TestMethod codeBase="/mnt/d/git/aula/src/Aula.Tests/bin/Debug/net9.0/Aula.Tests.dll" adapterTypeName="executor://xunit/VsTestRunner2/netcoreapp" className="Aula.Tests.Utilities.Html2SlackMarkdownConverterTests" name="Convert_WithBrTags_PreservesLineBreaks" />
    </UnitTest>
    <UnitTest name="Aula.Tests.Utilities.ConversationContextTests.ConversationContext_Properties_CanBeSet" storage="/mnt/d/git/aula/src/aula.tests/bin/debug/net9.0/aula.tests.dll" id="0e3d7f53-280f-fde2-203e-143d6dcfdf0a">
      <Execution id="65fe8851-7271-4de2-a266-0c40d3563408" />
      <TestMethod codeBase="/mnt/d/git/aula/src/Aula.Tests/bin/Debug/net9.0/Aula.Tests.dll" adapterTypeName="executor://xunit/VsTestRunner2/netcoreapp" className="Aula.Tests.Utilities.ConversationContextTests" name="ConversationContext_Properties_CanBeSet" />
    </UnitTest>
    <UnitTest name="Aula.Tests.Utilities.WeekLetterContentExtractorTests.ExtractContent_WithNullIndhold_ReturnsEmptyString" storage="/mnt/d/git/aula/src/aula.tests/bin/debug/net9.0/aula.tests.dll" id="ecf7f37a-1b96-2a28-2d44-fb1c19988638">
      <Execution id="b016b93a-4f39-4776-9f82-ddd83d86d133" />
      <TestMethod codeBase="/mnt/d/git/aula/src/Aula.Tests/bin/Debug/net9.0/Aula.Tests.dll" adapterTypeName="executor://xunit/VsTestRunner2/netcoreapp" className="Aula.Tests.Utilities.WeekLetterContentExtractorTests" name="ExtractContent_WithNullIndhold_ReturnsEmptyString" />
    </UnitTest>
    <UnitTest name="Aula.Tests.Utilities.IntentAnalysisPromptsTests.ToolExamples_CoverExpectedUseCase(expectedKey: &quot;CREATE_REMINDER&quot;, queryPattern: &quot;remind&quot;)" storage="/mnt/d/git/aula/src/aula.tests/bin/debug/net9.0/aula.tests.dll" id="e668ce24-c1a0-98ca-9d76-99447ce236e8">
      <Execution id="9fe703fc-aa21-493a-9db0-0ea671b647d6" />
      <TestMethod codeBase="/mnt/d/git/aula/src/Aula.Tests/bin/Debug/net9.0/Aula.Tests.dll" adapterTypeName="executor://xunit/VsTestRunner2/netcoreapp" className="Aula.Tests.Utilities.IntentAnalysisPromptsTests" name="ToolExamples_CoverExpectedUseCase" />
    </UnitTest>
    <UnitTest name="Aula.Tests.Bots.TelegramMessageHandlerTests.HandleMessageAsync_WithNonTextMessage_ReturnsEarly" storage="/mnt/d/git/aula/src/aula.tests/bin/debug/net9.0/aula.tests.dll" id="dafa776a-6a08-1272-aac7-ca70346aa44a">
      <Execution id="4fe85937-48c8-4942-9ed5-614ddf5251b1" />
      <TestMethod codeBase="/mnt/d/git/aula/src/Aula.Tests/bin/Debug/net9.0/Aula.Tests.dll" adapterTypeName="executor://xunit/VsTestRunner2/netcoreapp" className="Aula.Tests.Bots.TelegramMessageHandlerTests" name="HandleMessageAsync_WithNonTextMessage_ReturnsEarly" />
    </UnitTest>
    <UnitTest name="Aula.Tests.Utilities.IntentAnalysisPromptsTests.ToolExamples_ToolCallExamples_FollowCorrectFormat" storage="/mnt/d/git/aula/src/aula.tests/bin/debug/net9.0/aula.tests.dll" id="bfbb79be-1fcf-163a-7e39-8393a3a71050">
      <Execution id="a19de216-86d9-430d-8f20-8dfdb13b5898" />
      <TestMethod codeBase="/mnt/d/git/aula/src/Aula.Tests/bin/Debug/net9.0/Aula.Tests.dll" adapterTypeName="executor://xunit/VsTestRunner2/netcoreapp" className="Aula.Tests.Utilities.IntentAnalysisPromptsTests" name="ToolExamples_ToolCallExamples_FollowCorrectFormat" />
    </UnitTest>
    <UnitTest name="Aula.Tests.Channels.SlackBotTests.PostWeekLetter_WithVariousChildNames_HandlesCorrectly(firstName: &quot;TestChild1&quot;)" storage="/mnt/d/git/aula/src/aula.tests/bin/debug/net9.0/aula.tests.dll" id="20f7b20d-6fda-90c5-179b-3395a4df9b7c">
      <Execution id="c7b4e2f0-d3bc-4496-975f-2acf57cc87bb" />
      <TestMethod codeBase="/mnt/d/git/aula/src/Aula.Tests/bin/Debug/net9.0/Aula.Tests.dll" adapterTypeName="executor://xunit/VsTestRunner2/netcoreapp" className="Aula.Tests.Channels.SlackBotTests" name="PostWeekLetter_WithVariousChildNames_HandlesCorrectly" />
    </UnitTest>
    <UnitTest name="Aula.Tests.Services.OpenAiServiceTests.OpenAiService_GetChatInterfaceInstructions_ReturnsCorrectFormat(chatInterface: Telegram)" storage="/mnt/d/git/aula/src/aula.tests/bin/debug/net9.0/aula.tests.dll" id="a418d5df-b5ee-5a85-99c0-157b60c43e4b">
      <Execution id="6e619e7a-09d0-489c-b579-611eec3cf623" />
      <TestMethod codeBase="/mnt/d/git/aula/src/Aula.Tests/bin/Debug/net9.0/Aula.Tests.dll" adapterTypeName="executor://xunit/VsTestRunner2/netcoreapp" className="Aula.Tests.Services.OpenAiServiceTests" name="OpenAiService_GetChatInterfaceInstructions_ReturnsCorrectFormat" />
    </UnitTest>
    <UnitTest name="Aula.Tests.Utilities.FollowUpQuestionDetectorTests.IsFollowUpQuestion_WithEnglishFollowUpPhrases_ReturnsTrue(input: &quot;also Emma&quot;)" storage="/mnt/d/git/aula/src/aula.tests/bin/debug/net9.0/aula.tests.dll" id="7d2712c2-8286-82a7-fc6d-ae7572a28a52">
      <Execution id="b16d85da-22ca-4596-8898-8309290facd1" />
      <TestMethod codeBase="/mnt/d/git/aula/src/Aula.Tests/bin/Debug/net9.0/Aula.Tests.dll" adapterTypeName="executor://xunit/VsTestRunner2/netcoreapp" className="Aula.Tests.Utilities.FollowUpQuestionDetectorTests" name="IsFollowUpQuestion_WithEnglishFollowUpPhrases_ReturnsTrue" />
    </UnitTest>
    <UnitTest name="Aula.Tests.Services.DataModelTests.Reminder_CreatedBy_HandlesValues(createdBy: &quot;user&quot;, shouldAccept: True)" storage="/mnt/d/git/aula/src/aula.tests/bin/debug/net9.0/aula.tests.dll" id="be0934fb-3e5b-c412-9765-2aa4cc2f45a7">
      <Execution id="7ea1f8c5-0837-4722-addc-312280473f8a" />
      <TestMethod codeBase="/mnt/d/git/aula/src/Aula.Tests/bin/Debug/net9.0/Aula.Tests.dll" adapterTypeName="executor://xunit/VsTestRunner2/netcoreapp" className="Aula.Tests.Services.DataModelTests" name="Reminder_CreatedBy_HandlesValues" />
    </UnitTest>
    <UnitTest name="Aula.Tests.Utilities.ConversationContextManagerTests.Constructor_WithNullLogger_ThrowsArgumentNullException" storage="/mnt/d/git/aula/src/aula.tests/bin/debug/net9.0/aula.tests.dll" id="a7a3158e-1399-dbdf-e50f-3716ddb1ba8c">
      <Execution id="0b40782a-a86b-4829-94d3-2ce9af5cf6de" />
      <TestMethod codeBase="/mnt/d/git/aula/src/Aula.Tests/bin/Debug/net9.0/Aula.Tests.dll" adapterTypeName="executor://xunit/VsTestRunner2/netcoreapp" className="Aula.Tests.Utilities.ConversationContextManagerTests" name="Constructor_WithNullLogger_ThrowsArgumentNullException" />
    </UnitTest>
    <UnitTest name="Aula.Tests.Bots.SlackMessageHandlerTests.HandleMessageAsync_WithHelpCommand_ProcessesHelpMessage(helpCommand: &quot;HELP&quot;)" storage="/mnt/d/git/aula/src/aula.tests/bin/debug/net9.0/aula.tests.dll" id="d0fb0f26-05d6-fd5b-00ba-97eda4e7b49a">
      <Execution id="41b7a08e-8414-4d31-9e62-22ee689ca561" />
      <TestMethod codeBase="/mnt/d/git/aula/src/Aula.Tests/bin/Debug/net9.0/Aula.Tests.dll" adapterTypeName="executor://xunit/VsTestRunner2/netcoreapp" className="Aula.Tests.Bots.SlackMessageHandlerTests" name="HandleMessageAsync_WithHelpCommand_ProcessesHelpMessage" />
    </UnitTest>
    <UnitTest name="Aula.Tests.Bots.SlackMessageHandlerTests.HandleMessageAsync_WithEmptyChannel_ReturnsFalse" storage="/mnt/d/git/aula/src/aula.tests/bin/debug/net9.0/aula.tests.dll" id="daa8f257-6d65-5334-bc6e-50b3c593ee4f">
      <Execution id="82de71b9-bc59-4f30-af15-f193759252b8" />
      <TestMethod codeBase="/mnt/d/git/aula/src/Aula.Tests/bin/Debug/net9.0/Aula.Tests.dll" adapterTypeName="executor://xunit/VsTestRunner2/netcoreapp" className="Aula.Tests.Bots.SlackMessageHandlerTests" name="HandleMessageAsync_WithEmptyChannel_ReturnsFalse" />
    </UnitTest>
    <UnitTest name="Aula.Tests.Utilities.ReminderExtractionPromptsTests.GetExtractionPrompt_WithVariousCurrentTimes_CalculatesRelativeDatesCorrectly(currentTimeStr: &quot;2025-06-30 14:30:00&quot;)" storage="/mnt/d/git/aula/src/aula.tests/bin/debug/net9.0/aula.tests.dll" id="d5b8733f-7ffb-19e9-63c1-4570e58b1a99">
      <Execution id="7789a6e1-0064-46ae-bb33-450fe82772e6" />
      <TestMethod codeBase="/mnt/d/git/aula/src/Aula.Tests/bin/Debug/net9.0/Aula.Tests.dll" adapterTypeName="executor://xunit/VsTestRunner2/netcoreapp" className="Aula.Tests.Utilities.ReminderExtractionPromptsTests" name="GetExtractionPrompt_WithVariousCurrentTimes_CalculatesRelativeDatesCorrectly" />
    </UnitTest>
    <UnitTest name="Aula.Tests.Utilities.FollowUpQuestionDetectorTests.IsFollowUpQuestion_WithChildNameAndTimeReference_ReturnsFalse(input: &quot;Liam tomorrow&quot;)" storage="/mnt/d/git/aula/src/aula.tests/bin/debug/net9.0/aula.tests.dll" id="ba20835b-067e-5539-8e44-8baf83c19e41">
      <Execution id="a08af1f3-3102-47d8-85ad-99ad15b6a625" />
      <TestMethod codeBase="/mnt/d/git/aula/src/Aula.Tests/bin/Debug/net9.0/Aula.Tests.dll" adapterTypeName="executor://xunit/VsTestRunner2/netcoreapp" className="Aula.Tests.Utilities.FollowUpQuestionDetectorTests" name="IsFollowUpQuestion_WithChildNameAndTimeReference_ReturnsFalse" />
    </UnitTest>
    <UnitTest name="Aula.Tests.Services.OpenAiServiceIntegrationTests.Constructor_WithWhitespaceApiKey_ThrowsArgumentException" storage="/mnt/d/git/aula/src/aula.tests/bin/debug/net9.0/aula.tests.dll" id="cdb2a1c6-455e-afdc-b339-d53b98cacc5c">
      <Execution id="a7fa6a5a-288f-481d-a679-cdb42eba17f8" />
      <TestMethod codeBase="/mnt/d/git/aula/src/Aula.Tests/bin/Debug/net9.0/Aula.Tests.dll" adapterTypeName="executor://xunit/VsTestRunner2/netcoreapp" className="Aula.Tests.Services.OpenAiServiceIntegrationTests" name="Constructor_WithWhitespaceApiKey_ThrowsArgumentException" />
    </UnitTest>
    <UnitTest name="Aula.Tests.Utilities.FollowUpQuestionDetectorTests.IsFollowUpQuestion_WithPunctuationAroundChildName_WorksCorrectly(input: &quot;Emma's&quot;)" storage="/mnt/d/git/aula/src/aula.tests/bin/debug/net9.0/aula.tests.dll" id="d79cfa86-e515-004d-fe4e-214ac35ead55">
      <Execution id="7c7a7750-ee22-41d1-9aba-bdf36a19a078" />
      <TestMethod codeBase="/mnt/d/git/aula/src/Aula.Tests/bin/Debug/net9.0/Aula.Tests.dll" adapterTypeName="executor://xunit/VsTestRunner2/netcoreapp" className="Aula.Tests.Utilities.FollowUpQuestionDetectorTests" name="IsFollowUpQuestion_WithPunctuationAroundChildName_WorksCorrectly" />
    </UnitTest>
    <UnitTest name="Aula.Tests.Bots.TelegramInteractiveBotTests.Constructor_WithNullLoggerFactory_ThrowsArgumentNullException" storage="/mnt/d/git/aula/src/aula.tests/bin/debug/net9.0/aula.tests.dll" id="2d7c87f9-92d6-6d29-4cc3-8c2788e75a11">
      <Execution id="7b206783-dd5a-48f6-a45f-68c0db11893a" />
      <TestMethod codeBase="/mnt/d/git/aula/src/Aula.Tests/bin/Debug/net9.0/Aula.Tests.dll" adapterTypeName="executor://xunit/VsTestRunner2/netcoreapp" className="Aula.Tests.Bots.TelegramInteractiveBotTests" name="Constructor_WithNullLoggerFactory_ThrowsArgumentNullException" />
    </UnitTest>
    <UnitTest name="Aula.Tests.Utilities.IntentAnalysisPromptsTests.GetFormattedPrompt_WithVariousQueries_ReturnsValidPrompt(query: &quot;What does Emma have today?&quot;)" storage="/mnt/d/git/aula/src/aula.tests/bin/debug/net9.0/aula.tests.dll" id="04ed4a86-ba0d-f349-f703-22b685131f64">
      <Execution id="41888d50-2305-47b2-9667-88ea2de4b4bf" />
      <TestMethod codeBase="/mnt/d/git/aula/src/Aula.Tests/bin/Debug/net9.0/Aula.Tests.dll" adapterTypeName="executor://xunit/VsTestRunner2/netcoreapp" className="Aula.Tests.Utilities.IntentAnalysisPromptsTests" name="GetFormattedPrompt_WithVariousQueries_ReturnsValidPrompt" />
    </UnitTest>
    <UnitTest name="Aula.Tests.Utilities.FollowUpQuestionDetectorTests.IsFollowUpQuestion_WithStartingFollowUpWords_ReturnsTrue(input: &quot;And Liam&quot;)" storage="/mnt/d/git/aula/src/aula.tests/bin/debug/net9.0/aula.tests.dll" id="19f2e1ca-d1c7-2af8-caa8-282a0071f76c">
      <Execution id="e06c99ea-9f90-4256-b4d9-c302adccad56" />
      <TestMethod codeBase="/mnt/d/git/aula/src/Aula.Tests/bin/Debug/net9.0/Aula.Tests.dll" adapterTypeName="executor://xunit/VsTestRunner2/netcoreapp" className="Aula.Tests.Utilities.FollowUpQuestionDetectorTests" name="IsFollowUpQuestion_WithStartingFollowUpWords_ReturnsTrue" />
    </UnitTest>
    <UnitTest name="Aula.Tests.Bots.TelegramInteractiveBotTests.PostWeekLetter_WithMissingChannelId_LogsWarningAndReturns" storage="/mnt/d/git/aula/src/aula.tests/bin/debug/net9.0/aula.tests.dll" id="3ca02e33-556b-3fdb-f0cf-b0f349847245">
      <Execution id="ca144398-f48d-4bb7-b9dc-289654819912" />
      <TestMethod codeBase="/mnt/d/git/aula/src/Aula.Tests/bin/Debug/net9.0/Aula.Tests.dll" adapterTypeName="executor://xunit/VsTestRunner2/netcoreapp" className="Aula.Tests.Bots.TelegramInteractiveBotTests" name="PostWeekLetter_WithMissingChannelId_LogsWarningAndReturns" />
    </UnitTest>
    <UnitTest name="Aula.Tests.Scheduling.SchedulingServiceIntegrationTests.Service_WithDifferentBotConfigurations_WorksCorrectly(slackEnabled: False, telegramEnabled: False)" storage="/mnt/d/git/aula/src/aula.tests/bin/debug/net9.0/aula.tests.dll" id="332896aa-a36b-b7b0-c333-01128c6d7ce1">
      <Execution id="2115de64-2875-473c-8ea5-103cf002cbec" />
      <TestMethod codeBase="/mnt/d/git/aula/src/Aula.Tests/bin/Debug/net9.0/Aula.Tests.dll" adapterTypeName="executor://xunit/VsTestRunner2/netcoreapp" className="Aula.Tests.Scheduling.SchedulingServiceIntegrationTests" name="Service_WithDifferentBotConfigurations_WorksCorrectly" />
    </UnitTest>
    <UnitTest name="Aula.Tests.Utilities.FollowUpQuestionDetectorTests.IsFollowUpQuestion_WithStartingFollowUpWords_ReturnsTrue(input: &quot;and Liam&quot;)" storage="/mnt/d/git/aula/src/aula.tests/bin/debug/net9.0/aula.tests.dll" id="43884531-d2e9-76f0-a975-092a4d6d7e91">
      <Execution id="59bc677b-e97f-4a20-b7f8-d76a147d7e24" />
      <TestMethod codeBase="/mnt/d/git/aula/src/Aula.Tests/bin/Debug/net9.0/Aula.Tests.dll" adapterTypeName="executor://xunit/VsTestRunner2/netcoreapp" className="Aula.Tests.Utilities.FollowUpQuestionDetectorTests" name="IsFollowUpQuestion_WithStartingFollowUpWords_ReturnsTrue" />
    </UnitTest>
    <UnitTest name="Aula.Tests.Bots.SlackInteractiveBotTests.Constructor_WithNullSupabaseService_ThrowsArgumentNullException" storage="/mnt/d/git/aula/src/aula.tests/bin/debug/net9.0/aula.tests.dll" id="ffc1e6de-c7e5-39de-fa7e-18eabd193809">
      <Execution id="33937942-6001-4249-a824-7d1ae68445d5" />
      <TestMethod codeBase="/mnt/d/git/aula/src/Aula.Tests/bin/Debug/net9.0/Aula.Tests.dll" adapterTypeName="executor://xunit/VsTestRunner2/netcoreapp" className="Aula.Tests.Bots.SlackInteractiveBotTests" name="Constructor_WithNullSupabaseService_ThrowsArgumentNullException" />
    </UnitTest>
    <UnitTest name="Aula.Tests.Utilities.ReminderExtractionPromptsTests.GetExtractionPrompt_WithRealQueries_EmbedsQueryCorrectly(query: &quot;Meeting with teacher next Monday&quot;)" storage="/mnt/d/git/aula/src/aula.tests/bin/debug/net9.0/aula.tests.dll" id="64b3e4a5-31a7-57c7-6c30-e353370e12e0">
      <Execution id="49cba627-b644-4dce-a364-e3ea1d82ef08" />
      <TestMethod codeBase="/mnt/d/git/aula/src/Aula.Tests/bin/Debug/net9.0/Aula.Tests.dll" adapterTypeName="executor://xunit/VsTestRunner2/netcoreapp" className="Aula.Tests.Utilities.ReminderExtractionPromptsTests" name="GetExtractionPrompt_WithRealQueries_EmbedsQueryCorrectly" />
    </UnitTest>
    <UnitTest name="Aula.Tests.Bots.SlackMessageHandlerTests.Constructor_WithNullReminderHandler_ThrowsArgumentNullException" storage="/mnt/d/git/aula/src/aula.tests/bin/debug/net9.0/aula.tests.dll" id="9737c38f-ad68-db59-78e8-3f7908babdcf">
      <Execution id="818b7fb8-8a09-4fcd-a4b9-b76d221480c1" />
      <TestMethod codeBase="/mnt/d/git/aula/src/Aula.Tests/bin/Debug/net9.0/Aula.Tests.dll" adapterTypeName="executor://xunit/VsTestRunner2/netcoreapp" className="Aula.Tests.Bots.SlackMessageHandlerTests" name="Constructor_WithNullReminderHandler_ThrowsArgumentNullException" />
    </UnitTest>
    <UnitTest name="Aula.Tests.Tools.ReminderCommandHandlerTests.TryHandleReminderCommand_DeleteReminder_WithException_LogsErrorAndReturnsErrorMessage(command: &quot;slet påmindelse 888&quot;, isEnglish: False)" storage="/mnt/d/git/aula/src/aula.tests/bin/debug/net9.0/aula.tests.dll" id="f7492970-5062-ad84-014e-43c4dfa554f1">
      <Execution id="cfa1f687-dae1-442c-8d6b-f5d27729895e" />
      <TestMethod codeBase="/mnt/d/git/aula/src/Aula.Tests/bin/Debug/net9.0/Aula.Tests.dll" adapterTypeName="executor://xunit/VsTestRunner2/netcoreapp" className="Aula.Tests.Tools.ReminderCommandHandlerTests" name="TryHandleReminderCommand_DeleteReminder_WithException_LogsErrorAndReturnsErrorMessage" />
    </UnitTest>
    <UnitTest name="Aula.Tests.Utilities.ConversationContextManagerTests.UpdateContext_OverwritesExistingContext" storage="/mnt/d/git/aula/src/aula.tests/bin/debug/net9.0/aula.tests.dll" id="269fcbba-1520-c37c-832e-a6063e8324bb">
      <Execution id="a3143b6f-35d7-4d95-a488-9fa4914de4d6" />
      <TestMethod codeBase="/mnt/d/git/aula/src/Aula.Tests/bin/Debug/net9.0/Aula.Tests.dll" adapterTypeName="executor://xunit/VsTestRunner2/netcoreapp" className="Aula.Tests.Utilities.ConversationContextManagerTests" name="UpdateContext_OverwritesExistingContext" />
    </UnitTest>
    <UnitTest name="Aula.Tests.Utilities.JsonFormatterTests.Prettify_WithIncompleteJson_ThrowsException(incompleteJson: &quot;}&quot;)" storage="/mnt/d/git/aula/src/aula.tests/bin/debug/net9.0/aula.tests.dll" id="63cce41a-68ed-6ffe-d9f5-762e73c0e405">
      <Execution id="003b0317-a71d-4ee7-a7a1-8d346b6b8126" />
      <TestMethod codeBase="/mnt/d/git/aula/src/Aula.Tests/bin/Debug/net9.0/Aula.Tests.dll" adapterTypeName="executor://xunit/VsTestRunner2/netcoreapp" className="Aula.Tests.Utilities.JsonFormatterTests" name="Prettify_WithIncompleteJson_ThrowsException" />
    </UnitTest>
    <UnitTest name="Aula.Tests.Services.SupabaseServiceTests.Constructor_WithInvalidConfig_DoesNotThrow" storage="/mnt/d/git/aula/src/aula.tests/bin/debug/net9.0/aula.tests.dll" id="7e66458c-6fa0-adfa-1ecd-a6462fccce40">
      <Execution id="40472ef3-f473-4060-a20c-83c66f69b2d9" />
      <TestMethod codeBase="/mnt/d/git/aula/src/Aula.Tests/bin/Debug/net9.0/Aula.Tests.dll" adapterTypeName="executor://xunit/VsTestRunner2/netcoreapp" className="Aula.Tests.Services.SupabaseServiceTests" name="Constructor_WithInvalidConfig_DoesNotThrow" />
    </UnitTest>
    <UnitTest name="Aula.Tests.Bots.TelegramInteractiveBotTests.Constructor_WithMissingToken_ThrowsInvalidOperationException" storage="/mnt/d/git/aula/src/aula.tests/bin/debug/net9.0/aula.tests.dll" id="fabac3d5-e597-1339-6b46-1c0c67411388">
      <Execution id="c4972f0e-8592-455b-95c1-c399de560924" />
      <TestMethod codeBase="/mnt/d/git/aula/src/Aula.Tests/bin/Debug/net9.0/Aula.Tests.dll" adapterTypeName="executor://xunit/VsTestRunner2/netcoreapp" className="Aula.Tests.Bots.TelegramInteractiveBotTests" name="Constructor_WithMissingToken_ThrowsInvalidOperationException" />
    </UnitTest>
    <UnitTest name="Aula.Tests.Services.DataServiceTests.CacheWeekLetter_StoresDataInCache" storage="/mnt/d/git/aula/src/aula.tests/bin/debug/net9.0/aula.tests.dll" id="a6c6eedb-804b-f291-bd53-e5fa9809816a">
      <Execution id="783b9590-dc9c-4600-a40e-b13b897d0264" />
      <TestMethod codeBase="/mnt/d/git/aula/src/Aula.Tests/bin/Debug/net9.0/Aula.Tests.dll" adapterTypeName="executor://xunit/VsTestRunner2/netcoreapp" className="Aula.Tests.Services.DataServiceTests" name="CacheWeekLetter_StoresDataInCache" />
    </UnitTest>
    <UnitTest name="Aula.Tests.Bots.TelegramInteractiveBotTests.Start_WithDisabledTelegram_LogsErrorAndReturns" storage="/mnt/d/git/aula/src/aula.tests/bin/debug/net9.0/aula.tests.dll" id="515b0adc-b2ee-305a-2e4a-324570128aec">
      <Execution id="ad57506c-a003-46a7-be75-b5ab7af2cfc7" />
      <TestMethod codeBase="/mnt/d/git/aula/src/Aula.Tests/bin/Debug/net9.0/Aula.Tests.dll" adapterTypeName="executor://xunit/VsTestRunner2/netcoreapp" className="Aula.Tests.Bots.TelegramInteractiveBotTests" name="Start_WithDisabledTelegram_LogsErrorAndReturns" />
    </UnitTest>
    <UnitTest name="Aula.Tests.Scheduling.SchedulingServiceIntegrationTests.StartStop_Sequence_WorksCorrectly" storage="/mnt/d/git/aula/src/aula.tests/bin/debug/net9.0/aula.tests.dll" id="c8f354e3-5f08-fa6e-54e5-16cf95052730">
      <Execution id="f2a05179-4a98-4dc1-900a-022e86d44db8" />
      <TestMethod codeBase="/mnt/d/git/aula/src/Aula.Tests/bin/Debug/net9.0/Aula.Tests.dll" adapterTypeName="executor://xunit/VsTestRunner2/netcoreapp" className="Aula.Tests.Scheduling.SchedulingServiceIntegrationTests" name="StartStop_Sequence_WorksCorrectly" />
    </UnitTest>
    <UnitTest name="Aula.Tests.Bots.TelegramMessageHandlerTests.HandleMessageAsync_WithPrivateChat_HandlesCorrectly" storage="/mnt/d/git/aula/src/aula.tests/bin/debug/net9.0/aula.tests.dll" id="5999bd3d-fee4-c596-3611-a7bc16bc4fdd">
      <Execution id="5c59c6b0-1b6c-42d0-bbfd-5c642d132fd5" />
      <TestMethod codeBase="/mnt/d/git/aula/src/Aula.Tests/bin/Debug/net9.0/Aula.Tests.dll" adapterTypeName="executor://xunit/VsTestRunner2/netcoreapp" className="Aula.Tests.Bots.TelegramMessageHandlerTests" name="HandleMessageAsync_WithPrivateChat_HandlesCorrectly" />
    </UnitTest>
    <UnitTest name="Aula.Tests.Configuration.ConfigurationTests.Timers_AdaptivePollingLimits_ValidationTests(minSeconds: 10, maxSeconds: 10, isValid: True)" storage="/mnt/d/git/aula/src/aula.tests/bin/debug/net9.0/aula.tests.dll" id="0e25bcf5-ab45-f600-b517-83fefa26e455">
      <Execution id="e02e4366-faf1-4d1c-9a59-1c88002eba81" />
      <TestMethod codeBase="/mnt/d/git/aula/src/Aula.Tests/bin/Debug/net9.0/Aula.Tests.dll" adapterTypeName="executor://xunit/VsTestRunner2/netcoreapp" className="Aula.Tests.Configuration.ConfigurationTests" name="Timers_AdaptivePollingLimits_ValidationTests" />
    </UnitTest>
    <UnitTest name="Aula.Tests.Utilities.DateTimeUtilitiesTests.GetDanishDayName_ValidDayOfWeek_ReturnsCorrectDanishName(dayOfWeek: Sunday, expectedDanishName: &quot;søndag&quot;)" storage="/mnt/d/git/aula/src/aula.tests/bin/debug/net9.0/aula.tests.dll" id="7603ab70-2625-ab42-8d9e-7a15863cfd1c">
      <Execution id="1f3fc3a3-6379-46ab-ac46-8968d2149702" />
      <TestMethod codeBase="/mnt/d/git/aula/src/Aula.Tests/bin/Debug/net9.0/Aula.Tests.dll" adapterTypeName="executor://xunit/VsTestRunner2/netcoreapp" className="Aula.Tests.Utilities.DateTimeUtilitiesTests" name="GetDanishDayName_ValidDayOfWeek_ReturnsCorrectDanishName" />
    </UnitTest>
    <UnitTest name="Aula.Tests.Bots.TelegramInteractiveBotTests.ComputeHash_WithDifferentInputs_ReturnsDifferentHashes" storage="/mnt/d/git/aula/src/aula.tests/bin/debug/net9.0/aula.tests.dll" id="5e0ccfa9-e637-4242-b34b-1ae82226f894">
      <Execution id="6ef3cd33-eebd-4fcc-9cbd-89710457ecdf" />
      <TestMethod codeBase="/mnt/d/git/aula/src/Aula.Tests/bin/Debug/net9.0/Aula.Tests.dll" adapterTypeName="executor://xunit/VsTestRunner2/netcoreapp" className="Aula.Tests.Bots.TelegramInteractiveBotTests" name="ComputeHash_WithDifferentInputs_ReturnsDifferentHashes" />
    </UnitTest>
    <UnitTest name="Aula.Tests.Utilities.FollowUpQuestionDetectorTests.IsFollowUpQuestion_WithEnglishFollowUpPhrases_ReturnsTrue(input: &quot;what about Emma&quot;)" storage="/mnt/d/git/aula/src/aula.tests/bin/debug/net9.0/aula.tests.dll" id="1bdda070-0470-891d-d0f0-2e66f6c00467">
      <Execution id="4a519ace-e89f-4ce9-8ef7-ba743971a9cf" />
      <TestMethod codeBase="/mnt/d/git/aula/src/Aula.Tests/bin/Debug/net9.0/Aula.Tests.dll" adapterTypeName="executor://xunit/VsTestRunner2/netcoreapp" className="Aula.Tests.Utilities.FollowUpQuestionDetectorTests" name="IsFollowUpQuestion_WithEnglishFollowUpPhrases_ReturnsTrue" />
    </UnitTest>
    <UnitTest name="Aula.Tests.Services.DataModelTests.ScheduledTask_CronExpression_CanBeSet(cronExpression: &quot;0 16 * * 0&quot;, description: &quot;Weekly at 4 PM on Sundays&quot;)" storage="/mnt/d/git/aula/src/aula.tests/bin/debug/net9.0/aula.tests.dll" id="3076346f-e719-f439-3898-289f35032ef1">
      <Execution id="1d82ccd4-d17c-4a84-b905-b8e92cc6656a" />
      <TestMethod codeBase="/mnt/d/git/aula/src/Aula.Tests/bin/Debug/net9.0/Aula.Tests.dll" adapterTypeName="executor://xunit/VsTestRunner2/netcoreapp" className="Aula.Tests.Services.DataModelTests" name="ScheduledTask_CronExpression_CanBeSet" />
    </UnitTest>
    <UnitTest name="Aula.Tests.Services.SupabaseServiceTests.WeekLetterParameters_WithValidValues_AreInValidRange(childName: &quot;TestChild&quot;, weekNumber: 42, year: 2023)" storage="/mnt/d/git/aula/src/aula.tests/bin/debug/net9.0/aula.tests.dll" id="336b2beb-eb54-f0ba-e24b-08204093e0aa">
      <Execution id="4ae84c7b-1963-4f36-a6af-690efcf66fa6" />
      <TestMethod codeBase="/mnt/d/git/aula/src/Aula.Tests/bin/Debug/net9.0/Aula.Tests.dll" adapterTypeName="executor://xunit/VsTestRunner2/netcoreapp" className="Aula.Tests.Services.SupabaseServiceTests" name="WeekLetterParameters_WithValidValues_AreInValidRange" />
    </UnitTest>
    <UnitTest name="Aula.Tests.Utilities.IntentAnalysisPromptsTests.ToolExamples_ContainsRequiredKeys(key: &quot;LIST_REMINDERS&quot;)" storage="/mnt/d/git/aula/src/aula.tests/bin/debug/net9.0/aula.tests.dll" id="bda17d36-b490-5d6a-2ec9-eac27d02fc34">
      <Execution id="ca44a73d-799d-4942-8708-0c272ed7db5c" />
      <TestMethod codeBase="/mnt/d/git/aula/src/Aula.Tests/bin/Debug/net9.0/Aula.Tests.dll" adapterTypeName="executor://xunit/VsTestRunner2/netcoreapp" className="Aula.Tests.Utilities.IntentAnalysisPromptsTests" name="ToolExamples_ContainsRequiredKeys" />
    </UnitTest>
    <UnitTest name="Aula.Tests.Utilities.FollowUpQuestionDetectorTests.IsFollowUpQuestion_WithUnicodeChildNames_WorksCorrectly(input: &quot;søren&quot;)" storage="/mnt/d/git/aula/src/aula.tests/bin/debug/net9.0/aula.tests.dll" id="abccacca-7bbc-accb-c206-54d138eb3775">
      <Execution id="deb6f9fc-c4e7-40be-bc41-8c74e8ddff63" />
      <TestMethod codeBase="/mnt/d/git/aula/src/Aula.Tests/bin/Debug/net9.0/Aula.Tests.dll" adapterTypeName="executor://xunit/VsTestRunner2/netcoreapp" className="Aula.Tests.Utilities.FollowUpQuestionDetectorTests" name="IsFollowUpQuestion_WithUnicodeChildNames_WorksCorrectly" />
    </UnitTest>
    <UnitTest name="Aula.Tests.Services.OpenAiServiceIntegrationTests.AskQuestionAboutChildrenAsync_WithValidParameters_CallsApiWithCorrectParameters" storage="/mnt/d/git/aula/src/aula.tests/bin/debug/net9.0/aula.tests.dll" id="8d316203-7ae4-8ab6-6acc-77bb5420b18a">
      <Execution id="89b18865-2a7b-4991-9f44-1f1f291d8630" />
      <TestMethod codeBase="/mnt/d/git/aula/src/Aula.Tests/bin/Debug/net9.0/Aula.Tests.dll" adapterTypeName="executor://xunit/VsTestRunner2/netcoreapp" className="Aula.Tests.Services.OpenAiServiceIntegrationTests" name="AskQuestionAboutChildrenAsync_WithValidParameters_CallsApiWithCorrectParameters" />
    </UnitTest>
    <UnitTest name="Aula.Tests.Configuration.ConfigurationTests.Slack_ChannelId_ValidationTests(channelId: &quot;@username&quot;, isValid: True)" storage="/mnt/d/git/aula/src/aula.tests/bin/debug/net9.0/aula.tests.dll" id="38a790b1-3578-8062-65d0-8c5f0243d8e8">
      <Execution id="9c621da7-be6f-40a3-9435-bb6ed0a8a360" />
      <TestMethod codeBase="/mnt/d/git/aula/src/Aula.Tests/bin/Debug/net9.0/Aula.Tests.dll" adapterTypeName="executor://xunit/VsTestRunner2/netcoreapp" className="Aula.Tests.Configuration.ConfigurationTests" name="Slack_ChannelId_ValidationTests" />
    </UnitTest>
    <UnitTest name="Aula.Tests.Configuration.ConfigurationTests.Slack_ConfigurationIsCorrect" storage="/mnt/d/git/aula/src/aula.tests/bin/debug/net9.0/aula.tests.dll" id="d4f2af6d-af5d-0e11-cead-324b41b39853">
      <Execution id="5b457b13-3ad5-4987-bb39-f3367992f381" />
      <TestMethod codeBase="/mnt/d/git/aula/src/Aula.Tests/bin/Debug/net9.0/Aula.Tests.dll" adapterTypeName="executor://xunit/VsTestRunner2/netcoreapp" className="Aula.Tests.Configuration.ConfigurationTests" name="Slack_ConfigurationIsCorrect" />
    </UnitTest>
    <UnitTest name="Aula.Tests.Scheduling.SchedulingServiceIntegrationTests.Constructor_WithNullLoggerFactory_ThrowsArgumentNullException" storage="/mnt/d/git/aula/src/aula.tests/bin/debug/net9.0/aula.tests.dll" id="a928e41a-a5c8-5840-1107-8bfd65b6750c">
      <Execution id="31106907-5fc2-4bb7-b704-f86a25cb226f" />
      <TestMethod codeBase="/mnt/d/git/aula/src/Aula.Tests/bin/Debug/net9.0/Aula.Tests.dll" adapterTypeName="executor://xunit/VsTestRunner2/netcoreapp" className="Aula.Tests.Scheduling.SchedulingServiceIntegrationTests" name="Constructor_WithNullLoggerFactory_ThrowsArgumentNullException" />
    </UnitTest>
    <UnitTest name="Aula.Tests.Utilities.DateTimeUtilitiesTests.GetDanishDayName_ValidDayOfWeek_ReturnsCorrectDanishName(dayOfWeek: Friday, expectedDanishName: &quot;fredag&quot;)" storage="/mnt/d/git/aula/src/aula.tests/bin/debug/net9.0/aula.tests.dll" id="3516f5e6-d761-9079-ee12-f11189d2dee7">
      <Execution id="8bc198c5-cd2c-433a-93cb-3fd9b06a20e2" />
      <TestMethod codeBase="/mnt/d/git/aula/src/Aula.Tests/bin/Debug/net9.0/Aula.Tests.dll" adapterTypeName="executor://xunit/VsTestRunner2/netcoreapp" className="Aula.Tests.Utilities.DateTimeUtilitiesTests" name="GetDanishDayName_ValidDayOfWeek_ReturnsCorrectDanishName" />
    </UnitTest>
    <UnitTest name="Aula.Tests.Configuration.ConfigurationTests.Features_ConversationCacheExpiration_ValidationTests(minutes: -1, isValid: False)" storage="/mnt/d/git/aula/src/aula.tests/bin/debug/net9.0/aula.tests.dll" id="14b493ec-1bcb-50f5-9528-914b1e27347a">
      <Execution id="0ffa171f-f7a3-44ba-aab8-1101b313f4af" />
      <TestMethod codeBase="/mnt/d/git/aula/src/Aula.Tests/bin/Debug/net9.0/Aula.Tests.dll" adapterTypeName="executor://xunit/VsTestRunner2/netcoreapp" className="Aula.Tests.Configuration.ConfigurationTests" name="Features_ConversationCacheExpiration_ValidationTests" />
    </UnitTest>
    <UnitTest name="Aula.Tests.Utilities.Html2SlackMarkdownConverterTests.Convert_WithNestedTags_RemovesCorrectly" storage="/mnt/d/git/aula/src/aula.tests/bin/debug/net9.0/aula.tests.dll" id="89236559-f3ef-d084-fa13-c204061f03bf">
      <Execution id="0e8a63d2-049c-4ec1-8156-3ed8184e1f20" />
      <TestMethod codeBase="/mnt/d/git/aula/src/Aula.Tests/bin/Debug/net9.0/Aula.Tests.dll" adapterTypeName="executor://xunit/VsTestRunner2/netcoreapp" className="Aula.Tests.Utilities.Html2SlackMarkdownConverterTests" name="Convert_WithNestedTags_RemovesCorrectly" />
    </UnitTest>
    <UnitTest name="Aula.Tests.Utilities.DateTimeUtilitiesTests.GetDanishDayName_ValidDayOfWeek_ReturnsCorrectDanishName(dayOfWeek: Wednesday, expectedDanishName: &quot;onsdag&quot;)" storage="/mnt/d/git/aula/src/aula.tests/bin/debug/net9.0/aula.tests.dll" id="a68a27ee-ced5-7055-06ba-12f96958b28f">
      <Execution id="f60508ae-295d-47e3-8b5b-983b32d25068" />
      <TestMethod codeBase="/mnt/d/git/aula/src/Aula.Tests/bin/Debug/net9.0/Aula.Tests.dll" adapterTypeName="executor://xunit/VsTestRunner2/netcoreapp" className="Aula.Tests.Utilities.DateTimeUtilitiesTests" name="GetDanishDayName_ValidDayOfWeek_ReturnsCorrectDanishName" />
    </UnitTest>
    <UnitTest name="Aula.Tests.Services.OpenAiServiceIntegrationTests.SummarizeWeekLetterAsync_WithNullWeekLetter_ThrowsArgumentNullException(chatInterface: Telegram)" storage="/mnt/d/git/aula/src/aula.tests/bin/debug/net9.0/aula.tests.dll" id="69d1c74a-49ac-9f2b-6362-7fb9e78b2a92">
      <Execution id="e422cf65-647c-44aa-a431-ce8b9757fa58" />
      <TestMethod codeBase="/mnt/d/git/aula/src/Aula.Tests/bin/Debug/net9.0/Aula.Tests.dll" adapterTypeName="executor://xunit/VsTestRunner2/netcoreapp" className="Aula.Tests.Services.OpenAiServiceIntegrationTests" name="SummarizeWeekLetterAsync_WithNullWeekLetter_ThrowsArgumentNullException" />
    </UnitTest>
    <UnitTest name="Aula.Tests.Utilities.WeekLetterContentExtractorTests.ExtractContent_Dynamic_WithMultipleUgebreve_ReturnsFirstContent" storage="/mnt/d/git/aula/src/aula.tests/bin/debug/net9.0/aula.tests.dll" id="4daab14e-239d-9692-7fbb-75ab5af4e5fe">
      <Execution id="161577bf-224d-4572-8ba8-2bbf961e7203" />
      <TestMethod codeBase="/mnt/d/git/aula/src/Aula.Tests/bin/Debug/net9.0/Aula.Tests.dll" adapterTypeName="executor://xunit/VsTestRunner2/netcoreapp" className="Aula.Tests.Utilities.WeekLetterContentExtractorTests" name="ExtractContent_Dynamic_WithMultipleUgebreve_ReturnsFirstContent" />
    </UnitTest>
    <UnitTest name="Aula.Tests.Bots.TelegramMessageHandlerTests.HandleMessageAsync_WithReminderCommand_ProcessesMessage(reminderCommand: &quot;vis påmindelser&quot;)" storage="/mnt/d/git/aula/src/aula.tests/bin/debug/net9.0/aula.tests.dll" id="bf86283e-7a86-5918-0c0e-285ecb14cc6f">
      <Execution id="89ae6369-ebba-484a-8f8d-cf65236dd127" />
      <TestMethod codeBase="/mnt/d/git/aula/src/Aula.Tests/bin/Debug/net9.0/Aula.Tests.dll" adapterTypeName="executor://xunit/VsTestRunner2/netcoreapp" className="Aula.Tests.Bots.TelegramMessageHandlerTests" name="HandleMessageAsync_WithReminderCommand_ProcessesMessage" />
    </UnitTest>
    <UnitTest name="Aula.Tests.Utilities.JsonFormatterTests.Prettify_WithSpecialCharacters_HandlesCorrectly" storage="/mnt/d/git/aula/src/aula.tests/bin/debug/net9.0/aula.tests.dll" id="c3e880c3-27f7-ff6e-6cfa-d2f2112d61ec">
      <Execution id="cf5293c5-7733-4463-b404-8337de2c4cbf" />
      <TestMethod codeBase="/mnt/d/git/aula/src/Aula.Tests/bin/Debug/net9.0/Aula.Tests.dll" adapterTypeName="executor://xunit/VsTestRunner2/netcoreapp" className="Aula.Tests.Utilities.JsonFormatterTests" name="Prettify_WithSpecialCharacters_HandlesCorrectly" />
    </UnitTest>
    <UnitTest name="Aula.Tests.Configuration.ConfigurationTests.UniLogin_WithInvalidCredentials_HandlesGracefully(invalidValue: &quot;&quot;)" storage="/mnt/d/git/aula/src/aula.tests/bin/debug/net9.0/aula.tests.dll" id="5152246d-f0d9-3769-bfe5-e3d39d51e3bf">
      <Execution id="6d6ce435-32a4-4c83-b762-0ee4ae02d705" />
      <TestMethod codeBase="/mnt/d/git/aula/src/Aula.Tests/bin/Debug/net9.0/Aula.Tests.dll" adapterTypeName="executor://xunit/VsTestRunner2/netcoreapp" className="Aula.Tests.Configuration.ConfigurationTests" name="UniLogin_WithInvalidCredentials_HandlesGracefully" />
    </UnitTest>
    <UnitTest name="Aula.Tests.Services.OpenAiServiceIntegrationTests.ProcessQueryWithToolsAsync_WithInvalidQuery_ThrowsArgumentException(query: &quot;   &quot;)" storage="/mnt/d/git/aula/src/aula.tests/bin/debug/net9.0/aula.tests.dll" id="5db7f4ff-e78e-7e3c-537f-1a7b8a75bb0c">
      <Execution id="f4e69ba6-dce6-4c00-b15f-e56fb2ed65be" />
      <TestMethod codeBase="/mnt/d/git/aula/src/Aula.Tests/bin/Debug/net9.0/Aula.Tests.dll" adapterTypeName="executor://xunit/VsTestRunner2/netcoreapp" className="Aula.Tests.Services.OpenAiServiceIntegrationTests" name="ProcessQueryWithToolsAsync_WithInvalidQuery_ThrowsArgumentException" />
    </UnitTest>
    <UnitTest name="Aula.Tests.Utilities.ConversationContextTests.ToString_AgeCalculation_IsAccurate" storage="/mnt/d/git/aula/src/aula.tests/bin/debug/net9.0/aula.tests.dll" id="e225aa72-58fb-b1f4-f2d2-82e178039deb">
      <Execution id="fe5a54ab-a71a-40a5-8e84-6b8585637e78" />
      <TestMethod codeBase="/mnt/d/git/aula/src/Aula.Tests/bin/Debug/net9.0/Aula.Tests.dll" adapterTypeName="executor://xunit/VsTestRunner2/netcoreapp" className="Aula.Tests.Utilities.ConversationContextTests" name="ToString_AgeCalculation_IsAccurate" />
    </UnitTest>
    <UnitTest name="Aula.Tests.Services.OpenAiServiceIntegrationTests.Constructor_WithEmptyApiKey_ThrowsArgumentException" storage="/mnt/d/git/aula/src/aula.tests/bin/debug/net9.0/aula.tests.dll" id="faff4fba-5493-e6c9-9bf9-a728e70472b3">
      <Execution id="35a5b778-3ec1-4376-84de-6f3402814058" />
      <TestMethod codeBase="/mnt/d/git/aula/src/Aula.Tests/bin/Debug/net9.0/Aula.Tests.dll" adapterTypeName="executor://xunit/VsTestRunner2/netcoreapp" className="Aula.Tests.Services.OpenAiServiceIntegrationTests" name="Constructor_WithEmptyApiKey_ThrowsArgumentException" />
    </UnitTest>
    <UnitTest name="Aula.Tests.Utilities.FollowUpQuestionDetectorTests.IsFollowUpQuestion_WithStartingFollowUpWords_ReturnsTrue(input: &quot;og Emma&quot;)" storage="/mnt/d/git/aula/src/aula.tests/bin/debug/net9.0/aula.tests.dll" id="83b73832-4937-bb84-c164-437b53d65a63">
      <Execution id="9b32bc20-7f24-42fc-8c97-a7b5d1e94d90" />
      <TestMethod codeBase="/mnt/d/git/aula/src/Aula.Tests/bin/Debug/net9.0/Aula.Tests.dll" adapterTypeName="executor://xunit/VsTestRunner2/netcoreapp" className="Aula.Tests.Utilities.FollowUpQuestionDetectorTests" name="IsFollowUpQuestion_WithStartingFollowUpWords_ReturnsTrue" />
    </UnitTest>
    <UnitTest name="Aula.Tests.Channels.TelegramClientTests.SendMessageToChannel_WithVariousMessages_DoesNotThrow(message: &quot;Message with special chars: @#$%&quot;)" storage="/mnt/d/git/aula/src/aula.tests/bin/debug/net9.0/aula.tests.dll" id="d877f94f-066f-42a6-7d0d-fddcf50efb86">
      <Execution id="0ee57bb9-5fa1-40e3-b73a-4d68f9dbf1ce" />
      <TestMethod codeBase="/mnt/d/git/aula/src/Aula.Tests/bin/Debug/net9.0/Aula.Tests.dll" adapterTypeName="executor://xunit/VsTestRunner2/netcoreapp" className="Aula.Tests.Channels.TelegramClientTests" name="SendMessageToChannel_WithVariousMessages_DoesNotThrow" />
    </UnitTest>
    <UnitTest name="Aula.Tests.Tools.ReminderCommandHandlerTests.TryHandleReminderCommand_DateParsing_DDMM_Format_WorksCorrectly" storage="/mnt/d/git/aula/src/aula.tests/bin/debug/net9.0/aula.tests.dll" id="d5b42656-f37b-3f98-9edc-5bd253352fc2">
      <Execution id="1e5b9b4f-6fb5-45da-aa8f-931319a34f72" />
      <TestMethod codeBase="/mnt/d/git/aula/src/Aula.Tests/bin/Debug/net9.0/Aula.Tests.dll" adapterTypeName="executor://xunit/VsTestRunner2/netcoreapp" className="Aula.Tests.Tools.ReminderCommandHandlerTests" name="TryHandleReminderCommand_DateParsing_DDMM_Format_WorksCorrectly" />
    </UnitTest>
    <UnitTest name="Aula.Tests.Bots.SlackMessageHandlerTests.HandleMessageAsync_WithNullChannel_ReturnsFalse" storage="/mnt/d/git/aula/src/aula.tests/bin/debug/net9.0/aula.tests.dll" id="9835e47b-ec22-5506-aeb5-974d4515aa48">
      <Execution id="e88d975c-c70a-4ada-a824-bc4cac6c3576" />
      <TestMethod codeBase="/mnt/d/git/aula/src/Aula.Tests/bin/Debug/net9.0/Aula.Tests.dll" adapterTypeName="executor://xunit/VsTestRunner2/netcoreapp" className="Aula.Tests.Bots.SlackMessageHandlerTests" name="HandleMessageAsync_WithNullChannel_ReturnsFalse" />
    </UnitTest>
    <UnitTest name="Aula.Tests.Utilities.IntentAnalysisPromptsTests.ToolExamples_ContainsBothLanguages" storage="/mnt/d/git/aula/src/aula.tests/bin/debug/net9.0/aula.tests.dll" id="3109c695-3e44-0879-5fda-41d7d17979ff">
      <Execution id="af7f06b1-addf-4705-bb94-8a6313fc2e56" />
      <TestMethod codeBase="/mnt/d/git/aula/src/Aula.Tests/bin/Debug/net9.0/Aula.Tests.dll" adapterTypeName="executor://xunit/VsTestRunner2/netcoreapp" className="Aula.Tests.Utilities.IntentAnalysisPromptsTests" name="ToolExamples_ContainsBothLanguages" />
    </UnitTest>
    <UnitTest name="Aula.Tests.Services.OpenAiServiceIntegrationTests.AskQuestionAboutWeekLetterAsync_WithNullWeekLetter_ThrowsArgumentNullException(chatInterface: Telegram)" storage="/mnt/d/git/aula/src/aula.tests/bin/debug/net9.0/aula.tests.dll" id="c5a7611f-847e-26d1-53fe-736703c875f6">
      <Execution id="c48aef47-2a10-46e7-80d9-a98baa8bbdac" />
      <TestMethod codeBase="/mnt/d/git/aula/src/Aula.Tests/bin/Debug/net9.0/Aula.Tests.dll" adapterTypeName="executor://xunit/VsTestRunner2/netcoreapp" className="Aula.Tests.Services.OpenAiServiceIntegrationTests" name="AskQuestionAboutWeekLetterAsync_WithNullWeekLetter_ThrowsArgumentNullException" />
    </UnitTest>
    <UnitTest name="Aula.Tests.Utilities.IntentAnalysisPromptsTests.ToolExamples_CoverExpectedUseCase(expectedKey: &quot;GET_CURRENT_TIME&quot;, queryPattern: &quot;time&quot;)" storage="/mnt/d/git/aula/src/aula.tests/bin/debug/net9.0/aula.tests.dll" id="88e9ac16-5b29-b780-b558-9573ebf5b489">
      <Execution id="27975a0f-c164-404c-a28f-73f79b7810c4" />
      <TestMethod codeBase="/mnt/d/git/aula/src/Aula.Tests/bin/Debug/net9.0/Aula.Tests.dll" adapterTypeName="executor://xunit/VsTestRunner2/netcoreapp" className="Aula.Tests.Utilities.IntentAnalysisPromptsTests" name="ToolExamples_CoverExpectedUseCase" />
    </UnitTest>
    <UnitTest name="Aula.Tests.Channels.SlackBotTests.PostMessage_WithVariousMessages_DoesNotThrow(message: &quot;&quot;)" storage="/mnt/d/git/aula/src/aula.tests/bin/debug/net9.0/aula.tests.dll" id="639796f8-538b-fbb8-1899-7a0106856fc7">
      <Execution id="144264b0-75db-46b0-b0dd-5331db1081c6" />
      <TestMethod codeBase="/mnt/d/git/aula/src/Aula.Tests/bin/Debug/net9.0/Aula.Tests.dll" adapterTypeName="executor://xunit/VsTestRunner2/netcoreapp" className="Aula.Tests.Channels.SlackBotTests" name="PostMessage_WithVariousMessages_DoesNotThrow" />
    </UnitTest>
    <UnitTest name="Aula.Tests.Utilities.JsonFormatterTests.Prettify_WithIncompleteJson_ThrowsException(incompleteJson: &quot;]&quot;)" storage="/mnt/d/git/aula/src/aula.tests/bin/debug/net9.0/aula.tests.dll" id="0026d070-5db9-6f8c-0581-fb23b0721050">
      <Execution id="be8f4a19-bee8-42a9-abcc-bb9e77515d92" />
      <TestMethod codeBase="/mnt/d/git/aula/src/Aula.Tests/bin/Debug/net9.0/Aula.Tests.dll" adapterTypeName="executor://xunit/VsTestRunner2/netcoreapp" className="Aula.Tests.Utilities.JsonFormatterTests" name="Prettify_WithIncompleteJson_ThrowsException" />
    </UnitTest>
    <UnitTest name="Aula.Tests.Configuration.ConfigurationTests.Slack_ChannelId_ValidationTests(channelId: &quot;#general&quot;, isValid: True)" storage="/mnt/d/git/aula/src/aula.tests/bin/debug/net9.0/aula.tests.dll" id="b7ae8529-9bcc-b3b7-9e9a-1f51fba7bd52">
      <Execution id="2d7c41e8-501e-4702-bea5-76ef8a516b1c" />
      <TestMethod codeBase="/mnt/d/git/aula/src/Aula.Tests/bin/Debug/net9.0/Aula.Tests.dll" adapterTypeName="executor://xunit/VsTestRunner2/netcoreapp" className="Aula.Tests.Configuration.ConfigurationTests" name="Slack_ChannelId_ValidationTests" />
    </UnitTest>
    <UnitTest name="Aula.Tests.Services.OpenAiServiceIntegrationTests.Constructor_WithNullAiToolsManager_ThrowsArgumentNullException" storage="/mnt/d/git/aula/src/aula.tests/bin/debug/net9.0/aula.tests.dll" id="63a4082c-526e-0303-add0-711bb075125c">
      <Execution id="13f0faad-634e-4995-a047-2393d69a678e" />
      <TestMethod codeBase="/mnt/d/git/aula/src/Aula.Tests/bin/Debug/net9.0/Aula.Tests.dll" adapterTypeName="executor://xunit/VsTestRunner2/netcoreapp" className="Aula.Tests.Services.OpenAiServiceIntegrationTests" name="Constructor_WithNullAiToolsManager_ThrowsArgumentNullException" />
    </UnitTest>
    <UnitTest name="Aula.Tests.Utilities.ReminderExtractionPromptsTests.GetExtractionPrompt_ContainsRequiredExtractionFields" storage="/mnt/d/git/aula/src/aula.tests/bin/debug/net9.0/aula.tests.dll" id="8495fb32-9c63-b362-e211-e17f09a360d7">
      <Execution id="e55140c4-4690-4b4c-96e0-f66d49a53342" />
      <TestMethod codeBase="/mnt/d/git/aula/src/Aula.Tests/bin/Debug/net9.0/Aula.Tests.dll" adapterTypeName="executor://xunit/VsTestRunner2/netcoreapp" className="Aula.Tests.Utilities.ReminderExtractionPromptsTests" name="GetExtractionPrompt_ContainsRequiredExtractionFields" />
    </UnitTest>
    <UnitTest name="Aula.Tests.Bots.SlackMessageHandlerTests.HandleMessageAsync_WithValidMessage_ReturnsTrue" storage="/mnt/d/git/aula/src/aula.tests/bin/debug/net9.0/aula.tests.dll" id="ed243bdd-6000-1061-a83e-9e458b3d2a08">
      <Execution id="0cd51bf4-d693-4356-8d9c-857334199d95" />
      <TestMethod codeBase="/mnt/d/git/aula/src/Aula.Tests/bin/Debug/net9.0/Aula.Tests.dll" adapterTypeName="executor://xunit/VsTestRunner2/netcoreapp" className="Aula.Tests.Bots.SlackMessageHandlerTests" name="HandleMessageAsync_WithValidMessage_ReturnsTrue" />
    </UnitTest>
    <UnitTest name="Aula.Tests.Utilities.DateTimeUtilitiesTests.GetDanishDayName_InvalidDayOfWeek_ReturnsUnknownDay" storage="/mnt/d/git/aula/src/aula.tests/bin/debug/net9.0/aula.tests.dll" id="d3be5396-2e22-40ea-fb50-3295c468f33c">
      <Execution id="9bd84164-1451-4f5b-9803-76250951c5ea" />
      <TestMethod codeBase="/mnt/d/git/aula/src/Aula.Tests/bin/Debug/net9.0/Aula.Tests.dll" adapterTypeName="executor://xunit/VsTestRunner2/netcoreapp" className="Aula.Tests.Utilities.DateTimeUtilitiesTests" name="GetDanishDayName_InvalidDayOfWeek_ReturnsUnknownDay" />
    </UnitTest>
    <UnitTest name="Aula.Tests.Tools.ReminderCommandHandlerTests.TryHandleReminderCommand_AddReminder_WithException_LogsErrorAndReturnsErrorMessage" storage="/mnt/d/git/aula/src/aula.tests/bin/debug/net9.0/aula.tests.dll" id="d0cf4523-20d9-e9c2-7e92-dc719d8bb4ef">
      <Execution id="ee40c351-c754-4f1e-bb75-01e3f4ee63c4" />
      <TestMethod codeBase="/mnt/d/git/aula/src/Aula.Tests/bin/Debug/net9.0/Aula.Tests.dll" adapterTypeName="executor://xunit/VsTestRunner2/netcoreapp" className="Aula.Tests.Tools.ReminderCommandHandlerTests" name="TryHandleReminderCommand_AddReminder_WithException_LogsErrorAndReturnsErrorMessage" />
    </UnitTest>
    <UnitTest name="Aula.Tests.Channels.TelegramClientTests.Constructor_WithVariousTokens_DoesNotThrow(token: &quot;123456789:AABBCCDDEEFFGG&quot;)" storage="/mnt/d/git/aula/src/aula.tests/bin/debug/net9.0/aula.tests.dll" id="1e24c5cd-d42a-5c97-73c1-5f149820ea22">
      <Execution id="8369e8ba-4774-4030-8b0a-f6178359c310" />
      <TestMethod codeBase="/mnt/d/git/aula/src/Aula.Tests/bin/Debug/net9.0/Aula.Tests.dll" adapterTypeName="executor://xunit/VsTestRunner2/netcoreapp" className="Aula.Tests.Channels.TelegramClientTests" name="Constructor_WithVariousTokens_DoesNotThrow" />
    </UnitTest>
    <UnitTest name="Aula.Tests.Bots.TelegramInteractiveBotTests.SendMessage_WithLongChatId_SendsSuccessfully(chatId: &quot;1234567890&quot;)" storage="/mnt/d/git/aula/src/aula.tests/bin/debug/net9.0/aula.tests.dll" id="f1a8ea88-01e1-69c3-1fe9-4aa537f89af0">
      <Execution id="62bc0381-71e3-4827-aa79-62d549d928b0" />
      <TestMethod codeBase="/mnt/d/git/aula/src/Aula.Tests/bin/Debug/net9.0/Aula.Tests.dll" adapterTypeName="executor://xunit/VsTestRunner2/netcoreapp" className="Aula.Tests.Bots.TelegramInteractiveBotTests" name="SendMessage_WithLongChatId_SendsSuccessfully" />
    </UnitTest>
    <UnitTest name="Aula.Tests.Bots.SlackInteractiveBotTests.Constructor_WithValidParameters_InitializesCorrectly" storage="/mnt/d/git/aula/src/aula.tests/bin/debug/net9.0/aula.tests.dll" id="2f04f25a-f7ea-d154-f23d-9b85170cefc4">
      <Execution id="3515c1f5-06f9-4b36-a4a6-0632b801f58e" />
      <TestMethod codeBase="/mnt/d/git/aula/src/Aula.Tests/bin/Debug/net9.0/Aula.Tests.dll" adapterTypeName="executor://xunit/VsTestRunner2/netcoreapp" className="Aula.Tests.Bots.SlackInteractiveBotTests" name="Constructor_WithValidParameters_InitializesCorrectly" />
    </UnitTest>
    <UnitTest name="Aula.Tests.Channels.TelegramClientTests.PostWeekLetter_WithVariousChildNames_HandlesCorrectly(firstName: &quot;Alice&quot;)" storage="/mnt/d/git/aula/src/aula.tests/bin/debug/net9.0/aula.tests.dll" id="7764d870-960a-e6a5-a9d1-b95db448a3be">
      <Execution id="1466016c-996c-460d-9dd9-5de005240708" />
      <TestMethod codeBase="/mnt/d/git/aula/src/Aula.Tests/bin/Debug/net9.0/Aula.Tests.dll" adapterTypeName="executor://xunit/VsTestRunner2/netcoreapp" className="Aula.Tests.Channels.TelegramClientTests" name="PostWeekLetter_WithVariousChildNames_HandlesCorrectly" />
    </UnitTest>
    <UnitTest name="Aula.Tests.Utilities.ConversationContextTests.ConversationContext_DefaultValues_AreSetCorrectly" storage="/mnt/d/git/aula/src/aula.tests/bin/debug/net9.0/aula.tests.dll" id="ee79648a-cff5-5748-d2f4-bbdc12cb6662">
      <Execution id="858bbdc3-d968-4bc3-90be-7f10d3ebf292" />
      <TestMethod codeBase="/mnt/d/git/aula/src/Aula.Tests/bin/Debug/net9.0/Aula.Tests.dll" adapterTypeName="executor://xunit/VsTestRunner2/netcoreapp" className="Aula.Tests.Utilities.ConversationContextTests" name="ConversationContext_DefaultValues_AreSetCorrectly" />
    </UnitTest>
    <UnitTest name="Aula.Tests.Utilities.FollowUpQuestionDetectorTests.IsFollowUpQuestion_WithChildNameAndShortMessage_ReturnsTrue(input: &quot;Wilson&quot;)" storage="/mnt/d/git/aula/src/aula.tests/bin/debug/net9.0/aula.tests.dll" id="415f90fb-9864-854c-b560-969302c9cec5">
      <Execution id="cff0b848-c1e5-41ac-a6ed-cbbd179334fd" />
      <TestMethod codeBase="/mnt/d/git/aula/src/Aula.Tests/bin/Debug/net9.0/Aula.Tests.dll" adapterTypeName="executor://xunit/VsTestRunner2/netcoreapp" className="Aula.Tests.Utilities.FollowUpQuestionDetectorTests" name="IsFollowUpQuestion_WithChildNameAndShortMessage_ReturnsTrue" />
    </UnitTest>
    <UnitTest name="Aula.Tests.Utilities.Html2SlackMarkdownConverterTests.Convert_WithPartialTags_HandlesGracefully(html: &quot;&lt;p&gt;&quot;)" storage="/mnt/d/git/aula/src/aula.tests/bin/debug/net9.0/aula.tests.dll" id="3a146d29-fbcb-fef0-8b31-74bf7ff2c627">
      <Execution id="27aec266-0ce1-46d5-96f4-b40c7973af15" />
      <TestMethod codeBase="/mnt/d/git/aula/src/Aula.Tests/bin/Debug/net9.0/Aula.Tests.dll" adapterTypeName="executor://xunit/VsTestRunner2/netcoreapp" className="Aula.Tests.Utilities.Html2SlackMarkdownConverterTests" name="Convert_WithPartialTags_HandlesGracefully" />
    </UnitTest>
    <UnitTest name="Aula.Tests.Scheduling.SchedulingServiceIntegrationTests.Service_WithDifferentBotConfigurations_WorksCorrectly(slackEnabled: False, telegramEnabled: True)" storage="/mnt/d/git/aula/src/aula.tests/bin/debug/net9.0/aula.tests.dll" id="db1ac5c7-4d71-7640-4051-517cc2b3de0c">
      <Execution id="8f0eb5bb-6461-43d4-b822-045c201010b5" />
      <TestMethod codeBase="/mnt/d/git/aula/src/Aula.Tests/bin/Debug/net9.0/Aula.Tests.dll" adapterTypeName="executor://xunit/VsTestRunner2/netcoreapp" className="Aula.Tests.Scheduling.SchedulingServiceIntegrationTests" name="Service_WithDifferentBotConfigurations_WorksCorrectly" />
    </UnitTest>
    <UnitTest name="Aula.Tests.Bots.SlackInteractiveBotTests.Start_WithMissingApiToken_LogsErrorAndReturns" storage="/mnt/d/git/aula/src/aula.tests/bin/debug/net9.0/aula.tests.dll" id="3faf1419-3703-7fd5-a3da-353c4d730dce">
      <Execution id="cd9d2157-e303-47f6-8f33-1e76b44e920a" />
      <TestMethod codeBase="/mnt/d/git/aula/src/Aula.Tests/bin/Debug/net9.0/Aula.Tests.dll" adapterTypeName="executor://xunit/VsTestRunner2/netcoreapp" className="Aula.Tests.Bots.SlackInteractiveBotTests" name="Start_WithMissingApiToken_LogsErrorAndReturns" />
    </UnitTest>
    <UnitTest name="Aula.Tests.Services.OpenAiServiceIntegrationTests.AskQuestionAboutChildrenAsync_WithNullChildrenWeekLetters_ThrowsArgumentNullException(chatInterface: Slack)" storage="/mnt/d/git/aula/src/aula.tests/bin/debug/net9.0/aula.tests.dll" id="98555ca9-e51e-c77a-a5b7-89147423d30d">
      <Execution id="c9bf54be-ec96-4587-9642-7e3abaa8ad8b" />
      <TestMethod codeBase="/mnt/d/git/aula/src/Aula.Tests/bin/Debug/net9.0/Aula.Tests.dll" adapterTypeName="executor://xunit/VsTestRunner2/netcoreapp" className="Aula.Tests.Services.OpenAiServiceIntegrationTests" name="AskQuestionAboutChildrenAsync_WithNullChildrenWeekLetters_ThrowsArgumentNullException" />
    </UnitTest>
    <UnitTest name="Aula.Tests.Configuration.ConfigurationTests.Timers_ConfigurationIsCorrect" storage="/mnt/d/git/aula/src/aula.tests/bin/debug/net9.0/aula.tests.dll" id="33b001f1-b8e7-0e78-6628-3106ad6d2f71">
      <Execution id="da391b89-32ec-482e-a181-b0cf1602b124" />
      <TestMethod codeBase="/mnt/d/git/aula/src/Aula.Tests/bin/Debug/net9.0/Aula.Tests.dll" adapterTypeName="executor://xunit/VsTestRunner2/netcoreapp" className="Aula.Tests.Configuration.ConfigurationTests" name="Timers_ConfigurationIsCorrect" />
    </UnitTest>
    <UnitTest name="Aula.Tests.Bots.TelegramMessageHandlerTests.Constructor_WithNullSupabaseService_ThrowsArgumentNullException" storage="/mnt/d/git/aula/src/aula.tests/bin/debug/net9.0/aula.tests.dll" id="465ed908-4041-5a87-afb1-27b6b5171191">
      <Execution id="ed79a45c-da80-485e-a0c2-3cedbb73ab0a" />
      <TestMethod codeBase="/mnt/d/git/aula/src/Aula.Tests/bin/Debug/net9.0/Aula.Tests.dll" adapterTypeName="executor://xunit/VsTestRunner2/netcoreapp" className="Aula.Tests.Bots.TelegramMessageHandlerTests" name="Constructor_WithNullSupabaseService_ThrowsArgumentNullException" />
    </UnitTest>
    <UnitTest name="Aula.Tests.Services.DataModelTests.AppState_WithProperties_SetsCorrectly" storage="/mnt/d/git/aula/src/aula.tests/bin/debug/net9.0/aula.tests.dll" id="a4a3bfc2-ce2c-55ab-e6c7-e1c25caaf60b">
      <Execution id="c232455d-677a-4184-8d34-e2719b27ca00" />
      <TestMethod codeBase="/mnt/d/git/aula/src/Aula.Tests/bin/Debug/net9.0/Aula.Tests.dll" adapterTypeName="executor://xunit/VsTestRunner2/netcoreapp" className="Aula.Tests.Services.DataModelTests" name="AppState_WithProperties_SetsCorrectly" />
    </UnitTest>
    <UnitTest name="Aula.Tests.Channels.TelegramClientTests.PostWeekLetter_WithValidInputs_DoesNotThrow" storage="/mnt/d/git/aula/src/aula.tests/bin/debug/net9.0/aula.tests.dll" id="cc139316-f1a2-00ef-ef1d-1e4ba4910c04">
      <Execution id="0d2c5405-6df9-42c0-9e84-13b32163c5e4" />
      <TestMethod codeBase="/mnt/d/git/aula/src/Aula.Tests/bin/Debug/net9.0/Aula.Tests.dll" adapterTypeName="executor://xunit/VsTestRunner2/netcoreapp" className="Aula.Tests.Channels.TelegramClientTests" name="PostWeekLetter_WithValidInputs_DoesNotThrow" />
    </UnitTest>
    <UnitTest name="Aula.Tests.Bots.SlackMessageHandlerTests.Constructor_WithNullConversationContext_ThrowsArgumentNullException" storage="/mnt/d/git/aula/src/aula.tests/bin/debug/net9.0/aula.tests.dll" id="abcb3b7f-4c07-2d28-fb29-7bc03942e3cd">
      <Execution id="567ebe73-2170-4065-99b2-089e7043bd11" />
      <TestMethod codeBase="/mnt/d/git/aula/src/Aula.Tests/bin/Debug/net9.0/Aula.Tests.dll" adapterTypeName="executor://xunit/VsTestRunner2/netcoreapp" className="Aula.Tests.Bots.SlackMessageHandlerTests" name="Constructor_WithNullConversationContext_ThrowsArgumentNullException" />
    </UnitTest>
    <UnitTest name="Aula.Tests.Channels.TelegramClientTests.PostWeekLetter_WithEmptyWeekLetter_HandlesGracefully" storage="/mnt/d/git/aula/src/aula.tests/bin/debug/net9.0/aula.tests.dll" id="ab63d831-8e5f-0400-01ad-bd4bb81aa871">
      <Execution id="0ebda6d8-2fde-48a3-a3e4-2978513e80d8" />
      <TestMethod codeBase="/mnt/d/git/aula/src/Aula.Tests/bin/Debug/net9.0/Aula.Tests.dll" adapterTypeName="executor://xunit/VsTestRunner2/netcoreapp" className="Aula.Tests.Channels.TelegramClientTests" name="PostWeekLetter_WithEmptyWeekLetter_HandlesGracefully" />
    </UnitTest>
    <UnitTest name="Aula.Tests.Services.DataModelTests.ScheduledTask_WithProperties_SetsCorrectly" storage="/mnt/d/git/aula/src/aula.tests/bin/debug/net9.0/aula.tests.dll" id="34366f44-ed9b-7d8b-6c2d-6118dfaf9ff9">
      <Execution id="a997dffb-5b3b-4ebc-8c2e-81c319b9ab88" />
      <TestMethod codeBase="/mnt/d/git/aula/src/Aula.Tests/bin/Debug/net9.0/Aula.Tests.dll" adapterTypeName="executor://xunit/VsTestRunner2/netcoreapp" className="Aula.Tests.Services.DataModelTests" name="ScheduledTask_WithProperties_SetsCorrectly" />
    </UnitTest>
    <UnitTest name="Aula.Tests.Utilities.FollowUpQuestionDetectorTests.IsFollowUpQuestion_WithNullLogger_ThrowsArgumentNullException" storage="/mnt/d/git/aula/src/aula.tests/bin/debug/net9.0/aula.tests.dll" id="ce195ac9-e907-62d3-fa5f-c3b7ebadeac3">
      <Execution id="1031834c-1265-47a1-a1bb-35cb414b0308" />
      <TestMethod codeBase="/mnt/d/git/aula/src/Aula.Tests/bin/Debug/net9.0/Aula.Tests.dll" adapterTypeName="executor://xunit/VsTestRunner2/netcoreapp" className="Aula.Tests.Utilities.FollowUpQuestionDetectorTests" name="IsFollowUpQuestion_WithNullLogger_ThrowsArgumentNullException" />
    </UnitTest>
    <UnitTest name="Aula.Tests.Services.OpenAiServiceIntegrationTests.Constructor_WithValidParameters_InitializesCorrectly" storage="/mnt/d/git/aula/src/aula.tests/bin/debug/net9.0/aula.tests.dll" id="8c77f87a-9ff2-d101-f9e6-6771eeb5c649">
      <Execution id="a0ba9dd0-ea01-43a9-9b1a-a186c7db1e94" />
      <TestMethod codeBase="/mnt/d/git/aula/src/Aula.Tests/bin/Debug/net9.0/Aula.Tests.dll" adapterTypeName="executor://xunit/VsTestRunner2/netcoreapp" className="Aula.Tests.Services.OpenAiServiceIntegrationTests" name="Constructor_WithValidParameters_InitializesCorrectly" />
    </UnitTest>
    <UnitTest name="Aula.Tests.Channels.SlackBotTests.SendTestMessage_WithVariousMessages_DoesNotThrow(message: &quot;Message with *bold* and _italic_&quot;)" storage="/mnt/d/git/aula/src/aula.tests/bin/debug/net9.0/aula.tests.dll" id="39cbc733-29e9-c5b4-bf01-9d0a5e8faef4">
      <Execution id="98119f78-0f48-4fb7-bb3d-020884904c23" />
      <TestMethod codeBase="/mnt/d/git/aula/src/Aula.Tests/bin/Debug/net9.0/Aula.Tests.dll" adapterTypeName="executor://xunit/VsTestRunner2/netcoreapp" className="Aula.Tests.Channels.SlackBotTests" name="SendTestMessage_WithVariousMessages_DoesNotThrow" />
    </UnitTest>
    <UnitTest name="Aula.Tests.Utilities.JsonFormatterTests.Prettify_WithNumbers_PreservesNumericTypes" storage="/mnt/d/git/aula/src/aula.tests/bin/debug/net9.0/aula.tests.dll" id="5a903d00-5b08-70e4-0ae1-41f7c132ff27">
      <Execution id="99c7cb3e-80fc-4b1d-b354-e65ba48a22f1" />
      <TestMethod codeBase="/mnt/d/git/aula/src/Aula.Tests/bin/Debug/net9.0/Aula.Tests.dll" adapterTypeName="executor://xunit/VsTestRunner2/netcoreapp" className="Aula.Tests.Utilities.JsonFormatterTests" name="Prettify_WithNumbers_PreservesNumericTypes" />
    </UnitTest>
    <UnitTest name="Aula.Tests.Services.DataModelTests.Reminder_CreatedBy_HandlesValues(createdBy: null, shouldAccept: False)" storage="/mnt/d/git/aula/src/aula.tests/bin/debug/net9.0/aula.tests.dll" id="dd6cd978-16c0-3adf-7057-3791731bf47f">
      <Execution id="b7371b4c-b3a5-4ebb-8b1d-d331e504aef9" />
      <TestMethod codeBase="/mnt/d/git/aula/src/Aula.Tests/bin/Debug/net9.0/Aula.Tests.dll" adapterTypeName="executor://xunit/VsTestRunner2/netcoreapp" className="Aula.Tests.Services.DataModelTests" name="Reminder_CreatedBy_HandlesValues" />
    </UnitTest>
    <UnitTest name="Aula.Tests.Tools.ReminderCommandHandlerTests.Constructor_WithNullLogger_ThrowsArgumentNullException" storage="/mnt/d/git/aula/src/aula.tests/bin/debug/net9.0/aula.tests.dll" id="52284c88-15e2-e622-5da9-cf51ba9aa844">
      <Execution id="c3f35511-b793-4db3-b571-4ffc87b2aecb" />
      <TestMethod codeBase="/mnt/d/git/aula/src/Aula.Tests/bin/Debug/net9.0/Aula.Tests.dll" adapterTypeName="executor://xunit/VsTestRunner2/netcoreapp" className="Aula.Tests.Tools.ReminderCommandHandlerTests" name="Constructor_WithNullLogger_ThrowsArgumentNullException" />
    </UnitTest>
    <UnitTest name="Aula.Tests.Channels.SlackBotTests.PostMessage_WithVariousMessages_DoesNotThrow(message: &quot;Simple message&quot;)" storage="/mnt/d/git/aula/src/aula.tests/bin/debug/net9.0/aula.tests.dll" id="470ea3d0-f459-b6ad-4f9f-44954dd4a0b8">
      <Execution id="c9e9dd74-8982-4743-91e9-4ea0e4010167" />
      <TestMethod codeBase="/mnt/d/git/aula/src/Aula.Tests/bin/Debug/net9.0/Aula.Tests.dll" adapterTypeName="executor://xunit/VsTestRunner2/netcoreapp" className="Aula.Tests.Channels.SlackBotTests" name="PostMessage_WithVariousMessages_DoesNotThrow" />
    </UnitTest>
    <UnitTest name="Aula.Tests.Services.DataModelTests.ScheduledTask_DefaultConstructor_InitializesCorrectly" storage="/mnt/d/git/aula/src/aula.tests/bin/debug/net9.0/aula.tests.dll" id="959fba83-0682-2e3d-51fe-2394f6f56bd3">
      <Execution id="3a410ad9-83f1-4690-a179-1ae44436e6e7" />
      <TestMethod codeBase="/mnt/d/git/aula/src/Aula.Tests/bin/Debug/net9.0/Aula.Tests.dll" adapterTypeName="executor://xunit/VsTestRunner2/netcoreapp" className="Aula.Tests.Services.DataModelTests" name="ScheduledTask_DefaultConstructor_InitializesCorrectly" />
    </UnitTest>
    <UnitTest name="Aula.Tests.Bots.SlackMessageHandlerTests.Constructor_WithNullChildrenByName_ThrowsArgumentNullException" storage="/mnt/d/git/aula/src/aula.tests/bin/debug/net9.0/aula.tests.dll" id="0d3d8599-f426-1393-a900-8c97239c2db0">
      <Execution id="ffdf42ca-46ba-4d93-8217-00b972f57fcb" />
      <TestMethod codeBase="/mnt/d/git/aula/src/Aula.Tests/bin/Debug/net9.0/Aula.Tests.dll" adapterTypeName="executor://xunit/VsTestRunner2/netcoreapp" className="Aula.Tests.Bots.SlackMessageHandlerTests" name="Constructor_WithNullChildrenByName_ThrowsArgumentNullException" />
    </UnitTest>
    <UnitTest name="Aula.Tests.Channels.SlackBotTests.PostWeekLetter_WithVariousChildNames_HandlesCorrectly(firstName: &quot;&quot;)" storage="/mnt/d/git/aula/src/aula.tests/bin/debug/net9.0/aula.tests.dll" id="d3b4820e-3f6b-fc6c-04b8-e7cf49b0bad8">
      <Execution id="25b8166d-c11b-4e05-a1de-680c69a55a0e" />
      <TestMethod codeBase="/mnt/d/git/aula/src/Aula.Tests/bin/Debug/net9.0/Aula.Tests.dll" adapterTypeName="executor://xunit/VsTestRunner2/netcoreapp" className="Aula.Tests.Channels.SlackBotTests" name="PostWeekLetter_WithVariousChildNames_HandlesCorrectly" />
    </UnitTest>
    <UnitTest name="Aula.Tests.Utilities.ReminderExtractionPromptsTests.GetExtractionPrompt_ContainsExpectedResponseFormat" storage="/mnt/d/git/aula/src/aula.tests/bin/debug/net9.0/aula.tests.dll" id="1a0f9073-85e9-ddfd-302a-6b8e7f408be7">
      <Execution id="e2531de5-e080-4e1d-8b3c-3e43ad0637d3" />
      <TestMethod codeBase="/mnt/d/git/aula/src/Aula.Tests/bin/Debug/net9.0/Aula.Tests.dll" adapterTypeName="executor://xunit/VsTestRunner2/netcoreapp" className="Aula.Tests.Utilities.ReminderExtractionPromptsTests" name="GetExtractionPrompt_ContainsExpectedResponseFormat" />
    </UnitTest>
    <UnitTest name="Aula.Tests.Utilities.ConversationContextManagerTests.GetContext_WithNonExistentKey_ReturnsNull" storage="/mnt/d/git/aula/src/aula.tests/bin/debug/net9.0/aula.tests.dll" id="4b2a2af9-445d-9ecf-64f7-d742a6adefb7">
      <Execution id="54d2af56-bcdc-49af-af8e-4ed5832b7717" />
      <TestMethod codeBase="/mnt/d/git/aula/src/Aula.Tests/bin/Debug/net9.0/Aula.Tests.dll" adapterTypeName="executor://xunit/VsTestRunner2/netcoreapp" className="Aula.Tests.Utilities.ConversationContextManagerTests" name="GetContext_WithNonExistentKey_ReturnsNull" />
    </UnitTest>
    <UnitTest name="Aula.Tests.Bots.SlackMessageHandlerTests.Constructor_WithNullHttpClient_ThrowsArgumentNullException" storage="/mnt/d/git/aula/src/aula.tests/bin/debug/net9.0/aula.tests.dll" id="d484adb7-a52c-1efb-9dd8-63c19447b60d">
      <Execution id="4f136538-5d6d-406a-83c5-d3c084f4baeb" />
      <TestMethod codeBase="/mnt/d/git/aula/src/Aula.Tests/bin/Debug/net9.0/Aula.Tests.dll" adapterTypeName="executor://xunit/VsTestRunner2/netcoreapp" className="Aula.Tests.Bots.SlackMessageHandlerTests" name="Constructor_WithNullHttpClient_ThrowsArgumentNullException" />
    </UnitTest>
    <UnitTest name="Aula.Tests.Utilities.DateTimeUtilitiesTests.GetDanishDayName_ValidDayOfWeek_ReturnsLowercaseName(dayOfWeek: Saturday, expectedName: &quot;lørdag&quot;)" storage="/mnt/d/git/aula/src/aula.tests/bin/debug/net9.0/aula.tests.dll" id="44a05eee-eae2-643d-4997-e4bad6b31a71">
      <Execution id="ee62e25f-5d09-46e4-8134-ed4885a1628f" />
      <TestMethod codeBase="/mnt/d/git/aula/src/Aula.Tests/bin/Debug/net9.0/Aula.Tests.dll" adapterTypeName="executor://xunit/VsTestRunner2/netcoreapp" className="Aula.Tests.Utilities.DateTimeUtilitiesTests" name="GetDanishDayName_ValidDayOfWeek_ReturnsLowercaseName" />
    </UnitTest>
    <UnitTest name="Aula.Tests.Bots.SlackInteractiveBotTests.Dispose_WhenCalled_DisposesResources" storage="/mnt/d/git/aula/src/aula.tests/bin/debug/net9.0/aula.tests.dll" id="836451b2-62cb-4cd2-ca5f-c5c8f2c0a202">
      <Execution id="10bf1eab-7e28-41df-8f33-a6d1f9d7c42f" />
      <TestMethod codeBase="/mnt/d/git/aula/src/Aula.Tests/bin/Debug/net9.0/Aula.Tests.dll" adapterTypeName="executor://xunit/VsTestRunner2/netcoreapp" className="Aula.Tests.Bots.SlackInteractiveBotTests" name="Dispose_WhenCalled_DisposesResources" />
    </UnitTest>
    <UnitTest name="Aula.Tests.Bots.SlackInteractiveBotTests.Constructor_WithNullAgentService_ThrowsArgumentNullException" storage="/mnt/d/git/aula/src/aula.tests/bin/debug/net9.0/aula.tests.dll" id="1d29fac2-3f2b-d487-db1b-b2d3ad7fc889">
      <Execution id="b14fe380-92e1-433f-b671-969d0022f598" />
      <TestMethod codeBase="/mnt/d/git/aula/src/Aula.Tests/bin/Debug/net9.0/Aula.Tests.dll" adapterTypeName="executor://xunit/VsTestRunner2/netcoreapp" className="Aula.Tests.Bots.SlackInteractiveBotTests" name="Constructor_WithNullAgentService_ThrowsArgumentNullException" />
    </UnitTest>
    <UnitTest name="Aula.Tests.Bots.TelegramInteractiveBotTests.Constructor_WithNullConfig_ThrowsArgumentNullException" storage="/mnt/d/git/aula/src/aula.tests/bin/debug/net9.0/aula.tests.dll" id="cb05154c-9d2c-0c1f-d5d8-19063e23db2a">
      <Execution id="68b81ea3-6c6d-475f-bef1-d4ed9d100eeb" />
      <TestMethod codeBase="/mnt/d/git/aula/src/Aula.Tests/bin/Debug/net9.0/Aula.Tests.dll" adapterTypeName="executor://xunit/VsTestRunner2/netcoreapp" className="Aula.Tests.Bots.TelegramInteractiveBotTests" name="Constructor_WithNullConfig_ThrowsArgumentNullException" />
    </UnitTest>
    <UnitTest name="Aula.Tests.Tools.ReminderCommandHandlerTests.TryHandleReminderCommand_NonMatchingPatterns_ReturnsFalse(command: &quot;husk mig ugyldig at 8:00 at invalid format&quot;, isEnglish: False)" storage="/mnt/d/git/aula/src/aula.tests/bin/debug/net9.0/aula.tests.dll" id="d7aeee86-92f2-5c12-685d-812d09ed0822">
      <Execution id="24ff2b40-5713-4e66-84dd-01cd398382c8" />
      <TestMethod codeBase="/mnt/d/git/aula/src/Aula.Tests/bin/Debug/net9.0/Aula.Tests.dll" adapterTypeName="executor://xunit/VsTestRunner2/netcoreapp" className="Aula.Tests.Tools.ReminderCommandHandlerTests" name="TryHandleReminderCommand_NonMatchingPatterns_ReturnsFalse" />
    </UnitTest>
    <UnitTest name="Aula.Tests.Bots.TelegramMessageHandlerTests.HandleMessageAsync_WithNullText_ReturnsEarly" storage="/mnt/d/git/aula/src/aula.tests/bin/debug/net9.0/aula.tests.dll" id="a91693fe-7a60-fb25-8c1a-3c9d5103f720">
      <Execution id="38af310f-cf41-4b17-a85e-fd5d323bc328" />
      <TestMethod codeBase="/mnt/d/git/aula/src/Aula.Tests/bin/Debug/net9.0/Aula.Tests.dll" adapterTypeName="executor://xunit/VsTestRunner2/netcoreapp" className="Aula.Tests.Bots.TelegramMessageHandlerTests" name="HandleMessageAsync_WithNullText_ReturnsEarly" />
    </UnitTest>
    <UnitTest name="Aula.Tests.Utilities.IntentAnalysisPromptsTests.ToolExamples_ContainsRequiredKeys(key: &quot;CREATE_REMINDER&quot;)" storage="/mnt/d/git/aula/src/aula.tests/bin/debug/net9.0/aula.tests.dll" id="9459ef9a-ed9e-7e04-b1e7-d4cc74d49390">
      <Execution id="d549584b-dade-45c8-9f0d-4ce06e4e8b54" />
      <TestMethod codeBase="/mnt/d/git/aula/src/Aula.Tests/bin/Debug/net9.0/Aula.Tests.dll" adapterTypeName="executor://xunit/VsTestRunner2/netcoreapp" className="Aula.Tests.Utilities.IntentAnalysisPromptsTests" name="ToolExamples_ContainsRequiredKeys" />
    </UnitTest>
    <UnitTest name="Aula.Tests.Tools.AiToolsManagerTests.DeleteReminderAsync_WithInvalidReminderNumber_ReturnsError" storage="/mnt/d/git/aula/src/aula.tests/bin/debug/net9.0/aula.tests.dll" id="3eae7343-2bfd-b9ac-3f25-bf1944822f6f">
      <Execution id="240c44c4-1c61-4e43-8e9e-433d0d49b2ae" />
      <TestMethod codeBase="/mnt/d/git/aula/src/Aula.Tests/bin/Debug/net9.0/Aula.Tests.dll" adapterTypeName="executor://xunit/VsTestRunner2/netcoreapp" className="Aula.Tests.Tools.AiToolsManagerTests" name="DeleteReminderAsync_WithInvalidReminderNumber_ReturnsError" />
    </UnitTest>
    <UnitTest name="Aula.Tests.Channels.TelegramClientTests.Constructor_WithConfig_EnabledFalse_CreatesInstance" storage="/mnt/d/git/aula/src/aula.tests/bin/debug/net9.0/aula.tests.dll" id="50081d46-2c3a-f2b2-59ea-4061c169b6c6">
      <Execution id="74e99ddd-5a44-4a51-bb9d-cd9ed3276e07" />
      <TestMethod codeBase="/mnt/d/git/aula/src/Aula.Tests/bin/Debug/net9.0/Aula.Tests.dll" adapterTypeName="executor://xunit/VsTestRunner2/netcoreapp" className="Aula.Tests.Channels.TelegramClientTests" name="Constructor_WithConfig_EnabledFalse_CreatesInstance" />
    </UnitTest>
    <UnitTest name="Aula.Tests.Utilities.FollowUpQuestionDetectorTests.IsFollowUpQuestion_WithoutFollowUpPhrases_ReturnsFalse(input: &quot;no child names here&quot;)" storage="/mnt/d/git/aula/src/aula.tests/bin/debug/net9.0/aula.tests.dll" id="b3807b1c-634e-e2ee-a1b8-8f079f205113">
      <Execution id="fc718cfe-7076-469f-96eb-df852cb5c3fc" />
      <TestMethod codeBase="/mnt/d/git/aula/src/Aula.Tests/bin/Debug/net9.0/Aula.Tests.dll" adapterTypeName="executor://xunit/VsTestRunner2/netcoreapp" className="Aula.Tests.Utilities.FollowUpQuestionDetectorTests" name="IsFollowUpQuestion_WithoutFollowUpPhrases_ReturnsFalse" />
    </UnitTest>
    <UnitTest name="Aula.Tests.Utilities.ReminderExtractionPromptsTests.GetExtractionPrompt_ContainsRelativeDateExamples" storage="/mnt/d/git/aula/src/aula.tests/bin/debug/net9.0/aula.tests.dll" id="4eec350c-78eb-2a68-cc2e-22085c8e2c8c">
      <Execution id="6e2100d5-9580-41db-bdcf-d71589d88700" />
      <TestMethod codeBase="/mnt/d/git/aula/src/Aula.Tests/bin/Debug/net9.0/Aula.Tests.dll" adapterTypeName="executor://xunit/VsTestRunner2/netcoreapp" className="Aula.Tests.Utilities.ReminderExtractionPromptsTests" name="GetExtractionPrompt_ContainsRelativeDateExamples" />
    </UnitTest>
    <UnitTest name="Aula.Tests.Configuration.ConfigurationTests.Telegram_Token_ValidationTests(token: &quot;123456789:AABBCCDDEEFFGGHHTest&quot;, isValidFormat: True)" storage="/mnt/d/git/aula/src/aula.tests/bin/debug/net9.0/aula.tests.dll" id="261e6035-42f7-283f-e93e-b518a8a74310">
      <Execution id="8445005e-cc25-438b-947c-d47a4886ff74" />
      <TestMethod codeBase="/mnt/d/git/aula/src/Aula.Tests/bin/Debug/net9.0/Aula.Tests.dll" adapterTypeName="executor://xunit/VsTestRunner2/netcoreapp" className="Aula.Tests.Configuration.ConfigurationTests" name="Telegram_Token_ValidationTests" />
    </UnitTest>
    <UnitTest name="Aula.Tests.Utilities.Html2SlackMarkdownConverterTests.Convert_WithPartialTags_HandlesGracefully(html: &quot;&lt;/p&gt;&quot;)" storage="/mnt/d/git/aula/src/aula.tests/bin/debug/net9.0/aula.tests.dll" id="ab8c7a74-84b9-4ead-0c18-89aab1a19e51">
      <Execution id="da237928-eb5e-40af-bcc3-4d5a94615455" />
      <TestMethod codeBase="/mnt/d/git/aula/src/Aula.Tests/bin/Debug/net9.0/Aula.Tests.dll" adapterTypeName="executor://xunit/VsTestRunner2/netcoreapp" className="Aula.Tests.Utilities.Html2SlackMarkdownConverterTests" name="Convert_WithPartialTags_HandlesGracefully" />
    </UnitTest>
    <UnitTest name="Aula.Tests.Bots.TelegramMessageHandlerTests.HandleMessageAsync_WithValidQuery_ProcessesSuccessfully(queryText: &quot;Vis ugeplanen&quot;)" storage="/mnt/d/git/aula/src/aula.tests/bin/debug/net9.0/aula.tests.dll" id="40ac891b-3aed-7213-ed1d-840834b3000d">
      <Execution id="8eb5cbed-2c9f-44ed-ba33-c3dbf0940d6c" />
      <TestMethod codeBase="/mnt/d/git/aula/src/Aula.Tests/bin/Debug/net9.0/Aula.Tests.dll" adapterTypeName="executor://xunit/VsTestRunner2/netcoreapp" className="Aula.Tests.Bots.TelegramMessageHandlerTests" name="HandleMessageAsync_WithValidQuery_ProcessesSuccessfully" />
    </UnitTest>
    <UnitTest name="Aula.Tests.Channels.SlackBotTests.SendTestMessage_WithVariousMessages_DoesNotThrow(message: &quot;Message with special chars: @#$%&quot;)" storage="/mnt/d/git/aula/src/aula.tests/bin/debug/net9.0/aula.tests.dll" id="70db4613-e64a-610c-c0a7-4aad6b8acc12">
      <Execution id="b5cddd17-be43-4247-9955-8b4dc4b29499" />
      <TestMethod codeBase="/mnt/d/git/aula/src/Aula.Tests/bin/Debug/net9.0/Aula.Tests.dll" adapterTypeName="executor://xunit/VsTestRunner2/netcoreapp" className="Aula.Tests.Channels.SlackBotTests" name="SendTestMessage_WithVariousMessages_DoesNotThrow" />
    </UnitTest>
    <UnitTest name="Aula.Tests.Utilities.FollowUpQuestionDetectorTests.IsFollowUpQuestion_WithPunctuationAroundChildName_WorksCorrectly(input: &quot;Emma,&quot;)" storage="/mnt/d/git/aula/src/aula.tests/bin/debug/net9.0/aula.tests.dll" id="18c82026-182f-6e23-4c30-ed576236aa7c">
      <Execution id="fa6fe5a1-c24e-402b-9923-0f408202674d" />
      <TestMethod codeBase="/mnt/d/git/aula/src/Aula.Tests/bin/Debug/net9.0/Aula.Tests.dll" adapterTypeName="executor://xunit/VsTestRunner2/netcoreapp" className="Aula.Tests.Utilities.FollowUpQuestionDetectorTests" name="IsFollowUpQuestion_WithPunctuationAroundChildName_WorksCorrectly" />
    </UnitTest>
    <UnitTest name="Aula.Tests.Channels.SlackBotTests.SendTestMessage_WithMessage_DoesNotThrow" storage="/mnt/d/git/aula/src/aula.tests/bin/debug/net9.0/aula.tests.dll" id="e2cf5630-e05d-ce3d-d438-0bd261dc3937">
      <Execution id="61f6fc6a-cb94-4627-8d73-920766b89a60" />
      <TestMethod codeBase="/mnt/d/git/aula/src/Aula.Tests/bin/Debug/net9.0/Aula.Tests.dll" adapterTypeName="executor://xunit/VsTestRunner2/netcoreapp" className="Aula.Tests.Channels.SlackBotTests" name="SendTestMessage_WithMessage_DoesNotThrow" />
    </UnitTest>
    <UnitTest name="Aula.Tests.Bots.SlackMessageHandlerTests.HandleMessageAsync_WithHelpCommand_ProcessesHelpMessage(helpCommand: &quot;hjælp&quot;)" storage="/mnt/d/git/aula/src/aula.tests/bin/debug/net9.0/aula.tests.dll" id="9fbd08c9-807d-0d3a-ed39-c949f2bb8c4b">
      <Execution id="4491f751-010e-4c8e-82ac-91d16fac4d19" />
      <TestMethod codeBase="/mnt/d/git/aula/src/Aula.Tests/bin/Debug/net9.0/Aula.Tests.dll" adapterTypeName="executor://xunit/VsTestRunner2/netcoreapp" className="Aula.Tests.Bots.SlackMessageHandlerTests" name="HandleMessageAsync_WithHelpCommand_ProcessesHelpMessage" />
    </UnitTest>
    <UnitTest name="Aula.Tests.Integration.AgentServiceTests.GetWeekLetterAsync_FetchesAndCachesData_WhenNotCached" storage="/mnt/d/git/aula/src/aula.tests/bin/debug/net9.0/aula.tests.dll" id="e23a0f35-3922-f8cd-3202-bdb40b27bd1c">
      <Execution id="33f83762-fd51-401f-b2fa-0940e6c140cd" />
      <TestMethod codeBase="/mnt/d/git/aula/src/Aula.Tests/bin/Debug/net9.0/Aula.Tests.dll" adapterTypeName="executor://xunit/VsTestRunner2/netcoreapp" className="Aula.Tests.Integration.AgentServiceTests" name="GetWeekLetterAsync_FetchesAndCachesData_WhenNotCached" />
    </UnitTest>
    <UnitTest name="Aula.Tests.Tools.ReminderCommandHandlerTests.TryHandleReminderCommand_ListReminders_NoReminders_ReturnsNoRemindersMessage(command: &quot;vis påmindelser&quot;, isEnglish: False)" storage="/mnt/d/git/aula/src/aula.tests/bin/debug/net9.0/aula.tests.dll" id="02a94b2b-cd88-000b-7e1d-6fc58b3c673d">
      <Execution id="093289ea-4c42-4cfe-88a2-f9e7b8d91e72" />
      <TestMethod codeBase="/mnt/d/git/aula/src/Aula.Tests/bin/Debug/net9.0/Aula.Tests.dll" adapterTypeName="executor://xunit/VsTestRunner2/netcoreapp" className="Aula.Tests.Tools.ReminderCommandHandlerTests" name="TryHandleReminderCommand_ListReminders_NoReminders_ReturnsNoRemindersMessage" />
    </UnitTest>
    <UnitTest name="Aula.Tests.Channels.SlackBotTests.PostWeekLetter_WithVariousChildColors_HandlesCorrectly(color: &quot;#00FF00&quot;)" storage="/mnt/d/git/aula/src/aula.tests/bin/debug/net9.0/aula.tests.dll" id="c22f41fe-1a51-d644-5cab-111d373cdaae">
      <Execution id="e9505b9d-caa0-47ae-b9cb-63dfc8927e1e" />
      <TestMethod codeBase="/mnt/d/git/aula/src/Aula.Tests/bin/Debug/net9.0/Aula.Tests.dll" adapterTypeName="executor://xunit/VsTestRunner2/netcoreapp" className="Aula.Tests.Channels.SlackBotTests" name="PostWeekLetter_WithVariousChildColors_HandlesCorrectly" />
    </UnitTest>
    <UnitTest name="Aula.Tests.Utilities.FollowUpQuestionDetectorTests.IsFollowUpQuestion_WithUnicodeChildNames_WorksCorrectly(input: &quot;TestChild2&quot;)" storage="/mnt/d/git/aula/src/aula.tests/bin/debug/net9.0/aula.tests.dll" id="19d5cf7b-2f75-2a41-694f-50c30d11f63c">
      <Execution id="23503dd3-92d1-4d88-b645-108972f6d61a" />
      <TestMethod codeBase="/mnt/d/git/aula/src/Aula.Tests/bin/Debug/net9.0/Aula.Tests.dll" adapterTypeName="executor://xunit/VsTestRunner2/netcoreapp" className="Aula.Tests.Utilities.FollowUpQuestionDetectorTests" name="IsFollowUpQuestion_WithUnicodeChildNames_WorksCorrectly" />
    </UnitTest>
    <UnitTest name="Aula.Tests.Channels.SlackBotTests.Constructor_WithConfig_CreatesInstance" storage="/mnt/d/git/aula/src/aula.tests/bin/debug/net9.0/aula.tests.dll" id="4671f449-0198-2bb5-9d3d-e7e5207a3968">
      <Execution id="0130bbe9-46c7-4446-9841-a80260202c02" />
      <TestMethod codeBase="/mnt/d/git/aula/src/Aula.Tests/bin/Debug/net9.0/Aula.Tests.dll" adapterTypeName="executor://xunit/VsTestRunner2/netcoreapp" className="Aula.Tests.Channels.SlackBotTests" name="Constructor_WithConfig_CreatesInstance" />
    </UnitTest>
    <UnitTest name="Aula.Tests.Tools.AiToolsManagerTests.ListRemindersAsync_WithNoReminders_ReturnsEmptyMessage" storage="/mnt/d/git/aula/src/aula.tests/bin/debug/net9.0/aula.tests.dll" id="b4f6ecd8-21d2-e463-3b8f-e414fa0d53d7">
      <Execution id="c83ee7c7-5509-4582-9d48-59d6f9d5fd18" />
      <TestMethod codeBase="/mnt/d/git/aula/src/Aula.Tests/bin/Debug/net9.0/Aula.Tests.dll" adapterTypeName="executor://xunit/VsTestRunner2/netcoreapp" className="Aula.Tests.Tools.AiToolsManagerTests" name="ListRemindersAsync_WithNoReminders_ReturnsEmptyMessage" />
    </UnitTest>
    <UnitTest name="Aula.Tests.Utilities.IntentAnalysisPromptsTests.ToolExamples_ContainsRequiredKeys(key: &quot;CREATE_REMINDER_DANISH&quot;)" storage="/mnt/d/git/aula/src/aula.tests/bin/debug/net9.0/aula.tests.dll" id="752d40b4-ceac-535b-c245-39fed899e450">
      <Execution id="ea44aea3-2471-4ac4-9e32-66c24fa0e6b1" />
      <TestMethod codeBase="/mnt/d/git/aula/src/Aula.Tests/bin/Debug/net9.0/Aula.Tests.dll" adapterTypeName="executor://xunit/VsTestRunner2/netcoreapp" className="Aula.Tests.Utilities.IntentAnalysisPromptsTests" name="ToolExamples_ContainsRequiredKeys" />
    </UnitTest>
    <UnitTest name="Aula.Tests.Bots.SlackMessageHandlerTests.HandleMessageAsync_WithHelpCommand_ProcessesHelpMessage(helpCommand: &quot;help&quot;)" storage="/mnt/d/git/aula/src/aula.tests/bin/debug/net9.0/aula.tests.dll" id="bd271e29-873c-e257-8849-0350a000b3af">
      <Execution id="b9284ef9-66cb-4523-a53d-de636fb44600" />
      <TestMethod codeBase="/mnt/d/git/aula/src/Aula.Tests/bin/Debug/net9.0/Aula.Tests.dll" adapterTypeName="executor://xunit/VsTestRunner2/netcoreapp" className="Aula.Tests.Bots.SlackMessageHandlerTests" name="HandleMessageAsync_WithHelpCommand_ProcessesHelpMessage" />
    </UnitTest>
    <UnitTest name="Aula.Tests.Utilities.ReminderExtractionPromptsTests.GetExtractionPrompt_WithDifferentMinuteOffsets_CalculatesCorrectly(minutes: 60)" storage="/mnt/d/git/aula/src/aula.tests/bin/debug/net9.0/aula.tests.dll" id="d2fd3d18-963d-6ba7-e216-54d46cb5c046">
      <Execution id="01303632-9e37-456c-bff8-6ff9092caf80" />
      <TestMethod codeBase="/mnt/d/git/aula/src/Aula.Tests/bin/Debug/net9.0/Aula.Tests.dll" adapterTypeName="executor://xunit/VsTestRunner2/netcoreapp" className="Aula.Tests.Utilities.ReminderExtractionPromptsTests" name="GetExtractionPrompt_WithDifferentMinuteOffsets_CalculatesCorrectly" />
    </UnitTest>
    <UnitTest name="Aula.Tests.Tools.ReminderCommandHandlerTests.TryHandleReminderCommand_DeleteReminder_WithException_LogsErrorAndReturnsErrorMessage(command: &quot;delete reminder 999&quot;, isEnglish: True)" storage="/mnt/d/git/aula/src/aula.tests/bin/debug/net9.0/aula.tests.dll" id="f7baf2b9-a2d0-7c99-3bd4-af737954fe30">
      <Execution id="1eff52fa-3f44-4263-bd15-d1e89021bae0" />
      <TestMethod codeBase="/mnt/d/git/aula/src/Aula.Tests/bin/Debug/net9.0/Aula.Tests.dll" adapterTypeName="executor://xunit/VsTestRunner2/netcoreapp" className="Aula.Tests.Tools.ReminderCommandHandlerTests" name="TryHandleReminderCommand_DeleteReminder_WithException_LogsErrorAndReturnsErrorMessage" />
    </UnitTest>
    <UnitTest name="Aula.Tests.Bots.SlackMessageHandlerTests.HandleMessageAsync_WithValidQuery_ProcessesSuccessfully(queryText: &quot;Vis ugeplanen&quot;)" storage="/mnt/d/git/aula/src/aula.tests/bin/debug/net9.0/aula.tests.dll" id="348072bd-5799-593b-9354-a4cea37de12a">
      <Execution id="728316bf-d931-457c-b3d3-b9997d658d6f" />
      <TestMethod codeBase="/mnt/d/git/aula/src/Aula.Tests/bin/Debug/net9.0/Aula.Tests.dll" adapterTypeName="executor://xunit/VsTestRunner2/netcoreapp" className="Aula.Tests.Bots.SlackMessageHandlerTests" name="HandleMessageAsync_WithValidQuery_ProcessesSuccessfully" />
    </UnitTest>
    <UnitTest name="Aula.Tests.Scheduling.SchedulingServiceIntegrationTests.Service_WithDifferentBotConfigurations_WorksCorrectly(slackEnabled: True, telegramEnabled: True)" storage="/mnt/d/git/aula/src/aula.tests/bin/debug/net9.0/aula.tests.dll" id="8f7835b5-50dd-c6de-2199-d163d47a3c4e">
      <Execution id="a55ce6f3-d4e5-47ed-9edf-51e2bd7f20a2" />
      <TestMethod codeBase="/mnt/d/git/aula/src/Aula.Tests/bin/Debug/net9.0/Aula.Tests.dll" adapterTypeName="executor://xunit/VsTestRunner2/netcoreapp" className="Aula.Tests.Scheduling.SchedulingServiceIntegrationTests" name="Service_WithDifferentBotConfigurations_WorksCorrectly" />
    </UnitTest>
    <UnitTest name="Aula.Tests.Tools.ReminderCommandHandlerTests.TryHandleReminderCommand_AddReminder_ValidFormats_ReturnsSuccess(command: &quot;remind me 31/12 at 23:59 that Year end&quot;, isEnglish: True, expectedChildName: null)" storage="/mnt/d/git/aula/src/aula.tests/bin/debug/net9.0/aula.tests.dll" id="ff05afd1-484c-69de-a316-bc507787c7c8">
      <Execution id="d8f40b4c-a733-45aa-abba-931cebf0e062" />
      <TestMethod codeBase="/mnt/d/git/aula/src/Aula.Tests/bin/Debug/net9.0/Aula.Tests.dll" adapterTypeName="executor://xunit/VsTestRunner2/netcoreapp" className="Aula.Tests.Tools.ReminderCommandHandlerTests" name="TryHandleReminderCommand_AddReminder_ValidFormats_ReturnsSuccess" />
    </UnitTest>
    <UnitTest name="Aula.Tests.Utilities.WeekLetterContentExtractorTests.ExtractContent_Dynamic_WithException_ReturnsEmptyStringAndLogsError" storage="/mnt/d/git/aula/src/aula.tests/bin/debug/net9.0/aula.tests.dll" id="5fe3fa44-04c0-bf4f-e0cb-be0a1bef1cef">
      <Execution id="a877444e-d400-491e-9e69-09e4982486fb" />
      <TestMethod codeBase="/mnt/d/git/aula/src/Aula.Tests/bin/Debug/net9.0/Aula.Tests.dll" adapterTypeName="executor://xunit/VsTestRunner2/netcoreapp" className="Aula.Tests.Utilities.WeekLetterContentExtractorTests" name="ExtractContent_Dynamic_WithException_ReturnsEmptyStringAndLogsError" />
    </UnitTest>
    <UnitTest name="Aula.Tests.Channels.SlackBotTests.PushWeekLetter_WithMissingContent_HandlesGracefully" storage="/mnt/d/git/aula/src/aula.tests/bin/debug/net9.0/aula.tests.dll" id="e8d7076c-1cb3-733b-4522-2a0049ab3d88">
      <Execution id="3453f50a-69a1-4030-a5bc-679cb8ab0ba2" />
      <TestMethod codeBase="/mnt/d/git/aula/src/Aula.Tests/bin/Debug/net9.0/Aula.Tests.dll" adapterTypeName="executor://xunit/VsTestRunner2/netcoreapp" className="Aula.Tests.Channels.SlackBotTests" name="PushWeekLetter_WithMissingContent_HandlesGracefully" />
    </UnitTest>
    <UnitTest name="Aula.Tests.Bots.TelegramMessageHandlerTests.Constructor_WithValidParameters_InitializesCorrectly" storage="/mnt/d/git/aula/src/aula.tests/bin/debug/net9.0/aula.tests.dll" id="8e7eb82c-6e6a-99e1-6a43-facf136e77c6">
      <Execution id="e0f77e39-a117-490f-b960-d1493428060d" />
      <TestMethod codeBase="/mnt/d/git/aula/src/Aula.Tests/bin/Debug/net9.0/Aula.Tests.dll" adapterTypeName="executor://xunit/VsTestRunner2/netcoreapp" className="Aula.Tests.Bots.TelegramMessageHandlerTests" name="Constructor_WithValidParameters_InitializesCorrectly" />
    </UnitTest>
    <UnitTest name="Aula.Tests.Configuration.ConfigurationTests.Features_ConversationCacheExpiration_ValidationTests(minutes: 1440, isValid: True)" storage="/mnt/d/git/aula/src/aula.tests/bin/debug/net9.0/aula.tests.dll" id="06a6ce76-a492-790c-aa69-54dc6d92da0b">
      <Execution id="29eabf72-27b5-40a2-9086-368c723fb200" />
      <TestMethod codeBase="/mnt/d/git/aula/src/Aula.Tests/bin/Debug/net9.0/Aula.Tests.dll" adapterTypeName="executor://xunit/VsTestRunner2/netcoreapp" className="Aula.Tests.Configuration.ConfigurationTests" name="Features_ConversationCacheExpiration_ValidationTests" />
    </UnitTest>
    <UnitTest name="Aula.Tests.Utilities.ConversationContextTests.IsStillValid_WithExactlyTenMinutesOld_ReturnsFalse" storage="/mnt/d/git/aula/src/aula.tests/bin/debug/net9.0/aula.tests.dll" id="d874f261-c1fd-d9d6-082a-e87a1ddb40d9">
      <Execution id="6fcf422a-3d6e-4b03-80b3-6025523d8f7e" />
      <TestMethod codeBase="/mnt/d/git/aula/src/Aula.Tests/bin/Debug/net9.0/Aula.Tests.dll" adapterTypeName="executor://xunit/VsTestRunner2/netcoreapp" className="Aula.Tests.Utilities.ConversationContextTests" name="IsStillValid_WithExactlyTenMinutesOld_ReturnsFalse" />
    </UnitTest>
    <UnitTest name="Aula.Tests.Utilities.Html2SlackMarkdownConverterTests.Convert_WithWhitespaceOnly_ReturnsEmptyString" storage="/mnt/d/git/aula/src/aula.tests/bin/debug/net9.0/aula.tests.dll" id="c6e23de6-051d-5068-efa9-0842275b05b2">
      <Execution id="e99be9ec-0065-4bc3-af97-5a69e8de8897" />
      <TestMethod codeBase="/mnt/d/git/aula/src/Aula.Tests/bin/Debug/net9.0/Aula.Tests.dll" adapterTypeName="executor://xunit/VsTestRunner2/netcoreapp" className="Aula.Tests.Utilities.Html2SlackMarkdownConverterTests" name="Convert_WithWhitespaceOnly_ReturnsEmptyString" />
    </UnitTest>
    <UnitTest name="Aula.Tests.Tools.ReminderCommandHandlerTests.TryHandleReminderCommand_NonReminderCommands_ReturnsFalse(command: &quot;   &quot;)" storage="/mnt/d/git/aula/src/aula.tests/bin/debug/net9.0/aula.tests.dll" id="acb6cd45-54f0-d858-050f-39c07ff6b496">
      <Execution id="e54bb543-5ed4-4caf-bd64-d2aa983a9bc5" />
      <TestMethod codeBase="/mnt/d/git/aula/src/Aula.Tests/bin/Debug/net9.0/Aula.Tests.dll" adapterTypeName="executor://xunit/VsTestRunner2/netcoreapp" className="Aula.Tests.Tools.ReminderCommandHandlerTests" name="TryHandleReminderCommand_NonReminderCommands_ReturnsFalse" />
    </UnitTest>
    <UnitTest name="Aula.Tests.Utilities.IntentAnalysisPromptsTests.ToolExamples_ContainsRequiredKeys(key: &quot;INFORMATION_QUERY_DANISH&quot;)" storage="/mnt/d/git/aula/src/aula.tests/bin/debug/net9.0/aula.tests.dll" id="a3d75b2a-aedf-2885-f27f-a7945f978fce">
      <Execution id="d86a420c-6e5e-4af7-a7ae-16a92cedacca" />
      <TestMethod codeBase="/mnt/d/git/aula/src/Aula.Tests/bin/Debug/net9.0/Aula.Tests.dll" adapterTypeName="executor://xunit/VsTestRunner2/netcoreapp" className="Aula.Tests.Utilities.IntentAnalysisPromptsTests" name="ToolExamples_ContainsRequiredKeys" />
    </UnitTest>
    <UnitTest name="Aula.Tests.Channels.SlackBotTests.PushWeekLetter_WithEmptyWeekLetter_DoesNotThrow" storage="/mnt/d/git/aula/src/aula.tests/bin/debug/net9.0/aula.tests.dll" id="436baaef-6812-fc4c-4b87-6c9a6f9e3e55">
      <Execution id="f0ce8fe1-35cd-49ff-9663-7752f1b301c2" />
      <TestMethod codeBase="/mnt/d/git/aula/src/Aula.Tests/bin/Debug/net9.0/Aula.Tests.dll" adapterTypeName="executor://xunit/VsTestRunner2/netcoreapp" className="Aula.Tests.Channels.SlackBotTests" name="PushWeekLetter_WithEmptyWeekLetter_DoesNotThrow" />
    </UnitTest>
    <UnitTest name="Aula.Tests.Services.SupabaseServiceTests.ReminderData_WithValidParameters_AreValid" storage="/mnt/d/git/aula/src/aula.tests/bin/debug/net9.0/aula.tests.dll" id="14432cab-194a-d804-9f67-885b71746a71">
      <Execution id="889a8349-dc6f-4ef2-98ba-c43dc3659d77" />
      <TestMethod codeBase="/mnt/d/git/aula/src/Aula.Tests/bin/Debug/net9.0/Aula.Tests.dll" adapterTypeName="executor://xunit/VsTestRunner2/netcoreapp" className="Aula.Tests.Services.SupabaseServiceTests" name="ReminderData_WithValidParameters_AreValid" />
    </UnitTest>
    <UnitTest name="Aula.Tests.Utilities.IntentAnalysisPromptsTests.GetFormattedPrompt_WithVariousQueries_ReturnsValidPrompt(query: &quot;Help me&quot;)" storage="/mnt/d/git/aula/src/aula.tests/bin/debug/net9.0/aula.tests.dll" id="83266911-8f44-8cb8-141e-0c21973cceb8">
      <Execution id="98546372-f779-4dfc-a0cf-1e258911db2c" />
      <TestMethod codeBase="/mnt/d/git/aula/src/Aula.Tests/bin/Debug/net9.0/Aula.Tests.dll" adapterTypeName="executor://xunit/VsTestRunner2/netcoreapp" className="Aula.Tests.Utilities.IntentAnalysisPromptsTests" name="GetFormattedPrompt_WithVariousQueries_ReturnsValidPrompt" />
    </UnitTest>
    <UnitTest name="Aula.Tests.Tools.AiToolsManagerTests.GetWeekLetters_WithNonExistentChild_ReturnsError" storage="/mnt/d/git/aula/src/aula.tests/bin/debug/net9.0/aula.tests.dll" id="9c77e674-1e21-ff83-b112-8e3149d27b83">
      <Execution id="c6009d34-c217-40db-8c6c-3d4a49ac47fd" />
      <TestMethod codeBase="/mnt/d/git/aula/src/Aula.Tests/bin/Debug/net9.0/Aula.Tests.dll" adapterTypeName="executor://xunit/VsTestRunner2/netcoreapp" className="Aula.Tests.Tools.AiToolsManagerTests" name="GetWeekLetters_WithNonExistentChild_ReturnsError" />
    </UnitTest>
    <UnitTest name="Aula.Tests.Scheduling.SchedulingServiceIntegrationTests.StopAsync_WhenCalled_LogsCorrectMessage" storage="/mnt/d/git/aula/src/aula.tests/bin/debug/net9.0/aula.tests.dll" id="52685b80-e883-c0c4-e078-b2863df7409a">
      <Execution id="baf012ed-69fe-4f88-897d-f6d5953ffd8e" />
      <TestMethod codeBase="/mnt/d/git/aula/src/Aula.Tests/bin/Debug/net9.0/Aula.Tests.dll" adapterTypeName="executor://xunit/VsTestRunner2/netcoreapp" className="Aula.Tests.Scheduling.SchedulingServiceIntegrationTests" name="StopAsync_WhenCalled_LogsCorrectMessage" />
    </UnitTest>
    <UnitTest name="Aula.Tests.Tools.ReminderCommandHandlerTests.TryHandleReminderCommand_AddReminder_ValidFormats_ReturnsSuccess(command: &quot;remind me tomorrow at 8:00 that TestChild1 has Haver til&quot;···, isEnglish: True, expectedChildName: &quot;TestChild1 Jensen&quot;)" storage="/mnt/d/git/aula/src/aula.tests/bin/debug/net9.0/aula.tests.dll" id="f373b350-fc52-4fbc-ec82-56bf220e0771">
      <Execution id="d2aeef51-2843-4dc2-a9fd-d1ccb017ff6b" />
      <TestMethod codeBase="/mnt/d/git/aula/src/Aula.Tests/bin/Debug/net9.0/Aula.Tests.dll" adapterTypeName="executor://xunit/VsTestRunner2/netcoreapp" className="Aula.Tests.Tools.ReminderCommandHandlerTests" name="TryHandleReminderCommand_AddReminder_ValidFormats_ReturnsSuccess" />
    </UnitTest>
    <UnitTest name="Aula.Tests.Utilities.FollowUpQuestionDetectorTests.IsFollowUpQuestion_WithEnglishFollowUpPhrases_ReturnsTrue(input: &quot;and?&quot;)" storage="/mnt/d/git/aula/src/aula.tests/bin/debug/net9.0/aula.tests.dll" id="f11a9af6-85d6-781d-ccbd-c54d5d82bacf">
      <Execution id="68ec414e-3f40-454a-8395-a9807feb4217" />
      <TestMethod codeBase="/mnt/d/git/aula/src/Aula.Tests/bin/Debug/net9.0/Aula.Tests.dll" adapterTypeName="executor://xunit/VsTestRunner2/netcoreapp" className="Aula.Tests.Utilities.FollowUpQuestionDetectorTests" name="IsFollowUpQuestion_WithEnglishFollowUpPhrases_ReturnsTrue" />
    </UnitTest>
    <UnitTest name="Aula.Tests.Utilities.DateTimeUtilitiesTests.GetDanishDayName_ValidDayOfWeek_ReturnsLowercaseName(dayOfWeek: Friday, expectedName: &quot;fredag&quot;)" storage="/mnt/d/git/aula/src/aula.tests/bin/debug/net9.0/aula.tests.dll" id="c139c7f2-e7cf-69b5-0edf-596c5852d9fe">
      <Execution id="14548435-a161-48f0-b047-c48c0258a8fb" />
      <TestMethod codeBase="/mnt/d/git/aula/src/Aula.Tests/bin/Debug/net9.0/Aula.Tests.dll" adapterTypeName="executor://xunit/VsTestRunner2/netcoreapp" className="Aula.Tests.Utilities.DateTimeUtilitiesTests" name="GetDanishDayName_ValidDayOfWeek_ReturnsLowercaseName" />
    </UnitTest>
    <UnitTest name="Aula.Tests.Configuration.ConfigurationTests.Telegram_ConfigurationIsCorrect" storage="/mnt/d/git/aula/src/aula.tests/bin/debug/net9.0/aula.tests.dll" id="c883d631-b915-c13f-0bbe-3400820e4ee3">
      <Execution id="2139ebea-3d13-4ba7-b3d2-c770a0cfabe6" />
      <TestMethod codeBase="/mnt/d/git/aula/src/Aula.Tests/bin/Debug/net9.0/Aula.Tests.dll" adapterTypeName="executor://xunit/VsTestRunner2/netcoreapp" className="Aula.Tests.Configuration.ConfigurationTests" name="Telegram_ConfigurationIsCorrect" />
    </UnitTest>
    <UnitTest name="Aula.Tests.Bots.TelegramInteractiveBotTests.PostWeekLetter_WithDuplicateContent_ProcessesBothCalls" storage="/mnt/d/git/aula/src/aula.tests/bin/debug/net9.0/aula.tests.dll" id="f68b44be-09fd-bfab-365e-454e288a6386">
      <Execution id="eed69aa7-545c-4791-a587-0bed5c9ddb6c" />
      <TestMethod codeBase="/mnt/d/git/aula/src/Aula.Tests/bin/Debug/net9.0/Aula.Tests.dll" adapterTypeName="executor://xunit/VsTestRunner2/netcoreapp" className="Aula.Tests.Bots.TelegramInteractiveBotTests" name="PostWeekLetter_WithDuplicateContent_ProcessesBothCalls" />
    </UnitTest>
    <UnitTest name="Aula.Tests.Scheduling.SchedulingServiceIntegrationTests.StopAsync_CanBeCalledMultipleTimes_DoesNotThrow" storage="/mnt/d/git/aula/src/aula.tests/bin/debug/net9.0/aula.tests.dll" id="a16a5295-4893-3b2e-da76-c179d6ee21e1">
      <Execution id="6cae55b0-27c3-4d8d-9abe-726052eb82c6" />
      <TestMethod codeBase="/mnt/d/git/aula/src/Aula.Tests/bin/Debug/net9.0/Aula.Tests.dll" adapterTypeName="executor://xunit/VsTestRunner2/netcoreapp" className="Aula.Tests.Scheduling.SchedulingServiceIntegrationTests" name="StopAsync_CanBeCalledMultipleTimes_DoesNotThrow" />
    </UnitTest>
    <UnitTest name="Aula.Tests.Utilities.JsonFormatterTests.Prettify_WithIncompleteJson_ThrowsException(incompleteJson: &quot;[&quot;)" storage="/mnt/d/git/aula/src/aula.tests/bin/debug/net9.0/aula.tests.dll" id="1f0fe7c3-6c96-e4f5-5773-3174c2ad66d2">
      <Execution id="66e6237e-a0d3-4d26-922c-3b0f3eec8543" />
      <TestMethod codeBase="/mnt/d/git/aula/src/Aula.Tests/bin/Debug/net9.0/Aula.Tests.dll" adapterTypeName="executor://xunit/VsTestRunner2/netcoreapp" className="Aula.Tests.Utilities.JsonFormatterTests" name="Prettify_WithIncompleteJson_ThrowsException" />
    </UnitTest>
    <UnitTest name="Aula.Tests.Utilities.ConversationContextManagerTests.GetContext_WithExpiredContext_ReturnsNullAndRemovesContext" storage="/mnt/d/git/aula/src/aula.tests/bin/debug/net9.0/aula.tests.dll" id="a774f8ba-9074-00fb-1dda-7e4eac4a4d85">
      <Execution id="5c75ed59-a2d4-4db5-8f60-856377a1f5ae" />
      <TestMethod codeBase="/mnt/d/git/aula/src/Aula.Tests/bin/Debug/net9.0/Aula.Tests.dll" adapterTypeName="executor://xunit/VsTestRunner2/netcoreapp" className="Aula.Tests.Utilities.ConversationContextManagerTests" name="GetContext_WithExpiredContext_ReturnsNullAndRemovesContext" />
    </UnitTest>
    <UnitTest name="Aula.Tests.Utilities.ReminderExtractionPromptsTests.GetExtractionPrompt_WithRealQueries_EmbedsQueryCorrectly(query: &quot;Pick up Emma tomorrow at 3 PM&quot;)" storage="/mnt/d/git/aula/src/aula.tests/bin/debug/net9.0/aula.tests.dll" id="3332c67c-92a3-057f-677b-9ccf84688a91">
      <Execution id="7224731c-e4ac-48d9-9e4f-1b225b758372" />
      <TestMethod codeBase="/mnt/d/git/aula/src/Aula.Tests/bin/Debug/net9.0/Aula.Tests.dll" adapterTypeName="executor://xunit/VsTestRunner2/netcoreapp" className="Aula.Tests.Utilities.ReminderExtractionPromptsTests" name="GetExtractionPrompt_WithRealQueries_EmbedsQueryCorrectly" />
    </UnitTest>
    <UnitTest name="Aula.Tests.Channels.SlackBotTests.Constructor_WithValidUrls_DoesNotThrow(webhookUrl: &quot;https://hooks.slack.com/services/T123/B456/xyz&quot;)" storage="/mnt/d/git/aula/src/aula.tests/bin/debug/net9.0/aula.tests.dll" id="673e7d35-f16e-bd38-569e-9b00ed91c4fd">
      <Execution id="e2bcf46f-38ea-4b14-9920-821b757f9461" />
      <TestMethod codeBase="/mnt/d/git/aula/src/Aula.Tests/bin/Debug/net9.0/Aula.Tests.dll" adapterTypeName="executor://xunit/VsTestRunner2/netcoreapp" className="Aula.Tests.Channels.SlackBotTests" name="Constructor_WithValidUrls_DoesNotThrow" />
    </UnitTest>
    <UnitTest name="Aula.Tests.Utilities.JsonFormatterTests.Prettify_WithEmptyString_ReturnsNull" storage="/mnt/d/git/aula/src/aula.tests/bin/debug/net9.0/aula.tests.dll" id="85a1665e-7de4-7e52-079a-cc1001b34152">
      <Execution id="17fbd7a7-f6d3-4dc9-99ae-fc3b975a7d8d" />
      <TestMethod codeBase="/mnt/d/git/aula/src/Aula.Tests/bin/Debug/net9.0/Aula.Tests.dll" adapterTypeName="executor://xunit/VsTestRunner2/netcoreapp" className="Aula.Tests.Utilities.JsonFormatterTests" name="Prettify_WithEmptyString_ReturnsNull" />
    </UnitTest>
    <UnitTest name="Aula.Tests.Utilities.WeekLetterContentExtractorTests.ExtractContent_Dynamic_WithEmptyArray_ReturnsEmptyString" storage="/mnt/d/git/aula/src/aula.tests/bin/debug/net9.0/aula.tests.dll" id="453c772e-3476-db11-1625-b8f0377bbbd8">
      <Execution id="a4d80608-b0e2-439a-a570-80929db869a4" />
      <TestMethod codeBase="/mnt/d/git/aula/src/Aula.Tests/bin/Debug/net9.0/Aula.Tests.dll" adapterTypeName="executor://xunit/VsTestRunner2/netcoreapp" className="Aula.Tests.Utilities.WeekLetterContentExtractorTests" name="ExtractContent_Dynamic_WithEmptyArray_ReturnsEmptyString" />
    </UnitTest>
    <UnitTest name="Aula.Tests.Channels.TelegramClientTests.SendMessageToChannel_WithVariousMessages_DoesNotThrow(message: &quot;Message with &lt;b&gt;bold&lt;/b&gt; text&quot;)" storage="/mnt/d/git/aula/src/aula.tests/bin/debug/net9.0/aula.tests.dll" id="a2a7734b-7826-2e52-b732-ff373605efea">
      <Execution id="b8bbe036-dcee-4481-888d-948daa60ae7e" />
      <TestMethod codeBase="/mnt/d/git/aula/src/Aula.Tests/bin/Debug/net9.0/Aula.Tests.dll" adapterTypeName="executor://xunit/VsTestRunner2/netcoreapp" className="Aula.Tests.Channels.TelegramClientTests" name="SendMessageToChannel_WithVariousMessages_DoesNotThrow" />
    </UnitTest>
    <UnitTest name="Aula.Tests.Services.OpenAiServiceIntegrationTests.Constructor_WithCustomModel_UsesSpecifiedModel" storage="/mnt/d/git/aula/src/aula.tests/bin/debug/net9.0/aula.tests.dll" id="4854f432-ed08-b528-1fc8-b51b93105d76">
      <Execution id="7f35544e-e56c-4fdc-b31d-506d10b7f62b" />
      <TestMethod codeBase="/mnt/d/git/aula/src/Aula.Tests/bin/Debug/net9.0/Aula.Tests.dll" adapterTypeName="executor://xunit/VsTestRunner2/netcoreapp" className="Aula.Tests.Services.OpenAiServiceIntegrationTests" name="Constructor_WithCustomModel_UsesSpecifiedModel" />
    </UnitTest>
    <UnitTest name="Aula.Tests.Utilities.Html2SlackMarkdownConverterTests.Convert_WithVeryLongContent_HandlesPerformantly" storage="/mnt/d/git/aula/src/aula.tests/bin/debug/net9.0/aula.tests.dll" id="0de09b0b-f0e0-0518-809a-6a317cadda64">
      <Execution id="40cafc1c-6ff6-4434-9ec2-ae2bf5a9a21c" />
      <TestMethod codeBase="/mnt/d/git/aula/src/Aula.Tests/bin/Debug/net9.0/Aula.Tests.dll" adapterTypeName="executor://xunit/VsTestRunner2/netcoreapp" className="Aula.Tests.Utilities.Html2SlackMarkdownConverterTests" name="Convert_WithVeryLongContent_HandlesPerformantly" />
    </UnitTest>
    <UnitTest name="Aula.Tests.Tools.ReminderCommandHandlerTests.TryHandleReminderCommand_AddReminder_ValidFormats_ReturnsSuccess(command: &quot;remind me today at 15:30 that Emma has piano lesso&quot;···, isEnglish: True, expectedChildName: &quot;Emma Marie&quot;)" storage="/mnt/d/git/aula/src/aula.tests/bin/debug/net9.0/aula.tests.dll" id="8ed7f52f-1c34-83a4-64c7-0e5853b67b53">
      <Execution id="792cb08e-6882-4a62-a129-68a13ec975ba" />
      <TestMethod codeBase="/mnt/d/git/aula/src/Aula.Tests/bin/Debug/net9.0/Aula.Tests.dll" adapterTypeName="executor://xunit/VsTestRunner2/netcoreapp" className="Aula.Tests.Tools.ReminderCommandHandlerTests" name="TryHandleReminderCommand_AddReminder_ValidFormats_ReturnsSuccess" />
    </UnitTest>
    <UnitTest name="Aula.Tests.Bots.SlackInteractiveBotTests.Start_WithMissingChannelId_LogsErrorAndReturns" storage="/mnt/d/git/aula/src/aula.tests/bin/debug/net9.0/aula.tests.dll" id="ed2c0749-72ce-3102-1e65-21a531debf9e">
      <Execution id="8af2ca5f-4600-4791-8c38-24412080d807" />
      <TestMethod codeBase="/mnt/d/git/aula/src/Aula.Tests/bin/Debug/net9.0/Aula.Tests.dll" adapterTypeName="executor://xunit/VsTestRunner2/netcoreapp" className="Aula.Tests.Bots.SlackInteractiveBotTests" name="Start_WithMissingChannelId_LogsErrorAndReturns" />
    </UnitTest>
    <UnitTest name="Aula.Tests.Tools.ReminderCommandHandlerTests.TryHandleReminderCommand_NonReminderCommands_ReturnsFalse(command: &quot;list&quot;)" storage="/mnt/d/git/aula/src/aula.tests/bin/debug/net9.0/aula.tests.dll" id="bcee3dfc-95df-51eb-9411-b0bdd9236d8a">
      <Execution id="9aa1eb2e-6564-411c-807b-ee0b5e085201" />
      <TestMethod codeBase="/mnt/d/git/aula/src/Aula.Tests/bin/Debug/net9.0/Aula.Tests.dll" adapterTypeName="executor://xunit/VsTestRunner2/netcoreapp" className="Aula.Tests.Tools.ReminderCommandHandlerTests" name="TryHandleReminderCommand_NonReminderCommands_ReturnsFalse" />
    </UnitTest>
    <UnitTest name="Aula.Tests.Utilities.Html2SlackMarkdownConverterTests.Convert_WithNullInput_ReturnsEmptyString" storage="/mnt/d/git/aula/src/aula.tests/bin/debug/net9.0/aula.tests.dll" id="a415fe92-f44b-9cd9-fda2-e5c7020144da">
      <Execution id="469f9bba-252e-410d-829e-601b8e90357f" />
      <TestMethod codeBase="/mnt/d/git/aula/src/Aula.Tests/bin/Debug/net9.0/Aula.Tests.dll" adapterTypeName="executor://xunit/VsTestRunner2/netcoreapp" className="Aula.Tests.Utilities.Html2SlackMarkdownConverterTests" name="Convert_WithNullInput_ReturnsEmptyString" />
    </UnitTest>
    <UnitTest name="Aula.Tests.Bots.TelegramInteractiveBotTests.Constructor_WithDisabledTelegram_ThrowsInvalidOperationException" storage="/mnt/d/git/aula/src/aula.tests/bin/debug/net9.0/aula.tests.dll" id="69b574fb-ea92-9743-3eea-a9b24f0ad213">
      <Execution id="8f659ed7-d54c-4811-ab9b-0fbf6211e318" />
      <TestMethod codeBase="/mnt/d/git/aula/src/Aula.Tests/bin/Debug/net9.0/Aula.Tests.dll" adapterTypeName="executor://xunit/VsTestRunner2/netcoreapp" className="Aula.Tests.Bots.TelegramInteractiveBotTests" name="Constructor_WithDisabledTelegram_ThrowsInvalidOperationException" />
    </UnitTest>
    <UnitTest name="Aula.Tests.Services.OpenAiServiceIntegrationTests.ProcessQueryWithToolsAsync_WithInvalidQuery_ThrowsArgumentException(query: &quot;&quot;)" storage="/mnt/d/git/aula/src/aula.tests/bin/debug/net9.0/aula.tests.dll" id="4d2b56f8-9d20-2fa9-3613-4864d7e06ff5">
      <Execution id="4859dd0b-9959-452a-a9cf-0edfd9b9cce3" />
      <TestMethod codeBase="/mnt/d/git/aula/src/Aula.Tests/bin/Debug/net9.0/Aula.Tests.dll" adapterTypeName="executor://xunit/VsTestRunner2/netcoreapp" className="Aula.Tests.Services.OpenAiServiceIntegrationTests" name="ProcessQueryWithToolsAsync_WithInvalidQuery_ThrowsArgumentException" />
    </UnitTest>
    <UnitTest name="Aula.Tests.Services.OpenAiServiceIntegrationTests.ExtractKeyInformationAsync_WithNullWeekLetter_ThrowsArgumentNullException(chatInterface: Slack)" storage="/mnt/d/git/aula/src/aula.tests/bin/debug/net9.0/aula.tests.dll" id="c5fc9185-4f89-2e18-7714-cfbda441e6cb">
      <Execution id="c064cf21-7cad-41d8-8290-64c4e19bfad6" />
      <TestMethod codeBase="/mnt/d/git/aula/src/Aula.Tests/bin/Debug/net9.0/Aula.Tests.dll" adapterTypeName="executor://xunit/VsTestRunner2/netcoreapp" className="Aula.Tests.Services.OpenAiServiceIntegrationTests" name="ExtractKeyInformationAsync_WithNullWeekLetter_ThrowsArgumentNullException" />
    </UnitTest>
    <UnitTest name="Aula.Tests.Bots.TelegramMessageHandlerTests.HandleMessageAsync_WithReminderCommand_ProcessesMessage(reminderCommand: &quot;mind mig om noget&quot;)" storage="/mnt/d/git/aula/src/aula.tests/bin/debug/net9.0/aula.tests.dll" id="59ba87d8-8f5c-2afb-09d4-294577ceb6c1">
      <Execution id="34587ab6-2c12-449d-9456-d260785be709" />
      <TestMethod codeBase="/mnt/d/git/aula/src/Aula.Tests/bin/Debug/net9.0/Aula.Tests.dll" adapterTypeName="executor://xunit/VsTestRunner2/netcoreapp" className="Aula.Tests.Bots.TelegramMessageHandlerTests" name="HandleMessageAsync_WithReminderCommand_ProcessesMessage" />
    </UnitTest>
    <UnitTest name="Aula.Tests.Bots.SlackMessageHandlerTests.HandleMessageAsync_WithException_LogsErrorAndReturnsFalse" storage="/mnt/d/git/aula/src/aula.tests/bin/debug/net9.0/aula.tests.dll" id="ab3aafbd-fe25-4a7f-3bda-69e06a94b6ee">
      <Execution id="d9eb60c1-9945-444c-a400-6cb146c84905" />
      <TestMethod codeBase="/mnt/d/git/aula/src/Aula.Tests/bin/Debug/net9.0/Aula.Tests.dll" adapterTypeName="executor://xunit/VsTestRunner2/netcoreapp" className="Aula.Tests.Bots.SlackMessageHandlerTests" name="HandleMessageAsync_WithException_LogsErrorAndReturnsFalse" />
    </UnitTest>
    <UnitTest name="Aula.Tests.Services.SupabaseServiceTests.WeekLetterParameters_WithValidValues_AreInValidRange(childName: &quot;AnotherChild&quot;, weekNumber: 1, year: 2024)" storage="/mnt/d/git/aula/src/aula.tests/bin/debug/net9.0/aula.tests.dll" id="42449a83-52ee-ffac-180b-a8106bf3af88">
      <Execution id="74e6b78a-afc5-4a7c-9d0a-4bda973ca87b" />
      <TestMethod codeBase="/mnt/d/git/aula/src/Aula.Tests/bin/Debug/net9.0/Aula.Tests.dll" adapterTypeName="executor://xunit/VsTestRunner2/netcoreapp" className="Aula.Tests.Services.SupabaseServiceTests" name="WeekLetterParameters_WithValidValues_AreInValidRange" />
    </UnitTest>
    <UnitTest name="Aula.Tests.Services.OpenAiServiceTests.OpenAiService_Constructor_WithNullApiKey_ThrowsException" storage="/mnt/d/git/aula/src/aula.tests/bin/debug/net9.0/aula.tests.dll" id="300a05eb-8716-d1e6-2195-bbd82e0c4f9b">
      <Execution id="377b4a34-e98b-4ab0-a270-76150dee9537" />
      <TestMethod codeBase="/mnt/d/git/aula/src/Aula.Tests/bin/Debug/net9.0/Aula.Tests.dll" adapterTypeName="executor://xunit/VsTestRunner2/netcoreapp" className="Aula.Tests.Services.OpenAiServiceTests" name="OpenAiService_Constructor_WithNullApiKey_ThrowsException" />
    </UnitTest>
    <UnitTest name="Aula.Tests.Channels.SlackBotTests.PostWeekLetter_WithMissingFields_HandlesGracefully" storage="/mnt/d/git/aula/src/aula.tests/bin/debug/net9.0/aula.tests.dll" id="2d48fc77-1867-a29b-eb07-2aeec9de2225">
      <Execution id="653f5256-d9ec-4ebc-a636-c6d339a8cf7a" />
      <TestMethod codeBase="/mnt/d/git/aula/src/Aula.Tests/bin/Debug/net9.0/Aula.Tests.dll" adapterTypeName="executor://xunit/VsTestRunner2/netcoreapp" className="Aula.Tests.Channels.SlackBotTests" name="PostWeekLetter_WithMissingFields_HandlesGracefully" />
    </UnitTest>
    <UnitTest name="Aula.Tests.Configuration.ConfigurationTests.Features_ConfigurationIsCorrect" storage="/mnt/d/git/aula/src/aula.tests/bin/debug/net9.0/aula.tests.dll" id="97bda861-62f2-bba1-c598-127d5142019e">
      <Execution id="0d756054-b4ad-4789-b053-11f7622e5d70" />
      <TestMethod codeBase="/mnt/d/git/aula/src/Aula.Tests/bin/Debug/net9.0/Aula.Tests.dll" adapterTypeName="executor://xunit/VsTestRunner2/netcoreapp" className="Aula.Tests.Configuration.ConfigurationTests" name="Features_ConfigurationIsCorrect" />
    </UnitTest>
    <UnitTest name="Aula.Tests.Channels.SlackBotTests.PostWeekLetter_WithVariousChildNames_HandlesCorrectly(firstName: &quot;TestChild2&quot;)" storage="/mnt/d/git/aula/src/aula.tests/bin/debug/net9.0/aula.tests.dll" id="8411a163-fe22-681b-f5c6-7310c560d29a">
      <Execution id="4696d393-7e0e-4d9f-8055-77ea20e4c87d" />
      <TestMethod codeBase="/mnt/d/git/aula/src/Aula.Tests/bin/Debug/net9.0/Aula.Tests.dll" adapterTypeName="executor://xunit/VsTestRunner2/netcoreapp" className="Aula.Tests.Channels.SlackBotTests" name="PostWeekLetter_WithVariousChildNames_HandlesCorrectly" />
    </UnitTest>
    <UnitTest name="Aula.Tests.Scheduling.SchedulingServiceIntegrationTests.StartAsync_LogsInformationAndDoesNotThrow" storage="/mnt/d/git/aula/src/aula.tests/bin/debug/net9.0/aula.tests.dll" id="e242b67c-3d28-33ee-bf1d-1f163fabd3ca">
      <Execution id="bdbae9e1-f910-4d33-89dd-a47d10cb4ecd" />
      <TestMethod codeBase="/mnt/d/git/aula/src/Aula.Tests/bin/Debug/net9.0/Aula.Tests.dll" adapterTypeName="executor://xunit/VsTestRunner2/netcoreapp" className="Aula.Tests.Scheduling.SchedulingServiceIntegrationTests" name="StartAsync_LogsInformationAndDoesNotThrow" />
    </UnitTest>
    <UnitTest name="Aula.Tests.Configuration.ConfigurationTests.Telegram_Token_ValidationTests(token: &quot;123456789:AABBCCDDEEFFGG&quot;, isValidFormat: True)" storage="/mnt/d/git/aula/src/aula.tests/bin/debug/net9.0/aula.tests.dll" id="ab9c2247-9b07-41d9-d47e-aa4942797b13">
      <Execution id="e1e600a7-b685-47e3-9d9c-f6a906ac1303" />
      <TestMethod codeBase="/mnt/d/git/aula/src/Aula.Tests/bin/Debug/net9.0/Aula.Tests.dll" adapterTypeName="executor://xunit/VsTestRunner2/netcoreapp" className="Aula.Tests.Configuration.ConfigurationTests" name="Telegram_Token_ValidationTests" />
    </UnitTest>
    <UnitTest name="Aula.Tests.Utilities.Html2SlackMarkdownConverterTests.Convert_WithScriptAndStyleTags_RemovesTagsButNotContent(html: &quot;&lt;script&gt;alert('xss')&lt;/script&gt;&lt;p&gt;Content&lt;/p&gt;&quot;)" storage="/mnt/d/git/aula/src/aula.tests/bin/debug/net9.0/aula.tests.dll" id="085515b8-4fc1-99b2-eae0-b56b9cad0980">
      <Execution id="78842b90-4f1b-43ca-8581-754ae7940f99" />
      <TestMethod codeBase="/mnt/d/git/aula/src/Aula.Tests/bin/Debug/net9.0/Aula.Tests.dll" adapterTypeName="executor://xunit/VsTestRunner2/netcoreapp" className="Aula.Tests.Utilities.Html2SlackMarkdownConverterTests" name="Convert_WithScriptAndStyleTags_RemovesTagsButNotContent" />
    </UnitTest>
    <UnitTest name="Aula.Tests.Tools.ReminderCommandHandlerTests.TryHandleReminderCommand_NonReminderCommands_ReturnsFalse(command: &quot;how are you?&quot;)" storage="/mnt/d/git/aula/src/aula.tests/bin/debug/net9.0/aula.tests.dll" id="f27323f0-86ce-1e1b-2a7d-c904454ba29a">
      <Execution id="d61c1710-a1a3-4c09-8e0e-d2c94c5654ba" />
      <TestMethod codeBase="/mnt/d/git/aula/src/Aula.Tests/bin/Debug/net9.0/Aula.Tests.dll" adapterTypeName="executor://xunit/VsTestRunner2/netcoreapp" className="Aula.Tests.Tools.ReminderCommandHandlerTests" name="TryHandleReminderCommand_NonReminderCommands_ReturnsFalse" />
    </UnitTest>
    <UnitTest name="Aula.Tests.Bots.SlackInteractiveBotTests.PostWeekLetter_WithEmptyContent_LogsWarningAndReturns" storage="/mnt/d/git/aula/src/aula.tests/bin/debug/net9.0/aula.tests.dll" id="76f28705-d77c-bf82-f290-6a4800e495d0">
      <Execution id="48e4320d-da92-4466-ad88-b5672c3ed841" />
      <TestMethod codeBase="/mnt/d/git/aula/src/Aula.Tests/bin/Debug/net9.0/Aula.Tests.dll" adapterTypeName="executor://xunit/VsTestRunner2/netcoreapp" className="Aula.Tests.Bots.SlackInteractiveBotTests" name="PostWeekLetter_WithEmptyContent_LogsWarningAndReturns" />
    </UnitTest>
    <UnitTest name="Aula.Tests.Services.OpenAiServiceIntegrationTests.ClearConversationHistory_WithContextKey_DoesNotThrow" storage="/mnt/d/git/aula/src/aula.tests/bin/debug/net9.0/aula.tests.dll" id="91adec86-044d-3b0d-62f3-bdcae922b644">
      <Execution id="9b67e835-1013-4636-80f6-01e97673cb2a" />
      <TestMethod codeBase="/mnt/d/git/aula/src/Aula.Tests/bin/Debug/net9.0/Aula.Tests.dll" adapterTypeName="executor://xunit/VsTestRunner2/netcoreapp" className="Aula.Tests.Services.OpenAiServiceIntegrationTests" name="ClearConversationHistory_WithContextKey_DoesNotThrow" />
    </UnitTest>
    <UnitTest name="Aula.Tests.Utilities.Html2SlackMarkdownConverterTests.Convert_WithMixedContentAndTags_ProcessesCorrectly" storage="/mnt/d/git/aula/src/aula.tests/bin/debug/net9.0/aula.tests.dll" id="4aa54f00-5a60-e1ca-de86-bd0d6c5bb993">
      <Execution id="229e6983-29ff-4675-9b4f-26ad5bb1e87a" />
      <TestMethod codeBase="/mnt/d/git/aula/src/Aula.Tests/bin/Debug/net9.0/Aula.Tests.dll" adapterTypeName="executor://xunit/VsTestRunner2/netcoreapp" className="Aula.Tests.Utilities.Html2SlackMarkdownConverterTests" name="Convert_WithMixedContentAndTags_ProcessesCorrectly" />
    </UnitTest>
    <UnitTest name="Aula.Tests.Bots.TelegramMessageHandlerTests.HandleMessageAsync_WithValidQuery_ProcessesSuccessfully(queryText: &quot;Hvad skal Emma i dag?&quot;)" storage="/mnt/d/git/aula/src/aula.tests/bin/debug/net9.0/aula.tests.dll" id="5131c0c3-410a-6182-33f0-39457515d5e3">
      <Execution id="f9b2e50e-70c2-4c91-89c6-fb92fb0a52a0" />
      <TestMethod codeBase="/mnt/d/git/aula/src/Aula.Tests/bin/Debug/net9.0/Aula.Tests.dll" adapterTypeName="executor://xunit/VsTestRunner2/netcoreapp" className="Aula.Tests.Bots.TelegramMessageHandlerTests" name="HandleMessageAsync_WithValidQuery_ProcessesSuccessfully" />
    </UnitTest>
    <UnitTest name="Aula.Tests.Utilities.FollowUpQuestionDetectorTests.IsFollowUpQuestion_WithShortFollowUps_ReturnsTrue(input: &quot;okay&quot;)" storage="/mnt/d/git/aula/src/aula.tests/bin/debug/net9.0/aula.tests.dll" id="0a67f5eb-9494-4a90-6e4a-75483ed48ca6">
      <Execution id="1a34d356-cf0d-4bc3-b061-74f38b91c78a" />
      <TestMethod codeBase="/mnt/d/git/aula/src/Aula.Tests/bin/Debug/net9.0/Aula.Tests.dll" adapterTypeName="executor://xunit/VsTestRunner2/netcoreapp" className="Aula.Tests.Utilities.FollowUpQuestionDetectorTests" name="IsFollowUpQuestion_WithShortFollowUps_ReturnsTrue" />
    </UnitTest>
    <UnitTest name="Aula.Tests.Configuration.ConfigurationTests.Timers_SchedulingInterval_ValidationTests(intervalSeconds: 0, isValid: False)" storage="/mnt/d/git/aula/src/aula.tests/bin/debug/net9.0/aula.tests.dll" id="29b460d3-32ba-3d59-36a7-72d7b3c75d60">
      <Execution id="c4b8ab8a-86be-45f5-a65a-c5f4803ed3be" />
      <TestMethod codeBase="/mnt/d/git/aula/src/Aula.Tests/bin/Debug/net9.0/Aula.Tests.dll" adapterTypeName="executor://xunit/VsTestRunner2/netcoreapp" className="Aula.Tests.Configuration.ConfigurationTests" name="Timers_SchedulingInterval_ValidationTests" />
    </UnitTest>
    <UnitTest name="Aula.Tests.Utilities.FollowUpQuestionDetectorTests.IsFollowUpQuestion_WithUnicodeChildNames_WorksCorrectly(input: &quot;Johannes&quot;)" storage="/mnt/d/git/aula/src/aula.tests/bin/debug/net9.0/aula.tests.dll" id="603b38d9-650a-3d65-fd10-694412343522">
      <Execution id="f48e7cae-307c-4421-adf0-f027f804b029" />
      <TestMethod codeBase="/mnt/d/git/aula/src/Aula.Tests/bin/Debug/net9.0/Aula.Tests.dll" adapterTypeName="executor://xunit/VsTestRunner2/netcoreapp" className="Aula.Tests.Utilities.FollowUpQuestionDetectorTests" name="IsFollowUpQuestion_WithUnicodeChildNames_WorksCorrectly" />
    </UnitTest>
    <UnitTest name="Aula.Tests.Utilities.JsonFormatterTests.Prettify_WithWhitespaceOnly_ReturnsNull" storage="/mnt/d/git/aula/src/aula.tests/bin/debug/net9.0/aula.tests.dll" id="537ad07b-1b70-ec7a-fdb3-2e0fa41e5c23">
      <Execution id="b752cf3a-fd72-4f6d-aa04-b99fe2bc16cc" />
      <TestMethod codeBase="/mnt/d/git/aula/src/Aula.Tests/bin/Debug/net9.0/Aula.Tests.dll" adapterTypeName="executor://xunit/VsTestRunner2/netcoreapp" className="Aula.Tests.Utilities.JsonFormatterTests" name="Prettify_WithWhitespaceOnly_ReturnsNull" />
    </UnitTest>
    <UnitTest name="Aula.Tests.Utilities.FollowUpQuestionDetectorTests.IsFollowUpQuestion_WithDanishFollowUpPhrases_ReturnsTrue(input: &quot;og hvad med idag&quot;)" storage="/mnt/d/git/aula/src/aula.tests/bin/debug/net9.0/aula.tests.dll" id="9d0c2c94-02dc-7b10-0108-100d571e057e">
      <Execution id="b50cec83-ab38-4eee-9b5f-926124cbb9fd" />
      <TestMethod codeBase="/mnt/d/git/aula/src/Aula.Tests/bin/Debug/net9.0/Aula.Tests.dll" adapterTypeName="executor://xunit/VsTestRunner2/netcoreapp" className="Aula.Tests.Utilities.FollowUpQuestionDetectorTests" name="IsFollowUpQuestion_WithDanishFollowUpPhrases_ReturnsTrue" />
    </UnitTest>
    <UnitTest name="Aula.Tests.Utilities.FollowUpQuestionDetectorTests.IsFollowUpQuestion_WithStartingFollowUpWords_ReturnsTrue(input: &quot;Og Emma?&quot;)" storage="/mnt/d/git/aula/src/aula.tests/bin/debug/net9.0/aula.tests.dll" id="552b8f9e-1bb3-8bf0-01fc-d5978785d7dd">
      <Execution id="8b361c1e-089c-4467-9a9c-4eefe6f2d3ea" />
      <TestMethod codeBase="/mnt/d/git/aula/src/Aula.Tests/bin/Debug/net9.0/Aula.Tests.dll" adapterTypeName="executor://xunit/VsTestRunner2/netcoreapp" className="Aula.Tests.Utilities.FollowUpQuestionDetectorTests" name="IsFollowUpQuestion_WithStartingFollowUpWords_ReturnsTrue" />
    </UnitTest>
    <UnitTest name="Aula.Tests.Bots.TelegramMessageHandlerTests.HandleMessageAsync_LogsMessageProcessing" storage="/mnt/d/git/aula/src/aula.tests/bin/debug/net9.0/aula.tests.dll" id="69f852cf-0b8d-bff9-6d2d-fced5fbdbaf2">
      <Execution id="41043ead-afa9-4eb5-b44b-e3faa38c6c3b" />
      <TestMethod codeBase="/mnt/d/git/aula/src/Aula.Tests/bin/Debug/net9.0/Aula.Tests.dll" adapterTypeName="executor://xunit/VsTestRunner2/netcoreapp" className="Aula.Tests.Bots.TelegramMessageHandlerTests" name="HandleMessageAsync_LogsMessageProcessing" />
    </UnitTest>
    <UnitTest name="Aula.Tests.Utilities.ConversationContextManagerTests.ClearAllContexts_WithNoContexts_LogsZeroCount" storage="/mnt/d/git/aula/src/aula.tests/bin/debug/net9.0/aula.tests.dll" id="13703350-881b-2176-aa37-cf09df989ef2">
      <Execution id="d7532b11-3293-4385-9ef4-2ed0057821a5" />
      <TestMethod codeBase="/mnt/d/git/aula/src/Aula.Tests/bin/Debug/net9.0/Aula.Tests.dll" adapterTypeName="executor://xunit/VsTestRunner2/netcoreapp" className="Aula.Tests.Utilities.ConversationContextManagerTests" name="ClearAllContexts_WithNoContexts_LogsZeroCount" />
    </UnitTest>
    <UnitTest name="Aula.Tests.Utilities.IntentAnalysisPromptsTests.ToolExamples_ContainsRequiredKeys(key: &quot;LIST_REMINDERS_DANISH&quot;)" storage="/mnt/d/git/aula/src/aula.tests/bin/debug/net9.0/aula.tests.dll" id="366f0f62-c3df-406d-3cbd-6a62fe8e98a7">
      <Execution id="366d59c9-b542-409b-b7f8-322f060f6df1" />
      <TestMethod codeBase="/mnt/d/git/aula/src/Aula.Tests/bin/Debug/net9.0/Aula.Tests.dll" adapterTypeName="executor://xunit/VsTestRunner2/netcoreapp" className="Aula.Tests.Utilities.IntentAnalysisPromptsTests" name="ToolExamples_ContainsRequiredKeys" />
    </UnitTest>
    <UnitTest name="Aula.Tests.Utilities.ReminderExtractionPromptsTests.GetExtractionPrompt_WithDifferentMinuteOffsets_CalculatesCorrectly(minutes: 120)" storage="/mnt/d/git/aula/src/aula.tests/bin/debug/net9.0/aula.tests.dll" id="63363866-031a-a196-cb3f-a58e78fe124a">
      <Execution id="ae40f4f8-da91-4561-ac8d-6497d6749146" />
      <TestMethod codeBase="/mnt/d/git/aula/src/Aula.Tests/bin/Debug/net9.0/Aula.Tests.dll" adapterTypeName="executor://xunit/VsTestRunner2/netcoreapp" className="Aula.Tests.Utilities.ReminderExtractionPromptsTests" name="GetExtractionPrompt_WithDifferentMinuteOffsets_CalculatesCorrectly" />
    </UnitTest>
    <UnitTest name="Aula.Tests.Services.OpenAiServiceTests.OpenAiService_Internal_Constructor_CanBeUsedForTesting" storage="/mnt/d/git/aula/src/aula.tests/bin/debug/net9.0/aula.tests.dll" id="7c385ac2-1fdf-ebb2-6450-e82cd794ae73">
      <Execution id="245ae89c-9876-4d65-a43e-7bbd98b41a19" />
      <TestMethod codeBase="/mnt/d/git/aula/src/Aula.Tests/bin/Debug/net9.0/Aula.Tests.dll" adapterTypeName="executor://xunit/VsTestRunner2/netcoreapp" className="Aula.Tests.Services.OpenAiServiceTests" name="OpenAiService_Internal_Constructor_CanBeUsedForTesting" />
    </UnitTest>
    <UnitTest name="Aula.Tests.Utilities.FollowUpQuestionDetectorTests.IsFollowUpQuestion_WithPunctuationAroundChildName_WorksCorrectly(input: &quot;Emma.&quot;)" storage="/mnt/d/git/aula/src/aula.tests/bin/debug/net9.0/aula.tests.dll" id="4cd9be57-b5ee-3ae9-313d-5c06ae12b5f8">
      <Execution id="59d22528-3468-4e5f-9396-8fdd5c6d902f" />
      <TestMethod codeBase="/mnt/d/git/aula/src/Aula.Tests/bin/Debug/net9.0/Aula.Tests.dll" adapterTypeName="executor://xunit/VsTestRunner2/netcoreapp" className="Aula.Tests.Utilities.FollowUpQuestionDetectorTests" name="IsFollowUpQuestion_WithPunctuationAroundChildName_WorksCorrectly" />
    </UnitTest>
    <UnitTest name="Aula.Tests.Utilities.ConversationContextManagerTests.UpdateContext_WithNullChildName_AllowsNull" storage="/mnt/d/git/aula/src/aula.tests/bin/debug/net9.0/aula.tests.dll" id="549e360d-ab9b-62ef-01b0-030fc984eb0c">
      <Execution id="b1ff1b76-6808-46f4-a4c2-0a731743aee7" />
      <TestMethod codeBase="/mnt/d/git/aula/src/Aula.Tests/bin/Debug/net9.0/Aula.Tests.dll" adapterTypeName="executor://xunit/VsTestRunner2/netcoreapp" className="Aula.Tests.Utilities.ConversationContextManagerTests" name="UpdateContext_WithNullChildName_AllowsNull" />
    </UnitTest>
    <UnitTest name="Aula.Tests.Channels.SlackBotTests.PostWeekLetter_WithVariousChildColors_HandlesCorrectly(color: &quot;#FF0000&quot;)" storage="/mnt/d/git/aula/src/aula.tests/bin/debug/net9.0/aula.tests.dll" id="aa45be65-ee7b-6980-b008-5b44e798506b">
      <Execution id="33d271cc-7fe5-481b-ad3f-c32356accba5" />
      <TestMethod codeBase="/mnt/d/git/aula/src/Aula.Tests/bin/Debug/net9.0/Aula.Tests.dll" adapterTypeName="executor://xunit/VsTestRunner2/netcoreapp" className="Aula.Tests.Channels.SlackBotTests" name="PostWeekLetter_WithVariousChildColors_HandlesCorrectly" />
    </UnitTest>
    <UnitTest name="Aula.Tests.Tools.ReminderCommandHandlerTests.TryHandleReminderCommand_NonReminderCommands_ReturnsFalse(command: &quot;delete&quot;)" storage="/mnt/d/git/aula/src/aula.tests/bin/debug/net9.0/aula.tests.dll" id="216aea03-2265-1779-35c7-74f06eb76326">
      <Execution id="8157f513-f0ac-497a-81fd-21d289ad4d0c" />
      <TestMethod codeBase="/mnt/d/git/aula/src/Aula.Tests/bin/Debug/net9.0/Aula.Tests.dll" adapterTypeName="executor://xunit/VsTestRunner2/netcoreapp" className="Aula.Tests.Tools.ReminderCommandHandlerTests" name="TryHandleReminderCommand_NonReminderCommands_ReturnsFalse" />
    </UnitTest>
    <UnitTest name="Aula.Tests.Utilities.FollowUpQuestionDetectorTests.IsFollowUpQuestion_LogsCorrectlyForDetectedFollowUp" storage="/mnt/d/git/aula/src/aula.tests/bin/debug/net9.0/aula.tests.dll" id="b98006bf-e247-2c89-f5f2-906de5d10ccf">
      <Execution id="ab8ad52f-2805-45e2-8ee3-1688fa53287e" />
      <TestMethod codeBase="/mnt/d/git/aula/src/Aula.Tests/bin/Debug/net9.0/Aula.Tests.dll" adapterTypeName="executor://xunit/VsTestRunner2/netcoreapp" className="Aula.Tests.Utilities.FollowUpQuestionDetectorTests" name="IsFollowUpQuestion_LogsCorrectlyForDetectedFollowUp" />
    </UnitTest>
    <UnitTest name="Aula.Tests.Utilities.JsonFormatterTests.Prettify_WithIncompleteJson_ThrowsException(incompleteJson: &quot;{&quot;)" storage="/mnt/d/git/aula/src/aula.tests/bin/debug/net9.0/aula.tests.dll" id="e864bc3b-2488-4a94-3944-8157a5bb958a">
      <Execution id="a3e37442-8ba0-4c45-9d35-e103161b7351" />
      <TestMethod codeBase="/mnt/d/git/aula/src/Aula.Tests/bin/Debug/net9.0/Aula.Tests.dll" adapterTypeName="executor://xunit/VsTestRunner2/netcoreapp" className="Aula.Tests.Utilities.JsonFormatterTests" name="Prettify_WithIncompleteJson_ThrowsException" />
    </UnitTest>
    <UnitTest name="Aula.Tests.Bots.SlackMessageHandlerTests.Constructor_WithValidParameters_InitializesCorrectly" storage="/mnt/d/git/aula/src/aula.tests/bin/debug/net9.0/aula.tests.dll" id="8b65b678-d86a-73e1-86df-afba7eb83500">
      <Execution id="f78f9d1d-2a29-484b-a20f-3e320061725d" />
      <TestMethod codeBase="/mnt/d/git/aula/src/Aula.Tests/bin/Debug/net9.0/Aula.Tests.dll" adapterTypeName="executor://xunit/VsTestRunner2/netcoreapp" className="Aula.Tests.Bots.SlackMessageHandlerTests" name="Constructor_WithValidParameters_InitializesCorrectly" />
    </UnitTest>
    <UnitTest name="Aula.Tests.Bots.SlackInteractiveBotTests.Constructor_WithNullLoggerFactory_ThrowsArgumentNullException" storage="/mnt/d/git/aula/src/aula.tests/bin/debug/net9.0/aula.tests.dll" id="947c27dc-3bc9-498f-6db7-a3e9f1a70b13">
      <Execution id="2def11a3-5ec9-46d7-85e4-122aae969af9" />
      <TestMethod codeBase="/mnt/d/git/aula/src/Aula.Tests/bin/Debug/net9.0/Aula.Tests.dll" adapterTypeName="executor://xunit/VsTestRunner2/netcoreapp" className="Aula.Tests.Bots.SlackInteractiveBotTests" name="Constructor_WithNullLoggerFactory_ThrowsArgumentNullException" />
    </UnitTest>
    <UnitTest name="Aula.Tests.Integration.AgentServiceTests.GetWeekLetterAsync_LogsInFirst_WhenNotLoggedIn" storage="/mnt/d/git/aula/src/aula.tests/bin/debug/net9.0/aula.tests.dll" id="cf838fe5-cf64-cdb9-4856-b3fc2156670a">
      <Execution id="581a5ee9-bd60-43b0-9b2f-128dd0355af3" />
      <TestMethod codeBase="/mnt/d/git/aula/src/Aula.Tests/bin/Debug/net9.0/Aula.Tests.dll" adapterTypeName="executor://xunit/VsTestRunner2/netcoreapp" className="Aula.Tests.Integration.AgentServiceTests" name="GetWeekLetterAsync_LogsInFirst_WhenNotLoggedIn" />
    </UnitTest>
    <UnitTest name="Aula.Tests.Services.DataModelTests.PostedLetter_WithProperties_SetsCorrectly" storage="/mnt/d/git/aula/src/aula.tests/bin/debug/net9.0/aula.tests.dll" id="2d15b0d6-fa3e-2b57-b48d-334f6fde3b35">
      <Execution id="5e658e64-5ebc-40a9-aad5-cd2542e15868" />
      <TestMethod codeBase="/mnt/d/git/aula/src/Aula.Tests/bin/Debug/net9.0/Aula.Tests.dll" adapterTypeName="executor://xunit/VsTestRunner2/netcoreapp" className="Aula.Tests.Services.DataModelTests" name="PostedLetter_WithProperties_SetsCorrectly" />
    </UnitTest>
  </TestDefinitions>
  <TestEntries>
    <TestEntry testId="feee90d8-1656-5d1e-73f9-5a26fcecfdaf" executionId="3c0568a7-a9c7-4463-921b-b762bc6a6ccc" testListId="8c84fa94-04c1-424b-9868-57a2d4851a1d" />
    <TestEntry testId="62b0fe72-30f1-2af2-c068-90091bfb1d44" executionId="bde1e381-d79c-493a-bef1-74f09cd22efa" testListId="8c84fa94-04c1-424b-9868-57a2d4851a1d" />
    <TestEntry testId="23a6aef7-0888-96c3-b39d-0a5a36447e0d" executionId="ddc5dab7-1691-4c59-997c-f1e9529fb3ec" testListId="8c84fa94-04c1-424b-9868-57a2d4851a1d" />
    <TestEntry testId="e864bc3b-2488-4a94-3944-8157a5bb958a" executionId="a3e37442-8ba0-4c45-9d35-e103161b7351" testListId="8c84fa94-04c1-424b-9868-57a2d4851a1d" />
    <TestEntry testId="a91693fe-7a60-fb25-8c1a-3c9d5103f720" executionId="38af310f-cf41-4b17-a85e-fd5d323bc328" testListId="8c84fa94-04c1-424b-9868-57a2d4851a1d" />
    <TestEntry testId="ab8c7a74-84b9-4ead-0c18-89aab1a19e51" executionId="da237928-eb5e-40af-bcc3-4d5a94615455" testListId="8c84fa94-04c1-424b-9868-57a2d4851a1d" />
    <TestEntry testId="cb065b5b-0d40-3607-dd81-a79e7d3ed14a" executionId="2be5fb5c-09d5-4bdf-9614-290072f97380" testListId="8c84fa94-04c1-424b-9868-57a2d4851a1d" />
    <TestEntry testId="b4f6ecd8-21d2-e463-3b8f-e414fa0d53d7" executionId="c83ee7c7-5509-4582-9d48-59d6f9d5fd18" testListId="8c84fa94-04c1-424b-9868-57a2d4851a1d" />
    <TestEntry testId="0c4f7782-5c4d-f42e-03cc-a2dae624ac6e" executionId="5a30ea12-30a7-4bad-8e6b-06f3e2c6d8c3" testListId="8c84fa94-04c1-424b-9868-57a2d4851a1d" />
    <TestEntry testId="5042f569-80ad-a5a6-d51b-90b46bce87a9" executionId="d2d8301e-be50-4c57-b62b-2ff1ed64fa14" testListId="8c84fa94-04c1-424b-9868-57a2d4851a1d" />
    <TestEntry testId="a4d29aee-2a2f-7b9e-08b4-102ef4fe6813" executionId="ee65997d-fddf-4e2a-86ed-5541a473f3aa" testListId="8c84fa94-04c1-424b-9868-57a2d4851a1d" />
    <TestEntry testId="9737c38f-ad68-db59-78e8-3f7908babdcf" executionId="818b7fb8-8a09-4fcd-a4b9-b76d221480c1" testListId="8c84fa94-04c1-424b-9868-57a2d4851a1d" />
    <TestEntry testId="3c407d09-bd83-3cf2-cf6c-c0dc480601dc" executionId="33d0a100-c3e6-4b76-a566-1a967dc6302e" testListId="8c84fa94-04c1-424b-9868-57a2d4851a1d" />
    <TestEntry testId="4efd7a5c-c0df-ae80-f7ee-8f404f14cec4" executionId="6bc263e2-244d-4a32-8cf7-605f9b4d6c38" testListId="8c84fa94-04c1-424b-9868-57a2d4851a1d" />
    <TestEntry testId="19f2e1ca-d1c7-2af8-caa8-282a0071f76c" executionId="e06c99ea-9f90-4256-b4d9-c302adccad56" testListId="8c84fa94-04c1-424b-9868-57a2d4851a1d" />
    <TestEntry testId="ed73f3dd-84f9-ccdb-8bc0-17130004fe1b" executionId="37bc245c-75bf-4e75-86b0-28334cf829b2" testListId="8c84fa94-04c1-424b-9868-57a2d4851a1d" />
    <TestEntry testId="2f1a411a-2aa2-b405-2ee0-c232b3e9b9d5" executionId="b2228ed2-0451-41c7-9811-876a314f5dee" testListId="8c84fa94-04c1-424b-9868-57a2d4851a1d" />
    <TestEntry testId="a7b1749e-2ad3-548e-4171-dcc39a4ba308" executionId="42a3b2b5-1ab5-40f3-9e4a-36b670c533a4" testListId="8c84fa94-04c1-424b-9868-57a2d4851a1d" />
    <TestEntry testId="e82c4cb9-864b-593c-f310-4d201e527a40" executionId="5ec646d8-7d25-4d70-af60-27c87b6e8f47" testListId="8c84fa94-04c1-424b-9868-57a2d4851a1d" />
    <TestEntry testId="e735c7b3-aa15-891a-afaf-f7174c07abf5" executionId="60794056-ae50-46f6-905d-7c6b97c1f231" testListId="8c84fa94-04c1-424b-9868-57a2d4851a1d" />
    <TestEntry testId="59b6be02-8191-f5a7-74ed-b8f44b1cda27" executionId="72223036-7cb5-45ca-a690-e08d5f4b4a4c" testListId="8c84fa94-04c1-424b-9868-57a2d4851a1d" />
    <TestEntry testId="cb05154c-9d2c-0c1f-d5d8-19063e23db2a" executionId="68b81ea3-6c6d-475f-bef1-d4ed9d100eeb" testListId="8c84fa94-04c1-424b-9868-57a2d4851a1d" />
    <TestEntry testId="c1d38bdc-38f6-c12c-a7df-652ec55b291d" executionId="b33c8ab7-0fa0-4388-abb2-adff5bc6d81b" testListId="8c84fa94-04c1-424b-9868-57a2d4851a1d" />
    <TestEntry testId="466fbb21-c308-9cae-2419-4b3a3d66b5be" executionId="c9e82f96-1e7c-4eee-b707-0423e9d325cd" testListId="8c84fa94-04c1-424b-9868-57a2d4851a1d" />
    <TestEntry testId="809b830f-f032-72fe-7382-c6d2ac899d33" executionId="c009902f-5ac1-4d61-b9f0-edb01a63b261" testListId="8c84fa94-04c1-424b-9868-57a2d4851a1d" />
    <TestEntry testId="50dcaab1-381b-ffdd-0774-bfbc00f359f9" executionId="032d408a-bc72-4e44-abdf-21b0f40a9232" testListId="8c84fa94-04c1-424b-9868-57a2d4851a1d" />
    <TestEntry testId="40e04a6d-bef0-ec4b-8281-04b2775da565" executionId="0af5579f-5d30-4558-8081-e25aba1d19b3" testListId="8c84fa94-04c1-424b-9868-57a2d4851a1d" />
    <TestEntry testId="a8373318-d0c0-3b68-eeb8-1cd7a830e6d6" executionId="1f925e4f-a348-4728-a241-75530366602d" testListId="8c84fa94-04c1-424b-9868-57a2d4851a1d" />
    <TestEntry testId="ebe83846-f30d-4502-5b06-920f9179e550" executionId="ffadde9b-510b-47a0-b044-dc56113cda20" testListId="8c84fa94-04c1-424b-9868-57a2d4851a1d" />
    <TestEntry testId="6a1bd5a3-33de-b670-1a8c-cceb0d8df72f" executionId="18e4c0ef-cd35-42b0-856d-e3e20e9677ec" testListId="8c84fa94-04c1-424b-9868-57a2d4851a1d" />
    <TestEntry testId="9e4d28e4-6bf0-96b3-b279-344fc741cf71" executionId="4e588371-497d-421b-b42a-713d4bdae8c8" testListId="8c84fa94-04c1-424b-9868-57a2d4851a1d" />
    <TestEntry testId="d874f261-c1fd-d9d6-082a-e87a1ddb40d9" executionId="6fcf422a-3d6e-4b03-80b3-6025523d8f7e" testListId="8c84fa94-04c1-424b-9868-57a2d4851a1d" />
    <TestEntry testId="aa19bf7f-6519-31e4-5b05-0e179c7693a0" executionId="d6489a0f-74d5-4aca-9961-abeabcfd87cc" testListId="8c84fa94-04c1-424b-9868-57a2d4851a1d" />
    <TestEntry testId="048cd77d-3de3-58cf-4e72-84e37cfed1e3" executionId="c754ed31-e64a-49b3-a749-d5b98afc00be" testListId="8c84fa94-04c1-424b-9868-57a2d4851a1d" />
    <TestEntry testId="e91a7b75-ac3d-2bd0-17fa-3f23acb86759" executionId="93ef3eb6-34b2-41ff-a261-fc4e9ee39eae" testListId="8c84fa94-04c1-424b-9868-57a2d4851a1d" />
    <TestEntry testId="d61978d5-101a-092e-d93c-a7eb57a0d4f9" executionId="9a1fa349-84be-4445-ac60-164993f426cf" testListId="8c84fa94-04c1-424b-9868-57a2d4851a1d" />
    <TestEntry testId="967c7597-5e79-4d07-d160-f7fa685685a7" executionId="e18d49ec-b23a-47c1-a203-0a49a51ff91f" testListId="8c84fa94-04c1-424b-9868-57a2d4851a1d" />
    <TestEntry testId="c5a7611f-847e-26d1-53fe-736703c875f6" executionId="c48aef47-2a10-46e7-80d9-a98baa8bbdac" testListId="8c84fa94-04c1-424b-9868-57a2d4851a1d" />
    <TestEntry testId="5757d75c-5377-8df3-a3a7-30a9777d143b" executionId="647bcb64-d75e-4936-a37a-cbdf05668ef3" testListId="8c84fa94-04c1-424b-9868-57a2d4851a1d" />
    <TestEntry testId="c7356803-78be-38c5-09cd-9fb1bfd0c53f" executionId="7d27d127-f245-4248-9921-c27665153e55" testListId="8c84fa94-04c1-424b-9868-57a2d4851a1d" />
    <TestEntry testId="45d7267f-6c71-d320-a8e4-c7def8429012" executionId="e948e9e1-9be2-4879-a3fe-394a0c0b46dc" testListId="8c84fa94-04c1-424b-9868-57a2d4851a1d" />
    <TestEntry testId="cd39a17c-6fe1-e1b4-559a-d31518f5450f" executionId="e560d073-c0b3-4219-91e8-61bd886d2ded" testListId="8c84fa94-04c1-424b-9868-57a2d4851a1d" />
    <TestEntry testId="d40cf226-bdf8-6b6d-78c9-8bc50af04b77" executionId="be7489ca-9e18-46fb-b8bb-7b87e1704ab2" testListId="8c84fa94-04c1-424b-9868-57a2d4851a1d" />
    <TestEntry testId="3f8bf4e1-1b7e-9e5d-1a9c-187732c556d7" executionId="970e6d93-a9ac-48ab-881d-0a7dd96ed799" testListId="8c84fa94-04c1-424b-9868-57a2d4851a1d" />
    <TestEntry testId="ad8a2ff8-387f-a97d-ceb6-7fab64c9766a" executionId="6aabc11d-8d7b-4ebb-8187-42b8c4e3e675" testListId="8c84fa94-04c1-424b-9868-57a2d4851a1d" />
    <TestEntry testId="d4e0f652-1aa4-f1fd-46bf-006e98a6310b" executionId="cb8251d7-7fac-4a07-bc03-ebdb25c544ca" testListId="8c84fa94-04c1-424b-9868-57a2d4851a1d" />
    <TestEntry testId="50081d46-2c3a-f2b2-59ea-4061c169b6c6" executionId="74e99ddd-5a44-4a51-bb9d-cd9ed3276e07" testListId="8c84fa94-04c1-424b-9868-57a2d4851a1d" />
    <TestEntry testId="4df15bfd-b375-822c-a8df-fcfde52ebf51" executionId="a5596a60-65a2-490f-81b5-721f6c95551a" testListId="8c84fa94-04c1-424b-9868-57a2d4851a1d" />
    <TestEntry testId="fbb577ab-554c-1761-8b33-3b062d943c22" executionId="2e49f80a-b061-46c5-8398-886276ba21cf" testListId="8c84fa94-04c1-424b-9868-57a2d4851a1d" />
    <TestEntry testId="c6b19e93-2b61-da47-f9a3-89a03fe395c8" executionId="7aa83471-968c-4ad8-a2f0-ba7f0578d7b2" testListId="8c84fa94-04c1-424b-9868-57a2d4851a1d" />
    <TestEntry testId="51dadbc3-586b-6ea0-f9cc-0638c0cb614d" executionId="b689f8c6-2086-4ba3-97fb-5494bdc5febf" testListId="8c84fa94-04c1-424b-9868-57a2d4851a1d" />
    <TestEntry testId="55b7868a-5525-c155-3984-2d7080cbc3f0" executionId="5d4b14e4-5ce9-4f4c-8049-996113f67a7e" testListId="8c84fa94-04c1-424b-9868-57a2d4851a1d" />
    <TestEntry testId="7e66458c-6fa0-adfa-1ecd-a6462fccce40" executionId="40472ef3-f473-4060-a20c-83c66f69b2d9" testListId="8c84fa94-04c1-424b-9868-57a2d4851a1d" />
    <TestEntry testId="42206b57-8aa0-871e-4287-4e3c8a3cc6ec" executionId="f15422d8-452d-4569-9437-ef4ef49d07fb" testListId="8c84fa94-04c1-424b-9868-57a2d4851a1d" />
    <TestEntry testId="55912caf-6fc4-918c-e4ec-07597adc6c56" executionId="9ccc38ab-99a6-431f-baff-43eae323fed4" testListId="8c84fa94-04c1-424b-9868-57a2d4851a1d" />
    <TestEntry testId="fe1a2924-96f3-7e80-1a74-9f9fd249b93e" executionId="18e34051-0a53-4614-9174-b45fbf5d047d" testListId="8c84fa94-04c1-424b-9868-57a2d4851a1d" />
    <TestEntry testId="91adec86-044d-3b0d-62f3-bdcae922b644" executionId="9b67e835-1013-4636-80f6-01e97673cb2a" testListId="8c84fa94-04c1-424b-9868-57a2d4851a1d" />
    <TestEntry testId="415f90fb-9864-854c-b560-969302c9cec5" executionId="cff0b848-c1e5-41ac-a6ed-cbbd179334fd" testListId="8c84fa94-04c1-424b-9868-57a2d4851a1d" />
    <TestEntry testId="de1a8f86-5c1b-b7d6-9ef4-2f917a94a294" executionId="18aa9bd3-8906-40f2-b177-e4775e66cd79" testListId="8c84fa94-04c1-424b-9868-57a2d4851a1d" />
    <TestEntry testId="98555ca9-e51e-c77a-a5b7-89147423d30d" executionId="c9bf54be-ec96-4587-9642-7e3abaa8ad8b" testListId="8c84fa94-04c1-424b-9868-57a2d4851a1d" />
    <TestEntry testId="042593f6-6140-ccfe-82d6-8f794997c196" executionId="4f88687f-866b-4809-a2f2-2e290f9d85b2" testListId="8c84fa94-04c1-424b-9868-57a2d4851a1d" />
    <TestEntry testId="3114fd40-71ce-994b-9259-eabf8239901e" executionId="f8e272b5-0d19-4374-a2b9-9924ab1518b4" testListId="8c84fa94-04c1-424b-9868-57a2d4851a1d" />
    <TestEntry testId="7a4330b4-d3d2-d308-8e2d-3815d3c67d0f" executionId="1a1a530b-6caa-4417-8e61-90c32a6da624" testListId="8c84fa94-04c1-424b-9868-57a2d4851a1d" />
    <TestEntry testId="be0934fb-3e5b-c412-9765-2aa4cc2f45a7" executionId="7ea1f8c5-0837-4722-addc-312280473f8a" testListId="8c84fa94-04c1-424b-9868-57a2d4851a1d" />
    <TestEntry testId="40ac891b-3aed-7213-ed1d-840834b3000d" executionId="8eb5cbed-2c9f-44ed-ba33-c3dbf0940d6c" testListId="8c84fa94-04c1-424b-9868-57a2d4851a1d" />
    <TestEntry testId="70db4613-e64a-610c-c0a7-4aad6b8acc12" executionId="b5cddd17-be43-4247-9955-8b4dc4b29499" testListId="8c84fa94-04c1-424b-9868-57a2d4851a1d" />
    <TestEntry testId="601e1164-bd7e-9e7d-f167-9c3fcbc6ad4f" executionId="7034f09d-b34d-49c9-bfa6-9f519a8a50be" testListId="8c84fa94-04c1-424b-9868-57a2d4851a1d" />
    <TestEntry testId="9c588f7d-a367-036e-096a-5d287bfe9650" executionId="1385083c-7a29-4c94-8422-ac9d1b5a6dd0" testListId="8c84fa94-04c1-424b-9868-57a2d4851a1d" />
    <TestEntry testId="300a05eb-8716-d1e6-2195-bbd82e0c4f9b" executionId="377b4a34-e98b-4ab0-a270-76150dee9537" testListId="8c84fa94-04c1-424b-9868-57a2d4851a1d" />
    <TestEntry testId="7bb5033b-053d-57a5-c00e-279f476a8835" executionId="241fa762-7272-4955-927b-3924876bcc72" testListId="8c84fa94-04c1-424b-9868-57a2d4851a1d" />
    <TestEntry testId="b7bbbe98-91af-7dec-8966-b09bed25d558" executionId="50c9bf34-c893-4a23-8af0-311734489cba" testListId="8c84fa94-04c1-424b-9868-57a2d4851a1d" />
    <TestEntry testId="d56dd742-e931-0f4c-26ba-408458db3851" executionId="51f34fa8-31e1-4389-823c-4d87f6c3a515" testListId="8c84fa94-04c1-424b-9868-57a2d4851a1d" />
    <TestEntry testId="d5b8733f-7ffb-19e9-63c1-4570e58b1a99" executionId="7789a6e1-0064-46ae-bb33-450fe82772e6" testListId="8c84fa94-04c1-424b-9868-57a2d4851a1d" />
    <TestEntry testId="ff95ed9b-b21e-cfc2-30db-e8fe216a909d" executionId="ba88fa9d-05f3-44be-82b2-35dbb89e4bfc" testListId="8c84fa94-04c1-424b-9868-57a2d4851a1d" />
    <TestEntry testId="1165a140-06de-3614-5098-865084a74fa6" executionId="df6d53ef-ddc0-49f5-bf5a-4235a920b85f" testListId="8c84fa94-04c1-424b-9868-57a2d4851a1d" />
    <TestEntry testId="2cec1e41-be18-3fa0-9996-473f9652882f" executionId="b0ce4d97-21a5-4d1e-a141-1ca4d9552c12" testListId="8c84fa94-04c1-424b-9868-57a2d4851a1d" />
    <TestEntry testId="f09b7cd5-4ae8-422c-8772-5a55d24c9ade" executionId="bc6de7f3-fcb6-4a23-b127-40ab89c17d2e" testListId="8c84fa94-04c1-424b-9868-57a2d4851a1d" />
    <TestEntry testId="e668ce24-c1a0-98ca-9d76-99447ce236e8" executionId="9fe703fc-aa21-493a-9db0-0ea671b647d6" testListId="8c84fa94-04c1-424b-9868-57a2d4851a1d" />
    <TestEntry testId="d3be5396-2e22-40ea-fb50-3295c468f33c" executionId="9bd84164-1451-4f5b-9803-76250951c5ea" testListId="8c84fa94-04c1-424b-9868-57a2d4851a1d" />
    <TestEntry testId="0ff92f6a-cd59-c2b9-9aae-29a9878a50a7" executionId="1c8ec6bf-cd83-4602-be85-a81e6263b8ad" testListId="8c84fa94-04c1-424b-9868-57a2d4851a1d" />
    <TestEntry testId="4215f164-2029-10cd-3890-50362921a7d9" executionId="9ab80102-91e7-4231-8517-c326b21118ca" testListId="8c84fa94-04c1-424b-9868-57a2d4851a1d" />
    <TestEntry testId="a415fe92-f44b-9cd9-fda2-e5c7020144da" executionId="469f9bba-252e-410d-829e-601b8e90357f" testListId="8c84fa94-04c1-424b-9868-57a2d4851a1d" />
    <TestEntry testId="d2fd3d18-963d-6ba7-e216-54d46cb5c046" executionId="01303632-9e37-456c-bff8-6ff9092caf80" testListId="8c84fa94-04c1-424b-9868-57a2d4851a1d" />
    <TestEntry testId="83b73832-4937-bb84-c164-437b53d65a63" executionId="9b32bc20-7f24-42fc-8c97-a7b5d1e94d90" testListId="8c84fa94-04c1-424b-9868-57a2d4851a1d" />
    <TestEntry testId="42449a83-52ee-ffac-180b-a8106bf3af88" executionId="74e6b78a-afc5-4a7c-9d0a-4bda973ca87b" testListId="8c84fa94-04c1-424b-9868-57a2d4851a1d" />
    <TestEntry testId="5999bd3d-fee4-c596-3611-a7bc16bc4fdd" executionId="5c59c6b0-1b6c-42d0-bbfd-5c642d132fd5" testListId="8c84fa94-04c1-424b-9868-57a2d4851a1d" />
    <TestEntry testId="3e382f98-ef8c-4926-27b6-c03a83290bad" executionId="8952ec52-43d9-48ed-98cc-e44cf6dab73c" testListId="8c84fa94-04c1-424b-9868-57a2d4851a1d" />
    <TestEntry testId="e23a0f35-3922-f8cd-3202-bdb40b27bd1c" executionId="33f83762-fd51-401f-b2fa-0940e6c140cd" testListId="8c84fa94-04c1-424b-9868-57a2d4851a1d" />
    <TestEntry testId="89236559-f3ef-d084-fa13-c204061f03bf" executionId="0e8a63d2-049c-4ec1-8156-3ed8184e1f20" testListId="8c84fa94-04c1-424b-9868-57a2d4851a1d" />
    <TestEntry testId="391811a1-8187-f3dc-88b6-23bab4f2be23" executionId="b39debc3-20e9-458d-9823-82fa056d07f1" testListId="8c84fa94-04c1-424b-9868-57a2d4851a1d" />
    <TestEntry testId="8113e2b7-9bbc-43f2-b5f4-05d3d720e278" executionId="c37f5cbf-da92-45bc-af76-42a64a1b77a5" testListId="8c84fa94-04c1-424b-9868-57a2d4851a1d" />
    <TestEntry testId="e2cf5630-e05d-ce3d-d438-0bd261dc3937" executionId="61f6fc6a-cb94-4627-8d73-920766b89a60" testListId="8c84fa94-04c1-424b-9868-57a2d4851a1d" />
    <TestEntry testId="03bbc808-1107-fcc9-1fac-bc3ec3fc1e9f" executionId="dace90e2-7d8a-494e-a305-f929944d2b23" testListId="8c84fa94-04c1-424b-9868-57a2d4851a1d" />
    <TestEntry testId="7c385ac2-1fdf-ebb2-6450-e82cd794ae73" executionId="245ae89c-9876-4d65-a43e-7bbd98b41a19" testListId="8c84fa94-04c1-424b-9868-57a2d4851a1d" />
    <TestEntry testId="69c84318-c2ea-bbfb-2ff5-e086da7c5805" executionId="d8f48790-34cc-42b4-b698-cdfcbca192d5" testListId="8c84fa94-04c1-424b-9868-57a2d4851a1d" />
    <TestEntry testId="d1f304ff-bc66-281d-07dd-5db7fd1f9503" executionId="d5cbbe0b-bbd7-4533-b55b-e38fb669d087" testListId="8c84fa94-04c1-424b-9868-57a2d4851a1d" />
    <TestEntry testId="7badf018-cb0a-dbe2-46e3-595e2e7a967d" executionId="e8bb0c03-fe58-4726-af5a-336036c02a1e" testListId="8c84fa94-04c1-424b-9868-57a2d4851a1d" />
    <TestEntry testId="f98f128e-bc4d-8b9e-2582-4a4421f13428" executionId="a53cbeee-0d49-4d7d-8222-1da7e979ee8c" testListId="8c84fa94-04c1-424b-9868-57a2d4851a1d" />
    <TestEntry testId="67c18331-6034-9aef-22c0-19f657f72f8b" executionId="bb9e73a1-591b-41ae-ab10-5984390606a8" testListId="8c84fa94-04c1-424b-9868-57a2d4851a1d" />
    <TestEntry testId="d0d86c84-495f-8b36-1e1b-b8ecd9346ea3" executionId="59d6d3c1-40b6-4b5c-b13c-b6a9c42b60d3" testListId="8c84fa94-04c1-424b-9868-57a2d4851a1d" />
    <TestEntry testId="900f1247-1180-3eee-0ffc-f108426b3d75" executionId="ec91b665-da30-4a14-ba17-b39b20dfbdcd" testListId="8c84fa94-04c1-424b-9868-57a2d4851a1d" />
    <TestEntry testId="346b4860-00f1-33ec-a1a3-5d05cc730f69" executionId="1317b572-6c36-4c3b-ad73-d8898dfe4af4" testListId="8c84fa94-04c1-424b-9868-57a2d4851a1d" />
    <TestEntry testId="45fb5dfe-53cd-6a22-0ca1-9597e2979720" executionId="d037d632-3d77-420b-af35-6fb06d6e7fe0" testListId="8c84fa94-04c1-424b-9868-57a2d4851a1d" />
    <TestEntry testId="a35c1648-d310-4839-ee57-c271d40d7d0e" executionId="8d6bb819-68ae-4260-a7ef-f436bd456c06" testListId="8c84fa94-04c1-424b-9868-57a2d4851a1d" />
    <TestEntry testId="e8058050-cbb0-edb4-84ec-77371a17e76d" executionId="91e6622b-beb1-42cf-bd35-fd998334e9dc" testListId="8c84fa94-04c1-424b-9868-57a2d4851a1d" />
    <TestEntry testId="3109c695-3e44-0879-5fda-41d7d17979ff" executionId="af7f06b1-addf-4705-bb94-8a6313fc2e56" testListId="8c84fa94-04c1-424b-9868-57a2d4851a1d" />
    <TestEntry testId="bda17d36-b490-5d6a-2ec9-eac27d02fc34" executionId="ca44a73d-799d-4942-8708-0c272ed7db5c" testListId="8c84fa94-04c1-424b-9868-57a2d4851a1d" />
    <TestEntry testId="8f432e57-8098-fcb0-9efa-55aa76700f57" executionId="aee58f43-88c5-41d6-9734-d3ac4d01c9fb" testListId="8c84fa94-04c1-424b-9868-57a2d4851a1d" />
    <TestEntry testId="3eae7343-2bfd-b9ac-3f25-bf1944822f6f" executionId="240c44c4-1c61-4e43-8e9e-433d0d49b2ae" testListId="8c84fa94-04c1-424b-9868-57a2d4851a1d" />
    <TestEntry testId="dcc46ccc-b814-743c-8b1c-539d1d47dc7f" executionId="76115532-17c1-4c2c-a805-ade5e83e9ad1" testListId="8c84fa94-04c1-424b-9868-57a2d4851a1d" />
    <TestEntry testId="f298d898-68fb-30c9-25a2-94ce20f4fdb3" executionId="d6605122-6819-4e1f-bce3-91de2d2e759c" testListId="8c84fa94-04c1-424b-9868-57a2d4851a1d" />
    <TestEntry testId="f4459af7-a3ce-b8ae-aafa-5bfa8a20da8c" executionId="a16acb9c-0698-406b-9fa7-2b64738636eb" testListId="8c84fa94-04c1-424b-9868-57a2d4851a1d" />
    <TestEntry testId="cfdde69f-bd6f-9d86-5859-a1ef9746cd64" executionId="4c515764-6c05-4e29-add8-27b753cdf266" testListId="8c84fa94-04c1-424b-9868-57a2d4851a1d" />
    <TestEntry testId="b561be64-3ebf-00d7-64e3-9853e17cbf13" executionId="255e8bf8-1464-4088-8d19-118cf5849e15" testListId="8c84fa94-04c1-424b-9868-57a2d4851a1d" />
    <TestEntry testId="ca4780e6-8c58-57b1-c829-fe54506e9793" executionId="db8c8d06-594f-4f3d-9b6b-e72402b9c4c1" testListId="8c84fa94-04c1-424b-9868-57a2d4851a1d" />
    <TestEntry testId="63a4082c-526e-0303-add0-711bb075125c" executionId="13f0faad-634e-4995-a047-2393d69a678e" testListId="8c84fa94-04c1-424b-9868-57a2d4851a1d" />
    <TestEntry testId="d484adb7-a52c-1efb-9dd8-63c19447b60d" executionId="4f136538-5d6d-406a-83c5-d3c084f4baeb" testListId="8c84fa94-04c1-424b-9868-57a2d4851a1d" />
    <TestEntry testId="c5fc9185-4f89-2e18-7714-cfbda441e6cb" executionId="c064cf21-7cad-41d8-8290-64c4e19bfad6" testListId="8c84fa94-04c1-424b-9868-57a2d4851a1d" />
    <TestEntry testId="ee79648a-cff5-5748-d2f4-bbdc12cb6662" executionId="858bbdc3-d968-4bc3-90be-7f10d3ebf292" testListId="8c84fa94-04c1-424b-9868-57a2d4851a1d" />
    <TestEntry testId="1ce865d9-57c4-31f9-0333-820160e71698" executionId="9d0312ff-fcd6-4934-ae3d-13b61987b16d" testListId="8c84fa94-04c1-424b-9868-57a2d4851a1d" />
    <TestEntry testId="a8b9844c-6104-c9c6-7d60-78d6100065b0" executionId="5d918680-c562-4c12-bfce-678fd952cdd2" testListId="8c84fa94-04c1-424b-9868-57a2d4851a1d" />
    <TestEntry testId="959fba83-0682-2e3d-51fe-2394f6f56bd3" executionId="3a410ad9-83f1-4690-a179-1ae44436e6e7" testListId="8c84fa94-04c1-424b-9868-57a2d4851a1d" />
    <TestEntry testId="5a77b1b5-bbb4-8a72-a72e-32591bd8597a" executionId="813aa5d4-20c6-41c9-815c-7653bb6466bd" testListId="8c84fa94-04c1-424b-9868-57a2d4851a1d" />
    <TestEntry testId="3b4daf27-4450-ed7a-d4bb-142a6e1b0be0" executionId="3e7e6a7f-d2d7-456b-8eb9-0b97f8a675fc" testListId="8c84fa94-04c1-424b-9868-57a2d4851a1d" />
    <TestEntry testId="3faf1419-3703-7fd5-a3da-353c4d730dce" executionId="cd9d2157-e303-47f6-8f33-1e76b44e920a" testListId="8c84fa94-04c1-424b-9868-57a2d4851a1d" />
    <TestEntry testId="471ccf46-b194-f558-fd6b-1d9d85ba4293" executionId="6d91d915-e4d2-4257-8af2-4cf83db4be20" testListId="8c84fa94-04c1-424b-9868-57a2d4851a1d" />
    <TestEntry testId="f0803f19-4aef-0544-7088-6f90fbe83c6b" executionId="26907cde-c17a-4028-8ece-c0082366fc3b" testListId="8c84fa94-04c1-424b-9868-57a2d4851a1d" />
    <TestEntry testId="e67379c3-aafd-8be6-fda8-3e3a4a2a81aa" executionId="f34a9628-a08f-45c9-a71a-5c361c6c3a99" testListId="8c84fa94-04c1-424b-9868-57a2d4851a1d" />
    <TestEntry testId="97bda861-62f2-bba1-c598-127d5142019e" executionId="0d756054-b4ad-4789-b053-11f7622e5d70" testListId="8c84fa94-04c1-424b-9868-57a2d4851a1d" />
    <TestEntry testId="6423dadf-5032-e426-048d-b3adf874a425" executionId="ca0ddfc0-537a-4402-a264-81f737d02436" testListId="8c84fa94-04c1-424b-9868-57a2d4851a1d" />
    <TestEntry testId="f1a8ea88-01e1-69c3-1fe9-4aa537f89af0" executionId="62bc0381-71e3-4827-aa79-62d549d928b0" testListId="8c84fa94-04c1-424b-9868-57a2d4851a1d" />
    <TestEntry testId="92645263-873e-da03-aa06-943df30af433" executionId="312fa1ab-5a8d-49a1-aa39-91b6264d24fe" testListId="8c84fa94-04c1-424b-9868-57a2d4851a1d" />
    <TestEntry testId="d34756cc-dd70-36dd-a4b9-a2767cf802ed" executionId="b1aa8892-eb99-434e-b1fb-87904384cf68" testListId="8c84fa94-04c1-424b-9868-57a2d4851a1d" />
    <TestEntry testId="cb027f47-b453-181c-17af-774dbf3d917b" executionId="16c3b9cf-7419-4f83-b55e-fc924adbdd63" testListId="8c84fa94-04c1-424b-9868-57a2d4851a1d" />
    <TestEntry testId="a5a1d376-9a55-3344-a8d1-042eaae8a59b" executionId="b6cb5dd4-4e9d-4b08-97e3-7ab712865d3c" testListId="8c84fa94-04c1-424b-9868-57a2d4851a1d" />
    <TestEntry testId="c491ca15-97ab-a670-c185-11bf3ef7479b" executionId="5992c8da-ed32-470b-825e-001bc6047b43" testListId="8c84fa94-04c1-424b-9868-57a2d4851a1d" />
    <TestEntry testId="2d15b0d6-fa3e-2b57-b48d-334f6fde3b35" executionId="5e658e64-5ebc-40a9-aad5-cd2542e15868" testListId="8c84fa94-04c1-424b-9868-57a2d4851a1d" />
    <TestEntry testId="eeb4dd87-b488-a6a2-6176-d39e9d1e7681" executionId="79539c70-de3c-4341-a97e-e60260498510" testListId="8c84fa94-04c1-424b-9868-57a2d4851a1d" />
    <TestEntry testId="84d3e400-28e5-a032-6581-dd6f9d37667a" executionId="9fd7bda2-3486-40ab-b5b8-c85a549c6a54" testListId="8c84fa94-04c1-424b-9868-57a2d4851a1d" />
    <TestEntry testId="7415a632-957d-b568-8d89-35975dec612b" executionId="ca2a7957-ce36-473a-8fcf-026a4cb541d9" testListId="8c84fa94-04c1-424b-9868-57a2d4851a1d" />
    <TestEntry testId="bcee3dfc-95df-51eb-9411-b0bdd9236d8a" executionId="9aa1eb2e-6564-411c-807b-ee0b5e085201" testListId="8c84fa94-04c1-424b-9868-57a2d4851a1d" />
    <TestEntry testId="0026d070-5db9-6f8c-0581-fb23b0721050" executionId="be8f4a19-bee8-42a9-abcc-bb9e77515d92" testListId="8c84fa94-04c1-424b-9868-57a2d4851a1d" />
    <TestEntry testId="34366f44-ed9b-7d8b-6c2d-6118dfaf9ff9" executionId="a997dffb-5b3b-4ebc-8c2e-81c319b9ab88" testListId="8c84fa94-04c1-424b-9868-57a2d4851a1d" />
    <TestEntry testId="24bf56f7-ba67-57f2-f501-175bd348de63" executionId="3d8f1c71-32b6-4754-974d-6cc621f96faf" testListId="8c84fa94-04c1-424b-9868-57a2d4851a1d" />
    <TestEntry testId="ebaf8397-8612-cd93-1911-25f8b63dd1af" executionId="778a5430-8708-4324-ad91-fe686ee62136" testListId="8c84fa94-04c1-424b-9868-57a2d4851a1d" />
    <TestEntry testId="803a38b8-f402-400f-65a3-348044bf14da" executionId="94ddf91c-4097-4762-81ac-301fc66e8440" testListId="8c84fa94-04c1-424b-9868-57a2d4851a1d" />
    <TestEntry testId="f1a75968-139e-db41-9893-934ca7edc01f" executionId="3af99aba-eea5-4d1a-848b-5059df562ec1" testListId="8c84fa94-04c1-424b-9868-57a2d4851a1d" />
    <TestEntry testId="f746688b-f580-3fee-4c58-d4c4ee979cd7" executionId="1c430ffb-9511-48cf-8a68-d6196303b649" testListId="8c84fa94-04c1-424b-9868-57a2d4851a1d" />
    <TestEntry testId="d9434b0b-f031-6aad-3c30-fb3e0d035dab" executionId="ffefb4a2-d44b-4a0d-bace-d7de8f564bb5" testListId="8c84fa94-04c1-424b-9868-57a2d4851a1d" />
    <TestEntry testId="836451b2-62cb-4cd2-ca5f-c5c8f2c0a202" executionId="10bf1eab-7e28-41df-8f33-a6d1f9d7c42f" testListId="8c84fa94-04c1-424b-9868-57a2d4851a1d" />
    <TestEntry testId="76f28705-d77c-bf82-f290-6a4800e495d0" executionId="48e4320d-da92-4466-ad88-b5672c3ed841" testListId="8c84fa94-04c1-424b-9868-57a2d4851a1d" />
    <TestEntry testId="fe14d576-8562-4a05-9196-a9eaf8403f97" executionId="7b912176-5e13-4ec1-8f9f-e9a31efb4982" testListId="8c84fa94-04c1-424b-9868-57a2d4851a1d" />
    <TestEntry testId="aef92e61-6107-1b9f-7603-daa021c2c030" executionId="fb14cce5-848c-42e0-9b4d-0593fc072819" testListId="8c84fa94-04c1-424b-9868-57a2d4851a1d" />
    <TestEntry testId="3244b8c7-1294-20bc-2d35-4ae6283e4c3a" executionId="341d531b-3395-47f1-9953-1019c5fd5d58" testListId="8c84fa94-04c1-424b-9868-57a2d4851a1d" />
    <TestEntry testId="335c0316-538c-f3b3-9476-383f089c8b2c" executionId="6cc96f66-133a-499a-bb49-37272dee8c04" testListId="8c84fa94-04c1-424b-9868-57a2d4851a1d" />
    <TestEntry testId="ac6ebb8c-c327-57cd-3af5-aa07fb4edc14" executionId="6874b7fa-9019-4ea0-99f4-790db2f7dbb1" testListId="8c84fa94-04c1-424b-9868-57a2d4851a1d" />
    <TestEntry testId="42dc1567-508f-1ff2-08a2-17dc86c051e8" executionId="b08293af-837a-4a3b-85c1-023cca4f7979" testListId="8c84fa94-04c1-424b-9868-57a2d4851a1d" />
    <TestEntry testId="df8b7611-0fd3-7a4a-228e-73a22117205a" executionId="aae32ecf-040d-4afb-8667-7e16a58447c2" testListId="8c84fa94-04c1-424b-9868-57a2d4851a1d" />
    <TestEntry testId="a928e41a-a5c8-5840-1107-8bfd65b6750c" executionId="31106907-5fc2-4bb7-b704-f86a25cb226f" testListId="8c84fa94-04c1-424b-9868-57a2d4851a1d" />
    <TestEntry testId="bf1816b2-91f9-1cf0-a850-7a59915a1d13" executionId="1d96c4b5-602b-4f11-b0fe-ca059af7044c" testListId="8c84fa94-04c1-424b-9868-57a2d4851a1d" />
    <TestEntry testId="29b460d3-32ba-3d59-36a7-72d7b3c75d60" executionId="c4b8ab8a-86be-45f5-a65a-c5f4803ed3be" testListId="8c84fa94-04c1-424b-9868-57a2d4851a1d" />
    <TestEntry testId="f68b44be-09fd-bfab-365e-454e288a6386" executionId="eed69aa7-545c-4791-a587-0bed5c9ddb6c" testListId="8c84fa94-04c1-424b-9868-57a2d4851a1d" />
    <TestEntry testId="a779e8fb-6c0d-9d3b-3942-4cfee84facb5" executionId="18f31027-cbc9-411d-89a7-55ebdd73e033" testListId="8c84fa94-04c1-424b-9868-57a2d4851a1d" />
    <TestEntry testId="336b2beb-eb54-f0ba-e24b-08204093e0aa" executionId="4ae84c7b-1963-4f36-a6af-690efcf66fa6" testListId="8c84fa94-04c1-424b-9868-57a2d4851a1d" />
    <TestEntry testId="3a33635c-4486-cf0b-99ea-c9804c518ad6" executionId="a79e9f81-1775-48d5-9a41-73ebadc69a55" testListId="8c84fa94-04c1-424b-9868-57a2d4851a1d" />
    <TestEntry testId="436baaef-6812-fc4c-4b87-6c9a6f9e3e55" executionId="f0ce8fe1-35cd-49ff-9663-7752f1b301c2" testListId="8c84fa94-04c1-424b-9868-57a2d4851a1d" />
    <TestEntry testId="470ea3d0-f459-b6ad-4f9f-44954dd4a0b8" executionId="c9e9dd74-8982-4743-91e9-4ea0e4010167" testListId="8c84fa94-04c1-424b-9868-57a2d4851a1d" />
    <TestEntry testId="8f33f9a6-1eb9-ea36-c5af-b36c0c8860de" executionId="8eeea3f8-9829-4eba-9bbd-67f09c3df730" testListId="8c84fa94-04c1-424b-9868-57a2d4851a1d" />
    <TestEntry testId="fab9cf34-c985-2e8e-6005-8cc650dd7227" executionId="063111de-cf38-46e8-b717-832956fc1fdb" testListId="8c84fa94-04c1-424b-9868-57a2d4851a1d" />
    <TestEntry testId="5fe3fa44-04c0-bf4f-e0cb-be0a1bef1cef" executionId="a877444e-d400-491e-9e69-09e4982486fb" testListId="8c84fa94-04c1-424b-9868-57a2d4851a1d" />
    <TestEntry testId="dc9dca5e-236c-2eb7-8830-55bb297e92d9" executionId="ca356fa0-513f-4099-9400-7c11aaadb4ed" testListId="8c84fa94-04c1-424b-9868-57a2d4851a1d" />
    <TestEntry testId="6f9f5016-c386-f671-b8d8-6fc0a14626eb" executionId="1574dd8a-95a0-4f29-9389-b254796859c5" testListId="8c84fa94-04c1-424b-9868-57a2d4851a1d" />
    <TestEntry testId="8f7835b5-50dd-c6de-2199-d163d47a3c4e" executionId="a55ce6f3-d4e5-47ed-9edf-51e2bd7f20a2" testListId="8c84fa94-04c1-424b-9868-57a2d4851a1d" />
    <TestEntry testId="e76b4e50-70e5-0b84-1a79-8432276bb6be" executionId="3d65174d-5448-4815-9127-02942b9d9d70" testListId="8c84fa94-04c1-424b-9868-57a2d4851a1d" />
    <TestEntry testId="bd271e29-873c-e257-8849-0350a000b3af" executionId="b9284ef9-66cb-4523-a53d-de636fb44600" testListId="8c84fa94-04c1-424b-9868-57a2d4851a1d" />
    <TestEntry testId="9191e86e-6282-7313-7613-da1e1fef327e" executionId="a1554ef0-5e8f-4088-89b7-d57b62da670e" testListId="8c84fa94-04c1-424b-9868-57a2d4851a1d" />
    <TestEntry testId="98cd8faf-e82c-211b-73e0-182caa7ee5d0" executionId="4df0f7d5-4878-4f7e-bd78-a69a52e0e6f7" testListId="8c84fa94-04c1-424b-9868-57a2d4851a1d" />
    <TestEntry testId="04ed4a86-ba0d-f349-f703-22b685131f64" executionId="41888d50-2305-47b2-9667-88ea2de4b4bf" testListId="8c84fa94-04c1-424b-9868-57a2d4851a1d" />
    <TestEntry testId="fd81db88-72a7-84e2-4288-c872b2f15c55" executionId="71793d93-b41e-47b5-9f7b-2cf056a4ace0" testListId="8c84fa94-04c1-424b-9868-57a2d4851a1d" />
    <TestEntry testId="a40f32ef-bb76-d332-6d7b-f2a216398660" executionId="b4486f45-0c43-4d6c-b29e-fe06e8410ca4" testListId="8c84fa94-04c1-424b-9868-57a2d4851a1d" />
    <TestEntry testId="f5c58e94-9cf1-991c-aa85-75e7d2a200a6" executionId="c65f6972-1408-4179-b757-32a7508ef018" testListId="8c84fa94-04c1-424b-9868-57a2d4851a1d" />
    <TestEntry testId="6391cd26-6fc2-8e75-57e3-7b032d34c99b" executionId="63e5fa1a-c8c7-447a-8cb8-1f9b6235e233" testListId="8c84fa94-04c1-424b-9868-57a2d4851a1d" />
    <TestEntry testId="715923f7-f881-74c1-66a2-e6f91fe6f3c7" executionId="fbef0cd6-6ee8-419f-b34c-93328489cc4e" testListId="8c84fa94-04c1-424b-9868-57a2d4851a1d" />
    <TestEntry testId="4daab14e-239d-9692-7fbb-75ab5af4e5fe" executionId="161577bf-224d-4572-8ba8-2bbf961e7203" testListId="8c84fa94-04c1-424b-9868-57a2d4851a1d" />
    <TestEntry testId="43884531-d2e9-76f0-a975-092a4d6d7e91" executionId="59bc677b-e97f-4a20-b7f8-d76a147d7e24" testListId="8c84fa94-04c1-424b-9868-57a2d4851a1d" />
    <TestEntry testId="dc87daee-0005-3f96-509b-0d97422219d3" executionId="0d280bf4-8ddf-458f-87b7-a88c16c7c73a" testListId="8c84fa94-04c1-424b-9868-57a2d4851a1d" />
    <TestEntry testId="79979fc0-e5af-470a-b4aa-2d3b2b88ed93" executionId="ffb212ea-acb4-4546-aecd-3decdee14afc" testListId="8c84fa94-04c1-424b-9868-57a2d4851a1d" />
    <TestEntry testId="5152246d-f0d9-3769-bfe5-e3d39d51e3bf" executionId="6d6ce435-32a4-4c83-b762-0ee4ae02d705" testListId="8c84fa94-04c1-424b-9868-57a2d4851a1d" />
    <TestEntry testId="4adb4c0d-617b-d891-f63e-7a014d4b7e39" executionId="d4a4381d-ba70-4d9f-967e-d0108768fd70" testListId="8c84fa94-04c1-424b-9868-57a2d4851a1d" />
    <TestEntry testId="d0cf4523-20d9-e9c2-7e92-dc719d8bb4ef" executionId="ee40c351-c754-4f1e-bb75-01e3f4ee63c4" testListId="8c84fa94-04c1-424b-9868-57a2d4851a1d" />
    <TestEntry testId="c883d631-b915-c13f-0bbe-3400820e4ee3" executionId="2139ebea-3d13-4ba7-b3d2-c770a0cfabe6" testListId="8c84fa94-04c1-424b-9868-57a2d4851a1d" />
    <TestEntry testId="5c459586-7f42-89d7-f28d-c1bb3f1f4b97" executionId="038bf546-25b4-4f3a-9cda-b654cfaa8000" testListId="8c84fa94-04c1-424b-9868-57a2d4851a1d" />
    <TestEntry testId="e225aa72-58fb-b1f4-f2d2-82e178039deb" executionId="fe5a54ab-a71a-40a5-8e84-6b8585637e78" testListId="8c84fa94-04c1-424b-9868-57a2d4851a1d" />
    <TestEntry testId="28097eda-a5f4-e6e6-7060-12e7665f3075" executionId="57815ace-178c-45fd-ae62-0d46cb3d2832" testListId="8c84fa94-04c1-424b-9868-57a2d4851a1d" />
    <TestEntry testId="085e36b0-0d52-7c74-b0d8-4785cd5f1544" executionId="e8daf2ec-7a63-4dea-8da6-bd727ba89f2b" testListId="8c84fa94-04c1-424b-9868-57a2d4851a1d" />
    <TestEntry testId="c139c7f2-e7cf-69b5-0edf-596c5852d9fe" executionId="14548435-a161-48f0-b047-c48c0258a8fb" testListId="8c84fa94-04c1-424b-9868-57a2d4851a1d" />
    <TestEntry testId="e768bc44-6321-f6f0-33ea-0643e8c3f454" executionId="fcb40747-6d48-4a76-b582-fe523271f43f" testListId="8c84fa94-04c1-424b-9868-57a2d4851a1d" />
    <TestEntry testId="ffc1e6de-c7e5-39de-fa7e-18eabd193809" executionId="33937942-6001-4249-a824-7d1ae68445d5" testListId="8c84fa94-04c1-424b-9868-57a2d4851a1d" />
    <TestEntry testId="7d080014-b88c-9f91-eed5-7f14566db144" executionId="46df845e-f457-4f7b-bd45-325c3200d949" testListId="8c84fa94-04c1-424b-9868-57a2d4851a1d" />
    <TestEntry testId="484a9c28-0cc9-95a2-990b-b9c28e6033e5" executionId="f51d0a77-d341-47ba-9437-db957f9e6be8" testListId="8c84fa94-04c1-424b-9868-57a2d4851a1d" />
    <TestEntry testId="2d7c87f9-92d6-6d29-4cc3-8c2788e75a11" executionId="7b206783-dd5a-48f6-a45f-68c0db11893a" testListId="8c84fa94-04c1-424b-9868-57a2d4851a1d" />
    <TestEntry testId="69f852cf-0b8d-bff9-6d2d-fced5fbdbaf2" executionId="41043ead-afa9-4eb5-b44b-e3faa38c6c3b" testListId="8c84fa94-04c1-424b-9868-57a2d4851a1d" />
    <TestEntry testId="2dc6c47b-b5f0-933c-7989-ac5759dd4706" executionId="226f5db3-8484-424f-bb1f-9fe854c20278" testListId="8c84fa94-04c1-424b-9868-57a2d4851a1d" />
    <TestEntry testId="952f09f7-4d08-75b3-4aa9-81a5106c72e8" executionId="6edbd894-03dc-4cab-88fb-5c00a409fd36" testListId="8c84fa94-04c1-424b-9868-57a2d4851a1d" />
    <TestEntry testId="9ca02d05-5169-149e-ecab-3b9b289b72d5" executionId="0f602ee6-c4fd-4450-b1c1-1396e307a563" testListId="8c84fa94-04c1-424b-9868-57a2d4851a1d" />
    <TestEntry testId="9e010064-1282-f730-0e21-1a9c045272eb" executionId="51fa87a5-bf45-44e4-8f30-6690533a858a" testListId="8c84fa94-04c1-424b-9868-57a2d4851a1d" />
    <TestEntry testId="a16a5295-4893-3b2e-da76-c179d6ee21e1" executionId="6cae55b0-27c3-4d8d-9abe-726052eb82c6" testListId="8c84fa94-04c1-424b-9868-57a2d4851a1d" />
    <TestEntry testId="9728fe01-3005-7319-6ba9-b6d3b25a9602" executionId="c49e99d3-d3f5-4d3b-a8bf-fbe5b8156086" testListId="8c84fa94-04c1-424b-9868-57a2d4851a1d" />
    <TestEntry testId="897f10c2-6c72-467e-5a23-7b3bebf70ffb" executionId="6882d0af-8cbc-4c11-aa75-d3510117e97e" testListId="8c84fa94-04c1-424b-9868-57a2d4851a1d" />
    <TestEntry testId="1bdda070-0470-891d-d0f0-2e66f6c00467" executionId="4a519ace-e89f-4ce9-8ef7-ba743971a9cf" testListId="8c84fa94-04c1-424b-9868-57a2d4851a1d" />
    <TestEntry testId="58e104c6-e504-07c5-0909-f689fdb330d3" executionId="21a39a8d-5a60-455a-8502-cff00e088c10" testListId="8c84fa94-04c1-424b-9868-57a2d4851a1d" />
    <TestEntry testId="c877210f-bb9a-c13c-82b0-695b1245feeb" executionId="c03b0faa-d3b1-4d70-9557-198e4ff0b2ba" testListId="8c84fa94-04c1-424b-9868-57a2d4851a1d" />
    <TestEntry testId="4b6e6498-4329-5b43-2b56-2bc5486e69cc" executionId="eb5a6c4c-76f1-42e9-8c3d-8dbd37bcef7c" testListId="8c84fa94-04c1-424b-9868-57a2d4851a1d" />
    <TestEntry testId="a0f8908b-2fc2-df51-4b18-23e951512406" executionId="5ecd6c6a-0d19-43e4-ac49-98f5145c2de3" testListId="8c84fa94-04c1-424b-9868-57a2d4851a1d" />
    <TestEntry testId="14b493ec-1bcb-50f5-9528-914b1e27347a" executionId="0ffa171f-f7a3-44ba-aab8-1101b313f4af" testListId="8c84fa94-04c1-424b-9868-57a2d4851a1d" />
    <TestEntry testId="06bd4992-c8ee-1a40-f2c9-75f9e0d2a1aa" executionId="76bf0df4-a047-45b5-97c7-43da3a1a0a83" testListId="8c84fa94-04c1-424b-9868-57a2d4851a1d" />
    <TestEntry testId="b10574f8-57a7-a56d-69fc-5fa21e09fe6d" executionId="b3b0112b-12e6-4783-9fb5-70d123cd0a33" testListId="8c84fa94-04c1-424b-9868-57a2d4851a1d" />
    <TestEntry testId="f7baf2b9-a2d0-7c99-3bd4-af737954fe30" executionId="1eff52fa-3f44-4263-bd15-d1e89021bae0" testListId="8c84fa94-04c1-424b-9868-57a2d4851a1d" />
    <TestEntry testId="b7876997-bf06-ed71-c4e7-a75d56d4b58d" executionId="e38c3109-889c-47a1-97c1-a03fe92485f8" testListId="8c84fa94-04c1-424b-9868-57a2d4851a1d" />
    <TestEntry testId="ad0d39e5-00d7-6228-aeb3-c91c6b3da5f5" executionId="a93676f2-ec26-4041-b4c1-058eec2b4df7" testListId="8c84fa94-04c1-424b-9868-57a2d4851a1d" />
    <TestEntry testId="586d74ce-5942-0e84-021d-61533272d525" executionId="5ecc72b9-b5de-4e08-97a1-f2ccd1de2537" testListId="8c84fa94-04c1-424b-9868-57a2d4851a1d" />
    <TestEntry testId="c22f41fe-1a51-d644-5cab-111d373cdaae" executionId="e9505b9d-caa0-47ae-b9cb-63dfc8927e1e" testListId="8c84fa94-04c1-424b-9868-57a2d4851a1d" />
    <TestEntry testId="b7ae8529-9bcc-b3b7-9e9a-1f51fba7bd52" executionId="2d7c41e8-501e-4702-bea5-76ef8a516b1c" testListId="8c84fa94-04c1-424b-9868-57a2d4851a1d" />
    <TestEntry testId="3076346f-e719-f439-3898-289f35032ef1" executionId="1d82ccd4-d17c-4a84-b905-b8e92cc6656a" testListId="8c84fa94-04c1-424b-9868-57a2d4851a1d" />
    <TestEntry testId="332896aa-a36b-b7b0-c333-01128c6d7ce1" executionId="2115de64-2875-473c-8ea5-103cf002cbec" testListId="8c84fa94-04c1-424b-9868-57a2d4851a1d" />
    <TestEntry testId="ae0539e8-7653-996e-a87e-3f69894a3b17" executionId="76f4540c-eabe-4eda-839b-79f2cc99a11c" testListId="8c84fa94-04c1-424b-9868-57a2d4851a1d" />
    <TestEntry testId="4cdb1a1d-1763-9c6d-9472-d3d70dd3181a" executionId="397ce571-9f0b-49f5-9f5f-8a8667a60c56" testListId="8c84fa94-04c1-424b-9868-57a2d4851a1d" />
    <TestEntry testId="fef1bbd3-bec0-195c-f4d4-bbae6f5abedb" executionId="6f7c7c17-8fc8-4a9c-b133-9da58617277d" testListId="8c84fa94-04c1-424b-9868-57a2d4851a1d" />
    <TestEntry testId="3516f5e6-d761-9079-ee12-f11189d2dee7" executionId="8bc198c5-cd2c-433a-93cb-3fd9b06a20e2" testListId="8c84fa94-04c1-424b-9868-57a2d4851a1d" />
    <TestEntry testId="cc3765fc-8658-a464-43ae-5fa3b977b4d0" executionId="f3533c2b-ecf5-42f0-a0d3-e5c15d49f242" testListId="8c84fa94-04c1-424b-9868-57a2d4851a1d" />
    <TestEntry testId="0a67f5eb-9494-4a90-6e4a-75483ed48ca6" executionId="1a34d356-cf0d-4bc3-b061-74f38b91c78a" testListId="8c84fa94-04c1-424b-9868-57a2d4851a1d" />
    <TestEntry testId="350fb660-314c-786b-3d6b-541a0971c807" executionId="1381c42f-adc0-48e4-9a1b-a827d8ab745b" testListId="8c84fa94-04c1-424b-9868-57a2d4851a1d" />
    <TestEntry testId="5749c604-52df-ef4c-d6f1-907c4b7b515f" executionId="914edf06-ef44-4211-9aa5-9204aecd5438" testListId="8c84fa94-04c1-424b-9868-57a2d4851a1d" />
    <TestEntry testId="2a1dcdd7-96d2-dad7-f34d-9619dff356c8" executionId="bd6bb121-9645-4dd4-b4ca-fcedecd13e9c" testListId="8c84fa94-04c1-424b-9868-57a2d4851a1d" />
    <TestEntry testId="99892231-84e1-33e1-e7f7-41ced0139b8b" executionId="b8fdc850-6c16-423d-8a18-9ed23805a1a2" testListId="8c84fa94-04c1-424b-9868-57a2d4851a1d" />
    <TestEntry testId="269fcbba-1520-c37c-832e-a6063e8324bb" executionId="a3143b6f-35d7-4d95-a488-9fa4914de4d6" testListId="8c84fa94-04c1-424b-9868-57a2d4851a1d" />
    <TestEntry testId="ec69e657-5b70-1fb9-5485-83b465ae5c05" executionId="46fca3d7-16a3-4192-8f49-73f47f27383a" testListId="8c84fa94-04c1-424b-9868-57a2d4851a1d" />
    <TestEntry testId="65d5e85b-e0a7-670a-3e1b-13af33b9e642" executionId="3dedd8c5-f3d2-426b-bcf6-d02b53d460b5" testListId="8c84fa94-04c1-424b-9868-57a2d4851a1d" />
    <TestEntry testId="cea2ec8e-0a0c-aae3-594d-8b1cbbb55ac5" executionId="c3fdb65c-b9bf-4239-b9c6-4cc82e84b186" testListId="8c84fa94-04c1-424b-9868-57a2d4851a1d" />
    <TestEntry testId="9ac720d3-776c-ab54-a939-3b82af418447" executionId="195db20d-4549-4b5b-bdc8-7769f789d16a" testListId="8c84fa94-04c1-424b-9868-57a2d4851a1d" />
    <TestEntry testId="19d5cf7b-2f75-2a41-694f-50c30d11f63c" executionId="23503dd3-92d1-4d88-b645-108972f6d61a" testListId="8c84fa94-04c1-424b-9868-57a2d4851a1d" />
    <TestEntry testId="08f9b0f6-c970-f823-e359-90266e985263" executionId="9279cbed-f118-40d8-b03f-4c8a66a1d577" testListId="8c84fa94-04c1-424b-9868-57a2d4851a1d" />
    <TestEntry testId="c8f354e3-5f08-fa6e-54e5-16cf95052730" executionId="f2a05179-4a98-4dc1-900a-022e86d44db8" testListId="8c84fa94-04c1-424b-9868-57a2d4851a1d" />
    <TestEntry testId="085515b8-4fc1-99b2-eae0-b56b9cad0980" executionId="78842b90-4f1b-43ca-8581-754ae7940f99" testListId="8c84fa94-04c1-424b-9868-57a2d4851a1d" />
    <TestEntry testId="39cbc733-29e9-c5b4-bf01-9d0a5e8faef4" executionId="98119f78-0f48-4fb7-bb3d-020884904c23" testListId="8c84fa94-04c1-424b-9868-57a2d4851a1d" />
    <TestEntry testId="cdb2a1c6-455e-afdc-b339-d53b98cacc5c" executionId="a7fa6a5a-288f-481d-a679-cdb42eba17f8" testListId="8c84fa94-04c1-424b-9868-57a2d4851a1d" />
    <TestEntry testId="72f86afd-1edb-0981-2eec-047ba5881f5f" executionId="1247a02e-6d95-4220-b506-1cdbc6879507" testListId="8c84fa94-04c1-424b-9868-57a2d4851a1d" />
    <TestEntry testId="5e0ccfa9-e637-4242-b34b-1ae82226f894" executionId="6ef3cd33-eebd-4fcc-9cbd-89710457ecdf" testListId="8c84fa94-04c1-424b-9868-57a2d4851a1d" />
    <TestEntry testId="8646524a-5166-ca18-26db-7c128f59fc0d" executionId="ef119282-c0b0-4fe5-84b2-082892f33485" testListId="8c84fa94-04c1-424b-9868-57a2d4851a1d" />
    <TestEntry testId="cffbdb32-a5ce-3149-2be9-2e224df2f82b" executionId="f1d53b46-190c-4e2b-bd3b-d9a0b5eaf88d" testListId="8c84fa94-04c1-424b-9868-57a2d4851a1d" />
    <TestEntry testId="18c82026-182f-6e23-4c30-ed576236aa7c" executionId="fa6fe5a1-c24e-402b-9923-0f408202674d" testListId="8c84fa94-04c1-424b-9868-57a2d4851a1d" />
    <TestEntry testId="74223507-0b05-49e9-aad1-655b0b7c8f6e" executionId="8b6f7daa-16d9-4f7b-b84f-f77648fd3e20" testListId="8c84fa94-04c1-424b-9868-57a2d4851a1d" />
    <TestEntry testId="4053e9a2-a689-a1a5-6da0-c7b491ae4105" executionId="0b1cea17-5cdf-48af-9893-b7e04c02b0b4" testListId="8c84fa94-04c1-424b-9868-57a2d4851a1d" />
    <TestEntry testId="fb801da6-9ecf-3dd8-bfd4-511523f841d2" executionId="9666523e-f76c-417c-a565-903a2815bb6d" testListId="8c84fa94-04c1-424b-9868-57a2d4851a1d" />
    <TestEntry testId="5befb21e-f374-5353-37db-f8026e3c1253" executionId="7519f8b0-f6da-4c9d-a22c-b6b03256d2a9" testListId="8c84fa94-04c1-424b-9868-57a2d4851a1d" />
    <TestEntry testId="7d2712c2-8286-82a7-fc6d-ae7572a28a52" executionId="b16d85da-22ca-4596-8898-8309290facd1" testListId="8c84fa94-04c1-424b-9868-57a2d4851a1d" />
    <TestEntry testId="4eec350c-78eb-2a68-cc2e-22085c8e2c8c" executionId="6e2100d5-9580-41db-bdcf-d71589d88700" testListId="8c84fa94-04c1-424b-9868-57a2d4851a1d" />
    <TestEntry testId="a2a7734b-7826-2e52-b732-ff373605efea" executionId="b8bbe036-dcee-4481-888d-948daa60ae7e" testListId="8c84fa94-04c1-424b-9868-57a2d4851a1d" />
    <TestEntry testId="8c3471e8-fc32-9e5a-4e09-9595c65b9cfb" executionId="42f1ac2e-61c2-4d57-aa53-cce4fec627c9" testListId="8c84fa94-04c1-424b-9868-57a2d4851a1d" />
    <TestEntry testId="a3b592c0-7c51-7572-10a6-650c509f2a53" executionId="9b38fa99-b864-484b-8b87-b24b7aca3053" testListId="8c84fa94-04c1-424b-9868-57a2d4851a1d" />
    <TestEntry testId="1585bed7-c67c-7046-51d9-aa8f4af66bac" executionId="18ea1a29-de19-424d-b36a-fb553ce883e7" testListId="8c84fa94-04c1-424b-9868-57a2d4851a1d" />
    <TestEntry testId="ecba833b-4a32-70dc-1540-ec8a113be1de" executionId="7da23526-30da-4ace-a0a1-e84ffb3102ab" testListId="8c84fa94-04c1-424b-9868-57a2d4851a1d" />
    <TestEntry testId="d0fb0f26-05d6-fd5b-00ba-97eda4e7b49a" executionId="41b7a08e-8414-4d31-9e62-22ee689ca561" testListId="8c84fa94-04c1-424b-9868-57a2d4851a1d" />
    <TestEntry testId="a7bf7fe5-0fd3-09c0-db2e-a077e2bb59f1" executionId="d6be6689-bffb-4d91-b78d-3e7702afa505" testListId="8c84fa94-04c1-424b-9868-57a2d4851a1d" />
    <TestEntry testId="504418ac-a1f0-2470-99eb-7bd66657ed39" executionId="16c5a423-4ea9-4d2d-bde9-fc1d24c10c35" testListId="8c84fa94-04c1-424b-9868-57a2d4851a1d" />
    <TestEntry testId="4d1c39cc-af91-5c58-272b-da1e4b7a0924" executionId="ae469353-7582-48c5-9bf7-e0c9fd938855" testListId="8c84fa94-04c1-424b-9868-57a2d4851a1d" />
    <TestEntry testId="daa8f257-6d65-5334-bc6e-50b3c593ee4f" executionId="82de71b9-bc59-4f30-af15-f193759252b8" testListId="8c84fa94-04c1-424b-9868-57a2d4851a1d" />
    <TestEntry testId="0f731173-747f-4b49-2f2d-d518fc733b7a" executionId="f8a98e11-24d8-4802-8c65-e96e859900f8" testListId="8c84fa94-04c1-424b-9868-57a2d4851a1d" />
    <TestEntry testId="0de09b0b-f0e0-0518-809a-6a317cadda64" executionId="40cafc1c-6ff6-4434-9ec2-ae2bf5a9a21c" testListId="8c84fa94-04c1-424b-9868-57a2d4851a1d" />
    <TestEntry testId="13703350-881b-2176-aa37-cf09df989ef2" executionId="d7532b11-3293-4385-9ef4-2ed0057821a5" testListId="8c84fa94-04c1-424b-9868-57a2d4851a1d" />
    <TestEntry testId="a68a27ee-ced5-7055-06ba-12f96958b28f" executionId="f60508ae-295d-47e3-8b5b-983b32d25068" testListId="8c84fa94-04c1-424b-9868-57a2d4851a1d" />
    <TestEntry testId="a4a3bfc2-ce2c-55ab-e6c7-e1c25caaf60b" executionId="c232455d-677a-4184-8d34-e2719b27ca00" testListId="8c84fa94-04c1-424b-9868-57a2d4851a1d" />
    <TestEntry testId="9833abbf-2b3b-4c95-cc5f-ce17c418fcd0" executionId="71ef7daa-c2a2-4672-89ce-0530b72500a9" testListId="8c84fa94-04c1-424b-9868-57a2d4851a1d" />
    <TestEntry testId="e93018a6-329d-1e6a-244e-75972e649bf3" executionId="af26d090-ab6e-493c-990a-67e016b4b1d5" testListId="8c84fa94-04c1-424b-9868-57a2d4851a1d" />
    <TestEntry testId="1d29fac2-3f2b-d487-db1b-b2d3ad7fc889" executionId="b14fe380-92e1-433f-b671-969d0022f598" testListId="8c84fa94-04c1-424b-9868-57a2d4851a1d" />
    <TestEntry testId="869e2bf6-051e-e015-497a-7397bf66191a" executionId="51960886-dd6b-423a-bf04-3fc33cc66e4a" testListId="8c84fa94-04c1-424b-9868-57a2d4851a1d" />
    <TestEntry testId="6b2a33da-8dbe-7c78-d246-94dec9023958" executionId="8c57e1c7-3788-4304-9097-c688b9e24a34" testListId="8c84fa94-04c1-424b-9868-57a2d4851a1d" />
    <TestEntry testId="a8634532-96d4-4e33-4b5e-145495f036bc" executionId="1f226340-2cf6-4a88-bf32-55ad16289edb" testListId="8c84fa94-04c1-424b-9868-57a2d4851a1d" />
    <TestEntry testId="117ddc28-dcc8-243a-b2bd-3d83692ecb26" executionId="a4206082-ae2f-403a-bbd7-cc5a03db0c82" testListId="8c84fa94-04c1-424b-9868-57a2d4851a1d" />
    <TestEntry testId="8b65b678-d86a-73e1-86df-afba7eb83500" executionId="f78f9d1d-2a29-484b-a20f-3e320061725d" testListId="8c84fa94-04c1-424b-9868-57a2d4851a1d" />
    <TestEntry testId="216aea03-2265-1779-35c7-74f06eb76326" executionId="8157f513-f0ac-497a-81fd-21d289ad4d0c" testListId="8c84fa94-04c1-424b-9868-57a2d4851a1d" />
    <TestEntry testId="f27323f0-86ce-1e1b-2a7d-c904454ba29a" executionId="d61c1710-a1a3-4c09-8e0e-d2c94c5654ba" testListId="8c84fa94-04c1-424b-9868-57a2d4851a1d" />
    <TestEntry testId="85a1665e-7de4-7e52-079a-cc1001b34152" executionId="17fbd7a7-f6d3-4dc9-99ae-fc3b975a7d8d" testListId="8c84fa94-04c1-424b-9868-57a2d4851a1d" />
    <TestEntry testId="b818bc8f-75bb-2119-5010-d4b3daaab169" executionId="7ac9ce5f-460d-4212-b1a5-e8a4252f54c0" testListId="8c84fa94-04c1-424b-9868-57a2d4851a1d" />
    <TestEntry testId="2e7985fe-e95f-8919-ba34-acd7bc78ecb7" executionId="a0e98082-db03-4f13-a577-89c2d0d52065" testListId="8c84fa94-04c1-424b-9868-57a2d4851a1d" />
    <TestEntry testId="4065d4aa-647e-7977-71b8-e3fe088d65f6" executionId="50e651f8-bc19-4e6e-ad63-c2959276e696" testListId="8c84fa94-04c1-424b-9868-57a2d4851a1d" />
    <TestEntry testId="acf8804d-792c-1b35-de81-83d4ccdfb352" executionId="b5d75421-32b3-4181-ad8a-65c4e94dd7bd" testListId="8c84fa94-04c1-424b-9868-57a2d4851a1d" />
    <TestEntry testId="959de6ab-41a3-bb6f-c652-3f36caba1f36" executionId="c15a924e-dc84-4810-b5c9-42494cf4a065" testListId="8c84fa94-04c1-424b-9868-57a2d4851a1d" />
    <TestEntry testId="9abb3739-6b0d-7f8e-6b46-0210e9a0d235" executionId="18dde679-a62c-43c4-acfe-579bf18cfdee" testListId="8c84fa94-04c1-424b-9868-57a2d4851a1d" />
    <TestEntry testId="5543d26e-832a-3de2-3988-5faa4df93969" executionId="76cc6e17-a6fe-46cc-bdf3-f26af1340087" testListId="8c84fa94-04c1-424b-9868-57a2d4851a1d" />
    <TestEntry testId="4671f449-0198-2bb5-9d3d-e7e5207a3968" executionId="0130bbe9-46c7-4446-9841-a80260202c02" testListId="8c84fa94-04c1-424b-9868-57a2d4851a1d" />
    <TestEntry testId="bf86283e-7a86-5918-0c0e-285ecb14cc6f" executionId="89ae6369-ebba-484a-8f8d-cf65236dd127" testListId="8c84fa94-04c1-424b-9868-57a2d4851a1d" />
    <TestEntry testId="163ffdcd-8cc6-0360-4c70-1c08392ed80a" executionId="226e9631-6628-49e7-9744-becf2e40498b" testListId="8c84fa94-04c1-424b-9868-57a2d4851a1d" />
    <TestEntry testId="5a903d00-5b08-70e4-0ae1-41f7c132ff27" executionId="99c7cb3e-80fc-4b1d-b354-e65ba48a22f1" testListId="8c84fa94-04c1-424b-9868-57a2d4851a1d" />
    <TestEntry testId="02a94b2b-cd88-000b-7e1d-6fc58b3c673d" executionId="093289ea-4c42-4cfe-88a2-f9e7b8d91e72" testListId="8c84fa94-04c1-424b-9868-57a2d4851a1d" />
    <TestEntry testId="979280e2-dfe1-0cec-d81f-8909f7e24c33" executionId="58ddfc2b-a724-4cd4-8154-d946be2688ee" testListId="8c84fa94-04c1-424b-9868-57a2d4851a1d" />
    <TestEntry testId="1a0f9073-85e9-ddfd-302a-6b8e7f408be7" executionId="e2531de5-e080-4e1d-8b3c-3e43ad0637d3" testListId="8c84fa94-04c1-424b-9868-57a2d4851a1d" />
    <TestEntry testId="2d7011d5-0d18-55b9-d3f3-68998c9945f9" executionId="7f2c3f2e-620c-490a-9395-b19711fe394d" testListId="8c84fa94-04c1-424b-9868-57a2d4851a1d" />
    <TestEntry testId="dafa776a-6a08-1272-aac7-ca70346aa44a" executionId="4fe85937-48c8-4942-9ed5-614ddf5251b1" testListId="8c84fa94-04c1-424b-9868-57a2d4851a1d" />
    <TestEntry testId="e57b5d64-f9f1-68ef-e175-4a5caa032c54" executionId="41047c5a-9230-4b6c-b8b2-10a83527d6c2" testListId="8c84fa94-04c1-424b-9868-57a2d4851a1d" />
    <TestEntry testId="bd810d5e-74d1-fb29-2175-9a145b5629e1" executionId="755b75d5-b26f-4e70-aec0-0a401c31cc76" testListId="8c84fa94-04c1-424b-9868-57a2d4851a1d" />
    <TestEntry testId="75733184-ecf7-b281-bd2e-48c921f0cff4" executionId="c6b583aa-2f59-4f32-99f0-25df209c1865" testListId="8c84fa94-04c1-424b-9868-57a2d4851a1d" />
    <TestEntry testId="6adeca65-1d67-3030-b131-cc9b902991d4" executionId="92aada12-c322-4dd8-aa9a-b087b0a74147" testListId="8c84fa94-04c1-424b-9868-57a2d4851a1d" />
    <TestEntry testId="faff4fba-5493-e6c9-9bf9-a728e70472b3" executionId="35a5b778-3ec1-4376-84de-6f3402814058" testListId="8c84fa94-04c1-424b-9868-57a2d4851a1d" />
    <TestEntry testId="2435f07f-4cdd-eeff-ea35-46385277928d" executionId="9647fe26-1b73-4b25-a946-33fcecaed1d1" testListId="8c84fa94-04c1-424b-9868-57a2d4851a1d" />
    <TestEntry testId="7238819f-b48b-cc3e-dc7e-e183fab753be" executionId="d4bbf410-2214-4030-93b6-8c3ecedd403d" testListId="8c84fa94-04c1-424b-9868-57a2d4851a1d" />
    <TestEntry testId="d011f96b-d6c9-06f7-3372-df15e577854e" executionId="73ca2276-140b-46e2-acdd-0c21666c138b" testListId="8c84fa94-04c1-424b-9868-57a2d4851a1d" />
    <TestEntry testId="2f04f25a-f7ea-d154-f23d-9b85170cefc4" executionId="3515c1f5-06f9-4b36-a4a6-0632b801f58e" testListId="8c84fa94-04c1-424b-9868-57a2d4851a1d" />
    <TestEntry testId="6234ecb8-e2dd-d37d-8721-81fdc7e6823a" executionId="7333582f-de56-4911-b2d7-0f05ca33dbd5" testListId="8c84fa94-04c1-424b-9868-57a2d4851a1d" />
    <TestEntry testId="3e10b303-d441-b310-0523-4f1f964c7566" executionId="380f8f43-2e28-40f7-bbf4-a46bdf2f2fa9" testListId="8c84fa94-04c1-424b-9868-57a2d4851a1d" />
    <TestEntry testId="3332c67c-92a3-057f-677b-9ccf84688a91" executionId="7224731c-e4ac-48d9-9e4f-1b225b758372" testListId="8c84fa94-04c1-424b-9868-57a2d4851a1d" />
    <TestEntry testId="bfbb79be-1fcf-163a-7e39-8393a3a71050" executionId="a19de216-86d9-430d-8f20-8dfdb13b5898" testListId="8c84fa94-04c1-424b-9868-57a2d4851a1d" />
    <TestEntry testId="0a638305-142d-7de7-7f12-9a81aa636946" executionId="5587d4fd-6805-4c5c-b01a-73c1335f713e" testListId="8c84fa94-04c1-424b-9868-57a2d4851a1d" />
    <TestEntry testId="2ec4bb68-9993-76c1-0376-5d281d5240c0" executionId="814854b3-548c-4839-aa46-bd86d1f22cdf" testListId="8c84fa94-04c1-424b-9868-57a2d4851a1d" />
    <TestEntry testId="27883ffc-bfa0-e8a9-4fbc-9b88539fca09" executionId="c52c42dd-4cc3-41c6-9a38-6696c89520a4" testListId="8c84fa94-04c1-424b-9868-57a2d4851a1d" />
    <TestEntry testId="9fbd08c9-807d-0d3a-ed39-c949f2bb8c4b" executionId="4491f751-010e-4c8e-82ac-91d16fac4d19" testListId="8c84fa94-04c1-424b-9868-57a2d4851a1d" />
    <TestEntry testId="a7a3158e-1399-dbdf-e50f-3716ddb1ba8c" executionId="0b40782a-a86b-4829-94d3-2ce9af5cf6de" testListId="8c84fa94-04c1-424b-9868-57a2d4851a1d" />
    <TestEntry testId="c2915ea4-e5f9-7f97-c925-c30cd92f3ba5" executionId="c63de72d-0de2-43a9-a35d-cc1ccef45cbb" testListId="8c84fa94-04c1-424b-9868-57a2d4851a1d" />
    <TestEntry testId="ab49834c-8dcd-dead-a042-efc0f8ab3657" executionId="21d3b046-ac8f-4cd2-b4fa-306e612214ee" testListId="8c84fa94-04c1-424b-9868-57a2d4851a1d" />
    <TestEntry testId="f7492970-5062-ad84-014e-43c4dfa554f1" executionId="cfa1f687-dae1-442c-8d6b-f5d27729895e" testListId="8c84fa94-04c1-424b-9868-57a2d4851a1d" />
    <TestEntry testId="7461a5be-ee77-e379-ff74-051c3d53d9e0" executionId="963d7b64-343d-461e-a74b-c2da36d8a11a" testListId="8c84fa94-04c1-424b-9868-57a2d4851a1d" />
    <TestEntry testId="b3807b1c-634e-e2ee-a1b8-8f079f205113" executionId="fc718cfe-7076-469f-96eb-df852cb5c3fc" testListId="8c84fa94-04c1-424b-9868-57a2d4851a1d" />
    <TestEntry testId="76e83c15-4958-72c0-6072-2306062f6c27" executionId="88d7aa73-9a52-4618-9316-e55136d0e17d" testListId="8c84fa94-04c1-424b-9868-57a2d4851a1d" />
    <TestEntry testId="4aa54f00-5a60-e1ca-de86-bd0d6c5bb993" executionId="229e6983-29ff-4675-9b4f-26ad5bb1e87a" testListId="8c84fa94-04c1-424b-9868-57a2d4851a1d" />
    <TestEntry testId="d5b42656-f37b-3f98-9edc-5bd253352fc2" executionId="1e5b9b4f-6fb5-45da-aa8f-931319a34f72" testListId="8c84fa94-04c1-424b-9868-57a2d4851a1d" />
    <TestEntry testId="e82068c0-6e0f-9139-e11b-135d1d5c14f8" executionId="48dc4deb-0cc6-4537-8d48-af7faedf7e1b" testListId="8c84fa94-04c1-424b-9868-57a2d4851a1d" />
    <TestEntry testId="20f7b20d-6fda-90c5-179b-3395a4df9b7c" executionId="c7b4e2f0-d3bc-4496-975f-2acf57cc87bb" testListId="8c84fa94-04c1-424b-9868-57a2d4851a1d" />
    <TestEntry testId="d877f94f-066f-42a6-7d0d-fddcf50efb86" executionId="0ee57bb9-5fa1-40e3-b73a-4d68f9dbf1ce" testListId="8c84fa94-04c1-424b-9868-57a2d4851a1d" />
    <TestEntry testId="ed243bdd-6000-1061-a83e-9e458b3d2a08" executionId="0cd51bf4-d693-4356-8d9c-857334199d95" testListId="8c84fa94-04c1-424b-9868-57a2d4851a1d" />
    <TestEntry testId="d7aeee86-92f2-5c12-685d-812d09ed0822" executionId="24ff2b40-5713-4e66-84dd-01cd398382c8" testListId="8c84fa94-04c1-424b-9868-57a2d4851a1d" />
    <TestEntry testId="e59d968d-c8e5-f85d-8f4b-30d82d049708" executionId="1eb21697-064e-4ef2-a807-b88396f3474e" testListId="8c84fa94-04c1-424b-9868-57a2d4851a1d" />
    <TestEntry testId="14432cab-194a-d804-9f67-885b71746a71" executionId="889a8349-dc6f-4ef2-98ba-c43dc3659d77" testListId="8c84fa94-04c1-424b-9868-57a2d4851a1d" />
    <TestEntry testId="07e0302f-2dc8-4d9e-5870-92f7c56a6ee3" executionId="35ec79b9-4649-4234-ad36-bf66afbe0a0a" testListId="8c84fa94-04c1-424b-9868-57a2d4851a1d" />
    <TestEntry testId="d91762c9-e8c3-9301-162e-078c803712fd" executionId="7d6a5792-1936-4a2c-90ac-94717cb19253" testListId="8c84fa94-04c1-424b-9868-57a2d4851a1d" />
    <TestEntry testId="190cafd6-e87f-acd4-dc9b-9d82114386d9" executionId="b13c8787-43dd-4ea3-93d3-63796561feee" testListId="8c84fa94-04c1-424b-9868-57a2d4851a1d" />
    <TestEntry testId="6168ca12-341a-f09a-6cdf-6dd1f68c911d" executionId="33ff3263-0d8b-4068-aff5-d4d122fd41d1" testListId="8c84fa94-04c1-424b-9868-57a2d4851a1d" />
    <TestEntry testId="63363866-031a-a196-cb3f-a58e78fe124a" executionId="ae40f4f8-da91-4561-ac8d-6497d6749146" testListId="8c84fa94-04c1-424b-9868-57a2d4851a1d" />
    <TestEntry testId="8e7eb82c-6e6a-99e1-6a43-facf136e77c6" executionId="e0f77e39-a117-490f-b960-d1493428060d" testListId="8c84fa94-04c1-424b-9868-57a2d4851a1d" />
    <TestEntry testId="5f18de16-3031-4e46-e632-27368e418f95" executionId="e77bef13-e894-4666-bf06-58e7d4cdadae" testListId="8c84fa94-04c1-424b-9868-57a2d4851a1d" />
    <TestEntry testId="0a8ad004-d01c-d1e0-58a0-181e5b1d213b" executionId="5134dc13-d3b3-4d40-aef0-b7e4031b6309" testListId="8c84fa94-04c1-424b-9868-57a2d4851a1d" />
    <TestEntry testId="87b7e046-4300-6ba7-be8d-14de8ee31c5f" executionId="9db9abbd-f048-40ee-87c7-fb3700edbfdf" testListId="8c84fa94-04c1-424b-9868-57a2d4851a1d" />
    <TestEntry testId="c79823a4-e6c5-4210-9526-f7fc3ce5d77c" executionId="8b886b2c-fc7a-4438-9bfd-a4a350c45396" testListId="8c84fa94-04c1-424b-9868-57a2d4851a1d" />
    <TestEntry testId="5b9eed1d-66a1-144a-f169-3003eeb937ac" executionId="c525c132-c5de-4df2-aa47-097dbf523246" testListId="8c84fa94-04c1-424b-9868-57a2d4851a1d" />
    <TestEntry testId="69d1c74a-49ac-9f2b-6362-7fb9e78b2a92" executionId="e422cf65-647c-44aa-a431-ce8b9757fa58" testListId="8c84fa94-04c1-424b-9868-57a2d4851a1d" />
    <TestEntry testId="5978b633-9011-54a2-21cc-a2b29dbbebca" executionId="8bc31054-be15-4c95-97c9-e1c5e6b90bf7" testListId="8c84fa94-04c1-424b-9868-57a2d4851a1d" />
    <TestEntry testId="5ad91b1e-e6bf-9b68-b95f-00f8f29f8b7a" executionId="f837d2bb-18ea-4d43-9ba7-a1fd3bad43a0" testListId="8c84fa94-04c1-424b-9868-57a2d4851a1d" />
    <TestEntry testId="5e8b18ba-6a80-fd43-4cb0-8c6bdf8765d5" executionId="c8438ef7-535f-4029-addf-cadc04849e04" testListId="8c84fa94-04c1-424b-9868-57a2d4851a1d" />
    <TestEntry testId="752d40b4-ceac-535b-c245-39fed899e450" executionId="ea44aea3-2471-4ac4-9e32-66c24fa0e6b1" testListId="8c84fa94-04c1-424b-9868-57a2d4851a1d" />
    <TestEntry testId="a05ddd0e-e3f2-fb31-c2fd-f1f3b4b30fc1" executionId="e9a9fa64-777c-4e55-8710-404f0bc24fc3" testListId="8c84fa94-04c1-424b-9868-57a2d4851a1d" />
    <TestEntry testId="dd05b666-876a-55fb-e7fc-780febc2a53a" executionId="5b9e955b-2a7b-4a0d-a918-5dea7af2b6e4" testListId="8c84fa94-04c1-424b-9868-57a2d4851a1d" />
    <TestEntry testId="ab3aafbd-fe25-4a7f-3bda-69e06a94b6ee" executionId="d9eb60c1-9945-444c-a400-6cb146c84905" testListId="8c84fa94-04c1-424b-9868-57a2d4851a1d" />
    <TestEntry testId="8058c27b-1352-027a-d929-43b2879c423e" executionId="6ffdc410-2c48-4d14-bb50-5dd7aeb58867" testListId="8c84fa94-04c1-424b-9868-57a2d4851a1d" />
    <TestEntry testId="9f3a0fc9-3eea-97c3-5cc5-d99512257356" executionId="1fcbcf2f-d500-467f-a320-96fa943d6067" testListId="8c84fa94-04c1-424b-9868-57a2d4851a1d" />
    <TestEntry testId="38d2c1cf-74ca-44cc-3664-3d658cbc699d" executionId="62327d4d-d9bf-4204-8abe-7c14ef089b52" testListId="8c84fa94-04c1-424b-9868-57a2d4851a1d" />
    <TestEntry testId="acb6cd45-54f0-d858-050f-39c07ff6b496" executionId="e54bb543-5ed4-4caf-bd64-d2aa983a9bc5" testListId="8c84fa94-04c1-424b-9868-57a2d4851a1d" />
    <TestEntry testId="0a70d6fd-d740-a74a-169e-d35621818982" executionId="db7a9700-6727-4f79-9001-f8b8f9576a51" testListId="8c84fa94-04c1-424b-9868-57a2d4851a1d" />
    <TestEntry testId="341040bb-ced9-d1d7-7226-192f7cf8fcdc" executionId="6cf152e1-de2d-4bc5-8540-5925efb441cf" testListId="8c84fa94-04c1-424b-9868-57a2d4851a1d" />
    <TestEntry testId="4d32377c-3003-92bb-8a9b-867e419dcb6a" executionId="e1127ee7-d733-4c7d-a255-d48ce541a258" testListId="8c84fa94-04c1-424b-9868-57a2d4851a1d" />
    <TestEntry testId="efffcfd3-8ae4-cc7b-929a-37f206ad1981" executionId="4d66b255-7dc8-4ba4-8d3d-611c36cec374" testListId="8c84fa94-04c1-424b-9868-57a2d4851a1d" />
    <TestEntry testId="261e6035-42f7-283f-e93e-b518a8a74310" executionId="8445005e-cc25-438b-947c-d47a4886ff74" testListId="8c84fa94-04c1-424b-9868-57a2d4851a1d" />
    <TestEntry testId="ab120f5f-70c1-1c2c-37fe-0285fb96cb1f" executionId="e6ee510b-4eab-422b-a4c0-0c4436f9113e" testListId="8c84fa94-04c1-424b-9868-57a2d4851a1d" />
    <TestEntry testId="d6143222-8a1b-29ba-ebfb-222b6c27b152" executionId="5d05fce8-0249-438e-afb1-51347f3bc3ad" testListId="8c84fa94-04c1-424b-9868-57a2d4851a1d" />
    <TestEntry testId="a05419bf-665b-85cf-3ea6-25bb6d01dbe8" executionId="3f4a0bf1-2326-4ea5-88b4-484b180f227f" testListId="8c84fa94-04c1-424b-9868-57a2d4851a1d" />
    <TestEntry testId="f373b350-fc52-4fbc-ec82-56bf220e0771" executionId="d2aeef51-2843-4dc2-a9fd-d1ccb017ff6b" testListId="8c84fa94-04c1-424b-9868-57a2d4851a1d" />
    <TestEntry testId="8d316203-7ae4-8ab6-6acc-77bb5420b18a" executionId="89b18865-2a7b-4991-9f44-1f1f291d8630" testListId="8c84fa94-04c1-424b-9868-57a2d4851a1d" />
    <TestEntry testId="348072bd-5799-593b-9354-a4cea37de12a" executionId="728316bf-d931-457c-b3d3-b9997d658d6f" testListId="8c84fa94-04c1-424b-9868-57a2d4851a1d" />
    <TestEntry testId="016d303d-5ae2-6e55-e6bf-2008da910e62" executionId="732a7a03-71f6-4a54-8e9e-98726709da37" testListId="8c84fa94-04c1-424b-9868-57a2d4851a1d" />
    <TestEntry testId="ab9c2247-9b07-41d9-d47e-aa4942797b13" executionId="e1e600a7-b685-47e3-9d9c-f6a906ac1303" testListId="8c84fa94-04c1-424b-9868-57a2d4851a1d" />
    <TestEntry testId="eaeadf06-6f78-ef66-9240-54edcfcfb42c" executionId="f07c1fc7-2228-4f6a-b7c3-4db49a65deff" testListId="8c84fa94-04c1-424b-9868-57a2d4851a1d" />
    <TestEntry testId="d141c1f4-2ff8-7341-a2af-364fb6299829" executionId="27c70e95-396a-4047-9f57-cdd24c3fa84a" testListId="8c84fa94-04c1-424b-9868-57a2d4851a1d" />
    <TestEntry testId="bdc09174-9d70-e652-ba81-c9f592504617" executionId="7c6fd155-9b74-4ab3-a155-c92648d5f890" testListId="8c84fa94-04c1-424b-9868-57a2d4851a1d" />
    <TestEntry testId="ba20835b-067e-5539-8e44-8baf83c19e41" executionId="a08af1f3-3102-47d8-85ad-99ad15b6a625" testListId="8c84fa94-04c1-424b-9868-57a2d4851a1d" />
    <TestEntry testId="cf3ffd15-e77d-0064-8da1-70abe47d1342" executionId="1a3c0ac0-dd5c-4cf0-a3da-2efff7850925" testListId="8c84fa94-04c1-424b-9868-57a2d4851a1d" />
    <TestEntry testId="ecf7f37a-1b96-2a28-2d44-fb1c19988638" executionId="b016b93a-4f39-4776-9f82-ddd83d86d133" testListId="8c84fa94-04c1-424b-9868-57a2d4851a1d" />
    <TestEntry testId="112c074c-c91e-2a6e-3358-6a9304c63b95" executionId="25a1a52e-6060-471b-8288-1cce7aedc175" testListId="8c84fa94-04c1-424b-9868-57a2d4851a1d" />
    <TestEntry testId="4ea1f036-59f8-5cad-3b0c-625068ad78db" executionId="bc6ecf3a-deae-4920-bca7-4ef3d26c179d" testListId="8c84fa94-04c1-424b-9868-57a2d4851a1d" />
    <TestEntry testId="149e1688-e5dc-ebf7-54b0-eb7d782e0a3d" executionId="f6e72a9c-bb55-4bd4-81a1-a15b6a0ae343" testListId="8c84fa94-04c1-424b-9868-57a2d4851a1d" />
    <TestEntry testId="ee37d42d-7676-d60e-f83a-c40bddb185e0" executionId="8d7b4e85-fada-4c3d-a288-4142f6f9af38" testListId="8c84fa94-04c1-424b-9868-57a2d4851a1d" />
    <TestEntry testId="20824924-0d17-ff1e-4d7b-1e65a0dd7f7d" executionId="4aeec2da-c793-486b-b8cb-60ab6cd9bc7d" testListId="8c84fa94-04c1-424b-9868-57a2d4851a1d" />
    <TestEntry testId="85d0bba0-b6e6-710e-0b38-be2340b6cfc9" executionId="895a04cd-b712-46dd-ad07-5962e7f748c9" testListId="8c84fa94-04c1-424b-9868-57a2d4851a1d" />
    <TestEntry testId="47018a2b-c5b5-f700-6399-75af9808bb33" executionId="00bfc9db-9a2f-4fcf-9e9d-2cc70c08c689" testListId="8c84fa94-04c1-424b-9868-57a2d4851a1d" />
    <TestEntry testId="ca4a7c7d-ea0c-9793-dbdd-ecdb86ee62d2" executionId="fd3cbdf2-4502-49eb-a8dd-d664e21762e9" testListId="8c84fa94-04c1-424b-9868-57a2d4851a1d" />
    <TestEntry testId="121eb464-baa2-cb91-a1cb-d692cf64f7c5" executionId="ccffe8c3-c13f-4052-ae3e-df37f08d2ee4" testListId="8c84fa94-04c1-424b-9868-57a2d4851a1d" />
    <TestEntry testId="2c3c35ba-d19e-e494-0ed2-32abdacfd200" executionId="6e86dc5d-7f22-4622-8faf-af28ed2a7bf1" testListId="8c84fa94-04c1-424b-9868-57a2d4851a1d" />
    <TestEntry testId="9835e47b-ec22-5506-aeb5-974d4515aa48" executionId="e88d975c-c70a-4ada-a824-bc4cac6c3576" testListId="8c84fa94-04c1-424b-9868-57a2d4851a1d" />
    <TestEntry testId="8411a163-fe22-681b-f5c6-7310c560d29a" executionId="4696d393-7e0e-4d9f-8055-77ea20e4c87d" testListId="8c84fa94-04c1-424b-9868-57a2d4851a1d" />
    <TestEntry testId="4ee66f1f-2049-9f7f-57aa-b27bb388f963" executionId="9c31434b-2c34-40a5-9979-0197c4736743" testListId="8c84fa94-04c1-424b-9868-57a2d4851a1d" />
    <TestEntry testId="e242b67c-3d28-33ee-bf1d-1f163fabd3ca" executionId="bdbae9e1-f910-4d33-89dd-a47d10cb4ecd" testListId="8c84fa94-04c1-424b-9868-57a2d4851a1d" />
    <TestEntry testId="fa32a9bf-193e-172b-6d15-20cb227d126c" executionId="a0931841-6a82-444a-8f69-47f6ee90f6a3" testListId="8c84fa94-04c1-424b-9868-57a2d4851a1d" />
    <TestEntry testId="56429908-a484-10f8-38ca-b17d73119d7d" executionId="69417235-6ade-4b1e-9639-017caeea0203" testListId="8c84fa94-04c1-424b-9868-57a2d4851a1d" />
    <TestEntry testId="909b5135-abc5-ca49-7494-5f4eb3573cf1" executionId="5b3de9d4-285c-4b2a-b6da-e8c21d405642" testListId="8c84fa94-04c1-424b-9868-57a2d4851a1d" />
    <TestEntry testId="ed2c0749-72ce-3102-1e65-21a531debf9e" executionId="8af2ca5f-4600-4791-8c38-24412080d807" testListId="8c84fa94-04c1-424b-9868-57a2d4851a1d" />
    <TestEntry testId="603b38d9-650a-3d65-fd10-694412343522" executionId="f48e7cae-307c-4421-adf0-f027f804b029" testListId="8c84fa94-04c1-424b-9868-57a2d4851a1d" />
    <TestEntry testId="37f582a3-c279-4823-271e-d030bf33bbb7" executionId="fb97fed1-27ce-4568-b354-ee04914a583f" testListId="8c84fa94-04c1-424b-9868-57a2d4851a1d" />
    <TestEntry testId="4f957322-220c-36b8-b6b3-657137ac0ed1" executionId="f1a37802-5f56-4ef3-a121-14ed95ac420d" testListId="8c84fa94-04c1-424b-9868-57a2d4851a1d" />
    <TestEntry testId="dd6cd978-16c0-3adf-7057-3791731bf47f" executionId="b7371b4c-b3a5-4ebb-8b1d-d331e504aef9" testListId="8c84fa94-04c1-424b-9868-57a2d4851a1d" />
    <TestEntry testId="fcbd2e73-61cc-55ae-168b-985e355ba11c" executionId="ef72ab6d-6473-4552-bb5d-6d467a86486f" testListId="8c84fa94-04c1-424b-9868-57a2d4851a1d" />
    <TestEntry testId="a774f8ba-9074-00fb-1dda-7e4eac4a4d85" executionId="5c75ed59-a2d4-4db5-8f60-856377a1f5ae" testListId="8c84fa94-04c1-424b-9868-57a2d4851a1d" />
    <TestEntry testId="673e7d35-f16e-bd38-569e-9b00ed91c4fd" executionId="e2bcf46f-38ea-4b14-9920-821b757f9461" testListId="8c84fa94-04c1-424b-9868-57a2d4851a1d" />
    <TestEntry testId="b3d0207a-6b94-dced-4560-55d90059fc43" executionId="5395bb8f-8947-47b5-b481-c8c279f71ffb" testListId="8c84fa94-04c1-424b-9868-57a2d4851a1d" />
    <TestEntry testId="ef7abf20-a090-f30e-1f29-97964e295c62" executionId="c0867ce2-1a4a-403a-a283-899db0256f23" testListId="8c84fa94-04c1-424b-9868-57a2d4851a1d" />
    <TestEntry testId="76863e49-5dff-990d-7038-a9b0865a8589" executionId="264450b1-598b-457b-85b1-754be604cd82" testListId="8c84fa94-04c1-424b-9868-57a2d4851a1d" />
    <TestEntry testId="2c4f5c38-e0cd-3355-85e7-bc13205402ed" executionId="e2725895-155a-4fd9-aff4-46de611223cd" testListId="8c84fa94-04c1-424b-9868-57a2d4851a1d" />
    <TestEntry testId="cb85d1d7-f37e-7a0d-4571-db193adf7955" executionId="9db2eb5d-127f-4e51-8c1b-1326f595c0f3" testListId="8c84fa94-04c1-424b-9868-57a2d4851a1d" />
    <TestEntry testId="e09a9a0e-f05e-b1ab-94a1-7ba461fbd7f9" executionId="2d502c3a-3c35-459f-bfb0-49dfae6290dc" testListId="8c84fa94-04c1-424b-9868-57a2d4851a1d" />
    <TestEntry testId="5db7f4ff-e78e-7e3c-537f-1a7b8a75bb0c" executionId="f4e69ba6-dce6-4c00-b15f-e56fb2ed65be" testListId="8c84fa94-04c1-424b-9868-57a2d4851a1d" />
    <TestEntry testId="ee53ce2c-fb8e-2870-2bec-d824ac6cea07" executionId="6a9d3cfc-ff03-4869-8669-0e7fbcfebc2b" testListId="8c84fa94-04c1-424b-9868-57a2d4851a1d" />
    <TestEntry testId="5a2ccf07-adb3-2976-b4d9-5a45aeffd5a5" executionId="c549f491-93a2-410c-903f-eefe0cf42e85" testListId="8c84fa94-04c1-424b-9868-57a2d4851a1d" />
    <TestEntry testId="9c77e674-1e21-ff83-b112-8e3149d27b83" executionId="c6009d34-c217-40db-8c6c-3d4a49ac47fd" testListId="8c84fa94-04c1-424b-9868-57a2d4851a1d" />
    <TestEntry testId="273c2632-e8a7-4a3f-093e-3b4b8e141ef8" executionId="1c292129-6f70-47ce-8790-d167732233f1" testListId="8c84fa94-04c1-424b-9868-57a2d4851a1d" />
    <TestEntry testId="0b67917b-52fb-a452-3f0c-630f8ae99c50" executionId="472eed1b-9e11-4a64-a2a8-0bd362861a9e" testListId="8c84fa94-04c1-424b-9868-57a2d4851a1d" />
    <TestEntry testId="c3e880c3-27f7-ff6e-6cfa-d2f2112d61ec" executionId="cf5293c5-7733-4463-b404-8337de2c4cbf" testListId="8c84fa94-04c1-424b-9868-57a2d4851a1d" />
    <TestEntry testId="e2629d31-76fa-fe13-ab42-e2aa75f765d2" executionId="2097f1ee-67e3-4072-b64e-2e4d04f33012" testListId="8c84fa94-04c1-424b-9868-57a2d4851a1d" />
    <TestEntry testId="1dba4bcb-2a6a-02e7-3151-a1fa05d6b85c" executionId="91b5bf1d-d5e0-4639-8661-dc645526d374" testListId="8c84fa94-04c1-424b-9868-57a2d4851a1d" />
    <TestEntry testId="a418d5df-b5ee-5a85-99c0-157b60c43e4b" executionId="6e619e7a-09d0-489c-b579-611eec3cf623" testListId="8c84fa94-04c1-424b-9868-57a2d4851a1d" />
    <TestEntry testId="ce195ac9-e907-62d3-fa5f-c3b7ebadeac3" executionId="1031834c-1265-47a1-a1bb-35cb414b0308" testListId="8c84fa94-04c1-424b-9868-57a2d4851a1d" />
    <TestEntry testId="b951eadc-9c68-489f-5265-7dd5da8c5458" executionId="a31f9a6c-48e7-4bfe-b7ed-92706a87d356" testListId="8c84fa94-04c1-424b-9868-57a2d4851a1d" />
    <TestEntry testId="fabac3d5-e597-1339-6b46-1c0c67411388" executionId="c4972f0e-8592-455b-95c1-c399de560924" testListId="8c84fa94-04c1-424b-9868-57a2d4851a1d" />
    <TestEntry testId="ff05afd1-484c-69de-a316-bc507787c7c8" executionId="d8f40b4c-a733-45aa-abba-931cebf0e062" testListId="8c84fa94-04c1-424b-9868-57a2d4851a1d" />
    <TestEntry testId="64b3e4a5-31a7-57c7-6c30-e353370e12e0" executionId="49cba627-b644-4dce-a364-e3ea1d82ef08" testListId="8c84fa94-04c1-424b-9868-57a2d4851a1d" />
    <TestEntry testId="537ad07b-1b70-ec7a-fdb3-2e0fa41e5c23" executionId="b752cf3a-fd72-4f6d-aa04-b99fe2bc16cc" testListId="8c84fa94-04c1-424b-9868-57a2d4851a1d" />
    <TestEntry testId="abab0ca8-38d9-b46e-ed1a-a39f638f498e" executionId="4dc3b218-1a00-48eb-be1c-6c47621eb7c9" testListId="8c84fa94-04c1-424b-9868-57a2d4851a1d" />
    <TestEntry testId="22ffd28b-ee44-66cc-c370-4d28b25809c6" executionId="a6b1b2d7-5668-4fdc-8bef-bd76033b4a57" testListId="8c84fa94-04c1-424b-9868-57a2d4851a1d" />
    <TestEntry testId="366f0f62-c3df-406d-3cbd-6a62fe8e98a7" executionId="366d59c9-b542-409b-b7f8-322f060f6df1" testListId="8c84fa94-04c1-424b-9868-57a2d4851a1d" />
    <TestEntry testId="d3b4820e-3f6b-fc6c-04b8-e7cf49b0bad8" executionId="25b8166d-c11b-4e05-a1de-680c69a55a0e" testListId="8c84fa94-04c1-424b-9868-57a2d4851a1d" />
    <TestEntry testId="8495fb32-9c63-b362-e211-e17f09a360d7" executionId="e55140c4-4690-4b4c-96e0-f66d49a53342" testListId="8c84fa94-04c1-424b-9868-57a2d4851a1d" />
    <TestEntry testId="d2358b75-2179-dc76-97f4-8e1dfce3fe98" executionId="2f76f2a5-d93f-4cb9-b2c5-346293cb4434" testListId="8c84fa94-04c1-424b-9868-57a2d4851a1d" />
    <TestEntry testId="4d2b56f8-9d20-2fa9-3613-4864d7e06ff5" executionId="4859dd0b-9959-452a-a9cf-0edfd9b9cce3" testListId="8c84fa94-04c1-424b-9868-57a2d4851a1d" />
    <TestEntry testId="ab63d831-8e5f-0400-01ad-bd4bb81aa871" executionId="0ebda6d8-2fde-48a3-a3e4-2978513e80d8" testListId="8c84fa94-04c1-424b-9868-57a2d4851a1d" />
    <TestEntry testId="adb49f16-3736-24f6-5b1f-837b780eb877" executionId="4fe8576a-0848-4e7d-8a80-28ebffbb0c90" testListId="8c84fa94-04c1-424b-9868-57a2d4851a1d" />
    <TestEntry testId="dd048ce7-9ba0-43b9-a761-2b11b4d7a6ad" executionId="2fdc230c-b9e9-463a-b043-9fbe13ee874b" testListId="8c84fa94-04c1-424b-9868-57a2d4851a1d" />
    <TestEntry testId="c64fd3ef-a83e-8804-d6d0-9d8e2ff29cc2" executionId="05911e2b-949a-4967-8472-4b098b471a7f" testListId="8c84fa94-04c1-424b-9868-57a2d4851a1d" />
    <TestEntry testId="9c0e588a-866b-1517-e5d3-e54c7a4a3de2" executionId="7e8574ed-b5f2-4f3a-8e8e-78035c932e25" testListId="8c84fa94-04c1-424b-9868-57a2d4851a1d" />
    <TestEntry testId="abccacca-7bbc-accb-c206-54d138eb3775" executionId="deb6f9fc-c4e7-40be-bc41-8c74e8ddff63" testListId="8c84fa94-04c1-424b-9868-57a2d4851a1d" />
    <TestEntry testId="4854f432-ed08-b528-1fc8-b51b93105d76" executionId="7f35544e-e56c-4fdc-b31d-506d10b7f62b" testListId="8c84fa94-04c1-424b-9868-57a2d4851a1d" />
    <TestEntry testId="64c3a42f-5fe2-4c42-2d16-8dc3ac5ed576" executionId="6ccc0c05-ff2d-4d37-93a6-5e4145351a6f" testListId="8c84fa94-04c1-424b-9868-57a2d4851a1d" />
    <TestEntry testId="5b2ca5e4-e86c-3f28-8244-339071e7c3be" executionId="f675c575-dacd-4205-b8f0-f7a96eeddb3f" testListId="8c84fa94-04c1-424b-9868-57a2d4851a1d" />
    <TestEntry testId="3d8b8df4-6a66-e4e9-3346-33a22f2ef410" executionId="7478ab67-5f00-4d6d-8fd7-e24c466a930f" testListId="8c84fa94-04c1-424b-9868-57a2d4851a1d" />
    <TestEntry testId="65a382e3-c1e3-08ef-c35f-11020ff7747f" executionId="62f3d7ee-c4f5-433c-8827-aa74957465c1" testListId="8c84fa94-04c1-424b-9868-57a2d4851a1d" />
    <TestEntry testId="bf6936c5-c569-cff2-295a-80008bcc4af4" executionId="46855a97-813a-451e-9fd7-c33cbbdf7d3e" testListId="8c84fa94-04c1-424b-9868-57a2d4851a1d" />
    <TestEntry testId="68fca5a0-0889-490e-ec2f-406de7ad763a" executionId="b3c94b96-fd01-43f8-8f36-d4b04d183bf9" testListId="8c84fa94-04c1-424b-9868-57a2d4851a1d" />
    <TestEntry testId="df512aea-e2d8-dde7-2eb7-20bcbade34bc" executionId="751c936c-0199-4fbd-8bff-ea2fc5ff6d35" testListId="8c84fa94-04c1-424b-9868-57a2d4851a1d" />
    <TestEntry testId="67ae9fcb-a62e-08fc-97ed-d2d4f6f5c1d0" executionId="6faf0148-0f07-4ea7-ad9d-51871f89e18c" testListId="8c84fa94-04c1-424b-9868-57a2d4851a1d" />
    <TestEntry testId="0d3d8599-f426-1393-a900-8c97239c2db0" executionId="ffdf42ca-46ba-4d93-8217-00b972f57fcb" testListId="8c84fa94-04c1-424b-9868-57a2d4851a1d" />
    <TestEntry testId="d79cfa86-e515-004d-fe4e-214ac35ead55" executionId="7c7a7750-ee22-41d1-9aba-bdf36a19a078" testListId="8c84fa94-04c1-424b-9868-57a2d4851a1d" />
    <TestEntry testId="7603ab70-2625-ab42-8d9e-7a15863cfd1c" executionId="1f3fc3a3-6379-46ab-ac46-8968d2149702" testListId="8c84fa94-04c1-424b-9868-57a2d4851a1d" />
    <TestEntry testId="20d1a661-1ac8-24a1-ac68-136a1cca5ab9" executionId="b0afebab-8cb4-4f51-b821-0b56e2b70f0e" testListId="8c84fa94-04c1-424b-9868-57a2d4851a1d" />
    <TestEntry testId="a3d75b2a-aedf-2885-f27f-a7945f978fce" executionId="d86a420c-6e5e-4af7-a7ae-16a92cedacca" testListId="8c84fa94-04c1-424b-9868-57a2d4851a1d" />
    <TestEntry testId="bd86868a-64af-fa50-efe0-a7e95aa9f5c1" executionId="ef29f8c1-afff-4437-8882-d6955c9a73ba" testListId="8c84fa94-04c1-424b-9868-57a2d4851a1d" />
    <TestEntry testId="c22d3a06-485f-94be-2690-3f00833e186d" executionId="6803422c-6d10-4620-9640-da0c130f902d" testListId="8c84fa94-04c1-424b-9868-57a2d4851a1d" />
    <TestEntry testId="abcb3b7f-4c07-2d28-fb29-7bc03942e3cd" executionId="567ebe73-2170-4065-99b2-089e7043bd11" testListId="8c84fa94-04c1-424b-9868-57a2d4851a1d" />
    <TestEntry testId="453c772e-3476-db11-1625-b8f0377bbbd8" executionId="a4d80608-b0e2-439a-a570-80929db869a4" testListId="8c84fa94-04c1-424b-9868-57a2d4851a1d" />
    <TestEntry testId="9fb6d1c8-d9db-0b5a-c536-bcb6a92aad22" executionId="fbc2023c-26ff-44d5-a202-7c6fa99c79ac" testListId="8c84fa94-04c1-424b-9868-57a2d4851a1d" />
    <TestEntry testId="f3b6f74b-87b3-fd71-9913-805f7e4c5e0e" executionId="68f0505b-8542-43df-9585-338f3eae4d70" testListId="8c84fa94-04c1-424b-9868-57a2d4851a1d" />
    <TestEntry testId="f36a6d06-62fb-7dca-c729-24e28498b2d7" executionId="6a7577d0-9019-4f38-b2e4-e54fc81180f9" testListId="8c84fa94-04c1-424b-9868-57a2d4851a1d" />
    <TestEntry testId="c7840475-aca4-af75-0ca9-66bc604a8dbe" executionId="ae139fe6-ecce-4f14-91d0-215e1dc3c686" testListId="8c84fa94-04c1-424b-9868-57a2d4851a1d" />
    <TestEntry testId="51d4bf94-02a4-6db7-00c2-b23d3d85cac5" executionId="6e447930-b58d-41de-a13d-be7947fbf881" testListId="8c84fa94-04c1-424b-9868-57a2d4851a1d" />
    <TestEntry testId="db1ac5c7-4d71-7640-4051-517cc2b3de0c" executionId="8f0eb5bb-6461-43d4-b822-045c201010b5" testListId="8c84fa94-04c1-424b-9868-57a2d4851a1d" />
    <TestEntry testId="8ed7f52f-1c34-83a4-64c7-0e5853b67b53" executionId="792cb08e-6882-4a62-a129-68a13ec975ba" testListId="8c84fa94-04c1-424b-9868-57a2d4851a1d" />
    <TestEntry testId="228e40b4-0ca4-d75a-7a58-46117a34fee9" executionId="a51c604c-37f1-43ff-b01c-ff907f3be42d" testListId="8c84fa94-04c1-424b-9868-57a2d4851a1d" />
    <TestEntry testId="239e373d-1755-bda9-a91e-cb58a8bc8bcf" executionId="0396a801-ffcd-4b79-a7e0-e74f2165f050" testListId="8c84fa94-04c1-424b-9868-57a2d4851a1d" />
    <TestEntry testId="533b2a5c-a19c-cf24-eb9a-f995ca4d2974" executionId="dfab1acd-276a-4e5a-9ac1-007247bd6014" testListId="8c84fa94-04c1-424b-9868-57a2d4851a1d" />
    <TestEntry testId="c7ba7dd8-e3e6-46dc-0605-cbeb66092785" executionId="b3cada10-dc02-4721-8700-7f9b83fd4e2e" testListId="8c84fa94-04c1-424b-9868-57a2d4851a1d" />
    <TestEntry testId="e64ab231-01c1-e586-c097-a5bc789dc9e3" executionId="662b0fc3-01c2-44e9-8b8b-0ddc14c4c7af" testListId="8c84fa94-04c1-424b-9868-57a2d4851a1d" />
    <TestEntry testId="38a790b1-3578-8062-65d0-8c5f0243d8e8" executionId="9c621da7-be6f-40a3-9435-bb6ed0a8a360" testListId="8c84fa94-04c1-424b-9868-57a2d4851a1d" />
    <TestEntry testId="63cce41a-68ed-6ffe-d9f5-762e73c0e405" executionId="003b0317-a71d-4ee7-a7a1-8d346b6b8126" testListId="8c84fa94-04c1-424b-9868-57a2d4851a1d" />
    <TestEntry testId="69b574fb-ea92-9743-3eea-a9b24f0ad213" executionId="8f659ed7-d54c-4811-ab9b-0fbf6211e318" testListId="8c84fa94-04c1-424b-9868-57a2d4851a1d" />
    <TestEntry testId="852f061a-eb76-627b-f7c5-de08154576e3" executionId="3ea8cca4-4884-41fc-a6b1-7d8189443673" testListId="8c84fa94-04c1-424b-9868-57a2d4851a1d" />
    <TestEntry testId="1f0fe7c3-6c96-e4f5-5773-3174c2ad66d2" executionId="66e6237e-a0d3-4d26-922c-3b0f3eec8543" testListId="8c84fa94-04c1-424b-9868-57a2d4851a1d" />
    <TestEntry testId="5545fc75-ce9a-79d5-867a-5bec0a88ff66" executionId="6b2ff604-d3d6-4dfe-81a9-4c04e4c2942d" testListId="8c84fa94-04c1-424b-9868-57a2d4851a1d" />
    <TestEntry testId="465ed908-4041-5a87-afb1-27b6b5171191" executionId="ed79a45c-da80-485e-a0c2-3cedbb73ab0a" testListId="8c84fa94-04c1-424b-9868-57a2d4851a1d" />
    <TestEntry testId="f11a9af6-85d6-781d-ccbd-c54d5d82bacf" executionId="68ec414e-3f40-454a-8395-a9807feb4217" testListId="8c84fa94-04c1-424b-9868-57a2d4851a1d" />
    <TestEntry testId="93edf270-8e20-a2b4-17e8-86af34f9d544" executionId="dd7ae9a7-a53c-42c3-abea-a9638c6ae759" testListId="8c84fa94-04c1-424b-9868-57a2d4851a1d" />
    <TestEntry testId="8206dafa-8025-c018-8995-db764f6cc603" executionId="95670a78-515a-48e9-9d93-207595e6172d" testListId="8c84fa94-04c1-424b-9868-57a2d4851a1d" />
    <TestEntry testId="4b2a2af9-445d-9ecf-64f7-d742a6adefb7" executionId="54d2af56-bcdc-49af-af8e-4ed5832b7717" testListId="8c84fa94-04c1-424b-9868-57a2d4851a1d" />
    <TestEntry testId="9ae1ca23-2201-2b3b-6785-ee5758dfd92c" executionId="ba41e565-6f92-4da8-bec4-c08b3514655d" testListId="8c84fa94-04c1-424b-9868-57a2d4851a1d" />
    <TestEntry testId="19edb3ba-5e0e-d40b-c4b3-ce48876fbe6a" executionId="b70c64c7-44f4-4a01-8fba-aa922ca8a72a" testListId="8c84fa94-04c1-424b-9868-57a2d4851a1d" />
    <TestEntry testId="bf8de978-ede0-2334-cd93-70c2c792931f" executionId="6ade6def-74eb-4b5e-a244-10f2c7bde55e" testListId="8c84fa94-04c1-424b-9868-57a2d4851a1d" />
    <TestEntry testId="d4f2af6d-af5d-0e11-cead-324b41b39853" executionId="5b457b13-3ad5-4987-bb39-f3367992f381" testListId="8c84fa94-04c1-424b-9868-57a2d4851a1d" />
    <TestEntry testId="515b0adc-b2ee-305a-2e4a-324570128aec" executionId="ad57506c-a003-46a7-be75-b5ab7af2cfc7" testListId="8c84fa94-04c1-424b-9868-57a2d4851a1d" />
    <TestEntry testId="88e9ac16-5b29-b780-b558-9573ebf5b489" executionId="27975a0f-c164-404c-a28f-73f79b7810c4" testListId="8c84fa94-04c1-424b-9868-57a2d4851a1d" />
    <TestEntry testId="7b9bc6fb-eef9-8cc3-8ceb-2e893b8c1bdf" executionId="52da9407-ff80-42d4-b815-49605e672a66" testListId="8c84fa94-04c1-424b-9868-57a2d4851a1d" />
    <TestEntry testId="aa45be65-ee7b-6980-b008-5b44e798506b" executionId="33d271cc-7fe5-481b-ad3f-c32356accba5" testListId="8c84fa94-04c1-424b-9868-57a2d4851a1d" />
    <TestEntry testId="0e3d7f53-280f-fde2-203e-143d6dcfdf0a" executionId="65fe8851-7271-4de2-a266-0c40d3563408" testListId="8c84fa94-04c1-424b-9868-57a2d4851a1d" />
    <TestEntry testId="a6c6eedb-804b-f291-bd53-e5fa9809816a" executionId="783b9590-dc9c-4600-a40e-b13b897d0264" testListId="8c84fa94-04c1-424b-9868-57a2d4851a1d" />
    <TestEntry testId="2c3d4776-5def-fbfc-180a-60513ca0400e" executionId="4c0d331e-24c0-4af0-9cb6-97c99438be23" testListId="8c84fa94-04c1-424b-9868-57a2d4851a1d" />
    <TestEntry testId="eedd43d6-efa5-b90c-89ed-190e198315e6" executionId="32d3d5ec-7c45-44b1-9bc9-28c0cc1ab795" testListId="8c84fa94-04c1-424b-9868-57a2d4851a1d" />
    <TestEntry testId="754e15f9-7164-4540-0902-34db6317ccfc" executionId="dc93cfa7-ed02-4cea-9530-ab937073f7ce" testListId="8c84fa94-04c1-424b-9868-57a2d4851a1d" />
    <TestEntry testId="42c9038e-83ab-bae5-c7e8-73f806c72d2a" executionId="f0f64c46-328c-49a4-ab21-e9e15dd8da8f" testListId="8c84fa94-04c1-424b-9868-57a2d4851a1d" />
    <TestEntry testId="549e360d-ab9b-62ef-01b0-030fc984eb0c" executionId="b1ff1b76-6808-46f4-a4c2-0a731743aee7" testListId="8c84fa94-04c1-424b-9868-57a2d4851a1d" />
    <TestEntry testId="9d0c2c94-02dc-7b10-0108-100d571e057e" executionId="b50cec83-ab38-4eee-9b5f-926124cbb9fd" testListId="8c84fa94-04c1-424b-9868-57a2d4851a1d" />
    <TestEntry testId="cf838fe5-cf64-cdb9-4856-b3fc2156670a" executionId="581a5ee9-bd60-43b0-9b2f-128dd0355af3" testListId="8c84fa94-04c1-424b-9868-57a2d4851a1d" />
    <TestEntry testId="9459ef9a-ed9e-7e04-b1e7-d4cc74d49390" executionId="d549584b-dade-45c8-9f0d-4ce06e4e8b54" testListId="8c84fa94-04c1-424b-9868-57a2d4851a1d" />
    <TestEntry testId="552b8f9e-1bb3-8bf0-01fc-d5978785d7dd" executionId="8b361c1e-089c-4467-9a9c-4eefe6f2d3ea" testListId="8c84fa94-04c1-424b-9868-57a2d4851a1d" />
    <TestEntry testId="c4c73275-60fb-43b0-eee6-93a19927e8fc" executionId="884f9b49-59aa-433d-8203-53c84e1094f1" testListId="8c84fa94-04c1-424b-9868-57a2d4851a1d" />
    <TestEntry testId="639796f8-538b-fbb8-1899-7a0106856fc7" executionId="144264b0-75db-46b0-b0dd-5331db1081c6" testListId="8c84fa94-04c1-424b-9868-57a2d4851a1d" />
    <TestEntry testId="8454e79e-a056-bb6e-1db7-62ff01bf41c0" executionId="e64bf3d0-5186-4a3f-9694-60d2cef97c1c" testListId="8c84fa94-04c1-424b-9868-57a2d4851a1d" />
    <TestEntry testId="4cd9be57-b5ee-3ae9-313d-5c06ae12b5f8" executionId="59d22528-3468-4e5f-9396-8fdd5c6d902f" testListId="8c84fa94-04c1-424b-9868-57a2d4851a1d" />
    <TestEntry testId="5923c05c-0f73-b670-436e-b35343d0427b" executionId="1deb63db-b108-41d7-b97c-d2286a49aae9" testListId="8c84fa94-04c1-424b-9868-57a2d4851a1d" />
    <TestEntry testId="2743fc93-743c-aff9-2200-095476b17025" executionId="816bf1d7-8571-4a5a-96e4-beae76396bbd" testListId="8c84fa94-04c1-424b-9868-57a2d4851a1d" />
    <TestEntry testId="2d48fc77-1867-a29b-eb07-2aeec9de2225" executionId="653f5256-d9ec-4ebc-a636-c6d339a8cf7a" testListId="8c84fa94-04c1-424b-9868-57a2d4851a1d" />
    <TestEntry testId="47489fc9-b715-10df-6ca2-dcba77141106" executionId="a11a5925-6fa2-47a8-8223-bfb58a8c8710" testListId="8c84fa94-04c1-424b-9868-57a2d4851a1d" />
    <TestEntry testId="2c92fdb3-d95d-1632-c5b9-2a0e8c5892ee" executionId="5a4a8deb-e52d-45c6-8973-bf80c5fbf5e8" testListId="8c84fa94-04c1-424b-9868-57a2d4851a1d" />
    <TestEntry testId="52685b80-e883-c0c4-e078-b2863df7409a" executionId="baf012ed-69fe-4f88-897d-f6d5953ffd8e" testListId="8c84fa94-04c1-424b-9868-57a2d4851a1d" />
    <TestEntry testId="711b4283-4c9e-be16-2b83-d9f77794298d" executionId="ec63a0a9-607f-49c4-a50c-a8efe49e4041" testListId="8c84fa94-04c1-424b-9868-57a2d4851a1d" />
    <TestEntry testId="d7d35b19-d0bc-0913-7974-7ed648909781" executionId="22e615c2-3c4f-45a3-abd0-be2f33a845b9" testListId="8c84fa94-04c1-424b-9868-57a2d4851a1d" />
    <TestEntry testId="89f817bf-e9a1-f0b4-2111-76edf6a63676" executionId="a1df0cec-c4c5-4ea6-b46e-025bdd9c35b1" testListId="8c84fa94-04c1-424b-9868-57a2d4851a1d" />
    <TestEntry testId="33b001f1-b8e7-0e78-6628-3106ad6d2f71" executionId="da391b89-32ec-482e-a181-b0cf1602b124" testListId="8c84fa94-04c1-424b-9868-57a2d4851a1d" />
    <TestEntry testId="775b1060-3e71-f36d-5f04-c2fd4621e8a0" executionId="88a2650d-a9b9-434d-8de0-eeb5b4020d58" testListId="8c84fa94-04c1-424b-9868-57a2d4851a1d" />
    <TestEntry testId="809e3c71-6273-6b66-fb1e-4defb84e10e0" executionId="243b3a53-765b-4a73-aeb4-32d423b713d1" testListId="8c84fa94-04c1-424b-9868-57a2d4851a1d" />
    <TestEntry testId="44a05eee-eae2-643d-4997-e4bad6b31a71" executionId="ee62e25f-5d09-46e4-8134-ed4885a1628f" testListId="8c84fa94-04c1-424b-9868-57a2d4851a1d" />
    <TestEntry testId="b47684af-1794-f5e1-2939-ee11bb40f2e8" executionId="46cf78a8-7ce9-4037-a175-d1b98cdd5fbd" testListId="8c84fa94-04c1-424b-9868-57a2d4851a1d" />
    <TestEntry testId="bb2b6e22-8876-e112-3e1e-ad1f0802bc47" executionId="14dd1a81-cc0c-4d69-bfac-58463a2cb321" testListId="8c84fa94-04c1-424b-9868-57a2d4851a1d" />
    <TestEntry testId="c97c4c52-e2e0-9997-1b1c-c40b6de0a67a" executionId="e8f646cd-dc23-4377-9e06-4a1a89ffaf14" testListId="8c84fa94-04c1-424b-9868-57a2d4851a1d" />
    <TestEntry testId="1db76d8f-f5a5-dcb7-9657-e7f194b55049" executionId="7698e258-f53d-4413-b1ca-e9edb537813a" testListId="8c84fa94-04c1-424b-9868-57a2d4851a1d" />
    <TestEntry testId="bb029ecd-bc04-6c95-65d6-4fa9005d9f93" executionId="6904b09e-e588-461a-98ce-60ed7348b9fa" testListId="8c84fa94-04c1-424b-9868-57a2d4851a1d" />
    <TestEntry testId="9c66a10c-5031-a4c7-4640-d32dfe0d1dde" executionId="a8a08ff8-25c9-4c74-97bf-81efc1ce4b92" testListId="8c84fa94-04c1-424b-9868-57a2d4851a1d" />
    <TestEntry testId="bb7ff579-7dbb-d724-561f-6bfaeeb13e43" executionId="e38914ba-3a01-46cb-84a1-a972affd79b8" testListId="8c84fa94-04c1-424b-9868-57a2d4851a1d" />
    <TestEntry testId="291a0a00-e36f-0b02-ed15-eb7d9d18168a" executionId="79e49ef4-f958-4751-b7a9-dce63b3c55ba" testListId="8c84fa94-04c1-424b-9868-57a2d4851a1d" />
    <TestEntry testId="06a6ce76-a492-790c-aa69-54dc6d92da0b" executionId="29eabf72-27b5-40a2-9086-368c723fb200" testListId="8c84fa94-04c1-424b-9868-57a2d4851a1d" />
    <TestEntry testId="cc139316-f1a2-00ef-ef1d-1e4ba4910c04" executionId="0d2c5405-6df9-42c0-9e84-13b32163c5e4" testListId="8c84fa94-04c1-424b-9868-57a2d4851a1d" />
    <TestEntry testId="c4b1de39-f215-c6c4-5b38-2f74d4b1f600" executionId="d9d91a2b-6c97-4591-8b56-b765549d6e42" testListId="8c84fa94-04c1-424b-9868-57a2d4851a1d" />
    <TestEntry testId="3ca02e33-556b-3fdb-f0cf-b0f349847245" executionId="ca144398-f48d-4bb7-b9dc-289654819912" testListId="8c84fa94-04c1-424b-9868-57a2d4851a1d" />
    <TestEntry testId="68f8d884-d469-7c10-83e8-5cafd9c08d5b" executionId="4d70fb61-b2f7-4f7a-9d7b-3933c1cf3d58" testListId="8c84fa94-04c1-424b-9868-57a2d4851a1d" />
    <TestEntry testId="f7da1efe-0e1f-7417-6453-93b658e98d53" executionId="38bd5d1d-1b6f-42b4-b796-cff5d12cd2b2" testListId="8c84fa94-04c1-424b-9868-57a2d4851a1d" />
    <TestEntry testId="5990c772-e408-af8a-3293-cee12203cdcc" executionId="0637bdcf-4707-44ac-b225-fc2625fb807f" testListId="8c84fa94-04c1-424b-9868-57a2d4851a1d" />
    <TestEntry testId="eefc6d24-5020-8505-1dbb-9868d5500570" executionId="ac8b5995-d9f4-4eb2-b79d-17be89bb1549" testListId="8c84fa94-04c1-424b-9868-57a2d4851a1d" />
    <TestEntry testId="3a146d29-fbcb-fef0-8b31-74bf7ff2c627" executionId="27aec266-0ce1-46d5-96f4-b40c7973af15" testListId="8c84fa94-04c1-424b-9868-57a2d4851a1d" />
    <TestEntry testId="554bf191-b569-b7a2-c3b8-c6178a2abd52" executionId="91026fd4-e5af-4ebd-bd2d-38ad4da731f4" testListId="8c84fa94-04c1-424b-9868-57a2d4851a1d" />
    <TestEntry testId="0ab78665-c1fa-a2ea-7265-e8996c3b56dd" executionId="1f140225-3265-4af8-9396-753e42f7ffb3" testListId="8c84fa94-04c1-424b-9868-57a2d4851a1d" />
    <TestEntry testId="947c27dc-3bc9-498f-6db7-a3e9f1a70b13" executionId="2def11a3-5ec9-46d7-85e4-122aae969af9" testListId="8c84fa94-04c1-424b-9868-57a2d4851a1d" />
    <TestEntry testId="01fdf65f-cd83-63dd-690e-00884c9ba25d" executionId="b9966204-aac8-4812-9fb5-2f39b9c82e41" testListId="8c84fa94-04c1-424b-9868-57a2d4851a1d" />
    <TestEntry testId="76c96ce4-9c6b-b4bb-96af-ca0f9adb2712" executionId="fae8aed0-0ab6-4fa5-9dcc-feebf0d0d666" testListId="8c84fa94-04c1-424b-9868-57a2d4851a1d" />
    <TestEntry testId="d176fe9d-a550-c0ab-c3b8-0439143bdca1" executionId="fdabc9a3-d160-4554-a23e-15f94395c053" testListId="8c84fa94-04c1-424b-9868-57a2d4851a1d" />
    <TestEntry testId="f695ece5-4ed0-4918-7e40-7fa901ca2f9e" executionId="c1ca50c7-1c21-405d-b7f6-31b70776b83c" testListId="8c84fa94-04c1-424b-9868-57a2d4851a1d" />
    <TestEntry testId="be069dea-132b-4f72-c1c8-8b4fd667fd7f" executionId="c62ee937-b441-4a8e-bf4e-a1f23e13aec6" testListId="8c84fa94-04c1-424b-9868-57a2d4851a1d" />
    <TestEntry testId="3dfa9941-19c4-5af8-c083-d23b4b389829" executionId="1b478caf-965c-41bd-80de-440eb056e1a9" testListId="8c84fa94-04c1-424b-9868-57a2d4851a1d" />
    <TestEntry testId="40ee6628-cabc-d31b-6bc1-487bcee11d7e" executionId="20dabcc9-c417-4fa8-bb64-30626ae3cab1" testListId="8c84fa94-04c1-424b-9868-57a2d4851a1d" />
    <TestEntry testId="690eef1c-e4e3-0c63-48ad-a783777fa685" executionId="1f260f0a-ea78-4282-88c6-782344845b78" testListId="8c84fa94-04c1-424b-9868-57a2d4851a1d" />
    <TestEntry testId="5131c0c3-410a-6182-33f0-39457515d5e3" executionId="f9b2e50e-70c2-4c91-89c6-fb92fb0a52a0" testListId="8c84fa94-04c1-424b-9868-57a2d4851a1d" />
    <TestEntry testId="83266911-8f44-8cb8-141e-0c21973cceb8" executionId="98546372-f779-4dfc-a0cf-1e258911db2c" testListId="8c84fa94-04c1-424b-9868-57a2d4851a1d" />
    <TestEntry testId="b98006bf-e247-2c89-f5f2-906de5d10ccf" executionId="ab8ad52f-2805-45e2-8ee3-1688fa53287e" testListId="8c84fa94-04c1-424b-9868-57a2d4851a1d" />
    <TestEntry testId="52284c88-15e2-e622-5da9-cf51ba9aa844" executionId="c3f35511-b793-4db3-b571-4ffc87b2aecb" testListId="8c84fa94-04c1-424b-9868-57a2d4851a1d" />
    <TestEntry testId="df7802a4-febc-831e-f0c4-67bb20909f69" executionId="8d1fcc40-3fd3-4a03-882e-ca5362ae045d" testListId="8c84fa94-04c1-424b-9868-57a2d4851a1d" />
    <TestEntry testId="e2fe22aa-9b88-2a0d-2525-75fe06705548" executionId="0597c954-c998-4ece-8717-3d05fc111650" testListId="8c84fa94-04c1-424b-9868-57a2d4851a1d" />
    <TestEntry testId="66873fdb-c193-9c8c-5dd6-46cb202ddd5f" executionId="c0d35659-e3ec-40d1-9a13-78eac5e5ee65" testListId="8c84fa94-04c1-424b-9868-57a2d4851a1d" />
    <TestEntry testId="246fef16-9927-64a6-e903-fbc6b513e4a7" executionId="2d503a66-7073-4d77-841a-f840e80840c3" testListId="8c84fa94-04c1-424b-9868-57a2d4851a1d" />
    <TestEntry testId="8c77f87a-9ff2-d101-f9e6-6771eeb5c649" executionId="a0ba9dd0-ea01-43a9-9b1a-a186c7db1e94" testListId="8c84fa94-04c1-424b-9868-57a2d4851a1d" />
    <TestEntry testId="95755321-99fe-3c41-7267-feb0fced4809" executionId="d5488803-a7b6-4aed-80fc-aafadf8b7f64" testListId="8c84fa94-04c1-424b-9868-57a2d4851a1d" />
    <TestEntry testId="021d3da1-2551-6934-6452-4bc168c068b9" executionId="4cf53630-732e-48b8-bdae-7908b47b4853" testListId="8c84fa94-04c1-424b-9868-57a2d4851a1d" />
    <TestEntry testId="1e24c5cd-d42a-5c97-73c1-5f149820ea22" executionId="8369e8ba-4774-4030-8b0a-f6178359c310" testListId="8c84fa94-04c1-424b-9868-57a2d4851a1d" />
    <TestEntry testId="ae0948ed-054c-3e18-355f-da674f5650cd" executionId="7da43187-56ad-45ca-a43a-d214ff05a66f" testListId="8c84fa94-04c1-424b-9868-57a2d4851a1d" />
    <TestEntry testId="12c6c75b-17e2-768a-c582-545ad6254677" executionId="24b9ebd0-10b5-4b6a-a40b-43c0feb9c638" testListId="8c84fa94-04c1-424b-9868-57a2d4851a1d" />
    <TestEntry testId="59ba87d8-8f5c-2afb-09d4-294577ceb6c1" executionId="34587ab6-2c12-449d-9456-d260785be709" testListId="8c84fa94-04c1-424b-9868-57a2d4851a1d" />
    <TestEntry testId="c6a91ea6-2e10-8e99-6511-4f3dfcc58033" executionId="19ce479c-4dd5-404c-9507-b1c1958d5646" testListId="8c84fa94-04c1-424b-9868-57a2d4851a1d" />
    <TestEntry testId="0fdf445f-d20e-3235-8763-e9404bb4da45" executionId="b33ecf8e-8a31-47d5-ae77-6554d082a4c3" testListId="8c84fa94-04c1-424b-9868-57a2d4851a1d" />
    <TestEntry testId="50f2b13e-3594-24ee-32df-b9192e38a8ff" executionId="e6ff4d12-a3ca-4ce4-ba0b-6915500896ef" testListId="8c84fa94-04c1-424b-9868-57a2d4851a1d" />
    <TestEntry testId="0e25bcf5-ab45-f600-b517-83fefa26e455" executionId="e02e4366-faf1-4d1c-9a59-1c88002eba81" testListId="8c84fa94-04c1-424b-9868-57a2d4851a1d" />
    <TestEntry testId="c6e23de6-051d-5068-efa9-0842275b05b2" executionId="e99be9ec-0065-4bc3-af97-5a69e8de8897" testListId="8c84fa94-04c1-424b-9868-57a2d4851a1d" />
    <TestEntry testId="136b7217-45c6-b3d8-34fb-6ee727eb66f5" executionId="c3c23d38-94e3-4312-a024-52287aa733e9" testListId="8c84fa94-04c1-424b-9868-57a2d4851a1d" />
    <TestEntry testId="e8d7076c-1cb3-733b-4522-2a0049ab3d88" executionId="3453f50a-69a1-4030-a5bc-679cb8ab0ba2" testListId="8c84fa94-04c1-424b-9868-57a2d4851a1d" />
    <TestEntry testId="abd8e945-1cd6-1c43-f5d4-1f844731781d" executionId="c38f2ecc-209c-4e08-9f9f-e487a3dcef29" testListId="8c84fa94-04c1-424b-9868-57a2d4851a1d" />
    <TestEntry testId="d38e40f0-9394-42c9-ac5c-2e74521578b4" executionId="5c9dfa54-c290-4c20-96e7-f4922ae308cd" testListId="8c84fa94-04c1-424b-9868-57a2d4851a1d" />
    <TestEntry testId="10351b87-cca7-9abd-49aa-c981441e9d37" executionId="e4aebed1-be52-4b2e-b7b1-c0621b0951aa" testListId="8c84fa94-04c1-424b-9868-57a2d4851a1d" />
    <TestEntry testId="c4bc0f3a-eeff-3d15-3eac-b16332605c4c" executionId="f9017ef2-55d4-4fcb-84a7-15ed9789a98d" testListId="8c84fa94-04c1-424b-9868-57a2d4851a1d" />
    <TestEntry testId="a81f27b4-0dc1-da96-d279-fb940b021717" executionId="7877c749-786e-4cd6-8ff7-5089654ca111" testListId="8c84fa94-04c1-424b-9868-57a2d4851a1d" />
    <TestEntry testId="7764d870-960a-e6a5-a9d1-b95db448a3be" executionId="1466016c-996c-460d-9dd9-5de005240708" testListId="8c84fa94-04c1-424b-9868-57a2d4851a1d" />
  </TestEntries>
  <TestLists>
    <TestList name="Results Not in a List" id="8c84fa94-04c1-424b-9868-57a2d4851a1d" />
    <TestList name="All Loaded Results" id="19431567-8539-422a-85d7-44ee4e166bda" />
  </TestLists>
  <ResultSummary outcome="Failed">
    <Counters total="567" executed="567" passed="515" failed="52" error="0" timeout="0" aborted="0" inconclusive="0" passedButRunAborted="0" notRunnable="0" notExecuted="0" disconnected="0" warning="0" completed="0" inProgress="0" pending="0" />
    <Output>
      <StdOut>[xUnit.net 00:00:00.00] xUnit.net VSTest Adapter v2.8.2+699d445a1a (64-bit .NET 9.0.6)
[xUnit.net 00:00:00.15]   Discovering: Aula.Tests
[xUnit.net 00:00:00.34]   Discovered:  Aula.Tests
[xUnit.net 00:00:00.35]   Starting:    Aula.Tests
[xUnit.net 00:00:00.63]       Assert.Equal() Failure: Strings differ
[xUnit.net 00:00:00.63]                  ↓ (pos 0)
[xUnit.net 00:00:00.63]       Expected: "apiKey"
[xUnit.net 00:00:00.63]       Actual:   "constructorArguments"
[xUnit.net 00:00:00.63]                  ↑ (pos 0)
[xUnit.net 00:00:00.64]       Stack Trace:
[xUnit.net 00:00:00.64]         /mnt/d/git/aula/src/Aula.Tests/Services/OpenAiServiceIntegrationTests.cs(41,0): at Aula.Tests.Services.OpenAiServiceIntegrationTests.Constructor_WithNullApiKey_ThrowsArgumentException()
[xUnit.net 00:00:00.64]            at System.RuntimeMethodHandle.InvokeMethod(Object target, Void** arguments, Signature sig, Boolean isConstructor)
[xUnit.net 00:00:00.64]            at System.Reflection.MethodBaseInvoker.InvokeWithNoArgs(Object obj, BindingFlags invokeAttr)
[xUnit.net 00:00:00.65]       System.ArgumentException : Can not instantiate proxy of class: Aula.Tools.AiToolsManager.
[xUnit.net 00:00:00.65]       Could not find a parameterless constructor. (Parameter 'constructorArguments')
[xUnit.net 00:00:00.65]       ---- System.MissingMethodException : Constructor on type 'Castle.Proxies.AiToolsManagerProxy' not found.
[xUnit.net 00:00:00.65]       Stack Trace:
[xUnit.net 00:00:00.65]            at Castle.DynamicProxy.ProxyGenerator.CreateClassProxyInstance(Type proxyType, List`1 proxyArguments, Type classToProxy, Object[] constructorArguments)
[xUnit.net 00:00:00.65]            at Castle.DynamicProxy.ProxyGenerator.CreateClassProxy(Type classToProxy, Type[] additionalInterfacesToProxy, ProxyGenerationOptions options, Object[] constructorArguments, IInterceptor[] interceptors)
[xUnit.net 00:00:00.65]         /_/src/Moq/Interception/CastleProxyFactory.cs(62,0): at Moq.CastleProxyFactory.CreateProxy(Type mockType, IInterceptor interceptor, Type[] interfaces, Object[] arguments)
[xUnit.net 00:00:00.65]         /_/src/Moq/Mock`1.cs(309,0): at Moq.Mock`1.InitializeInstance()
[xUnit.net 00:00:00.65]         /_/src/Moq/Mock`1.cs(323,0): at Moq.Mock`1.OnGetObject()
[xUnit.net 00:00:00.65]         /_/src/Moq/Mock.cs(181,0): at Moq.Mock.get_Object()
[xUnit.net 00:00:00.65]         /_/src/Moq/Mock`1.cs(281,0): at Moq.Mock`1.get_Object()
[xUnit.net 00:00:00.65]         /mnt/d/git/aula/src/Aula.Tests/Services/OpenAiServiceIntegrationTests.cs(79,0): at Aula.Tests.Services.OpenAiServiceIntegrationTests.Constructor_WithCustomModel_UsesSpecifiedModel()
[xUnit.net 00:00:00.65]            at System.RuntimeMethodHandle.InvokeMethod(Object target, Void** arguments, Signature sig, Boolean isConstructor)
[xUnit.net 00:00:00.65]            at System.Reflection.MethodBaseInvoker.InvokeWithNoArgs(Object obj, BindingFlags invokeAttr)
[xUnit.net 00:00:00.65]         ----- Inner Stack Trace -----
[xUnit.net 00:00:00.65]            at System.RuntimeType.CreateInstanceImpl(BindingFlags bindingAttr, Binder binder, Object[] args, CultureInfo culture)
[xUnit.net 00:00:00.65]            at Castle.DynamicProxy.ProxyGenerator.CreateClassProxyInstance(Type proxyType, List`1 proxyArguments, Type classToProxy, Object[] constructorArguments)
[xUnit.net 00:00:00.66]       System.ArgumentException : Can not instantiate proxy of class: Aula.Tools.AiToolsManager.
[xUnit.net 00:00:00.66]       Could not find a parameterless constructor. (Parameter 'constructorArguments')
[xUnit.net 00:00:00.66]       ---- System.MissingMethodException : Constructor on type 'Castle.Proxies.AiToolsManagerProxy' not found.
[xUnit.net 00:00:00.66]       Stack Trace:
[xUnit.net 00:00:00.66]            at Castle.DynamicProxy.ProxyGenerator.CreateClassProxyInstance(Type proxyType, List`1 proxyArguments, Type classToProxy, Object[] constructorArguments)
[xUnit.net 00:00:00.66]            at Castle.DynamicProxy.ProxyGenerator.CreateClassProxy(Type classToProxy, Type[] additionalInterfacesToProxy, ProxyGenerationOptions options, Object[] constructorArguments, IInterceptor[] interceptors)
[xUnit.net 00:00:00.66]         /_/src/Moq/Interception/CastleProxyFactory.cs(62,0): at Moq.CastleProxyFactory.CreateProxy(Type mockType, IInterceptor interceptor, Type[] interfaces, Object[] arguments)
[xUnit.net 00:00:00.66]         /_/src/Moq/Mock`1.cs(309,0): at Moq.Mock`1.InitializeInstance()
[xUnit.net 00:00:00.66]         /_/src/Moq/Mock`1.cs(323,0): at Moq.Mock`1.OnGetObject()
[xUnit.net 00:00:00.66]         /_/src/Moq/Mock.cs(181,0): at Moq.Mock.get_Object()
[xUnit.net 00:00:00.66]         /_/src/Moq/Mock`1.cs(281,0): at Moq.Mock`1.get_Object()
[xUnit.net 00:00:00.66]         /mnt/d/git/aula/src/Aula.Tests/Services/OpenAiServiceIntegrationTests.cs(152,0): at Aula.Tests.Services.OpenAiServiceIntegrationTests.AskQuestionAboutChildrenAsync_WithNullChildrenWeekLetters_ThrowsArgumentNullException(ChatInterface chatInterface)
[xUnit.net 00:00:00.66]         --- End of stack trace from previous location ---
[xUnit.net 00:00:00.66]         ----- Inner Stack Trace -----
[xUnit.net 00:00:00.66]            at System.RuntimeType.CreateInstanceImpl(BindingFlags bindingAttr, Binder binder, Object[] args, CultureInfo culture)
[xUnit.net 00:00:00.66]            at Castle.DynamicProxy.ProxyGenerator.CreateClassProxyInstance(Type proxyType, List`1 proxyArguments, Type classToProxy, Object[] constructorArguments)
[xUnit.net 00:00:00.66]       System.ArgumentException : Can not instantiate proxy of class: Aula.Tools.AiToolsManager.
[xUnit.net 00:00:00.66]       Could not find a parameterless constructor. (Parameter 'constructorArguments')
[xUnit.net 00:00:00.66]       ---- System.MissingMethodException : Constructor on type 'Castle.Proxies.AiToolsManagerProxy' not found.
[xUnit.net 00:00:00.66]       Stack Trace:
[xUnit.net 00:00:00.66]            at Castle.DynamicProxy.ProxyGenerator.CreateClassProxyInstance(Type proxyType, List`1 proxyArguments, Type classToProxy, Object[] constructorArguments)
[xUnit.net 00:00:00.66]            at Castle.DynamicProxy.ProxyGenerator.CreateClassProxy(Type classToProxy, Type[] additionalInterfacesToProxy, ProxyGenerationOptions options, Object[] constructorArguments, IInterceptor[] interceptors)
[xUnit.net 00:00:00.66]         /_/src/Moq/Interception/CastleProxyFactory.cs(62,0): at Moq.CastleProxyFactory.CreateProxy(Type mockType, IInterceptor interceptor, Type[] interfaces, Object[] arguments)
[xUnit.net 00:00:00.66]         /_/src/Moq/Mock`1.cs(309,0): at Moq.Mock`1.InitializeInstance()
[xUnit.net 00:00:00.66]         /_/src/Moq/Mock`1.cs(323,0): at Moq.Mock`1.OnGetObject()
[xUnit.net 00:00:00.67]         /_/src/Moq/Mock.cs(181,0): at Moq.Mock.get_Object()
[xUnit.net 00:00:00.67]         /_/src/Moq/Mock`1.cs(281,0): at Moq.Mock`1.get_Object()
[xUnit.net 00:00:00.67]         /mnt/d/git/aula/src/Aula.Tests/Services/OpenAiServiceIntegrationTests.cs(152,0): at Aula.Tests.Services.OpenAiServiceIntegrationTests.AskQuestionAboutChildrenAsync_WithNullChildrenWeekLetters_ThrowsArgumentNullException(ChatInterface chatInterface)
[xUnit.net 00:00:00.67]         --- End of stack trace from previous location ---
[xUnit.net 00:00:00.67]         ----- Inner Stack Trace -----
[xUnit.net 00:00:00.67]            at System.RuntimeType.CreateInstanceImpl(BindingFlags bindingAttr, Binder binder, Object[] args, CultureInfo culture)
[xUnit.net 00:00:00.67]            at Castle.DynamicProxy.ProxyGenerator.CreateClassProxyInstance(Type proxyType, List`1 proxyArguments, Type classToProxy, Object[] constructorArguments)
[xUnit.net 00:00:00.67]       Assert.Equal() Failure: Strings differ
[xUnit.net 00:00:00.67]                  ↓ (pos 0)
[xUnit.net 00:00:00.67]       Expected: "apiKey"
[xUnit.net 00:00:00.67]       Actual:   "constructorArguments"
[xUnit.net 00:00:00.67]                  ↑ (pos 0)
[xUnit.net 00:00:00.67]       Stack Trace:
[xUnit.net 00:00:00.67]         /mnt/d/git/aula/src/Aula.Tests/Services/OpenAiServiceIntegrationTests.cs(57,0): at Aula.Tests.Services.OpenAiServiceIntegrationTests.Constructor_WithWhitespaceApiKey_ThrowsArgumentException()
[xUnit.net 00:00:00.67]            at System.RuntimeMethodHandle.InvokeMethod(Object target, Void** arguments, Signature sig, Boolean isConstructor)
[xUnit.net 00:00:00.67]            at System.Reflection.MethodBaseInvoker.InvokeWithNoArgs(Object obj, BindingFlags invokeAttr)
[xUnit.net 00:00:00.68]       System.ArgumentException : Can not instantiate proxy of class: Aula.Tools.AiToolsManager.
[xUnit.net 00:00:00.68]       Could not find a parameterless constructor. (Parameter 'constructorArguments')
[xUnit.net 00:00:00.68]       ---- System.MissingMethodException : Constructor on type 'Castle.Proxies.AiToolsManagerProxy' not found.
[xUnit.net 00:00:00.68]       Stack Trace:
[xUnit.net 00:00:00.68]            at Castle.DynamicProxy.ProxyGenerator.CreateClassProxyInstance(Type proxyType, List`1 proxyArguments, Type classToProxy, Object[] constructorArguments)
[xUnit.net 00:00:00.68]            at Castle.DynamicProxy.ProxyGenerator.CreateClassProxy(Type classToProxy, Type[] additionalInterfacesToProxy, ProxyGenerationOptions options, Object[] constructorArguments, IInterceptor[] interceptors)
[xUnit.net 00:00:00.68]         /_/src/Moq/Interception/CastleProxyFactory.cs(62,0): at Moq.CastleProxyFactory.CreateProxy(Type mockType, IInterceptor interceptor, Type[] interfaces, Object[] arguments)
[xUnit.net 00:00:00.68]         /_/src/Moq/Mock`1.cs(309,0): at Moq.Mock`1.InitializeInstance()
[xUnit.net 00:00:00.68]         /_/src/Moq/Mock`1.cs(323,0): at Moq.Mock`1.OnGetObject()
[xUnit.net 00:00:00.68]         /_/src/Moq/Mock.cs(181,0): at Moq.Mock.get_Object()
[xUnit.net 00:00:00.68]         /_/src/Moq/Mock`1.cs(281,0): at Moq.Mock`1.get_Object()
[xUnit.net 00:00:00.68]         /mnt/d/git/aula/src/Aula.Tests/Services/OpenAiServiceIntegrationTests.cs(86,0): at Aula.Tests.Services.OpenAiServiceIntegrationTests.ClearConversationHistory_WithoutContextKey_DoesNotThrow()
[xUnit.net 00:00:00.68]            at System.RuntimeMethodHandle.InvokeMethod(Object target, Void** arguments, Signature sig, Boolean isConstructor)
[xUnit.net 00:00:00.68]            at System.Reflection.MethodBaseInvoker.InvokeWithNoArgs(Object obj, BindingFlags invokeAttr)
[xUnit.net 00:00:00.68]         ----- Inner Stack Trace -----
[xUnit.net 00:00:00.68]            at System.RuntimeType.CreateInstanceImpl(BindingFlags bindingAttr, Binder binder, Object[] args, CultureInfo culture)
[xUnit.net 00:00:00.68]            at Castle.DynamicProxy.ProxyGenerator.CreateClassProxyInstance(Type proxyType, List`1 proxyArguments, Type classToProxy, Object[] constructorArguments)
[xUnit.net 00:00:00.71]       System.ArgumentException : Can not instantiate proxy of class: Aula.Tools.AiToolsManager.
[xUnit.net 00:00:00.71]       Could not find a parameterless constructor. (Parameter 'constructorArguments')
[xUnit.net 00:00:00.71]       ---- System.MissingMethodException : Constructor on type 'Castle.Proxies.AiToolsManagerProxy' not found.
[xUnit.net 00:00:00.71]       Stack Trace:
[xUnit.net 00:00:00.71]            at Castle.DynamicProxy.ProxyGenerator.CreateClassProxyInstance(Type proxyType, List`1 proxyArguments, Type classToProxy, Object[] constructorArguments)
[xUnit.net 00:00:00.71]            at Castle.DynamicProxy.ProxyGenerator.CreateClassProxy(Type classToProxy, Type[] additionalInterfacesToProxy, ProxyGenerationOptions options, Object[] constructorArguments, IInterceptor[] interceptors)
[xUnit.net 00:00:00.71]         /_/src/Moq/Interception/CastleProxyFactory.cs(62,0): at Moq.CastleProxyFactory.CreateProxy(Type mockType, IInterceptor interceptor, Type[] interfaces, Object[] arguments)
[xUnit.net 00:00:00.71]         /_/src/Moq/Mock`1.cs(309,0): at Moq.Mock`1.InitializeInstance()
[xUnit.net 00:00:00.71]         /_/src/Moq/Mock`1.cs(323,0): at Moq.Mock`1.OnGetObject()
[xUnit.net 00:00:00.71]         /_/src/Moq/Mock.cs(181,0): at Moq.Mock.get_Object()
[xUnit.net 00:00:00.71]         /_/src/Moq/Mock`1.cs(281,0): at Moq.Mock`1.get_Object()
[xUnit.net 00:00:00.71]         /mnt/d/git/aula/src/Aula.Tests/Services/OpenAiServiceIntegrationTests.cs(141,0): at Aula.Tests.Services.OpenAiServiceIntegrationTests.ExtractKeyInformationAsync_WithNullWeekLetter_ThrowsArgumentNullException(ChatInterface chatInterface)
[xUnit.net 00:00:00.71]         --- End of stack trace from previous location ---
[xUnit.net 00:00:00.71]         ----- Inner Stack Trace -----
[xUnit.net 00:00:00.71]            at System.RuntimeType.CreateInstanceImpl(BindingFlags bindingAttr, Binder binder, Object[] args, CultureInfo culture)
[xUnit.net 00:00:00.71]            at Castle.DynamicProxy.ProxyGenerator.CreateClassProxyInstance(Type proxyType, List`1 proxyArguments, Type classToProxy, Object[] constructorArguments)
[xUnit.net 00:00:00.71]       System.ArgumentException : Can not instantiate proxy of class: Aula.Tools.AiToolsManager.
[xUnit.net 00:00:00.71]       Could not find a parameterless constructor. (Parameter 'constructorArguments')
[xUnit.net 00:00:00.71]       ---- System.MissingMethodException : Constructor on type 'Castle.Proxies.AiToolsManagerProxy' not found.
[xUnit.net 00:00:00.71]       Stack Trace:
[xUnit.net 00:00:00.71]            at Castle.DynamicProxy.ProxyGenerator.CreateClassProxyInstance(Type proxyType, List`1 proxyArguments, Type classToProxy, Object[] constructorArguments)
[xUnit.net 00:00:00.71]            at Castle.DynamicProxy.ProxyGenerator.CreateClassProxy(Type classToProxy, Type[] additionalInterfacesToProxy, ProxyGenerationOptions options, Object[] constructorArguments, IInterceptor[] interceptors)
[xUnit.net 00:00:00.71]         /_/src/Moq/Interception/CastleProxyFactory.cs(62,0): at Moq.CastleProxyFactory.CreateProxy(Type mockType, IInterceptor interceptor, Type[] interfaces, Object[] arguments)
[xUnit.net 00:00:00.71]         /_/src/Moq/Mock`1.cs(309,0): at Moq.Mock`1.InitializeInstance()
[xUnit.net 00:00:00.71]         /_/src/Moq/Mock`1.cs(323,0): at Moq.Mock`1.OnGetObject()
[xUnit.net 00:00:00.71]         /_/src/Moq/Mock.cs(181,0): at Moq.Mock.get_Object()
[xUnit.net 00:00:00.71]         /_/src/Moq/Mock`1.cs(281,0): at Moq.Mock`1.get_Object()
[xUnit.net 00:00:00.71]         /mnt/d/git/aula/src/Aula.Tests/Services/OpenAiServiceIntegrationTests.cs(141,0): at Aula.Tests.Services.OpenAiServiceIntegrationTests.ExtractKeyInformationAsync_WithNullWeekLetter_ThrowsArgumentNullException(ChatInterface chatInterface)
[xUnit.net 00:00:00.71]         --- End of stack trace from previous location ---
[xUnit.net 00:00:00.71]         ----- Inner Stack Trace -----
[xUnit.net 00:00:00.71]            at System.RuntimeType.CreateInstanceImpl(BindingFlags bindingAttr, Binder binder, Object[] args, CultureInfo culture)
[xUnit.net 00:00:00.71]            at Castle.DynamicProxy.ProxyGenerator.CreateClassProxyInstance(Type proxyType, List`1 proxyArguments, Type classToProxy, Object[] constructorArguments)
[xUnit.net 00:00:00.72]       System.ArgumentException : Can not instantiate proxy of class: Aula.Tools.AiToolsManager.
[xUnit.net 00:00:00.72]       Could not find a parameterless constructor. (Parameter 'constructorArguments')
[xUnit.net 00:00:00.72]       ---- System.MissingMethodException : Constructor on type 'Castle.Proxies.AiToolsManagerProxy' not found.
[xUnit.net 00:00:00.72]       Stack Trace:
[xUnit.net 00:00:00.72]            at Castle.DynamicProxy.ProxyGenerator.CreateClassProxyInstance(Type proxyType, List`1 proxyArguments, Type classToProxy, Object[] constructorArguments)
[xUnit.net 00:00:00.72]            at Castle.DynamicProxy.ProxyGenerator.CreateClassProxy(Type classToProxy, Type[] additionalInterfacesToProxy, ProxyGenerationOptions options, Object[] constructorArguments, IInterceptor[] interceptors)
[xUnit.net 00:00:00.72]         /_/src/Moq/Interception/CastleProxyFactory.cs(62,0): at Moq.CastleProxyFactory.CreateProxy(Type mockType, IInterceptor interceptor, Type[] interfaces, Object[] arguments)
[xUnit.net 00:00:00.72]         /_/src/Moq/Mock`1.cs(309,0): at Moq.Mock`1.InitializeInstance()
[xUnit.net 00:00:00.72]         /_/src/Moq/Mock`1.cs(323,0): at Moq.Mock`1.OnGetObject()
[xUnit.net 00:00:00.72]         /_/src/Moq/Mock.cs(181,0): at Moq.Mock.get_Object()
[xUnit.net 00:00:00.72]         /_/src/Moq/Mock`1.cs(281,0): at Moq.Mock`1.get_Object()
[xUnit.net 00:00:00.72]         /mnt/d/git/aula/src/Aula.Tests/Services/OpenAiServiceIntegrationTests.cs(164,0): at Aula.Tests.Services.OpenAiServiceIntegrationTests.ProcessQueryWithToolsAsync_WithInvalidQuery_ThrowsArgumentException(String query)
[xUnit.net 00:00:00.72]         --- End of stack trace from previous location ---
[xUnit.net 00:00:00.73]         ----- Inner Stack Trace -----
[xUnit.net 00:00:00.73]            at System.RuntimeType.CreateInstanceImpl(BindingFlags bindingAttr, Binder binder, Object[] args, CultureInfo culture)
[xUnit.net 00:00:00.73]            at Castle.DynamicProxy.ProxyGenerator.CreateClassProxyInstance(Type proxyType, List`1 proxyArguments, Type classToProxy, Object[] constructorArguments)
[xUnit.net 00:00:00.73]       System.ArgumentException : Can not instantiate proxy of class: Aula.Tools.AiToolsManager.
[xUnit.net 00:00:00.73]       Could not find a parameterless constructor. (Parameter 'constructorArguments')
[xUnit.net 00:00:00.73]       ---- System.MissingMethodException : Constructor on type 'Castle.Proxies.AiToolsManagerProxy' not found.
[xUnit.net 00:00:00.73]       Stack Trace:
[xUnit.net 00:00:00.73]            at Castle.DynamicProxy.ProxyGenerator.CreateClassProxyInstance(Type proxyType, List`1 proxyArguments, Type classToProxy, Object[] constructorArguments)
[xUnit.net 00:00:00.73]            at Castle.DynamicProxy.ProxyGenerator.CreateClassProxy(Type classToProxy, Type[] additionalInterfacesToProxy, ProxyGenerationOptions options, Object[] constructorArguments, IInterceptor[] interceptors)
[xUnit.net 00:00:00.73]         /_/src/Moq/Interception/CastleProxyFactory.cs(62,0): at Moq.CastleProxyFactory.CreateProxy(Type mockType, IInterceptor interceptor, Type[] interfaces, Object[] arguments)
[xUnit.net 00:00:00.73]         /_/src/Moq/Mock`1.cs(309,0): at Moq.Mock`1.InitializeInstance()
[xUnit.net 00:00:00.73]         /_/src/Moq/Mock`1.cs(323,0): at Moq.Mock`1.OnGetObject()
[xUnit.net 00:00:00.73]         /_/src/Moq/Mock.cs(181,0): at Moq.Mock.get_Object()
[xUnit.net 00:00:00.73]         /_/src/Moq/Mock`1.cs(281,0): at Moq.Mock`1.get_Object()
[xUnit.net 00:00:00.73]         /mnt/d/git/aula/src/Aula.Tests/Services/OpenAiServiceIntegrationTests.cs(164,0): at Aula.Tests.Services.OpenAiServiceIntegrationTests.ProcessQueryWithToolsAsync_WithInvalidQuery_ThrowsArgumentException(String query)
[xUnit.net 00:00:00.73]         --- End of stack trace from previous location ---
[xUnit.net 00:00:00.73]         ----- Inner Stack Trace -----
[xUnit.net 00:00:00.73]            at System.RuntimeType.CreateInstanceImpl(BindingFlags bindingAttr, Binder binder, Object[] args, CultureInfo culture)
[xUnit.net 00:00:00.73]            at Castle.DynamicProxy.ProxyGenerator.CreateClassProxyInstance(Type proxyType, List`1 proxyArguments, Type classToProxy, Object[] constructorArguments)
[xUnit.net 00:00:00.73]       System.ArgumentException : Can not instantiate proxy of class: Aula.Tools.AiToolsManager.
[xUnit.net 00:00:00.73]       Could not find a parameterless constructor. (Parameter 'constructorArguments')
[xUnit.net 00:00:00.73]       ---- System.MissingMethodException : Constructor on type 'Castle.Proxies.AiToolsManagerProxy' not found.
[xUnit.net 00:00:00.73]       Stack Trace:
[xUnit.net 00:00:00.73]            at Castle.DynamicProxy.ProxyGenerator.CreateClassProxyInstance(Type proxyType, List`1 proxyArguments, Type classToProxy, Object[] constructorArguments)
[xUnit.net 00:00:00.73]            at Castle.DynamicProxy.ProxyGenerator.CreateClassProxy(Type classToProxy, Type[] additionalInterfacesToProxy, ProxyGenerationOptions options, Object[] constructorArguments, IInterceptor[] interceptors)
[xUnit.net 00:00:00.73]         /_/src/Moq/Interception/CastleProxyFactory.cs(62,0): at Moq.CastleProxyFactory.CreateProxy(Type mockType, IInterceptor interceptor, Type[] interfaces, Object[] arguments)
[xUnit.net 00:00:00.73]         /_/src/Moq/Mock`1.cs(309,0): at Moq.Mock`1.InitializeInstance()
[xUnit.net 00:00:00.73]         /_/src/Moq/Mock`1.cs(323,0): at Moq.Mock`1.OnGetObject()
[xUnit.net 00:00:00.73]         /_/src/Moq/Mock.cs(181,0): at Moq.Mock.get_Object()
[xUnit.net 00:00:00.73]         /_/src/Moq/Mock`1.cs(281,0): at Moq.Mock`1.get_Object()
[xUnit.net 00:00:00.73]         /mnt/d/git/aula/src/Aula.Tests/Services/OpenAiServiceIntegrationTests.cs(164,0): at Aula.Tests.Services.OpenAiServiceIntegrationTests.ProcessQueryWithToolsAsync_WithInvalidQuery_ThrowsArgumentException(String query)
[xUnit.net 00:00:00.74]         --- End of stack trace from previous location ---
[xUnit.net 00:00:00.74]         ----- Inner Stack Trace -----
[xUnit.net 00:00:00.74]            at System.RuntimeType.CreateInstanceImpl(BindingFlags bindingAttr, Binder binder, Object[] args, CultureInfo culture)
[xUnit.net 00:00:00.74]            at Castle.DynamicProxy.ProxyGenerator.CreateClassProxyInstance(Type proxyType, List`1 proxyArguments, Type classToProxy, Object[] constructorArguments)
[xUnit.net 00:00:00.75]       System.ArgumentException : Can not instantiate proxy of class: Aula.Tools.AiToolsManager.
[xUnit.net 00:00:00.75]       Could not find a parameterless constructor. (Parameter 'constructorArguments')
[xUnit.net 00:00:00.75]       ---- System.MissingMethodException : Constructor on type 'Castle.Proxies.AiToolsManagerProxy' not found.
[xUnit.net 00:00:00.75]       Stack Trace:
[xUnit.net 00:00:00.75]            at Castle.DynamicProxy.ProxyGenerator.CreateClassProxyInstance(Type proxyType, List`1 proxyArguments, Type classToProxy, Object[] constructorArguments)
[xUnit.net 00:00:00.75]            at Castle.DynamicProxy.ProxyGenerator.CreateClassProxy(Type classToProxy, Type[] additionalInterfacesToProxy, ProxyGenerationOptions options, Object[] constructorArguments, IInterceptor[] interceptors)
[xUnit.net 00:00:00.75]         /_/src/Moq/Interception/CastleProxyFactory.cs(62,0): at Moq.CastleProxyFactory.CreateProxy(Type mockType, IInterceptor interceptor, Type[] interfaces, Object[] arguments)
[xUnit.net 00:00:00.75]         /_/src/Moq/Mock`1.cs(309,0): at Moq.Mock`1.InitializeInstance()
[xUnit.net 00:00:00.75]         /_/src/Moq/Mock`1.cs(323,0): at Moq.Mock`1.OnGetObject()
[xUnit.net 00:00:00.75]         /_/src/Moq/Mock.cs(181,0): at Moq.Mock.get_Object()
[xUnit.net 00:00:00.75]         /_/src/Moq/Mock`1.cs(281,0): at Moq.Mock`1.get_Object()
[xUnit.net 00:00:00.75]         /mnt/d/git/aula/src/Aula.Tests/Services/OpenAiServiceIntegrationTests.cs(176,0): at Aula.Tests.Services.OpenAiServiceIntegrationTests.ProcessQueryWithToolsAsync_WithInvalidContextKey_ThrowsArgumentException(String contextKey)
[xUnit.net 00:00:00.75]         --- End of stack trace from previous location ---
[xUnit.net 00:00:00.75]         ----- Inner Stack Trace -----
[xUnit.net 00:00:00.75]            at System.RuntimeType.CreateInstanceImpl(BindingFlags bindingAttr, Binder binder, Object[] args, CultureInfo culture)
[xUnit.net 00:00:00.75]            at Castle.DynamicProxy.ProxyGenerator.CreateClassProxyInstance(Type proxyType, List`1 proxyArguments, Type classToProxy, Object[] constructorArguments)
[xUnit.net 00:00:00.77]       System.ArgumentException : Can not instantiate proxy of class: Aula.Tools.AiToolsManager.
[xUnit.net 00:00:00.77]       Could not find a parameterless constructor. (Parameter 'constructorArguments')
[xUnit.net 00:00:00.77]       ---- System.MissingMethodException : Constructor on type 'Castle.Proxies.AiToolsManagerProxy' not found.
[xUnit.net 00:00:00.77]       Stack Trace:
[xUnit.net 00:00:00.77]            at Castle.DynamicProxy.ProxyGenerator.CreateClassProxyInstance(Type proxyType, List`1 proxyArguments, Type classToProxy, Object[] constructorArguments)
[xUnit.net 00:00:00.77]            at Castle.DynamicProxy.ProxyGenerator.CreateClassProxy(Type classToProxy, Type[] additionalInterfacesToProxy, ProxyGenerationOptions options, Object[] constructorArguments, IInterceptor[] interceptors)
[xUnit.net 00:00:00.77]         /_/src/Moq/Interception/CastleProxyFactory.cs(62,0): at Moq.CastleProxyFactory.CreateProxy(Type mockType, IInterceptor interceptor, Type[] interfaces, Object[] arguments)
[xUnit.net 00:00:00.77]         /_/src/Moq/Mock`1.cs(309,0): at Moq.Mock`1.InitializeInstance()
[xUnit.net 00:00:00.77]         /_/src/Moq/Mock`1.cs(323,0): at Moq.Mock`1.OnGetObject()
[xUnit.net 00:00:00.77]         /_/src/Moq/Mock.cs(181,0): at Moq.Mock.get_Object()
[xUnit.net 00:00:00.77]         /_/src/Moq/Mock`1.cs(281,0): at Moq.Mock`1.get_Object()
[xUnit.net 00:00:00.77]         /mnt/d/git/aula/src/Aula.Tests/Services/OpenAiServiceIntegrationTests.cs(176,0): at Aula.Tests.Services.OpenAiServiceIntegrationTests.ProcessQueryWithToolsAsync_WithInvalidContextKey_ThrowsArgumentException(String contextKey)
[xUnit.net 00:00:00.77]         --- End of stack trace from previous location ---
[xUnit.net 00:00:00.77]         ----- Inner Stack Trace -----
[xUnit.net 00:00:00.77]            at System.RuntimeType.CreateInstanceImpl(BindingFlags bindingAttr, Binder binder, Object[] args, CultureInfo culture)
[xUnit.net 00:00:00.77]            at Castle.DynamicProxy.ProxyGenerator.CreateClassProxyInstance(Type proxyType, List`1 proxyArguments, Type classToProxy, Object[] constructorArguments)
[xUnit.net 00:00:00.77]       System.ArgumentException : Can not instantiate proxy of class: Aula.Tools.AiToolsManager.
[xUnit.net 00:00:00.77]       Could not find a parameterless constructor. (Parameter 'constructorArguments')
[xUnit.net 00:00:00.77]       ---- System.MissingMethodException : Constructor on type 'Castle.Proxies.AiToolsManagerProxy' not found.
[xUnit.net 00:00:00.77]       Stack Trace:
[xUnit.net 00:00:00.77]            at Castle.DynamicProxy.ProxyGenerator.CreateClassProxyInstance(Type proxyType, List`1 proxyArguments, Type classToProxy, Object[] constructorArguments)
[xUnit.net 00:00:00.77]            at Castle.DynamicProxy.ProxyGenerator.CreateClassProxy(Type classToProxy, Type[] additionalInterfacesToProxy, ProxyGenerationOptions options, Object[] constructorArguments, IInterceptor[] interceptors)
[xUnit.net 00:00:00.77]         /_/src/Moq/Interception/CastleProxyFactory.cs(62,0): at Moq.CastleProxyFactory.CreateProxy(Type mockType, IInterceptor interceptor, Type[] interfaces, Object[] arguments)
[xUnit.net 00:00:00.77]         /_/src/Moq/Mock`1.cs(309,0): at Moq.Mock`1.InitializeInstance()
[xUnit.net 00:00:00.77]         /_/src/Moq/Mock`1.cs(323,0): at Moq.Mock`1.OnGetObject()
[xUnit.net 00:00:00.77]         /_/src/Moq/Mock.cs(181,0): at Moq.Mock.get_Object()
[xUnit.net 00:00:00.77]         /_/src/Moq/Mock`1.cs(281,0): at Moq.Mock`1.get_Object()
[xUnit.net 00:00:00.77]         /mnt/d/git/aula/src/Aula.Tests/Services/OpenAiServiceIntegrationTests.cs(176,0): at Aula.Tests.Services.OpenAiServiceIntegrationTests.ProcessQueryWithToolsAsync_WithInvalidContextKey_ThrowsArgumentException(String contextKey)
[xUnit.net 00:00:00.77]         --- End of stack trace from previous location ---
[xUnit.net 00:00:00.77]         ----- Inner Stack Trace -----
[xUnit.net 00:00:00.77]            at System.RuntimeType.CreateInstanceImpl(BindingFlags bindingAttr, Binder binder, Object[] args, CultureInfo culture)
[xUnit.net 00:00:00.77]            at Castle.DynamicProxy.ProxyGenerator.CreateClassProxyInstance(Type proxyType, List`1 proxyArguments, Type classToProxy, Object[] constructorArguments)
[xUnit.net 00:00:00.78]       System.ArgumentException : Can not instantiate proxy of class: Aula.Tools.AiToolsManager.
[xUnit.net 00:00:00.78]       Could not find a parameterless constructor. (Parameter 'constructorArguments')
[xUnit.net 00:00:00.78]       ---- System.MissingMethodException : Constructor on type 'Castle.Proxies.AiToolsManagerProxy' not found.
[xUnit.net 00:00:00.78]       Stack Trace:
[xUnit.net 00:00:00.78]            at Castle.DynamicProxy.ProxyGenerator.CreateClassProxyInstance(Type proxyType, List`1 proxyArguments, Type classToProxy, Object[] constructorArguments)
[xUnit.net 00:00:00.78]            at Castle.DynamicProxy.ProxyGenerator.CreateClassProxy(Type classToProxy, Type[] additionalInterfacesToProxy, ProxyGenerationOptions options, Object[] constructorArguments, IInterceptor[] interceptors)
[xUnit.net 00:00:00.78]         /_/src/Moq/Interception/CastleProxyFactory.cs(62,0): at Moq.CastleProxyFactory.CreateProxy(Type mockType, IInterceptor interceptor, Type[] interfaces, Object[] arguments)
[xUnit.net 00:00:00.78]         /_/src/Moq/Mock`1.cs(309,0): at Moq.Mock`1.InitializeInstance()
[xUnit.net 00:00:00.78]         /_/src/Moq/Mock`1.cs(323,0): at Moq.Mock`1.OnGetObject()
[xUnit.net 00:00:00.78]         /_/src/Moq/Mock.cs(181,0): at Moq.Mock.get_Object()
[xUnit.net 00:00:00.78]         /_/src/Moq/Mock`1.cs(281,0): at Moq.Mock`1.get_Object()
[xUnit.net 00:00:00.78]         /mnt/d/git/aula/src/Aula.Tests/Services/OpenAiServiceIntegrationTests.cs(242,0): at Aula.Tests.Services.OpenAiServiceIntegrationTests.ExtractKeyInformationAsync_WithValidWeekLetter_CallsApiWithCorrectParameters()
[xUnit.net 00:00:00.78]         --- End of stack trace from previous location ---
[xUnit.net 00:00:00.78]         ----- Inner Stack Trace -----
[xUnit.net 00:00:00.78]            at System.RuntimeType.CreateInstanceImpl(BindingFlags bindingAttr, Binder binder, Object[] args, CultureInfo culture)
[xUnit.net 00:00:00.78]            at Castle.DynamicProxy.ProxyGenerator.CreateClassProxyInstance(Type proxyType, List`1 proxyArguments, Type classToProxy, Object[] constructorArguments)
[xUnit.net 00:00:00.78]       System.ArgumentException : Can not instantiate proxy of class: Aula.Tools.AiToolsManager.
[xUnit.net 00:00:00.78]       Could not find a parameterless constructor. (Parameter 'constructorArguments')
[xUnit.net 00:00:00.78]       ---- System.MissingMethodException : Constructor on type 'Castle.Proxies.AiToolsManagerProxy' not found.
[xUnit.net 00:00:00.78]       Stack Trace:
[xUnit.net 00:00:00.78]            at Castle.DynamicProxy.ProxyGenerator.CreateClassProxyInstance(Type proxyType, List`1 proxyArguments, Type classToProxy, Object[] constructorArguments)
[xUnit.net 00:00:00.78]            at Castle.DynamicProxy.ProxyGenerator.CreateClassProxy(Type classToProxy, Type[] additionalInterfacesToProxy, ProxyGenerationOptions options, Object[] constructorArguments, IInterceptor[] interceptors)
[xUnit.net 00:00:00.78]         /_/src/Moq/Interception/CastleProxyFactory.cs(62,0): at Moq.CastleProxyFactory.CreateProxy(Type mockType, IInterceptor interceptor, Type[] interfaces, Object[] arguments)
[xUnit.net 00:00:00.78]         /_/src/Moq/Mock`1.cs(309,0): at Moq.Mock`1.InitializeInstance()
[xUnit.net 00:00:00.78]         /_/src/Moq/Mock`1.cs(323,0): at Moq.Mock`1.OnGetObject()
[xUnit.net 00:00:00.78]         /_/src/Moq/Mock.cs(181,0): at Moq.Mock.get_Object()
[xUnit.net 00:00:00.78]         /_/src/Moq/Mock`1.cs(281,0): at Moq.Mock`1.get_Object()
[xUnit.net 00:00:00.79]         /mnt/d/git/aula/src/Aula.Tests/Services/OpenAiServiceIntegrationTests.cs(119,0): at Aula.Tests.Services.OpenAiServiceIntegrationTests.AskQuestionAboutWeekLetterAsync_WithNullWeekLetter_ThrowsArgumentNullException(ChatInterface chatInterface)
[xUnit.net 00:00:00.79]         --- End of stack trace from previous location ---
[xUnit.net 00:00:00.79]         ----- Inner Stack Trace -----
[xUnit.net 00:00:00.79]            at System.RuntimeType.CreateInstanceImpl(BindingFlags bindingAttr, Binder binder, Object[] args, CultureInfo culture)
[xUnit.net 00:00:00.79]            at Castle.DynamicProxy.ProxyGenerator.CreateClassProxyInstance(Type proxyType, List`1 proxyArguments, Type classToProxy, Object[] constructorArguments)
[xUnit.net 00:00:00.79]       System.ArgumentException : Can not instantiate proxy of class: Aula.Tools.AiToolsManager.
[xUnit.net 00:00:00.79]       Could not find a parameterless constructor. (Parameter 'constructorArguments')
[xUnit.net 00:00:00.79]       ---- System.MissingMethodException : Constructor on type 'Castle.Proxies.AiToolsManagerProxy' not found.
[xUnit.net 00:00:00.79]       Stack Trace:
[xUnit.net 00:00:00.79]            at Castle.DynamicProxy.ProxyGenerator.CreateClassProxyInstance(Type proxyType, List`1 proxyArguments, Type classToProxy, Object[] constructorArguments)
[xUnit.net 00:00:00.79]            at Castle.DynamicProxy.ProxyGenerator.CreateClassProxy(Type classToProxy, Type[] additionalInterfacesToProxy, ProxyGenerationOptions options, Object[] constructorArguments, IInterceptor[] interceptors)
[xUnit.net 00:00:00.79]         /_/src/Moq/Interception/CastleProxyFactory.cs(62,0): at Moq.CastleProxyFactory.CreateProxy(Type mockType, IInterceptor interceptor, Type[] interfaces, Object[] arguments)
[xUnit.net 00:00:00.79]         /_/src/Moq/Mock`1.cs(309,0): at Moq.Mock`1.InitializeInstance()
[xUnit.net 00:00:00.79]         /_/src/Moq/Mock`1.cs(323,0): at Moq.Mock`1.OnGetObject()
[xUnit.net 00:00:00.79]         /_/src/Moq/Mock.cs(181,0): at Moq.Mock.get_Object()
[xUnit.net 00:00:00.79]         /_/src/Moq/Mock`1.cs(281,0): at Moq.Mock`1.get_Object()
[xUnit.net 00:00:00.79]         /mnt/d/git/aula/src/Aula.Tests/Services/OpenAiServiceIntegrationTests.cs(119,0): at Aula.Tests.Services.OpenAiServiceIntegrationTests.AskQuestionAboutWeekLetterAsync_WithNullWeekLetter_ThrowsArgumentNullException(ChatInterface chatInterface)
[xUnit.net 00:00:00.79]         --- End of stack trace from previous location ---
[xUnit.net 00:00:00.79]         ----- Inner Stack Trace -----
[xUnit.net 00:00:00.79]            at System.RuntimeType.CreateInstanceImpl(BindingFlags bindingAttr, Binder binder, Object[] args, CultureInfo culture)
[xUnit.net 00:00:00.79]            at Castle.DynamicProxy.ProxyGenerator.CreateClassProxyInstance(Type proxyType, List`1 proxyArguments, Type classToProxy, Object[] constructorArguments)
[xUnit.net 00:00:00.80]       System.ArgumentException : Can not instantiate proxy of class: Aula.Tools.AiToolsManager.
[xUnit.net 00:00:00.80]       Could not find a parameterless constructor. (Parameter 'constructorArguments')
[xUnit.net 00:00:00.80]       ---- System.MissingMethodException : Constructor on type 'Castle.Proxies.AiToolsManagerProxy' not found.
[xUnit.net 00:00:00.80]       Stack Trace:
[xUnit.net 00:00:00.80]            at Castle.DynamicProxy.ProxyGenerator.CreateClassProxyInstance(Type proxyType, List`1 proxyArguments, Type classToProxy, Object[] constructorArguments)
[xUnit.net 00:00:00.80]            at Castle.DynamicProxy.ProxyGenerator.CreateClassProxy(Type classToProxy, Type[] additionalInterfacesToProxy, ProxyGenerationOptions options, Object[] constructorArguments, IInterceptor[] interceptors)
[xUnit.net 00:00:00.80]         /_/src/Moq/Interception/CastleProxyFactory.cs(62,0): at Moq.CastleProxyFactory.CreateProxy(Type mockType, IInterceptor interceptor, Type[] interfaces, Object[] arguments)
[xUnit.net 00:00:00.80]         /_/src/Moq/Mock`1.cs(309,0): at Moq.Mock`1.InitializeInstance()
[xUnit.net 00:00:00.80]         /_/src/Moq/Mock`1.cs(323,0): at Moq.Mock`1.OnGetObject()
[xUnit.net 00:00:00.80]         /_/src/Moq/Mock.cs(181,0): at Moq.Mock.get_Object()
[xUnit.net 00:00:00.80]         /_/src/Moq/Mock`1.cs(281,0): at Moq.Mock`1.get_Object()
[xUnit.net 00:00:00.80]         /mnt/d/git/aula/src/Aula.Tests/Services/OpenAiServiceIntegrationTests.cs(130,0): at Aula.Tests.Services.OpenAiServiceIntegrationTests.AskQuestionAboutWeekLetterAsync_WithContextKey_WithNullWeekLetter_ThrowsArgumentNullException(ChatInterface chatInterface)
[xUnit.net 00:00:00.80]         --- End of stack trace from previous location ---
[xUnit.net 00:00:00.80]         ----- Inner Stack Trace -----
[xUnit.net 00:00:00.80]            at System.RuntimeType.CreateInstanceImpl(BindingFlags bindingAttr, Binder binder, Object[] args, CultureInfo culture)
[xUnit.net 00:00:00.80]            at Castle.DynamicProxy.ProxyGenerator.CreateClassProxyInstance(Type proxyType, List`1 proxyArguments, Type classToProxy, Object[] constructorArguments)
[xUnit.net 00:00:00.80]       System.ArgumentException : Can not instantiate proxy of class: Aula.Tools.AiToolsManager.
[xUnit.net 00:00:00.80]       Could not find a parameterless constructor. (Parameter 'constructorArguments')
[xUnit.net 00:00:00.80]       ---- System.MissingMethodException : Constructor on type 'Castle.Proxies.AiToolsManagerProxy' not found.
[xUnit.net 00:00:00.80]       Stack Trace:
[xUnit.net 00:00:00.80]            at Castle.DynamicProxy.ProxyGenerator.CreateClassProxyInstance(Type proxyType, List`1 proxyArguments, Type classToProxy, Object[] constructorArguments)
[xUnit.net 00:00:00.80]            at Castle.DynamicProxy.ProxyGenerator.CreateClassProxy(Type classToProxy, Type[] additionalInterfacesToProxy, ProxyGenerationOptions options, Object[] constructorArguments, IInterceptor[] interceptors)
[xUnit.net 00:00:00.80]         /_/src/Moq/Interception/CastleProxyFactory.cs(62,0): at Moq.CastleProxyFactory.CreateProxy(Type mockType, IInterceptor interceptor, Type[] interfaces, Object[] arguments)
[xUnit.net 00:00:00.80]         /_/src/Moq/Mock`1.cs(309,0): at Moq.Mock`1.InitializeInstance()
[xUnit.net 00:00:00.80]         /_/src/Moq/Mock`1.cs(323,0): at Moq.Mock`1.OnGetObject()
[xUnit.net 00:00:00.80]         /_/src/Moq/Mock.cs(181,0): at Moq.Mock.get_Object()
[xUnit.net 00:00:00.80]         /_/src/Moq/Mock`1.cs(281,0): at Moq.Mock`1.get_Object()
[xUnit.net 00:00:00.80]         /mnt/d/git/aula/src/Aula.Tests/Services/OpenAiServiceIntegrationTests.cs(130,0): at Aula.Tests.Services.OpenAiServiceIntegrationTests.AskQuestionAboutWeekLetterAsync_WithContextKey_WithNullWeekLetter_ThrowsArgumentNullException(ChatInterface chatInterface)
[xUnit.net 00:00:00.80]         --- End of stack trace from previous location ---
[xUnit.net 00:00:00.80]         ----- Inner Stack Trace -----
[xUnit.net 00:00:00.80]            at System.RuntimeType.CreateInstanceImpl(BindingFlags bindingAttr, Binder binder, Object[] args, CultureInfo culture)
[xUnit.net 00:00:00.80]            at Castle.DynamicProxy.ProxyGenerator.CreateClassProxyInstance(Type proxyType, List`1 proxyArguments, Type classToProxy, Object[] constructorArguments)
[xUnit.net 00:00:00.80]       System.ArgumentException : Can not instantiate proxy of class: Aula.Tools.AiToolsManager.
[xUnit.net 00:00:00.80]       Could not find a parameterless constructor. (Parameter 'constructorArguments')
[xUnit.net 00:00:00.80]       ---- System.MissingMethodException : Constructor on type 'Castle.Proxies.AiToolsManagerProxy' not found.
[xUnit.net 00:00:00.80]       Stack Trace:
[xUnit.net 00:00:00.80]            at Castle.DynamicProxy.ProxyGenerator.CreateClassProxyInstance(Type proxyType, List`1 proxyArguments, Type classToProxy, Object[] constructorArguments)
[xUnit.net 00:00:00.80]            at Castle.DynamicProxy.ProxyGenerator.CreateClassProxy(Type classToProxy, Type[] additionalInterfacesToProxy, ProxyGenerationOptions options, Object[] constructorArguments, IInterceptor[] interceptors)
[xUnit.net 00:00:00.80]         /_/src/Moq/Interception/CastleProxyFactory.cs(62,0): at Moq.CastleProxyFactory.CreateProxy(Type mockType, IInterceptor interceptor, Type[] interfaces, Object[] arguments)
[xUnit.net 00:00:00.80]         /_/src/Moq/Mock`1.cs(309,0): at Moq.Mock`1.InitializeInstance()
[xUnit.net 00:00:00.80]         /_/src/Moq/Mock`1.cs(323,0): at Moq.Mock`1.OnGetObject()
[xUnit.net 00:00:00.80]         /_/src/Moq/Mock.cs(181,0): at Moq.Mock.get_Object()
[xUnit.net 00:00:00.80]         /_/src/Moq/Mock`1.cs(281,0): at Moq.Mock`1.get_Object()
[xUnit.net 00:00:00.80]         /mnt/d/git/aula/src/Aula.Tests/Services/OpenAiServiceIntegrationTests.cs(108,0): at Aula.Tests.Services.OpenAiServiceIntegrationTests.SummarizeWeekLetterAsync_WithNullWeekLetter_ThrowsArgumentNullException(ChatInterface chatInterface)
[xUnit.net 00:00:00.80]         --- End of stack trace from previous location ---
[xUnit.net 00:00:00.80]         ----- Inner Stack Trace -----
[xUnit.net 00:00:00.80]            at System.RuntimeType.CreateInstanceImpl(BindingFlags bindingAttr, Binder binder, Object[] args, CultureInfo culture)
[xUnit.net 00:00:00.80]            at Castle.DynamicProxy.ProxyGenerator.CreateClassProxyInstance(Type proxyType, List`1 proxyArguments, Type classToProxy, Object[] constructorArguments)
[xUnit.net 00:00:00.81]       System.ArgumentException : Can not instantiate proxy of class: Aula.Tools.AiToolsManager.
[xUnit.net 00:00:00.81]       Could not find a parameterless constructor. (Parameter 'constructorArguments')
[xUnit.net 00:00:00.81]       ---- System.MissingMethodException : Constructor on type 'Castle.Proxies.AiToolsManagerProxy' not found.
[xUnit.net 00:00:00.81]       Stack Trace:
[xUnit.net 00:00:00.81]            at Castle.DynamicProxy.ProxyGenerator.CreateClassProxyInstance(Type proxyType, List`1 proxyArguments, Type classToProxy, Object[] constructorArguments)
[xUnit.net 00:00:00.81]            at Castle.DynamicProxy.ProxyGenerator.CreateClassProxy(Type classToProxy, Type[] additionalInterfacesToProxy, ProxyGenerationOptions options, Object[] constructorArguments, IInterceptor[] interceptors)
[xUnit.net 00:00:00.81]         /_/src/Moq/Interception/CastleProxyFactory.cs(62,0): at Moq.CastleProxyFactory.CreateProxy(Type mockType, IInterceptor interceptor, Type[] interfaces, Object[] arguments)
[xUnit.net 00:00:00.83]         /_/src/Moq/Mock`1.cs(309,0): at Moq.Mock`1.InitializeInstance()
[xUnit.net 00:00:00.83]         /_/src/Moq/Mock`1.cs(323,0): at Moq.Mock`1.OnGetObject()
[xUnit.net 00:00:00.83]         /_/src/Moq/Mock.cs(181,0): at Moq.Mock.get_Object()
[xUnit.net 00:00:00.83]         /_/src/Moq/Mock`1.cs(281,0): at Moq.Mock`1.get_Object()
[xUnit.net 00:00:00.83]         /mnt/d/git/aula/src/Aula.Tests/Services/OpenAiServiceIntegrationTests.cs(108,0): at Aula.Tests.Services.OpenAiServiceIntegrationTests.SummarizeWeekLetterAsync_WithNullWeekLetter_ThrowsArgumentNullException(ChatInterface chatInterface)
[xUnit.net 00:00:00.83]         --- End of stack trace from previous location ---
[xUnit.net 00:00:00.83]         ----- Inner Stack Trace -----
[xUnit.net 00:00:00.83]            at System.RuntimeType.CreateInstanceImpl(BindingFlags bindingAttr, Binder binder, Object[] args, CultureInfo culture)
[xUnit.net 00:00:00.83]            at Castle.DynamicProxy.ProxyGenerator.CreateClassProxyInstance(Type proxyType, List`1 proxyArguments, Type classToProxy, Object[] constructorArguments)
[xUnit.net 00:00:00.86]       System.ArgumentException : Can not instantiate proxy of class: Aula.Tools.AiToolsManager.
[xUnit.net 00:00:00.86]       Could not find a parameterless constructor. (Parameter 'constructorArguments')
[xUnit.net 00:00:00.86]       ---- System.MissingMethodException : Constructor on type 'Castle.Proxies.AiToolsManagerProxy' not found.
[xUnit.net 00:00:00.86]       Stack Trace:
[xUnit.net 00:00:00.86]            at Castle.DynamicProxy.ProxyGenerator.CreateClassProxyInstance(Type proxyType, List`1 proxyArguments, Type classToProxy, Object[] constructorArguments)
[xUnit.net 00:00:00.86]            at Castle.DynamicProxy.ProxyGenerator.CreateClassProxy(Type classToProxy, Type[] additionalInterfacesToProxy, ProxyGenerationOptions options, Object[] constructorArguments, IInterceptor[] interceptors)
[xUnit.net 00:00:00.86]         /_/src/Moq/Interception/CastleProxyFactory.cs(62,0): at Moq.CastleProxyFactory.CreateProxy(Type mockType, IInterceptor interceptor, Type[] interfaces, Object[] arguments)
[xUnit.net 00:00:00.86]         /_/src/Moq/Mock`1.cs(309,0): at Moq.Mock`1.InitializeInstance()
[xUnit.net 00:00:00.86]         /_/src/Moq/Mock`1.cs(323,0): at Moq.Mock`1.OnGetObject()
[xUnit.net 00:00:00.86]         /_/src/Moq/Mock.cs(181,0): at Moq.Mock.get_Object()
[xUnit.net 00:00:00.86]         /_/src/Moq/Mock`1.cs(281,0): at Moq.Mock`1.get_Object()
[xUnit.net 00:00:00.86]         /mnt/d/git/aula/src/Aula.Tests/Services/OpenAiServiceIntegrationTests.cs(269,0): at Aula.Tests.Services.OpenAiServiceIntegrationTests.AskQuestionAboutChildrenAsync_WithValidParameters_CallsApiWithCorrectParameters()
[xUnit.net 00:00:00.86]         --- End of stack trace from previous location ---
[xUnit.net 00:00:00.86]         ----- Inner Stack Trace -----
[xUnit.net 00:00:00.86]            at System.RuntimeType.CreateInstanceImpl(BindingFlags bindingAttr, Binder binder, Object[] args, CultureInfo culture)
[xUnit.net 00:00:00.86]            at Castle.DynamicProxy.ProxyGenerator.CreateClassProxyInstance(Type proxyType, List`1 proxyArguments, Type classToProxy, Object[] constructorArguments)
[xUnit.net 00:00:00.86]       Assert.Equal() Failure: Strings differ
[xUnit.net 00:00:00.86]                  ↓ (pos 0)
[xUnit.net 00:00:00.86]       Expected: "apiKey"
[xUnit.net 00:00:00.86]       Actual:   "constructorArguments"
[xUnit.net 00:00:00.86]                  ↑ (pos 0)
[xUnit.net 00:00:00.86]       Stack Trace:
[xUnit.net 00:00:00.86]         /mnt/d/git/aula/src/Aula.Tests/Services/OpenAiServiceIntegrationTests.cs(49,0): at Aula.Tests.Services.OpenAiServiceIntegrationTests.Constructor_WithEmptyApiKey_ThrowsArgumentException()
[xUnit.net 00:00:00.86]            at System.RuntimeMethodHandle.InvokeMethod(Object target, Void** arguments, Signature sig, Boolean isConstructor)
[xUnit.net 00:00:00.86]            at System.Reflection.MethodBaseInvoker.InvokeWithNoArgs(Object obj, BindingFlags invokeAttr)
[xUnit.net 00:00:00.86]       System.ArgumentException : Can not instantiate proxy of class: Aula.Tools.AiToolsManager.
[xUnit.net 00:00:00.86]       Could not find a parameterless constructor. (Parameter 'constructorArguments')
[xUnit.net 00:00:00.86]       ---- System.MissingMethodException : Constructor on type 'Castle.Proxies.AiToolsManagerProxy' not found.
[xUnit.net 00:00:00.86]       Stack Trace:
[xUnit.net 00:00:00.86]            at Castle.DynamicProxy.ProxyGenerator.CreateClassProxyInstance(Type proxyType, List`1 proxyArguments, Type classToProxy, Object[] constructorArguments)
[xUnit.net 00:00:00.86]            at Castle.DynamicProxy.ProxyGenerator.CreateClassProxy(Type classToProxy, Type[] additionalInterfacesToProxy, ProxyGenerationOptions options, Object[] constructorArguments, IInterceptor[] interceptors)
[xUnit.net 00:00:00.86]         /_/src/Moq/Interception/CastleProxyFactory.cs(62,0): at Moq.CastleProxyFactory.CreateProxy(Type mockType, IInterceptor interceptor, Type[] interfaces, Object[] arguments)
[xUnit.net 00:00:00.86]         /_/src/Moq/Mock`1.cs(309,0): at Moq.Mock`1.InitializeInstance()
[xUnit.net 00:00:00.86]         /_/src/Moq/Mock`1.cs(323,0): at Moq.Mock`1.OnGetObject()
[xUnit.net 00:00:00.86]         /_/src/Moq/Mock.cs(181,0): at Moq.Mock.get_Object()
[xUnit.net 00:00:00.86]         /_/src/Moq/Mock`1.cs(281,0): at Moq.Mock`1.get_Object()
[xUnit.net 00:00:00.86]         /mnt/d/git/aula/src/Aula.Tests/Services/OpenAiServiceIntegrationTests.cs(32,0): at Aula.Tests.Services.OpenAiServiceIntegrationTests.Constructor_WithValidParameters_InitializesCorrectly()
[xUnit.net 00:00:00.86]            at System.RuntimeMethodHandle.InvokeMethod(Object target, Void** arguments, Signature sig, Boolean isConstructor)
[xUnit.net 00:00:00.86]            at System.Reflection.MethodBaseInvoker.InvokeWithNoArgs(Object obj, BindingFlags invokeAttr)
[xUnit.net 00:00:00.86]         ----- Inner Stack Trace -----
[xUnit.net 00:00:00.86]            at System.RuntimeType.CreateInstanceImpl(BindingFlags bindingAttr, Binder binder, Object[] args, CultureInfo culture)
[xUnit.net 00:00:00.86]            at Castle.DynamicProxy.ProxyGenerator.CreateClassProxyInstance(Type proxyType, List`1 proxyArguments, Type classToProxy, Object[] constructorArguments)
[xUnit.net 00:00:00.87]       System.ArgumentException : Can not instantiate proxy of class: Aula.Tools.AiToolsManager.
[xUnit.net 00:00:00.87]       Could not find a parameterless constructor. (Parameter 'constructorArguments')
[xUnit.net 00:00:00.87]       ---- System.MissingMethodException : Constructor on type 'Castle.Proxies.AiToolsManagerProxy' not found.
[xUnit.net 00:00:00.87]       Stack Trace:
[xUnit.net 00:00:00.87]            at Castle.DynamicProxy.ProxyGenerator.CreateClassProxyInstance(Type proxyType, List`1 proxyArguments, Type classToProxy, Object[] constructorArguments)
[xUnit.net 00:00:00.87]            at Castle.DynamicProxy.ProxyGenerator.CreateClassProxy(Type classToProxy, Type[] additionalInterfacesToProxy, ProxyGenerationOptions options, Object[] constructorArguments, IInterceptor[] interceptors)
[xUnit.net 00:00:00.87]         /_/src/Moq/Interception/CastleProxyFactory.cs(62,0): at Moq.CastleProxyFactory.CreateProxy(Type mockType, IInterceptor interceptor, Type[] interfaces, Object[] arguments)
[xUnit.net 00:00:00.87]         /_/src/Moq/Mock`1.cs(309,0): at Moq.Mock`1.InitializeInstance()
[xUnit.net 00:00:00.87]         /_/src/Moq/Mock`1.cs(323,0): at Moq.Mock`1.OnGetObject()
[xUnit.net 00:00:00.87]         /_/src/Moq/Mock.cs(181,0): at Moq.Mock.get_Object()
[xUnit.net 00:00:00.87]         /_/src/Moq/Mock`1.cs(281,0): at Moq.Mock`1.get_Object()
[xUnit.net 00:00:00.87]         /mnt/d/git/aula/src/Aula.Tests/Services/OpenAiServiceIntegrationTests.cs(307,0): at Aula.Tests.Services.OpenAiServiceIntegrationTests.ProcessQueryWithToolsAsync_WithValidParameters_CallsApiWithCorrectParameters()
[xUnit.net 00:00:00.87]         --- End of stack trace from previous location ---
[xUnit.net 00:00:00.87]         ----- Inner Stack Trace -----
[xUnit.net 00:00:00.87]            at System.RuntimeType.CreateInstanceImpl(BindingFlags bindingAttr, Binder binder, Object[] args, CultureInfo culture)
[xUnit.net 00:00:00.87]            at Castle.DynamicProxy.ProxyGenerator.CreateClassProxyInstance(Type proxyType, List`1 proxyArguments, Type classToProxy, Object[] constructorArguments)
[xUnit.net 00:00:00.87]       System.ArgumentException : Can not instantiate proxy of class: Aula.Tools.AiToolsManager.
[xUnit.net 00:00:00.87]       Could not find a parameterless constructor. (Parameter 'constructorArguments')
[xUnit.net 00:00:00.87]       ---- System.MissingMethodException : Constructor on type 'Castle.Proxies.AiToolsManagerProxy' not found.
[xUnit.net 00:00:00.87]       Stack Trace:
[xUnit.net 00:00:00.87]            at Castle.DynamicProxy.ProxyGenerator.CreateClassProxyInstance(Type proxyType, List`1 proxyArguments, Type classToProxy, Object[] constructorArguments)
[xUnit.net 00:00:00.87]            at Castle.DynamicProxy.ProxyGenerator.CreateClassProxy(Type classToProxy, Type[] additionalInterfacesToProxy, ProxyGenerationOptions options, Object[] constructorArguments, IInterceptor[] interceptors)
[xUnit.net 00:00:00.87]         /_/src/Moq/Interception/CastleProxyFactory.cs(62,0): at Moq.CastleProxyFactory.CreateProxy(Type mockType, IInterceptor interceptor, Type[] interfaces, Object[] arguments)
[xUnit.net 00:00:00.87]         /_/src/Moq/Mock`1.cs(309,0): at Moq.Mock`1.InitializeInstance()
[xUnit.net 00:00:00.87]         /_/src/Moq/Mock`1.cs(323,0): at Moq.Mock`1.OnGetObject()
[xUnit.net 00:00:00.87]         /_/src/Moq/Mock.cs(181,0): at Moq.Mock.get_Object()
[xUnit.net 00:00:00.87]         /_/src/Moq/Mock`1.cs(281,0): at Moq.Mock`1.get_Object()
[xUnit.net 00:00:00.88]         /mnt/d/git/aula/src/Aula.Tests/Services/OpenAiServiceIntegrationTests.cs(215,0): at Aula.Tests.Services.OpenAiServiceIntegrationTests.AskQuestionAboutWeekLetterAsync_WithValidParameters_CallsApiWithCorrectParameters()
[xUnit.net 00:00:00.88]         --- End of stack trace from previous location ---
[xUnit.net 00:00:00.88]         ----- Inner Stack Trace -----
[xUnit.net 00:00:00.88]            at System.RuntimeType.CreateInstanceImpl(BindingFlags bindingAttr, Binder binder, Object[] args, CultureInfo culture)
[xUnit.net 00:00:00.88]            at Castle.DynamicProxy.ProxyGenerator.CreateClassProxyInstance(Type proxyType, List`1 proxyArguments, Type classToProxy, Object[] constructorArguments)
[xUnit.net 00:00:00.88]       System.NotSupportedException : Unsupported expression: u =&gt; u.Id&#xD;
[xUnit.net 00:00:00.88]       Non-overridable members (here: User.get_Id) may not be used in setup / verification expressions.
[xUnit.net 00:00:00.88]       Stack Trace:
[xUnit.net 00:00:00.88]         /_/src/Moq/Guard.cs(99,0): at Moq.Guard.IsOverridable(MethodInfo method, Expression expression)
[xUnit.net 00:00:00.88]         /_/src/Moq/MethodExpectation.cs(87,0): at Moq.MethodExpectation..ctor(LambdaExpression expression, MethodInfo method, IReadOnlyList`1 arguments, Boolean exactGenericTypeArguments, Boolean skipMatcherInitialization, Boolean allowNonOverridable)
[xUnit.net 00:00:00.88]         /_/src/Moq/ExpressionExtensions.cs(326,0): at Moq.ExpressionExtensions.&lt;Split&gt;g__Split|5_0(Expression e, Expression&amp; r, MethodExpectation&amp; p, Boolean assignment, Boolean allowNonOverridableLastProperty)
[xUnit.net 00:00:00.88]         /_/src/Moq/ExpressionExtensions.cs(149,0): at Moq.ExpressionExtensions.Split(LambdaExpression expression, Boolean allowNonOverridableLastProperty)
[xUnit.net 00:00:00.88]         /_/src/Moq/Mock.cs(645,0): at Moq.Mock.SetupRecursive[TSetup](Mock mock, LambdaExpression expression, Func`4 setupLast, Boolean allowNonOverridableLastProperty)
[xUnit.net 00:00:00.88]         /_/src/Moq/Mock.cs(500,0): at Moq.Mock.Setup(Mock mock, LambdaExpression expression, Condition condition)
[xUnit.net 00:00:00.88]         /_/src/Moq/Mock.cs(518,0): at Moq.Mock.SetupGet(Mock mock, LambdaExpression expression, Condition condition)
[xUnit.net 00:00:00.88]         /_/src/Moq/Mock`1.cs(473,0): at Moq.Mock`1.SetupGet[TProperty](Expression`1 expression)
[xUnit.net 00:00:00.88]         /mnt/d/git/aula/src/Aula.Tests/Bots/TelegramTestMessageFactory.cs(18,0): at Aula.Tests.Bots.TelegramTestMessageFactory.CreateTextMessage(Int64 chatId, String text, ChatType chatType, Int32 messageId, String firstName, String username)
[xUnit.net 00:00:00.88]         /mnt/d/git/aula/src/Aula.Tests/Bots/TelegramMessageHandlerTests.cs(275,0): at Aula.Tests.Bots.TelegramMessageHandlerTests.HandleMessageAsync_WithHelpCommand_ProcessesHelpMessage(String helpCommand)
[xUnit.net 00:00:00.88]         --- End of stack trace from previous location ---
[xUnit.net 00:00:00.89]       System.ArgumentException : Can not instantiate proxy of class: Aula.Tools.AiToolsManager.
[xUnit.net 00:00:00.89]       Could not find a parameterless constructor. (Parameter 'constructorArguments')
[xUnit.net 00:00:00.89]       ---- System.MissingMethodException : Constructor on type 'Castle.Proxies.AiToolsManagerProxy' not found.
[xUnit.net 00:00:00.89]       Stack Trace:
[xUnit.net 00:00:00.89]            at Castle.DynamicProxy.ProxyGenerator.CreateClassProxyInstance(Type proxyType, List`1 proxyArguments, Type classToProxy, Object[] constructorArguments)
[xUnit.net 00:00:00.89]            at Castle.DynamicProxy.ProxyGenerator.CreateClassProxy(Type classToProxy, Type[] additionalInterfacesToProxy, ProxyGenerationOptions options, Object[] constructorArguments, IInterceptor[] interceptors)
[xUnit.net 00:00:00.89]         /_/src/Moq/Interception/CastleProxyFactory.cs(62,0): at Moq.CastleProxyFactory.CreateProxy(Type mockType, IInterceptor interceptor, Type[] interfaces, Object[] arguments)
[xUnit.net 00:00:00.89]         /_/src/Moq/Mock`1.cs(309,0): at Moq.Mock`1.InitializeInstance()
[xUnit.net 00:00:00.89]         /_/src/Moq/Mock`1.cs(323,0): at Moq.Mock`1.OnGetObject()
[xUnit.net 00:00:00.89]         /_/src/Moq/Mock.cs(181,0): at Moq.Mock.get_Object()
[xUnit.net 00:00:00.89]         /_/src/Moq/Mock`1.cs(281,0): at Moq.Mock`1.get_Object()
[xUnit.net 00:00:00.89]         /mnt/d/git/aula/src/Aula.Tests/Services/OpenAiServiceIntegrationTests.cs(339,0): at Aula.Tests.Services.OpenAiServiceIntegrationTests.MultipleConversations_WithDifferentContextKeys_AreHandledSeparately()
[xUnit.net 00:00:00.89]            at System.RuntimeMethodHandle.InvokeMethod(Object target, Void** arguments, Signature sig, Boolean isConstructor)
[xUnit.net 00:00:00.89]            at System.Reflection.MethodBaseInvoker.InvokeWithNoArgs(Object obj, BindingFlags invokeAttr)
[xUnit.net 00:00:00.89]         ----- Inner Stack Trace -----
[xUnit.net 00:00:00.89]            at System.RuntimeType.CreateInstanceImpl(BindingFlags bindingAttr, Binder binder, Object[] args, CultureInfo culture)
[xUnit.net 00:00:00.89]            at Castle.DynamicProxy.ProxyGenerator.CreateClassProxyInstance(Type proxyType, List`1 proxyArguments, Type classToProxy, Object[] constructorArguments)
[xUnit.net 00:00:00.89]       System.NotSupportedException : Unsupported expression: u =&gt; u.Id&#xD;
[xUnit.net 00:00:00.89]       Non-overridable members (here: User.get_Id) may not be used in setup / verification expressions.
[xUnit.net 00:00:00.89]       Stack Trace:
[xUnit.net 00:00:00.89]         /_/src/Moq/Guard.cs(99,0): at Moq.Guard.IsOverridable(MethodInfo method, Expression expression)
[xUnit.net 00:00:00.89]         /_/src/Moq/MethodExpectation.cs(87,0): at Moq.MethodExpectation..ctor(LambdaExpression expression, MethodInfo method, IReadOnlyList`1 arguments, Boolean exactGenericTypeArguments, Boolean skipMatcherInitialization, Boolean allowNonOverridable)
[xUnit.net 00:00:00.89]         /_/src/Moq/ExpressionExtensions.cs(326,0): at Moq.ExpressionExtensions.&lt;Split&gt;g__Split|5_0(Expression e, Expression&amp; r, MethodExpectation&amp; p, Boolean assignment, Boolean allowNonOverridableLastProperty)
[xUnit.net 00:00:00.89]         /_/src/Moq/ExpressionExtensions.cs(149,0): at Moq.ExpressionExtensions.Split(LambdaExpression expression, Boolean allowNonOverridableLastProperty)
[xUnit.net 00:00:00.89]         /_/src/Moq/Mock.cs(645,0): at Moq.Mock.SetupRecursive[TSetup](Mock mock, LambdaExpression expression, Func`4 setupLast, Boolean allowNonOverridableLastProperty)
[xUnit.net 00:00:00.89]         /_/src/Moq/Mock.cs(500,0): at Moq.Mock.Setup(Mock mock, LambdaExpression expression, Condition condition)
[xUnit.net 00:00:00.89]         /_/src/Moq/Mock.cs(518,0): at Moq.Mock.SetupGet(Mock mock, LambdaExpression expression, Condition condition)
[xUnit.net 00:00:00.89]         /_/src/Moq/Mock`1.cs(473,0): at Moq.Mock`1.SetupGet[TProperty](Expression`1 expression)
[xUnit.net 00:00:00.89]         /mnt/d/git/aula/src/Aula.Tests/Bots/TelegramTestMessageFactory.cs(18,0): at Aula.Tests.Bots.TelegramTestMessageFactory.CreateTextMessage(Int64 chatId, String text, ChatType chatType, Int32 messageId, String firstName, String username)
[xUnit.net 00:00:00.89]         /mnt/d/git/aula/src/Aula.Tests/Bots/TelegramMessageHandlerTests.cs(275,0): at Aula.Tests.Bots.TelegramMessageHandlerTests.HandleMessageAsync_WithHelpCommand_ProcessesHelpMessage(String helpCommand)
[xUnit.net 00:00:00.89]         --- End of stack trace from previous location ---
[xUnit.net 00:00:00.89]       System.NotSupportedException : Unsupported expression: u =&gt; u.Id&#xD;
[xUnit.net 00:00:00.89]       Non-overridable members (here: User.get_Id) may not be used in setup / verification expressions.
[xUnit.net 00:00:00.89]       Stack Trace:
[xUnit.net 00:00:00.89]         /_/src/Moq/Guard.cs(99,0): at Moq.Guard.IsOverridable(MethodInfo method, Expression expression)
[xUnit.net 00:00:00.89]         /_/src/Moq/MethodExpectation.cs(87,0): at Moq.MethodExpectation..ctor(LambdaExpression expression, MethodInfo method, IReadOnlyList`1 arguments, Boolean exactGenericTypeArguments, Boolean skipMatcherInitialization, Boolean allowNonOverridable)
[xUnit.net 00:00:00.89]         /_/src/Moq/ExpressionExtensions.cs(326,0): at Moq.ExpressionExtensions.&lt;Split&gt;g__Split|5_0(Expression e, Expression&amp; r, MethodExpectation&amp; p, Boolean assignment, Boolean allowNonOverridableLastProperty)
[xUnit.net 00:00:00.89]         /_/src/Moq/ExpressionExtensions.cs(149,0): at Moq.ExpressionExtensions.Split(LambdaExpression expression, Boolean allowNonOverridableLastProperty)
[xUnit.net 00:00:00.89]         /_/src/Moq/Mock.cs(645,0): at Moq.Mock.SetupRecursive[TSetup](Mock mock, LambdaExpression expression, Func`4 setupLast, Boolean allowNonOverridableLastProperty)
[xUnit.net 00:00:00.89]         /_/src/Moq/Mock.cs(500,0): at Moq.Mock.Setup(Mock mock, LambdaExpression expression, Condition condition)
[xUnit.net 00:00:00.89]         /_/src/Moq/Mock.cs(518,0): at Moq.Mock.SetupGet(Mock mock, LambdaExpression expression, Condition condition)
[xUnit.net 00:00:00.89]         /_/src/Moq/Mock`1.cs(473,0): at Moq.Mock`1.SetupGet[TProperty](Expression`1 expression)
[xUnit.net 00:00:00.89]         /mnt/d/git/aula/src/Aula.Tests/Bots/TelegramTestMessageFactory.cs(18,0): at Aula.Tests.Bots.TelegramTestMessageFactory.CreateTextMessage(Int64 chatId, String text, ChatType chatType, Int32 messageId, String firstName, String username)
[xUnit.net 00:00:00.89]         /mnt/d/git/aula/src/Aula.Tests/Bots/TelegramMessageHandlerTests.cs(275,0): at Aula.Tests.Bots.TelegramMessageHandlerTests.HandleMessageAsync_WithHelpCommand_ProcessesHelpMessage(String helpCommand)
[xUnit.net 00:00:00.89]         --- End of stack trace from previous location ---
[xUnit.net 00:00:00.90]       System.NotSupportedException : Unsupported expression: u =&gt; u.Id&#xD;
[xUnit.net 00:00:00.90]       Non-overridable members (here: User.get_Id) may not be used in setup / verification expressions.
[xUnit.net 00:00:00.90]       Stack Trace:
[xUnit.net 00:00:00.90]         /_/src/Moq/Guard.cs(99,0): at Moq.Guard.IsOverridable(MethodInfo method, Expression expression)
[xUnit.net 00:00:00.90]         /_/src/Moq/MethodExpectation.cs(87,0): at Moq.MethodExpectation..ctor(LambdaExpression expression, MethodInfo method, IReadOnlyList`1 arguments, Boolean exactGenericTypeArguments, Boolean skipMatcherInitialization, Boolean allowNonOverridable)
[xUnit.net 00:00:00.90]         /_/src/Moq/ExpressionExtensions.cs(326,0): at Moq.ExpressionExtensions.&lt;Split&gt;g__Split|5_0(Expression e, Expression&amp; r, MethodExpectation&amp; p, Boolean assignment, Boolean allowNonOverridableLastProperty)
[xUnit.net 00:00:00.90]         /_/src/Moq/ExpressionExtensions.cs(149,0): at Moq.ExpressionExtensions.Split(LambdaExpression expression, Boolean allowNonOverridableLastProperty)
[xUnit.net 00:00:00.90]         /_/src/Moq/Mock.cs(645,0): at Moq.Mock.SetupRecursive[TSetup](Mock mock, LambdaExpression expression, Func`4 setupLast, Boolean allowNonOverridableLastProperty)
[xUnit.net 00:00:00.90]         /_/src/Moq/Mock.cs(500,0): at Moq.Mock.Setup(Mock mock, LambdaExpression expression, Condition condition)
[xUnit.net 00:00:00.90]         /_/src/Moq/Mock.cs(518,0): at Moq.Mock.SetupGet(Mock mock, LambdaExpression expression, Condition condition)
[xUnit.net 00:00:00.91]         /_/src/Moq/Mock`1.cs(473,0): at Moq.Mock`1.SetupGet[TProperty](Expression`1 expression)
[xUnit.net 00:00:00.91]         /mnt/d/git/aula/src/Aula.Tests/Bots/TelegramTestMessageFactory.cs(18,0): at Aula.Tests.Bots.TelegramTestMessageFactory.CreateTextMessage(Int64 chatId, String text, ChatType chatType, Int32 messageId, String firstName, String username)
[xUnit.net 00:00:00.91]         /mnt/d/git/aula/src/Aula.Tests/Bots/TelegramMessageHandlerTests.cs(275,0): at Aula.Tests.Bots.TelegramMessageHandlerTests.HandleMessageAsync_WithHelpCommand_ProcessesHelpMessage(String helpCommand)
[xUnit.net 00:00:00.91]         --- End of stack trace from previous location ---
[xUnit.net 00:00:00.91]       System.ArgumentException : Can not instantiate proxy of class: Aula.Tools.AiToolsManager.
[xUnit.net 00:00:00.91]       Could not find a parameterless constructor. (Parameter 'constructorArguments')
[xUnit.net 00:00:00.91]       ---- System.MissingMethodException : Constructor on type 'Castle.Proxies.AiToolsManagerProxy' not found.
[xUnit.net 00:00:00.91]       Stack Trace:
[xUnit.net 00:00:00.91]            at Castle.DynamicProxy.ProxyGenerator.CreateClassProxyInstance(Type proxyType, List`1 proxyArguments, Type classToProxy, Object[] constructorArguments)
[xUnit.net 00:00:00.91]            at Castle.DynamicProxy.ProxyGenerator.CreateClassProxy(Type classToProxy, Type[] additionalInterfacesToProxy, ProxyGenerationOptions options, Object[] constructorArguments, IInterceptor[] interceptors)
[xUnit.net 00:00:00.91]         /_/src/Moq/Interception/CastleProxyFactory.cs(62,0): at Moq.CastleProxyFactory.CreateProxy(Type mockType, IInterceptor interceptor, Type[] interfaces, Object[] arguments)
[xUnit.net 00:00:00.91]         /_/src/Moq/Mock`1.cs(309,0): at Moq.Mock`1.InitializeInstance()
[xUnit.net 00:00:00.91]         /_/src/Moq/Mock`1.cs(323,0): at Moq.Mock`1.OnGetObject()
[xUnit.net 00:00:00.91]         /_/src/Moq/Mock.cs(181,0): at Moq.Mock.get_Object()
[xUnit.net 00:00:00.91]         /_/src/Moq/Mock`1.cs(281,0): at Moq.Mock`1.get_Object()
[xUnit.net 00:00:00.91]         /mnt/d/git/aula/src/Aula.Tests/Services/OpenAiServiceIntegrationTests.cs(185,0): at Aula.Tests.Services.OpenAiServiceIntegrationTests.SummarizeWeekLetterAsync_WithValidWeekLetter_CallsApiWithCorrectParameters()
[xUnit.net 00:00:00.91]         --- End of stack trace from previous location ---
[xUnit.net 00:00:00.91]         ----- Inner Stack Trace -----
[xUnit.net 00:00:00.91]            at System.RuntimeType.CreateInstanceImpl(BindingFlags bindingAttr, Binder binder, Object[] args, CultureInfo culture)
[xUnit.net 00:00:00.91]            at Castle.DynamicProxy.ProxyGenerator.CreateClassProxyInstance(Type proxyType, List`1 proxyArguments, Type classToProxy, Object[] constructorArguments)
[xUnit.net 00:00:00.91]       System.NotSupportedException : Unsupported expression: u =&gt; u.Id&#xD;
[xUnit.net 00:00:00.91]       Non-overridable members (here: User.get_Id) may not be used in setup / verification expressions.
[xUnit.net 00:00:00.91]       Stack Trace:
[xUnit.net 00:00:00.91]         /_/src/Moq/Guard.cs(99,0): at Moq.Guard.IsOverridable(MethodInfo method, Expression expression)
[xUnit.net 00:00:00.91]         /_/src/Moq/MethodExpectation.cs(87,0): at Moq.MethodExpectation..ctor(LambdaExpression expression, MethodInfo method, IReadOnlyList`1 arguments, Boolean exactGenericTypeArguments, Boolean skipMatcherInitialization, Boolean allowNonOverridable)
[xUnit.net 00:00:00.91]         /_/src/Moq/ExpressionExtensions.cs(326,0): at Moq.ExpressionExtensions.&lt;Split&gt;g__Split|5_0(Expression e, Expression&amp; r, MethodExpectation&amp; p, Boolean assignment, Boolean allowNonOverridableLastProperty)
[xUnit.net 00:00:00.91]         /_/src/Moq/ExpressionExtensions.cs(149,0): at Moq.ExpressionExtensions.Split(LambdaExpression expression, Boolean allowNonOverridableLastProperty)
[xUnit.net 00:00:00.91]         /_/src/Moq/Mock.cs(645,0): at Moq.Mock.SetupRecursive[TSetup](Mock mock, LambdaExpression expression, Func`4 setupLast, Boolean allowNonOverridableLastProperty)
[xUnit.net 00:00:00.91]         /_/src/Moq/Mock.cs(500,0): at Moq.Mock.Setup(Mock mock, LambdaExpression expression, Condition condition)
[xUnit.net 00:00:00.91]         /_/src/Moq/Mock.cs(518,0): at Moq.Mock.SetupGet(Mock mock, LambdaExpression expression, Condition condition)
[xUnit.net 00:00:00.91]         /_/src/Moq/Mock`1.cs(473,0): at Moq.Mock`1.SetupGet[TProperty](Expression`1 expression)
[xUnit.net 00:00:00.91]         /mnt/d/git/aula/src/Aula.Tests/Bots/TelegramTestMessageFactory.cs(18,0): at Aula.Tests.Bots.TelegramTestMessageFactory.CreateTextMessage(Int64 chatId, String text, ChatType chatType, Int32 messageId, String firstName, String username)
[xUnit.net 00:00:00.91]         /mnt/d/git/aula/src/Aula.Tests/Bots/TelegramMessageHandlerTests.cs(229,0): at Aula.Tests.Bots.TelegramMessageHandlerTests.HandleMessageAsync_WithEmptyText_ReturnsEarly()
[xUnit.net 00:00:00.91]         --- End of stack trace from previous location ---
[xUnit.net 00:00:00.92]       Assert.Throws() Failure: Exception type was not an exact match
[xUnit.net 00:00:00.92]       Expected: typeof(System.ArgumentNullException)
[xUnit.net 00:00:00.92]       Actual:   typeof(System.ArgumentException)
[xUnit.net 00:00:00.92]       ---- System.ArgumentException : Can not instantiate proxy of class: Aula.Tools.AiToolsManager.
[xUnit.net 00:00:00.92]       Could not find a parameterless constructor. (Parameter 'constructorArguments')
[xUnit.net 00:00:00.92]       -------- System.MissingMethodException : Constructor on type 'Castle.Proxies.AiToolsManagerProxy' not found.
[xUnit.net 00:00:00.92]       Stack Trace:
[xUnit.net 00:00:00.92]         /mnt/d/git/aula/src/Aula.Tests/Services/OpenAiServiceIntegrationTests.cs(63,0): at Aula.Tests.Services.OpenAiServiceIntegrationTests.Constructor_WithNullLoggerFactory_ThrowsArgumentNullException()
[xUnit.net 00:00:00.92]            at System.RuntimeMethodHandle.InvokeMethod(Object target, Void** arguments, Signature sig, Boolean isConstructor)
[xUnit.net 00:00:00.92]            at System.Reflection.MethodBaseInvoker.InvokeWithNoArgs(Object obj, BindingFlags invokeAttr)
[xUnit.net 00:00:00.92]         ----- Inner Stack Trace -----
[xUnit.net 00:00:00.92]            at Castle.DynamicProxy.ProxyGenerator.CreateClassProxyInstance(Type proxyType, List`1 proxyArguments, Type classToProxy, Object[] constructorArguments)
[xUnit.net 00:00:00.92]            at Castle.DynamicProxy.ProxyGenerator.CreateClassProxy(Type classToProxy, Type[] additionalInterfacesToProxy, ProxyGenerationOptions options, Object[] constructorArguments, IInterceptor[] interceptors)
[xUnit.net 00:00:00.92]         /_/src/Moq/Interception/CastleProxyFactory.cs(62,0): at Moq.CastleProxyFactory.CreateProxy(Type mockType, IInterceptor interceptor, Type[] interfaces, Object[] arguments)
[xUnit.net 00:00:00.92]         /_/src/Moq/Mock`1.cs(309,0): at Moq.Mock`1.InitializeInstance()
[xUnit.net 00:00:00.92]         /_/src/Moq/Mock`1.cs(323,0): at Moq.Mock`1.OnGetObject()
[xUnit.net 00:00:00.92]         /_/src/Moq/Mock.cs(181,0): at Moq.Mock.get_Object()
[xUnit.net 00:00:00.92]         /_/src/Moq/Mock`1.cs(281,0): at Moq.Mock`1.get_Object()
[xUnit.net 00:00:00.92]         /mnt/d/git/aula/src/Aula.Tests/Services/OpenAiServiceIntegrationTests.cs(64,0): at Aula.Tests.Services.OpenAiServiceIntegrationTests.&lt;Constructor_WithNullLoggerFactory_ThrowsArgumentNullException&gt;b__8_0()
[xUnit.net 00:00:00.92]         ----- Inner Stack Trace -----
[xUnit.net 00:00:00.92]            at System.RuntimeType.CreateInstanceImpl(BindingFlags bindingAttr, Binder binder, Object[] args, CultureInfo culture)
[xUnit.net 00:00:00.92]            at Castle.DynamicProxy.ProxyGenerator.CreateClassProxyInstance(Type proxyType, List`1 proxyArguments, Type classToProxy, Object[] constructorArguments)
[xUnit.net 00:00:00.92]       System.ArgumentException : Can not instantiate proxy of class: Aula.Tools.AiToolsManager.
[xUnit.net 00:00:00.92]       Could not find a parameterless constructor. (Parameter 'constructorArguments')
[xUnit.net 00:00:00.92]       ---- System.MissingMethodException : Constructor on type 'Castle.Proxies.AiToolsManagerProxy' not found.
[xUnit.net 00:00:00.92]       Stack Trace:
[xUnit.net 00:00:00.92]            at Castle.DynamicProxy.ProxyGenerator.CreateClassProxyInstance(Type proxyType, List`1 proxyArguments, Type classToProxy, Object[] constructorArguments)
[xUnit.net 00:00:00.92]            at Castle.DynamicProxy.ProxyGenerator.CreateClassProxy(Type classToProxy, Type[] additionalInterfacesToProxy, ProxyGenerationOptions options, Object[] constructorArguments, IInterceptor[] interceptors)
[xUnit.net 00:00:00.92]         /_/src/Moq/Interception/CastleProxyFactory.cs(62,0): at Moq.CastleProxyFactory.CreateProxy(Type mockType, IInterceptor interceptor, Type[] interfaces, Object[] arguments)
[xUnit.net 00:00:00.92]         /_/src/Moq/Mock`1.cs(309,0): at Moq.Mock`1.InitializeInstance()
[xUnit.net 00:00:00.92]         /_/src/Moq/Mock`1.cs(323,0): at Moq.Mock`1.OnGetObject()
[xUnit.net 00:00:00.92]         /_/src/Moq/Mock.cs(181,0): at Moq.Mock.get_Object()
[xUnit.net 00:00:00.92]         /_/src/Moq/Mock`1.cs(281,0): at Moq.Mock`1.get_Object()
[xUnit.net 00:00:00.92]         /mnt/d/git/aula/src/Aula.Tests/Services/OpenAiServiceIntegrationTests.cs(96,0): at Aula.Tests.Services.OpenAiServiceIntegrationTests.ClearConversationHistory_WithContextKey_DoesNotThrow()
[xUnit.net 00:00:00.92]            at System.RuntimeMethodHandle.InvokeMethod(Object target, Void** arguments, Signature sig, Boolean isConstructor)
[xUnit.net 00:00:00.92]            at System.Reflection.MethodBaseInvoker.InvokeWithNoArgs(Object obj, BindingFlags invokeAttr)
[xUnit.net 00:00:00.92]         ----- Inner Stack Trace -----
[xUnit.net 00:00:00.92]            at System.RuntimeType.CreateInstanceImpl(BindingFlags bindingAttr, Binder binder, Object[] args, CultureInfo culture)
[xUnit.net 00:00:00.92]            at Castle.DynamicProxy.ProxyGenerator.CreateClassProxyInstance(Type proxyType, List`1 proxyArguments, Type classToProxy, Object[] constructorArguments)
[xUnit.net 00:00:00.92]       System.NotSupportedException : Unsupported expression: u =&gt; u.Id&#xD;
[xUnit.net 00:00:00.92]       Non-overridable members (here: User.get_Id) may not be used in setup / verification expressions.
[xUnit.net 00:00:00.92]       Stack Trace:
[xUnit.net 00:00:00.92]         /_/src/Moq/Guard.cs(99,0): at Moq.Guard.IsOverridable(MethodInfo method, Expression expression)
[xUnit.net 00:00:00.92]         /_/src/Moq/MethodExpectation.cs(87,0): at Moq.MethodExpectation..ctor(LambdaExpression expression, MethodInfo method, IReadOnlyList`1 arguments, Boolean exactGenericTypeArguments, Boolean skipMatcherInitialization, Boolean allowNonOverridable)
[xUnit.net 00:00:00.92]         /_/src/Moq/ExpressionExtensions.cs(326,0): at Moq.ExpressionExtensions.&lt;Split&gt;g__Split|5_0(Expression e, Expression&amp; r, MethodExpectation&amp; p, Boolean assignment, Boolean allowNonOverridableLastProperty)
[xUnit.net 00:00:00.92]         /_/src/Moq/ExpressionExtensions.cs(149,0): at Moq.ExpressionExtensions.Split(LambdaExpression expression, Boolean allowNonOverridableLastProperty)
[xUnit.net 00:00:00.92]         /_/src/Moq/Mock.cs(645,0): at Moq.Mock.SetupRecursive[TSetup](Mock mock, LambdaExpression expression, Func`4 setupLast, Boolean allowNonOverridableLastProperty)
[xUnit.net 00:00:00.92]         /_/src/Moq/Mock.cs(500,0): at Moq.Mock.Setup(Mock mock, LambdaExpression expression, Condition condition)
[xUnit.net 00:00:00.92]         /_/src/Moq/Mock.cs(518,0): at Moq.Mock.SetupGet(Mock mock, LambdaExpression expression, Condition condition)
[xUnit.net 00:00:00.92]         /_/src/Moq/Mock`1.cs(473,0): at Moq.Mock`1.SetupGet[TProperty](Expression`1 expression)
[xUnit.net 00:00:00.92]         /mnt/d/git/aula/src/Aula.Tests/Bots/TelegramTestMessageFactory.cs(18,0): at Aula.Tests.Bots.TelegramTestMessageFactory.CreateTextMessage(Int64 chatId, String text, ChatType chatType, Int32 messageId, String firstName, String username)
[xUnit.net 00:00:00.92]         /mnt/d/git/aula/src/Aula.Tests/Bots/TelegramMessageHandlerTests.cs(318,0): at Aula.Tests.Bots.TelegramMessageHandlerTests.HandleMessageAsync_WithValidQuery_ProcessesSuccessfully(String queryText)
[xUnit.net 00:00:00.92]         --- End of stack trace from previous location ---
[xUnit.net 00:00:00.92]       System.NotSupportedException : Unsupported expression: u =&gt; u.Id&#xD;
[xUnit.net 00:00:00.92]       Non-overridable members (here: User.get_Id) may not be used in setup / verification expressions.
[xUnit.net 00:00:00.92]       Stack Trace:
[xUnit.net 00:00:00.92]         /_/src/Moq/Guard.cs(99,0): at Moq.Guard.IsOverridable(MethodInfo method, Expression expression)
[xUnit.net 00:00:00.92]         /_/src/Moq/MethodExpectation.cs(87,0): at Moq.MethodExpectation..ctor(LambdaExpression expression, MethodInfo method, IReadOnlyList`1 arguments, Boolean exactGenericTypeArguments, Boolean skipMatcherInitialization, Boolean allowNonOverridable)
[xUnit.net 00:00:00.92]         /_/src/Moq/ExpressionExtensions.cs(326,0): at Moq.ExpressionExtensions.&lt;Split&gt;g__Split|5_0(Expression e, Expression&amp; r, MethodExpectation&amp; p, Boolean assignment, Boolean allowNonOverridableLastProperty)
[xUnit.net 00:00:00.92]         /_/src/Moq/ExpressionExtensions.cs(149,0): at Moq.ExpressionExtensions.Split(LambdaExpression expression, Boolean allowNonOverridableLastProperty)
[xUnit.net 00:00:00.92]         /_/src/Moq/Mock.cs(645,0): at Moq.Mock.SetupRecursive[TSetup](Mock mock, LambdaExpression expression, Func`4 setupLast, Boolean allowNonOverridableLastProperty)
[xUnit.net 00:00:00.92]         /_/src/Moq/Mock.cs(500,0): at Moq.Mock.Setup(Mock mock, LambdaExpression expression, Condition condition)
[xUnit.net 00:00:00.92]         /_/src/Moq/Mock.cs(518,0): at Moq.Mock.SetupGet(Mock mock, LambdaExpression expression, Condition condition)
[xUnit.net 00:00:00.92]         /_/src/Moq/Mock`1.cs(473,0): at Moq.Mock`1.SetupGet[TProperty](Expression`1 expression)
[xUnit.net 00:00:00.93]         /mnt/d/git/aula/src/Aula.Tests/Bots/TelegramTestMessageFactory.cs(18,0): at Aula.Tests.Bots.TelegramTestMessageFactory.CreateTextMessage(Int64 chatId, String text, ChatType chatType, Int32 messageId, String firstName, String username)
[xUnit.net 00:00:00.93]         /mnt/d/git/aula/src/Aula.Tests/Bots/TelegramMessageHandlerTests.cs(318,0): at Aula.Tests.Bots.TelegramMessageHandlerTests.HandleMessageAsync_WithValidQuery_ProcessesSuccessfully(String queryText)
[xUnit.net 00:00:00.93]         --- End of stack trace from previous location ---
[xUnit.net 00:00:00.93]       System.NotSupportedException : Unsupported expression: u =&gt; u.Id&#xD;
[xUnit.net 00:00:00.93]       Non-overridable members (here: User.get_Id) may not be used in setup / verification expressions.
[xUnit.net 00:00:00.93]       Stack Trace:
[xUnit.net 00:00:00.93]         /_/src/Moq/Guard.cs(99,0): at Moq.Guard.IsOverridable(MethodInfo method, Expression expression)
[xUnit.net 00:00:00.93]         /_/src/Moq/MethodExpectation.cs(87,0): at Moq.MethodExpectation..ctor(LambdaExpression expression, MethodInfo method, IReadOnlyList`1 arguments, Boolean exactGenericTypeArguments, Boolean skipMatcherInitialization, Boolean allowNonOverridable)
[xUnit.net 00:00:00.93]         /_/src/Moq/ExpressionExtensions.cs(326,0): at Moq.ExpressionExtensions.&lt;Split&gt;g__Split|5_0(Expression e, Expression&amp; r, MethodExpectation&amp; p, Boolean assignment, Boolean allowNonOverridableLastProperty)
[xUnit.net 00:00:00.93]         /_/src/Moq/ExpressionExtensions.cs(149,0): at Moq.ExpressionExtensions.Split(LambdaExpression expression, Boolean allowNonOverridableLastProperty)
[xUnit.net 00:00:00.93]         /_/src/Moq/Mock.cs(645,0): at Moq.Mock.SetupRecursive[TSetup](Mock mock, LambdaExpression expression, Func`4 setupLast, Boolean allowNonOverridableLastProperty)
[xUnit.net 00:00:00.93]         /_/src/Moq/Mock.cs(500,0): at Moq.Mock.Setup(Mock mock, LambdaExpression expression, Condition condition)
[xUnit.net 00:00:00.93]         /_/src/Moq/Mock.cs(518,0): at Moq.Mock.SetupGet(Mock mock, LambdaExpression expression, Condition condition)
[xUnit.net 00:00:00.93]         /_/src/Moq/Mock`1.cs(473,0): at Moq.Mock`1.SetupGet[TProperty](Expression`1 expression)
[xUnit.net 00:00:00.93]         /mnt/d/git/aula/src/Aula.Tests/Bots/TelegramTestMessageFactory.cs(18,0): at Aula.Tests.Bots.TelegramTestMessageFactory.CreateTextMessage(Int64 chatId, String text, ChatType chatType, Int32 messageId, String firstName, String username)
[xUnit.net 00:00:00.93]         /mnt/d/git/aula/src/Aula.Tests/Bots/TelegramMessageHandlerTests.cs(318,0): at Aula.Tests.Bots.TelegramMessageHandlerTests.HandleMessageAsync_WithValidQuery_ProcessesSuccessfully(String queryText)
[xUnit.net 00:00:00.93]         --- End of stack trace from previous location ---
[xUnit.net 00:00:00.94]       System.NotSupportedException : Unsupported expression: u =&gt; u.Id&#xD;
[xUnit.net 00:00:00.94]       Non-overridable members (here: User.get_Id) may not be used in setup / verification expressions.
[xUnit.net 00:00:00.94]       Stack Trace:
[xUnit.net 00:00:00.94]         /_/src/Moq/Guard.cs(99,0): at Moq.Guard.IsOverridable(MethodInfo method, Expression expression)
[xUnit.net 00:00:00.94]         /_/src/Moq/MethodExpectation.cs(87,0): at Moq.MethodExpectation..ctor(LambdaExpression expression, MethodInfo method, IReadOnlyList`1 arguments, Boolean exactGenericTypeArguments, Boolean skipMatcherInitialization, Boolean allowNonOverridable)
[xUnit.net 00:00:00.94]         /_/src/Moq/ExpressionExtensions.cs(326,0): at Moq.ExpressionExtensions.&lt;Split&gt;g__Split|5_0(Expression e, Expression&amp; r, MethodExpectation&amp; p, Boolean assignment, Boolean allowNonOverridableLastProperty)
[xUnit.net 00:00:00.94]         /_/src/Moq/ExpressionExtensions.cs(149,0): at Moq.ExpressionExtensions.Split(LambdaExpression expression, Boolean allowNonOverridableLastProperty)
[xUnit.net 00:00:00.94]         /_/src/Moq/Mock.cs(645,0): at Moq.Mock.SetupRecursive[TSetup](Mock mock, LambdaExpression expression, Func`4 setupLast, Boolean allowNonOverridableLastProperty)
[xUnit.net 00:00:00.94]         /_/src/Moq/Mock.cs(500,0): at Moq.Mock.Setup(Mock mock, LambdaExpression expression, Condition condition)
[xUnit.net 00:00:00.94]         /_/src/Moq/Mock.cs(518,0): at Moq.Mock.SetupGet(Mock mock, LambdaExpression expression, Condition condition)
[xUnit.net 00:00:00.94]         /_/src/Moq/Mock`1.cs(473,0): at Moq.Mock`1.SetupGet[TProperty](Expression`1 expression)
[xUnit.net 00:00:00.94]         /mnt/d/git/aula/src/Aula.Tests/Bots/TelegramTestMessageFactory.cs(18,0): at Aula.Tests.Bots.TelegramTestMessageFactory.CreateTextMessage(Int64 chatId, String text, ChatType chatType, Int32 messageId, String firstName, String username)
[xUnit.net 00:00:00.94]         /mnt/d/git/aula/src/Aula.Tests/Bots/TelegramMessageHandlerTests.cs(299,0): at Aula.Tests.Bots.TelegramMessageHandlerTests.HandleMessageAsync_WithReminderCommand_ProcessesMessage(String reminderCommand)
[xUnit.net 00:00:00.94]         --- End of stack trace from previous location ---
[xUnit.net 00:00:00.94]       System.NotSupportedException : Unsupported expression: u =&gt; u.Id&#xD;
[xUnit.net 00:00:00.94]       Non-overridable members (here: User.get_Id) may not be used in setup / verification expressions.
[xUnit.net 00:00:00.94]       Stack Trace:
[xUnit.net 00:00:00.94]         /_/src/Moq/Guard.cs(99,0): at Moq.Guard.IsOverridable(MethodInfo method, Expression expression)
[xUnit.net 00:00:00.94]         /_/src/Moq/MethodExpectation.cs(87,0): at Moq.MethodExpectation..ctor(LambdaExpression expression, MethodInfo method, IReadOnlyList`1 arguments, Boolean exactGenericTypeArguments, Boolean skipMatcherInitialization, Boolean allowNonOverridable)
[xUnit.net 00:00:00.94]         /_/src/Moq/ExpressionExtensions.cs(326,0): at Moq.ExpressionExtensions.&lt;Split&gt;g__Split|5_0(Expression e, Expression&amp; r, MethodExpectation&amp; p, Boolean assignment, Boolean allowNonOverridableLastProperty)
[xUnit.net 00:00:00.94]         /_/src/Moq/ExpressionExtensions.cs(149,0): at Moq.ExpressionExtensions.Split(LambdaExpression expression, Boolean allowNonOverridableLastProperty)
[xUnit.net 00:00:00.94]         /_/src/Moq/Mock.cs(645,0): at Moq.Mock.SetupRecursive[TSetup](Mock mock, LambdaExpression expression, Func`4 setupLast, Boolean allowNonOverridableLastProperty)
[xUnit.net 00:00:00.94]         /_/src/Moq/Mock.cs(500,0): at Moq.Mock.Setup(Mock mock, LambdaExpression expression, Condition condition)
[xUnit.net 00:00:00.94]         /_/src/Moq/Mock.cs(518,0): at Moq.Mock.SetupGet(Mock mock, LambdaExpression expression, Condition condition)
[xUnit.net 00:00:00.94]         /_/src/Moq/Mock`1.cs(473,0): at Moq.Mock`1.SetupGet[TProperty](Expression`1 expression)
[xUnit.net 00:00:00.94]         /mnt/d/git/aula/src/Aula.Tests/Bots/TelegramTestMessageFactory.cs(18,0): at Aula.Tests.Bots.TelegramTestMessageFactory.CreateTextMessage(Int64 chatId, String text, ChatType chatType, Int32 messageId, String firstName, String username)
[xUnit.net 00:00:00.94]         /mnt/d/git/aula/src/Aula.Tests/Bots/TelegramMessageHandlerTests.cs(299,0): at Aula.Tests.Bots.TelegramMessageHandlerTests.HandleMessageAsync_WithReminderCommand_ProcessesMessage(String reminderCommand)
[xUnit.net 00:00:00.94]         --- End of stack trace from previous location ---
[xUnit.net 00:00:00.94]       System.NotSupportedException : Unsupported expression: u =&gt; u.Id&#xD;
[xUnit.net 00:00:00.94]       Non-overridable members (here: User.get_Id) may not be used in setup / verification expressions.
[xUnit.net 00:00:00.94]       Stack Trace:
[xUnit.net 00:00:00.94]         /_/src/Moq/Guard.cs(99,0): at Moq.Guard.IsOverridable(MethodInfo method, Expression expression)
[xUnit.net 00:00:00.94]         /_/src/Moq/MethodExpectation.cs(87,0): at Moq.MethodExpectation..ctor(LambdaExpression expression, MethodInfo method, IReadOnlyList`1 arguments, Boolean exactGenericTypeArguments, Boolean skipMatcherInitialization, Boolean allowNonOverridable)
[xUnit.net 00:00:00.94]         /_/src/Moq/ExpressionExtensions.cs(326,0): at Moq.ExpressionExtensions.&lt;Split&gt;g__Split|5_0(Expression e, Expression&amp; r, MethodExpectation&amp; p, Boolean assignment, Boolean allowNonOverridableLastProperty)
[xUnit.net 00:00:00.94]         /_/src/Moq/ExpressionExtensions.cs(149,0): at Moq.ExpressionExtensions.Split(LambdaExpression expression, Boolean allowNonOverridableLastProperty)
[xUnit.net 00:00:00.94]         /_/src/Moq/Mock.cs(645,0): at Moq.Mock.SetupRecursive[TSetup](Mock mock, LambdaExpression expression, Func`4 setupLast, Boolean allowNonOverridableLastProperty)
[xUnit.net 00:00:00.94]         /_/src/Moq/Mock.cs(500,0): at Moq.Mock.Setup(Mock mock, LambdaExpression expression, Condition condition)
[xUnit.net 00:00:00.94]         /_/src/Moq/Mock.cs(518,0): at Moq.Mock.SetupGet(Mock mock, LambdaExpression expression, Condition condition)
[xUnit.net 00:00:00.94]         /_/src/Moq/Mock`1.cs(473,0): at Moq.Mock`1.SetupGet[TProperty](Expression`1 expression)
[xUnit.net 00:00:00.94]         /mnt/d/git/aula/src/Aula.Tests/Bots/TelegramTestMessageFactory.cs(18,0): at Aula.Tests.Bots.TelegramTestMessageFactory.CreateTextMessage(Int64 chatId, String text, ChatType chatType, Int32 messageId, String firstName, String username)
[xUnit.net 00:00:00.94]         /mnt/d/git/aula/src/Aula.Tests/Bots/TelegramMessageHandlerTests.cs(299,0): at Aula.Tests.Bots.TelegramMessageHandlerTests.HandleMessageAsync_WithReminderCommand_ProcessesMessage(String reminderCommand)
[xUnit.net 00:00:00.94]         --- End of stack trace from previous location ---
[xUnit.net 00:00:00.94]       System.NotSupportedException : Unsupported expression: u =&gt; u.Id&#xD;
[xUnit.net 00:00:00.94]       Non-overridable members (here: User.get_Id) may not be used in setup / verification expressions.
[xUnit.net 00:00:00.94]       Stack Trace:
[xUnit.net 00:00:00.94]         /_/src/Moq/Guard.cs(99,0): at Moq.Guard.IsOverridable(MethodInfo method, Expression expression)
[xUnit.net 00:00:00.94]         /_/src/Moq/MethodExpectation.cs(87,0): at Moq.MethodExpectation..ctor(LambdaExpression expression, MethodInfo method, IReadOnlyList`1 arguments, Boolean exactGenericTypeArguments, Boolean skipMatcherInitialization, Boolean allowNonOverridable)
[xUnit.net 00:00:00.94]         /_/src/Moq/ExpressionExtensions.cs(326,0): at Moq.ExpressionExtensions.&lt;Split&gt;g__Split|5_0(Expression e, Expression&amp; r, MethodExpectation&amp; p, Boolean assignment, Boolean allowNonOverridableLastProperty)
[xUnit.net 00:00:00.94]         /_/src/Moq/ExpressionExtensions.cs(149,0): at Moq.ExpressionExtensions.Split(LambdaExpression expression, Boolean allowNonOverridableLastProperty)
[xUnit.net 00:00:00.94]         /_/src/Moq/Mock.cs(645,0): at Moq.Mock.SetupRecursive[TSetup](Mock mock, LambdaExpression expression, Func`4 setupLast, Boolean allowNonOverridableLastProperty)
[xUnit.net 00:00:00.94]         /_/src/Moq/Mock.cs(500,0): at Moq.Mock.Setup(Mock mock, LambdaExpression expression, Condition condition)
[xUnit.net 00:00:00.94]         /_/src/Moq/Mock.cs(518,0): at Moq.Mock.SetupGet(Mock mock, LambdaExpression expression, Condition condition)
[xUnit.net 00:00:00.94]         /_/src/Moq/Mock`1.cs(473,0): at Moq.Mock`1.SetupGet[TProperty](Expression`1 expression)
[xUnit.net 00:00:00.94]         /mnt/d/git/aula/src/Aula.Tests/Bots/TelegramTestMessageFactory.cs(18,0): at Aula.Tests.Bots.TelegramTestMessageFactory.CreateTextMessage(Int64 chatId, String text, ChatType chatType, Int32 messageId, String firstName, String username)
[xUnit.net 00:00:00.95]         /mnt/d/git/aula/src/Aula.Tests/Bots/TelegramMessageHandlerTests.cs(299,0): at Aula.Tests.Bots.TelegramMessageHandlerTests.HandleMessageAsync_WithReminderCommand_ProcessesMessage(String reminderCommand)
[xUnit.net 00:00:00.95]         --- End of stack trace from previous location ---
[xUnit.net 00:00:00.95]       System.NotSupportedException : Unsupported expression: u =&gt; u.Id&#xD;
[xUnit.net 00:00:00.95]       Non-overridable members (here: User.get_Id) may not be used in setup / verification expressions.
[xUnit.net 00:00:00.95]       Stack Trace:
[xUnit.net 00:00:00.95]         /_/src/Moq/Guard.cs(99,0): at Moq.Guard.IsOverridable(MethodInfo method, Expression expression)
[xUnit.net 00:00:00.95]         /_/src/Moq/MethodExpectation.cs(87,0): at Moq.MethodExpectation..ctor(LambdaExpression expression, MethodInfo method, IReadOnlyList`1 arguments, Boolean exactGenericTypeArguments, Boolean skipMatcherInitialization, Boolean allowNonOverridable)
[xUnit.net 00:00:00.95]         /_/src/Moq/ExpressionExtensions.cs(326,0): at Moq.ExpressionExtensions.&lt;Split&gt;g__Split|5_0(Expression e, Expression&amp; r, MethodExpectation&amp; p, Boolean assignment, Boolean allowNonOverridableLastProperty)
[xUnit.net 00:00:00.95]         /_/src/Moq/ExpressionExtensions.cs(149,0): at Moq.ExpressionExtensions.Split(LambdaExpression expression, Boolean allowNonOverridableLastProperty)
[xUnit.net 00:00:00.95]         /_/src/Moq/Mock.cs(645,0): at Moq.Mock.SetupRecursive[TSetup](Mock mock, LambdaExpression expression, Func`4 setupLast, Boolean allowNonOverridableLastProperty)
[xUnit.net 00:00:00.95]         /_/src/Moq/Mock.cs(500,0): at Moq.Mock.Setup(Mock mock, LambdaExpression expression, Condition condition)
[xUnit.net 00:00:00.95]         /_/src/Moq/Mock.cs(518,0): at Moq.Mock.SetupGet(Mock mock, LambdaExpression expression, Condition condition)
[xUnit.net 00:00:00.95]         /_/src/Moq/Mock`1.cs(473,0): at Moq.Mock`1.SetupGet[TProperty](Expression`1 expression)
[xUnit.net 00:00:00.95]         /mnt/d/git/aula/src/Aula.Tests/Bots/TelegramTestMessageFactory.cs(18,0): at Aula.Tests.Bots.TelegramTestMessageFactory.CreateTextMessage(Int64 chatId, String text, ChatType chatType, Int32 messageId, String firstName, String username)
[xUnit.net 00:00:00.95]         /mnt/d/git/aula/src/Aula.Tests/Bots/TelegramMessageHandlerTests.cs(188,0): at Aula.Tests.Bots.TelegramMessageHandlerTests.HandleMessageAsync_WithTextMessage_ProcessesSuccessfully()
[xUnit.net 00:00:00.95]         --- End of stack trace from previous location ---
[xUnit.net 00:00:00.98]       System.NotSupportedException : Unsupported expression: u =&gt; u.Id&#xD;
[xUnit.net 00:00:00.98]       Non-overridable members (here: User.get_Id) may not be used in setup / verification expressions.
[xUnit.net 00:00:00.98]       Stack Trace:
[xUnit.net 00:00:00.98]         /_/src/Moq/Guard.cs(99,0): at Moq.Guard.IsOverridable(MethodInfo method, Expression expression)
[xUnit.net 00:00:00.98]         /_/src/Moq/MethodExpectation.cs(87,0): at Moq.MethodExpectation..ctor(LambdaExpression expression, MethodInfo method, IReadOnlyList`1 arguments, Boolean exactGenericTypeArguments, Boolean skipMatcherInitialization, Boolean allowNonOverridable)
[xUnit.net 00:00:00.98]         /_/src/Moq/ExpressionExtensions.cs(326,0): at Moq.ExpressionExtensions.&lt;Split&gt;g__Split|5_0(Expression e, Expression&amp; r, MethodExpectation&amp; p, Boolean assignment, Boolean allowNonOverridableLastProperty)
[xUnit.net 00:00:00.98]         /_/src/Moq/ExpressionExtensions.cs(149,0): at Moq.ExpressionExtensions.Split(LambdaExpression expression, Boolean allowNonOverridableLastProperty)
[xUnit.net 00:00:00.98]         /_/src/Moq/Mock.cs(645,0): at Moq.Mock.SetupRecursive[TSetup](Mock mock, LambdaExpression expression, Func`4 setupLast, Boolean allowNonOverridableLastProperty)
[xUnit.net 00:00:00.98]         /_/src/Moq/Mock.cs(500,0): at Moq.Mock.Setup(Mock mock, LambdaExpression expression, Condition condition)
[xUnit.net 00:00:00.98]         /_/src/Moq/Mock.cs(518,0): at Moq.Mock.SetupGet(Mock mock, LambdaExpression expression, Condition condition)
[xUnit.net 00:00:00.98]         /_/src/Moq/Mock`1.cs(473,0): at Moq.Mock`1.SetupGet[TProperty](Expression`1 expression)
[xUnit.net 00:00:00.98]         /mnt/d/git/aula/src/Aula.Tests/Bots/TelegramTestMessageFactory.cs(18,0): at Aula.Tests.Bots.TelegramTestMessageFactory.CreateTextMessage(Int64 chatId, String text, ChatType chatType, Int32 messageId, String firstName, String username)
[xUnit.net 00:00:00.98]         /mnt/d/git/aula/src/Aula.Tests/Bots/TelegramMessageHandlerTests.cs(342,0): at Aula.Tests.Bots.TelegramMessageHandlerTests.HandleMessageAsync_WithException_LogsError()
[xUnit.net 00:00:00.98]         --- End of stack trace from previous location ---
[xUnit.net 00:00:00.99]       System.NotSupportedException : Unsupported expression: u =&gt; u.Id&#xD;
[xUnit.net 00:00:00.99]       Non-overridable members (here: User.get_Id) may not be used in setup / verification expressions.
[xUnit.net 00:00:00.99]       Stack Trace:
[xUnit.net 00:00:00.99]         /_/src/Moq/Guard.cs(99,0): at Moq.Guard.IsOverridable(MethodInfo method, Expression expression)
[xUnit.net 00:00:00.99]         /_/src/Moq/MethodExpectation.cs(87,0): at Moq.MethodExpectation..ctor(LambdaExpression expression, MethodInfo method, IReadOnlyList`1 arguments, Boolean exactGenericTypeArguments, Boolean skipMatcherInitialization, Boolean allowNonOverridable)
[xUnit.net 00:00:00.99]         /_/src/Moq/ExpressionExtensions.cs(326,0): at Moq.ExpressionExtensions.&lt;Split&gt;g__Split|5_0(Expression e, Expression&amp; r, MethodExpectation&amp; p, Boolean assignment, Boolean allowNonOverridableLastProperty)
[xUnit.net 00:00:00.99]         /_/src/Moq/ExpressionExtensions.cs(149,0): at Moq.ExpressionExtensions.Split(LambdaExpression expression, Boolean allowNonOverridableLastProperty)
[xUnit.net 00:00:00.99]         /_/src/Moq/Mock.cs(645,0): at Moq.Mock.SetupRecursive[TSetup](Mock mock, LambdaExpression expression, Func`4 setupLast, Boolean allowNonOverridableLastProperty)
[xUnit.net 00:00:00.99]         /_/src/Moq/Mock.cs(500,0): at Moq.Mock.Setup(Mock mock, LambdaExpression expression, Condition condition)
[xUnit.net 00:00:00.99]         /_/src/Moq/Mock.cs(518,0): at Moq.Mock.SetupGet(Mock mock, LambdaExpression expression, Condition condition)
[xUnit.net 00:00:00.99]         /_/src/Moq/Mock`1.cs(473,0): at Moq.Mock`1.SetupGet[TProperty](Expression`1 expression)
[xUnit.net 00:00:00.99]         /mnt/d/git/aula/src/Aula.Tests/Bots/TelegramTestMessageFactory.cs(43,0): at Aula.Tests.Bots.TelegramTestMessageFactory.CreateNonTextMessage(Int64 chatId, MessageType messageType, ChatType chatType, Int32 messageId)
[xUnit.net 00:00:00.99]         /mnt/d/git/aula/src/Aula.Tests/Bots/TelegramMessageHandlerTests.cs(208,0): at Aula.Tests.Bots.TelegramMessageHandlerTests.HandleMessageAsync_WithNonTextMessage_ReturnsEarly()
[xUnit.net 00:00:00.99]         --- End of stack trace from previous location ---
[xUnit.net 00:00:00.99]       System.NotSupportedException : Unsupported expression: u =&gt; u.Id&#xD;
[xUnit.net 00:00:00.99]       Non-overridable members (here: User.get_Id) may not be used in setup / verification expressions.
[xUnit.net 00:00:00.99]       Stack Trace:
[xUnit.net 00:00:00.99]         /_/src/Moq/Guard.cs(99,0): at Moq.Guard.IsOverridable(MethodInfo method, Expression expression)
[xUnit.net 00:00:00.99]         /_/src/Moq/MethodExpectation.cs(87,0): at Moq.MethodExpectation..ctor(LambdaExpression expression, MethodInfo method, IReadOnlyList`1 arguments, Boolean exactGenericTypeArguments, Boolean skipMatcherInitialization, Boolean allowNonOverridable)
[xUnit.net 00:00:00.99]         /_/src/Moq/ExpressionExtensions.cs(326,0): at Moq.ExpressionExtensions.&lt;Split&gt;g__Split|5_0(Expression e, Expression&amp; r, MethodExpectation&amp; p, Boolean assignment, Boolean allowNonOverridableLastProperty)
[xUnit.net 00:00:00.99]         /_/src/Moq/ExpressionExtensions.cs(149,0): at Moq.ExpressionExtensions.Split(LambdaExpression expression, Boolean allowNonOverridableLastProperty)
[xUnit.net 00:00:00.99]         /_/src/Moq/Mock.cs(645,0): at Moq.Mock.SetupRecursive[TSetup](Mock mock, LambdaExpression expression, Func`4 setupLast, Boolean allowNonOverridableLastProperty)
[xUnit.net 00:00:00.99]         /_/src/Moq/Mock.cs(500,0): at Moq.Mock.Setup(Mock mock, LambdaExpression expression, Condition condition)
[xUnit.net 00:00:00.99]         /_/src/Moq/Mock.cs(518,0): at Moq.Mock.SetupGet(Mock mock, LambdaExpression expression, Condition condition)
[xUnit.net 00:00:00.99]         /_/src/Moq/Mock`1.cs(473,0): at Moq.Mock`1.SetupGet[TProperty](Expression`1 expression)
[xUnit.net 00:00:00.99]         /mnt/d/git/aula/src/Aula.Tests/Bots/TelegramTestMessageFactory.cs(18,0): at Aula.Tests.Bots.TelegramTestMessageFactory.CreateTextMessage(Int64 chatId, String text, ChatType chatType, Int32 messageId, String firstName, String username)
[xUnit.net 00:00:00.99]         /mnt/d/git/aula/src/Aula.Tests/Bots/TelegramMessageHandlerTests.cs(250,0): at Aula.Tests.Bots.TelegramMessageHandlerTests.HandleMessageAsync_WithNullText_ReturnsEarly()
[xUnit.net 00:00:00.99]         --- End of stack trace from previous location ---
Error sending message: Username value should be Identifier or Username that starts with @ (Parameter 'username')
Telegram integration is disabled. Week letter not posted.
Error sanitizing HTML: Multiple node elements can't be created.. Falling back to plain text.
Error sanitizing HTML: Multiple node elements can't be created.. Falling back to plain text.
Error sanitizing HTML: Multiple node elements can't be created.. Falling back to plain text.
[xUnit.net 00:00:01.02]       System.NotSupportedException : Unsupported expression: u =&gt; u.Id&#xD;
[xUnit.net 00:00:01.02]       Non-overridable members (here: User.get_Id) may not be used in setup / verification expressions.
[xUnit.net 00:00:01.02]       Stack Trace:
[xUnit.net 00:00:01.02]         /_/src/Moq/Guard.cs(99,0): at Moq.Guard.IsOverridable(MethodInfo method, Expression expression)
[xUnit.net 00:00:01.02]         /_/src/Moq/MethodExpectation.cs(87,0): at Moq.MethodExpectation..ctor(LambdaExpression expression, MethodInfo method, IReadOnlyList`1 arguments, Boolean exactGenericTypeArguments, Boolean skipMatcherInitialization, Boolean allowNonOverridable)
[xUnit.net 00:00:01.02]         /_/src/Moq/ExpressionExtensions.cs(326,0): at Moq.ExpressionExtensions.&lt;Split&gt;g__Split|5_0(Expression e, Expression&amp; r, MethodExpectation&amp; p, Boolean assignment, Boolean allowNonOverridableLastProperty)
[xUnit.net 00:00:01.02]         /_/src/Moq/ExpressionExtensions.cs(149,0): at Moq.ExpressionExtensions.Split(LambdaExpression expression, Boolean allowNonOverridableLastProperty)
[xUnit.net 00:00:01.02]         /_/src/Moq/Mock.cs(645,0): at Moq.Mock.SetupRecursive[TSetup](Mock mock, LambdaExpression expression, Func`4 setupLast, Boolean allowNonOverridableLastProperty)
[xUnit.net 00:00:01.02]         /_/src/Moq/Mock.cs(500,0): at Moq.Mock.Setup(Mock mock, LambdaExpression expression, Condition condition)
[xUnit.net 00:00:01.02]         /_/src/Moq/Mock.cs(518,0): at Moq.Mock.SetupGet(Mock mock, LambdaExpression expression, Condition condition)
[xUnit.net 00:00:01.02]         /_/src/Moq/Mock`1.cs(473,0): at Moq.Mock`1.SetupGet[TProperty](Expression`1 expression)
[xUnit.net 00:00:01.02]         /mnt/d/git/aula/src/Aula.Tests/Bots/TelegramTestMessageFactory.cs(18,0): at Aula.Tests.Bots.TelegramTestMessageFactory.CreateTextMessage(Int64 chatId, String text, ChatType chatType, Int32 messageId, String firstName, String username)
[xUnit.net 00:00:01.02]         /mnt/d/git/aula/src/Aula.Tests/Bots/TelegramMessageHandlerTests.cs(382,0): at Aula.Tests.Bots.TelegramMessageHandlerTests.HandleMessageAsync_WithPrivateChat_HandlesCorrectly()
[xUnit.net 00:00:01.02]         --- End of stack trace from previous location ---
Error sanitizing HTML: Multiple node elements can't be created.. Falling back to plain text.
Telegram integration is disabled. Message not sent.
Error sanitizing HTML: Multiple node elements can't be created.. Falling back to plain text.
[xUnit.net 00:00:01.04]       System.NotSupportedException : Unsupported expression: u =&gt; u.Id&#xD;
[xUnit.net 00:00:01.04]       Non-overridable members (here: User.get_Id) may not be used in setup / verification expressions.
[xUnit.net 00:00:01.04]       Stack Trace:
[xUnit.net 00:00:01.04]         /_/src/Moq/Guard.cs(99,0): at Moq.Guard.IsOverridable(MethodInfo method, Expression expression)
[xUnit.net 00:00:01.04]         /_/src/Moq/MethodExpectation.cs(87,0): at Moq.MethodExpectation..ctor(LambdaExpression expression, MethodInfo method, IReadOnlyList`1 arguments, Boolean exactGenericTypeArguments, Boolean skipMatcherInitialization, Boolean allowNonOverridable)
[xUnit.net 00:00:01.04]         /_/src/Moq/ExpressionExtensions.cs(326,0): at Moq.ExpressionExtensions.&lt;Split&gt;g__Split|5_0(Expression e, Expression&amp; r, MethodExpectation&amp; p, Boolean assignment, Boolean allowNonOverridableLastProperty)
[xUnit.net 00:00:01.04]         /_/src/Moq/ExpressionExtensions.cs(149,0): at Moq.ExpressionExtensions.Split(LambdaExpression expression, Boolean allowNonOverridableLastProperty)
[xUnit.net 00:00:01.04]         /_/src/Moq/Mock.cs(645,0): at Moq.Mock.SetupRecursive[TSetup](Mock mock, LambdaExpression expression, Func`4 setupLast, Boolean allowNonOverridableLastProperty)
[xUnit.net 00:00:01.04]         /_/src/Moq/Mock.cs(500,0): at Moq.Mock.Setup(Mock mock, LambdaExpression expression, Condition condition)
[xUnit.net 00:00:01.04]         /_/src/Moq/Mock.cs(518,0): at Moq.Mock.SetupGet(Mock mock, LambdaExpression expression, Condition condition)
[xUnit.net 00:00:01.04]         /_/src/Moq/Mock`1.cs(473,0): at Moq.Mock`1.SetupGet[TProperty](Expression`1 expression)
[xUnit.net 00:00:01.04]         /mnt/d/git/aula/src/Aula.Tests/Bots/TelegramTestMessageFactory.cs(18,0): at Aula.Tests.Bots.TelegramTestMessageFactory.CreateTextMessage(Int64 chatId, String text, ChatType chatType, Int32 messageId, String firstName, String username)
[xUnit.net 00:00:01.04]         /mnt/d/git/aula/src/Aula.Tests/Bots/TelegramMessageHandlerTests.cs(402,0): at Aula.Tests.Bots.TelegramMessageHandlerTests.HandleMessageAsync_WithGroupChat_HandlesCorrectly()
[xUnit.net 00:00:01.04]         --- End of stack trace from previous location ---
[xUnit.net 00:00:01.09]       System.NotSupportedException : Unsupported expression: u =&gt; u.Id&#xD;
[xUnit.net 00:00:01.09]       Non-overridable members (here: User.get_Id) may not be used in setup / verification expressions.
[xUnit.net 00:00:01.09]       Stack Trace:
[xUnit.net 00:00:01.09]         /_/src/Moq/Guard.cs(99,0): at Moq.Guard.IsOverridable(MethodInfo method, Expression expression)
[xUnit.net 00:00:01.09]         /_/src/Moq/MethodExpectation.cs(87,0): at Moq.MethodExpectation..ctor(LambdaExpression expression, MethodInfo method, IReadOnlyList`1 arguments, Boolean exactGenericTypeArguments, Boolean skipMatcherInitialization, Boolean allowNonOverridable)
[xUnit.net 00:00:01.09]         /_/src/Moq/ExpressionExtensions.cs(326,0): at Moq.ExpressionExtensions.&lt;Split&gt;g__Split|5_0(Expression e, Expression&amp; r, MethodExpectation&amp; p, Boolean assignment, Boolean allowNonOverridableLastProperty)
[xUnit.net 00:00:01.09]         /_/src/Moq/ExpressionExtensions.cs(149,0): at Moq.ExpressionExtensions.Split(LambdaExpression expression, Boolean allowNonOverridableLastProperty)
[xUnit.net 00:00:01.09]         /_/src/Moq/Mock.cs(645,0): at Moq.Mock.SetupRecursive[TSetup](Mock mock, LambdaExpression expression, Func`4 setupLast, Boolean allowNonOverridableLastProperty)
[xUnit.net 00:00:01.09]         /_/src/Moq/Mock.cs(500,0): at Moq.Mock.Setup(Mock mock, LambdaExpression expression, Condition condition)
[xUnit.net 00:00:01.09]         /_/src/Moq/Mock.cs(518,0): at Moq.Mock.SetupGet(Mock mock, LambdaExpression expression, Condition condition)
[xUnit.net 00:00:01.09]         /_/src/Moq/Mock`1.cs(473,0): at Moq.Mock`1.SetupGet[TProperty](Expression`1 expression)
[xUnit.net 00:00:01.09]         /mnt/d/git/aula/src/Aula.Tests/Bots/TelegramTestMessageFactory.cs(18,0): at Aula.Tests.Bots.TelegramTestMessageFactory.CreateTextMessage(Int64 chatId, String text, ChatType chatType, Int32 messageId, String firstName, String username)
[xUnit.net 00:00:01.09]         /mnt/d/git/aula/src/Aula.Tests/Bots/TelegramMessageHandlerTests.cs(362,0): at Aula.Tests.Bots.TelegramMessageHandlerTests.HandleMessageAsync_LogsMessageProcessing()
[xUnit.net 00:00:01.10]         --- End of stack trace from previous location ---
[xUnit.net 00:00:01.11]       System.NotSupportedException : Unsupported expression: u =&gt; u.Id&#xD;
[xUnit.net 00:00:01.11]       Non-overridable members (here: User.get_Id) may not be used in setup / verification expressions.
[xUnit.net 00:00:01.11]       Stack Trace:
[xUnit.net 00:00:01.11]         /_/src/Moq/Guard.cs(99,0): at Moq.Guard.IsOverridable(MethodInfo method, Expression expression)
[xUnit.net 00:00:01.11]         /_/src/Moq/MethodExpectation.cs(87,0): at Moq.MethodExpectation..ctor(LambdaExpression expression, MethodInfo method, IReadOnlyList`1 arguments, Boolean exactGenericTypeArguments, Boolean skipMatcherInitialization, Boolean allowNonOverridable)
[xUnit.net 00:00:01.11]         /_/src/Moq/ExpressionExtensions.cs(326,0): at Moq.ExpressionExtensions.&lt;Split&gt;g__Split|5_0(Expression e, Expression&amp; r, MethodExpectation&amp; p, Boolean assignment, Boolean allowNonOverridableLastProperty)
[xUnit.net 00:00:01.11]         /_/src/Moq/ExpressionExtensions.cs(149,0): at Moq.ExpressionExtensions.Split(LambdaExpression expression, Boolean allowNonOverridableLastProperty)
[xUnit.net 00:00:01.11]         /_/src/Moq/Mock.cs(645,0): at Moq.Mock.SetupRecursive[TSetup](Mock mock, LambdaExpression expression, Func`4 setupLast, Boolean allowNonOverridableLastProperty)
[xUnit.net 00:00:01.11]         /_/src/Moq/Mock.cs(500,0): at Moq.Mock.Setup(Mock mock, LambdaExpression expression, Condition condition)
[xUnit.net 00:00:01.11]         /_/src/Moq/Mock.cs(518,0): at Moq.Mock.SetupGet(Mock mock, LambdaExpression expression, Condition condition)
[xUnit.net 00:00:01.11]         /_/src/Moq/Mock`1.cs(473,0): at Moq.Mock`1.SetupGet[TProperty](Expression`1 expression)
[xUnit.net 00:00:01.11]         /mnt/d/git/aula/src/Aula.Tests/Bots/TelegramTestMessageFactory.cs(18,0): at Aula.Tests.Bots.TelegramTestMessageFactory.CreateTextMessage(Int64 chatId, String text, ChatType chatType, Int32 messageId, String firstName, String username)
[xUnit.net 00:00:01.11]         /mnt/d/git/aula/src/Aula.Tests/Bots/TelegramMessageHandlerTests.cs(425,0): at Aula.Tests.Bots.TelegramMessageHandlerTests.HandleMessageAsync_WithCancellationToken_RespectsCancellation()
[xUnit.net 00:00:01.11]         --- End of stack trace from previous location ---
Error sending message: Unauthorized
Error sending fallback message: Unauthorized
Error sending message: Unauthorized
Error sending message: Unauthorized
Error sending message: Unauthorized
Error sending message: Unauthorized
Error sending fallback message: Unauthorized
Error sending message: Unauthorized
Error sending message: Unauthorized
Error sending fallback message: Unauthorized
Error sending fallback message: Unauthorized
Error sending message: Unauthorized
Error sending message: Unauthorized
Error sending fallback message: Unauthorized
Error sending message: Unauthorized
Error sending message: Username value should be Identifier or Username that starts with @ (Parameter 'username')
Error sending message: Username value should be Identifier or Username that starts with @ (Parameter 'username')
[xUnit.net 00:00:05.09]       Assert.False() Failure
[xUnit.net 00:00:05.09]       Expected: False
[xUnit.net 00:00:05.09]       Actual:   True
[xUnit.net 00:00:05.09]       Stack Trace:
[xUnit.net 00:00:05.09]         /mnt/d/git/aula/src/Aula.Tests/Bots/SlackMessageHandlerTests.cs(326,0): at Aula.Tests.Bots.SlackMessageHandlerTests.HandleMessageAsync_WithException_LogsErrorAndReturnsFalse()
[xUnit.net 00:00:05.09]         --- End of stack trace from previous location ---
[xUnit.net 00:00:05.32]       Moq.MockException : 
[xUnit.net 00:00:05.32]       Expected invocation on the mock at least once, but was never performed: logger =&gt; logger.Log&lt;It.IsAnyType&gt;(It.IsAny&lt;LogLevel&gt;(), It.IsAny&lt;EventId&gt;(), It.Is&lt;It.IsAnyType&gt;((v, t) =&gt; v.ToString().Contains("Processing message")), null, It.IsAny&lt;Func&lt;It.IsAnyType, Exception, string&gt;&gt;())
[xUnit.net 00:00:05.32]       
[xUnit.net 00:00:05.32]       Performed invocations:
[xUnit.net 00:00:05.32]       
[xUnit.net 00:00:05.32]          Mock&lt;ILogger:273&gt; (logger):
[xUnit.net 00:00:05.32]       
[xUnit.net 00:00:05.33]             ILogger.Log&lt;FormattedLogValues&gt;(LogLevel.Information, 0, Processing Slack message in channel test-channel: Test message, null, Func&lt;FormattedLogValues, Exception, string&gt;)
[xUnit.net 00:00:05.33]             ILogger.Log&lt;FormattedLogValues&gt;(LogLevel.Information, 0, No child name found in text, null, Func&lt;FormattedLogValues, Exception, string&gt;)
[xUnit.net 00:00:05.33]             ILogger.Log&lt;FormattedLogValues&gt;(LogLevel.Information, 0, Updated conversation context: Child: none, Today: False, Tomorrow: False, Homework: False, Age: 0.0 minutes, null, Func&lt;FormattedLogValues, Exception, string&gt;)
[xUnit.net 00:00:05.33]             ILogger.Log&lt;FormattedLogValues&gt;(LogLevel.Information, 0, Message sent successfully to Slack channel test-channel, null, Func&lt;FormattedLogValues, Exception, string&gt;)
[xUnit.net 00:00:05.33]             ILogger.Log&lt;FormattedLogValues&gt;(LogLevel.Information, 0, Sent response to Slack channel test-channel, null, Func&lt;FormattedLogValues, Exception, string&gt;)
[xUnit.net 00:00:05.33]       
[xUnit.net 00:00:05.33]       Stack Trace:
[xUnit.net 00:00:05.33]         /_/src/Moq/Mock.cs(332,0): at Moq.Mock.Verify(Mock mock, LambdaExpression expression, Times times, String failMessage)
[xUnit.net 00:00:05.33]         /_/src/Moq/Mock`1.cs(727,0): at Moq.Mock`1.Verify(Expression`1 expression, Times times)
[xUnit.net 00:00:05.33]         /_/src/Moq/Mock`1.cs(741,0): at Moq.Mock`1.Verify(Expression`1 expression, Func`1 times)
[xUnit.net 00:00:05.33]         /mnt/d/git/aula/src/Aula.Tests/Bots/SlackMessageHandlerTests.cs(374,0): at Aula.Tests.Bots.SlackMessageHandlerTests.HandleMessageAsync_LogsMessageProcessing()
[xUnit.net 00:00:05.33]         --- End of stack trace from previous location ---
[xUnit.net 00:00:05.33]   Finished:    Aula.Tests
</StdOut>
    </Output>
    <RunInfos>
      <RunInfo computerName="RHO-DESKTOP" outcome="Error" timestamp="2025-06-30T19:20:50.9740809+02:00">
        <Text>[xUnit.net 00:00:00.63]     Aula.Tests.Services.OpenAiServiceIntegrationTests.Constructor_WithNullApiKey_ThrowsArgumentException [FAIL]</Text>
      </RunInfo>
      <RunInfo computerName="RHO-DESKTOP" outcome="Error" timestamp="2025-06-30T19:20:50.9877503+02:00">
        <Text>[xUnit.net 00:00:00.65]     Aula.Tests.Services.OpenAiServiceIntegrationTests.Constructor_WithCustomModel_UsesSpecifiedModel [FAIL]</Text>
      </RunInfo>
      <RunInfo computerName="RHO-DESKTOP" outcome="Error" timestamp="2025-06-30T19:20:51.0041698+02:00">
        <Text>[xUnit.net 00:00:00.66]     Aula.Tests.Services.OpenAiServiceIntegrationTests.AskQuestionAboutChildrenAsync_WithNullChildrenWeekLetters_ThrowsArgumentNullException(chatInterface: Slack) [FAIL]</Text>
      </RunInfo>
      <RunInfo computerName="RHO-DESKTOP" outcome="Error" timestamp="2025-06-30T19:20:51.0051433+02:00">
        <Text>[xUnit.net 00:00:00.66]     Aula.Tests.Services.OpenAiServiceIntegrationTests.AskQuestionAboutChildrenAsync_WithNullChildrenWeekLetters_ThrowsArgumentNullException(chatInterface: Telegram) [FAIL]</Text>
      </RunInfo>
      <RunInfo computerName="RHO-DESKTOP" outcome="Error" timestamp="2025-06-30T19:20:51.0123269+02:00">
        <Text>[xUnit.net 00:00:00.67]     Aula.Tests.Services.OpenAiServiceIntegrationTests.Constructor_WithWhitespaceApiKey_ThrowsArgumentException [FAIL]</Text>
      </RunInfo>
      <RunInfo computerName="RHO-DESKTOP" outcome="Error" timestamp="2025-06-30T19:20:51.0185456+02:00">
        <Text>[xUnit.net 00:00:00.68]     Aula.Tests.Services.OpenAiServiceIntegrationTests.ClearConversationHistory_WithoutContextKey_DoesNotThrow [FAIL]</Text>
      </RunInfo>
      <RunInfo computerName="RHO-DESKTOP" outcome="Error" timestamp="2025-06-30T19:20:51.0485935+02:00">
        <Text>[xUnit.net 00:00:00.71]     Aula.Tests.Services.OpenAiServiceIntegrationTests.ExtractKeyInformationAsync_WithNullWeekLetter_ThrowsArgumentNullException(chatInterface: Telegram) [FAIL]</Text>
      </RunInfo>
      <RunInfo computerName="RHO-DESKTOP" outcome="Error" timestamp="2025-06-30T19:20:51.0570387+02:00">
        <Text>[xUnit.net 00:00:00.71]     Aula.Tests.Services.OpenAiServiceIntegrationTests.ExtractKeyInformationAsync_WithNullWeekLetter_ThrowsArgumentNullException(chatInterface: Slack) [FAIL]</Text>
      </RunInfo>
      <RunInfo computerName="RHO-DESKTOP" outcome="Error" timestamp="2025-06-30T19:20:51.0592577+02:00">
        <Text>[xUnit.net 00:00:00.72]     Aula.Tests.Services.OpenAiServiceIntegrationTests.ProcessQueryWithToolsAsync_WithInvalidQuery_ThrowsArgumentException(query: "   ") [FAIL]</Text>
      </RunInfo>
      <RunInfo computerName="RHO-DESKTOP" outcome="Error" timestamp="2025-06-30T19:20:51.0850920+02:00">
        <Text>[xUnit.net 00:00:00.73]     Aula.Tests.Services.OpenAiServiceIntegrationTests.ProcessQueryWithToolsAsync_WithInvalidQuery_ThrowsArgumentException(query: null) [FAIL]</Text>
      </RunInfo>
      <RunInfo computerName="RHO-DESKTOP" outcome="Error" timestamp="2025-06-30T19:20:51.0852528+02:00">
        <Text>[xUnit.net 00:00:00.73]     Aula.Tests.Services.OpenAiServiceIntegrationTests.ProcessQueryWithToolsAsync_WithInvalidQuery_ThrowsArgumentException(query: "") [FAIL]</Text>
      </RunInfo>
      <RunInfo computerName="RHO-DESKTOP" outcome="Error" timestamp="2025-06-30T19:20:51.0920424+02:00">
        <Text>[xUnit.net 00:00:00.75]     Aula.Tests.Services.OpenAiServiceIntegrationTests.ProcessQueryWithToolsAsync_WithInvalidContextKey_ThrowsArgumentException(contextKey: "   ") [FAIL]</Text>
      </RunInfo>
      <RunInfo computerName="RHO-DESKTOP" outcome="Error" timestamp="2025-06-30T19:20:51.1132111+02:00">
        <Text>[xUnit.net 00:00:00.77]     Aula.Tests.Services.OpenAiServiceIntegrationTests.ProcessQueryWithToolsAsync_WithInvalidContextKey_ThrowsArgumentException(contextKey: "") [FAIL]</Text>
      </RunInfo>
      <RunInfo computerName="RHO-DESKTOP" outcome="Error" timestamp="2025-06-30T19:20:51.1135580+02:00">
        <Text>[xUnit.net 00:00:00.77]     Aula.Tests.Services.OpenAiServiceIntegrationTests.ProcessQueryWithToolsAsync_WithInvalidContextKey_ThrowsArgumentException(contextKey: null) [FAIL]</Text>
      </RunInfo>
      <RunInfo computerName="RHO-DESKTOP" outcome="Error" timestamp="2025-06-30T19:20:51.1163313+02:00">
        <Text>[xUnit.net 00:00:00.78]     Aula.Tests.Services.OpenAiServiceIntegrationTests.ExtractKeyInformationAsync_WithValidWeekLetter_CallsApiWithCorrectParameters [FAIL]</Text>
      </RunInfo>
      <RunInfo computerName="RHO-DESKTOP" outcome="Error" timestamp="2025-06-30T19:20:51.1264094+02:00">
        <Text>[xUnit.net 00:00:00.78]     Aula.Tests.Services.OpenAiServiceIntegrationTests.AskQuestionAboutWeekLetterAsync_WithNullWeekLetter_ThrowsArgumentNullException(chatInterface: Slack) [FAIL]</Text>
      </RunInfo>
      <RunInfo computerName="RHO-DESKTOP" outcome="Error" timestamp="2025-06-30T19:20:51.1302827+02:00">
        <Text>[xUnit.net 00:00:00.79]     Aula.Tests.Services.OpenAiServiceIntegrationTests.AskQuestionAboutWeekLetterAsync_WithNullWeekLetter_ThrowsArgumentNullException(chatInterface: Telegram) [FAIL]</Text>
      </RunInfo>
      <RunInfo computerName="RHO-DESKTOP" outcome="Error" timestamp="2025-06-30T19:20:51.1403547+02:00">
        <Text>[xUnit.net 00:00:00.80]     Aula.Tests.Services.OpenAiServiceIntegrationTests.AskQuestionAboutWeekLetterAsync_WithContextKey_WithNullWeekLetter_ThrowsArgumentNullException(chatInterface: Slack) [FAIL]</Text>
      </RunInfo>
      <RunInfo computerName="RHO-DESKTOP" outcome="Error" timestamp="2025-06-30T19:20:51.1441923+02:00">
        <Text>[xUnit.net 00:00:00.80]     Aula.Tests.Services.OpenAiServiceIntegrationTests.AskQuestionAboutWeekLetterAsync_WithContextKey_WithNullWeekLetter_ThrowsArgumentNullException(chatInterface: Telegram) [FAIL]</Text>
      </RunInfo>
      <RunInfo computerName="RHO-DESKTOP" outcome="Error" timestamp="2025-06-30T19:20:51.1445784+02:00">
        <Text>[xUnit.net 00:00:00.80]     Aula.Tests.Services.OpenAiServiceIntegrationTests.SummarizeWeekLetterAsync_WithNullWeekLetter_ThrowsArgumentNullException(chatInterface: Telegram) [FAIL]</Text>
      </RunInfo>
      <RunInfo computerName="RHO-DESKTOP" outcome="Error" timestamp="2025-06-30T19:20:51.1487457+02:00">
        <Text>[xUnit.net 00:00:00.81]     Aula.Tests.Services.OpenAiServiceIntegrationTests.SummarizeWeekLetterAsync_WithNullWeekLetter_ThrowsArgumentNullException(chatInterface: Slack) [FAIL]</Text>
      </RunInfo>
      <RunInfo computerName="RHO-DESKTOP" outcome="Error" timestamp="2025-06-30T19:20:51.1997223+02:00">
        <Text>[xUnit.net 00:00:00.86]     Aula.Tests.Services.OpenAiServiceIntegrationTests.AskQuestionAboutChildrenAsync_WithValidParameters_CallsApiWithCorrectParameters [FAIL]</Text>
      </RunInfo>
      <RunInfo computerName="RHO-DESKTOP" outcome="Error" timestamp="2025-06-30T19:20:51.2011039+02:00">
        <Text>[xUnit.net 00:00:00.86]     Aula.Tests.Services.OpenAiServiceIntegrationTests.Constructor_WithEmptyApiKey_ThrowsArgumentException [FAIL]</Text>
      </RunInfo>
      <RunInfo computerName="RHO-DESKTOP" outcome="Error" timestamp="2025-06-30T19:20:51.2033494+02:00">
        <Text>[xUnit.net 00:00:00.86]     Aula.Tests.Services.OpenAiServiceIntegrationTests.Constructor_WithValidParameters_InitializesCorrectly [FAIL]</Text>
      </RunInfo>
      <RunInfo computerName="RHO-DESKTOP" outcome="Error" timestamp="2025-06-30T19:20:51.2119083+02:00">
        <Text>[xUnit.net 00:00:00.87]     Aula.Tests.Services.OpenAiServiceIntegrationTests.ProcessQueryWithToolsAsync_WithValidParameters_CallsApiWithCorrectParameters [FAIL]</Text>
      </RunInfo>
      <RunInfo computerName="RHO-DESKTOP" outcome="Error" timestamp="2025-06-30T19:20:51.2148878+02:00">
        <Text>[xUnit.net 00:00:00.87]     Aula.Tests.Services.OpenAiServiceIntegrationTests.AskQuestionAboutWeekLetterAsync_WithValidParameters_CallsApiWithCorrectParameters [FAIL]</Text>
      </RunInfo>
      <RunInfo computerName="RHO-DESKTOP" outcome="Error" timestamp="2025-06-30T19:20:51.2175924+02:00">
        <Text>[xUnit.net 00:00:00.88]     Aula.Tests.Bots.TelegramMessageHandlerTests.HandleMessageAsync_WithHelpCommand_ProcessesHelpMessage(helpCommand: "HJÆLP") [FAIL]</Text>
      </RunInfo>
      <RunInfo computerName="RHO-DESKTOP" outcome="Error" timestamp="2025-06-30T19:20:51.2284770+02:00">
        <Text>[xUnit.net 00:00:00.89]     Aula.Tests.Services.OpenAiServiceIntegrationTests.MultipleConversations_WithDifferentContextKeys_AreHandledSeparately [FAIL]</Text>
      </RunInfo>
      <RunInfo computerName="RHO-DESKTOP" outcome="Error" timestamp="2025-06-30T19:20:51.2296989+02:00">
        <Text>[xUnit.net 00:00:00.89]     Aula.Tests.Bots.TelegramMessageHandlerTests.HandleMessageAsync_WithHelpCommand_ProcessesHelpMessage(helpCommand: "hjælp") [FAIL]</Text>
      </RunInfo>
      <RunInfo computerName="RHO-DESKTOP" outcome="Error" timestamp="2025-06-30T19:20:51.2338451+02:00">
        <Text>[xUnit.net 00:00:00.89]     Aula.Tests.Bots.TelegramMessageHandlerTests.HandleMessageAsync_WithHelpCommand_ProcessesHelpMessage(helpCommand: "HELP") [FAIL]</Text>
      </RunInfo>
      <RunInfo computerName="RHO-DESKTOP" outcome="Error" timestamp="2025-06-30T19:20:51.2386363+02:00">
        <Text>[xUnit.net 00:00:00.90]     Aula.Tests.Bots.TelegramMessageHandlerTests.HandleMessageAsync_WithHelpCommand_ProcessesHelpMessage(helpCommand: "help") [FAIL]</Text>
      </RunInfo>
      <RunInfo computerName="RHO-DESKTOP" outcome="Error" timestamp="2025-06-30T19:20:51.2521679+02:00">
        <Text>[xUnit.net 00:00:00.91]     Aula.Tests.Services.OpenAiServiceIntegrationTests.SummarizeWeekLetterAsync_WithValidWeekLetter_CallsApiWithCorrectParameters [FAIL]</Text>
      </RunInfo>
      <RunInfo computerName="RHO-DESKTOP" outcome="Error" timestamp="2025-06-30T19:20:51.2552701+02:00">
        <Text>[xUnit.net 00:00:00.91]     Aula.Tests.Bots.TelegramMessageHandlerTests.HandleMessageAsync_WithEmptyText_ReturnsEarly [FAIL]</Text>
      </RunInfo>
      <RunInfo computerName="RHO-DESKTOP" outcome="Error" timestamp="2025-06-30T19:20:51.2646402+02:00">
        <Text>[xUnit.net 00:00:00.92]     Aula.Tests.Services.OpenAiServiceIntegrationTests.Constructor_WithNullLoggerFactory_ThrowsArgumentNullException [FAIL]</Text>
      </RunInfo>
      <RunInfo computerName="RHO-DESKTOP" outcome="Error" timestamp="2025-06-30T19:20:51.2648342+02:00">
        <Text>[xUnit.net 00:00:00.92]     Aula.Tests.Services.OpenAiServiceIntegrationTests.ClearConversationHistory_WithContextKey_DoesNotThrow [FAIL]</Text>
      </RunInfo>
      <RunInfo computerName="RHO-DESKTOP" outcome="Error" timestamp="2025-06-30T19:20:51.2670859+02:00">
        <Text>[xUnit.net 00:00:00.92]     Aula.Tests.Bots.TelegramMessageHandlerTests.HandleMessageAsync_WithValidQuery_ProcessesSuccessfully(queryText: "Hvad skal Emma i dag?") [FAIL]</Text>
      </RunInfo>
      <RunInfo computerName="RHO-DESKTOP" outcome="Error" timestamp="2025-06-30T19:20:51.2683975+02:00">
        <Text>[xUnit.net 00:00:00.92]     Aula.Tests.Bots.TelegramMessageHandlerTests.HandleMessageAsync_WithValidQuery_ProcessesSuccessfully(queryText: "Vis ugeplanen") [FAIL]</Text>
      </RunInfo>
      <RunInfo computerName="RHO-DESKTOP" outcome="Error" timestamp="2025-06-30T19:20:51.2834567+02:00">
        <Text>[xUnit.net 00:00:00.93]     Aula.Tests.Bots.TelegramMessageHandlerTests.HandleMessageAsync_WithValidQuery_ProcessesSuccessfully(queryText: "What is TestChild1 doing tomorrow?") [FAIL]</Text>
      </RunInfo>
      <RunInfo computerName="RHO-DESKTOP" outcome="Error" timestamp="2025-06-30T19:20:51.2848340+02:00">
        <Text>[xUnit.net 00:00:00.94]     Aula.Tests.Bots.TelegramMessageHandlerTests.HandleMessageAsync_WithReminderCommand_ProcessesMessage(reminderCommand: "slet påmindelse") [FAIL]</Text>
      </RunInfo>
      <RunInfo computerName="RHO-DESKTOP" outcome="Error" timestamp="2025-06-30T19:20:51.2849109+02:00">
        <Text>[xUnit.net 00:00:00.94]     Aula.Tests.Bots.TelegramMessageHandlerTests.HandleMessageAsync_WithReminderCommand_ProcessesMessage(reminderCommand: "vis påmindelser") [FAIL]</Text>
      </RunInfo>
      <RunInfo computerName="RHO-DESKTOP" outcome="Error" timestamp="2025-06-30T19:20:51.2849911+02:00">
        <Text>[xUnit.net 00:00:00.94]     Aula.Tests.Bots.TelegramMessageHandlerTests.HandleMessageAsync_WithReminderCommand_ProcessesMessage(reminderCommand: "mind mig om noget") [FAIL]</Text>
      </RunInfo>
      <RunInfo computerName="RHO-DESKTOP" outcome="Error" timestamp="2025-06-30T19:20:51.2892979+02:00">
        <Text>[xUnit.net 00:00:00.94]     Aula.Tests.Bots.TelegramMessageHandlerTests.HandleMessageAsync_WithReminderCommand_ProcessesMessage(reminderCommand: "tilføj påmindelse") [FAIL]</Text>
      </RunInfo>
      <RunInfo computerName="RHO-DESKTOP" outcome="Error" timestamp="2025-06-30T19:20:51.2894346+02:00">
        <Text>[xUnit.net 00:00:00.95]     Aula.Tests.Bots.TelegramMessageHandlerTests.HandleMessageAsync_WithTextMessage_ProcessesSuccessfully [FAIL]</Text>
      </RunInfo>
      <RunInfo computerName="RHO-DESKTOP" outcome="Error" timestamp="2025-06-30T19:20:51.3185092+02:00">
        <Text>[xUnit.net 00:00:00.98]     Aula.Tests.Bots.TelegramMessageHandlerTests.HandleMessageAsync_WithException_LogsError [FAIL]</Text>
      </RunInfo>
      <RunInfo computerName="RHO-DESKTOP" outcome="Error" timestamp="2025-06-30T19:20:51.3272318+02:00">
        <Text>[xUnit.net 00:00:00.99]     Aula.Tests.Bots.TelegramMessageHandlerTests.HandleMessageAsync_WithNonTextMessage_ReturnsEarly [FAIL]</Text>
      </RunInfo>
      <RunInfo computerName="RHO-DESKTOP" outcome="Error" timestamp="2025-06-30T19:20:51.3309550+02:00">
        <Text>[xUnit.net 00:00:00.99]     Aula.Tests.Bots.TelegramMessageHandlerTests.HandleMessageAsync_WithNullText_ReturnsEarly [FAIL]</Text>
      </RunInfo>
      <RunInfo computerName="RHO-DESKTOP" outcome="Error" timestamp="2025-06-30T19:20:51.3635327+02:00">
        <Text>[xUnit.net 00:00:01.02]     Aula.Tests.Bots.TelegramMessageHandlerTests.HandleMessageAsync_WithPrivateChat_HandlesCorrectly [FAIL]</Text>
      </RunInfo>
      <RunInfo computerName="RHO-DESKTOP" outcome="Error" timestamp="2025-06-30T19:20:51.3790854+02:00">
        <Text>[xUnit.net 00:00:01.04]     Aula.Tests.Bots.TelegramMessageHandlerTests.HandleMessageAsync_WithGroupChat_HandlesCorrectly [FAIL]</Text>
      </RunInfo>
      <RunInfo computerName="RHO-DESKTOP" outcome="Error" timestamp="2025-06-30T19:20:51.4333623+02:00">
        <Text>[xUnit.net 00:00:01.09]     Aula.Tests.Bots.TelegramMessageHandlerTests.HandleMessageAsync_LogsMessageProcessing [FAIL]</Text>
      </RunInfo>
      <RunInfo computerName="RHO-DESKTOP" outcome="Error" timestamp="2025-06-30T19:20:51.4558708+02:00">
        <Text>[xUnit.net 00:00:01.11]     Aula.Tests.Bots.TelegramMessageHandlerTests.HandleMessageAsync_WithCancellationToken_RespectsCancellation [FAIL]</Text>
      </RunInfo>
      <RunInfo computerName="RHO-DESKTOP" outcome="Error" timestamp="2025-06-30T19:20:55.4280912+02:00">
        <Text>[xUnit.net 00:00:05.09]     Aula.Tests.Bots.SlackMessageHandlerTests.HandleMessageAsync_WithException_LogsErrorAndReturnsFalse [FAIL]</Text>
      </RunInfo>
      <RunInfo computerName="RHO-DESKTOP" outcome="Error" timestamp="2025-06-30T19:20:55.6653729+02:00">
        <Text>[xUnit.net 00:00:05.32]     Aula.Tests.Bots.SlackMessageHandlerTests.HandleMessageAsync_LogsMessageProcessing [FAIL]</Text>
      </RunInfo>
    </RunInfos>
    <CollectorDataEntries>
      <Collector agentName="RHO-DESKTOP" uri="datacollector://microsoft/CoverletCodeCoverage/1.0" collectorDisplayName="XPlat code coverage">
        <UriAttachments>
          <UriAttachment>
            <A href="RHO-DESKTOP/coverage.cobertura.xml"></A>
          </UriAttachment>
        </UriAttachments>
      </Collector>
    </CollectorDataEntries>
  </ResultSummary>
</TestRun>