<?xml version="1.0" encoding="utf-8"?>
<TestRun id="e37804a4-8ac7-4440-9058-6cabc649c6cc" name="@RHO-DESKTOP 2025-06-30 17:11:27" xmlns="http://microsoft.com/schemas/VisualStudio/TeamTest/2010">
  <Times creation="2025-06-30T17:11:27.3290447+02:00" queuing="2025-06-30T17:11:27.3290448+02:00" start="2025-06-30T17:11:26.1108754+02:00" finish="2025-06-30T17:11:30.0739250+02:00" />
  <TestSettings name="default" id="697259f8-db68-4b12-a261-82e5e8c73307">
    <Deployment runDeploymentRoot="_RHO-DESKTOP_2025-06-30_17_11_27" />
  </TestSettings>
  <Results>
    <UnitTestResult executionId="ac170930-8ce0-434b-8b37-cda6c82ea45c" testId="117ddc28-dcc8-243a-b2bd-3d83692ecb26" testName="Aula.Tests.Bots.SlackInteractiveBotTests.Stop_WhenCalled_LogsInformation" computerName="RHO-DESKTOP" duration="00:00:00.0029328" startTime="2025-06-30T17:11:28.2338365+02:00" endTime="2025-06-30T17:11:28.2338366+02:00" testType="13cdc9d9-ddb5-4fa4-a97d-d965ccfc6d4b" outcome="Passed" testListId="8c84fa94-04c1-424b-9868-57a2d4851a1d" relativeResultsDirectory="ac170930-8ce0-434b-8b37-cda6c82ea45c" />
    <UnitTestResult executionId="9119ff5a-24e1-439f-ac24-9d34b4f68d98" testId="e64ab231-01c1-e586-c097-a5bc789dc9e3" testName="Aula.Tests.Bots.TelegramMessageHandlerTests.HandleMessageAsync_WithEmptyText_ReturnsEarly" computerName="RHO-DESKTOP" duration="00:00:00.0010000" startTime="2025-06-30T17:11:27.5547302+02:00" endTime="2025-06-30T17:11:27.5547304+02:00" testType="13cdc9d9-ddb5-4fa4-a97d-d965ccfc6d4b" outcome="Failed" testListId="8c84fa94-04c1-424b-9868-57a2d4851a1d" relativeResultsDirectory="9119ff5a-24e1-439f-ac24-9d34b4f68d98">
      <Output>
        <ErrorInfo>
          <Message>System.ArgumentException : Can not instantiate proxy of class: Aula.Utilities.ConversationContextManager`1[[System.Int64, System.Private.CoreLib, Version=9.0.0.0, Culture=neutral, PublicKeyToken=7cec85d7bea7798e]].
Could not find a parameterless constructor. (Parameter 'constructorArguments')
---- System.MissingMethodException : Constructor on type 'Castle.Proxies.ConversationContextManager`1Proxy' not found.</Message>
          <StackTrace>   at Castle.DynamicProxy.ProxyGenerator.CreateClassProxyInstance(Type proxyType, List`1 proxyArguments, Type classToProxy, Object[] constructorArguments)
   at Castle.DynamicProxy.ProxyGenerator.CreateClassProxy(Type classToProxy, Type[] additionalInterfacesToProxy, ProxyGenerationOptions options, Object[] constructorArguments, IInterceptor[] interceptors)
   at Moq.CastleProxyFactory.CreateProxy(Type mockType, IInterceptor interceptor, Type[] interfaces, Object[] arguments) in /_/src/Moq/Interception/CastleProxyFactory.cs:line 62
   at Moq.Mock`1.InitializeInstance() in /_/src/Moq/Mock`1.cs:line 309
   at Moq.Mock`1.OnGetObject() in /_/src/Moq/Mock`1.cs:line 323
   at Moq.Mock.get_Object() in /_/src/Moq/Mock.cs:line 181
   at Moq.Mock`1.get_Object() in /_/src/Moq/Mock`1.cs:line 281
   at Aula.Tests.Bots.TelegramMessageHandlerTests..ctor() in /mnt/d/git/aula/src/Aula.Tests/Bots/TelegramMessageHandlerTests.cs:line 63
   at System.RuntimeType.CreateInstanceDefaultCtor(Boolean publicOnly, Boolean wrapExceptions)
----- Inner Stack Trace -----
   at System.RuntimeType.CreateInstanceImpl(BindingFlags bindingAttr, Binder binder, Object[] args, CultureInfo culture)
   at Castle.DynamicProxy.ProxyGenerator.CreateClassProxyInstance(Type proxyType, List`1 proxyArguments, Type classToProxy, Object[] constructorArguments)</StackTrace>
        </ErrorInfo>
      </Output>
    </UnitTestResult>
    <UnitTestResult executionId="e273e528-34e6-408f-8e78-5bad2a03749f" testId="e93018a6-329d-1e6a-244e-75972e649bf3" testName="Aula.Tests.Utilities.WeekLetterContentExtractorTests.ExtractContent_WithNullUgebreve_ReturnsEmptyString" computerName="RHO-DESKTOP" duration="00:00:00.0002765" startTime="2025-06-30T17:11:27.5271959+02:00" endTime="2025-06-30T17:11:27.5271960+02:00" testType="13cdc9d9-ddb5-4fa4-a97d-d965ccfc6d4b" outcome="Passed" testListId="8c84fa94-04c1-424b-9868-57a2d4851a1d" relativeResultsDirectory="e273e528-34e6-408f-8e78-5bad2a03749f" />
    <UnitTestResult executionId="79ca578b-2e8c-444b-a473-307527fe5ffc" testId="51dadbc3-586b-6ea0-f9cc-0638c0cb614d" testName="Aula.Tests.Utilities.DateTimeUtilitiesTests.GetDanishDayName_AllValidDaysOfWeek_ReturnsNonEmptyString(dayOfWeek: Saturday)" computerName="RHO-DESKTOP" duration="00:00:00.0000240" startTime="2025-06-30T17:11:27.7099540+02:00" endTime="2025-06-30T17:11:27.7099542+02:00" testType="13cdc9d9-ddb5-4fa4-a97d-d965ccfc6d4b" outcome="Passed" testListId="8c84fa94-04c1-424b-9868-57a2d4851a1d" relativeResultsDirectory="79ca578b-2e8c-444b-a473-307527fe5ffc" />
    <UnitTestResult executionId="2bbeb45d-4895-465a-a565-85e25b343a58" testId="9ae1ca23-2201-2b3b-6785-ee5758dfd92c" testName="Aula.Tests.Scheduling.SchedulingServiceTests.StartAsync_WithValidSetup_DoesNotThrow" computerName="RHO-DESKTOP" duration="00:00:00.0016521" startTime="2025-06-30T17:11:27.6441927+02:00" endTime="2025-06-30T17:11:27.6441927+02:00" testType="13cdc9d9-ddb5-4fa4-a97d-d965ccfc6d4b" outcome="Passed" testListId="8c84fa94-04c1-424b-9868-57a2d4851a1d" relativeResultsDirectory="2bbeb45d-4895-465a-a565-85e25b343a58" />
    <UnitTestResult executionId="f61642b3-be60-43c0-bea0-99dbcebb5af2" testId="7badf018-cb0a-dbe2-46e3-595e2e7a967d" testName="Aula.Tests.Utilities.FollowUpQuestionDetectorTests.IsFollowUpQuestion_WithShortFollowUps_ReturnsTrue(input: &quot;OK&quot;)" computerName="RHO-DESKTOP" duration="00:00:00.0002273" startTime="2025-06-30T17:11:27.7041303+02:00" endTime="2025-06-30T17:11:27.7041305+02:00" testType="13cdc9d9-ddb5-4fa4-a97d-d965ccfc6d4b" outcome="Passed" testListId="8c84fa94-04c1-424b-9868-57a2d4851a1d" relativeResultsDirectory="f61642b3-be60-43c0-bea0-99dbcebb5af2" />
    <UnitTestResult executionId="2335aa6c-7327-4b5a-935f-94d4a916be1f" testId="d0fb0f26-05d6-fd5b-00ba-97eda4e7b49a" testName="Aula.Tests.Bots.SlackMessageHandlerTests.HandleMessageAsync_WithHelpCommand_ProcessesHelpMessage(helpCommand: &quot;HELP&quot;)" computerName="RHO-DESKTOP" duration="00:00:00.0010000" startTime="2025-06-30T17:11:27.6655882+02:00" endTime="2025-06-30T17:11:27.6655884+02:00" testType="13cdc9d9-ddb5-4fa4-a97d-d965ccfc6d4b" outcome="Failed" testListId="8c84fa94-04c1-424b-9868-57a2d4851a1d" relativeResultsDirectory="2335aa6c-7327-4b5a-935f-94d4a916be1f">
      <Output>
        <ErrorInfo>
          <Message>System.ArgumentException : Can not instantiate proxy of class: Aula.Tools.ReminderCommandHandler.
Could not find a parameterless constructor. (Parameter 'constructorArguments')
---- System.MissingMethodException : Constructor on type 'Castle.Proxies.ReminderCommandHandlerProxy' not found.</Message>
          <StackTrace>   at Castle.DynamicProxy.ProxyGenerator.CreateClassProxyInstance(Type proxyType, List`1 proxyArguments, Type classToProxy, Object[] constructorArguments)
   at Castle.DynamicProxy.ProxyGenerator.CreateClassProxy(Type classToProxy, Type[] additionalInterfacesToProxy, ProxyGenerationOptions options, Object[] constructorArguments, IInterceptor[] interceptors)
   at Moq.CastleProxyFactory.CreateProxy(Type mockType, IInterceptor interceptor, Type[] interfaces, Object[] arguments) in /_/src/Moq/Interception/CastleProxyFactory.cs:line 62
   at Moq.Mock`1.InitializeInstance() in /_/src/Moq/Mock`1.cs:line 309
   at Moq.Mock`1.OnGetObject() in /_/src/Moq/Mock`1.cs:line 323
   at Moq.Mock.get_Object() in /_/src/Moq/Mock.cs:line 181
   at Moq.Mock`1.get_Object() in /_/src/Moq/Mock`1.cs:line 281
   at Aula.Tests.Bots.SlackMessageHandlerTests..ctor() in /mnt/d/git/aula/src/Aula.Tests/Bots/SlackMessageHandlerTests.cs:line 57
   at System.RuntimeType.CreateInstanceDefaultCtor(Boolean publicOnly, Boolean wrapExceptions)
----- Inner Stack Trace -----
   at System.RuntimeType.CreateInstanceImpl(BindingFlags bindingAttr, Binder binder, Object[] args, CultureInfo culture)
   at Castle.DynamicProxy.ProxyGenerator.CreateClassProxyInstance(Type proxyType, List`1 proxyArguments, Type classToProxy, Object[] constructorArguments)</StackTrace>
        </ErrorInfo>
      </Output>
    </UnitTestResult>
    <UnitTestResult executionId="21beeb1c-864a-4ffc-86bd-a0102efec0d6" testId="abcb3b7f-4c07-2d28-fb29-7bc03942e3cd" testName="Aula.Tests.Bots.SlackMessageHandlerTests.Constructor_WithNullConversationContext_ThrowsArgumentNullException" computerName="RHO-DESKTOP" duration="00:00:00.0010000" startTime="2025-06-30T17:11:27.6708276+02:00" endTime="2025-06-30T17:11:27.6708277+02:00" testType="13cdc9d9-ddb5-4fa4-a97d-d965ccfc6d4b" outcome="Failed" testListId="8c84fa94-04c1-424b-9868-57a2d4851a1d" relativeResultsDirectory="21beeb1c-864a-4ffc-86bd-a0102efec0d6">
      <Output>
        <ErrorInfo>
          <Message>System.ArgumentException : Can not instantiate proxy of class: Aula.Tools.ReminderCommandHandler.
Could not find a parameterless constructor. (Parameter 'constructorArguments')
---- System.MissingMethodException : Constructor on type 'Castle.Proxies.ReminderCommandHandlerProxy' not found.</Message>
          <StackTrace>   at Castle.DynamicProxy.ProxyGenerator.CreateClassProxyInstance(Type proxyType, List`1 proxyArguments, Type classToProxy, Object[] constructorArguments)
   at Castle.DynamicProxy.ProxyGenerator.CreateClassProxy(Type classToProxy, Type[] additionalInterfacesToProxy, ProxyGenerationOptions options, Object[] constructorArguments, IInterceptor[] interceptors)
   at Moq.CastleProxyFactory.CreateProxy(Type mockType, IInterceptor interceptor, Type[] interfaces, Object[] arguments) in /_/src/Moq/Interception/CastleProxyFactory.cs:line 62
   at Moq.Mock`1.InitializeInstance() in /_/src/Moq/Mock`1.cs:line 309
   at Moq.Mock`1.OnGetObject() in /_/src/Moq/Mock`1.cs:line 323
   at Moq.Mock.get_Object() in /_/src/Moq/Mock.cs:line 181
   at Moq.Mock`1.get_Object() in /_/src/Moq/Mock`1.cs:line 281
   at Aula.Tests.Bots.SlackMessageHandlerTests..ctor() in /mnt/d/git/aula/src/Aula.Tests/Bots/SlackMessageHandlerTests.cs:line 57
   at System.RuntimeType.CreateInstanceDefaultCtor(Boolean publicOnly, Boolean wrapExceptions)
----- Inner Stack Trace -----
   at System.RuntimeType.CreateInstanceImpl(BindingFlags bindingAttr, Binder binder, Object[] args, CultureInfo culture)
   at Castle.DynamicProxy.ProxyGenerator.CreateClassProxyInstance(Type proxyType, List`1 proxyArguments, Type classToProxy, Object[] constructorArguments)</StackTrace>
        </ErrorInfo>
      </Output>
    </UnitTestResult>
    <UnitTestResult executionId="e1555e9f-933b-407e-bb07-17eaad458df8" testId="fb801da6-9ecf-3dd8-bfd4-511523f841d2" testName="Aula.Tests.Integration.AgentServiceTests.SummarizeWeekLetterAsync_CallsOpenAiService" computerName="RHO-DESKTOP" duration="00:00:00.0089428" startTime="2025-06-30T17:11:27.6094397+02:00" endTime="2025-06-30T17:11:27.6094399+02:00" testType="13cdc9d9-ddb5-4fa4-a97d-d965ccfc6d4b" outcome="Passed" testListId="8c84fa94-04c1-424b-9868-57a2d4851a1d" relativeResultsDirectory="e1555e9f-933b-407e-bb07-17eaad458df8" />
    <UnitTestResult executionId="b1bb8bad-1e3a-46b8-838c-3db52c65324e" testId="8c77f87a-9ff2-d101-f9e6-6771eeb5c649" testName="Aula.Tests.Services.OpenAiServiceIntegrationTests.Constructor_WithValidParameters_InitializesCorrectly" computerName="RHO-DESKTOP" duration="00:00:00.0007770" startTime="2025-06-30T17:11:27.5955051+02:00" endTime="2025-06-30T17:11:27.5955052+02:00" testType="13cdc9d9-ddb5-4fa4-a97d-d965ccfc6d4b" outcome="Failed" testListId="8c84fa94-04c1-424b-9868-57a2d4851a1d" relativeResultsDirectory="b1bb8bad-1e3a-46b8-838c-3db52c65324e">
      <Output>
        <ErrorInfo>
          <Message>System.ArgumentException : Can not instantiate proxy of class: Aula.Tools.AiToolsManager.
Could not find a parameterless constructor. (Parameter 'constructorArguments')
---- System.MissingMethodException : Constructor on type 'Castle.Proxies.AiToolsManagerProxy' not found.</Message>
          <StackTrace>   at Castle.DynamicProxy.ProxyGenerator.CreateClassProxyInstance(Type proxyType, List`1 proxyArguments, Type classToProxy, Object[] constructorArguments)
   at Castle.DynamicProxy.ProxyGenerator.CreateClassProxy(Type classToProxy, Type[] additionalInterfacesToProxy, ProxyGenerationOptions options, Object[] constructorArguments, IInterceptor[] interceptors)
   at Moq.CastleProxyFactory.CreateProxy(Type mockType, IInterceptor interceptor, Type[] interfaces, Object[] arguments) in /_/src/Moq/Interception/CastleProxyFactory.cs:line 62
   at Moq.Mock`1.InitializeInstance() in /_/src/Moq/Mock`1.cs:line 309
   at Moq.Mock`1.OnGetObject() in /_/src/Moq/Mock`1.cs:line 323
   at Moq.Mock.get_Object() in /_/src/Moq/Mock.cs:line 181
   at Moq.Mock`1.get_Object() in /_/src/Moq/Mock`1.cs:line 281
   at Aula.Tests.Services.OpenAiServiceIntegrationTests.Constructor_WithValidParameters_InitializesCorrectly() in /mnt/d/git/aula/src/Aula.Tests/Services/OpenAiServiceIntegrationTests.cs:line 32
   at System.RuntimeMethodHandle.InvokeMethod(Object target, Void** arguments, Signature sig, Boolean isConstructor)
   at System.Reflection.MethodBaseInvoker.InvokeWithNoArgs(Object obj, BindingFlags invokeAttr)
----- Inner Stack Trace -----
   at System.RuntimeType.CreateInstanceImpl(BindingFlags bindingAttr, Binder binder, Object[] args, CultureInfo culture)
   at Castle.DynamicProxy.ProxyGenerator.CreateClassProxyInstance(Type proxyType, List`1 proxyArguments, Type classToProxy, Object[] constructorArguments)</StackTrace>
        </ErrorInfo>
      </Output>
    </UnitTestResult>
    <UnitTestResult executionId="00e577f7-8e2b-42f5-b31d-264ceffe35c2" testId="d0cf4523-20d9-e9c2-7e92-dc719d8bb4ef" testName="Aula.Tests.Tools.ReminderCommandHandlerTests.TryHandleReminderCommand_AddReminder_WithException_LogsErrorAndReturnsErrorMessage" computerName="RHO-DESKTOP" duration="00:00:00.0073121" startTime="2025-06-30T17:11:27.8192510+02:00" endTime="2025-06-30T17:11:27.8192511+02:00" testType="13cdc9d9-ddb5-4fa4-a97d-d965ccfc6d4b" outcome="Passed" testListId="8c84fa94-04c1-424b-9868-57a2d4851a1d" relativeResultsDirectory="00e577f7-8e2b-42f5-b31d-264ceffe35c2" />
    <UnitTestResult executionId="8dbf40cb-2539-4250-9938-b720529684ad" testId="4215f164-2029-10cd-3890-50362921a7d9" testName="Aula.Tests.Channels.SlackBotTests.PostWeekLetter_WithValidInputs_DoesNotThrow" computerName="RHO-DESKTOP" duration="00:00:00.0018525" startTime="2025-06-30T17:11:27.4091982+02:00" endTime="2025-06-30T17:11:27.4091984+02:00" testType="13cdc9d9-ddb5-4fa4-a97d-d965ccfc6d4b" outcome="Passed" testListId="8c84fa94-04c1-424b-9868-57a2d4851a1d" relativeResultsDirectory="8dbf40cb-2539-4250-9938-b720529684ad" />
    <UnitTestResult executionId="3bd0a9dc-cc6b-4265-8947-53903b07fb0a" testId="a5a1d376-9a55-3344-a8d1-042eaae8a59b" testName="Aula.Tests.Utilities.ConversationContextManagerTests.Manager_WithGuidKeys_WorksCorrectly" computerName="RHO-DESKTOP" duration="00:00:00.0033265" startTime="2025-06-30T17:11:27.4131595+02:00" endTime="2025-06-30T17:11:27.4131597+02:00" testType="13cdc9d9-ddb5-4fa4-a97d-d965ccfc6d4b" outcome="Passed" testListId="8c84fa94-04c1-424b-9868-57a2d4851a1d" relativeResultsDirectory="3bd0a9dc-cc6b-4265-8947-53903b07fb0a" />
    <UnitTestResult executionId="7ba2178b-423c-449a-8c6e-d622fddbe439" testId="3a33635c-4486-cf0b-99ea-c9804c518ad6" testName="Aula.Tests.Utilities.FollowUpQuestionDetectorTests.IsFollowUpQuestion_WithChildNameAndTimeReference_ReturnsFalse(input: &quot;Liam i morgen&quot;)" computerName="RHO-DESKTOP" duration="00:00:00.0001022" startTime="2025-06-30T17:11:27.7252503+02:00" endTime="2025-06-30T17:11:27.7252504+02:00" testType="13cdc9d9-ddb5-4fa4-a97d-d965ccfc6d4b" outcome="Passed" testListId="8c84fa94-04c1-424b-9868-57a2d4851a1d" relativeResultsDirectory="7ba2178b-423c-449a-8c6e-d622fddbe439" />
    <UnitTestResult executionId="75d790a9-a1ea-442a-89a5-314d11ff85af" testId="43884531-d2e9-76f0-a975-092a4d6d7e91" testName="Aula.Tests.Utilities.FollowUpQuestionDetectorTests.IsFollowUpQuestion_WithStartingFollowUpWords_ReturnsTrue(input: &quot;and Liam&quot;)" computerName="RHO-DESKTOP" duration="00:00:00.0003379" startTime="2025-06-30T17:11:27.7128537+02:00" endTime="2025-06-30T17:11:27.7128538+02:00" testType="13cdc9d9-ddb5-4fa4-a97d-d965ccfc6d4b" outcome="Passed" testListId="8c84fa94-04c1-424b-9868-57a2d4851a1d" relativeResultsDirectory="75d790a9-a1ea-442a-89a5-314d11ff85af" />
    <UnitTestResult executionId="a65ea301-4ec8-4ca1-a693-965b41d37bf0" testId="8f432e57-8098-fcb0-9efa-55aa76700f57" testName="Aula.Tests.Services.DataModelTests.Reminder_CreatedBy_HandlesValues(createdBy: &quot;system&quot;, shouldAccept: True)" computerName="RHO-DESKTOP" duration="00:00:00.0000071" startTime="2025-06-30T17:11:27.2577796+02:00" endTime="2025-06-30T17:11:27.2577797+02:00" testType="13cdc9d9-ddb5-4fa4-a97d-d965ccfc6d4b" outcome="Passed" testListId="8c84fa94-04c1-424b-9868-57a2d4851a1d" relativeResultsDirectory="a65ea301-4ec8-4ca1-a693-965b41d37bf0" />
    <UnitTestResult executionId="f7be2ce5-33cd-4fe7-a38f-059338ab4526" testId="63a4082c-526e-0303-add0-711bb075125c" testName="Aula.Tests.Services.OpenAiServiceIntegrationTests.Constructor_WithNullAiToolsManager_ThrowsArgumentNullException" computerName="RHO-DESKTOP" duration="00:00:00.0008146" startTime="2025-06-30T17:11:27.5262202+02:00" endTime="2025-06-30T17:11:27.5262204+02:00" testType="13cdc9d9-ddb5-4fa4-a97d-d965ccfc6d4b" outcome="Passed" testListId="8c84fa94-04c1-424b-9868-57a2d4851a1d" relativeResultsDirectory="f7be2ce5-33cd-4fe7-a38f-059338ab4526" />
    <UnitTestResult executionId="73ec5e8e-ddee-47e5-a709-996e2c0e0f78" testId="466fbb21-c308-9cae-2419-4b3a3d66b5be" testName="Aula.Tests.Channels.TelegramClientTests.SendMessageToChannel_WithVariousMessages_DoesNotThrow(message: &quot;Simple message&quot;)" computerName="RHO-DESKTOP" duration="00:00:00.0001084" startTime="2025-06-30T17:11:27.7384741+02:00" endTime="2025-06-30T17:11:27.7384743+02:00" testType="13cdc9d9-ddb5-4fa4-a97d-d965ccfc6d4b" outcome="Passed" testListId="8c84fa94-04c1-424b-9868-57a2d4851a1d" relativeResultsDirectory="73ec5e8e-ddee-47e5-a709-996e2c0e0f78" />
    <UnitTestResult executionId="49344f73-926b-4242-8ec8-09c646304736" testId="efffcfd3-8ae4-cc7b-929a-37f206ad1981" testName="Aula.Tests.Scheduling.SchedulingServiceIntegrationTests.Constructor_WithNullTelegramBot_AllowsNull" computerName="RHO-DESKTOP" duration="00:00:00.0007999" startTime="2025-06-30T17:11:27.5233463+02:00" endTime="2025-06-30T17:11:27.5233465+02:00" testType="13cdc9d9-ddb5-4fa4-a97d-d965ccfc6d4b" outcome="Passed" testListId="8c84fa94-04c1-424b-9868-57a2d4851a1d" relativeResultsDirectory="49344f73-926b-4242-8ec8-09c646304736" />
    <UnitTestResult executionId="9b83fd02-d004-4f4a-8ca6-9fe5d29fdb77" testId="66873fdb-c193-9c8c-5dd6-46cb202ddd5f" testName="Aula.Tests.Bots.TelegramInteractiveBotTests.Constructor_WithNullSupabaseService_ThrowsArgumentNullException" computerName="RHO-DESKTOP" duration="00:00:00.0010326" startTime="2025-06-30T17:11:28.3052404+02:00" endTime="2025-06-30T17:11:28.3052405+02:00" testType="13cdc9d9-ddb5-4fa4-a97d-d965ccfc6d4b" outcome="Passed" testListId="8c84fa94-04c1-424b-9868-57a2d4851a1d" relativeResultsDirectory="9b83fd02-d004-4f4a-8ca6-9fe5d29fdb77" />
    <UnitTestResult executionId="7b5d34e3-8d42-4b24-ba9b-9af20b75afa9" testId="471ccf46-b194-f558-fd6b-1d9d85ba4293" testName="Aula.Tests.Utilities.IntentAnalysisPromptsTests.ToolExamples_CoverExpectedUseCase(expectedKey: &quot;DELETE_REMINDER&quot;, queryPattern: &quot;delete&quot;)" computerName="RHO-DESKTOP" duration="00:00:00.0370483" startTime="2025-06-30T17:11:27.6404391+02:00" endTime="2025-06-30T17:11:27.6404392+02:00" testType="13cdc9d9-ddb5-4fa4-a97d-d965ccfc6d4b" outcome="Passed" testListId="8c84fa94-04c1-424b-9868-57a2d4851a1d" relativeResultsDirectory="7b5d34e3-8d42-4b24-ba9b-9af20b75afa9" />
    <UnitTestResult executionId="3a859998-a9c0-4a82-96a0-79420c65b6a3" testId="c8f354e3-5f08-fa6e-54e5-16cf95052730" testName="Aula.Tests.Scheduling.SchedulingServiceIntegrationTests.StartStop_Sequence_WorksCorrectly" computerName="RHO-DESKTOP" duration="00:00:00.0012636" startTime="2025-06-30T17:11:27.4778609+02:00" endTime="2025-06-30T17:11:27.4778610+02:00" testType="13cdc9d9-ddb5-4fa4-a97d-d965ccfc6d4b" outcome="Passed" testListId="8c84fa94-04c1-424b-9868-57a2d4851a1d" relativeResultsDirectory="3a859998-a9c0-4a82-96a0-79420c65b6a3" />
    <UnitTestResult executionId="f8cbece8-bc1f-484e-9932-bf71c9bdad16" testId="415f90fb-9864-854c-b560-969302c9cec5" testName="Aula.Tests.Utilities.FollowUpQuestionDetectorTests.IsFollowUpQuestion_WithChildNameAndShortMessage_ReturnsTrue(input: &quot;Wilson&quot;)" computerName="RHO-DESKTOP" duration="00:00:00.0000871" startTime="2025-06-30T17:11:27.7066585+02:00" endTime="2025-06-30T17:11:27.7066586+02:00" testType="13cdc9d9-ddb5-4fa4-a97d-d965ccfc6d4b" outcome="Passed" testListId="8c84fa94-04c1-424b-9868-57a2d4851a1d" relativeResultsDirectory="f8cbece8-bc1f-484e-9932-bf71c9bdad16" />
    <UnitTestResult executionId="1b8dfdf5-7c61-41a4-8199-f0e772483a8b" testId="504418ac-a1f0-2470-99eb-7bd66657ed39" testName="Aula.Tests.Services.DataModelTests.Reminder_DefaultConstructor_InitializesCorrectly" computerName="RHO-DESKTOP" duration="00:00:00.0333570" startTime="2025-06-30T17:11:27.2549408+02:00" endTime="2025-06-30T17:11:27.2549411+02:00" testType="13cdc9d9-ddb5-4fa4-a97d-d965ccfc6d4b" outcome="Passed" testListId="8c84fa94-04c1-424b-9868-57a2d4851a1d" relativeResultsDirectory="1b8dfdf5-7c61-41a4-8199-f0e772483a8b" />
    <UnitTestResult executionId="26813ac5-afe3-4871-9004-09a84a3e741f" testId="753b01fb-135d-858f-b53c-7e32b4ede58e" testName="Aula.Tests.Bots.SlackMessageHandlerTests.HandleMessageAsync_WithReminderCommand_CallsReminderHandler(reminderCommand: &quot;vis påmindelser&quot;)" computerName="RHO-DESKTOP" duration="00:00:00.0010000" startTime="2025-06-30T17:11:27.6749105+02:00" endTime="2025-06-30T17:11:27.6749108+02:00" testType="13cdc9d9-ddb5-4fa4-a97d-d965ccfc6d4b" outcome="Failed" testListId="8c84fa94-04c1-424b-9868-57a2d4851a1d" relativeResultsDirectory="26813ac5-afe3-4871-9004-09a84a3e741f">
      <Output>
        <ErrorInfo>
          <Message>System.ArgumentException : Can not instantiate proxy of class: Aula.Tools.ReminderCommandHandler.
Could not find a parameterless constructor. (Parameter 'constructorArguments')
---- System.MissingMethodException : Constructor on type 'Castle.Proxies.ReminderCommandHandlerProxy' not found.</Message>
          <StackTrace>   at Castle.DynamicProxy.ProxyGenerator.CreateClassProxyInstance(Type proxyType, List`1 proxyArguments, Type classToProxy, Object[] constructorArguments)
   at Castle.DynamicProxy.ProxyGenerator.CreateClassProxy(Type classToProxy, Type[] additionalInterfacesToProxy, ProxyGenerationOptions options, Object[] constructorArguments, IInterceptor[] interceptors)
   at Moq.CastleProxyFactory.CreateProxy(Type mockType, IInterceptor interceptor, Type[] interfaces, Object[] arguments) in /_/src/Moq/Interception/CastleProxyFactory.cs:line 62
   at Moq.Mock`1.InitializeInstance() in /_/src/Moq/Mock`1.cs:line 309
   at Moq.Mock`1.OnGetObject() in /_/src/Moq/Mock`1.cs:line 323
   at Moq.Mock.get_Object() in /_/src/Moq/Mock.cs:line 181
   at Moq.Mock`1.get_Object() in /_/src/Moq/Mock`1.cs:line 281
   at Aula.Tests.Bots.SlackMessageHandlerTests..ctor() in /mnt/d/git/aula/src/Aula.Tests/Bots/SlackMessageHandlerTests.cs:line 57
   at System.RuntimeType.CreateInstanceDefaultCtor(Boolean publicOnly, Boolean wrapExceptions)
----- Inner Stack Trace -----
   at System.RuntimeType.CreateInstanceImpl(BindingFlags bindingAttr, Binder binder, Object[] args, CultureInfo culture)
   at Castle.DynamicProxy.ProxyGenerator.CreateClassProxyInstance(Type proxyType, List`1 proxyArguments, Type classToProxy, Object[] constructorArguments)</StackTrace>
        </ErrorInfo>
      </Output>
    </UnitTestResult>
    <UnitTestResult executionId="c8420c38-76eb-4521-b022-59eb569c3af4" testId="d484adb7-a52c-1efb-9dd8-63c19447b60d" testName="Aula.Tests.Bots.SlackMessageHandlerTests.Constructor_WithNullHttpClient_ThrowsArgumentNullException" computerName="RHO-DESKTOP" duration="00:00:00.0010000" startTime="2025-06-30T17:11:27.6680790+02:00" endTime="2025-06-30T17:11:27.6680792+02:00" testType="13cdc9d9-ddb5-4fa4-a97d-d965ccfc6d4b" outcome="Failed" testListId="8c84fa94-04c1-424b-9868-57a2d4851a1d" relativeResultsDirectory="c8420c38-76eb-4521-b022-59eb569c3af4">
      <Output>
        <ErrorInfo>
          <Message>System.ArgumentException : Can not instantiate proxy of class: Aula.Tools.ReminderCommandHandler.
Could not find a parameterless constructor. (Parameter 'constructorArguments')
---- System.MissingMethodException : Constructor on type 'Castle.Proxies.ReminderCommandHandlerProxy' not found.</Message>
          <StackTrace>   at Castle.DynamicProxy.ProxyGenerator.CreateClassProxyInstance(Type proxyType, List`1 proxyArguments, Type classToProxy, Object[] constructorArguments)
   at Castle.DynamicProxy.ProxyGenerator.CreateClassProxy(Type classToProxy, Type[] additionalInterfacesToProxy, ProxyGenerationOptions options, Object[] constructorArguments, IInterceptor[] interceptors)
   at Moq.CastleProxyFactory.CreateProxy(Type mockType, IInterceptor interceptor, Type[] interfaces, Object[] arguments) in /_/src/Moq/Interception/CastleProxyFactory.cs:line 62
   at Moq.Mock`1.InitializeInstance() in /_/src/Moq/Mock`1.cs:line 309
   at Moq.Mock`1.OnGetObject() in /_/src/Moq/Mock`1.cs:line 323
   at Moq.Mock.get_Object() in /_/src/Moq/Mock.cs:line 181
   at Moq.Mock`1.get_Object() in /_/src/Moq/Mock`1.cs:line 281
   at Aula.Tests.Bots.SlackMessageHandlerTests..ctor() in /mnt/d/git/aula/src/Aula.Tests/Bots/SlackMessageHandlerTests.cs:line 57
   at System.RuntimeType.CreateInstanceDefaultCtor(Boolean publicOnly, Boolean wrapExceptions)
----- Inner Stack Trace -----
   at System.RuntimeType.CreateInstanceImpl(BindingFlags bindingAttr, Binder binder, Object[] args, CultureInfo culture)
   at Castle.DynamicProxy.ProxyGenerator.CreateClassProxyInstance(Type proxyType, List`1 proxyArguments, Type classToProxy, Object[] constructorArguments)</StackTrace>
        </ErrorInfo>
      </Output>
    </UnitTestResult>
    <UnitTestResult executionId="5dbafe59-4eb5-4eaa-8588-dffcc9cfde39" testId="8b65b678-d86a-73e1-86df-afba7eb83500" testName="Aula.Tests.Bots.SlackMessageHandlerTests.Constructor_WithValidParameters_InitializesCorrectly" computerName="RHO-DESKTOP" duration="00:00:00.0010000" startTime="2025-06-30T17:11:27.6602966+02:00" endTime="2025-06-30T17:11:27.6602967+02:00" testType="13cdc9d9-ddb5-4fa4-a97d-d965ccfc6d4b" outcome="Failed" testListId="8c84fa94-04c1-424b-9868-57a2d4851a1d" relativeResultsDirectory="5dbafe59-4eb5-4eaa-8588-dffcc9cfde39">
      <Output>
        <ErrorInfo>
          <Message>System.ArgumentException : Can not instantiate proxy of class: Aula.Tools.ReminderCommandHandler.
Could not find a parameterless constructor. (Parameter 'constructorArguments')
---- System.MissingMethodException : Constructor on type 'Castle.Proxies.ReminderCommandHandlerProxy' not found.</Message>
          <StackTrace>   at Castle.DynamicProxy.ProxyGenerator.CreateClassProxyInstance(Type proxyType, List`1 proxyArguments, Type classToProxy, Object[] constructorArguments)
   at Castle.DynamicProxy.ProxyGenerator.CreateClassProxy(Type classToProxy, Type[] additionalInterfacesToProxy, ProxyGenerationOptions options, Object[] constructorArguments, IInterceptor[] interceptors)
   at Moq.CastleProxyFactory.CreateProxy(Type mockType, IInterceptor interceptor, Type[] interfaces, Object[] arguments) in /_/src/Moq/Interception/CastleProxyFactory.cs:line 62
   at Moq.Mock`1.InitializeInstance() in /_/src/Moq/Mock`1.cs:line 309
   at Moq.Mock`1.OnGetObject() in /_/src/Moq/Mock`1.cs:line 323
   at Moq.Mock.get_Object() in /_/src/Moq/Mock.cs:line 181
   at Moq.Mock`1.get_Object() in /_/src/Moq/Mock`1.cs:line 281
   at Aula.Tests.Bots.SlackMessageHandlerTests..ctor() in /mnt/d/git/aula/src/Aula.Tests/Bots/SlackMessageHandlerTests.cs:line 57
   at System.RuntimeType.CreateInstanceDefaultCtor(Boolean publicOnly, Boolean wrapExceptions)
----- Inner Stack Trace -----
   at System.RuntimeType.CreateInstanceImpl(BindingFlags bindingAttr, Binder binder, Object[] args, CultureInfo culture)
   at Castle.DynamicProxy.ProxyGenerator.CreateClassProxyInstance(Type proxyType, List`1 proxyArguments, Type classToProxy, Object[] constructorArguments)</StackTrace>
        </ErrorInfo>
      </Output>
    </UnitTestResult>
    <UnitTestResult executionId="b3879e19-5743-47e2-82d2-5edf15ae425f" testId="9835e47b-ec22-5506-aeb5-974d4515aa48" testName="Aula.Tests.Bots.SlackMessageHandlerTests.HandleMessageAsync_WithNullChannel_ReturnsFalse" computerName="RHO-DESKTOP" duration="00:00:00.0010000" startTime="2025-06-30T17:11:27.6580314+02:00" endTime="2025-06-30T17:11:27.6580316+02:00" testType="13cdc9d9-ddb5-4fa4-a97d-d965ccfc6d4b" outcome="Failed" testListId="8c84fa94-04c1-424b-9868-57a2d4851a1d" relativeResultsDirectory="b3879e19-5743-47e2-82d2-5edf15ae425f">
      <Output>
        <ErrorInfo>
          <Message>System.ArgumentException : Can not instantiate proxy of class: Aula.Tools.ReminderCommandHandler.
Could not find a parameterless constructor. (Parameter 'constructorArguments')
---- System.MissingMethodException : Constructor on type 'Castle.Proxies.ReminderCommandHandlerProxy' not found.</Message>
          <StackTrace>   at Castle.DynamicProxy.ProxyGenerator.CreateClassProxyInstance(Type proxyType, List`1 proxyArguments, Type classToProxy, Object[] constructorArguments)
   at Castle.DynamicProxy.ProxyGenerator.CreateClassProxy(Type classToProxy, Type[] additionalInterfacesToProxy, ProxyGenerationOptions options, Object[] constructorArguments, IInterceptor[] interceptors)
   at Moq.CastleProxyFactory.CreateProxy(Type mockType, IInterceptor interceptor, Type[] interfaces, Object[] arguments) in /_/src/Moq/Interception/CastleProxyFactory.cs:line 62
   at Moq.Mock`1.InitializeInstance() in /_/src/Moq/Mock`1.cs:line 309
   at Moq.Mock`1.OnGetObject() in /_/src/Moq/Mock`1.cs:line 323
   at Moq.Mock.get_Object() in /_/src/Moq/Mock.cs:line 181
   at Moq.Mock`1.get_Object() in /_/src/Moq/Mock`1.cs:line 281
   at Aula.Tests.Bots.SlackMessageHandlerTests..ctor() in /mnt/d/git/aula/src/Aula.Tests/Bots/SlackMessageHandlerTests.cs:line 57
   at System.RuntimeType.CreateInstanceDefaultCtor(Boolean publicOnly, Boolean wrapExceptions)
----- Inner Stack Trace -----
   at System.RuntimeType.CreateInstanceImpl(BindingFlags bindingAttr, Binder binder, Object[] args, CultureInfo culture)
   at Castle.DynamicProxy.ProxyGenerator.CreateClassProxyInstance(Type proxyType, List`1 proxyArguments, Type classToProxy, Object[] constructorArguments)</StackTrace>
        </ErrorInfo>
      </Output>
    </UnitTestResult>
    <UnitTestResult executionId="2ea97da1-650e-4709-a600-3d2946c80c15" testId="e2fe22aa-9b88-2a0d-2525-75fe06705548" testName="Aula.Tests.Bots.SlackInteractiveBotTests.SendMessage_WithValidText_SendsSuccessfully" computerName="RHO-DESKTOP" duration="00:00:00.2243628" startTime="2025-06-30T17:11:29.7280835+02:00" endTime="2025-06-30T17:11:29.7280839+02:00" testType="13cdc9d9-ddb5-4fa4-a97d-d965ccfc6d4b" outcome="Failed" testListId="8c84fa94-04c1-424b-9868-57a2d4851a1d" relativeResultsDirectory="2ea97da1-650e-4709-a600-3d2946c80c15">
      <Output>
        <ErrorInfo>
          <Message>Moq.MockException : 
Expected invocation on the mock once, but was 0 times: mock =&gt; mock.SendAsync(It.Is&lt;HttpRequestMessage&gt;(req =&gt; req.Method == HttpMethod.Post &amp;&amp; req.RequestUri.ToString() == "https://slack.com/api/chat.postMessage"), It.IsAny&lt;CancellationToken&gt;())

Performed invocations:

   Mock&lt;HttpMessageHandler:13&gt; (mock):
   No invocations performed.
</Message>
          <StackTrace>   at Moq.Mock.Verify(Mock mock, LambdaExpression expression, Times times, String failMessage) in /_/src/Moq/Mock.cs:line 332
   at Moq.Protected.ProtectedMock`1.InternalVerify(String methodName, Type[] genericTypeArguments, Times times, Boolean exactParameterMatch, Object[] args) in /_/src/Moq/Protected/ProtectedMock.cs:line 234
   at Moq.Protected.ProtectedMock`1.Verify(String methodName, Times times, Object[] args) in /_/src/Moq/Protected/ProtectedMock.cs:line 206
   at Aula.Tests.Bots.SlackInteractiveBotTests.SendMessage_WithValidText_SendsSuccessfully() in /mnt/d/git/aula/src/Aula.Tests/Bots/SlackInteractiveBotTests.cs:line 172
--- End of stack trace from previous location ---</StackTrace>
        </ErrorInfo>
      </Output>
    </UnitTestResult>
    <UnitTestResult executionId="e034a669-b695-4d79-980f-5f038a9f8c79" testId="17d4fefb-2556-b281-a665-c9c732c99e79" testName="Aula.Tests.Bots.TelegramMessageHandlerTests.HandleMessageAsync_WithReminderCommand_CallsReminderHandler(reminderCommand: &quot;vis påmindelser&quot;)" computerName="RHO-DESKTOP" duration="00:00:00.0010000" startTime="2025-06-30T17:11:27.5634310+02:00" endTime="2025-06-30T17:11:27.5634311+02:00" testType="13cdc9d9-ddb5-4fa4-a97d-d965ccfc6d4b" outcome="Failed" testListId="8c84fa94-04c1-424b-9868-57a2d4851a1d" relativeResultsDirectory="e034a669-b695-4d79-980f-5f038a9f8c79">
      <Output>
        <ErrorInfo>
          <Message>System.ArgumentException : Can not instantiate proxy of class: Aula.Utilities.ConversationContextManager`1[[System.Int64, System.Private.CoreLib, Version=9.0.0.0, Culture=neutral, PublicKeyToken=7cec85d7bea7798e]].
Could not find a parameterless constructor. (Parameter 'constructorArguments')
---- System.MissingMethodException : Constructor on type 'Castle.Proxies.ConversationContextManager`1Proxy' not found.</Message>
          <StackTrace>   at Castle.DynamicProxy.ProxyGenerator.CreateClassProxyInstance(Type proxyType, List`1 proxyArguments, Type classToProxy, Object[] constructorArguments)
   at Castle.DynamicProxy.ProxyGenerator.CreateClassProxy(Type classToProxy, Type[] additionalInterfacesToProxy, ProxyGenerationOptions options, Object[] constructorArguments, IInterceptor[] interceptors)
   at Moq.CastleProxyFactory.CreateProxy(Type mockType, IInterceptor interceptor, Type[] interfaces, Object[] arguments) in /_/src/Moq/Interception/CastleProxyFactory.cs:line 62
   at Moq.Mock`1.InitializeInstance() in /_/src/Moq/Mock`1.cs:line 309
   at Moq.Mock`1.OnGetObject() in /_/src/Moq/Mock`1.cs:line 323
   at Moq.Mock.get_Object() in /_/src/Moq/Mock.cs:line 181
   at Moq.Mock`1.get_Object() in /_/src/Moq/Mock`1.cs:line 281
   at Aula.Tests.Bots.TelegramMessageHandlerTests..ctor() in /mnt/d/git/aula/src/Aula.Tests/Bots/TelegramMessageHandlerTests.cs:line 63
   at System.RuntimeType.CreateInstanceDefaultCtor(Boolean publicOnly, Boolean wrapExceptions)
----- Inner Stack Trace -----
   at System.RuntimeType.CreateInstanceImpl(BindingFlags bindingAttr, Binder binder, Object[] args, CultureInfo culture)
   at Castle.DynamicProxy.ProxyGenerator.CreateClassProxyInstance(Type proxyType, List`1 proxyArguments, Type classToProxy, Object[] constructorArguments)</StackTrace>
        </ErrorInfo>
      </Output>
    </UnitTestResult>
    <UnitTestResult executionId="275ab2db-b878-4957-82f5-3d54fb32692d" testId="45fb5dfe-53cd-6a22-0ca1-9597e2979720" testName="Aula.Tests.Channels.TelegramClientTests.SendMessageToChannel_WithDisabledTelegram_ReturnsFalse" computerName="RHO-DESKTOP" duration="00:00:00.0016022" startTime="2025-06-30T17:11:27.7386141+02:00" endTime="2025-06-30T17:11:27.7386579+02:00" testType="13cdc9d9-ddb5-4fa4-a97d-d965ccfc6d4b" outcome="Passed" testListId="8c84fa94-04c1-424b-9868-57a2d4851a1d" relativeResultsDirectory="275ab2db-b878-4957-82f5-3d54fb32692d" />
    <UnitTestResult executionId="9fba10a1-fec3-4f6a-a4da-b6730fbec15c" testId="8206dafa-8025-c018-8995-db764f6cc603" testName="Aula.Tests.Scheduling.SchedulingServiceIntegrationTests.Service_WithDifferentBotConfigurations_WorksCorrectly(slackEnabled: True, telegramEnabled: False)" computerName="RHO-DESKTOP" duration="00:00:00.0006604" startTime="2025-06-30T17:11:27.5040391+02:00" endTime="2025-06-30T17:11:27.5040392+02:00" testType="13cdc9d9-ddb5-4fa4-a97d-d965ccfc6d4b" outcome="Passed" testListId="8c84fa94-04c1-424b-9868-57a2d4851a1d" relativeResultsDirectory="9fba10a1-fec3-4f6a-a4da-b6730fbec15c" />
    <UnitTestResult executionId="6570efc0-f326-47e5-8407-aee5ef0253fc" testId="89236559-f3ef-d084-fa13-c204061f03bf" testName="Aula.Tests.Utilities.Html2SlackMarkdownConverterTests.Convert_WithNestedTags_RemovesCorrectly" computerName="RHO-DESKTOP" duration="00:00:00.0009530" startTime="2025-06-30T17:11:27.7293895+02:00" endTime="2025-06-30T17:11:27.7293896+02:00" testType="13cdc9d9-ddb5-4fa4-a97d-d965ccfc6d4b" outcome="Passed" testListId="8c84fa94-04c1-424b-9868-57a2d4851a1d" relativeResultsDirectory="6570efc0-f326-47e5-8407-aee5ef0253fc" />
    <UnitTestResult executionId="930140fb-b3ff-42ec-8df0-a193a9d5a55b" testId="7461a5be-ee77-e379-ff74-051c3d53d9e0" testName="Aula.Tests.Utilities.JsonFormatterTests.Prettify_WithBooleanAndNull_PreservesTypes" computerName="RHO-DESKTOP" duration="00:00:00.0009831" startTime="2025-06-30T17:11:27.2641504+02:00" endTime="2025-06-30T17:11:27.2641505+02:00" testType="13cdc9d9-ddb5-4fa4-a97d-d965ccfc6d4b" outcome="Passed" testListId="8c84fa94-04c1-424b-9868-57a2d4851a1d" relativeResultsDirectory="930140fb-b3ff-42ec-8df0-a193a9d5a55b" />
    <UnitTestResult executionId="6e80ccf9-5833-40c7-a3bb-f160f09dc71b" testId="f7492970-5062-ad84-014e-43c4dfa554f1" testName="Aula.Tests.Tools.ReminderCommandHandlerTests.TryHandleReminderCommand_DeleteReminder_WithException_LogsErrorAndReturnsErrorMessage(command: &quot;slet påmindelse 888&quot;, isEnglish: False)" computerName="RHO-DESKTOP" duration="00:00:00.0238416" startTime="2025-06-30T17:11:27.7397277+02:00" endTime="2025-06-30T17:11:27.7397278+02:00" testType="13cdc9d9-ddb5-4fa4-a97d-d965ccfc6d4b" outcome="Passed" testListId="8c84fa94-04c1-424b-9868-57a2d4851a1d" relativeResultsDirectory="6e80ccf9-5833-40c7-a3bb-f160f09dc71b" />
    <UnitTestResult executionId="9072e26d-8262-4ca0-9fc4-5cac4509dd9c" testId="3e382f98-ef8c-4926-27b6-c03a83290bad" testName="Aula.Tests.Utilities.FollowUpQuestionDetectorTests.IsFollowUpQuestion_WithEnglishFollowUpPhrases_ReturnsTrue(input: &quot;how about Liam&quot;)" computerName="RHO-DESKTOP" duration="00:00:00.0000522" startTime="2025-06-30T17:11:27.6852490+02:00" endTime="2025-06-30T17:11:27.6852492+02:00" testType="13cdc9d9-ddb5-4fa4-a97d-d965ccfc6d4b" outcome="Passed" testListId="8c84fa94-04c1-424b-9868-57a2d4851a1d" relativeResultsDirectory="9072e26d-8262-4ca0-9fc4-5cac4509dd9c" />
    <UnitTestResult executionId="19320b07-710f-49a6-a7fb-873507b318f7" testId="0026d070-5db9-6f8c-0581-fb23b0721050" testName="Aula.Tests.Utilities.JsonFormatterTests.Prettify_WithIncompleteJson_ThrowsException(incompleteJson: &quot;]&quot;)" computerName="RHO-DESKTOP" duration="00:00:00.0057934" startTime="2025-06-30T17:11:27.2621862+02:00" endTime="2025-06-30T17:11:27.2621863+02:00" testType="13cdc9d9-ddb5-4fa4-a97d-d965ccfc6d4b" outcome="Passed" testListId="8c84fa94-04c1-424b-9868-57a2d4851a1d" relativeResultsDirectory="19320b07-710f-49a6-a7fb-873507b318f7" />
    <UnitTestResult executionId="d19e7021-0532-46cd-976d-9e8fae496b27" testId="a3b592c0-7c51-7572-10a6-650c509f2a53" testName="Aula.Tests.Services.DataModelTests.Reminder_WithProperties_SetsCorrectly" computerName="RHO-DESKTOP" duration="00:00:00.0009371" startTime="2025-06-30T17:11:27.2581653+02:00" endTime="2025-06-30T17:11:27.2581655+02:00" testType="13cdc9d9-ddb5-4fa4-a97d-d965ccfc6d4b" outcome="Passed" testListId="8c84fa94-04c1-424b-9868-57a2d4851a1d" relativeResultsDirectory="d19e7021-0532-46cd-976d-9e8fae496b27" />
    <UnitTestResult executionId="e4511d2e-f4e8-42ed-bdc3-6341b67c9f9d" testId="048cd77d-3de3-58cf-4e72-84e37cfed1e3" testName="Aula.Tests.Scheduling.SchedulingServiceIntegrationTests.Constructor_WithNullAgentService_ThrowsArgumentNullException" computerName="RHO-DESKTOP" duration="00:00:00.0012595" startTime="2025-06-30T17:11:27.4766102+02:00" endTime="2025-06-30T17:11:27.4766104+02:00" testType="13cdc9d9-ddb5-4fa4-a97d-d965ccfc6d4b" outcome="Passed" testListId="8c84fa94-04c1-424b-9868-57a2d4851a1d" relativeResultsDirectory="e4511d2e-f4e8-42ed-bdc3-6341b67c9f9d" />
    <UnitTestResult executionId="163365ce-bcb7-4ee8-9612-721977ffc6a2" testId="4053e9a2-a689-a1a5-6da0-c7b491ae4105" testName="Aula.Tests.Channels.SlackBotTests.PostMessage_WithVariousMessages_DoesNotThrow(message: &quot;Message with *bold* and _italic_&quot;)" computerName="RHO-DESKTOP" duration="00:00:00.0008531" startTime="2025-06-30T17:11:27.4108782+02:00" endTime="2025-06-30T17:11:27.4108784+02:00" testType="13cdc9d9-ddb5-4fa4-a97d-d965ccfc6d4b" outcome="Passed" testListId="8c84fa94-04c1-424b-9868-57a2d4851a1d" relativeResultsDirectory="163365ce-bcb7-4ee8-9612-721977ffc6a2" />
    <UnitTestResult executionId="a15979c7-d9d2-4649-b584-0ae66c1cd989" testId="3f8bf4e1-1b7e-9e5d-1a9c-187732c556d7" testName="Aula.Tests.Services.OpenAiServiceIntegrationTests.MultipleConversations_WithDifferentContextKeys_AreHandledSeparately" computerName="RHO-DESKTOP" duration="00:00:00.0007426" startTime="2025-06-30T17:11:27.6164787+02:00" endTime="2025-06-30T17:11:27.6164790+02:00" testType="13cdc9d9-ddb5-4fa4-a97d-d965ccfc6d4b" outcome="Failed" testListId="8c84fa94-04c1-424b-9868-57a2d4851a1d" relativeResultsDirectory="a15979c7-d9d2-4649-b584-0ae66c1cd989">
      <Output>
        <ErrorInfo>
          <Message>System.ArgumentException : Can not instantiate proxy of class: Aula.Tools.AiToolsManager.
Could not find a parameterless constructor. (Parameter 'constructorArguments')
---- System.MissingMethodException : Constructor on type 'Castle.Proxies.AiToolsManagerProxy' not found.</Message>
          <StackTrace>   at Castle.DynamicProxy.ProxyGenerator.CreateClassProxyInstance(Type proxyType, List`1 proxyArguments, Type classToProxy, Object[] constructorArguments)
   at Castle.DynamicProxy.ProxyGenerator.CreateClassProxy(Type classToProxy, Type[] additionalInterfacesToProxy, ProxyGenerationOptions options, Object[] constructorArguments, IInterceptor[] interceptors)
   at Moq.CastleProxyFactory.CreateProxy(Type mockType, IInterceptor interceptor, Type[] interfaces, Object[] arguments) in /_/src/Moq/Interception/CastleProxyFactory.cs:line 62
   at Moq.Mock`1.InitializeInstance() in /_/src/Moq/Mock`1.cs:line 309
   at Moq.Mock`1.OnGetObject() in /_/src/Moq/Mock`1.cs:line 323
   at Moq.Mock.get_Object() in /_/src/Moq/Mock.cs:line 181
   at Moq.Mock`1.get_Object() in /_/src/Moq/Mock`1.cs:line 281
   at Aula.Tests.Services.OpenAiServiceIntegrationTests.MultipleConversations_WithDifferentContextKeys_AreHandledSeparately() in /mnt/d/git/aula/src/Aula.Tests/Services/OpenAiServiceIntegrationTests.cs:line 339
   at System.RuntimeMethodHandle.InvokeMethod(Object target, Void** arguments, Signature sig, Boolean isConstructor)
   at System.Reflection.MethodBaseInvoker.InvokeWithNoArgs(Object obj, BindingFlags invokeAttr)
----- Inner Stack Trace -----
   at System.RuntimeType.CreateInstanceImpl(BindingFlags bindingAttr, Binder binder, Object[] args, CultureInfo culture)
   at Castle.DynamicProxy.ProxyGenerator.CreateClassProxyInstance(Type proxyType, List`1 proxyArguments, Type classToProxy, Object[] constructorArguments)</StackTrace>
        </ErrorInfo>
      </Output>
    </UnitTestResult>
    <UnitTestResult executionId="9e066f81-70a6-4312-af09-ed67c29b909b" testId="0ff92f6a-cd59-c2b9-9aae-29a9878a50a7" testName="Aula.Tests.Bots.TelegramInteractiveBotTests.ComputeHash_WithDifferentInputs_ReturnsConsistentHashes(input: &quot;Test content 2&quot;)" computerName="RHO-DESKTOP" duration="00:00:00.0010401" startTime="2025-06-30T17:11:28.2965916+02:00" endTime="2025-06-30T17:11:28.2965917+02:00" testType="13cdc9d9-ddb5-4fa4-a97d-d965ccfc6d4b" outcome="Passed" testListId="8c84fa94-04c1-424b-9868-57a2d4851a1d" relativeResultsDirectory="9e066f81-70a6-4312-af09-ed67c29b909b" />
    <UnitTestResult executionId="af6f45cb-e82a-4f3c-8ac2-5f3a33ded180" testId="13703350-881b-2176-aa37-cf09df989ef2" testName="Aula.Tests.Utilities.ConversationContextManagerTests.ClearAllContexts_WithNoContexts_LogsZeroCount" computerName="RHO-DESKTOP" duration="00:00:00.0048294" startTime="2025-06-30T17:11:27.3932454+02:00" endTime="2025-06-30T17:11:27.3932455+02:00" testType="13cdc9d9-ddb5-4fa4-a97d-d965ccfc6d4b" outcome="Passed" testListId="8c84fa94-04c1-424b-9868-57a2d4851a1d" relativeResultsDirectory="af6f45cb-e82a-4f3c-8ac2-5f3a33ded180" />
    <UnitTestResult executionId="a35086b6-3a8f-41cc-aacb-d870a01744b9" testId="df7802a4-febc-831e-f0c4-67bb20909f69" testName="Aula.Tests.Bots.TelegramInteractiveBotTests.ComputeHash_WithDifferentInputs_ReturnsConsistentHashes(input: &quot;Test content 1&quot;)" computerName="RHO-DESKTOP" duration="00:00:00.0007577" startTime="2025-06-30T17:11:28.2975128+02:00" endTime="2025-06-30T17:11:28.2975129+02:00" testType="13cdc9d9-ddb5-4fa4-a97d-d965ccfc6d4b" outcome="Passed" testListId="8c84fa94-04c1-424b-9868-57a2d4851a1d" relativeResultsDirectory="a35086b6-3a8f-41cc-aacb-d870a01744b9" />
    <UnitTestResult executionId="2cd531fc-84f5-4a88-be1f-6d29363897e7" testId="acf8804d-792c-1b35-de81-83d4ccdfb352" testName="Aula.Tests.Configuration.ConfigurationTests.Slack_ChannelId_ValidationTests(channelId: &quot;&quot;, isValid: False)" computerName="RHO-DESKTOP" duration="00:00:00.0045533" startTime="2025-06-30T17:11:28.1956878+02:00" endTime="2025-06-30T17:11:28.1956879+02:00" testType="13cdc9d9-ddb5-4fa4-a97d-d965ccfc6d4b" outcome="Passed" testListId="8c84fa94-04c1-424b-9868-57a2d4851a1d" relativeResultsDirectory="2cd531fc-84f5-4a88-be1f-6d29363897e7" />
    <UnitTestResult executionId="4e8217e5-fe34-48ff-991e-153c511cd7a6" testId="08f9b0f6-c970-f823-e359-90266e985263" testName="Aula.Tests.Bots.TelegramMessageHandlerTests.HandleMessageAsync_WithCancellationToken_RespectsCancellation" computerName="RHO-DESKTOP" duration="00:00:00.0010000" startTime="2025-06-30T17:11:27.6237159+02:00" endTime="2025-06-30T17:11:27.6237160+02:00" testType="13cdc9d9-ddb5-4fa4-a97d-d965ccfc6d4b" outcome="Failed" testListId="8c84fa94-04c1-424b-9868-57a2d4851a1d" relativeResultsDirectory="4e8217e5-fe34-48ff-991e-153c511cd7a6">
      <Output>
        <ErrorInfo>
          <Message>System.ArgumentException : Can not instantiate proxy of class: Aula.Utilities.ConversationContextManager`1[[System.Int64, System.Private.CoreLib, Version=9.0.0.0, Culture=neutral, PublicKeyToken=7cec85d7bea7798e]].
Could not find a parameterless constructor. (Parameter 'constructorArguments')
---- System.MissingMethodException : Constructor on type 'Castle.Proxies.ConversationContextManager`1Proxy' not found.</Message>
          <StackTrace>   at Castle.DynamicProxy.ProxyGenerator.CreateClassProxyInstance(Type proxyType, List`1 proxyArguments, Type classToProxy, Object[] constructorArguments)
   at Castle.DynamicProxy.ProxyGenerator.CreateClassProxy(Type classToProxy, Type[] additionalInterfacesToProxy, ProxyGenerationOptions options, Object[] constructorArguments, IInterceptor[] interceptors)
   at Moq.CastleProxyFactory.CreateProxy(Type mockType, IInterceptor interceptor, Type[] interfaces, Object[] arguments) in /_/src/Moq/Interception/CastleProxyFactory.cs:line 62
   at Moq.Mock`1.InitializeInstance() in /_/src/Moq/Mock`1.cs:line 309
   at Moq.Mock`1.OnGetObject() in /_/src/Moq/Mock`1.cs:line 323
   at Moq.Mock.get_Object() in /_/src/Moq/Mock.cs:line 181
   at Moq.Mock`1.get_Object() in /_/src/Moq/Mock`1.cs:line 281
   at Aula.Tests.Bots.TelegramMessageHandlerTests..ctor() in /mnt/d/git/aula/src/Aula.Tests/Bots/TelegramMessageHandlerTests.cs:line 63
   at System.RuntimeType.CreateInstanceDefaultCtor(Boolean publicOnly, Boolean wrapExceptions)
----- Inner Stack Trace -----
   at System.RuntimeType.CreateInstanceImpl(BindingFlags bindingAttr, Binder binder, Object[] args, CultureInfo culture)
   at Castle.DynamicProxy.ProxyGenerator.CreateClassProxyInstance(Type proxyType, List`1 proxyArguments, Type classToProxy, Object[] constructorArguments)</StackTrace>
        </ErrorInfo>
      </Output>
    </UnitTestResult>
    <UnitTestResult executionId="49e40f23-a719-4f7e-8dc7-4a82be311840" testId="8e7eb82c-6e6a-99e1-6a43-facf136e77c6" testName="Aula.Tests.Bots.TelegramMessageHandlerTests.Constructor_WithValidParameters_InitializesCorrectly" computerName="RHO-DESKTOP" duration="00:00:00.0010000" startTime="2025-06-30T17:11:27.6245631+02:00" endTime="2025-06-30T17:11:27.6245633+02:00" testType="13cdc9d9-ddb5-4fa4-a97d-d965ccfc6d4b" outcome="Failed" testListId="8c84fa94-04c1-424b-9868-57a2d4851a1d" relativeResultsDirectory="49e40f23-a719-4f7e-8dc7-4a82be311840">
      <Output>
        <ErrorInfo>
          <Message>System.ArgumentException : Can not instantiate proxy of class: Aula.Utilities.ConversationContextManager`1[[System.Int64, System.Private.CoreLib, Version=9.0.0.0, Culture=neutral, PublicKeyToken=7cec85d7bea7798e]].
Could not find a parameterless constructor. (Parameter 'constructorArguments')
---- System.MissingMethodException : Constructor on type 'Castle.Proxies.ConversationContextManager`1Proxy' not found.</Message>
          <StackTrace>   at Castle.DynamicProxy.ProxyGenerator.CreateClassProxyInstance(Type proxyType, List`1 proxyArguments, Type classToProxy, Object[] constructorArguments)
   at Castle.DynamicProxy.ProxyGenerator.CreateClassProxy(Type classToProxy, Type[] additionalInterfacesToProxy, ProxyGenerationOptions options, Object[] constructorArguments, IInterceptor[] interceptors)
   at Moq.CastleProxyFactory.CreateProxy(Type mockType, IInterceptor interceptor, Type[] interfaces, Object[] arguments) in /_/src/Moq/Interception/CastleProxyFactory.cs:line 62
   at Moq.Mock`1.InitializeInstance() in /_/src/Moq/Mock`1.cs:line 309
   at Moq.Mock`1.OnGetObject() in /_/src/Moq/Mock`1.cs:line 323
   at Moq.Mock.get_Object() in /_/src/Moq/Mock.cs:line 181
   at Moq.Mock`1.get_Object() in /_/src/Moq/Mock`1.cs:line 281
   at Aula.Tests.Bots.TelegramMessageHandlerTests..ctor() in /mnt/d/git/aula/src/Aula.Tests/Bots/TelegramMessageHandlerTests.cs:line 63
   at System.RuntimeType.CreateInstanceDefaultCtor(Boolean publicOnly, Boolean wrapExceptions)
----- Inner Stack Trace -----
   at System.RuntimeType.CreateInstanceImpl(BindingFlags bindingAttr, Binder binder, Object[] args, CultureInfo culture)
   at Castle.DynamicProxy.ProxyGenerator.CreateClassProxyInstance(Type proxyType, List`1 proxyArguments, Type classToProxy, Object[] constructorArguments)</StackTrace>
        </ErrorInfo>
      </Output>
    </UnitTestResult>
    <UnitTestResult executionId="d2525356-fc8b-4d5c-a17f-b4da37ba6cf4" testId="8ed7f52f-1c34-83a4-64c7-0e5853b67b53" testName="Aula.Tests.Tools.ReminderCommandHandlerTests.TryHandleReminderCommand_AddReminder_ValidFormats_ReturnsSuccess(command: &quot;remind me today at 15:30 that Emma has piano lesso&quot;···, isEnglish: True, expectedChildName: &quot;Emma Marie&quot;)" computerName="RHO-DESKTOP" duration="00:00:00.0179903" startTime="2025-06-30T17:11:27.6449726+02:00" endTime="2025-06-30T17:11:27.6449728+02:00" testType="13cdc9d9-ddb5-4fa4-a97d-d965ccfc6d4b" outcome="Passed" testListId="8c84fa94-04c1-424b-9868-57a2d4851a1d" relativeResultsDirectory="d2525356-fc8b-4d5c-a17f-b4da37ba6cf4" />
    <UnitTestResult executionId="1486d776-7b18-4e31-9802-4d66b5d46e85" testId="18c82026-182f-6e23-4c30-ed576236aa7c" testName="Aula.Tests.Utilities.FollowUpQuestionDetectorTests.IsFollowUpQuestion_WithPunctuationAroundChildName_WorksCorrectly(input: &quot;Emma,&quot;)" computerName="RHO-DESKTOP" duration="00:00:00.0002616" startTime="2025-06-30T17:11:27.7240523+02:00" endTime="2025-06-30T17:11:27.7240524+02:00" testType="13cdc9d9-ddb5-4fa4-a97d-d965ccfc6d4b" outcome="Passed" testListId="8c84fa94-04c1-424b-9868-57a2d4851a1d" relativeResultsDirectory="1486d776-7b18-4e31-9802-4d66b5d46e85" />
    <UnitTestResult executionId="2b78f9f6-f1da-4309-aee7-7bfa9fa6e988" testId="4d2b56f8-9d20-2fa9-3613-4864d7e06ff5" testName="Aula.Tests.Services.OpenAiServiceIntegrationTests.ProcessQueryWithToolsAsync_WithInvalidQuery_ThrowsArgumentException(query: &quot;&quot;)" computerName="RHO-DESKTOP" duration="00:00:00.0079851" startTime="2025-06-30T17:11:27.4989601+02:00" endTime="2025-06-30T17:11:27.4989602+02:00" testType="13cdc9d9-ddb5-4fa4-a97d-d965ccfc6d4b" outcome="Failed" testListId="8c84fa94-04c1-424b-9868-57a2d4851a1d" relativeResultsDirectory="2b78f9f6-f1da-4309-aee7-7bfa9fa6e988">
      <Output>
        <ErrorInfo>
          <Message>System.ArgumentException : Can not instantiate proxy of class: Aula.Tools.AiToolsManager.
Could not find a parameterless constructor. (Parameter 'constructorArguments')
---- System.MissingMethodException : Constructor on type 'Castle.Proxies.AiToolsManagerProxy' not found.</Message>
          <StackTrace>   at Castle.DynamicProxy.ProxyGenerator.CreateClassProxyInstance(Type proxyType, List`1 proxyArguments, Type classToProxy, Object[] constructorArguments)
   at Castle.DynamicProxy.ProxyGenerator.CreateClassProxy(Type classToProxy, Type[] additionalInterfacesToProxy, ProxyGenerationOptions options, Object[] constructorArguments, IInterceptor[] interceptors)
   at Moq.CastleProxyFactory.CreateProxy(Type mockType, IInterceptor interceptor, Type[] interfaces, Object[] arguments) in /_/src/Moq/Interception/CastleProxyFactory.cs:line 62
   at Moq.Mock`1.InitializeInstance() in /_/src/Moq/Mock`1.cs:line 309
   at Moq.Mock`1.OnGetObject() in /_/src/Moq/Mock`1.cs:line 323
   at Moq.Mock.get_Object() in /_/src/Moq/Mock.cs:line 181
   at Moq.Mock`1.get_Object() in /_/src/Moq/Mock`1.cs:line 281
   at Aula.Tests.Services.OpenAiServiceIntegrationTests.ProcessQueryWithToolsAsync_WithInvalidQuery_ThrowsArgumentException(String query) in /mnt/d/git/aula/src/Aula.Tests/Services/OpenAiServiceIntegrationTests.cs:line 164
--- End of stack trace from previous location ---
----- Inner Stack Trace -----
   at System.RuntimeType.CreateInstanceImpl(BindingFlags bindingAttr, Binder binder, Object[] args, CultureInfo culture)
   at Castle.DynamicProxy.ProxyGenerator.CreateClassProxyInstance(Type proxyType, List`1 proxyArguments, Type classToProxy, Object[] constructorArguments)</StackTrace>
        </ErrorInfo>
      </Output>
    </UnitTestResult>
    <UnitTestResult executionId="b94f43c7-f78c-44b0-8cab-fb1ac73f7b67" testId="0ab78665-c1fa-a2ea-7265-e8996c3b56dd" testName="Aula.Tests.Utilities.Html2SlackMarkdownConverterTests.Convert_WithPartialTags_HandlesGracefully(html: &quot;&lt;div&gt;&lt;span&gt;&quot;)" computerName="RHO-DESKTOP" duration="00:00:00.0007921" startTime="2025-06-30T17:11:27.9453737+02:00" endTime="2025-06-30T17:11:27.9453739+02:00" testType="13cdc9d9-ddb5-4fa4-a97d-d965ccfc6d4b" outcome="Passed" testListId="8c84fa94-04c1-424b-9868-57a2d4851a1d" relativeResultsDirectory="b94f43c7-f78c-44b0-8cab-fb1ac73f7b67" />
    <UnitTestResult executionId="ddf18592-d5dd-4cd0-bb6d-7ce277948490" testId="2e7985fe-e95f-8919-ba34-acd7bc78ecb7" testName="Aula.Tests.Services.OpenAiServiceTests.OpenAiService_ClearConversationHistory_WithContextKey_RemovesSpecificContext" computerName="RHO-DESKTOP" duration="00:00:00.0102163" startTime="2025-06-30T17:11:27.3997251+02:00" endTime="2025-06-30T17:11:27.3997253+02:00" testType="13cdc9d9-ddb5-4fa4-a97d-d965ccfc6d4b" outcome="Passed" testListId="8c84fa94-04c1-424b-9868-57a2d4851a1d" relativeResultsDirectory="ddf18592-d5dd-4cd0-bb6d-7ce277948490" />
    <UnitTestResult executionId="b1d2ed58-52e3-4278-82bc-72d113692bd3" testId="07e0302f-2dc8-4d9e-5870-92f7c56a6ee3" testName="Aula.Tests.Configuration.ConfigurationTests.GoogleServiceAccount_ConfigurationIsCorrect" computerName="RHO-DESKTOP" duration="00:00:00.0086733" startTime="2025-06-30T17:11:28.2387499+02:00" endTime="2025-06-30T17:11:28.2387499+02:00" testType="13cdc9d9-ddb5-4fa4-a97d-d965ccfc6d4b" outcome="Passed" testListId="8c84fa94-04c1-424b-9868-57a2d4851a1d" relativeResultsDirectory="b1d2ed58-52e3-4278-82bc-72d113692bd3" />
    <UnitTestResult executionId="972268e3-2e1b-432e-bda1-dd2bbee7b4f9" testId="554bf191-b569-b7a2-c3b8-c6178a2abd52" testName="Aula.Tests.Services.OpenAiServiceIntegrationTests.ProcessQueryWithToolsAsync_WithInvalidContextKey_ThrowsArgumentException(contextKey: null)" computerName="RHO-DESKTOP" duration="00:00:00.0010227" startTime="2025-06-30T17:11:27.5260827+02:00" endTime="2025-06-30T17:11:27.5260828+02:00" testType="13cdc9d9-ddb5-4fa4-a97d-d965ccfc6d4b" outcome="Failed" testListId="8c84fa94-04c1-424b-9868-57a2d4851a1d" relativeResultsDirectory="972268e3-2e1b-432e-bda1-dd2bbee7b4f9">
      <Output>
        <ErrorInfo>
          <Message>System.ArgumentException : Can not instantiate proxy of class: Aula.Tools.AiToolsManager.
Could not find a parameterless constructor. (Parameter 'constructorArguments')
---- System.MissingMethodException : Constructor on type 'Castle.Proxies.AiToolsManagerProxy' not found.</Message>
          <StackTrace>   at Castle.DynamicProxy.ProxyGenerator.CreateClassProxyInstance(Type proxyType, List`1 proxyArguments, Type classToProxy, Object[] constructorArguments)
   at Castle.DynamicProxy.ProxyGenerator.CreateClassProxy(Type classToProxy, Type[] additionalInterfacesToProxy, ProxyGenerationOptions options, Object[] constructorArguments, IInterceptor[] interceptors)
   at Moq.CastleProxyFactory.CreateProxy(Type mockType, IInterceptor interceptor, Type[] interfaces, Object[] arguments) in /_/src/Moq/Interception/CastleProxyFactory.cs:line 62
   at Moq.Mock`1.InitializeInstance() in /_/src/Moq/Mock`1.cs:line 309
   at Moq.Mock`1.OnGetObject() in /_/src/Moq/Mock`1.cs:line 323
   at Moq.Mock.get_Object() in /_/src/Moq/Mock.cs:line 181
   at Moq.Mock`1.get_Object() in /_/src/Moq/Mock`1.cs:line 281
   at Aula.Tests.Services.OpenAiServiceIntegrationTests.ProcessQueryWithToolsAsync_WithInvalidContextKey_ThrowsArgumentException(String contextKey) in /mnt/d/git/aula/src/Aula.Tests/Services/OpenAiServiceIntegrationTests.cs:line 176
--- End of stack trace from previous location ---
----- Inner Stack Trace -----
   at System.RuntimeType.CreateInstanceImpl(BindingFlags bindingAttr, Binder binder, Object[] args, CultureInfo culture)
   at Castle.DynamicProxy.ProxyGenerator.CreateClassProxyInstance(Type proxyType, List`1 proxyArguments, Type classToProxy, Object[] constructorArguments)</StackTrace>
        </ErrorInfo>
      </Output>
    </UnitTestResult>
    <UnitTestResult executionId="d5fa85ce-7eb9-4d54-b1aa-7564e449b81a" testId="be069dea-132b-4f72-c1c8-8b4fd667fd7f" testName="Aula.Tests.Utilities.JsonFormatterTests.Prettify_WithAlreadyFormattedJson_ReturnsFormattedJson" computerName="RHO-DESKTOP" duration="00:00:00.0008744" startTime="2025-06-30T17:11:27.2633218+02:00" endTime="2025-06-30T17:11:27.2633218+02:00" testType="13cdc9d9-ddb5-4fa4-a97d-d965ccfc6d4b" outcome="Passed" testListId="8c84fa94-04c1-424b-9868-57a2d4851a1d" relativeResultsDirectory="d5fa85ce-7eb9-4d54-b1aa-7564e449b81a" />
    <UnitTestResult executionId="cc14b2a1-9e20-4512-87ad-28f36cb6b588" testId="14b493ec-1bcb-50f5-9528-914b1e27347a" testName="Aula.Tests.Configuration.ConfigurationTests.Features_ConversationCacheExpiration_ValidationTests(minutes: -1, isValid: False)" computerName="RHO-DESKTOP" duration="00:00:00.0047126" startTime="2025-06-30T17:11:28.0130141+02:00" endTime="2025-06-30T17:11:28.0130141+02:00" testType="13cdc9d9-ddb5-4fa4-a97d-d965ccfc6d4b" outcome="Passed" testListId="8c84fa94-04c1-424b-9868-57a2d4851a1d" relativeResultsDirectory="cc14b2a1-9e20-4512-87ad-28f36cb6b588" />
    <UnitTestResult executionId="0a77c0b3-c88b-4551-8a2e-106ae5e8003a" testId="44a05eee-eae2-643d-4997-e4bad6b31a71" testName="Aula.Tests.Utilities.DateTimeUtilitiesTests.GetDanishDayName_ValidDayOfWeek_ReturnsLowercaseName(dayOfWeek: Saturday, expectedName: &quot;lørdag&quot;)" computerName="RHO-DESKTOP" duration="00:00:00.0000086" startTime="2025-06-30T17:11:27.7130347+02:00" endTime="2025-06-30T17:11:27.7130348+02:00" testType="13cdc9d9-ddb5-4fa4-a97d-d965ccfc6d4b" outcome="Passed" testListId="8c84fa94-04c1-424b-9868-57a2d4851a1d" relativeResultsDirectory="0a77c0b3-c88b-4551-8a2e-106ae5e8003a" />
    <UnitTestResult executionId="bd619af6-3ffa-4205-8cb9-77f87bb6d5d3" testId="f27323f0-86ce-1e1b-2a7d-c904454ba29a" testName="Aula.Tests.Tools.ReminderCommandHandlerTests.TryHandleReminderCommand_NonReminderCommands_ReturnsFalse(command: &quot;how are you?&quot;)" computerName="RHO-DESKTOP" duration="00:00:00.0000782" startTime="2025-06-30T17:11:27.7304385+02:00" endTime="2025-06-30T17:11:27.7304386+02:00" testType="13cdc9d9-ddb5-4fa4-a97d-d965ccfc6d4b" outcome="Passed" testListId="8c84fa94-04c1-424b-9868-57a2d4851a1d" relativeResultsDirectory="bd619af6-3ffa-4205-8cb9-77f87bb6d5d3" />
    <UnitTestResult executionId="fdf7267e-c2d6-4a83-b702-4d4dba935346" testId="59b6be02-8191-f5a7-74ed-b8f44b1cda27" testName="Aula.Tests.Utilities.DateTimeUtilitiesTests.GetDanishDayName_ValidDayOfWeek_ReturnsLowercaseName(dayOfWeek: Monday, expectedName: &quot;mandag&quot;)" computerName="RHO-DESKTOP" duration="00:00:00.0002337" startTime="2025-06-30T17:11:27.7102287+02:00" endTime="2025-06-30T17:11:27.7102288+02:00" testType="13cdc9d9-ddb5-4fa4-a97d-d965ccfc6d4b" outcome="Passed" testListId="8c84fa94-04c1-424b-9868-57a2d4851a1d" relativeResultsDirectory="fdf7267e-c2d6-4a83-b702-4d4dba935346" />
    <UnitTestResult executionId="708c07d6-7786-4d2b-bff1-96ecf7beb785" testId="feee90d8-1656-5d1e-73f9-5a26fcecfdaf" testName="Aula.Tests.Bots.SlackMessageHandlerTests.Constructor_WithNullLogger_ThrowsArgumentNullException" computerName="RHO-DESKTOP" duration="00:00:00.0010000" startTime="2025-06-30T17:11:27.7029238+02:00" endTime="2025-06-30T17:11:27.7029239+02:00" testType="13cdc9d9-ddb5-4fa4-a97d-d965ccfc6d4b" outcome="Failed" testListId="8c84fa94-04c1-424b-9868-57a2d4851a1d" relativeResultsDirectory="708c07d6-7786-4d2b-bff1-96ecf7beb785">
      <Output>
        <ErrorInfo>
          <Message>System.ArgumentException : Can not instantiate proxy of class: Aula.Tools.ReminderCommandHandler.
Could not find a parameterless constructor. (Parameter 'constructorArguments')
---- System.MissingMethodException : Constructor on type 'Castle.Proxies.ReminderCommandHandlerProxy' not found.</Message>
          <StackTrace>   at Castle.DynamicProxy.ProxyGenerator.CreateClassProxyInstance(Type proxyType, List`1 proxyArguments, Type classToProxy, Object[] constructorArguments)
   at Castle.DynamicProxy.ProxyGenerator.CreateClassProxy(Type classToProxy, Type[] additionalInterfacesToProxy, ProxyGenerationOptions options, Object[] constructorArguments, IInterceptor[] interceptors)
   at Moq.CastleProxyFactory.CreateProxy(Type mockType, IInterceptor interceptor, Type[] interfaces, Object[] arguments) in /_/src/Moq/Interception/CastleProxyFactory.cs:line 62
   at Moq.Mock`1.InitializeInstance() in /_/src/Moq/Mock`1.cs:line 309
   at Moq.Mock`1.OnGetObject() in /_/src/Moq/Mock`1.cs:line 323
   at Moq.Mock.get_Object() in /_/src/Moq/Mock.cs:line 181
   at Moq.Mock`1.get_Object() in /_/src/Moq/Mock`1.cs:line 281
   at Aula.Tests.Bots.SlackMessageHandlerTests..ctor() in /mnt/d/git/aula/src/Aula.Tests/Bots/SlackMessageHandlerTests.cs:line 57
   at System.RuntimeType.CreateInstanceDefaultCtor(Boolean publicOnly, Boolean wrapExceptions)
----- Inner Stack Trace -----
   at System.RuntimeType.CreateInstanceImpl(BindingFlags bindingAttr, Binder binder, Object[] args, CultureInfo culture)
   at Castle.DynamicProxy.ProxyGenerator.CreateClassProxyInstance(Type proxyType, List`1 proxyArguments, Type classToProxy, Object[] constructorArguments)</StackTrace>
        </ErrorInfo>
      </Output>
    </UnitTestResult>
    <UnitTestResult executionId="2ef93ad4-adad-49af-8cf5-784ae573b0d3" testId="e23a0f35-3922-f8cd-3202-bdb40b27bd1c" testName="Aula.Tests.Integration.AgentServiceTests.GetWeekLetterAsync_FetchesAndCachesData_WhenNotCached" computerName="RHO-DESKTOP" duration="00:00:00.0114077" startTime="2025-06-30T17:11:27.5582089+02:00" endTime="2025-06-30T17:11:27.5582090+02:00" testType="13cdc9d9-ddb5-4fa4-a97d-d965ccfc6d4b" outcome="Passed" testListId="8c84fa94-04c1-424b-9868-57a2d4851a1d" relativeResultsDirectory="2ef93ad4-adad-49af-8cf5-784ae573b0d3" />
    <UnitTestResult executionId="cf585f3e-9624-43c6-aa98-5d5fbbba43b9" testId="39cbc733-29e9-c5b4-bf01-9d0a5e8faef4" testName="Aula.Tests.Channels.SlackBotTests.SendTestMessage_WithVariousMessages_DoesNotThrow(message: &quot;Message with *bold* and _italic_&quot;)" computerName="RHO-DESKTOP" duration="00:00:00.0002022" startTime="2025-06-30T17:11:27.4653975+02:00" endTime="2025-06-30T17:11:27.4653976+02:00" testType="13cdc9d9-ddb5-4fa4-a97d-d965ccfc6d4b" outcome="Passed" testListId="8c84fa94-04c1-424b-9868-57a2d4851a1d" relativeResultsDirectory="cf585f3e-9624-43c6-aa98-5d5fbbba43b9" />
    <UnitTestResult executionId="e42ebd9b-bad1-45fa-86c8-d6882da6cf1e" testId="5042f569-80ad-a5a6-d51b-90b46bce87a9" testName="Aula.Tests.Services.OpenAiServiceIntegrationTests.ExtractKeyInformationAsync_WithNullWeekLetter_ThrowsArgumentNullException(chatInterface: Telegram)" computerName="RHO-DESKTOP" duration="00:00:00.0013478" startTime="2025-06-30T17:11:27.4855500+02:00" endTime="2025-06-30T17:11:27.4855501+02:00" testType="13cdc9d9-ddb5-4fa4-a97d-d965ccfc6d4b" outcome="Failed" testListId="8c84fa94-04c1-424b-9868-57a2d4851a1d" relativeResultsDirectory="e42ebd9b-bad1-45fa-86c8-d6882da6cf1e">
      <Output>
        <ErrorInfo>
          <Message>System.ArgumentException : Can not instantiate proxy of class: Aula.Tools.AiToolsManager.
Could not find a parameterless constructor. (Parameter 'constructorArguments')
---- System.MissingMethodException : Constructor on type 'Castle.Proxies.AiToolsManagerProxy' not found.</Message>
          <StackTrace>   at Castle.DynamicProxy.ProxyGenerator.CreateClassProxyInstance(Type proxyType, List`1 proxyArguments, Type classToProxy, Object[] constructorArguments)
   at Castle.DynamicProxy.ProxyGenerator.CreateClassProxy(Type classToProxy, Type[] additionalInterfacesToProxy, ProxyGenerationOptions options, Object[] constructorArguments, IInterceptor[] interceptors)
   at Moq.CastleProxyFactory.CreateProxy(Type mockType, IInterceptor interceptor, Type[] interfaces, Object[] arguments) in /_/src/Moq/Interception/CastleProxyFactory.cs:line 62
   at Moq.Mock`1.InitializeInstance() in /_/src/Moq/Mock`1.cs:line 309
   at Moq.Mock`1.OnGetObject() in /_/src/Moq/Mock`1.cs:line 323
   at Moq.Mock.get_Object() in /_/src/Moq/Mock.cs:line 181
   at Moq.Mock`1.get_Object() in /_/src/Moq/Mock`1.cs:line 281
   at Aula.Tests.Services.OpenAiServiceIntegrationTests.ExtractKeyInformationAsync_WithNullWeekLetter_ThrowsArgumentNullException(ChatInterface chatInterface) in /mnt/d/git/aula/src/Aula.Tests/Services/OpenAiServiceIntegrationTests.cs:line 141
--- End of stack trace from previous location ---
----- Inner Stack Trace -----
   at System.RuntimeType.CreateInstanceImpl(BindingFlags bindingAttr, Binder binder, Object[] args, CultureInfo culture)
   at Castle.DynamicProxy.ProxyGenerator.CreateClassProxyInstance(Type proxyType, List`1 proxyArguments, Type classToProxy, Object[] constructorArguments)</StackTrace>
        </ErrorInfo>
      </Output>
    </UnitTestResult>
    <UnitTestResult executionId="9459d4cc-0ef6-4c1e-85a5-19c2f39ccfde" testId="45d7267f-6c71-d320-a8e4-c7def8429012" testName="Aula.Tests.Utilities.Html2SlackMarkdownConverterTests.Convert_WithBrTags_PreservesLineBreaks" computerName="RHO-DESKTOP" duration="00:00:00.0011157" startTime="2025-06-30T17:11:27.9709537+02:00" endTime="2025-06-30T17:11:27.9709539+02:00" testType="13cdc9d9-ddb5-4fa4-a97d-d965ccfc6d4b" outcome="Passed" testListId="8c84fa94-04c1-424b-9868-57a2d4851a1d" relativeResultsDirectory="9459d4cc-0ef6-4c1e-85a5-19c2f39ccfde" />
    <UnitTestResult executionId="074fd476-dd8b-4aa8-8459-27cd59db11cd" testId="cb05154c-9d2c-0c1f-d5d8-19063e23db2a" testName="Aula.Tests.Bots.TelegramInteractiveBotTests.Constructor_WithNullConfig_ThrowsArgumentNullException" computerName="RHO-DESKTOP" duration="00:00:00.0046173" startTime="2025-06-30T17:11:28.3139284+02:00" endTime="2025-06-30T17:11:28.3139285+02:00" testType="13cdc9d9-ddb5-4fa4-a97d-d965ccfc6d4b" outcome="Passed" testListId="8c84fa94-04c1-424b-9868-57a2d4851a1d" relativeResultsDirectory="074fd476-dd8b-4aa8-8459-27cd59db11cd" />
    <UnitTestResult executionId="4a73fe37-e9df-4039-8c76-e9a3a91c3aac" testId="10351b87-cca7-9abd-49aa-c981441e9d37" testName="Aula.Tests.Configuration.ConfigurationTests.Supabase_ConfigurationIsCorrect" computerName="RHO-DESKTOP" duration="00:00:00.0069957" startTime="2025-06-30T17:11:28.0404582+02:00" endTime="2025-06-30T17:11:28.0404583+02:00" testType="13cdc9d9-ddb5-4fa4-a97d-d965ccfc6d4b" outcome="Passed" testListId="8c84fa94-04c1-424b-9868-57a2d4851a1d" relativeResultsDirectory="4a73fe37-e9df-4039-8c76-e9a3a91c3aac" />
    <UnitTestResult executionId="27dfe948-78cd-40cb-b744-5374457f83a6" testId="e67379c3-aafd-8be6-fda8-3e3a4a2a81aa" testName="Aula.Tests.Utilities.FollowUpQuestionDetectorTests.IsFollowUpQuestion_WithFullChildNames_WorksCorrectly(input: &quot;Emma Rose?&quot;)" computerName="RHO-DESKTOP" duration="00:00:00.0003348" startTime="2025-06-30T17:11:27.7136672+02:00" endTime="2025-06-30T17:11:27.7136673+02:00" testType="13cdc9d9-ddb5-4fa4-a97d-d965ccfc6d4b" outcome="Passed" testListId="8c84fa94-04c1-424b-9868-57a2d4851a1d" relativeResultsDirectory="27dfe948-78cd-40cb-b744-5374457f83a6" />
    <UnitTestResult executionId="1c045d85-0eab-4660-b44a-a610d08b1052" testId="3deb2a59-fbcf-09b6-6642-c2488d089290" testName="Aula.Tests.Bots.TelegramInteractiveBotTests.PostWeekLetter_WithDuplicateContent_SkipsDuplicate" computerName="RHO-DESKTOP" duration="00:00:00.0080867" startTime="2025-06-30T17:11:28.2964135+02:00" endTime="2025-06-30T17:11:28.2964136+02:00" testType="13cdc9d9-ddb5-4fa4-a97d-d965ccfc6d4b" outcome="Failed" testListId="8c84fa94-04c1-424b-9868-57a2d4851a1d" relativeResultsDirectory="1c045d85-0eab-4660-b44a-a610d08b1052">
      <Output>
        <ErrorInfo>
          <Message>Moq.MockException : 
Expected invocation on the mock once, but was 0 times: logger =&gt; logger.Log&lt;It.IsAnyType&gt;(LogLevel.Information, It.IsAny&lt;EventId&gt;(), It.Is&lt;It.IsAnyType&gt;((v, t) =&gt; v.ToString().Contains("already posted")), null, It.IsAny&lt;Func&lt;It.IsAnyType, Exception, string&gt;&gt;())

Performed invocations:

   Mock&lt;ILogger:248&gt; (logger):

      ILogger.Log&lt;FormattedLogValues&gt;(LogLevel.Warning, 0, Failed to post week letter for Emma, null, Func&lt;FormattedLogValues, Exception, string&gt;)
      ILogger.Log&lt;FormattedLogValues&gt;(LogLevel.Warning, 0, Failed to post week letter for Emma, null, Func&lt;FormattedLogValues, Exception, string&gt;)
</Message>
          <StackTrace>   at Moq.Mock.Verify(Mock mock, LambdaExpression expression, Times times, String failMessage) in /_/src/Moq/Mock.cs:line 332
   at Moq.Mock`1.Verify(Expression`1 expression, Times times) in /_/src/Moq/Mock`1.cs:line 727
   at Moq.Mock`1.Verify(Expression`1 expression, Func`1 times) in /_/src/Moq/Mock`1.cs:line 741
   at Aula.Tests.Bots.TelegramInteractiveBotTests.PostWeekLetter_WithDuplicateContent_SkipsDuplicate() in /mnt/d/git/aula/src/Aula.Tests/Bots/TelegramInteractiveBotTests.cs:line 282
--- End of stack trace from previous location ---</StackTrace>
        </ErrorInfo>
      </Output>
    </UnitTestResult>
    <UnitTestResult executionId="9034cb4e-b938-4062-a35e-54f767f895da" testId="51d4bf94-02a4-6db7-00c2-b23d3d85cac5" testName="Aula.Tests.Scheduling.SchedulingServiceIntegrationTests.StopAsync_WithoutStart_DoesNotThrow" computerName="RHO-DESKTOP" duration="00:00:00.0096862" startTime="2025-06-30T17:11:27.4158754+02:00" endTime="2025-06-30T17:11:27.4158755+02:00" testType="13cdc9d9-ddb5-4fa4-a97d-d965ccfc6d4b" outcome="Passed" testListId="8c84fa94-04c1-424b-9868-57a2d4851a1d" relativeResultsDirectory="9034cb4e-b938-4062-a35e-54f767f895da" />
    <UnitTestResult executionId="04aa21dc-fb71-4bec-910c-fd513c3f9a28" testId="e2cf5630-e05d-ce3d-d438-0bd261dc3937" testName="Aula.Tests.Channels.SlackBotTests.SendTestMessage_WithMessage_DoesNotThrow" computerName="RHO-DESKTOP" duration="00:00:00.0011164" startTime="2025-06-30T17:11:27.4715110+02:00" endTime="2025-06-30T17:11:27.4715111+02:00" testType="13cdc9d9-ddb5-4fa4-a97d-d965ccfc6d4b" outcome="Passed" testListId="8c84fa94-04c1-424b-9868-57a2d4851a1d" relativeResultsDirectory="04aa21dc-fb71-4bec-910c-fd513c3f9a28" />
    <UnitTestResult executionId="4c3fd911-b70b-4655-906a-1ffbdb25f46d" testId="e225aa72-58fb-b1f4-f2d2-82e178039deb" testName="Aula.Tests.Utilities.ConversationContextTests.ToString_AgeCalculation_IsAccurate" computerName="RHO-DESKTOP" duration="00:00:00.0003436" startTime="2025-06-30T17:11:27.2593858+02:00" endTime="2025-06-30T17:11:27.2593859+02:00" testType="13cdc9d9-ddb5-4fa4-a97d-d965ccfc6d4b" outcome="Passed" testListId="8c84fa94-04c1-424b-9868-57a2d4851a1d" relativeResultsDirectory="4c3fd911-b70b-4655-906a-1ffbdb25f46d" />
    <UnitTestResult executionId="18b71d4b-ef5e-46fa-9aab-962ba404196e" testId="d7d35b19-d0bc-0913-7974-7ed648909781" testName="Aula.Tests.Configuration.ConfigurationTests.UniLogin_ConfigurationIsCorrect" computerName="RHO-DESKTOP" duration="00:00:00.0042572" startTime="2025-06-30T17:11:28.1602352+02:00" endTime="2025-06-30T17:11:28.1602353+02:00" testType="13cdc9d9-ddb5-4fa4-a97d-d965ccfc6d4b" outcome="Passed" testListId="8c84fa94-04c1-424b-9868-57a2d4851a1d" relativeResultsDirectory="18b71d4b-ef5e-46fa-9aab-962ba404196e" />
    <UnitTestResult executionId="d3d7a0ec-d862-4c46-9800-9defa50df59b" testId="2c4f5c38-e0cd-3355-85e7-bc13205402ed" testName="Aula.Tests.Tools.ReminderCommandHandlerTests.TryHandleReminderCommand_ListReminders_ValidCommands_ReturnsRemindersList(command: &quot;list reminders&quot;, isEnglish: True)" computerName="RHO-DESKTOP" duration="00:00:00.0005061" startTime="2025-06-30T17:11:27.7832292+02:00" endTime="2025-06-30T17:11:27.7832293+02:00" testType="13cdc9d9-ddb5-4fa4-a97d-d965ccfc6d4b" outcome="Passed" testListId="8c84fa94-04c1-424b-9868-57a2d4851a1d" relativeResultsDirectory="d3d7a0ec-d862-4c46-9800-9defa50df59b" />
    <UnitTestResult executionId="ddb6a963-a899-429e-a9af-8714c3eaebae" testId="8454e79e-a056-bb6e-1db7-62ff01bf41c0" testName="Aula.Tests.Bots.TelegramMessageHandlerTests.HandleMessageAsync_WithHelpCommand_ProcessesHelpMessage(helpCommand: &quot;help&quot;)" computerName="RHO-DESKTOP" duration="00:00:00.0010000" startTime="2025-06-30T17:11:27.5507055+02:00" endTime="2025-06-30T17:11:27.5507057+02:00" testType="13cdc9d9-ddb5-4fa4-a97d-d965ccfc6d4b" outcome="Failed" testListId="8c84fa94-04c1-424b-9868-57a2d4851a1d" relativeResultsDirectory="ddb6a963-a899-429e-a9af-8714c3eaebae">
      <Output>
        <ErrorInfo>
          <Message>System.ArgumentException : Can not instantiate proxy of class: Aula.Utilities.ConversationContextManager`1[[System.Int64, System.Private.CoreLib, Version=9.0.0.0, Culture=neutral, PublicKeyToken=7cec85d7bea7798e]].
Could not find a parameterless constructor. (Parameter 'constructorArguments')
---- System.MissingMethodException : Constructor on type 'Castle.Proxies.ConversationContextManager`1Proxy' not found.</Message>
          <StackTrace>   at Castle.DynamicProxy.ProxyGenerator.CreateClassProxyInstance(Type proxyType, List`1 proxyArguments, Type classToProxy, Object[] constructorArguments)
   at Castle.DynamicProxy.ProxyGenerator.CreateClassProxy(Type classToProxy, Type[] additionalInterfacesToProxy, ProxyGenerationOptions options, Object[] constructorArguments, IInterceptor[] interceptors)
   at Moq.CastleProxyFactory.CreateProxy(Type mockType, IInterceptor interceptor, Type[] interfaces, Object[] arguments) in /_/src/Moq/Interception/CastleProxyFactory.cs:line 62
   at Moq.Mock`1.InitializeInstance() in /_/src/Moq/Mock`1.cs:line 309
   at Moq.Mock`1.OnGetObject() in /_/src/Moq/Mock`1.cs:line 323
   at Moq.Mock.get_Object() in /_/src/Moq/Mock.cs:line 181
   at Moq.Mock`1.get_Object() in /_/src/Moq/Mock`1.cs:line 281
   at Aula.Tests.Bots.TelegramMessageHandlerTests..ctor() in /mnt/d/git/aula/src/Aula.Tests/Bots/TelegramMessageHandlerTests.cs:line 63
   at System.RuntimeType.CreateInstanceDefaultCtor(Boolean publicOnly, Boolean wrapExceptions)
----- Inner Stack Trace -----
   at System.RuntimeType.CreateInstanceImpl(BindingFlags bindingAttr, Binder binder, Object[] args, CultureInfo culture)
   at Castle.DynamicProxy.ProxyGenerator.CreateClassProxyInstance(Type proxyType, List`1 proxyArguments, Type classToProxy, Object[] constructorArguments)</StackTrace>
        </ErrorInfo>
      </Output>
    </UnitTestResult>
    <UnitTestResult executionId="ab743dcf-1653-47c3-8ace-912170f53b34" testId="216aea03-2265-1779-35c7-74f06eb76326" testName="Aula.Tests.Tools.ReminderCommandHandlerTests.TryHandleReminderCommand_NonReminderCommands_ReturnsFalse(command: &quot;delete&quot;)" computerName="RHO-DESKTOP" duration="00:00:00.0018680" startTime="2025-06-30T17:11:27.7303093+02:00" endTime="2025-06-30T17:11:27.7303094+02:00" testType="13cdc9d9-ddb5-4fa4-a97d-d965ccfc6d4b" outcome="Passed" testListId="8c84fa94-04c1-424b-9868-57a2d4851a1d" relativeResultsDirectory="ab743dcf-1653-47c3-8ace-912170f53b34" />
    <UnitTestResult executionId="102ca896-defe-4af4-9e70-d544b6b5c1cc" testId="38a790b1-3578-8062-65d0-8c5f0243d8e8" testName="Aula.Tests.Configuration.ConfigurationTests.Slack_ChannelId_ValidationTests(channelId: &quot;@username&quot;, isValid: True)" computerName="RHO-DESKTOP" duration="00:00:00.0045885" startTime="2025-06-30T17:11:28.2004766+02:00" endTime="2025-06-30T17:11:28.2004768+02:00" testType="13cdc9d9-ddb5-4fa4-a97d-d965ccfc6d4b" outcome="Passed" testListId="8c84fa94-04c1-424b-9868-57a2d4851a1d" relativeResultsDirectory="102ca896-defe-4af4-9e70-d544b6b5c1cc" />
    <UnitTestResult executionId="411e356e-d0b9-4be3-a80d-c24bffd86a74" testId="abccacca-7bbc-accb-c206-54d138eb3775" testName="Aula.Tests.Utilities.FollowUpQuestionDetectorTests.IsFollowUpQuestion_WithUnicodeChildNames_WorksCorrectly(input: &quot;søren&quot;)" computerName="RHO-DESKTOP" duration="00:00:00.0008258" startTime="2025-06-30T17:11:27.7081877+02:00" endTime="2025-06-30T17:11:27.7081878+02:00" testType="13cdc9d9-ddb5-4fa4-a97d-d965ccfc6d4b" outcome="Passed" testListId="8c84fa94-04c1-424b-9868-57a2d4851a1d" relativeResultsDirectory="411e356e-d0b9-4be3-a80d-c24bffd86a74" />
    <UnitTestResult executionId="3e1a724b-0b39-403c-8a03-f1a25f965072" testId="42449a83-52ee-ffac-180b-a8106bf3af88" testName="Aula.Tests.Services.SupabaseServiceTests.WeekLetterParameters_WithValidValues_AreInValidRange(childName: &quot;AnotherChild&quot;, weekNumber: 1, year: 2024)" computerName="RHO-DESKTOP" duration="00:00:00.0003081" startTime="2025-06-30T17:11:27.5932219+02:00" endTime="2025-06-30T17:11:27.5932220+02:00" testType="13cdc9d9-ddb5-4fa4-a97d-d965ccfc6d4b" outcome="Passed" testListId="8c84fa94-04c1-424b-9868-57a2d4851a1d" relativeResultsDirectory="3e1a724b-0b39-403c-8a03-f1a25f965072" />
    <UnitTestResult executionId="90bfeb96-5118-4e2c-ba73-eeafc7d3793f" testId="dc87daee-0005-3f96-509b-0d97422219d3" testName="Aula.Tests.Services.DataModelTests.PostedLetter_DefaultConstructor_InitializesCorrectly" computerName="RHO-DESKTOP" duration="00:00:00.0018875" startTime="2025-06-30T17:11:27.2551784+02:00" endTime="2025-06-30T17:11:27.2551785+02:00" testType="13cdc9d9-ddb5-4fa4-a97d-d965ccfc6d4b" outcome="Passed" testListId="8c84fa94-04c1-424b-9868-57a2d4851a1d" relativeResultsDirectory="90bfeb96-5118-4e2c-ba73-eeafc7d3793f" />
    <UnitTestResult executionId="da0f5f28-d935-4f34-b3d2-1511d4b92a08" testId="163ffdcd-8cc6-0360-4c70-1c08392ed80a" testName="Aula.Tests.Bots.SlackInteractiveBotTests.PostWeekLetter_WithSlackApiError_LogsError" computerName="RHO-DESKTOP" duration="00:00:00.5607033" startTime="2025-06-30T17:11:29.5023144+02:00" endTime="2025-06-30T17:11:29.5023147+02:00" testType="13cdc9d9-ddb5-4fa4-a97d-d965ccfc6d4b" outcome="Failed" testListId="8c84fa94-04c1-424b-9868-57a2d4851a1d" relativeResultsDirectory="da0f5f28-d935-4f34-b3d2-1511d4b92a08">
      <Output>
        <ErrorInfo>
          <Message>Moq.MockException : 
Expected invocation on the mock once, but was 0 times: logger =&gt; logger.Log&lt;It.IsAnyType&gt;(LogLevel.Error, It.IsAny&lt;EventId&gt;(), It.Is&lt;It.IsAnyType&gt;((v, t) =&gt; v.ToString().Contains("Failed to post week letter: channel_not_found")), null, It.IsAny&lt;Func&lt;It.IsAnyType, Exception, string&gt;&gt;())

Performed invocations:

   Mock&lt;ILogger:259&gt; (logger):

      ILogger.Log&lt;FormattedLogValues&gt;(LogLevel.Information, 0, Posting week letter for Emma, null, Func&lt;FormattedLogValues, Exception, string&gt;)
      ILogger.Log&lt;FormattedLogValues&gt;(LogLevel.Error, 0, Failed to post week letter: not_authed, null, Func&lt;FormattedLogValues, Exception, string&gt;)
</Message>
          <StackTrace>   at Moq.Mock.Verify(Mock mock, LambdaExpression expression, Times times, String failMessage) in /_/src/Moq/Mock.cs:line 332
   at Moq.Mock`1.Verify(Expression`1 expression, Times times) in /_/src/Moq/Mock`1.cs:line 727
   at Moq.Mock`1.Verify(Expression`1 expression, Func`1 times) in /_/src/Moq/Mock`1.cs:line 741
   at Aula.Tests.Bots.SlackInteractiveBotTests.PostWeekLetter_WithSlackApiError_LogsError() in /mnt/d/git/aula/src/Aula.Tests/Bots/SlackInteractiveBotTests.cs:line 333
--- End of stack trace from previous location ---</StackTrace>
        </ErrorInfo>
      </Output>
    </UnitTestResult>
    <UnitTestResult executionId="498a5fda-bb8e-42c7-ac8c-7fe0ec924b13" testId="f695ece5-4ed0-4918-7e40-7fa901ca2f9e" testName="Aula.Tests.Utilities.FollowUpQuestionDetectorTests.IsFollowUpQuestion_WithDanishFollowUpPhrases_ReturnsTrue(input: &quot;også Emma&quot;)" computerName="RHO-DESKTOP" duration="00:00:00.0008603" startTime="2025-06-30T17:11:27.7254863+02:00" endTime="2025-06-30T17:11:27.7254864+02:00" testType="13cdc9d9-ddb5-4fa4-a97d-d965ccfc6d4b" outcome="Passed" testListId="8c84fa94-04c1-424b-9868-57a2d4851a1d" relativeResultsDirectory="498a5fda-bb8e-42c7-ac8c-7fe0ec924b13" />
    <UnitTestResult executionId="d3043c67-c1e1-45ec-aa45-a1d2357d6499" testId="84d3e400-28e5-a032-6581-dd6f9d37667a" testName="Aula.Tests.Bots.TelegramInteractiveBotTests.SendMessage_WithLongChatIdAsLong_SendsSuccessfully(chatId: 1234567890)" computerName="RHO-DESKTOP" duration="00:00:00.3972444" startTime="2025-06-30T17:11:28.7121713+02:00" endTime="2025-06-30T17:11:28.7121715+02:00" testType="13cdc9d9-ddb5-4fa4-a97d-d965ccfc6d4b" outcome="Passed" testListId="8c84fa94-04c1-424b-9868-57a2d4851a1d" relativeResultsDirectory="d3043c67-c1e1-45ec-aa45-a1d2357d6499" />
    <UnitTestResult executionId="75c281bc-6815-45cb-bb43-10d63fc69931" testId="d40cf226-bdf8-6b6d-78c9-8bc50af04b77" testName="Aula.Tests.Tools.AiToolsManagerTests.ListRemindersAsync_WithReminders_ReturnsFormattedList" computerName="RHO-DESKTOP" duration="00:00:00.0559502" startTime="2025-06-30T17:11:27.6415637+02:00" endTime="2025-06-30T17:11:27.6415638+02:00" testType="13cdc9d9-ddb5-4fa4-a97d-d965ccfc6d4b" outcome="Passed" testListId="8c84fa94-04c1-424b-9868-57a2d4851a1d" relativeResultsDirectory="75c281bc-6815-45cb-bb43-10d63fc69931" />
    <UnitTestResult executionId="c8145c99-2c58-4ad7-94ec-974e3d3a3987" testId="d874f261-c1fd-d9d6-082a-e87a1ddb40d9" testName="Aula.Tests.Utilities.ConversationContextTests.IsStillValid_WithExactlyTenMinutesOld_ReturnsFalse" computerName="RHO-DESKTOP" duration="00:00:00.0003209" startTime="2025-06-30T17:11:27.2604587+02:00" endTime="2025-06-30T17:11:27.2604589+02:00" testType="13cdc9d9-ddb5-4fa4-a97d-d965ccfc6d4b" outcome="Passed" testListId="8c84fa94-04c1-424b-9868-57a2d4851a1d" relativeResultsDirectory="c8145c99-2c58-4ad7-94ec-974e3d3a3987" />
    <UnitTestResult executionId="fce930ff-f1f1-4c31-82f7-b9f410611883" testId="5ad91b1e-e6bf-9b68-b95f-00f8f29f8b7a" testName="Aula.Tests.Bots.SlackMessageHandlerTests.HandleMessageAsync_WithValidQuery_ProcessesSuccessfully(queryText: &quot;Hvad skal Emma i dag?&quot;)" computerName="RHO-DESKTOP" duration="00:00:00.0010000" startTime="2025-06-30T17:11:27.6621282+02:00" endTime="2025-06-30T17:11:27.6621284+02:00" testType="13cdc9d9-ddb5-4fa4-a97d-d965ccfc6d4b" outcome="Failed" testListId="8c84fa94-04c1-424b-9868-57a2d4851a1d" relativeResultsDirectory="fce930ff-f1f1-4c31-82f7-b9f410611883">
      <Output>
        <ErrorInfo>
          <Message>System.ArgumentException : Can not instantiate proxy of class: Aula.Tools.ReminderCommandHandler.
Could not find a parameterless constructor. (Parameter 'constructorArguments')
---- System.MissingMethodException : Constructor on type 'Castle.Proxies.ReminderCommandHandlerProxy' not found.</Message>
          <StackTrace>   at Castle.DynamicProxy.ProxyGenerator.CreateClassProxyInstance(Type proxyType, List`1 proxyArguments, Type classToProxy, Object[] constructorArguments)
   at Castle.DynamicProxy.ProxyGenerator.CreateClassProxy(Type classToProxy, Type[] additionalInterfacesToProxy, ProxyGenerationOptions options, Object[] constructorArguments, IInterceptor[] interceptors)
   at Moq.CastleProxyFactory.CreateProxy(Type mockType, IInterceptor interceptor, Type[] interfaces, Object[] arguments) in /_/src/Moq/Interception/CastleProxyFactory.cs:line 62
   at Moq.Mock`1.InitializeInstance() in /_/src/Moq/Mock`1.cs:line 309
   at Moq.Mock`1.OnGetObject() in /_/src/Moq/Mock`1.cs:line 323
   at Moq.Mock.get_Object() in /_/src/Moq/Mock.cs:line 181
   at Moq.Mock`1.get_Object() in /_/src/Moq/Mock`1.cs:line 281
   at Aula.Tests.Bots.SlackMessageHandlerTests..ctor() in /mnt/d/git/aula/src/Aula.Tests/Bots/SlackMessageHandlerTests.cs:line 57
   at System.RuntimeType.CreateInstanceDefaultCtor(Boolean publicOnly, Boolean wrapExceptions)
----- Inner Stack Trace -----
   at System.RuntimeType.CreateInstanceImpl(BindingFlags bindingAttr, Binder binder, Object[] args, CultureInfo culture)
   at Castle.DynamicProxy.ProxyGenerator.CreateClassProxyInstance(Type proxyType, List`1 proxyArguments, Type classToProxy, Object[] constructorArguments)</StackTrace>
        </ErrorInfo>
      </Output>
    </UnitTestResult>
    <UnitTestResult executionId="f4a06fc1-90cf-4f87-87a4-f15e054e708c" testId="19edb3ba-5e0e-d40b-c4b3-ce48876fbe6a" testName="Aula.Tests.Bots.TelegramInteractiveBotTests.PostWeekLetter_WithDisabledTelegram_LogsWarningAndReturns" computerName="RHO-DESKTOP" duration="00:00:00.0024839" startTime="2025-06-30T17:11:29.4458475+02:00" endTime="2025-06-30T17:11:29.4458477+02:00" testType="13cdc9d9-ddb5-4fa4-a97d-d965ccfc6d4b" outcome="Passed" testListId="8c84fa94-04c1-424b-9868-57a2d4851a1d" relativeResultsDirectory="f4a06fc1-90cf-4f87-87a4-f15e054e708c" />
    <UnitTestResult executionId="f3f1ae8a-7044-4fd6-865e-b78ff7f0c697" testId="d176fe9d-a550-c0ab-c3b8-0439143bdca1" testName="Aula.Tests.Configuration.ConfigurationTests.Timers_AdaptivePollingLimits_ValidationTests(minSeconds: 1, maxSeconds: 60, isValid: True)" computerName="RHO-DESKTOP" duration="00:00:00.0318051" startTime="2025-06-30T17:11:27.9018830+02:00" endTime="2025-06-30T17:11:27.9018832+02:00" testType="13cdc9d9-ddb5-4fa4-a97d-d965ccfc6d4b" outcome="Passed" testListId="8c84fa94-04c1-424b-9868-57a2d4851a1d" relativeResultsDirectory="f3f1ae8a-7044-4fd6-865e-b78ff7f0c697" />
    <UnitTestResult executionId="3add47b2-8715-465f-9d58-3d45f907e98e" testId="24bf56f7-ba67-57f2-f501-175bd348de63" testName="Aula.Tests.Channels.TelegramClientTests.PostWeekLetter_WithVariousChildNames_HandlesCorrectly(firstName: &quot;&quot;)" computerName="RHO-DESKTOP" duration="00:00:00.0063144" startTime="2025-06-30T17:11:27.7286335+02:00" endTime="2025-06-30T17:11:27.7286336+02:00" testType="13cdc9d9-ddb5-4fa4-a97d-d965ccfc6d4b" outcome="Passed" testListId="8c84fa94-04c1-424b-9868-57a2d4851a1d" relativeResultsDirectory="3add47b2-8715-465f-9d58-3d45f907e98e" />
    <UnitTestResult executionId="42a95ecf-717c-4259-b482-9614edd7940f" testId="64b3e4a5-31a7-57c7-6c30-e353370e12e0" testName="Aula.Tests.Utilities.ReminderExtractionPromptsTests.GetExtractionPrompt_WithRealQueries_EmbedsQueryCorrectly(query: &quot;Meeting with teacher next Monday&quot;)" computerName="RHO-DESKTOP" duration="00:00:00.0001676" startTime="2025-06-30T17:11:27.2685413+02:00" endTime="2025-06-30T17:11:27.2685413+02:00" testType="13cdc9d9-ddb5-4fa4-a97d-d965ccfc6d4b" outcome="Passed" testListId="8c84fa94-04c1-424b-9868-57a2d4851a1d" relativeResultsDirectory="42a95ecf-717c-4259-b482-9614edd7940f" />
    <UnitTestResult executionId="7f01e8a5-0f1e-41ee-8ebb-2b57248d01b6" testId="d1f304ff-bc66-281d-07dd-5db7fd1f9503" testName="Aula.Tests.Channels.TelegramClientTests.SendMessageToChannel_WithVariousMessages_DoesNotThrow(message: &quot;&quot;)" computerName="RHO-DESKTOP" duration="00:00:00.0033325" startTime="2025-06-30T17:11:27.7382618+02:00" endTime="2025-06-30T17:11:27.7382620+02:00" testType="13cdc9d9-ddb5-4fa4-a97d-d965ccfc6d4b" outcome="Passed" testListId="8c84fa94-04c1-424b-9868-57a2d4851a1d" relativeResultsDirectory="7f01e8a5-0f1e-41ee-8ebb-2b57248d01b6" />
    <UnitTestResult executionId="e146fda4-fc7b-45fe-9bfa-db727bc52d20" testId="19f2e1ca-d1c7-2af8-caa8-282a0071f76c" testName="Aula.Tests.Utilities.FollowUpQuestionDetectorTests.IsFollowUpQuestion_WithStartingFollowUpWords_ReturnsTrue(input: &quot;And Liam&quot;)" computerName="RHO-DESKTOP" duration="00:00:00.0003205" startTime="2025-06-30T17:11:27.7101027+02:00" endTime="2025-06-30T17:11:27.7101028+02:00" testType="13cdc9d9-ddb5-4fa4-a97d-d965ccfc6d4b" outcome="Passed" testListId="8c84fa94-04c1-424b-9868-57a2d4851a1d" relativeResultsDirectory="e146fda4-fc7b-45fe-9bfa-db727bc52d20" />
    <UnitTestResult executionId="6f996354-866b-4000-b613-a72165496043" testId="3332c67c-92a3-057f-677b-9ccf84688a91" testName="Aula.Tests.Utilities.ReminderExtractionPromptsTests.GetExtractionPrompt_WithRealQueries_EmbedsQueryCorrectly(query: &quot;Pick up Emma tomorrow at 3 PM&quot;)" computerName="RHO-DESKTOP" duration="00:00:00.0000381" startTime="2025-06-30T17:11:27.2689830+02:00" endTime="2025-06-30T17:11:27.2689831+02:00" testType="13cdc9d9-ddb5-4fa4-a97d-d965ccfc6d4b" outcome="Passed" testListId="8c84fa94-04c1-424b-9868-57a2d4851a1d" relativeResultsDirectory="6f996354-866b-4000-b613-a72165496043" />
    <UnitTestResult executionId="b3cdf63b-5e1b-4378-af63-0c2c8ecd1716" testId="348072bd-5799-593b-9354-a4cea37de12a" testName="Aula.Tests.Bots.SlackMessageHandlerTests.HandleMessageAsync_WithValidQuery_ProcessesSuccessfully(queryText: &quot;Vis ugeplanen&quot;)" computerName="RHO-DESKTOP" duration="00:00:00.0010000" startTime="2025-06-30T17:11:27.6613006+02:00" endTime="2025-06-30T17:11:27.6613006+02:00" testType="13cdc9d9-ddb5-4fa4-a97d-d965ccfc6d4b" outcome="Failed" testListId="8c84fa94-04c1-424b-9868-57a2d4851a1d" relativeResultsDirectory="b3cdf63b-5e1b-4378-af63-0c2c8ecd1716">
      <Output>
        <ErrorInfo>
          <Message>System.ArgumentException : Can not instantiate proxy of class: Aula.Tools.ReminderCommandHandler.
Could not find a parameterless constructor. (Parameter 'constructorArguments')
---- System.MissingMethodException : Constructor on type 'Castle.Proxies.ReminderCommandHandlerProxy' not found.</Message>
          <StackTrace>   at Castle.DynamicProxy.ProxyGenerator.CreateClassProxyInstance(Type proxyType, List`1 proxyArguments, Type classToProxy, Object[] constructorArguments)
   at Castle.DynamicProxy.ProxyGenerator.CreateClassProxy(Type classToProxy, Type[] additionalInterfacesToProxy, ProxyGenerationOptions options, Object[] constructorArguments, IInterceptor[] interceptors)
   at Moq.CastleProxyFactory.CreateProxy(Type mockType, IInterceptor interceptor, Type[] interfaces, Object[] arguments) in /_/src/Moq/Interception/CastleProxyFactory.cs:line 62
   at Moq.Mock`1.InitializeInstance() in /_/src/Moq/Mock`1.cs:line 309
   at Moq.Mock`1.OnGetObject() in /_/src/Moq/Mock`1.cs:line 323
   at Moq.Mock.get_Object() in /_/src/Moq/Mock.cs:line 181
   at Moq.Mock`1.get_Object() in /_/src/Moq/Mock`1.cs:line 281
   at Aula.Tests.Bots.SlackMessageHandlerTests..ctor() in /mnt/d/git/aula/src/Aula.Tests/Bots/SlackMessageHandlerTests.cs:line 57
   at System.RuntimeType.CreateInstanceDefaultCtor(Boolean publicOnly, Boolean wrapExceptions)
----- Inner Stack Trace -----
   at System.RuntimeType.CreateInstanceImpl(BindingFlags bindingAttr, Binder binder, Object[] args, CultureInfo culture)
   at Castle.DynamicProxy.ProxyGenerator.CreateClassProxyInstance(Type proxyType, List`1 proxyArguments, Type classToProxy, Object[] constructorArguments)</StackTrace>
        </ErrorInfo>
      </Output>
    </UnitTestResult>
    <UnitTestResult executionId="8d07e5ca-50ff-4632-8135-16055078d0c0" testId="9e4d28e4-6bf0-96b3-b279-344fc741cf71" testName="Aula.Tests.Services.OpenAiServiceIntegrationTests.ProcessQueryWithToolsAsync_WithInvalidContextKey_ThrowsArgumentException(contextKey: &quot;   &quot;)" computerName="RHO-DESKTOP" duration="00:00:00.0053083" startTime="2025-06-30T17:11:27.5032267+02:00" endTime="2025-06-30T17:11:27.5032270+02:00" testType="13cdc9d9-ddb5-4fa4-a97d-d965ccfc6d4b" outcome="Failed" testListId="8c84fa94-04c1-424b-9868-57a2d4851a1d" relativeResultsDirectory="8d07e5ca-50ff-4632-8135-16055078d0c0">
      <Output>
        <ErrorInfo>
          <Message>System.ArgumentException : Can not instantiate proxy of class: Aula.Tools.AiToolsManager.
Could not find a parameterless constructor. (Parameter 'constructorArguments')
---- System.MissingMethodException : Constructor on type 'Castle.Proxies.AiToolsManagerProxy' not found.</Message>
          <StackTrace>   at Castle.DynamicProxy.ProxyGenerator.CreateClassProxyInstance(Type proxyType, List`1 proxyArguments, Type classToProxy, Object[] constructorArguments)
   at Castle.DynamicProxy.ProxyGenerator.CreateClassProxy(Type classToProxy, Type[] additionalInterfacesToProxy, ProxyGenerationOptions options, Object[] constructorArguments, IInterceptor[] interceptors)
   at Moq.CastleProxyFactory.CreateProxy(Type mockType, IInterceptor interceptor, Type[] interfaces, Object[] arguments) in /_/src/Moq/Interception/CastleProxyFactory.cs:line 62
   at Moq.Mock`1.InitializeInstance() in /_/src/Moq/Mock`1.cs:line 309
   at Moq.Mock`1.OnGetObject() in /_/src/Moq/Mock`1.cs:line 323
   at Moq.Mock.get_Object() in /_/src/Moq/Mock.cs:line 181
   at Moq.Mock`1.get_Object() in /_/src/Moq/Mock`1.cs:line 281
   at Aula.Tests.Services.OpenAiServiceIntegrationTests.ProcessQueryWithToolsAsync_WithInvalidContextKey_ThrowsArgumentException(String contextKey) in /mnt/d/git/aula/src/Aula.Tests/Services/OpenAiServiceIntegrationTests.cs:line 176
--- End of stack trace from previous location ---
----- Inner Stack Trace -----
   at System.RuntimeType.CreateInstanceImpl(BindingFlags bindingAttr, Binder binder, Object[] args, CultureInfo culture)
   at Castle.DynamicProxy.ProxyGenerator.CreateClassProxyInstance(Type proxyType, List`1 proxyArguments, Type classToProxy, Object[] constructorArguments)</StackTrace>
        </ErrorInfo>
      </Output>
    </UnitTestResult>
    <UnitTestResult executionId="f9348a4b-d11d-49cb-8584-fd010da56ce2" testId="c491ca15-97ab-a670-c185-11bf3ef7479b" testName="Aula.Tests.Bots.SlackInteractiveBotTests.PostWeekLetter_WithDuplicateContent_SkipsDuplicate" computerName="RHO-DESKTOP" duration="00:00:00.2302778" startTime="2025-06-30T17:11:29.9730262+02:00" endTime="2025-06-30T17:11:29.9730263+02:00" testType="13cdc9d9-ddb5-4fa4-a97d-d965ccfc6d4b" outcome="Failed" testListId="8c84fa94-04c1-424b-9868-57a2d4851a1d" relativeResultsDirectory="f9348a4b-d11d-49cb-8584-fd010da56ce2">
      <Output>
        <ErrorInfo>
          <Message>Moq.MockException : 
Expected invocation on the mock once, but was 0 times: mock =&gt; mock.SendAsync(It.IsAny&lt;HttpRequestMessage&gt;(), It.IsAny&lt;CancellationToken&gt;())

Performed invocations:

   Mock&lt;HttpMessageHandler:16&gt; (mock):
   No invocations performed.
</Message>
          <StackTrace>   at Moq.Mock.Verify(Mock mock, LambdaExpression expression, Times times, String failMessage) in /_/src/Moq/Mock.cs:line 332
   at Moq.Protected.ProtectedMock`1.InternalVerify(String methodName, Type[] genericTypeArguments, Times times, Boolean exactParameterMatch, Object[] args) in /_/src/Moq/Protected/ProtectedMock.cs:line 234
   at Moq.Protected.ProtectedMock`1.Verify(String methodName, Times times, Object[] args) in /_/src/Moq/Protected/ProtectedMock.cs:line 206
   at Aula.Tests.Bots.SlackInteractiveBotTests.PostWeekLetter_WithDuplicateContent_SkipsDuplicate() in /mnt/d/git/aula/src/Aula.Tests/Bots/SlackInteractiveBotTests.cs:line 274
--- End of stack trace from previous location ---</StackTrace>
        </ErrorInfo>
      </Output>
    </UnitTestResult>
    <UnitTestResult executionId="0930ad46-8b71-433a-8920-3b66e4b4a16b" testId="c79823a4-e6c5-4210-9526-f7fc3ce5d77c" testName="Aula.Tests.Services.OpenAiServiceIntegrationTests.ClearConversationHistory_WithoutContextKey_DoesNotThrow" computerName="RHO-DESKTOP" duration="00:00:00.0019738" startTime="2025-06-30T17:11:27.4808869+02:00" endTime="2025-06-30T17:11:27.4808871+02:00" testType="13cdc9d9-ddb5-4fa4-a97d-d965ccfc6d4b" outcome="Failed" testListId="8c84fa94-04c1-424b-9868-57a2d4851a1d" relativeResultsDirectory="0930ad46-8b71-433a-8920-3b66e4b4a16b">
      <Output>
        <ErrorInfo>
          <Message>System.ArgumentException : Can not instantiate proxy of class: Aula.Tools.AiToolsManager.
Could not find a parameterless constructor. (Parameter 'constructorArguments')
---- System.MissingMethodException : Constructor on type 'Castle.Proxies.AiToolsManagerProxy' not found.</Message>
          <StackTrace>   at Castle.DynamicProxy.ProxyGenerator.CreateClassProxyInstance(Type proxyType, List`1 proxyArguments, Type classToProxy, Object[] constructorArguments)
   at Castle.DynamicProxy.ProxyGenerator.CreateClassProxy(Type classToProxy, Type[] additionalInterfacesToProxy, ProxyGenerationOptions options, Object[] constructorArguments, IInterceptor[] interceptors)
   at Moq.CastleProxyFactory.CreateProxy(Type mockType, IInterceptor interceptor, Type[] interfaces, Object[] arguments) in /_/src/Moq/Interception/CastleProxyFactory.cs:line 62
   at Moq.Mock`1.InitializeInstance() in /_/src/Moq/Mock`1.cs:line 309
   at Moq.Mock`1.OnGetObject() in /_/src/Moq/Mock`1.cs:line 323
   at Moq.Mock.get_Object() in /_/src/Moq/Mock.cs:line 181
   at Moq.Mock`1.get_Object() in /_/src/Moq/Mock`1.cs:line 281
   at Aula.Tests.Services.OpenAiServiceIntegrationTests.ClearConversationHistory_WithoutContextKey_DoesNotThrow() in /mnt/d/git/aula/src/Aula.Tests/Services/OpenAiServiceIntegrationTests.cs:line 86
   at System.RuntimeMethodHandle.InvokeMethod(Object target, Void** arguments, Signature sig, Boolean isConstructor)
   at System.Reflection.MethodBaseInvoker.InvokeWithNoArgs(Object obj, BindingFlags invokeAttr)
----- Inner Stack Trace -----
   at System.RuntimeType.CreateInstanceImpl(BindingFlags bindingAttr, Binder binder, Object[] args, CultureInfo culture)
   at Castle.DynamicProxy.ProxyGenerator.CreateClassProxyInstance(Type proxyType, List`1 proxyArguments, Type classToProxy, Object[] constructorArguments)</StackTrace>
        </ErrorInfo>
      </Output>
    </UnitTestResult>
    <UnitTestResult executionId="0826c660-b519-4c09-8092-4fdb29b96be9" testId="14432cab-194a-d804-9f67-885b71746a71" testName="Aula.Tests.Services.SupabaseServiceTests.ReminderData_WithValidParameters_AreValid" computerName="RHO-DESKTOP" duration="00:00:00.0001950" startTime="2025-06-30T17:11:27.5623437+02:00" endTime="2025-06-30T17:11:27.5623438+02:00" testType="13cdc9d9-ddb5-4fa4-a97d-d965ccfc6d4b" outcome="Passed" testListId="8c84fa94-04c1-424b-9868-57a2d4851a1d" relativeResultsDirectory="0826c660-b519-4c09-8092-4fdb29b96be9" />
    <UnitTestResult executionId="0b5232d8-9bf7-4c25-b58f-4fac5d6bbab7" testId="40ee6628-cabc-d31b-6bc1-487bcee11d7e" testName="Aula.Tests.Utilities.FollowUpQuestionDetectorTests.IsFollowUpQuestion_WithMultipleChildNamesInShortMessage_ReturnsTrue" computerName="RHO-DESKTOP" duration="00:00:00.0002028" startTime="2025-06-30T17:11:27.7283321+02:00" endTime="2025-06-30T17:11:27.7283324+02:00" testType="13cdc9d9-ddb5-4fa4-a97d-d965ccfc6d4b" outcome="Passed" testListId="8c84fa94-04c1-424b-9868-57a2d4851a1d" relativeResultsDirectory="0b5232d8-9bf7-4c25-b58f-4fac5d6bbab7" />
    <UnitTestResult executionId="9592c4c3-26ec-4b46-a7d8-8458abb05d8b" testId="58e104c6-e504-07c5-0909-f689fdb330d3" testName="Aula.Tests.Bots.TelegramMessageHandlerTests.Constructor_WithNullReminderHandler_ThrowsArgumentNullException" computerName="RHO-DESKTOP" duration="00:00:00.0010000" startTime="2025-06-30T17:11:27.6227347+02:00" endTime="2025-06-30T17:11:27.6227348+02:00" testType="13cdc9d9-ddb5-4fa4-a97d-d965ccfc6d4b" outcome="Failed" testListId="8c84fa94-04c1-424b-9868-57a2d4851a1d" relativeResultsDirectory="9592c4c3-26ec-4b46-a7d8-8458abb05d8b">
      <Output>
        <ErrorInfo>
          <Message>System.ArgumentException : Can not instantiate proxy of class: Aula.Utilities.ConversationContextManager`1[[System.Int64, System.Private.CoreLib, Version=9.0.0.0, Culture=neutral, PublicKeyToken=7cec85d7bea7798e]].
Could not find a parameterless constructor. (Parameter 'constructorArguments')
---- System.MissingMethodException : Constructor on type 'Castle.Proxies.ConversationContextManager`1Proxy' not found.</Message>
          <StackTrace>   at Castle.DynamicProxy.ProxyGenerator.CreateClassProxyInstance(Type proxyType, List`1 proxyArguments, Type classToProxy, Object[] constructorArguments)
   at Castle.DynamicProxy.ProxyGenerator.CreateClassProxy(Type classToProxy, Type[] additionalInterfacesToProxy, ProxyGenerationOptions options, Object[] constructorArguments, IInterceptor[] interceptors)
   at Moq.CastleProxyFactory.CreateProxy(Type mockType, IInterceptor interceptor, Type[] interfaces, Object[] arguments) in /_/src/Moq/Interception/CastleProxyFactory.cs:line 62
   at Moq.Mock`1.InitializeInstance() in /_/src/Moq/Mock`1.cs:line 309
   at Moq.Mock`1.OnGetObject() in /_/src/Moq/Mock`1.cs:line 323
   at Moq.Mock.get_Object() in /_/src/Moq/Mock.cs:line 181
   at Moq.Mock`1.get_Object() in /_/src/Moq/Mock`1.cs:line 281
   at Aula.Tests.Bots.TelegramMessageHandlerTests..ctor() in /mnt/d/git/aula/src/Aula.Tests/Bots/TelegramMessageHandlerTests.cs:line 63
   at System.RuntimeType.CreateInstanceDefaultCtor(Boolean publicOnly, Boolean wrapExceptions)
----- Inner Stack Trace -----
   at System.RuntimeType.CreateInstanceImpl(BindingFlags bindingAttr, Binder binder, Object[] args, CultureInfo culture)
   at Castle.DynamicProxy.ProxyGenerator.CreateClassProxyInstance(Type proxyType, List`1 proxyArguments, Type classToProxy, Object[] constructorArguments)</StackTrace>
        </ErrorInfo>
      </Output>
    </UnitTestResult>
    <UnitTestResult executionId="01e6bf1a-e201-4310-92b0-85e29d7dbbc3" testId="0a8ad004-d01c-d1e0-58a0-181e5b1d213b" testName="Aula.Tests.Configuration.ConfigurationTests.Timers_AdaptivePollingLimits_ValidationTests(minSeconds: 5, maxSeconds: 30, isValid: True)" computerName="RHO-DESKTOP" duration="00:00:00.2087951" startTime="2025-06-30T17:11:27.8699267+02:00" endTime="2025-06-30T17:11:27.8699269+02:00" testType="13cdc9d9-ddb5-4fa4-a97d-d965ccfc6d4b" outcome="Passed" testListId="8c84fa94-04c1-424b-9868-57a2d4851a1d" relativeResultsDirectory="01e6bf1a-e201-4310-92b0-85e29d7dbbc3" />
    <UnitTestResult executionId="2e442e26-c5fc-407b-b8ca-9fc70aab5cc9" testId="34366f44-ed9b-7d8b-6c2d-6118dfaf9ff9" testName="Aula.Tests.Services.DataModelTests.ScheduledTask_WithProperties_SetsCorrectly" computerName="RHO-DESKTOP" duration="00:00:00.0097321" startTime="2025-06-30T17:11:27.2617835+02:00" endTime="2025-06-30T17:11:27.2617836+02:00" testType="13cdc9d9-ddb5-4fa4-a97d-d965ccfc6d4b" outcome="Passed" testListId="8c84fa94-04c1-424b-9868-57a2d4851a1d" relativeResultsDirectory="2e442e26-c5fc-407b-b8ca-9fc70aab5cc9" />
    <UnitTestResult executionId="ef9b8e41-5e43-41f5-a0cb-6cb123c6b6ba" testId="e2629d31-76fa-fe13-ab42-e2aa75f765d2" testName="Aula.Tests.Tools.ReminderCommandHandlerTests.TryHandleReminderCommand_NonReminderCommands_ReturnsFalse(command: &quot;random text&quot;)" computerName="RHO-DESKTOP" duration="00:00:00.0000731" startTime="2025-06-30T17:11:27.7305030+02:00" endTime="2025-06-30T17:11:27.7305031+02:00" testType="13cdc9d9-ddb5-4fa4-a97d-d965ccfc6d4b" outcome="Passed" testListId="8c84fa94-04c1-424b-9868-57a2d4851a1d" relativeResultsDirectory="ef9b8e41-5e43-41f5-a0cb-6cb123c6b6ba" />
    <UnitTestResult executionId="c07307b5-a49c-468b-97c8-7b5478db62f1" testId="70db4613-e64a-610c-c0a7-4aad6b8acc12" testName="Aula.Tests.Channels.SlackBotTests.SendTestMessage_WithVariousMessages_DoesNotThrow(message: &quot;Message with special chars: @#$%&quot;)" computerName="RHO-DESKTOP" duration="00:00:00.0001544" startTime="2025-06-30T17:11:27.4654878+02:00" endTime="2025-06-30T17:11:27.4654880+02:00" testType="13cdc9d9-ddb5-4fa4-a97d-d965ccfc6d4b" outcome="Passed" testListId="8c84fa94-04c1-424b-9868-57a2d4851a1d" relativeResultsDirectory="c07307b5-a49c-468b-97c8-7b5478db62f1" />
    <UnitTestResult executionId="ed5dc2a0-6e63-49ce-895a-159303f5d02b" testId="b818bc8f-75bb-2119-5010-d4b3daaab169" testName="Aula.Tests.Services.DataModelTests.PostedLetter_WeekNumberValidation_ReturnsExpectedResult(weekNumber: 54, year: 2023, isValid: False)" computerName="RHO-DESKTOP" duration="00:00:00.0000127" startTime="2025-06-30T17:11:27.2595667+02:00" endTime="2025-06-30T17:11:27.2595668+02:00" testType="13cdc9d9-ddb5-4fa4-a97d-d965ccfc6d4b" outcome="Passed" testListId="8c84fa94-04c1-424b-9868-57a2d4851a1d" relativeResultsDirectory="ed5dc2a0-6e63-49ce-895a-159303f5d02b" />
    <UnitTestResult executionId="bd3a8bb1-d853-4af4-b246-c1f1367c3869" testId="b3d0207a-6b94-dced-4560-55d90059fc43" testName="Aula.Tests.Integration.AgentServiceTests.GetWeekLetterAsync_ReturnsCachedData_WhenAvailable" computerName="RHO-DESKTOP" duration="00:00:00.0106973" startTime="2025-06-30T17:11:27.4820481+02:00" endTime="2025-06-30T17:11:27.4820485+02:00" testType="13cdc9d9-ddb5-4fa4-a97d-d965ccfc6d4b" outcome="Passed" testListId="8c84fa94-04c1-424b-9868-57a2d4851a1d" relativeResultsDirectory="bd3a8bb1-d853-4af4-b246-c1f1367c3869" />
    <UnitTestResult executionId="0979d33d-7fc0-4055-90e0-bff6dd6bde3f" testId="cb065b5b-0d40-3607-dd81-a79e7d3ed14a" testName="Aula.Tests.Configuration.ConfigurationTests.Config_WithEmptyConfiguration_UsesDefaults" computerName="RHO-DESKTOP" duration="00:00:00.0061913" startTime="2025-06-30T17:11:28.2557435+02:00" endTime="2025-06-30T17:11:28.2557436+02:00" testType="13cdc9d9-ddb5-4fa4-a97d-d965ccfc6d4b" outcome="Passed" testListId="8c84fa94-04c1-424b-9868-57a2d4851a1d" relativeResultsDirectory="0979d33d-7fc0-4055-90e0-bff6dd6bde3f" />
    <UnitTestResult executionId="6b079a23-decc-42c3-978d-706d67d13316" testId="bf6936c5-c569-cff2-295a-80008bcc4af4" testName="Aula.Tests.Utilities.IntentAnalysisPromptsTests.ToolExamples_ContainsRequiredKeys(key: &quot;GET_CURRENT_TIME&quot;)" computerName="RHO-DESKTOP" duration="00:00:00.0000066" startTime="2025-06-30T17:11:27.6419318+02:00" endTime="2025-06-30T17:11:27.6419319+02:00" testType="13cdc9d9-ddb5-4fa4-a97d-d965ccfc6d4b" outcome="Passed" testListId="8c84fa94-04c1-424b-9868-57a2d4851a1d" relativeResultsDirectory="6b079a23-decc-42c3-978d-706d67d13316" />
    <UnitTestResult executionId="21154aec-1177-4c46-ab5d-cb86291d7f55" testId="c2915ea4-e5f9-7f97-c925-c30cd92f3ba5" testName="Aula.Tests.Bots.TelegramMessageHandlerTests.HandleMessageAsync_WithHelpCommand_ProcessesHelpMessage(helpCommand: &quot;HELP&quot;)" computerName="RHO-DESKTOP" duration="00:00:00.0010000" startTime="2025-06-30T17:11:27.5452037+02:00" endTime="2025-06-30T17:11:27.5452039+02:00" testType="13cdc9d9-ddb5-4fa4-a97d-d965ccfc6d4b" outcome="Failed" testListId="8c84fa94-04c1-424b-9868-57a2d4851a1d" relativeResultsDirectory="21154aec-1177-4c46-ab5d-cb86291d7f55">
      <Output>
        <ErrorInfo>
          <Message>System.ArgumentException : Can not instantiate proxy of class: Aula.Utilities.ConversationContextManager`1[[System.Int64, System.Private.CoreLib, Version=9.0.0.0, Culture=neutral, PublicKeyToken=7cec85d7bea7798e]].
Could not find a parameterless constructor. (Parameter 'constructorArguments')
---- System.MissingMethodException : Constructor on type 'Castle.Proxies.ConversationContextManager`1Proxy' not found.</Message>
          <StackTrace>   at Castle.DynamicProxy.ProxyGenerator.CreateClassProxyInstance(Type proxyType, List`1 proxyArguments, Type classToProxy, Object[] constructorArguments)
   at Castle.DynamicProxy.ProxyGenerator.CreateClassProxy(Type classToProxy, Type[] additionalInterfacesToProxy, ProxyGenerationOptions options, Object[] constructorArguments, IInterceptor[] interceptors)
   at Moq.CastleProxyFactory.CreateProxy(Type mockType, IInterceptor interceptor, Type[] interfaces, Object[] arguments) in /_/src/Moq/Interception/CastleProxyFactory.cs:line 62
   at Moq.Mock`1.InitializeInstance() in /_/src/Moq/Mock`1.cs:line 309
   at Moq.Mock`1.OnGetObject() in /_/src/Moq/Mock`1.cs:line 323
   at Moq.Mock.get_Object() in /_/src/Moq/Mock.cs:line 181
   at Moq.Mock`1.get_Object() in /_/src/Moq/Mock`1.cs:line 281
   at Aula.Tests.Bots.TelegramMessageHandlerTests..ctor() in /mnt/d/git/aula/src/Aula.Tests/Bots/TelegramMessageHandlerTests.cs:line 63
   at System.RuntimeType.CreateInstanceDefaultCtor(Boolean publicOnly, Boolean wrapExceptions)
----- Inner Stack Trace -----
   at System.RuntimeType.CreateInstanceImpl(BindingFlags bindingAttr, Binder binder, Object[] args, CultureInfo culture)
   at Castle.DynamicProxy.ProxyGenerator.CreateClassProxyInstance(Type proxyType, List`1 proxyArguments, Type classToProxy, Object[] constructorArguments)</StackTrace>
        </ErrorInfo>
      </Output>
    </UnitTestResult>
    <UnitTestResult executionId="b63d059b-65ac-45d6-b9b8-e54a67bdaf1e" testId="bb2b6e22-8876-e112-3e1e-ad1f0802bc47" testName="Aula.Tests.Services.OpenAiServiceIntegrationTests.ChatInterface_Slack_HasCorrectValue" computerName="RHO-DESKTOP" duration="00:00:00.0011033" startTime="2025-06-30T17:11:27.4655793+02:00" endTime="2025-06-30T17:11:27.4655795+02:00" testType="13cdc9d9-ddb5-4fa4-a97d-d965ccfc6d4b" outcome="Passed" testListId="8c84fa94-04c1-424b-9868-57a2d4851a1d" relativeResultsDirectory="b63d059b-65ac-45d6-b9b8-e54a67bdaf1e" />
    <UnitTestResult executionId="1f2b0e73-dda1-4c5d-b945-ece27796f43d" testId="c139c7f2-e7cf-69b5-0edf-596c5852d9fe" testName="Aula.Tests.Utilities.DateTimeUtilitiesTests.GetDanishDayName_ValidDayOfWeek_ReturnsLowercaseName(dayOfWeek: Friday, expectedName: &quot;fredag&quot;)" computerName="RHO-DESKTOP" duration="00:00:00.0001600" startTime="2025-06-30T17:11:27.7101214+02:00" endTime="2025-06-30T17:11:27.7101215+02:00" testType="13cdc9d9-ddb5-4fa4-a97d-d965ccfc6d4b" outcome="Passed" testListId="8c84fa94-04c1-424b-9868-57a2d4851a1d" relativeResultsDirectory="1f2b0e73-dda1-4c5d-b945-ece27796f43d" />
    <UnitTestResult executionId="9fb81bb9-de6e-4ecf-9183-135e75b310f7" testId="d56dd742-e931-0f4c-26ba-408458db3851" testName="Aula.Tests.Services.DataModelTests.ScheduledTask_CronExpression_CanBeSet(cronExpression: &quot;0 9 * * 1-5&quot;, description: &quot;Daily at 9 AM on weekdays&quot;)" computerName="RHO-DESKTOP" duration="00:00:00.0002598" startTime="2025-06-30T17:11:27.2551006+02:00" endTime="2025-06-30T17:11:27.2551006+02:00" testType="13cdc9d9-ddb5-4fa4-a97d-d965ccfc6d4b" outcome="Passed" testListId="8c84fa94-04c1-424b-9868-57a2d4851a1d" relativeResultsDirectory="9fb81bb9-de6e-4ecf-9183-135e75b310f7" />
    <UnitTestResult executionId="649431e6-7671-4f89-a566-f2da7bed39c2" testId="4f957322-220c-36b8-b6b3-657137ac0ed1" testName="Aula.Tests.Services.OpenAiServiceIntegrationTests.ExtractKeyInformationAsync_WithValidWeekLetter_CallsApiWithCorrectParameters" computerName="RHO-DESKTOP" duration="00:00:00.0048852" startTime="2025-06-30T17:11:27.5285510+02:00" endTime="2025-06-30T17:11:27.5285511+02:00" testType="13cdc9d9-ddb5-4fa4-a97d-d965ccfc6d4b" outcome="Failed" testListId="8c84fa94-04c1-424b-9868-57a2d4851a1d" relativeResultsDirectory="649431e6-7671-4f89-a566-f2da7bed39c2">
      <Output>
        <ErrorInfo>
          <Message>System.ArgumentException : Can not instantiate proxy of class: Aula.Tools.AiToolsManager.
Could not find a parameterless constructor. (Parameter 'constructorArguments')
---- System.MissingMethodException : Constructor on type 'Castle.Proxies.AiToolsManagerProxy' not found.</Message>
          <StackTrace>   at Castle.DynamicProxy.ProxyGenerator.CreateClassProxyInstance(Type proxyType, List`1 proxyArguments, Type classToProxy, Object[] constructorArguments)
   at Castle.DynamicProxy.ProxyGenerator.CreateClassProxy(Type classToProxy, Type[] additionalInterfacesToProxy, ProxyGenerationOptions options, Object[] constructorArguments, IInterceptor[] interceptors)
   at Moq.CastleProxyFactory.CreateProxy(Type mockType, IInterceptor interceptor, Type[] interfaces, Object[] arguments) in /_/src/Moq/Interception/CastleProxyFactory.cs:line 62
   at Moq.Mock`1.InitializeInstance() in /_/src/Moq/Mock`1.cs:line 309
   at Moq.Mock`1.OnGetObject() in /_/src/Moq/Mock`1.cs:line 323
   at Moq.Mock.get_Object() in /_/src/Moq/Mock.cs:line 181
   at Moq.Mock`1.get_Object() in /_/src/Moq/Mock`1.cs:line 281
   at Aula.Tests.Services.OpenAiServiceIntegrationTests.ExtractKeyInformationAsync_WithValidWeekLetter_CallsApiWithCorrectParameters() in /mnt/d/git/aula/src/Aula.Tests/Services/OpenAiServiceIntegrationTests.cs:line 242
--- End of stack trace from previous location ---
----- Inner Stack Trace -----
   at System.RuntimeType.CreateInstanceImpl(BindingFlags bindingAttr, Binder binder, Object[] args, CultureInfo culture)
   at Castle.DynamicProxy.ProxyGenerator.CreateClassProxyInstance(Type proxyType, List`1 proxyArguments, Type classToProxy, Object[] constructorArguments)</StackTrace>
        </ErrorInfo>
      </Output>
    </UnitTestResult>
    <UnitTestResult executionId="41bb4ccb-b17f-49db-a247-d5ec70ecbce8" testId="a6c6eedb-804b-f291-bd53-e5fa9809816a" testName="Aula.Tests.Services.DataServiceTests.CacheWeekLetter_StoresDataInCache" computerName="RHO-DESKTOP" duration="00:00:00.0101594" startTime="2025-06-30T17:11:27.3806528+02:00" endTime="2025-06-30T17:11:27.3806529+02:00" testType="13cdc9d9-ddb5-4fa4-a97d-d965ccfc6d4b" outcome="Passed" testListId="8c84fa94-04c1-424b-9868-57a2d4851a1d" relativeResultsDirectory="41bb4ccb-b17f-49db-a247-d5ec70ecbce8" />
    <UnitTestResult executionId="c1235a90-a5c2-40e5-83d2-4396571f3af8" testId="909b5135-abc5-ca49-7494-5f4eb3573cf1" testName="Aula.Tests.Utilities.DateTimeUtilitiesTests.GetDanishDayName_AllValidDaysOfWeek_ReturnsNonEmptyString(dayOfWeek: Tuesday)" computerName="RHO-DESKTOP" duration="00:00:00.0000061" startTime="2025-06-30T17:11:27.7098653+02:00" endTime="2025-06-30T17:11:27.7098654+02:00" testType="13cdc9d9-ddb5-4fa4-a97d-d965ccfc6d4b" outcome="Passed" testListId="8c84fa94-04c1-424b-9868-57a2d4851a1d" relativeResultsDirectory="c1235a90-a5c2-40e5-83d2-4396571f3af8" />
    <UnitTestResult executionId="dd771f73-3f19-4e63-a5da-1d64ac97f133" testId="83266911-8f44-8cb8-141e-0c21973cceb8" testName="Aula.Tests.Utilities.IntentAnalysisPromptsTests.GetFormattedPrompt_WithVariousQueries_ReturnsValidPrompt(query: &quot;Help me&quot;)" computerName="RHO-DESKTOP" duration="00:00:00.0002583" startTime="2025-06-30T17:11:27.6379267+02:00" endTime="2025-06-30T17:11:27.6379269+02:00" testType="13cdc9d9-ddb5-4fa4-a97d-d965ccfc6d4b" outcome="Passed" testListId="8c84fa94-04c1-424b-9868-57a2d4851a1d" relativeResultsDirectory="dd771f73-3f19-4e63-a5da-1d64ac97f133" />
    <UnitTestResult executionId="1ae3646d-9ce7-49ee-9320-3e521d2e13e3" testId="f3b6f74b-87b3-fd71-9913-805f7e4c5e0e" testName="Aula.Tests.Channels.SlackBotTests.PostMessage_WithVariousMessages_DoesNotThrow(message: &quot;Message with special chars: @#$%&quot;)" computerName="RHO-DESKTOP" duration="00:00:00.0007590" startTime="2025-06-30T17:11:27.4102018+02:00" endTime="2025-06-30T17:11:27.4102020+02:00" testType="13cdc9d9-ddb5-4fa4-a97d-d965ccfc6d4b" outcome="Passed" testListId="8c84fa94-04c1-424b-9868-57a2d4851a1d" relativeResultsDirectory="1ae3646d-9ce7-49ee-9320-3e521d2e13e3" />
    <UnitTestResult executionId="cc957428-c5df-480f-bc49-5b64c8ac18d6" testId="ab3aafbd-fe25-4a7f-3bda-69e06a94b6ee" testName="Aula.Tests.Bots.SlackMessageHandlerTests.HandleMessageAsync_WithException_LogsErrorAndReturnsFalse" computerName="RHO-DESKTOP" duration="00:00:00.0010000" startTime="2025-06-30T17:11:27.6995477+02:00" endTime="2025-06-30T17:11:27.6995480+02:00" testType="13cdc9d9-ddb5-4fa4-a97d-d965ccfc6d4b" outcome="Failed" testListId="8c84fa94-04c1-424b-9868-57a2d4851a1d" relativeResultsDirectory="cc957428-c5df-480f-bc49-5b64c8ac18d6">
      <Output>
        <ErrorInfo>
          <Message>System.ArgumentException : Can not instantiate proxy of class: Aula.Tools.ReminderCommandHandler.
Could not find a parameterless constructor. (Parameter 'constructorArguments')
---- System.MissingMethodException : Constructor on type 'Castle.Proxies.ReminderCommandHandlerProxy' not found.</Message>
          <StackTrace>   at Castle.DynamicProxy.ProxyGenerator.CreateClassProxyInstance(Type proxyType, List`1 proxyArguments, Type classToProxy, Object[] constructorArguments)
   at Castle.DynamicProxy.ProxyGenerator.CreateClassProxy(Type classToProxy, Type[] additionalInterfacesToProxy, ProxyGenerationOptions options, Object[] constructorArguments, IInterceptor[] interceptors)
   at Moq.CastleProxyFactory.CreateProxy(Type mockType, IInterceptor interceptor, Type[] interfaces, Object[] arguments) in /_/src/Moq/Interception/CastleProxyFactory.cs:line 62
   at Moq.Mock`1.InitializeInstance() in /_/src/Moq/Mock`1.cs:line 309
   at Moq.Mock`1.OnGetObject() in /_/src/Moq/Mock`1.cs:line 323
   at Moq.Mock.get_Object() in /_/src/Moq/Mock.cs:line 181
   at Moq.Mock`1.get_Object() in /_/src/Moq/Mock`1.cs:line 281
   at Aula.Tests.Bots.SlackMessageHandlerTests..ctor() in /mnt/d/git/aula/src/Aula.Tests/Bots/SlackMessageHandlerTests.cs:line 57
   at System.RuntimeType.CreateInstanceDefaultCtor(Boolean publicOnly, Boolean wrapExceptions)
----- Inner Stack Trace -----
   at System.RuntimeType.CreateInstanceImpl(BindingFlags bindingAttr, Binder binder, Object[] args, CultureInfo culture)
   at Castle.DynamicProxy.ProxyGenerator.CreateClassProxyInstance(Type proxyType, List`1 proxyArguments, Type classToProxy, Object[] constructorArguments)</StackTrace>
        </ErrorInfo>
      </Output>
    </UnitTestResult>
    <UnitTestResult executionId="31205208-e3df-4389-ac9b-206f516d9c30" testId="55912caf-6fc4-918c-e4ec-07597adc6c56" testName="Aula.Tests.Services.DataModelTests.PostedLetter_WeekNumberValidation_ReturnsExpectedResult(weekNumber: 53, year: 2023, isValid: True)" computerName="RHO-DESKTOP" duration="00:00:00.0000059" startTime="2025-06-30T17:11:27.2605131+02:00" endTime="2025-06-30T17:11:27.2605133+02:00" testType="13cdc9d9-ddb5-4fa4-a97d-d965ccfc6d4b" outcome="Passed" testListId="8c84fa94-04c1-424b-9868-57a2d4851a1d" relativeResultsDirectory="31205208-e3df-4389-ac9b-206f516d9c30" />
    <UnitTestResult executionId="0cedd178-b1dc-4d17-b9f3-1988ab79f143" testId="ab9c2247-9b07-41d9-d47e-aa4942797b13" testName="Aula.Tests.Configuration.ConfigurationTests.Telegram_Token_ValidationTests(token: &quot;123456789:AABBCCDDEEFFGG&quot;, isValidFormat: True)" computerName="RHO-DESKTOP" duration="00:00:00.0098557" startTime="2025-06-30T17:11:28.0740667+02:00" endTime="2025-06-30T17:11:28.0740671+02:00" testType="13cdc9d9-ddb5-4fa4-a97d-d965ccfc6d4b" outcome="Passed" testListId="8c84fa94-04c1-424b-9868-57a2d4851a1d" relativeResultsDirectory="0cedd178-b1dc-4d17-b9f3-1988ab79f143" />
    <UnitTestResult executionId="26b189c3-7477-4c77-920d-1882e300479a" testId="7a4330b4-d3d2-d308-8e2d-3815d3c67d0f" testName="Aula.Tests.Channels.TelegramClientTests.Constructor_WithVariousTokens_DoesNotThrow(token: &quot;987654321:XXYYZZ&quot;)" computerName="RHO-DESKTOP" duration="00:00:00.0001343" startTime="2025-06-30T17:11:27.6700883+02:00" endTime="2025-06-30T17:11:27.6700885+02:00" testType="13cdc9d9-ddb5-4fa4-a97d-d965ccfc6d4b" outcome="Passed" testListId="8c84fa94-04c1-424b-9868-57a2d4851a1d" relativeResultsDirectory="26b189c3-7477-4c77-920d-1882e300479a" />
    <UnitTestResult executionId="057fe042-2bec-4f6b-936a-c88627d17863" testId="d9434b0b-f031-6aad-3c30-fb3e0d035dab" testName="Aula.Tests.Scheduling.SchedulingServiceIntegrationTests.Constructor_WithValidParameters_InitializesCorrectly" computerName="RHO-DESKTOP" duration="00:00:00.0007922" startTime="2025-06-30T17:11:27.5299179+02:00" endTime="2025-06-30T17:11:27.5299181+02:00" testType="13cdc9d9-ddb5-4fa4-a97d-d965ccfc6d4b" outcome="Passed" testListId="8c84fa94-04c1-424b-9868-57a2d4851a1d" relativeResultsDirectory="057fe042-2bec-4f6b-936a-c88627d17863" />
    <UnitTestResult executionId="8b9a7418-066d-4cfe-a17b-6ecac1b2b979" testId="869e2bf6-051e-e015-497a-7397bf66191a" testName="Aula.Tests.Tools.ReminderCommandHandlerTests.TryHandleReminderCommand_AddReminder_InvalidFormats_ReturnsErrorMessage(command: &quot;remind me tomorrow at 25:00 that invalid time&quot;, isEnglish: True)" computerName="RHO-DESKTOP" duration="00:00:00.0057263" startTime="2025-06-30T17:11:27.7490842+02:00" endTime="2025-06-30T17:11:27.7490843+02:00" testType="13cdc9d9-ddb5-4fa4-a97d-d965ccfc6d4b" outcome="Passed" testListId="8c84fa94-04c1-424b-9868-57a2d4851a1d" relativeResultsDirectory="8b9a7418-066d-4cfe-a17b-6ecac1b2b979" />
    <UnitTestResult executionId="c682f19d-9001-4838-877e-4a1cd68a2467" testId="fabac3d5-e597-1339-6b46-1c0c67411388" testName="Aula.Tests.Bots.TelegramInteractiveBotTests.Constructor_WithMissingToken_ThrowsInvalidOperationException" computerName="RHO-DESKTOP" duration="00:00:00.0007939" startTime="2025-06-30T17:11:29.4469876+02:00" endTime="2025-06-30T17:11:29.4469879+02:00" testType="13cdc9d9-ddb5-4fa4-a97d-d965ccfc6d4b" outcome="Passed" testListId="8c84fa94-04c1-424b-9868-57a2d4851a1d" relativeResultsDirectory="c682f19d-9001-4838-877e-4a1cd68a2467" />
    <UnitTestResult executionId="3628aa04-247a-4f39-8826-6df20532d1cf" testId="4ea1f036-59f8-5cad-3b0c-625068ad78db" testName="Aula.Tests.Utilities.FollowUpQuestionDetectorTests.IsFollowUpQuestion_WithShortFollowUps_ReturnsTrue(input: &quot;short?&quot;)" computerName="RHO-DESKTOP" duration="00:00:00.0000480" startTime="2025-06-30T17:11:27.7056338+02:00" endTime="2025-06-30T17:11:27.7056339+02:00" testType="13cdc9d9-ddb5-4fa4-a97d-d965ccfc6d4b" outcome="Passed" testListId="8c84fa94-04c1-424b-9868-57a2d4851a1d" relativeResultsDirectory="3628aa04-247a-4f39-8826-6df20532d1cf" />
    <UnitTestResult executionId="cc68dea3-1a7b-4d72-8365-2c4bbfefe788" testId="453c772e-3476-db11-1625-b8f0377bbbd8" testName="Aula.Tests.Utilities.WeekLetterContentExtractorTests.ExtractContent_Dynamic_WithEmptyArray_ReturnsEmptyString" computerName="RHO-DESKTOP" duration="00:00:00.1633302" startTime="2025-06-30T17:11:27.4382477+02:00" endTime="2025-06-30T17:11:27.4382479+02:00" testType="13cdc9d9-ddb5-4fa4-a97d-d965ccfc6d4b" outcome="Passed" testListId="8c84fa94-04c1-424b-9868-57a2d4851a1d" relativeResultsDirectory="cc68dea3-1a7b-4d72-8365-2c4bbfefe788" />
    <UnitTestResult executionId="2fbd92fc-ec09-45a9-bcda-cabd41154d2e" testId="8058c27b-1352-027a-d929-43b2879c423e" testName="Aula.Tests.Services.DataModelTests.PostedLetter_ContentHash_CanDetectChanges" computerName="RHO-DESKTOP" duration="00:00:00.0056762" startTime="2025-06-30T17:11:27.2609061+02:00" endTime="2025-06-30T17:11:27.2609062+02:00" testType="13cdc9d9-ddb5-4fa4-a97d-d965ccfc6d4b" outcome="Passed" testListId="8c84fa94-04c1-424b-9868-57a2d4851a1d" relativeResultsDirectory="2fbd92fc-ec09-45a9-bcda-cabd41154d2e" />
    <UnitTestResult executionId="a6b78110-1ee8-4b38-b94c-14659086bb74" testId="cd39a17c-6fe1-e1b4-559a-d31518f5450f" testName="Aula.Tests.Utilities.FollowUpQuestionDetectorTests.IsFollowUpQuestion_WithDanishFollowUpPhrases_ReturnsTrue(input: &quot;og?&quot;)" computerName="RHO-DESKTOP" duration="00:00:00.0000545" startTime="2025-06-30T17:11:27.7263097+02:00" endTime="2025-06-30T17:11:27.7263098+02:00" testType="13cdc9d9-ddb5-4fa4-a97d-d965ccfc6d4b" outcome="Passed" testListId="8c84fa94-04c1-424b-9868-57a2d4851a1d" relativeResultsDirectory="a6b78110-1ee8-4b38-b94c-14659086bb74" />
    <UnitTestResult executionId="4a9ccc70-e2e3-4507-af3c-f60f8dee9765" testId="533b2a5c-a19c-cf24-eb9a-f995ca4d2974" testName="Aula.Tests.Utilities.Html2SlackMarkdownConverterTests.Convert_WithInvalidHtml_HandlesGracefully" computerName="RHO-DESKTOP" duration="00:00:00.0086348" startTime="2025-06-30T17:11:27.9839486+02:00" endTime="2025-06-30T17:11:27.9839488+02:00" testType="13cdc9d9-ddb5-4fa4-a97d-d965ccfc6d4b" outcome="Passed" testListId="8c84fa94-04c1-424b-9868-57a2d4851a1d" relativeResultsDirectory="4a9ccc70-e2e3-4507-af3c-f60f8dee9765" />
    <UnitTestResult executionId="724df43c-01d6-4b65-b2c5-014252f5450e" testId="5b9eed1d-66a1-144a-f169-3003eeb937ac" testName="Aula.Tests.Utilities.WeekLetterContentExtractorTests.ExtractContent_WithLogger_LogsWarningForEmptyContent" computerName="RHO-DESKTOP" duration="00:00:00.0025850" startTime="2025-06-30T17:11:27.4822721+02:00" endTime="2025-06-30T17:11:27.4822721+02:00" testType="13cdc9d9-ddb5-4fa4-a97d-d965ccfc6d4b" outcome="Passed" testListId="8c84fa94-04c1-424b-9868-57a2d4851a1d" relativeResultsDirectory="724df43c-01d6-4b65-b2c5-014252f5450e" />
    <UnitTestResult executionId="9fe75819-a70c-424a-a931-2f45b95ee179" testId="97bda861-62f2-bba1-c598-127d5142019e" testName="Aula.Tests.Configuration.ConfigurationTests.Features_ConfigurationIsCorrect" computerName="RHO-DESKTOP" duration="00:00:00.0066338" startTime="2025-06-30T17:11:28.2878277+02:00" endTime="2025-06-30T17:11:28.2878278+02:00" testType="13cdc9d9-ddb5-4fa4-a97d-d965ccfc6d4b" outcome="Passed" testListId="8c84fa94-04c1-424b-9868-57a2d4851a1d" relativeResultsDirectory="9fe75819-a70c-424a-a931-2f45b95ee179" />
    <UnitTestResult executionId="cad1ba55-6821-496e-b3d9-fbe64af73744" testId="016d303d-5ae2-6e55-e6bf-2008da910e62" testName="Aula.Tests.Configuration.ConfigurationTests.Telegram_Token_ValidationTests(token: &quot;123456789&quot;, isValidFormat: False)" computerName="RHO-DESKTOP" duration="00:00:00.0050583" startTime="2025-06-30T17:11:28.0536188+02:00" endTime="2025-06-30T17:11:28.0536190+02:00" testType="13cdc9d9-ddb5-4fa4-a97d-d965ccfc6d4b" outcome="Passed" testListId="8c84fa94-04c1-424b-9868-57a2d4851a1d" relativeResultsDirectory="cad1ba55-6821-496e-b3d9-fbe64af73744" />
    <UnitTestResult executionId="4d0a1131-40dd-4794-90d2-1367e137f1db" testId="0a638305-142d-7de7-7f12-9a81aa636946" testName="Aula.Tests.Bots.TelegramInteractiveBotTests.SendMessage_WithLongChatId_SendsSuccessfully(chatId: &quot;987654321&quot;)" computerName="RHO-DESKTOP" duration="00:00:00.1435523" startTime="2025-06-30T17:11:28.2867477+02:00" endTime="2025-06-30T17:11:28.2867479+02:00" testType="13cdc9d9-ddb5-4fa4-a97d-d965ccfc6d4b" outcome="Passed" testListId="8c84fa94-04c1-424b-9868-57a2d4851a1d" relativeResultsDirectory="4d0a1131-40dd-4794-90d2-1367e137f1db" />
    <UnitTestResult executionId="133f82b0-22f6-4a6d-a328-9a1070cfc4c1" testId="c22d3a06-485f-94be-2690-3f00833e186d" testName="Aula.Tests.Channels.SlackBotTests.PostWeekLetter_WithVariousChildNames_HandlesCorrectly(firstName: &quot;Alice&quot;)" computerName="RHO-DESKTOP" duration="00:00:00.0008222" startTime="2025-06-30T17:11:27.4081330+02:00" endTime="2025-06-30T17:11:27.4081331+02:00" testType="13cdc9d9-ddb5-4fa4-a97d-d965ccfc6d4b" outcome="Passed" testListId="8c84fa94-04c1-424b-9868-57a2d4851a1d" relativeResultsDirectory="133f82b0-22f6-4a6d-a328-9a1070cfc4c1" />
    <UnitTestResult executionId="60a21a76-8d69-42cb-81a1-1009fb161874" testId="335c0316-538c-f3b3-9476-383f089c8b2c" testName="Aula.Tests.Utilities.IntentAnalysisPromptsTests.ToolExamples_ContainsRequiredKeys(key: &quot;INFORMATION_QUERY&quot;)" computerName="RHO-DESKTOP" duration="00:00:00.0000092" startTime="2025-06-30T17:11:27.6418088+02:00" endTime="2025-06-30T17:11:27.6418089+02:00" testType="13cdc9d9-ddb5-4fa4-a97d-d965ccfc6d4b" outcome="Passed" testListId="8c84fa94-04c1-424b-9868-57a2d4851a1d" relativeResultsDirectory="60a21a76-8d69-42cb-81a1-1009fb161874" />
    <UnitTestResult executionId="42711316-bf62-4668-8682-c957c6671aac" testId="b3807b1c-634e-e2ee-a1b8-8f079f205113" testName="Aula.Tests.Utilities.FollowUpQuestionDetectorTests.IsFollowUpQuestion_WithoutFollowUpPhrases_ReturnsFalse(input: &quot;no child names here&quot;)" computerName="RHO-DESKTOP" duration="00:00:00.0007130" startTime="2025-06-30T17:11:27.7147714+02:00" endTime="2025-06-30T17:11:27.7147716+02:00" testType="13cdc9d9-ddb5-4fa4-a97d-d965ccfc6d4b" outcome="Passed" testListId="8c84fa94-04c1-424b-9868-57a2d4851a1d" relativeResultsDirectory="42711316-bf62-4668-8682-c957c6671aac" />
    <UnitTestResult executionId="104f8f8b-018e-44f8-ad32-e53be8a7641f" testId="a81f27b4-0dc1-da96-d279-fb940b021717" testName="Aula.Tests.Integration.AgentServiceTests.ExtractKeyInformationFromWeekLetterAsync_CallsOpenAiService" computerName="RHO-DESKTOP" duration="00:00:00.0186525" startTime="2025-06-30T17:11:27.5378471+02:00" endTime="2025-06-30T17:11:27.5378472+02:00" testType="13cdc9d9-ddb5-4fa4-a97d-d965ccfc6d4b" outcome="Passed" testListId="8c84fa94-04c1-424b-9868-57a2d4851a1d" relativeResultsDirectory="104f8f8b-018e-44f8-ad32-e53be8a7641f" />
    <UnitTestResult executionId="33ca6b58-3b16-4fb7-b793-80873f7788db" testId="99892231-84e1-33e1-e7f7-41ced0139b8b" testName="Aula.Tests.Channels.TelegramClientTests.SendMessageToChannel_WithVariousChannelIds_DoesNotThrow(channelId: &quot;&quot;)" computerName="RHO-DESKTOP" duration="00:00:00.0224165" startTime="2025-06-30T17:11:27.6648385+02:00" endTime="2025-06-30T17:11:27.6648386+02:00" testType="13cdc9d9-ddb5-4fa4-a97d-d965ccfc6d4b" outcome="Passed" testListId="8c84fa94-04c1-424b-9868-57a2d4851a1d" relativeResultsDirectory="33ca6b58-3b16-4fb7-b793-80873f7788db" />
    <UnitTestResult executionId="59ac4656-59e5-4978-a1cc-7bfb61306f05" testId="98555ca9-e51e-c77a-a5b7-89147423d30d" testName="Aula.Tests.Services.OpenAiServiceIntegrationTests.AskQuestionAboutChildrenAsync_WithNullChildrenWeekLetters_ThrowsArgumentNullException(chatInterface: Slack)" computerName="RHO-DESKTOP" duration="00:00:00.0019269" startTime="2025-06-30T17:11:27.4737502+02:00" endTime="2025-06-30T17:11:27.4737503+02:00" testType="13cdc9d9-ddb5-4fa4-a97d-d965ccfc6d4b" outcome="Failed" testListId="8c84fa94-04c1-424b-9868-57a2d4851a1d" relativeResultsDirectory="59ac4656-59e5-4978-a1cc-7bfb61306f05">
      <Output>
        <ErrorInfo>
          <Message>System.ArgumentException : Can not instantiate proxy of class: Aula.Tools.AiToolsManager.
Could not find a parameterless constructor. (Parameter 'constructorArguments')
---- System.MissingMethodException : Constructor on type 'Castle.Proxies.AiToolsManagerProxy' not found.</Message>
          <StackTrace>   at Castle.DynamicProxy.ProxyGenerator.CreateClassProxyInstance(Type proxyType, List`1 proxyArguments, Type classToProxy, Object[] constructorArguments)
   at Castle.DynamicProxy.ProxyGenerator.CreateClassProxy(Type classToProxy, Type[] additionalInterfacesToProxy, ProxyGenerationOptions options, Object[] constructorArguments, IInterceptor[] interceptors)
   at Moq.CastleProxyFactory.CreateProxy(Type mockType, IInterceptor interceptor, Type[] interfaces, Object[] arguments) in /_/src/Moq/Interception/CastleProxyFactory.cs:line 62
   at Moq.Mock`1.InitializeInstance() in /_/src/Moq/Mock`1.cs:line 309
   at Moq.Mock`1.OnGetObject() in /_/src/Moq/Mock`1.cs:line 323
   at Moq.Mock.get_Object() in /_/src/Moq/Mock.cs:line 181
   at Moq.Mock`1.get_Object() in /_/src/Moq/Mock`1.cs:line 281
   at Aula.Tests.Services.OpenAiServiceIntegrationTests.AskQuestionAboutChildrenAsync_WithNullChildrenWeekLetters_ThrowsArgumentNullException(ChatInterface chatInterface) in /mnt/d/git/aula/src/Aula.Tests/Services/OpenAiServiceIntegrationTests.cs:line 152
--- End of stack trace from previous location ---
----- Inner Stack Trace -----
   at System.RuntimeType.CreateInstanceImpl(BindingFlags bindingAttr, Binder binder, Object[] args, CultureInfo culture)
   at Castle.DynamicProxy.ProxyGenerator.CreateClassProxyInstance(Type proxyType, List`1 proxyArguments, Type classToProxy, Object[] constructorArguments)</StackTrace>
        </ErrorInfo>
      </Output>
    </UnitTestResult>
    <UnitTestResult executionId="f0ceaef8-66ce-468e-a3b5-1b91d9238fa4" testId="8a9a0bf9-dc67-2135-3862-4a807be5d41c" testName="Aula.Tests.Bots.SlackMessageHandlerTests.HandleMessageAsync_WithReminderCommand_CallsReminderHandler(reminderCommand: &quot;mind mig om noget&quot;)" computerName="RHO-DESKTOP" duration="00:00:00.0010000" startTime="2025-06-30T17:11:27.6736010+02:00" endTime="2025-06-30T17:11:27.6736012+02:00" testType="13cdc9d9-ddb5-4fa4-a97d-d965ccfc6d4b" outcome="Failed" testListId="8c84fa94-04c1-424b-9868-57a2d4851a1d" relativeResultsDirectory="f0ceaef8-66ce-468e-a3b5-1b91d9238fa4">
      <Output>
        <ErrorInfo>
          <Message>System.ArgumentException : Can not instantiate proxy of class: Aula.Tools.ReminderCommandHandler.
Could not find a parameterless constructor. (Parameter 'constructorArguments')
---- System.MissingMethodException : Constructor on type 'Castle.Proxies.ReminderCommandHandlerProxy' not found.</Message>
          <StackTrace>   at Castle.DynamicProxy.ProxyGenerator.CreateClassProxyInstance(Type proxyType, List`1 proxyArguments, Type classToProxy, Object[] constructorArguments)
   at Castle.DynamicProxy.ProxyGenerator.CreateClassProxy(Type classToProxy, Type[] additionalInterfacesToProxy, ProxyGenerationOptions options, Object[] constructorArguments, IInterceptor[] interceptors)
   at Moq.CastleProxyFactory.CreateProxy(Type mockType, IInterceptor interceptor, Type[] interfaces, Object[] arguments) in /_/src/Moq/Interception/CastleProxyFactory.cs:line 62
   at Moq.Mock`1.InitializeInstance() in /_/src/Moq/Mock`1.cs:line 309
   at Moq.Mock`1.OnGetObject() in /_/src/Moq/Mock`1.cs:line 323
   at Moq.Mock.get_Object() in /_/src/Moq/Mock.cs:line 181
   at Moq.Mock`1.get_Object() in /_/src/Moq/Mock`1.cs:line 281
   at Aula.Tests.Bots.SlackMessageHandlerTests..ctor() in /mnt/d/git/aula/src/Aula.Tests/Bots/SlackMessageHandlerTests.cs:line 57
   at System.RuntimeType.CreateInstanceDefaultCtor(Boolean publicOnly, Boolean wrapExceptions)
----- Inner Stack Trace -----
   at System.RuntimeType.CreateInstanceImpl(BindingFlags bindingAttr, Binder binder, Object[] args, CultureInfo culture)
   at Castle.DynamicProxy.ProxyGenerator.CreateClassProxyInstance(Type proxyType, List`1 proxyArguments, Type classToProxy, Object[] constructorArguments)</StackTrace>
        </ErrorInfo>
      </Output>
    </UnitTestResult>
    <UnitTestResult executionId="18264cf4-6c3e-4c9a-96b5-85d8892d2794" testId="8d316203-7ae4-8ab6-6acc-77bb5420b18a" testName="Aula.Tests.Services.OpenAiServiceIntegrationTests.AskQuestionAboutChildrenAsync_WithValidParameters_CallsApiWithCorrectParameters" computerName="RHO-DESKTOP" duration="00:00:00.0096536" startTime="2025-06-30T17:11:27.5930334+02:00" endTime="2025-06-30T17:11:27.5930336+02:00" testType="13cdc9d9-ddb5-4fa4-a97d-d965ccfc6d4b" outcome="Failed" testListId="8c84fa94-04c1-424b-9868-57a2d4851a1d" relativeResultsDirectory="18264cf4-6c3e-4c9a-96b5-85d8892d2794">
      <Output>
        <ErrorInfo>
          <Message>System.ArgumentException : Can not instantiate proxy of class: Aula.Tools.AiToolsManager.
Could not find a parameterless constructor. (Parameter 'constructorArguments')
---- System.MissingMethodException : Constructor on type 'Castle.Proxies.AiToolsManagerProxy' not found.</Message>
          <StackTrace>   at Castle.DynamicProxy.ProxyGenerator.CreateClassProxyInstance(Type proxyType, List`1 proxyArguments, Type classToProxy, Object[] constructorArguments)
   at Castle.DynamicProxy.ProxyGenerator.CreateClassProxy(Type classToProxy, Type[] additionalInterfacesToProxy, ProxyGenerationOptions options, Object[] constructorArguments, IInterceptor[] interceptors)
   at Moq.CastleProxyFactory.CreateProxy(Type mockType, IInterceptor interceptor, Type[] interfaces, Object[] arguments) in /_/src/Moq/Interception/CastleProxyFactory.cs:line 62
   at Moq.Mock`1.InitializeInstance() in /_/src/Moq/Mock`1.cs:line 309
   at Moq.Mock`1.OnGetObject() in /_/src/Moq/Mock`1.cs:line 323
   at Moq.Mock.get_Object() in /_/src/Moq/Mock.cs:line 181
   at Moq.Mock`1.get_Object() in /_/src/Moq/Mock`1.cs:line 281
   at Aula.Tests.Services.OpenAiServiceIntegrationTests.AskQuestionAboutChildrenAsync_WithValidParameters_CallsApiWithCorrectParameters() in /mnt/d/git/aula/src/Aula.Tests/Services/OpenAiServiceIntegrationTests.cs:line 269
--- End of stack trace from previous location ---
----- Inner Stack Trace -----
   at System.RuntimeType.CreateInstanceImpl(BindingFlags bindingAttr, Binder binder, Object[] args, CultureInfo culture)
   at Castle.DynamicProxy.ProxyGenerator.CreateClassProxyInstance(Type proxyType, List`1 proxyArguments, Type classToProxy, Object[] constructorArguments)</StackTrace>
        </ErrorInfo>
      </Output>
    </UnitTestResult>
    <UnitTestResult executionId="93b1a2ba-1c49-4d61-8f03-3ab24a45a330" testId="2f04f25a-f7ea-d154-f23d-9b85170cefc4" testName="Aula.Tests.Bots.SlackInteractiveBotTests.Constructor_WithValidParameters_InitializesCorrectly" computerName="RHO-DESKTOP" duration="00:00:00.2164155" startTime="2025-06-30T17:11:27.3581437+02:00" endTime="2025-06-30T17:11:27.3581438+02:00" testType="13cdc9d9-ddb5-4fa4-a97d-d965ccfc6d4b" outcome="Passed" testListId="8c84fa94-04c1-424b-9868-57a2d4851a1d" relativeResultsDirectory="93b1a2ba-1c49-4d61-8f03-3ab24a45a330" />
    <UnitTestResult executionId="5217b4e8-7c7e-40cc-9c89-df7e08cbd717" testId="76e83c15-4958-72c0-6072-2306062f6c27" testName="Aula.Tests.Utilities.Html2SlackMarkdownConverterTests.Convert_PreservesTextOrder" computerName="RHO-DESKTOP" duration="00:00:00.0011672" startTime="2025-06-30T17:11:27.9722780+02:00" endTime="2025-06-30T17:11:27.9722781+02:00" testType="13cdc9d9-ddb5-4fa4-a97d-d965ccfc6d4b" outcome="Passed" testListId="8c84fa94-04c1-424b-9868-57a2d4851a1d" relativeResultsDirectory="5217b4e8-7c7e-40cc-9c89-df7e08cbd717" />
    <UnitTestResult executionId="afa4a977-ff99-461a-884b-5478be695551" testId="ae0948ed-054c-3e18-355f-da674f5650cd" testName="Aula.Tests.Utilities.DateTimeUtilitiesTests.GetDanishDayName_AllValidDaysOfWeek_ReturnsNonEmptyString(dayOfWeek: Friday)" computerName="RHO-DESKTOP" duration="00:00:00.0002152" startTime="2025-06-30T17:11:27.7081299+02:00" endTime="2025-06-30T17:11:27.7081300+02:00" testType="13cdc9d9-ddb5-4fa4-a97d-d965ccfc6d4b" outcome="Passed" testListId="8c84fa94-04c1-424b-9868-57a2d4851a1d" relativeResultsDirectory="afa4a977-ff99-461a-884b-5478be695551" />
    <UnitTestResult executionId="444dcf10-4e4f-45c7-95b6-a86e8b31c10c" testId="3faf1419-3703-7fd5-a3da-353c4d730dce" testName="Aula.Tests.Bots.SlackInteractiveBotTests.Start_WithMissingApiToken_LogsErrorAndReturns" computerName="RHO-DESKTOP" duration="00:00:00.0034635" startTime="2025-06-30T17:11:29.9772239+02:00" endTime="2025-06-30T17:11:29.9772241+02:00" testType="13cdc9d9-ddb5-4fa4-a97d-d965ccfc6d4b" outcome="Passed" testListId="8c84fa94-04c1-424b-9868-57a2d4851a1d" relativeResultsDirectory="444dcf10-4e4f-45c7-95b6-a86e8b31c10c" />
    <UnitTestResult executionId="5090664b-ae21-4ed0-8167-afa2a737413f" testId="aa19bf7f-6519-31e4-5b05-0e179c7693a0" testName="Aula.Tests.Tools.ReminderCommandHandlerTests.TryHandleReminderCommand_NonReminderCommands_ReturnsFalse(command: &quot;&quot;)" computerName="RHO-DESKTOP" duration="00:00:00.0001798" startTime="2025-06-30T17:11:27.7303789+02:00" endTime="2025-06-30T17:11:27.7303790+02:00" testType="13cdc9d9-ddb5-4fa4-a97d-d965ccfc6d4b" outcome="Passed" testListId="8c84fa94-04c1-424b-9868-57a2d4851a1d" relativeResultsDirectory="5090664b-ae21-4ed0-8167-afa2a737413f" />
    <UnitTestResult executionId="cf7b9210-0f15-4d53-b703-3683b2369589" testId="465ed908-4041-5a87-afb1-27b6b5171191" testName="Aula.Tests.Bots.TelegramMessageHandlerTests.Constructor_WithNullSupabaseService_ThrowsArgumentNullException" computerName="RHO-DESKTOP" duration="00:00:00.0010000" startTime="2025-06-30T17:11:27.6000360+02:00" endTime="2025-06-30T17:11:27.6000362+02:00" testType="13cdc9d9-ddb5-4fa4-a97d-d965ccfc6d4b" outcome="Failed" testListId="8c84fa94-04c1-424b-9868-57a2d4851a1d" relativeResultsDirectory="cf7b9210-0f15-4d53-b703-3683b2369589">
      <Output>
        <ErrorInfo>
          <Message>System.ArgumentException : Can not instantiate proxy of class: Aula.Utilities.ConversationContextManager`1[[System.Int64, System.Private.CoreLib, Version=9.0.0.0, Culture=neutral, PublicKeyToken=7cec85d7bea7798e]].
Could not find a parameterless constructor. (Parameter 'constructorArguments')
---- System.MissingMethodException : Constructor on type 'Castle.Proxies.ConversationContextManager`1Proxy' not found.</Message>
          <StackTrace>   at Castle.DynamicProxy.ProxyGenerator.CreateClassProxyInstance(Type proxyType, List`1 proxyArguments, Type classToProxy, Object[] constructorArguments)
   at Castle.DynamicProxy.ProxyGenerator.CreateClassProxy(Type classToProxy, Type[] additionalInterfacesToProxy, ProxyGenerationOptions options, Object[] constructorArguments, IInterceptor[] interceptors)
   at Moq.CastleProxyFactory.CreateProxy(Type mockType, IInterceptor interceptor, Type[] interfaces, Object[] arguments) in /_/src/Moq/Interception/CastleProxyFactory.cs:line 62
   at Moq.Mock`1.InitializeInstance() in /_/src/Moq/Mock`1.cs:line 309
   at Moq.Mock`1.OnGetObject() in /_/src/Moq/Mock`1.cs:line 323
   at Moq.Mock.get_Object() in /_/src/Moq/Mock.cs:line 181
   at Moq.Mock`1.get_Object() in /_/src/Moq/Mock`1.cs:line 281
   at Aula.Tests.Bots.TelegramMessageHandlerTests..ctor() in /mnt/d/git/aula/src/Aula.Tests/Bots/TelegramMessageHandlerTests.cs:line 63
   at System.RuntimeType.CreateInstanceDefaultCtor(Boolean publicOnly, Boolean wrapExceptions)
----- Inner Stack Trace -----
   at System.RuntimeType.CreateInstanceImpl(BindingFlags bindingAttr, Binder binder, Object[] args, CultureInfo culture)
   at Castle.DynamicProxy.ProxyGenerator.CreateClassProxyInstance(Type proxyType, List`1 proxyArguments, Type classToProxy, Object[] constructorArguments)</StackTrace>
        </ErrorInfo>
      </Output>
    </UnitTestResult>
    <UnitTestResult executionId="050fe74e-d388-461c-9dc2-7c75f9a15239" testId="f373b350-fc52-4fbc-ec82-56bf220e0771" testName="Aula.Tests.Tools.ReminderCommandHandlerTests.TryHandleReminderCommand_AddReminder_ValidFormats_ReturnsSuccess(command: &quot;remind me tomorrow at 8:00 that TestChild1 has Haver til&quot;···, isEnglish: True, expectedChildName: &quot;TestChild1 Jensen&quot;)" computerName="RHO-DESKTOP" duration="00:00:00.0095901" startTime="2025-06-30T17:11:27.6622215+02:00" endTime="2025-06-30T17:11:27.6622216+02:00" testType="13cdc9d9-ddb5-4fa4-a97d-d965ccfc6d4b" outcome="Passed" testListId="8c84fa94-04c1-424b-9868-57a2d4851a1d" relativeResultsDirectory="050fe74e-d388-461c-9dc2-7c75f9a15239" />
    <UnitTestResult executionId="34d9605b-2e2c-4c21-9cb4-78646de46856" testId="67c18331-6034-9aef-22c0-19f657f72f8b" testName="Aula.Tests.Utilities.FollowUpQuestionDetectorTests.IsFollowUpQuestion_WithoutFollowUpPhrases_ReturnsFalse(input: &quot;goodbye&quot;)" computerName="RHO-DESKTOP" duration="00:00:00.0000572" startTime="2025-06-30T17:11:27.7149333+02:00" endTime="2025-06-30T17:11:27.7149335+02:00" testType="13cdc9d9-ddb5-4fa4-a97d-d965ccfc6d4b" outcome="Passed" testListId="8c84fa94-04c1-424b-9868-57a2d4851a1d" relativeResultsDirectory="34d9605b-2e2c-4c21-9cb4-78646de46856" />
    <UnitTestResult executionId="c4e13002-5933-44b2-8d9d-87b55ae426c9" testId="69f852cf-0b8d-bff9-6d2d-fced5fbdbaf2" testName="Aula.Tests.Bots.TelegramMessageHandlerTests.HandleMessageAsync_LogsMessageProcessing" computerName="RHO-DESKTOP" duration="00:00:00.0010000" startTime="2025-06-30T17:11:27.6209605+02:00" endTime="2025-06-30T17:11:27.6209606+02:00" testType="13cdc9d9-ddb5-4fa4-a97d-d965ccfc6d4b" outcome="Failed" testListId="8c84fa94-04c1-424b-9868-57a2d4851a1d" relativeResultsDirectory="c4e13002-5933-44b2-8d9d-87b55ae426c9">
      <Output>
        <ErrorInfo>
          <Message>System.ArgumentException : Can not instantiate proxy of class: Aula.Utilities.ConversationContextManager`1[[System.Int64, System.Private.CoreLib, Version=9.0.0.0, Culture=neutral, PublicKeyToken=7cec85d7bea7798e]].
Could not find a parameterless constructor. (Parameter 'constructorArguments')
---- System.MissingMethodException : Constructor on type 'Castle.Proxies.ConversationContextManager`1Proxy' not found.</Message>
          <StackTrace>   at Castle.DynamicProxy.ProxyGenerator.CreateClassProxyInstance(Type proxyType, List`1 proxyArguments, Type classToProxy, Object[] constructorArguments)
   at Castle.DynamicProxy.ProxyGenerator.CreateClassProxy(Type classToProxy, Type[] additionalInterfacesToProxy, ProxyGenerationOptions options, Object[] constructorArguments, IInterceptor[] interceptors)
   at Moq.CastleProxyFactory.CreateProxy(Type mockType, IInterceptor interceptor, Type[] interfaces, Object[] arguments) in /_/src/Moq/Interception/CastleProxyFactory.cs:line 62
   at Moq.Mock`1.InitializeInstance() in /_/src/Moq/Mock`1.cs:line 309
   at Moq.Mock`1.OnGetObject() in /_/src/Moq/Mock`1.cs:line 323
   at Moq.Mock.get_Object() in /_/src/Moq/Mock.cs:line 181
   at Moq.Mock`1.get_Object() in /_/src/Moq/Mock`1.cs:line 281
   at Aula.Tests.Bots.TelegramMessageHandlerTests..ctor() in /mnt/d/git/aula/src/Aula.Tests/Bots/TelegramMessageHandlerTests.cs:line 63
   at System.RuntimeType.CreateInstanceDefaultCtor(Boolean publicOnly, Boolean wrapExceptions)
----- Inner Stack Trace -----
   at System.RuntimeType.CreateInstanceImpl(BindingFlags bindingAttr, Binder binder, Object[] args, CultureInfo culture)
   at Castle.DynamicProxy.ProxyGenerator.CreateClassProxyInstance(Type proxyType, List`1 proxyArguments, Type classToProxy, Object[] constructorArguments)</StackTrace>
        </ErrorInfo>
      </Output>
    </UnitTestResult>
    <UnitTestResult executionId="bc3b2a1b-c1d2-4833-82d9-6389f56e3563" testId="bd810d5e-74d1-fb29-2175-9a145b5629e1" testName="Aula.Tests.Utilities.ReminderExtractionPromptsTests.GetExtractionPrompt_WithRealQueries_EmbedsQueryCorrectly(query: &quot;Remind me about TestChild1's soccer&quot;)" computerName="RHO-DESKTOP" duration="00:00:00.0002767" startTime="2025-06-30T17:11:27.2689130+02:00" endTime="2025-06-30T17:11:27.2689132+02:00" testType="13cdc9d9-ddb5-4fa4-a97d-d965ccfc6d4b" outcome="Passed" testListId="8c84fa94-04c1-424b-9868-57a2d4851a1d" relativeResultsDirectory="bc3b2a1b-c1d2-4833-82d9-6389f56e3563" />
    <UnitTestResult executionId="716c19e0-424c-4c63-a1c6-ac4e74529778" testId="d38e40f0-9394-42c9-ac5c-2e74521578b4" testName="Aula.Tests.Tools.ReminderCommandHandlerTests.TryHandleReminderCommand_NonMatchingPatterns_ReturnsFalse(command: &quot;remind me yesterday at 8:00 that past date&quot;, isEnglish: True)" computerName="RHO-DESKTOP" duration="00:00:00.0000551" startTime="2025-06-30T17:11:27.7531837+02:00" endTime="2025-06-30T17:11:27.7531838+02:00" testType="13cdc9d9-ddb5-4fa4-a97d-d965ccfc6d4b" outcome="Passed" testListId="8c84fa94-04c1-424b-9868-57a2d4851a1d" relativeResultsDirectory="716c19e0-424c-4c63-a1c6-ac4e74529778" />
    <UnitTestResult executionId="0ec3d9b7-cda7-4c5c-8e6e-c6c31ed6ab0b" testId="0e3d7f53-280f-fde2-203e-143d6dcfdf0a" testName="Aula.Tests.Utilities.ConversationContextTests.ConversationContext_Properties_CanBeSet" computerName="RHO-DESKTOP" duration="00:00:00.0014750" startTime="2025-06-30T17:11:27.1815253+02:00" endTime="2025-06-30T17:11:27.1815254+02:00" testType="13cdc9d9-ddb5-4fa4-a97d-d965ccfc6d4b" outcome="Passed" testListId="8c84fa94-04c1-424b-9868-57a2d4851a1d" relativeResultsDirectory="0ec3d9b7-cda7-4c5c-8e6e-c6c31ed6ab0b" />
    <UnitTestResult executionId="8415a854-cf6a-430a-be01-6d78221b477b" testId="ecf7f37a-1b96-2a28-2d44-fb1c19988638" testName="Aula.Tests.Utilities.WeekLetterContentExtractorTests.ExtractContent_WithNullIndhold_ReturnsEmptyString" computerName="RHO-DESKTOP" duration="00:00:00.0003486" startTime="2025-06-30T17:11:27.4726461+02:00" endTime="2025-06-30T17:11:27.4726462+02:00" testType="13cdc9d9-ddb5-4fa4-a97d-d965ccfc6d4b" outcome="Passed" testListId="8c84fa94-04c1-424b-9868-57a2d4851a1d" relativeResultsDirectory="8415a854-cf6a-430a-be01-6d78221b477b" />
    <UnitTestResult executionId="841463f1-0500-463e-b204-d78dd892fa4a" testId="959fba83-0682-2e3d-51fe-2394f6f56bd3" testName="Aula.Tests.Services.DataModelTests.ScheduledTask_DefaultConstructor_InitializesCorrectly" computerName="RHO-DESKTOP" duration="00:00:00.0009062" startTime="2025-06-30T17:11:27.2552185+02:00" endTime="2025-06-30T17:11:27.2552186+02:00" testType="13cdc9d9-ddb5-4fa4-a97d-d965ccfc6d4b" outcome="Passed" testListId="8c84fa94-04c1-424b-9868-57a2d4851a1d" relativeResultsDirectory="841463f1-0500-463e-b204-d78dd892fa4a" />
    <UnitTestResult executionId="6c247796-ae9c-48ee-a960-ebca83f1e1b5" testId="52685b80-e883-c0c4-e078-b2863df7409a" testName="Aula.Tests.Scheduling.SchedulingServiceIntegrationTests.StopAsync_WhenCalled_LogsCorrectMessage" computerName="RHO-DESKTOP" duration="00:00:00.0082199" startTime="2025-06-30T17:11:27.4746793+02:00" endTime="2025-06-30T17:11:27.4746794+02:00" testType="13cdc9d9-ddb5-4fa4-a97d-d965ccfc6d4b" outcome="Passed" testListId="8c84fa94-04c1-424b-9868-57a2d4851a1d" relativeResultsDirectory="6c247796-ae9c-48ee-a960-ebca83f1e1b5" />
    <UnitTestResult executionId="56a18db9-a849-4eac-a388-ec3cf4300f03" testId="adb49f16-3736-24f6-5b1f-837b780eb877" testName="Aula.Tests.Utilities.DateTimeUtilitiesTests.GetDanishDayName_ValidDayOfWeek_ReturnsLowercaseName(dayOfWeek: Sunday, expectedName: &quot;søndag&quot;)" computerName="RHO-DESKTOP" duration="00:00:00.0000075" startTime="2025-06-30T17:11:27.7103590+02:00" endTime="2025-06-30T17:11:27.7103591+02:00" testType="13cdc9d9-ddb5-4fa4-a97d-d965ccfc6d4b" outcome="Passed" testListId="8c84fa94-04c1-424b-9868-57a2d4851a1d" relativeResultsDirectory="56a18db9-a849-4eac-a388-ec3cf4300f03" />
    <UnitTestResult executionId="91e7231a-b029-41e1-9e2b-17057556e4b4" testId="8495fb32-9c63-b362-e211-e17f09a360d7" testName="Aula.Tests.Utilities.ReminderExtractionPromptsTests.GetExtractionPrompt_ContainsRequiredExtractionFields" computerName="RHO-DESKTOP" duration="00:00:00.0001873" startTime="2025-06-30T17:11:27.2712429+02:00" endTime="2025-06-30T17:11:27.2712430+02:00" testType="13cdc9d9-ddb5-4fa4-a97d-d965ccfc6d4b" outcome="Passed" testListId="8c84fa94-04c1-424b-9868-57a2d4851a1d" relativeResultsDirectory="91e7231a-b029-41e1-9e2b-17057556e4b4" />
    <UnitTestResult executionId="b0707922-37b4-435b-8a58-d213adfd532e" testId="89f817bf-e9a1-f0b4-2111-76edf6a63676" testName="Aula.Tests.Utilities.IntentAnalysisPromptsTests.GetFormattedPrompt_IncludesAllExamples" computerName="RHO-DESKTOP" duration="00:00:00.0020381" startTime="2025-06-30T17:11:27.6438809+02:00" endTime="2025-06-30T17:11:27.6438810+02:00" testType="13cdc9d9-ddb5-4fa4-a97d-d965ccfc6d4b" outcome="Passed" testListId="8c84fa94-04c1-424b-9868-57a2d4851a1d" relativeResultsDirectory="b0707922-37b4-435b-8a58-d213adfd532e" />
    <UnitTestResult executionId="df563b44-ec00-4ec1-b4ef-6d5a97aec09a" testId="1ce865d9-57c4-31f9-0333-820160e71698" testName="Aula.Tests.Bots.SlackInteractiveBotTests.PostWeekLetter_WithValidData_PostsSuccessfully" computerName="RHO-DESKTOP" duration="00:00:00.8362420" startTime="2025-06-30T17:11:28.2307900+02:00" endTime="2025-06-30T17:11:28.2307902+02:00" testType="13cdc9d9-ddb5-4fa4-a97d-d965ccfc6d4b" outcome="Failed" testListId="8c84fa94-04c1-424b-9868-57a2d4851a1d" relativeResultsDirectory="df563b44-ec00-4ec1-b4ef-6d5a97aec09a">
      <Output>
        <ErrorInfo>
          <Message>Moq.MockException : 
Expected invocation on the mock once, but was 0 times: mock =&gt; mock.SendAsync(It.Is&lt;HttpRequestMessage&gt;(req =&gt; req.Method == HttpMethod.Post &amp;&amp; req.RequestUri.ToString() == "https://slack.com/api/chat.postMessage"), It.IsAny&lt;CancellationToken&gt;())

Performed invocations:

   Mock&lt;HttpMessageHandler:6&gt; (mock):
   No invocations performed.
</Message>
          <StackTrace>   at Moq.Mock.Verify(Mock mock, LambdaExpression expression, Times times, String failMessage) in /_/src/Moq/Mock.cs:line 332
   at Moq.Protected.ProtectedMock`1.InternalVerify(String methodName, Type[] genericTypeArguments, Times times, Boolean exactParameterMatch, Object[] args) in /_/src/Moq/Protected/ProtectedMock.cs:line 234
   at Moq.Protected.ProtectedMock`1.Verify(String methodName, Times times, Object[] args) in /_/src/Moq/Protected/ProtectedMock.cs:line 206
   at Aula.Tests.Bots.SlackInteractiveBotTests.PostWeekLetter_WithValidData_PostsSuccessfully() in /mnt/d/git/aula/src/Aula.Tests/Bots/SlackInteractiveBotTests.cs:line 228
--- End of stack trace from previous location ---</StackTrace>
        </ErrorInfo>
      </Output>
    </UnitTestResult>
    <UnitTestResult executionId="ca65be4a-8c2f-41f1-839b-f05814623af9" testId="9d0c2c94-02dc-7b10-0108-100d571e057e" testName="Aula.Tests.Utilities.FollowUpQuestionDetectorTests.IsFollowUpQuestion_WithDanishFollowUpPhrases_ReturnsTrue(input: &quot;og hvad med idag&quot;)" computerName="RHO-DESKTOP" duration="00:00:00.0000662" startTime="2025-06-30T17:11:27.7261885+02:00" endTime="2025-06-30T17:11:27.7261886+02:00" testType="13cdc9d9-ddb5-4fa4-a97d-d965ccfc6d4b" outcome="Passed" testListId="8c84fa94-04c1-424b-9868-57a2d4851a1d" relativeResultsDirectory="ca65be4a-8c2f-41f1-839b-f05814623af9" />
    <UnitTestResult executionId="2cac1918-c251-43f9-81f1-5bf0274d890b" testId="fa32a9bf-193e-172b-6d15-20cb227d126c" testName="Aula.Tests.Utilities.FollowUpQuestionDetectorTests.IsFollowUpQuestion_WithFullChildNames_WorksCorrectly(input: &quot;what about Emma Rose&quot;)" computerName="RHO-DESKTOP" duration="00:00:00.0000511" startTime="2025-06-30T17:11:27.7143819+02:00" endTime="2025-06-30T17:11:27.7143820+02:00" testType="13cdc9d9-ddb5-4fa4-a97d-d965ccfc6d4b" outcome="Passed" testListId="8c84fa94-04c1-424b-9868-57a2d4851a1d" relativeResultsDirectory="2cac1918-c251-43f9-81f1-5bf0274d890b" />
    <UnitTestResult executionId="c88c00c7-5372-484d-8ca0-210ceb193460" testId="121eb464-baa2-cb91-a1cb-d692cf64f7c5" testName="Aula.Tests.Utilities.Html2SlackMarkdownConverterTests.Convert_WithUnicodeContent_PreservesEncoding" computerName="RHO-DESKTOP" duration="00:00:00.0009195" startTime="2025-06-30T17:11:27.7297493+02:00" endTime="2025-06-30T17:11:27.7297494+02:00" testType="13cdc9d9-ddb5-4fa4-a97d-d965ccfc6d4b" outcome="Passed" testListId="8c84fa94-04c1-424b-9868-57a2d4851a1d" relativeResultsDirectory="c88c00c7-5372-484d-8ca0-210ceb193460" />
    <UnitTestResult executionId="eeb44b8b-8b7c-4b6d-bb28-3921a8e8f7eb" testId="0a67f5eb-9494-4a90-6e4a-75483ed48ca6" testName="Aula.Tests.Utilities.FollowUpQuestionDetectorTests.IsFollowUpQuestion_WithShortFollowUps_ReturnsTrue(input: &quot;okay&quot;)" computerName="RHO-DESKTOP" duration="00:00:00.0000452" startTime="2025-06-30T17:11:27.7054245+02:00" endTime="2025-06-30T17:11:27.7054247+02:00" testType="13cdc9d9-ddb5-4fa4-a97d-d965ccfc6d4b" outcome="Passed" testListId="8c84fa94-04c1-424b-9868-57a2d4851a1d" relativeResultsDirectory="eeb44b8b-8b7c-4b6d-bb28-3921a8e8f7eb" />
    <UnitTestResult executionId="5c7b920f-8c17-4269-a88d-d11d98c06719" testId="5b2ca5e4-e86c-3f28-8244-339071e7c3be" testName="Aula.Tests.Utilities.FollowUpQuestionDetectorTests.IsFollowUpQuestion_WithFullChildNames_WorksCorrectly(input: &quot;hvad med TestChild2&quot;)" computerName="RHO-DESKTOP" duration="00:00:00.0002413" startTime="2025-06-30T17:11:27.7146091+02:00" endTime="2025-06-30T17:11:27.7146092+02:00" testType="13cdc9d9-ddb5-4fa4-a97d-d965ccfc6d4b" outcome="Passed" testListId="8c84fa94-04c1-424b-9868-57a2d4851a1d" relativeResultsDirectory="5c7b920f-8c17-4269-a88d-d11d98c06719" />
    <UnitTestResult executionId="fd9f04cc-4e43-4188-8d56-02408a7646ae" testId="c3e880c3-27f7-ff6e-6cfa-d2f2112d61ec" testName="Aula.Tests.Utilities.JsonFormatterTests.Prettify_WithSpecialCharacters_HandlesCorrectly" computerName="RHO-DESKTOP" duration="00:00:00.0003397" startTime="2025-06-30T17:11:27.2632372+02:00" endTime="2025-06-30T17:11:27.2632373+02:00" testType="13cdc9d9-ddb5-4fa4-a97d-d965ccfc6d4b" outcome="Passed" testListId="8c84fa94-04c1-424b-9868-57a2d4851a1d" relativeResultsDirectory="fd9f04cc-4e43-4188-8d56-02408a7646ae" />
    <UnitTestResult executionId="847f057a-196b-475c-afa2-31f6b6f98337" testId="ab49834c-8dcd-dead-a042-efc0f8ab3657" testName="Aula.Tests.Bots.TelegramInteractiveBotTests.Stop_WhenCalled_LogsInformation" computerName="RHO-DESKTOP" duration="00:00:00.0056572" startTime="2025-06-30T17:11:28.3038227+02:00" endTime="2025-06-30T17:11:28.3038231+02:00" testType="13cdc9d9-ddb5-4fa4-a97d-d965ccfc6d4b" outcome="Passed" testListId="8c84fa94-04c1-424b-9868-57a2d4851a1d" relativeResultsDirectory="847f057a-196b-475c-afa2-31f6b6f98337" />
    <UnitTestResult executionId="7a6412a2-2af1-46f5-bee8-90be10673a97" testId="586d74ce-5942-0e84-021d-61533272d525" testName="Aula.Tests.Bots.TelegramInteractiveBotTests.Constructor_WithValidParameters_InitializesCorrectly" computerName="RHO-DESKTOP" duration="00:00:00.0048881" startTime="2025-06-30T17:11:27.7230683+02:00" endTime="2025-06-30T17:11:27.7230685+02:00" testType="13cdc9d9-ddb5-4fa4-a97d-d965ccfc6d4b" outcome="Passed" testListId="8c84fa94-04c1-424b-9868-57a2d4851a1d" relativeResultsDirectory="7a6412a2-2af1-46f5-bee8-90be10673a97" />
    <UnitTestResult executionId="432e6c50-e2cf-4914-b9c3-3816ef615d1a" testId="515b0adc-b2ee-305a-2e4a-324570128aec" testName="Aula.Tests.Bots.TelegramInteractiveBotTests.Start_WithDisabledTelegram_LogsErrorAndReturns" computerName="RHO-DESKTOP" duration="00:00:00.0074413" startTime="2025-06-30T17:11:29.4387948+02:00" endTime="2025-06-30T17:11:29.4387949+02:00" testType="13cdc9d9-ddb5-4fa4-a97d-d965ccfc6d4b" outcome="Passed" testListId="8c84fa94-04c1-424b-9868-57a2d4851a1d" relativeResultsDirectory="432e6c50-e2cf-4914-b9c3-3816ef615d1a" />
    <UnitTestResult executionId="ad35732e-db50-476a-8b21-20c520ddcc05" testId="20d1a661-1ac8-24a1-ac68-136a1cca5ab9" testName="Aula.Tests.Services.DataModelTests.Reminder_CreatedBy_HandlesValues(createdBy: &quot;bot&quot;, shouldAccept: True)" computerName="RHO-DESKTOP" duration="00:00:00.0003823" startTime="2025-06-30T17:11:27.2577167+02:00" endTime="2025-06-30T17:11:27.2577168+02:00" testType="13cdc9d9-ddb5-4fa4-a97d-d965ccfc6d4b" outcome="Passed" testListId="8c84fa94-04c1-424b-9868-57a2d4851a1d" relativeResultsDirectory="ad35732e-db50-476a-8b21-20c520ddcc05" />
    <UnitTestResult executionId="ca9fea70-23f7-4b6c-9bb7-c009572f18e3" testId="6234ecb8-e2dd-d37d-8721-81fdc7e6823a" testName="Aula.Tests.Tools.AiToolsManagerTests.CreateReminderAsync_WithValidDateTime_CreatesReminder" computerName="RHO-DESKTOP" duration="00:00:00.0183527" startTime="2025-06-30T17:11:27.7019421+02:00" endTime="2025-06-30T17:11:27.7019423+02:00" testType="13cdc9d9-ddb5-4fa4-a97d-d965ccfc6d4b" outcome="Passed" testListId="8c84fa94-04c1-424b-9868-57a2d4851a1d" relativeResultsDirectory="ca9fea70-23f7-4b6c-9bb7-c009572f18e3" />
    <UnitTestResult executionId="43ab9b1b-c82f-4ac6-9588-026e7e2e80cb" testId="ad8a2ff8-387f-a97d-ceb6-7fab64c9766a" testName="Aula.Tests.Utilities.ConversationContextManagerTests.ClearContext_WithNonExistentKey_DoesNotLog" computerName="RHO-DESKTOP" duration="00:00:00.0029120" startTime="2025-06-30T17:11:27.4205640+02:00" endTime="2025-06-30T17:11:27.4205641+02:00" testType="13cdc9d9-ddb5-4fa4-a97d-d965ccfc6d4b" outcome="Passed" testListId="8c84fa94-04c1-424b-9868-57a2d4851a1d" relativeResultsDirectory="43ab9b1b-c82f-4ac6-9588-026e7e2e80cb" />
    <UnitTestResult executionId="5fee6e78-64b3-4f98-bd3b-8fb843edfd63" testId="291a0a00-e36f-0b02-ed15-eb7d9d18168a" testName="Aula.Tests.Tools.ReminderCommandHandlerTests.TryHandleReminderCommand_ListReminders_WithException_LogsErrorAndReturnsErrorMessage(command: &quot;list reminders&quot;, isEnglish: True)" computerName="RHO-DESKTOP" duration="00:00:00.0075561" startTime="2025-06-30T17:11:27.7995102+02:00" endTime="2025-06-30T17:11:27.7995104+02:00" testType="13cdc9d9-ddb5-4fa4-a97d-d965ccfc6d4b" outcome="Passed" testListId="8c84fa94-04c1-424b-9868-57a2d4851a1d" relativeResultsDirectory="5fee6e78-64b3-4f98-bd3b-8fb843edfd63" />
    <UnitTestResult executionId="790af479-d992-4f55-8fae-7ce9c1efba2d" testId="dd048ce7-9ba0-43b9-a761-2b11b4d7a6ad" testName="Aula.Tests.Utilities.WeekLetterContentExtractorTests.ExtractContent_WithException_ReturnsEmptyStringAndLogsError" computerName="RHO-DESKTOP" duration="00:00:00.0106444" startTime="2025-06-30T17:11:27.4724273+02:00" endTime="2025-06-30T17:11:27.4724273+02:00" testType="13cdc9d9-ddb5-4fa4-a97d-d965ccfc6d4b" outcome="Passed" testListId="8c84fa94-04c1-424b-9868-57a2d4851a1d" relativeResultsDirectory="790af479-d992-4f55-8fae-7ce9c1efba2d" />
    <UnitTestResult executionId="8705b249-4cc6-461c-a58c-cdf24eef2e2d" testId="601e1164-bd7e-9e7d-f167-9c3fcbc6ad4f" testName="Aula.Tests.Services.DataModelTests.PostedLetter_WeekNumberValidation_ReturnsExpectedResult(weekNumber: 25, year: 2022, isValid: True)" computerName="RHO-DESKTOP" duration="00:00:00.0118456" startTime="2025-06-30T17:11:27.2592843+02:00" endTime="2025-06-30T17:11:27.2592844+02:00" testType="13cdc9d9-ddb5-4fa4-a97d-d965ccfc6d4b" outcome="Passed" testListId="8c84fa94-04c1-424b-9868-57a2d4851a1d" relativeResultsDirectory="8705b249-4cc6-461c-a58c-cdf24eef2e2d" />
    <UnitTestResult executionId="0b86e7fd-82d5-4c23-8d61-db5906065cbe" testId="9fbd08c9-807d-0d3a-ed39-c949f2bb8c4b" testName="Aula.Tests.Bots.SlackMessageHandlerTests.HandleMessageAsync_WithHelpCommand_ProcessesHelpMessage(helpCommand: &quot;hjælp&quot;)" computerName="RHO-DESKTOP" duration="00:00:00.0010000" startTime="2025-06-30T17:11:27.6672244+02:00" endTime="2025-06-30T17:11:27.6672246+02:00" testType="13cdc9d9-ddb5-4fa4-a97d-d965ccfc6d4b" outcome="Failed" testListId="8c84fa94-04c1-424b-9868-57a2d4851a1d" relativeResultsDirectory="0b86e7fd-82d5-4c23-8d61-db5906065cbe">
      <Output>
        <ErrorInfo>
          <Message>System.ArgumentException : Can not instantiate proxy of class: Aula.Tools.ReminderCommandHandler.
Could not find a parameterless constructor. (Parameter 'constructorArguments')
---- System.MissingMethodException : Constructor on type 'Castle.Proxies.ReminderCommandHandlerProxy' not found.</Message>
          <StackTrace>   at Castle.DynamicProxy.ProxyGenerator.CreateClassProxyInstance(Type proxyType, List`1 proxyArguments, Type classToProxy, Object[] constructorArguments)
   at Castle.DynamicProxy.ProxyGenerator.CreateClassProxy(Type classToProxy, Type[] additionalInterfacesToProxy, ProxyGenerationOptions options, Object[] constructorArguments, IInterceptor[] interceptors)
   at Moq.CastleProxyFactory.CreateProxy(Type mockType, IInterceptor interceptor, Type[] interfaces, Object[] arguments) in /_/src/Moq/Interception/CastleProxyFactory.cs:line 62
   at Moq.Mock`1.InitializeInstance() in /_/src/Moq/Mock`1.cs:line 309
   at Moq.Mock`1.OnGetObject() in /_/src/Moq/Mock`1.cs:line 323
   at Moq.Mock.get_Object() in /_/src/Moq/Mock.cs:line 181
   at Moq.Mock`1.get_Object() in /_/src/Moq/Mock`1.cs:line 281
   at Aula.Tests.Bots.SlackMessageHandlerTests..ctor() in /mnt/d/git/aula/src/Aula.Tests/Bots/SlackMessageHandlerTests.cs:line 57
   at System.RuntimeType.CreateInstanceDefaultCtor(Boolean publicOnly, Boolean wrapExceptions)
----- Inner Stack Trace -----
   at System.RuntimeType.CreateInstanceImpl(BindingFlags bindingAttr, Binder binder, Object[] args, CultureInfo culture)
   at Castle.DynamicProxy.ProxyGenerator.CreateClassProxyInstance(Type proxyType, List`1 proxyArguments, Type classToProxy, Object[] constructorArguments)</StackTrace>
        </ErrorInfo>
      </Output>
    </UnitTestResult>
    <UnitTestResult executionId="b7c961a6-58d8-40af-8d15-97ab1f42049a" testId="8646524a-5166-ca18-26db-7c128f59fc0d" testName="Aula.Tests.Utilities.FollowUpQuestionDetectorTests.IsFollowUpQuestion_WithChildNameAndTimeReference_ReturnsFalse(input: &quot;Emma today&quot;)" computerName="RHO-DESKTOP" duration="00:00:00.0000602" startTime="2025-06-30T17:11:27.7251927+02:00" endTime="2025-06-30T17:11:27.7251928+02:00" testType="13cdc9d9-ddb5-4fa4-a97d-d965ccfc6d4b" outcome="Passed" testListId="8c84fa94-04c1-424b-9868-57a2d4851a1d" relativeResultsDirectory="b7c961a6-58d8-40af-8d15-97ab1f42049a" />
    <UnitTestResult executionId="e3f90cc1-75ec-44d9-882e-cb392a4db1ef" testId="7764d870-960a-e6a5-a9d1-b95db448a3be" testName="Aula.Tests.Channels.TelegramClientTests.PostWeekLetter_WithVariousChildNames_HandlesCorrectly(firstName: &quot;Alice&quot;)" computerName="RHO-DESKTOP" duration="00:00:00.0012500" startTime="2025-06-30T17:11:27.7295858+02:00" endTime="2025-06-30T17:11:27.7295859+02:00" testType="13cdc9d9-ddb5-4fa4-a97d-d965ccfc6d4b" outcome="Passed" testListId="8c84fa94-04c1-424b-9868-57a2d4851a1d" relativeResultsDirectory="e3f90cc1-75ec-44d9-882e-cb392a4db1ef" />
    <UnitTestResult executionId="e1faf12b-9d96-437e-ac71-606a6cffccd8" testId="fe1a2924-96f3-7e80-1a74-9f9fd249b93e" testName="Aula.Tests.Bots.TelegramInteractiveBotTests.ComputeHash_WithDifferentInputs_ReturnsConsistentHashes(input: &quot;&quot;)" computerName="RHO-DESKTOP" duration="00:00:00.0003651" startTime="2025-06-30T17:11:28.2979750+02:00" endTime="2025-06-30T17:11:28.2979751+02:00" testType="13cdc9d9-ddb5-4fa4-a97d-d965ccfc6d4b" outcome="Passed" testListId="8c84fa94-04c1-424b-9868-57a2d4851a1d" relativeResultsDirectory="e1faf12b-9d96-437e-ac71-606a6cffccd8" />
    <UnitTestResult executionId="19e9e64b-12d5-4f5e-abe1-1151ad94e7a4" testId="23a6aef7-0888-96c3-b39d-0a5a36447e0d" testName="Aula.Tests.Tools.ReminderCommandHandlerTests.TryHandleReminderCommand_ChildNameExtraction_WorksCorrectly" computerName="RHO-DESKTOP" duration="00:00:00.0046000" startTime="2025-06-30T17:11:27.7579248+02:00" endTime="2025-06-30T17:11:27.7579250+02:00" testType="13cdc9d9-ddb5-4fa4-a97d-d965ccfc6d4b" outcome="Passed" testListId="8c84fa94-04c1-424b-9868-57a2d4851a1d" relativeResultsDirectory="19e9e64b-12d5-4f5e-abe1-1151ad94e7a4" />
    <UnitTestResult executionId="2207af5a-8eb7-41b0-b2da-c10eab39d9d9" testId="d34756cc-dd70-36dd-a4b9-a2767cf802ed" testName="Aula.Tests.Utilities.FollowUpQuestionDetectorTests.IsFollowUpQuestion_WithShortFollowUps_ReturnsTrue(input: &quot;what?&quot;)" computerName="RHO-DESKTOP" duration="00:00:00.0000436" startTime="2025-06-30T17:11:27.7055223+02:00" endTime="2025-06-30T17:11:27.7055224+02:00" testType="13cdc9d9-ddb5-4fa4-a97d-d965ccfc6d4b" outcome="Passed" testListId="8c84fa94-04c1-424b-9868-57a2d4851a1d" relativeResultsDirectory="2207af5a-8eb7-41b0-b2da-c10eab39d9d9" />
    <UnitTestResult executionId="43306102-563c-4f8c-af08-6e12adf688ce" testId="341040bb-ced9-d1d7-7226-192f7cf8fcdc" testName="Aula.Tests.Utilities.ReminderExtractionPromptsTests.GetExtractionPrompt_CalculatesDanishRelativeTimesCorrectly" computerName="RHO-DESKTOP" duration="00:00:00.0003088" startTime="2025-06-30T17:11:27.2725052+02:00" endTime="2025-06-30T17:11:27.2725053+02:00" testType="13cdc9d9-ddb5-4fa4-a97d-d965ccfc6d4b" outcome="Passed" testListId="8c84fa94-04c1-424b-9868-57a2d4851a1d" relativeResultsDirectory="43306102-563c-4f8c-af08-6e12adf688ce" />
    <UnitTestResult executionId="853c93c8-89d2-4a7c-ba1d-4964120e660e" testId="d877f94f-066f-42a6-7d0d-fddcf50efb86" testName="Aula.Tests.Channels.TelegramClientTests.SendMessageToChannel_WithVariousMessages_DoesNotThrow(message: &quot;Message with special chars: @#$%&quot;)" computerName="RHO-DESKTOP" duration="00:00:00.0001085" startTime="2025-06-30T17:11:27.7385313+02:00" endTime="2025-06-30T17:11:27.7385315+02:00" testType="13cdc9d9-ddb5-4fa4-a97d-d965ccfc6d4b" outcome="Passed" testListId="8c84fa94-04c1-424b-9868-57a2d4851a1d" relativeResultsDirectory="853c93c8-89d2-4a7c-ba1d-4964120e660e" />
    <UnitTestResult executionId="1241db30-63ed-4dbf-ad7c-7d9fc06d793a" testId="2d7c87f9-92d6-6d29-4cc3-8c2788e75a11" testName="Aula.Tests.Bots.TelegramInteractiveBotTests.Constructor_WithNullLoggerFactory_ThrowsArgumentNullException" computerName="RHO-DESKTOP" duration="00:00:00.0018569" startTime="2025-06-30T17:11:29.4508150+02:00" endTime="2025-06-30T17:11:29.4508152+02:00" testType="13cdc9d9-ddb5-4fa4-a97d-d965ccfc6d4b" outcome="Passed" testListId="8c84fa94-04c1-424b-9868-57a2d4851a1d" relativeResultsDirectory="1241db30-63ed-4dbf-ad7c-7d9fc06d793a" />
    <UnitTestResult executionId="972f0bc8-c126-4b89-92c5-b57c9e58f3d4" testId="5543d26e-832a-3de2-3988-5faa4df93969" testName="Aula.Tests.Tools.ReminderCommandHandlerTests.TryHandleReminderCommand_ListReminders_WithException_LogsErrorAndReturnsErrorMessage(command: &quot;vis påmindelser&quot;, isEnglish: False)" computerName="RHO-DESKTOP" duration="00:00:00.0057795" startTime="2025-06-30T17:11:27.7895982+02:00" endTime="2025-06-30T17:11:27.7895984+02:00" testType="13cdc9d9-ddb5-4fa4-a97d-d965ccfc6d4b" outcome="Passed" testListId="8c84fa94-04c1-424b-9868-57a2d4851a1d" relativeResultsDirectory="972f0bc8-c126-4b89-92c5-b57c9e58f3d4" />
    <UnitTestResult executionId="e3c2962f-ff39-48fa-83de-1b7c893960b8" testId="12c6c75b-17e2-768a-c582-545ad6254677" testName="Aula.Tests.Utilities.DateTimeUtilitiesTests.GetDanishDayName_ValidDayOfWeek_ReturnsCorrectDanishName(dayOfWeek: Thursday, expectedDanishName: &quot;torsdag&quot;)" computerName="RHO-DESKTOP" duration="00:00:00.0000113" startTime="2025-06-30T17:11:27.7070531+02:00" endTime="2025-06-30T17:11:27.7070532+02:00" testType="13cdc9d9-ddb5-4fa4-a97d-d965ccfc6d4b" outcome="Passed" testListId="8c84fa94-04c1-424b-9868-57a2d4851a1d" relativeResultsDirectory="e3c2962f-ff39-48fa-83de-1b7c893960b8" />
    <UnitTestResult executionId="b8aade49-faf7-4bfe-a0d1-6b084ed6a3b4" testId="ba20835b-067e-5539-8e44-8baf83c19e41" testName="Aula.Tests.Utilities.FollowUpQuestionDetectorTests.IsFollowUpQuestion_WithChildNameAndTimeReference_ReturnsFalse(input: &quot;Liam tomorrow&quot;)" computerName="RHO-DESKTOP" duration="00:00:00.0002248" startTime="2025-06-30T17:11:27.7251159+02:00" endTime="2025-06-30T17:11:27.7251160+02:00" testType="13cdc9d9-ddb5-4fa4-a97d-d965ccfc6d4b" outcome="Passed" testListId="8c84fa94-04c1-424b-9868-57a2d4851a1d" relativeResultsDirectory="b8aade49-faf7-4bfe-a0d1-6b084ed6a3b4" />
    <UnitTestResult executionId="2f4a9eea-96fb-42bd-8de4-b9583d242449" testId="149e1688-e5dc-ebf7-54b0-eb7d782e0a3d" testName="Aula.Tests.Configuration.ConfigurationTests.Slack_ChannelId_ValidationTests(channelId: &quot;C1234567890&quot;, isValid: True)" computerName="RHO-DESKTOP" duration="00:00:00.0061430" startTime="2025-06-30T17:11:28.2121845+02:00" endTime="2025-06-30T17:11:28.2121846+02:00" testType="13cdc9d9-ddb5-4fa4-a97d-d965ccfc6d4b" outcome="Passed" testListId="8c84fa94-04c1-424b-9868-57a2d4851a1d" relativeResultsDirectory="2f4a9eea-96fb-42bd-8de4-b9583d242449" />
    <UnitTestResult executionId="ed8f84de-bf8e-4510-90df-6432009941cd" testId="55b7868a-5525-c155-3984-2d7080cbc3f0" testName="Aula.Tests.Utilities.Html2SlackMarkdownConverterTests.Convert_WithEmptyTags_HandlesCorrectly" computerName="RHO-DESKTOP" duration="00:00:00.0191378" startTime="2025-06-30T17:11:27.9665461+02:00" endTime="2025-06-30T17:11:27.9665462+02:00" testType="13cdc9d9-ddb5-4fa4-a97d-d965ccfc6d4b" outcome="Passed" testListId="8c84fa94-04c1-424b-9868-57a2d4851a1d" relativeResultsDirectory="ed8f84de-bf8e-4510-90df-6432009941cd" />
    <UnitTestResult executionId="6a4e5595-0a57-411f-93e1-15df9cf874fc" testId="69d1c74a-49ac-9f2b-6362-7fb9e78b2a92" testName="Aula.Tests.Services.OpenAiServiceIntegrationTests.SummarizeWeekLetterAsync_WithNullWeekLetter_ThrowsArgumentNullException(chatInterface: Telegram)" computerName="RHO-DESKTOP" duration="00:00:00.0023146" startTime="2025-06-30T17:11:27.5404857+02:00" endTime="2025-06-30T17:11:27.5404858+02:00" testType="13cdc9d9-ddb5-4fa4-a97d-d965ccfc6d4b" outcome="Failed" testListId="8c84fa94-04c1-424b-9868-57a2d4851a1d" relativeResultsDirectory="6a4e5595-0a57-411f-93e1-15df9cf874fc">
      <Output>
        <ErrorInfo>
          <Message>System.ArgumentException : Can not instantiate proxy of class: Aula.Tools.AiToolsManager.
Could not find a parameterless constructor. (Parameter 'constructorArguments')
---- System.MissingMethodException : Constructor on type 'Castle.Proxies.AiToolsManagerProxy' not found.</Message>
          <StackTrace>   at Castle.DynamicProxy.ProxyGenerator.CreateClassProxyInstance(Type proxyType, List`1 proxyArguments, Type classToProxy, Object[] constructorArguments)
   at Castle.DynamicProxy.ProxyGenerator.CreateClassProxy(Type classToProxy, Type[] additionalInterfacesToProxy, ProxyGenerationOptions options, Object[] constructorArguments, IInterceptor[] interceptors)
   at Moq.CastleProxyFactory.CreateProxy(Type mockType, IInterceptor interceptor, Type[] interfaces, Object[] arguments) in /_/src/Moq/Interception/CastleProxyFactory.cs:line 62
   at Moq.Mock`1.InitializeInstance() in /_/src/Moq/Mock`1.cs:line 309
   at Moq.Mock`1.OnGetObject() in /_/src/Moq/Mock`1.cs:line 323
   at Moq.Mock.get_Object() in /_/src/Moq/Mock.cs:line 181
   at Moq.Mock`1.get_Object() in /_/src/Moq/Mock`1.cs:line 281
   at Aula.Tests.Services.OpenAiServiceIntegrationTests.SummarizeWeekLetterAsync_WithNullWeekLetter_ThrowsArgumentNullException(ChatInterface chatInterface) in /mnt/d/git/aula/src/Aula.Tests/Services/OpenAiServiceIntegrationTests.cs:line 108
--- End of stack trace from previous location ---
----- Inner Stack Trace -----
   at System.RuntimeType.CreateInstanceImpl(BindingFlags bindingAttr, Binder binder, Object[] args, CultureInfo culture)
   at Castle.DynamicProxy.ProxyGenerator.CreateClassProxyInstance(Type proxyType, List`1 proxyArguments, Type classToProxy, Object[] constructorArguments)</StackTrace>
        </ErrorInfo>
      </Output>
    </UnitTestResult>
    <UnitTestResult executionId="d33fa4f7-051e-410a-a918-67ae670c7689" testId="20824924-0d17-ff1e-4d7b-1e65a0dd7f7d" testName="Aula.Tests.Configuration.ConfigurationTests.Features_ConversationCacheExpiration_ValidationTests(minutes: 30, isValid: True)" computerName="RHO-DESKTOP" duration="00:00:00.0064306" startTime="2025-06-30T17:11:27.9986953+02:00" endTime="2025-06-30T17:11:27.9986954+02:00" testType="13cdc9d9-ddb5-4fa4-a97d-d965ccfc6d4b" outcome="Passed" testListId="8c84fa94-04c1-424b-9868-57a2d4851a1d" relativeResultsDirectory="d33fa4f7-051e-410a-a918-67ae670c7689" />
    <UnitTestResult executionId="133306b2-bb8a-4242-8a89-7f0255fbc679" testId="332896aa-a36b-b7b0-c333-01128c6d7ce1" testName="Aula.Tests.Scheduling.SchedulingServiceIntegrationTests.Service_WithDifferentBotConfigurations_WorksCorrectly(slackEnabled: False, telegramEnabled: False)" computerName="RHO-DESKTOP" duration="00:00:00.0004329" startTime="2025-06-30T17:11:27.5038859+02:00" endTime="2025-06-30T17:11:27.5038860+02:00" testType="13cdc9d9-ddb5-4fa4-a97d-d965ccfc6d4b" outcome="Passed" testListId="8c84fa94-04c1-424b-9868-57a2d4851a1d" relativeResultsDirectory="133306b2-bb8a-4242-8a89-7f0255fbc679" />
    <UnitTestResult executionId="7416defb-cd3a-41b8-b8ec-5b45fef5196d" testId="6b2a33da-8dbe-7c78-d246-94dec9023958" testName="Aula.Tests.Configuration.ConfigurationTests.Timers_SchedulingInterval_ValidationTests(intervalSeconds: 10, isValid: True)" computerName="RHO-DESKTOP" duration="00:00:00.0064523" startTime="2025-06-30T17:11:28.1443672+02:00" endTime="2025-06-30T17:11:28.1443673+02:00" testType="13cdc9d9-ddb5-4fa4-a97d-d965ccfc6d4b" outcome="Passed" testListId="8c84fa94-04c1-424b-9868-57a2d4851a1d" relativeResultsDirectory="7416defb-cd3a-41b8-b8ec-5b45fef5196d" />
    <UnitTestResult executionId="c1b13472-12ed-4bf1-8ee7-85a5a8190ab4" testId="7238819f-b48b-cc3e-dc7e-e183fab753be" testName="Aula.Tests.Utilities.ConversationContextTests.ToString_WithNullChildName_ReturnsNone" computerName="RHO-DESKTOP" duration="00:00:00.0002525" startTime="2025-06-30T17:11:27.2608198+02:00" endTime="2025-06-30T17:11:27.2608199+02:00" testType="13cdc9d9-ddb5-4fa4-a97d-d965ccfc6d4b" outcome="Passed" testListId="8c84fa94-04c1-424b-9868-57a2d4851a1d" relativeResultsDirectory="c1b13472-12ed-4bf1-8ee7-85a5a8190ab4" />
    <UnitTestResult executionId="17a14c80-209e-44e2-ab00-ce34d74723a2" testId="ce195ac9-e907-62d3-fa5f-c3b7ebadeac3" testName="Aula.Tests.Utilities.FollowUpQuestionDetectorTests.IsFollowUpQuestion_WithNullLogger_ThrowsArgumentNullException" computerName="RHO-DESKTOP" duration="00:00:00.0003863" startTime="2025-06-30T17:11:27.7274767+02:00" endTime="2025-06-30T17:11:27.7274769+02:00" testType="13cdc9d9-ddb5-4fa4-a97d-d965ccfc6d4b" outcome="Passed" testListId="8c84fa94-04c1-424b-9868-57a2d4851a1d" relativeResultsDirectory="17a14c80-209e-44e2-ab00-ce34d74723a2" />
    <UnitTestResult executionId="4f43000d-b652-4f3b-865d-8f3920413481" testId="042593f6-6140-ccfe-82d6-8f794997c196" testName="Aula.Tests.Bots.TelegramMessageHandlerTests.HandleMessageAsync_WithGroupChat_HandlesCorrectly" computerName="RHO-DESKTOP" duration="00:00:00.0010000" startTime="2025-06-30T17:11:27.6195847+02:00" endTime="2025-06-30T17:11:27.6195849+02:00" testType="13cdc9d9-ddb5-4fa4-a97d-d965ccfc6d4b" outcome="Failed" testListId="8c84fa94-04c1-424b-9868-57a2d4851a1d" relativeResultsDirectory="4f43000d-b652-4f3b-865d-8f3920413481">
      <Output>
        <ErrorInfo>
          <Message>System.ArgumentException : Can not instantiate proxy of class: Aula.Utilities.ConversationContextManager`1[[System.Int64, System.Private.CoreLib, Version=9.0.0.0, Culture=neutral, PublicKeyToken=7cec85d7bea7798e]].
Could not find a parameterless constructor. (Parameter 'constructorArguments')
---- System.MissingMethodException : Constructor on type 'Castle.Proxies.ConversationContextManager`1Proxy' not found.</Message>
          <StackTrace>   at Castle.DynamicProxy.ProxyGenerator.CreateClassProxyInstance(Type proxyType, List`1 proxyArguments, Type classToProxy, Object[] constructorArguments)
   at Castle.DynamicProxy.ProxyGenerator.CreateClassProxy(Type classToProxy, Type[] additionalInterfacesToProxy, ProxyGenerationOptions options, Object[] constructorArguments, IInterceptor[] interceptors)
   at Moq.CastleProxyFactory.CreateProxy(Type mockType, IInterceptor interceptor, Type[] interfaces, Object[] arguments) in /_/src/Moq/Interception/CastleProxyFactory.cs:line 62
   at Moq.Mock`1.InitializeInstance() in /_/src/Moq/Mock`1.cs:line 309
   at Moq.Mock`1.OnGetObject() in /_/src/Moq/Mock`1.cs:line 323
   at Moq.Mock.get_Object() in /_/src/Moq/Mock.cs:line 181
   at Moq.Mock`1.get_Object() in /_/src/Moq/Mock`1.cs:line 281
   at Aula.Tests.Bots.TelegramMessageHandlerTests..ctor() in /mnt/d/git/aula/src/Aula.Tests/Bots/TelegramMessageHandlerTests.cs:line 63
   at System.RuntimeType.CreateInstanceDefaultCtor(Boolean publicOnly, Boolean wrapExceptions)
----- Inner Stack Trace -----
   at System.RuntimeType.CreateInstanceImpl(BindingFlags bindingAttr, Binder binder, Object[] args, CultureInfo culture)
   at Castle.DynamicProxy.ProxyGenerator.CreateClassProxyInstance(Type proxyType, List`1 proxyArguments, Type classToProxy, Object[] constructorArguments)</StackTrace>
        </ErrorInfo>
      </Output>
    </UnitTestResult>
    <UnitTestResult executionId="4be2fd0e-4601-4cc8-8638-006c501d3397" testId="5e8b18ba-6a80-fd43-4cb0-8c6bdf8765d5" testName="Aula.Tests.Tools.ReminderCommandHandlerTests.TryHandleReminderCommand_ListReminders_ValidCommands_ReturnsRemindersList(command: &quot;show reminders&quot;, isEnglish: True)" computerName="RHO-DESKTOP" duration="00:00:00.0156521" startTime="2025-06-30T17:11:27.7831342+02:00" endTime="2025-06-30T17:11:27.7831345+02:00" testType="13cdc9d9-ddb5-4fa4-a97d-d965ccfc6d4b" outcome="Passed" testListId="8c84fa94-04c1-424b-9868-57a2d4851a1d" relativeResultsDirectory="4be2fd0e-4601-4cc8-8638-006c501d3397" />
    <UnitTestResult executionId="4e3c174f-865a-4e01-9ffa-4403fa3a4d64" testId="3b4daf27-4450-ed7a-d4bb-142a6e1b0be0" testName="Aula.Tests.Tools.ReminderCommandHandlerTests.TryHandleReminderCommand_NonMatchingPatterns_ReturnsFalse(command: &quot;remind me tomorrow at eight that non-numeric time&quot;, isEnglish: True)" computerName="RHO-DESKTOP" duration="00:00:00.0008146" startTime="2025-06-30T17:11:27.7526313+02:00" endTime="2025-06-30T17:11:27.7526314+02:00" testType="13cdc9d9-ddb5-4fa4-a97d-d965ccfc6d4b" outcome="Passed" testListId="8c84fa94-04c1-424b-9868-57a2d4851a1d" relativeResultsDirectory="4e3c174f-865a-4e01-9ffa-4403fa3a4d64" />
    <UnitTestResult executionId="69548204-6b6d-4181-9033-7718d131f866" testId="62b0fe72-30f1-2af2-c068-90091bfb1d44" testName="Aula.Tests.Utilities.JsonFormatterTests.Prettify_WithStringValue_ReturnsFormattedString" computerName="RHO-DESKTOP" duration="00:00:00.0001688" startTime="2025-06-30T17:11:27.2610998+02:00" endTime="2025-06-30T17:11:27.2610999+02:00" testType="13cdc9d9-ddb5-4fa4-a97d-d965ccfc6d4b" outcome="Passed" testListId="8c84fa94-04c1-424b-9868-57a2d4851a1d" relativeResultsDirectory="69548204-6b6d-4181-9033-7718d131f866" />
    <UnitTestResult executionId="6b89c4a8-534b-4d51-9377-a97b6e599623" testId="a16a5295-4893-3b2e-da76-c179d6ee21e1" testName="Aula.Tests.Scheduling.SchedulingServiceIntegrationTests.StopAsync_CanBeCalledMultipleTimes_DoesNotThrow" computerName="RHO-DESKTOP" duration="00:00:00.0019297" startTime="2025-06-30T17:11:27.4768171+02:00" endTime="2025-06-30T17:11:27.4768172+02:00" testType="13cdc9d9-ddb5-4fa4-a97d-d965ccfc6d4b" outcome="Passed" testListId="8c84fa94-04c1-424b-9868-57a2d4851a1d" relativeResultsDirectory="6b89c4a8-534b-4d51-9377-a97b6e599623" />
    <UnitTestResult executionId="12b12939-deef-487c-b89e-17dae0870d44" testId="eaeadf06-6f78-ef66-9240-54edcfcfb42c" testName="Aula.Tests.Utilities.WeekLetterContentExtractorTests.ExtractContent_WithMissingUgebreve_ReturnsEmptyString" computerName="RHO-DESKTOP" duration="00:00:00.0023504" startTime="2025-06-30T17:11:27.4725925+02:00" endTime="2025-06-30T17:11:27.4725925+02:00" testType="13cdc9d9-ddb5-4fa4-a97d-d965ccfc6d4b" outcome="Passed" testListId="8c84fa94-04c1-424b-9868-57a2d4851a1d" relativeResultsDirectory="12b12939-deef-487c-b89e-17dae0870d44" />
    <UnitTestResult executionId="64fdb5f3-5909-40a1-b0a0-a491f98918f5" testId="239e373d-1755-bda9-a91e-cb58a8bc8bcf" testName="Aula.Tests.Bots.TelegramMessageHandlerTests.Constructor_WithNullLogger_ThrowsArgumentNullException" computerName="RHO-DESKTOP" duration="00:00:00.0010000" startTime="2025-06-30T17:11:27.6151379+02:00" endTime="2025-06-30T17:11:27.6151380+02:00" testType="13cdc9d9-ddb5-4fa4-a97d-d965ccfc6d4b" outcome="Failed" testListId="8c84fa94-04c1-424b-9868-57a2d4851a1d" relativeResultsDirectory="64fdb5f3-5909-40a1-b0a0-a491f98918f5">
      <Output>
        <ErrorInfo>
          <Message>System.ArgumentException : Can not instantiate proxy of class: Aula.Utilities.ConversationContextManager`1[[System.Int64, System.Private.CoreLib, Version=9.0.0.0, Culture=neutral, PublicKeyToken=7cec85d7bea7798e]].
Could not find a parameterless constructor. (Parameter 'constructorArguments')
---- System.MissingMethodException : Constructor on type 'Castle.Proxies.ConversationContextManager`1Proxy' not found.</Message>
          <StackTrace>   at Castle.DynamicProxy.ProxyGenerator.CreateClassProxyInstance(Type proxyType, List`1 proxyArguments, Type classToProxy, Object[] constructorArguments)
   at Castle.DynamicProxy.ProxyGenerator.CreateClassProxy(Type classToProxy, Type[] additionalInterfacesToProxy, ProxyGenerationOptions options, Object[] constructorArguments, IInterceptor[] interceptors)
   at Moq.CastleProxyFactory.CreateProxy(Type mockType, IInterceptor interceptor, Type[] interfaces, Object[] arguments) in /_/src/Moq/Interception/CastleProxyFactory.cs:line 62
   at Moq.Mock`1.InitializeInstance() in /_/src/Moq/Mock`1.cs:line 309
   at Moq.Mock`1.OnGetObject() in /_/src/Moq/Mock`1.cs:line 323
   at Moq.Mock.get_Object() in /_/src/Moq/Mock.cs:line 181
   at Moq.Mock`1.get_Object() in /_/src/Moq/Mock`1.cs:line 281
   at Aula.Tests.Bots.TelegramMessageHandlerTests..ctor() in /mnt/d/git/aula/src/Aula.Tests/Bots/TelegramMessageHandlerTests.cs:line 63
   at System.RuntimeType.CreateInstanceDefaultCtor(Boolean publicOnly, Boolean wrapExceptions)
----- Inner Stack Trace -----
   at System.RuntimeType.CreateInstanceImpl(BindingFlags bindingAttr, Binder binder, Object[] args, CultureInfo culture)
   at Castle.DynamicProxy.ProxyGenerator.CreateClassProxyInstance(Type proxyType, List`1 proxyArguments, Type classToProxy, Object[] constructorArguments)</StackTrace>
        </ErrorInfo>
      </Output>
    </UnitTestResult>
    <UnitTestResult executionId="2f6be5ad-9d73-413e-81d1-da0f3fbc8551" testId="7b9bc6fb-eef9-8cc3-8ceb-2e893b8c1bdf" testName="Aula.Tests.Utilities.DateTimeUtilitiesTests.GetDanishDayName_AllValidDaysOfWeek_ReturnsNonEmptyString(dayOfWeek: Thursday)" computerName="RHO-DESKTOP" duration="00:00:00.0002670" startTime="2025-06-30T17:11:27.7082476+02:00" endTime="2025-06-30T17:11:27.7082477+02:00" testType="13cdc9d9-ddb5-4fa4-a97d-d965ccfc6d4b" outcome="Passed" testListId="8c84fa94-04c1-424b-9868-57a2d4851a1d" relativeResultsDirectory="2f6be5ad-9d73-413e-81d1-da0f3fbc8551" />
    <UnitTestResult executionId="a9e11321-e2e0-4725-909d-7f085ea4eeb1" testId="2d7011d5-0d18-55b9-d3f3-68998c9945f9" testName="Aula.Tests.Utilities.Html2SlackMarkdownConverterTests.Convert_WithEmptyString_ReturnsEmptyString" computerName="RHO-DESKTOP" duration="00:00:00.0002112" startTime="2025-06-30T17:11:27.9725920+02:00" endTime="2025-06-30T17:11:27.9725921+02:00" testType="13cdc9d9-ddb5-4fa4-a97d-d965ccfc6d4b" outcome="Passed" testListId="8c84fa94-04c1-424b-9868-57a2d4851a1d" relativeResultsDirectory="a9e11321-e2e0-4725-909d-7f085ea4eeb1" />
    <UnitTestResult executionId="7920888c-aef2-4c2d-8fff-9fcab09f2295" testId="690eef1c-e4e3-0c63-48ad-a783777fa685" testName="Aula.Tests.Scheduling.SchedulingServiceIntegrationTests.Constructor_WithNullSlackBot_ThrowsArgumentNullException" computerName="RHO-DESKTOP" duration="00:00:00.0008542" startTime="2025-06-30T17:11:27.5301662+02:00" endTime="2025-06-30T17:11:27.5301664+02:00" testType="13cdc9d9-ddb5-4fa4-a97d-d965ccfc6d4b" outcome="Passed" testListId="8c84fa94-04c1-424b-9868-57a2d4851a1d" relativeResultsDirectory="7920888c-aef2-4c2d-8fff-9fcab09f2295" />
    <UnitTestResult executionId="2abb3cd6-d7d1-4358-986c-3cb490762d45" testId="28097eda-a5f4-e6e6-7060-12e7665f3075" testName="Aula.Tests.Channels.TelegramClientTests.PostWeekLetter_WithVariousChildNames_HandlesCorrectly(firstName: &quot;TestChild2&quot;)" computerName="RHO-DESKTOP" duration="00:00:00.0167933" startTime="2025-06-30T17:11:27.7308654+02:00" endTime="2025-06-30T17:11:27.7308655+02:00" testType="13cdc9d9-ddb5-4fa4-a97d-d965ccfc6d4b" outcome="Passed" testListId="8c84fa94-04c1-424b-9868-57a2d4851a1d" relativeResultsDirectory="2abb3cd6-d7d1-4358-986c-3cb490762d45" />
    <UnitTestResult executionId="875625d3-78ee-4e25-8564-923d9e235fd7" testId="f09b7cd5-4ae8-422c-8772-5a55d24c9ade" testName="Aula.Tests.Tools.ReminderCommandHandlerTests.TryHandleReminderCommand_NonReminderCommands_ReturnsFalse(command: &quot;hello world&quot;)" computerName="RHO-DESKTOP" duration="00:00:00.0000639" startTime="2025-06-30T17:11:27.7305646+02:00" endTime="2025-06-30T17:11:27.7305648+02:00" testType="13cdc9d9-ddb5-4fa4-a97d-d965ccfc6d4b" outcome="Passed" testListId="8c84fa94-04c1-424b-9868-57a2d4851a1d" relativeResultsDirectory="875625d3-78ee-4e25-8564-923d9e235fd7" />
    <UnitTestResult executionId="51afd891-0166-44a8-9d4c-a13202304bab" testId="abab0ca8-38d9-b46e-ed1a-a39f638f498e" testName="Aula.Tests.Channels.SlackBotTests.Constructor_WithValidUrls_DoesNotThrow(webhookUrl: &quot;https://hooks.slack.com/test&quot;)" computerName="RHO-DESKTOP" duration="00:00:00.0001942" startTime="2025-06-30T17:11:27.4661748+02:00" endTime="2025-06-30T17:11:27.4661750+02:00" testType="13cdc9d9-ddb5-4fa4-a97d-d965ccfc6d4b" outcome="Passed" testListId="8c84fa94-04c1-424b-9868-57a2d4851a1d" relativeResultsDirectory="51afd891-0166-44a8-9d4c-a13202304bab" />
    <UnitTestResult executionId="42548fad-21ea-4bed-8d3d-2ff81b14355d" testId="c7ba7dd8-e3e6-46dc-0605-cbeb66092785" testName="Aula.Tests.Utilities.WeekLetterContentExtractorTests.ExtractContent_WithEmptyUgebreve_ReturnsEmptyString" computerName="RHO-DESKTOP" duration="00:00:00.0000898" startTime="2025-06-30T17:11:27.2748231+02:00" endTime="2025-06-30T17:11:27.2748233+02:00" testType="13cdc9d9-ddb5-4fa4-a97d-d965ccfc6d4b" outcome="Passed" testListId="8c84fa94-04c1-424b-9868-57a2d4851a1d" relativeResultsDirectory="42548fad-21ea-4bed-8d3d-2ff81b14355d" />
    <UnitTestResult executionId="94676fa6-3bc3-4287-8012-f742878bb9a9" testId="cffbdb32-a5ce-3149-2be9-2e224df2f82b" testName="Aula.Tests.Tools.AiToolsManagerTests.DeleteReminderAsync_WithValidNumber_DeletesReminder" computerName="RHO-DESKTOP" duration="00:00:00.0212078" startTime="2025-06-30T17:11:27.7253233+02:00" endTime="2025-06-30T17:11:27.7253234+02:00" testType="13cdc9d9-ddb5-4fa4-a97d-d965ccfc6d4b" outcome="Passed" testListId="8c84fa94-04c1-424b-9868-57a2d4851a1d" relativeResultsDirectory="94676fa6-3bc3-4287-8012-f742878bb9a9" />
    <UnitTestResult executionId="1cc117e2-7429-46a8-b863-12cd76c88806" testId="5fe3fa44-04c0-bf4f-e0cb-be0a1bef1cef" testName="Aula.Tests.Utilities.WeekLetterContentExtractorTests.ExtractContent_Dynamic_WithException_ReturnsEmptyStringAndLogsError" computerName="RHO-DESKTOP" duration="00:00:00.0343532" startTime="2025-06-30T17:11:27.5263012+02:00" endTime="2025-06-30T17:11:27.5263013+02:00" testType="13cdc9d9-ddb5-4fa4-a97d-d965ccfc6d4b" outcome="Passed" testListId="8c84fa94-04c1-424b-9868-57a2d4851a1d" relativeResultsDirectory="1cc117e2-7429-46a8-b863-12cd76c88806" />
    <UnitTestResult executionId="bb083140-68fd-420f-b2e5-21af8f119ce8" testId="ebe83846-f30d-4502-5b06-920f9179e550" testName="Aula.Tests.Utilities.ReminderExtractionPromptsTests.GetExtractionPrompt_WithVariousCurrentTimes_CalculatesRelativeDatesCorrectly(currentTimeStr: &quot;2025-12-31 23:59:59&quot;)" computerName="RHO-DESKTOP" duration="00:00:00.0003668" startTime="2025-06-30T17:11:27.2665085+02:00" endTime="2025-06-30T17:11:27.2665087+02:00" testType="13cdc9d9-ddb5-4fa4-a97d-d965ccfc6d4b" outcome="Passed" testListId="8c84fa94-04c1-424b-9868-57a2d4851a1d" relativeResultsDirectory="bb083140-68fd-420f-b2e5-21af8f119ce8" />
    <UnitTestResult executionId="39be0882-cb7f-4e60-bdcf-76855c553cf8" testId="952f09f7-4d08-75b3-4aa9-81a5106c72e8" testName="Aula.Tests.Configuration.ConfigurationTests.Config_IConfig_Interface_IsImplemented" computerName="RHO-DESKTOP" duration="00:00:00.0068361" startTime="2025-06-30T17:11:28.2309142+02:00" endTime="2025-06-30T17:11:28.2309144+02:00" testType="13cdc9d9-ddb5-4fa4-a97d-d965ccfc6d4b" outcome="Passed" testListId="8c84fa94-04c1-424b-9868-57a2d4851a1d" relativeResultsDirectory="39be0882-cb7f-4e60-bdcf-76855c553cf8" />
    <UnitTestResult executionId="5631b358-acf5-4bd6-a992-023e9b9018d2" testId="7415a632-957d-b568-8d89-35975dec612b" testName="Aula.Tests.Integration.AgentServiceTests.AskQuestionAboutWeekLetterAsync_WithContextKey_CallsOpenAiService" computerName="RHO-DESKTOP" duration="00:00:00.0262504" startTime="2025-06-30T17:11:27.5033962+02:00" endTime="2025-06-30T17:11:27.5033964+02:00" testType="13cdc9d9-ddb5-4fa4-a97d-d965ccfc6d4b" outcome="Passed" testListId="8c84fa94-04c1-424b-9868-57a2d4851a1d" relativeResultsDirectory="5631b358-acf5-4bd6-a992-023e9b9018d2" />
    <UnitTestResult executionId="ffc75d54-0d6e-4bc9-979f-55cc58da19f0" testId="552b8f9e-1bb3-8bf0-01fc-d5978785d7dd" testName="Aula.Tests.Utilities.FollowUpQuestionDetectorTests.IsFollowUpQuestion_WithStartingFollowUpWords_ReturnsTrue(input: &quot;Og Emma?&quot;)" computerName="RHO-DESKTOP" duration="00:00:00.0000583" startTime="2025-06-30T17:11:27.7130771+02:00" endTime="2025-06-30T17:11:27.7130772+02:00" testType="13cdc9d9-ddb5-4fa4-a97d-d965ccfc6d4b" outcome="Passed" testListId="8c84fa94-04c1-424b-9868-57a2d4851a1d" relativeResultsDirectory="ffc75d54-0d6e-4bc9-979f-55cc58da19f0" />
    <UnitTestResult executionId="77bd8521-e21f-4704-926a-73eb2384b881" testId="9728fe01-3005-7319-6ba9-b6d3b25a9602" testName="Aula.Tests.Bots.SlackInteractiveBotTests.SendMessage_WithLongText_TruncatesMessage" computerName="RHO-DESKTOP" duration="00:00:00.4248314" startTime="2025-06-30T17:11:28.9377877+02:00" endTime="2025-06-30T17:11:28.9377882+02:00" testType="13cdc9d9-ddb5-4fa4-a97d-d965ccfc6d4b" outcome="Passed" testListId="8c84fa94-04c1-424b-9868-57a2d4851a1d" relativeResultsDirectory="77bd8521-e21f-4704-926a-73eb2384b881" />
    <UnitTestResult executionId="9413523a-8504-4a75-8dfe-56961d37c84c" testId="42c9038e-83ab-bae5-c7e8-73f806c72d2a" testName="Aula.Tests.Configuration.ConfigurationTests.Timers_AdaptivePollingLimits_ValidationTests(minSeconds: 5, maxSeconds: 0, isValid: False)" computerName="RHO-DESKTOP" duration="00:00:00.0093078" startTime="2025-06-30T17:11:27.9803015+02:00" endTime="2025-06-30T17:11:27.9803017+02:00" testType="13cdc9d9-ddb5-4fa4-a97d-d965ccfc6d4b" outcome="Passed" testListId="8c84fa94-04c1-424b-9868-57a2d4851a1d" relativeResultsDirectory="9413523a-8504-4a75-8dfe-56961d37c84c" />
    <UnitTestResult executionId="d8a8a57b-7760-44b1-acc2-058782c643d4" testId="7e66458c-6fa0-adfa-1ecd-a6462fccce40" testName="Aula.Tests.Services.SupabaseServiceTests.Constructor_WithInvalidConfig_DoesNotThrow" computerName="RHO-DESKTOP" duration="00:00:00.0366916" startTime="2025-06-30T17:11:27.5608155+02:00" endTime="2025-06-30T17:11:27.5608156+02:00" testType="13cdc9d9-ddb5-4fa4-a97d-d965ccfc6d4b" outcome="Passed" testListId="8c84fa94-04c1-424b-9868-57a2d4851a1d" relativeResultsDirectory="d8a8a57b-7760-44b1-acc2-058782c643d4" />
    <UnitTestResult executionId="6ca61bb3-b38b-4dd7-9972-133aebef7dc8" testId="6391cd26-6fc2-8e75-57e3-7b032d34c99b" testName="Aula.Tests.Utilities.ConversationContextTests.IsStillValid_WithFreshTimestamp_ReturnsTrue" computerName="RHO-DESKTOP" duration="00:00:00.0003362" startTime="2025-06-30T17:11:27.2607086+02:00" endTime="2025-06-30T17:11:27.2607087+02:00" testType="13cdc9d9-ddb5-4fa4-a97d-d965ccfc6d4b" outcome="Passed" testListId="8c84fa94-04c1-424b-9868-57a2d4851a1d" relativeResultsDirectory="6ca61bb3-b38b-4dd7-9972-133aebef7dc8" />
    <UnitTestResult executionId="4cfc73db-e555-4d5c-a4d8-5fd3cd4e1987" testId="836451b2-62cb-4cd2-ca5f-c5c8f2c0a202" testName="Aula.Tests.Bots.SlackInteractiveBotTests.Dispose_WhenCalled_DisposesResources" computerName="RHO-DESKTOP" duration="00:00:00.0012641" startTime="2025-06-30T17:11:27.3923453+02:00" endTime="2025-06-30T17:11:27.3923456+02:00" testType="13cdc9d9-ddb5-4fa4-a97d-d965ccfc6d4b" outcome="Passed" testListId="8c84fa94-04c1-424b-9868-57a2d4851a1d" relativeResultsDirectory="4cfc73db-e555-4d5c-a4d8-5fd3cd4e1987" />
    <UnitTestResult executionId="fd3407ec-cd3a-4b9a-95f6-e5ebb17f021d" testId="bd86868a-64af-fa50-efe0-a7e95aa9f5c1" testName="Aula.Tests.Utilities.ReminderExtractionPromptsTests.GetExtractionPrompt_WithSpecialCharactersInQuery_HandlesCorrectly" computerName="RHO-DESKTOP" duration="00:00:00.0001561" startTime="2025-06-30T17:11:27.2714897+02:00" endTime="2025-06-30T17:11:27.2714898+02:00" testType="13cdc9d9-ddb5-4fa4-a97d-d965ccfc6d4b" outcome="Passed" testListId="8c84fa94-04c1-424b-9868-57a2d4851a1d" relativeResultsDirectory="fd3407ec-cd3a-4b9a-95f6-e5ebb17f021d" />
    <UnitTestResult executionId="b37fe9b6-2fdd-4105-b526-aef386d59b78" testId="3109c695-3e44-0879-5fda-41d7d17979ff" testName="Aula.Tests.Utilities.IntentAnalysisPromptsTests.ToolExamples_ContainsBothLanguages" computerName="RHO-DESKTOP" duration="00:00:00.0047511" startTime="2025-06-30T17:11:27.6428050+02:00" endTime="2025-06-30T17:11:27.6428051+02:00" testType="13cdc9d9-ddb5-4fa4-a97d-d965ccfc6d4b" outcome="Passed" testListId="8c84fa94-04c1-424b-9868-57a2d4851a1d" relativeResultsDirectory="b37fe9b6-2fdd-4105-b526-aef386d59b78" />
    <UnitTestResult executionId="5d91bc10-b524-4906-8ec6-1e8dd00b4308" testId="3c407d09-bd83-3cf2-cf6c-c0dc480601dc" testName="Aula.Tests.Utilities.DateTimeUtilitiesTests.GetDanishDayName_ValidDayOfWeek_ReturnsLowercaseName(dayOfWeek: Wednesday, expectedName: &quot;onsdag&quot;)" computerName="RHO-DESKTOP" duration="00:00:00.0000080" startTime="2025-06-30T17:11:27.7102951+02:00" endTime="2025-06-30T17:11:27.7102952+02:00" testType="13cdc9d9-ddb5-4fa4-a97d-d965ccfc6d4b" outcome="Passed" testListId="8c84fa94-04c1-424b-9868-57a2d4851a1d" relativeResultsDirectory="5d91bc10-b524-4906-8ec6-1e8dd00b4308" />
    <UnitTestResult executionId="d52c1504-ec8b-4d93-a7ee-b2f9c96d8d1f" testId="ad0d39e5-00d7-6228-aeb3-c91c6b3da5f5" testName="Aula.Tests.Services.DataModelTests.Reminder_DateTimeHandling_WorksCorrectly" computerName="RHO-DESKTOP" duration="00:00:00.0006472" startTime="2025-06-30T17:11:27.2590336+02:00" endTime="2025-06-30T17:11:27.2590337+02:00" testType="13cdc9d9-ddb5-4fa4-a97d-d965ccfc6d4b" outcome="Passed" testListId="8c84fa94-04c1-424b-9868-57a2d4851a1d" relativeResultsDirectory="d52c1504-ec8b-4d93-a7ee-b2f9c96d8d1f" />
    <UnitTestResult executionId="feda349c-15bd-4b66-9f0b-fbd4beaa6229" testId="752d40b4-ceac-535b-c245-39fed899e450" testName="Aula.Tests.Utilities.IntentAnalysisPromptsTests.ToolExamples_ContainsRequiredKeys(key: &quot;CREATE_REMINDER_DANISH&quot;)" computerName="RHO-DESKTOP" duration="00:00:00.0002978" startTime="2025-06-30T17:11:27.6417206+02:00" endTime="2025-06-30T17:11:27.6417207+02:00" testType="13cdc9d9-ddb5-4fa4-a97d-d965ccfc6d4b" outcome="Passed" testListId="8c84fa94-04c1-424b-9868-57a2d4851a1d" relativeResultsDirectory="feda349c-15bd-4b66-9f0b-fbd4beaa6229" />
    <UnitTestResult executionId="f8d0b693-1539-4f58-94ee-14ffb9239580" testId="83b59476-a7fb-56e8-b97b-0e902d31cd18" testName="Aula.Tests.Bots.TelegramMessageHandlerTests.HandleMessageAsync_WithReminderCommand_CallsReminderHandler(reminderCommand: &quot;tilføj påmindelse&quot;)" computerName="RHO-DESKTOP" duration="00:00:00.0010000" startTime="2025-06-30T17:11:27.5979297+02:00" endTime="2025-06-30T17:11:27.5979298+02:00" testType="13cdc9d9-ddb5-4fa4-a97d-d965ccfc6d4b" outcome="Failed" testListId="8c84fa94-04c1-424b-9868-57a2d4851a1d" relativeResultsDirectory="f8d0b693-1539-4f58-94ee-14ffb9239580">
      <Output>
        <ErrorInfo>
          <Message>System.ArgumentException : Can not instantiate proxy of class: Aula.Utilities.ConversationContextManager`1[[System.Int64, System.Private.CoreLib, Version=9.0.0.0, Culture=neutral, PublicKeyToken=7cec85d7bea7798e]].
Could not find a parameterless constructor. (Parameter 'constructorArguments')
---- System.MissingMethodException : Constructor on type 'Castle.Proxies.ConversationContextManager`1Proxy' not found.</Message>
          <StackTrace>   at Castle.DynamicProxy.ProxyGenerator.CreateClassProxyInstance(Type proxyType, List`1 proxyArguments, Type classToProxy, Object[] constructorArguments)
   at Castle.DynamicProxy.ProxyGenerator.CreateClassProxy(Type classToProxy, Type[] additionalInterfacesToProxy, ProxyGenerationOptions options, Object[] constructorArguments, IInterceptor[] interceptors)
   at Moq.CastleProxyFactory.CreateProxy(Type mockType, IInterceptor interceptor, Type[] interfaces, Object[] arguments) in /_/src/Moq/Interception/CastleProxyFactory.cs:line 62
   at Moq.Mock`1.InitializeInstance() in /_/src/Moq/Mock`1.cs:line 309
   at Moq.Mock`1.OnGetObject() in /_/src/Moq/Mock`1.cs:line 323
   at Moq.Mock.get_Object() in /_/src/Moq/Mock.cs:line 181
   at Moq.Mock`1.get_Object() in /_/src/Moq/Mock`1.cs:line 281
   at Aula.Tests.Bots.TelegramMessageHandlerTests..ctor() in /mnt/d/git/aula/src/Aula.Tests/Bots/TelegramMessageHandlerTests.cs:line 63
   at System.RuntimeType.CreateInstanceDefaultCtor(Boolean publicOnly, Boolean wrapExceptions)
----- Inner Stack Trace -----
   at System.RuntimeType.CreateInstanceImpl(BindingFlags bindingAttr, Binder binder, Object[] args, CultureInfo culture)
   at Castle.DynamicProxy.ProxyGenerator.CreateClassProxyInstance(Type proxyType, List`1 proxyArguments, Type classToProxy, Object[] constructorArguments)</StackTrace>
        </ErrorInfo>
      </Output>
    </UnitTestResult>
    <UnitTestResult executionId="a48e2eda-d101-400c-8c2c-1447d00c9d83" testId="112c074c-c91e-2a6e-3358-6a9304c63b95" testName="Aula.Tests.Services.OpenAiServiceIntegrationTests.AskQuestionAboutWeekLetterAsync_WithNullWeekLetter_ThrowsArgumentNullException(chatInterface: Slack)" computerName="RHO-DESKTOP" duration="00:00:00.0017831" startTime="2025-06-30T17:11:27.5342183+02:00" endTime="2025-06-30T17:11:27.5342184+02:00" testType="13cdc9d9-ddb5-4fa4-a97d-d965ccfc6d4b" outcome="Failed" testListId="8c84fa94-04c1-424b-9868-57a2d4851a1d" relativeResultsDirectory="a48e2eda-d101-400c-8c2c-1447d00c9d83">
      <Output>
        <ErrorInfo>
          <Message>System.ArgumentException : Can not instantiate proxy of class: Aula.Tools.AiToolsManager.
Could not find a parameterless constructor. (Parameter 'constructorArguments')
---- System.MissingMethodException : Constructor on type 'Castle.Proxies.AiToolsManagerProxy' not found.</Message>
          <StackTrace>   at Castle.DynamicProxy.ProxyGenerator.CreateClassProxyInstance(Type proxyType, List`1 proxyArguments, Type classToProxy, Object[] constructorArguments)
   at Castle.DynamicProxy.ProxyGenerator.CreateClassProxy(Type classToProxy, Type[] additionalInterfacesToProxy, ProxyGenerationOptions options, Object[] constructorArguments, IInterceptor[] interceptors)
   at Moq.CastleProxyFactory.CreateProxy(Type mockType, IInterceptor interceptor, Type[] interfaces, Object[] arguments) in /_/src/Moq/Interception/CastleProxyFactory.cs:line 62
   at Moq.Mock`1.InitializeInstance() in /_/src/Moq/Mock`1.cs:line 309
   at Moq.Mock`1.OnGetObject() in /_/src/Moq/Mock`1.cs:line 323
   at Moq.Mock.get_Object() in /_/src/Moq/Mock.cs:line 181
   at Moq.Mock`1.get_Object() in /_/src/Moq/Mock`1.cs:line 281
   at Aula.Tests.Services.OpenAiServiceIntegrationTests.AskQuestionAboutWeekLetterAsync_WithNullWeekLetter_ThrowsArgumentNullException(ChatInterface chatInterface) in /mnt/d/git/aula/src/Aula.Tests/Services/OpenAiServiceIntegrationTests.cs:line 119
--- End of stack trace from previous location ---
----- Inner Stack Trace -----
   at System.RuntimeType.CreateInstanceImpl(BindingFlags bindingAttr, Binder binder, Object[] args, CultureInfo culture)
   at Castle.DynamicProxy.ProxyGenerator.CreateClassProxyInstance(Type proxyType, List`1 proxyArguments, Type classToProxy, Object[] constructorArguments)</StackTrace>
        </ErrorInfo>
      </Output>
    </UnitTestResult>
    <UnitTestResult executionId="10fe06ee-47b3-40ee-9b28-4da276a14bc2" testId="fbb577ab-554c-1761-8b33-3b062d943c22" testName="Aula.Tests.Bots.SlackInteractiveBotTests.Constructor_WithNullConfig_ThrowsArgumentNullException" computerName="RHO-DESKTOP" duration="00:00:00.0014047" startTime="2025-06-30T17:11:29.7402045+02:00" endTime="2025-06-30T17:11:29.7402048+02:00" testType="13cdc9d9-ddb5-4fa4-a97d-d965ccfc6d4b" outcome="Passed" testListId="8c84fa94-04c1-424b-9868-57a2d4851a1d" relativeResultsDirectory="10fe06ee-47b3-40ee-9b28-4da276a14bc2" />
    <UnitTestResult executionId="a81e5067-3221-4f3f-ad4f-eba31604956d" testId="b98006bf-e247-2c89-f5f2-906de5d10ccf" testName="Aula.Tests.Utilities.FollowUpQuestionDetectorTests.IsFollowUpQuestion_LogsCorrectlyForDetectedFollowUp" computerName="RHO-DESKTOP" duration="00:00:00.0045085" startTime="2025-06-30T17:11:27.7284903+02:00" endTime="2025-06-30T17:11:27.7284903+02:00" testType="13cdc9d9-ddb5-4fa4-a97d-d965ccfc6d4b" outcome="Passed" testListId="8c84fa94-04c1-424b-9868-57a2d4851a1d" relativeResultsDirectory="a81e5067-3221-4f3f-ad4f-eba31604956d" />
    <UnitTestResult executionId="e811a661-c678-4db4-82eb-96a7b4b3e17a" testId="0a70d6fd-d740-a74a-169e-d35621818982" testName="Aula.Tests.Configuration.ConfigurationTests.Timers_AdaptivePollingLimits_ValidationTests(minSeconds: 30, maxSeconds: 5, isValid: False)" computerName="RHO-DESKTOP" duration="00:00:00.0119951" startTime="2025-06-30T17:11:27.9370215+02:00" endTime="2025-06-30T17:11:27.9370217+02:00" testType="13cdc9d9-ddb5-4fa4-a97d-d965ccfc6d4b" outcome="Passed" testListId="8c84fa94-04c1-424b-9868-57a2d4851a1d" relativeResultsDirectory="e811a661-c678-4db4-82eb-96a7b4b3e17a" />
    <UnitTestResult executionId="9b477714-408e-4739-97fe-0268accc4e78" testId="91adec86-044d-3b0d-62f3-bdcae922b644" testName="Aula.Tests.Services.OpenAiServiceIntegrationTests.ClearConversationHistory_WithContextKey_DoesNotThrow" computerName="RHO-DESKTOP" duration="00:00:00.0008716" startTime="2025-06-30T17:11:27.6402559+02:00" endTime="2025-06-30T17:11:27.6402560+02:00" testType="13cdc9d9-ddb5-4fa4-a97d-d965ccfc6d4b" outcome="Failed" testListId="8c84fa94-04c1-424b-9868-57a2d4851a1d" relativeResultsDirectory="9b477714-408e-4739-97fe-0268accc4e78">
      <Output>
        <ErrorInfo>
          <Message>System.ArgumentException : Can not instantiate proxy of class: Aula.Tools.AiToolsManager.
Could not find a parameterless constructor. (Parameter 'constructorArguments')
---- System.MissingMethodException : Constructor on type 'Castle.Proxies.AiToolsManagerProxy' not found.</Message>
          <StackTrace>   at Castle.DynamicProxy.ProxyGenerator.CreateClassProxyInstance(Type proxyType, List`1 proxyArguments, Type classToProxy, Object[] constructorArguments)
   at Castle.DynamicProxy.ProxyGenerator.CreateClassProxy(Type classToProxy, Type[] additionalInterfacesToProxy, ProxyGenerationOptions options, Object[] constructorArguments, IInterceptor[] interceptors)
   at Moq.CastleProxyFactory.CreateProxy(Type mockType, IInterceptor interceptor, Type[] interfaces, Object[] arguments) in /_/src/Moq/Interception/CastleProxyFactory.cs:line 62
   at Moq.Mock`1.InitializeInstance() in /_/src/Moq/Mock`1.cs:line 309
   at Moq.Mock`1.OnGetObject() in /_/src/Moq/Mock`1.cs:line 323
   at Moq.Mock.get_Object() in /_/src/Moq/Mock.cs:line 181
   at Moq.Mock`1.get_Object() in /_/src/Moq/Mock`1.cs:line 281
   at Aula.Tests.Services.OpenAiServiceIntegrationTests.ClearConversationHistory_WithContextKey_DoesNotThrow() in /mnt/d/git/aula/src/Aula.Tests/Services/OpenAiServiceIntegrationTests.cs:line 96
   at System.RuntimeMethodHandle.InvokeMethod(Object target, Void** arguments, Signature sig, Boolean isConstructor)
   at System.Reflection.MethodBaseInvoker.InvokeWithNoArgs(Object obj, BindingFlags invokeAttr)
----- Inner Stack Trace -----
   at System.RuntimeType.CreateInstanceImpl(BindingFlags bindingAttr, Binder binder, Object[] args, CultureInfo culture)
   at Castle.DynamicProxy.ProxyGenerator.CreateClassProxyInstance(Type proxyType, List`1 proxyArguments, Type classToProxy, Object[] constructorArguments)</StackTrace>
        </ErrorInfo>
      </Output>
    </UnitTestResult>
    <UnitTestResult executionId="5a3331ba-5483-4c6d-adbb-624df73af6b6" testId="4cd9be57-b5ee-3ae9-313d-5c06ae12b5f8" testName="Aula.Tests.Utilities.FollowUpQuestionDetectorTests.IsFollowUpQuestion_WithPunctuationAroundChildName_WorksCorrectly(input: &quot;Emma.&quot;)" computerName="RHO-DESKTOP" duration="00:00:00.0000489" startTime="2025-06-30T17:11:27.7241114+02:00" endTime="2025-06-30T17:11:27.7241115+02:00" testType="13cdc9d9-ddb5-4fa4-a97d-d965ccfc6d4b" outcome="Passed" testListId="8c84fa94-04c1-424b-9868-57a2d4851a1d" relativeResultsDirectory="5a3331ba-5483-4c6d-adbb-624df73af6b6" />
    <UnitTestResult executionId="22ba32ee-890a-4f26-b261-99fd34769706" testId="a0f8908b-2fc2-df51-4b18-23e951512406" testName="Aula.Tests.Scheduling.SchedulingServiceIntegrationTests.Constructor_WithNullConfig_ThrowsArgumentNullException" computerName="RHO-DESKTOP" duration="00:00:00.0006885" startTime="2025-06-30T17:11:27.4182738+02:00" endTime="2025-06-30T17:11:27.4182740+02:00" testType="13cdc9d9-ddb5-4fa4-a97d-d965ccfc6d4b" outcome="Passed" testListId="8c84fa94-04c1-424b-9868-57a2d4851a1d" relativeResultsDirectory="22ba32ee-890a-4f26-b261-99fd34769706" />
    <UnitTestResult executionId="2d3f87f3-68bf-451a-a054-9bb64dab9b7a" testId="5990c772-e408-af8a-3293-cee12203cdcc" testName="Aula.Tests.Services.OpenAiServiceTests.OpenAiService_GetChatInterfaceInstructions_ReturnsCorrectFormat(chatInterface: Slack)" computerName="RHO-DESKTOP" duration="00:00:00.0011948" startTime="2025-06-30T17:11:27.4025255+02:00" endTime="2025-06-30T17:11:27.4025256+02:00" testType="13cdc9d9-ddb5-4fa4-a97d-d965ccfc6d4b" outcome="Passed" testListId="8c84fa94-04c1-424b-9868-57a2d4851a1d" relativeResultsDirectory="2d3f87f3-68bf-451a-a054-9bb64dab9b7a" />
    <UnitTestResult executionId="3c204839-b743-4696-a95f-5cbc5d67db7f" testId="a4d29aee-2a2f-7b9e-08b4-102ef4fe6813" testName="Aula.Tests.Bots.TelegramMessageHandlerTests.Constructor_WithNullConfig_ThrowsArgumentNullException" computerName="RHO-DESKTOP" duration="00:00:00.0010000" startTime="2025-06-30T17:11:27.6202822+02:00" endTime="2025-06-30T17:11:27.6202823+02:00" testType="13cdc9d9-ddb5-4fa4-a97d-d965ccfc6d4b" outcome="Failed" testListId="8c84fa94-04c1-424b-9868-57a2d4851a1d" relativeResultsDirectory="3c204839-b743-4696-a95f-5cbc5d67db7f">
      <Output>
        <ErrorInfo>
          <Message>System.ArgumentException : Can not instantiate proxy of class: Aula.Utilities.ConversationContextManager`1[[System.Int64, System.Private.CoreLib, Version=9.0.0.0, Culture=neutral, PublicKeyToken=7cec85d7bea7798e]].
Could not find a parameterless constructor. (Parameter 'constructorArguments')
---- System.MissingMethodException : Constructor on type 'Castle.Proxies.ConversationContextManager`1Proxy' not found.</Message>
          <StackTrace>   at Castle.DynamicProxy.ProxyGenerator.CreateClassProxyInstance(Type proxyType, List`1 proxyArguments, Type classToProxy, Object[] constructorArguments)
   at Castle.DynamicProxy.ProxyGenerator.CreateClassProxy(Type classToProxy, Type[] additionalInterfacesToProxy, ProxyGenerationOptions options, Object[] constructorArguments, IInterceptor[] interceptors)
   at Moq.CastleProxyFactory.CreateProxy(Type mockType, IInterceptor interceptor, Type[] interfaces, Object[] arguments) in /_/src/Moq/Interception/CastleProxyFactory.cs:line 62
   at Moq.Mock`1.InitializeInstance() in /_/src/Moq/Mock`1.cs:line 309
   at Moq.Mock`1.OnGetObject() in /_/src/Moq/Mock`1.cs:line 323
   at Moq.Mock.get_Object() in /_/src/Moq/Mock.cs:line 181
   at Moq.Mock`1.get_Object() in /_/src/Moq/Mock`1.cs:line 281
   at Aula.Tests.Bots.TelegramMessageHandlerTests..ctor() in /mnt/d/git/aula/src/Aula.Tests/Bots/TelegramMessageHandlerTests.cs:line 63
   at System.RuntimeType.CreateInstanceDefaultCtor(Boolean publicOnly, Boolean wrapExceptions)
----- Inner Stack Trace -----
   at System.RuntimeType.CreateInstanceImpl(BindingFlags bindingAttr, Binder binder, Object[] args, CultureInfo culture)
   at Castle.DynamicProxy.ProxyGenerator.CreateClassProxyInstance(Type proxyType, List`1 proxyArguments, Type classToProxy, Object[] constructorArguments)</StackTrace>
        </ErrorInfo>
      </Output>
    </UnitTestResult>
    <UnitTestResult executionId="7f8d8ce7-1d4c-43a5-8118-b2ceac5742be" testId="a8b9844c-6104-c9c6-7d60-78d6100065b0" testName="Aula.Tests.Utilities.ConversationContextTests.IsStillValid_WithOldTimestamp_ReturnsFalse" computerName="RHO-DESKTOP" duration="00:00:00.0005916" startTime="2025-06-30T17:11:27.2546326+02:00" endTime="2025-06-30T17:11:27.2546329+02:00" testType="13cdc9d9-ddb5-4fa4-a97d-d965ccfc6d4b" outcome="Passed" testListId="8c84fa94-04c1-424b-9868-57a2d4851a1d" relativeResultsDirectory="7f8d8ce7-1d4c-43a5-8118-b2ceac5742be" />
    <UnitTestResult executionId="69e4999c-537f-468f-88b3-f409b30bc8e5" testId="75733184-ecf7-b281-bd2e-48c921f0cff4" testName="Aula.Tests.Utilities.FollowUpQuestionDetectorTests.IsFollowUpQuestion_WithPunctuationAroundChildName_WorksCorrectly(input: &quot;Emma?&quot;)" computerName="RHO-DESKTOP" duration="00:00:00.0002665" startTime="2025-06-30T17:11:27.7239924+02:00" endTime="2025-06-30T17:11:27.7239925+02:00" testType="13cdc9d9-ddb5-4fa4-a97d-d965ccfc6d4b" outcome="Passed" testListId="8c84fa94-04c1-424b-9868-57a2d4851a1d" relativeResultsDirectory="69e4999c-537f-468f-88b3-f409b30bc8e5" />
    <UnitTestResult executionId="ede927ac-9a89-472f-a159-a0f1fc23a044" testId="350fb660-314c-786b-3d6b-541a0971c807" testName="Aula.Tests.Channels.TelegramClientTests.PostWeekLetter_WithDisabledTelegram_ReturnsFalse" computerName="RHO-DESKTOP" duration="00:00:00.0013528" startTime="2025-06-30T17:11:27.7263415+02:00" endTime="2025-06-30T17:11:27.7263416+02:00" testType="13cdc9d9-ddb5-4fa4-a97d-d965ccfc6d4b" outcome="Passed" testListId="8c84fa94-04c1-424b-9868-57a2d4851a1d" relativeResultsDirectory="ede927ac-9a89-472f-a159-a0f1fc23a044" />
    <UnitTestResult executionId="503deb7a-a23c-49fd-a6fc-af7b3bfe0f02" testId="e91a7b75-ac3d-2bd0-17fa-3f23acb86759" testName="Aula.Tests.Tools.ReminderCommandHandlerTests.TryHandleReminderCommand_ListReminders_ValidCommands_ReturnsRemindersList(command: &quot;vis påmindelser&quot;, isEnglish: False)" computerName="RHO-DESKTOP" duration="00:00:00.0003503" startTime="2025-06-30T17:11:27.7833037+02:00" endTime="2025-06-30T17:11:27.7833038+02:00" testType="13cdc9d9-ddb5-4fa4-a97d-d965ccfc6d4b" outcome="Passed" testListId="8c84fa94-04c1-424b-9868-57a2d4851a1d" relativeResultsDirectory="503deb7a-a23c-49fd-a6fc-af7b3bfe0f02" />
    <UnitTestResult executionId="27b3b255-1b01-44a9-bd0e-1ce75e99f6ab" testId="9737c38f-ad68-db59-78e8-3f7908babdcf" testName="Aula.Tests.Bots.SlackMessageHandlerTests.Constructor_WithNullReminderHandler_ThrowsArgumentNullException" computerName="RHO-DESKTOP" duration="00:00:00.0010000" startTime="2025-06-30T17:11:27.6907738+02:00" endTime="2025-06-30T17:11:27.6907740+02:00" testType="13cdc9d9-ddb5-4fa4-a97d-d965ccfc6d4b" outcome="Failed" testListId="8c84fa94-04c1-424b-9868-57a2d4851a1d" relativeResultsDirectory="27b3b255-1b01-44a9-bd0e-1ce75e99f6ab">
      <Output>
        <ErrorInfo>
          <Message>System.ArgumentException : Can not instantiate proxy of class: Aula.Tools.ReminderCommandHandler.
Could not find a parameterless constructor. (Parameter 'constructorArguments')
---- System.MissingMethodException : Constructor on type 'Castle.Proxies.ReminderCommandHandlerProxy' not found.</Message>
          <StackTrace>   at Castle.DynamicProxy.ProxyGenerator.CreateClassProxyInstance(Type proxyType, List`1 proxyArguments, Type classToProxy, Object[] constructorArguments)
   at Castle.DynamicProxy.ProxyGenerator.CreateClassProxy(Type classToProxy, Type[] additionalInterfacesToProxy, ProxyGenerationOptions options, Object[] constructorArguments, IInterceptor[] interceptors)
   at Moq.CastleProxyFactory.CreateProxy(Type mockType, IInterceptor interceptor, Type[] interfaces, Object[] arguments) in /_/src/Moq/Interception/CastleProxyFactory.cs:line 62
   at Moq.Mock`1.InitializeInstance() in /_/src/Moq/Mock`1.cs:line 309
   at Moq.Mock`1.OnGetObject() in /_/src/Moq/Mock`1.cs:line 323
   at Moq.Mock.get_Object() in /_/src/Moq/Mock.cs:line 181
   at Moq.Mock`1.get_Object() in /_/src/Moq/Mock`1.cs:line 281
   at Aula.Tests.Bots.SlackMessageHandlerTests..ctor() in /mnt/d/git/aula/src/Aula.Tests/Bots/SlackMessageHandlerTests.cs:line 57
   at System.RuntimeType.CreateInstanceDefaultCtor(Boolean publicOnly, Boolean wrapExceptions)
----- Inner Stack Trace -----
   at System.RuntimeType.CreateInstanceImpl(BindingFlags bindingAttr, Binder binder, Object[] args, CultureInfo culture)
   at Castle.DynamicProxy.ProxyGenerator.CreateClassProxyInstance(Type proxyType, List`1 proxyArguments, Type classToProxy, Object[] constructorArguments)</StackTrace>
        </ErrorInfo>
      </Output>
    </UnitTestResult>
    <UnitTestResult executionId="b52b54db-b446-48b4-9fa8-4d67b22ea5f2" testId="29b460d3-32ba-3d59-36a7-72d7b3c75d60" testName="Aula.Tests.Configuration.ConfigurationTests.Timers_SchedulingInterval_ValidationTests(intervalSeconds: 0, isValid: False)" computerName="RHO-DESKTOP" duration="00:00:00.0072919" startTime="2025-06-30T17:11:28.1176492+02:00" endTime="2025-06-30T17:11:28.1176494+02:00" testType="13cdc9d9-ddb5-4fa4-a97d-d965ccfc6d4b" outcome="Passed" testListId="8c84fa94-04c1-424b-9868-57a2d4851a1d" relativeResultsDirectory="b52b54db-b446-48b4-9fa8-4d67b22ea5f2" />
    <UnitTestResult executionId="777729db-d6b8-45cd-8cb9-9d7dbe3657e0" testId="4adb4c0d-617b-d891-f63e-7a014d4b7e39" testName="Aula.Tests.Bots.TelegramInteractiveBotTests.SendMessage_WithException_LogsError" computerName="RHO-DESKTOP" duration="00:00:00.0039987" startTime="2025-06-30T17:11:28.3091446+02:00" endTime="2025-06-30T17:11:28.3091447+02:00" testType="13cdc9d9-ddb5-4fa4-a97d-d965ccfc6d4b" outcome="Passed" testListId="8c84fa94-04c1-424b-9868-57a2d4851a1d" relativeResultsDirectory="777729db-d6b8-45cd-8cb9-9d7dbe3657e0" />
    <UnitTestResult executionId="b5d73f48-2338-4b96-8aab-2ad425ebae41" testId="b561be64-3ebf-00d7-64e3-9853e17cbf13" testName="Aula.Tests.Configuration.ConfigurationTests.UniLogin_WithInvalidCredentials_HandlesGracefully(invalidValue: &quot;   &quot;)" computerName="RHO-DESKTOP" duration="00:00:00.0051358" startTime="2025-06-30T17:11:28.1698676+02:00" endTime="2025-06-30T17:11:28.1698677+02:00" testType="13cdc9d9-ddb5-4fa4-a97d-d965ccfc6d4b" outcome="Passed" testListId="8c84fa94-04c1-424b-9868-57a2d4851a1d" relativeResultsDirectory="b5d73f48-2338-4b96-8aab-2ad425ebae41" />
    <UnitTestResult executionId="9f80a7a2-bfcb-40b1-bbd6-7321a7fcdc5f" testId="e242b67c-3d28-33ee-bf1d-1f163fabd3ca" testName="Aula.Tests.Scheduling.SchedulingServiceIntegrationTests.StartAsync_LogsInformationAndDoesNotThrow" computerName="RHO-DESKTOP" duration="00:00:00.0094903" startTime="2025-06-30T17:11:27.4920879+02:00" endTime="2025-06-30T17:11:27.4920880+02:00" testType="13cdc9d9-ddb5-4fa4-a97d-d965ccfc6d4b" outcome="Passed" testListId="8c84fa94-04c1-424b-9868-57a2d4851a1d" relativeResultsDirectory="9f80a7a2-bfcb-40b1-bbd6-7321a7fcdc5f" />
    <UnitTestResult executionId="b658acce-16e2-4869-9d8c-d3804190f2a8" testId="711b4283-4c9e-be16-2b83-d9f77794298d" testName="Aula.Tests.Utilities.JsonFormatterTests.Prettify_WithNullInput_ThrowsArgumentNullException" computerName="RHO-DESKTOP" duration="00:00:00.0014501" startTime="2025-06-30T17:11:27.2631561+02:00" endTime="2025-06-30T17:11:27.2631562+02:00" testType="13cdc9d9-ddb5-4fa4-a97d-d965ccfc6d4b" outcome="Passed" testListId="8c84fa94-04c1-424b-9868-57a2d4851a1d" relativeResultsDirectory="b658acce-16e2-4869-9d8c-d3804190f2a8" />
    <UnitTestResult executionId="7a36c7c2-4cdf-4b66-b956-1f861935adb6" testId="ed2c0749-72ce-3102-1e65-21a531debf9e" testName="Aula.Tests.Bots.SlackInteractiveBotTests.Start_WithMissingChannelId_LogsErrorAndReturns" computerName="RHO-DESKTOP" duration="00:00:00.0284921" startTime="2025-06-30T17:11:27.3905379+02:00" endTime="2025-06-30T17:11:27.3905380+02:00" testType="13cdc9d9-ddb5-4fa4-a97d-d965ccfc6d4b" outcome="Passed" testListId="8c84fa94-04c1-424b-9868-57a2d4851a1d" relativeResultsDirectory="7a36c7c2-4cdf-4b66-b956-1f861935adb6" />
    <UnitTestResult executionId="3c7102a4-c575-403e-8a07-dbb729b5ec2a" testId="e82068c0-6e0f-9139-e11b-135d1d5c14f8" testName="Aula.Tests.Utilities.IntentAnalysisPromptsTests.GetFormattedPrompt_WithSpecialCharacters_HandlesCorrectly" computerName="RHO-DESKTOP" duration="00:00:00.0005624" startTime="2025-06-30T17:11:27.6430965+02:00" endTime="2025-06-30T17:11:27.6430966+02:00" testType="13cdc9d9-ddb5-4fa4-a97d-d965ccfc6d4b" outcome="Passed" testListId="8c84fa94-04c1-424b-9868-57a2d4851a1d" relativeResultsDirectory="3c7102a4-c575-403e-8a07-dbb729b5ec2a" />
    <UnitTestResult executionId="ea3837b9-b7a7-42b4-adcb-98b30ac7ccfd" testId="4ee66f1f-2049-9f7f-57aa-b27bb388f963" testName="Aula.Tests.Tools.ReminderCommandHandlerTests.TryHandleReminderCommand_AddReminder_ValidFormats_ReturnsSuccess(command: &quot;husk mig i morgen kl 8:00 at TestChild1 har Haver til ma&quot;···, isEnglish: False, expectedChildName: &quot;TestChild1 Jensen&quot;)" computerName="RHO-DESKTOP" duration="00:00:00.0049217" startTime="2025-06-30T17:11:27.6448500+02:00" endTime="2025-06-30T17:11:27.6448501+02:00" testType="13cdc9d9-ddb5-4fa4-a97d-d965ccfc6d4b" outcome="Passed" testListId="8c84fa94-04c1-424b-9868-57a2d4851a1d" relativeResultsDirectory="ea3837b9-b7a7-42b4-adcb-98b30ac7ccfd" />
    <UnitTestResult executionId="ce8b603a-e9e8-4a4e-879f-fa4ef7760e2f" testId="754e15f9-7164-4540-0902-34db6317ccfc" testName="Aula.Tests.Utilities.IntentAnalysisPromptsTests.AnalysisTemplate_IsNotEmpty" computerName="RHO-DESKTOP" duration="00:00:00.0000910" startTime="2025-06-30T17:11:27.6429477+02:00" endTime="2025-06-30T17:11:27.6429477+02:00" testType="13cdc9d9-ddb5-4fa4-a97d-d965ccfc6d4b" outcome="Passed" testListId="8c84fa94-04c1-424b-9868-57a2d4851a1d" relativeResultsDirectory="ce8b603a-e9e8-4a4e-879f-fa4ef7760e2f" />
    <UnitTestResult executionId="114cee7b-48e9-44e9-a558-25ad63906879" testId="acb6cd45-54f0-d858-050f-39c07ff6b496" testName="Aula.Tests.Tools.ReminderCommandHandlerTests.TryHandleReminderCommand_NonReminderCommands_ReturnsFalse(command: &quot;   &quot;)" computerName="RHO-DESKTOP" duration="00:00:00.0000676" startTime="2025-06-30T17:11:27.7307186+02:00" endTime="2025-06-30T17:11:27.7307188+02:00" testType="13cdc9d9-ddb5-4fa4-a97d-d965ccfc6d4b" outcome="Passed" testListId="8c84fa94-04c1-424b-9868-57a2d4851a1d" relativeResultsDirectory="114cee7b-48e9-44e9-a558-25ad63906879" />
    <UnitTestResult executionId="f20f0b1e-5c96-4293-af77-fe53ec210599" testId="e82c4cb9-864b-593c-f310-4d201e527a40" testName="Aula.Tests.Channels.TelegramClientTests.PostWeekLetter_WithVariousChildNames_HandlesCorrectly(firstName: &quot;TestChild1&quot;)" computerName="RHO-DESKTOP" duration="00:00:00.0014933" startTime="2025-06-30T17:11:27.7294759+02:00" endTime="2025-06-30T17:11:27.7294760+02:00" testType="13cdc9d9-ddb5-4fa4-a97d-d965ccfc6d4b" outcome="Passed" testListId="8c84fa94-04c1-424b-9868-57a2d4851a1d" relativeResultsDirectory="f20f0b1e-5c96-4293-af77-fe53ec210599" />
    <UnitTestResult executionId="a297e1af-0406-43db-93c0-34ad8d00a196" testId="2743fc93-743c-aff9-2200-095476b17025" testName="Aula.Tests.Services.OpenAiServiceIntegrationTests.ProcessQueryWithToolsAsync_WithInvalidContextKey_ThrowsArgumentException(contextKey: &quot;&quot;)" computerName="RHO-DESKTOP" duration="00:00:00.0030398" startTime="2025-06-30T17:11:27.5246825+02:00" endTime="2025-06-30T17:11:27.5246828+02:00" testType="13cdc9d9-ddb5-4fa4-a97d-d965ccfc6d4b" outcome="Failed" testListId="8c84fa94-04c1-424b-9868-57a2d4851a1d" relativeResultsDirectory="a297e1af-0406-43db-93c0-34ad8d00a196">
      <Output>
        <ErrorInfo>
          <Message>System.ArgumentException : Can not instantiate proxy of class: Aula.Tools.AiToolsManager.
Could not find a parameterless constructor. (Parameter 'constructorArguments')
---- System.MissingMethodException : Constructor on type 'Castle.Proxies.AiToolsManagerProxy' not found.</Message>
          <StackTrace>   at Castle.DynamicProxy.ProxyGenerator.CreateClassProxyInstance(Type proxyType, List`1 proxyArguments, Type classToProxy, Object[] constructorArguments)
   at Castle.DynamicProxy.ProxyGenerator.CreateClassProxy(Type classToProxy, Type[] additionalInterfacesToProxy, ProxyGenerationOptions options, Object[] constructorArguments, IInterceptor[] interceptors)
   at Moq.CastleProxyFactory.CreateProxy(Type mockType, IInterceptor interceptor, Type[] interfaces, Object[] arguments) in /_/src/Moq/Interception/CastleProxyFactory.cs:line 62
   at Moq.Mock`1.InitializeInstance() in /_/src/Moq/Mock`1.cs:line 309
   at Moq.Mock`1.OnGetObject() in /_/src/Moq/Mock`1.cs:line 323
   at Moq.Mock.get_Object() in /_/src/Moq/Mock.cs:line 181
   at Moq.Mock`1.get_Object() in /_/src/Moq/Mock`1.cs:line 281
   at Aula.Tests.Services.OpenAiServiceIntegrationTests.ProcessQueryWithToolsAsync_WithInvalidContextKey_ThrowsArgumentException(String contextKey) in /mnt/d/git/aula/src/Aula.Tests/Services/OpenAiServiceIntegrationTests.cs:line 176
--- End of stack trace from previous location ---
----- Inner Stack Trace -----
   at System.RuntimeType.CreateInstanceImpl(BindingFlags bindingAttr, Binder binder, Object[] args, CultureInfo culture)
   at Castle.DynamicProxy.ProxyGenerator.CreateClassProxyInstance(Type proxyType, List`1 proxyArguments, Type classToProxy, Object[] constructorArguments)</StackTrace>
        </ErrorInfo>
      </Output>
    </UnitTestResult>
    <UnitTestResult executionId="07ef455b-3f89-4605-8ad6-813939d7e332" testId="b4f6ecd8-21d2-e463-3b8f-e414fa0d53d7" testName="Aula.Tests.Tools.AiToolsManagerTests.ListRemindersAsync_WithNoReminders_ReturnsEmptyMessage" computerName="RHO-DESKTOP" duration="00:00:00.0038158" startTime="2025-06-30T17:11:27.7286982+02:00" endTime="2025-06-30T17:11:27.7286984+02:00" testType="13cdc9d9-ddb5-4fa4-a97d-d965ccfc6d4b" outcome="Passed" testListId="8c84fa94-04c1-424b-9868-57a2d4851a1d" relativeResultsDirectory="07ef455b-3f89-4605-8ad6-813939d7e332" />
    <UnitTestResult executionId="59df090d-66da-4644-ba00-1fc746967f21" testId="ee37d42d-7676-d60e-f83a-c40bddb185e0" testName="Aula.Tests.Utilities.DateTimeUtilitiesTests.GetDanishDayName_AllValidDaysOfWeek_ReturnsNonEmptyString(dayOfWeek: Monday)" computerName="RHO-DESKTOP" duration="00:00:00.0000070" startTime="2025-06-30T17:11:27.7087328+02:00" endTime="2025-06-30T17:11:27.7087329+02:00" testType="13cdc9d9-ddb5-4fa4-a97d-d965ccfc6d4b" outcome="Passed" testListId="8c84fa94-04c1-424b-9868-57a2d4851a1d" relativeResultsDirectory="59df090d-66da-4644-ba00-1fc746967f21" />
    <UnitTestResult executionId="9f51efbe-af04-41d5-b90c-1858f55f215f" testId="a415fe92-f44b-9cd9-fda2-e5c7020144da" testName="Aula.Tests.Utilities.Html2SlackMarkdownConverterTests.Convert_WithNullInput_ReturnsEmptyString" computerName="RHO-DESKTOP" duration="00:00:00.0001626" startTime="2025-06-30T17:11:27.9471486+02:00" endTime="2025-06-30T17:11:27.9471487+02:00" testType="13cdc9d9-ddb5-4fa4-a97d-d965ccfc6d4b" outcome="Passed" testListId="8c84fa94-04c1-424b-9868-57a2d4851a1d" relativeResultsDirectory="9f51efbe-af04-41d5-b90c-1858f55f215f" />
    <UnitTestResult executionId="6841aa82-28a0-4a61-bb26-20070b11a46f" testId="faff4fba-5493-e6c9-9bf9-a728e70472b3" testName="Aula.Tests.Services.OpenAiServiceIntegrationTests.Constructor_WithEmptyApiKey_ThrowsArgumentException" computerName="RHO-DESKTOP" duration="00:00:00.0008622" startTime="2025-06-30T17:11:27.5942581+02:00" endTime="2025-06-30T17:11:27.5942583+02:00" testType="13cdc9d9-ddb5-4fa4-a97d-d965ccfc6d4b" outcome="Failed" testListId="8c84fa94-04c1-424b-9868-57a2d4851a1d" relativeResultsDirectory="6841aa82-28a0-4a61-bb26-20070b11a46f">
      <Output>
        <ErrorInfo>
          <Message>Assert.Equal() Failure: Strings differ
           ↓ (pos 0)
Expected: "apiKey"
Actual:   "constructorArguments"
           ↑ (pos 0)</Message>
          <StackTrace>   at Aula.Tests.Services.OpenAiServiceIntegrationTests.Constructor_WithEmptyApiKey_ThrowsArgumentException() in /mnt/d/git/aula/src/Aula.Tests/Services/OpenAiServiceIntegrationTests.cs:line 49
   at System.RuntimeMethodHandle.InvokeMethod(Object target, Void** arguments, Signature sig, Boolean isConstructor)
   at System.Reflection.MethodBaseInvoker.InvokeWithNoArgs(Object obj, BindingFlags invokeAttr)</StackTrace>
        </ErrorInfo>
      </Output>
    </UnitTestResult>
    <UnitTestResult executionId="00406c6b-599c-4179-b1ad-01cdf7c53fd7" testId="50081d46-2c3a-f2b2-59ea-4061c169b6c6" testName="Aula.Tests.Channels.TelegramClientTests.Constructor_WithConfig_EnabledFalse_CreatesInstance" computerName="RHO-DESKTOP" duration="00:00:00.0001554" startTime="2025-06-30T17:11:27.7264926+02:00" endTime="2025-06-30T17:11:27.7264927+02:00" testType="13cdc9d9-ddb5-4fa4-a97d-d965ccfc6d4b" outcome="Passed" testListId="8c84fa94-04c1-424b-9868-57a2d4851a1d" relativeResultsDirectory="00406c6b-599c-4179-b1ad-01cdf7c53fd7" />
    <UnitTestResult executionId="832e1854-d2dd-4e55-b9df-69df1fcb89b6" testId="336b2beb-eb54-f0ba-e24b-08204093e0aa" testName="Aula.Tests.Services.SupabaseServiceTests.WeekLetterParameters_WithValidValues_AreInValidRange(childName: &quot;TestChild&quot;, weekNumber: 42, year: 2023)" computerName="RHO-DESKTOP" duration="00:00:00.0001683" startTime="2025-06-30T17:11:27.5624285+02:00" endTime="2025-06-30T17:11:27.5624286+02:00" testType="13cdc9d9-ddb5-4fa4-a97d-d965ccfc6d4b" outcome="Passed" testListId="8c84fa94-04c1-424b-9868-57a2d4851a1d" relativeResultsDirectory="832e1854-d2dd-4e55-b9df-69df1fcb89b6" />
    <UnitTestResult executionId="20572d8f-0271-4dc1-9f87-c7cbeda2eb7a" testId="5e0ccfa9-e637-4242-b34b-1ae82226f894" testName="Aula.Tests.Bots.TelegramInteractiveBotTests.ComputeHash_WithDifferentInputs_ReturnsDifferentHashes" computerName="RHO-DESKTOP" duration="00:00:00.0008662" startTime="2025-06-30T17:11:29.4431804+02:00" endTime="2025-06-30T17:11:29.4431807+02:00" testType="13cdc9d9-ddb5-4fa4-a97d-d965ccfc6d4b" outcome="Passed" testListId="8c84fa94-04c1-424b-9868-57a2d4851a1d" relativeResultsDirectory="20572d8f-0271-4dc1-9f87-c7cbeda2eb7a" />
    <UnitTestResult executionId="091be885-b0f1-4804-9619-4c98e56f56c2" testId="cb85d1d7-f37e-7a0d-4571-db193adf7955" testName="Aula.Tests.Utilities.IntentAnalysisPromptsTests.ToolExamples_ContainsRequiredKeys(key: &quot;GET_CURRENT_TIME_DANISH&quot;)" computerName="RHO-DESKTOP" duration="00:00:00.0000065" startTime="2025-06-30T17:11:27.6425409+02:00" endTime="2025-06-30T17:11:27.6425410+02:00" testType="13cdc9d9-ddb5-4fa4-a97d-d965ccfc6d4b" outcome="Passed" testListId="8c84fa94-04c1-424b-9868-57a2d4851a1d" relativeResultsDirectory="091be885-b0f1-4804-9619-4c98e56f56c2" />
    <UnitTestResult executionId="75f0e57b-fbdb-4b81-89d3-4e61337aa1b1" testId="eefc6d24-5020-8505-1dbb-9868d5500570" testName="Aula.Tests.Bots.SlackMessageHandlerTests.Constructor_WithNullConfig_ThrowsArgumentNullException" computerName="RHO-DESKTOP" duration="00:00:00.0010000" startTime="2025-06-30T17:11:27.7006856+02:00" endTime="2025-06-30T17:11:27.7006858+02:00" testType="13cdc9d9-ddb5-4fa4-a97d-d965ccfc6d4b" outcome="Failed" testListId="8c84fa94-04c1-424b-9868-57a2d4851a1d" relativeResultsDirectory="75f0e57b-fbdb-4b81-89d3-4e61337aa1b1">
      <Output>
        <ErrorInfo>
          <Message>System.ArgumentException : Can not instantiate proxy of class: Aula.Tools.ReminderCommandHandler.
Could not find a parameterless constructor. (Parameter 'constructorArguments')
---- System.MissingMethodException : Constructor on type 'Castle.Proxies.ReminderCommandHandlerProxy' not found.</Message>
          <StackTrace>   at Castle.DynamicProxy.ProxyGenerator.CreateClassProxyInstance(Type proxyType, List`1 proxyArguments, Type classToProxy, Object[] constructorArguments)
   at Castle.DynamicProxy.ProxyGenerator.CreateClassProxy(Type classToProxy, Type[] additionalInterfacesToProxy, ProxyGenerationOptions options, Object[] constructorArguments, IInterceptor[] interceptors)
   at Moq.CastleProxyFactory.CreateProxy(Type mockType, IInterceptor interceptor, Type[] interfaces, Object[] arguments) in /_/src/Moq/Interception/CastleProxyFactory.cs:line 62
   at Moq.Mock`1.InitializeInstance() in /_/src/Moq/Mock`1.cs:line 309
   at Moq.Mock`1.OnGetObject() in /_/src/Moq/Mock`1.cs:line 323
   at Moq.Mock.get_Object() in /_/src/Moq/Mock.cs:line 181
   at Moq.Mock`1.get_Object() in /_/src/Moq/Mock`1.cs:line 281
   at Aula.Tests.Bots.SlackMessageHandlerTests..ctor() in /mnt/d/git/aula/src/Aula.Tests/Bots/SlackMessageHandlerTests.cs:line 57
   at System.RuntimeType.CreateInstanceDefaultCtor(Boolean publicOnly, Boolean wrapExceptions)
----- Inner Stack Trace -----
   at System.RuntimeType.CreateInstanceImpl(BindingFlags bindingAttr, Binder binder, Object[] args, CultureInfo culture)
   at Castle.DynamicProxy.ProxyGenerator.CreateClassProxyInstance(Type proxyType, List`1 proxyArguments, Type classToProxy, Object[] constructorArguments)</StackTrace>
        </ErrorInfo>
      </Output>
    </UnitTestResult>
    <UnitTestResult executionId="2c97af6c-f1c7-4af8-af6d-6909f8c9ab24" testId="bd271e29-873c-e257-8849-0350a000b3af" testName="Aula.Tests.Bots.SlackMessageHandlerTests.HandleMessageAsync_WithHelpCommand_ProcessesHelpMessage(helpCommand: &quot;help&quot;)" computerName="RHO-DESKTOP" duration="00:00:00.0010000" startTime="2025-06-30T17:11:27.6647073+02:00" endTime="2025-06-30T17:11:27.6647074+02:00" testType="13cdc9d9-ddb5-4fa4-a97d-d965ccfc6d4b" outcome="Failed" testListId="8c84fa94-04c1-424b-9868-57a2d4851a1d" relativeResultsDirectory="2c97af6c-f1c7-4af8-af6d-6909f8c9ab24">
      <Output>
        <ErrorInfo>
          <Message>System.ArgumentException : Can not instantiate proxy of class: Aula.Tools.ReminderCommandHandler.
Could not find a parameterless constructor. (Parameter 'constructorArguments')
---- System.MissingMethodException : Constructor on type 'Castle.Proxies.ReminderCommandHandlerProxy' not found.</Message>
          <StackTrace>   at Castle.DynamicProxy.ProxyGenerator.CreateClassProxyInstance(Type proxyType, List`1 proxyArguments, Type classToProxy, Object[] constructorArguments)
   at Castle.DynamicProxy.ProxyGenerator.CreateClassProxy(Type classToProxy, Type[] additionalInterfacesToProxy, ProxyGenerationOptions options, Object[] constructorArguments, IInterceptor[] interceptors)
   at Moq.CastleProxyFactory.CreateProxy(Type mockType, IInterceptor interceptor, Type[] interfaces, Object[] arguments) in /_/src/Moq/Interception/CastleProxyFactory.cs:line 62
   at Moq.Mock`1.InitializeInstance() in /_/src/Moq/Mock`1.cs:line 309
   at Moq.Mock`1.OnGetObject() in /_/src/Moq/Mock`1.cs:line 323
   at Moq.Mock.get_Object() in /_/src/Moq/Mock.cs:line 181
   at Moq.Mock`1.get_Object() in /_/src/Moq/Mock`1.cs:line 281
   at Aula.Tests.Bots.SlackMessageHandlerTests..ctor() in /mnt/d/git/aula/src/Aula.Tests/Bots/SlackMessageHandlerTests.cs:line 57
   at System.RuntimeType.CreateInstanceDefaultCtor(Boolean publicOnly, Boolean wrapExceptions)
----- Inner Stack Trace -----
   at System.RuntimeType.CreateInstanceImpl(BindingFlags bindingAttr, Binder binder, Object[] args, CultureInfo culture)
   at Castle.DynamicProxy.ProxyGenerator.CreateClassProxyInstance(Type proxyType, List`1 proxyArguments, Type classToProxy, Object[] constructorArguments)</StackTrace>
        </ErrorInfo>
      </Output>
    </UnitTestResult>
    <UnitTestResult executionId="460055d8-e600-474d-9b0f-c4797f8c2dc7" testId="228e40b4-0ca4-d75a-7a58-46117a34fee9" testName="Aula.Tests.Utilities.DateTimeUtilitiesTests.GetDanishDayName_ValidDayOfWeek_ReturnsCorrectDanishName(dayOfWeek: Tuesday, expectedDanishName: &quot;tirsdag&quot;)" computerName="RHO-DESKTOP" duration="00:00:00.0000089" startTime="2025-06-30T17:11:27.7072004+02:00" endTime="2025-06-30T17:11:27.7072005+02:00" testType="13cdc9d9-ddb5-4fa4-a97d-d965ccfc6d4b" outcome="Passed" testListId="8c84fa94-04c1-424b-9868-57a2d4851a1d" relativeResultsDirectory="460055d8-e600-474d-9b0f-c4797f8c2dc7" />
    <UnitTestResult executionId="5228e54c-24b3-42b7-b728-dfc1975e6775" testId="ee79648a-cff5-5748-d2f4-bbdc12cb6662" testName="Aula.Tests.Utilities.ConversationContextTests.ConversationContext_DefaultValues_AreSetCorrectly" computerName="RHO-DESKTOP" duration="00:00:00.0161793" startTime="2025-06-30T17:11:27.1705134+02:00" endTime="2025-06-30T17:11:27.1705807+02:00" testType="13cdc9d9-ddb5-4fa4-a97d-d965ccfc6d4b" outcome="Passed" testListId="8c84fa94-04c1-424b-9868-57a2d4851a1d" relativeResultsDirectory="5228e54c-24b3-42b7-b728-dfc1975e6775" />
    <UnitTestResult executionId="69180a45-42b6-40a2-a03a-4f865a25af2a" testId="b7ae8529-9bcc-b3b7-9e9a-1f51fba7bd52" testName="Aula.Tests.Configuration.ConfigurationTests.Slack_ChannelId_ValidationTests(channelId: &quot;#general&quot;, isValid: True)" computerName="RHO-DESKTOP" duration="00:00:00.0051775" startTime="2025-06-30T17:11:28.2174600+02:00" endTime="2025-06-30T17:11:28.2174602+02:00" testType="13cdc9d9-ddb5-4fa4-a97d-d965ccfc6d4b" outcome="Passed" testListId="8c84fa94-04c1-424b-9868-57a2d4851a1d" relativeResultsDirectory="69180a45-42b6-40a2-a03a-4f865a25af2a" />
    <UnitTestResult executionId="a9ccb9c0-3f65-4a9d-86af-c3fe17532fae" testId="470ea3d0-f459-b6ad-4f9f-44954dd4a0b8" testName="Aula.Tests.Channels.SlackBotTests.PostMessage_WithVariousMessages_DoesNotThrow(message: &quot;Simple message&quot;)" computerName="RHO-DESKTOP" duration="00:00:00.0001786" startTime="2025-06-30T17:11:27.4120623+02:00" endTime="2025-06-30T17:11:27.4120625+02:00" testType="13cdc9d9-ddb5-4fa4-a97d-d965ccfc6d4b" outcome="Passed" testListId="8c84fa94-04c1-424b-9868-57a2d4851a1d" relativeResultsDirectory="a9ccb9c0-3f65-4a9d-86af-c3fe17532fae" />
    <UnitTestResult executionId="19db9eab-1fc8-42bf-8030-86221ec94ebe" testId="897f10c2-6c72-467e-5a23-7b3bebf70ffb" testName="Aula.Tests.Channels.SlackBotTests.Constructor_WithWebhookUrl_CreatesInstance" computerName="RHO-DESKTOP" duration="00:00:00.0001880" startTime="2025-06-30T17:11:27.4722455+02:00" endTime="2025-06-30T17:11:27.4722456+02:00" testType="13cdc9d9-ddb5-4fa4-a97d-d965ccfc6d4b" outcome="Passed" testListId="8c84fa94-04c1-424b-9868-57a2d4851a1d" relativeResultsDirectory="19db9eab-1fc8-42bf-8030-86221ec94ebe" />
    <UnitTestResult executionId="8e573783-6345-4a25-8dc3-1b9b2a710bbc" testId="e735c7b3-aa15-891a-afaf-f7174c07abf5" testName="Aula.Tests.Configuration.ConfigurationTests.Telegram_Token_ValidationTests(token: &quot;invalid-token&quot;, isValidFormat: False)" computerName="RHO-DESKTOP" duration="00:00:00.0102856" startTime="2025-06-30T17:11:28.0640358+02:00" endTime="2025-06-30T17:11:28.0640359+02:00" testType="13cdc9d9-ddb5-4fa4-a97d-d965ccfc6d4b" outcome="Passed" testListId="8c84fa94-04c1-424b-9868-57a2d4851a1d" relativeResultsDirectory="8e573783-6345-4a25-8dc3-1b9b2a710bbc" />
    <UnitTestResult executionId="492c6fa1-cd24-4596-ac65-960e9dd0d28b" testId="c5fc9185-4f89-2e18-7714-cfbda441e6cb" testName="Aula.Tests.Services.OpenAiServiceIntegrationTests.ExtractKeyInformationAsync_WithNullWeekLetter_ThrowsArgumentNullException(chatInterface: Slack)" computerName="RHO-DESKTOP" duration="00:00:00.0016178" startTime="2025-06-30T17:11:27.4873221+02:00" endTime="2025-06-30T17:11:27.4873222+02:00" testType="13cdc9d9-ddb5-4fa4-a97d-d965ccfc6d4b" outcome="Failed" testListId="8c84fa94-04c1-424b-9868-57a2d4851a1d" relativeResultsDirectory="492c6fa1-cd24-4596-ac65-960e9dd0d28b">
      <Output>
        <ErrorInfo>
          <Message>System.ArgumentException : Can not instantiate proxy of class: Aula.Tools.AiToolsManager.
Could not find a parameterless constructor. (Parameter 'constructorArguments')
---- System.MissingMethodException : Constructor on type 'Castle.Proxies.AiToolsManagerProxy' not found.</Message>
          <StackTrace>   at Castle.DynamicProxy.ProxyGenerator.CreateClassProxyInstance(Type proxyType, List`1 proxyArguments, Type classToProxy, Object[] constructorArguments)
   at Castle.DynamicProxy.ProxyGenerator.CreateClassProxy(Type classToProxy, Type[] additionalInterfacesToProxy, ProxyGenerationOptions options, Object[] constructorArguments, IInterceptor[] interceptors)
   at Moq.CastleProxyFactory.CreateProxy(Type mockType, IInterceptor interceptor, Type[] interfaces, Object[] arguments) in /_/src/Moq/Interception/CastleProxyFactory.cs:line 62
   at Moq.Mock`1.InitializeInstance() in /_/src/Moq/Mock`1.cs:line 309
   at Moq.Mock`1.OnGetObject() in /_/src/Moq/Mock`1.cs:line 323
   at Moq.Mock.get_Object() in /_/src/Moq/Mock.cs:line 181
   at Moq.Mock`1.get_Object() in /_/src/Moq/Mock`1.cs:line 281
   at Aula.Tests.Services.OpenAiServiceIntegrationTests.ExtractKeyInformationAsync_WithNullWeekLetter_ThrowsArgumentNullException(ChatInterface chatInterface) in /mnt/d/git/aula/src/Aula.Tests/Services/OpenAiServiceIntegrationTests.cs:line 141
--- End of stack trace from previous location ---
----- Inner Stack Trace -----
   at System.RuntimeType.CreateInstanceImpl(BindingFlags bindingAttr, Binder binder, Object[] args, CultureInfo culture)
   at Castle.DynamicProxy.ProxyGenerator.CreateClassProxyInstance(Type proxyType, List`1 proxyArguments, Type classToProxy, Object[] constructorArguments)</StackTrace>
        </ErrorInfo>
      </Output>
    </UnitTestResult>
    <UnitTestResult executionId="897e2efd-a1f3-457f-b6bd-dd722ff142ff" testId="3114fd40-71ce-994b-9259-eabf8239901e" testName="Aula.Tests.Utilities.IntentAnalysisPromptsTests.AnalysisTemplate_ContainsRequiredPlaceholders" computerName="RHO-DESKTOP" duration="00:00:00.0002182" startTime="2025-06-30T17:11:27.6437225+02:00" endTime="2025-06-30T17:11:27.6437226+02:00" testType="13cdc9d9-ddb5-4fa4-a97d-d965ccfc6d4b" outcome="Passed" testListId="8c84fa94-04c1-424b-9868-57a2d4851a1d" relativeResultsDirectory="897e2efd-a1f3-457f-b6bd-dd722ff142ff" />
    <UnitTestResult executionId="2a606e8a-bff8-4f42-bf1a-495150e92d5f" testId="1dba4bcb-2a6a-02e7-3151-a1fa05d6b85c" testName="Aula.Tests.Channels.TelegramClientTests.PostWeekLetter_WithMissingFields_HandlesGracefully" computerName="RHO-DESKTOP" duration="00:00:00.0352040" startTime="2025-06-30T17:11:27.7253976+02:00" endTime="2025-06-30T17:11:27.7253977+02:00" testType="13cdc9d9-ddb5-4fa4-a97d-d965ccfc6d4b" outcome="Passed" testListId="8c84fa94-04c1-424b-9868-57a2d4851a1d" relativeResultsDirectory="2a606e8a-bff8-4f42-bf1a-495150e92d5f" />
    <UnitTestResult executionId="f198ab18-6bbf-45de-ba3f-2aea8c711a71" testId="ec69e657-5b70-1fb9-5485-83b465ae5c05" testName="Aula.Tests.Utilities.ConversationContextManagerTests.GetContext_WithValidKey_ReturnsContext" computerName="RHO-DESKTOP" duration="00:00:00.0002388" startTime="2025-06-30T17:11:27.4089505+02:00" endTime="2025-06-30T17:11:27.4089507+02:00" testType="13cdc9d9-ddb5-4fa4-a97d-d965ccfc6d4b" outcome="Passed" testListId="8c84fa94-04c1-424b-9868-57a2d4851a1d" relativeResultsDirectory="f198ab18-6bbf-45de-ba3f-2aea8c711a71" />
    <UnitTestResult executionId="ccfe893f-cc81-4046-ba96-86fd6bb435bf" testId="6423dadf-5032-e426-048d-b3adf874a425" testName="Aula.Tests.Bots.TelegramInteractiveBotTests.PostWeekLetter_WithUnknownChild_LogsWarningAndReturns" computerName="RHO-DESKTOP" duration="00:00:00.0031328" startTime="2025-06-30T17:11:29.4421805+02:00" endTime="2025-06-30T17:11:29.4421806+02:00" testType="13cdc9d9-ddb5-4fa4-a97d-d965ccfc6d4b" outcome="Passed" testListId="8c84fa94-04c1-424b-9868-57a2d4851a1d" relativeResultsDirectory="ccfe893f-cc81-4046-ba96-86fd6bb435bf" />
    <UnitTestResult executionId="f22c4740-3e5e-4f35-a6e6-8613af5dc875" testId="9fb6d1c8-d9db-0b5a-c536-bcb6a92aad22" testName="Aula.Tests.Utilities.IntentAnalysisPromptsTests.ToolExamples_AllEntriesFollowExpectedFormat" computerName="RHO-DESKTOP" duration="00:00:00.0003994" startTime="2025-06-30T17:11:27.6440248+02:00" endTime="2025-06-30T17:11:27.6440249+02:00" testType="13cdc9d9-ddb5-4fa4-a97d-d965ccfc6d4b" outcome="Passed" testListId="8c84fa94-04c1-424b-9868-57a2d4851a1d" relativeResultsDirectory="f22c4740-3e5e-4f35-a6e6-8613af5dc875" />
    <UnitTestResult executionId="b2e1198a-3a47-4244-92be-daf25d394b37" testId="1bdda070-0470-891d-d0f0-2e66f6c00467" testName="Aula.Tests.Utilities.FollowUpQuestionDetectorTests.IsFollowUpQuestion_WithEnglishFollowUpPhrases_ReturnsTrue(input: &quot;what about Emma&quot;)" computerName="RHO-DESKTOP" duration="00:00:00.0000634" startTime="2025-06-30T17:11:27.6908882+02:00" endTime="2025-06-30T17:11:27.6908883+02:00" testType="13cdc9d9-ddb5-4fa4-a97d-d965ccfc6d4b" outcome="Passed" testListId="8c84fa94-04c1-424b-9868-57a2d4851a1d" relativeResultsDirectory="b2e1198a-3a47-4244-92be-daf25d394b37" />
    <UnitTestResult executionId="7ed910dd-9b5d-49ee-b0ac-a9289e5b65d7" testId="c4b1de39-f215-c6c4-5b38-2f74d4b1f600" testName="Aula.Tests.Scheduling.SchedulingServiceIntegrationTests.StartAsync_CanBeCalledMultipleTimes_DoesNotThrow" computerName="RHO-DESKTOP" duration="00:00:00.0064219" startTime="2025-06-30T17:11:27.5263805+02:00" endTime="2025-06-30T17:11:27.5263806+02:00" testType="13cdc9d9-ddb5-4fa4-a97d-d965ccfc6d4b" outcome="Passed" testListId="8c84fa94-04c1-424b-9868-57a2d4851a1d" relativeResultsDirectory="7ed910dd-9b5d-49ee-b0ac-a9289e5b65d7" />
    <UnitTestResult executionId="624c60a9-e9b5-4c8e-ab2f-bbb4e943e437" testId="d2fd3d18-963d-6ba7-e216-54d46cb5c046" testName="Aula.Tests.Utilities.ReminderExtractionPromptsTests.GetExtractionPrompt_WithDifferentMinuteOffsets_CalculatesCorrectly(minutes: 60)" computerName="RHO-DESKTOP" duration="00:00:00.0004084" startTime="2025-06-30T17:11:27.2675442+02:00" endTime="2025-06-30T17:11:27.2675442+02:00" testType="13cdc9d9-ddb5-4fa4-a97d-d965ccfc6d4b" outcome="Passed" testListId="8c84fa94-04c1-424b-9868-57a2d4851a1d" relativeResultsDirectory="624c60a9-e9b5-4c8e-ab2f-bbb4e943e437" />
    <UnitTestResult executionId="41d299ab-1e16-4f79-9b21-f9accd2db22c" testId="50f2b13e-3594-24ee-32df-b9192e38a8ff" testName="Aula.Tests.Services.OpenAiServiceIntegrationTests.AskQuestionAboutWeekLetterAsync_WithContextKey_WithNullWeekLetter_ThrowsArgumentNullException(chatInterface: Telegram)" computerName="RHO-DESKTOP" duration="00:00:00.0052152" startTime="2025-06-30T17:11:27.5389145+02:00" endTime="2025-06-30T17:11:27.5389146+02:00" testType="13cdc9d9-ddb5-4fa4-a97d-d965ccfc6d4b" outcome="Failed" testListId="8c84fa94-04c1-424b-9868-57a2d4851a1d" relativeResultsDirectory="41d299ab-1e16-4f79-9b21-f9accd2db22c">
      <Output>
        <ErrorInfo>
          <Message>System.ArgumentException : Can not instantiate proxy of class: Aula.Tools.AiToolsManager.
Could not find a parameterless constructor. (Parameter 'constructorArguments')
---- System.MissingMethodException : Constructor on type 'Castle.Proxies.AiToolsManagerProxy' not found.</Message>
          <StackTrace>   at Castle.DynamicProxy.ProxyGenerator.CreateClassProxyInstance(Type proxyType, List`1 proxyArguments, Type classToProxy, Object[] constructorArguments)
   at Castle.DynamicProxy.ProxyGenerator.CreateClassProxy(Type classToProxy, Type[] additionalInterfacesToProxy, ProxyGenerationOptions options, Object[] constructorArguments, IInterceptor[] interceptors)
   at Moq.CastleProxyFactory.CreateProxy(Type mockType, IInterceptor interceptor, Type[] interfaces, Object[] arguments) in /_/src/Moq/Interception/CastleProxyFactory.cs:line 62
   at Moq.Mock`1.InitializeInstance() in /_/src/Moq/Mock`1.cs:line 309
   at Moq.Mock`1.OnGetObject() in /_/src/Moq/Mock`1.cs:line 323
   at Moq.Mock.get_Object() in /_/src/Moq/Mock.cs:line 181
   at Moq.Mock`1.get_Object() in /_/src/Moq/Mock`1.cs:line 281
   at Aula.Tests.Services.OpenAiServiceIntegrationTests.AskQuestionAboutWeekLetterAsync_WithContextKey_WithNullWeekLetter_ThrowsArgumentNullException(ChatInterface chatInterface) in /mnt/d/git/aula/src/Aula.Tests/Services/OpenAiServiceIntegrationTests.cs:line 130
--- End of stack trace from previous location ---
----- Inner Stack Trace -----
   at System.RuntimeType.CreateInstanceImpl(BindingFlags bindingAttr, Binder binder, Object[] args, CultureInfo culture)
   at Castle.DynamicProxy.ProxyGenerator.CreateClassProxyInstance(Type proxyType, List`1 proxyArguments, Type classToProxy, Object[] constructorArguments)</StackTrace>
        </ErrorInfo>
      </Output>
    </UnitTestResult>
    <UnitTestResult executionId="d2c92701-97db-46b8-9ecd-e8837b0f3fc8" testId="8c3471e8-fc32-9e5a-4e09-9595c65b9cfb" testName="Aula.Tests.Utilities.FollowUpQuestionDetectorTests.IsFollowUpQuestion_WithDanishFollowUpPhrases_ReturnsTrue(input: &quot;hvad med Emma&quot;)" computerName="RHO-DESKTOP" duration="00:00:00.0008557" startTime="2025-06-30T17:11:27.7255516+02:00" endTime="2025-06-30T17:11:27.7255517+02:00" testType="13cdc9d9-ddb5-4fa4-a97d-d965ccfc6d4b" outcome="Passed" testListId="8c84fa94-04c1-424b-9868-57a2d4851a1d" relativeResultsDirectory="d2c92701-97db-46b8-9ecd-e8837b0f3fc8" />
    <UnitTestResult executionId="1c9928d2-7640-4254-a2d3-e73194fc167e" testId="daa8f257-6d65-5334-bc6e-50b3c593ee4f" testName="Aula.Tests.Bots.SlackMessageHandlerTests.HandleMessageAsync_WithEmptyChannel_ReturnsFalse" computerName="RHO-DESKTOP" duration="00:00:00.0010000" startTime="2025-06-30T17:11:27.7017602+02:00" endTime="2025-06-30T17:11:27.7017604+02:00" testType="13cdc9d9-ddb5-4fa4-a97d-d965ccfc6d4b" outcome="Failed" testListId="8c84fa94-04c1-424b-9868-57a2d4851a1d" relativeResultsDirectory="1c9928d2-7640-4254-a2d3-e73194fc167e">
      <Output>
        <ErrorInfo>
          <Message>System.ArgumentException : Can not instantiate proxy of class: Aula.Tools.ReminderCommandHandler.
Could not find a parameterless constructor. (Parameter 'constructorArguments')
---- System.MissingMethodException : Constructor on type 'Castle.Proxies.ReminderCommandHandlerProxy' not found.</Message>
          <StackTrace>   at Castle.DynamicProxy.ProxyGenerator.CreateClassProxyInstance(Type proxyType, List`1 proxyArguments, Type classToProxy, Object[] constructorArguments)
   at Castle.DynamicProxy.ProxyGenerator.CreateClassProxy(Type classToProxy, Type[] additionalInterfacesToProxy, ProxyGenerationOptions options, Object[] constructorArguments, IInterceptor[] interceptors)
   at Moq.CastleProxyFactory.CreateProxy(Type mockType, IInterceptor interceptor, Type[] interfaces, Object[] arguments) in /_/src/Moq/Interception/CastleProxyFactory.cs:line 62
   at Moq.Mock`1.InitializeInstance() in /_/src/Moq/Mock`1.cs:line 309
   at Moq.Mock`1.OnGetObject() in /_/src/Moq/Mock`1.cs:line 323
   at Moq.Mock.get_Object() in /_/src/Moq/Mock.cs:line 181
   at Moq.Mock`1.get_Object() in /_/src/Moq/Mock`1.cs:line 281
   at Aula.Tests.Bots.SlackMessageHandlerTests..ctor() in /mnt/d/git/aula/src/Aula.Tests/Bots/SlackMessageHandlerTests.cs:line 57
   at System.RuntimeType.CreateInstanceDefaultCtor(Boolean publicOnly, Boolean wrapExceptions)
----- Inner Stack Trace -----
   at System.RuntimeType.CreateInstanceImpl(BindingFlags bindingAttr, Binder binder, Object[] args, CultureInfo culture)
   at Castle.DynamicProxy.ProxyGenerator.CreateClassProxyInstance(Type proxyType, List`1 proxyArguments, Type classToProxy, Object[] constructorArguments)</StackTrace>
        </ErrorInfo>
      </Output>
    </UnitTestResult>
    <UnitTestResult executionId="28a962d8-f023-4c4d-a098-d32bb764f3a4" testId="47489fc9-b715-10df-6ca2-dcba77141106" testName="Aula.Tests.Services.SupabaseServiceTests.Constructor_WithValidConfig_InitializesCorrectly" computerName="RHO-DESKTOP" duration="00:00:00.0000974" startTime="2025-06-30T17:11:27.5609562+02:00" endTime="2025-06-30T17:11:27.5609564+02:00" testType="13cdc9d9-ddb5-4fa4-a97d-d965ccfc6d4b" outcome="Passed" testListId="8c84fa94-04c1-424b-9868-57a2d4851a1d" relativeResultsDirectory="28a962d8-f023-4c4d-a098-d32bb764f3a4" />
    <UnitTestResult executionId="01e18998-49cd-46e0-9fdb-c2e7aa22a88e" testId="cfdde69f-bd6f-9d86-5859-a1ef9746cd64" testName="Aula.Tests.Utilities.JsonFormatterTests.Prettify_WithComplexNestedStructure_FormatsCorrectly" computerName="RHO-DESKTOP" duration="00:00:00.0040751" startTime="2025-06-30T17:11:27.2619112+02:00" endTime="2025-06-30T17:11:27.2619113+02:00" testType="13cdc9d9-ddb5-4fa4-a97d-d965ccfc6d4b" outcome="Passed" testListId="8c84fa94-04c1-424b-9868-57a2d4851a1d" relativeResultsDirectory="01e18998-49cd-46e0-9fdb-c2e7aa22a88e" />
    <UnitTestResult executionId="7c5a6861-408a-4d95-992b-300fbe573dc4" testId="b47684af-1794-f5e1-2939-ee11bb40f2e8" testName="Aula.Tests.Channels.TelegramClientTests.SendMessageToChannel_WithVariousMessages_DoesNotThrow(message: &quot;Message with &lt;i&gt;italic&lt;/i&gt; text&quot;)" computerName="RHO-DESKTOP" duration="00:00:00.0001157" startTime="2025-06-30T17:11:27.7384188+02:00" endTime="2025-06-30T17:11:27.7384189+02:00" testType="13cdc9d9-ddb5-4fa4-a97d-d965ccfc6d4b" outcome="Passed" testListId="8c84fa94-04c1-424b-9868-57a2d4851a1d" relativeResultsDirectory="7c5a6861-408a-4d95-992b-300fbe573dc4" />
    <UnitTestResult executionId="32d3f688-ec96-43b7-bca4-0a5a584b54e5" testId="d7aeee86-92f2-5c12-685d-812d09ed0822" testName="Aula.Tests.Tools.ReminderCommandHandlerTests.TryHandleReminderCommand_NonMatchingPatterns_ReturnsFalse(command: &quot;husk mig ugyldig at 8:00 at invalid format&quot;, isEnglish: False)" computerName="RHO-DESKTOP" duration="00:00:00.0004052" startTime="2025-06-30T17:11:27.7531056+02:00" endTime="2025-06-30T17:11:27.7531058+02:00" testType="13cdc9d9-ddb5-4fa4-a97d-d965ccfc6d4b" outcome="Passed" testListId="8c84fa94-04c1-424b-9868-57a2d4851a1d" relativeResultsDirectory="32d3f688-ec96-43b7-bca4-0a5a584b54e5" />
    <UnitTestResult executionId="15165a8c-694a-4c09-a78e-9aca08b8b38c" testId="dcc46ccc-b814-743c-8b1c-539d1d47dc7f" testName="Aula.Tests.Channels.TelegramClientTests.SendMessageToChannel_WithVariousChannelIds_DoesNotThrow(channelId: &quot;123456789&quot;)" computerName="RHO-DESKTOP" duration="00:00:00.0016913" startTime="2025-06-30T17:11:27.6681936+02:00" endTime="2025-06-30T17:11:27.6681938+02:00" testType="13cdc9d9-ddb5-4fa4-a97d-d965ccfc6d4b" outcome="Passed" testListId="8c84fa94-04c1-424b-9868-57a2d4851a1d" relativeResultsDirectory="15165a8c-694a-4c09-a78e-9aca08b8b38c" />
    <UnitTestResult executionId="0490b851-04ac-463e-ac5f-dc6b89ce1af4" testId="ab8c7a74-84b9-4ead-0c18-89aab1a19e51" testName="Aula.Tests.Utilities.Html2SlackMarkdownConverterTests.Convert_WithPartialTags_HandlesGracefully(html: &quot;&lt;/p&gt;&quot;)" computerName="RHO-DESKTOP" duration="00:00:00.0006041" startTime="2025-06-30T17:11:27.9464096+02:00" endTime="2025-06-30T17:11:27.9464097+02:00" testType="13cdc9d9-ddb5-4fa4-a97d-d965ccfc6d4b" outcome="Passed" testListId="8c84fa94-04c1-424b-9868-57a2d4851a1d" relativeResultsDirectory="0490b851-04ac-463e-ac5f-dc6b89ce1af4" />
    <UnitTestResult executionId="92872e2a-8c02-4af5-b351-d10c72b32252" testId="5a2ccf07-adb3-2976-b4d9-5a45aeffd5a5" testName="Aula.Tests.Utilities.DateTimeUtilitiesTests.GetDanishDayName_AllValidDaysOfWeek_ReturnsNonEmptyString(dayOfWeek: Wednesday)" computerName="RHO-DESKTOP" duration="00:00:00.0000089" startTime="2025-06-30T17:11:27.7084314+02:00" endTime="2025-06-30T17:11:27.7084315+02:00" testType="13cdc9d9-ddb5-4fa4-a97d-d965ccfc6d4b" outcome="Passed" testListId="8c84fa94-04c1-424b-9868-57a2d4851a1d" relativeResultsDirectory="92872e2a-8c02-4af5-b351-d10c72b32252" />
    <UnitTestResult executionId="09730642-e14d-4b16-8f52-50a9be7d16b1" testId="3076346f-e719-f439-3898-289f35032ef1" testName="Aula.Tests.Services.DataModelTests.ScheduledTask_CronExpression_CanBeSet(cronExpression: &quot;0 16 * * 0&quot;, description: &quot;Weekly at 4 PM on Sundays&quot;)" computerName="RHO-DESKTOP" duration="00:00:00.0008478" startTime="2025-06-30T17:11:27.2550688+02:00" endTime="2025-06-30T17:11:27.2550688+02:00" testType="13cdc9d9-ddb5-4fa4-a97d-d965ccfc6d4b" outcome="Passed" testListId="8c84fa94-04c1-424b-9868-57a2d4851a1d" relativeResultsDirectory="09730642-e14d-4b16-8f52-50a9be7d16b1" />
    <UnitTestResult executionId="46605d73-f337-4116-8c3b-f998da44ff48" testId="3516f5e6-d761-9079-ee12-f11189d2dee7" testName="Aula.Tests.Utilities.DateTimeUtilitiesTests.GetDanishDayName_ValidDayOfWeek_ReturnsCorrectDanishName(dayOfWeek: Friday, expectedDanishName: &quot;fredag&quot;)" computerName="RHO-DESKTOP" duration="00:00:00.0000077" startTime="2025-06-30T17:11:27.7080555+02:00" endTime="2025-06-30T17:11:27.7080555+02:00" testType="13cdc9d9-ddb5-4fa4-a97d-d965ccfc6d4b" outcome="Passed" testListId="8c84fa94-04c1-424b-9868-57a2d4851a1d" relativeResultsDirectory="46605d73-f337-4116-8c3b-f998da44ff48" />
    <UnitTestResult executionId="8ade63e2-35f7-4a8e-8231-7b9a54a6e2f9" testId="06a6ce76-a492-790c-aa69-54dc6d92da0b" testName="Aula.Tests.Configuration.ConfigurationTests.Features_ConversationCacheExpiration_ValidationTests(minutes: 1440, isValid: True)" computerName="RHO-DESKTOP" duration="00:00:00.0045373" startTime="2025-06-30T17:11:28.0081988+02:00" endTime="2025-06-30T17:11:28.0081989+02:00" testType="13cdc9d9-ddb5-4fa4-a97d-d965ccfc6d4b" outcome="Passed" testListId="8c84fa94-04c1-424b-9868-57a2d4851a1d" relativeResultsDirectory="8ade63e2-35f7-4a8e-8231-7b9a54a6e2f9" />
    <UnitTestResult executionId="8e70cdc3-1b7c-422c-9b50-98d9c56e3476" testId="d0d86c84-495f-8b36-1e1b-b8ecd9346ea3" testName="Aula.Tests.Utilities.DateTimeUtilitiesTests.GetDanishDayName_ValidDayOfWeek_ReturnsCorrectDanishName(dayOfWeek: Monday, expectedDanishName: &quot;mandag&quot;)" computerName="RHO-DESKTOP" duration="00:00:00.0003910" startTime="2025-06-30T17:11:27.7058135+02:00" endTime="2025-06-30T17:11:27.7058136+02:00" testType="13cdc9d9-ddb5-4fa4-a97d-d965ccfc6d4b" outcome="Passed" testListId="8c84fa94-04c1-424b-9868-57a2d4851a1d" relativeResultsDirectory="8e70cdc3-1b7c-422c-9b50-98d9c56e3476" />
    <UnitTestResult executionId="9c992b4b-70a0-4992-a817-38e9605fa3ba" testId="4d1c39cc-af91-5c58-272b-da1e4b7a0924" testName="Aula.Tests.Utilities.IntentAnalysisPromptsTests.ToolExamples_ContainsRequiredKeys(key: &quot;WEEK_LETTER_QUERY&quot;)" computerName="RHO-DESKTOP" duration="00:00:00.0001454" startTime="2025-06-30T17:11:27.6416257+02:00" endTime="2025-06-30T17:11:27.6416258+02:00" testType="13cdc9d9-ddb5-4fa4-a97d-d965ccfc6d4b" outcome="Passed" testListId="8c84fa94-04c1-424b-9868-57a2d4851a1d" relativeResultsDirectory="9c992b4b-70a0-4992-a817-38e9605fa3ba" />
    <UnitTestResult executionId="c1b81667-8945-4a6f-a703-9f1c6e7a0d7b" testId="e768bc44-6321-f6f0-33ea-0643e8c3f454" testName="Aula.Tests.Bots.SlackInteractiveBotTests.Dispose_WhenCalledMultipleTimes_DoesNotThrow" computerName="RHO-DESKTOP" duration="00:00:00.0012119" startTime="2025-06-30T17:11:28.2310086+02:00" endTime="2025-06-30T17:11:28.2310087+02:00" testType="13cdc9d9-ddb5-4fa4-a97d-d965ccfc6d4b" outcome="Passed" testListId="8c84fa94-04c1-424b-9868-57a2d4851a1d" relativeResultsDirectory="c1b81667-8945-4a6f-a703-9f1c6e7a0d7b" />
    <UnitTestResult executionId="20342b4a-6d05-432e-be1b-d05d3056eab2" testId="ee53ce2c-fb8e-2870-2bec-d824ac6cea07" testName="Aula.Tests.Utilities.DateTimeUtilitiesTests.GetDanishDayName_AllValidDaysOfWeek_ReturnsUniqueNames" computerName="RHO-DESKTOP" duration="00:00:00.0097126" startTime="2025-06-30T17:11:27.7225921+02:00" endTime="2025-06-30T17:11:27.7225924+02:00" testType="13cdc9d9-ddb5-4fa4-a97d-d965ccfc6d4b" outcome="Passed" testListId="8c84fa94-04c1-424b-9868-57a2d4851a1d" relativeResultsDirectory="20342b4a-6d05-432e-be1b-d05d3056eab2" />
    <UnitTestResult executionId="a673008a-30f4-4c60-a133-388f6708af32" testId="484a9c28-0cc9-95a2-990b-b9c28e6033e5" testName="Aula.Tests.Tools.ReminderCommandHandlerTests.Constructor_WithNullSupabaseService_ThrowsArgumentNullException" computerName="RHO-DESKTOP" duration="00:00:00.0004418" startTime="2025-06-30T17:11:27.7836338+02:00" endTime="2025-06-30T17:11:27.7836339+02:00" testType="13cdc9d9-ddb5-4fa4-a97d-d965ccfc6d4b" outcome="Passed" testListId="8c84fa94-04c1-424b-9868-57a2d4851a1d" relativeResultsDirectory="a673008a-30f4-4c60-a133-388f6708af32" />
    <UnitTestResult executionId="3c9cbb30-f933-4f5f-be93-81090592baeb" testId="ac6ebb8c-c327-57cd-3af5-aa07fb4edc14" testName="Aula.Tests.Utilities.ConversationContextManagerTests.UpdateContext_WithValidInput_CreatesNewContext" computerName="RHO-DESKTOP" duration="00:00:00.0002261" startTime="2025-06-30T17:11:27.4090514+02:00" endTime="2025-06-30T17:11:27.4090515+02:00" testType="13cdc9d9-ddb5-4fa4-a97d-d965ccfc6d4b" outcome="Passed" testListId="8c84fa94-04c1-424b-9868-57a2d4851a1d" relativeResultsDirectory="3c9cbb30-f933-4f5f-be93-81090592baeb" />
    <UnitTestResult executionId="0eea6aac-0713-4467-ba27-4443cb24fd7a" testId="085e36b0-0d52-7c74-b0d8-4785cd5f1544" testName="Aula.Tests.Services.SupabaseServiceTests.TestConnectionAsync_WithoutInitialize_ReturnsFalse" computerName="RHO-DESKTOP" duration="00:00:00.1321649" startTime="2025-06-30T17:11:27.6656850+02:00" endTime="2025-06-30T17:11:27.6656851+02:00" testType="13cdc9d9-ddb5-4fa4-a97d-d965ccfc6d4b" outcome="Passed" testListId="8c84fa94-04c1-424b-9868-57a2d4851a1d" relativeResultsDirectory="0eea6aac-0713-4467-ba27-4443cb24fd7a" />
    <UnitTestResult executionId="8819f9c0-b762-49f3-9db0-b127799aa890" testId="bcee3dfc-95df-51eb-9411-b0bdd9236d8a" testName="Aula.Tests.Tools.ReminderCommandHandlerTests.TryHandleReminderCommand_NonReminderCommands_ReturnsFalse(command: &quot;list&quot;)" computerName="RHO-DESKTOP" duration="00:00:00.0000546" startTime="2025-06-30T17:11:27.7306274+02:00" endTime="2025-06-30T17:11:27.7306275+02:00" testType="13cdc9d9-ddb5-4fa4-a97d-d965ccfc6d4b" outcome="Passed" testListId="8c84fa94-04c1-424b-9868-57a2d4851a1d" relativeResultsDirectory="8819f9c0-b762-49f3-9db0-b127799aa890" />
    <UnitTestResult executionId="6319444e-5991-40e6-9133-4364442276a3" testId="1e24c5cd-d42a-5c97-73c1-5f149820ea22" testName="Aula.Tests.Channels.TelegramClientTests.Constructor_WithVariousTokens_DoesNotThrow(token: &quot;123456789:AABBCCDDEEFFGG&quot;)" computerName="RHO-DESKTOP" duration="00:00:00.0003016" startTime="2025-06-30T17:11:27.6709396+02:00" endTime="2025-06-30T17:11:27.6709399+02:00" testType="13cdc9d9-ddb5-4fa4-a97d-d965ccfc6d4b" outcome="Passed" testListId="8c84fa94-04c1-424b-9868-57a2d4851a1d" relativeResultsDirectory="6319444e-5991-40e6-9133-4364442276a3" />
    <UnitTestResult executionId="1472bb3c-0fb3-403e-9fc7-1eb7015f5f0e" testId="33b001f1-b8e7-0e78-6628-3106ad6d2f71" testName="Aula.Tests.Configuration.ConfigurationTests.Timers_ConfigurationIsCorrect" computerName="RHO-DESKTOP" duration="00:00:00.0052833" startTime="2025-06-30T17:11:28.1909704+02:00" endTime="2025-06-30T17:11:28.1909707+02:00" testType="13cdc9d9-ddb5-4fa4-a97d-d965ccfc6d4b" outcome="Passed" testListId="8c84fa94-04c1-424b-9868-57a2d4851a1d" relativeResultsDirectory="1472bb3c-0fb3-403e-9fc7-1eb7015f5f0e" />
    <UnitTestResult executionId="b59c59ac-b1d3-4887-8b7f-e9a13b961be9" testId="4b2a2af9-445d-9ecf-64f7-d742a6adefb7" testName="Aula.Tests.Utilities.ConversationContextManagerTests.GetContext_WithNonExistentKey_ReturnsNull" computerName="RHO-DESKTOP" duration="00:00:00.0007267" startTime="2025-06-30T17:11:27.4088640+02:00" endTime="2025-06-30T17:11:27.4088641+02:00" testType="13cdc9d9-ddb5-4fa4-a97d-d965ccfc6d4b" outcome="Passed" testListId="8c84fa94-04c1-424b-9868-57a2d4851a1d" relativeResultsDirectory="b59c59ac-b1d3-4887-8b7f-e9a13b961be9" />
    <UnitTestResult executionId="efda5f3c-1997-4af9-8961-e942c2b78e0a" testId="a418d5df-b5ee-5a85-99c0-157b60c43e4b" testName="Aula.Tests.Services.OpenAiServiceTests.OpenAiService_GetChatInterfaceInstructions_ReturnsCorrectFormat(chatInterface: Telegram)" computerName="RHO-DESKTOP" duration="00:00:00.0012796" startTime="2025-06-30T17:11:27.4074722+02:00" endTime="2025-06-30T17:11:27.4074723+02:00" testType="13cdc9d9-ddb5-4fa4-a97d-d965ccfc6d4b" outcome="Passed" testListId="8c84fa94-04c1-424b-9868-57a2d4851a1d" relativeResultsDirectory="efda5f3c-1997-4af9-8961-e942c2b78e0a" />
    <UnitTestResult executionId="a08e9baa-8409-4c6d-8e02-f8372fd6476c" testId="537ad07b-1b70-ec7a-fdb3-2e0fa41e5c23" testName="Aula.Tests.Utilities.JsonFormatterTests.Prettify_WithWhitespaceOnly_ReturnsNull" computerName="RHO-DESKTOP" duration="00:00:00.0003137" startTime="2025-06-30T17:11:27.2643023+02:00" endTime="2025-06-30T17:11:27.2643024+02:00" testType="13cdc9d9-ddb5-4fa4-a97d-d965ccfc6d4b" outcome="Passed" testListId="8c84fa94-04c1-424b-9868-57a2d4851a1d" relativeResultsDirectory="a08e9baa-8409-4c6d-8e02-f8372fd6476c" />
    <UnitTestResult executionId="423a7c9c-5898-4d1c-8902-2d95e55e4fef" testId="f98f128e-bc4d-8b9e-2582-4a4421f13428" testName="Aula.Tests.Utilities.IntentAnalysisPromptsTests.AnalysisTemplate_ContainsInstructionsForBothResponseTypes" computerName="RHO-DESKTOP" duration="00:00:00.0026758" startTime="2025-06-30T17:11:27.6439531+02:00" endTime="2025-06-30T17:11:27.6439532+02:00" testType="13cdc9d9-ddb5-4fa4-a97d-d965ccfc6d4b" outcome="Passed" testListId="8c84fa94-04c1-424b-9868-57a2d4851a1d" relativeResultsDirectory="423a7c9c-5898-4d1c-8902-2d95e55e4fef" />
    <UnitTestResult executionId="06d6393c-63e7-40e6-8603-354c130a46cc" testId="ed243bdd-6000-1061-a83e-9e458b3d2a08" testName="Aula.Tests.Bots.SlackMessageHandlerTests.HandleMessageAsync_WithValidMessage_ReturnsTrue" computerName="RHO-DESKTOP" duration="00:00:00.0010000" startTime="2025-06-30T17:11:27.6591399+02:00" endTime="2025-06-30T17:11:27.6591401+02:00" testType="13cdc9d9-ddb5-4fa4-a97d-d965ccfc6d4b" outcome="Failed" testListId="8c84fa94-04c1-424b-9868-57a2d4851a1d" relativeResultsDirectory="06d6393c-63e7-40e6-8603-354c130a46cc">
      <Output>
        <ErrorInfo>
          <Message>System.ArgumentException : Can not instantiate proxy of class: Aula.Tools.ReminderCommandHandler.
Could not find a parameterless constructor. (Parameter 'constructorArguments')
---- System.MissingMethodException : Constructor on type 'Castle.Proxies.ReminderCommandHandlerProxy' not found.</Message>
          <StackTrace>   at Castle.DynamicProxy.ProxyGenerator.CreateClassProxyInstance(Type proxyType, List`1 proxyArguments, Type classToProxy, Object[] constructorArguments)
   at Castle.DynamicProxy.ProxyGenerator.CreateClassProxy(Type classToProxy, Type[] additionalInterfacesToProxy, ProxyGenerationOptions options, Object[] constructorArguments, IInterceptor[] interceptors)
   at Moq.CastleProxyFactory.CreateProxy(Type mockType, IInterceptor interceptor, Type[] interfaces, Object[] arguments) in /_/src/Moq/Interception/CastleProxyFactory.cs:line 62
   at Moq.Mock`1.InitializeInstance() in /_/src/Moq/Mock`1.cs:line 309
   at Moq.Mock`1.OnGetObject() in /_/src/Moq/Mock`1.cs:line 323
   at Moq.Mock.get_Object() in /_/src/Moq/Mock.cs:line 181
   at Moq.Mock`1.get_Object() in /_/src/Moq/Mock`1.cs:line 281
   at Aula.Tests.Bots.SlackMessageHandlerTests..ctor() in /mnt/d/git/aula/src/Aula.Tests/Bots/SlackMessageHandlerTests.cs:line 57
   at System.RuntimeType.CreateInstanceDefaultCtor(Boolean publicOnly, Boolean wrapExceptions)
----- Inner Stack Trace -----
   at System.RuntimeType.CreateInstanceImpl(BindingFlags bindingAttr, Binder binder, Object[] args, CultureInfo culture)
   at Castle.DynamicProxy.ProxyGenerator.CreateClassProxyInstance(Type proxyType, List`1 proxyArguments, Type classToProxy, Object[] constructorArguments)</StackTrace>
        </ErrorInfo>
      </Output>
    </UnitTestResult>
    <UnitTestResult executionId="4e26d65e-b664-42ed-8afd-bb3b2e7143e1" testId="eeb4dd87-b488-a6a2-6176-d39e9d1e7681" testName="Aula.Tests.Services.OpenAiServiceIntegrationTests.Constructor_WithNullLoggerFactory_ThrowsArgumentNullException" computerName="RHO-DESKTOP" duration="00:00:00.0071926" startTime="2025-06-30T17:11:27.6393333+02:00" endTime="2025-06-30T17:11:27.6393335+02:00" testType="13cdc9d9-ddb5-4fa4-a97d-d965ccfc6d4b" outcome="Failed" testListId="8c84fa94-04c1-424b-9868-57a2d4851a1d" relativeResultsDirectory="4e26d65e-b664-42ed-8afd-bb3b2e7143e1">
      <Output>
        <ErrorInfo>
          <Message>Assert.Throws() Failure: Exception type was not an exact match
Expected: typeof(System.ArgumentNullException)
Actual:   typeof(System.ArgumentException)
---- System.ArgumentException : Can not instantiate proxy of class: Aula.Tools.AiToolsManager.
Could not find a parameterless constructor. (Parameter 'constructorArguments')
-------- System.MissingMethodException : Constructor on type 'Castle.Proxies.AiToolsManagerProxy' not found.</Message>
          <StackTrace>   at Aula.Tests.Services.OpenAiServiceIntegrationTests.Constructor_WithNullLoggerFactory_ThrowsArgumentNullException() in /mnt/d/git/aula/src/Aula.Tests/Services/OpenAiServiceIntegrationTests.cs:line 63
   at System.RuntimeMethodHandle.InvokeMethod(Object target, Void** arguments, Signature sig, Boolean isConstructor)
   at System.Reflection.MethodBaseInvoker.InvokeWithNoArgs(Object obj, BindingFlags invokeAttr)
----- Inner Stack Trace -----
   at Castle.DynamicProxy.ProxyGenerator.CreateClassProxyInstance(Type proxyType, List`1 proxyArguments, Type classToProxy, Object[] constructorArguments)
   at Castle.DynamicProxy.ProxyGenerator.CreateClassProxy(Type classToProxy, Type[] additionalInterfacesToProxy, ProxyGenerationOptions options, Object[] constructorArguments, IInterceptor[] interceptors)
   at Moq.CastleProxyFactory.CreateProxy(Type mockType, IInterceptor interceptor, Type[] interfaces, Object[] arguments) in /_/src/Moq/Interception/CastleProxyFactory.cs:line 62
   at Moq.Mock`1.InitializeInstance() in /_/src/Moq/Mock`1.cs:line 309
   at Moq.Mock`1.OnGetObject() in /_/src/Moq/Mock`1.cs:line 323
   at Moq.Mock.get_Object() in /_/src/Moq/Mock.cs:line 181
   at Moq.Mock`1.get_Object() in /_/src/Moq/Mock`1.cs:line 281
   at Aula.Tests.Services.OpenAiServiceIntegrationTests.&lt;Constructor_WithNullLoggerFactory_ThrowsArgumentNullException&gt;b__8_0() in /mnt/d/git/aula/src/Aula.Tests/Services/OpenAiServiceIntegrationTests.cs:line 64
----- Inner Stack Trace -----
   at System.RuntimeType.CreateInstanceImpl(BindingFlags bindingAttr, Binder binder, Object[] args, CultureInfo culture)
   at Castle.DynamicProxy.ProxyGenerator.CreateClassProxyInstance(Type proxyType, List`1 proxyArguments, Type classToProxy, Object[] constructorArguments)</StackTrace>
        </ErrorInfo>
      </Output>
    </UnitTestResult>
    <UnitTestResult executionId="045c7edf-dfc6-4663-bf57-6965b8d34ff7" testId="5131c0c3-410a-6182-33f0-39457515d5e3" testName="Aula.Tests.Bots.TelegramMessageHandlerTests.HandleMessageAsync_WithValidQuery_ProcessesSuccessfully(queryText: &quot;Hvad skal Emma i dag?&quot;)" computerName="RHO-DESKTOP" duration="00:00:00.0010000" startTime="2025-06-30T17:11:27.5557714+02:00" endTime="2025-06-30T17:11:27.5557715+02:00" testType="13cdc9d9-ddb5-4fa4-a97d-d965ccfc6d4b" outcome="Failed" testListId="8c84fa94-04c1-424b-9868-57a2d4851a1d" relativeResultsDirectory="045c7edf-dfc6-4663-bf57-6965b8d34ff7">
      <Output>
        <ErrorInfo>
          <Message>System.ArgumentException : Can not instantiate proxy of class: Aula.Utilities.ConversationContextManager`1[[System.Int64, System.Private.CoreLib, Version=9.0.0.0, Culture=neutral, PublicKeyToken=7cec85d7bea7798e]].
Could not find a parameterless constructor. (Parameter 'constructorArguments')
---- System.MissingMethodException : Constructor on type 'Castle.Proxies.ConversationContextManager`1Proxy' not found.</Message>
          <StackTrace>   at Castle.DynamicProxy.ProxyGenerator.CreateClassProxyInstance(Type proxyType, List`1 proxyArguments, Type classToProxy, Object[] constructorArguments)
   at Castle.DynamicProxy.ProxyGenerator.CreateClassProxy(Type classToProxy, Type[] additionalInterfacesToProxy, ProxyGenerationOptions options, Object[] constructorArguments, IInterceptor[] interceptors)
   at Moq.CastleProxyFactory.CreateProxy(Type mockType, IInterceptor interceptor, Type[] interfaces, Object[] arguments) in /_/src/Moq/Interception/CastleProxyFactory.cs:line 62
   at Moq.Mock`1.InitializeInstance() in /_/src/Moq/Mock`1.cs:line 309
   at Moq.Mock`1.OnGetObject() in /_/src/Moq/Mock`1.cs:line 323
   at Moq.Mock.get_Object() in /_/src/Moq/Mock.cs:line 181
   at Moq.Mock`1.get_Object() in /_/src/Moq/Mock`1.cs:line 281
   at Aula.Tests.Bots.TelegramMessageHandlerTests..ctor() in /mnt/d/git/aula/src/Aula.Tests/Bots/TelegramMessageHandlerTests.cs:line 63
   at System.RuntimeType.CreateInstanceDefaultCtor(Boolean publicOnly, Boolean wrapExceptions)
----- Inner Stack Trace -----
   at System.RuntimeType.CreateInstanceImpl(BindingFlags bindingAttr, Binder binder, Object[] args, CultureInfo culture)
   at Castle.DynamicProxy.ProxyGenerator.CreateClassProxyInstance(Type proxyType, List`1 proxyArguments, Type classToProxy, Object[] constructorArguments)</StackTrace>
        </ErrorInfo>
      </Output>
    </UnitTestResult>
    <UnitTestResult executionId="fb5165f6-acbf-4b1c-9508-35741cbfdb2c" testId="959de6ab-41a3-bb6f-c652-3f36caba1f36" testName="Aula.Tests.Utilities.JsonFormatterTests.Prettify_WithVeryLargeJson_HandlesPerformantly" computerName="RHO-DESKTOP" duration="00:00:00.0479252" startTime="2025-06-30T17:11:27.2610240+02:00" endTime="2025-06-30T17:11:27.2610241+02:00" testType="13cdc9d9-ddb5-4fa4-a97d-d965ccfc6d4b" outcome="Passed" testListId="8c84fa94-04c1-424b-9868-57a2d4851a1d" relativeResultsDirectory="fb5165f6-acbf-4b1c-9508-35741cbfdb2c" />
    <UnitTestResult executionId="d0c417c7-6548-437a-8cf4-3d2788b43da6" testId="a8373318-d0c0-3b68-eeb8-1cd7a830e6d6" testName="Aula.Tests.Configuration.ConfigurationTests.Configuration_LoadsSuccessfully" computerName="RHO-DESKTOP" duration="00:00:00.0048834" startTime="2025-06-30T17:11:28.2493361+02:00" endTime="2025-06-30T17:11:28.2493362+02:00" testType="13cdc9d9-ddb5-4fa4-a97d-d965ccfc6d4b" outcome="Passed" testListId="8c84fa94-04c1-424b-9868-57a2d4851a1d" relativeResultsDirectory="d0c417c7-6548-437a-8cf4-3d2788b43da6" />
    <UnitTestResult executionId="40ff7b7b-5d05-48bd-9b40-8dd58a9c2064" testId="c64fd3ef-a83e-8804-d6d0-9d8e2ff29cc2" testName="Aula.Tests.Integration.AgentServiceTests.AskQuestionAboutWeekLetterAsync_CallsOpenAiService" computerName="RHO-DESKTOP" duration="00:00:00.0342183" startTime="2025-06-30T17:11:27.4724844+02:00" endTime="2025-06-30T17:11:27.4724845+02:00" testType="13cdc9d9-ddb5-4fa4-a97d-d965ccfc6d4b" outcome="Passed" testListId="8c84fa94-04c1-424b-9868-57a2d4851a1d" relativeResultsDirectory="40ff7b7b-5d05-48bd-9b40-8dd58a9c2064" />
    <UnitTestResult executionId="58f70d8b-6f3f-4d9e-9f90-c08adb7430ec" testId="f5c58e94-9cf1-991c-aa85-75e7d2a200a6" testName="Aula.Tests.Configuration.ConfigurationTests.Slack_ChannelId_ValidationTests(channelId: &quot;   &quot;, isValid: False)" computerName="RHO-DESKTOP" duration="00:00:00.0051894" startTime="2025-06-30T17:11:28.2059840+02:00" endTime="2025-06-30T17:11:28.2059842+02:00" testType="13cdc9d9-ddb5-4fa4-a97d-d965ccfc6d4b" outcome="Passed" testListId="8c84fa94-04c1-424b-9868-57a2d4851a1d" relativeResultsDirectory="58f70d8b-6f3f-4d9e-9f90-c08adb7430ec" />
    <UnitTestResult executionId="d4cef0f2-8a54-487c-9a9c-bbe258547541" testId="7603ab70-2625-ab42-8d9e-7a15863cfd1c" testName="Aula.Tests.Utilities.DateTimeUtilitiesTests.GetDanishDayName_ValidDayOfWeek_ReturnsCorrectDanishName(dayOfWeek: Sunday, expectedDanishName: &quot;søndag&quot;)" computerName="RHO-DESKTOP" duration="00:00:00.0000113" startTime="2025-06-30T17:11:27.7079231+02:00" endTime="2025-06-30T17:11:27.7079233+02:00" testType="13cdc9d9-ddb5-4fa4-a97d-d965ccfc6d4b" outcome="Passed" testListId="8c84fa94-04c1-424b-9868-57a2d4851a1d" relativeResultsDirectory="d4cef0f2-8a54-487c-9a9c-bbe258547541" />
    <UnitTestResult executionId="23707141-d989-43bb-9005-e8eb92d3dc15" testId="f746688b-f580-3fee-4c58-d4c4ee979cd7" testName="Aula.Tests.Utilities.JsonFormatterTests.Prettify_WithEmptyObjects_HandlesCorrectly" computerName="RHO-DESKTOP" duration="00:00:00.0002019" startTime="2025-06-30T17:11:27.2636097+02:00" endTime="2025-06-30T17:11:27.2636097+02:00" testType="13cdc9d9-ddb5-4fa4-a97d-d965ccfc6d4b" outcome="Passed" testListId="8c84fa94-04c1-424b-9868-57a2d4851a1d" relativeResultsDirectory="23707141-d989-43bb-9005-e8eb92d3dc15" />
    <UnitTestResult executionId="e69d0a4f-7d45-4879-9712-afaa938da594" testId="bb7ff579-7dbb-d724-561f-6bfaeeb13e43" testName="Aula.Tests.Utilities.Html2SlackMarkdownConverterTests.Convert_WithPartialTags_HandlesGracefully(html: &quot;text &lt;b&gt; more text&quot;)" computerName="RHO-DESKTOP" duration="00:00:00.0048810" startTime="2025-06-30T17:11:27.9438139+02:00" endTime="2025-06-30T17:11:27.9438140+02:00" testType="13cdc9d9-ddb5-4fa4-a97d-d965ccfc6d4b" outcome="Passed" testListId="8c84fa94-04c1-424b-9868-57a2d4851a1d" relativeResultsDirectory="e69d0a4f-7d45-4879-9712-afaa938da594" />
    <UnitTestResult executionId="391b706c-dffc-4be4-a16d-1c6cdb6919f7" testId="3ca02e33-556b-3fdb-f0cf-b0f349847245" testName="Aula.Tests.Bots.TelegramInteractiveBotTests.PostWeekLetter_WithMissingChannelId_LogsWarningAndReturns" computerName="RHO-DESKTOP" duration="00:00:00.0030724" startTime="2025-06-30T17:11:29.4540938+02:00" endTime="2025-06-30T17:11:29.4540940+02:00" testType="13cdc9d9-ddb5-4fa4-a97d-d965ccfc6d4b" outcome="Passed" testListId="8c84fa94-04c1-424b-9868-57a2d4851a1d" relativeResultsDirectory="391b706c-dffc-4be4-a16d-1c6cdb6919f7" />
    <UnitTestResult executionId="944e8da4-7756-4f21-9e5b-6efd1c1a058d" testId="cc139316-f1a2-00ef-ef1d-1e4ba4910c04" testName="Aula.Tests.Channels.TelegramClientTests.PostWeekLetter_WithValidInputs_DoesNotThrow" computerName="RHO-DESKTOP" duration="00:00:00.0015381" startTime="2025-06-30T17:11:27.7389057+02:00" endTime="2025-06-30T17:11:27.7389058+02:00" testType="13cdc9d9-ddb5-4fa4-a97d-d965ccfc6d4b" outcome="Passed" testListId="8c84fa94-04c1-424b-9868-57a2d4851a1d" relativeResultsDirectory="944e8da4-7756-4f21-9e5b-6efd1c1a058d" />
    <UnitTestResult executionId="01a71fb8-c58c-4a7e-ab8e-b77b2862665a" testId="69c84318-c2ea-bbfb-2ff5-e086da7c5805" testName="Aula.Tests.Configuration.ConfigurationTests.OpenAi_ConfigurationIsCorrect" computerName="RHO-DESKTOP" duration="00:00:00.0053104" startTime="2025-06-30T17:11:28.2229249+02:00" endTime="2025-06-30T17:11:28.2229251+02:00" testType="13cdc9d9-ddb5-4fa4-a97d-d965ccfc6d4b" outcome="Passed" testListId="8c84fa94-04c1-424b-9868-57a2d4851a1d" relativeResultsDirectory="01a71fb8-c58c-4a7e-ab8e-b77b2862665a" />
    <UnitTestResult executionId="deeedfa2-5bd3-4e8b-96bb-8c5038348d3a" testId="1db76d8f-f5a5-dcb7-9657-e7f194b55049" testName="Aula.Tests.Utilities.ReminderExtractionPromptsTests.GetExtractionPrompt_WithBasicQuery_ReturnsValidPrompt" computerName="RHO-DESKTOP" duration="00:00:00.0031574" startTime="2025-06-30T17:11:27.2646881+02:00" endTime="2025-06-30T17:11:27.2646882+02:00" testType="13cdc9d9-ddb5-4fa4-a97d-d965ccfc6d4b" outcome="Passed" testListId="8c84fa94-04c1-424b-9868-57a2d4851a1d" relativeResultsDirectory="deeedfa2-5bd3-4e8b-96bb-8c5038348d3a" />
    <UnitTestResult executionId="c1b3f2a0-2ea6-4f7b-adf7-72836f47cd23" testId="391811a1-8187-f3dc-88b6-23bab4f2be23" testName="Aula.Tests.Scheduling.SchedulingServiceTests.StartAsync_CallsGetPendingRemindersAsync_AtLeastOnce" computerName="RHO-DESKTOP" duration="00:00:00.1726074" startTime="2025-06-30T17:11:27.7879505+02:00" endTime="2025-06-30T17:11:27.7879508+02:00" testType="13cdc9d9-ddb5-4fa4-a97d-d965ccfc6d4b" outcome="Passed" testListId="8c84fa94-04c1-424b-9868-57a2d4851a1d" relativeResultsDirectory="c1b3f2a0-2ea6-4f7b-adf7-72836f47cd23" />
    <UnitTestResult executionId="17922334-c5bf-460e-a76a-3e6a1a1dc392" testId="cea2ec8e-0a0c-aae3-594d-8b1cbbb55ac5" testName="Aula.Tests.Utilities.FollowUpQuestionDetectorTests.IsFollowUpQuestion_WithLongMessageContainingChildName_ReturnsFalse(input: &quot;This is a very long message that contains Emma but&quot;···)" computerName="RHO-DESKTOP" duration="00:00:00.0537498" startTime="2025-06-30T17:11:27.6710044+02:00" endTime="2025-06-30T17:11:27.6710045+02:00" testType="13cdc9d9-ddb5-4fa4-a97d-d965ccfc6d4b" outcome="Passed" testListId="8c84fa94-04c1-424b-9868-57a2d4851a1d" relativeResultsDirectory="17922334-c5bf-460e-a76a-3e6a1a1dc392" />
    <UnitTestResult executionId="2d9276cd-952c-48da-8f16-9f626edcdfe2" testId="fe14d576-8562-4a05-9196-a9eaf8403f97" testName="Aula.Tests.Channels.TelegramClientTests.SendMessageToChannel_WithVariousChannelIds_DoesNotThrow(channelId: &quot;@testchannel&quot;)" computerName="RHO-DESKTOP" duration="00:00:00.0001986" startTime="2025-06-30T17:11:27.6699653+02:00" endTime="2025-06-30T17:11:27.6699655+02:00" testType="13cdc9d9-ddb5-4fa4-a97d-d965ccfc6d4b" outcome="Passed" testListId="8c84fa94-04c1-424b-9868-57a2d4851a1d" relativeResultsDirectory="2d9276cd-952c-48da-8f16-9f626edcdfe2" />
    <UnitTestResult executionId="f924be56-29b6-4910-8cce-f64bc82457f5" testId="40ac891b-3aed-7213-ed1d-840834b3000d" testName="Aula.Tests.Bots.TelegramMessageHandlerTests.HandleMessageAsync_WithValidQuery_ProcessesSuccessfully(queryText: &quot;Vis ugeplanen&quot;)" computerName="RHO-DESKTOP" duration="00:00:00.0010000" startTime="2025-06-30T17:11:27.5568746+02:00" endTime="2025-06-30T17:11:27.5568748+02:00" testType="13cdc9d9-ddb5-4fa4-a97d-d965ccfc6d4b" outcome="Failed" testListId="8c84fa94-04c1-424b-9868-57a2d4851a1d" relativeResultsDirectory="f924be56-29b6-4910-8cce-f64bc82457f5">
      <Output>
        <ErrorInfo>
          <Message>System.ArgumentException : Can not instantiate proxy of class: Aula.Utilities.ConversationContextManager`1[[System.Int64, System.Private.CoreLib, Version=9.0.0.0, Culture=neutral, PublicKeyToken=7cec85d7bea7798e]].
Could not find a parameterless constructor. (Parameter 'constructorArguments')
---- System.MissingMethodException : Constructor on type 'Castle.Proxies.ConversationContextManager`1Proxy' not found.</Message>
          <StackTrace>   at Castle.DynamicProxy.ProxyGenerator.CreateClassProxyInstance(Type proxyType, List`1 proxyArguments, Type classToProxy, Object[] constructorArguments)
   at Castle.DynamicProxy.ProxyGenerator.CreateClassProxy(Type classToProxy, Type[] additionalInterfacesToProxy, ProxyGenerationOptions options, Object[] constructorArguments, IInterceptor[] interceptors)
   at Moq.CastleProxyFactory.CreateProxy(Type mockType, IInterceptor interceptor, Type[] interfaces, Object[] arguments) in /_/src/Moq/Interception/CastleProxyFactory.cs:line 62
   at Moq.Mock`1.InitializeInstance() in /_/src/Moq/Mock`1.cs:line 309
   at Moq.Mock`1.OnGetObject() in /_/src/Moq/Mock`1.cs:line 323
   at Moq.Mock.get_Object() in /_/src/Moq/Mock.cs:line 181
   at Moq.Mock`1.get_Object() in /_/src/Moq/Mock`1.cs:line 281
   at Aula.Tests.Bots.TelegramMessageHandlerTests..ctor() in /mnt/d/git/aula/src/Aula.Tests/Bots/TelegramMessageHandlerTests.cs:line 63
   at System.RuntimeType.CreateInstanceDefaultCtor(Boolean publicOnly, Boolean wrapExceptions)
----- Inner Stack Trace -----
   at System.RuntimeType.CreateInstanceImpl(BindingFlags bindingAttr, Binder binder, Object[] args, CultureInfo culture)
   at Castle.DynamicProxy.ProxyGenerator.CreateClassProxyInstance(Type proxyType, List`1 proxyArguments, Type classToProxy, Object[] constructorArguments)</StackTrace>
        </ErrorInfo>
      </Output>
    </UnitTestResult>
    <UnitTestResult executionId="3c8dc62d-e304-4836-bf24-1dcd4c178526" testId="6a1bd5a3-33de-b670-1a8c-cceb0d8df72f" testName="Aula.Tests.Utilities.FollowUpQuestionDetectorTests.IsFollowUpQuestion_WithShortFollowUps_ReturnsTrue(input: &quot;ok&quot;)" computerName="RHO-DESKTOP" duration="00:00:00.0002341" startTime="2025-06-30T17:11:27.6939145+02:00" endTime="2025-06-30T17:11:27.6939146+02:00" testType="13cdc9d9-ddb5-4fa4-a97d-d965ccfc6d4b" outcome="Passed" testListId="8c84fa94-04c1-424b-9868-57a2d4851a1d" relativeResultsDirectory="3c8dc62d-e304-4836-bf24-1dcd4c178526" />
    <UnitTestResult executionId="2aae6a14-627f-4b3a-adf3-4f28c73abc36" testId="a35c1648-d310-4839-ee57-c271d40d7d0e" testName="Aula.Tests.Bots.TelegramMessageHandlerTests.Constructor_WithNullAgentService_ThrowsArgumentNullException" computerName="RHO-DESKTOP" duration="00:00:00.0010000" startTime="2025-06-30T17:11:27.6032402+02:00" endTime="2025-06-30T17:11:27.6032404+02:00" testType="13cdc9d9-ddb5-4fa4-a97d-d965ccfc6d4b" outcome="Failed" testListId="8c84fa94-04c1-424b-9868-57a2d4851a1d" relativeResultsDirectory="2aae6a14-627f-4b3a-adf3-4f28c73abc36">
      <Output>
        <ErrorInfo>
          <Message>System.ArgumentException : Can not instantiate proxy of class: Aula.Utilities.ConversationContextManager`1[[System.Int64, System.Private.CoreLib, Version=9.0.0.0, Culture=neutral, PublicKeyToken=7cec85d7bea7798e]].
Could not find a parameterless constructor. (Parameter 'constructorArguments')
---- System.MissingMethodException : Constructor on type 'Castle.Proxies.ConversationContextManager`1Proxy' not found.</Message>
          <StackTrace>   at Castle.DynamicProxy.ProxyGenerator.CreateClassProxyInstance(Type proxyType, List`1 proxyArguments, Type classToProxy, Object[] constructorArguments)
   at Castle.DynamicProxy.ProxyGenerator.CreateClassProxy(Type classToProxy, Type[] additionalInterfacesToProxy, ProxyGenerationOptions options, Object[] constructorArguments, IInterceptor[] interceptors)
   at Moq.CastleProxyFactory.CreateProxy(Type mockType, IInterceptor interceptor, Type[] interfaces, Object[] arguments) in /_/src/Moq/Interception/CastleProxyFactory.cs:line 62
   at Moq.Mock`1.InitializeInstance() in /_/src/Moq/Mock`1.cs:line 309
   at Moq.Mock`1.OnGetObject() in /_/src/Moq/Mock`1.cs:line 323
   at Moq.Mock.get_Object() in /_/src/Moq/Mock.cs:line 181
   at Moq.Mock`1.get_Object() in /_/src/Moq/Mock`1.cs:line 281
   at Aula.Tests.Bots.TelegramMessageHandlerTests..ctor() in /mnt/d/git/aula/src/Aula.Tests/Bots/TelegramMessageHandlerTests.cs:line 63
   at System.RuntimeType.CreateInstanceDefaultCtor(Boolean publicOnly, Boolean wrapExceptions)
----- Inner Stack Trace -----
   at System.RuntimeType.CreateInstanceImpl(BindingFlags bindingAttr, Binder binder, Object[] args, CultureInfo culture)
   at Castle.DynamicProxy.ProxyGenerator.CreateClassProxyInstance(Type proxyType, List`1 proxyArguments, Type classToProxy, Object[] constructorArguments)</StackTrace>
        </ErrorInfo>
      </Output>
    </UnitTestResult>
    <UnitTestResult executionId="fa7165af-7ab9-4909-abf1-ff8266c2d6f7" testId="65a382e3-c1e3-08ef-c35f-11020ff7747f" testName="Aula.Tests.Bots.SlackMessageHandlerTests.HandleMessageAsync_WithEmptyText_ReturnsFalse" computerName="RHO-DESKTOP" duration="00:00:00.0010000" startTime="2025-06-30T17:11:27.6936902+02:00" endTime="2025-06-30T17:11:27.6936904+02:00" testType="13cdc9d9-ddb5-4fa4-a97d-d965ccfc6d4b" outcome="Failed" testListId="8c84fa94-04c1-424b-9868-57a2d4851a1d" relativeResultsDirectory="fa7165af-7ab9-4909-abf1-ff8266c2d6f7">
      <Output>
        <ErrorInfo>
          <Message>System.ArgumentException : Can not instantiate proxy of class: Aula.Tools.ReminderCommandHandler.
Could not find a parameterless constructor. (Parameter 'constructorArguments')
---- System.MissingMethodException : Constructor on type 'Castle.Proxies.ReminderCommandHandlerProxy' not found.</Message>
          <StackTrace>   at Castle.DynamicProxy.ProxyGenerator.CreateClassProxyInstance(Type proxyType, List`1 proxyArguments, Type classToProxy, Object[] constructorArguments)
   at Castle.DynamicProxy.ProxyGenerator.CreateClassProxy(Type classToProxy, Type[] additionalInterfacesToProxy, ProxyGenerationOptions options, Object[] constructorArguments, IInterceptor[] interceptors)
   at Moq.CastleProxyFactory.CreateProxy(Type mockType, IInterceptor interceptor, Type[] interfaces, Object[] arguments) in /_/src/Moq/Interception/CastleProxyFactory.cs:line 62
   at Moq.Mock`1.InitializeInstance() in /_/src/Moq/Mock`1.cs:line 309
   at Moq.Mock`1.OnGetObject() in /_/src/Moq/Mock`1.cs:line 323
   at Moq.Mock.get_Object() in /_/src/Moq/Mock.cs:line 181
   at Moq.Mock`1.get_Object() in /_/src/Moq/Mock`1.cs:line 281
   at Aula.Tests.Bots.SlackMessageHandlerTests..ctor() in /mnt/d/git/aula/src/Aula.Tests/Bots/SlackMessageHandlerTests.cs:line 57
   at System.RuntimeType.CreateInstanceDefaultCtor(Boolean publicOnly, Boolean wrapExceptions)
----- Inner Stack Trace -----
   at System.RuntimeType.CreateInstanceImpl(BindingFlags bindingAttr, Binder binder, Object[] args, CultureInfo culture)
   at Castle.DynamicProxy.ProxyGenerator.CreateClassProxyInstance(Type proxyType, List`1 proxyArguments, Type classToProxy, Object[] constructorArguments)</StackTrace>
        </ErrorInfo>
      </Output>
    </UnitTestResult>
    <UnitTestResult executionId="229c9370-dc5b-46f5-9cbd-d64e40f145b4" testId="65d5e85b-e0a7-670a-3e1b-13af33b9e642" testName="Aula.Tests.Tools.AiToolsManagerTests.GetWeekLetters_WithChildName_ReturnsFilteredResults" computerName="RHO-DESKTOP" duration="00:00:00.0571192" startTime="2025-06-30T17:11:27.6478656+02:00" endTime="2025-06-30T17:11:27.6478657+02:00" testType="13cdc9d9-ddb5-4fa4-a97d-d965ccfc6d4b" outcome="Passed" testListId="8c84fa94-04c1-424b-9868-57a2d4851a1d" relativeResultsDirectory="229c9370-dc5b-46f5-9cbd-d64e40f145b4" />
    <UnitTestResult executionId="11dfa201-aa70-4840-87d8-90baffc3e8be" testId="ecba833b-4a32-70dc-1540-ec8a113be1de" testName="Aula.Tests.Channels.SlackBotTests.PostWeekLetter_WithVariousChildColors_HandlesCorrectly(color: &quot;red&quot;)" computerName="RHO-DESKTOP" duration="00:00:00.0012581" startTime="2025-06-30T17:11:27.4186243+02:00" endTime="2025-06-30T17:11:27.4186244+02:00" testType="13cdc9d9-ddb5-4fa4-a97d-d965ccfc6d4b" outcome="Passed" testListId="8c84fa94-04c1-424b-9868-57a2d4851a1d" relativeResultsDirectory="11dfa201-aa70-4840-87d8-90baffc3e8be" />
    <UnitTestResult executionId="e927e877-9be1-4f1d-bd4e-dd3edc4228dc" testId="673e7d35-f16e-bd38-569e-9b00ed91c4fd" testName="Aula.Tests.Channels.SlackBotTests.Constructor_WithValidUrls_DoesNotThrow(webhookUrl: &quot;https://hooks.slack.com/services/T123/B456/xyz&quot;)" computerName="RHO-DESKTOP" duration="00:00:00.0001222" startTime="2025-06-30T17:11:27.4660535+02:00" endTime="2025-06-30T17:11:27.4660536+02:00" testType="13cdc9d9-ddb5-4fa4-a97d-d965ccfc6d4b" outcome="Passed" testListId="8c84fa94-04c1-424b-9868-57a2d4851a1d" relativeResultsDirectory="e927e877-9be1-4f1d-bd4e-dd3edc4228dc" />
    <UnitTestResult executionId="723e2379-852a-49e5-a5af-b70d42a1bdb9" testId="40e04a6d-bef0-ec4b-8281-04b2775da565" testName="Aula.Tests.Bots.SlackMessageHandlerTests.Constructor_WithNullAgentService_ThrowsArgumentNullException" computerName="RHO-DESKTOP" duration="00:00:00.0010000" startTime="2025-06-30T17:11:27.6698664+02:00" endTime="2025-06-30T17:11:27.6698666+02:00" testType="13cdc9d9-ddb5-4fa4-a97d-d965ccfc6d4b" outcome="Failed" testListId="8c84fa94-04c1-424b-9868-57a2d4851a1d" relativeResultsDirectory="723e2379-852a-49e5-a5af-b70d42a1bdb9">
      <Output>
        <ErrorInfo>
          <Message>System.ArgumentException : Can not instantiate proxy of class: Aula.Tools.ReminderCommandHandler.
Could not find a parameterless constructor. (Parameter 'constructorArguments')
---- System.MissingMethodException : Constructor on type 'Castle.Proxies.ReminderCommandHandlerProxy' not found.</Message>
          <StackTrace>   at Castle.DynamicProxy.ProxyGenerator.CreateClassProxyInstance(Type proxyType, List`1 proxyArguments, Type classToProxy, Object[] constructorArguments)
   at Castle.DynamicProxy.ProxyGenerator.CreateClassProxy(Type classToProxy, Type[] additionalInterfacesToProxy, ProxyGenerationOptions options, Object[] constructorArguments, IInterceptor[] interceptors)
   at Moq.CastleProxyFactory.CreateProxy(Type mockType, IInterceptor interceptor, Type[] interfaces, Object[] arguments) in /_/src/Moq/Interception/CastleProxyFactory.cs:line 62
   at Moq.Mock`1.InitializeInstance() in /_/src/Moq/Mock`1.cs:line 309
   at Moq.Mock`1.OnGetObject() in /_/src/Moq/Mock`1.cs:line 323
   at Moq.Mock.get_Object() in /_/src/Moq/Mock.cs:line 181
   at Moq.Mock`1.get_Object() in /_/src/Moq/Mock`1.cs:line 281
   at Aula.Tests.Bots.SlackMessageHandlerTests..ctor() in /mnt/d/git/aula/src/Aula.Tests/Bots/SlackMessageHandlerTests.cs:line 57
   at System.RuntimeType.CreateInstanceDefaultCtor(Boolean publicOnly, Boolean wrapExceptions)
----- Inner Stack Trace -----
   at System.RuntimeType.CreateInstanceImpl(BindingFlags bindingAttr, Binder binder, Object[] args, CultureInfo culture)
   at Castle.DynamicProxy.ProxyGenerator.CreateClassProxyInstance(Type proxyType, List`1 proxyArguments, Type classToProxy, Object[] constructorArguments)</StackTrace>
        </ErrorInfo>
      </Output>
    </UnitTestResult>
    <UnitTestResult executionId="7542247c-8ace-425c-b959-7a48cdd567bd" testId="0e25bcf5-ab45-f600-b517-83fefa26e455" testName="Aula.Tests.Configuration.ConfigurationTests.Timers_AdaptivePollingLimits_ValidationTests(minSeconds: 10, maxSeconds: 10, isValid: True)" computerName="RHO-DESKTOP" duration="00:00:00.0337177" startTime="2025-06-30T17:11:27.9707928+02:00" endTime="2025-06-30T17:11:27.9707929+02:00" testType="13cdc9d9-ddb5-4fa4-a97d-d965ccfc6d4b" outcome="Passed" testListId="8c84fa94-04c1-424b-9868-57a2d4851a1d" relativeResultsDirectory="7542247c-8ace-425c-b959-7a48cdd567bd" />
    <UnitTestResult executionId="97f10e60-8d0a-401b-9af8-0ffee8ef25b6" testId="021d3da1-2551-6934-6452-4bc168c068b9" testName="Aula.Tests.Services.DataModelTests.PostedLetter_WeekNumberValidation_ReturnsExpectedResult(weekNumber: 0, year: 2023, isValid: False)" computerName="RHO-DESKTOP" duration="00:00:00.0000064" startTime="2025-06-30T17:11:27.2596479+02:00" endTime="2025-06-30T17:11:27.2596481+02:00" testType="13cdc9d9-ddb5-4fa4-a97d-d965ccfc6d4b" outcome="Passed" testListId="8c84fa94-04c1-424b-9868-57a2d4851a1d" relativeResultsDirectory="97f10e60-8d0a-401b-9af8-0ffee8ef25b6" />
    <UnitTestResult executionId="d620f13e-061a-4ab2-8857-a26972b4a856" testId="cf838fe5-cf64-cdb9-4856-b3fc2156670a" testName="Aula.Tests.Integration.AgentServiceTests.GetWeekLetterAsync_LogsInFirst_WhenNotLoggedIn" computerName="RHO-DESKTOP" duration="00:00:00.2739943" startTime="2025-06-30T17:11:27.4154749+02:00" endTime="2025-06-30T17:11:27.4154751+02:00" testType="13cdc9d9-ddb5-4fa4-a97d-d965ccfc6d4b" outcome="Passed" testListId="8c84fa94-04c1-424b-9868-57a2d4851a1d" relativeResultsDirectory="d620f13e-061a-4ab2-8857-a26972b4a856" />
    <UnitTestResult executionId="c773b9cf-56a7-487b-a642-d3de55af2f93" testId="e668ce24-c1a0-98ca-9d76-99447ce236e8" testName="Aula.Tests.Utilities.IntentAnalysisPromptsTests.ToolExamples_CoverExpectedUseCase(expectedKey: &quot;CREATE_REMINDER&quot;, queryPattern: &quot;remind&quot;)" computerName="RHO-DESKTOP" duration="00:00:00.0003350" startTime="2025-06-30T17:11:27.6405353+02:00" endTime="2025-06-30T17:11:27.6405355+02:00" testType="13cdc9d9-ddb5-4fa4-a97d-d965ccfc6d4b" outcome="Passed" testListId="8c84fa94-04c1-424b-9868-57a2d4851a1d" relativeResultsDirectory="c773b9cf-56a7-487b-a642-d3de55af2f93" />
    <UnitTestResult executionId="29b62d54-516c-4b4e-bb0c-24c0805a0bb6" testId="d2358b75-2179-dc76-97f4-8e1dfce3fe98" testName="Aula.Tests.Utilities.ReminderExtractionPromptsTests.GetExtractionPrompt_ResponseFormat_IsConsistent" computerName="RHO-DESKTOP" duration="00:00:00.0003018" startTime="2025-06-30T17:11:27.2709666+02:00" endTime="2025-06-30T17:11:27.2709670+02:00" testType="13cdc9d9-ddb5-4fa4-a97d-d965ccfc6d4b" outcome="Passed" testListId="8c84fa94-04c1-424b-9868-57a2d4851a1d" relativeResultsDirectory="29b62d54-516c-4b4e-bb0c-24c0805a0bb6" />
    <UnitTestResult executionId="e84948fd-6cd4-4ca2-a2c4-00c07fd5a646" testId="190cafd6-e87f-acd4-dc9b-9d82114386d9" testName="Aula.Tests.Configuration.ConfigurationTests.Config_DefaultValues_AreApplied" computerName="RHO-DESKTOP" duration="00:00:00.0092460" startTime="2025-06-30T17:11:28.0332657+02:00" endTime="2025-06-30T17:11:28.0332659+02:00" testType="13cdc9d9-ddb5-4fa4-a97d-d965ccfc6d4b" outcome="Passed" testListId="8c84fa94-04c1-424b-9868-57a2d4851a1d" relativeResultsDirectory="e84948fd-6cd4-4ca2-a2c4-00c07fd5a646" />
    <UnitTestResult executionId="d55c90a2-aa4d-43ab-9ce8-7446ac121adf" testId="df512aea-e2d8-dde7-2eb7-20bcbade34bc" testName="Aula.Tests.Services.OpenAiServiceIntegrationTests.SummarizeWeekLetterAsync_WithValidWeekLetter_CallsApiWithCorrectParameters" computerName="RHO-DESKTOP" duration="00:00:00.0124467" startTime="2025-06-30T17:11:27.6260704+02:00" endTime="2025-06-30T17:11:27.6260705+02:00" testType="13cdc9d9-ddb5-4fa4-a97d-d965ccfc6d4b" outcome="Failed" testListId="8c84fa94-04c1-424b-9868-57a2d4851a1d" relativeResultsDirectory="d55c90a2-aa4d-43ab-9ce8-7446ac121adf">
      <Output>
        <ErrorInfo>
          <Message>System.ArgumentException : Can not instantiate proxy of class: Aula.Tools.AiToolsManager.
Could not find a parameterless constructor. (Parameter 'constructorArguments')
---- System.MissingMethodException : Constructor on type 'Castle.Proxies.AiToolsManagerProxy' not found.</Message>
          <StackTrace>   at Castle.DynamicProxy.ProxyGenerator.CreateClassProxyInstance(Type proxyType, List`1 proxyArguments, Type classToProxy, Object[] constructorArguments)
   at Castle.DynamicProxy.ProxyGenerator.CreateClassProxy(Type classToProxy, Type[] additionalInterfacesToProxy, ProxyGenerationOptions options, Object[] constructorArguments, IInterceptor[] interceptors)
   at Moq.CastleProxyFactory.CreateProxy(Type mockType, IInterceptor interceptor, Type[] interfaces, Object[] arguments) in /_/src/Moq/Interception/CastleProxyFactory.cs:line 62
   at Moq.Mock`1.InitializeInstance() in /_/src/Moq/Mock`1.cs:line 309
   at Moq.Mock`1.OnGetObject() in /_/src/Moq/Mock`1.cs:line 323
   at Moq.Mock.get_Object() in /_/src/Moq/Mock.cs:line 181
   at Moq.Mock`1.get_Object() in /_/src/Moq/Mock`1.cs:line 281
   at Aula.Tests.Services.OpenAiServiceIntegrationTests.SummarizeWeekLetterAsync_WithValidWeekLetter_CallsApiWithCorrectParameters() in /mnt/d/git/aula/src/Aula.Tests/Services/OpenAiServiceIntegrationTests.cs:line 185
--- End of stack trace from previous location ---
----- Inner Stack Trace -----
   at System.RuntimeType.CreateInstanceImpl(BindingFlags bindingAttr, Binder binder, Object[] args, CultureInfo culture)
   at Castle.DynamicProxy.ProxyGenerator.CreateClassProxyInstance(Type proxyType, List`1 proxyArguments, Type classToProxy, Object[] constructorArguments)</StackTrace>
        </ErrorInfo>
      </Output>
    </UnitTestResult>
    <UnitTestResult executionId="a030a8d3-dff4-4d75-845d-c8cb63ac3b02" testId="f7baf2b9-a2d0-7c99-3bd4-af737954fe30" testName="Aula.Tests.Tools.ReminderCommandHandlerTests.TryHandleReminderCommand_DeleteReminder_WithException_LogsErrorAndReturnsErrorMessage(command: &quot;delete reminder 999&quot;, isEnglish: True)" computerName="RHO-DESKTOP" duration="00:00:00.0041326" startTime="2025-06-30T17:11:27.7427849+02:00" endTime="2025-06-30T17:11:27.7427851+02:00" testType="13cdc9d9-ddb5-4fa4-a97d-d965ccfc6d4b" outcome="Passed" testListId="8c84fa94-04c1-424b-9868-57a2d4851a1d" relativeResultsDirectory="a030a8d3-dff4-4d75-845d-c8cb63ac3b02" />
    <UnitTestResult executionId="a4308dd2-1f99-4d5c-93db-a0d4164a2311" testId="e57b5d64-f9f1-68ef-e175-4a5caa032c54" testName="Aula.Tests.Utilities.Html2SlackMarkdownConverterTests.Convert_WithScriptAndStyleTags_RemovesTagsButNotContent(html: &quot;&lt;style&gt;body { color: red; }&lt;/style&gt;&lt;p&gt;Content&lt;/p&gt;&quot;)" computerName="RHO-DESKTOP" duration="00:00:00.0008488" startTime="2025-06-30T17:11:27.7295327+02:00" endTime="2025-06-30T17:11:27.7295328+02:00" testType="13cdc9d9-ddb5-4fa4-a97d-d965ccfc6d4b" outcome="Passed" testListId="8c84fa94-04c1-424b-9868-57a2d4851a1d" relativeResultsDirectory="a4308dd2-1f99-4d5c-93db-a0d4164a2311" />
    <UnitTestResult executionId="68bbcb7c-aa34-49c6-ac59-39ac52b7154e" testId="346b4860-00f1-33ec-a1a3-5d05cc730f69" testName="Aula.Tests.Utilities.ReminderExtractionPromptsTests.GetExtractionPrompt_WithDifferentMinuteOffsets_CalculatesCorrectly(minutes: 2)" computerName="RHO-DESKTOP" duration="00:00:00.0000792" startTime="2025-06-30T17:11:27.2682092+02:00" endTime="2025-06-30T17:11:27.2682093+02:00" testType="13cdc9d9-ddb5-4fa4-a97d-d965ccfc6d4b" outcome="Passed" testListId="8c84fa94-04c1-424b-9868-57a2d4851a1d" relativeResultsDirectory="68bbcb7c-aa34-49c6-ac59-39ac52b7154e" />
    <UnitTestResult executionId="e7f95c69-71f6-48a2-a33d-45e50696618c" testId="9ac720d3-776c-ab54-a939-3b82af418447" testName="Aula.Tests.Utilities.ReminderExtractionPromptsTests.GetExtractionPrompt_WithDifferentMinuteOffsets_CalculatesCorrectly(minutes: 30)" computerName="RHO-DESKTOP" duration="00:00:00.0000705" startTime="2025-06-30T17:11:27.2682644+02:00" endTime="2025-06-30T17:11:27.2682645+02:00" testType="13cdc9d9-ddb5-4fa4-a97d-d965ccfc6d4b" outcome="Passed" testListId="8c84fa94-04c1-424b-9868-57a2d4851a1d" relativeResultsDirectory="e7f95c69-71f6-48a2-a33d-45e50696618c" />
    <UnitTestResult executionId="6da8bfb5-804d-4bf7-bd16-05c3b46d7eb3" testId="8411a163-fe22-681b-f5c6-7310c560d29a" testName="Aula.Tests.Channels.SlackBotTests.PostWeekLetter_WithVariousChildNames_HandlesCorrectly(firstName: &quot;TestChild2&quot;)" computerName="RHO-DESKTOP" duration="00:00:00.0012872" startTime="2025-06-30T17:11:27.4079158+02:00" endTime="2025-06-30T17:11:27.4079160+02:00" testType="13cdc9d9-ddb5-4fa4-a97d-d965ccfc6d4b" outcome="Passed" testListId="8c84fa94-04c1-424b-9868-57a2d4851a1d" relativeResultsDirectory="6da8bfb5-804d-4bf7-bd16-05c3b46d7eb3" />
    <UnitTestResult executionId="aeb8c507-d8a1-4b50-9b1e-355c8388d11c" testId="df8b7611-0fd3-7a4a-228e-73a22117205a" testName="Aula.Tests.Integration.AgentServiceTests.LoginAsync_CallsClientLoginAsync" computerName="RHO-DESKTOP" duration="00:00:00.0077584" startTime="2025-06-30T17:11:27.5390864+02:00" endTime="2025-06-30T17:11:27.5390865+02:00" testType="13cdc9d9-ddb5-4fa4-a97d-d965ccfc6d4b" outcome="Passed" testListId="8c84fa94-04c1-424b-9868-57a2d4851a1d" relativeResultsDirectory="aeb8c507-d8a1-4b50-9b1e-355c8388d11c" />
    <UnitTestResult executionId="add50296-38e4-4901-b0b0-5b497cea080d" testId="366f0f62-c3df-406d-3cbd-6a62fe8e98a7" testName="Aula.Tests.Utilities.IntentAnalysisPromptsTests.ToolExamples_ContainsRequiredKeys(key: &quot;LIST_REMINDERS_DANISH&quot;)" computerName="RHO-DESKTOP" duration="00:00:00.0000063" startTime="2025-06-30T17:11:27.6426199+02:00" endTime="2025-06-30T17:11:27.6426200+02:00" testType="13cdc9d9-ddb5-4fa4-a97d-d965ccfc6d4b" outcome="Passed" testListId="8c84fa94-04c1-424b-9868-57a2d4851a1d" relativeResultsDirectory="add50296-38e4-4901-b0b0-5b497cea080d" />
    <UnitTestResult executionId="fb97af55-587d-4e48-8f1a-1debd67d1c5e" testId="f4459af7-a3ce-b8ae-aafa-5bfa8a20da8c" testName="Aula.Tests.Utilities.ReminderExtractionPromptsTests.GetExtractionPrompt_ContainsDateTimeFormatInstructions" computerName="RHO-DESKTOP" duration="00:00:00.0001259" startTime="2025-06-30T17:11:27.2691928+02:00" endTime="2025-06-30T17:11:27.2691929+02:00" testType="13cdc9d9-ddb5-4fa4-a97d-d965ccfc6d4b" outcome="Passed" testListId="8c84fa94-04c1-424b-9868-57a2d4851a1d" relativeResultsDirectory="fb97af55-587d-4e48-8f1a-1debd67d1c5e" />
    <UnitTestResult executionId="494ec046-6af7-40dd-a5b5-679c0c7bc5ac" testId="a3d75b2a-aedf-2885-f27f-a7945f978fce" testName="Aula.Tests.Utilities.IntentAnalysisPromptsTests.ToolExamples_ContainsRequiredKeys(key: &quot;INFORMATION_QUERY_DANISH&quot;)" computerName="RHO-DESKTOP" duration="00:00:00.0000065" startTime="2025-06-30T17:11:27.6427353+02:00" endTime="2025-06-30T17:11:27.6427353+02:00" testType="13cdc9d9-ddb5-4fa4-a97d-d965ccfc6d4b" outcome="Passed" testListId="8c84fa94-04c1-424b-9868-57a2d4851a1d" relativeResultsDirectory="494ec046-6af7-40dd-a5b5-679c0c7bc5ac" />
    <UnitTestResult executionId="52808f9c-fde0-4840-969a-7e8bfa09ab15" testId="47018a2b-c5b5-f700-6399-75af9808bb33" testName="Aula.Tests.Tools.ReminderCommandHandlerTests.TryHandleReminderCommand_DeleteReminder_ValidCommands_ReturnsSuccess(command: &quot;delete reminder 1&quot;, isEnglish: True, expectedId: 1)" computerName="RHO-DESKTOP" duration="00:00:00.0061750" startTime="2025-06-30T17:11:27.7238220+02:00" endTime="2025-06-30T17:11:27.7238221+02:00" testType="13cdc9d9-ddb5-4fa4-a97d-d965ccfc6d4b" outcome="Passed" testListId="8c84fa94-04c1-424b-9868-57a2d4851a1d" relativeResultsDirectory="52808f9c-fde0-4840-969a-7e8bfa09ab15" />
    <UnitTestResult executionId="c7d2b038-53ee-4cb5-97a8-866a11b23c2c" testId="5545fc75-ce9a-79d5-867a-5bec0a88ff66" testName="Aula.Tests.Configuration.ConfigurationTests.Timers_SchedulingInterval_ValidationTests(intervalSeconds: -1, isValid: False)" computerName="RHO-DESKTOP" duration="00:00:00.0049805" startTime="2025-06-30T17:11:28.1227419+02:00" endTime="2025-06-30T17:11:28.1227422+02:00" testType="13cdc9d9-ddb5-4fa4-a97d-d965ccfc6d4b" outcome="Passed" testListId="8c84fa94-04c1-424b-9868-57a2d4851a1d" relativeResultsDirectory="c7d2b038-53ee-4cb5-97a8-866a11b23c2c" />
    <UnitTestResult executionId="6bf4a810-f976-4e9f-9cc2-ad9d584cffe3" testId="bb029ecd-bc04-6c95-65d6-4fa9005d9f93" testName="Aula.Tests.Utilities.DateTimeUtilitiesTests.GetDanishDayName_ValidDayOfWeek_ReturnsLowercaseName(dayOfWeek: Tuesday, expectedName: &quot;tirsdag&quot;)" computerName="RHO-DESKTOP" duration="00:00:00.0000068" startTime="2025-06-30T17:11:27.7132916+02:00" endTime="2025-06-30T17:11:27.7132918+02:00" testType="13cdc9d9-ddb5-4fa4-a97d-d965ccfc6d4b" outcome="Passed" testListId="8c84fa94-04c1-424b-9868-57a2d4851a1d" relativeResultsDirectory="6bf4a810-f976-4e9f-9cc2-ad9d584cffe3" />
    <UnitTestResult executionId="2929e68a-1dcf-4bca-ae18-700f89adb49e" testId="67ae9fcb-a62e-08fc-97ed-d2d4f6f5c1d0" testName="Aula.Tests.Services.DataModelTests.RetryAttempt_DefaultConstructor_InitializesCorrectly" computerName="RHO-DESKTOP" duration="00:00:00.0009511" startTime="2025-06-30T17:11:27.2580536+02:00" endTime="2025-06-30T17:11:27.2580537+02:00" testType="13cdc9d9-ddb5-4fa4-a97d-d965ccfc6d4b" outcome="Passed" testListId="8c84fa94-04c1-424b-9868-57a2d4851a1d" relativeResultsDirectory="2929e68a-1dcf-4bca-ae18-700f89adb49e" />
    <UnitTestResult executionId="c3f52eb1-f29f-4a3a-88bc-fa8c84052bec" testId="c883d631-b915-c13f-0bbe-3400820e4ee3" testName="Aula.Tests.Configuration.ConfigurationTests.Telegram_ConfigurationIsCorrect" computerName="RHO-DESKTOP" duration="00:00:00.0051177" startTime="2025-06-30T17:11:28.2741653+02:00" endTime="2025-06-30T17:11:28.2741654+02:00" testType="13cdc9d9-ddb5-4fa4-a97d-d965ccfc6d4b" outcome="Passed" testListId="8c84fa94-04c1-424b-9868-57a2d4851a1d" relativeResultsDirectory="c3f52eb1-f29f-4a3a-88bc-fa8c84052bec" />
    <UnitTestResult executionId="1e649304-6bbf-446e-9fc3-bf71ce05b04a" testId="f1a8ea88-01e1-69c3-1fe9-4aa537f89af0" testName="Aula.Tests.Bots.TelegramInteractiveBotTests.SendMessage_WithLongChatId_SendsSuccessfully(chatId: &quot;1234567890&quot;)" computerName="RHO-DESKTOP" duration="00:00:00.4485368" startTime="2025-06-30T17:11:28.1424123+02:00" endTime="2025-06-30T17:11:28.1424124+02:00" testType="13cdc9d9-ddb5-4fa4-a97d-d965ccfc6d4b" outcome="Passed" testListId="8c84fa94-04c1-424b-9868-57a2d4851a1d" relativeResultsDirectory="1e649304-6bbf-446e-9fc3-bf71ce05b04a" />
    <UnitTestResult executionId="236b6558-b3f9-4c5f-b429-427022bda791" testId="9459ef9a-ed9e-7e04-b1e7-d4cc74d49390" testName="Aula.Tests.Utilities.IntentAnalysisPromptsTests.ToolExamples_ContainsRequiredKeys(key: &quot;CREATE_REMINDER&quot;)" computerName="RHO-DESKTOP" duration="00:00:00.0000065" startTime="2025-06-30T17:11:27.6420043+02:00" endTime="2025-06-30T17:11:27.6420044+02:00" testType="13cdc9d9-ddb5-4fa4-a97d-d965ccfc6d4b" outcome="Passed" testListId="8c84fa94-04c1-424b-9868-57a2d4851a1d" relativeResultsDirectory="236b6558-b3f9-4c5f-b429-427022bda791" />
    <UnitTestResult executionId="5cab3a0d-b2fc-450d-a3ed-bd621613eb4c" testId="4efd7a5c-c0df-ae80-f7ee-8f404f14cec4" testName="Aula.Tests.Utilities.FollowUpQuestionDetectorTests.IsFollowUpQuestion_WithoutFollowUpPhrases_ReturnsFalse(input: &quot;random text&quot;)" computerName="RHO-DESKTOP" duration="00:00:00.0001235" startTime="2025-06-30T17:11:27.7227967+02:00" endTime="2025-06-30T17:11:27.7227969+02:00" testType="13cdc9d9-ddb5-4fa4-a97d-d965ccfc6d4b" outcome="Passed" testListId="8c84fa94-04c1-424b-9868-57a2d4851a1d" relativeResultsDirectory="5cab3a0d-b2fc-450d-a3ed-bd621613eb4c" />
    <UnitTestResult executionId="c1ff912b-0b2c-4d84-91df-c16c00ed36d2" testId="6f9f5016-c386-f671-b8d8-6fc0a14626eb" testName="Aula.Tests.Utilities.ConversationContextManagerTests.Manager_WithIntegerKeys_WorksCorrectly" computerName="RHO-DESKTOP" duration="00:00:00.0011270" startTime="2025-06-30T17:11:27.4080329+02:00" endTime="2025-06-30T17:11:27.4080330+02:00" testType="13cdc9d9-ddb5-4fa4-a97d-d965ccfc6d4b" outcome="Passed" testListId="8c84fa94-04c1-424b-9868-57a2d4851a1d" relativeResultsDirectory="c1ff912b-0b2c-4d84-91df-c16c00ed36d2" />
    <UnitTestResult executionId="2fef7af8-f078-4f1e-8800-5f6e50c53dad" testId="b7bbbe98-91af-7dec-8966-b09bed25d558" testName="Aula.Tests.Channels.TelegramClientTests.SendMessageToChannel_WithVariousChannelIds_DoesNotThrow(channelId: &quot;-1001234567890&quot;)" computerName="RHO-DESKTOP" duration="00:00:00.1385961" startTime="2025-06-30T17:11:27.6449073+02:00" endTime="2025-06-30T17:11:27.6449074+02:00" testType="13cdc9d9-ddb5-4fa4-a97d-d965ccfc6d4b" outcome="Passed" testListId="8c84fa94-04c1-424b-9868-57a2d4851a1d" relativeResultsDirectory="2fef7af8-f078-4f1e-8800-5f6e50c53dad" />
    <UnitTestResult executionId="fbdfd673-3fc6-44f5-992c-4f1f34c75139" testId="c6b19e93-2b61-da47-f9a3-89a03fe395c8" testName="Aula.Tests.Utilities.FollowUpQuestionDetectorTests.IsFollowUpQuestion_WithoutFollowUpPhrases_ReturnsFalse(input: &quot;hello&quot;)" computerName="RHO-DESKTOP" duration="00:00:00.0002657" startTime="2025-06-30T17:11:27.7148688+02:00" endTime="2025-06-30T17:11:27.7148689+02:00" testType="13cdc9d9-ddb5-4fa4-a97d-d965ccfc6d4b" outcome="Passed" testListId="8c84fa94-04c1-424b-9868-57a2d4851a1d" relativeResultsDirectory="fbdfd673-3fc6-44f5-992c-4f1f34c75139" />
    <UnitTestResult executionId="b61a0126-2404-41a5-9853-ea6dc8cd87ad" testId="ae0539e8-7653-996e-a87e-3f69894a3b17" testName="Aula.Tests.Services.OpenAiServiceIntegrationTests.ProcessQueryWithToolsAsync_WithInvalidQuery_ThrowsArgumentException(query: null)" computerName="RHO-DESKTOP" duration="00:00:00.0018351" startTime="2025-06-30T17:11:27.4955237+02:00" endTime="2025-06-30T17:11:27.4955238+02:00" testType="13cdc9d9-ddb5-4fa4-a97d-d965ccfc6d4b" outcome="Failed" testListId="8c84fa94-04c1-424b-9868-57a2d4851a1d" relativeResultsDirectory="b61a0126-2404-41a5-9853-ea6dc8cd87ad">
      <Output>
        <ErrorInfo>
          <Message>System.ArgumentException : Can not instantiate proxy of class: Aula.Tools.AiToolsManager.
Could not find a parameterless constructor. (Parameter 'constructorArguments')
---- System.MissingMethodException : Constructor on type 'Castle.Proxies.AiToolsManagerProxy' not found.</Message>
          <StackTrace>   at Castle.DynamicProxy.ProxyGenerator.CreateClassProxyInstance(Type proxyType, List`1 proxyArguments, Type classToProxy, Object[] constructorArguments)
   at Castle.DynamicProxy.ProxyGenerator.CreateClassProxy(Type classToProxy, Type[] additionalInterfacesToProxy, ProxyGenerationOptions options, Object[] constructorArguments, IInterceptor[] interceptors)
   at Moq.CastleProxyFactory.CreateProxy(Type mockType, IInterceptor interceptor, Type[] interfaces, Object[] arguments) in /_/src/Moq/Interception/CastleProxyFactory.cs:line 62
   at Moq.Mock`1.InitializeInstance() in /_/src/Moq/Mock`1.cs:line 309
   at Moq.Mock`1.OnGetObject() in /_/src/Moq/Mock`1.cs:line 323
   at Moq.Mock.get_Object() in /_/src/Moq/Mock.cs:line 181
   at Moq.Mock`1.get_Object() in /_/src/Moq/Mock`1.cs:line 281
   at Aula.Tests.Services.OpenAiServiceIntegrationTests.ProcessQueryWithToolsAsync_WithInvalidQuery_ThrowsArgumentException(String query) in /mnt/d/git/aula/src/Aula.Tests/Services/OpenAiServiceIntegrationTests.cs:line 164
--- End of stack trace from previous location ---
----- Inner Stack Trace -----
   at System.RuntimeType.CreateInstanceImpl(BindingFlags bindingAttr, Binder binder, Object[] args, CultureInfo culture)
   at Castle.DynamicProxy.ProxyGenerator.CreateClassProxyInstance(Type proxyType, List`1 proxyArguments, Type classToProxy, Object[] constructorArguments)</StackTrace>
        </ErrorInfo>
      </Output>
    </UnitTestResult>
    <UnitTestResult executionId="91eb4267-0fc5-41e1-a3bb-76b452752421" testId="04ed4a86-ba0d-f349-f703-22b685131f64" testName="Aula.Tests.Utilities.IntentAnalysisPromptsTests.GetFormattedPrompt_WithVariousQueries_ReturnsValidPrompt(query: &quot;What does Emma have today?&quot;)" computerName="RHO-DESKTOP" duration="00:00:00.0042398" startTime="2025-06-30T17:11:27.6247997+02:00" endTime="2025-06-30T17:11:27.6247998+02:00" testType="13cdc9d9-ddb5-4fa4-a97d-d965ccfc6d4b" outcome="Passed" testListId="8c84fa94-04c1-424b-9868-57a2d4851a1d" relativeResultsDirectory="91eb4267-0fc5-41e1-a3bb-76b452752421" />
    <UnitTestResult executionId="4cae6be5-2d6d-48d9-a43e-faa318200f3d" testId="20f7b20d-6fda-90c5-179b-3395a4df9b7c" testName="Aula.Tests.Channels.SlackBotTests.PostWeekLetter_WithVariousChildNames_HandlesCorrectly(firstName: &quot;TestChild1&quot;)" computerName="RHO-DESKTOP" duration="00:00:00.0030003" startTime="2025-06-30T17:11:27.4075841+02:00" endTime="2025-06-30T17:11:27.4075843+02:00" testType="13cdc9d9-ddb5-4fa4-a97d-d965ccfc6d4b" outcome="Passed" testListId="8c84fa94-04c1-424b-9868-57a2d4851a1d" relativeResultsDirectory="4cae6be5-2d6d-48d9-a43e-faa318200f3d" />
    <UnitTestResult executionId="07edba06-c9ca-4fcb-a5d2-a32be48a9518" testId="d011f96b-d6c9-06f7-3372-df15e577854e" testName="Aula.Tests.Utilities.DateTimeUtilitiesTests.GetDanishDayName_ValidDayOfWeek_ReturnsLowercaseName(dayOfWeek: Thursday, expectedName: &quot;torsdag&quot;)" computerName="RHO-DESKTOP" duration="00:00:00.0000064" startTime="2025-06-30T17:11:27.7129552+02:00" endTime="2025-06-30T17:11:27.7129552+02:00" testType="13cdc9d9-ddb5-4fa4-a97d-d965ccfc6d4b" outcome="Passed" testListId="8c84fa94-04c1-424b-9868-57a2d4851a1d" relativeResultsDirectory="07edba06-c9ca-4fcb-a5d2-a32be48a9518" />
    <UnitTestResult executionId="518e16cd-c0c4-40b9-a140-15d48f515add" testId="d91762c9-e8c3-9301-162e-078c803712fd" testName="Aula.Tests.Tools.ReminderCommandHandlerTests.TryHandleReminderCommand_ListReminders_NoReminders_ReturnsNoRemindersMessage(command: &quot;list reminders&quot;, isEnglish: True)" computerName="RHO-DESKTOP" duration="00:00:00.0015730" startTime="2025-06-30T17:11:27.7509533+02:00" endTime="2025-06-30T17:11:27.7509535+02:00" testType="13cdc9d9-ddb5-4fa4-a97d-d965ccfc6d4b" outcome="Passed" testListId="8c84fa94-04c1-424b-9868-57a2d4851a1d" relativeResultsDirectory="518e16cd-c0c4-40b9-a140-15d48f515add" />
    <UnitTestResult executionId="62c486cc-3d6f-42d4-83a2-fb65b9eaf2ba" testId="0b67917b-52fb-a452-3f0c-630f8ae99c50" testName="Aula.Tests.Bots.SlackMessageHandlerTests.HandleMessageAsync_LogsMessageProcessing" computerName="RHO-DESKTOP" duration="00:00:00.0010000" startTime="2025-06-30T17:11:27.7040126+02:00" endTime="2025-06-30T17:11:27.7040128+02:00" testType="13cdc9d9-ddb5-4fa4-a97d-d965ccfc6d4b" outcome="Failed" testListId="8c84fa94-04c1-424b-9868-57a2d4851a1d" relativeResultsDirectory="62c486cc-3d6f-42d4-83a2-fb65b9eaf2ba">
      <Output>
        <ErrorInfo>
          <Message>System.ArgumentException : Can not instantiate proxy of class: Aula.Tools.ReminderCommandHandler.
Could not find a parameterless constructor. (Parameter 'constructorArguments')
---- System.MissingMethodException : Constructor on type 'Castle.Proxies.ReminderCommandHandlerProxy' not found.</Message>
          <StackTrace>   at Castle.DynamicProxy.ProxyGenerator.CreateClassProxyInstance(Type proxyType, List`1 proxyArguments, Type classToProxy, Object[] constructorArguments)
   at Castle.DynamicProxy.ProxyGenerator.CreateClassProxy(Type classToProxy, Type[] additionalInterfacesToProxy, ProxyGenerationOptions options, Object[] constructorArguments, IInterceptor[] interceptors)
   at Moq.CastleProxyFactory.CreateProxy(Type mockType, IInterceptor interceptor, Type[] interfaces, Object[] arguments) in /_/src/Moq/Interception/CastleProxyFactory.cs:line 62
   at Moq.Mock`1.InitializeInstance() in /_/src/Moq/Mock`1.cs:line 309
   at Moq.Mock`1.OnGetObject() in /_/src/Moq/Mock`1.cs:line 323
   at Moq.Mock.get_Object() in /_/src/Moq/Mock.cs:line 181
   at Moq.Mock`1.get_Object() in /_/src/Moq/Mock`1.cs:line 281
   at Aula.Tests.Bots.SlackMessageHandlerTests..ctor() in /mnt/d/git/aula/src/Aula.Tests/Bots/SlackMessageHandlerTests.cs:line 57
   at System.RuntimeType.CreateInstanceDefaultCtor(Boolean publicOnly, Boolean wrapExceptions)
----- Inner Stack Trace -----
   at System.RuntimeType.CreateInstanceImpl(BindingFlags bindingAttr, Binder binder, Object[] args, CultureInfo culture)
   at Castle.DynamicProxy.ProxyGenerator.CreateClassProxyInstance(Type proxyType, List`1 proxyArguments, Type classToProxy, Object[] constructorArguments)</StackTrace>
        </ErrorInfo>
      </Output>
    </UnitTestResult>
    <UnitTestResult executionId="7be4f9fd-59ad-4cf9-aeea-0aa8159537e1" testId="239a4cc1-6051-4648-1a72-a4dea208e744" testName="Aula.Tests.Bots.SlackMessageHandlerTests.HandleMessageAsync_WithReminderCommand_CallsReminderHandler(reminderCommand: &quot;tilføj påmindelse&quot;)" computerName="RHO-DESKTOP" duration="00:00:00.0010000" startTime="2025-06-30T17:11:27.6762022+02:00" endTime="2025-06-30T17:11:27.6762024+02:00" testType="13cdc9d9-ddb5-4fa4-a97d-d965ccfc6d4b" outcome="Failed" testListId="8c84fa94-04c1-424b-9868-57a2d4851a1d" relativeResultsDirectory="7be4f9fd-59ad-4cf9-aeea-0aa8159537e1">
      <Output>
        <ErrorInfo>
          <Message>System.ArgumentException : Can not instantiate proxy of class: Aula.Tools.ReminderCommandHandler.
Could not find a parameterless constructor. (Parameter 'constructorArguments')
---- System.MissingMethodException : Constructor on type 'Castle.Proxies.ReminderCommandHandlerProxy' not found.</Message>
          <StackTrace>   at Castle.DynamicProxy.ProxyGenerator.CreateClassProxyInstance(Type proxyType, List`1 proxyArguments, Type classToProxy, Object[] constructorArguments)
   at Castle.DynamicProxy.ProxyGenerator.CreateClassProxy(Type classToProxy, Type[] additionalInterfacesToProxy, ProxyGenerationOptions options, Object[] constructorArguments, IInterceptor[] interceptors)
   at Moq.CastleProxyFactory.CreateProxy(Type mockType, IInterceptor interceptor, Type[] interfaces, Object[] arguments) in /_/src/Moq/Interception/CastleProxyFactory.cs:line 62
   at Moq.Mock`1.InitializeInstance() in /_/src/Moq/Mock`1.cs:line 309
   at Moq.Mock`1.OnGetObject() in /_/src/Moq/Mock`1.cs:line 323
   at Moq.Mock.get_Object() in /_/src/Moq/Mock.cs:line 181
   at Moq.Mock`1.get_Object() in /_/src/Moq/Mock`1.cs:line 281
   at Aula.Tests.Bots.SlackMessageHandlerTests..ctor() in /mnt/d/git/aula/src/Aula.Tests/Bots/SlackMessageHandlerTests.cs:line 57
   at System.RuntimeType.CreateInstanceDefaultCtor(Boolean publicOnly, Boolean wrapExceptions)
----- Inner Stack Trace -----
   at System.RuntimeType.CreateInstanceImpl(BindingFlags bindingAttr, Binder binder, Object[] args, CultureInfo culture)
   at Castle.DynamicProxy.ProxyGenerator.CreateClassProxyInstance(Type proxyType, List`1 proxyArguments, Type classToProxy, Object[] constructorArguments)</StackTrace>
        </ErrorInfo>
      </Output>
    </UnitTestResult>
    <UnitTestResult executionId="360f45d3-9d81-45a3-8421-429f4677538f" testId="261e6035-42f7-283f-e93e-b518a8a74310" testName="Aula.Tests.Configuration.ConfigurationTests.Telegram_Token_ValidationTests(token: &quot;123456789:AABBCCDDEEFFGGHHTest&quot;, isValidFormat: True)" computerName="RHO-DESKTOP" duration="00:00:00.0076397" startTime="2025-06-30T17:11:28.0484150+02:00" endTime="2025-06-30T17:11:28.0484152+02:00" testType="13cdc9d9-ddb5-4fa4-a97d-d965ccfc6d4b" outcome="Passed" testListId="8c84fa94-04c1-424b-9868-57a2d4851a1d" relativeResultsDirectory="360f45d3-9d81-45a3-8421-429f4677538f" />
    <UnitTestResult executionId="2efb5a8e-9e10-41b9-9232-a60bf12cddc7" testId="bf1816b2-91f9-1cf0-a850-7a59915a1d13" testName="Aula.Tests.Scheduling.SchedulingServiceIntegrationTests.StopAsync_LogsInformationAndDoesNotThrow" computerName="RHO-DESKTOP" duration="00:00:00.0128261" startTime="2025-06-30T17:11:27.4999216+02:00" endTime="2025-06-30T17:11:27.4999217+02:00" testType="13cdc9d9-ddb5-4fa4-a97d-d965ccfc6d4b" outcome="Passed" testListId="8c84fa94-04c1-424b-9868-57a2d4851a1d" relativeResultsDirectory="2efb5a8e-9e10-41b9-9232-a60bf12cddc7" />
    <UnitTestResult executionId="d6fc437a-6c43-4f37-a9aa-26c2d6387006" testId="85d0bba0-b6e6-710e-0b38-be2340b6cfc9" testName="Aula.Tests.Configuration.ConfigurationTests.Features_ConversationCacheExpiration_ValidationTests(minutes: 0, isValid: False)" computerName="RHO-DESKTOP" duration="00:00:00.0057902" startTime="2025-06-30T17:11:28.0189354+02:00" endTime="2025-06-30T17:11:28.0189355+02:00" testType="13cdc9d9-ddb5-4fa4-a97d-d965ccfc6d4b" outcome="Passed" testListId="8c84fa94-04c1-424b-9868-57a2d4851a1d" relativeResultsDirectory="d6fc437a-6c43-4f37-a9aa-26c2d6387006" />
    <UnitTestResult executionId="c5f1bbbd-b4d5-4640-955d-d3a2b81ec708" testId="549e360d-ab9b-62ef-01b0-030fc984eb0c" testName="Aula.Tests.Utilities.ConversationContextManagerTests.UpdateContext_WithNullChildName_AllowsNull" computerName="RHO-DESKTOP" duration="00:00:00.0002073" startTime="2025-06-30T17:11:27.4091271+02:00" endTime="2025-06-30T17:11:27.4091272+02:00" testType="13cdc9d9-ddb5-4fa4-a97d-d965ccfc6d4b" outcome="Passed" testListId="8c84fa94-04c1-424b-9868-57a2d4851a1d" relativeResultsDirectory="c5f1bbbd-b4d5-4640-955d-d3a2b81ec708" />
    <UnitTestResult executionId="15a4b741-6f15-4ec0-b45b-ad1998653b01" testId="69b574fb-ea92-9743-3eea-a9b24f0ad213" testName="Aula.Tests.Bots.TelegramInteractiveBotTests.Constructor_WithDisabledTelegram_ThrowsInvalidOperationException" computerName="RHO-DESKTOP" duration="00:00:00.0017826" startTime="2025-06-30T17:11:29.4487753+02:00" endTime="2025-06-30T17:11:29.4487757+02:00" testType="13cdc9d9-ddb5-4fa4-a97d-d965ccfc6d4b" outcome="Passed" testListId="8c84fa94-04c1-424b-9868-57a2d4851a1d" relativeResultsDirectory="15a4b741-6f15-4ec0-b45b-ad1998653b01" />
    <UnitTestResult executionId="5dbe49e4-3e9c-4a50-92f6-294c65a49a54" testId="bdc09174-9d70-e652-ba81-c9f592504617" testName="Aula.Tests.Utilities.DateTimeUtilitiesTests.GetDanishDayName_ValidDayOfWeek_ReturnsCorrectDanishName(dayOfWeek: Saturday, expectedDanishName: &quot;lørdag&quot;)" computerName="RHO-DESKTOP" duration="00:00:00.0032829" startTime="2025-06-30T17:11:27.7069748+02:00" endTime="2025-06-30T17:11:27.7069749+02:00" testType="13cdc9d9-ddb5-4fa4-a97d-d965ccfc6d4b" outcome="Passed" testListId="8c84fa94-04c1-424b-9868-57a2d4851a1d" relativeResultsDirectory="5dbe49e4-3e9c-4a50-92f6-294c65a49a54" />
    <UnitTestResult executionId="a4bd3de9-1642-4423-bc0d-2e1aa2f1f726" testId="1f0fe7c3-6c96-e4f5-5773-3174c2ad66d2" testName="Aula.Tests.Utilities.JsonFormatterTests.Prettify_WithIncompleteJson_ThrowsException(incompleteJson: &quot;[&quot;)" computerName="RHO-DESKTOP" duration="00:00:00.0016109" startTime="2025-06-30T17:11:27.2625134+02:00" endTime="2025-06-30T17:11:27.2625135+02:00" testType="13cdc9d9-ddb5-4fa4-a97d-d965ccfc6d4b" outcome="Passed" testListId="8c84fa94-04c1-424b-9868-57a2d4851a1d" relativeResultsDirectory="a4bd3de9-1642-4423-bc0d-2e1aa2f1f726" />
    <UnitTestResult executionId="424e6025-3024-4697-a10e-d0bf080e8e0c" testId="900f1247-1180-3eee-0ffc-f108426b3d75" testName="Aula.Tests.Utilities.FollowUpQuestionDetectorTests.IsFollowUpQuestion_WithShortFollowUps_ReturnsTrue(input: &quot;Okay&quot;)" computerName="RHO-DESKTOP" duration="00:00:00.0000551" startTime="2025-06-30T17:11:27.7053042+02:00" endTime="2025-06-30T17:11:27.7053043+02:00" testType="13cdc9d9-ddb5-4fa4-a97d-d965ccfc6d4b" outcome="Passed" testListId="8c84fa94-04c1-424b-9868-57a2d4851a1d" relativeResultsDirectory="424e6025-3024-4697-a10e-d0bf080e8e0c" />
    <UnitTestResult executionId="32d026f4-0ed5-4eef-95ab-ac586bcf0d5d" testId="5db7f4ff-e78e-7e3c-537f-1a7b8a75bb0c" testName="Aula.Tests.Services.OpenAiServiceIntegrationTests.ProcessQueryWithToolsAsync_WithInvalidQuery_ThrowsArgumentException(query: &quot;   &quot;)" computerName="RHO-DESKTOP" duration="00:00:00.0032398" startTime="2025-06-30T17:11:27.4918373+02:00" endTime="2025-06-30T17:11:27.4918375+02:00" testType="13cdc9d9-ddb5-4fa4-a97d-d965ccfc6d4b" outcome="Failed" testListId="8c84fa94-04c1-424b-9868-57a2d4851a1d" relativeResultsDirectory="32d026f4-0ed5-4eef-95ab-ac586bcf0d5d">
      <Output>
        <ErrorInfo>
          <Message>System.ArgumentException : Can not instantiate proxy of class: Aula.Tools.AiToolsManager.
Could not find a parameterless constructor. (Parameter 'constructorArguments')
---- System.MissingMethodException : Constructor on type 'Castle.Proxies.AiToolsManagerProxy' not found.</Message>
          <StackTrace>   at Castle.DynamicProxy.ProxyGenerator.CreateClassProxyInstance(Type proxyType, List`1 proxyArguments, Type classToProxy, Object[] constructorArguments)
   at Castle.DynamicProxy.ProxyGenerator.CreateClassProxy(Type classToProxy, Type[] additionalInterfacesToProxy, ProxyGenerationOptions options, Object[] constructorArguments, IInterceptor[] interceptors)
   at Moq.CastleProxyFactory.CreateProxy(Type mockType, IInterceptor interceptor, Type[] interfaces, Object[] arguments) in /_/src/Moq/Interception/CastleProxyFactory.cs:line 62
   at Moq.Mock`1.InitializeInstance() in /_/src/Moq/Mock`1.cs:line 309
   at Moq.Mock`1.OnGetObject() in /_/src/Moq/Mock`1.cs:line 323
   at Moq.Mock.get_Object() in /_/src/Moq/Mock.cs:line 181
   at Moq.Mock`1.get_Object() in /_/src/Moq/Mock`1.cs:line 281
   at Aula.Tests.Services.OpenAiServiceIntegrationTests.ProcessQueryWithToolsAsync_WithInvalidQuery_ThrowsArgumentException(String query) in /mnt/d/git/aula/src/Aula.Tests/Services/OpenAiServiceIntegrationTests.cs:line 164
--- End of stack trace from previous location ---
----- Inner Stack Trace -----
   at System.RuntimeType.CreateInstanceImpl(BindingFlags bindingAttr, Binder binder, Object[] args, CultureInfo culture)
   at Castle.DynamicProxy.ProxyGenerator.CreateClassProxyInstance(Type proxyType, List`1 proxyArguments, Type classToProxy, Object[] constructorArguments)</StackTrace>
        </ErrorInfo>
      </Output>
    </UnitTestResult>
    <UnitTestResult executionId="9c7ba0f8-b4d6-4d4e-992e-cf21bb2af19e" testId="c877210f-bb9a-c13c-82b0-695b1245feeb" testName="Aula.Tests.Services.OpenAiServiceIntegrationTests.Constructor_WithNullApiKey_ThrowsArgumentException" computerName="RHO-DESKTOP" duration="00:00:00.0060847" startTime="2025-06-30T17:11:27.4614057+02:00" endTime="2025-06-30T17:11:27.4614059+02:00" testType="13cdc9d9-ddb5-4fa4-a97d-d965ccfc6d4b" outcome="Failed" testListId="8c84fa94-04c1-424b-9868-57a2d4851a1d" relativeResultsDirectory="9c7ba0f8-b4d6-4d4e-992e-cf21bb2af19e">
      <Output>
        <ErrorInfo>
          <Message>Assert.Equal() Failure: Strings differ
           ↓ (pos 0)
Expected: "apiKey"
Actual:   "constructorArguments"
           ↑ (pos 0)</Message>
          <StackTrace>   at Aula.Tests.Services.OpenAiServiceIntegrationTests.Constructor_WithNullApiKey_ThrowsArgumentException() in /mnt/d/git/aula/src/Aula.Tests/Services/OpenAiServiceIntegrationTests.cs:line 41
   at System.RuntimeMethodHandle.InvokeMethod(Object target, Void** arguments, Signature sig, Boolean isConstructor)
   at System.Reflection.MethodBaseInvoker.InvokeWithNoArgs(Object obj, BindingFlags invokeAttr)</StackTrace>
        </ErrorInfo>
      </Output>
    </UnitTestResult>
    <UnitTestResult executionId="7a244c51-e71d-431b-bccd-4fda54d33938" testId="d79cfa86-e515-004d-fe4e-214ac35ead55" testName="Aula.Tests.Utilities.FollowUpQuestionDetectorTests.IsFollowUpQuestion_WithPunctuationAroundChildName_WorksCorrectly(input: &quot;Emma's&quot;)" computerName="RHO-DESKTOP" duration="00:00:00.0000487" startTime="2025-06-30T17:11:27.7241811+02:00" endTime="2025-06-30T17:11:27.7241812+02:00" testType="13cdc9d9-ddb5-4fa4-a97d-d965ccfc6d4b" outcome="Passed" testListId="8c84fa94-04c1-424b-9868-57a2d4851a1d" relativeResultsDirectory="7a244c51-e71d-431b-bccd-4fda54d33938" />
    <UnitTestResult executionId="f9733272-38bc-45c7-baf6-f0e1cd50caa6" testId="4daab14e-239d-9692-7fbb-75ab5af4e5fe" testName="Aula.Tests.Utilities.WeekLetterContentExtractorTests.ExtractContent_Dynamic_WithMultipleUgebreve_ReturnsFirstContent" computerName="RHO-DESKTOP" duration="00:00:00.0044154" startTime="2025-06-30T17:11:27.4767194+02:00" endTime="2025-06-30T17:11:27.4767195+02:00" testType="13cdc9d9-ddb5-4fa4-a97d-d965ccfc6d4b" outcome="Passed" testListId="8c84fa94-04c1-424b-9868-57a2d4851a1d" relativeResultsDirectory="f9733272-38bc-45c7-baf6-f0e1cd50caa6" />
    <UnitTestResult executionId="9559c554-5de5-40d6-a1ab-f0001cde9265" testId="269fcbba-1520-c37c-832e-a6063e8324bb" testName="Aula.Tests.Utilities.ConversationContextManagerTests.UpdateContext_OverwritesExistingContext" computerName="RHO-DESKTOP" duration="00:00:00.0014035" startTime="2025-06-30T17:11:27.4679412+02:00" endTime="2025-06-30T17:11:27.4679413+02:00" testType="13cdc9d9-ddb5-4fa4-a97d-d965ccfc6d4b" outcome="Passed" testListId="8c84fa94-04c1-424b-9868-57a2d4851a1d" relativeResultsDirectory="9559c554-5de5-40d6-a1ab-f0001cde9265" />
    <UnitTestResult executionId="9389a47d-6622-49f1-95dc-3eeea7242413" testId="ab63d831-8e5f-0400-01ad-bd4bb81aa871" testName="Aula.Tests.Channels.TelegramClientTests.PostWeekLetter_WithEmptyWeekLetter_HandlesGracefully" computerName="RHO-DESKTOP" duration="00:00:00.0011448" startTime="2025-06-30T17:11:27.7396316+02:00" endTime="2025-06-30T17:11:27.7396317+02:00" testType="13cdc9d9-ddb5-4fa4-a97d-d965ccfc6d4b" outcome="Passed" testListId="8c84fa94-04c1-424b-9868-57a2d4851a1d" relativeResultsDirectory="9389a47d-6622-49f1-95dc-3eeea7242413" />
    <UnitTestResult executionId="1494581b-93bc-4f3b-b80c-9d6be039932e" testId="4aa54f00-5a60-e1ca-de86-bd0d6c5bb993" testName="Aula.Tests.Utilities.Html2SlackMarkdownConverterTests.Convert_WithMixedContentAndTags_ProcessesCorrectly" computerName="RHO-DESKTOP" duration="00:00:00.0021159" startTime="2025-06-30T17:11:27.9864085+02:00" endTime="2025-06-30T17:11:27.9864087+02:00" testType="13cdc9d9-ddb5-4fa4-a97d-d965ccfc6d4b" outcome="Passed" testListId="8c84fa94-04c1-424b-9868-57a2d4851a1d" relativeResultsDirectory="1494581b-93bc-4f3b-b80c-9d6be039932e" />
    <UnitTestResult executionId="ca5ead5a-0f2f-4e18-aa8d-46a0adf99df6" testId="19d5cf7b-2f75-2a41-694f-50c30d11f63c" testName="Aula.Tests.Utilities.FollowUpQuestionDetectorTests.IsFollowUpQuestion_WithUnicodeChildNames_WorksCorrectly(input: &quot;TestChild2&quot;)" computerName="RHO-DESKTOP" duration="00:00:00.0013839" startTime="2025-06-30T17:11:27.7070958+02:00" endTime="2025-06-30T17:11:27.7070960+02:00" testType="13cdc9d9-ddb5-4fa4-a97d-d965ccfc6d4b" outcome="Passed" testListId="8c84fa94-04c1-424b-9868-57a2d4851a1d" relativeResultsDirectory="ca5ead5a-0f2f-4e18-aa8d-46a0adf99df6" />
    <UnitTestResult executionId="ed2793aa-ad8c-4fd9-9404-408920156abb" testId="e8d7076c-1cb3-733b-4522-2a0049ab3d88" testName="Aula.Tests.Channels.SlackBotTests.PushWeekLetter_WithMissingContent_HandlesGracefully" computerName="RHO-DESKTOP" duration="00:00:00.0004608" startTime="2025-06-30T17:11:27.4723678+02:00" endTime="2025-06-30T17:11:27.4723679+02:00" testType="13cdc9d9-ddb5-4fa4-a97d-d965ccfc6d4b" outcome="Passed" testListId="8c84fa94-04c1-424b-9868-57a2d4851a1d" relativeResultsDirectory="ed2793aa-ad8c-4fd9-9404-408920156abb" />
    <UnitTestResult executionId="bca45b6e-3ecd-4328-a5c6-69f033a5e519" testId="1a0f9073-85e9-ddfd-302a-6b8e7f408be7" testName="Aula.Tests.Utilities.ReminderExtractionPromptsTests.GetExtractionPrompt_ContainsExpectedResponseFormat" computerName="RHO-DESKTOP" duration="00:00:00.0003936" startTime="2025-06-30T17:11:27.2683452+02:00" endTime="2025-06-30T17:11:27.2683452+02:00" testType="13cdc9d9-ddb5-4fa4-a97d-d965ccfc6d4b" outcome="Passed" testListId="8c84fa94-04c1-424b-9868-57a2d4851a1d" relativeResultsDirectory="bca45b6e-3ecd-4328-a5c6-69f033a5e519" />
    <UnitTestResult executionId="d03752bf-43b1-44fa-befc-1f9e2870e6ec" testId="3dfa9941-19c4-5af8-c083-d23b4b389829" testName="Aula.Tests.Utilities.FollowUpQuestionDetectorTests.IsFollowUpQuestion_WithLongMessageContainingChildName_ReturnsFalse(input: &quot;A detailed question about Liam's homework that is &quot;···)" computerName="RHO-DESKTOP" duration="00:00:00.0010357" startTime="2025-06-30T17:11:27.6765323+02:00" endTime="2025-06-30T17:11:27.6765324+02:00" testType="13cdc9d9-ddb5-4fa4-a97d-d965ccfc6d4b" outcome="Passed" testListId="8c84fa94-04c1-424b-9868-57a2d4851a1d" relativeResultsDirectory="d03752bf-43b1-44fa-befc-1f9e2870e6ec" />
    <UnitTestResult executionId="3de1b441-47ea-494d-b6b6-fbf82bf0af62" testId="dd05b666-876a-55fb-e7fc-780febc2a53a" testName="Aula.Tests.Configuration.ConfigurationTests.Features_ConversationCacheExpiration_ValidationTests(minutes: 60, isValid: True)" computerName="RHO-DESKTOP" duration="00:00:00.0046822" startTime="2025-06-30T17:11:28.0035404+02:00" endTime="2025-06-30T17:11:28.0035405+02:00" testType="13cdc9d9-ddb5-4fa4-a97d-d965ccfc6d4b" outcome="Passed" testListId="8c84fa94-04c1-424b-9868-57a2d4851a1d" relativeResultsDirectory="3de1b441-47ea-494d-b6b6-fbf82bf0af62" />
    <UnitTestResult executionId="fd448715-84de-4452-bb33-c086421eb94b" testId="246fef16-9927-64a6-e903-fbc6b513e4a7" testName="Aula.Tests.Configuration.ConfigurationTests.Timers_DefaultValues_AreCorrect" computerName="RHO-DESKTOP" duration="00:00:00.0057884" startTime="2025-06-30T17:11:28.2801129+02:00" endTime="2025-06-30T17:11:28.2801130+02:00" testType="13cdc9d9-ddb5-4fa4-a97d-d965ccfc6d4b" outcome="Passed" testListId="8c84fa94-04c1-424b-9868-57a2d4851a1d" relativeResultsDirectory="fd448715-84de-4452-bb33-c086421eb94b" />
    <UnitTestResult executionId="3a23f339-defa-4d84-be0e-10858f15ff57" testId="c6a91ea6-2e10-8e99-6511-4f3dfcc58033" testName="Aula.Tests.Utilities.FollowUpQuestionDetectorTests.IsFollowUpQuestion_WithWhitespaceOnly_ReturnsFalse" computerName="RHO-DESKTOP" duration="00:00:00.0002725" startTime="2025-06-30T17:11:27.7239082+02:00" endTime="2025-06-30T17:11:27.7239083+02:00" testType="13cdc9d9-ddb5-4fa4-a97d-d965ccfc6d4b" outcome="Passed" testListId="8c84fa94-04c1-424b-9868-57a2d4851a1d" relativeResultsDirectory="3a23f339-defa-4d84-be0e-10858f15ff57" />
    <UnitTestResult executionId="1ce7b3fe-919e-4e76-9bfa-cd1b884ba9ce" testId="6168ca12-341a-f09a-6cdf-6dd1f68c911d" testName="Aula.Tests.Utilities.IntentAnalysisPromptsTests.ToolExamples_CoverExpectedUseCase(expectedKey: &quot;INFORMATION_QUERY&quot;, queryPattern: &quot;what&quot;)" computerName="RHO-DESKTOP" duration="00:00:00.0000335" startTime="2025-06-30T17:11:27.6414271+02:00" endTime="2025-06-30T17:11:27.6414273+02:00" testType="13cdc9d9-ddb5-4fa4-a97d-d965ccfc6d4b" outcome="Passed" testListId="8c84fa94-04c1-424b-9868-57a2d4851a1d" relativeResultsDirectory="1ce7b3fe-919e-4e76-9bfa-cd1b884ba9ce" />
    <UnitTestResult executionId="3934c051-2336-45d8-b88d-d6be522132d9" testId="5a77b1b5-bbb4-8a72-a72e-32591bd8597a" testName="Aula.Tests.Integration.MinUddannelseClientTests.Constructor_WithValidConfig_CreatesInstance" computerName="RHO-DESKTOP" duration="00:00:00.0071502" startTime="2025-06-30T17:11:27.5039634+02:00" endTime="2025-06-30T17:11:27.5039635+02:00" testType="13cdc9d9-ddb5-4fa4-a97d-d965ccfc6d4b" outcome="Passed" testListId="8c84fa94-04c1-424b-9868-57a2d4851a1d" relativeResultsDirectory="3934c051-2336-45d8-b88d-d6be522132d9" />
    <UnitTestResult executionId="f6224534-34c6-45f5-bbfd-3c0ddb2ffcc9" testId="ca4a7c7d-ea0c-9793-dbdd-ecdb86ee62d2" testName="Aula.Tests.Services.DataServiceTests.CacheWeekSchedule_StoresDataInCache" computerName="RHO-DESKTOP" duration="00:00:00.0010811" startTime="2025-06-30T17:11:27.3818678+02:00" endTime="2025-06-30T17:11:27.3818681+02:00" testType="13cdc9d9-ddb5-4fa4-a97d-d965ccfc6d4b" outcome="Passed" testListId="8c84fa94-04c1-424b-9868-57a2d4851a1d" relativeResultsDirectory="f6224534-34c6-45f5-bbfd-3c0ddb2ffcc9" />
    <UnitTestResult executionId="73019485-bd74-4e48-885b-2339e6a8979c" testId="aa45be65-ee7b-6980-b008-5b44e798506b" testName="Aula.Tests.Channels.SlackBotTests.PostWeekLetter_WithVariousChildColors_HandlesCorrectly(color: &quot;#FF0000&quot;)" computerName="RHO-DESKTOP" duration="00:00:00.0008550" startTime="2025-06-30T17:11:27.4368829+02:00" endTime="2025-06-30T17:11:27.4368830+02:00" testType="13cdc9d9-ddb5-4fa4-a97d-d965ccfc6d4b" outcome="Passed" testListId="8c84fa94-04c1-424b-9868-57a2d4851a1d" relativeResultsDirectory="73019485-bd74-4e48-885b-2339e6a8979c" />
    <UnitTestResult executionId="d2db494c-d498-44c1-946e-07d23f2b9190" testId="e76b4e50-70e5-0b84-1a79-8432276bb6be" testName="Aula.Tests.Services.OpenAiServiceTests.OpenAiService_Constructor_WithApiKey_InitializesCorrectly" computerName="RHO-DESKTOP" duration="00:00:00.0019526" startTime="2025-06-30T17:11:27.4077755+02:00" endTime="2025-06-30T17:11:27.4077757+02:00" testType="13cdc9d9-ddb5-4fa4-a97d-d965ccfc6d4b" outcome="Passed" testListId="8c84fa94-04c1-424b-9868-57a2d4851a1d" relativeResultsDirectory="d2db494c-d498-44c1-946e-07d23f2b9190" />
    <UnitTestResult executionId="8eee6519-1fa5-4422-b622-89925311a214" testId="136b7217-45c6-b3d8-34fb-6ee727eb66f5" testName="Aula.Tests.Tools.ReminderCommandHandlerTests.TryHandleReminderCommand_DeleteReminder_ValidCommands_ReturnsSuccess(command: &quot;delete reminder 123&quot;, isEnglish: True, expectedId: 123)" computerName="RHO-DESKTOP" duration="00:00:00.0157585" startTime="2025-06-30T17:11:27.7144333+02:00" endTime="2025-06-30T17:11:27.7144334+02:00" testType="13cdc9d9-ddb5-4fa4-a97d-d965ccfc6d4b" outcome="Passed" testListId="8c84fa94-04c1-424b-9868-57a2d4851a1d" relativeResultsDirectory="8eee6519-1fa5-4422-b622-89925311a214" />
    <UnitTestResult executionId="692c3c90-e4d9-4e15-aaad-468ab98e6fcb" testId="74223507-0b05-49e9-aad1-655b0b7c8f6e" testName="Aula.Tests.Channels.SlackBotTests.PushWeekLetter_WithNullWeekLetter_ReturnsFalse" computerName="RHO-DESKTOP" duration="00:00:00.0012090" startTime="2025-06-30T17:11:27.4384484+02:00" endTime="2025-06-30T17:11:27.4384485+02:00" testType="13cdc9d9-ddb5-4fa4-a97d-d965ccfc6d4b" outcome="Passed" testListId="8c84fa94-04c1-424b-9868-57a2d4851a1d" relativeResultsDirectory="692c3c90-e4d9-4e15-aaad-468ab98e6fcb" />
    <UnitTestResult executionId="cd9452aa-5f7a-4acf-80cd-4b871e9423bb" testId="5befb21e-f374-5353-37db-f8026e3c1253" testName="Aula.Tests.Bots.TelegramMessageHandlerTests.Constructor_WithNullConversationContextManager_ThrowsArgumentNullException" computerName="RHO-DESKTOP" duration="00:00:00.0010000" startTime="2025-06-30T17:11:27.5990438+02:00" endTime="2025-06-30T17:11:27.5990440+02:00" testType="13cdc9d9-ddb5-4fa4-a97d-d965ccfc6d4b" outcome="Failed" testListId="8c84fa94-04c1-424b-9868-57a2d4851a1d" relativeResultsDirectory="cd9452aa-5f7a-4acf-80cd-4b871e9423bb">
      <Output>
        <ErrorInfo>
          <Message>System.ArgumentException : Can not instantiate proxy of class: Aula.Utilities.ConversationContextManager`1[[System.Int64, System.Private.CoreLib, Version=9.0.0.0, Culture=neutral, PublicKeyToken=7cec85d7bea7798e]].
Could not find a parameterless constructor. (Parameter 'constructorArguments')
---- System.MissingMethodException : Constructor on type 'Castle.Proxies.ConversationContextManager`1Proxy' not found.</Message>
          <StackTrace>   at Castle.DynamicProxy.ProxyGenerator.CreateClassProxyInstance(Type proxyType, List`1 proxyArguments, Type classToProxy, Object[] constructorArguments)
   at Castle.DynamicProxy.ProxyGenerator.CreateClassProxy(Type classToProxy, Type[] additionalInterfacesToProxy, ProxyGenerationOptions options, Object[] constructorArguments, IInterceptor[] interceptors)
   at Moq.CastleProxyFactory.CreateProxy(Type mockType, IInterceptor interceptor, Type[] interfaces, Object[] arguments) in /_/src/Moq/Interception/CastleProxyFactory.cs:line 62
   at Moq.Mock`1.InitializeInstance() in /_/src/Moq/Mock`1.cs:line 309
   at Moq.Mock`1.OnGetObject() in /_/src/Moq/Mock`1.cs:line 323
   at Moq.Mock.get_Object() in /_/src/Moq/Mock.cs:line 181
   at Moq.Mock`1.get_Object() in /_/src/Moq/Mock`1.cs:line 281
   at Aula.Tests.Bots.TelegramMessageHandlerTests..ctor() in /mnt/d/git/aula/src/Aula.Tests/Bots/TelegramMessageHandlerTests.cs:line 63
   at System.RuntimeType.CreateInstanceDefaultCtor(Boolean publicOnly, Boolean wrapExceptions)
----- Inner Stack Trace -----
   at System.RuntimeType.CreateInstanceImpl(BindingFlags bindingAttr, Binder binder, Object[] args, CultureInfo culture)
   at Castle.DynamicProxy.ProxyGenerator.CreateClassProxyInstance(Type proxyType, List`1 proxyArguments, Type classToProxy, Object[] constructorArguments)</StackTrace>
        </ErrorInfo>
      </Output>
    </UnitTestResult>
    <UnitTestResult executionId="dff9ce4c-6e2c-4e70-af27-1e737be0f29b" testId="a91693fe-7a60-fb25-8c1a-3c9d5103f720" testName="Aula.Tests.Bots.TelegramMessageHandlerTests.HandleMessageAsync_WithNullText_ReturnsEarly" computerName="RHO-DESKTOP" duration="00:00:00.0010000" startTime="2025-06-30T17:11:27.6124677+02:00" endTime="2025-06-30T17:11:27.6124678+02:00" testType="13cdc9d9-ddb5-4fa4-a97d-d965ccfc6d4b" outcome="Failed" testListId="8c84fa94-04c1-424b-9868-57a2d4851a1d" relativeResultsDirectory="dff9ce4c-6e2c-4e70-af27-1e737be0f29b">
      <Output>
        <ErrorInfo>
          <Message>System.ArgumentException : Can not instantiate proxy of class: Aula.Utilities.ConversationContextManager`1[[System.Int64, System.Private.CoreLib, Version=9.0.0.0, Culture=neutral, PublicKeyToken=7cec85d7bea7798e]].
Could not find a parameterless constructor. (Parameter 'constructorArguments')
---- System.MissingMethodException : Constructor on type 'Castle.Proxies.ConversationContextManager`1Proxy' not found.</Message>
          <StackTrace>   at Castle.DynamicProxy.ProxyGenerator.CreateClassProxyInstance(Type proxyType, List`1 proxyArguments, Type classToProxy, Object[] constructorArguments)
   at Castle.DynamicProxy.ProxyGenerator.CreateClassProxy(Type classToProxy, Type[] additionalInterfacesToProxy, ProxyGenerationOptions options, Object[] constructorArguments, IInterceptor[] interceptors)
   at Moq.CastleProxyFactory.CreateProxy(Type mockType, IInterceptor interceptor, Type[] interfaces, Object[] arguments) in /_/src/Moq/Interception/CastleProxyFactory.cs:line 62
   at Moq.Mock`1.InitializeInstance() in /_/src/Moq/Mock`1.cs:line 309
   at Moq.Mock`1.OnGetObject() in /_/src/Moq/Mock`1.cs:line 323
   at Moq.Mock.get_Object() in /_/src/Moq/Mock.cs:line 181
   at Moq.Mock`1.get_Object() in /_/src/Moq/Mock`1.cs:line 281
   at Aula.Tests.Bots.TelegramMessageHandlerTests..ctor() in /mnt/d/git/aula/src/Aula.Tests/Bots/TelegramMessageHandlerTests.cs:line 63
   at System.RuntimeType.CreateInstanceDefaultCtor(Boolean publicOnly, Boolean wrapExceptions)
----- Inner Stack Trace -----
   at System.RuntimeType.CreateInstanceImpl(BindingFlags bindingAttr, Binder binder, Object[] args, CultureInfo culture)
   at Castle.DynamicProxy.ProxyGenerator.CreateClassProxyInstance(Type proxyType, List`1 proxyArguments, Type classToProxy, Object[] constructorArguments)</StackTrace>
        </ErrorInfo>
      </Output>
    </UnitTestResult>
    <UnitTestResult executionId="d3e9e51b-6dfe-4ed1-8761-72d9bbf99dca" testId="0d3d8599-f426-1393-a900-8c97239c2db0" testName="Aula.Tests.Bots.SlackMessageHandlerTests.Constructor_WithNullChildrenByName_ThrowsArgumentNullException" computerName="RHO-DESKTOP" duration="00:00:00.0010000" startTime="2025-06-30T17:11:27.6967926+02:00" endTime="2025-06-30T17:11:27.6967927+02:00" testType="13cdc9d9-ddb5-4fa4-a97d-d965ccfc6d4b" outcome="Failed" testListId="8c84fa94-04c1-424b-9868-57a2d4851a1d" relativeResultsDirectory="d3e9e51b-6dfe-4ed1-8761-72d9bbf99dca">
      <Output>
        <ErrorInfo>
          <Message>System.ArgumentException : Can not instantiate proxy of class: Aula.Tools.ReminderCommandHandler.
Could not find a parameterless constructor. (Parameter 'constructorArguments')
---- System.MissingMethodException : Constructor on type 'Castle.Proxies.ReminderCommandHandlerProxy' not found.</Message>
          <StackTrace>   at Castle.DynamicProxy.ProxyGenerator.CreateClassProxyInstance(Type proxyType, List`1 proxyArguments, Type classToProxy, Object[] constructorArguments)
   at Castle.DynamicProxy.ProxyGenerator.CreateClassProxy(Type classToProxy, Type[] additionalInterfacesToProxy, ProxyGenerationOptions options, Object[] constructorArguments, IInterceptor[] interceptors)
   at Moq.CastleProxyFactory.CreateProxy(Type mockType, IInterceptor interceptor, Type[] interfaces, Object[] arguments) in /_/src/Moq/Interception/CastleProxyFactory.cs:line 62
   at Moq.Mock`1.InitializeInstance() in /_/src/Moq/Mock`1.cs:line 309
   at Moq.Mock`1.OnGetObject() in /_/src/Moq/Mock`1.cs:line 323
   at Moq.Mock.get_Object() in /_/src/Moq/Mock.cs:line 181
   at Moq.Mock`1.get_Object() in /_/src/Moq/Mock`1.cs:line 281
   at Aula.Tests.Bots.SlackMessageHandlerTests..ctor() in /mnt/d/git/aula/src/Aula.Tests/Bots/SlackMessageHandlerTests.cs:line 57
   at System.RuntimeType.CreateInstanceDefaultCtor(Boolean publicOnly, Boolean wrapExceptions)
----- Inner Stack Trace -----
   at System.RuntimeType.CreateInstanceImpl(BindingFlags bindingAttr, Binder binder, Object[] args, CultureInfo culture)
   at Castle.DynamicProxy.ProxyGenerator.CreateClassProxyInstance(Type proxyType, List`1 proxyArguments, Type classToProxy, Object[] constructorArguments)</StackTrace>
        </ErrorInfo>
      </Output>
    </UnitTestResult>
    <UnitTestResult executionId="afe566b8-0cf3-4667-8644-3bfe63b6dbfa" testId="1165a140-06de-3614-5098-865084a74fa6" testName="Aula.Tests.Channels.SlackBotTests.SendTestMessage_WithVariousMessages_DoesNotThrow(message: &quot;&quot;)" computerName="RHO-DESKTOP" duration="00:00:00.0008703" startTime="2025-06-30T17:11:27.4399939+02:00" endTime="2025-06-30T17:11:27.4399940+02:00" testType="13cdc9d9-ddb5-4fa4-a97d-d965ccfc6d4b" outcome="Passed" testListId="8c84fa94-04c1-424b-9868-57a2d4851a1d" relativeResultsDirectory="afe566b8-0cf3-4667-8644-3bfe63b6dbfa" />
    <UnitTestResult executionId="9374c208-2a13-4c5c-92a1-6ac7af97f073" testId="85a1665e-7de4-7e52-079a-cc1001b34152" testName="Aula.Tests.Utilities.JsonFormatterTests.Prettify_WithEmptyString_ReturnsNull" computerName="RHO-DESKTOP" duration="00:00:00.0245239" startTime="2025-06-30T17:11:27.1800774+02:00" endTime="2025-06-30T17:11:27.1800776+02:00" testType="13cdc9d9-ddb5-4fa4-a97d-d965ccfc6d4b" outcome="Passed" testListId="8c84fa94-04c1-424b-9868-57a2d4851a1d" relativeResultsDirectory="9374c208-2a13-4c5c-92a1-6ac7af97f073" />
    <UnitTestResult executionId="fe05ef69-0cd7-46fb-a20a-a5e108ce6e21" testId="ff95ed9b-b21e-cfc2-30db-e8fe216a909d" testName="Aula.Tests.Services.DataModelTests.PostedLetter_WeekNumberValidation_ReturnsExpectedResult(weekNumber: 1, year: 2023, isValid: True)" computerName="RHO-DESKTOP" duration="00:00:00.0006056" startTime="2025-06-30T17:11:27.2594786+02:00" endTime="2025-06-30T17:11:27.2594787+02:00" testType="13cdc9d9-ddb5-4fa4-a97d-d965ccfc6d4b" outcome="Passed" testListId="8c84fa94-04c1-424b-9868-57a2d4851a1d" relativeResultsDirectory="fe05ef69-0cd7-46fb-a20a-a5e108ce6e21" />
    <UnitTestResult executionId="718fa30f-f0ee-4435-8399-8e60852214e6" testId="9c588f7d-a367-036e-096a-5d287bfe9650" testName="Aula.Tests.Scheduling.SchedulingServiceIntegrationTests.StartAsync_WhenCalled_LogsCorrectMessage" computerName="RHO-DESKTOP" duration="00:00:00.0277709" startTime="2025-06-30T17:11:27.4680167+02:00" endTime="2025-06-30T17:11:27.4680168+02:00" testType="13cdc9d9-ddb5-4fa4-a97d-d965ccfc6d4b" outcome="Passed" testListId="8c84fa94-04c1-424b-9868-57a2d4851a1d" relativeResultsDirectory="718fa30f-f0ee-4435-8399-8e60852214e6" />
    <UnitTestResult executionId="b31d85a3-fbae-44fa-a534-a6c12a30022e" testId="4d32377c-3003-92bb-8a9b-867e419dcb6a" testName="Aula.Tests.Utilities.ReminderExtractionPromptsTests.GetExtractionPrompt_WithVariousCurrentTimes_CalculatesRelativeDatesCorrectly(currentTimeStr: &quot;2025-01-01 00:00:00&quot;)" computerName="RHO-DESKTOP" duration="00:00:00.0012082" startTime="2025-06-30T17:11:27.2660420+02:00" endTime="2025-06-30T17:11:27.2660421+02:00" testType="13cdc9d9-ddb5-4fa4-a97d-d965ccfc6d4b" outcome="Passed" testListId="8c84fa94-04c1-424b-9868-57a2d4851a1d" relativeResultsDirectory="b31d85a3-fbae-44fa-a534-a6c12a30022e" />
    <UnitTestResult executionId="52ff518c-f73f-4864-9dd9-0259d769099c" testId="3244b8c7-1294-20bc-2d35-4ae6283e4c3a" testName="Aula.Tests.Utilities.FollowUpQuestionDetectorTests.IsFollowUpQuestion_WithEnglishFollowUpPhrases_ReturnsTrue(input: &quot;and what about today&quot;)" computerName="RHO-DESKTOP" duration="00:00:00.0000494" startTime="2025-06-30T17:11:27.6853288+02:00" endTime="2025-06-30T17:11:27.6853289+02:00" testType="13cdc9d9-ddb5-4fa4-a97d-d965ccfc6d4b" outcome="Passed" testListId="8c84fa94-04c1-424b-9868-57a2d4851a1d" relativeResultsDirectory="52ff518c-f73f-4864-9dd9-0259d769099c" />
    <UnitTestResult executionId="8decf550-412b-47b1-bebd-1a2f23be4e7f" testId="7c385ac2-1fdf-ebb2-6450-e82cd794ae73" testName="Aula.Tests.Services.OpenAiServiceTests.OpenAiService_Internal_Constructor_CanBeUsedForTesting" computerName="RHO-DESKTOP" duration="00:00:00.0014438" startTime="2025-06-30T17:11:27.4006685+02:00" endTime="2025-06-30T17:11:27.4006686+02:00" testType="13cdc9d9-ddb5-4fa4-a97d-d965ccfc6d4b" outcome="Passed" testListId="8c84fa94-04c1-424b-9868-57a2d4851a1d" relativeResultsDirectory="8decf550-412b-47b1-bebd-1a2f23be4e7f" />
    <UnitTestResult executionId="651961cd-e111-4220-989c-af4e6a0bac5a" testId="2c3c35ba-d19e-e494-0ed2-32abdacfd200" testName="Aula.Tests.Utilities.DateTimeUtilitiesTests.GetDanishDayName_AllValidDaysOfWeek_ReturnsNonEmptyString(dayOfWeek: Sunday)" computerName="RHO-DESKTOP" duration="00:00:00.0000184" startTime="2025-06-30T17:11:27.7100205+02:00" endTime="2025-06-30T17:11:27.7100206+02:00" testType="13cdc9d9-ddb5-4fa4-a97d-d965ccfc6d4b" outcome="Passed" testListId="8c84fa94-04c1-424b-9868-57a2d4851a1d" relativeResultsDirectory="651961cd-e111-4220-989c-af4e6a0bac5a" />
    <UnitTestResult executionId="b18611a7-ddf8-4038-a8a9-2ebe16ae9a1a" testId="a774f8ba-9074-00fb-1dda-7e4eac4a4d85" testName="Aula.Tests.Utilities.ConversationContextManagerTests.GetContext_WithExpiredContext_ReturnsNullAndRemovesContext" computerName="RHO-DESKTOP" duration="00:00:00.1567822" startTime="2025-06-30T17:11:27.3896227+02:00" endTime="2025-06-30T17:11:27.3896228+02:00" testType="13cdc9d9-ddb5-4fa4-a97d-d965ccfc6d4b" outcome="Passed" testListId="8c84fa94-04c1-424b-9868-57a2d4851a1d" relativeResultsDirectory="b18611a7-ddf8-4038-a8a9-2ebe16ae9a1a" />
    <UnitTestResult executionId="3d7514fa-d36a-4320-b788-36c2d037dacf" testId="2d15b0d6-fa3e-2b57-b48d-334f6fde3b35" testName="Aula.Tests.Services.DataModelTests.PostedLetter_WithProperties_SetsCorrectly" computerName="RHO-DESKTOP" duration="00:00:00.0009109" startTime="2025-06-30T17:11:27.2579782+02:00" endTime="2025-06-30T17:11:27.2579783+02:00" testType="13cdc9d9-ddb5-4fa4-a97d-d965ccfc6d4b" outcome="Passed" testListId="8c84fa94-04c1-424b-9868-57a2d4851a1d" relativeResultsDirectory="3d7514fa-d36a-4320-b788-36c2d037dacf" />
    <UnitTestResult executionId="e7c4a0a6-32f8-47e0-9c17-c0fb26052403" testId="8f33f9a6-1eb9-ea36-c5af-b36c0c8860de" testName="Aula.Tests.Utilities.JsonFormatterTests.Prettify_WithValidJson_ReturnsFormattedJson" computerName="RHO-DESKTOP" duration="00:00:00.0003155" startTime="2025-06-30T17:11:27.2635360+02:00" endTime="2025-06-30T17:11:27.2635361+02:00" testType="13cdc9d9-ddb5-4fa4-a97d-d965ccfc6d4b" outcome="Passed" testListId="8c84fa94-04c1-424b-9868-57a2d4851a1d" relativeResultsDirectory="e7c4a0a6-32f8-47e0-9c17-c0fb26052403" />
    <UnitTestResult executionId="e97c8c99-8851-4fbf-b561-e1f8f91ab80c" testId="2c92fdb3-d95d-1632-c5b9-2a0e8c5892ee" testName="Aula.Tests.Utilities.ConversationContextTests.ToString_WithEmptyChildName_ShowsEmptyString" computerName="RHO-DESKTOP" duration="00:00:00.0314623" startTime="2025-06-30T17:11:27.2591180+02:00" endTime="2025-06-30T17:11:27.2591181+02:00" testType="13cdc9d9-ddb5-4fa4-a97d-d965ccfc6d4b" outcome="Passed" testListId="8c84fa94-04c1-424b-9868-57a2d4851a1d" relativeResultsDirectory="e97c8c99-8851-4fbf-b561-e1f8f91ab80c" />
    <UnitTestResult executionId="f37c6626-34e5-4fae-aee8-384a6e12eee8" testId="0de09b0b-f0e0-0518-809a-6a317cadda64" testName="Aula.Tests.Utilities.Html2SlackMarkdownConverterTests.Convert_WithVeryLongContent_HandlesPerformantly" computerName="RHO-DESKTOP" duration="00:00:00.2251786" startTime="2025-06-30T17:11:27.9353293+02:00" endTime="2025-06-30T17:11:27.9353295+02:00" testType="13cdc9d9-ddb5-4fa4-a97d-d965ccfc6d4b" outcome="Passed" testListId="8c84fa94-04c1-424b-9868-57a2d4851a1d" relativeResultsDirectory="f37c6626-34e5-4fae-aee8-384a6e12eee8" />
    <UnitTestResult executionId="dd3fa0df-3b9b-483b-890c-7bdefa7772ee" testId="bda17d36-b490-5d6a-2ec9-eac27d02fc34" testName="Aula.Tests.Utilities.IntentAnalysisPromptsTests.ToolExamples_ContainsRequiredKeys(key: &quot;LIST_REMINDERS&quot;)" computerName="RHO-DESKTOP" duration="00:00:00.0000085" startTime="2025-06-30T17:11:27.6418734+02:00" endTime="2025-06-30T17:11:27.6418735+02:00" testType="13cdc9d9-ddb5-4fa4-a97d-d965ccfc6d4b" outcome="Passed" testListId="8c84fa94-04c1-424b-9868-57a2d4851a1d" relativeResultsDirectory="dd3fa0df-3b9b-483b-890c-7bdefa7772ee" />
    <UnitTestResult executionId="72f14be3-8ef3-4155-b651-2a3dab349e62" testId="a68a27ee-ced5-7055-06ba-12f96958b28f" testName="Aula.Tests.Utilities.DateTimeUtilitiesTests.GetDanishDayName_ValidDayOfWeek_ReturnsCorrectDanishName(dayOfWeek: Wednesday, expectedDanishName: &quot;onsdag&quot;)" computerName="RHO-DESKTOP" duration="00:00:00.0000068" startTime="2025-06-30T17:11:27.7079951+02:00" endTime="2025-06-30T17:11:27.7079952+02:00" testType="13cdc9d9-ddb5-4fa4-a97d-d965ccfc6d4b" outcome="Passed" testListId="8c84fa94-04c1-424b-9868-57a2d4851a1d" relativeResultsDirectory="72f14be3-8ef3-4155-b651-2a3dab349e62" />
    <UnitTestResult executionId="e5365947-5475-488f-835a-ed2e1e71739f" testId="979280e2-dfe1-0cec-d81f-8909f7e24c33" testName="Aula.Tests.Utilities.Html2SlackMarkdownConverterTests.Convert_WithSimpleHtml_ConvertsCorrectly" computerName="RHO-DESKTOP" duration="00:00:00.0007454" startTime="2025-06-30T17:11:27.9752025+02:00" endTime="2025-06-30T17:11:27.9752026+02:00" testType="13cdc9d9-ddb5-4fa4-a97d-d965ccfc6d4b" outcome="Passed" testListId="8c84fa94-04c1-424b-9868-57a2d4851a1d" relativeResultsDirectory="e5365947-5475-488f-835a-ed2e1e71739f" />
    <UnitTestResult executionId="ffeeccaa-b0f7-4676-bb92-6a3653b2b710" testId="967c7597-5e79-4d07-d160-f7fa685685a7" testName="Aula.Tests.Utilities.WeekLetterContentExtractorTests.ExtractContent_Dynamic_WithValidData_ReturnsContent" computerName="RHO-DESKTOP" duration="00:00:00.0023029" startTime="2025-06-30T17:11:27.4779071+02:00" endTime="2025-06-30T17:11:27.4779072+02:00" testType="13cdc9d9-ddb5-4fa4-a97d-d965ccfc6d4b" outcome="Passed" testListId="8c84fa94-04c1-424b-9868-57a2d4851a1d" relativeResultsDirectory="ffeeccaa-b0f7-4676-bb92-6a3653b2b710" />
    <UnitTestResult executionId="751420fb-c681-4f1c-bbfa-42aebf1e6353" testId="f298d898-68fb-30c9-25a2-94ce20f4fdb3" testName="Aula.Tests.Utilities.WeekLetterContentExtractorTests.ExtractContent_WithMissingIndhold_ReturnsEmptyString" computerName="RHO-DESKTOP" duration="00:00:00.0001856" startTime="2025-06-30T17:11:27.4823630+02:00" endTime="2025-06-30T17:11:27.4823631+02:00" testType="13cdc9d9-ddb5-4fa4-a97d-d965ccfc6d4b" outcome="Passed" testListId="8c84fa94-04c1-424b-9868-57a2d4851a1d" relativeResultsDirectory="751420fb-c681-4f1c-bbfa-42aebf1e6353" />
    <UnitTestResult executionId="52e34b1f-5812-4e4b-8975-d97aec6668d1" testId="c1d38bdc-38f6-c12c-a7df-652ec55b291d" testName="Aula.Tests.Tools.ReminderCommandHandlerTests.TryHandleReminderCommand_DeleteReminder_ValidCommands_ReturnsSuccess(command: &quot;slet påmindelse 456&quot;, isEnglish: False, expectedId: 456)" computerName="RHO-DESKTOP" duration="00:00:00.0137545" startTime="2025-06-30T17:11:27.7229304+02:00" endTime="2025-06-30T17:11:27.7229305+02:00" testType="13cdc9d9-ddb5-4fa4-a97d-d965ccfc6d4b" outcome="Passed" testListId="8c84fa94-04c1-424b-9868-57a2d4851a1d" relativeResultsDirectory="52e34b1f-5812-4e4b-8975-d97aec6668d1" />
    <UnitTestResult executionId="320bc72d-82ce-4484-8f0b-861a33cc1cf8" testId="42206b57-8aa0-871e-4287-4e3c8a3cc6ec" testName="Aula.Tests.Configuration.ConfigurationTests.Timers_SchedulingInterval_ValidationTests(intervalSeconds: 3661, isValid: False)" computerName="RHO-DESKTOP" duration="00:00:00.0067060" startTime="2025-06-30T17:11:28.1295758+02:00" endTime="2025-06-30T17:11:28.1295759+02:00" testType="13cdc9d9-ddb5-4fa4-a97d-d965ccfc6d4b" outcome="Passed" testListId="8c84fa94-04c1-424b-9868-57a2d4851a1d" relativeResultsDirectory="320bc72d-82ce-4484-8f0b-861a33cc1cf8" />
    <UnitTestResult executionId="8a0dd39b-6446-4caa-bfd4-3e005ce32c88" testId="dafa776a-6a08-1272-aac7-ca70346aa44a" testName="Aula.Tests.Bots.TelegramMessageHandlerTests.HandleMessageAsync_WithNonTextMessage_ReturnsEarly" computerName="RHO-DESKTOP" duration="00:00:00.0010000" startTime="2025-06-30T17:11:27.6070554+02:00" endTime="2025-06-30T17:11:27.6070556+02:00" testType="13cdc9d9-ddb5-4fa4-a97d-d965ccfc6d4b" outcome="Failed" testListId="8c84fa94-04c1-424b-9868-57a2d4851a1d" relativeResultsDirectory="8a0dd39b-6446-4caa-bfd4-3e005ce32c88">
      <Output>
        <ErrorInfo>
          <Message>System.ArgumentException : Can not instantiate proxy of class: Aula.Utilities.ConversationContextManager`1[[System.Int64, System.Private.CoreLib, Version=9.0.0.0, Culture=neutral, PublicKeyToken=7cec85d7bea7798e]].
Could not find a parameterless constructor. (Parameter 'constructorArguments')
---- System.MissingMethodException : Constructor on type 'Castle.Proxies.ConversationContextManager`1Proxy' not found.</Message>
          <StackTrace>   at Castle.DynamicProxy.ProxyGenerator.CreateClassProxyInstance(Type proxyType, List`1 proxyArguments, Type classToProxy, Object[] constructorArguments)
   at Castle.DynamicProxy.ProxyGenerator.CreateClassProxy(Type classToProxy, Type[] additionalInterfacesToProxy, ProxyGenerationOptions options, Object[] constructorArguments, IInterceptor[] interceptors)
   at Moq.CastleProxyFactory.CreateProxy(Type mockType, IInterceptor interceptor, Type[] interfaces, Object[] arguments) in /_/src/Moq/Interception/CastleProxyFactory.cs:line 62
   at Moq.Mock`1.InitializeInstance() in /_/src/Moq/Mock`1.cs:line 309
   at Moq.Mock`1.OnGetObject() in /_/src/Moq/Mock`1.cs:line 323
   at Moq.Mock.get_Object() in /_/src/Moq/Mock.cs:line 181
   at Moq.Mock`1.get_Object() in /_/src/Moq/Mock`1.cs:line 281
   at Aula.Tests.Bots.TelegramMessageHandlerTests..ctor() in /mnt/d/git/aula/src/Aula.Tests/Bots/TelegramMessageHandlerTests.cs:line 63
   at System.RuntimeType.CreateInstanceDefaultCtor(Boolean publicOnly, Boolean wrapExceptions)
----- Inner Stack Trace -----
   at System.RuntimeType.CreateInstanceImpl(BindingFlags bindingAttr, Binder binder, Object[] args, CultureInfo culture)
   at Castle.DynamicProxy.ProxyGenerator.CreateClassProxyInstance(Type proxyType, List`1 proxyArguments, Type classToProxy, Object[] constructorArguments)</StackTrace>
        </ErrorInfo>
      </Output>
    </UnitTestResult>
    <UnitTestResult executionId="d72b9f3f-be6d-439f-a923-2974adc4992c" testId="63cce41a-68ed-6ffe-d9f5-762e73c0e405" testName="Aula.Tests.Utilities.JsonFormatterTests.Prettify_WithIncompleteJson_ThrowsException(incompleteJson: &quot;}&quot;)" computerName="RHO-DESKTOP" duration="00:00:00.0009431" startTime="2025-06-30T17:11:27.2623813+02:00" endTime="2025-06-30T17:11:27.2623815+02:00" testType="13cdc9d9-ddb5-4fa4-a97d-d965ccfc6d4b" outcome="Passed" testListId="8c84fa94-04c1-424b-9868-57a2d4851a1d" relativeResultsDirectory="d72b9f3f-be6d-439f-a923-2974adc4992c" />
    <UnitTestResult executionId="7d4c1782-3723-4d67-82d1-9ea5fa76017e" testId="e59d968d-c8e5-f85d-8f4b-30d82d049708" testName="Aula.Tests.Channels.TelegramClientTests.Constructor_WithToken_CreatesInstance" computerName="RHO-DESKTOP" duration="00:00:00.0001054" startTime="2025-06-30T17:11:27.7388380+02:00" endTime="2025-06-30T17:11:27.7388381+02:00" testType="13cdc9d9-ddb5-4fa4-a97d-d965ccfc6d4b" outcome="Passed" testListId="8c84fa94-04c1-424b-9868-57a2d4851a1d" relativeResultsDirectory="7d4c1782-3723-4d67-82d1-9ea5fa76017e" />
    <UnitTestResult executionId="64b0be68-656b-4f7e-9830-9f8b127070a6" testId="c7356803-78be-38c5-09cd-9fb1bfd0c53f" testName="Aula.Tests.Configuration.ConfigurationTests.Children_ConfigurationIsCorrect" computerName="RHO-DESKTOP" duration="00:00:00.0053518" startTime="2025-06-30T17:11:28.2443082+02:00" endTime="2025-06-30T17:11:28.2443083+02:00" testType="13cdc9d9-ddb5-4fa4-a97d-d965ccfc6d4b" outcome="Passed" testListId="8c84fa94-04c1-424b-9868-57a2d4851a1d" relativeResultsDirectory="64b0be68-656b-4f7e-9830-9f8b127070a6" />
    <UnitTestResult executionId="ac05b540-9314-4bb1-885e-a317a4dcad17" testId="9c0e588a-866b-1517-e5d3-e54c7a4a3de2" testName="Aula.Tests.Configuration.ConfigurationTests.Children_WithMultipleChildren_MaintainsOrder" computerName="RHO-DESKTOP" duration="00:00:00.0051836" startTime="2025-06-30T17:11:28.1558352+02:00" endTime="2025-06-30T17:11:28.1558353+02:00" testType="13cdc9d9-ddb5-4fa4-a97d-d965ccfc6d4b" outcome="Passed" testListId="8c84fa94-04c1-424b-9868-57a2d4851a1d" relativeResultsDirectory="ac05b540-9314-4bb1-885e-a317a4dcad17" />
    <UnitTestResult executionId="b0580f66-babf-4a21-b3f1-9b8207ea695a" testId="1d29fac2-3f2b-d487-db1b-b2d3ad7fc889" testName="Aula.Tests.Bots.SlackInteractiveBotTests.Constructor_WithNullAgentService_ThrowsArgumentNullException" computerName="RHO-DESKTOP" duration="00:00:00.0018111" startTime="2025-06-30T17:11:27.3601085+02:00" endTime="2025-06-30T17:11:27.3601089+02:00" testType="13cdc9d9-ddb5-4fa4-a97d-d965ccfc6d4b" outcome="Passed" testListId="8c84fa94-04c1-424b-9868-57a2d4851a1d" relativeResultsDirectory="b0580f66-babf-4a21-b3f1-9b8207ea695a" />
    <UnitTestResult executionId="8f300f73-9cbb-4d99-96dd-6805ff44202b" testId="3a146d29-fbcb-fef0-8b31-74bf7ff2c627" testName="Aula.Tests.Utilities.Html2SlackMarkdownConverterTests.Convert_WithPartialTags_HandlesGracefully(html: &quot;&lt;p&gt;&quot;)" computerName="RHO-DESKTOP" duration="00:00:00.0011619" startTime="2025-06-30T17:11:27.9366197+02:00" endTime="2025-06-30T17:11:27.9366199+02:00" testType="13cdc9d9-ddb5-4fa4-a97d-d965ccfc6d4b" outcome="Passed" testListId="8c84fa94-04c1-424b-9868-57a2d4851a1d" relativeResultsDirectory="8f300f73-9cbb-4d99-96dd-6805ff44202b" />
    <UnitTestResult executionId="81823aef-25ae-4c0f-9e17-74267cf7f474" testId="92645263-873e-da03-aa06-943df30af433" testName="Aula.Tests.Services.OpenAiServiceIntegrationTests.AskQuestionAboutWeekLetterAsync_WithValidParameters_CallsApiWithCorrectParameters" computerName="RHO-DESKTOP" duration="00:00:00.0014884" startTime="2025-06-30T17:11:27.6105257+02:00" endTime="2025-06-30T17:11:27.6105259+02:00" testType="13cdc9d9-ddb5-4fa4-a97d-d965ccfc6d4b" outcome="Failed" testListId="8c84fa94-04c1-424b-9868-57a2d4851a1d" relativeResultsDirectory="81823aef-25ae-4c0f-9e17-74267cf7f474">
      <Output>
        <ErrorInfo>
          <Message>System.ArgumentException : Can not instantiate proxy of class: Aula.Tools.AiToolsManager.
Could not find a parameterless constructor. (Parameter 'constructorArguments')
---- System.MissingMethodException : Constructor on type 'Castle.Proxies.AiToolsManagerProxy' not found.</Message>
          <StackTrace>   at Castle.DynamicProxy.ProxyGenerator.CreateClassProxyInstance(Type proxyType, List`1 proxyArguments, Type classToProxy, Object[] constructorArguments)
   at Castle.DynamicProxy.ProxyGenerator.CreateClassProxy(Type classToProxy, Type[] additionalInterfacesToProxy, ProxyGenerationOptions options, Object[] constructorArguments, IInterceptor[] interceptors)
   at Moq.CastleProxyFactory.CreateProxy(Type mockType, IInterceptor interceptor, Type[] interfaces, Object[] arguments) in /_/src/Moq/Interception/CastleProxyFactory.cs:line 62
   at Moq.Mock`1.InitializeInstance() in /_/src/Moq/Mock`1.cs:line 309
   at Moq.Mock`1.OnGetObject() in /_/src/Moq/Mock`1.cs:line 323
   at Moq.Mock.get_Object() in /_/src/Moq/Mock.cs:line 181
   at Moq.Mock`1.get_Object() in /_/src/Moq/Mock`1.cs:line 281
   at Aula.Tests.Services.OpenAiServiceIntegrationTests.AskQuestionAboutWeekLetterAsync_WithValidParameters_CallsApiWithCorrectParameters() in /mnt/d/git/aula/src/Aula.Tests/Services/OpenAiServiceIntegrationTests.cs:line 215
--- End of stack trace from previous location ---
----- Inner Stack Trace -----
   at System.RuntimeType.CreateInstanceImpl(BindingFlags bindingAttr, Binder binder, Object[] args, CultureInfo culture)
   at Castle.DynamicProxy.ProxyGenerator.CreateClassProxyInstance(Type proxyType, List`1 proxyArguments, Type classToProxy, Object[] constructorArguments)</StackTrace>
        </ErrorInfo>
      </Output>
    </UnitTestResult>
    <UnitTestResult executionId="ecbe18d6-c6ac-4591-94a1-03db4943165a" testId="775b1060-3e71-f36d-5f04-c2fd4621e8a0" testName="Aula.Tests.Utilities.FollowUpQuestionDetectorTests.IsFollowUpQuestion_WithChildNameAndShortMessage_ReturnsTrue(input: &quot;Emma&quot;)" computerName="RHO-DESKTOP" duration="00:00:00.0000531" startTime="2025-06-30T17:11:27.7068115+02:00" endTime="2025-06-30T17:11:27.7068116+02:00" testType="13cdc9d9-ddb5-4fa4-a97d-d965ccfc6d4b" outcome="Passed" testListId="8c84fa94-04c1-424b-9868-57a2d4851a1d" relativeResultsDirectory="ecbe18d6-c6ac-4591-94a1-03db4943165a" />
    <UnitTestResult executionId="04cf2503-82f4-4bae-ab6e-17e13140f299" testId="a7bf7fe5-0fd3-09c0-db2e-a077e2bb59f1" testName="Aula.Tests.Services.OpenAiServiceIntegrationTests.ChatInterface_Telegram_HasCorrectValue" computerName="RHO-DESKTOP" duration="00:00:00.0009267" startTime="2025-06-30T17:11:27.6262454+02:00" endTime="2025-06-30T17:11:27.6262455+02:00" testType="13cdc9d9-ddb5-4fa4-a97d-d965ccfc6d4b" outcome="Passed" testListId="8c84fa94-04c1-424b-9868-57a2d4851a1d" relativeResultsDirectory="04cf2503-82f4-4bae-ab6e-17e13140f299" />
    <UnitTestResult executionId="3878d9af-ad95-444d-8eaa-2bda33a39c19" testId="7d2712c2-8286-82a7-fc6d-ae7572a28a52" testName="Aula.Tests.Utilities.FollowUpQuestionDetectorTests.IsFollowUpQuestion_WithEnglishFollowUpPhrases_ReturnsTrue(input: &quot;also Emma&quot;)" computerName="RHO-DESKTOP" duration="00:00:00.0003149" startTime="2025-06-30T17:11:27.6841496+02:00" endTime="2025-06-30T17:11:27.6841497+02:00" testType="13cdc9d9-ddb5-4fa4-a97d-d965ccfc6d4b" outcome="Passed" testListId="8c84fa94-04c1-424b-9868-57a2d4851a1d" relativeResultsDirectory="3878d9af-ad95-444d-8eaa-2bda33a39c19" />
    <UnitTestResult executionId="b79e6eae-ae1e-4f54-8572-08a50a11053e" testId="c6e23de6-051d-5068-efa9-0842275b05b2" testName="Aula.Tests.Utilities.Html2SlackMarkdownConverterTests.Convert_WithWhitespaceOnly_ReturnsEmptyString" computerName="RHO-DESKTOP" duration="00:00:00.0002376" startTime="2025-06-30T17:11:27.7287531+02:00" endTime="2025-06-30T17:11:27.7287531+02:00" testType="13cdc9d9-ddb5-4fa4-a97d-d965ccfc6d4b" outcome="Passed" testListId="8c84fa94-04c1-424b-9868-57a2d4851a1d" relativeResultsDirectory="b79e6eae-ae1e-4f54-8572-08a50a11053e" />
    <UnitTestResult executionId="09abb3aa-d395-4740-8f43-fd33f29dca61" testId="947c27dc-3bc9-498f-6db7-a3e9f1a70b13" testName="Aula.Tests.Bots.SlackInteractiveBotTests.Constructor_WithNullLoggerFactory_ThrowsArgumentNullException" computerName="RHO-DESKTOP" duration="00:00:00.0013415" startTime="2025-06-30T17:11:29.9741802+02:00" endTime="2025-06-30T17:11:29.9741809+02:00" testType="13cdc9d9-ddb5-4fa4-a97d-d965ccfc6d4b" outcome="Passed" testListId="8c84fa94-04c1-424b-9868-57a2d4851a1d" relativeResultsDirectory="09abb3aa-d395-4740-8f43-fd33f29dca61" />
    <UnitTestResult executionId="7016eec1-9878-434d-915a-f945033fbbf0" testId="2dc6c47b-b5f0-933c-7989-ac5759dd4706" testName="Aula.Tests.Channels.TelegramClientTests.Constructor_WithConfig_EnabledTrue_CreatesInstance" computerName="RHO-DESKTOP" duration="00:00:00.0001495" startTime="2025-06-30T17:11:27.7387471+02:00" endTime="2025-06-30T17:11:27.7387472+02:00" testType="13cdc9d9-ddb5-4fa4-a97d-d965ccfc6d4b" outcome="Passed" testListId="8c84fa94-04c1-424b-9868-57a2d4851a1d" relativeResultsDirectory="7016eec1-9878-434d-915a-f945033fbbf0" />
    <UnitTestResult executionId="578e3a48-616c-4730-9a0c-27303b1f3cbb" testId="37f582a3-c279-4823-271e-d030bf33bbb7" testName="Aula.Tests.Bots.TelegramMessageHandlerTests.HandleMessageAsync_WithHelpCommand_ProcessesHelpMessage(helpCommand: &quot;HJÆLP&quot;)" computerName="RHO-DESKTOP" duration="00:00:00.0010000" startTime="2025-06-30T17:11:27.5427182+02:00" endTime="2025-06-30T17:11:27.5427183+02:00" testType="13cdc9d9-ddb5-4fa4-a97d-d965ccfc6d4b" outcome="Failed" testListId="8c84fa94-04c1-424b-9868-57a2d4851a1d" relativeResultsDirectory="578e3a48-616c-4730-9a0c-27303b1f3cbb">
      <Output>
        <ErrorInfo>
          <Message>System.ArgumentException : Can not instantiate proxy of class: Aula.Utilities.ConversationContextManager`1[[System.Int64, System.Private.CoreLib, Version=9.0.0.0, Culture=neutral, PublicKeyToken=7cec85d7bea7798e]].
Could not find a parameterless constructor. (Parameter 'constructorArguments')
---- System.MissingMethodException : Constructor on type 'Castle.Proxies.ConversationContextManager`1Proxy' not found.</Message>
          <StackTrace>   at Castle.DynamicProxy.ProxyGenerator.CreateClassProxyInstance(Type proxyType, List`1 proxyArguments, Type classToProxy, Object[] constructorArguments)
   at Castle.DynamicProxy.ProxyGenerator.CreateClassProxy(Type classToProxy, Type[] additionalInterfacesToProxy, ProxyGenerationOptions options, Object[] constructorArguments, IInterceptor[] interceptors)
   at Moq.CastleProxyFactory.CreateProxy(Type mockType, IInterceptor interceptor, Type[] interfaces, Object[] arguments) in /_/src/Moq/Interception/CastleProxyFactory.cs:line 62
   at Moq.Mock`1.InitializeInstance() in /_/src/Moq/Mock`1.cs:line 309
   at Moq.Mock`1.OnGetObject() in /_/src/Moq/Mock`1.cs:line 323
   at Moq.Mock.get_Object() in /_/src/Moq/Mock.cs:line 181
   at Moq.Mock`1.get_Object() in /_/src/Moq/Mock`1.cs:line 281
   at Aula.Tests.Bots.TelegramMessageHandlerTests..ctor() in /mnt/d/git/aula/src/Aula.Tests/Bots/TelegramMessageHandlerTests.cs:line 63
   at System.RuntimeType.CreateInstanceDefaultCtor(Boolean publicOnly, Boolean wrapExceptions)
----- Inner Stack Trace -----
   at System.RuntimeType.CreateInstanceImpl(BindingFlags bindingAttr, Binder binder, Object[] args, CultureInfo culture)
   at Castle.DynamicProxy.ProxyGenerator.CreateClassProxyInstance(Type proxyType, List`1 proxyArguments, Type classToProxy, Object[] constructorArguments)</StackTrace>
        </ErrorInfo>
      </Output>
    </UnitTestResult>
    <UnitTestResult executionId="18f2959a-2f3f-4b8e-94ed-da031e881263" testId="93edf270-8e20-a2b4-17e8-86af34f9d544" testName="Aula.Tests.Configuration.ConfigurationTests.Timers_SchedulingInterval_ValidationTests(intervalSeconds: 1, isValid: True)" computerName="RHO-DESKTOP" duration="00:00:00.0059959" startTime="2025-06-30T17:11:28.1505028+02:00" endTime="2025-06-30T17:11:28.1505029+02:00" testType="13cdc9d9-ddb5-4fa4-a97d-d965ccfc6d4b" outcome="Passed" testListId="8c84fa94-04c1-424b-9868-57a2d4851a1d" relativeResultsDirectory="18f2959a-2f3f-4b8e-94ed-da031e881263" />
    <UnitTestResult executionId="e8550a34-436e-4f53-9b7b-08663490dd7e" testId="83b73832-4937-bb84-c164-437b53d65a63" testName="Aula.Tests.Utilities.FollowUpQuestionDetectorTests.IsFollowUpQuestion_WithStartingFollowUpWords_ReturnsTrue(input: &quot;og Emma&quot;)" computerName="RHO-DESKTOP" duration="00:00:00.0000497" startTime="2025-06-30T17:11:27.7135701+02:00" endTime="2025-06-30T17:11:27.7135702+02:00" testType="13cdc9d9-ddb5-4fa4-a97d-d965ccfc6d4b" outcome="Passed" testListId="8c84fa94-04c1-424b-9868-57a2d4851a1d" relativeResultsDirectory="e8550a34-436e-4f53-9b7b-08663490dd7e" />
    <UnitTestResult executionId="f32b3426-7284-418b-af35-9de0e6f20f65" testId="2f1a411a-2aa2-b405-2ee0-c232b3e9b9d5" testName="Aula.Tests.Services.OpenAiServiceIntegrationTests.SummarizeWeekLetterAsync_WithNullWeekLetter_ThrowsArgumentNullException(chatInterface: Slack)" computerName="RHO-DESKTOP" duration="00:00:00.0007806" startTime="2025-06-30T17:11:27.5416877+02:00" endTime="2025-06-30T17:11:27.5416878+02:00" testType="13cdc9d9-ddb5-4fa4-a97d-d965ccfc6d4b" outcome="Failed" testListId="8c84fa94-04c1-424b-9868-57a2d4851a1d" relativeResultsDirectory="f32b3426-7284-418b-af35-9de0e6f20f65">
      <Output>
        <ErrorInfo>
          <Message>System.ArgumentException : Can not instantiate proxy of class: Aula.Tools.AiToolsManager.
Could not find a parameterless constructor. (Parameter 'constructorArguments')
---- System.MissingMethodException : Constructor on type 'Castle.Proxies.AiToolsManagerProxy' not found.</Message>
          <StackTrace>   at Castle.DynamicProxy.ProxyGenerator.CreateClassProxyInstance(Type proxyType, List`1 proxyArguments, Type classToProxy, Object[] constructorArguments)
   at Castle.DynamicProxy.ProxyGenerator.CreateClassProxy(Type classToProxy, Type[] additionalInterfacesToProxy, ProxyGenerationOptions options, Object[] constructorArguments, IInterceptor[] interceptors)
   at Moq.CastleProxyFactory.CreateProxy(Type mockType, IInterceptor interceptor, Type[] interfaces, Object[] arguments) in /_/src/Moq/Interception/CastleProxyFactory.cs:line 62
   at Moq.Mock`1.InitializeInstance() in /_/src/Moq/Mock`1.cs:line 309
   at Moq.Mock`1.OnGetObject() in /_/src/Moq/Mock`1.cs:line 323
   at Moq.Mock.get_Object() in /_/src/Moq/Mock.cs:line 181
   at Moq.Mock`1.get_Object() in /_/src/Moq/Mock`1.cs:line 281
   at Aula.Tests.Services.OpenAiServiceIntegrationTests.SummarizeWeekLetterAsync_WithNullWeekLetter_ThrowsArgumentNullException(ChatInterface chatInterface) in /mnt/d/git/aula/src/Aula.Tests/Services/OpenAiServiceIntegrationTests.cs:line 108
--- End of stack trace from previous location ---
----- Inner Stack Trace -----
   at System.RuntimeType.CreateInstanceImpl(BindingFlags bindingAttr, Binder binder, Object[] args, CultureInfo culture)
   at Castle.DynamicProxy.ProxyGenerator.CreateClassProxyInstance(Type proxyType, List`1 proxyArguments, Type classToProxy, Object[] constructorArguments)</StackTrace>
        </ErrorInfo>
      </Output>
    </UnitTestResult>
    <UnitTestResult executionId="8f26086e-67e3-4712-a98c-46e223d2de99" testId="b10574f8-57a7-a56d-69fc-5fa21e09fe6d" testName="Aula.Tests.Services.OpenAiServiceIntegrationTests.AskQuestionAboutChildrenAsync_WithNullChildrenWeekLetters_ThrowsArgumentNullException(chatInterface: Telegram)" computerName="RHO-DESKTOP" duration="00:00:00.0015026" startTime="2025-06-30T17:11:27.4762365+02:00" endTime="2025-06-30T17:11:27.4762367+02:00" testType="13cdc9d9-ddb5-4fa4-a97d-d965ccfc6d4b" outcome="Failed" testListId="8c84fa94-04c1-424b-9868-57a2d4851a1d" relativeResultsDirectory="8f26086e-67e3-4712-a98c-46e223d2de99">
      <Output>
        <ErrorInfo>
          <Message>System.ArgumentException : Can not instantiate proxy of class: Aula.Tools.AiToolsManager.
Could not find a parameterless constructor. (Parameter 'constructorArguments')
---- System.MissingMethodException : Constructor on type 'Castle.Proxies.AiToolsManagerProxy' not found.</Message>
          <StackTrace>   at Castle.DynamicProxy.ProxyGenerator.CreateClassProxyInstance(Type proxyType, List`1 proxyArguments, Type classToProxy, Object[] constructorArguments)
   at Castle.DynamicProxy.ProxyGenerator.CreateClassProxy(Type classToProxy, Type[] additionalInterfacesToProxy, ProxyGenerationOptions options, Object[] constructorArguments, IInterceptor[] interceptors)
   at Moq.CastleProxyFactory.CreateProxy(Type mockType, IInterceptor interceptor, Type[] interfaces, Object[] arguments) in /_/src/Moq/Interception/CastleProxyFactory.cs:line 62
   at Moq.Mock`1.InitializeInstance() in /_/src/Moq/Mock`1.cs:line 309
   at Moq.Mock`1.OnGetObject() in /_/src/Moq/Mock`1.cs:line 323
   at Moq.Mock.get_Object() in /_/src/Moq/Mock.cs:line 181
   at Moq.Mock`1.get_Object() in /_/src/Moq/Mock`1.cs:line 281
   at Aula.Tests.Services.OpenAiServiceIntegrationTests.AskQuestionAboutChildrenAsync_WithNullChildrenWeekLetters_ThrowsArgumentNullException(ChatInterface chatInterface) in /mnt/d/git/aula/src/Aula.Tests/Services/OpenAiServiceIntegrationTests.cs:line 152
--- End of stack trace from previous location ---
----- Inner Stack Trace -----
   at System.RuntimeType.CreateInstanceImpl(BindingFlags bindingAttr, Binder binder, Object[] args, CultureInfo culture)
   at Castle.DynamicProxy.ProxyGenerator.CreateClassProxyInstance(Type proxyType, List`1 proxyArguments, Type classToProxy, Object[] constructorArguments)</StackTrace>
        </ErrorInfo>
      </Output>
    </UnitTestResult>
    <UnitTestResult executionId="e288ce48-2707-4068-977b-fa7109f4eb22" testId="2a1dcdd7-96d2-dad7-f34d-9619dff356c8" testName="Aula.Tests.Utilities.WeekLetterContentExtractorTests.ExtractContent_WithValidJObject_ReturnsContent" computerName="RHO-DESKTOP" duration="00:00:00.0011003" startTime="2025-06-30T17:11:27.2738585+02:00" endTime="2025-06-30T17:11:27.2738586+02:00" testType="13cdc9d9-ddb5-4fa4-a97d-d965ccfc6d4b" outcome="Passed" testListId="8c84fa94-04c1-424b-9868-57a2d4851a1d" relativeResultsDirectory="e288ce48-2707-4068-977b-fa7109f4eb22" />
    <UnitTestResult executionId="924d5c7e-7667-4f45-b143-7a904ac31eef" testId="63363866-031a-a196-cb3f-a58e78fe124a" testName="Aula.Tests.Utilities.ReminderExtractionPromptsTests.GetExtractionPrompt_WithDifferentMinuteOffsets_CalculatesCorrectly(minutes: 120)" computerName="RHO-DESKTOP" duration="00:00:00.0001942" startTime="2025-06-30T17:11:27.2670340+02:00" endTime="2025-06-30T17:11:27.2670341+02:00" testType="13cdc9d9-ddb5-4fa4-a97d-d965ccfc6d4b" outcome="Passed" testListId="8c84fa94-04c1-424b-9868-57a2d4851a1d" relativeResultsDirectory="924d5c7e-7667-4f45-b143-7a904ac31eef" />
    <UnitTestResult executionId="a1c88f7c-57d7-40a5-b19f-7fbd1482f4ec" testId="8113e2b7-9bbc-43f2-b5f4-05d3d720e278" testName="Aula.Tests.Utilities.Html2SlackMarkdownConverterTests.Convert_WithMalformedHtml_HandlesGracefully" computerName="RHO-DESKTOP" duration="00:00:00.0019174" startTime="2025-06-30T17:11:27.9884940+02:00" endTime="2025-06-30T17:11:27.9884942+02:00" testType="13cdc9d9-ddb5-4fa4-a97d-d965ccfc6d4b" outcome="Passed" testListId="8c84fa94-04c1-424b-9868-57a2d4851a1d" relativeResultsDirectory="a1c88f7c-57d7-40a5-b19f-7fbd1482f4ec" />
    <UnitTestResult executionId="9e872dbf-494a-4e0f-b683-3a22b7df257a" testId="5c459586-7f42-89d7-f28d-c1bb3f1f4b97" testName="Aula.Tests.Utilities.FollowUpQuestionDetectorTests.IsFollowUpQuestion_WithDanishFollowUpPhrases_ReturnsTrue(input: &quot;hvordan med Liam&quot;)" computerName="RHO-DESKTOP" duration="00:00:00.0000592" startTime="2025-06-30T17:11:27.7262562+02:00" endTime="2025-06-30T17:11:27.7262563+02:00" testType="13cdc9d9-ddb5-4fa4-a97d-d965ccfc6d4b" outcome="Passed" testListId="8c84fa94-04c1-424b-9868-57a2d4851a1d" relativeResultsDirectory="9e872dbf-494a-4e0f-b683-3a22b7df257a" />
    <UnitTestResult executionId="a66ad726-743b-44c6-8779-7cc2a5b6c103" testId="8f7835b5-50dd-c6de-2199-d163d47a3c4e" testName="Aula.Tests.Scheduling.SchedulingServiceIntegrationTests.Service_WithDifferentBotConfigurations_WorksCorrectly(slackEnabled: True, telegramEnabled: True)" computerName="RHO-DESKTOP" duration="00:00:00.0042081" startTime="2025-06-30T17:11:27.5037595+02:00" endTime="2025-06-30T17:11:27.5037597+02:00" testType="13cdc9d9-ddb5-4fa4-a97d-d965ccfc6d4b" outcome="Passed" testListId="8c84fa94-04c1-424b-9868-57a2d4851a1d" relativeResultsDirectory="a66ad726-743b-44c6-8779-7cc2a5b6c103" />
    <UnitTestResult executionId="00e4b9f3-ae01-4ae2-a6c3-2d480cd2965c" testId="c4c73275-60fb-43b0-eee6-93a19927e8fc" testName="Aula.Tests.Utilities.Html2SlackMarkdownConverterTests.Convert_WithSpecialCharacters_HandlesCorrectly" computerName="RHO-DESKTOP" duration="00:00:00.0015561" startTime="2025-06-30T17:11:27.9743293+02:00" endTime="2025-06-30T17:11:27.9743294+02:00" testType="13cdc9d9-ddb5-4fa4-a97d-d965ccfc6d4b" outcome="Passed" testListId="8c84fa94-04c1-424b-9868-57a2d4851a1d" relativeResultsDirectory="00e4b9f3-ae01-4ae2-a6c3-2d480cd2965c" />
    <UnitTestResult executionId="9b63d0fb-19de-44f9-be6b-46e63bc8e105" testId="01fdf65f-cd83-63dd-690e-00884c9ba25d" testName="Aula.Tests.Utilities.FollowUpQuestionDetectorTests.IsFollowUpQuestion_WithChildNameAndShortMessage_ReturnsTrue(input: &quot;Liam&quot;)" computerName="RHO-DESKTOP" duration="00:00:00.0013112" startTime="2025-06-30T17:11:27.7058915+02:00" endTime="2025-06-30T17:11:27.7058918+02:00" testType="13cdc9d9-ddb5-4fa4-a97d-d965ccfc6d4b" outcome="Passed" testListId="8c84fa94-04c1-424b-9868-57a2d4851a1d" relativeResultsDirectory="9b63d0fb-19de-44f9-be6b-46e63bc8e105" />
    <UnitTestResult executionId="1b8ac6c9-0812-4d3d-8060-11250e8a812b" testId="87b7e046-4300-6ba7-be8d-14de8ee31c5f" testName="Aula.Tests.Tools.ReminderCommandHandlerTests.Constructor_WithNullChildrenByName_ThrowsArgumentNullException" computerName="RHO-DESKTOP" duration="00:00:00.0004469" startTime="2025-06-30T17:11:27.8265537+02:00" endTime="2025-06-30T17:11:27.8265538+02:00" testType="13cdc9d9-ddb5-4fa4-a97d-d965ccfc6d4b" outcome="Passed" testListId="8c84fa94-04c1-424b-9868-57a2d4851a1d" relativeResultsDirectory="1b8ac6c9-0812-4d3d-8060-11250e8a812b" />
    <UnitTestResult executionId="2f998c27-8d3b-412e-9194-a0489567dcf8" testId="d3be5396-2e22-40ea-fb50-3295c468f33c" testName="Aula.Tests.Utilities.DateTimeUtilitiesTests.GetDanishDayName_InvalidDayOfWeek_ReturnsUnknownDay" computerName="RHO-DESKTOP" duration="00:00:00.0001673" startTime="2025-06-30T17:11:27.7226957+02:00" endTime="2025-06-30T17:11:27.7226958+02:00" testType="13cdc9d9-ddb5-4fa4-a97d-d965ccfc6d4b" outcome="Passed" testListId="8c84fa94-04c1-424b-9868-57a2d4851a1d" relativeResultsDirectory="2f998c27-8d3b-412e-9194-a0489567dcf8" />
    <UnitTestResult executionId="85b33ae0-9aac-4992-934f-30a717fb5331" testId="2435f07f-4cdd-eeff-ea35-46385277928d" testName="Aula.Tests.Bots.SlackMessageHandlerTests.HandleMessageAsync_WithNullText_ReturnsFalse" computerName="RHO-DESKTOP" duration="00:00:00.0010000" startTime="2025-06-30T17:11:27.6458719+02:00" endTime="2025-06-30T17:11:27.6458720+02:00" testType="13cdc9d9-ddb5-4fa4-a97d-d965ccfc6d4b" outcome="Failed" testListId="8c84fa94-04c1-424b-9868-57a2d4851a1d" relativeResultsDirectory="85b33ae0-9aac-4992-934f-30a717fb5331">
      <Output>
        <ErrorInfo>
          <Message>System.ArgumentException : Can not instantiate proxy of class: Aula.Tools.ReminderCommandHandler.
Could not find a parameterless constructor. (Parameter 'constructorArguments')
---- System.MissingMethodException : Constructor on type 'Castle.Proxies.ReminderCommandHandlerProxy' not found.</Message>
          <StackTrace>   at Castle.DynamicProxy.ProxyGenerator.CreateClassProxyInstance(Type proxyType, List`1 proxyArguments, Type classToProxy, Object[] constructorArguments)
   at Castle.DynamicProxy.ProxyGenerator.CreateClassProxy(Type classToProxy, Type[] additionalInterfacesToProxy, ProxyGenerationOptions options, Object[] constructorArguments, IInterceptor[] interceptors)
   at Moq.CastleProxyFactory.CreateProxy(Type mockType, IInterceptor interceptor, Type[] interfaces, Object[] arguments) in /_/src/Moq/Interception/CastleProxyFactory.cs:line 62
   at Moq.Mock`1.InitializeInstance() in /_/src/Moq/Mock`1.cs:line 309
   at Moq.Mock`1.OnGetObject() in /_/src/Moq/Mock`1.cs:line 323
   at Moq.Mock.get_Object() in /_/src/Moq/Mock.cs:line 181
   at Moq.Mock`1.get_Object() in /_/src/Moq/Mock`1.cs:line 281
   at Aula.Tests.Bots.SlackMessageHandlerTests..ctor() in /mnt/d/git/aula/src/Aula.Tests/Bots/SlackMessageHandlerTests.cs:line 57
   at System.RuntimeType.CreateInstanceDefaultCtor(Boolean publicOnly, Boolean wrapExceptions)
----- Inner Stack Trace -----
   at System.RuntimeType.CreateInstanceImpl(BindingFlags bindingAttr, Binder binder, Object[] args, CultureInfo culture)
   at Castle.DynamicProxy.ProxyGenerator.CreateClassProxyInstance(Type proxyType, List`1 proxyArguments, Type classToProxy, Object[] constructorArguments)</StackTrace>
        </ErrorInfo>
      </Output>
    </UnitTestResult>
    <UnitTestResult executionId="35b7e76d-9c5a-4a37-aa39-552c315363f9" testId="ab120f5f-70c1-1c2c-37fe-0285fb96cb1f" testName="Aula.Tests.Services.DataServiceTests.GetWeekSchedule_ReturnsNull_WhenNotInCache" computerName="RHO-DESKTOP" duration="00:00:00.2286997" startTime="2025-06-30T17:11:27.3703310+02:00" endTime="2025-06-30T17:11:27.3703311+02:00" testType="13cdc9d9-ddb5-4fa4-a97d-d965ccfc6d4b" outcome="Passed" testListId="8c84fa94-04c1-424b-9868-57a2d4851a1d" relativeResultsDirectory="35b7e76d-9c5a-4a37-aa39-552c315363f9" />
    <UnitTestResult executionId="a6559879-54d8-4486-a2f9-16a802a80af1" testId="9833abbf-2b3b-4c95-cc5f-ce17c418fcd0" testName="Aula.Tests.Utilities.FollowUpQuestionDetectorTests.IsFollowUpQuestion_WithPunctuationAroundChildName_WorksCorrectly(input: &quot;Emma!&quot;)" computerName="RHO-DESKTOP" duration="00:00:00.0000693" startTime="2025-06-30T17:11:27.7242416+02:00" endTime="2025-06-30T17:11:27.7242417+02:00" testType="13cdc9d9-ddb5-4fa4-a97d-d965ccfc6d4b" outcome="Passed" testListId="8c84fa94-04c1-424b-9868-57a2d4851a1d" relativeResultsDirectory="a6559879-54d8-4486-a2f9-16a802a80af1" />
    <UnitTestResult executionId="d4d39991-dc5f-4805-894d-5d79e99f0036" testId="4cdb1a1d-1763-9c6d-9472-d3d70dd3181a" testName="Aula.Tests.Services.DataModelTests.AppState_DefaultConstructor_InitializesCorrectly" computerName="RHO-DESKTOP" duration="00:00:00.0002028" startTime="2025-06-30T17:11:27.2620905+02:00" endTime="2025-06-30T17:11:27.2620906+02:00" testType="13cdc9d9-ddb5-4fa4-a97d-d965ccfc6d4b" outcome="Passed" testListId="8c84fa94-04c1-424b-9868-57a2d4851a1d" relativeResultsDirectory="d4d39991-dc5f-4805-894d-5d79e99f0036" />
    <UnitTestResult executionId="1a34c1b9-8cff-485d-ad5a-844b6bd6ebe9" testId="9c66a10c-5031-a4c7-4640-d32dfe0d1dde" testName="Aula.Tests.Utilities.FollowUpQuestionDetectorTests.IsFollowUpQuestion_WithChildNameAndTimeReference_ReturnsFalse(input: &quot;Emma i dag&quot;)" computerName="RHO-DESKTOP" duration="00:00:00.0003082" startTime="2025-06-30T17:11:27.7243394+02:00" endTime="2025-06-30T17:11:27.7243396+02:00" testType="13cdc9d9-ddb5-4fa4-a97d-d965ccfc6d4b" outcome="Passed" testListId="8c84fa94-04c1-424b-9868-57a2d4851a1d" relativeResultsDirectory="1a34c1b9-8cff-485d-ad5a-844b6bd6ebe9" />
    <UnitTestResult executionId="3e7b9935-283b-4d3d-8637-976793199c7d" testId="cdb2a1c6-455e-afdc-b339-d53b98cacc5c" testName="Aula.Tests.Services.OpenAiServiceIntegrationTests.Constructor_WithWhitespaceApiKey_ThrowsArgumentException" computerName="RHO-DESKTOP" duration="00:00:00.0029028" startTime="2025-06-30T17:11:27.4776771+02:00" endTime="2025-06-30T17:11:27.4776772+02:00" testType="13cdc9d9-ddb5-4fa4-a97d-d965ccfc6d4b" outcome="Failed" testListId="8c84fa94-04c1-424b-9868-57a2d4851a1d" relativeResultsDirectory="3e7b9935-283b-4d3d-8637-976793199c7d">
      <Output>
        <ErrorInfo>
          <Message>Assert.Equal() Failure: Strings differ
           ↓ (pos 0)
Expected: "apiKey"
Actual:   "constructorArguments"
           ↑ (pos 0)</Message>
          <StackTrace>   at Aula.Tests.Services.OpenAiServiceIntegrationTests.Constructor_WithWhitespaceApiKey_ThrowsArgumentException() in /mnt/d/git/aula/src/Aula.Tests/Services/OpenAiServiceIntegrationTests.cs:line 57
   at System.RuntimeMethodHandle.InvokeMethod(Object target, Void** arguments, Signature sig, Boolean isConstructor)
   at System.Reflection.MethodBaseInvoker.InvokeWithNoArgs(Object obj, BindingFlags invokeAttr)</StackTrace>
        </ErrorInfo>
      </Output>
    </UnitTestResult>
    <UnitTestResult executionId="752029e6-4dd7-46f3-80ab-efa90d432065" testId="27883ffc-bfa0-e8a9-4fbc-9b88539fca09" testName="Aula.Tests.Utilities.Html2SlackMarkdownConverterTests.Convert_WithNullParentNodes_HandlesGracefully" computerName="RHO-DESKTOP" duration="00:00:00.0023550" startTime="2025-06-30T17:11:27.9697354+02:00" endTime="2025-06-30T17:11:27.9697355+02:00" testType="13cdc9d9-ddb5-4fa4-a97d-d965ccfc6d4b" outcome="Passed" testListId="8c84fa94-04c1-424b-9868-57a2d4851a1d" relativeResultsDirectory="752029e6-4dd7-46f3-80ab-efa90d432065" />
    <UnitTestResult executionId="5a88bff5-95b1-451e-b8f9-d3933976f1f7" testId="d5b42656-f37b-3f98-9edc-5bd253352fc2" testName="Aula.Tests.Tools.ReminderCommandHandlerTests.TryHandleReminderCommand_DateParsing_DDMM_Format_WorksCorrectly" computerName="RHO-DESKTOP" duration="00:00:00.0033884" startTime="2025-06-30T17:11:27.7615121+02:00" endTime="2025-06-30T17:11:27.7615124+02:00" testType="13cdc9d9-ddb5-4fa4-a97d-d965ccfc6d4b" outcome="Passed" testListId="8c84fa94-04c1-424b-9868-57a2d4851a1d" relativeResultsDirectory="5a88bff5-95b1-451e-b8f9-d3933976f1f7" />
    <UnitTestResult executionId="26a1d660-3c79-4001-b67f-bcba2dc2635d" testId="ebaf8397-8612-cd93-1911-25f8b63dd1af" testName="Aula.Tests.Services.OpenAiServiceIntegrationTests.AskQuestionAboutWeekLetterAsync_WithContextKey_WithNullWeekLetter_ThrowsArgumentNullException(chatInterface: Slack)" computerName="RHO-DESKTOP" duration="00:00:00.0019485" startTime="2025-06-30T17:11:27.5377079+02:00" endTime="2025-06-30T17:11:27.5377081+02:00" testType="13cdc9d9-ddb5-4fa4-a97d-d965ccfc6d4b" outcome="Failed" testListId="8c84fa94-04c1-424b-9868-57a2d4851a1d" relativeResultsDirectory="26a1d660-3c79-4001-b67f-bcba2dc2635d">
      <Output>
        <ErrorInfo>
          <Message>System.ArgumentException : Can not instantiate proxy of class: Aula.Tools.AiToolsManager.
Could not find a parameterless constructor. (Parameter 'constructorArguments')
---- System.MissingMethodException : Constructor on type 'Castle.Proxies.AiToolsManagerProxy' not found.</Message>
          <StackTrace>   at Castle.DynamicProxy.ProxyGenerator.CreateClassProxyInstance(Type proxyType, List`1 proxyArguments, Type classToProxy, Object[] constructorArguments)
   at Castle.DynamicProxy.ProxyGenerator.CreateClassProxy(Type classToProxy, Type[] additionalInterfacesToProxy, ProxyGenerationOptions options, Object[] constructorArguments, IInterceptor[] interceptors)
   at Moq.CastleProxyFactory.CreateProxy(Type mockType, IInterceptor interceptor, Type[] interfaces, Object[] arguments) in /_/src/Moq/Interception/CastleProxyFactory.cs:line 62
   at Moq.Mock`1.InitializeInstance() in /_/src/Moq/Mock`1.cs:line 309
   at Moq.Mock`1.OnGetObject() in /_/src/Moq/Mock`1.cs:line 323
   at Moq.Mock.get_Object() in /_/src/Moq/Mock.cs:line 181
   at Moq.Mock`1.get_Object() in /_/src/Moq/Mock`1.cs:line 281
   at Aula.Tests.Services.OpenAiServiceIntegrationTests.AskQuestionAboutWeekLetterAsync_WithContextKey_WithNullWeekLetter_ThrowsArgumentNullException(ChatInterface chatInterface) in /mnt/d/git/aula/src/Aula.Tests/Services/OpenAiServiceIntegrationTests.cs:line 130
--- End of stack trace from previous location ---
----- Inner Stack Trace -----
   at System.RuntimeType.CreateInstanceImpl(BindingFlags bindingAttr, Binder binder, Object[] args, CultureInfo culture)
   at Castle.DynamicProxy.ProxyGenerator.CreateClassProxyInstance(Type proxyType, List`1 proxyArguments, Type classToProxy, Object[] constructorArguments)</StackTrace>
        </ErrorInfo>
      </Output>
    </UnitTestResult>
    <UnitTestResult executionId="6d2b584d-fec2-4316-9633-8320a7ea25b3" testId="1585bed7-c67c-7046-51d9-aa8f4af66bac" testName="Aula.Tests.Utilities.ConversationContextManagerTests.ClearAllContexts_WithMultipleContexts_RemovesAllAndLogs" computerName="RHO-DESKTOP" duration="00:00:00.0046199" startTime="2025-06-30T17:11:27.4676098+02:00" endTime="2025-06-30T17:11:27.4676099+02:00" testType="13cdc9d9-ddb5-4fa4-a97d-d965ccfc6d4b" outcome="Passed" testListId="8c84fa94-04c1-424b-9868-57a2d4851a1d" relativeResultsDirectory="6d2b584d-fec2-4316-9633-8320a7ea25b3" />
    <UnitTestResult executionId="63d35843-5140-411a-be74-00aca2e4302c" testId="3b396502-c22c-6b6b-cd1b-3a2de6a27365" testName="Aula.Tests.Bots.TelegramMessageHandlerTests.HandleMessageAsync_WithReminderCommand_CallsReminderHandler(reminderCommand: &quot;mind mig om noget&quot;)" computerName="RHO-DESKTOP" duration="00:00:00.0010000" startTime="2025-06-30T17:11:27.5621228+02:00" endTime="2025-06-30T17:11:27.5621230+02:00" testType="13cdc9d9-ddb5-4fa4-a97d-d965ccfc6d4b" outcome="Failed" testListId="8c84fa94-04c1-424b-9868-57a2d4851a1d" relativeResultsDirectory="63d35843-5140-411a-be74-00aca2e4302c">
      <Output>
        <ErrorInfo>
          <Message>System.ArgumentException : Can not instantiate proxy of class: Aula.Utilities.ConversationContextManager`1[[System.Int64, System.Private.CoreLib, Version=9.0.0.0, Culture=neutral, PublicKeyToken=7cec85d7bea7798e]].
Could not find a parameterless constructor. (Parameter 'constructorArguments')
---- System.MissingMethodException : Constructor on type 'Castle.Proxies.ConversationContextManager`1Proxy' not found.</Message>
          <StackTrace>   at Castle.DynamicProxy.ProxyGenerator.CreateClassProxyInstance(Type proxyType, List`1 proxyArguments, Type classToProxy, Object[] constructorArguments)
   at Castle.DynamicProxy.ProxyGenerator.CreateClassProxy(Type classToProxy, Type[] additionalInterfacesToProxy, ProxyGenerationOptions options, Object[] constructorArguments, IInterceptor[] interceptors)
   at Moq.CastleProxyFactory.CreateProxy(Type mockType, IInterceptor interceptor, Type[] interfaces, Object[] arguments) in /_/src/Moq/Interception/CastleProxyFactory.cs:line 62
   at Moq.Mock`1.InitializeInstance() in /_/src/Moq/Mock`1.cs:line 309
   at Moq.Mock`1.OnGetObject() in /_/src/Moq/Mock`1.cs:line 323
   at Moq.Mock.get_Object() in /_/src/Moq/Mock.cs:line 181
   at Moq.Mock`1.get_Object() in /_/src/Moq/Mock`1.cs:line 281
   at Aula.Tests.Bots.TelegramMessageHandlerTests..ctor() in /mnt/d/git/aula/src/Aula.Tests/Bots/TelegramMessageHandlerTests.cs:line 63
   at System.RuntimeType.CreateInstanceDefaultCtor(Boolean publicOnly, Boolean wrapExceptions)
----- Inner Stack Trace -----
   at System.RuntimeType.CreateInstanceImpl(BindingFlags bindingAttr, Binder binder, Object[] args, CultureInfo culture)
   at Castle.DynamicProxy.ProxyGenerator.CreateClassProxyInstance(Type proxyType, List`1 proxyArguments, Type classToProxy, Object[] constructorArguments)</StackTrace>
        </ErrorInfo>
      </Output>
    </UnitTestResult>
    <UnitTestResult executionId="7c72a230-ba1e-419a-8726-d9dfc1baf74d" testId="98cd8faf-e82c-211b-73e0-182caa7ee5d0" testName="Aula.Tests.Bots.SlackInteractiveBotTests.PostWeekLetter_WithHttpError_LogsError" computerName="RHO-DESKTOP" duration="00:00:00.2766510" startTime="2025-06-30T17:11:28.5128487+02:00" endTime="2025-06-30T17:11:28.5128488+02:00" testType="13cdc9d9-ddb5-4fa4-a97d-d965ccfc6d4b" outcome="Failed" testListId="8c84fa94-04c1-424b-9868-57a2d4851a1d" relativeResultsDirectory="7c72a230-ba1e-419a-8726-d9dfc1baf74d">
      <Output>
        <ErrorInfo>
          <Message>Moq.MockException : 
Expected invocation on the mock once, but was 0 times: logger =&gt; logger.Log&lt;It.IsAnyType&gt;(LogLevel.Error, It.IsAny&lt;EventId&gt;(), It.Is&lt;It.IsAnyType&gt;((v, t) =&gt; v.ToString().Contains("Failed to post week letter: HTTP")), null, It.IsAny&lt;Func&lt;It.IsAnyType, Exception, string&gt;&gt;())

Performed invocations:

   Mock&lt;ILogger:247&gt; (logger):

      ILogger.Log&lt;FormattedLogValues&gt;(LogLevel.Information, 0, Posting week letter for Emma, null, Func&lt;FormattedLogValues, Exception, string&gt;)
      ILogger.Log&lt;FormattedLogValues&gt;(LogLevel.Error, 0, Failed to post week letter: not_authed, null, Func&lt;FormattedLogValues, Exception, string&gt;)
</Message>
          <StackTrace>   at Moq.Mock.Verify(Mock mock, LambdaExpression expression, Times times, String failMessage) in /_/src/Moq/Mock.cs:line 332
   at Moq.Mock`1.Verify(Expression`1 expression, Times times) in /_/src/Moq/Mock`1.cs:line 727
   at Moq.Mock`1.Verify(Expression`1 expression, Func`1 times) in /_/src/Moq/Mock`1.cs:line 741
   at Aula.Tests.Bots.SlackInteractiveBotTests.PostWeekLetter_WithHttpError_LogsError() in /mnt/d/git/aula/src/Aula.Tests/Bots/SlackInteractiveBotTests.cs:line 305
--- End of stack trace from previous location ---</StackTrace>
        </ErrorInfo>
      </Output>
    </UnitTestResult>
    <UnitTestResult executionId="61e06eaa-89dc-4b06-802d-2235e21afa56" testId="76f28705-d77c-bf82-f290-6a4800e495d0" testName="Aula.Tests.Bots.SlackInteractiveBotTests.PostWeekLetter_WithEmptyContent_LogsWarningAndReturns" computerName="RHO-DESKTOP" duration="00:00:00.0122378" startTime="2025-06-30T17:11:29.7385503+02:00" endTime="2025-06-30T17:11:29.7385505+02:00" testType="13cdc9d9-ddb5-4fa4-a97d-d965ccfc6d4b" outcome="Passed" testListId="8c84fa94-04c1-424b-9868-57a2d4851a1d" relativeResultsDirectory="61e06eaa-89dc-4b06-802d-2235e21afa56" />
    <UnitTestResult executionId="d48b644f-0bfe-4502-bb6a-7ff77a3a32f5" testId="22ffd28b-ee44-66cc-c370-4d28b25809c6" testName="Aula.Tests.Utilities.FollowUpQuestionDetectorTests.IsFollowUpQuestion_WithFullChildNames_WorksCorrectly(input: &quot;TestChild2&quot;)" computerName="RHO-DESKTOP" duration="00:00:00.0002209" startTime="2025-06-30T17:11:27.7137362+02:00" endTime="2025-06-30T17:11:27.7137363+02:00" testType="13cdc9d9-ddb5-4fa4-a97d-d965ccfc6d4b" outcome="Passed" testListId="8c84fa94-04c1-424b-9868-57a2d4851a1d" relativeResultsDirectory="d48b644f-0bfe-4502-bb6a-7ff77a3a32f5" />
    <UnitTestResult executionId="b354b9d3-8b9c-42c2-b724-859e95f97329" testId="cc3765fc-8658-a464-43ae-5fa3b977b4d0" testName="Aula.Tests.Configuration.ConfigurationTests.Telegram_Token_ValidationTests(token: &quot;&quot;, isValidFormat: False)" computerName="RHO-DESKTOP" duration="00:00:00.0081448" startTime="2025-06-30T17:11:28.0823593+02:00" endTime="2025-06-30T17:11:28.0823595+02:00" testType="13cdc9d9-ddb5-4fa4-a97d-d965ccfc6d4b" outcome="Passed" testListId="8c84fa94-04c1-424b-9868-57a2d4851a1d" relativeResultsDirectory="b354b9d3-8b9c-42c2-b724-859e95f97329" />
    <UnitTestResult executionId="f982b94e-7c8b-4b48-bd6d-5a03ccdc9385" testId="ca4780e6-8c58-57b1-c829-fe54506e9793" testName="Aula.Tests.Bots.TelegramMessageHandlerTests.HandleMessageAsync_WithTextMessage_ProcessesSuccessfully" computerName="RHO-DESKTOP" duration="00:00:00.0010000" startTime="2025-06-30T17:11:27.6045203+02:00" endTime="2025-06-30T17:11:27.6045205+02:00" testType="13cdc9d9-ddb5-4fa4-a97d-d965ccfc6d4b" outcome="Failed" testListId="8c84fa94-04c1-424b-9868-57a2d4851a1d" relativeResultsDirectory="f982b94e-7c8b-4b48-bd6d-5a03ccdc9385">
      <Output>
        <ErrorInfo>
          <Message>System.ArgumentException : Can not instantiate proxy of class: Aula.Utilities.ConversationContextManager`1[[System.Int64, System.Private.CoreLib, Version=9.0.0.0, Culture=neutral, PublicKeyToken=7cec85d7bea7798e]].
Could not find a parameterless constructor. (Parameter 'constructorArguments')
---- System.MissingMethodException : Constructor on type 'Castle.Proxies.ConversationContextManager`1Proxy' not found.</Message>
          <StackTrace>   at Castle.DynamicProxy.ProxyGenerator.CreateClassProxyInstance(Type proxyType, List`1 proxyArguments, Type classToProxy, Object[] constructorArguments)
   at Castle.DynamicProxy.ProxyGenerator.CreateClassProxy(Type classToProxy, Type[] additionalInterfacesToProxy, ProxyGenerationOptions options, Object[] constructorArguments, IInterceptor[] interceptors)
   at Moq.CastleProxyFactory.CreateProxy(Type mockType, IInterceptor interceptor, Type[] interfaces, Object[] arguments) in /_/src/Moq/Interception/CastleProxyFactory.cs:line 62
   at Moq.Mock`1.InitializeInstance() in /_/src/Moq/Mock`1.cs:line 309
   at Moq.Mock`1.OnGetObject() in /_/src/Moq/Mock`1.cs:line 323
   at Moq.Mock.get_Object() in /_/src/Moq/Mock.cs:line 181
   at Moq.Mock`1.get_Object() in /_/src/Moq/Mock`1.cs:line 281
   at Aula.Tests.Bots.TelegramMessageHandlerTests..ctor() in /mnt/d/git/aula/src/Aula.Tests/Bots/TelegramMessageHandlerTests.cs:line 63
   at System.RuntimeType.CreateInstanceDefaultCtor(Boolean publicOnly, Boolean wrapExceptions)
----- Inner Stack Trace -----
   at System.RuntimeType.CreateInstanceImpl(BindingFlags bindingAttr, Binder binder, Object[] args, CultureInfo culture)
   at Castle.DynamicProxy.ProxyGenerator.CreateClassProxyInstance(Type proxyType, List`1 proxyArguments, Type classToProxy, Object[] constructorArguments)</StackTrace>
        </ErrorInfo>
      </Output>
    </UnitTestResult>
    <UnitTestResult executionId="afd4ab4b-f00e-4c05-b725-0e28c523eaac" testId="3e10b303-d441-b310-0523-4f1f964c7566" testName="Aula.Tests.Utilities.WeekLetterContentExtractorTests.ExtractContent_WithNullLogger_DoesNotThrow" computerName="RHO-DESKTOP" duration="00:00:00.0001194" startTime="2025-06-30T17:11:27.2747266+02:00" endTime="2025-06-30T17:11:27.2747268+02:00" testType="13cdc9d9-ddb5-4fa4-a97d-d965ccfc6d4b" outcome="Passed" testListId="8c84fa94-04c1-424b-9868-57a2d4851a1d" relativeResultsDirectory="afd4ab4b-f00e-4c05-b725-0e28c523eaac" />
    <UnitTestResult executionId="47751b9d-250d-4631-8c08-1a04c55ea339" testId="cb027f47-b453-181c-17af-774dbf3d917b" testName="Aula.Tests.Utilities.ConversationContextTests.IsStillValid_WithExactlyNinePointNineMinutesOld_ReturnsTrue" computerName="RHO-DESKTOP" duration="00:00:00.0001714" startTime="2025-06-30T17:11:27.2592297+02:00" endTime="2025-06-30T17:11:27.2592298+02:00" testType="13cdc9d9-ddb5-4fa4-a97d-d965ccfc6d4b" outcome="Passed" testListId="8c84fa94-04c1-424b-9868-57a2d4851a1d" relativeResultsDirectory="47751b9d-250d-4631-8c08-1a04c55ea339" />
    <UnitTestResult executionId="2bfc5d28-6303-4def-935e-433df7490b2b" testId="dd6cd978-16c0-3adf-7057-3791731bf47f" testName="Aula.Tests.Services.DataModelTests.Reminder_CreatedBy_HandlesValues(createdBy: null, shouldAccept: False)" computerName="RHO-DESKTOP" duration="00:00:00.0001996" startTime="2025-06-30T17:11:27.2576192+02:00" endTime="2025-06-30T17:11:27.2576194+02:00" testType="13cdc9d9-ddb5-4fa4-a97d-d965ccfc6d4b" outcome="Passed" testListId="8c84fa94-04c1-424b-9868-57a2d4851a1d" relativeResultsDirectory="2bfc5d28-6303-4def-935e-433df7490b2b" />
    <UnitTestResult executionId="86299292-fe7c-49fb-980e-eff2de8de699" testId="d4e0f652-1aa4-f1fd-46bf-006e98a6310b" testName="Aula.Tests.Services.OpenAiServiceTests.CreateTestWeekLetter_ReturnsValidJObject" computerName="RHO-DESKTOP" duration="00:00:00.0005584" startTime="2025-06-30T17:11:27.3897378+02:00" endTime="2025-06-30T17:11:27.3897380+02:00" testType="13cdc9d9-ddb5-4fa4-a97d-d965ccfc6d4b" outcome="Passed" testListId="8c84fa94-04c1-424b-9868-57a2d4851a1d" relativeResultsDirectory="86299292-fe7c-49fb-980e-eff2de8de699" />
    <UnitTestResult executionId="b2b51d31-af1e-40c6-9d81-8cae8ca49748" testId="a8634532-96d4-4e33-4b5e-145495f036bc" testName="Aula.Tests.Utilities.ReminderExtractionPromptsTests.GetExtractionPrompt_ContainsNextMondayExample" computerName="RHO-DESKTOP" duration="00:00:00.0002700" startTime="2025-06-30T17:11:27.2695342+02:00" endTime="2025-06-30T17:11:27.2695343+02:00" testType="13cdc9d9-ddb5-4fa4-a97d-d965ccfc6d4b" outcome="Passed" testListId="8c84fa94-04c1-424b-9868-57a2d4851a1d" relativeResultsDirectory="b2b51d31-af1e-40c6-9d81-8cae8ca49748" />
    <UnitTestResult executionId="7788e9d7-bc17-4dcc-beb4-6e88f14a35c1" testId="b7876997-bf06-ed71-c4e7-a75d56d4b58d" testName="Aula.Tests.Tools.ReminderCommandHandlerTests.TryHandleReminderCommand_ListReminders_ValidCommands_ReturnsRemindersList(command: &quot;liste påmindelser&quot;, isEnglish: False)" computerName="RHO-DESKTOP" duration="00:00:00.0042221" startTime="2025-06-30T17:11:27.7659473+02:00" endTime="2025-06-30T17:11:27.7659474+02:00" testType="13cdc9d9-ddb5-4fa4-a97d-d965ccfc6d4b" outcome="Passed" testListId="8c84fa94-04c1-424b-9868-57a2d4851a1d" relativeResultsDirectory="7788e9d7-bc17-4dcc-beb4-6e88f14a35c1" />
    <UnitTestResult executionId="9583b6cc-c27b-4b59-a574-a08c4548f6f7" testId="f36a6d06-62fb-7dca-c729-24e28498b2d7" testName="Aula.Tests.Services.DataModelTests.RetryAttempt_WithProperties_SetsCorrectly" computerName="RHO-DESKTOP" duration="00:00:00.0033245" startTime="2025-06-30T17:11:27.2620078+02:00" endTime="2025-06-30T17:11:27.2620079+02:00" testType="13cdc9d9-ddb5-4fa4-a97d-d965ccfc6d4b" outcome="Passed" testListId="8c84fa94-04c1-424b-9868-57a2d4851a1d" relativeResultsDirectory="9583b6cc-c27b-4b59-a574-a08c4548f6f7" />
    <UnitTestResult executionId="f4e4a730-8d5a-4fa1-8534-dbe9d6baa122" testId="2c3d4776-5def-fbfc-180a-60513ca0400e" testName="Aula.Tests.Bots.TelegramMessageHandlerTests.Constructor_WithNullChildrenByName_ThrowsArgumentNullException" computerName="RHO-DESKTOP" duration="00:00:00.0010000" startTime="2025-06-30T17:11:27.6092612+02:00" endTime="2025-06-30T17:11:27.6092613+02:00" testType="13cdc9d9-ddb5-4fa4-a97d-d965ccfc6d4b" outcome="Failed" testListId="8c84fa94-04c1-424b-9868-57a2d4851a1d" relativeResultsDirectory="f4e4a730-8d5a-4fa1-8534-dbe9d6baa122">
      <Output>
        <ErrorInfo>
          <Message>System.ArgumentException : Can not instantiate proxy of class: Aula.Utilities.ConversationContextManager`1[[System.Int64, System.Private.CoreLib, Version=9.0.0.0, Culture=neutral, PublicKeyToken=7cec85d7bea7798e]].
Could not find a parameterless constructor. (Parameter 'constructorArguments')
---- System.MissingMethodException : Constructor on type 'Castle.Proxies.ConversationContextManager`1Proxy' not found.</Message>
          <StackTrace>   at Castle.DynamicProxy.ProxyGenerator.CreateClassProxyInstance(Type proxyType, List`1 proxyArguments, Type classToProxy, Object[] constructorArguments)
   at Castle.DynamicProxy.ProxyGenerator.CreateClassProxy(Type classToProxy, Type[] additionalInterfacesToProxy, ProxyGenerationOptions options, Object[] constructorArguments, IInterceptor[] interceptors)
   at Moq.CastleProxyFactory.CreateProxy(Type mockType, IInterceptor interceptor, Type[] interfaces, Object[] arguments) in /_/src/Moq/Interception/CastleProxyFactory.cs:line 62
   at Moq.Mock`1.InitializeInstance() in /_/src/Moq/Mock`1.cs:line 309
   at Moq.Mock`1.OnGetObject() in /_/src/Moq/Mock`1.cs:line 323
   at Moq.Mock.get_Object() in /_/src/Moq/Mock.cs:line 181
   at Moq.Mock`1.get_Object() in /_/src/Moq/Mock`1.cs:line 281
   at Aula.Tests.Bots.TelegramMessageHandlerTests..ctor() in /mnt/d/git/aula/src/Aula.Tests/Bots/TelegramMessageHandlerTests.cs:line 63
   at System.RuntimeType.CreateInstanceDefaultCtor(Boolean publicOnly, Boolean wrapExceptions)
----- Inner Stack Trace -----
   at System.RuntimeType.CreateInstanceImpl(BindingFlags bindingAttr, Binder binder, Object[] args, CultureInfo culture)
   at Castle.DynamicProxy.ProxyGenerator.CreateClassProxyInstance(Type proxyType, List`1 proxyArguments, Type classToProxy, Object[] constructorArguments)</StackTrace>
        </ErrorInfo>
      </Output>
    </UnitTestResult>
    <UnitTestResult executionId="8e5bc8ca-da26-47d6-92fa-0da7324135f8" testId="a7b1749e-2ad3-548e-4171-dcc39a4ba308" testName="Aula.Tests.Channels.SlackBotTests.Constructor_WithEmptyUrl_ThrowsArgumentException" computerName="RHO-DESKTOP" duration="00:00:00.0019587" startTime="2025-06-30T17:11:27.4135918+02:00" endTime="2025-06-30T17:11:27.4135919+02:00" testType="13cdc9d9-ddb5-4fa4-a97d-d965ccfc6d4b" outcome="Passed" testListId="8c84fa94-04c1-424b-9868-57a2d4851a1d" relativeResultsDirectory="8e5bc8ca-da26-47d6-92fa-0da7324135f8" />
    <UnitTestResult executionId="c95f5c92-91bc-4f4e-9333-b6e8e61b9286" testId="4b6e6498-4329-5b43-2b56-2bc5486e69cc" testName="Aula.Tests.Utilities.IntentAnalysisPromptsTests.ToolExamples_CoverExpectedUseCase(expectedKey: &quot;LIST_REMINDERS&quot;, queryPattern: &quot;reminders&quot;)" computerName="RHO-DESKTOP" duration="00:00:00.0000342" startTime="2025-06-30T17:11:27.6405980+02:00" endTime="2025-06-30T17:11:27.6405981+02:00" testType="13cdc9d9-ddb5-4fa4-a97d-d965ccfc6d4b" outcome="Passed" testListId="8c84fa94-04c1-424b-9868-57a2d4851a1d" relativeResultsDirectory="c95f5c92-91bc-4f4e-9333-b6e8e61b9286" />
    <UnitTestResult executionId="868ebfd8-50d5-4fc1-b309-9deff2823b35" testId="7d080014-b88c-9f91-eed5-7f14566db144" testName="Aula.Tests.Services.DataServiceTests.GetWeekLetter_ReturnsNull_WhenNotInCache" computerName="RHO-DESKTOP" duration="00:00:00.0027029" startTime="2025-06-30T17:11:27.3847573+02:00" endTime="2025-06-30T17:11:27.3847574+02:00" testType="13cdc9d9-ddb5-4fa4-a97d-d965ccfc6d4b" outcome="Passed" testListId="8c84fa94-04c1-424b-9868-57a2d4851a1d" relativeResultsDirectory="868ebfd8-50d5-4fc1-b309-9deff2823b35" />
    <UnitTestResult executionId="bc878b66-7598-4a47-9b45-3d525920839c" testId="68f8d884-d469-7c10-83e8-5cafd9c08d5b" testName="Aula.Tests.Utilities.IntentAnalysisPromptsTests.GetFormattedPrompt_WithVariousQueries_ReturnsValidPrompt(query: &quot;&quot;)" computerName="RHO-DESKTOP" duration="00:00:00.0091826" startTime="2025-06-30T17:11:27.6263833+02:00" endTime="2025-06-30T17:11:27.6263834+02:00" testType="13cdc9d9-ddb5-4fa4-a97d-d965ccfc6d4b" outcome="Passed" testListId="8c84fa94-04c1-424b-9868-57a2d4851a1d" relativeResultsDirectory="bc878b66-7598-4a47-9b45-3d525920839c" />
    <UnitTestResult executionId="766c31c9-82ff-47b1-a00d-3cdc85f3c0e0" testId="ff05afd1-484c-69de-a316-bc507787c7c8" testName="Aula.Tests.Tools.ReminderCommandHandlerTests.TryHandleReminderCommand_AddReminder_ValidFormats_ReturnsSuccess(command: &quot;remind me 31/12 at 23:59 that Year end&quot;, isEnglish: True, expectedChildName: null)" computerName="RHO-DESKTOP" duration="00:00:00.0849942" startTime="2025-06-30T17:11:27.6447834+02:00" endTime="2025-06-30T17:11:27.6447835+02:00" testType="13cdc9d9-ddb5-4fa4-a97d-d965ccfc6d4b" outcome="Passed" testListId="8c84fa94-04c1-424b-9868-57a2d4851a1d" relativeResultsDirectory="766c31c9-82ff-47b1-a00d-3cdc85f3c0e0" />
    <UnitTestResult executionId="cca9c85f-c95e-4224-b470-7bd74b401028" testId="a779e8fb-6c0d-9d3b-3942-4cfee84facb5" testName="Aula.Tests.Utilities.IntentAnalysisPromptsTests.ToolExamples_ContainsExpectedEntries" computerName="RHO-DESKTOP" duration="00:00:00.0002630" startTime="2025-06-30T17:11:27.6428777+02:00" endTime="2025-06-30T17:11:27.6428778+02:00" testType="13cdc9d9-ddb5-4fa4-a97d-d965ccfc6d4b" outcome="Passed" testListId="8c84fa94-04c1-424b-9868-57a2d4851a1d" relativeResultsDirectory="cca9c85f-c95e-4224-b470-7bd74b401028" />
    <UnitTestResult executionId="af948c63-2a31-45d0-974a-4b8f97f0edb0" testId="53d9e260-310c-7289-d45b-38f2fd4f0871" testName="Aula.Tests.Bots.SlackMessageHandlerTests.HandleMessageAsync_WithReminderCommand_CallsReminderHandler(reminderCommand: &quot;slet påmindelse&quot;)" computerName="RHO-DESKTOP" duration="00:00:00.0010000" startTime="2025-06-30T17:11:27.6839071+02:00" endTime="2025-06-30T17:11:27.6839072+02:00" testType="13cdc9d9-ddb5-4fa4-a97d-d965ccfc6d4b" outcome="Failed" testListId="8c84fa94-04c1-424b-9868-57a2d4851a1d" relativeResultsDirectory="af948c63-2a31-45d0-974a-4b8f97f0edb0">
      <Output>
        <ErrorInfo>
          <Message>System.ArgumentException : Can not instantiate proxy of class: Aula.Tools.ReminderCommandHandler.
Could not find a parameterless constructor. (Parameter 'constructorArguments')
---- System.MissingMethodException : Constructor on type 'Castle.Proxies.ReminderCommandHandlerProxy' not found.</Message>
          <StackTrace>   at Castle.DynamicProxy.ProxyGenerator.CreateClassProxyInstance(Type proxyType, List`1 proxyArguments, Type classToProxy, Object[] constructorArguments)
   at Castle.DynamicProxy.ProxyGenerator.CreateClassProxy(Type classToProxy, Type[] additionalInterfacesToProxy, ProxyGenerationOptions options, Object[] constructorArguments, IInterceptor[] interceptors)
   at Moq.CastleProxyFactory.CreateProxy(Type mockType, IInterceptor interceptor, Type[] interfaces, Object[] arguments) in /_/src/Moq/Interception/CastleProxyFactory.cs:line 62
   at Moq.Mock`1.InitializeInstance() in /_/src/Moq/Mock`1.cs:line 309
   at Moq.Mock`1.OnGetObject() in /_/src/Moq/Mock`1.cs:line 323
   at Moq.Mock.get_Object() in /_/src/Moq/Mock.cs:line 181
   at Moq.Mock`1.get_Object() in /_/src/Moq/Mock`1.cs:line 281
   at Aula.Tests.Bots.SlackMessageHandlerTests..ctor() in /mnt/d/git/aula/src/Aula.Tests/Bots/SlackMessageHandlerTests.cs:line 57
   at System.RuntimeType.CreateInstanceDefaultCtor(Boolean publicOnly, Boolean wrapExceptions)
----- Inner Stack Trace -----
   at System.RuntimeType.CreateInstanceImpl(BindingFlags bindingAttr, Binder binder, Object[] args, CultureInfo culture)
   at Castle.DynamicProxy.ProxyGenerator.CreateClassProxyInstance(Type proxyType, List`1 proxyArguments, Type classToProxy, Object[] constructorArguments)</StackTrace>
        </ErrorInfo>
      </Output>
    </UnitTestResult>
    <UnitTestResult executionId="c1cb38ad-0594-471d-82cd-b28d9e2f35bc" testId="abd8e945-1cd6-1c43-f5d4-1f844731781d" testName="Aula.Tests.Utilities.FollowUpQuestionDetectorTests.IsFollowUpQuestion_WithEnglishFollowUpPhrases_ReturnsTrue(input: &quot;What About Emma?&quot;)" computerName="RHO-DESKTOP" duration="00:00:00.0000505" startTime="2025-06-30T17:11:27.6910367+02:00" endTime="2025-06-30T17:11:27.6910369+02:00" testType="13cdc9d9-ddb5-4fa4-a97d-d965ccfc6d4b" outcome="Passed" testListId="8c84fa94-04c1-424b-9868-57a2d4851a1d" relativeResultsDirectory="c1cb38ad-0594-471d-82cd-b28d9e2f35bc" />
    <UnitTestResult executionId="e5afea9a-1cfa-43be-9612-be4739049d74" testId="3d8b8df4-6a66-e4e9-3346-33a22f2ef410" testName="Aula.Tests.Utilities.Html2SlackMarkdownConverterTests.Convert_WithComplexNesting_HandlesCorrectly" computerName="RHO-DESKTOP" duration="00:00:00.0040021" startTime="2025-06-30T17:11:27.9927290+02:00" endTime="2025-06-30T17:11:27.9927292+02:00" testType="13cdc9d9-ddb5-4fa4-a97d-d965ccfc6d4b" outcome="Passed" testListId="8c84fa94-04c1-424b-9868-57a2d4851a1d" relativeResultsDirectory="e5afea9a-1cfa-43be-9612-be4739049d74" />
    <UnitTestResult executionId="060233f6-748b-4698-9d45-bfd2e6be8887" testId="809b830f-f032-72fe-7382-c6d2ac899d33" testName="Aula.Tests.Utilities.JsonFormatterTests.Prettify_WithInvalidJson_ThrowsJsonException" computerName="RHO-DESKTOP" duration="00:00:00.0005777" startTime="2025-06-30T17:11:27.2642247+02:00" endTime="2025-06-30T17:11:27.2642248+02:00" testType="13cdc9d9-ddb5-4fa4-a97d-d965ccfc6d4b" outcome="Passed" testListId="8c84fa94-04c1-424b-9868-57a2d4851a1d" relativeResultsDirectory="060233f6-748b-4698-9d45-bfd2e6be8887" />
    <UnitTestResult executionId="f19625f7-e19b-4a01-a6f5-8c5d2a2e521c" testId="5999bd3d-fee4-c596-3611-a7bc16bc4fdd" testName="Aula.Tests.Bots.TelegramMessageHandlerTests.HandleMessageAsync_WithPrivateChat_HandlesCorrectly" computerName="RHO-DESKTOP" duration="00:00:00.0010000" startTime="2025-06-30T17:11:27.6144204+02:00" endTime="2025-06-30T17:11:27.6144205+02:00" testType="13cdc9d9-ddb5-4fa4-a97d-d965ccfc6d4b" outcome="Failed" testListId="8c84fa94-04c1-424b-9868-57a2d4851a1d" relativeResultsDirectory="f19625f7-e19b-4a01-a6f5-8c5d2a2e521c">
      <Output>
        <ErrorInfo>
          <Message>System.ArgumentException : Can not instantiate proxy of class: Aula.Utilities.ConversationContextManager`1[[System.Int64, System.Private.CoreLib, Version=9.0.0.0, Culture=neutral, PublicKeyToken=7cec85d7bea7798e]].
Could not find a parameterless constructor. (Parameter 'constructorArguments')
---- System.MissingMethodException : Constructor on type 'Castle.Proxies.ConversationContextManager`1Proxy' not found.</Message>
          <StackTrace>   at Castle.DynamicProxy.ProxyGenerator.CreateClassProxyInstance(Type proxyType, List`1 proxyArguments, Type classToProxy, Object[] constructorArguments)
   at Castle.DynamicProxy.ProxyGenerator.CreateClassProxy(Type classToProxy, Type[] additionalInterfacesToProxy, ProxyGenerationOptions options, Object[] constructorArguments, IInterceptor[] interceptors)
   at Moq.CastleProxyFactory.CreateProxy(Type mockType, IInterceptor interceptor, Type[] interfaces, Object[] arguments) in /_/src/Moq/Interception/CastleProxyFactory.cs:line 62
   at Moq.Mock`1.InitializeInstance() in /_/src/Moq/Mock`1.cs:line 309
   at Moq.Mock`1.OnGetObject() in /_/src/Moq/Mock`1.cs:line 323
   at Moq.Mock.get_Object() in /_/src/Moq/Mock.cs:line 181
   at Moq.Mock`1.get_Object() in /_/src/Moq/Mock`1.cs:line 281
   at Aula.Tests.Bots.TelegramMessageHandlerTests..ctor() in /mnt/d/git/aula/src/Aula.Tests/Bots/TelegramMessageHandlerTests.cs:line 63
   at System.RuntimeType.CreateInstanceDefaultCtor(Boolean publicOnly, Boolean wrapExceptions)
----- Inner Stack Trace -----
   at System.RuntimeType.CreateInstanceImpl(BindingFlags bindingAttr, Binder binder, Object[] args, CultureInfo culture)
   at Castle.DynamicProxy.ProxyGenerator.CreateClassProxyInstance(Type proxyType, List`1 proxyArguments, Type classToProxy, Object[] constructorArguments)</StackTrace>
        </ErrorInfo>
      </Output>
    </UnitTestResult>
    <UnitTestResult executionId="ca47d1c5-be7e-45b2-a54b-769bb92a92e0" testId="803a38b8-f402-400f-65a3-348044bf14da" testName="Aula.Tests.Utilities.ConversationContextTests.ToString_WithAllPropertiesSet_ReturnsCorrectFormat" computerName="RHO-DESKTOP" duration="00:00:00.0112055" startTime="2025-06-30T17:11:27.2609844+02:00" endTime="2025-06-30T17:11:27.2609845+02:00" testType="13cdc9d9-ddb5-4fa4-a97d-d965ccfc6d4b" outcome="Passed" testListId="8c84fa94-04c1-424b-9868-57a2d4851a1d" relativeResultsDirectory="ca47d1c5-be7e-45b2-a54b-769bb92a92e0" />
    <UnitTestResult executionId="cec827ff-1a00-431c-be3e-0e71500b779a" testId="ef7abf20-a090-f30e-1f29-97964e295c62" testName="Aula.Tests.Utilities.ReminderExtractionPromptsTests.GetExtractionPrompt_ContainsDanishRelativeTimeExamples" computerName="RHO-DESKTOP" duration="00:00:00.0002122" startTime="2025-06-30T17:11:27.2703941+02:00" endTime="2025-06-30T17:11:27.2703942+02:00" testType="13cdc9d9-ddb5-4fa4-a97d-d965ccfc6d4b" outcome="Passed" testListId="8c84fa94-04c1-424b-9868-57a2d4851a1d" relativeResultsDirectory="cec827ff-1a00-431c-be3e-0e71500b779a" />
    <UnitTestResult executionId="5d604331-4f0e-4084-8b15-ac221539e315" testId="4065d4aa-647e-7977-71b8-e3fe088d65f6" testName="Aula.Tests.Utilities.IntentAnalysisPromptsTests.AnalysisTemplate_ContainsAllToolActions" computerName="RHO-DESKTOP" duration="00:00:00.0006897" startTime="2025-06-30T17:11:27.6430182+02:00" endTime="2025-06-30T17:11:27.6430183+02:00" testType="13cdc9d9-ddb5-4fa4-a97d-d965ccfc6d4b" outcome="Passed" testListId="8c84fa94-04c1-424b-9868-57a2d4851a1d" relativeResultsDirectory="5d604331-4f0e-4084-8b15-ac221539e315" />
    <UnitTestResult executionId="8ab2df7c-c7c3-4aea-971f-04a87c1287a6" testId="e864bc3b-2488-4a94-3944-8157a5bb958a" testName="Aula.Tests.Utilities.JsonFormatterTests.Prettify_WithIncompleteJson_ThrowsException(incompleteJson: &quot;{&quot;)" computerName="RHO-DESKTOP" duration="00:00:00.0000941" startTime="2025-06-30T17:11:27.2630937+02:00" endTime="2025-06-30T17:11:27.2630939+02:00" testType="13cdc9d9-ddb5-4fa4-a97d-d965ccfc6d4b" outcome="Passed" testListId="8c84fa94-04c1-424b-9868-57a2d4851a1d" relativeResultsDirectory="8ab2df7c-c7c3-4aea-971f-04a87c1287a6" />
    <UnitTestResult executionId="3821f47e-0c93-40bb-82a1-6d5a943b3f64" testId="4671f449-0198-2bb5-9d3d-e7e5207a3968" testName="Aula.Tests.Channels.SlackBotTests.Constructor_WithConfig_CreatesInstance" computerName="RHO-DESKTOP" duration="00:00:00.0021278" startTime="2025-06-30T17:11:27.4183743+02:00" endTime="2025-06-30T17:11:27.4183744+02:00" testType="13cdc9d9-ddb5-4fa4-a97d-d965ccfc6d4b" outcome="Passed" testListId="8c84fa94-04c1-424b-9868-57a2d4851a1d" relativeResultsDirectory="3821f47e-0c93-40bb-82a1-6d5a943b3f64" />
    <UnitTestResult executionId="b359e6e6-1e29-4692-ab52-47c0a075bd06" testId="eedd43d6-efa5-b90c-89ed-190e198315e6" testName="Aula.Tests.Configuration.ConfigurationTests.UniLogin_WithInvalidCredentials_HandlesGracefully(invalidValue: null)" computerName="RHO-DESKTOP" duration="00:00:00.0036353" startTime="2025-06-30T17:11:28.1736049+02:00" endTime="2025-06-30T17:11:28.1736050+02:00" testType="13cdc9d9-ddb5-4fa4-a97d-d965ccfc6d4b" outcome="Passed" testListId="8c84fa94-04c1-424b-9868-57a2d4851a1d" relativeResultsDirectory="b359e6e6-1e29-4692-ab52-47c0a075bd06" />
    <UnitTestResult executionId="716adda6-7bca-4491-82e0-9eaa7db14452" testId="dc9dca5e-236c-2eb7-8830-55bb297e92d9" testName="Aula.Tests.Services.DataModelTests.ScheduledTask_CronExpression_CanBeSet(cronExpression: &quot;0 0 1 * *&quot;, description: &quot;Monthly on the 1st at midnight&quot;)" computerName="RHO-DESKTOP" duration="00:00:00.0000077" startTime="2025-06-30T17:11:27.2551334+02:00" endTime="2025-06-30T17:11:27.2551334+02:00" testType="13cdc9d9-ddb5-4fa4-a97d-d965ccfc6d4b" outcome="Passed" testListId="8c84fa94-04c1-424b-9868-57a2d4851a1d" relativeResultsDirectory="716adda6-7bca-4491-82e0-9eaa7db14452" />
    <UnitTestResult executionId="62c7dfbc-f09e-4e39-8b72-cf28f84701f1" testId="9f3a0fc9-3eea-97c3-5cc5-d99512257356" testName="Aula.Tests.Channels.SlackBotTests.PostWeekLetter_WithEmptyWeekLetter_HandlesGracefully" computerName="RHO-DESKTOP" duration="00:00:00.0008696" startTime="2025-06-30T17:11:27.4656473+02:00" endTime="2025-06-30T17:11:27.4656474+02:00" testType="13cdc9d9-ddb5-4fa4-a97d-d965ccfc6d4b" outcome="Passed" testListId="8c84fa94-04c1-424b-9868-57a2d4851a1d" relativeResultsDirectory="62c7dfbc-f09e-4e39-8b72-cf28f84701f1" />
    <UnitTestResult executionId="ae45264c-f1f2-4251-ab54-c3ffdb9dc4b8" testId="c7840475-aca4-af75-0ca9-66bc604a8dbe" testName="Aula.Tests.Tools.ReminderCommandHandlerTests.TryHandleReminderCommand_DateParsing_TomorrowAndToday_WorksCorrectly" computerName="RHO-DESKTOP" duration="00:00:00.0125244" startTime="2025-06-30T17:11:27.8121105+02:00" endTime="2025-06-30T17:11:27.8121107+02:00" testType="13cdc9d9-ddb5-4fa4-a97d-d965ccfc6d4b" outcome="Passed" testListId="8c84fa94-04c1-424b-9868-57a2d4851a1d" relativeResultsDirectory="ae45264c-f1f2-4251-ab54-c3ffdb9dc4b8" />
    <UnitTestResult executionId="7ae82cb0-9efc-442d-b1dd-65e85593f463" testId="56429908-a484-10f8-38ca-b17d73119d7d" testName="Aula.Tests.Utilities.ConversationContextManagerTests.ClearContext_WithExistingKey_RemovesContextAndLogs" computerName="RHO-DESKTOP" duration="00:00:00.0122056" startTime="2025-06-30T17:11:27.4076885+02:00" endTime="2025-06-30T17:11:27.4076887+02:00" testType="13cdc9d9-ddb5-4fa4-a97d-d965ccfc6d4b" outcome="Passed" testListId="8c84fa94-04c1-424b-9868-57a2d4851a1d" relativeResultsDirectory="7ae82cb0-9efc-442d-b1dd-65e85593f463" />
    <UnitTestResult executionId="1eaaf995-7eee-4c94-8751-337e36461f0d" testId="d61978d5-101a-092e-d93c-a7eb57a0d4f9" testName="Aula.Tests.Utilities.ReminderExtractionPromptsTests.GetExtractionPrompt_ContainsInstructionsForChildNameExtraction" computerName="RHO-DESKTOP" duration="00:00:00.0003309" startTime="2025-06-30T17:11:27.2719245+02:00" endTime="2025-06-30T17:11:27.2719247+02:00" testType="13cdc9d9-ddb5-4fa4-a97d-d965ccfc6d4b" outcome="Passed" testListId="8c84fa94-04c1-424b-9868-57a2d4851a1d" relativeResultsDirectory="1eaaf995-7eee-4c94-8751-337e36461f0d" />
    <UnitTestResult executionId="ac09543d-1623-44c2-82b9-a0b212b29d07" testId="5749c604-52df-ef4c-d6f1-907c4b7b515f" testName="Aula.Tests.Utilities.FollowUpQuestionDetectorTests.IsFollowUpQuestion_WithNullInput_ReturnsFalse" computerName="RHO-DESKTOP" duration="00:00:00.0003401" startTime="2025-06-30T17:11:27.7272610+02:00" endTime="2025-06-30T17:11:27.7272612+02:00" testType="13cdc9d9-ddb5-4fa4-a97d-d965ccfc6d4b" outcome="Passed" testListId="8c84fa94-04c1-424b-9868-57a2d4851a1d" relativeResultsDirectory="ac09543d-1623-44c2-82b9-a0b212b29d07" />
    <UnitTestResult executionId="8a76a175-bc43-4bde-bf84-78f8202dbc69" testId="03bbc808-1107-fcc9-1fac-bc3ec3fc1e9f" testName="Aula.Tests.Bots.TelegramInteractiveBotTests.Constructor_WithNullAgentService_ThrowsArgumentNullException" computerName="RHO-DESKTOP" duration="00:00:00.0028930" startTime="2025-06-30T17:11:27.7231553+02:00" endTime="2025-06-30T17:11:27.7231554+02:00" testType="13cdc9d9-ddb5-4fa4-a97d-d965ccfc6d4b" outcome="Passed" testListId="8c84fa94-04c1-424b-9868-57a2d4851a1d" relativeResultsDirectory="8a76a175-bc43-4bde-bf84-78f8202dbc69" />
    <UnitTestResult executionId="7101dbf2-1b76-447a-a043-09655b8a271e" testId="e09a9a0e-f05e-b1ab-94a1-7ba461fbd7f9" testName="Aula.Tests.Configuration.ConfigurationTests.Features_DefaultValues_AreCorrect" computerName="RHO-DESKTOP" duration="00:00:00.0041982" startTime="2025-06-30T17:11:28.2688652+02:00" endTime="2025-06-30T17:11:28.2688653+02:00" testType="13cdc9d9-ddb5-4fa4-a97d-d965ccfc6d4b" outcome="Passed" testListId="8c84fa94-04c1-424b-9868-57a2d4851a1d" relativeResultsDirectory="7101dbf2-1b76-447a-a043-09655b8a271e" />
    <UnitTestResult executionId="60dbc2e2-ee1c-4617-9487-900ed7637436" testId="603b38d9-650a-3d65-fd10-694412343522" testName="Aula.Tests.Utilities.FollowUpQuestionDetectorTests.IsFollowUpQuestion_WithUnicodeChildNames_WorksCorrectly(input: &quot;Johannes&quot;)" computerName="RHO-DESKTOP" duration="00:00:00.0000718" startTime="2025-06-30T17:11:27.7086670+02:00" endTime="2025-06-30T17:11:27.7086671+02:00" testType="13cdc9d9-ddb5-4fa4-a97d-d965ccfc6d4b" outcome="Passed" testListId="8c84fa94-04c1-424b-9868-57a2d4851a1d" relativeResultsDirectory="60dbc2e2-ee1c-4617-9487-900ed7637436" />
    <UnitTestResult executionId="e41ecba0-0106-4c25-9ef6-a955362870b4" testId="d15263a9-c9dd-8da6-43bd-cf6d41fc1e3a" testName="Aula.Tests.Bots.TelegramMessageHandlerTests.HandleMessageAsync_WithReminderCommand_CallsReminderHandler(reminderCommand: &quot;slet påmindelse&quot;)" computerName="RHO-DESKTOP" duration="00:00:00.0010000" startTime="2025-06-30T17:11:27.5606467+02:00" endTime="2025-06-30T17:11:27.5606470+02:00" testType="13cdc9d9-ddb5-4fa4-a97d-d965ccfc6d4b" outcome="Failed" testListId="8c84fa94-04c1-424b-9868-57a2d4851a1d" relativeResultsDirectory="e41ecba0-0106-4c25-9ef6-a955362870b4">
      <Output>
        <ErrorInfo>
          <Message>System.ArgumentException : Can not instantiate proxy of class: Aula.Utilities.ConversationContextManager`1[[System.Int64, System.Private.CoreLib, Version=9.0.0.0, Culture=neutral, PublicKeyToken=7cec85d7bea7798e]].
Could not find a parameterless constructor. (Parameter 'constructorArguments')
---- System.MissingMethodException : Constructor on type 'Castle.Proxies.ConversationContextManager`1Proxy' not found.</Message>
          <StackTrace>   at Castle.DynamicProxy.ProxyGenerator.CreateClassProxyInstance(Type proxyType, List`1 proxyArguments, Type classToProxy, Object[] constructorArguments)
   at Castle.DynamicProxy.ProxyGenerator.CreateClassProxy(Type classToProxy, Type[] additionalInterfacesToProxy, ProxyGenerationOptions options, Object[] constructorArguments, IInterceptor[] interceptors)
   at Moq.CastleProxyFactory.CreateProxy(Type mockType, IInterceptor interceptor, Type[] interfaces, Object[] arguments) in /_/src/Moq/Interception/CastleProxyFactory.cs:line 62
   at Moq.Mock`1.InitializeInstance() in /_/src/Moq/Mock`1.cs:line 309
   at Moq.Mock`1.OnGetObject() in /_/src/Moq/Mock`1.cs:line 323
   at Moq.Mock.get_Object() in /_/src/Moq/Mock.cs:line 181
   at Moq.Mock`1.get_Object() in /_/src/Moq/Mock`1.cs:line 281
   at Aula.Tests.Bots.TelegramMessageHandlerTests..ctor() in /mnt/d/git/aula/src/Aula.Tests/Bots/TelegramMessageHandlerTests.cs:line 63
   at System.RuntimeType.CreateInstanceDefaultCtor(Boolean publicOnly, Boolean wrapExceptions)
----- Inner Stack Trace -----
   at System.RuntimeType.CreateInstanceImpl(BindingFlags bindingAttr, Binder binder, Object[] args, CultureInfo culture)
   at Castle.DynamicProxy.ProxyGenerator.CreateClassProxyInstance(Type proxyType, List`1 proxyArguments, Type classToProxy, Object[] constructorArguments)</StackTrace>
        </ErrorInfo>
      </Output>
    </UnitTestResult>
    <UnitTestResult executionId="17d58f48-f489-4b7b-b156-fc447d477185" testId="f1a75968-139e-db41-9893-934ca7edc01f" testName="Aula.Tests.Configuration.ConfigurationTests.Supabase_RequiredFields_ArePresent" computerName="RHO-DESKTOP" duration="00:00:00.0116416" startTime="2025-06-30T17:11:27.9921138+02:00" endTime="2025-06-30T17:11:27.9921140+02:00" testType="13cdc9d9-ddb5-4fa4-a97d-d965ccfc6d4b" outcome="Passed" testListId="8c84fa94-04c1-424b-9868-57a2d4851a1d" relativeResultsDirectory="17d58f48-f489-4b7b-b156-fc447d477185" />
    <UnitTestResult executionId="f727f191-8e3f-47ba-8f78-f72f28fc5649" testId="52284c88-15e2-e622-5da9-cf51ba9aa844" testName="Aula.Tests.Tools.ReminderCommandHandlerTests.Constructor_WithNullLogger_ThrowsArgumentNullException" computerName="RHO-DESKTOP" duration="00:00:00.0004708" startTime="2025-06-30T17:11:27.8263876+02:00" endTime="2025-06-30T17:11:27.8263878+02:00" testType="13cdc9d9-ddb5-4fa4-a97d-d965ccfc6d4b" outcome="Passed" testListId="8c84fa94-04c1-424b-9868-57a2d4851a1d" relativeResultsDirectory="f727f191-8e3f-47ba-8f78-f72f28fc5649" />
    <UnitTestResult executionId="a7e2b0ac-af9c-43d1-92d6-71b0a1454141" testId="2ec4bb68-9993-76c1-0376-5d281d5240c0" testName="Aula.Tests.Services.OpenAiServiceIntegrationTests.ProcessQueryWithToolsAsync_WithValidParameters_CallsApiWithCorrectParameters" computerName="RHO-DESKTOP" duration="00:00:00.0016772" startTime="2025-06-30T17:11:27.6018899+02:00" endTime="2025-06-30T17:11:27.6018901+02:00" testType="13cdc9d9-ddb5-4fa4-a97d-d965ccfc6d4b" outcome="Failed" testListId="8c84fa94-04c1-424b-9868-57a2d4851a1d" relativeResultsDirectory="a7e2b0ac-af9c-43d1-92d6-71b0a1454141">
      <Output>
        <ErrorInfo>
          <Message>System.ArgumentException : Can not instantiate proxy of class: Aula.Tools.AiToolsManager.
Could not find a parameterless constructor. (Parameter 'constructorArguments')
---- System.MissingMethodException : Constructor on type 'Castle.Proxies.AiToolsManagerProxy' not found.</Message>
          <StackTrace>   at Castle.DynamicProxy.ProxyGenerator.CreateClassProxyInstance(Type proxyType, List`1 proxyArguments, Type classToProxy, Object[] constructorArguments)
   at Castle.DynamicProxy.ProxyGenerator.CreateClassProxy(Type classToProxy, Type[] additionalInterfacesToProxy, ProxyGenerationOptions options, Object[] constructorArguments, IInterceptor[] interceptors)
   at Moq.CastleProxyFactory.CreateProxy(Type mockType, IInterceptor interceptor, Type[] interfaces, Object[] arguments) in /_/src/Moq/Interception/CastleProxyFactory.cs:line 62
   at Moq.Mock`1.InitializeInstance() in /_/src/Moq/Mock`1.cs:line 309
   at Moq.Mock`1.OnGetObject() in /_/src/Moq/Mock`1.cs:line 323
   at Moq.Mock.get_Object() in /_/src/Moq/Mock.cs:line 181
   at Moq.Mock`1.get_Object() in /_/src/Moq/Mock`1.cs:line 281
   at Aula.Tests.Services.OpenAiServiceIntegrationTests.ProcessQueryWithToolsAsync_WithValidParameters_CallsApiWithCorrectParameters() in /mnt/d/git/aula/src/Aula.Tests/Services/OpenAiServiceIntegrationTests.cs:line 307
--- End of stack trace from previous location ---
----- Inner Stack Trace -----
   at System.RuntimeType.CreateInstanceImpl(BindingFlags bindingAttr, Binder binder, Object[] args, CultureInfo culture)
   at Castle.DynamicProxy.ProxyGenerator.CreateClassProxyInstance(Type proxyType, List`1 proxyArguments, Type classToProxy, Object[] constructorArguments)</StackTrace>
        </ErrorInfo>
      </Output>
    </UnitTestResult>
    <UnitTestResult executionId="b362daa5-70d0-41df-926a-bde73d2d140d" testId="e8058050-cbb0-edb4-84ec-77371a17e76d" testName="Aula.Tests.Services.DataModelTests.Reminder_CreatedBy_HandlesValues(createdBy: &quot;&quot;, shouldAccept: True)" computerName="RHO-DESKTOP" duration="00:00:00.0000043" startTime="2025-06-30T17:11:27.2578986+02:00" endTime="2025-06-30T17:11:27.2578987+02:00" testType="13cdc9d9-ddb5-4fa4-a97d-d965ccfc6d4b" outcome="Passed" testListId="8c84fa94-04c1-424b-9868-57a2d4851a1d" relativeResultsDirectory="b362daa5-70d0-41df-926a-bde73d2d140d" />
    <UnitTestResult executionId="2f68f745-cd19-421d-8b08-79554a165e03" testId="db1ac5c7-4d71-7640-4051-517cc2b3de0c" testName="Aula.Tests.Scheduling.SchedulingServiceIntegrationTests.Service_WithDifferentBotConfigurations_WorksCorrectly(slackEnabled: False, telegramEnabled: True)" computerName="RHO-DESKTOP" duration="00:00:00.0019369" startTime="2025-06-30T17:11:27.5002474+02:00" endTime="2025-06-30T17:11:27.5002475+02:00" testType="13cdc9d9-ddb5-4fa4-a97d-d965ccfc6d4b" outcome="Passed" testListId="8c84fa94-04c1-424b-9868-57a2d4851a1d" relativeResultsDirectory="2f68f745-cd19-421d-8b08-79554a165e03" />
    <UnitTestResult executionId="a6714cbc-48f1-4c29-912f-cf5c6e2fdd77" testId="06bd4992-c8ee-1a40-f2c9-75f9e0d2a1aa" testName="Aula.Tests.Configuration.ConfigurationTests.Timers_AdaptivePollingLimits_ValidationTests(minSeconds: 0, maxSeconds: 30, isValid: False)" computerName="RHO-DESKTOP" duration="00:00:00.0228599" startTime="2025-06-30T17:11:27.9248913+02:00" endTime="2025-06-30T17:11:27.9248916+02:00" testType="13cdc9d9-ddb5-4fa4-a97d-d965ccfc6d4b" outcome="Passed" testListId="8c84fa94-04c1-424b-9868-57a2d4851a1d" relativeResultsDirectory="a6714cbc-48f1-4c29-912f-cf5c6e2fdd77" />
    <UnitTestResult executionId="30b3e63b-f7ac-415a-8292-2e994c935a76" testId="5f18de16-3031-4e46-e632-27368e418f95" testName="Aula.Tests.Tools.AiToolsManagerTests.CreateReminderAsync_WithMissingChildName_CreatesGeneralReminder" computerName="RHO-DESKTOP" duration="00:00:00.0164337" startTime="2025-06-30T17:11:27.7308040+02:00" endTime="2025-06-30T17:11:27.7308041+02:00" testType="13cdc9d9-ddb5-4fa4-a97d-d965ccfc6d4b" outcome="Passed" testListId="8c84fa94-04c1-424b-9868-57a2d4851a1d" relativeResultsDirectory="30b3e63b-f7ac-415a-8292-2e994c935a76" />
    <UnitTestResult executionId="746c90e1-9885-4f3f-8dda-59fea3f8c045" testId="c97c4c52-e2e0-9997-1b1c-c40b6de0a67a" testName="Aula.Tests.Utilities.FollowUpQuestionDetectorTests.IsFollowUpQuestion_WithChildNameAndShortMessage_ReturnsTrue(input: &quot;TestChild1en&quot;)" computerName="RHO-DESKTOP" duration="00:00:00.0000810" startTime="2025-06-30T17:11:27.7059657+02:00" endTime="2025-06-30T17:11:27.7059658+02:00" testType="13cdc9d9-ddb5-4fa4-a97d-d965ccfc6d4b" outcome="Passed" testListId="8c84fa94-04c1-424b-9868-57a2d4851a1d" relativeResultsDirectory="746c90e1-9885-4f3f-8dda-59fea3f8c045" />
    <UnitTestResult executionId="f104d83a-bf2d-452c-9e5c-2a0651e5f865" testId="95755321-99fe-3c41-7267-feb0fced4809" testName="Aula.Tests.Utilities.ReminderExtractionPromptsTests.GetExtractionPrompt_WithRealQueries_EmbedsQueryCorrectly(query: &quot;Call the doctor in 2 hours&quot;)" computerName="RHO-DESKTOP" duration="00:00:00.0000179" startTime="2025-06-30T17:11:27.2690443+02:00" endTime="2025-06-30T17:11:27.2690444+02:00" testType="13cdc9d9-ddb5-4fa4-a97d-d965ccfc6d4b" outcome="Passed" testListId="8c84fa94-04c1-424b-9868-57a2d4851a1d" relativeResultsDirectory="f104d83a-bf2d-452c-9e5c-2a0651e5f865" />
    <UnitTestResult executionId="407530f5-6542-4668-ac5b-4bd53633493b" testId="2d48fc77-1867-a29b-eb07-2aeec9de2225" testName="Aula.Tests.Channels.SlackBotTests.PostWeekLetter_WithMissingFields_HandlesGracefully" computerName="RHO-DESKTOP" duration="00:00:00.0006130" startTime="2025-06-30T17:11:27.4677235+02:00" endTime="2025-06-30T17:11:27.4677236+02:00" testType="13cdc9d9-ddb5-4fa4-a97d-d965ccfc6d4b" outcome="Passed" testListId="8c84fa94-04c1-424b-9868-57a2d4851a1d" relativeResultsDirectory="407530f5-6542-4668-ac5b-4bd53633493b" />
    <UnitTestResult executionId="a5c4e813-e026-4cbf-9031-bd2cb0191d65" testId="f7da1efe-0e1f-7417-6453-93b658e98d53" testName="Aula.Tests.Tools.AiToolsManagerTests.CreateReminderAsync_WithInvalidDateTime_ReturnsError" computerName="RHO-DESKTOP" duration="00:00:00.0092116" startTime="2025-06-30T17:11:27.7145326+02:00" endTime="2025-06-30T17:11:27.7145327+02:00" testType="13cdc9d9-ddb5-4fa4-a97d-d965ccfc6d4b" outcome="Passed" testListId="8c84fa94-04c1-424b-9868-57a2d4851a1d" relativeResultsDirectory="a5c4e813-e026-4cbf-9031-bd2cb0191d65" />
    <UnitTestResult executionId="a0c61944-614c-479d-a42d-8d8b98d489d4" testId="5a903d00-5b08-70e4-0ae1-41f7c132ff27" testName="Aula.Tests.Utilities.JsonFormatterTests.Prettify_WithNumbers_PreservesNumericTypes" computerName="RHO-DESKTOP" duration="00:00:00.0201117" startTime="2025-06-30T17:11:27.2633870+02:00" endTime="2025-06-30T17:11:27.2633871+02:00" testType="13cdc9d9-ddb5-4fa4-a97d-d965ccfc6d4b" outcome="Passed" testListId="8c84fa94-04c1-424b-9868-57a2d4851a1d" relativeResultsDirectory="a0c61944-614c-479d-a42d-8d8b98d489d4" />
    <UnitTestResult executionId="8aa99c75-6912-49a7-9ce8-460f332bb66a" testId="a928e41a-a5c8-5840-1107-8bfd65b6750c" testName="Aula.Tests.Scheduling.SchedulingServiceIntegrationTests.Constructor_WithNullLoggerFactory_ThrowsArgumentNullException" computerName="RHO-DESKTOP" duration="00:00:00.0023199" startTime="2025-06-30T17:11:27.5289848+02:00" endTime="2025-06-30T17:11:27.5289849+02:00" testType="13cdc9d9-ddb5-4fa4-a97d-d965ccfc6d4b" outcome="Passed" testListId="8c84fa94-04c1-424b-9868-57a2d4851a1d" relativeResultsDirectory="8aa99c75-6912-49a7-9ce8-460f332bb66a" />
    <UnitTestResult executionId="8aca6397-58ef-4a22-94a7-25a42490a6f0" testId="0f731173-747f-4b49-2f2d-d518fc733b7a" testName="Aula.Tests.Channels.SlackBotTests.PostWeekLetter_WithVariousChildColors_HandlesCorrectly(color: &quot;#0000FF&quot;)" computerName="RHO-DESKTOP" duration="00:00:00.0146352" startTime="2025-06-30T17:11:27.4350475+02:00" endTime="2025-06-30T17:11:27.4350476+02:00" testType="13cdc9d9-ddb5-4fa4-a97d-d965ccfc6d4b" outcome="Passed" testListId="8c84fa94-04c1-424b-9868-57a2d4851a1d" relativeResultsDirectory="8aca6397-58ef-4a22-94a7-25a42490a6f0" />
    <UnitTestResult executionId="8ad58370-7863-4584-8dca-d54e4d3b38c7" testId="a7a3158e-1399-dbdf-e50f-3716ddb1ba8c" testName="Aula.Tests.Utilities.ConversationContextManagerTests.Constructor_WithNullLogger_ThrowsArgumentNullException" computerName="RHO-DESKTOP" duration="00:00:00.0042241" startTime="2025-06-30T17:11:27.4185055+02:00" endTime="2025-06-30T17:11:27.4185057+02:00" testType="13cdc9d9-ddb5-4fa4-a97d-d965ccfc6d4b" outcome="Passed" testListId="8c84fa94-04c1-424b-9868-57a2d4851a1d" relativeResultsDirectory="8ad58370-7863-4584-8dca-d54e4d3b38c7" />
    <UnitTestResult executionId="9fd6729c-f6ea-44e1-8800-27b561e8f396" testId="4eec350c-78eb-2a68-cc2e-22085c8e2c8c" testName="Aula.Tests.Utilities.ReminderExtractionPromptsTests.GetExtractionPrompt_ContainsRelativeDateExamples" computerName="RHO-DESKTOP" duration="00:00:00.0003926" startTime="2025-06-30T17:11:27.2702986+02:00" endTime="2025-06-30T17:11:27.2702987+02:00" testType="13cdc9d9-ddb5-4fa4-a97d-d965ccfc6d4b" outcome="Passed" testListId="8c84fa94-04c1-424b-9868-57a2d4851a1d" relativeResultsDirectory="9fd6729c-f6ea-44e1-8800-27b561e8f396" />
    <UnitTestResult executionId="acba527b-ad57-47a2-b5ce-c2a1c42feaa4" testId="42dc1567-508f-1ff2-08a2-17dc86c051e8" testName="Aula.Tests.Tools.ReminderCommandHandlerTests.TryHandleReminderCommand_AddReminder_ValidFormats_ReturnsSuccess(command: &quot;remind me 2024-12-31 at 10:00 that New Year celebr&quot;···, isEnglish: True, expectedChildName: null)" computerName="RHO-DESKTOP" duration="00:00:00.0032425" startTime="2025-06-30T17:11:27.6558961+02:00" endTime="2025-06-30T17:11:27.6558962+02:00" testType="13cdc9d9-ddb5-4fa4-a97d-d965ccfc6d4b" outcome="Passed" testListId="8c84fa94-04c1-424b-9868-57a2d4851a1d" relativeResultsDirectory="acba527b-ad57-47a2-b5ce-c2a1c42feaa4" />
    <UnitTestResult executionId="38856a47-9f1a-4278-9227-e0a674ed70ec" testId="bf8de978-ede0-2334-cd93-70c2c792931f" testName="Aula.Tests.Services.DataModelTests.ConfigChild_Properties_WorkCorrectly" computerName="RHO-DESKTOP" duration="00:00:00.0006654" startTime="2025-06-30T17:11:27.2550211+02:00" endTime="2025-06-30T17:11:27.2550212+02:00" testType="13cdc9d9-ddb5-4fa4-a97d-d965ccfc6d4b" outcome="Passed" testListId="8c84fa94-04c1-424b-9868-57a2d4851a1d" relativeResultsDirectory="38856a47-9f1a-4278-9227-e0a674ed70ec" />
    <UnitTestResult executionId="915cc080-b40c-4fd8-b902-52d867d99f7f" testId="a40f32ef-bb76-d332-6d7b-f2a216398660" testName="Aula.Tests.Channels.SlackBotTests.PostWeekLetter_WithVariousChildColors_HandlesCorrectly(color: &quot;&quot;)" computerName="RHO-DESKTOP" duration="00:00:00.0021766" startTime="2025-06-30T17:11:27.4205003+02:00" endTime="2025-06-30T17:11:27.4205004+02:00" testType="13cdc9d9-ddb5-4fa4-a97d-d965ccfc6d4b" outcome="Passed" testListId="8c84fa94-04c1-424b-9868-57a2d4851a1d" relativeResultsDirectory="915cc080-b40c-4fd8-b902-52d867d99f7f" />
    <UnitTestResult executionId="e1e88dc5-a1b7-4982-9c6a-37e737eb68da" testId="50dcaab1-381b-ffdd-0774-bfbc00f359f9" testName="Aula.Tests.Utilities.FollowUpQuestionDetectorTests.IsFollowUpQuestion_WithEmptyInput_ReturnsFalse" computerName="RHO-DESKTOP" duration="00:00:00.0001750" startTime="2025-06-30T17:11:27.7265435+02:00" endTime="2025-06-30T17:11:27.7265436+02:00" testType="13cdc9d9-ddb5-4fa4-a97d-d965ccfc6d4b" outcome="Passed" testListId="8c84fa94-04c1-424b-9868-57a2d4851a1d" relativeResultsDirectory="e1e88dc5-a1b7-4982-9c6a-37e737eb68da" />
    <UnitTestResult executionId="09dbad40-39f0-4489-a5cd-287ed295fe01" testId="f0803f19-4aef-0544-7088-6f90fbe83c6b" testName="Aula.Tests.Utilities.FollowUpQuestionDetectorTests.IsFollowUpQuestion_WithUnicodeChildNames_WorksCorrectly(input: &quot;SØREN&quot;)" computerName="RHO-DESKTOP" duration="00:00:00.0002437" startTime="2025-06-30T17:11:27.7068992+02:00" endTime="2025-06-30T17:11:27.7068993+02:00" testType="13cdc9d9-ddb5-4fa4-a97d-d965ccfc6d4b" outcome="Passed" testListId="8c84fa94-04c1-424b-9868-57a2d4851a1d" relativeResultsDirectory="09dbad40-39f0-4489-a5cd-287ed295fe01" />
    <UnitTestResult executionId="51123bf2-cdc3-4291-a679-9f540f72961e" testId="0c4f7782-5c4d-f42e-03cc-a2dae624ac6e" testName="Aula.Tests.Configuration.ConfigurationTests.Timers_SchedulingInterval_ValidationTests(intervalSeconds: 5, isValid: True)" computerName="RHO-DESKTOP" duration="00:00:00.0276777" startTime="2025-06-30T17:11:28.1124346+02:00" endTime="2025-06-30T17:11:28.1124347+02:00" testType="13cdc9d9-ddb5-4fa4-a97d-d965ccfc6d4b" outcome="Passed" testListId="8c84fa94-04c1-424b-9868-57a2d4851a1d" relativeResultsDirectory="51123bf2-cdc3-4291-a679-9f540f72961e" />
    <UnitTestResult executionId="f3b66bc0-597c-4c01-824e-fa0acc094945" testId="ed73f3dd-84f9-ccdb-8bc0-17130004fe1b" testName="Aula.Tests.Channels.TelegramClientTests.Constructor_WithVariousTokens_DoesNotThrow(token: &quot;&quot;)" computerName="RHO-DESKTOP" duration="00:00:00.0000277" startTime="2025-06-30T17:11:27.6710371+02:00" endTime="2025-06-30T17:11:27.6710372+02:00" testType="13cdc9d9-ddb5-4fa4-a97d-d965ccfc6d4b" outcome="Passed" testListId="8c84fa94-04c1-424b-9868-57a2d4851a1d" relativeResultsDirectory="f3b66bc0-597c-4c01-824e-fa0acc094945" />
    <UnitTestResult executionId="9316c44b-e712-484c-b4cc-20d6206a7cd9" testId="5152246d-f0d9-3769-bfe5-e3d39d51e3bf" testName="Aula.Tests.Configuration.ConfigurationTests.UniLogin_WithInvalidCredentials_HandlesGracefully(invalidValue: &quot;&quot;)" computerName="RHO-DESKTOP" duration="00:00:00.0040768" startTime="2025-06-30T17:11:28.1645869+02:00" endTime="2025-06-30T17:11:28.1645870+02:00" testType="13cdc9d9-ddb5-4fa4-a97d-d965ccfc6d4b" outcome="Passed" testListId="8c84fa94-04c1-424b-9868-57a2d4851a1d" relativeResultsDirectory="9316c44b-e712-484c-b4cc-20d6206a7cd9" />
    <UnitTestResult executionId="61999ab9-f9fb-42d0-b457-ae7613d90aaa" testId="3eae7343-2bfd-b9ac-3f25-bf1944822f6f" testName="Aula.Tests.Tools.AiToolsManagerTests.DeleteReminderAsync_WithInvalidReminderNumber_ReturnsError" computerName="RHO-DESKTOP" duration="00:00:00.0042842" startTime="2025-06-30T17:11:27.7284195+02:00" endTime="2025-06-30T17:11:27.7284196+02:00" testType="13cdc9d9-ddb5-4fa4-a97d-d965ccfc6d4b" outcome="Passed" testListId="8c84fa94-04c1-424b-9868-57a2d4851a1d" relativeResultsDirectory="61999ab9-f9fb-42d0-b457-ae7613d90aaa" />
    <UnitTestResult executionId="72155829-cc27-462f-8563-251eed608f7c" testId="085515b8-4fc1-99b2-eae0-b56b9cad0980" testName="Aula.Tests.Utilities.Html2SlackMarkdownConverterTests.Convert_WithScriptAndStyleTags_RemovesTagsButNotContent(html: &quot;&lt;script&gt;alert('xss')&lt;/script&gt;&lt;p&gt;Content&lt;/p&gt;&quot;)" computerName="RHO-DESKTOP" duration="00:00:00.0013914" startTime="2025-06-30T17:11:27.7296695+02:00" endTime="2025-06-30T17:11:27.7296696+02:00" testType="13cdc9d9-ddb5-4fa4-a97d-d965ccfc6d4b" outcome="Passed" testListId="8c84fa94-04c1-424b-9868-57a2d4851a1d" relativeResultsDirectory="72155829-cc27-462f-8563-251eed608f7c" />
    <UnitTestResult executionId="d7459fa6-b0b8-408b-9088-592c4bc5edb7" testId="76c96ce4-9c6b-b4bb-96af-ca0f9adb2712" testName="Aula.Tests.Scheduling.SchedulingServiceIntegrationTests.Constructor_WithNullSupabaseService_ThrowsArgumentNullException" computerName="RHO-DESKTOP" duration="00:00:00.0008255" startTime="2025-06-30T17:11:27.5303947+02:00" endTime="2025-06-30T17:11:27.5303949+02:00" testType="13cdc9d9-ddb5-4fa4-a97d-d965ccfc6d4b" outcome="Passed" testListId="8c84fa94-04c1-424b-9868-57a2d4851a1d" relativeResultsDirectory="d7459fa6-b0b8-408b-9088-592c4bc5edb7" />
    <UnitTestResult executionId="39e29c89-8f78-49d3-9490-2fe4a038e404" testId="02a94b2b-cd88-000b-7e1d-6fc58b3c673d" testName="Aula.Tests.Tools.ReminderCommandHandlerTests.TryHandleReminderCommand_ListReminders_NoReminders_ReturnsNoRemindersMessage(command: &quot;vis påmindelser&quot;, isEnglish: False)" computerName="RHO-DESKTOP" duration="00:00:00.0006613" startTime="2025-06-30T17:11:27.7517329+02:00" endTime="2025-06-30T17:11:27.7517330+02:00" testType="13cdc9d9-ddb5-4fa4-a97d-d965ccfc6d4b" outcome="Passed" testListId="8c84fa94-04c1-424b-9868-57a2d4851a1d" relativeResultsDirectory="39e29c89-8f78-49d3-9490-2fe4a038e404" />
    <UnitTestResult executionId="8f845a5f-b0df-41a1-8a9f-b5302327f26c" testId="a05ddd0e-e3f2-fb31-c2fd-f1f3b4b30fc1" testName="Aula.Tests.Utilities.FollowUpQuestionDetectorTests.IsFollowUpQuestion_LogsCorrectlyForShortMessage" computerName="RHO-DESKTOP" duration="00:00:00.0106636" startTime="2025-06-30T17:11:27.7232411+02:00" endTime="2025-06-30T17:11:27.7232412+02:00" testType="13cdc9d9-ddb5-4fa4-a97d-d965ccfc6d4b" outcome="Passed" testListId="8c84fa94-04c1-424b-9868-57a2d4851a1d" relativeResultsDirectory="8f845a5f-b0df-41a1-8a9f-b5302327f26c" />
    <UnitTestResult executionId="650dd296-9071-46f8-a2ba-66a1dce0979b" testId="68fca5a0-0889-490e-ec2f-406de7ad763a" testName="Aula.Tests.Integration.MinUddannelseClientTests.GetWeekLetter_ReturnsWeekLetter_WhenApiReturnsData" computerName="RHO-DESKTOP" duration="00:00:00.0203202" startTime="2025-06-30T17:11:27.5000875+02:00" endTime="2025-06-30T17:11:27.5000877+02:00" testType="13cdc9d9-ddb5-4fa4-a97d-d965ccfc6d4b" outcome="Passed" testListId="8c84fa94-04c1-424b-9868-57a2d4851a1d" relativeResultsDirectory="650dd296-9071-46f8-a2ba-66a1dce0979b" />
    <UnitTestResult executionId="b44e0edc-f7fa-45be-b6b0-01165a0f047e" testId="c4bc0f3a-eeff-3d15-3eac-b16332605c4c" testName="Aula.Tests.Bots.SlackMessageHandlerTests.HandleMessageAsync_WithValidQuery_ProcessesSuccessfully(queryText: &quot;What is TestChild1 doing tomorrow?&quot;)" computerName="RHO-DESKTOP" duration="00:00:00.0010000" startTime="2025-06-30T17:11:27.6629990+02:00" endTime="2025-06-30T17:11:27.6629991+02:00" testType="13cdc9d9-ddb5-4fa4-a97d-d965ccfc6d4b" outcome="Failed" testListId="8c84fa94-04c1-424b-9868-57a2d4851a1d" relativeResultsDirectory="b44e0edc-f7fa-45be-b6b0-01165a0f047e">
      <Output>
        <ErrorInfo>
          <Message>System.ArgumentException : Can not instantiate proxy of class: Aula.Tools.ReminderCommandHandler.
Could not find a parameterless constructor. (Parameter 'constructorArguments')
---- System.MissingMethodException : Constructor on type 'Castle.Proxies.ReminderCommandHandlerProxy' not found.</Message>
          <StackTrace>   at Castle.DynamicProxy.ProxyGenerator.CreateClassProxyInstance(Type proxyType, List`1 proxyArguments, Type classToProxy, Object[] constructorArguments)
   at Castle.DynamicProxy.ProxyGenerator.CreateClassProxy(Type classToProxy, Type[] additionalInterfacesToProxy, ProxyGenerationOptions options, Object[] constructorArguments, IInterceptor[] interceptors)
   at Moq.CastleProxyFactory.CreateProxy(Type mockType, IInterceptor interceptor, Type[] interfaces, Object[] arguments) in /_/src/Moq/Interception/CastleProxyFactory.cs:line 62
   at Moq.Mock`1.InitializeInstance() in /_/src/Moq/Mock`1.cs:line 309
   at Moq.Mock`1.OnGetObject() in /_/src/Moq/Mock`1.cs:line 323
   at Moq.Mock.get_Object() in /_/src/Moq/Mock.cs:line 181
   at Moq.Mock`1.get_Object() in /_/src/Moq/Mock`1.cs:line 281
   at Aula.Tests.Bots.SlackMessageHandlerTests..ctor() in /mnt/d/git/aula/src/Aula.Tests/Bots/SlackMessageHandlerTests.cs:line 57
   at System.RuntimeType.CreateInstanceDefaultCtor(Boolean publicOnly, Boolean wrapExceptions)
----- Inner Stack Trace -----
   at System.RuntimeType.CreateInstanceImpl(BindingFlags bindingAttr, Binder binder, Object[] args, CultureInfo culture)
   at Castle.DynamicProxy.ProxyGenerator.CreateClassProxyInstance(Type proxyType, List`1 proxyArguments, Type classToProxy, Object[] constructorArguments)</StackTrace>
        </ErrorInfo>
      </Output>
    </UnitTestResult>
    <UnitTestResult executionId="53bf0776-ddd0-4d85-88d8-280b7bee2432" testId="76863e49-5dff-990d-7038-a9b0865a8589" testName="Aula.Tests.Utilities.WeekLetterContentExtractorTests.ExtractContent_Dynamic_WithNullUgebreve_ReturnsEmptyString" computerName="RHO-DESKTOP" duration="00:00:00.0013713" startTime="2025-06-30T17:11:27.5264635+02:00" endTime="2025-06-30T17:11:27.5264636+02:00" testType="13cdc9d9-ddb5-4fa4-a97d-d965ccfc6d4b" outcome="Passed" testListId="8c84fa94-04c1-424b-9868-57a2d4851a1d" relativeResultsDirectory="53bf0776-ddd0-4d85-88d8-280b7bee2432" />
    <UnitTestResult executionId="8f9bdaa9-9e50-4405-b2b2-448963ce7cf9" testId="9abb3739-6b0d-7f8e-6b46-0210e9a0d235" testName="Aula.Tests.Channels.SlackBotTests.PostMessage_WithMessage_DoesNotThrow" computerName="RHO-DESKTOP" duration="00:00:00.0024830" startTime="2025-06-30T17:11:27.4681115+02:00" endTime="2025-06-30T17:11:27.4681116+02:00" testType="13cdc9d9-ddb5-4fa4-a97d-d965ccfc6d4b" outcome="Passed" testListId="8c84fa94-04c1-424b-9868-57a2d4851a1d" relativeResultsDirectory="8f9bdaa9-9e50-4405-b2b2-448963ce7cf9" />
    <UnitTestResult executionId="75d32fee-349c-492c-b1d6-40e76cd88ce8" testId="300a05eb-8716-d1e6-2195-bbd82e0c4f9b" testName="Aula.Tests.Services.OpenAiServiceTests.OpenAiService_Constructor_WithNullApiKey_ThrowsException" computerName="RHO-DESKTOP" duration="00:00:00.1568125" startTime="2025-06-30T17:11:27.3894836+02:00" endTime="2025-06-30T17:11:27.3894838+02:00" testType="13cdc9d9-ddb5-4fa4-a97d-d965ccfc6d4b" outcome="Passed" testListId="8c84fa94-04c1-424b-9868-57a2d4851a1d" relativeResultsDirectory="75d32fee-349c-492c-b1d6-40e76cd88ce8" />
    <UnitTestResult executionId="15d9f22a-0130-476d-9ace-b15e66170a4d" testId="9c77e674-1e21-ff83-b112-8e3149d27b83" testName="Aula.Tests.Tools.AiToolsManagerTests.GetWeekLetters_WithNonExistentChild_ReturnsError" computerName="RHO-DESKTOP" duration="00:00:00.0004400" startTime="2025-06-30T17:11:27.7288312+02:00" endTime="2025-06-30T17:11:27.7288312+02:00" testType="13cdc9d9-ddb5-4fa4-a97d-d965ccfc6d4b" outcome="Passed" testListId="8c84fa94-04c1-424b-9868-57a2d4851a1d" relativeResultsDirectory="15d9f22a-0130-476d-9ace-b15e66170a4d" />
    <UnitTestResult executionId="4fab918b-5188-4e66-b6aa-60a8f807dca6" testId="809e3c71-6273-6b66-fb1e-4defb84e10e0" testName="Aula.Tests.Utilities.IntentAnalysisPromptsTests.ToolExamples_ContainsRequiredKeys(key: &quot;DELETE_REMINDER&quot;)" computerName="RHO-DESKTOP" duration="00:00:00.0000065" startTime="2025-06-30T17:11:27.6426787+02:00" endTime="2025-06-30T17:11:27.6426788+02:00" testType="13cdc9d9-ddb5-4fa4-a97d-d965ccfc6d4b" outcome="Passed" testListId="8c84fa94-04c1-424b-9868-57a2d4851a1d" relativeResultsDirectory="4fab918b-5188-4e66-b6aa-60a8f807dca6" />
    <UnitTestResult executionId="cd4cb8c4-70ca-4155-9cb3-794baa2aa9f8" testId="b951eadc-9c68-489f-5265-7dd5da8c5458" testName="Aula.Tests.Bots.TelegramMessageHandlerTests.HandleMessageAsync_WithValidQuery_ProcessesSuccessfully(queryText: &quot;What is TestChild1 doing tomorrow?&quot;)" computerName="RHO-DESKTOP" duration="00:00:00.0010000" startTime="2025-06-30T17:11:27.5580574+02:00" endTime="2025-06-30T17:11:27.5580575+02:00" testType="13cdc9d9-ddb5-4fa4-a97d-d965ccfc6d4b" outcome="Failed" testListId="8c84fa94-04c1-424b-9868-57a2d4851a1d" relativeResultsDirectory="cd4cb8c4-70ca-4155-9cb3-794baa2aa9f8">
      <Output>
        <ErrorInfo>
          <Message>System.ArgumentException : Can not instantiate proxy of class: Aula.Utilities.ConversationContextManager`1[[System.Int64, System.Private.CoreLib, Version=9.0.0.0, Culture=neutral, PublicKeyToken=7cec85d7bea7798e]].
Could not find a parameterless constructor. (Parameter 'constructorArguments')
---- System.MissingMethodException : Constructor on type 'Castle.Proxies.ConversationContextManager`1Proxy' not found.</Message>
          <StackTrace>   at Castle.DynamicProxy.ProxyGenerator.CreateClassProxyInstance(Type proxyType, List`1 proxyArguments, Type classToProxy, Object[] constructorArguments)
   at Castle.DynamicProxy.ProxyGenerator.CreateClassProxy(Type classToProxy, Type[] additionalInterfacesToProxy, ProxyGenerationOptions options, Object[] constructorArguments, IInterceptor[] interceptors)
   at Moq.CastleProxyFactory.CreateProxy(Type mockType, IInterceptor interceptor, Type[] interfaces, Object[] arguments) in /_/src/Moq/Interception/CastleProxyFactory.cs:line 62
   at Moq.Mock`1.InitializeInstance() in /_/src/Moq/Mock`1.cs:line 309
   at Moq.Mock`1.OnGetObject() in /_/src/Moq/Mock`1.cs:line 323
   at Moq.Mock.get_Object() in /_/src/Moq/Mock.cs:line 181
   at Moq.Mock`1.get_Object() in /_/src/Moq/Mock`1.cs:line 281
   at Aula.Tests.Bots.TelegramMessageHandlerTests..ctor() in /mnt/d/git/aula/src/Aula.Tests/Bots/TelegramMessageHandlerTests.cs:line 63
   at System.RuntimeType.CreateInstanceDefaultCtor(Boolean publicOnly, Boolean wrapExceptions)
----- Inner Stack Trace -----
   at System.RuntimeType.CreateInstanceImpl(BindingFlags bindingAttr, Binder binder, Object[] args, CultureInfo culture)
   at Castle.DynamicProxy.ProxyGenerator.CreateClassProxyInstance(Type proxyType, List`1 proxyArguments, Type classToProxy, Object[] constructorArguments)</StackTrace>
        </ErrorInfo>
      </Output>
    </UnitTestResult>
    <UnitTestResult executionId="7558fc88-326b-414c-828d-2a5e6e3a3346" testId="cf3ffd15-e77d-0064-8da1-70abe47d1342" testName="Aula.Tests.Utilities.FollowUpQuestionDetectorTests.IsFollowUpQuestion_WithEmptyChildrenList_HandlesSafely" computerName="RHO-DESKTOP" duration="00:00:00.0003334" startTime="2025-06-30T17:11:27.6912050+02:00" endTime="2025-06-30T17:11:27.6912052+02:00" testType="13cdc9d9-ddb5-4fa4-a97d-d965ccfc6d4b" outcome="Passed" testListId="8c84fa94-04c1-424b-9868-57a2d4851a1d" relativeResultsDirectory="7558fc88-326b-414c-828d-2a5e6e3a3346" />
    <UnitTestResult executionId="123e9963-527a-46d7-9813-1d648539c85a" testId="436baaef-6812-fc4c-4b87-6c9a6f9e3e55" testName="Aula.Tests.Channels.SlackBotTests.PushWeekLetter_WithEmptyWeekLetter_DoesNotThrow" computerName="RHO-DESKTOP" duration="00:00:00.0003749" startTime="2025-06-30T17:11:27.4662729+02:00" endTime="2025-06-30T17:11:27.4662730+02:00" testType="13cdc9d9-ddb5-4fa4-a97d-d965ccfc6d4b" outcome="Passed" testListId="8c84fa94-04c1-424b-9868-57a2d4851a1d" relativeResultsDirectory="123e9963-527a-46d7-9813-1d648539c85a" />
    <UnitTestResult executionId="36993d3e-a895-49aa-8ccd-359a54ab534d" testId="d141c1f4-2ff8-7341-a2af-364fb6299829" testName="Aula.Tests.Utilities.JsonFormatterTests.Prettify_WithIncompleteJson_ThrowsException(incompleteJson: &quot;{\&quot;incomplete\&quot;:&quot;)" computerName="RHO-DESKTOP" duration="00:00:00.0014422" startTime="2025-06-30T17:11:27.2630306+02:00" endTime="2025-06-30T17:11:27.2630307+02:00" testType="13cdc9d9-ddb5-4fa4-a97d-d965ccfc6d4b" outcome="Passed" testListId="8c84fa94-04c1-424b-9868-57a2d4851a1d" relativeResultsDirectory="36993d3e-a895-49aa-8ccd-359a54ab534d" />
    <UnitTestResult executionId="dc66c816-49dc-4f8a-8218-f7ed7fb978dc" testId="9ca02d05-5169-149e-ecab-3b9b289b72d5" testName="Aula.Tests.Tools.ReminderCommandHandlerTests.TryHandleReminderCommand_ListReminders_OrdersByDateAndTime" computerName="RHO-DESKTOP" duration="00:00:00.0055275" startTime="2025-06-30T17:11:27.8250389+02:00" endTime="2025-06-30T17:11:27.8250391+02:00" testType="13cdc9d9-ddb5-4fa4-a97d-d965ccfc6d4b" outcome="Passed" testListId="8c84fa94-04c1-424b-9868-57a2d4851a1d" relativeResultsDirectory="dc66c816-49dc-4f8a-8218-f7ed7fb978dc" />
    <UnitTestResult executionId="72c83261-9f4a-4653-ad64-5eee50fbf88e" testId="5923c05c-0f73-b670-436e-b35343d0427b" testName="Aula.Tests.Services.SupabaseServiceTests.Constructor_WithValidConfig_CreatesInstance" computerName="RHO-DESKTOP" duration="00:00:00.0010980" startTime="2025-06-30T17:11:27.5622478+02:00" endTime="2025-06-30T17:11:27.5622479+02:00" testType="13cdc9d9-ddb5-4fa4-a97d-d965ccfc6d4b" outcome="Passed" testListId="8c84fa94-04c1-424b-9868-57a2d4851a1d" relativeResultsDirectory="72c83261-9f4a-4653-ad64-5eee50fbf88e" />
    <UnitTestResult executionId="1f0ecd4f-4118-4152-9a36-a40b306836ed" testId="9191e86e-6282-7313-7613-da1e1fef327e" testName="Aula.Tests.Bots.TelegramInteractiveBotTests.SendMessage_WithLongChatIdAsLong_SendsSuccessfully(chatId: 987654321)" computerName="RHO-DESKTOP" duration="00:00:00.7178706" startTime="2025-06-30T17:11:29.4312071+02:00" endTime="2025-06-30T17:11:29.4312073+02:00" testType="13cdc9d9-ddb5-4fa4-a97d-d965ccfc6d4b" outcome="Passed" testListId="8c84fa94-04c1-424b-9868-57a2d4851a1d" relativeResultsDirectory="1f0ecd4f-4118-4152-9a36-a40b306836ed" />
    <UnitTestResult executionId="f7a8766c-f14a-47e3-a57b-8581d6421f5d" testId="de1a8f86-5c1b-b7d6-9ef4-2f917a94a294" testName="Aula.Tests.Bots.TelegramMessageHandlerTests.HandleMessageAsync_WithException_LogsError" computerName="RHO-DESKTOP" duration="00:00:00.0010000" startTime="2025-06-30T17:11:27.6058218+02:00" endTime="2025-06-30T17:11:27.6058220+02:00" testType="13cdc9d9-ddb5-4fa4-a97d-d965ccfc6d4b" outcome="Failed" testListId="8c84fa94-04c1-424b-9868-57a2d4851a1d" relativeResultsDirectory="f7a8766c-f14a-47e3-a57b-8581d6421f5d">
      <Output>
        <ErrorInfo>
          <Message>System.ArgumentException : Can not instantiate proxy of class: Aula.Utilities.ConversationContextManager`1[[System.Int64, System.Private.CoreLib, Version=9.0.0.0, Culture=neutral, PublicKeyToken=7cec85d7bea7798e]].
Could not find a parameterless constructor. (Parameter 'constructorArguments')
---- System.MissingMethodException : Constructor on type 'Castle.Proxies.ConversationContextManager`1Proxy' not found.</Message>
          <StackTrace>   at Castle.DynamicProxy.ProxyGenerator.CreateClassProxyInstance(Type proxyType, List`1 proxyArguments, Type classToProxy, Object[] constructorArguments)
   at Castle.DynamicProxy.ProxyGenerator.CreateClassProxy(Type classToProxy, Type[] additionalInterfacesToProxy, ProxyGenerationOptions options, Object[] constructorArguments, IInterceptor[] interceptors)
   at Moq.CastleProxyFactory.CreateProxy(Type mockType, IInterceptor interceptor, Type[] interfaces, Object[] arguments) in /_/src/Moq/Interception/CastleProxyFactory.cs:line 62
   at Moq.Mock`1.InitializeInstance() in /_/src/Moq/Mock`1.cs:line 309
   at Moq.Mock`1.OnGetObject() in /_/src/Moq/Mock`1.cs:line 323
   at Moq.Mock.get_Object() in /_/src/Moq/Mock.cs:line 181
   at Moq.Mock`1.get_Object() in /_/src/Moq/Mock`1.cs:line 281
   at Aula.Tests.Bots.TelegramMessageHandlerTests..ctor() in /mnt/d/git/aula/src/Aula.Tests/Bots/TelegramMessageHandlerTests.cs:line 63
   at System.RuntimeType.CreateInstanceDefaultCtor(Boolean publicOnly, Boolean wrapExceptions)
----- Inner Stack Trace -----
   at System.RuntimeType.CreateInstanceImpl(BindingFlags bindingAttr, Binder binder, Object[] args, CultureInfo culture)
   at Castle.DynamicProxy.ProxyGenerator.CreateClassProxyInstance(Type proxyType, List`1 proxyArguments, Type classToProxy, Object[] constructorArguments)</StackTrace>
        </ErrorInfo>
      </Output>
    </UnitTestResult>
    <UnitTestResult executionId="e8395beb-af4f-4f27-91d1-50ace08342b3" testId="fef1bbd3-bec0-195c-f4d4-bbae6f5abedb" testName="Aula.Tests.Tools.ReminderCommandHandlerTests.TryHandleReminderCommand_NonReminderCommands_ReturnsFalse(command: &quot;remind me&quot;)" computerName="RHO-DESKTOP" duration="00:00:00.0172346" startTime="2025-06-30T17:11:27.7298180+02:00" endTime="2025-06-30T17:11:27.7298181+02:00" testType="13cdc9d9-ddb5-4fa4-a97d-d965ccfc6d4b" outcome="Passed" testListId="8c84fa94-04c1-424b-9868-57a2d4851a1d" relativeResultsDirectory="e8395beb-af4f-4f27-91d1-50ace08342b3" />
    <UnitTestResult executionId="94e99b4c-fe7c-4da1-bcca-77943f397297" testId="a4a3bfc2-ce2c-55ab-e6c7-e1c25caaf60b" testName="Aula.Tests.Services.DataModelTests.AppState_WithProperties_SetsCorrectly" computerName="RHO-DESKTOP" duration="00:00:00.0043251" startTime="2025-06-30T17:11:27.2582810+02:00" endTime="2025-06-30T17:11:27.2582811+02:00" testType="13cdc9d9-ddb5-4fa4-a97d-d965ccfc6d4b" outcome="Passed" testListId="8c84fa94-04c1-424b-9868-57a2d4851a1d" relativeResultsDirectory="94e99b4c-fe7c-4da1-bcca-77943f397297" />
    <UnitTestResult executionId="15817135-e3f1-429a-ba8c-a07cfcd37dbc" testId="d5b8733f-7ffb-19e9-63c1-4570e58b1a99" testName="Aula.Tests.Utilities.ReminderExtractionPromptsTests.GetExtractionPrompt_WithVariousCurrentTimes_CalculatesRelativeDatesCorrectly(currentTimeStr: &quot;2025-06-30 14:30:00&quot;)" computerName="RHO-DESKTOP" duration="00:00:00.0001596" startTime="2025-06-30T17:11:27.2668114+02:00" endTime="2025-06-30T17:11:27.2668117+02:00" testType="13cdc9d9-ddb5-4fa4-a97d-d965ccfc6d4b" outcome="Passed" testListId="8c84fa94-04c1-424b-9868-57a2d4851a1d" relativeResultsDirectory="15817135-e3f1-429a-ba8c-a07cfcd37dbc" />
    <UnitTestResult executionId="fd049365-2b60-4754-bb45-3234af530c00" testId="d6143222-8a1b-29ba-ebfb-222b6c27b152" testName="Aula.Tests.Utilities.JsonFormatterTests.Prettify_WithMalformedJson_ThrowsJsonException" computerName="RHO-DESKTOP" duration="00:00:00.0004176" startTime="2025-06-30T17:11:27.2634794+02:00" endTime="2025-06-30T17:11:27.2634795+02:00" testType="13cdc9d9-ddb5-4fa4-a97d-d965ccfc6d4b" outcome="Passed" testListId="8c84fa94-04c1-424b-9868-57a2d4851a1d" relativeResultsDirectory="fd049365-2b60-4754-bb45-3234af530c00" />
    <UnitTestResult executionId="b9d95989-6239-4e17-a1c6-49690bbbb077" testId="5757d75c-5377-8df3-a3a7-30a9777d143b" testName="Aula.Tests.Utilities.FollowUpQuestionDetectorTests.IsFollowUpQuestion_WithChildNameAndShortMessage_ReturnsTrue(input: &quot;EMMA&quot;)" computerName="RHO-DESKTOP" duration="00:00:00.0000721" startTime="2025-06-30T17:11:27.7067391+02:00" endTime="2025-06-30T17:11:27.7067393+02:00" testType="13cdc9d9-ddb5-4fa4-a97d-d965ccfc6d4b" outcome="Passed" testListId="8c84fa94-04c1-424b-9868-57a2d4851a1d" relativeResultsDirectory="b9d95989-6239-4e17-a1c6-49690bbbb077" />
    <UnitTestResult executionId="b505e887-f107-4347-9605-08ec169d30fd" testId="9e010064-1282-f730-0e21-1a9c045272eb" testName="Aula.Tests.Utilities.IntentAnalysisPromptsTests.GetFormattedPrompt_WithVariousQueries_ReturnsValidPrompt(query: &quot;Remind me about soccer&quot;)" computerName="RHO-DESKTOP" duration="00:00:00.0002445" startTime="2025-06-30T17:11:27.6380159+02:00" endTime="2025-06-30T17:11:27.6380161+02:00" testType="13cdc9d9-ddb5-4fa4-a97d-d965ccfc6d4b" outcome="Passed" testListId="8c84fa94-04c1-424b-9868-57a2d4851a1d" relativeResultsDirectory="b505e887-f107-4347-9605-08ec169d30fd" />
    <UnitTestResult executionId="4f664413-8da6-451d-8457-51fffb7a1d90" testId="5978b633-9011-54a2-21cc-a2b29dbbebca" testName="Aula.Tests.Utilities.FollowUpQuestionDetectorTests.IsFollowUpQuestion_WithChildNameAndShortMessage_ReturnsTrue(input: &quot;emma&quot;)" computerName="RHO-DESKTOP" duration="00:00:00.0001940" startTime="2025-06-30T17:11:27.7057343+02:00" endTime="2025-06-30T17:11:27.7057346+02:00" testType="13cdc9d9-ddb5-4fa4-a97d-d965ccfc6d4b" outcome="Passed" testListId="8c84fa94-04c1-424b-9868-57a2d4851a1d" relativeResultsDirectory="4f664413-8da6-451d-8457-51fffb7a1d90" />
    <UnitTestResult executionId="dc666502-1cea-4f17-922b-1aa27022ded0" testId="fab9cf34-c985-2e8e-6005-8cc650dd7227" testName="Aula.Tests.Bots.SlackMessageHandlerTests.HandleMessageAsync_WithHelpCommand_ProcessesHelpMessage(helpCommand: &quot;HJÆLP&quot;)" computerName="RHO-DESKTOP" duration="00:00:00.0010000" startTime="2025-06-30T17:11:27.6664328+02:00" endTime="2025-06-30T17:11:27.6664329+02:00" testType="13cdc9d9-ddb5-4fa4-a97d-d965ccfc6d4b" outcome="Failed" testListId="8c84fa94-04c1-424b-9868-57a2d4851a1d" relativeResultsDirectory="dc666502-1cea-4f17-922b-1aa27022ded0">
      <Output>
        <ErrorInfo>
          <Message>System.ArgumentException : Can not instantiate proxy of class: Aula.Tools.ReminderCommandHandler.
Could not find a parameterless constructor. (Parameter 'constructorArguments')
---- System.MissingMethodException : Constructor on type 'Castle.Proxies.ReminderCommandHandlerProxy' not found.</Message>
          <StackTrace>   at Castle.DynamicProxy.ProxyGenerator.CreateClassProxyInstance(Type proxyType, List`1 proxyArguments, Type classToProxy, Object[] constructorArguments)
   at Castle.DynamicProxy.ProxyGenerator.CreateClassProxy(Type classToProxy, Type[] additionalInterfacesToProxy, ProxyGenerationOptions options, Object[] constructorArguments, IInterceptor[] interceptors)
   at Moq.CastleProxyFactory.CreateProxy(Type mockType, IInterceptor interceptor, Type[] interfaces, Object[] arguments) in /_/src/Moq/Interception/CastleProxyFactory.cs:line 62
   at Moq.Mock`1.InitializeInstance() in /_/src/Moq/Mock`1.cs:line 309
   at Moq.Mock`1.OnGetObject() in /_/src/Moq/Mock`1.cs:line 323
   at Moq.Mock.get_Object() in /_/src/Moq/Mock.cs:line 181
   at Moq.Mock`1.get_Object() in /_/src/Moq/Mock`1.cs:line 281
   at Aula.Tests.Bots.SlackMessageHandlerTests..ctor() in /mnt/d/git/aula/src/Aula.Tests/Bots/SlackMessageHandlerTests.cs:line 57
   at System.RuntimeType.CreateInstanceDefaultCtor(Boolean publicOnly, Boolean wrapExceptions)
----- Inner Stack Trace -----
   at System.RuntimeType.CreateInstanceImpl(BindingFlags bindingAttr, Binder binder, Object[] args, CultureInfo culture)
   at Castle.DynamicProxy.ProxyGenerator.CreateClassProxyInstance(Type proxyType, List`1 proxyArguments, Type classToProxy, Object[] constructorArguments)</StackTrace>
        </ErrorInfo>
      </Output>
    </UnitTestResult>
    <UnitTestResult executionId="eba043e6-54dc-4f2a-b281-f2999d688225" testId="715923f7-f881-74c1-66a2-e6f91fe6f3c7" testName="Aula.Tests.Scheduling.SchedulingServiceTests.Constructor_WithValidParameters_InitializesCorrectly" computerName="RHO-DESKTOP" duration="00:00:00.0044714" startTime="2025-06-30T17:11:27.6440886+02:00" endTime="2025-06-30T17:11:27.6440887+02:00" testType="13cdc9d9-ddb5-4fa4-a97d-d965ccfc6d4b" outcome="Passed" testListId="8c84fa94-04c1-424b-9868-57a2d4851a1d" relativeResultsDirectory="eba043e6-54dc-4f2a-b281-f2999d688225" />
    <UnitTestResult executionId="347b6d04-d26f-4df8-a058-ae9f7b0cee82" testId="88e9ac16-5b29-b780-b558-9573ebf5b489" testName="Aula.Tests.Utilities.IntentAnalysisPromptsTests.ToolExamples_CoverExpectedUseCase(expectedKey: &quot;GET_CURRENT_TIME&quot;, queryPattern: &quot;time&quot;)" computerName="RHO-DESKTOP" duration="00:00:00.0000256" startTime="2025-06-30T17:11:27.6406594+02:00" endTime="2025-06-30T17:11:27.6406595+02:00" testType="13cdc9d9-ddb5-4fa4-a97d-d965ccfc6d4b" outcome="Passed" testListId="8c84fa94-04c1-424b-9868-57a2d4851a1d" relativeResultsDirectory="347b6d04-d26f-4df8-a058-ae9f7b0cee82" />
    <UnitTestResult executionId="8a24db49-2660-4592-9ef3-ced56d8b46ed" testId="c5a7611f-847e-26d1-53fe-736703c875f6" testName="Aula.Tests.Services.OpenAiServiceIntegrationTests.AskQuestionAboutWeekLetterAsync_WithNullWeekLetter_ThrowsArgumentNullException(chatInterface: Telegram)" computerName="RHO-DESKTOP" duration="00:00:00.0008740" startTime="2025-06-30T17:11:27.5355892+02:00" endTime="2025-06-30T17:11:27.5355893+02:00" testType="13cdc9d9-ddb5-4fa4-a97d-d965ccfc6d4b" outcome="Failed" testListId="8c84fa94-04c1-424b-9868-57a2d4851a1d" relativeResultsDirectory="8a24db49-2660-4592-9ef3-ced56d8b46ed">
      <Output>
        <ErrorInfo>
          <Message>System.ArgumentException : Can not instantiate proxy of class: Aula.Tools.AiToolsManager.
Could not find a parameterless constructor. (Parameter 'constructorArguments')
---- System.MissingMethodException : Constructor on type 'Castle.Proxies.AiToolsManagerProxy' not found.</Message>
          <StackTrace>   at Castle.DynamicProxy.ProxyGenerator.CreateClassProxyInstance(Type proxyType, List`1 proxyArguments, Type classToProxy, Object[] constructorArguments)
   at Castle.DynamicProxy.ProxyGenerator.CreateClassProxy(Type classToProxy, Type[] additionalInterfacesToProxy, ProxyGenerationOptions options, Object[] constructorArguments, IInterceptor[] interceptors)
   at Moq.CastleProxyFactory.CreateProxy(Type mockType, IInterceptor interceptor, Type[] interfaces, Object[] arguments) in /_/src/Moq/Interception/CastleProxyFactory.cs:line 62
   at Moq.Mock`1.InitializeInstance() in /_/src/Moq/Mock`1.cs:line 309
   at Moq.Mock`1.OnGetObject() in /_/src/Moq/Mock`1.cs:line 323
   at Moq.Mock.get_Object() in /_/src/Moq/Mock.cs:line 181
   at Moq.Mock`1.get_Object() in /_/src/Moq/Mock`1.cs:line 281
   at Aula.Tests.Services.OpenAiServiceIntegrationTests.AskQuestionAboutWeekLetterAsync_WithNullWeekLetter_ThrowsArgumentNullException(ChatInterface chatInterface) in /mnt/d/git/aula/src/Aula.Tests/Services/OpenAiServiceIntegrationTests.cs:line 119
--- End of stack trace from previous location ---
----- Inner Stack Trace -----
   at System.RuntimeType.CreateInstanceImpl(BindingFlags bindingAttr, Binder binder, Object[] args, CultureInfo culture)
   at Castle.DynamicProxy.ProxyGenerator.CreateClassProxyInstance(Type proxyType, List`1 proxyArguments, Type classToProxy, Object[] constructorArguments)</StackTrace>
        </ErrorInfo>
      </Output>
    </UnitTestResult>
    <UnitTestResult executionId="1169abcb-3342-40ee-8f68-e261964d1cab" testId="273c2632-e8a7-4a3f-093e-3b4b8e141ef8" testName="Aula.Tests.Scheduling.SchedulingServiceTests.StopAsync_AfterStart_DoesNotThrow" computerName="RHO-DESKTOP" duration="00:00:00.0144480" startTime="2025-06-30T17:11:27.6438039+02:00" endTime="2025-06-30T17:11:27.6438039+02:00" testType="13cdc9d9-ddb5-4fa4-a97d-d965ccfc6d4b" outcome="Passed" testListId="8c84fa94-04c1-424b-9868-57a2d4851a1d" relativeResultsDirectory="1169abcb-3342-40ee-8f68-e261964d1cab" />
    <UnitTestResult executionId="4db42b0e-a19d-45d5-a33e-c48cee66362a" testId="a2a7734b-7826-2e52-b732-ff373605efea" testName="Aula.Tests.Channels.TelegramClientTests.SendMessageToChannel_WithVariousMessages_DoesNotThrow(message: &quot;Message with &lt;b&gt;bold&lt;/b&gt; text&quot;)" computerName="RHO-DESKTOP" duration="00:00:00.0004280" startTime="2025-06-30T17:11:27.7383612+02:00" endTime="2025-06-30T17:11:27.7383613+02:00" testType="13cdc9d9-ddb5-4fa4-a97d-d965ccfc6d4b" outcome="Passed" testListId="8c84fa94-04c1-424b-9868-57a2d4851a1d" relativeResultsDirectory="4db42b0e-a19d-45d5-a33e-c48cee66362a" />
    <UnitTestResult executionId="f43dd0a4-81bd-41c1-bcbb-0d00207cd67b" testId="f11a9af6-85d6-781d-ccbd-c54d5d82bacf" testName="Aula.Tests.Utilities.FollowUpQuestionDetectorTests.IsFollowUpQuestion_WithEnglishFollowUpPhrases_ReturnsTrue(input: &quot;and?&quot;)" computerName="RHO-DESKTOP" duration="00:00:00.0002604" startTime="2025-06-30T17:11:27.6840730+02:00" endTime="2025-06-30T17:11:27.6840731+02:00" testType="13cdc9d9-ddb5-4fa4-a97d-d965ccfc6d4b" outcome="Passed" testListId="8c84fa94-04c1-424b-9868-57a2d4851a1d" relativeResultsDirectory="f43dd0a4-81bd-41c1-bcbb-0d00207cd67b" />
    <UnitTestResult executionId="8817db69-24b3-4194-b9c7-6421d53c0e74" testId="aef92e61-6107-1b9f-7603-daa021c2c030" testName="Aula.Tests.Utilities.ReminderExtractionPromptsTests.GetExtractionPrompt_IncludesCurrentTime" computerName="RHO-DESKTOP" duration="00:00:00.0002191" startTime="2025-06-30T17:11:27.2705688+02:00" endTime="2025-06-30T17:11:27.2705689+02:00" testType="13cdc9d9-ddb5-4fa4-a97d-d965ccfc6d4b" outcome="Passed" testListId="8c84fa94-04c1-424b-9868-57a2d4851a1d" relativeResultsDirectory="8817db69-24b3-4194-b9c7-6421d53c0e74" />
    <UnitTestResult executionId="3444a0cf-5d8c-41e2-886a-9c0feeb8be86" testId="2cec1e41-be18-3fa0-9996-473f9652882f" testName="Aula.Tests.Configuration.ConfigurationTests.GoogleServiceAccount_RequiredFields_ArePresent" computerName="RHO-DESKTOP" duration="00:00:00.0086338" startTime="2025-06-30T17:11:28.2645387+02:00" endTime="2025-06-30T17:11:28.2645388+02:00" testType="13cdc9d9-ddb5-4fa4-a97d-d965ccfc6d4b" outcome="Passed" testListId="8c84fa94-04c1-424b-9868-57a2d4851a1d" relativeResultsDirectory="3444a0cf-5d8c-41e2-886a-9c0feeb8be86" />
    <UnitTestResult executionId="984b6ad9-562d-43fb-bfab-012599725932" testId="639796f8-538b-fbb8-1899-7a0106856fc7" testName="Aula.Tests.Channels.SlackBotTests.PostMessage_WithVariousMessages_DoesNotThrow(message: &quot;&quot;)" computerName="RHO-DESKTOP" duration="00:00:00.0001538" startTime="2025-06-30T17:11:27.4130054+02:00" endTime="2025-06-30T17:11:27.4130056+02:00" testType="13cdc9d9-ddb5-4fa4-a97d-d965ccfc6d4b" outcome="Passed" testListId="8c84fa94-04c1-424b-9868-57a2d4851a1d" relativeResultsDirectory="984b6ad9-562d-43fb-bfab-012599725932" />
    <UnitTestResult executionId="a7837692-e18e-474c-892c-7d26c3853f0d" testId="bfbb79be-1fcf-163a-7e39-8393a3a71050" testName="Aula.Tests.Utilities.IntentAnalysisPromptsTests.ToolExamples_ToolCallExamples_FollowCorrectFormat" computerName="RHO-DESKTOP" duration="00:00:00.0036765" startTime="2025-06-30T17:11:27.6436456+02:00" endTime="2025-06-30T17:11:27.6436456+02:00" testType="13cdc9d9-ddb5-4fa4-a97d-d965ccfc6d4b" outcome="Passed" testListId="8c84fa94-04c1-424b-9868-57a2d4851a1d" relativeResultsDirectory="a7837692-e18e-474c-892c-7d26c3853f0d" />
    <UnitTestResult executionId="c39712d9-2581-43b4-81d4-e6ec2268b308" testId="d3b4820e-3f6b-fc6c-04b8-e7cf49b0bad8" testName="Aula.Tests.Channels.SlackBotTests.PostWeekLetter_WithVariousChildNames_HandlesCorrectly(firstName: &quot;&quot;)" computerName="RHO-DESKTOP" duration="00:00:00.2550654" startTime="2025-06-30T17:11:27.4017996+02:00" endTime="2025-06-30T17:11:27.4017998+02:00" testType="13cdc9d9-ddb5-4fa4-a97d-d965ccfc6d4b" outcome="Passed" testListId="8c84fa94-04c1-424b-9868-57a2d4851a1d" relativeResultsDirectory="c39712d9-2581-43b4-81d4-e6ec2268b308" />
    <UnitTestResult executionId="93ac8c2d-d542-4f0b-89f3-d93e72a3651a" testId="4854f432-ed08-b528-1fc8-b51b93105d76" testName="Aula.Tests.Services.OpenAiServiceIntegrationTests.Constructor_WithCustomModel_UsesSpecifiedModel" computerName="RHO-DESKTOP" duration="00:00:00.0007445" startTime="2025-06-30T17:11:27.4713991+02:00" endTime="2025-06-30T17:11:27.4713993+02:00" testType="13cdc9d9-ddb5-4fa4-a97d-d965ccfc6d4b" outcome="Failed" testListId="8c84fa94-04c1-424b-9868-57a2d4851a1d" relativeResultsDirectory="93ac8c2d-d542-4f0b-89f3-d93e72a3651a">
      <Output>
        <ErrorInfo>
          <Message>System.ArgumentException : Can not instantiate proxy of class: Aula.Tools.AiToolsManager.
Could not find a parameterless constructor. (Parameter 'constructorArguments')
---- System.MissingMethodException : Constructor on type 'Castle.Proxies.AiToolsManagerProxy' not found.</Message>
          <StackTrace>   at Castle.DynamicProxy.ProxyGenerator.CreateClassProxyInstance(Type proxyType, List`1 proxyArguments, Type classToProxy, Object[] constructorArguments)
   at Castle.DynamicProxy.ProxyGenerator.CreateClassProxy(Type classToProxy, Type[] additionalInterfacesToProxy, ProxyGenerationOptions options, Object[] constructorArguments, IInterceptor[] interceptors)
   at Moq.CastleProxyFactory.CreateProxy(Type mockType, IInterceptor interceptor, Type[] interfaces, Object[] arguments) in /_/src/Moq/Interception/CastleProxyFactory.cs:line 62
   at Moq.Mock`1.InitializeInstance() in /_/src/Moq/Mock`1.cs:line 309
   at Moq.Mock`1.OnGetObject() in /_/src/Moq/Mock`1.cs:line 323
   at Moq.Mock.get_Object() in /_/src/Moq/Mock.cs:line 181
   at Moq.Mock`1.get_Object() in /_/src/Moq/Mock`1.cs:line 281
   at Aula.Tests.Services.OpenAiServiceIntegrationTests.Constructor_WithCustomModel_UsesSpecifiedModel() in /mnt/d/git/aula/src/Aula.Tests/Services/OpenAiServiceIntegrationTests.cs:line 79
   at System.RuntimeMethodHandle.InvokeMethod(Object target, Void** arguments, Signature sig, Boolean isConstructor)
   at System.Reflection.MethodBaseInvoker.InvokeWithNoArgs(Object obj, BindingFlags invokeAttr)
----- Inner Stack Trace -----
   at System.RuntimeType.CreateInstanceImpl(BindingFlags bindingAttr, Binder binder, Object[] args, CultureInfo culture)
   at Castle.DynamicProxy.ProxyGenerator.CreateClassProxyInstance(Type proxyType, List`1 proxyArguments, Type classToProxy, Object[] constructorArguments)</StackTrace>
        </ErrorInfo>
      </Output>
    </UnitTestResult>
    <UnitTestResult executionId="5d152cc5-0cd9-4c06-9bd0-b0281d37ddcb" testId="fcbd2e73-61cc-55ae-168b-985e355ba11c" testName="Aula.Tests.Bots.TelegramMessageHandlerTests.HandleMessageAsync_WithHelpCommand_ProcessesHelpMessage(helpCommand: &quot;hjælp&quot;)" computerName="RHO-DESKTOP" duration="00:00:00.0010000" startTime="2025-06-30T17:11:27.5443952+02:00" endTime="2025-06-30T17:11:27.5443954+02:00" testType="13cdc9d9-ddb5-4fa4-a97d-d965ccfc6d4b" outcome="Failed" testListId="8c84fa94-04c1-424b-9868-57a2d4851a1d" relativeResultsDirectory="5d152cc5-0cd9-4c06-9bd0-b0281d37ddcb">
      <Output>
        <ErrorInfo>
          <Message>System.ArgumentException : Can not instantiate proxy of class: Aula.Utilities.ConversationContextManager`1[[System.Int64, System.Private.CoreLib, Version=9.0.0.0, Culture=neutral, PublicKeyToken=7cec85d7bea7798e]].
Could not find a parameterless constructor. (Parameter 'constructorArguments')
---- System.MissingMethodException : Constructor on type 'Castle.Proxies.ConversationContextManager`1Proxy' not found.</Message>
          <StackTrace>   at Castle.DynamicProxy.ProxyGenerator.CreateClassProxyInstance(Type proxyType, List`1 proxyArguments, Type classToProxy, Object[] constructorArguments)
   at Castle.DynamicProxy.ProxyGenerator.CreateClassProxy(Type classToProxy, Type[] additionalInterfacesToProxy, ProxyGenerationOptions options, Object[] constructorArguments, IInterceptor[] interceptors)
   at Moq.CastleProxyFactory.CreateProxy(Type mockType, IInterceptor interceptor, Type[] interfaces, Object[] arguments) in /_/src/Moq/Interception/CastleProxyFactory.cs:line 62
   at Moq.Mock`1.InitializeInstance() in /_/src/Moq/Mock`1.cs:line 309
   at Moq.Mock`1.OnGetObject() in /_/src/Moq/Mock`1.cs:line 323
   at Moq.Mock.get_Object() in /_/src/Moq/Mock.cs:line 181
   at Moq.Mock`1.get_Object() in /_/src/Moq/Mock`1.cs:line 281
   at Aula.Tests.Bots.TelegramMessageHandlerTests..ctor() in /mnt/d/git/aula/src/Aula.Tests/Bots/TelegramMessageHandlerTests.cs:line 63
   at System.RuntimeType.CreateInstanceDefaultCtor(Boolean publicOnly, Boolean wrapExceptions)
----- Inner Stack Trace -----
   at System.RuntimeType.CreateInstanceImpl(BindingFlags bindingAttr, Binder binder, Object[] args, CultureInfo culture)
   at Castle.DynamicProxy.ProxyGenerator.CreateClassProxyInstance(Type proxyType, List`1 proxyArguments, Type classToProxy, Object[] constructorArguments)</StackTrace>
        </ErrorInfo>
      </Output>
    </UnitTestResult>
    <UnitTestResult executionId="4c7d790c-4cf4-415b-8b1a-fc07f735b9e8" testId="fd81db88-72a7-84e2-4288-c872b2f15c55" testName="Aula.Tests.Channels.SlackBotTests.SendTestMessage_WithVariousMessages_DoesNotThrow(message: &quot;Simple message&quot;)" computerName="RHO-DESKTOP" duration="00:00:00.0005089" startTime="2025-06-30T17:11:27.4387833+02:00" endTime="2025-06-30T17:11:27.4387834+02:00" testType="13cdc9d9-ddb5-4fa4-a97d-d965ccfc6d4b" outcome="Passed" testListId="8c84fa94-04c1-424b-9868-57a2d4851a1d" relativeResultsDirectory="4c7d790c-4cf4-415b-8b1a-fc07f735b9e8" />
    <UnitTestResult executionId="c86722d4-adca-4148-b83f-06ca54bc285e" testId="ffc1e6de-c7e5-39de-fa7e-18eabd193809" testName="Aula.Tests.Bots.SlackInteractiveBotTests.Constructor_WithNullSupabaseService_ThrowsArgumentNullException" computerName="RHO-DESKTOP" duration="00:00:00.0010450" startTime="2025-06-30T17:11:27.3613134+02:00" endTime="2025-06-30T17:11:27.3613137+02:00" testType="13cdc9d9-ddb5-4fa4-a97d-d965ccfc6d4b" outcome="Passed" testListId="8c84fa94-04c1-424b-9868-57a2d4851a1d" relativeResultsDirectory="c86722d4-adca-4148-b83f-06ca54bc285e" />
    <UnitTestResult executionId="ff0acbc6-f6cd-48dd-ab1f-7ab637b7136b" testId="d4f2af6d-af5d-0e11-cead-324b41b39853" testName="Aula.Tests.Configuration.ConfigurationTests.Slack_ConfigurationIsCorrect" computerName="RHO-DESKTOP" duration="00:00:00.0117064" startTime="2025-06-30T17:11:28.1855567+02:00" endTime="2025-06-30T17:11:28.1855568+02:00" testType="13cdc9d9-ddb5-4fa4-a97d-d965ccfc6d4b" outcome="Passed" testListId="8c84fa94-04c1-424b-9868-57a2d4851a1d" relativeResultsDirectory="ff0acbc6-f6cd-48dd-ab1f-7ab637b7136b" />
    <UnitTestResult executionId="359f1399-876f-470f-a3ce-e440be1c7721" testId="be0934fb-3e5b-c412-9765-2aa4cc2f45a7" testName="Aula.Tests.Services.DataModelTests.Reminder_CreatedBy_HandlesValues(createdBy: &quot;user&quot;, shouldAccept: True)" computerName="RHO-DESKTOP" duration="00:00:00.0000043" startTime="2025-06-30T17:11:27.2578383+02:00" endTime="2025-06-30T17:11:27.2578384+02:00" testType="13cdc9d9-ddb5-4fa4-a97d-d965ccfc6d4b" outcome="Passed" testListId="8c84fa94-04c1-424b-9868-57a2d4851a1d" relativeResultsDirectory="359f1399-876f-470f-a3ce-e440be1c7721" />
    <UnitTestResult executionId="254872e9-634e-41b5-aaba-86576fc30f05" testId="6adeca65-1d67-3030-b131-cc9b902991d4" testName="Aula.Tests.Configuration.ConfigurationTests.Timers_SchedulingInterval_ValidationTests(intervalSeconds: 60, isValid: True)" computerName="RHO-DESKTOP" duration="00:00:00.0077813" startTime="2025-06-30T17:11:28.1384173+02:00" endTime="2025-06-30T17:11:28.1384175+02:00" testType="13cdc9d9-ddb5-4fa4-a97d-d965ccfc6d4b" outcome="Passed" testListId="8c84fa94-04c1-424b-9868-57a2d4851a1d" relativeResultsDirectory="254872e9-634e-41b5-aaba-86576fc30f05" />
    <UnitTestResult executionId="453c4d08-d875-4baa-b4c5-38d1747ac8d5" testId="4df15bfd-b375-822c-a8df-fcfde52ebf51" testName="Aula.Tests.Configuration.ConfigurationTests.Features_ConversationCacheExpiration_ValidationTests(minutes: 1, isValid: True)" computerName="RHO-DESKTOP" duration="00:00:00.0047321" startTime="2025-06-30T17:11:28.0237877+02:00" endTime="2025-06-30T17:11:28.0237879+02:00" testType="13cdc9d9-ddb5-4fa4-a97d-d965ccfc6d4b" outcome="Passed" testListId="8c84fa94-04c1-424b-9868-57a2d4851a1d" relativeResultsDirectory="453c4d08-d875-4baa-b4c5-38d1747ac8d5" />
    <UnitTestResult executionId="3433cb50-9fca-4a54-bdc7-9d9482c4c40b" testId="7bb5033b-053d-57a5-c00e-279f476a8835" testName="Aula.Tests.Utilities.ConversationContextManagerTests.UpdateContext_WithDefaultParameters_SetsCorrectDefaults" computerName="RHO-DESKTOP" duration="00:00:00.0003491" startTime="2025-06-30T17:11:27.4132636+02:00" endTime="2025-06-30T17:11:27.4132638+02:00" testType="13cdc9d9-ddb5-4fa4-a97d-d965ccfc6d4b" outcome="Passed" testListId="8c84fa94-04c1-424b-9868-57a2d4851a1d" relativeResultsDirectory="3433cb50-9fca-4a54-bdc7-9d9482c4c40b" />
    <UnitTestResult executionId="d7c77505-65fb-47b0-8ee8-c80ddd62283f" testId="c22f41fe-1a51-d644-5cab-111d373cdaae" testName="Aula.Tests.Channels.SlackBotTests.PostWeekLetter_WithVariousChildColors_HandlesCorrectly(color: &quot;#00FF00&quot;)" computerName="RHO-DESKTOP" duration="00:00:00.0008652" startTime="2025-06-30T17:11:27.4364930+02:00" endTime="2025-06-30T17:11:27.4364932+02:00" testType="13cdc9d9-ddb5-4fa4-a97d-d965ccfc6d4b" outcome="Passed" testListId="8c84fa94-04c1-424b-9868-57a2d4851a1d" relativeResultsDirectory="d7c77505-65fb-47b0-8ee8-c80ddd62283f" />
    <UnitTestResult executionId="6a1e3be5-49e6-4e91-9f8f-e0ba5e223be4" testId="852f061a-eb76-627b-f7c5-de08154576e3" testName="Aula.Tests.Utilities.ConversationContextManagerTests.UpdateContext_LogsInformation" computerName="RHO-DESKTOP" duration="00:00:00.0171511" startTime="2025-06-30T17:11:27.4382854+02:00" endTime="2025-06-30T17:11:27.4382856+02:00" testType="13cdc9d9-ddb5-4fa4-a97d-d965ccfc6d4b" outcome="Passed" testListId="8c84fa94-04c1-424b-9868-57a2d4851a1d" relativeResultsDirectory="6a1e3be5-49e6-4e91-9f8f-e0ba5e223be4" />
  </Results>
  <TestDefinitions>
    <UnitTest name="Aula.Tests.Utilities.JsonFormatterTests.Prettify_WithIncompleteJson_ThrowsException(incompleteJson: &quot;{\&quot;incomplete\&quot;:&quot;)" storage="/mnt/d/git/aula/src/aula.tests/bin/debug/net9.0/aula.tests.dll" id="d141c1f4-2ff8-7341-a2af-364fb6299829">
      <Execution id="36993d3e-a895-49aa-8ccd-359a54ab534d" />
      <TestMethod codeBase="/mnt/d/git/aula/src/Aula.Tests/bin/Debug/net9.0/Aula.Tests.dll" adapterTypeName="executor://xunit/VsTestRunner2/netcoreapp" className="Aula.Tests.Utilities.JsonFormatterTests" name="Prettify_WithIncompleteJson_ThrowsException" />
    </UnitTest>
    <UnitTest name="Aula.Tests.Utilities.JsonFormatterTests.Prettify_WithComplexNestedStructure_FormatsCorrectly" storage="/mnt/d/git/aula/src/aula.tests/bin/debug/net9.0/aula.tests.dll" id="cfdde69f-bd6f-9d86-5859-a1ef9746cd64">
      <Execution id="01e18998-49cd-46e0-9fdb-c2e7aa22a88e" />
      <TestMethod codeBase="/mnt/d/git/aula/src/Aula.Tests/bin/Debug/net9.0/Aula.Tests.dll" adapterTypeName="executor://xunit/VsTestRunner2/netcoreapp" className="Aula.Tests.Utilities.JsonFormatterTests" name="Prettify_WithComplexNestedStructure_FormatsCorrectly" />
    </UnitTest>
    <UnitTest name="Aula.Tests.Configuration.ConfigurationTests.Timers_SchedulingInterval_ValidationTests(intervalSeconds: 60, isValid: True)" storage="/mnt/d/git/aula/src/aula.tests/bin/debug/net9.0/aula.tests.dll" id="6adeca65-1d67-3030-b131-cc9b902991d4">
      <Execution id="254872e9-634e-41b5-aaba-86576fc30f05" />
      <TestMethod codeBase="/mnt/d/git/aula/src/Aula.Tests/bin/Debug/net9.0/Aula.Tests.dll" adapterTypeName="executor://xunit/VsTestRunner2/netcoreapp" className="Aula.Tests.Configuration.ConfigurationTests" name="Timers_SchedulingInterval_ValidationTests" />
    </UnitTest>
    <UnitTest name="Aula.Tests.Bots.TelegramInteractiveBotTests.PostWeekLetter_WithUnknownChild_LogsWarningAndReturns" storage="/mnt/d/git/aula/src/aula.tests/bin/debug/net9.0/aula.tests.dll" id="6423dadf-5032-e426-048d-b3adf874a425">
      <Execution id="ccfe893f-cc81-4046-ba96-86fd6bb435bf" />
      <TestMethod codeBase="/mnt/d/git/aula/src/Aula.Tests/bin/Debug/net9.0/Aula.Tests.dll" adapterTypeName="executor://xunit/VsTestRunner2/netcoreapp" className="Aula.Tests.Bots.TelegramInteractiveBotTests" name="PostWeekLetter_WithUnknownChild_LogsWarningAndReturns" />
    </UnitTest>
    <UnitTest name="Aula.Tests.Configuration.ConfigurationTests.Telegram_Token_ValidationTests(token: &quot;invalid-token&quot;, isValidFormat: False)" storage="/mnt/d/git/aula/src/aula.tests/bin/debug/net9.0/aula.tests.dll" id="e735c7b3-aa15-891a-afaf-f7174c07abf5">
      <Execution id="8e573783-6345-4a25-8dc3-1b9b2a710bbc" />
      <TestMethod codeBase="/mnt/d/git/aula/src/Aula.Tests/bin/Debug/net9.0/Aula.Tests.dll" adapterTypeName="executor://xunit/VsTestRunner2/netcoreapp" className="Aula.Tests.Configuration.ConfigurationTests" name="Telegram_Token_ValidationTests" />
    </UnitTest>
    <UnitTest name="Aula.Tests.Utilities.JsonFormatterTests.Prettify_WithInvalidJson_ThrowsJsonException" storage="/mnt/d/git/aula/src/aula.tests/bin/debug/net9.0/aula.tests.dll" id="809b830f-f032-72fe-7382-c6d2ac899d33">
      <Execution id="060233f6-748b-4698-9d45-bfd2e6be8887" />
      <TestMethod codeBase="/mnt/d/git/aula/src/Aula.Tests/bin/Debug/net9.0/Aula.Tests.dll" adapterTypeName="executor://xunit/VsTestRunner2/netcoreapp" className="Aula.Tests.Utilities.JsonFormatterTests" name="Prettify_WithInvalidJson_ThrowsJsonException" />
    </UnitTest>
    <UnitTest name="Aula.Tests.Services.SupabaseServiceTests.Constructor_WithValidConfig_CreatesInstance" storage="/mnt/d/git/aula/src/aula.tests/bin/debug/net9.0/aula.tests.dll" id="5923c05c-0f73-b670-436e-b35343d0427b">
      <Execution id="72c83261-9f4a-4653-ad64-5eee50fbf88e" />
      <TestMethod codeBase="/mnt/d/git/aula/src/Aula.Tests/bin/Debug/net9.0/Aula.Tests.dll" adapterTypeName="executor://xunit/VsTestRunner2/netcoreapp" className="Aula.Tests.Services.SupabaseServiceTests" name="Constructor_WithValidConfig_CreatesInstance" />
    </UnitTest>
    <UnitTest name="Aula.Tests.Utilities.DateTimeUtilitiesTests.GetDanishDayName_AllValidDaysOfWeek_ReturnsNonEmptyString(dayOfWeek: Sunday)" storage="/mnt/d/git/aula/src/aula.tests/bin/debug/net9.0/aula.tests.dll" id="2c3c35ba-d19e-e494-0ed2-32abdacfd200">
      <Execution id="651961cd-e111-4220-989c-af4e6a0bac5a" />
      <TestMethod codeBase="/mnt/d/git/aula/src/Aula.Tests/bin/Debug/net9.0/Aula.Tests.dll" adapterTypeName="executor://xunit/VsTestRunner2/netcoreapp" className="Aula.Tests.Utilities.DateTimeUtilitiesTests" name="GetDanishDayName_AllValidDaysOfWeek_ReturnsNonEmptyString" />
    </UnitTest>
    <UnitTest name="Aula.Tests.Bots.SlackInteractiveBotTests.Stop_WhenCalled_LogsInformation" storage="/mnt/d/git/aula/src/aula.tests/bin/debug/net9.0/aula.tests.dll" id="117ddc28-dcc8-243a-b2bd-3d83692ecb26">
      <Execution id="ac170930-8ce0-434b-8b37-cda6c82ea45c" />
      <TestMethod codeBase="/mnt/d/git/aula/src/Aula.Tests/bin/Debug/net9.0/Aula.Tests.dll" adapterTypeName="executor://xunit/VsTestRunner2/netcoreapp" className="Aula.Tests.Bots.SlackInteractiveBotTests" name="Stop_WhenCalled_LogsInformation" />
    </UnitTest>
    <UnitTest name="Aula.Tests.Utilities.ConversationContextManagerTests.Manager_WithIntegerKeys_WorksCorrectly" storage="/mnt/d/git/aula/src/aula.tests/bin/debug/net9.0/aula.tests.dll" id="6f9f5016-c386-f671-b8d8-6fc0a14626eb">
      <Execution id="c1ff912b-0b2c-4d84-91df-c16c00ed36d2" />
      <TestMethod codeBase="/mnt/d/git/aula/src/Aula.Tests/bin/Debug/net9.0/Aula.Tests.dll" adapterTypeName="executor://xunit/VsTestRunner2/netcoreapp" className="Aula.Tests.Utilities.ConversationContextManagerTests" name="Manager_WithIntegerKeys_WorksCorrectly" />
    </UnitTest>
    <UnitTest name="Aula.Tests.Integration.AgentServiceTests.LoginAsync_CallsClientLoginAsync" storage="/mnt/d/git/aula/src/aula.tests/bin/debug/net9.0/aula.tests.dll" id="df8b7611-0fd3-7a4a-228e-73a22117205a">
      <Execution id="aeb8c507-d8a1-4b50-9b1e-355c8388d11c" />
      <TestMethod codeBase="/mnt/d/git/aula/src/Aula.Tests/bin/Debug/net9.0/Aula.Tests.dll" adapterTypeName="executor://xunit/VsTestRunner2/netcoreapp" className="Aula.Tests.Integration.AgentServiceTests" name="LoginAsync_CallsClientLoginAsync" />
    </UnitTest>
    <UnitTest name="Aula.Tests.Integration.AgentServiceTests.AskQuestionAboutWeekLetterAsync_CallsOpenAiService" storage="/mnt/d/git/aula/src/aula.tests/bin/debug/net9.0/aula.tests.dll" id="c64fd3ef-a83e-8804-d6d0-9d8e2ff29cc2">
      <Execution id="40ff7b7b-5d05-48bd-9b40-8dd58a9c2064" />
      <TestMethod codeBase="/mnt/d/git/aula/src/Aula.Tests/bin/Debug/net9.0/Aula.Tests.dll" adapterTypeName="executor://xunit/VsTestRunner2/netcoreapp" className="Aula.Tests.Integration.AgentServiceTests" name="AskQuestionAboutWeekLetterAsync_CallsOpenAiService" />
    </UnitTest>
    <UnitTest name="Aula.Tests.Scheduling.SchedulingServiceTests.StopAsync_AfterStart_DoesNotThrow" storage="/mnt/d/git/aula/src/aula.tests/bin/debug/net9.0/aula.tests.dll" id="273c2632-e8a7-4a3f-093e-3b4b8e141ef8">
      <Execution id="1169abcb-3342-40ee-8f68-e261964d1cab" />
      <TestMethod codeBase="/mnt/d/git/aula/src/Aula.Tests/bin/Debug/net9.0/Aula.Tests.dll" adapterTypeName="executor://xunit/VsTestRunner2/netcoreapp" className="Aula.Tests.Scheduling.SchedulingServiceTests" name="StopAsync_AfterStart_DoesNotThrow" />
    </UnitTest>
    <UnitTest name="Aula.Tests.Channels.TelegramClientTests.Constructor_WithVariousTokens_DoesNotThrow(token: &quot;987654321:XXYYZZ&quot;)" storage="/mnt/d/git/aula/src/aula.tests/bin/debug/net9.0/aula.tests.dll" id="7a4330b4-d3d2-d308-8e2d-3815d3c67d0f">
      <Execution id="26b189c3-7477-4c77-920d-1882e300479a" />
      <TestMethod codeBase="/mnt/d/git/aula/src/Aula.Tests/bin/Debug/net9.0/Aula.Tests.dll" adapterTypeName="executor://xunit/VsTestRunner2/netcoreapp" className="Aula.Tests.Channels.TelegramClientTests" name="Constructor_WithVariousTokens_DoesNotThrow" />
    </UnitTest>
    <UnitTest name="Aula.Tests.Configuration.ConfigurationTests.Config_DefaultValues_AreApplied" storage="/mnt/d/git/aula/src/aula.tests/bin/debug/net9.0/aula.tests.dll" id="190cafd6-e87f-acd4-dc9b-9d82114386d9">
      <Execution id="e84948fd-6cd4-4ca2-a2c4-00c07fd5a646" />
      <TestMethod codeBase="/mnt/d/git/aula/src/Aula.Tests/bin/Debug/net9.0/Aula.Tests.dll" adapterTypeName="executor://xunit/VsTestRunner2/netcoreapp" className="Aula.Tests.Configuration.ConfigurationTests" name="Config_DefaultValues_AreApplied" />
    </UnitTest>
    <UnitTest name="Aula.Tests.Bots.SlackInteractiveBotTests.PostWeekLetter_WithHttpError_LogsError" storage="/mnt/d/git/aula/src/aula.tests/bin/debug/net9.0/aula.tests.dll" id="98cd8faf-e82c-211b-73e0-182caa7ee5d0">
      <Execution id="7c72a230-ba1e-419a-8726-d9dfc1baf74d" />
      <TestMethod codeBase="/mnt/d/git/aula/src/Aula.Tests/bin/Debug/net9.0/Aula.Tests.dll" adapterTypeName="executor://xunit/VsTestRunner2/netcoreapp" className="Aula.Tests.Bots.SlackInteractiveBotTests" name="PostWeekLetter_WithHttpError_LogsError" />
    </UnitTest>
    <UnitTest name="Aula.Tests.Bots.SlackInteractiveBotTests.PostWeekLetter_WithSlackApiError_LogsError" storage="/mnt/d/git/aula/src/aula.tests/bin/debug/net9.0/aula.tests.dll" id="163ffdcd-8cc6-0360-4c70-1c08392ed80a">
      <Execution id="da0f5f28-d935-4f34-b3d2-1511d4b92a08" />
      <TestMethod codeBase="/mnt/d/git/aula/src/Aula.Tests/bin/Debug/net9.0/Aula.Tests.dll" adapterTypeName="executor://xunit/VsTestRunner2/netcoreapp" className="Aula.Tests.Bots.SlackInteractiveBotTests" name="PostWeekLetter_WithSlackApiError_LogsError" />
    </UnitTest>
    <UnitTest name="Aula.Tests.Channels.SlackBotTests.PostWeekLetter_WithEmptyWeekLetter_HandlesGracefully" storage="/mnt/d/git/aula/src/aula.tests/bin/debug/net9.0/aula.tests.dll" id="9f3a0fc9-3eea-97c3-5cc5-d99512257356">
      <Execution id="62c7dfbc-f09e-4e39-8b72-cf28f84701f1" />
      <TestMethod codeBase="/mnt/d/git/aula/src/Aula.Tests/bin/Debug/net9.0/Aula.Tests.dll" adapterTypeName="executor://xunit/VsTestRunner2/netcoreapp" className="Aula.Tests.Channels.SlackBotTests" name="PostWeekLetter_WithEmptyWeekLetter_HandlesGracefully" />
    </UnitTest>
    <UnitTest name="Aula.Tests.Bots.SlackInteractiveBotTests.PostWeekLetter_WithDuplicateContent_SkipsDuplicate" storage="/mnt/d/git/aula/src/aula.tests/bin/debug/net9.0/aula.tests.dll" id="c491ca15-97ab-a670-c185-11bf3ef7479b">
      <Execution id="f9348a4b-d11d-49cb-8584-fd010da56ce2" />
      <TestMethod codeBase="/mnt/d/git/aula/src/Aula.Tests/bin/Debug/net9.0/Aula.Tests.dll" adapterTypeName="executor://xunit/VsTestRunner2/netcoreapp" className="Aula.Tests.Bots.SlackInteractiveBotTests" name="PostWeekLetter_WithDuplicateContent_SkipsDuplicate" />
    </UnitTest>
    <UnitTest name="Aula.Tests.Utilities.ConversationContextTests.IsStillValid_WithFreshTimestamp_ReturnsTrue" storage="/mnt/d/git/aula/src/aula.tests/bin/debug/net9.0/aula.tests.dll" id="6391cd26-6fc2-8e75-57e3-7b032d34c99b">
      <Execution id="6ca61bb3-b38b-4dd7-9972-133aebef7dc8" />
      <TestMethod codeBase="/mnt/d/git/aula/src/Aula.Tests/bin/Debug/net9.0/Aula.Tests.dll" adapterTypeName="executor://xunit/VsTestRunner2/netcoreapp" className="Aula.Tests.Utilities.ConversationContextTests" name="IsStillValid_WithFreshTimestamp_ReturnsTrue" />
    </UnitTest>
    <UnitTest name="Aula.Tests.Scheduling.SchedulingServiceIntegrationTests.StopAsync_LogsInformationAndDoesNotThrow" storage="/mnt/d/git/aula/src/aula.tests/bin/debug/net9.0/aula.tests.dll" id="bf1816b2-91f9-1cf0-a850-7a59915a1d13">
      <Execution id="2efb5a8e-9e10-41b9-9232-a60bf12cddc7" />
      <TestMethod codeBase="/mnt/d/git/aula/src/Aula.Tests/bin/Debug/net9.0/Aula.Tests.dll" adapterTypeName="executor://xunit/VsTestRunner2/netcoreapp" className="Aula.Tests.Scheduling.SchedulingServiceIntegrationTests" name="StopAsync_LogsInformationAndDoesNotThrow" />
    </UnitTest>
    <UnitTest name="Aula.Tests.Bots.SlackInteractiveBotTests.Constructor_WithNullConfig_ThrowsArgumentNullException" storage="/mnt/d/git/aula/src/aula.tests/bin/debug/net9.0/aula.tests.dll" id="fbb577ab-554c-1761-8b33-3b062d943c22">
      <Execution id="10fe06ee-47b3-40ee-9b28-4da276a14bc2" />
      <TestMethod codeBase="/mnt/d/git/aula/src/Aula.Tests/bin/Debug/net9.0/Aula.Tests.dll" adapterTypeName="executor://xunit/VsTestRunner2/netcoreapp" className="Aula.Tests.Bots.SlackInteractiveBotTests" name="Constructor_WithNullConfig_ThrowsArgumentNullException" />
    </UnitTest>
    <UnitTest name="Aula.Tests.Services.DataServiceTests.GetWeekSchedule_ReturnsNull_WhenNotInCache" storage="/mnt/d/git/aula/src/aula.tests/bin/debug/net9.0/aula.tests.dll" id="ab120f5f-70c1-1c2c-37fe-0285fb96cb1f">
      <Execution id="35b7e76d-9c5a-4a37-aa39-552c315363f9" />
      <TestMethod codeBase="/mnt/d/git/aula/src/Aula.Tests/bin/Debug/net9.0/Aula.Tests.dll" adapterTypeName="executor://xunit/VsTestRunner2/netcoreapp" className="Aula.Tests.Services.DataServiceTests" name="GetWeekSchedule_ReturnsNull_WhenNotInCache" />
    </UnitTest>
    <UnitTest name="Aula.Tests.Utilities.JsonFormatterTests.Prettify_WithVeryLargeJson_HandlesPerformantly" storage="/mnt/d/git/aula/src/aula.tests/bin/debug/net9.0/aula.tests.dll" id="959de6ab-41a3-bb6f-c652-3f36caba1f36">
      <Execution id="fb5165f6-acbf-4b1c-9508-35741cbfdb2c" />
      <TestMethod codeBase="/mnt/d/git/aula/src/Aula.Tests/bin/Debug/net9.0/Aula.Tests.dll" adapterTypeName="executor://xunit/VsTestRunner2/netcoreapp" className="Aula.Tests.Utilities.JsonFormatterTests" name="Prettify_WithVeryLargeJson_HandlesPerformantly" />
    </UnitTest>
    <UnitTest name="Aula.Tests.Tools.ReminderCommandHandlerTests.TryHandleReminderCommand_ListReminders_WithException_LogsErrorAndReturnsErrorMessage(command: &quot;vis påmindelser&quot;, isEnglish: False)" storage="/mnt/d/git/aula/src/aula.tests/bin/debug/net9.0/aula.tests.dll" id="5543d26e-832a-3de2-3988-5faa4df93969">
      <Execution id="972f0bc8-c126-4b89-92c5-b57c9e58f3d4" />
      <TestMethod codeBase="/mnt/d/git/aula/src/Aula.Tests/bin/Debug/net9.0/Aula.Tests.dll" adapterTypeName="executor://xunit/VsTestRunner2/netcoreapp" className="Aula.Tests.Tools.ReminderCommandHandlerTests" name="TryHandleReminderCommand_ListReminders_WithException_LogsErrorAndReturnsErrorMessage" />
    </UnitTest>
    <UnitTest name="Aula.Tests.Utilities.Html2SlackMarkdownConverterTests.Convert_WithMalformedHtml_HandlesGracefully" storage="/mnt/d/git/aula/src/aula.tests/bin/debug/net9.0/aula.tests.dll" id="8113e2b7-9bbc-43f2-b5f4-05d3d720e278">
      <Execution id="a1c88f7c-57d7-40a5-b19f-7fbd1482f4ec" />
      <TestMethod codeBase="/mnt/d/git/aula/src/Aula.Tests/bin/Debug/net9.0/Aula.Tests.dll" adapterTypeName="executor://xunit/VsTestRunner2/netcoreapp" className="Aula.Tests.Utilities.Html2SlackMarkdownConverterTests" name="Convert_WithMalformedHtml_HandlesGracefully" />
    </UnitTest>
    <UnitTest name="Aula.Tests.Configuration.ConfigurationTests.Features_ConversationCacheExpiration_ValidationTests(minutes: 1, isValid: True)" storage="/mnt/d/git/aula/src/aula.tests/bin/debug/net9.0/aula.tests.dll" id="4df15bfd-b375-822c-a8df-fcfde52ebf51">
      <Execution id="453c4d08-d875-4baa-b4c5-38d1747ac8d5" />
      <TestMethod codeBase="/mnt/d/git/aula/src/Aula.Tests/bin/Debug/net9.0/Aula.Tests.dll" adapterTypeName="executor://xunit/VsTestRunner2/netcoreapp" className="Aula.Tests.Configuration.ConfigurationTests" name="Features_ConversationCacheExpiration_ValidationTests" />
    </UnitTest>
    <UnitTest name="Aula.Tests.Scheduling.SchedulingServiceIntegrationTests.Service_WithDifferentBotConfigurations_WorksCorrectly(slackEnabled: True, telegramEnabled: False)" storage="/mnt/d/git/aula/src/aula.tests/bin/debug/net9.0/aula.tests.dll" id="8206dafa-8025-c018-8995-db764f6cc603">
      <Execution id="9fba10a1-fec3-4f6a-a4da-b6730fbec15c" />
      <TestMethod codeBase="/mnt/d/git/aula/src/Aula.Tests/bin/Debug/net9.0/Aula.Tests.dll" adapterTypeName="executor://xunit/VsTestRunner2/netcoreapp" className="Aula.Tests.Scheduling.SchedulingServiceIntegrationTests" name="Service_WithDifferentBotConfigurations_WorksCorrectly" />
    </UnitTest>
    <UnitTest name="Aula.Tests.Services.DataModelTests.ScheduledTask_CronExpression_CanBeSet(cronExpression: &quot;0 0 1 * *&quot;, description: &quot;Monthly on the 1st at midnight&quot;)" storage="/mnt/d/git/aula/src/aula.tests/bin/debug/net9.0/aula.tests.dll" id="dc9dca5e-236c-2eb7-8830-55bb297e92d9">
      <Execution id="716adda6-7bca-4491-82e0-9eaa7db14452" />
      <TestMethod codeBase="/mnt/d/git/aula/src/Aula.Tests/bin/Debug/net9.0/Aula.Tests.dll" adapterTypeName="executor://xunit/VsTestRunner2/netcoreapp" className="Aula.Tests.Services.DataModelTests" name="ScheduledTask_CronExpression_CanBeSet" />
    </UnitTest>
    <UnitTest name="Aula.Tests.Services.OpenAiServiceIntegrationTests.ProcessQueryWithToolsAsync_WithInvalidContextKey_ThrowsArgumentException(contextKey: null)" storage="/mnt/d/git/aula/src/aula.tests/bin/debug/net9.0/aula.tests.dll" id="554bf191-b569-b7a2-c3b8-c6178a2abd52">
      <Execution id="972268e3-2e1b-432e-bda1-dd2bbee7b4f9" />
      <TestMethod codeBase="/mnt/d/git/aula/src/Aula.Tests/bin/Debug/net9.0/Aula.Tests.dll" adapterTypeName="executor://xunit/VsTestRunner2/netcoreapp" className="Aula.Tests.Services.OpenAiServiceIntegrationTests" name="ProcessQueryWithToolsAsync_WithInvalidContextKey_ThrowsArgumentException" />
    </UnitTest>
    <UnitTest name="Aula.Tests.Utilities.IntentAnalysisPromptsTests.ToolExamples_ContainsRequiredKeys(key: &quot;DELETE_REMINDER&quot;)" storage="/mnt/d/git/aula/src/aula.tests/bin/debug/net9.0/aula.tests.dll" id="809e3c71-6273-6b66-fb1e-4defb84e10e0">
      <Execution id="4fab918b-5188-4e66-b6aa-60a8f807dca6" />
      <TestMethod codeBase="/mnt/d/git/aula/src/Aula.Tests/bin/Debug/net9.0/Aula.Tests.dll" adapterTypeName="executor://xunit/VsTestRunner2/netcoreapp" className="Aula.Tests.Utilities.IntentAnalysisPromptsTests" name="ToolExamples_ContainsRequiredKeys" />
    </UnitTest>
    <UnitTest name="Aula.Tests.Utilities.FollowUpQuestionDetectorTests.IsFollowUpQuestion_WithDanishFollowUpPhrases_ReturnsTrue(input: &quot;og?&quot;)" storage="/mnt/d/git/aula/src/aula.tests/bin/debug/net9.0/aula.tests.dll" id="cd39a17c-6fe1-e1b4-559a-d31518f5450f">
      <Execution id="a6b78110-1ee8-4b38-b94c-14659086bb74" />
      <TestMethod codeBase="/mnt/d/git/aula/src/Aula.Tests/bin/Debug/net9.0/Aula.Tests.dll" adapterTypeName="executor://xunit/VsTestRunner2/netcoreapp" className="Aula.Tests.Utilities.FollowUpQuestionDetectorTests" name="IsFollowUpQuestion_WithDanishFollowUpPhrases_ReturnsTrue" />
    </UnitTest>
    <UnitTest name="Aula.Tests.Configuration.ConfigurationTests.Config_IConfig_Interface_IsImplemented" storage="/mnt/d/git/aula/src/aula.tests/bin/debug/net9.0/aula.tests.dll" id="952f09f7-4d08-75b3-4aa9-81a5106c72e8">
      <Execution id="39be0882-cb7f-4e60-bdcf-76855c553cf8" />
      <TestMethod codeBase="/mnt/d/git/aula/src/Aula.Tests/bin/Debug/net9.0/Aula.Tests.dll" adapterTypeName="executor://xunit/VsTestRunner2/netcoreapp" className="Aula.Tests.Configuration.ConfigurationTests" name="Config_IConfig_Interface_IsImplemented" />
    </UnitTest>
    <UnitTest name="Aula.Tests.Utilities.DateTimeUtilitiesTests.GetDanishDayName_ValidDayOfWeek_ReturnsCorrectDanishName(dayOfWeek: Monday, expectedDanishName: &quot;mandag&quot;)" storage="/mnt/d/git/aula/src/aula.tests/bin/debug/net9.0/aula.tests.dll" id="d0d86c84-495f-8b36-1e1b-b8ecd9346ea3">
      <Execution id="8e70cdc3-1b7c-422c-9b50-98d9c56e3476" />
      <TestMethod codeBase="/mnt/d/git/aula/src/Aula.Tests/bin/Debug/net9.0/Aula.Tests.dll" adapterTypeName="executor://xunit/VsTestRunner2/netcoreapp" className="Aula.Tests.Utilities.DateTimeUtilitiesTests" name="GetDanishDayName_ValidDayOfWeek_ReturnsCorrectDanishName" />
    </UnitTest>
    <UnitTest name="Aula.Tests.Bots.SlackInteractiveBotTests.SendMessage_WithLongText_TruncatesMessage" storage="/mnt/d/git/aula/src/aula.tests/bin/debug/net9.0/aula.tests.dll" id="9728fe01-3005-7319-6ba9-b6d3b25a9602">
      <Execution id="77bd8521-e21f-4704-926a-73eb2384b881" />
      <TestMethod codeBase="/mnt/d/git/aula/src/Aula.Tests/bin/Debug/net9.0/Aula.Tests.dll" adapterTypeName="executor://xunit/VsTestRunner2/netcoreapp" className="Aula.Tests.Bots.SlackInteractiveBotTests" name="SendMessage_WithLongText_TruncatesMessage" />
    </UnitTest>
    <UnitTest name="Aula.Tests.Scheduling.SchedulingServiceIntegrationTests.Constructor_WithNullAgentService_ThrowsArgumentNullException" storage="/mnt/d/git/aula/src/aula.tests/bin/debug/net9.0/aula.tests.dll" id="048cd77d-3de3-58cf-4e72-84e37cfed1e3">
      <Execution id="e4511d2e-f4e8-42ed-bdc3-6341b67c9f9d" />
      <TestMethod codeBase="/mnt/d/git/aula/src/Aula.Tests/bin/Debug/net9.0/Aula.Tests.dll" adapterTypeName="executor://xunit/VsTestRunner2/netcoreapp" className="Aula.Tests.Scheduling.SchedulingServiceIntegrationTests" name="Constructor_WithNullAgentService_ThrowsArgumentNullException" />
    </UnitTest>
    <UnitTest name="Aula.Tests.Utilities.FollowUpQuestionDetectorTests.IsFollowUpQuestion_WithFullChildNames_WorksCorrectly(input: &quot;TestChild2&quot;)" storage="/mnt/d/git/aula/src/aula.tests/bin/debug/net9.0/aula.tests.dll" id="22ffd28b-ee44-66cc-c370-4d28b25809c6">
      <Execution id="d48b644f-0bfe-4502-bb6a-7ff77a3a32f5" />
      <TestMethod codeBase="/mnt/d/git/aula/src/Aula.Tests/bin/Debug/net9.0/Aula.Tests.dll" adapterTypeName="executor://xunit/VsTestRunner2/netcoreapp" className="Aula.Tests.Utilities.FollowUpQuestionDetectorTests" name="IsFollowUpQuestion_WithFullChildNames_WorksCorrectly" />
    </UnitTest>
    <UnitTest name="Aula.Tests.Configuration.ConfigurationTests.Supabase_RequiredFields_ArePresent" storage="/mnt/d/git/aula/src/aula.tests/bin/debug/net9.0/aula.tests.dll" id="f1a75968-139e-db41-9893-934ca7edc01f">
      <Execution id="17d58f48-f489-4b7b-b156-fc447d477185" />
      <TestMethod codeBase="/mnt/d/git/aula/src/Aula.Tests/bin/Debug/net9.0/Aula.Tests.dll" adapterTypeName="executor://xunit/VsTestRunner2/netcoreapp" className="Aula.Tests.Configuration.ConfigurationTests" name="Supabase_RequiredFields_ArePresent" />
    </UnitTest>
    <UnitTest name="Aula.Tests.Bots.TelegramInteractiveBotTests.Constructor_WithNullAgentService_ThrowsArgumentNullException" storage="/mnt/d/git/aula/src/aula.tests/bin/debug/net9.0/aula.tests.dll" id="03bbc808-1107-fcc9-1fac-bc3ec3fc1e9f">
      <Execution id="8a76a175-bc43-4bde-bf84-78f8202dbc69" />
      <TestMethod codeBase="/mnt/d/git/aula/src/Aula.Tests/bin/Debug/net9.0/Aula.Tests.dll" adapterTypeName="executor://xunit/VsTestRunner2/netcoreapp" className="Aula.Tests.Bots.TelegramInteractiveBotTests" name="Constructor_WithNullAgentService_ThrowsArgumentNullException" />
    </UnitTest>
    <UnitTest name="Aula.Tests.Bots.TelegramMessageHandlerTests.HandleMessageAsync_WithHelpCommand_ProcessesHelpMessage(helpCommand: &quot;help&quot;)" storage="/mnt/d/git/aula/src/aula.tests/bin/debug/net9.0/aula.tests.dll" id="8454e79e-a056-bb6e-1db7-62ff01bf41c0">
      <Execution id="ddb6a963-a899-429e-a9af-8714c3eaebae" />
      <TestMethod codeBase="/mnt/d/git/aula/src/Aula.Tests/bin/Debug/net9.0/Aula.Tests.dll" adapterTypeName="executor://xunit/VsTestRunner2/netcoreapp" className="Aula.Tests.Bots.TelegramMessageHandlerTests" name="HandleMessageAsync_WithHelpCommand_ProcessesHelpMessage" />
    </UnitTest>
    <UnitTest name="Aula.Tests.Channels.SlackBotTests.PostWeekLetter_WithVariousChildColors_HandlesCorrectly(color: &quot;&quot;)" storage="/mnt/d/git/aula/src/aula.tests/bin/debug/net9.0/aula.tests.dll" id="a40f32ef-bb76-d332-6d7b-f2a216398660">
      <Execution id="915cc080-b40c-4fd8-b902-52d867d99f7f" />
      <TestMethod codeBase="/mnt/d/git/aula/src/Aula.Tests/bin/Debug/net9.0/Aula.Tests.dll" adapterTypeName="executor://xunit/VsTestRunner2/netcoreapp" className="Aula.Tests.Channels.SlackBotTests" name="PostWeekLetter_WithVariousChildColors_HandlesCorrectly" />
    </UnitTest>
    <UnitTest name="Aula.Tests.Bots.TelegramInteractiveBotTests.SendMessage_WithLongChatId_SendsSuccessfully(chatId: &quot;987654321&quot;)" storage="/mnt/d/git/aula/src/aula.tests/bin/debug/net9.0/aula.tests.dll" id="0a638305-142d-7de7-7f12-9a81aa636946">
      <Execution id="4d0a1131-40dd-4794-90d2-1367e137f1db" />
      <TestMethod codeBase="/mnt/d/git/aula/src/Aula.Tests/bin/Debug/net9.0/Aula.Tests.dll" adapterTypeName="executor://xunit/VsTestRunner2/netcoreapp" className="Aula.Tests.Bots.TelegramInteractiveBotTests" name="SendMessage_WithLongChatId_SendsSuccessfully" />
    </UnitTest>
    <UnitTest name="Aula.Tests.Services.DataModelTests.Reminder_CreatedBy_HandlesValues(createdBy: &quot;system&quot;, shouldAccept: True)" storage="/mnt/d/git/aula/src/aula.tests/bin/debug/net9.0/aula.tests.dll" id="8f432e57-8098-fcb0-9efa-55aa76700f57">
      <Execution id="a65ea301-4ec8-4ca1-a693-965b41d37bf0" />
      <TestMethod codeBase="/mnt/d/git/aula/src/Aula.Tests/bin/Debug/net9.0/Aula.Tests.dll" adapterTypeName="executor://xunit/VsTestRunner2/netcoreapp" className="Aula.Tests.Services.DataModelTests" name="Reminder_CreatedBy_HandlesValues" />
    </UnitTest>
    <UnitTest name="Aula.Tests.Bots.TelegramMessageHandlerTests.Constructor_WithNullReminderHandler_ThrowsArgumentNullException" storage="/mnt/d/git/aula/src/aula.tests/bin/debug/net9.0/aula.tests.dll" id="58e104c6-e504-07c5-0909-f689fdb330d3">
      <Execution id="9592c4c3-26ec-4b46-a7d8-8458abb05d8b" />
      <TestMethod codeBase="/mnt/d/git/aula/src/Aula.Tests/bin/Debug/net9.0/Aula.Tests.dll" adapterTypeName="executor://xunit/VsTestRunner2/netcoreapp" className="Aula.Tests.Bots.TelegramMessageHandlerTests" name="Constructor_WithNullReminderHandler_ThrowsArgumentNullException" />
    </UnitTest>
    <UnitTest name="Aula.Tests.Utilities.WeekLetterContentExtractorTests.ExtractContent_WithLogger_LogsWarningForEmptyContent" storage="/mnt/d/git/aula/src/aula.tests/bin/debug/net9.0/aula.tests.dll" id="5b9eed1d-66a1-144a-f169-3003eeb937ac">
      <Execution id="724df43c-01d6-4b65-b2c5-014252f5450e" />
      <TestMethod codeBase="/mnt/d/git/aula/src/Aula.Tests/bin/Debug/net9.0/Aula.Tests.dll" adapterTypeName="executor://xunit/VsTestRunner2/netcoreapp" className="Aula.Tests.Utilities.WeekLetterContentExtractorTests" name="ExtractContent_WithLogger_LogsWarningForEmptyContent" />
    </UnitTest>
    <UnitTest name="Aula.Tests.Utilities.FollowUpQuestionDetectorTests.IsFollowUpQuestion_WithChildNameAndShortMessage_ReturnsTrue(input: &quot;Emma&quot;)" storage="/mnt/d/git/aula/src/aula.tests/bin/debug/net9.0/aula.tests.dll" id="775b1060-3e71-f36d-5f04-c2fd4621e8a0">
      <Execution id="ecbe18d6-c6ac-4591-94a1-03db4943165a" />
      <TestMethod codeBase="/mnt/d/git/aula/src/Aula.Tests/bin/Debug/net9.0/Aula.Tests.dll" adapterTypeName="executor://xunit/VsTestRunner2/netcoreapp" className="Aula.Tests.Utilities.FollowUpQuestionDetectorTests" name="IsFollowUpQuestion_WithChildNameAndShortMessage_ReturnsTrue" />
    </UnitTest>
    <UnitTest name="Aula.Tests.Tools.ReminderCommandHandlerTests.TryHandleReminderCommand_NonReminderCommands_ReturnsFalse(command: &quot;random text&quot;)" storage="/mnt/d/git/aula/src/aula.tests/bin/debug/net9.0/aula.tests.dll" id="e2629d31-76fa-fe13-ab42-e2aa75f765d2">
      <Execution id="ef9b8e41-5e43-41f5-a0cb-6cb123c6b6ba" />
      <TestMethod codeBase="/mnt/d/git/aula/src/Aula.Tests/bin/Debug/net9.0/Aula.Tests.dll" adapterTypeName="executor://xunit/VsTestRunner2/netcoreapp" className="Aula.Tests.Tools.ReminderCommandHandlerTests" name="TryHandleReminderCommand_NonReminderCommands_ReturnsFalse" />
    </UnitTest>
    <UnitTest name="Aula.Tests.Utilities.FollowUpQuestionDetectorTests.IsFollowUpQuestion_WithFullChildNames_WorksCorrectly(input: &quot;hvad med TestChild2&quot;)" storage="/mnt/d/git/aula/src/aula.tests/bin/debug/net9.0/aula.tests.dll" id="5b2ca5e4-e86c-3f28-8244-339071e7c3be">
      <Execution id="5c7b920f-8c17-4269-a88d-d11d98c06719" />
      <TestMethod codeBase="/mnt/d/git/aula/src/Aula.Tests/bin/Debug/net9.0/Aula.Tests.dll" adapterTypeName="executor://xunit/VsTestRunner2/netcoreapp" className="Aula.Tests.Utilities.FollowUpQuestionDetectorTests" name="IsFollowUpQuestion_WithFullChildNames_WorksCorrectly" />
    </UnitTest>
    <UnitTest name="Aula.Tests.Utilities.Html2SlackMarkdownConverterTests.Convert_WithComplexNesting_HandlesCorrectly" storage="/mnt/d/git/aula/src/aula.tests/bin/debug/net9.0/aula.tests.dll" id="3d8b8df4-6a66-e4e9-3346-33a22f2ef410">
      <Execution id="e5afea9a-1cfa-43be-9612-be4739049d74" />
      <TestMethod codeBase="/mnt/d/git/aula/src/Aula.Tests/bin/Debug/net9.0/Aula.Tests.dll" adapterTypeName="executor://xunit/VsTestRunner2/netcoreapp" className="Aula.Tests.Utilities.Html2SlackMarkdownConverterTests" name="Convert_WithComplexNesting_HandlesCorrectly" />
    </UnitTest>
    <UnitTest name="Aula.Tests.Services.DataModelTests.Reminder_DefaultConstructor_InitializesCorrectly" storage="/mnt/d/git/aula/src/aula.tests/bin/debug/net9.0/aula.tests.dll" id="504418ac-a1f0-2470-99eb-7bd66657ed39">
      <Execution id="1b8dfdf5-7c61-41a4-8199-f0e772483a8b" />
      <TestMethod codeBase="/mnt/d/git/aula/src/Aula.Tests/bin/Debug/net9.0/Aula.Tests.dll" adapterTypeName="executor://xunit/VsTestRunner2/netcoreapp" className="Aula.Tests.Services.DataModelTests" name="Reminder_DefaultConstructor_InitializesCorrectly" />
    </UnitTest>
    <UnitTest name="Aula.Tests.Services.OpenAiServiceIntegrationTests.SummarizeWeekLetterAsync_WithNullWeekLetter_ThrowsArgumentNullException(chatInterface: Slack)" storage="/mnt/d/git/aula/src/aula.tests/bin/debug/net9.0/aula.tests.dll" id="2f1a411a-2aa2-b405-2ee0-c232b3e9b9d5">
      <Execution id="f32b3426-7284-418b-af35-9de0e6f20f65" />
      <TestMethod codeBase="/mnt/d/git/aula/src/Aula.Tests/bin/Debug/net9.0/Aula.Tests.dll" adapterTypeName="executor://xunit/VsTestRunner2/netcoreapp" className="Aula.Tests.Services.OpenAiServiceIntegrationTests" name="SummarizeWeekLetterAsync_WithNullWeekLetter_ThrowsArgumentNullException" />
    </UnitTest>
    <UnitTest name="Aula.Tests.Configuration.ConfigurationTests.Supabase_ConfigurationIsCorrect" storage="/mnt/d/git/aula/src/aula.tests/bin/debug/net9.0/aula.tests.dll" id="10351b87-cca7-9abd-49aa-c981441e9d37">
      <Execution id="4a73fe37-e9df-4039-8c76-e9a3a91c3aac" />
      <TestMethod codeBase="/mnt/d/git/aula/src/Aula.Tests/bin/Debug/net9.0/Aula.Tests.dll" adapterTypeName="executor://xunit/VsTestRunner2/netcoreapp" className="Aula.Tests.Configuration.ConfigurationTests" name="Supabase_ConfigurationIsCorrect" />
    </UnitTest>
    <UnitTest name="Aula.Tests.Bots.TelegramInteractiveBotTests.Constructor_WithNullSupabaseService_ThrowsArgumentNullException" storage="/mnt/d/git/aula/src/aula.tests/bin/debug/net9.0/aula.tests.dll" id="66873fdb-c193-9c8c-5dd6-46cb202ddd5f">
      <Execution id="9b83fd02-d004-4f4a-8ca6-9fe5d29fdb77" />
      <TestMethod codeBase="/mnt/d/git/aula/src/Aula.Tests/bin/Debug/net9.0/Aula.Tests.dll" adapterTypeName="executor://xunit/VsTestRunner2/netcoreapp" className="Aula.Tests.Bots.TelegramInteractiveBotTests" name="Constructor_WithNullSupabaseService_ThrowsArgumentNullException" />
    </UnitTest>
    <UnitTest name="Aula.Tests.Utilities.WeekLetterContentExtractorTests.ExtractContent_Dynamic_WithValidData_ReturnsContent" storage="/mnt/d/git/aula/src/aula.tests/bin/debug/net9.0/aula.tests.dll" id="967c7597-5e79-4d07-d160-f7fa685685a7">
      <Execution id="ffeeccaa-b0f7-4676-bb92-6a3653b2b710" />
      <TestMethod codeBase="/mnt/d/git/aula/src/Aula.Tests/bin/Debug/net9.0/Aula.Tests.dll" adapterTypeName="executor://xunit/VsTestRunner2/netcoreapp" className="Aula.Tests.Utilities.WeekLetterContentExtractorTests" name="ExtractContent_Dynamic_WithValidData_ReturnsContent" />
    </UnitTest>
    <UnitTest name="Aula.Tests.Utilities.Html2SlackMarkdownConverterTests.Convert_WithEmptyTags_HandlesCorrectly" storage="/mnt/d/git/aula/src/aula.tests/bin/debug/net9.0/aula.tests.dll" id="55b7868a-5525-c155-3984-2d7080cbc3f0">
      <Execution id="ed8f84de-bf8e-4510-90df-6432009941cd" />
      <TestMethod codeBase="/mnt/d/git/aula/src/Aula.Tests/bin/Debug/net9.0/Aula.Tests.dll" adapterTypeName="executor://xunit/VsTestRunner2/netcoreapp" className="Aula.Tests.Utilities.Html2SlackMarkdownConverterTests" name="Convert_WithEmptyTags_HandlesCorrectly" />
    </UnitTest>
    <UnitTest name="Aula.Tests.Services.OpenAiServiceIntegrationTests.ExtractKeyInformationAsync_WithNullWeekLetter_ThrowsArgumentNullException(chatInterface: Telegram)" storage="/mnt/d/git/aula/src/aula.tests/bin/debug/net9.0/aula.tests.dll" id="5042f569-80ad-a5a6-d51b-90b46bce87a9">
      <Execution id="e42ebd9b-bad1-45fa-86c8-d6882da6cf1e" />
      <TestMethod codeBase="/mnt/d/git/aula/src/Aula.Tests/bin/Debug/net9.0/Aula.Tests.dll" adapterTypeName="executor://xunit/VsTestRunner2/netcoreapp" className="Aula.Tests.Services.OpenAiServiceIntegrationTests" name="ExtractKeyInformationAsync_WithNullWeekLetter_ThrowsArgumentNullException" />
    </UnitTest>
    <UnitTest name="Aula.Tests.Channels.SlackBotTests.SendTestMessage_WithVariousMessages_DoesNotThrow(message: &quot;Simple message&quot;)" storage="/mnt/d/git/aula/src/aula.tests/bin/debug/net9.0/aula.tests.dll" id="fd81db88-72a7-84e2-4288-c872b2f15c55">
      <Execution id="4c7d790c-4cf4-415b-8b1a-fc07f735b9e8" />
      <TestMethod codeBase="/mnt/d/git/aula/src/Aula.Tests/bin/Debug/net9.0/Aula.Tests.dll" adapterTypeName="executor://xunit/VsTestRunner2/netcoreapp" className="Aula.Tests.Channels.SlackBotTests" name="SendTestMessage_WithVariousMessages_DoesNotThrow" />
    </UnitTest>
    <UnitTest name="Aula.Tests.Utilities.JsonFormatterTests.Prettify_WithValidJson_ReturnsFormattedJson" storage="/mnt/d/git/aula/src/aula.tests/bin/debug/net9.0/aula.tests.dll" id="8f33f9a6-1eb9-ea36-c5af-b36c0c8860de">
      <Execution id="e7c4a0a6-32f8-47e0-9c17-c0fb26052403" />
      <TestMethod codeBase="/mnt/d/git/aula/src/Aula.Tests/bin/Debug/net9.0/Aula.Tests.dll" adapterTypeName="executor://xunit/VsTestRunner2/netcoreapp" className="Aula.Tests.Utilities.JsonFormatterTests" name="Prettify_WithValidJson_ReturnsFormattedJson" />
    </UnitTest>
    <UnitTest name="Aula.Tests.Channels.TelegramClientTests.SendMessageToChannel_WithVariousChannelIds_DoesNotThrow(channelId: &quot;123456789&quot;)" storage="/mnt/d/git/aula/src/aula.tests/bin/debug/net9.0/aula.tests.dll" id="dcc46ccc-b814-743c-8b1c-539d1d47dc7f">
      <Execution id="15165a8c-694a-4c09-a78e-9aca08b8b38c" />
      <TestMethod codeBase="/mnt/d/git/aula/src/Aula.Tests/bin/Debug/net9.0/Aula.Tests.dll" adapterTypeName="executor://xunit/VsTestRunner2/netcoreapp" className="Aula.Tests.Channels.TelegramClientTests" name="SendMessageToChannel_WithVariousChannelIds_DoesNotThrow" />
    </UnitTest>
    <UnitTest name="Aula.Tests.Configuration.ConfigurationTests.UniLogin_ConfigurationIsCorrect" storage="/mnt/d/git/aula/src/aula.tests/bin/debug/net9.0/aula.tests.dll" id="d7d35b19-d0bc-0913-7974-7ed648909781">
      <Execution id="18b71d4b-ef5e-46fa-9aab-962ba404196e" />
      <TestMethod codeBase="/mnt/d/git/aula/src/Aula.Tests/bin/Debug/net9.0/Aula.Tests.dll" adapterTypeName="executor://xunit/VsTestRunner2/netcoreapp" className="Aula.Tests.Configuration.ConfigurationTests" name="UniLogin_ConfigurationIsCorrect" />
    </UnitTest>
    <UnitTest name="Aula.Tests.Bots.SlackMessageHandlerTests.HandleMessageAsync_WithHelpCommand_ProcessesHelpMessage(helpCommand: &quot;HJÆLP&quot;)" storage="/mnt/d/git/aula/src/aula.tests/bin/debug/net9.0/aula.tests.dll" id="fab9cf34-c985-2e8e-6005-8cc650dd7227">
      <Execution id="dc666502-1cea-4f17-922b-1aa27022ded0" />
      <TestMethod codeBase="/mnt/d/git/aula/src/Aula.Tests/bin/Debug/net9.0/Aula.Tests.dll" adapterTypeName="executor://xunit/VsTestRunner2/netcoreapp" className="Aula.Tests.Bots.SlackMessageHandlerTests" name="HandleMessageAsync_WithHelpCommand_ProcessesHelpMessage" />
    </UnitTest>
    <UnitTest name="Aula.Tests.Tools.AiToolsManagerTests.CreateReminderAsync_WithInvalidDateTime_ReturnsError" storage="/mnt/d/git/aula/src/aula.tests/bin/debug/net9.0/aula.tests.dll" id="f7da1efe-0e1f-7417-6453-93b658e98d53">
      <Execution id="a5c4e813-e026-4cbf-9031-bd2cb0191d65" />
      <TestMethod codeBase="/mnt/d/git/aula/src/Aula.Tests/bin/Debug/net9.0/Aula.Tests.dll" adapterTypeName="executor://xunit/VsTestRunner2/netcoreapp" className="Aula.Tests.Tools.AiToolsManagerTests" name="CreateReminderAsync_WithInvalidDateTime_ReturnsError" />
    </UnitTest>
    <UnitTest name="Aula.Tests.Scheduling.SchedulingServiceTests.StartAsync_WithValidSetup_DoesNotThrow" storage="/mnt/d/git/aula/src/aula.tests/bin/debug/net9.0/aula.tests.dll" id="9ae1ca23-2201-2b3b-6785-ee5758dfd92c">
      <Execution id="2bbeb45d-4895-465a-a565-85e25b343a58" />
      <TestMethod codeBase="/mnt/d/git/aula/src/Aula.Tests/bin/Debug/net9.0/Aula.Tests.dll" adapterTypeName="executor://xunit/VsTestRunner2/netcoreapp" className="Aula.Tests.Scheduling.SchedulingServiceTests" name="StartAsync_WithValidSetup_DoesNotThrow" />
    </UnitTest>
    <UnitTest name="Aula.Tests.Bots.SlackMessageHandlerTests.HandleMessageAsync_WithNullText_ReturnsFalse" storage="/mnt/d/git/aula/src/aula.tests/bin/debug/net9.0/aula.tests.dll" id="2435f07f-4cdd-eeff-ea35-46385277928d">
      <Execution id="85b33ae0-9aac-4992-934f-30a717fb5331" />
      <TestMethod codeBase="/mnt/d/git/aula/src/Aula.Tests/bin/Debug/net9.0/Aula.Tests.dll" adapterTypeName="executor://xunit/VsTestRunner2/netcoreapp" className="Aula.Tests.Bots.SlackMessageHandlerTests" name="HandleMessageAsync_WithNullText_ReturnsFalse" />
    </UnitTest>
    <UnitTest name="Aula.Tests.Channels.TelegramClientTests.Constructor_WithToken_CreatesInstance" storage="/mnt/d/git/aula/src/aula.tests/bin/debug/net9.0/aula.tests.dll" id="e59d968d-c8e5-f85d-8f4b-30d82d049708">
      <Execution id="7d4c1782-3723-4d67-82d1-9ea5fa76017e" />
      <TestMethod codeBase="/mnt/d/git/aula/src/Aula.Tests/bin/Debug/net9.0/Aula.Tests.dll" adapterTypeName="executor://xunit/VsTestRunner2/netcoreapp" className="Aula.Tests.Channels.TelegramClientTests" name="Constructor_WithToken_CreatesInstance" />
    </UnitTest>
    <UnitTest name="Aula.Tests.Services.DataModelTests.PostedLetter_WeekNumberValidation_ReturnsExpectedResult(weekNumber: 54, year: 2023, isValid: False)" storage="/mnt/d/git/aula/src/aula.tests/bin/debug/net9.0/aula.tests.dll" id="b818bc8f-75bb-2119-5010-d4b3daaab169">
      <Execution id="ed5dc2a0-6e63-49ce-895a-159303f5d02b" />
      <TestMethod codeBase="/mnt/d/git/aula/src/Aula.Tests/bin/Debug/net9.0/Aula.Tests.dll" adapterTypeName="executor://xunit/VsTestRunner2/netcoreapp" className="Aula.Tests.Services.DataModelTests" name="PostedLetter_WeekNumberValidation_ReturnsExpectedResult" />
    </UnitTest>
    <UnitTest name="Aula.Tests.Channels.TelegramClientTests.Constructor_WithConfig_EnabledTrue_CreatesInstance" storage="/mnt/d/git/aula/src/aula.tests/bin/debug/net9.0/aula.tests.dll" id="2dc6c47b-b5f0-933c-7989-ac5759dd4706">
      <Execution id="7016eec1-9878-434d-915a-f945033fbbf0" />
      <TestMethod codeBase="/mnt/d/git/aula/src/Aula.Tests/bin/Debug/net9.0/Aula.Tests.dll" adapterTypeName="executor://xunit/VsTestRunner2/netcoreapp" className="Aula.Tests.Channels.TelegramClientTests" name="Constructor_WithConfig_EnabledTrue_CreatesInstance" />
    </UnitTest>
    <UnitTest name="Aula.Tests.Utilities.ConversationContextTests.ToString_WithNullChildName_ReturnsNone" storage="/mnt/d/git/aula/src/aula.tests/bin/debug/net9.0/aula.tests.dll" id="7238819f-b48b-cc3e-dc7e-e183fab753be">
      <Execution id="c1b13472-12ed-4bf1-8ee7-85a5a8190ab4" />
      <TestMethod codeBase="/mnt/d/git/aula/src/Aula.Tests/bin/Debug/net9.0/Aula.Tests.dll" adapterTypeName="executor://xunit/VsTestRunner2/netcoreapp" className="Aula.Tests.Utilities.ConversationContextTests" name="ToString_WithNullChildName_ReturnsNone" />
    </UnitTest>
    <UnitTest name="Aula.Tests.Services.DataModelTests.Reminder_CreatedBy_HandlesValues(createdBy: &quot;bot&quot;, shouldAccept: True)" storage="/mnt/d/git/aula/src/aula.tests/bin/debug/net9.0/aula.tests.dll" id="20d1a661-1ac8-24a1-ac68-136a1cca5ab9">
      <Execution id="ad35732e-db50-476a-8b21-20c520ddcc05" />
      <TestMethod codeBase="/mnt/d/git/aula/src/Aula.Tests/bin/Debug/net9.0/Aula.Tests.dll" adapterTypeName="executor://xunit/VsTestRunner2/netcoreapp" className="Aula.Tests.Services.DataModelTests" name="Reminder_CreatedBy_HandlesValues" />
    </UnitTest>
    <UnitTest name="Aula.Tests.Bots.TelegramMessageHandlerTests.HandleMessageAsync_WithHelpCommand_ProcessesHelpMessage(helpCommand: &quot;HELP&quot;)" storage="/mnt/d/git/aula/src/aula.tests/bin/debug/net9.0/aula.tests.dll" id="c2915ea4-e5f9-7f97-c925-c30cd92f3ba5">
      <Execution id="21154aec-1177-4c46-ab5d-cb86291d7f55" />
      <TestMethod codeBase="/mnt/d/git/aula/src/Aula.Tests/bin/Debug/net9.0/Aula.Tests.dll" adapterTypeName="executor://xunit/VsTestRunner2/netcoreapp" className="Aula.Tests.Bots.TelegramMessageHandlerTests" name="HandleMessageAsync_WithHelpCommand_ProcessesHelpMessage" />
    </UnitTest>
    <UnitTest name="Aula.Tests.Services.DataModelTests.Reminder_WithProperties_SetsCorrectly" storage="/mnt/d/git/aula/src/aula.tests/bin/debug/net9.0/aula.tests.dll" id="a3b592c0-7c51-7572-10a6-650c509f2a53">
      <Execution id="d19e7021-0532-46cd-976d-9e8fae496b27" />
      <TestMethod codeBase="/mnt/d/git/aula/src/Aula.Tests/bin/Debug/net9.0/Aula.Tests.dll" adapterTypeName="executor://xunit/VsTestRunner2/netcoreapp" className="Aula.Tests.Services.DataModelTests" name="Reminder_WithProperties_SetsCorrectly" />
    </UnitTest>
    <UnitTest name="Aula.Tests.Configuration.ConfigurationTests.Telegram_Token_ValidationTests(token: &quot;&quot;, isValidFormat: False)" storage="/mnt/d/git/aula/src/aula.tests/bin/debug/net9.0/aula.tests.dll" id="cc3765fc-8658-a464-43ae-5fa3b977b4d0">
      <Execution id="b354b9d3-8b9c-42c2-b724-859e95f97329" />
      <TestMethod codeBase="/mnt/d/git/aula/src/Aula.Tests/bin/Debug/net9.0/Aula.Tests.dll" adapterTypeName="executor://xunit/VsTestRunner2/netcoreapp" className="Aula.Tests.Configuration.ConfigurationTests" name="Telegram_Token_ValidationTests" />
    </UnitTest>
    <UnitTest name="Aula.Tests.Configuration.ConfigurationTests.Timers_AdaptivePollingLimits_ValidationTests(minSeconds: 0, maxSeconds: 30, isValid: False)" storage="/mnt/d/git/aula/src/aula.tests/bin/debug/net9.0/aula.tests.dll" id="06bd4992-c8ee-1a40-f2c9-75f9e0d2a1aa">
      <Execution id="a6714cbc-48f1-4c29-912f-cf5c6e2fdd77" />
      <TestMethod codeBase="/mnt/d/git/aula/src/Aula.Tests/bin/Debug/net9.0/Aula.Tests.dll" adapterTypeName="executor://xunit/VsTestRunner2/netcoreapp" className="Aula.Tests.Configuration.ConfigurationTests" name="Timers_AdaptivePollingLimits_ValidationTests" />
    </UnitTest>
    <UnitTest name="Aula.Tests.Utilities.FollowUpQuestionDetectorTests.IsFollowUpQuestion_WithLongMessageContainingChildName_ReturnsFalse(input: &quot;A detailed question about Liam's homework that is &quot;···)" storage="/mnt/d/git/aula/src/aula.tests/bin/debug/net9.0/aula.tests.dll" id="3dfa9941-19c4-5af8-c083-d23b4b389829">
      <Execution id="d03752bf-43b1-44fa-befc-1f9e2870e6ec" />
      <TestMethod codeBase="/mnt/d/git/aula/src/Aula.Tests/bin/Debug/net9.0/Aula.Tests.dll" adapterTypeName="executor://xunit/VsTestRunner2/netcoreapp" className="Aula.Tests.Utilities.FollowUpQuestionDetectorTests" name="IsFollowUpQuestion_WithLongMessageContainingChildName_ReturnsFalse" />
    </UnitTest>
    <UnitTest name="Aula.Tests.Services.DataServiceTests.GetWeekLetter_ReturnsNull_WhenNotInCache" storage="/mnt/d/git/aula/src/aula.tests/bin/debug/net9.0/aula.tests.dll" id="7d080014-b88c-9f91-eed5-7f14566db144">
      <Execution id="868ebfd8-50d5-4fc1-b309-9deff2823b35" />
      <TestMethod codeBase="/mnt/d/git/aula/src/Aula.Tests/bin/Debug/net9.0/Aula.Tests.dll" adapterTypeName="executor://xunit/VsTestRunner2/netcoreapp" className="Aula.Tests.Services.DataServiceTests" name="GetWeekLetter_ReturnsNull_WhenNotInCache" />
    </UnitTest>
    <UnitTest name="Aula.Tests.Utilities.FollowUpQuestionDetectorTests.IsFollowUpQuestion_WithShortFollowUps_ReturnsTrue(input: &quot;Okay&quot;)" storage="/mnt/d/git/aula/src/aula.tests/bin/debug/net9.0/aula.tests.dll" id="900f1247-1180-3eee-0ffc-f108426b3d75">
      <Execution id="424e6025-3024-4697-a10e-d0bf080e8e0c" />
      <TestMethod codeBase="/mnt/d/git/aula/src/Aula.Tests/bin/Debug/net9.0/Aula.Tests.dll" adapterTypeName="executor://xunit/VsTestRunner2/netcoreapp" className="Aula.Tests.Utilities.FollowUpQuestionDetectorTests" name="IsFollowUpQuestion_WithShortFollowUps_ReturnsTrue" />
    </UnitTest>
    <UnitTest name="Aula.Tests.Utilities.ReminderExtractionPromptsTests.GetExtractionPrompt_WithBasicQuery_ReturnsValidPrompt" storage="/mnt/d/git/aula/src/aula.tests/bin/debug/net9.0/aula.tests.dll" id="1db76d8f-f5a5-dcb7-9657-e7f194b55049">
      <Execution id="deeedfa2-5bd3-4e8b-96bb-8c5038348d3a" />
      <TestMethod codeBase="/mnt/d/git/aula/src/Aula.Tests/bin/Debug/net9.0/Aula.Tests.dll" adapterTypeName="executor://xunit/VsTestRunner2/netcoreapp" className="Aula.Tests.Utilities.ReminderExtractionPromptsTests" name="GetExtractionPrompt_WithBasicQuery_ReturnsValidPrompt" />
    </UnitTest>
    <UnitTest name="Aula.Tests.Utilities.WeekLetterContentExtractorTests.ExtractContent_WithEmptyUgebreve_ReturnsEmptyString" storage="/mnt/d/git/aula/src/aula.tests/bin/debug/net9.0/aula.tests.dll" id="c7ba7dd8-e3e6-46dc-0605-cbeb66092785">
      <Execution id="42548fad-21ea-4bed-8d3d-2ff81b14355d" />
      <TestMethod codeBase="/mnt/d/git/aula/src/Aula.Tests/bin/Debug/net9.0/Aula.Tests.dll" adapterTypeName="executor://xunit/VsTestRunner2/netcoreapp" className="Aula.Tests.Utilities.WeekLetterContentExtractorTests" name="ExtractContent_WithEmptyUgebreve_ReturnsEmptyString" />
    </UnitTest>
    <UnitTest name="Aula.Tests.Channels.TelegramClientTests.PostWeekLetter_WithVariousChildNames_HandlesCorrectly(firstName: &quot;TestChild1&quot;)" storage="/mnt/d/git/aula/src/aula.tests/bin/debug/net9.0/aula.tests.dll" id="e82c4cb9-864b-593c-f310-4d201e527a40">
      <Execution id="f20f0b1e-5c96-4293-af77-fe53ec210599" />
      <TestMethod codeBase="/mnt/d/git/aula/src/Aula.Tests/bin/Debug/net9.0/Aula.Tests.dll" adapterTypeName="executor://xunit/VsTestRunner2/netcoreapp" className="Aula.Tests.Channels.TelegramClientTests" name="PostWeekLetter_WithVariousChildNames_HandlesCorrectly" />
    </UnitTest>
    <UnitTest name="Aula.Tests.Utilities.JsonFormatterTests.Prettify_WithAlreadyFormattedJson_ReturnsFormattedJson" storage="/mnt/d/git/aula/src/aula.tests/bin/debug/net9.0/aula.tests.dll" id="be069dea-132b-4f72-c1c8-8b4fd667fd7f">
      <Execution id="d5fa85ce-7eb9-4d54-b1aa-7564e449b81a" />
      <TestMethod codeBase="/mnt/d/git/aula/src/Aula.Tests/bin/Debug/net9.0/Aula.Tests.dll" adapterTypeName="executor://xunit/VsTestRunner2/netcoreapp" className="Aula.Tests.Utilities.JsonFormatterTests" name="Prettify_WithAlreadyFormattedJson_ReturnsFormattedJson" />
    </UnitTest>
    <UnitTest name="Aula.Tests.Utilities.FollowUpQuestionDetectorTests.IsFollowUpQuestion_WithEnglishFollowUpPhrases_ReturnsTrue(input: &quot;What About Emma?&quot;)" storage="/mnt/d/git/aula/src/aula.tests/bin/debug/net9.0/aula.tests.dll" id="abd8e945-1cd6-1c43-f5d4-1f844731781d">
      <Execution id="c1cb38ad-0594-471d-82cd-b28d9e2f35bc" />
      <TestMethod codeBase="/mnt/d/git/aula/src/Aula.Tests/bin/Debug/net9.0/Aula.Tests.dll" adapterTypeName="executor://xunit/VsTestRunner2/netcoreapp" className="Aula.Tests.Utilities.FollowUpQuestionDetectorTests" name="IsFollowUpQuestion_WithEnglishFollowUpPhrases_ReturnsTrue" />
    </UnitTest>
    <UnitTest name="Aula.Tests.Utilities.DateTimeUtilitiesTests.GetDanishDayName_ValidDayOfWeek_ReturnsCorrectDanishName(dayOfWeek: Thursday, expectedDanishName: &quot;torsdag&quot;)" storage="/mnt/d/git/aula/src/aula.tests/bin/debug/net9.0/aula.tests.dll" id="12c6c75b-17e2-768a-c582-545ad6254677">
      <Execution id="e3c2962f-ff39-48fa-83de-1b7c893960b8" />
      <TestMethod codeBase="/mnt/d/git/aula/src/Aula.Tests/bin/Debug/net9.0/Aula.Tests.dll" adapterTypeName="executor://xunit/VsTestRunner2/netcoreapp" className="Aula.Tests.Utilities.DateTimeUtilitiesTests" name="GetDanishDayName_ValidDayOfWeek_ReturnsCorrectDanishName" />
    </UnitTest>
    <UnitTest name="Aula.Tests.Utilities.FollowUpQuestionDetectorTests.IsFollowUpQuestion_WithEmptyInput_ReturnsFalse" storage="/mnt/d/git/aula/src/aula.tests/bin/debug/net9.0/aula.tests.dll" id="50dcaab1-381b-ffdd-0774-bfbc00f359f9">
      <Execution id="e1e88dc5-a1b7-4982-9c6a-37e737eb68da" />
      <TestMethod codeBase="/mnt/d/git/aula/src/Aula.Tests/bin/Debug/net9.0/Aula.Tests.dll" adapterTypeName="executor://xunit/VsTestRunner2/netcoreapp" className="Aula.Tests.Utilities.FollowUpQuestionDetectorTests" name="IsFollowUpQuestion_WithEmptyInput_ReturnsFalse" />
    </UnitTest>
    <UnitTest name="Aula.Tests.Configuration.ConfigurationTests.Features_DefaultValues_AreCorrect" storage="/mnt/d/git/aula/src/aula.tests/bin/debug/net9.0/aula.tests.dll" id="e09a9a0e-f05e-b1ab-94a1-7ba461fbd7f9">
      <Execution id="7101dbf2-1b76-447a-a043-09655b8a271e" />
      <TestMethod codeBase="/mnt/d/git/aula/src/Aula.Tests/bin/Debug/net9.0/Aula.Tests.dll" adapterTypeName="executor://xunit/VsTestRunner2/netcoreapp" className="Aula.Tests.Configuration.ConfigurationTests" name="Features_DefaultValues_AreCorrect" />
    </UnitTest>
    <UnitTest name="Aula.Tests.Utilities.ConversationContextManagerTests.UpdateContext_WithDefaultParameters_SetsCorrectDefaults" storage="/mnt/d/git/aula/src/aula.tests/bin/debug/net9.0/aula.tests.dll" id="7bb5033b-053d-57a5-c00e-279f476a8835">
      <Execution id="3433cb50-9fca-4a54-bdc7-9d9482c4c40b" />
      <TestMethod codeBase="/mnt/d/git/aula/src/Aula.Tests/bin/Debug/net9.0/Aula.Tests.dll" adapterTypeName="executor://xunit/VsTestRunner2/netcoreapp" className="Aula.Tests.Utilities.ConversationContextManagerTests" name="UpdateContext_WithDefaultParameters_SetsCorrectDefaults" />
    </UnitTest>
    <UnitTest name="Aula.Tests.Utilities.Html2SlackMarkdownConverterTests.Convert_WithPartialTags_HandlesGracefully(html: &quot;text &lt;b&gt; more text&quot;)" storage="/mnt/d/git/aula/src/aula.tests/bin/debug/net9.0/aula.tests.dll" id="bb7ff579-7dbb-d724-561f-6bfaeeb13e43">
      <Execution id="e69d0a4f-7d45-4879-9712-afaa938da594" />
      <TestMethod codeBase="/mnt/d/git/aula/src/Aula.Tests/bin/Debug/net9.0/Aula.Tests.dll" adapterTypeName="executor://xunit/VsTestRunner2/netcoreapp" className="Aula.Tests.Utilities.Html2SlackMarkdownConverterTests" name="Convert_WithPartialTags_HandlesGracefully" />
    </UnitTest>
    <UnitTest name="Aula.Tests.Utilities.IntentAnalysisPromptsTests.AnalysisTemplate_ContainsAllToolActions" storage="/mnt/d/git/aula/src/aula.tests/bin/debug/net9.0/aula.tests.dll" id="4065d4aa-647e-7977-71b8-e3fe088d65f6">
      <Execution id="5d604331-4f0e-4084-8b15-ac221539e315" />
      <TestMethod codeBase="/mnt/d/git/aula/src/Aula.Tests/bin/Debug/net9.0/Aula.Tests.dll" adapterTypeName="executor://xunit/VsTestRunner2/netcoreapp" className="Aula.Tests.Utilities.IntentAnalysisPromptsTests" name="AnalysisTemplate_ContainsAllToolActions" />
    </UnitTest>
    <UnitTest name="Aula.Tests.Services.OpenAiServiceIntegrationTests.AskQuestionAboutChildrenAsync_WithNullChildrenWeekLetters_ThrowsArgumentNullException(chatInterface: Telegram)" storage="/mnt/d/git/aula/src/aula.tests/bin/debug/net9.0/aula.tests.dll" id="b10574f8-57a7-a56d-69fc-5fa21e09fe6d">
      <Execution id="8f26086e-67e3-4712-a98c-46e223d2de99" />
      <TestMethod codeBase="/mnt/d/git/aula/src/Aula.Tests/bin/Debug/net9.0/Aula.Tests.dll" adapterTypeName="executor://xunit/VsTestRunner2/netcoreapp" className="Aula.Tests.Services.OpenAiServiceIntegrationTests" name="AskQuestionAboutChildrenAsync_WithNullChildrenWeekLetters_ThrowsArgumentNullException" />
    </UnitTest>
    <UnitTest name="Aula.Tests.Bots.SlackMessageHandlerTests.Constructor_WithNullLogger_ThrowsArgumentNullException" storage="/mnt/d/git/aula/src/aula.tests/bin/debug/net9.0/aula.tests.dll" id="feee90d8-1656-5d1e-73f9-5a26fcecfdaf">
      <Execution id="708c07d6-7786-4d2b-bff1-96ecf7beb785" />
      <TestMethod codeBase="/mnt/d/git/aula/src/Aula.Tests/bin/Debug/net9.0/Aula.Tests.dll" adapterTypeName="executor://xunit/VsTestRunner2/netcoreapp" className="Aula.Tests.Bots.SlackMessageHandlerTests" name="Constructor_WithNullLogger_ThrowsArgumentNullException" />
    </UnitTest>
    <UnitTest name="Aula.Tests.Bots.TelegramMessageHandlerTests.Constructor_WithNullChildrenByName_ThrowsArgumentNullException" storage="/mnt/d/git/aula/src/aula.tests/bin/debug/net9.0/aula.tests.dll" id="2c3d4776-5def-fbfc-180a-60513ca0400e">
      <Execution id="f4e4a730-8d5a-4fa1-8534-dbe9d6baa122" />
      <TestMethod codeBase="/mnt/d/git/aula/src/Aula.Tests/bin/Debug/net9.0/Aula.Tests.dll" adapterTypeName="executor://xunit/VsTestRunner2/netcoreapp" className="Aula.Tests.Bots.TelegramMessageHandlerTests" name="Constructor_WithNullChildrenByName_ThrowsArgumentNullException" />
    </UnitTest>
    <UnitTest name="Aula.Tests.Tools.ReminderCommandHandlerTests.TryHandleReminderCommand_ListReminders_WithException_LogsErrorAndReturnsErrorMessage(command: &quot;list reminders&quot;, isEnglish: True)" storage="/mnt/d/git/aula/src/aula.tests/bin/debug/net9.0/aula.tests.dll" id="291a0a00-e36f-0b02-ed15-eb7d9d18168a">
      <Execution id="5fee6e78-64b3-4f98-bd3b-8fb843edfd63" />
      <TestMethod codeBase="/mnt/d/git/aula/src/Aula.Tests/bin/Debug/net9.0/Aula.Tests.dll" adapterTypeName="executor://xunit/VsTestRunner2/netcoreapp" className="Aula.Tests.Tools.ReminderCommandHandlerTests" name="TryHandleReminderCommand_ListReminders_WithException_LogsErrorAndReturnsErrorMessage" />
    </UnitTest>
    <UnitTest name="Aula.Tests.Bots.SlackMessageHandlerTests.HandleMessageAsync_WithReminderCommand_CallsReminderHandler(reminderCommand: &quot;vis påmindelser&quot;)" storage="/mnt/d/git/aula/src/aula.tests/bin/debug/net9.0/aula.tests.dll" id="753b01fb-135d-858f-b53c-7e32b4ede58e">
      <Execution id="26813ac5-afe3-4871-9004-09a84a3e741f" />
      <TestMethod codeBase="/mnt/d/git/aula/src/Aula.Tests/bin/Debug/net9.0/Aula.Tests.dll" adapterTypeName="executor://xunit/VsTestRunner2/netcoreapp" className="Aula.Tests.Bots.SlackMessageHandlerTests" name="HandleMessageAsync_WithReminderCommand_CallsReminderHandler" />
    </UnitTest>
    <UnitTest name="Aula.Tests.Channels.TelegramClientTests.SendMessageToChannel_WithVariousChannelIds_DoesNotThrow(channelId: &quot;&quot;)" storage="/mnt/d/git/aula/src/aula.tests/bin/debug/net9.0/aula.tests.dll" id="99892231-84e1-33e1-e7f7-41ced0139b8b">
      <Execution id="33ca6b58-3b16-4fb7-b793-80873f7788db" />
      <TestMethod codeBase="/mnt/d/git/aula/src/Aula.Tests/bin/Debug/net9.0/Aula.Tests.dll" adapterTypeName="executor://xunit/VsTestRunner2/netcoreapp" className="Aula.Tests.Channels.TelegramClientTests" name="SendMessageToChannel_WithVariousChannelIds_DoesNotThrow" />
    </UnitTest>
    <UnitTest name="Aula.Tests.Bots.TelegramInteractiveBotTests.SendMessage_WithLongChatIdAsLong_SendsSuccessfully(chatId: 1234567890)" storage="/mnt/d/git/aula/src/aula.tests/bin/debug/net9.0/aula.tests.dll" id="84d3e400-28e5-a032-6581-dd6f9d37667a">
      <Execution id="d3043c67-c1e1-45ec-aa45-a1d2357d6499" />
      <TestMethod codeBase="/mnt/d/git/aula/src/Aula.Tests/bin/Debug/net9.0/Aula.Tests.dll" adapterTypeName="executor://xunit/VsTestRunner2/netcoreapp" className="Aula.Tests.Bots.TelegramInteractiveBotTests" name="SendMessage_WithLongChatIdAsLong_SendsSuccessfully" />
    </UnitTest>
    <UnitTest name="Aula.Tests.Tools.ReminderCommandHandlerTests.TryHandleReminderCommand_NonReminderCommands_ReturnsFalse(command: &quot;hello world&quot;)" storage="/mnt/d/git/aula/src/aula.tests/bin/debug/net9.0/aula.tests.dll" id="f09b7cd5-4ae8-422c-8772-5a55d24c9ade">
      <Execution id="875625d3-78ee-4e25-8564-923d9e235fd7" />
      <TestMethod codeBase="/mnt/d/git/aula/src/Aula.Tests/bin/Debug/net9.0/Aula.Tests.dll" adapterTypeName="executor://xunit/VsTestRunner2/netcoreapp" className="Aula.Tests.Tools.ReminderCommandHandlerTests" name="TryHandleReminderCommand_NonReminderCommands_ReturnsFalse" />
    </UnitTest>
    <UnitTest name="Aula.Tests.Services.OpenAiServiceIntegrationTests.ProcessQueryWithToolsAsync_WithValidParameters_CallsApiWithCorrectParameters" storage="/mnt/d/git/aula/src/aula.tests/bin/debug/net9.0/aula.tests.dll" id="2ec4bb68-9993-76c1-0376-5d281d5240c0">
      <Execution id="a7e2b0ac-af9c-43d1-92d6-71b0a1454141" />
      <TestMethod codeBase="/mnt/d/git/aula/src/Aula.Tests/bin/Debug/net9.0/Aula.Tests.dll" adapterTypeName="executor://xunit/VsTestRunner2/netcoreapp" className="Aula.Tests.Services.OpenAiServiceIntegrationTests" name="ProcessQueryWithToolsAsync_WithValidParameters_CallsApiWithCorrectParameters" />
    </UnitTest>
    <UnitTest name="Aula.Tests.Configuration.ConfigurationTests.Timers_AdaptivePollingLimits_ValidationTests(minSeconds: 1, maxSeconds: 60, isValid: True)" storage="/mnt/d/git/aula/src/aula.tests/bin/debug/net9.0/aula.tests.dll" id="d176fe9d-a550-c0ab-c3b8-0439143bdca1">
      <Execution id="f3f1ae8a-7044-4fd6-865e-b78ff7f0c697" />
      <TestMethod codeBase="/mnt/d/git/aula/src/Aula.Tests/bin/Debug/net9.0/Aula.Tests.dll" adapterTypeName="executor://xunit/VsTestRunner2/netcoreapp" className="Aula.Tests.Configuration.ConfigurationTests" name="Timers_AdaptivePollingLimits_ValidationTests" />
    </UnitTest>
    <UnitTest name="Aula.Tests.Utilities.ConversationContextTests.IsStillValid_WithOldTimestamp_ReturnsFalse" storage="/mnt/d/git/aula/src/aula.tests/bin/debug/net9.0/aula.tests.dll" id="a8b9844c-6104-c9c6-7d60-78d6100065b0">
      <Execution id="7f8d8ce7-1d4c-43a5-8118-b2ceac5742be" />
      <TestMethod codeBase="/mnt/d/git/aula/src/Aula.Tests/bin/Debug/net9.0/Aula.Tests.dll" adapterTypeName="executor://xunit/VsTestRunner2/netcoreapp" className="Aula.Tests.Utilities.ConversationContextTests" name="IsStillValid_WithOldTimestamp_ReturnsFalse" />
    </UnitTest>
    <UnitTest name="Aula.Tests.Bots.SlackMessageHandlerTests.HandleMessageAsync_WithValidQuery_ProcessesSuccessfully(queryText: &quot;What is TestChild1 doing tomorrow?&quot;)" storage="/mnt/d/git/aula/src/aula.tests/bin/debug/net9.0/aula.tests.dll" id="c4bc0f3a-eeff-3d15-3eac-b16332605c4c">
      <Execution id="b44e0edc-f7fa-45be-b6b0-01165a0f047e" />
      <TestMethod codeBase="/mnt/d/git/aula/src/Aula.Tests/bin/Debug/net9.0/Aula.Tests.dll" adapterTypeName="executor://xunit/VsTestRunner2/netcoreapp" className="Aula.Tests.Bots.SlackMessageHandlerTests" name="HandleMessageAsync_WithValidQuery_ProcessesSuccessfully" />
    </UnitTest>
    <UnitTest name="Aula.Tests.Services.SupabaseServiceTests.TestConnectionAsync_WithoutInitialize_ReturnsFalse" storage="/mnt/d/git/aula/src/aula.tests/bin/debug/net9.0/aula.tests.dll" id="085e36b0-0d52-7c74-b0d8-4785cd5f1544">
      <Execution id="0eea6aac-0713-4467-ba27-4443cb24fd7a" />
      <TestMethod codeBase="/mnt/d/git/aula/src/Aula.Tests/bin/Debug/net9.0/Aula.Tests.dll" adapterTypeName="executor://xunit/VsTestRunner2/netcoreapp" className="Aula.Tests.Services.SupabaseServiceTests" name="TestConnectionAsync_WithoutInitialize_ReturnsFalse" />
    </UnitTest>
    <UnitTest name="Aula.Tests.Utilities.FollowUpQuestionDetectorTests.IsFollowUpQuestion_WithDanishFollowUpPhrases_ReturnsTrue(input: &quot;hvordan med Liam&quot;)" storage="/mnt/d/git/aula/src/aula.tests/bin/debug/net9.0/aula.tests.dll" id="5c459586-7f42-89d7-f28d-c1bb3f1f4b97">
      <Execution id="9e872dbf-494a-4e0f-b683-3a22b7df257a" />
      <TestMethod codeBase="/mnt/d/git/aula/src/Aula.Tests/bin/Debug/net9.0/Aula.Tests.dll" adapterTypeName="executor://xunit/VsTestRunner2/netcoreapp" className="Aula.Tests.Utilities.FollowUpQuestionDetectorTests" name="IsFollowUpQuestion_WithDanishFollowUpPhrases_ReturnsTrue" />
    </UnitTest>
    <UnitTest name="Aula.Tests.Channels.SlackBotTests.PostMessage_WithMessage_DoesNotThrow" storage="/mnt/d/git/aula/src/aula.tests/bin/debug/net9.0/aula.tests.dll" id="9abb3739-6b0d-7f8e-6b46-0210e9a0d235">
      <Execution id="8f9bdaa9-9e50-4405-b2b2-448963ce7cf9" />
      <TestMethod codeBase="/mnt/d/git/aula/src/Aula.Tests/bin/Debug/net9.0/Aula.Tests.dll" adapterTypeName="executor://xunit/VsTestRunner2/netcoreapp" className="Aula.Tests.Channels.SlackBotTests" name="PostMessage_WithMessage_DoesNotThrow" />
    </UnitTest>
    <UnitTest name="Aula.Tests.Utilities.DateTimeUtilitiesTests.GetDanishDayName_AllValidDaysOfWeek_ReturnsNonEmptyString(dayOfWeek: Saturday)" storage="/mnt/d/git/aula/src/aula.tests/bin/debug/net9.0/aula.tests.dll" id="51dadbc3-586b-6ea0-f9cc-0638c0cb614d">
      <Execution id="79ca578b-2e8c-444b-a473-307527fe5ffc" />
      <TestMethod codeBase="/mnt/d/git/aula/src/Aula.Tests/bin/Debug/net9.0/Aula.Tests.dll" adapterTypeName="executor://xunit/VsTestRunner2/netcoreapp" className="Aula.Tests.Utilities.DateTimeUtilitiesTests" name="GetDanishDayName_AllValidDaysOfWeek_ReturnsNonEmptyString" />
    </UnitTest>
    <UnitTest name="Aula.Tests.Services.DataModelTests.PostedLetter_ContentHash_CanDetectChanges" storage="/mnt/d/git/aula/src/aula.tests/bin/debug/net9.0/aula.tests.dll" id="8058c27b-1352-027a-d929-43b2879c423e">
      <Execution id="2fbd92fc-ec09-45a9-bcda-cabd41154d2e" />
      <TestMethod codeBase="/mnt/d/git/aula/src/Aula.Tests/bin/Debug/net9.0/Aula.Tests.dll" adapterTypeName="executor://xunit/VsTestRunner2/netcoreapp" className="Aula.Tests.Services.DataModelTests" name="PostedLetter_ContentHash_CanDetectChanges" />
    </UnitTest>
    <UnitTest name="Aula.Tests.Configuration.ConfigurationTests.Timers_SchedulingInterval_ValidationTests(intervalSeconds: 5, isValid: True)" storage="/mnt/d/git/aula/src/aula.tests/bin/debug/net9.0/aula.tests.dll" id="0c4f7782-5c4d-f42e-03cc-a2dae624ac6e">
      <Execution id="51123bf2-cdc3-4291-a679-9f540f72961e" />
      <TestMethod codeBase="/mnt/d/git/aula/src/Aula.Tests/bin/Debug/net9.0/Aula.Tests.dll" adapterTypeName="executor://xunit/VsTestRunner2/netcoreapp" className="Aula.Tests.Configuration.ConfigurationTests" name="Timers_SchedulingInterval_ValidationTests" />
    </UnitTest>
    <UnitTest name="Aula.Tests.Channels.TelegramClientTests.SendMessageToChannel_WithVariousMessages_DoesNotThrow(message: &quot;Message with &lt;i&gt;italic&lt;/i&gt; text&quot;)" storage="/mnt/d/git/aula/src/aula.tests/bin/debug/net9.0/aula.tests.dll" id="b47684af-1794-f5e1-2939-ee11bb40f2e8">
      <Execution id="7c5a6861-408a-4d95-992b-300fbe573dc4" />
      <TestMethod codeBase="/mnt/d/git/aula/src/Aula.Tests/bin/Debug/net9.0/Aula.Tests.dll" adapterTypeName="executor://xunit/VsTestRunner2/netcoreapp" className="Aula.Tests.Channels.TelegramClientTests" name="SendMessageToChannel_WithVariousMessages_DoesNotThrow" />
    </UnitTest>
    <UnitTest name="Aula.Tests.Tools.ReminderCommandHandlerTests.TryHandleReminderCommand_ListReminders_ValidCommands_ReturnsRemindersList(command: &quot;list reminders&quot;, isEnglish: True)" storage="/mnt/d/git/aula/src/aula.tests/bin/debug/net9.0/aula.tests.dll" id="2c4f5c38-e0cd-3355-85e7-bc13205402ed">
      <Execution id="d3d7a0ec-d862-4c46-9800-9defa50df59b" />
      <TestMethod codeBase="/mnt/d/git/aula/src/Aula.Tests/bin/Debug/net9.0/Aula.Tests.dll" adapterTypeName="executor://xunit/VsTestRunner2/netcoreapp" className="Aula.Tests.Tools.ReminderCommandHandlerTests" name="TryHandleReminderCommand_ListReminders_ValidCommands_ReturnsRemindersList" />
    </UnitTest>
    <UnitTest name="Aula.Tests.Utilities.WeekLetterContentExtractorTests.ExtractContent_WithMissingIndhold_ReturnsEmptyString" storage="/mnt/d/git/aula/src/aula.tests/bin/debug/net9.0/aula.tests.dll" id="f298d898-68fb-30c9-25a2-94ce20f4fdb3">
      <Execution id="751420fb-c681-4f1c-bbfa-42aebf1e6353" />
      <TestMethod codeBase="/mnt/d/git/aula/src/Aula.Tests/bin/Debug/net9.0/Aula.Tests.dll" adapterTypeName="executor://xunit/VsTestRunner2/netcoreapp" className="Aula.Tests.Utilities.WeekLetterContentExtractorTests" name="ExtractContent_WithMissingIndhold_ReturnsEmptyString" />
    </UnitTest>
    <UnitTest name="Aula.Tests.Bots.TelegramMessageHandlerTests.HandleMessageAsync_WithValidQuery_ProcessesSuccessfully(queryText: &quot;What is TestChild1 doing tomorrow?&quot;)" storage="/mnt/d/git/aula/src/aula.tests/bin/debug/net9.0/aula.tests.dll" id="b951eadc-9c68-489f-5265-7dd5da8c5458">
      <Execution id="cd4cb8c4-70ca-4155-9cb3-794baa2aa9f8" />
      <TestMethod codeBase="/mnt/d/git/aula/src/Aula.Tests/bin/Debug/net9.0/Aula.Tests.dll" adapterTypeName="executor://xunit/VsTestRunner2/netcoreapp" className="Aula.Tests.Bots.TelegramMessageHandlerTests" name="HandleMessageAsync_WithValidQuery_ProcessesSuccessfully" />
    </UnitTest>
    <UnitTest name="Aula.Tests.Channels.TelegramClientTests.PostWeekLetter_WithDisabledTelegram_ReturnsFalse" storage="/mnt/d/git/aula/src/aula.tests/bin/debug/net9.0/aula.tests.dll" id="350fb660-314c-786b-3d6b-541a0971c807">
      <Execution id="ede927ac-9a89-472f-a159-a0f1fc23a044" />
      <TestMethod codeBase="/mnt/d/git/aula/src/Aula.Tests/bin/Debug/net9.0/Aula.Tests.dll" adapterTypeName="executor://xunit/VsTestRunner2/netcoreapp" className="Aula.Tests.Channels.TelegramClientTests" name="PostWeekLetter_WithDisabledTelegram_ReturnsFalse" />
    </UnitTest>
    <UnitTest name="Aula.Tests.Scheduling.SchedulingServiceIntegrationTests.Constructor_WithValidParameters_InitializesCorrectly" storage="/mnt/d/git/aula/src/aula.tests/bin/debug/net9.0/aula.tests.dll" id="d9434b0b-f031-6aad-3c30-fb3e0d035dab">
      <Execution id="057fe042-2bec-4f6b-936a-c88627d17863" />
      <TestMethod codeBase="/mnt/d/git/aula/src/Aula.Tests/bin/Debug/net9.0/Aula.Tests.dll" adapterTypeName="executor://xunit/VsTestRunner2/netcoreapp" className="Aula.Tests.Scheduling.SchedulingServiceIntegrationTests" name="Constructor_WithValidParameters_InitializesCorrectly" />
    </UnitTest>
    <UnitTest name="Aula.Tests.Utilities.FollowUpQuestionDetectorTests.IsFollowUpQuestion_WithChildNameAndTimeReference_ReturnsFalse(input: &quot;Emma today&quot;)" storage="/mnt/d/git/aula/src/aula.tests/bin/debug/net9.0/aula.tests.dll" id="8646524a-5166-ca18-26db-7c128f59fc0d">
      <Execution id="b7c961a6-58d8-40af-8d15-97ab1f42049a" />
      <TestMethod codeBase="/mnt/d/git/aula/src/Aula.Tests/bin/Debug/net9.0/Aula.Tests.dll" adapterTypeName="executor://xunit/VsTestRunner2/netcoreapp" className="Aula.Tests.Utilities.FollowUpQuestionDetectorTests" name="IsFollowUpQuestion_WithChildNameAndTimeReference_ReturnsFalse" />
    </UnitTest>
    <UnitTest name="Aula.Tests.Utilities.FollowUpQuestionDetectorTests.IsFollowUpQuestion_WithPunctuationAroundChildName_WorksCorrectly(input: &quot;Emma!&quot;)" storage="/mnt/d/git/aula/src/aula.tests/bin/debug/net9.0/aula.tests.dll" id="9833abbf-2b3b-4c95-cc5f-ce17c418fcd0">
      <Execution id="a6559879-54d8-4486-a2f9-16a802a80af1" />
      <TestMethod codeBase="/mnt/d/git/aula/src/Aula.Tests/bin/Debug/net9.0/Aula.Tests.dll" adapterTypeName="executor://xunit/VsTestRunner2/netcoreapp" className="Aula.Tests.Utilities.FollowUpQuestionDetectorTests" name="IsFollowUpQuestion_WithPunctuationAroundChildName_WorksCorrectly" />
    </UnitTest>
    <UnitTest name="Aula.Tests.Utilities.FollowUpQuestionDetectorTests.IsFollowUpQuestion_WithShortFollowUps_ReturnsTrue(input: &quot;what?&quot;)" storage="/mnt/d/git/aula/src/aula.tests/bin/debug/net9.0/aula.tests.dll" id="d34756cc-dd70-36dd-a4b9-a2767cf802ed">
      <Execution id="2207af5a-8eb7-41b0-b2da-c10eab39d9d9" />
      <TestMethod codeBase="/mnt/d/git/aula/src/Aula.Tests/bin/Debug/net9.0/Aula.Tests.dll" adapterTypeName="executor://xunit/VsTestRunner2/netcoreapp" className="Aula.Tests.Utilities.FollowUpQuestionDetectorTests" name="IsFollowUpQuestion_WithShortFollowUps_ReturnsTrue" />
    </UnitTest>
    <UnitTest name="Aula.Tests.Utilities.ConversationContextManagerTests.Manager_WithGuidKeys_WorksCorrectly" storage="/mnt/d/git/aula/src/aula.tests/bin/debug/net9.0/aula.tests.dll" id="a5a1d376-9a55-3344-a8d1-042eaae8a59b">
      <Execution id="3bd0a9dc-cc6b-4265-8947-53903b07fb0a" />
      <TestMethod codeBase="/mnt/d/git/aula/src/Aula.Tests/bin/Debug/net9.0/Aula.Tests.dll" adapterTypeName="executor://xunit/VsTestRunner2/netcoreapp" className="Aula.Tests.Utilities.ConversationContextManagerTests" name="Manager_WithGuidKeys_WorksCorrectly" />
    </UnitTest>
    <UnitTest name="Aula.Tests.Utilities.ReminderExtractionPromptsTests.GetExtractionPrompt_WithRealQueries_EmbedsQueryCorrectly(query: &quot;Remind me about TestChild1's soccer&quot;)" storage="/mnt/d/git/aula/src/aula.tests/bin/debug/net9.0/aula.tests.dll" id="bd810d5e-74d1-fb29-2175-9a145b5629e1">
      <Execution id="bc3b2a1b-c1d2-4833-82d9-6389f56e3563" />
      <TestMethod codeBase="/mnt/d/git/aula/src/Aula.Tests/bin/Debug/net9.0/Aula.Tests.dll" adapterTypeName="executor://xunit/VsTestRunner2/netcoreapp" className="Aula.Tests.Utilities.ReminderExtractionPromptsTests" name="GetExtractionPrompt_WithRealQueries_EmbedsQueryCorrectly" />
    </UnitTest>
    <UnitTest name="Aula.Tests.Tools.AiToolsManagerTests.CreateReminderAsync_WithValidDateTime_CreatesReminder" storage="/mnt/d/git/aula/src/aula.tests/bin/debug/net9.0/aula.tests.dll" id="6234ecb8-e2dd-d37d-8721-81fdc7e6823a">
      <Execution id="ca9fea70-23f7-4b6c-9bb7-c009572f18e3" />
      <TestMethod codeBase="/mnt/d/git/aula/src/Aula.Tests/bin/Debug/net9.0/Aula.Tests.dll" adapterTypeName="executor://xunit/VsTestRunner2/netcoreapp" className="Aula.Tests.Tools.AiToolsManagerTests" name="CreateReminderAsync_WithValidDateTime_CreatesReminder" />
    </UnitTest>
    <UnitTest name="Aula.Tests.Services.OpenAiServiceIntegrationTests.Constructor_WithNullApiKey_ThrowsArgumentException" storage="/mnt/d/git/aula/src/aula.tests/bin/debug/net9.0/aula.tests.dll" id="c877210f-bb9a-c13c-82b0-695b1245feeb">
      <Execution id="9c7ba0f8-b4d6-4d4e-992e-cf21bb2af19e" />
      <TestMethod codeBase="/mnt/d/git/aula/src/Aula.Tests/bin/Debug/net9.0/Aula.Tests.dll" adapterTypeName="executor://xunit/VsTestRunner2/netcoreapp" className="Aula.Tests.Services.OpenAiServiceIntegrationTests" name="Constructor_WithNullApiKey_ThrowsArgumentException" />
    </UnitTest>
    <UnitTest name="Aula.Tests.Configuration.ConfigurationTests.Features_ConversationCacheExpiration_ValidationTests(minutes: 60, isValid: True)" storage="/mnt/d/git/aula/src/aula.tests/bin/debug/net9.0/aula.tests.dll" id="dd05b666-876a-55fb-e7fc-780febc2a53a">
      <Execution id="3de1b441-47ea-494d-b6b6-fbf82bf0af62" />
      <TestMethod codeBase="/mnt/d/git/aula/src/Aula.Tests/bin/Debug/net9.0/Aula.Tests.dll" adapterTypeName="executor://xunit/VsTestRunner2/netcoreapp" className="Aula.Tests.Configuration.ConfigurationTests" name="Features_ConversationCacheExpiration_ValidationTests" />
    </UnitTest>
    <UnitTest name="Aula.Tests.Utilities.IntentAnalysisPromptsTests.GetFormattedPrompt_WithVariousQueries_ReturnsValidPrompt(query: &quot;&quot;)" storage="/mnt/d/git/aula/src/aula.tests/bin/debug/net9.0/aula.tests.dll" id="68f8d884-d469-7c10-83e8-5cafd9c08d5b">
      <Execution id="bc878b66-7598-4a47-9b45-3d525920839c" />
      <TestMethod codeBase="/mnt/d/git/aula/src/Aula.Tests/bin/Debug/net9.0/Aula.Tests.dll" adapterTypeName="executor://xunit/VsTestRunner2/netcoreapp" className="Aula.Tests.Utilities.IntentAnalysisPromptsTests" name="GetFormattedPrompt_WithVariousQueries_ReturnsValidPrompt" />
    </UnitTest>
    <UnitTest name="Aula.Tests.Channels.TelegramClientTests.SendMessageToChannel_WithVariousChannelIds_DoesNotThrow(channelId: &quot;@testchannel&quot;)" storage="/mnt/d/git/aula/src/aula.tests/bin/debug/net9.0/aula.tests.dll" id="fe14d576-8562-4a05-9196-a9eaf8403f97">
      <Execution id="2d9276cd-952c-48da-8f16-9f626edcdfe2" />
      <TestMethod codeBase="/mnt/d/git/aula/src/Aula.Tests/bin/Debug/net9.0/Aula.Tests.dll" adapterTypeName="executor://xunit/VsTestRunner2/netcoreapp" className="Aula.Tests.Channels.TelegramClientTests" name="SendMessageToChannel_WithVariousChannelIds_DoesNotThrow" />
    </UnitTest>
    <UnitTest name="Aula.Tests.Utilities.IntentAnalysisPromptsTests.GetFormattedPrompt_WithSpecialCharacters_HandlesCorrectly" storage="/mnt/d/git/aula/src/aula.tests/bin/debug/net9.0/aula.tests.dll" id="e82068c0-6e0f-9139-e11b-135d1d5c14f8">
      <Execution id="3c7102a4-c575-403e-8a07-dbb729b5ec2a" />
      <TestMethod codeBase="/mnt/d/git/aula/src/Aula.Tests/bin/Debug/net9.0/Aula.Tests.dll" adapterTypeName="executor://xunit/VsTestRunner2/netcoreapp" className="Aula.Tests.Utilities.IntentAnalysisPromptsTests" name="GetFormattedPrompt_WithSpecialCharacters_HandlesCorrectly" />
    </UnitTest>
    <UnitTest name="Aula.Tests.Configuration.ConfigurationTests.Slack_ChannelId_ValidationTests(channelId: &quot;&quot;, isValid: False)" storage="/mnt/d/git/aula/src/aula.tests/bin/debug/net9.0/aula.tests.dll" id="acf8804d-792c-1b35-de81-83d4ccdfb352">
      <Execution id="2cd531fc-84f5-4a88-be1f-6d29363897e7" />
      <TestMethod codeBase="/mnt/d/git/aula/src/Aula.Tests/bin/Debug/net9.0/Aula.Tests.dll" adapterTypeName="executor://xunit/VsTestRunner2/netcoreapp" className="Aula.Tests.Configuration.ConfigurationTests" name="Slack_ChannelId_ValidationTests" />
    </UnitTest>
    <UnitTest name="Aula.Tests.Utilities.Html2SlackMarkdownConverterTests.Convert_WithInvalidHtml_HandlesGracefully" storage="/mnt/d/git/aula/src/aula.tests/bin/debug/net9.0/aula.tests.dll" id="533b2a5c-a19c-cf24-eb9a-f995ca4d2974">
      <Execution id="4a9ccc70-e2e3-4507-af3c-f60f8dee9765" />
      <TestMethod codeBase="/mnt/d/git/aula/src/Aula.Tests/bin/Debug/net9.0/Aula.Tests.dll" adapterTypeName="executor://xunit/VsTestRunner2/netcoreapp" className="Aula.Tests.Utilities.Html2SlackMarkdownConverterTests" name="Convert_WithInvalidHtml_HandlesGracefully" />
    </UnitTest>
    <UnitTest name="Aula.Tests.Utilities.ReminderExtractionPromptsTests.GetExtractionPrompt_WithVariousCurrentTimes_CalculatesRelativeDatesCorrectly(currentTimeStr: &quot;2025-12-31 23:59:59&quot;)" storage="/mnt/d/git/aula/src/aula.tests/bin/debug/net9.0/aula.tests.dll" id="ebe83846-f30d-4502-5b06-920f9179e550">
      <Execution id="bb083140-68fd-420f-b2e5-21af8f119ce8" />
      <TestMethod codeBase="/mnt/d/git/aula/src/Aula.Tests/bin/Debug/net9.0/Aula.Tests.dll" adapterTypeName="executor://xunit/VsTestRunner2/netcoreapp" className="Aula.Tests.Utilities.ReminderExtractionPromptsTests" name="GetExtractionPrompt_WithVariousCurrentTimes_CalculatesRelativeDatesCorrectly" />
    </UnitTest>
    <UnitTest name="Aula.Tests.Configuration.ConfigurationTests.Configuration_LoadsSuccessfully" storage="/mnt/d/git/aula/src/aula.tests/bin/debug/net9.0/aula.tests.dll" id="a8373318-d0c0-3b68-eeb8-1cd7a830e6d6">
      <Execution id="d0c417c7-6548-437a-8cf4-3d2788b43da6" />
      <TestMethod codeBase="/mnt/d/git/aula/src/Aula.Tests/bin/Debug/net9.0/Aula.Tests.dll" adapterTypeName="executor://xunit/VsTestRunner2/netcoreapp" className="Aula.Tests.Configuration.ConfigurationTests" name="Configuration_LoadsSuccessfully" />
    </UnitTest>
    <UnitTest name="Aula.Tests.Utilities.WeekLetterContentExtractorTests.ExtractContent_Dynamic_WithNullUgebreve_ReturnsEmptyString" storage="/mnt/d/git/aula/src/aula.tests/bin/debug/net9.0/aula.tests.dll" id="76863e49-5dff-990d-7038-a9b0865a8589">
      <Execution id="53bf0776-ddd0-4d85-88d8-280b7bee2432" />
      <TestMethod codeBase="/mnt/d/git/aula/src/Aula.Tests/bin/Debug/net9.0/Aula.Tests.dll" adapterTypeName="executor://xunit/VsTestRunner2/netcoreapp" className="Aula.Tests.Utilities.WeekLetterContentExtractorTests" name="ExtractContent_Dynamic_WithNullUgebreve_ReturnsEmptyString" />
    </UnitTest>
    <UnitTest name="Aula.Tests.Utilities.Html2SlackMarkdownConverterTests.Convert_PreservesTextOrder" storage="/mnt/d/git/aula/src/aula.tests/bin/debug/net9.0/aula.tests.dll" id="76e83c15-4958-72c0-6072-2306062f6c27">
      <Execution id="5217b4e8-7c7e-40cc-9c89-df7e08cbd717" />
      <TestMethod codeBase="/mnt/d/git/aula/src/Aula.Tests/bin/Debug/net9.0/Aula.Tests.dll" adapterTypeName="executor://xunit/VsTestRunner2/netcoreapp" className="Aula.Tests.Utilities.Html2SlackMarkdownConverterTests" name="Convert_PreservesTextOrder" />
    </UnitTest>
    <UnitTest name="Aula.Tests.Utilities.ReminderExtractionPromptsTests.GetExtractionPrompt_ContainsDanishRelativeTimeExamples" storage="/mnt/d/git/aula/src/aula.tests/bin/debug/net9.0/aula.tests.dll" id="ef7abf20-a090-f30e-1f29-97964e295c62">
      <Execution id="cec827ff-1a00-431c-be3e-0e71500b779a" />
      <TestMethod codeBase="/mnt/d/git/aula/src/Aula.Tests/bin/Debug/net9.0/Aula.Tests.dll" adapterTypeName="executor://xunit/VsTestRunner2/netcoreapp" className="Aula.Tests.Utilities.ReminderExtractionPromptsTests" name="GetExtractionPrompt_ContainsDanishRelativeTimeExamples" />
    </UnitTest>
    <UnitTest name="Aula.Tests.Utilities.IntentAnalysisPromptsTests.ToolExamples_ContainsRequiredKeys(key: &quot;INFORMATION_QUERY&quot;)" storage="/mnt/d/git/aula/src/aula.tests/bin/debug/net9.0/aula.tests.dll" id="335c0316-538c-f3b3-9476-383f089c8b2c">
      <Execution id="60a21a76-8d69-42cb-81a1-1009fb161874" />
      <TestMethod codeBase="/mnt/d/git/aula/src/Aula.Tests/bin/Debug/net9.0/Aula.Tests.dll" adapterTypeName="executor://xunit/VsTestRunner2/netcoreapp" className="Aula.Tests.Utilities.IntentAnalysisPromptsTests" name="ToolExamples_ContainsRequiredKeys" />
    </UnitTest>
    <UnitTest name="Aula.Tests.Tools.ReminderCommandHandlerTests.TryHandleReminderCommand_DateParsing_TomorrowAndToday_WorksCorrectly" storage="/mnt/d/git/aula/src/aula.tests/bin/debug/net9.0/aula.tests.dll" id="c7840475-aca4-af75-0ca9-66bc604a8dbe">
      <Execution id="ae45264c-f1f2-4251-ab54-c3ffdb9dc4b8" />
      <TestMethod codeBase="/mnt/d/git/aula/src/Aula.Tests/bin/Debug/net9.0/Aula.Tests.dll" adapterTypeName="executor://xunit/VsTestRunner2/netcoreapp" className="Aula.Tests.Tools.ReminderCommandHandlerTests" name="TryHandleReminderCommand_DateParsing_TomorrowAndToday_WorksCorrectly" />
    </UnitTest>
    <UnitTest name="Aula.Tests.Bots.TelegramMessageHandlerTests.Constructor_WithNullLogger_ThrowsArgumentNullException" storage="/mnt/d/git/aula/src/aula.tests/bin/debug/net9.0/aula.tests.dll" id="239e373d-1755-bda9-a91e-cb58a8bc8bcf">
      <Execution id="64fdb5f3-5909-40a1-b0a0-a491f98918f5" />
      <TestMethod codeBase="/mnt/d/git/aula/src/Aula.Tests/bin/Debug/net9.0/Aula.Tests.dll" adapterTypeName="executor://xunit/VsTestRunner2/netcoreapp" className="Aula.Tests.Bots.TelegramMessageHandlerTests" name="Constructor_WithNullLogger_ThrowsArgumentNullException" />
    </UnitTest>
    <UnitTest name="Aula.Tests.Utilities.ReminderExtractionPromptsTests.GetExtractionPrompt_WithSpecialCharactersInQuery_HandlesCorrectly" storage="/mnt/d/git/aula/src/aula.tests/bin/debug/net9.0/aula.tests.dll" id="bd86868a-64af-fa50-efe0-a7e95aa9f5c1">
      <Execution id="fd3407ec-cd3a-4b9a-95f6-e5ebb17f021d" />
      <TestMethod codeBase="/mnt/d/git/aula/src/Aula.Tests/bin/Debug/net9.0/Aula.Tests.dll" adapterTypeName="executor://xunit/VsTestRunner2/netcoreapp" className="Aula.Tests.Utilities.ReminderExtractionPromptsTests" name="GetExtractionPrompt_WithSpecialCharactersInQuery_HandlesCorrectly" />
    </UnitTest>
    <UnitTest name="Aula.Tests.Services.DataModelTests.Reminder_CreatedBy_HandlesValues(createdBy: &quot;&quot;, shouldAccept: True)" storage="/mnt/d/git/aula/src/aula.tests/bin/debug/net9.0/aula.tests.dll" id="e8058050-cbb0-edb4-84ec-77371a17e76d">
      <Execution id="b362daa5-70d0-41df-926a-bde73d2d140d" />
      <TestMethod codeBase="/mnt/d/git/aula/src/Aula.Tests/bin/Debug/net9.0/Aula.Tests.dll" adapterTypeName="executor://xunit/VsTestRunner2/netcoreapp" className="Aula.Tests.Services.DataModelTests" name="Reminder_CreatedBy_HandlesValues" />
    </UnitTest>
    <UnitTest name="Aula.Tests.Services.OpenAiServiceIntegrationTests.AskQuestionAboutWeekLetterAsync_WithNullWeekLetter_ThrowsArgumentNullException(chatInterface: Slack)" storage="/mnt/d/git/aula/src/aula.tests/bin/debug/net9.0/aula.tests.dll" id="112c074c-c91e-2a6e-3358-6a9304c63b95">
      <Execution id="a48e2eda-d101-400c-8c2c-1447d00c9d83" />
      <TestMethod codeBase="/mnt/d/git/aula/src/Aula.Tests/bin/Debug/net9.0/Aula.Tests.dll" adapterTypeName="executor://xunit/VsTestRunner2/netcoreapp" className="Aula.Tests.Services.OpenAiServiceIntegrationTests" name="AskQuestionAboutWeekLetterAsync_WithNullWeekLetter_ThrowsArgumentNullException" />
    </UnitTest>
    <UnitTest name="Aula.Tests.Bots.SlackMessageHandlerTests.HandleMessageAsync_LogsMessageProcessing" storage="/mnt/d/git/aula/src/aula.tests/bin/debug/net9.0/aula.tests.dll" id="0b67917b-52fb-a452-3f0c-630f8ae99c50">
      <Execution id="62c486cc-3d6f-42d4-83a2-fb65b9eaf2ba" />
      <TestMethod codeBase="/mnt/d/git/aula/src/Aula.Tests/bin/Debug/net9.0/Aula.Tests.dll" adapterTypeName="executor://xunit/VsTestRunner2/netcoreapp" className="Aula.Tests.Bots.SlackMessageHandlerTests" name="HandleMessageAsync_LogsMessageProcessing" />
    </UnitTest>
    <UnitTest name="Aula.Tests.Utilities.IntentAnalysisPromptsTests.GetFormattedPrompt_WithVariousQueries_ReturnsValidPrompt(query: &quot;Remind me about soccer&quot;)" storage="/mnt/d/git/aula/src/aula.tests/bin/debug/net9.0/aula.tests.dll" id="9e010064-1282-f730-0e21-1a9c045272eb">
      <Execution id="b505e887-f107-4347-9605-08ec169d30fd" />
      <TestMethod codeBase="/mnt/d/git/aula/src/Aula.Tests/bin/Debug/net9.0/Aula.Tests.dll" adapterTypeName="executor://xunit/VsTestRunner2/netcoreapp" className="Aula.Tests.Utilities.IntentAnalysisPromptsTests" name="GetFormattedPrompt_WithVariousQueries_ReturnsValidPrompt" />
    </UnitTest>
    <UnitTest name="Aula.Tests.Utilities.ConversationContextTests.ToString_WithAllPropertiesSet_ReturnsCorrectFormat" storage="/mnt/d/git/aula/src/aula.tests/bin/debug/net9.0/aula.tests.dll" id="803a38b8-f402-400f-65a3-348044bf14da">
      <Execution id="ca47d1c5-be7e-45b2-a54b-769bb92a92e0" />
      <TestMethod codeBase="/mnt/d/git/aula/src/Aula.Tests/bin/Debug/net9.0/Aula.Tests.dll" adapterTypeName="executor://xunit/VsTestRunner2/netcoreapp" className="Aula.Tests.Utilities.ConversationContextTests" name="ToString_WithAllPropertiesSet_ReturnsCorrectFormat" />
    </UnitTest>
    <UnitTest name="Aula.Tests.Channels.SlackBotTests.PostWeekLetter_WithValidInputs_DoesNotThrow" storage="/mnt/d/git/aula/src/aula.tests/bin/debug/net9.0/aula.tests.dll" id="4215f164-2029-10cd-3890-50362921a7d9">
      <Execution id="8dbf40cb-2539-4250-9938-b720529684ad" />
      <TestMethod codeBase="/mnt/d/git/aula/src/Aula.Tests/bin/Debug/net9.0/Aula.Tests.dll" adapterTypeName="executor://xunit/VsTestRunner2/netcoreapp" className="Aula.Tests.Channels.SlackBotTests" name="PostWeekLetter_WithValidInputs_DoesNotThrow" />
    </UnitTest>
    <UnitTest name="Aula.Tests.Tools.AiToolsManagerTests.CreateReminderAsync_WithMissingChildName_CreatesGeneralReminder" storage="/mnt/d/git/aula/src/aula.tests/bin/debug/net9.0/aula.tests.dll" id="5f18de16-3031-4e46-e632-27368e418f95">
      <Execution id="30b3e63b-f7ac-415a-8292-2e994c935a76" />
      <TestMethod codeBase="/mnt/d/git/aula/src/Aula.Tests/bin/Debug/net9.0/Aula.Tests.dll" adapterTypeName="executor://xunit/VsTestRunner2/netcoreapp" className="Aula.Tests.Tools.AiToolsManagerTests" name="CreateReminderAsync_WithMissingChildName_CreatesGeneralReminder" />
    </UnitTest>
    <UnitTest name="Aula.Tests.Services.OpenAiServiceIntegrationTests.SummarizeWeekLetterAsync_WithValidWeekLetter_CallsApiWithCorrectParameters" storage="/mnt/d/git/aula/src/aula.tests/bin/debug/net9.0/aula.tests.dll" id="df512aea-e2d8-dde7-2eb7-20bcbade34bc">
      <Execution id="d55c90a2-aa4d-43ab-9ce8-7446ac121adf" />
      <TestMethod codeBase="/mnt/d/git/aula/src/Aula.Tests/bin/Debug/net9.0/Aula.Tests.dll" adapterTypeName="executor://xunit/VsTestRunner2/netcoreapp" className="Aula.Tests.Services.OpenAiServiceIntegrationTests" name="SummarizeWeekLetterAsync_WithValidWeekLetter_CallsApiWithCorrectParameters" />
    </UnitTest>
    <UnitTest name="Aula.Tests.Utilities.IntentAnalysisPromptsTests.ToolExamples_ContainsRequiredKeys(key: &quot;GET_CURRENT_TIME_DANISH&quot;)" storage="/mnt/d/git/aula/src/aula.tests/bin/debug/net9.0/aula.tests.dll" id="cb85d1d7-f37e-7a0d-4571-db193adf7955">
      <Execution id="091be885-b0f1-4804-9619-4c98e56f56c2" />
      <TestMethod codeBase="/mnt/d/git/aula/src/Aula.Tests/bin/Debug/net9.0/Aula.Tests.dll" adapterTypeName="executor://xunit/VsTestRunner2/netcoreapp" className="Aula.Tests.Utilities.IntentAnalysisPromptsTests" name="ToolExamples_ContainsRequiredKeys" />
    </UnitTest>
    <UnitTest name="Aula.Tests.Utilities.FollowUpQuestionDetectorTests.IsFollowUpQuestion_WithChildNameAndTimeReference_ReturnsFalse(input: &quot;Liam i morgen&quot;)" storage="/mnt/d/git/aula/src/aula.tests/bin/debug/net9.0/aula.tests.dll" id="3a33635c-4486-cf0b-99ea-c9804c518ad6">
      <Execution id="7ba2178b-423c-449a-8c6e-d622fddbe439" />
      <TestMethod codeBase="/mnt/d/git/aula/src/Aula.Tests/bin/Debug/net9.0/Aula.Tests.dll" adapterTypeName="executor://xunit/VsTestRunner2/netcoreapp" className="Aula.Tests.Utilities.FollowUpQuestionDetectorTests" name="IsFollowUpQuestion_WithChildNameAndTimeReference_ReturnsFalse" />
    </UnitTest>
    <UnitTest name="Aula.Tests.Tools.AiToolsManagerTests.GetWeekLetters_WithChildName_ReturnsFilteredResults" storage="/mnt/d/git/aula/src/aula.tests/bin/debug/net9.0/aula.tests.dll" id="65d5e85b-e0a7-670a-3e1b-13af33b9e642">
      <Execution id="229c9370-dc5b-46f5-9cbd-d64e40f145b4" />
      <TestMethod codeBase="/mnt/d/git/aula/src/Aula.Tests/bin/Debug/net9.0/Aula.Tests.dll" adapterTypeName="executor://xunit/VsTestRunner2/netcoreapp" className="Aula.Tests.Tools.AiToolsManagerTests" name="GetWeekLetters_WithChildName_ReturnsFilteredResults" />
    </UnitTest>
    <UnitTest name="Aula.Tests.Tools.ReminderCommandHandlerTests.TryHandleReminderCommand_NonReminderCommands_ReturnsFalse(command: &quot;remind me&quot;)" storage="/mnt/d/git/aula/src/aula.tests/bin/debug/net9.0/aula.tests.dll" id="fef1bbd3-bec0-195c-f4d4-bbae6f5abedb">
      <Execution id="e8395beb-af4f-4f27-91d1-50ace08342b3" />
      <TestMethod codeBase="/mnt/d/git/aula/src/Aula.Tests/bin/Debug/net9.0/Aula.Tests.dll" adapterTypeName="executor://xunit/VsTestRunner2/netcoreapp" className="Aula.Tests.Tools.ReminderCommandHandlerTests" name="TryHandleReminderCommand_NonReminderCommands_ReturnsFalse" />
    </UnitTest>
    <UnitTest name="Aula.Tests.Utilities.FollowUpQuestionDetectorTests.IsFollowUpQuestion_WithMultipleChildNamesInShortMessage_ReturnsTrue" storage="/mnt/d/git/aula/src/aula.tests/bin/debug/net9.0/aula.tests.dll" id="40ee6628-cabc-d31b-6bc1-487bcee11d7e">
      <Execution id="0b5232d8-9bf7-4c25-b58f-4fac5d6bbab7" />
      <TestMethod codeBase="/mnt/d/git/aula/src/Aula.Tests/bin/Debug/net9.0/Aula.Tests.dll" adapterTypeName="executor://xunit/VsTestRunner2/netcoreapp" className="Aula.Tests.Utilities.FollowUpQuestionDetectorTests" name="IsFollowUpQuestion_WithMultipleChildNamesInShortMessage_ReturnsTrue" />
    </UnitTest>
    <UnitTest name="Aula.Tests.Scheduling.SchedulingServiceTests.StartAsync_CallsGetPendingRemindersAsync_AtLeastOnce" storage="/mnt/d/git/aula/src/aula.tests/bin/debug/net9.0/aula.tests.dll" id="391811a1-8187-f3dc-88b6-23bab4f2be23">
      <Execution id="c1b3f2a0-2ea6-4f7b-adf7-72836f47cd23" />
      <TestMethod codeBase="/mnt/d/git/aula/src/Aula.Tests/bin/Debug/net9.0/Aula.Tests.dll" adapterTypeName="executor://xunit/VsTestRunner2/netcoreapp" className="Aula.Tests.Scheduling.SchedulingServiceTests" name="StartAsync_CallsGetPendingRemindersAsync_AtLeastOnce" />
    </UnitTest>
    <UnitTest name="Aula.Tests.Configuration.ConfigurationTests.Slack_ChannelId_ValidationTests(channelId: &quot;C1234567890&quot;, isValid: True)" storage="/mnt/d/git/aula/src/aula.tests/bin/debug/net9.0/aula.tests.dll" id="149e1688-e5dc-ebf7-54b0-eb7d782e0a3d">
      <Execution id="2f4a9eea-96fb-42bd-8de4-b9583d242449" />
      <TestMethod codeBase="/mnt/d/git/aula/src/Aula.Tests/bin/Debug/net9.0/Aula.Tests.dll" adapterTypeName="executor://xunit/VsTestRunner2/netcoreapp" className="Aula.Tests.Configuration.ConfigurationTests" name="Slack_ChannelId_ValidationTests" />
    </UnitTest>
    <UnitTest name="Aula.Tests.Utilities.IntentAnalysisPromptsTests.ToolExamples_AllEntriesFollowExpectedFormat" storage="/mnt/d/git/aula/src/aula.tests/bin/debug/net9.0/aula.tests.dll" id="9fb6d1c8-d9db-0b5a-c536-bcb6a92aad22">
      <Execution id="f22c4740-3e5e-4f35-a6e6-8613af5dc875" />
      <TestMethod codeBase="/mnt/d/git/aula/src/Aula.Tests/bin/Debug/net9.0/Aula.Tests.dll" adapterTypeName="executor://xunit/VsTestRunner2/netcoreapp" className="Aula.Tests.Utilities.IntentAnalysisPromptsTests" name="ToolExamples_AllEntriesFollowExpectedFormat" />
    </UnitTest>
    <UnitTest name="Aula.Tests.Configuration.ConfigurationTests.Timers_DefaultValues_AreCorrect" storage="/mnt/d/git/aula/src/aula.tests/bin/debug/net9.0/aula.tests.dll" id="246fef16-9927-64a6-e903-fbc6b513e4a7">
      <Execution id="fd448715-84de-4452-bb33-c086421eb94b" />
      <TestMethod codeBase="/mnt/d/git/aula/src/Aula.Tests/bin/Debug/net9.0/Aula.Tests.dll" adapterTypeName="executor://xunit/VsTestRunner2/netcoreapp" className="Aula.Tests.Configuration.ConfigurationTests" name="Timers_DefaultValues_AreCorrect" />
    </UnitTest>
    <UnitTest name="Aula.Tests.Utilities.FollowUpQuestionDetectorTests.IsFollowUpQuestion_WithNullInput_ReturnsFalse" storage="/mnt/d/git/aula/src/aula.tests/bin/debug/net9.0/aula.tests.dll" id="5749c604-52df-ef4c-d6f1-907c4b7b515f">
      <Execution id="ac09543d-1623-44c2-82b9-a0b212b29d07" />
      <TestMethod codeBase="/mnt/d/git/aula/src/Aula.Tests/bin/Debug/net9.0/Aula.Tests.dll" adapterTypeName="executor://xunit/VsTestRunner2/netcoreapp" className="Aula.Tests.Utilities.FollowUpQuestionDetectorTests" name="IsFollowUpQuestion_WithNullInput_ReturnsFalse" />
    </UnitTest>
    <UnitTest name="Aula.Tests.Tools.ReminderCommandHandlerTests.TryHandleReminderCommand_DeleteReminder_ValidCommands_ReturnsSuccess(command: &quot;delete reminder 123&quot;, isEnglish: True, expectedId: 123)" storage="/mnt/d/git/aula/src/aula.tests/bin/debug/net9.0/aula.tests.dll" id="136b7217-45c6-b3d8-34fb-6ee727eb66f5">
      <Execution id="8eee6519-1fa5-4422-b622-89925311a214" />
      <TestMethod codeBase="/mnt/d/git/aula/src/Aula.Tests/bin/Debug/net9.0/Aula.Tests.dll" adapterTypeName="executor://xunit/VsTestRunner2/netcoreapp" className="Aula.Tests.Tools.ReminderCommandHandlerTests" name="TryHandleReminderCommand_DeleteReminder_ValidCommands_ReturnsSuccess" />
    </UnitTest>
    <UnitTest name="Aula.Tests.Utilities.FollowUpQuestionDetectorTests.IsFollowUpQuestion_WithEnglishFollowUpPhrases_ReturnsTrue(input: &quot;and what about today&quot;)" storage="/mnt/d/git/aula/src/aula.tests/bin/debug/net9.0/aula.tests.dll" id="3244b8c7-1294-20bc-2d35-4ae6283e4c3a">
      <Execution id="52ff518c-f73f-4864-9dd9-0259d769099c" />
      <TestMethod codeBase="/mnt/d/git/aula/src/Aula.Tests/bin/Debug/net9.0/Aula.Tests.dll" adapterTypeName="executor://xunit/VsTestRunner2/netcoreapp" className="Aula.Tests.Utilities.FollowUpQuestionDetectorTests" name="IsFollowUpQuestion_WithEnglishFollowUpPhrases_ReturnsTrue" />
    </UnitTest>
    <UnitTest name="Aula.Tests.Utilities.ReminderExtractionPromptsTests.GetExtractionPrompt_ContainsInstructionsForChildNameExtraction" storage="/mnt/d/git/aula/src/aula.tests/bin/debug/net9.0/aula.tests.dll" id="d61978d5-101a-092e-d93c-a7eb57a0d4f9">
      <Execution id="1eaaf995-7eee-4c94-8751-337e36461f0d" />
      <TestMethod codeBase="/mnt/d/git/aula/src/Aula.Tests/bin/Debug/net9.0/Aula.Tests.dll" adapterTypeName="executor://xunit/VsTestRunner2/netcoreapp" className="Aula.Tests.Utilities.ReminderExtractionPromptsTests" name="GetExtractionPrompt_ContainsInstructionsForChildNameExtraction" />
    </UnitTest>
    <UnitTest name="Aula.Tests.Bots.TelegramInteractiveBotTests.ComputeHash_WithDifferentInputs_ReturnsConsistentHashes(input: &quot;Test content 2&quot;)" storage="/mnt/d/git/aula/src/aula.tests/bin/debug/net9.0/aula.tests.dll" id="0ff92f6a-cd59-c2b9-9aae-29a9878a50a7">
      <Execution id="9e066f81-70a6-4312-af09-ed67c29b909b" />
      <TestMethod codeBase="/mnt/d/git/aula/src/Aula.Tests/bin/Debug/net9.0/Aula.Tests.dll" adapterTypeName="executor://xunit/VsTestRunner2/netcoreapp" className="Aula.Tests.Bots.TelegramInteractiveBotTests" name="ComputeHash_WithDifferentInputs_ReturnsConsistentHashes" />
    </UnitTest>
    <UnitTest name="Aula.Tests.Utilities.DateTimeUtilitiesTests.GetDanishDayName_AllValidDaysOfWeek_ReturnsNonEmptyString(dayOfWeek: Thursday)" storage="/mnt/d/git/aula/src/aula.tests/bin/debug/net9.0/aula.tests.dll" id="7b9bc6fb-eef9-8cc3-8ceb-2e893b8c1bdf">
      <Execution id="2f6be5ad-9d73-413e-81d1-da0f3fbc8551" />
      <TestMethod codeBase="/mnt/d/git/aula/src/Aula.Tests/bin/Debug/net9.0/Aula.Tests.dll" adapterTypeName="executor://xunit/VsTestRunner2/netcoreapp" className="Aula.Tests.Utilities.DateTimeUtilitiesTests" name="GetDanishDayName_AllValidDaysOfWeek_ReturnsNonEmptyString" />
    </UnitTest>
    <UnitTest name="Aula.Tests.Utilities.IntentAnalysisPromptsTests.AnalysisTemplate_IsNotEmpty" storage="/mnt/d/git/aula/src/aula.tests/bin/debug/net9.0/aula.tests.dll" id="754e15f9-7164-4540-0902-34db6317ccfc">
      <Execution id="ce8b603a-e9e8-4a4e-879f-fa4ef7760e2f" />
      <TestMethod codeBase="/mnt/d/git/aula/src/Aula.Tests/bin/Debug/net9.0/Aula.Tests.dll" adapterTypeName="executor://xunit/VsTestRunner2/netcoreapp" className="Aula.Tests.Utilities.IntentAnalysisPromptsTests" name="AnalysisTemplate_IsNotEmpty" />
    </UnitTest>
    <UnitTest name="Aula.Tests.Bots.SlackMessageHandlerTests.HandleMessageAsync_WithReminderCommand_CallsReminderHandler(reminderCommand: &quot;slet påmindelse&quot;)" storage="/mnt/d/git/aula/src/aula.tests/bin/debug/net9.0/aula.tests.dll" id="53d9e260-310c-7289-d45b-38f2fd4f0871">
      <Execution id="af948c63-2a31-45d0-974a-4b8f97f0edb0" />
      <TestMethod codeBase="/mnt/d/git/aula/src/Aula.Tests/bin/Debug/net9.0/Aula.Tests.dll" adapterTypeName="executor://xunit/VsTestRunner2/netcoreapp" className="Aula.Tests.Bots.SlackMessageHandlerTests" name="HandleMessageAsync_WithReminderCommand_CallsReminderHandler" />
    </UnitTest>
    <UnitTest name="Aula.Tests.Services.OpenAiServiceTests.OpenAiService_ClearConversationHistory_WithContextKey_RemovesSpecificContext" storage="/mnt/d/git/aula/src/aula.tests/bin/debug/net9.0/aula.tests.dll" id="2e7985fe-e95f-8919-ba34-acd7bc78ecb7">
      <Execution id="ddf18592-d5dd-4cd0-bb6d-7ce277948490" />
      <TestMethod codeBase="/mnt/d/git/aula/src/Aula.Tests/bin/Debug/net9.0/Aula.Tests.dll" adapterTypeName="executor://xunit/VsTestRunner2/netcoreapp" className="Aula.Tests.Services.OpenAiServiceTests" name="OpenAiService_ClearConversationHistory_WithContextKey_RemovesSpecificContext" />
    </UnitTest>
    <UnitTest name="Aula.Tests.Tools.ReminderCommandHandlerTests.TryHandleReminderCommand_AddReminder_ValidFormats_ReturnsSuccess(command: &quot;remind me 2024-12-31 at 10:00 that New Year celebr&quot;···, isEnglish: True, expectedChildName: null)" storage="/mnt/d/git/aula/src/aula.tests/bin/debug/net9.0/aula.tests.dll" id="42dc1567-508f-1ff2-08a2-17dc86c051e8">
      <Execution id="acba527b-ad57-47a2-b5ce-c2a1c42feaa4" />
      <TestMethod codeBase="/mnt/d/git/aula/src/Aula.Tests/bin/Debug/net9.0/Aula.Tests.dll" adapterTypeName="executor://xunit/VsTestRunner2/netcoreapp" className="Aula.Tests.Tools.ReminderCommandHandlerTests" name="TryHandleReminderCommand_AddReminder_ValidFormats_ReturnsSuccess" />
    </UnitTest>
    <UnitTest name="Aula.Tests.Services.SupabaseServiceTests.Constructor_WithValidConfig_InitializesCorrectly" storage="/mnt/d/git/aula/src/aula.tests/bin/debug/net9.0/aula.tests.dll" id="47489fc9-b715-10df-6ca2-dcba77141106">
      <Execution id="28a962d8-f023-4c4d-a098-d32bb764f3a4" />
      <TestMethod codeBase="/mnt/d/git/aula/src/Aula.Tests/bin/Debug/net9.0/Aula.Tests.dll" adapterTypeName="executor://xunit/VsTestRunner2/netcoreapp" className="Aula.Tests.Services.SupabaseServiceTests" name="Constructor_WithValidConfig_InitializesCorrectly" />
    </UnitTest>
    <UnitTest name="Aula.Tests.Utilities.DateTimeUtilitiesTests.GetDanishDayName_ValidDayOfWeek_ReturnsCorrectDanishName(dayOfWeek: Tuesday, expectedDanishName: &quot;tirsdag&quot;)" storage="/mnt/d/git/aula/src/aula.tests/bin/debug/net9.0/aula.tests.dll" id="228e40b4-0ca4-d75a-7a58-46117a34fee9">
      <Execution id="460055d8-e600-474d-9b0f-c4797f8c2dc7" />
      <TestMethod codeBase="/mnt/d/git/aula/src/Aula.Tests/bin/Debug/net9.0/Aula.Tests.dll" adapterTypeName="executor://xunit/VsTestRunner2/netcoreapp" className="Aula.Tests.Utilities.DateTimeUtilitiesTests" name="GetDanishDayName_ValidDayOfWeek_ReturnsCorrectDanishName" />
    </UnitTest>
    <UnitTest name="Aula.Tests.Services.OpenAiServiceIntegrationTests.AskQuestionAboutWeekLetterAsync_WithValidParameters_CallsApiWithCorrectParameters" storage="/mnt/d/git/aula/src/aula.tests/bin/debug/net9.0/aula.tests.dll" id="92645263-873e-da03-aa06-943df30af433">
      <Execution id="81823aef-25ae-4c0f-9e17-74267cf7f474" />
      <TestMethod codeBase="/mnt/d/git/aula/src/Aula.Tests/bin/Debug/net9.0/Aula.Tests.dll" adapterTypeName="executor://xunit/VsTestRunner2/netcoreapp" className="Aula.Tests.Services.OpenAiServiceIntegrationTests" name="AskQuestionAboutWeekLetterAsync_WithValidParameters_CallsApiWithCorrectParameters" />
    </UnitTest>
    <UnitTest name="Aula.Tests.Utilities.ReminderExtractionPromptsTests.GetExtractionPrompt_WithRealQueries_EmbedsQueryCorrectly(query: &quot;Call the doctor in 2 hours&quot;)" storage="/mnt/d/git/aula/src/aula.tests/bin/debug/net9.0/aula.tests.dll" id="95755321-99fe-3c41-7267-feb0fced4809">
      <Execution id="f104d83a-bf2d-452c-9e5c-2a0651e5f865" />
      <TestMethod codeBase="/mnt/d/git/aula/src/Aula.Tests/bin/Debug/net9.0/Aula.Tests.dll" adapterTypeName="executor://xunit/VsTestRunner2/netcoreapp" className="Aula.Tests.Utilities.ReminderExtractionPromptsTests" name="GetExtractionPrompt_WithRealQueries_EmbedsQueryCorrectly" />
    </UnitTest>
    <UnitTest name="Aula.Tests.Integration.AgentServiceTests.SummarizeWeekLetterAsync_CallsOpenAiService" storage="/mnt/d/git/aula/src/aula.tests/bin/debug/net9.0/aula.tests.dll" id="fb801da6-9ecf-3dd8-bfd4-511523f841d2">
      <Execution id="e1555e9f-933b-407e-bb07-17eaad458df8" />
      <TestMethod codeBase="/mnt/d/git/aula/src/Aula.Tests/bin/Debug/net9.0/Aula.Tests.dll" adapterTypeName="executor://xunit/VsTestRunner2/netcoreapp" className="Aula.Tests.Integration.AgentServiceTests" name="SummarizeWeekLetterAsync_CallsOpenAiService" />
    </UnitTest>
    <UnitTest name="Aula.Tests.Services.OpenAiServiceTests.OpenAiService_GetChatInterfaceInstructions_ReturnsCorrectFormat(chatInterface: Slack)" storage="/mnt/d/git/aula/src/aula.tests/bin/debug/net9.0/aula.tests.dll" id="5990c772-e408-af8a-3293-cee12203cdcc">
      <Execution id="2d3f87f3-68bf-451a-a054-9bb64dab9b7a" />
      <TestMethod codeBase="/mnt/d/git/aula/src/Aula.Tests/bin/Debug/net9.0/Aula.Tests.dll" adapterTypeName="executor://xunit/VsTestRunner2/netcoreapp" className="Aula.Tests.Services.OpenAiServiceTests" name="OpenAiService_GetChatInterfaceInstructions_ReturnsCorrectFormat" />
    </UnitTest>
    <UnitTest name="Aula.Tests.Bots.SlackInteractiveBotTests.SendMessage_WithValidText_SendsSuccessfully" storage="/mnt/d/git/aula/src/aula.tests/bin/debug/net9.0/aula.tests.dll" id="e2fe22aa-9b88-2a0d-2525-75fe06705548">
      <Execution id="2ea97da1-650e-4709-a600-3d2946c80c15" />
      <TestMethod codeBase="/mnt/d/git/aula/src/Aula.Tests/bin/Debug/net9.0/Aula.Tests.dll" adapterTypeName="executor://xunit/VsTestRunner2/netcoreapp" className="Aula.Tests.Bots.SlackInteractiveBotTests" name="SendMessage_WithValidText_SendsSuccessfully" />
    </UnitTest>
    <UnitTest name="Aula.Tests.Configuration.ConfigurationTests.Timers_SchedulingInterval_ValidationTests(intervalSeconds: 10, isValid: True)" storage="/mnt/d/git/aula/src/aula.tests/bin/debug/net9.0/aula.tests.dll" id="6b2a33da-8dbe-7c78-d246-94dec9023958">
      <Execution id="7416defb-cd3a-41b8-b8ec-5b45fef5196d" />
      <TestMethod codeBase="/mnt/d/git/aula/src/Aula.Tests/bin/Debug/net9.0/Aula.Tests.dll" adapterTypeName="executor://xunit/VsTestRunner2/netcoreapp" className="Aula.Tests.Configuration.ConfigurationTests" name="Timers_SchedulingInterval_ValidationTests" />
    </UnitTest>
    <UnitTest name="Aula.Tests.Utilities.IntentAnalysisPromptsTests.ToolExamples_CoverExpectedUseCase(expectedKey: &quot;INFORMATION_QUERY&quot;, queryPattern: &quot;what&quot;)" storage="/mnt/d/git/aula/src/aula.tests/bin/debug/net9.0/aula.tests.dll" id="6168ca12-341a-f09a-6cdf-6dd1f68c911d">
      <Execution id="1ce7b3fe-919e-4e76-9bfa-cd1b884ba9ce" />
      <TestMethod codeBase="/mnt/d/git/aula/src/Aula.Tests/bin/Debug/net9.0/Aula.Tests.dll" adapterTypeName="executor://xunit/VsTestRunner2/netcoreapp" className="Aula.Tests.Utilities.IntentAnalysisPromptsTests" name="ToolExamples_CoverExpectedUseCase" />
    </UnitTest>
    <UnitTest name="Aula.Tests.Scheduling.SchedulingServiceIntegrationTests.StartAsync_WhenCalled_LogsCorrectMessage" storage="/mnt/d/git/aula/src/aula.tests/bin/debug/net9.0/aula.tests.dll" id="9c588f7d-a367-036e-096a-5d287bfe9650">
      <Execution id="718fa30f-f0ee-4435-8399-8e60852214e6" />
      <TestMethod codeBase="/mnt/d/git/aula/src/Aula.Tests/bin/Debug/net9.0/Aula.Tests.dll" adapterTypeName="executor://xunit/VsTestRunner2/netcoreapp" className="Aula.Tests.Scheduling.SchedulingServiceIntegrationTests" name="StartAsync_WhenCalled_LogsCorrectMessage" />
    </UnitTest>
    <UnitTest name="Aula.Tests.Services.OpenAiServiceIntegrationTests.MultipleConversations_WithDifferentContextKeys_AreHandledSeparately" storage="/mnt/d/git/aula/src/aula.tests/bin/debug/net9.0/aula.tests.dll" id="3f8bf4e1-1b7e-9e5d-1a9c-187732c556d7">
      <Execution id="a15979c7-d9d2-4649-b584-0ae66c1cd989" />
      <TestMethod codeBase="/mnt/d/git/aula/src/Aula.Tests/bin/Debug/net9.0/Aula.Tests.dll" adapterTypeName="executor://xunit/VsTestRunner2/netcoreapp" className="Aula.Tests.Services.OpenAiServiceIntegrationTests" name="MultipleConversations_WithDifferentContextKeys_AreHandledSeparately" />
    </UnitTest>
    <UnitTest name="Aula.Tests.Services.OpenAiServiceIntegrationTests.ProcessQueryWithToolsAsync_WithInvalidContextKey_ThrowsArgumentException(contextKey: &quot;   &quot;)" storage="/mnt/d/git/aula/src/aula.tests/bin/debug/net9.0/aula.tests.dll" id="9e4d28e4-6bf0-96b3-b279-344fc741cf71">
      <Execution id="8d07e5ca-50ff-4632-8135-16055078d0c0" />
      <TestMethod codeBase="/mnt/d/git/aula/src/Aula.Tests/bin/Debug/net9.0/Aula.Tests.dll" adapterTypeName="executor://xunit/VsTestRunner2/netcoreapp" className="Aula.Tests.Services.OpenAiServiceIntegrationTests" name="ProcessQueryWithToolsAsync_WithInvalidContextKey_ThrowsArgumentException" />
    </UnitTest>
    <UnitTest name="Aula.Tests.Utilities.FollowUpQuestionDetectorTests.IsFollowUpQuestion_WithDanishFollowUpPhrases_ReturnsTrue(input: &quot;også Emma&quot;)" storage="/mnt/d/git/aula/src/aula.tests/bin/debug/net9.0/aula.tests.dll" id="f695ece5-4ed0-4918-7e40-7fa901ca2f9e">
      <Execution id="498a5fda-bb8e-42c7-ac8c-7fe0ec924b13" />
      <TestMethod codeBase="/mnt/d/git/aula/src/Aula.Tests/bin/Debug/net9.0/Aula.Tests.dll" adapterTypeName="executor://xunit/VsTestRunner2/netcoreapp" className="Aula.Tests.Utilities.FollowUpQuestionDetectorTests" name="IsFollowUpQuestion_WithDanishFollowUpPhrases_ReturnsTrue" />
    </UnitTest>
    <UnitTest name="Aula.Tests.Configuration.ConfigurationTests.Timers_AdaptivePollingLimits_ValidationTests(minSeconds: 30, maxSeconds: 5, isValid: False)" storage="/mnt/d/git/aula/src/aula.tests/bin/debug/net9.0/aula.tests.dll" id="0a70d6fd-d740-a74a-169e-d35621818982">
      <Execution id="e811a661-c678-4db4-82eb-96a7b4b3e17a" />
      <TestMethod codeBase="/mnt/d/git/aula/src/Aula.Tests/bin/Debug/net9.0/Aula.Tests.dll" adapterTypeName="executor://xunit/VsTestRunner2/netcoreapp" className="Aula.Tests.Configuration.ConfigurationTests" name="Timers_AdaptivePollingLimits_ValidationTests" />
    </UnitTest>
    <UnitTest name="Aula.Tests.Utilities.ReminderExtractionPromptsTests.GetExtractionPrompt_ContainsDateTimeFormatInstructions" storage="/mnt/d/git/aula/src/aula.tests/bin/debug/net9.0/aula.tests.dll" id="f4459af7-a3ce-b8ae-aafa-5bfa8a20da8c">
      <Execution id="fb97af55-587d-4e48-8f1a-1debd67d1c5e" />
      <TestMethod codeBase="/mnt/d/git/aula/src/Aula.Tests/bin/Debug/net9.0/Aula.Tests.dll" adapterTypeName="executor://xunit/VsTestRunner2/netcoreapp" className="Aula.Tests.Utilities.ReminderExtractionPromptsTests" name="GetExtractionPrompt_ContainsDateTimeFormatInstructions" />
    </UnitTest>
    <UnitTest name="Aula.Tests.Bots.TelegramMessageHandlerTests.HandleMessageAsync_WithHelpCommand_ProcessesHelpMessage(helpCommand: &quot;HJÆLP&quot;)" storage="/mnt/d/git/aula/src/aula.tests/bin/debug/net9.0/aula.tests.dll" id="37f582a3-c279-4823-271e-d030bf33bbb7">
      <Execution id="578e3a48-616c-4730-9a0c-27303b1f3cbb" />
      <TestMethod codeBase="/mnt/d/git/aula/src/Aula.Tests/bin/Debug/net9.0/Aula.Tests.dll" adapterTypeName="executor://xunit/VsTestRunner2/netcoreapp" className="Aula.Tests.Bots.TelegramMessageHandlerTests" name="HandleMessageAsync_WithHelpCommand_ProcessesHelpMessage" />
    </UnitTest>
    <UnitTest name="Aula.Tests.Utilities.JsonFormatterTests.Prettify_WithEmptyObjects_HandlesCorrectly" storage="/mnt/d/git/aula/src/aula.tests/bin/debug/net9.0/aula.tests.dll" id="f746688b-f580-3fee-4c58-d4c4ee979cd7">
      <Execution id="23707141-d989-43bb-9005-e8eb92d3dc15" />
      <TestMethod codeBase="/mnt/d/git/aula/src/Aula.Tests/bin/Debug/net9.0/Aula.Tests.dll" adapterTypeName="executor://xunit/VsTestRunner2/netcoreapp" className="Aula.Tests.Utilities.JsonFormatterTests" name="Prettify_WithEmptyObjects_HandlesCorrectly" />
    </UnitTest>
    <UnitTest name="Aula.Tests.Tools.ReminderCommandHandlerTests.TryHandleReminderCommand_NonReminderCommands_ReturnsFalse(command: &quot;&quot;)" storage="/mnt/d/git/aula/src/aula.tests/bin/debug/net9.0/aula.tests.dll" id="aa19bf7f-6519-31e4-5b05-0e179c7693a0">
      <Execution id="5090664b-ae21-4ed0-8167-afa2a737413f" />
      <TestMethod codeBase="/mnt/d/git/aula/src/Aula.Tests/bin/Debug/net9.0/Aula.Tests.dll" adapterTypeName="executor://xunit/VsTestRunner2/netcoreapp" className="Aula.Tests.Tools.ReminderCommandHandlerTests" name="TryHandleReminderCommand_NonReminderCommands_ReturnsFalse" />
    </UnitTest>
    <UnitTest name="Aula.Tests.Bots.TelegramMessageHandlerTests.HandleMessageAsync_WithException_LogsError" storage="/mnt/d/git/aula/src/aula.tests/bin/debug/net9.0/aula.tests.dll" id="de1a8f86-5c1b-b7d6-9ef4-2f917a94a294">
      <Execution id="f7a8766c-f14a-47e3-a57b-8581d6421f5d" />
      <TestMethod codeBase="/mnt/d/git/aula/src/Aula.Tests/bin/Debug/net9.0/Aula.Tests.dll" adapterTypeName="executor://xunit/VsTestRunner2/netcoreapp" className="Aula.Tests.Bots.TelegramMessageHandlerTests" name="HandleMessageAsync_WithException_LogsError" />
    </UnitTest>
    <UnitTest name="Aula.Tests.Utilities.FollowUpQuestionDetectorTests.IsFollowUpQuestion_WithoutFollowUpPhrases_ReturnsFalse(input: &quot;goodbye&quot;)" storage="/mnt/d/git/aula/src/aula.tests/bin/debug/net9.0/aula.tests.dll" id="67c18331-6034-9aef-22c0-19f657f72f8b">
      <Execution id="34d9605b-2e2c-4c21-9cb4-78646de46856" />
      <TestMethod codeBase="/mnt/d/git/aula/src/Aula.Tests/bin/Debug/net9.0/Aula.Tests.dll" adapterTypeName="executor://xunit/VsTestRunner2/netcoreapp" className="Aula.Tests.Utilities.FollowUpQuestionDetectorTests" name="IsFollowUpQuestion_WithoutFollowUpPhrases_ReturnsFalse" />
    </UnitTest>
    <UnitTest name="Aula.Tests.Bots.TelegramMessageHandlerTests.HandleMessageAsync_WithReminderCommand_CallsReminderHandler(reminderCommand: &quot;vis påmindelser&quot;)" storage="/mnt/d/git/aula/src/aula.tests/bin/debug/net9.0/aula.tests.dll" id="17d4fefb-2556-b281-a665-c9c732c99e79">
      <Execution id="e034a669-b695-4d79-980f-5f038a9f8c79" />
      <TestMethod codeBase="/mnt/d/git/aula/src/Aula.Tests/bin/Debug/net9.0/Aula.Tests.dll" adapterTypeName="executor://xunit/VsTestRunner2/netcoreapp" className="Aula.Tests.Bots.TelegramMessageHandlerTests" name="HandleMessageAsync_WithReminderCommand_CallsReminderHandler" />
    </UnitTest>
    <UnitTest name="Aula.Tests.Scheduling.SchedulingServiceIntegrationTests.Constructor_WithNullSupabaseService_ThrowsArgumentNullException" storage="/mnt/d/git/aula/src/aula.tests/bin/debug/net9.0/aula.tests.dll" id="76c96ce4-9c6b-b4bb-96af-ca0f9adb2712">
      <Execution id="d7459fa6-b0b8-408b-9088-592c4bc5edb7" />
      <TestMethod codeBase="/mnt/d/git/aula/src/Aula.Tests/bin/Debug/net9.0/Aula.Tests.dll" adapterTypeName="executor://xunit/VsTestRunner2/netcoreapp" className="Aula.Tests.Scheduling.SchedulingServiceIntegrationTests" name="Constructor_WithNullSupabaseService_ThrowsArgumentNullException" />
    </UnitTest>
    <UnitTest name="Aula.Tests.Utilities.IntentAnalysisPromptsTests.AnalysisTemplate_ContainsInstructionsForBothResponseTypes" storage="/mnt/d/git/aula/src/aula.tests/bin/debug/net9.0/aula.tests.dll" id="f98f128e-bc4d-8b9e-2582-4a4421f13428">
      <Execution id="423a7c9c-5898-4d1c-8902-2d95e55e4fef" />
      <TestMethod codeBase="/mnt/d/git/aula/src/Aula.Tests/bin/Debug/net9.0/Aula.Tests.dll" adapterTypeName="executor://xunit/VsTestRunner2/netcoreapp" className="Aula.Tests.Utilities.IntentAnalysisPromptsTests" name="AnalysisTemplate_ContainsInstructionsForBothResponseTypes" />
    </UnitTest>
    <UnitTest name="Aula.Tests.Utilities.FollowUpQuestionDetectorTests.IsFollowUpQuestion_WithShortFollowUps_ReturnsTrue(input: &quot;short?&quot;)" storage="/mnt/d/git/aula/src/aula.tests/bin/debug/net9.0/aula.tests.dll" id="4ea1f036-59f8-5cad-3b0c-625068ad78db">
      <Execution id="3628aa04-247a-4f39-8826-6df20532d1cf" />
      <TestMethod codeBase="/mnt/d/git/aula/src/Aula.Tests/bin/Debug/net9.0/Aula.Tests.dll" adapterTypeName="executor://xunit/VsTestRunner2/netcoreapp" className="Aula.Tests.Utilities.FollowUpQuestionDetectorTests" name="IsFollowUpQuestion_WithShortFollowUps_ReturnsTrue" />
    </UnitTest>
    <UnitTest name="Aula.Tests.Channels.TelegramClientTests.SendMessageToChannel_WithDisabledTelegram_ReturnsFalse" storage="/mnt/d/git/aula/src/aula.tests/bin/debug/net9.0/aula.tests.dll" id="45fb5dfe-53cd-6a22-0ca1-9597e2979720">
      <Execution id="275ab2db-b878-4957-82f5-3d54fb32692d" />
      <TestMethod codeBase="/mnt/d/git/aula/src/Aula.Tests/bin/Debug/net9.0/Aula.Tests.dll" adapterTypeName="executor://xunit/VsTestRunner2/netcoreapp" className="Aula.Tests.Channels.TelegramClientTests" name="SendMessageToChannel_WithDisabledTelegram_ReturnsFalse" />
    </UnitTest>
    <UnitTest name="Aula.Tests.Bots.TelegramMessageHandlerTests.HandleMessageAsync_WithTextMessage_ProcessesSuccessfully" storage="/mnt/d/git/aula/src/aula.tests/bin/debug/net9.0/aula.tests.dll" id="ca4780e6-8c58-57b1-c829-fe54506e9793">
      <Execution id="f982b94e-7c8b-4b48-bd6d-5a03ccdc9385" />
      <TestMethod codeBase="/mnt/d/git/aula/src/Aula.Tests/bin/Debug/net9.0/Aula.Tests.dll" adapterTypeName="executor://xunit/VsTestRunner2/netcoreapp" className="Aula.Tests.Bots.TelegramMessageHandlerTests" name="HandleMessageAsync_WithTextMessage_ProcessesSuccessfully" />
    </UnitTest>
    <UnitTest name="Aula.Tests.Scheduling.SchedulingServiceIntegrationTests.Constructor_WithNullTelegramBot_AllowsNull" storage="/mnt/d/git/aula/src/aula.tests/bin/debug/net9.0/aula.tests.dll" id="efffcfd3-8ae4-cc7b-929a-37f206ad1981">
      <Execution id="49344f73-926b-4242-8ec8-09c646304736" />
      <TestMethod codeBase="/mnt/d/git/aula/src/Aula.Tests/bin/Debug/net9.0/Aula.Tests.dll" adapterTypeName="executor://xunit/VsTestRunner2/netcoreapp" className="Aula.Tests.Scheduling.SchedulingServiceIntegrationTests" name="Constructor_WithNullTelegramBot_AllowsNull" />
    </UnitTest>
    <UnitTest name="Aula.Tests.Integration.MinUddannelseClientTests.GetWeekLetter_ReturnsWeekLetter_WhenApiReturnsData" storage="/mnt/d/git/aula/src/aula.tests/bin/debug/net9.0/aula.tests.dll" id="68fca5a0-0889-490e-ec2f-406de7ad763a">
      <Execution id="650dd296-9071-46f8-a2ba-66a1dce0979b" />
      <TestMethod codeBase="/mnt/d/git/aula/src/Aula.Tests/bin/Debug/net9.0/Aula.Tests.dll" adapterTypeName="executor://xunit/VsTestRunner2/netcoreapp" className="Aula.Tests.Integration.MinUddannelseClientTests" name="GetWeekLetter_ReturnsWeekLetter_WhenApiReturnsData" />
    </UnitTest>
    <UnitTest name="Aula.Tests.Bots.TelegramInteractiveBotTests.ComputeHash_WithDifferentInputs_ReturnsConsistentHashes(input: &quot;Test content 1&quot;)" storage="/mnt/d/git/aula/src/aula.tests/bin/debug/net9.0/aula.tests.dll" id="df7802a4-febc-831e-f0c4-67bb20909f69">
      <Execution id="a35086b6-3a8f-41cc-aacb-d870a01744b9" />
      <TestMethod codeBase="/mnt/d/git/aula/src/Aula.Tests/bin/Debug/net9.0/Aula.Tests.dll" adapterTypeName="executor://xunit/VsTestRunner2/netcoreapp" className="Aula.Tests.Bots.TelegramInteractiveBotTests" name="ComputeHash_WithDifferentInputs_ReturnsConsistentHashes" />
    </UnitTest>
    <UnitTest name="Aula.Tests.Utilities.IntentAnalysisPromptsTests.AnalysisTemplate_ContainsRequiredPlaceholders" storage="/mnt/d/git/aula/src/aula.tests/bin/debug/net9.0/aula.tests.dll" id="3114fd40-71ce-994b-9259-eabf8239901e">
      <Execution id="897e2efd-a1f3-457f-b6bd-dd722ff142ff" />
      <TestMethod codeBase="/mnt/d/git/aula/src/Aula.Tests/bin/Debug/net9.0/Aula.Tests.dll" adapterTypeName="executor://xunit/VsTestRunner2/netcoreapp" className="Aula.Tests.Utilities.IntentAnalysisPromptsTests" name="AnalysisTemplate_ContainsRequiredPlaceholders" />
    </UnitTest>
    <UnitTest name="Aula.Tests.Configuration.ConfigurationTests.Timers_AdaptivePollingLimits_ValidationTests(minSeconds: 5, maxSeconds: 0, isValid: False)" storage="/mnt/d/git/aula/src/aula.tests/bin/debug/net9.0/aula.tests.dll" id="42c9038e-83ab-bae5-c7e8-73f806c72d2a">
      <Execution id="9413523a-8504-4a75-8dfe-56961d37c84c" />
      <TestMethod codeBase="/mnt/d/git/aula/src/Aula.Tests/bin/Debug/net9.0/Aula.Tests.dll" adapterTypeName="executor://xunit/VsTestRunner2/netcoreapp" className="Aula.Tests.Configuration.ConfigurationTests" name="Timers_AdaptivePollingLimits_ValidationTests" />
    </UnitTest>
    <UnitTest name="Aula.Tests.Tools.ReminderCommandHandlerTests.TryHandleReminderCommand_NonMatchingPatterns_ReturnsFalse(command: &quot;remind me yesterday at 8:00 that past date&quot;, isEnglish: True)" storage="/mnt/d/git/aula/src/aula.tests/bin/debug/net9.0/aula.tests.dll" id="d38e40f0-9394-42c9-ac5c-2e74521578b4">
      <Execution id="716c19e0-424c-4c63-a1c6-ac4e74529778" />
      <TestMethod codeBase="/mnt/d/git/aula/src/Aula.Tests/bin/Debug/net9.0/Aula.Tests.dll" adapterTypeName="executor://xunit/VsTestRunner2/netcoreapp" className="Aula.Tests.Tools.ReminderCommandHandlerTests" name="TryHandleReminderCommand_NonMatchingPatterns_ReturnsFalse" />
    </UnitTest>
    <UnitTest name="Aula.Tests.Services.OpenAiServiceIntegrationTests.Constructor_WithNullLoggerFactory_ThrowsArgumentNullException" storage="/mnt/d/git/aula/src/aula.tests/bin/debug/net9.0/aula.tests.dll" id="eeb4dd87-b488-a6a2-6176-d39e9d1e7681">
      <Execution id="4e26d65e-b664-42ed-8afd-bb3b2e7143e1" />
      <TestMethod codeBase="/mnt/d/git/aula/src/Aula.Tests/bin/Debug/net9.0/Aula.Tests.dll" adapterTypeName="executor://xunit/VsTestRunner2/netcoreapp" className="Aula.Tests.Services.OpenAiServiceIntegrationTests" name="Constructor_WithNullLoggerFactory_ThrowsArgumentNullException" />
    </UnitTest>
    <UnitTest name="Aula.Tests.Channels.SlackBotTests.PostWeekLetter_WithVariousChildNames_HandlesCorrectly(firstName: &quot;Alice&quot;)" storage="/mnt/d/git/aula/src/aula.tests/bin/debug/net9.0/aula.tests.dll" id="c22d3a06-485f-94be-2690-3f00833e186d">
      <Execution id="133f82b0-22f6-4a6d-a328-9a1070cfc4c1" />
      <TestMethod codeBase="/mnt/d/git/aula/src/Aula.Tests/bin/Debug/net9.0/Aula.Tests.dll" adapterTypeName="executor://xunit/VsTestRunner2/netcoreapp" className="Aula.Tests.Channels.SlackBotTests" name="PostWeekLetter_WithVariousChildNames_HandlesCorrectly" />
    </UnitTest>
    <UnitTest name="Aula.Tests.Utilities.DateTimeUtilitiesTests.GetDanishDayName_AllValidDaysOfWeek_ReturnsNonEmptyString(dayOfWeek: Friday)" storage="/mnt/d/git/aula/src/aula.tests/bin/debug/net9.0/aula.tests.dll" id="ae0948ed-054c-3e18-355f-da674f5650cd">
      <Execution id="afa4a977-ff99-461a-884b-5478be695551" />
      <TestMethod codeBase="/mnt/d/git/aula/src/Aula.Tests/bin/Debug/net9.0/Aula.Tests.dll" adapterTypeName="executor://xunit/VsTestRunner2/netcoreapp" className="Aula.Tests.Utilities.DateTimeUtilitiesTests" name="GetDanishDayName_AllValidDaysOfWeek_ReturnsNonEmptyString" />
    </UnitTest>
    <UnitTest name="Aula.Tests.Bots.SlackMessageHandlerTests.HandleMessageAsync_WithReminderCommand_CallsReminderHandler(reminderCommand: &quot;mind mig om noget&quot;)" storage="/mnt/d/git/aula/src/aula.tests/bin/debug/net9.0/aula.tests.dll" id="8a9a0bf9-dc67-2135-3862-4a807be5d41c">
      <Execution id="f0ceaef8-66ce-468e-a3b5-1b91d9238fa4" />
      <TestMethod codeBase="/mnt/d/git/aula/src/Aula.Tests/bin/Debug/net9.0/Aula.Tests.dll" adapterTypeName="executor://xunit/VsTestRunner2/netcoreapp" className="Aula.Tests.Bots.SlackMessageHandlerTests" name="HandleMessageAsync_WithReminderCommand_CallsReminderHandler" />
    </UnitTest>
    <UnitTest name="Aula.Tests.Bots.TelegramMessageHandlerTests.HandleMessageAsync_WithHelpCommand_ProcessesHelpMessage(helpCommand: &quot;hjælp&quot;)" storage="/mnt/d/git/aula/src/aula.tests/bin/debug/net9.0/aula.tests.dll" id="fcbd2e73-61cc-55ae-168b-985e355ba11c">
      <Execution id="5d152cc5-0cd9-4c06-9bd0-b0281d37ddcb" />
      <TestMethod codeBase="/mnt/d/git/aula/src/Aula.Tests/bin/Debug/net9.0/Aula.Tests.dll" adapterTypeName="executor://xunit/VsTestRunner2/netcoreapp" className="Aula.Tests.Bots.TelegramMessageHandlerTests" name="HandleMessageAsync_WithHelpCommand_ProcessesHelpMessage" />
    </UnitTest>
    <UnitTest name="Aula.Tests.Configuration.ConfigurationTests.Config_WithEmptyConfiguration_UsesDefaults" storage="/mnt/d/git/aula/src/aula.tests/bin/debug/net9.0/aula.tests.dll" id="cb065b5b-0d40-3607-dd81-a79e7d3ed14a">
      <Execution id="0979d33d-7fc0-4055-90e0-bff6dd6bde3f" />
      <TestMethod codeBase="/mnt/d/git/aula/src/Aula.Tests/bin/Debug/net9.0/Aula.Tests.dll" adapterTypeName="executor://xunit/VsTestRunner2/netcoreapp" className="Aula.Tests.Configuration.ConfigurationTests" name="Config_WithEmptyConfiguration_UsesDefaults" />
    </UnitTest>
    <UnitTest name="Aula.Tests.Services.DataModelTests.PostedLetter_WeekNumberValidation_ReturnsExpectedResult(weekNumber: 25, year: 2022, isValid: True)" storage="/mnt/d/git/aula/src/aula.tests/bin/debug/net9.0/aula.tests.dll" id="601e1164-bd7e-9e7d-f167-9c3fcbc6ad4f">
      <Execution id="8705b249-4cc6-461c-a58c-cdf24eef2e2d" />
      <TestMethod codeBase="/mnt/d/git/aula/src/Aula.Tests/bin/Debug/net9.0/Aula.Tests.dll" adapterTypeName="executor://xunit/VsTestRunner2/netcoreapp" className="Aula.Tests.Services.DataModelTests" name="PostedLetter_WeekNumberValidation_ReturnsExpectedResult" />
    </UnitTest>
    <UnitTest name="Aula.Tests.Configuration.ConfigurationTests.Timers_SchedulingInterval_ValidationTests(intervalSeconds: 3661, isValid: False)" storage="/mnt/d/git/aula/src/aula.tests/bin/debug/net9.0/aula.tests.dll" id="42206b57-8aa0-871e-4287-4e3c8a3cc6ec">
      <Execution id="320bc72d-82ce-4484-8f0b-861a33cc1cf8" />
      <TestMethod codeBase="/mnt/d/git/aula/src/Aula.Tests/bin/Debug/net9.0/Aula.Tests.dll" adapterTypeName="executor://xunit/VsTestRunner2/netcoreapp" className="Aula.Tests.Configuration.ConfigurationTests" name="Timers_SchedulingInterval_ValidationTests" />
    </UnitTest>
    <UnitTest name="Aula.Tests.Tools.ReminderCommandHandlerTests.TryHandleReminderCommand_AddReminder_ValidFormats_ReturnsSuccess(command: &quot;husk mig i morgen kl 8:00 at TestChild1 har Haver til ma&quot;···, isEnglish: False, expectedChildName: &quot;TestChild1 Jensen&quot;)" storage="/mnt/d/git/aula/src/aula.tests/bin/debug/net9.0/aula.tests.dll" id="4ee66f1f-2049-9f7f-57aa-b27bb388f963">
      <Execution id="ea3837b9-b7a7-42b4-adcb-98b30ac7ccfd" />
      <TestMethod codeBase="/mnt/d/git/aula/src/Aula.Tests/bin/Debug/net9.0/Aula.Tests.dll" adapterTypeName="executor://xunit/VsTestRunner2/netcoreapp" className="Aula.Tests.Tools.ReminderCommandHandlerTests" name="TryHandleReminderCommand_AddReminder_ValidFormats_ReturnsSuccess" />
    </UnitTest>
    <UnitTest name="Aula.Tests.Channels.SlackBotTests.PostWeekLetter_WithVariousChildColors_HandlesCorrectly(color: &quot;red&quot;)" storage="/mnt/d/git/aula/src/aula.tests/bin/debug/net9.0/aula.tests.dll" id="ecba833b-4a32-70dc-1540-ec8a113be1de">
      <Execution id="11dfa201-aa70-4840-87d8-90baffc3e8be" />
      <TestMethod codeBase="/mnt/d/git/aula/src/Aula.Tests/bin/Debug/net9.0/Aula.Tests.dll" adapterTypeName="executor://xunit/VsTestRunner2/netcoreapp" className="Aula.Tests.Channels.SlackBotTests" name="PostWeekLetter_WithVariousChildColors_HandlesCorrectly" />
    </UnitTest>
    <UnitTest name="Aula.Tests.Channels.TelegramClientTests.PostWeekLetter_WithMissingFields_HandlesGracefully" storage="/mnt/d/git/aula/src/aula.tests/bin/debug/net9.0/aula.tests.dll" id="1dba4bcb-2a6a-02e7-3151-a1fa05d6b85c">
      <Execution id="2a606e8a-bff8-4f42-bf1a-495150e92d5f" />
      <TestMethod codeBase="/mnt/d/git/aula/src/Aula.Tests/bin/Debug/net9.0/Aula.Tests.dll" adapterTypeName="executor://xunit/VsTestRunner2/netcoreapp" className="Aula.Tests.Channels.TelegramClientTests" name="PostWeekLetter_WithMissingFields_HandlesGracefully" />
    </UnitTest>
    <UnitTest name="Aula.Tests.Services.DataModelTests.PostedLetter_WeekNumberValidation_ReturnsExpectedResult(weekNumber: 1, year: 2023, isValid: True)" storage="/mnt/d/git/aula/src/aula.tests/bin/debug/net9.0/aula.tests.dll" id="ff95ed9b-b21e-cfc2-30db-e8fe216a909d">
      <Execution id="fe05ef69-0cd7-46fb-a20a-a5e108ce6e21" />
      <TestMethod codeBase="/mnt/d/git/aula/src/Aula.Tests/bin/Debug/net9.0/Aula.Tests.dll" adapterTypeName="executor://xunit/VsTestRunner2/netcoreapp" className="Aula.Tests.Services.DataModelTests" name="PostedLetter_WeekNumberValidation_ReturnsExpectedResult" />
    </UnitTest>
    <UnitTest name="Aula.Tests.Scheduling.SchedulingServiceIntegrationTests.Constructor_WithNullConfig_ThrowsArgumentNullException" storage="/mnt/d/git/aula/src/aula.tests/bin/debug/net9.0/aula.tests.dll" id="a0f8908b-2fc2-df51-4b18-23e951512406">
      <Execution id="22ba32ee-890a-4f26-b261-99fd34769706" />
      <TestMethod codeBase="/mnt/d/git/aula/src/Aula.Tests/bin/Debug/net9.0/Aula.Tests.dll" adapterTypeName="executor://xunit/VsTestRunner2/netcoreapp" className="Aula.Tests.Scheduling.SchedulingServiceIntegrationTests" name="Constructor_WithNullConfig_ThrowsArgumentNullException" />
    </UnitTest>
    <UnitTest name="Aula.Tests.Utilities.ConversationContextTests.IsStillValid_WithExactlyNinePointNineMinutesOld_ReturnsTrue" storage="/mnt/d/git/aula/src/aula.tests/bin/debug/net9.0/aula.tests.dll" id="cb027f47-b453-181c-17af-774dbf3d917b">
      <Execution id="47751b9d-250d-4631-8c08-1a04c55ea339" />
      <TestMethod codeBase="/mnt/d/git/aula/src/Aula.Tests/bin/Debug/net9.0/Aula.Tests.dll" adapterTypeName="executor://xunit/VsTestRunner2/netcoreapp" className="Aula.Tests.Utilities.ConversationContextTests" name="IsStillValid_WithExactlyNinePointNineMinutesOld_ReturnsTrue" />
    </UnitTest>
    <UnitTest name="Aula.Tests.Scheduling.SchedulingServiceIntegrationTests.StopAsync_WithoutStart_DoesNotThrow" storage="/mnt/d/git/aula/src/aula.tests/bin/debug/net9.0/aula.tests.dll" id="51d4bf94-02a4-6db7-00c2-b23d3d85cac5">
      <Execution id="9034cb4e-b938-4062-a35e-54f767f895da" />
      <TestMethod codeBase="/mnt/d/git/aula/src/Aula.Tests/bin/Debug/net9.0/Aula.Tests.dll" adapterTypeName="executor://xunit/VsTestRunner2/netcoreapp" className="Aula.Tests.Scheduling.SchedulingServiceIntegrationTests" name="StopAsync_WithoutStart_DoesNotThrow" />
    </UnitTest>
    <UnitTest name="Aula.Tests.Utilities.Html2SlackMarkdownConverterTests.Convert_WithEmptyString_ReturnsEmptyString" storage="/mnt/d/git/aula/src/aula.tests/bin/debug/net9.0/aula.tests.dll" id="2d7011d5-0d18-55b9-d3f3-68998c9945f9">
      <Execution id="a9e11321-e2e0-4725-909d-7f085ea4eeb1" />
      <TestMethod codeBase="/mnt/d/git/aula/src/Aula.Tests/bin/Debug/net9.0/Aula.Tests.dll" adapterTypeName="executor://xunit/VsTestRunner2/netcoreapp" className="Aula.Tests.Utilities.Html2SlackMarkdownConverterTests" name="Convert_WithEmptyString_ReturnsEmptyString" />
    </UnitTest>
    <UnitTest name="Aula.Tests.Channels.TelegramClientTests.SendMessageToChannel_WithVariousMessages_DoesNotThrow(message: &quot;&quot;)" storage="/mnt/d/git/aula/src/aula.tests/bin/debug/net9.0/aula.tests.dll" id="d1f304ff-bc66-281d-07dd-5db7fd1f9503">
      <Execution id="7f01e8a5-0f1e-41ee-8ebb-2b57248d01b6" />
      <TestMethod codeBase="/mnt/d/git/aula/src/Aula.Tests/bin/Debug/net9.0/Aula.Tests.dll" adapterTypeName="executor://xunit/VsTestRunner2/netcoreapp" className="Aula.Tests.Channels.TelegramClientTests" name="SendMessageToChannel_WithVariousMessages_DoesNotThrow" />
    </UnitTest>
    <UnitTest name="Aula.Tests.Bots.SlackMessageHandlerTests.Constructor_WithNullConfig_ThrowsArgumentNullException" storage="/mnt/d/git/aula/src/aula.tests/bin/debug/net9.0/aula.tests.dll" id="eefc6d24-5020-8505-1dbb-9868d5500570">
      <Execution id="75f0e57b-fbdb-4b81-89d3-4e61337aa1b1" />
      <TestMethod codeBase="/mnt/d/git/aula/src/Aula.Tests/bin/Debug/net9.0/Aula.Tests.dll" adapterTypeName="executor://xunit/VsTestRunner2/netcoreapp" className="Aula.Tests.Bots.SlackMessageHandlerTests" name="Constructor_WithNullConfig_ThrowsArgumentNullException" />
    </UnitTest>
    <UnitTest name="Aula.Tests.Utilities.FollowUpQuestionDetectorTests.IsFollowUpQuestion_WithShortFollowUps_ReturnsTrue(input: &quot;ok&quot;)" storage="/mnt/d/git/aula/src/aula.tests/bin/debug/net9.0/aula.tests.dll" id="6a1bd5a3-33de-b670-1a8c-cceb0d8df72f">
      <Execution id="3c8dc62d-e304-4836-bf24-1dcd4c178526" />
      <TestMethod codeBase="/mnt/d/git/aula/src/Aula.Tests/bin/Debug/net9.0/Aula.Tests.dll" adapterTypeName="executor://xunit/VsTestRunner2/netcoreapp" className="Aula.Tests.Utilities.FollowUpQuestionDetectorTests" name="IsFollowUpQuestion_WithShortFollowUps_ReturnsTrue" />
    </UnitTest>
    <UnitTest name="Aula.Tests.Utilities.IntentAnalysisPromptsTests.ToolExamples_CoverExpectedUseCase(expectedKey: &quot;LIST_REMINDERS&quot;, queryPattern: &quot;reminders&quot;)" storage="/mnt/d/git/aula/src/aula.tests/bin/debug/net9.0/aula.tests.dll" id="4b6e6498-4329-5b43-2b56-2bc5486e69cc">
      <Execution id="c95f5c92-91bc-4f4e-9333-b6e8e61b9286" />
      <TestMethod codeBase="/mnt/d/git/aula/src/Aula.Tests/bin/Debug/net9.0/Aula.Tests.dll" adapterTypeName="executor://xunit/VsTestRunner2/netcoreapp" className="Aula.Tests.Utilities.IntentAnalysisPromptsTests" name="ToolExamples_CoverExpectedUseCase" />
    </UnitTest>
    <UnitTest name="Aula.Tests.Utilities.DateTimeUtilitiesTests.GetDanishDayName_AllValidDaysOfWeek_ReturnsNonEmptyString(dayOfWeek: Monday)" storage="/mnt/d/git/aula/src/aula.tests/bin/debug/net9.0/aula.tests.dll" id="ee37d42d-7676-d60e-f83a-c40bddb185e0">
      <Execution id="59df090d-66da-4644-ba00-1fc746967f21" />
      <TestMethod codeBase="/mnt/d/git/aula/src/Aula.Tests/bin/Debug/net9.0/Aula.Tests.dll" adapterTypeName="executor://xunit/VsTestRunner2/netcoreapp" className="Aula.Tests.Utilities.DateTimeUtilitiesTests" name="GetDanishDayName_AllValidDaysOfWeek_ReturnsNonEmptyString" />
    </UnitTest>
    <UnitTest name="Aula.Tests.Utilities.FollowUpQuestionDetectorTests.IsFollowUpQuestion_WithChildNameAndShortMessage_ReturnsTrue(input: &quot;TestChild1en&quot;)" storage="/mnt/d/git/aula/src/aula.tests/bin/debug/net9.0/aula.tests.dll" id="c97c4c52-e2e0-9997-1b1c-c40b6de0a67a">
      <Execution id="746c90e1-9885-4f3f-8dda-59fea3f8c045" />
      <TestMethod codeBase="/mnt/d/git/aula/src/Aula.Tests/bin/Debug/net9.0/Aula.Tests.dll" adapterTypeName="executor://xunit/VsTestRunner2/netcoreapp" className="Aula.Tests.Utilities.FollowUpQuestionDetectorTests" name="IsFollowUpQuestion_WithChildNameAndShortMessage_ReturnsTrue" />
    </UnitTest>
    <UnitTest name="Aula.Tests.Utilities.DateTimeUtilitiesTests.GetDanishDayName_AllValidDaysOfWeek_ReturnsNonEmptyString(dayOfWeek: Tuesday)" storage="/mnt/d/git/aula/src/aula.tests/bin/debug/net9.0/aula.tests.dll" id="909b5135-abc5-ca49-7494-5f4eb3573cf1">
      <Execution id="c1235a90-a5c2-40e5-83d2-4396571f3af8" />
      <TestMethod codeBase="/mnt/d/git/aula/src/Aula.Tests/bin/Debug/net9.0/Aula.Tests.dll" adapterTypeName="executor://xunit/VsTestRunner2/netcoreapp" className="Aula.Tests.Utilities.DateTimeUtilitiesTests" name="GetDanishDayName_AllValidDaysOfWeek_ReturnsNonEmptyString" />
    </UnitTest>
    <UnitTest name="Aula.Tests.Tools.AiToolsManagerTests.DeleteReminderAsync_WithValidNumber_DeletesReminder" storage="/mnt/d/git/aula/src/aula.tests/bin/debug/net9.0/aula.tests.dll" id="cffbdb32-a5ce-3149-2be9-2e224df2f82b">
      <Execution id="94676fa6-3bc3-4287-8012-f742878bb9a9" />
      <TestMethod codeBase="/mnt/d/git/aula/src/Aula.Tests/bin/Debug/net9.0/Aula.Tests.dll" adapterTypeName="executor://xunit/VsTestRunner2/netcoreapp" className="Aula.Tests.Tools.AiToolsManagerTests" name="DeleteReminderAsync_WithValidNumber_DeletesReminder" />
    </UnitTest>
    <UnitTest name="Aula.Tests.Integration.MinUddannelseClientTests.Constructor_WithValidConfig_CreatesInstance" storage="/mnt/d/git/aula/src/aula.tests/bin/debug/net9.0/aula.tests.dll" id="5a77b1b5-bbb4-8a72-a72e-32591bd8597a">
      <Execution id="3934c051-2336-45d8-b88d-d6be522132d9" />
      <TestMethod codeBase="/mnt/d/git/aula/src/Aula.Tests/bin/Debug/net9.0/Aula.Tests.dll" adapterTypeName="executor://xunit/VsTestRunner2/netcoreapp" className="Aula.Tests.Integration.MinUddannelseClientTests" name="Constructor_WithValidConfig_CreatesInstance" />
    </UnitTest>
    <UnitTest name="Aula.Tests.Configuration.ConfigurationTests.GoogleServiceAccount_RequiredFields_ArePresent" storage="/mnt/d/git/aula/src/aula.tests/bin/debug/net9.0/aula.tests.dll" id="2cec1e41-be18-3fa0-9996-473f9652882f">
      <Execution id="3444a0cf-5d8c-41e2-886a-9c0feeb8be86" />
      <TestMethod codeBase="/mnt/d/git/aula/src/Aula.Tests/bin/Debug/net9.0/Aula.Tests.dll" adapterTypeName="executor://xunit/VsTestRunner2/netcoreapp" className="Aula.Tests.Configuration.ConfigurationTests" name="GoogleServiceAccount_RequiredFields_ArePresent" />
    </UnitTest>
    <UnitTest name="Aula.Tests.Utilities.FollowUpQuestionDetectorTests.IsFollowUpQuestion_WithEmptyChildrenList_HandlesSafely" storage="/mnt/d/git/aula/src/aula.tests/bin/debug/net9.0/aula.tests.dll" id="cf3ffd15-e77d-0064-8da1-70abe47d1342">
      <Execution id="7558fc88-326b-414c-828d-2a5e6e3a3346" />
      <TestMethod codeBase="/mnt/d/git/aula/src/Aula.Tests/bin/Debug/net9.0/Aula.Tests.dll" adapterTypeName="executor://xunit/VsTestRunner2/netcoreapp" className="Aula.Tests.Utilities.FollowUpQuestionDetectorTests" name="IsFollowUpQuestion_WithEmptyChildrenList_HandlesSafely" />
    </UnitTest>
    <UnitTest name="Aula.Tests.Configuration.ConfigurationTests.Features_ConversationCacheExpiration_ValidationTests(minutes: 0, isValid: False)" storage="/mnt/d/git/aula/src/aula.tests/bin/debug/net9.0/aula.tests.dll" id="85d0bba0-b6e6-710e-0b38-be2340b6cfc9">
      <Execution id="d6fc437a-6c43-4f37-a9aa-26c2d6387006" />
      <TestMethod codeBase="/mnt/d/git/aula/src/Aula.Tests/bin/Debug/net9.0/Aula.Tests.dll" adapterTypeName="executor://xunit/VsTestRunner2/netcoreapp" className="Aula.Tests.Configuration.ConfigurationTests" name="Features_ConversationCacheExpiration_ValidationTests" />
    </UnitTest>
    <UnitTest name="Aula.Tests.Utilities.ConversationContextManagerTests.ClearContext_WithExistingKey_RemovesContextAndLogs" storage="/mnt/d/git/aula/src/aula.tests/bin/debug/net9.0/aula.tests.dll" id="56429908-a484-10f8-38ca-b17d73119d7d">
      <Execution id="7ae82cb0-9efc-442d-b1dd-65e85593f463" />
      <TestMethod codeBase="/mnt/d/git/aula/src/Aula.Tests/bin/Debug/net9.0/Aula.Tests.dll" adapterTypeName="executor://xunit/VsTestRunner2/netcoreapp" className="Aula.Tests.Utilities.ConversationContextManagerTests" name="ClearContext_WithExistingKey_RemovesContextAndLogs" />
    </UnitTest>
    <UnitTest name="Aula.Tests.Utilities.JsonFormatterTests.Prettify_WithMalformedJson_ThrowsJsonException" storage="/mnt/d/git/aula/src/aula.tests/bin/debug/net9.0/aula.tests.dll" id="d6143222-8a1b-29ba-ebfb-222b6c27b152">
      <Execution id="fd049365-2b60-4754-bb45-3234af530c00" />
      <TestMethod codeBase="/mnt/d/git/aula/src/Aula.Tests/bin/Debug/net9.0/Aula.Tests.dll" adapterTypeName="executor://xunit/VsTestRunner2/netcoreapp" className="Aula.Tests.Utilities.JsonFormatterTests" name="Prettify_WithMalformedJson_ThrowsJsonException" />
    </UnitTest>
    <UnitTest name="Aula.Tests.Bots.SlackInteractiveBotTests.Dispose_WhenCalledMultipleTimes_DoesNotThrow" storage="/mnt/d/git/aula/src/aula.tests/bin/debug/net9.0/aula.tests.dll" id="e768bc44-6321-f6f0-33ea-0643e8c3f454">
      <Execution id="c1b81667-8945-4a6f-a703-9f1c6e7a0d7b" />
      <TestMethod codeBase="/mnt/d/git/aula/src/Aula.Tests/bin/Debug/net9.0/Aula.Tests.dll" adapterTypeName="executor://xunit/VsTestRunner2/netcoreapp" className="Aula.Tests.Bots.SlackInteractiveBotTests" name="Dispose_WhenCalledMultipleTimes_DoesNotThrow" />
    </UnitTest>
    <UnitTest name="Aula.Tests.Utilities.JsonFormatterTests.Prettify_WithNullInput_ThrowsArgumentNullException" storage="/mnt/d/git/aula/src/aula.tests/bin/debug/net9.0/aula.tests.dll" id="711b4283-4c9e-be16-2b83-d9f77794298d">
      <Execution id="b658acce-16e2-4869-9d8c-d3804190f2a8" />
      <TestMethod codeBase="/mnt/d/git/aula/src/Aula.Tests/bin/Debug/net9.0/Aula.Tests.dll" adapterTypeName="executor://xunit/VsTestRunner2/netcoreapp" className="Aula.Tests.Utilities.JsonFormatterTests" name="Prettify_WithNullInput_ThrowsArgumentNullException" />
    </UnitTest>
    <UnitTest name="Aula.Tests.Channels.SlackBotTests.Constructor_WithEmptyUrl_ThrowsArgumentException" storage="/mnt/d/git/aula/src/aula.tests/bin/debug/net9.0/aula.tests.dll" id="a7b1749e-2ad3-548e-4171-dcc39a4ba308">
      <Execution id="8e5bc8ca-da26-47d6-92fa-0da7324135f8" />
      <TestMethod codeBase="/mnt/d/git/aula/src/Aula.Tests/bin/Debug/net9.0/Aula.Tests.dll" adapterTypeName="executor://xunit/VsTestRunner2/netcoreapp" className="Aula.Tests.Channels.SlackBotTests" name="Constructor_WithEmptyUrl_ThrowsArgumentException" />
    </UnitTest>
    <UnitTest name="Aula.Tests.Utilities.DateTimeUtilitiesTests.GetDanishDayName_ValidDayOfWeek_ReturnsLowercaseName(dayOfWeek: Thursday, expectedName: &quot;torsdag&quot;)" storage="/mnt/d/git/aula/src/aula.tests/bin/debug/net9.0/aula.tests.dll" id="d011f96b-d6c9-06f7-3372-df15e577854e">
      <Execution id="07edba06-c9ca-4fcb-a5d2-a32be48a9518" />
      <TestMethod codeBase="/mnt/d/git/aula/src/Aula.Tests/bin/Debug/net9.0/Aula.Tests.dll" adapterTypeName="executor://xunit/VsTestRunner2/netcoreapp" className="Aula.Tests.Utilities.DateTimeUtilitiesTests" name="GetDanishDayName_ValidDayOfWeek_ReturnsLowercaseName" />
    </UnitTest>
    <UnitTest name="Aula.Tests.Configuration.ConfigurationTests.UniLogin_WithInvalidCredentials_HandlesGracefully(invalidValue: null)" storage="/mnt/d/git/aula/src/aula.tests/bin/debug/net9.0/aula.tests.dll" id="eedd43d6-efa5-b90c-89ed-190e198315e6">
      <Execution id="b359e6e6-1e29-4692-ab52-47c0a075bd06" />
      <TestMethod codeBase="/mnt/d/git/aula/src/Aula.Tests/bin/Debug/net9.0/Aula.Tests.dll" adapterTypeName="executor://xunit/VsTestRunner2/netcoreapp" className="Aula.Tests.Configuration.ConfigurationTests" name="UniLogin_WithInvalidCredentials_HandlesGracefully" />
    </UnitTest>
    <UnitTest name="Aula.Tests.Utilities.FollowUpQuestionDetectorTests.IsFollowUpQuestion_WithFullChildNames_WorksCorrectly(input: &quot;Emma Rose?&quot;)" storage="/mnt/d/git/aula/src/aula.tests/bin/debug/net9.0/aula.tests.dll" id="e67379c3-aafd-8be6-fda8-3e3a4a2a81aa">
      <Execution id="27dfe948-78cd-40cb-b744-5374457f83a6" />
      <TestMethod codeBase="/mnt/d/git/aula/src/Aula.Tests/bin/Debug/net9.0/Aula.Tests.dll" adapterTypeName="executor://xunit/VsTestRunner2/netcoreapp" className="Aula.Tests.Utilities.FollowUpQuestionDetectorTests" name="IsFollowUpQuestion_WithFullChildNames_WorksCorrectly" />
    </UnitTest>
    <UnitTest name="Aula.Tests.Channels.SlackBotTests.PostMessage_WithVariousMessages_DoesNotThrow(message: &quot;Message with *bold* and _italic_&quot;)" storage="/mnt/d/git/aula/src/aula.tests/bin/debug/net9.0/aula.tests.dll" id="4053e9a2-a689-a1a5-6da0-c7b491ae4105">
      <Execution id="163365ce-bcb7-4ee8-9612-721977ffc6a2" />
      <TestMethod codeBase="/mnt/d/git/aula/src/Aula.Tests/bin/Debug/net9.0/Aula.Tests.dll" adapterTypeName="executor://xunit/VsTestRunner2/netcoreapp" className="Aula.Tests.Channels.SlackBotTests" name="PostMessage_WithVariousMessages_DoesNotThrow" />
    </UnitTest>
    <UnitTest name="Aula.Tests.Utilities.ReminderExtractionPromptsTests.GetExtractionPrompt_WithDifferentMinuteOffsets_CalculatesCorrectly(minutes: 2)" storage="/mnt/d/git/aula/src/aula.tests/bin/debug/net9.0/aula.tests.dll" id="346b4860-00f1-33ec-a1a3-5d05cc730f69">
      <Execution id="68bbcb7c-aa34-49c6-ac59-39ac52b7154e" />
      <TestMethod codeBase="/mnt/d/git/aula/src/Aula.Tests/bin/Debug/net9.0/Aula.Tests.dll" adapterTypeName="executor://xunit/VsTestRunner2/netcoreapp" className="Aula.Tests.Utilities.ReminderExtractionPromptsTests" name="GetExtractionPrompt_WithDifferentMinuteOffsets_CalculatesCorrectly" />
    </UnitTest>
    <UnitTest name="Aula.Tests.Utilities.Html2SlackMarkdownConverterTests.Convert_WithUnicodeContent_PreservesEncoding" storage="/mnt/d/git/aula/src/aula.tests/bin/debug/net9.0/aula.tests.dll" id="121eb464-baa2-cb91-a1cb-d692cf64f7c5">
      <Execution id="c88c00c7-5372-484d-8ca0-210ceb193460" />
      <TestMethod codeBase="/mnt/d/git/aula/src/Aula.Tests/bin/Debug/net9.0/Aula.Tests.dll" adapterTypeName="executor://xunit/VsTestRunner2/netcoreapp" className="Aula.Tests.Utilities.Html2SlackMarkdownConverterTests" name="Convert_WithUnicodeContent_PreservesEncoding" />
    </UnitTest>
    <UnitTest name="Aula.Tests.Utilities.FollowUpQuestionDetectorTests.IsFollowUpQuestion_WithShortFollowUps_ReturnsTrue(input: &quot;OK&quot;)" storage="/mnt/d/git/aula/src/aula.tests/bin/debug/net9.0/aula.tests.dll" id="7badf018-cb0a-dbe2-46e3-595e2e7a967d">
      <Execution id="f61642b3-be60-43c0-bea0-99dbcebb5af2" />
      <TestMethod codeBase="/mnt/d/git/aula/src/Aula.Tests/bin/Debug/net9.0/Aula.Tests.dll" adapterTypeName="executor://xunit/VsTestRunner2/netcoreapp" className="Aula.Tests.Utilities.FollowUpQuestionDetectorTests" name="IsFollowUpQuestion_WithShortFollowUps_ReturnsTrue" />
    </UnitTest>
    <UnitTest name="Aula.Tests.Services.DataModelTests.ConfigChild_Properties_WorkCorrectly" storage="/mnt/d/git/aula/src/aula.tests/bin/debug/net9.0/aula.tests.dll" id="bf8de978-ede0-2334-cd93-70c2c792931f">
      <Execution id="38856a47-9f1a-4278-9227-e0a674ed70ec" />
      <TestMethod codeBase="/mnt/d/git/aula/src/Aula.Tests/bin/Debug/net9.0/Aula.Tests.dll" adapterTypeName="executor://xunit/VsTestRunner2/netcoreapp" className="Aula.Tests.Services.DataModelTests" name="ConfigChild_Properties_WorkCorrectly" />
    </UnitTest>
    <UnitTest name="Aula.Tests.Utilities.ConversationContextManagerTests.UpdateContext_LogsInformation" storage="/mnt/d/git/aula/src/aula.tests/bin/debug/net9.0/aula.tests.dll" id="852f061a-eb76-627b-f7c5-de08154576e3">
      <Execution id="6a1e3be5-49e6-4e91-9f8f-e0ba5e223be4" />
      <TestMethod codeBase="/mnt/d/git/aula/src/Aula.Tests/bin/Debug/net9.0/Aula.Tests.dll" adapterTypeName="executor://xunit/VsTestRunner2/netcoreapp" className="Aula.Tests.Utilities.ConversationContextManagerTests" name="UpdateContext_LogsInformation" />
    </UnitTest>
    <UnitTest name="Aula.Tests.Utilities.WeekLetterContentExtractorTests.ExtractContent_WithNullUgebreve_ReturnsEmptyString" storage="/mnt/d/git/aula/src/aula.tests/bin/debug/net9.0/aula.tests.dll" id="e93018a6-329d-1e6a-244e-75972e649bf3">
      <Execution id="e273e528-34e6-408f-8e78-5bad2a03749f" />
      <TestMethod codeBase="/mnt/d/git/aula/src/Aula.Tests/bin/Debug/net9.0/Aula.Tests.dll" adapterTypeName="executor://xunit/VsTestRunner2/netcoreapp" className="Aula.Tests.Utilities.WeekLetterContentExtractorTests" name="ExtractContent_WithNullUgebreve_ReturnsEmptyString" />
    </UnitTest>
    <UnitTest name="Aula.Tests.Channels.SlackBotTests.PushWeekLetter_WithNullWeekLetter_ReturnsFalse" storage="/mnt/d/git/aula/src/aula.tests/bin/debug/net9.0/aula.tests.dll" id="74223507-0b05-49e9-aad1-655b0b7c8f6e">
      <Execution id="692c3c90-e4d9-4e15-aaad-468ab98e6fcb" />
      <TestMethod codeBase="/mnt/d/git/aula/src/Aula.Tests/bin/Debug/net9.0/Aula.Tests.dll" adapterTypeName="executor://xunit/VsTestRunner2/netcoreapp" className="Aula.Tests.Channels.SlackBotTests" name="PushWeekLetter_WithNullWeekLetter_ReturnsFalse" />
    </UnitTest>
    <UnitTest name="Aula.Tests.Tools.ReminderCommandHandlerTests.TryHandleReminderCommand_ListReminders_NoReminders_ReturnsNoRemindersMessage(command: &quot;list reminders&quot;, isEnglish: True)" storage="/mnt/d/git/aula/src/aula.tests/bin/debug/net9.0/aula.tests.dll" id="d91762c9-e8c3-9301-162e-078c803712fd">
      <Execution id="518e16cd-c0c4-40b9-a140-15d48f515add" />
      <TestMethod codeBase="/mnt/d/git/aula/src/Aula.Tests/bin/Debug/net9.0/Aula.Tests.dll" adapterTypeName="executor://xunit/VsTestRunner2/netcoreapp" className="Aula.Tests.Tools.ReminderCommandHandlerTests" name="TryHandleReminderCommand_ListReminders_NoReminders_ReturnsNoRemindersMessage" />
    </UnitTest>
    <UnitTest name="Aula.Tests.Utilities.FollowUpQuestionDetectorTests.IsFollowUpQuestion_LogsCorrectlyForShortMessage" storage="/mnt/d/git/aula/src/aula.tests/bin/debug/net9.0/aula.tests.dll" id="a05ddd0e-e3f2-fb31-c2fd-f1f3b4b30fc1">
      <Execution id="8f845a5f-b0df-41a1-8a9f-b5302327f26c" />
      <TestMethod codeBase="/mnt/d/git/aula/src/Aula.Tests/bin/Debug/net9.0/Aula.Tests.dll" adapterTypeName="executor://xunit/VsTestRunner2/netcoreapp" className="Aula.Tests.Utilities.FollowUpQuestionDetectorTests" name="IsFollowUpQuestion_LogsCorrectlyForShortMessage" />
    </UnitTest>
    <UnitTest name="Aula.Tests.Utilities.ConversationContextTests.ToString_WithEmptyChildName_ShowsEmptyString" storage="/mnt/d/git/aula/src/aula.tests/bin/debug/net9.0/aula.tests.dll" id="2c92fdb3-d95d-1632-c5b9-2a0e8c5892ee">
      <Execution id="e97c8c99-8851-4fbf-b561-e1f8f91ab80c" />
      <TestMethod codeBase="/mnt/d/git/aula/src/Aula.Tests/bin/Debug/net9.0/Aula.Tests.dll" adapterTypeName="executor://xunit/VsTestRunner2/netcoreapp" className="Aula.Tests.Utilities.ConversationContextTests" name="ToString_WithEmptyChildName_ShowsEmptyString" />
    </UnitTest>
    <UnitTest name="Aula.Tests.Channels.SlackBotTests.SendTestMessage_WithVariousMessages_DoesNotThrow(message: &quot;&quot;)" storage="/mnt/d/git/aula/src/aula.tests/bin/debug/net9.0/aula.tests.dll" id="1165a140-06de-3614-5098-865084a74fa6">
      <Execution id="afe566b8-0cf3-4667-8644-3bfe63b6dbfa" />
      <TestMethod codeBase="/mnt/d/git/aula/src/Aula.Tests/bin/Debug/net9.0/Aula.Tests.dll" adapterTypeName="executor://xunit/VsTestRunner2/netcoreapp" className="Aula.Tests.Channels.SlackBotTests" name="SendTestMessage_WithVariousMessages_DoesNotThrow" />
    </UnitTest>
    <UnitTest name="Aula.Tests.Services.OpenAiServiceIntegrationTests.ClearConversationHistory_WithoutContextKey_DoesNotThrow" storage="/mnt/d/git/aula/src/aula.tests/bin/debug/net9.0/aula.tests.dll" id="c79823a4-e6c5-4210-9526-f7fc3ce5d77c">
      <Execution id="0930ad46-8b71-433a-8920-3b66e4b4a16b" />
      <TestMethod codeBase="/mnt/d/git/aula/src/Aula.Tests/bin/Debug/net9.0/Aula.Tests.dll" adapterTypeName="executor://xunit/VsTestRunner2/netcoreapp" className="Aula.Tests.Services.OpenAiServiceIntegrationTests" name="ClearConversationHistory_WithoutContextKey_DoesNotThrow" />
    </UnitTest>
    <UnitTest name="Aula.Tests.Bots.SlackMessageHandlerTests.HandleMessageAsync_WithReminderCommand_CallsReminderHandler(reminderCommand: &quot;tilføj påmindelse&quot;)" storage="/mnt/d/git/aula/src/aula.tests/bin/debug/net9.0/aula.tests.dll" id="239a4cc1-6051-4648-1a72-a4dea208e744">
      <Execution id="7be4f9fd-59ad-4cf9-aeea-0aa8159537e1" />
      <TestMethod codeBase="/mnt/d/git/aula/src/Aula.Tests/bin/Debug/net9.0/Aula.Tests.dll" adapterTypeName="executor://xunit/VsTestRunner2/netcoreapp" className="Aula.Tests.Bots.SlackMessageHandlerTests" name="HandleMessageAsync_WithReminderCommand_CallsReminderHandler" />
    </UnitTest>
    <UnitTest name="Aula.Tests.Bots.TelegramMessageHandlerTests.HandleMessageAsync_WithCancellationToken_RespectsCancellation" storage="/mnt/d/git/aula/src/aula.tests/bin/debug/net9.0/aula.tests.dll" id="08f9b0f6-c970-f823-e359-90266e985263">
      <Execution id="4e8217e5-fe34-48ff-991e-153c511cd7a6" />
      <TestMethod codeBase="/mnt/d/git/aula/src/Aula.Tests/bin/Debug/net9.0/Aula.Tests.dll" adapterTypeName="executor://xunit/VsTestRunner2/netcoreapp" className="Aula.Tests.Bots.TelegramMessageHandlerTests" name="HandleMessageAsync_WithCancellationToken_RespectsCancellation" />
    </UnitTest>
    <UnitTest name="Aula.Tests.Utilities.ReminderExtractionPromptsTests.GetExtractionPrompt_CalculatesDanishRelativeTimesCorrectly" storage="/mnt/d/git/aula/src/aula.tests/bin/debug/net9.0/aula.tests.dll" id="341040bb-ced9-d1d7-7226-192f7cf8fcdc">
      <Execution id="43306102-563c-4f8c-af08-6e12adf688ce" />
      <TestMethod codeBase="/mnt/d/git/aula/src/Aula.Tests/bin/Debug/net9.0/Aula.Tests.dll" adapterTypeName="executor://xunit/VsTestRunner2/netcoreapp" className="Aula.Tests.Utilities.ReminderExtractionPromptsTests" name="GetExtractionPrompt_CalculatesDanishRelativeTimesCorrectly" />
    </UnitTest>
    <UnitTest name="Aula.Tests.Utilities.FollowUpQuestionDetectorTests.IsFollowUpQuestion_WithChildNameAndShortMessage_ReturnsTrue(input: &quot;EMMA&quot;)" storage="/mnt/d/git/aula/src/aula.tests/bin/debug/net9.0/aula.tests.dll" id="5757d75c-5377-8df3-a3a7-30a9777d143b">
      <Execution id="b9d95989-6239-4e17-a1c6-49690bbbb077" />
      <TestMethod codeBase="/mnt/d/git/aula/src/Aula.Tests/bin/Debug/net9.0/Aula.Tests.dll" adapterTypeName="executor://xunit/VsTestRunner2/netcoreapp" className="Aula.Tests.Utilities.FollowUpQuestionDetectorTests" name="IsFollowUpQuestion_WithChildNameAndShortMessage_ReturnsTrue" />
    </UnitTest>
    <UnitTest name="Aula.Tests.Configuration.ConfigurationTests.OpenAi_ConfigurationIsCorrect" storage="/mnt/d/git/aula/src/aula.tests/bin/debug/net9.0/aula.tests.dll" id="69c84318-c2ea-bbfb-2ff5-e086da7c5805">
      <Execution id="01a71fb8-c58c-4a7e-ab8e-b77b2862665a" />
      <TestMethod codeBase="/mnt/d/git/aula/src/Aula.Tests/bin/Debug/net9.0/Aula.Tests.dll" adapterTypeName="executor://xunit/VsTestRunner2/netcoreapp" className="Aula.Tests.Configuration.ConfigurationTests" name="OpenAi_ConfigurationIsCorrect" />
    </UnitTest>
    <UnitTest name="Aula.Tests.Services.OpenAiServiceIntegrationTests.ChatInterface_Telegram_HasCorrectValue" storage="/mnt/d/git/aula/src/aula.tests/bin/debug/net9.0/aula.tests.dll" id="a7bf7fe5-0fd3-09c0-db2e-a077e2bb59f1">
      <Execution id="04cf2503-82f4-4bae-ab6e-17e13140f299" />
      <TestMethod codeBase="/mnt/d/git/aula/src/Aula.Tests/bin/Debug/net9.0/Aula.Tests.dll" adapterTypeName="executor://xunit/VsTestRunner2/netcoreapp" className="Aula.Tests.Services.OpenAiServiceIntegrationTests" name="ChatInterface_Telegram_HasCorrectValue" />
    </UnitTest>
    <UnitTest name="Aula.Tests.Utilities.Html2SlackMarkdownConverterTests.Convert_WithSimpleHtml_ConvertsCorrectly" storage="/mnt/d/git/aula/src/aula.tests/bin/debug/net9.0/aula.tests.dll" id="979280e2-dfe1-0cec-d81f-8909f7e24c33">
      <Execution id="e5365947-5475-488f-835a-ed2e1e71739f" />
      <TestMethod codeBase="/mnt/d/git/aula/src/Aula.Tests/bin/Debug/net9.0/Aula.Tests.dll" adapterTypeName="executor://xunit/VsTestRunner2/netcoreapp" className="Aula.Tests.Utilities.Html2SlackMarkdownConverterTests" name="Convert_WithSimpleHtml_ConvertsCorrectly" />
    </UnitTest>
    <UnitTest name="Aula.Tests.Tools.ReminderCommandHandlerTests.TryHandleReminderCommand_ListReminders_OrdersByDateAndTime" storage="/mnt/d/git/aula/src/aula.tests/bin/debug/net9.0/aula.tests.dll" id="9ca02d05-5169-149e-ecab-3b9b289b72d5">
      <Execution id="dc66c816-49dc-4f8a-8218-f7ed7fb978dc" />
      <TestMethod codeBase="/mnt/d/git/aula/src/Aula.Tests/bin/Debug/net9.0/Aula.Tests.dll" adapterTypeName="executor://xunit/VsTestRunner2/netcoreapp" className="Aula.Tests.Tools.ReminderCommandHandlerTests" name="TryHandleReminderCommand_ListReminders_OrdersByDateAndTime" />
    </UnitTest>
    <UnitTest name="Aula.Tests.Utilities.ConversationContextManagerTests.ClearAllContexts_WithMultipleContexts_RemovesAllAndLogs" storage="/mnt/d/git/aula/src/aula.tests/bin/debug/net9.0/aula.tests.dll" id="1585bed7-c67c-7046-51d9-aa8f4af66bac">
      <Execution id="6d2b584d-fec2-4316-9633-8320a7ea25b3" />
      <TestMethod codeBase="/mnt/d/git/aula/src/Aula.Tests/bin/Debug/net9.0/Aula.Tests.dll" adapterTypeName="executor://xunit/VsTestRunner2/netcoreapp" className="Aula.Tests.Utilities.ConversationContextManagerTests" name="ClearAllContexts_WithMultipleContexts_RemovesAllAndLogs" />
    </UnitTest>
    <UnitTest name="Aula.Tests.Services.OpenAiServiceIntegrationTests.AskQuestionAboutWeekLetterAsync_WithContextKey_WithNullWeekLetter_ThrowsArgumentNullException(chatInterface: Telegram)" storage="/mnt/d/git/aula/src/aula.tests/bin/debug/net9.0/aula.tests.dll" id="50f2b13e-3594-24ee-32df-b9192e38a8ff">
      <Execution id="41d299ab-1e16-4f79-9b21-f9accd2db22c" />
      <TestMethod codeBase="/mnt/d/git/aula/src/Aula.Tests/bin/Debug/net9.0/Aula.Tests.dll" adapterTypeName="executor://xunit/VsTestRunner2/netcoreapp" className="Aula.Tests.Services.OpenAiServiceIntegrationTests" name="AskQuestionAboutWeekLetterAsync_WithContextKey_WithNullWeekLetter_ThrowsArgumentNullException" />
    </UnitTest>
    <UnitTest name="Aula.Tests.Utilities.FollowUpQuestionDetectorTests.IsFollowUpQuestion_WithPunctuationAroundChildName_WorksCorrectly(input: &quot;Emma?&quot;)" storage="/mnt/d/git/aula/src/aula.tests/bin/debug/net9.0/aula.tests.dll" id="75733184-ecf7-b281-bd2e-48c921f0cff4">
      <Execution id="69e4999c-537f-468f-88b3-f409b30bc8e5" />
      <TestMethod codeBase="/mnt/d/git/aula/src/Aula.Tests/bin/Debug/net9.0/Aula.Tests.dll" adapterTypeName="executor://xunit/VsTestRunner2/netcoreapp" className="Aula.Tests.Utilities.FollowUpQuestionDetectorTests" name="IsFollowUpQuestion_WithPunctuationAroundChildName_WorksCorrectly" />
    </UnitTest>
    <UnitTest name="Aula.Tests.Services.DataModelTests.PostedLetter_DefaultConstructor_InitializesCorrectly" storage="/mnt/d/git/aula/src/aula.tests/bin/debug/net9.0/aula.tests.dll" id="dc87daee-0005-3f96-509b-0d97422219d3">
      <Execution id="90bfeb96-5118-4e2c-ba73-eeafc7d3793f" />
      <TestMethod codeBase="/mnt/d/git/aula/src/Aula.Tests/bin/Debug/net9.0/Aula.Tests.dll" adapterTypeName="executor://xunit/VsTestRunner2/netcoreapp" className="Aula.Tests.Services.DataModelTests" name="PostedLetter_DefaultConstructor_InitializesCorrectly" />
    </UnitTest>
    <UnitTest name="Aula.Tests.Tools.ReminderCommandHandlerTests.TryHandleReminderCommand_ChildNameExtraction_WorksCorrectly" storage="/mnt/d/git/aula/src/aula.tests/bin/debug/net9.0/aula.tests.dll" id="23a6aef7-0888-96c3-b39d-0a5a36447e0d">
      <Execution id="19e9e64b-12d5-4f5e-abe1-1151ad94e7a4" />
      <TestMethod codeBase="/mnt/d/git/aula/src/Aula.Tests/bin/Debug/net9.0/Aula.Tests.dll" adapterTypeName="executor://xunit/VsTestRunner2/netcoreapp" className="Aula.Tests.Tools.ReminderCommandHandlerTests" name="TryHandleReminderCommand_ChildNameExtraction_WorksCorrectly" />
    </UnitTest>
    <UnitTest name="Aula.Tests.Integration.AgentServiceTests.GetWeekLetterAsync_ReturnsCachedData_WhenAvailable" storage="/mnt/d/git/aula/src/aula.tests/bin/debug/net9.0/aula.tests.dll" id="b3d0207a-6b94-dced-4560-55d90059fc43">
      <Execution id="bd3a8bb1-d853-4af4-b246-c1f1367c3869" />
      <TestMethod codeBase="/mnt/d/git/aula/src/Aula.Tests/bin/Debug/net9.0/Aula.Tests.dll" adapterTypeName="executor://xunit/VsTestRunner2/netcoreapp" className="Aula.Tests.Integration.AgentServiceTests" name="GetWeekLetterAsync_ReturnsCachedData_WhenAvailable" />
    </UnitTest>
    <UnitTest name="Aula.Tests.Utilities.FollowUpQuestionDetectorTests.IsFollowUpQuestion_WithChildNameAndShortMessage_ReturnsTrue(input: &quot;Liam&quot;)" storage="/mnt/d/git/aula/src/aula.tests/bin/debug/net9.0/aula.tests.dll" id="01fdf65f-cd83-63dd-690e-00884c9ba25d">
      <Execution id="9b63d0fb-19de-44f9-be6b-46e63bc8e105" />
      <TestMethod codeBase="/mnt/d/git/aula/src/Aula.Tests/bin/Debug/net9.0/Aula.Tests.dll" adapterTypeName="executor://xunit/VsTestRunner2/netcoreapp" className="Aula.Tests.Utilities.FollowUpQuestionDetectorTests" name="IsFollowUpQuestion_WithChildNameAndShortMessage_ReturnsTrue" />
    </UnitTest>
    <UnitTest name="Aula.Tests.Bots.SlackMessageHandlerTests.HandleMessageAsync_WithEmptyText_ReturnsFalse" storage="/mnt/d/git/aula/src/aula.tests/bin/debug/net9.0/aula.tests.dll" id="65a382e3-c1e3-08ef-c35f-11020ff7747f">
      <Execution id="fa7165af-7ab9-4909-abf1-ff8266c2d6f7" />
      <TestMethod codeBase="/mnt/d/git/aula/src/Aula.Tests/bin/Debug/net9.0/Aula.Tests.dll" adapterTypeName="executor://xunit/VsTestRunner2/netcoreapp" className="Aula.Tests.Bots.SlackMessageHandlerTests" name="HandleMessageAsync_WithEmptyText_ReturnsFalse" />
    </UnitTest>
    <UnitTest name="Aula.Tests.Utilities.ReminderExtractionPromptsTests.GetExtractionPrompt_IncludesCurrentTime" storage="/mnt/d/git/aula/src/aula.tests/bin/debug/net9.0/aula.tests.dll" id="aef92e61-6107-1b9f-7603-daa021c2c030">
      <Execution id="8817db69-24b3-4194-b9c7-6421d53c0e74" />
      <TestMethod codeBase="/mnt/d/git/aula/src/Aula.Tests/bin/Debug/net9.0/Aula.Tests.dll" adapterTypeName="executor://xunit/VsTestRunner2/netcoreapp" className="Aula.Tests.Utilities.ReminderExtractionPromptsTests" name="GetExtractionPrompt_IncludesCurrentTime" />
    </UnitTest>
    <UnitTest name="Aula.Tests.Channels.TelegramClientTests.Constructor_WithVariousTokens_DoesNotThrow(token: &quot;&quot;)" storage="/mnt/d/git/aula/src/aula.tests/bin/debug/net9.0/aula.tests.dll" id="ed73f3dd-84f9-ccdb-8bc0-17130004fe1b">
      <Execution id="f3b66bc0-597c-4c01-824e-fa0acc094945" />
      <TestMethod codeBase="/mnt/d/git/aula/src/Aula.Tests/bin/Debug/net9.0/Aula.Tests.dll" adapterTypeName="executor://xunit/VsTestRunner2/netcoreapp" className="Aula.Tests.Channels.TelegramClientTests" name="Constructor_WithVariousTokens_DoesNotThrow" />
    </UnitTest>
    <UnitTest name="Aula.Tests.Services.OpenAiServiceIntegrationTests.ChatInterface_Slack_HasCorrectValue" storage="/mnt/d/git/aula/src/aula.tests/bin/debug/net9.0/aula.tests.dll" id="bb2b6e22-8876-e112-3e1e-ad1f0802bc47">
      <Execution id="b63d059b-65ac-45d6-b9b8-e54a67bdaf1e" />
      <TestMethod codeBase="/mnt/d/git/aula/src/Aula.Tests/bin/Debug/net9.0/Aula.Tests.dll" adapterTypeName="executor://xunit/VsTestRunner2/netcoreapp" className="Aula.Tests.Services.OpenAiServiceIntegrationTests" name="ChatInterface_Slack_HasCorrectValue" />
    </UnitTest>
    <UnitTest name="Aula.Tests.Utilities.DateTimeUtilitiesTests.GetDanishDayName_ValidDayOfWeek_ReturnsCorrectDanishName(dayOfWeek: Saturday, expectedDanishName: &quot;lørdag&quot;)" storage="/mnt/d/git/aula/src/aula.tests/bin/debug/net9.0/aula.tests.dll" id="bdc09174-9d70-e652-ba81-c9f592504617">
      <Execution id="5dbe49e4-3e9c-4a50-92f6-294c65a49a54" />
      <TestMethod codeBase="/mnt/d/git/aula/src/Aula.Tests/bin/Debug/net9.0/Aula.Tests.dll" adapterTypeName="executor://xunit/VsTestRunner2/netcoreapp" className="Aula.Tests.Utilities.DateTimeUtilitiesTests" name="GetDanishDayName_ValidDayOfWeek_ReturnsCorrectDanishName" />
    </UnitTest>
    <UnitTest name="Aula.Tests.Utilities.DateTimeUtilitiesTests.GetDanishDayName_AllValidDaysOfWeek_ReturnsNonEmptyString(dayOfWeek: Wednesday)" storage="/mnt/d/git/aula/src/aula.tests/bin/debug/net9.0/aula.tests.dll" id="5a2ccf07-adb3-2976-b4d9-5a45aeffd5a5">
      <Execution id="92872e2a-8c02-4af5-b351-d10c72b32252" />
      <TestMethod codeBase="/mnt/d/git/aula/src/Aula.Tests/bin/Debug/net9.0/Aula.Tests.dll" adapterTypeName="executor://xunit/VsTestRunner2/netcoreapp" className="Aula.Tests.Utilities.DateTimeUtilitiesTests" name="GetDanishDayName_AllValidDaysOfWeek_ReturnsNonEmptyString" />
    </UnitTest>
    <UnitTest name="Aula.Tests.Services.DataModelTests.Reminder_DateTimeHandling_WorksCorrectly" storage="/mnt/d/git/aula/src/aula.tests/bin/debug/net9.0/aula.tests.dll" id="ad0d39e5-00d7-6228-aeb3-c91c6b3da5f5">
      <Execution id="d52c1504-ec8b-4d93-a7ee-b2f9c96d8d1f" />
      <TestMethod codeBase="/mnt/d/git/aula/src/Aula.Tests/bin/Debug/net9.0/Aula.Tests.dll" adapterTypeName="executor://xunit/VsTestRunner2/netcoreapp" className="Aula.Tests.Services.DataModelTests" name="Reminder_DateTimeHandling_WorksCorrectly" />
    </UnitTest>
    <UnitTest name="Aula.Tests.Channels.SlackBotTests.Constructor_WithWebhookUrl_CreatesInstance" storage="/mnt/d/git/aula/src/aula.tests/bin/debug/net9.0/aula.tests.dll" id="897f10c2-6c72-467e-5a23-7b3bebf70ffb">
      <Execution id="19db9eab-1fc8-42bf-8030-86221ec94ebe" />
      <TestMethod codeBase="/mnt/d/git/aula/src/Aula.Tests/bin/Debug/net9.0/Aula.Tests.dll" adapterTypeName="executor://xunit/VsTestRunner2/netcoreapp" className="Aula.Tests.Channels.SlackBotTests" name="Constructor_WithWebhookUrl_CreatesInstance" />
    </UnitTest>
    <UnitTest name="Aula.Tests.Services.OpenAiServiceIntegrationTests.ExtractKeyInformationAsync_WithValidWeekLetter_CallsApiWithCorrectParameters" storage="/mnt/d/git/aula/src/aula.tests/bin/debug/net9.0/aula.tests.dll" id="4f957322-220c-36b8-b6b3-657137ac0ed1">
      <Execution id="649431e6-7671-4f89-a566-f2da7bed39c2" />
      <TestMethod codeBase="/mnt/d/git/aula/src/Aula.Tests/bin/Debug/net9.0/Aula.Tests.dll" adapterTypeName="executor://xunit/VsTestRunner2/netcoreapp" className="Aula.Tests.Services.OpenAiServiceIntegrationTests" name="ExtractKeyInformationAsync_WithValidWeekLetter_CallsApiWithCorrectParameters" />
    </UnitTest>
    <UnitTest name="Aula.Tests.Utilities.JsonFormatterTests.Prettify_WithBooleanAndNull_PreservesTypes" storage="/mnt/d/git/aula/src/aula.tests/bin/debug/net9.0/aula.tests.dll" id="7461a5be-ee77-e379-ff74-051c3d53d9e0">
      <Execution id="930140fb-b3ff-42ec-8df0-a193a9d5a55b" />
      <TestMethod codeBase="/mnt/d/git/aula/src/Aula.Tests/bin/Debug/net9.0/Aula.Tests.dll" adapterTypeName="executor://xunit/VsTestRunner2/netcoreapp" className="Aula.Tests.Utilities.JsonFormatterTests" name="Prettify_WithBooleanAndNull_PreservesTypes" />
    </UnitTest>
    <UnitTest name="Aula.Tests.Configuration.ConfigurationTests.Timers_SchedulingInterval_ValidationTests(intervalSeconds: -1, isValid: False)" storage="/mnt/d/git/aula/src/aula.tests/bin/debug/net9.0/aula.tests.dll" id="5545fc75-ce9a-79d5-867a-5bec0a88ff66">
      <Execution id="c7d2b038-53ee-4cb5-97a8-866a11b23c2c" />
      <TestMethod codeBase="/mnt/d/git/aula/src/Aula.Tests/bin/Debug/net9.0/Aula.Tests.dll" adapterTypeName="executor://xunit/VsTestRunner2/netcoreapp" className="Aula.Tests.Configuration.ConfigurationTests" name="Timers_SchedulingInterval_ValidationTests" />
    </UnitTest>
    <UnitTest name="Aula.Tests.Utilities.FollowUpQuestionDetectorTests.IsFollowUpQuestion_WithoutFollowUpPhrases_ReturnsFalse(input: &quot;random text&quot;)" storage="/mnt/d/git/aula/src/aula.tests/bin/debug/net9.0/aula.tests.dll" id="4efd7a5c-c0df-ae80-f7ee-8f404f14cec4">
      <Execution id="5cab3a0d-b2fc-450d-a3ed-bd621613eb4c" />
      <TestMethod codeBase="/mnt/d/git/aula/src/Aula.Tests/bin/Debug/net9.0/Aula.Tests.dll" adapterTypeName="executor://xunit/VsTestRunner2/netcoreapp" className="Aula.Tests.Utilities.FollowUpQuestionDetectorTests" name="IsFollowUpQuestion_WithoutFollowUpPhrases_ReturnsFalse" />
    </UnitTest>
    <UnitTest name="Aula.Tests.Utilities.IntentAnalysisPromptsTests.ToolExamples_ContainsRequiredKeys(key: &quot;GET_CURRENT_TIME&quot;)" storage="/mnt/d/git/aula/src/aula.tests/bin/debug/net9.0/aula.tests.dll" id="bf6936c5-c569-cff2-295a-80008bcc4af4">
      <Execution id="6b079a23-decc-42c3-978d-706d67d13316" />
      <TestMethod codeBase="/mnt/d/git/aula/src/Aula.Tests/bin/Debug/net9.0/Aula.Tests.dll" adapterTypeName="executor://xunit/VsTestRunner2/netcoreapp" className="Aula.Tests.Utilities.IntentAnalysisPromptsTests" name="ToolExamples_ContainsRequiredKeys" />
    </UnitTest>
    <UnitTest name="Aula.Tests.Utilities.FollowUpQuestionDetectorTests.IsFollowUpQuestion_WithEnglishFollowUpPhrases_ReturnsTrue(input: &quot;how about Liam&quot;)" storage="/mnt/d/git/aula/src/aula.tests/bin/debug/net9.0/aula.tests.dll" id="3e382f98-ef8c-4926-27b6-c03a83290bad">
      <Execution id="9072e26d-8262-4ca0-9fc4-5cac4509dd9c" />
      <TestMethod codeBase="/mnt/d/git/aula/src/Aula.Tests/bin/Debug/net9.0/Aula.Tests.dll" adapterTypeName="executor://xunit/VsTestRunner2/netcoreapp" className="Aula.Tests.Utilities.FollowUpQuestionDetectorTests" name="IsFollowUpQuestion_WithEnglishFollowUpPhrases_ReturnsTrue" />
    </UnitTest>
    <UnitTest name="Aula.Tests.Utilities.ConversationContextManagerTests.ClearContext_WithNonExistentKey_DoesNotLog" storage="/mnt/d/git/aula/src/aula.tests/bin/debug/net9.0/aula.tests.dll" id="ad8a2ff8-387f-a97d-ceb6-7fab64c9766a">
      <Execution id="43ab9b1b-c82f-4ac6-9588-026e7e2e80cb" />
      <TestMethod codeBase="/mnt/d/git/aula/src/Aula.Tests/bin/Debug/net9.0/Aula.Tests.dll" adapterTypeName="executor://xunit/VsTestRunner2/netcoreapp" className="Aula.Tests.Utilities.ConversationContextManagerTests" name="ClearContext_WithNonExistentKey_DoesNotLog" />
    </UnitTest>
    <UnitTest name="Aula.Tests.Utilities.FollowUpQuestionDetectorTests.IsFollowUpQuestion_WithFullChildNames_WorksCorrectly(input: &quot;what about Emma Rose&quot;)" storage="/mnt/d/git/aula/src/aula.tests/bin/debug/net9.0/aula.tests.dll" id="fa32a9bf-193e-172b-6d15-20cb227d126c">
      <Execution id="2cac1918-c251-43f9-81f1-5bf0274d890b" />
      <TestMethod codeBase="/mnt/d/git/aula/src/Aula.Tests/bin/Debug/net9.0/Aula.Tests.dll" adapterTypeName="executor://xunit/VsTestRunner2/netcoreapp" className="Aula.Tests.Utilities.FollowUpQuestionDetectorTests" name="IsFollowUpQuestion_WithFullChildNames_WorksCorrectly" />
    </UnitTest>
    <UnitTest name="Aula.Tests.Services.OpenAiServiceIntegrationTests.ProcessQueryWithToolsAsync_WithInvalidContextKey_ThrowsArgumentException(contextKey: &quot;&quot;)" storage="/mnt/d/git/aula/src/aula.tests/bin/debug/net9.0/aula.tests.dll" id="2743fc93-743c-aff9-2200-095476b17025">
      <Execution id="a297e1af-0406-43db-93c0-34ad8d00a196" />
      <TestMethod codeBase="/mnt/d/git/aula/src/Aula.Tests/bin/Debug/net9.0/Aula.Tests.dll" adapterTypeName="executor://xunit/VsTestRunner2/netcoreapp" className="Aula.Tests.Services.OpenAiServiceIntegrationTests" name="ProcessQueryWithToolsAsync_WithInvalidContextKey_ThrowsArgumentException" />
    </UnitTest>
    <UnitTest name="Aula.Tests.Tools.ReminderCommandHandlerTests.Constructor_WithNullSupabaseService_ThrowsArgumentNullException" storage="/mnt/d/git/aula/src/aula.tests/bin/debug/net9.0/aula.tests.dll" id="484a9c28-0cc9-95a2-990b-b9c28e6033e5">
      <Execution id="a673008a-30f4-4c60-a133-388f6708af32" />
      <TestMethod codeBase="/mnt/d/git/aula/src/Aula.Tests/bin/Debug/net9.0/Aula.Tests.dll" adapterTypeName="executor://xunit/VsTestRunner2/netcoreapp" className="Aula.Tests.Tools.ReminderCommandHandlerTests" name="Constructor_WithNullSupabaseService_ThrowsArgumentNullException" />
    </UnitTest>
    <UnitTest name="Aula.Tests.Bots.TelegramMessageHandlerTests.Constructor_WithNullConversationContextManager_ThrowsArgumentNullException" storage="/mnt/d/git/aula/src/aula.tests/bin/debug/net9.0/aula.tests.dll" id="5befb21e-f374-5353-37db-f8026e3c1253">
      <Execution id="cd9452aa-5f7a-4acf-80cd-4b871e9423bb" />
      <TestMethod codeBase="/mnt/d/git/aula/src/Aula.Tests/bin/Debug/net9.0/Aula.Tests.dll" adapterTypeName="executor://xunit/VsTestRunner2/netcoreapp" className="Aula.Tests.Bots.TelegramMessageHandlerTests" name="Constructor_WithNullConversationContextManager_ThrowsArgumentNullException" />
    </UnitTest>
    <UnitTest name="Aula.Tests.Services.DataModelTests.PostedLetter_WeekNumberValidation_ReturnsExpectedResult(weekNumber: 53, year: 2023, isValid: True)" storage="/mnt/d/git/aula/src/aula.tests/bin/debug/net9.0/aula.tests.dll" id="55912caf-6fc4-918c-e4ec-07597adc6c56">
      <Execution id="31205208-e3df-4389-ac9b-206f516d9c30" />
      <TestMethod codeBase="/mnt/d/git/aula/src/Aula.Tests/bin/Debug/net9.0/Aula.Tests.dll" adapterTypeName="executor://xunit/VsTestRunner2/netcoreapp" className="Aula.Tests.Services.DataModelTests" name="PostedLetter_WeekNumberValidation_ReturnsExpectedResult" />
    </UnitTest>
    <UnitTest name="Aula.Tests.Scheduling.SchedulingServiceIntegrationTests.StartAsync_CanBeCalledMultipleTimes_DoesNotThrow" storage="/mnt/d/git/aula/src/aula.tests/bin/debug/net9.0/aula.tests.dll" id="c4b1de39-f215-c6c4-5b38-2f74d4b1f600">
      <Execution id="7ed910dd-9b5d-49ee-b0ac-a9289e5b65d7" />
      <TestMethod codeBase="/mnt/d/git/aula/src/Aula.Tests/bin/Debug/net9.0/Aula.Tests.dll" adapterTypeName="executor://xunit/VsTestRunner2/netcoreapp" className="Aula.Tests.Scheduling.SchedulingServiceIntegrationTests" name="StartAsync_CanBeCalledMultipleTimes_DoesNotThrow" />
    </UnitTest>
    <UnitTest name="Aula.Tests.Scheduling.SchedulingServiceTests.Constructor_WithValidParameters_InitializesCorrectly" storage="/mnt/d/git/aula/src/aula.tests/bin/debug/net9.0/aula.tests.dll" id="715923f7-f881-74c1-66a2-e6f91fe6f3c7">
      <Execution id="eba043e6-54dc-4f2a-b281-f2999d688225" />
      <TestMethod codeBase="/mnt/d/git/aula/src/Aula.Tests/bin/Debug/net9.0/Aula.Tests.dll" adapterTypeName="executor://xunit/VsTestRunner2/netcoreapp" className="Aula.Tests.Scheduling.SchedulingServiceTests" name="Constructor_WithValidParameters_InitializesCorrectly" />
    </UnitTest>
    <UnitTest name="Aula.Tests.Utilities.FollowUpQuestionDetectorTests.IsFollowUpQuestion_WithDanishFollowUpPhrases_ReturnsTrue(input: &quot;hvad med Emma&quot;)" storage="/mnt/d/git/aula/src/aula.tests/bin/debug/net9.0/aula.tests.dll" id="8c3471e8-fc32-9e5a-4e09-9595c65b9cfb">
      <Execution id="d2c92701-97db-46b8-9ecd-e8837b0f3fc8" />
      <TestMethod codeBase="/mnt/d/git/aula/src/Aula.Tests/bin/Debug/net9.0/Aula.Tests.dll" adapterTypeName="executor://xunit/VsTestRunner2/netcoreapp" className="Aula.Tests.Utilities.FollowUpQuestionDetectorTests" name="IsFollowUpQuestion_WithDanishFollowUpPhrases_ReturnsTrue" />
    </UnitTest>
    <UnitTest name="Aula.Tests.Utilities.ConversationContextManagerTests.GetContext_WithValidKey_ReturnsContext" storage="/mnt/d/git/aula/src/aula.tests/bin/debug/net9.0/aula.tests.dll" id="ec69e657-5b70-1fb9-5485-83b465ae5c05">
      <Execution id="f198ab18-6bbf-45de-ba3f-2aea8c711a71" />
      <TestMethod codeBase="/mnt/d/git/aula/src/Aula.Tests/bin/Debug/net9.0/Aula.Tests.dll" adapterTypeName="executor://xunit/VsTestRunner2/netcoreapp" className="Aula.Tests.Utilities.ConversationContextManagerTests" name="GetContext_WithValidKey_ReturnsContext" />
    </UnitTest>
    <UnitTest name="Aula.Tests.Configuration.ConfigurationTests.Timers_AdaptivePollingLimits_ValidationTests(minSeconds: 5, maxSeconds: 30, isValid: True)" storage="/mnt/d/git/aula/src/aula.tests/bin/debug/net9.0/aula.tests.dll" id="0a8ad004-d01c-d1e0-58a0-181e5b1d213b">
      <Execution id="01e6bf1a-e201-4310-92b0-85e29d7dbbc3" />
      <TestMethod codeBase="/mnt/d/git/aula/src/Aula.Tests/bin/Debug/net9.0/Aula.Tests.dll" adapterTypeName="executor://xunit/VsTestRunner2/netcoreapp" className="Aula.Tests.Configuration.ConfigurationTests" name="Timers_AdaptivePollingLimits_ValidationTests" />
    </UnitTest>
    <UnitTest name="Aula.Tests.Services.OpenAiServiceIntegrationTests.AskQuestionAboutWeekLetterAsync_WithContextKey_WithNullWeekLetter_ThrowsArgumentNullException(chatInterface: Slack)" storage="/mnt/d/git/aula/src/aula.tests/bin/debug/net9.0/aula.tests.dll" id="ebaf8397-8612-cd93-1911-25f8b63dd1af">
      <Execution id="26a1d660-3c79-4001-b67f-bcba2dc2635d" />
      <TestMethod codeBase="/mnt/d/git/aula/src/Aula.Tests/bin/Debug/net9.0/Aula.Tests.dll" adapterTypeName="executor://xunit/VsTestRunner2/netcoreapp" className="Aula.Tests.Services.OpenAiServiceIntegrationTests" name="AskQuestionAboutWeekLetterAsync_WithContextKey_WithNullWeekLetter_ThrowsArgumentNullException" />
    </UnitTest>
    <UnitTest name="Aula.Tests.Utilities.IntentAnalysisPromptsTests.ToolExamples_ContainsRequiredKeys(key: &quot;WEEK_LETTER_QUERY&quot;)" storage="/mnt/d/git/aula/src/aula.tests/bin/debug/net9.0/aula.tests.dll" id="4d1c39cc-af91-5c58-272b-da1e4b7a0924">
      <Execution id="9c992b4b-70a0-4992-a817-38e9605fa3ba" />
      <TestMethod codeBase="/mnt/d/git/aula/src/Aula.Tests/bin/Debug/net9.0/Aula.Tests.dll" adapterTypeName="executor://xunit/VsTestRunner2/netcoreapp" className="Aula.Tests.Utilities.IntentAnalysisPromptsTests" name="ToolExamples_ContainsRequiredKeys" />
    </UnitTest>
    <UnitTest name="Aula.Tests.Services.DataModelTests.ScheduledTask_CronExpression_CanBeSet(cronExpression: &quot;0 9 * * 1-5&quot;, description: &quot;Daily at 9 AM on weekdays&quot;)" storage="/mnt/d/git/aula/src/aula.tests/bin/debug/net9.0/aula.tests.dll" id="d56dd742-e931-0f4c-26ba-408458db3851">
      <Execution id="9fb81bb9-de6e-4ecf-9183-135e75b310f7" />
      <TestMethod codeBase="/mnt/d/git/aula/src/Aula.Tests/bin/Debug/net9.0/Aula.Tests.dll" adapterTypeName="executor://xunit/VsTestRunner2/netcoreapp" className="Aula.Tests.Services.DataModelTests" name="ScheduledTask_CronExpression_CanBeSet" />
    </UnitTest>
    <UnitTest name="Aula.Tests.Utilities.JsonFormatterTests.Prettify_WithStringValue_ReturnsFormattedString" storage="/mnt/d/git/aula/src/aula.tests/bin/debug/net9.0/aula.tests.dll" id="62b0fe72-30f1-2af2-c068-90091bfb1d44">
      <Execution id="69548204-6b6d-4181-9033-7718d131f866" />
      <TestMethod codeBase="/mnt/d/git/aula/src/Aula.Tests/bin/Debug/net9.0/Aula.Tests.dll" adapterTypeName="executor://xunit/VsTestRunner2/netcoreapp" className="Aula.Tests.Utilities.JsonFormatterTests" name="Prettify_WithStringValue_ReturnsFormattedString" />
    </UnitTest>
    <UnitTest name="Aula.Tests.Channels.TelegramClientTests.PostWeekLetter_WithVariousChildNames_HandlesCorrectly(firstName: &quot;TestChild2&quot;)" storage="/mnt/d/git/aula/src/aula.tests/bin/debug/net9.0/aula.tests.dll" id="28097eda-a5f4-e6e6-7060-12e7665f3075">
      <Execution id="2abb3cd6-d7d1-4358-986c-3cb490762d45" />
      <TestMethod codeBase="/mnt/d/git/aula/src/Aula.Tests/bin/Debug/net9.0/Aula.Tests.dll" adapterTypeName="executor://xunit/VsTestRunner2/netcoreapp" className="Aula.Tests.Channels.TelegramClientTests" name="PostWeekLetter_WithVariousChildNames_HandlesCorrectly" />
    </UnitTest>
    <UnitTest name="Aula.Tests.Services.DataServiceTests.CacheWeekSchedule_StoresDataInCache" storage="/mnt/d/git/aula/src/aula.tests/bin/debug/net9.0/aula.tests.dll" id="ca4a7c7d-ea0c-9793-dbdd-ecdb86ee62d2">
      <Execution id="f6224534-34c6-45f5-bbfd-3c0ddb2ffcc9" />
      <TestMethod codeBase="/mnt/d/git/aula/src/Aula.Tests/bin/Debug/net9.0/Aula.Tests.dll" adapterTypeName="executor://xunit/VsTestRunner2/netcoreapp" className="Aula.Tests.Services.DataServiceTests" name="CacheWeekSchedule_StoresDataInCache" />
    </UnitTest>
    <UnitTest name="Aula.Tests.Tools.ReminderCommandHandlerTests.TryHandleReminderCommand_DeleteReminder_ValidCommands_ReturnsSuccess(command: &quot;delete reminder 1&quot;, isEnglish: True, expectedId: 1)" storage="/mnt/d/git/aula/src/aula.tests/bin/debug/net9.0/aula.tests.dll" id="47018a2b-c5b5-f700-6399-75af9808bb33">
      <Execution id="52808f9c-fde0-4840-969a-7e8bfa09ab15" />
      <TestMethod codeBase="/mnt/d/git/aula/src/Aula.Tests/bin/Debug/net9.0/Aula.Tests.dll" adapterTypeName="executor://xunit/VsTestRunner2/netcoreapp" className="Aula.Tests.Tools.ReminderCommandHandlerTests" name="TryHandleReminderCommand_DeleteReminder_ValidCommands_ReturnsSuccess" />
    </UnitTest>
    <UnitTest name="Aula.Tests.Channels.TelegramClientTests.SendMessageToChannel_WithVariousChannelIds_DoesNotThrow(channelId: &quot;-1001234567890&quot;)" storage="/mnt/d/git/aula/src/aula.tests/bin/debug/net9.0/aula.tests.dll" id="b7bbbe98-91af-7dec-8966-b09bed25d558">
      <Execution id="2fef7af8-f078-4f1e-8800-5f6e50c53dad" />
      <TestMethod codeBase="/mnt/d/git/aula/src/Aula.Tests/bin/Debug/net9.0/Aula.Tests.dll" adapterTypeName="executor://xunit/VsTestRunner2/netcoreapp" className="Aula.Tests.Channels.TelegramClientTests" name="SendMessageToChannel_WithVariousChannelIds_DoesNotThrow" />
    </UnitTest>
    <UnitTest name="Aula.Tests.Integration.AgentServiceTests.AskQuestionAboutWeekLetterAsync_WithContextKey_CallsOpenAiService" storage="/mnt/d/git/aula/src/aula.tests/bin/debug/net9.0/aula.tests.dll" id="7415a632-957d-b568-8d89-35975dec612b">
      <Execution id="5631b358-acf5-4bd6-a992-023e9b9018d2" />
      <TestMethod codeBase="/mnt/d/git/aula/src/Aula.Tests/bin/Debug/net9.0/Aula.Tests.dll" adapterTypeName="executor://xunit/VsTestRunner2/netcoreapp" className="Aula.Tests.Integration.AgentServiceTests" name="AskQuestionAboutWeekLetterAsync_WithContextKey_CallsOpenAiService" />
    </UnitTest>
    <UnitTest name="Aula.Tests.Tools.ReminderCommandHandlerTests.TryHandleReminderCommand_ListReminders_ValidCommands_ReturnsRemindersList(command: &quot;vis påmindelser&quot;, isEnglish: False)" storage="/mnt/d/git/aula/src/aula.tests/bin/debug/net9.0/aula.tests.dll" id="e91a7b75-ac3d-2bd0-17fa-3f23acb86759">
      <Execution id="503deb7a-a23c-49fd-a6fc-af7b3bfe0f02" />
      <TestMethod codeBase="/mnt/d/git/aula/src/Aula.Tests/bin/Debug/net9.0/Aula.Tests.dll" adapterTypeName="executor://xunit/VsTestRunner2/netcoreapp" className="Aula.Tests.Tools.ReminderCommandHandlerTests" name="TryHandleReminderCommand_ListReminders_ValidCommands_ReturnsRemindersList" />
    </UnitTest>
    <UnitTest name="Aula.Tests.Utilities.DateTimeUtilitiesTests.GetDanishDayName_ValidDayOfWeek_ReturnsLowercaseName(dayOfWeek: Wednesday, expectedName: &quot;onsdag&quot;)" storage="/mnt/d/git/aula/src/aula.tests/bin/debug/net9.0/aula.tests.dll" id="3c407d09-bd83-3cf2-cf6c-c0dc480601dc">
      <Execution id="5d91bc10-b524-4906-8ec6-1e8dd00b4308" />
      <TestMethod codeBase="/mnt/d/git/aula/src/Aula.Tests/bin/Debug/net9.0/Aula.Tests.dll" adapterTypeName="executor://xunit/VsTestRunner2/netcoreapp" className="Aula.Tests.Utilities.DateTimeUtilitiesTests" name="GetDanishDayName_ValidDayOfWeek_ReturnsLowercaseName" />
    </UnitTest>
    <UnitTest name="Aula.Tests.Utilities.ReminderExtractionPromptsTests.GetExtractionPrompt_ResponseFormat_IsConsistent" storage="/mnt/d/git/aula/src/aula.tests/bin/debug/net9.0/aula.tests.dll" id="d2358b75-2179-dc76-97f4-8e1dfce3fe98">
      <Execution id="29b62d54-516c-4b4e-bb0c-24c0805a0bb6" />
      <TestMethod codeBase="/mnt/d/git/aula/src/Aula.Tests/bin/Debug/net9.0/Aula.Tests.dll" adapterTypeName="executor://xunit/VsTestRunner2/netcoreapp" className="Aula.Tests.Utilities.ReminderExtractionPromptsTests" name="GetExtractionPrompt_ResponseFormat_IsConsistent" />
    </UnitTest>
    <UnitTest name="Aula.Tests.Configuration.ConfigurationTests.Features_ConversationCacheExpiration_ValidationTests(minutes: 30, isValid: True)" storage="/mnt/d/git/aula/src/aula.tests/bin/debug/net9.0/aula.tests.dll" id="20824924-0d17-ff1e-4d7b-1e65a0dd7f7d">
      <Execution id="d33fa4f7-051e-410a-a918-67ae670c7689" />
      <TestMethod codeBase="/mnt/d/git/aula/src/Aula.Tests/bin/Debug/net9.0/Aula.Tests.dll" adapterTypeName="executor://xunit/VsTestRunner2/netcoreapp" className="Aula.Tests.Configuration.ConfigurationTests" name="Features_ConversationCacheExpiration_ValidationTests" />
    </UnitTest>
    <UnitTest name="Aula.Tests.Bots.TelegramMessageHandlerTests.Constructor_WithNullConfig_ThrowsArgumentNullException" storage="/mnt/d/git/aula/src/aula.tests/bin/debug/net9.0/aula.tests.dll" id="a4d29aee-2a2f-7b9e-08b4-102ef4fe6813">
      <Execution id="3c204839-b743-4696-a95f-5cbc5d67db7f" />
      <TestMethod codeBase="/mnt/d/git/aula/src/Aula.Tests/bin/Debug/net9.0/Aula.Tests.dll" adapterTypeName="executor://xunit/VsTestRunner2/netcoreapp" className="Aula.Tests.Bots.TelegramMessageHandlerTests" name="Constructor_WithNullConfig_ThrowsArgumentNullException" />
    </UnitTest>
    <UnitTest name="Aula.Tests.Bots.TelegramInteractiveBotTests.ComputeHash_WithDifferentInputs_ReturnsConsistentHashes(input: &quot;&quot;)" storage="/mnt/d/git/aula/src/aula.tests/bin/debug/net9.0/aula.tests.dll" id="fe1a2924-96f3-7e80-1a74-9f9fd249b93e">
      <Execution id="e1faf12b-9d96-437e-ac71-606a6cffccd8" />
      <TestMethod codeBase="/mnt/d/git/aula/src/Aula.Tests/bin/Debug/net9.0/Aula.Tests.dll" adapterTypeName="executor://xunit/VsTestRunner2/netcoreapp" className="Aula.Tests.Bots.TelegramInteractiveBotTests" name="ComputeHash_WithDifferentInputs_ReturnsConsistentHashes" />
    </UnitTest>
    <UnitTest name="Aula.Tests.Utilities.DateTimeUtilitiesTests.GetDanishDayName_ValidDayOfWeek_ReturnsLowercaseName(dayOfWeek: Sunday, expectedName: &quot;søndag&quot;)" storage="/mnt/d/git/aula/src/aula.tests/bin/debug/net9.0/aula.tests.dll" id="adb49f16-3736-24f6-5b1f-837b780eb877">
      <Execution id="56a18db9-a849-4eac-a388-ec3cf4300f03" />
      <TestMethod codeBase="/mnt/d/git/aula/src/Aula.Tests/bin/Debug/net9.0/Aula.Tests.dll" adapterTypeName="executor://xunit/VsTestRunner2/netcoreapp" className="Aula.Tests.Utilities.DateTimeUtilitiesTests" name="GetDanishDayName_ValidDayOfWeek_ReturnsLowercaseName" />
    </UnitTest>
    <UnitTest name="Aula.Tests.Channels.SlackBotTests.PostWeekLetter_WithVariousChildColors_HandlesCorrectly(color: &quot;#0000FF&quot;)" storage="/mnt/d/git/aula/src/aula.tests/bin/debug/net9.0/aula.tests.dll" id="0f731173-747f-4b49-2f2d-d518fc733b7a">
      <Execution id="8aca6397-58ef-4a22-94a7-25a42490a6f0" />
      <TestMethod codeBase="/mnt/d/git/aula/src/Aula.Tests/bin/Debug/net9.0/Aula.Tests.dll" adapterTypeName="executor://xunit/VsTestRunner2/netcoreapp" className="Aula.Tests.Channels.SlackBotTests" name="PostWeekLetter_WithVariousChildColors_HandlesCorrectly" />
    </UnitTest>
    <UnitTest name="Aula.Tests.Integration.AgentServiceTests.ExtractKeyInformationFromWeekLetterAsync_CallsOpenAiService" storage="/mnt/d/git/aula/src/aula.tests/bin/debug/net9.0/aula.tests.dll" id="a81f27b4-0dc1-da96-d279-fb940b021717">
      <Execution id="104f8f8b-018e-44f8-ad32-e53be8a7641f" />
      <TestMethod codeBase="/mnt/d/git/aula/src/Aula.Tests/bin/Debug/net9.0/Aula.Tests.dll" adapterTypeName="executor://xunit/VsTestRunner2/netcoreapp" className="Aula.Tests.Integration.AgentServiceTests" name="ExtractKeyInformationFromWeekLetterAsync_CallsOpenAiService" />
    </UnitTest>
    <UnitTest name="Aula.Tests.Utilities.FollowUpQuestionDetectorTests.IsFollowUpQuestion_WithChildNameAndShortMessage_ReturnsTrue(input: &quot;emma&quot;)" storage="/mnt/d/git/aula/src/aula.tests/bin/debug/net9.0/aula.tests.dll" id="5978b633-9011-54a2-21cc-a2b29dbbebca">
      <Execution id="4f664413-8da6-451d-8457-51fffb7a1d90" />
      <TestMethod codeBase="/mnt/d/git/aula/src/Aula.Tests/bin/Debug/net9.0/Aula.Tests.dll" adapterTypeName="executor://xunit/VsTestRunner2/netcoreapp" className="Aula.Tests.Utilities.FollowUpQuestionDetectorTests" name="IsFollowUpQuestion_WithChildNameAndShortMessage_ReturnsTrue" />
    </UnitTest>
    <UnitTest name="Aula.Tests.Tools.AiToolsManagerTests.ListRemindersAsync_WithReminders_ReturnsFormattedList" storage="/mnt/d/git/aula/src/aula.tests/bin/debug/net9.0/aula.tests.dll" id="d40cf226-bdf8-6b6d-78c9-8bc50af04b77">
      <Execution id="75c281bc-6815-45cb-bb43-10d63fc69931" />
      <TestMethod codeBase="/mnt/d/git/aula/src/Aula.Tests/bin/Debug/net9.0/Aula.Tests.dll" adapterTypeName="executor://xunit/VsTestRunner2/netcoreapp" className="Aula.Tests.Tools.AiToolsManagerTests" name="ListRemindersAsync_WithReminders_ReturnsFormattedList" />
    </UnitTest>
    <UnitTest name="Aula.Tests.Utilities.WeekLetterContentExtractorTests.ExtractContent_WithValidJObject_ReturnsContent" storage="/mnt/d/git/aula/src/aula.tests/bin/debug/net9.0/aula.tests.dll" id="2a1dcdd7-96d2-dad7-f34d-9619dff356c8">
      <Execution id="e288ce48-2707-4068-977b-fa7109f4eb22" />
      <TestMethod codeBase="/mnt/d/git/aula/src/Aula.Tests/bin/Debug/net9.0/Aula.Tests.dll" adapterTypeName="executor://xunit/VsTestRunner2/netcoreapp" className="Aula.Tests.Utilities.WeekLetterContentExtractorTests" name="ExtractContent_WithValidJObject_ReturnsContent" />
    </UnitTest>
    <UnitTest name="Aula.Tests.Bots.TelegramInteractiveBotTests.Stop_WhenCalled_LogsInformation" storage="/mnt/d/git/aula/src/aula.tests/bin/debug/net9.0/aula.tests.dll" id="ab49834c-8dcd-dead-a042-efc0f8ab3657">
      <Execution id="847f057a-196b-475c-afa2-31f6b6f98337" />
      <TestMethod codeBase="/mnt/d/git/aula/src/Aula.Tests/bin/Debug/net9.0/Aula.Tests.dll" adapterTypeName="executor://xunit/VsTestRunner2/netcoreapp" className="Aula.Tests.Bots.TelegramInteractiveBotTests" name="Stop_WhenCalled_LogsInformation" />
    </UnitTest>
    <UnitTest name="Aula.Tests.Bots.TelegramMessageHandlerTests.HandleMessageAsync_WithReminderCommand_CallsReminderHandler(reminderCommand: &quot;tilføj påmindelse&quot;)" storage="/mnt/d/git/aula/src/aula.tests/bin/debug/net9.0/aula.tests.dll" id="83b59476-a7fb-56e8-b97b-0e902d31cd18">
      <Execution id="f8d0b693-1539-4f58-94ee-14ffb9239580" />
      <TestMethod codeBase="/mnt/d/git/aula/src/Aula.Tests/bin/Debug/net9.0/Aula.Tests.dll" adapterTypeName="executor://xunit/VsTestRunner2/netcoreapp" className="Aula.Tests.Bots.TelegramMessageHandlerTests" name="HandleMessageAsync_WithReminderCommand_CallsReminderHandler" />
    </UnitTest>
    <UnitTest name="Aula.Tests.Bots.SlackMessageHandlerTests.HandleMessageAsync_WithValidQuery_ProcessesSuccessfully(queryText: &quot;Hvad skal Emma i dag?&quot;)" storage="/mnt/d/git/aula/src/aula.tests/bin/debug/net9.0/aula.tests.dll" id="5ad91b1e-e6bf-9b68-b95f-00f8f29f8b7a">
      <Execution id="fce930ff-f1f1-4c31-82f7-b9f410611883" />
      <TestMethod codeBase="/mnt/d/git/aula/src/Aula.Tests/bin/Debug/net9.0/Aula.Tests.dll" adapterTypeName="executor://xunit/VsTestRunner2/netcoreapp" className="Aula.Tests.Bots.SlackMessageHandlerTests" name="HandleMessageAsync_WithValidQuery_ProcessesSuccessfully" />
    </UnitTest>
    <UnitTest name="Aula.Tests.Utilities.FollowUpQuestionDetectorTests.IsFollowUpQuestion_WithChildNameAndTimeReference_ReturnsFalse(input: &quot;Emma i dag&quot;)" storage="/mnt/d/git/aula/src/aula.tests/bin/debug/net9.0/aula.tests.dll" id="9c66a10c-5031-a4c7-4640-d32dfe0d1dde">
      <Execution id="1a34c1b9-8cff-485d-ad5a-844b6bd6ebe9" />
      <TestMethod codeBase="/mnt/d/git/aula/src/Aula.Tests/bin/Debug/net9.0/Aula.Tests.dll" adapterTypeName="executor://xunit/VsTestRunner2/netcoreapp" className="Aula.Tests.Utilities.FollowUpQuestionDetectorTests" name="IsFollowUpQuestion_WithChildNameAndTimeReference_ReturnsFalse" />
    </UnitTest>
    <UnitTest name="Aula.Tests.Utilities.FollowUpQuestionDetectorTests.IsFollowUpQuestion_WithoutFollowUpPhrases_ReturnsFalse(input: &quot;hello&quot;)" storage="/mnt/d/git/aula/src/aula.tests/bin/debug/net9.0/aula.tests.dll" id="c6b19e93-2b61-da47-f9a3-89a03fe395c8">
      <Execution id="fbdfd673-3fc6-44f5-992c-4f1f34c75139" />
      <TestMethod codeBase="/mnt/d/git/aula/src/Aula.Tests/bin/Debug/net9.0/Aula.Tests.dll" adapterTypeName="executor://xunit/VsTestRunner2/netcoreapp" className="Aula.Tests.Utilities.FollowUpQuestionDetectorTests" name="IsFollowUpQuestion_WithoutFollowUpPhrases_ReturnsFalse" />
    </UnitTest>
    <UnitTest name="Aula.Tests.Configuration.ConfigurationTests.GoogleServiceAccount_ConfigurationIsCorrect" storage="/mnt/d/git/aula/src/aula.tests/bin/debug/net9.0/aula.tests.dll" id="07e0302f-2dc8-4d9e-5870-92f7c56a6ee3">
      <Execution id="b1d2ed58-52e3-4278-82bc-72d113692bd3" />
      <TestMethod codeBase="/mnt/d/git/aula/src/Aula.Tests/bin/Debug/net9.0/Aula.Tests.dll" adapterTypeName="executor://xunit/VsTestRunner2/netcoreapp" className="Aula.Tests.Configuration.ConfigurationTests" name="GoogleServiceAccount_ConfigurationIsCorrect" />
    </UnitTest>
    <UnitTest name="Aula.Tests.Bots.TelegramMessageHandlerTests.Constructor_WithNullAgentService_ThrowsArgumentNullException" storage="/mnt/d/git/aula/src/aula.tests/bin/debug/net9.0/aula.tests.dll" id="a35c1648-d310-4839-ee57-c271d40d7d0e">
      <Execution id="2aae6a14-627f-4b3a-adf3-4f28c73abc36" />
      <TestMethod codeBase="/mnt/d/git/aula/src/Aula.Tests/bin/Debug/net9.0/Aula.Tests.dll" adapterTypeName="executor://xunit/VsTestRunner2/netcoreapp" className="Aula.Tests.Bots.TelegramMessageHandlerTests" name="Constructor_WithNullAgentService_ThrowsArgumentNullException" />
    </UnitTest>
    <UnitTest name="Aula.Tests.Scheduling.SchedulingServiceIntegrationTests.Constructor_WithNullSlackBot_ThrowsArgumentNullException" storage="/mnt/d/git/aula/src/aula.tests/bin/debug/net9.0/aula.tests.dll" id="690eef1c-e4e3-0c63-48ad-a783777fa685">
      <Execution id="7920888c-aef2-4c2d-8fff-9fcab09f2295" />
      <TestMethod codeBase="/mnt/d/git/aula/src/Aula.Tests/bin/Debug/net9.0/Aula.Tests.dll" adapterTypeName="executor://xunit/VsTestRunner2/netcoreapp" className="Aula.Tests.Scheduling.SchedulingServiceIntegrationTests" name="Constructor_WithNullSlackBot_ThrowsArgumentNullException" />
    </UnitTest>
    <UnitTest name="Aula.Tests.Utilities.IntentAnalysisPromptsTests.ToolExamples_ContainsExpectedEntries" storage="/mnt/d/git/aula/src/aula.tests/bin/debug/net9.0/aula.tests.dll" id="a779e8fb-6c0d-9d3b-3942-4cfee84facb5">
      <Execution id="cca9c85f-c95e-4224-b470-7bd74b401028" />
      <TestMethod codeBase="/mnt/d/git/aula/src/Aula.Tests/bin/Debug/net9.0/Aula.Tests.dll" adapterTypeName="executor://xunit/VsTestRunner2/netcoreapp" className="Aula.Tests.Utilities.IntentAnalysisPromptsTests" name="ToolExamples_ContainsExpectedEntries" />
    </UnitTest>
    <UnitTest name="Aula.Tests.Utilities.ConversationContextManagerTests.UpdateContext_WithValidInput_CreatesNewContext" storage="/mnt/d/git/aula/src/aula.tests/bin/debug/net9.0/aula.tests.dll" id="ac6ebb8c-c327-57cd-3af5-aa07fb4edc14">
      <Execution id="3c9cbb30-f933-4f5f-be93-81090592baeb" />
      <TestMethod codeBase="/mnt/d/git/aula/src/Aula.Tests/bin/Debug/net9.0/Aula.Tests.dll" adapterTypeName="executor://xunit/VsTestRunner2/netcoreapp" className="Aula.Tests.Utilities.ConversationContextManagerTests" name="UpdateContext_WithValidInput_CreatesNewContext" />
    </UnitTest>
    <UnitTest name="Aula.Tests.Tools.ReminderCommandHandlerTests.TryHandleReminderCommand_ListReminders_ValidCommands_ReturnsRemindersList(command: &quot;show reminders&quot;, isEnglish: True)" storage="/mnt/d/git/aula/src/aula.tests/bin/debug/net9.0/aula.tests.dll" id="5e8b18ba-6a80-fd43-4cb0-8c6bdf8765d5">
      <Execution id="4be2fd0e-4601-4cc8-8638-006c501d3397" />
      <TestMethod codeBase="/mnt/d/git/aula/src/Aula.Tests/bin/Debug/net9.0/Aula.Tests.dll" adapterTypeName="executor://xunit/VsTestRunner2/netcoreapp" className="Aula.Tests.Tools.ReminderCommandHandlerTests" name="TryHandleReminderCommand_ListReminders_ValidCommands_ReturnsRemindersList" />
    </UnitTest>
    <UnitTest name="Aula.Tests.Bots.TelegramInteractiveBotTests.SendMessage_WithLongChatIdAsLong_SendsSuccessfully(chatId: 987654321)" storage="/mnt/d/git/aula/src/aula.tests/bin/debug/net9.0/aula.tests.dll" id="9191e86e-6282-7313-7613-da1e1fef327e">
      <Execution id="1f0ecd4f-4118-4152-9a36-a40b306836ed" />
      <TestMethod codeBase="/mnt/d/git/aula/src/Aula.Tests/bin/Debug/net9.0/Aula.Tests.dll" adapterTypeName="executor://xunit/VsTestRunner2/netcoreapp" className="Aula.Tests.Bots.TelegramInteractiveBotTests" name="SendMessage_WithLongChatIdAsLong_SendsSuccessfully" />
    </UnitTest>
    <UnitTest name="Aula.Tests.Utilities.Html2SlackMarkdownConverterTests.Convert_WithScriptAndStyleTags_RemovesTagsButNotContent(html: &quot;&lt;style&gt;body { color: red; }&lt;/style&gt;&lt;p&gt;Content&lt;/p&gt;&quot;)" storage="/mnt/d/git/aula/src/aula.tests/bin/debug/net9.0/aula.tests.dll" id="e57b5d64-f9f1-68ef-e175-4a5caa032c54">
      <Execution id="a4308dd2-1f99-4d5c-93db-a0d4164a2311" />
      <TestMethod codeBase="/mnt/d/git/aula/src/Aula.Tests/bin/Debug/net9.0/Aula.Tests.dll" adapterTypeName="executor://xunit/VsTestRunner2/netcoreapp" className="Aula.Tests.Utilities.Html2SlackMarkdownConverterTests" name="Convert_WithScriptAndStyleTags_RemovesTagsButNotContent" />
    </UnitTest>
    <UnitTest name="Aula.Tests.Utilities.Html2SlackMarkdownConverterTests.Convert_WithSpecialCharacters_HandlesCorrectly" storage="/mnt/d/git/aula/src/aula.tests/bin/debug/net9.0/aula.tests.dll" id="c4c73275-60fb-43b0-eee6-93a19927e8fc">
      <Execution id="00e4b9f3-ae01-4ae2-a6c3-2d480cd2965c" />
      <TestMethod codeBase="/mnt/d/git/aula/src/Aula.Tests/bin/Debug/net9.0/Aula.Tests.dll" adapterTypeName="executor://xunit/VsTestRunner2/netcoreapp" className="Aula.Tests.Utilities.Html2SlackMarkdownConverterTests" name="Convert_WithSpecialCharacters_HandlesCorrectly" />
    </UnitTest>
    <UnitTest name="Aula.Tests.Utilities.WeekLetterContentExtractorTests.ExtractContent_WithNullLogger_DoesNotThrow" storage="/mnt/d/git/aula/src/aula.tests/bin/debug/net9.0/aula.tests.dll" id="3e10b303-d441-b310-0523-4f1f964c7566">
      <Execution id="afd4ab4b-f00e-4c05-b725-0e28c523eaac" />
      <TestMethod codeBase="/mnt/d/git/aula/src/Aula.Tests/bin/Debug/net9.0/Aula.Tests.dll" adapterTypeName="executor://xunit/VsTestRunner2/netcoreapp" className="Aula.Tests.Utilities.WeekLetterContentExtractorTests" name="ExtractContent_WithNullLogger_DoesNotThrow" />
    </UnitTest>
    <UnitTest name="Aula.Tests.Tools.ReminderCommandHandlerTests.TryHandleReminderCommand_DeleteReminder_ValidCommands_ReturnsSuccess(command: &quot;slet påmindelse 456&quot;, isEnglish: False, expectedId: 456)" storage="/mnt/d/git/aula/src/aula.tests/bin/debug/net9.0/aula.tests.dll" id="c1d38bdc-38f6-c12c-a7df-652ec55b291d">
      <Execution id="52e34b1f-5812-4e4b-8975-d97aec6668d1" />
      <TestMethod codeBase="/mnt/d/git/aula/src/Aula.Tests/bin/Debug/net9.0/Aula.Tests.dll" adapterTypeName="executor://xunit/VsTestRunner2/netcoreapp" className="Aula.Tests.Tools.ReminderCommandHandlerTests" name="TryHandleReminderCommand_DeleteReminder_ValidCommands_ReturnsSuccess" />
    </UnitTest>
    <UnitTest name="Aula.Tests.Bots.SlackInteractiveBotTests.PostWeekLetter_WithValidData_PostsSuccessfully" storage="/mnt/d/git/aula/src/aula.tests/bin/debug/net9.0/aula.tests.dll" id="1ce865d9-57c4-31f9-0333-820160e71698">
      <Execution id="df563b44-ec00-4ec1-b4ef-6d5a97aec09a" />
      <TestMethod codeBase="/mnt/d/git/aula/src/Aula.Tests/bin/Debug/net9.0/Aula.Tests.dll" adapterTypeName="executor://xunit/VsTestRunner2/netcoreapp" className="Aula.Tests.Bots.SlackInteractiveBotTests" name="PostWeekLetter_WithValidData_PostsSuccessfully" />
    </UnitTest>
    <UnitTest name="Aula.Tests.Configuration.ConfigurationTests.Slack_ChannelId_ValidationTests(channelId: &quot;   &quot;, isValid: False)" storage="/mnt/d/git/aula/src/aula.tests/bin/debug/net9.0/aula.tests.dll" id="f5c58e94-9cf1-991c-aa85-75e7d2a200a6">
      <Execution id="58f70d8b-6f3f-4d9e-9f90-c08adb7430ec" />
      <TestMethod codeBase="/mnt/d/git/aula/src/Aula.Tests/bin/Debug/net9.0/Aula.Tests.dll" adapterTypeName="executor://xunit/VsTestRunner2/netcoreapp" className="Aula.Tests.Configuration.ConfigurationTests" name="Slack_ChannelId_ValidationTests" />
    </UnitTest>
    <UnitTest name="Aula.Tests.Bots.TelegramMessageHandlerTests.HandleMessageAsync_WithEmptyText_ReturnsEarly" storage="/mnt/d/git/aula/src/aula.tests/bin/debug/net9.0/aula.tests.dll" id="e64ab231-01c1-e586-c097-a5bc789dc9e3">
      <Execution id="9119ff5a-24e1-439f-ac24-9d34b4f68d98" />
      <TestMethod codeBase="/mnt/d/git/aula/src/Aula.Tests/bin/Debug/net9.0/Aula.Tests.dll" adapterTypeName="executor://xunit/VsTestRunner2/netcoreapp" className="Aula.Tests.Bots.TelegramMessageHandlerTests" name="HandleMessageAsync_WithEmptyText_ReturnsEarly" />
    </UnitTest>
    <UnitTest name="Aula.Tests.Bots.TelegramInteractiveBotTests.Constructor_WithValidParameters_InitializesCorrectly" storage="/mnt/d/git/aula/src/aula.tests/bin/debug/net9.0/aula.tests.dll" id="586d74ce-5942-0e84-021d-61533272d525">
      <Execution id="7a6412a2-2af1-46f5-bee8-90be10673a97" />
      <TestMethod codeBase="/mnt/d/git/aula/src/Aula.Tests/bin/Debug/net9.0/Aula.Tests.dll" adapterTypeName="executor://xunit/VsTestRunner2/netcoreapp" className="Aula.Tests.Bots.TelegramInteractiveBotTests" name="Constructor_WithValidParameters_InitializesCorrectly" />
    </UnitTest>
    <UnitTest name="Aula.Tests.Utilities.FollowUpQuestionDetectorTests.IsFollowUpQuestion_WithLongMessageContainingChildName_ReturnsFalse(input: &quot;This is a very long message that contains Emma but&quot;···)" storage="/mnt/d/git/aula/src/aula.tests/bin/debug/net9.0/aula.tests.dll" id="cea2ec8e-0a0c-aae3-594d-8b1cbbb55ac5">
      <Execution id="17922334-c5bf-460e-a76a-3e6a1a1dc392" />
      <TestMethod codeBase="/mnt/d/git/aula/src/Aula.Tests/bin/Debug/net9.0/Aula.Tests.dll" adapterTypeName="executor://xunit/VsTestRunner2/netcoreapp" className="Aula.Tests.Utilities.FollowUpQuestionDetectorTests" name="IsFollowUpQuestion_WithLongMessageContainingChildName_ReturnsFalse" />
    </UnitTest>
    <UnitTest name="Aula.Tests.Utilities.DateTimeUtilitiesTests.GetDanishDayName_AllValidDaysOfWeek_ReturnsUniqueNames" storage="/mnt/d/git/aula/src/aula.tests/bin/debug/net9.0/aula.tests.dll" id="ee53ce2c-fb8e-2870-2bec-d824ac6cea07">
      <Execution id="20342b4a-6d05-432e-be1b-d05d3056eab2" />
      <TestMethod codeBase="/mnt/d/git/aula/src/Aula.Tests/bin/Debug/net9.0/Aula.Tests.dll" adapterTypeName="executor://xunit/VsTestRunner2/netcoreapp" className="Aula.Tests.Utilities.DateTimeUtilitiesTests" name="GetDanishDayName_AllValidDaysOfWeek_ReturnsUniqueNames" />
    </UnitTest>
    <UnitTest name="Aula.Tests.Channels.SlackBotTests.PostMessage_WithVariousMessages_DoesNotThrow(message: &quot;Message with special chars: @#$%&quot;)" storage="/mnt/d/git/aula/src/aula.tests/bin/debug/net9.0/aula.tests.dll" id="f3b6f74b-87b3-fd71-9913-805f7e4c5e0e">
      <Execution id="1ae3646d-9ce7-49ee-9320-3e521d2e13e3" />
      <TestMethod codeBase="/mnt/d/git/aula/src/Aula.Tests/bin/Debug/net9.0/Aula.Tests.dll" adapterTypeName="executor://xunit/VsTestRunner2/netcoreapp" className="Aula.Tests.Channels.SlackBotTests" name="PostMessage_WithVariousMessages_DoesNotThrow" />
    </UnitTest>
    <UnitTest name="Aula.Tests.Utilities.WeekLetterContentExtractorTests.ExtractContent_WithException_ReturnsEmptyStringAndLogsError" storage="/mnt/d/git/aula/src/aula.tests/bin/debug/net9.0/aula.tests.dll" id="dd048ce7-9ba0-43b9-a761-2b11b4d7a6ad">
      <Execution id="790af479-d992-4f55-8fae-7ce9c1efba2d" />
      <TestMethod codeBase="/mnt/d/git/aula/src/Aula.Tests/bin/Debug/net9.0/Aula.Tests.dll" adapterTypeName="executor://xunit/VsTestRunner2/netcoreapp" className="Aula.Tests.Utilities.WeekLetterContentExtractorTests" name="ExtractContent_WithException_ReturnsEmptyStringAndLogsError" />
    </UnitTest>
    <UnitTest name="Aula.Tests.Configuration.ConfigurationTests.Telegram_Token_ValidationTests(token: &quot;123456789&quot;, isValidFormat: False)" storage="/mnt/d/git/aula/src/aula.tests/bin/debug/net9.0/aula.tests.dll" id="016d303d-5ae2-6e55-e6bf-2008da910e62">
      <Execution id="cad1ba55-6821-496e-b3d9-fbe64af73744" />
      <TestMethod codeBase="/mnt/d/git/aula/src/Aula.Tests/bin/Debug/net9.0/Aula.Tests.dll" adapterTypeName="executor://xunit/VsTestRunner2/netcoreapp" className="Aula.Tests.Configuration.ConfigurationTests" name="Telegram_Token_ValidationTests" />
    </UnitTest>
    <UnitTest name="Aula.Tests.Bots.SlackMessageHandlerTests.Constructor_WithNullAgentService_ThrowsArgumentNullException" storage="/mnt/d/git/aula/src/aula.tests/bin/debug/net9.0/aula.tests.dll" id="40e04a6d-bef0-ec4b-8281-04b2775da565">
      <Execution id="723e2379-852a-49e5-a5af-b70d42a1bdb9" />
      <TestMethod codeBase="/mnt/d/git/aula/src/Aula.Tests/bin/Debug/net9.0/Aula.Tests.dll" adapterTypeName="executor://xunit/VsTestRunner2/netcoreapp" className="Aula.Tests.Bots.SlackMessageHandlerTests" name="Constructor_WithNullAgentService_ThrowsArgumentNullException" />
    </UnitTest>
    <UnitTest name="Aula.Tests.Configuration.ConfigurationTests.Timers_SchedulingInterval_ValidationTests(intervalSeconds: 1, isValid: True)" storage="/mnt/d/git/aula/src/aula.tests/bin/debug/net9.0/aula.tests.dll" id="93edf270-8e20-a2b4-17e8-86af34f9d544">
      <Execution id="18f2959a-2f3f-4b8e-94ed-da031e881263" />
      <TestMethod codeBase="/mnt/d/git/aula/src/Aula.Tests/bin/Debug/net9.0/Aula.Tests.dll" adapterTypeName="executor://xunit/VsTestRunner2/netcoreapp" className="Aula.Tests.Configuration.ConfigurationTests" name="Timers_SchedulingInterval_ValidationTests" />
    </UnitTest>
    <UnitTest name="Aula.Tests.Utilities.IntentAnalysisPromptsTests.GetFormattedPrompt_IncludesAllExamples" storage="/mnt/d/git/aula/src/aula.tests/bin/debug/net9.0/aula.tests.dll" id="89f817bf-e9a1-f0b4-2111-76edf6a63676">
      <Execution id="b0707922-37b4-435b-8a58-d213adfd532e" />
      <TestMethod codeBase="/mnt/d/git/aula/src/Aula.Tests/bin/Debug/net9.0/Aula.Tests.dll" adapterTypeName="executor://xunit/VsTestRunner2/netcoreapp" className="Aula.Tests.Utilities.IntentAnalysisPromptsTests" name="GetFormattedPrompt_IncludesAllExamples" />
    </UnitTest>
    <UnitTest name="Aula.Tests.Utilities.ReminderExtractionPromptsTests.GetExtractionPrompt_WithDifferentMinuteOffsets_CalculatesCorrectly(minutes: 30)" storage="/mnt/d/git/aula/src/aula.tests/bin/debug/net9.0/aula.tests.dll" id="9ac720d3-776c-ab54-a939-3b82af418447">
      <Execution id="e7f95c69-71f6-48a2-a33d-45e50696618c" />
      <TestMethod codeBase="/mnt/d/git/aula/src/Aula.Tests/bin/Debug/net9.0/Aula.Tests.dll" adapterTypeName="executor://xunit/VsTestRunner2/netcoreapp" className="Aula.Tests.Utilities.ReminderExtractionPromptsTests" name="GetExtractionPrompt_WithDifferentMinuteOffsets_CalculatesCorrectly" />
    </UnitTest>
    <UnitTest name="Aula.Tests.Bots.TelegramInteractiveBotTests.SendMessage_WithException_LogsError" storage="/mnt/d/git/aula/src/aula.tests/bin/debug/net9.0/aula.tests.dll" id="4adb4c0d-617b-d891-f63e-7a014d4b7e39">
      <Execution id="777729db-d6b8-45cd-8cb9-9d7dbe3657e0" />
      <TestMethod codeBase="/mnt/d/git/aula/src/Aula.Tests/bin/Debug/net9.0/Aula.Tests.dll" adapterTypeName="executor://xunit/VsTestRunner2/netcoreapp" className="Aula.Tests.Bots.TelegramInteractiveBotTests" name="SendMessage_WithException_LogsError" />
    </UnitTest>
    <UnitTest name="Aula.Tests.Utilities.ReminderExtractionPromptsTests.GetExtractionPrompt_WithVariousCurrentTimes_CalculatesRelativeDatesCorrectly(currentTimeStr: &quot;2025-01-01 00:00:00&quot;)" storage="/mnt/d/git/aula/src/aula.tests/bin/debug/net9.0/aula.tests.dll" id="4d32377c-3003-92bb-8a9b-867e419dcb6a">
      <Execution id="b31d85a3-fbae-44fa-a534-a6c12a30022e" />
      <TestMethod codeBase="/mnt/d/git/aula/src/Aula.Tests/bin/Debug/net9.0/Aula.Tests.dll" adapterTypeName="executor://xunit/VsTestRunner2/netcoreapp" className="Aula.Tests.Utilities.ReminderExtractionPromptsTests" name="GetExtractionPrompt_WithVariousCurrentTimes_CalculatesRelativeDatesCorrectly" />
    </UnitTest>
    <UnitTest name="Aula.Tests.Configuration.ConfigurationTests.Children_WithMultipleChildren_MaintainsOrder" storage="/mnt/d/git/aula/src/aula.tests/bin/debug/net9.0/aula.tests.dll" id="9c0e588a-866b-1517-e5d3-e54c7a4a3de2">
      <Execution id="ac05b540-9314-4bb1-885e-a317a4dcad17" />
      <TestMethod codeBase="/mnt/d/git/aula/src/Aula.Tests/bin/Debug/net9.0/Aula.Tests.dll" adapterTypeName="executor://xunit/VsTestRunner2/netcoreapp" className="Aula.Tests.Configuration.ConfigurationTests" name="Children_WithMultipleChildren_MaintainsOrder" />
    </UnitTest>
    <UnitTest name="Aula.Tests.Tools.ReminderCommandHandlerTests.TryHandleReminderCommand_NonMatchingPatterns_ReturnsFalse(command: &quot;remind me tomorrow at eight that non-numeric time&quot;, isEnglish: True)" storage="/mnt/d/git/aula/src/aula.tests/bin/debug/net9.0/aula.tests.dll" id="3b4daf27-4450-ed7a-d4bb-142a6e1b0be0">
      <Execution id="4e3c174f-865a-4e01-9ffa-4403fa3a4d64" />
      <TestMethod codeBase="/mnt/d/git/aula/src/Aula.Tests/bin/Debug/net9.0/Aula.Tests.dll" adapterTypeName="executor://xunit/VsTestRunner2/netcoreapp" className="Aula.Tests.Tools.ReminderCommandHandlerTests" name="TryHandleReminderCommand_NonMatchingPatterns_ReturnsFalse" />
    </UnitTest>
    <UnitTest name="Aula.Tests.Services.DataModelTests.PostedLetter_WeekNumberValidation_ReturnsExpectedResult(weekNumber: 0, year: 2023, isValid: False)" storage="/mnt/d/git/aula/src/aula.tests/bin/debug/net9.0/aula.tests.dll" id="021d3da1-2551-6934-6452-4bc168c068b9">
      <Execution id="97f10e60-8d0a-401b-9af8-0ffee8ef25b6" />
      <TestMethod codeBase="/mnt/d/git/aula/src/Aula.Tests/bin/Debug/net9.0/Aula.Tests.dll" adapterTypeName="executor://xunit/VsTestRunner2/netcoreapp" className="Aula.Tests.Services.DataModelTests" name="PostedLetter_WeekNumberValidation_ReturnsExpectedResult" />
    </UnitTest>
    <UnitTest name="Aula.Tests.Bots.TelegramMessageHandlerTests.HandleMessageAsync_WithGroupChat_HandlesCorrectly" storage="/mnt/d/git/aula/src/aula.tests/bin/debug/net9.0/aula.tests.dll" id="042593f6-6140-ccfe-82d6-8f794997c196">
      <Execution id="4f43000d-b652-4f3b-865d-8f3920413481" />
      <TestMethod codeBase="/mnt/d/git/aula/src/Aula.Tests/bin/Debug/net9.0/Aula.Tests.dll" adapterTypeName="executor://xunit/VsTestRunner2/netcoreapp" className="Aula.Tests.Bots.TelegramMessageHandlerTests" name="HandleMessageAsync_WithGroupChat_HandlesCorrectly" />
    </UnitTest>
    <UnitTest name="Aula.Tests.Configuration.ConfigurationTests.UniLogin_WithInvalidCredentials_HandlesGracefully(invalidValue: &quot;   &quot;)" storage="/mnt/d/git/aula/src/aula.tests/bin/debug/net9.0/aula.tests.dll" id="b561be64-3ebf-00d7-64e3-9853e17cbf13">
      <Execution id="b5d73f48-2338-4b96-8aab-2ad425ebae41" />
      <TestMethod codeBase="/mnt/d/git/aula/src/Aula.Tests/bin/Debug/net9.0/Aula.Tests.dll" adapterTypeName="executor://xunit/VsTestRunner2/netcoreapp" className="Aula.Tests.Configuration.ConfigurationTests" name="UniLogin_WithInvalidCredentials_HandlesGracefully" />
    </UnitTest>
    <UnitTest name="Aula.Tests.Utilities.Html2SlackMarkdownConverterTests.Convert_WithNullParentNodes_HandlesGracefully" storage="/mnt/d/git/aula/src/aula.tests/bin/debug/net9.0/aula.tests.dll" id="27883ffc-bfa0-e8a9-4fbc-9b88539fca09">
      <Execution id="752029e6-4dd7-46f3-80ab-efa90d432065" />
      <TestMethod codeBase="/mnt/d/git/aula/src/Aula.Tests/bin/Debug/net9.0/Aula.Tests.dll" adapterTypeName="executor://xunit/VsTestRunner2/netcoreapp" className="Aula.Tests.Utilities.Html2SlackMarkdownConverterTests" name="Convert_WithNullParentNodes_HandlesGracefully" />
    </UnitTest>
    <UnitTest name="Aula.Tests.Channels.SlackBotTests.Constructor_WithValidUrls_DoesNotThrow(webhookUrl: &quot;https://hooks.slack.com/test&quot;)" storage="/mnt/d/git/aula/src/aula.tests/bin/debug/net9.0/aula.tests.dll" id="abab0ca8-38d9-b46e-ed1a-a39f638f498e">
      <Execution id="51afd891-0166-44a8-9d4c-a13202304bab" />
      <TestMethod codeBase="/mnt/d/git/aula/src/Aula.Tests/bin/Debug/net9.0/Aula.Tests.dll" adapterTypeName="executor://xunit/VsTestRunner2/netcoreapp" className="Aula.Tests.Channels.SlackBotTests" name="Constructor_WithValidUrls_DoesNotThrow" />
    </UnitTest>
    <UnitTest name="Aula.Tests.Utilities.Html2SlackMarkdownConverterTests.Convert_WithPartialTags_HandlesGracefully(html: &quot;&lt;div&gt;&lt;span&gt;&quot;)" storage="/mnt/d/git/aula/src/aula.tests/bin/debug/net9.0/aula.tests.dll" id="0ab78665-c1fa-a2ea-7265-e8996c3b56dd">
      <Execution id="b94f43c7-f78c-44b0-8cab-fb1ac73f7b67" />
      <TestMethod codeBase="/mnt/d/git/aula/src/Aula.Tests/bin/Debug/net9.0/Aula.Tests.dll" adapterTypeName="executor://xunit/VsTestRunner2/netcoreapp" className="Aula.Tests.Utilities.Html2SlackMarkdownConverterTests" name="Convert_WithPartialTags_HandlesGracefully" />
    </UnitTest>
    <UnitTest name="Aula.Tests.Channels.TelegramClientTests.SendMessageToChannel_WithVariousMessages_DoesNotThrow(message: &quot;Simple message&quot;)" storage="/mnt/d/git/aula/src/aula.tests/bin/debug/net9.0/aula.tests.dll" id="466fbb21-c308-9cae-2419-4b3a3d66b5be">
      <Execution id="73ec5e8e-ddee-47e5-a709-996e2c0e0f78" />
      <TestMethod codeBase="/mnt/d/git/aula/src/Aula.Tests/bin/Debug/net9.0/Aula.Tests.dll" adapterTypeName="executor://xunit/VsTestRunner2/netcoreapp" className="Aula.Tests.Channels.TelegramClientTests" name="SendMessageToChannel_WithVariousMessages_DoesNotThrow" />
    </UnitTest>
    <UnitTest name="Aula.Tests.Services.DataModelTests.RetryAttempt_DefaultConstructor_InitializesCorrectly" storage="/mnt/d/git/aula/src/aula.tests/bin/debug/net9.0/aula.tests.dll" id="67ae9fcb-a62e-08fc-97ed-d2d4f6f5c1d0">
      <Execution id="2929e68a-1dcf-4bca-ae18-700f89adb49e" />
      <TestMethod codeBase="/mnt/d/git/aula/src/Aula.Tests/bin/Debug/net9.0/Aula.Tests.dll" adapterTypeName="executor://xunit/VsTestRunner2/netcoreapp" className="Aula.Tests.Services.DataModelTests" name="RetryAttempt_DefaultConstructor_InitializesCorrectly" />
    </UnitTest>
    <UnitTest name="Aula.Tests.Tools.ReminderCommandHandlerTests.TryHandleReminderCommand_ListReminders_ValidCommands_ReturnsRemindersList(command: &quot;liste påmindelser&quot;, isEnglish: False)" storage="/mnt/d/git/aula/src/aula.tests/bin/debug/net9.0/aula.tests.dll" id="b7876997-bf06-ed71-c4e7-a75d56d4b58d">
      <Execution id="7788e9d7-bc17-4dcc-beb4-6e88f14a35c1" />
      <TestMethod codeBase="/mnt/d/git/aula/src/Aula.Tests/bin/Debug/net9.0/Aula.Tests.dll" adapterTypeName="executor://xunit/VsTestRunner2/netcoreapp" className="Aula.Tests.Tools.ReminderCommandHandlerTests" name="TryHandleReminderCommand_ListReminders_ValidCommands_ReturnsRemindersList" />
    </UnitTest>
    <UnitTest name="Aula.Tests.Utilities.DateTimeUtilitiesTests.GetDanishDayName_ValidDayOfWeek_ReturnsLowercaseName(dayOfWeek: Tuesday, expectedName: &quot;tirsdag&quot;)" storage="/mnt/d/git/aula/src/aula.tests/bin/debug/net9.0/aula.tests.dll" id="bb029ecd-bc04-6c95-65d6-4fa9005d9f93">
      <Execution id="6bf4a810-f976-4e9f-9cc2-ad9d584cffe3" />
      <TestMethod codeBase="/mnt/d/git/aula/src/Aula.Tests/bin/Debug/net9.0/Aula.Tests.dll" adapterTypeName="executor://xunit/VsTestRunner2/netcoreapp" className="Aula.Tests.Utilities.DateTimeUtilitiesTests" name="GetDanishDayName_ValidDayOfWeek_ReturnsLowercaseName" />
    </UnitTest>
    <UnitTest name="Aula.Tests.Configuration.ConfigurationTests.Children_ConfigurationIsCorrect" storage="/mnt/d/git/aula/src/aula.tests/bin/debug/net9.0/aula.tests.dll" id="c7356803-78be-38c5-09cd-9fb1bfd0c53f">
      <Execution id="64b0be68-656b-4f7e-9830-9f8b127070a6" />
      <TestMethod codeBase="/mnt/d/git/aula/src/Aula.Tests/bin/Debug/net9.0/Aula.Tests.dll" adapterTypeName="executor://xunit/VsTestRunner2/netcoreapp" className="Aula.Tests.Configuration.ConfigurationTests" name="Children_ConfigurationIsCorrect" />
    </UnitTest>
    <UnitTest name="Aula.Tests.Services.OpenAiServiceTests.OpenAiService_Constructor_WithApiKey_InitializesCorrectly" storage="/mnt/d/git/aula/src/aula.tests/bin/debug/net9.0/aula.tests.dll" id="e76b4e50-70e5-0b84-1a79-8432276bb6be">
      <Execution id="d2db494c-d498-44c1-946e-07d23f2b9190" />
      <TestMethod codeBase="/mnt/d/git/aula/src/Aula.Tests/bin/Debug/net9.0/Aula.Tests.dll" adapterTypeName="executor://xunit/VsTestRunner2/netcoreapp" className="Aula.Tests.Services.OpenAiServiceTests" name="OpenAiService_Constructor_WithApiKey_InitializesCorrectly" />
    </UnitTest>
    <UnitTest name="Aula.Tests.Utilities.WeekLetterContentExtractorTests.ExtractContent_WithMissingUgebreve_ReturnsEmptyString" storage="/mnt/d/git/aula/src/aula.tests/bin/debug/net9.0/aula.tests.dll" id="eaeadf06-6f78-ef66-9240-54edcfcfb42c">
      <Execution id="12b12939-deef-487c-b89e-17dae0870d44" />
      <TestMethod codeBase="/mnt/d/git/aula/src/Aula.Tests/bin/Debug/net9.0/Aula.Tests.dll" adapterTypeName="executor://xunit/VsTestRunner2/netcoreapp" className="Aula.Tests.Utilities.WeekLetterContentExtractorTests" name="ExtractContent_WithMissingUgebreve_ReturnsEmptyString" />
    </UnitTest>
    <UnitTest name="Aula.Tests.Tools.ReminderCommandHandlerTests.Constructor_WithNullChildrenByName_ThrowsArgumentNullException" storage="/mnt/d/git/aula/src/aula.tests/bin/debug/net9.0/aula.tests.dll" id="87b7e046-4300-6ba7-be8d-14de8ee31c5f">
      <Execution id="1b8ac6c9-0812-4d3d-8060-11250e8a812b" />
      <TestMethod codeBase="/mnt/d/git/aula/src/Aula.Tests/bin/Debug/net9.0/Aula.Tests.dll" adapterTypeName="executor://xunit/VsTestRunner2/netcoreapp" className="Aula.Tests.Tools.ReminderCommandHandlerTests" name="Constructor_WithNullChildrenByName_ThrowsArgumentNullException" />
    </UnitTest>
    <UnitTest name="Aula.Tests.Utilities.FollowUpQuestionDetectorTests.IsFollowUpQuestion_WithWhitespaceOnly_ReturnsFalse" storage="/mnt/d/git/aula/src/aula.tests/bin/debug/net9.0/aula.tests.dll" id="c6a91ea6-2e10-8e99-6511-4f3dfcc58033">
      <Execution id="3a23f339-defa-4d84-be0e-10858f15ff57" />
      <TestMethod codeBase="/mnt/d/git/aula/src/Aula.Tests/bin/Debug/net9.0/Aula.Tests.dll" adapterTypeName="executor://xunit/VsTestRunner2/netcoreapp" className="Aula.Tests.Utilities.FollowUpQuestionDetectorTests" name="IsFollowUpQuestion_WithWhitespaceOnly_ReturnsFalse" />
    </UnitTest>
    <UnitTest name="Aula.Tests.Utilities.FollowUpQuestionDetectorTests.IsFollowUpQuestion_WithUnicodeChildNames_WorksCorrectly(input: &quot;SØREN&quot;)" storage="/mnt/d/git/aula/src/aula.tests/bin/debug/net9.0/aula.tests.dll" id="f0803f19-4aef-0544-7088-6f90fbe83c6b">
      <Execution id="09dbad40-39f0-4489-a5cd-287ed295fe01" />
      <TestMethod codeBase="/mnt/d/git/aula/src/Aula.Tests/bin/Debug/net9.0/Aula.Tests.dll" adapterTypeName="executor://xunit/VsTestRunner2/netcoreapp" className="Aula.Tests.Utilities.FollowUpQuestionDetectorTests" name="IsFollowUpQuestion_WithUnicodeChildNames_WorksCorrectly" />
    </UnitTest>
    <UnitTest name="Aula.Tests.Bots.TelegramInteractiveBotTests.PostWeekLetter_WithDisabledTelegram_LogsWarningAndReturns" storage="/mnt/d/git/aula/src/aula.tests/bin/debug/net9.0/aula.tests.dll" id="19edb3ba-5e0e-d40b-c4b3-ce48876fbe6a">
      <Execution id="f4a06fc1-90cf-4f87-87a4-f15e054e708c" />
      <TestMethod codeBase="/mnt/d/git/aula/src/Aula.Tests/bin/Debug/net9.0/Aula.Tests.dll" adapterTypeName="executor://xunit/VsTestRunner2/netcoreapp" className="Aula.Tests.Bots.TelegramInteractiveBotTests" name="PostWeekLetter_WithDisabledTelegram_LogsWarningAndReturns" />
    </UnitTest>
    <UnitTest name="Aula.Tests.Services.OpenAiServiceIntegrationTests.ProcessQueryWithToolsAsync_WithInvalidQuery_ThrowsArgumentException(query: null)" storage="/mnt/d/git/aula/src/aula.tests/bin/debug/net9.0/aula.tests.dll" id="ae0539e8-7653-996e-a87e-3f69894a3b17">
      <Execution id="b61a0126-2404-41a5-9853-ea6dc8cd87ad" />
      <TestMethod codeBase="/mnt/d/git/aula/src/Aula.Tests/bin/Debug/net9.0/Aula.Tests.dll" adapterTypeName="executor://xunit/VsTestRunner2/netcoreapp" className="Aula.Tests.Services.OpenAiServiceIntegrationTests" name="ProcessQueryWithToolsAsync_WithInvalidQuery_ThrowsArgumentException" />
    </UnitTest>
    <UnitTest name="Aula.Tests.Services.DataModelTests.RetryAttempt_WithProperties_SetsCorrectly" storage="/mnt/d/git/aula/src/aula.tests/bin/debug/net9.0/aula.tests.dll" id="f36a6d06-62fb-7dca-c729-24e28498b2d7">
      <Execution id="9583b6cc-c27b-4b59-a574-a08c4548f6f7" />
      <TestMethod codeBase="/mnt/d/git/aula/src/Aula.Tests/bin/Debug/net9.0/Aula.Tests.dll" adapterTypeName="executor://xunit/VsTestRunner2/netcoreapp" className="Aula.Tests.Services.DataModelTests" name="RetryAttempt_WithProperties_SetsCorrectly" />
    </UnitTest>
    <UnitTest name="Aula.Tests.Services.OpenAiServiceTests.CreateTestWeekLetter_ReturnsValidJObject" storage="/mnt/d/git/aula/src/aula.tests/bin/debug/net9.0/aula.tests.dll" id="d4e0f652-1aa4-f1fd-46bf-006e98a6310b">
      <Execution id="86299292-fe7c-49fb-980e-eff2de8de699" />
      <TestMethod codeBase="/mnt/d/git/aula/src/Aula.Tests/bin/Debug/net9.0/Aula.Tests.dll" adapterTypeName="executor://xunit/VsTestRunner2/netcoreapp" className="Aula.Tests.Services.OpenAiServiceTests" name="CreateTestWeekLetter_ReturnsValidJObject" />
    </UnitTest>
    <UnitTest name="Aula.Tests.Services.DataModelTests.AppState_DefaultConstructor_InitializesCorrectly" storage="/mnt/d/git/aula/src/aula.tests/bin/debug/net9.0/aula.tests.dll" id="4cdb1a1d-1763-9c6d-9472-d3d70dd3181a">
      <Execution id="d4d39991-dc5f-4805-894d-5d79e99f0036" />
      <TestMethod codeBase="/mnt/d/git/aula/src/Aula.Tests/bin/Debug/net9.0/Aula.Tests.dll" adapterTypeName="executor://xunit/VsTestRunner2/netcoreapp" className="Aula.Tests.Services.DataModelTests" name="AppState_DefaultConstructor_InitializesCorrectly" />
    </UnitTest>
    <UnitTest name="Aula.Tests.Utilities.DateTimeUtilitiesTests.GetDanishDayName_ValidDayOfWeek_ReturnsLowercaseName(dayOfWeek: Monday, expectedName: &quot;mandag&quot;)" storage="/mnt/d/git/aula/src/aula.tests/bin/debug/net9.0/aula.tests.dll" id="59b6be02-8191-f5a7-74ed-b8f44b1cda27">
      <Execution id="fdf7267e-c2d6-4a83-b702-4d4dba935346" />
      <TestMethod codeBase="/mnt/d/git/aula/src/Aula.Tests/bin/Debug/net9.0/Aula.Tests.dll" adapterTypeName="executor://xunit/VsTestRunner2/netcoreapp" className="Aula.Tests.Utilities.DateTimeUtilitiesTests" name="GetDanishDayName_ValidDayOfWeek_ReturnsLowercaseName" />
    </UnitTest>
    <UnitTest name="Aula.Tests.Utilities.IntentAnalysisPromptsTests.ToolExamples_CoverExpectedUseCase(expectedKey: &quot;DELETE_REMINDER&quot;, queryPattern: &quot;delete&quot;)" storage="/mnt/d/git/aula/src/aula.tests/bin/debug/net9.0/aula.tests.dll" id="471ccf46-b194-f558-fd6b-1d9d85ba4293">
      <Execution id="7b5d34e3-8d42-4b24-ba9b-9af20b75afa9" />
      <TestMethod codeBase="/mnt/d/git/aula/src/Aula.Tests/bin/Debug/net9.0/Aula.Tests.dll" adapterTypeName="executor://xunit/VsTestRunner2/netcoreapp" className="Aula.Tests.Utilities.IntentAnalysisPromptsTests" name="ToolExamples_CoverExpectedUseCase" />
    </UnitTest>
    <UnitTest name="Aula.Tests.Utilities.ReminderExtractionPromptsTests.GetExtractionPrompt_ContainsNextMondayExample" storage="/mnt/d/git/aula/src/aula.tests/bin/debug/net9.0/aula.tests.dll" id="a8634532-96d4-4e33-4b5e-145495f036bc">
      <Execution id="b2b51d31-af1e-40c6-9d81-8cae8ca49748" />
      <TestMethod codeBase="/mnt/d/git/aula/src/Aula.Tests/bin/Debug/net9.0/Aula.Tests.dll" adapterTypeName="executor://xunit/VsTestRunner2/netcoreapp" className="Aula.Tests.Utilities.ReminderExtractionPromptsTests" name="GetExtractionPrompt_ContainsNextMondayExample" />
    </UnitTest>
    <UnitTest name="Aula.Tests.Tools.ReminderCommandHandlerTests.TryHandleReminderCommand_AddReminder_InvalidFormats_ReturnsErrorMessage(command: &quot;remind me tomorrow at 25:00 that invalid time&quot;, isEnglish: True)" storage="/mnt/d/git/aula/src/aula.tests/bin/debug/net9.0/aula.tests.dll" id="869e2bf6-051e-e015-497a-7397bf66191a">
      <Execution id="8b9a7418-066d-4cfe-a17b-6ecac1b2b979" />
      <TestMethod codeBase="/mnt/d/git/aula/src/Aula.Tests/bin/Debug/net9.0/Aula.Tests.dll" adapterTypeName="executor://xunit/VsTestRunner2/netcoreapp" className="Aula.Tests.Tools.ReminderCommandHandlerTests" name="TryHandleReminderCommand_AddReminder_InvalidFormats_ReturnsErrorMessage" />
    </UnitTest>
    <UnitTest name="Aula.Tests.Channels.TelegramClientTests.PostWeekLetter_WithVariousChildNames_HandlesCorrectly(firstName: &quot;&quot;)" storage="/mnt/d/git/aula/src/aula.tests/bin/debug/net9.0/aula.tests.dll" id="24bf56f7-ba67-57f2-f501-175bd348de63">
      <Execution id="3add47b2-8715-465f-9d58-3d45f907e98e" />
      <TestMethod codeBase="/mnt/d/git/aula/src/Aula.Tests/bin/Debug/net9.0/Aula.Tests.dll" adapterTypeName="executor://xunit/VsTestRunner2/netcoreapp" className="Aula.Tests.Channels.TelegramClientTests" name="PostWeekLetter_WithVariousChildNames_HandlesCorrectly" />
    </UnitTest>
    <UnitTest name="Aula.Tests.Utilities.Html2SlackMarkdownConverterTests.Convert_WithBrTags_PreservesLineBreaks" storage="/mnt/d/git/aula/src/aula.tests/bin/debug/net9.0/aula.tests.dll" id="45d7267f-6c71-d320-a8e4-c7def8429012">
      <Execution id="9459d4cc-0ef6-4c1e-85a5-19c2f39ccfde" />
      <TestMethod codeBase="/mnt/d/git/aula/src/Aula.Tests/bin/Debug/net9.0/Aula.Tests.dll" adapterTypeName="executor://xunit/VsTestRunner2/netcoreapp" className="Aula.Tests.Utilities.Html2SlackMarkdownConverterTests" name="Convert_WithBrTags_PreservesLineBreaks" />
    </UnitTest>
    <UnitTest name="Aula.Tests.Utilities.ConversationContextTests.ConversationContext_Properties_CanBeSet" storage="/mnt/d/git/aula/src/aula.tests/bin/debug/net9.0/aula.tests.dll" id="0e3d7f53-280f-fde2-203e-143d6dcfdf0a">
      <Execution id="0ec3d9b7-cda7-4c5c-8e6e-c6c31ed6ab0b" />
      <TestMethod codeBase="/mnt/d/git/aula/src/Aula.Tests/bin/Debug/net9.0/Aula.Tests.dll" adapterTypeName="executor://xunit/VsTestRunner2/netcoreapp" className="Aula.Tests.Utilities.ConversationContextTests" name="ConversationContext_Properties_CanBeSet" />
    </UnitTest>
    <UnitTest name="Aula.Tests.Utilities.WeekLetterContentExtractorTests.ExtractContent_WithNullIndhold_ReturnsEmptyString" storage="/mnt/d/git/aula/src/aula.tests/bin/debug/net9.0/aula.tests.dll" id="ecf7f37a-1b96-2a28-2d44-fb1c19988638">
      <Execution id="8415a854-cf6a-430a-be01-6d78221b477b" />
      <TestMethod codeBase="/mnt/d/git/aula/src/Aula.Tests/bin/Debug/net9.0/Aula.Tests.dll" adapterTypeName="executor://xunit/VsTestRunner2/netcoreapp" className="Aula.Tests.Utilities.WeekLetterContentExtractorTests" name="ExtractContent_WithNullIndhold_ReturnsEmptyString" />
    </UnitTest>
    <UnitTest name="Aula.Tests.Utilities.IntentAnalysisPromptsTests.ToolExamples_CoverExpectedUseCase(expectedKey: &quot;CREATE_REMINDER&quot;, queryPattern: &quot;remind&quot;)" storage="/mnt/d/git/aula/src/aula.tests/bin/debug/net9.0/aula.tests.dll" id="e668ce24-c1a0-98ca-9d76-99447ce236e8">
      <Execution id="c773b9cf-56a7-487b-a642-d3de55af2f93" />
      <TestMethod codeBase="/mnt/d/git/aula/src/Aula.Tests/bin/Debug/net9.0/Aula.Tests.dll" adapterTypeName="executor://xunit/VsTestRunner2/netcoreapp" className="Aula.Tests.Utilities.IntentAnalysisPromptsTests" name="ToolExamples_CoverExpectedUseCase" />
    </UnitTest>
    <UnitTest name="Aula.Tests.Bots.TelegramMessageHandlerTests.HandleMessageAsync_WithNonTextMessage_ReturnsEarly" storage="/mnt/d/git/aula/src/aula.tests/bin/debug/net9.0/aula.tests.dll" id="dafa776a-6a08-1272-aac7-ca70346aa44a">
      <Execution id="8a0dd39b-6446-4caa-bfd4-3e005ce32c88" />
      <TestMethod codeBase="/mnt/d/git/aula/src/Aula.Tests/bin/Debug/net9.0/Aula.Tests.dll" adapterTypeName="executor://xunit/VsTestRunner2/netcoreapp" className="Aula.Tests.Bots.TelegramMessageHandlerTests" name="HandleMessageAsync_WithNonTextMessage_ReturnsEarly" />
    </UnitTest>
    <UnitTest name="Aula.Tests.Utilities.IntentAnalysisPromptsTests.ToolExamples_ToolCallExamples_FollowCorrectFormat" storage="/mnt/d/git/aula/src/aula.tests/bin/debug/net9.0/aula.tests.dll" id="bfbb79be-1fcf-163a-7e39-8393a3a71050">
      <Execution id="a7837692-e18e-474c-892c-7d26c3853f0d" />
      <TestMethod codeBase="/mnt/d/git/aula/src/Aula.Tests/bin/Debug/net9.0/Aula.Tests.dll" adapterTypeName="executor://xunit/VsTestRunner2/netcoreapp" className="Aula.Tests.Utilities.IntentAnalysisPromptsTests" name="ToolExamples_ToolCallExamples_FollowCorrectFormat" />
    </UnitTest>
    <UnitTest name="Aula.Tests.Channels.SlackBotTests.PostWeekLetter_WithVariousChildNames_HandlesCorrectly(firstName: &quot;TestChild1&quot;)" storage="/mnt/d/git/aula/src/aula.tests/bin/debug/net9.0/aula.tests.dll" id="20f7b20d-6fda-90c5-179b-3395a4df9b7c">
      <Execution id="4cae6be5-2d6d-48d9-a43e-faa318200f3d" />
      <TestMethod codeBase="/mnt/d/git/aula/src/Aula.Tests/bin/Debug/net9.0/Aula.Tests.dll" adapterTypeName="executor://xunit/VsTestRunner2/netcoreapp" className="Aula.Tests.Channels.SlackBotTests" name="PostWeekLetter_WithVariousChildNames_HandlesCorrectly" />
    </UnitTest>
    <UnitTest name="Aula.Tests.Services.OpenAiServiceTests.OpenAiService_GetChatInterfaceInstructions_ReturnsCorrectFormat(chatInterface: Telegram)" storage="/mnt/d/git/aula/src/aula.tests/bin/debug/net9.0/aula.tests.dll" id="a418d5df-b5ee-5a85-99c0-157b60c43e4b">
      <Execution id="efda5f3c-1997-4af9-8961-e942c2b78e0a" />
      <TestMethod codeBase="/mnt/d/git/aula/src/Aula.Tests/bin/Debug/net9.0/Aula.Tests.dll" adapterTypeName="executor://xunit/VsTestRunner2/netcoreapp" className="Aula.Tests.Services.OpenAiServiceTests" name="OpenAiService_GetChatInterfaceInstructions_ReturnsCorrectFormat" />
    </UnitTest>
    <UnitTest name="Aula.Tests.Utilities.FollowUpQuestionDetectorTests.IsFollowUpQuestion_WithEnglishFollowUpPhrases_ReturnsTrue(input: &quot;also Emma&quot;)" storage="/mnt/d/git/aula/src/aula.tests/bin/debug/net9.0/aula.tests.dll" id="7d2712c2-8286-82a7-fc6d-ae7572a28a52">
      <Execution id="3878d9af-ad95-444d-8eaa-2bda33a39c19" />
      <TestMethod codeBase="/mnt/d/git/aula/src/Aula.Tests/bin/Debug/net9.0/Aula.Tests.dll" adapterTypeName="executor://xunit/VsTestRunner2/netcoreapp" className="Aula.Tests.Utilities.FollowUpQuestionDetectorTests" name="IsFollowUpQuestion_WithEnglishFollowUpPhrases_ReturnsTrue" />
    </UnitTest>
    <UnitTest name="Aula.Tests.Services.DataModelTests.Reminder_CreatedBy_HandlesValues(createdBy: &quot;user&quot;, shouldAccept: True)" storage="/mnt/d/git/aula/src/aula.tests/bin/debug/net9.0/aula.tests.dll" id="be0934fb-3e5b-c412-9765-2aa4cc2f45a7">
      <Execution id="359f1399-876f-470f-a3ce-e440be1c7721" />
      <TestMethod codeBase="/mnt/d/git/aula/src/Aula.Tests/bin/Debug/net9.0/Aula.Tests.dll" adapterTypeName="executor://xunit/VsTestRunner2/netcoreapp" className="Aula.Tests.Services.DataModelTests" name="Reminder_CreatedBy_HandlesValues" />
    </UnitTest>
    <UnitTest name="Aula.Tests.Utilities.ConversationContextManagerTests.Constructor_WithNullLogger_ThrowsArgumentNullException" storage="/mnt/d/git/aula/src/aula.tests/bin/debug/net9.0/aula.tests.dll" id="a7a3158e-1399-dbdf-e50f-3716ddb1ba8c">
      <Execution id="8ad58370-7863-4584-8dca-d54e4d3b38c7" />
      <TestMethod codeBase="/mnt/d/git/aula/src/Aula.Tests/bin/Debug/net9.0/Aula.Tests.dll" adapterTypeName="executor://xunit/VsTestRunner2/netcoreapp" className="Aula.Tests.Utilities.ConversationContextManagerTests" name="Constructor_WithNullLogger_ThrowsArgumentNullException" />
    </UnitTest>
    <UnitTest name="Aula.Tests.Bots.SlackMessageHandlerTests.HandleMessageAsync_WithHelpCommand_ProcessesHelpMessage(helpCommand: &quot;HELP&quot;)" storage="/mnt/d/git/aula/src/aula.tests/bin/debug/net9.0/aula.tests.dll" id="d0fb0f26-05d6-fd5b-00ba-97eda4e7b49a">
      <Execution id="2335aa6c-7327-4b5a-935f-94d4a916be1f" />
      <TestMethod codeBase="/mnt/d/git/aula/src/Aula.Tests/bin/Debug/net9.0/Aula.Tests.dll" adapterTypeName="executor://xunit/VsTestRunner2/netcoreapp" className="Aula.Tests.Bots.SlackMessageHandlerTests" name="HandleMessageAsync_WithHelpCommand_ProcessesHelpMessage" />
    </UnitTest>
    <UnitTest name="Aula.Tests.Bots.SlackMessageHandlerTests.HandleMessageAsync_WithEmptyChannel_ReturnsFalse" storage="/mnt/d/git/aula/src/aula.tests/bin/debug/net9.0/aula.tests.dll" id="daa8f257-6d65-5334-bc6e-50b3c593ee4f">
      <Execution id="1c9928d2-7640-4254-a2d3-e73194fc167e" />
      <TestMethod codeBase="/mnt/d/git/aula/src/Aula.Tests/bin/Debug/net9.0/Aula.Tests.dll" adapterTypeName="executor://xunit/VsTestRunner2/netcoreapp" className="Aula.Tests.Bots.SlackMessageHandlerTests" name="HandleMessageAsync_WithEmptyChannel_ReturnsFalse" />
    </UnitTest>
    <UnitTest name="Aula.Tests.Utilities.ReminderExtractionPromptsTests.GetExtractionPrompt_WithVariousCurrentTimes_CalculatesRelativeDatesCorrectly(currentTimeStr: &quot;2025-06-30 14:30:00&quot;)" storage="/mnt/d/git/aula/src/aula.tests/bin/debug/net9.0/aula.tests.dll" id="d5b8733f-7ffb-19e9-63c1-4570e58b1a99">
      <Execution id="15817135-e3f1-429a-ba8c-a07cfcd37dbc" />
      <TestMethod codeBase="/mnt/d/git/aula/src/Aula.Tests/bin/Debug/net9.0/Aula.Tests.dll" adapterTypeName="executor://xunit/VsTestRunner2/netcoreapp" className="Aula.Tests.Utilities.ReminderExtractionPromptsTests" name="GetExtractionPrompt_WithVariousCurrentTimes_CalculatesRelativeDatesCorrectly" />
    </UnitTest>
    <UnitTest name="Aula.Tests.Utilities.FollowUpQuestionDetectorTests.IsFollowUpQuestion_WithChildNameAndTimeReference_ReturnsFalse(input: &quot;Liam tomorrow&quot;)" storage="/mnt/d/git/aula/src/aula.tests/bin/debug/net9.0/aula.tests.dll" id="ba20835b-067e-5539-8e44-8baf83c19e41">
      <Execution id="b8aade49-faf7-4bfe-a0d1-6b084ed6a3b4" />
      <TestMethod codeBase="/mnt/d/git/aula/src/Aula.Tests/bin/Debug/net9.0/Aula.Tests.dll" adapterTypeName="executor://xunit/VsTestRunner2/netcoreapp" className="Aula.Tests.Utilities.FollowUpQuestionDetectorTests" name="IsFollowUpQuestion_WithChildNameAndTimeReference_ReturnsFalse" />
    </UnitTest>
    <UnitTest name="Aula.Tests.Services.OpenAiServiceIntegrationTests.Constructor_WithWhitespaceApiKey_ThrowsArgumentException" storage="/mnt/d/git/aula/src/aula.tests/bin/debug/net9.0/aula.tests.dll" id="cdb2a1c6-455e-afdc-b339-d53b98cacc5c">
      <Execution id="3e7b9935-283b-4d3d-8637-976793199c7d" />
      <TestMethod codeBase="/mnt/d/git/aula/src/Aula.Tests/bin/Debug/net9.0/Aula.Tests.dll" adapterTypeName="executor://xunit/VsTestRunner2/netcoreapp" className="Aula.Tests.Services.OpenAiServiceIntegrationTests" name="Constructor_WithWhitespaceApiKey_ThrowsArgumentException" />
    </UnitTest>
    <UnitTest name="Aula.Tests.Utilities.FollowUpQuestionDetectorTests.IsFollowUpQuestion_WithPunctuationAroundChildName_WorksCorrectly(input: &quot;Emma's&quot;)" storage="/mnt/d/git/aula/src/aula.tests/bin/debug/net9.0/aula.tests.dll" id="d79cfa86-e515-004d-fe4e-214ac35ead55">
      <Execution id="7a244c51-e71d-431b-bccd-4fda54d33938" />
      <TestMethod codeBase="/mnt/d/git/aula/src/Aula.Tests/bin/Debug/net9.0/Aula.Tests.dll" adapterTypeName="executor://xunit/VsTestRunner2/netcoreapp" className="Aula.Tests.Utilities.FollowUpQuestionDetectorTests" name="IsFollowUpQuestion_WithPunctuationAroundChildName_WorksCorrectly" />
    </UnitTest>
    <UnitTest name="Aula.Tests.Bots.TelegramInteractiveBotTests.Constructor_WithNullLoggerFactory_ThrowsArgumentNullException" storage="/mnt/d/git/aula/src/aula.tests/bin/debug/net9.0/aula.tests.dll" id="2d7c87f9-92d6-6d29-4cc3-8c2788e75a11">
      <Execution id="1241db30-63ed-4dbf-ad7c-7d9fc06d793a" />
      <TestMethod codeBase="/mnt/d/git/aula/src/Aula.Tests/bin/Debug/net9.0/Aula.Tests.dll" adapterTypeName="executor://xunit/VsTestRunner2/netcoreapp" className="Aula.Tests.Bots.TelegramInteractiveBotTests" name="Constructor_WithNullLoggerFactory_ThrowsArgumentNullException" />
    </UnitTest>
    <UnitTest name="Aula.Tests.Utilities.IntentAnalysisPromptsTests.GetFormattedPrompt_WithVariousQueries_ReturnsValidPrompt(query: &quot;What does Emma have today?&quot;)" storage="/mnt/d/git/aula/src/aula.tests/bin/debug/net9.0/aula.tests.dll" id="04ed4a86-ba0d-f349-f703-22b685131f64">
      <Execution id="91eb4267-0fc5-41e1-a3bb-76b452752421" />
      <TestMethod codeBase="/mnt/d/git/aula/src/Aula.Tests/bin/Debug/net9.0/Aula.Tests.dll" adapterTypeName="executor://xunit/VsTestRunner2/netcoreapp" className="Aula.Tests.Utilities.IntentAnalysisPromptsTests" name="GetFormattedPrompt_WithVariousQueries_ReturnsValidPrompt" />
    </UnitTest>
    <UnitTest name="Aula.Tests.Utilities.FollowUpQuestionDetectorTests.IsFollowUpQuestion_WithStartingFollowUpWords_ReturnsTrue(input: &quot;And Liam&quot;)" storage="/mnt/d/git/aula/src/aula.tests/bin/debug/net9.0/aula.tests.dll" id="19f2e1ca-d1c7-2af8-caa8-282a0071f76c">
      <Execution id="e146fda4-fc7b-45fe-9bfa-db727bc52d20" />
      <TestMethod codeBase="/mnt/d/git/aula/src/Aula.Tests/bin/Debug/net9.0/Aula.Tests.dll" adapterTypeName="executor://xunit/VsTestRunner2/netcoreapp" className="Aula.Tests.Utilities.FollowUpQuestionDetectorTests" name="IsFollowUpQuestion_WithStartingFollowUpWords_ReturnsTrue" />
    </UnitTest>
    <UnitTest name="Aula.Tests.Bots.TelegramInteractiveBotTests.PostWeekLetter_WithMissingChannelId_LogsWarningAndReturns" storage="/mnt/d/git/aula/src/aula.tests/bin/debug/net9.0/aula.tests.dll" id="3ca02e33-556b-3fdb-f0cf-b0f349847245">
      <Execution id="391b706c-dffc-4be4-a16d-1c6cdb6919f7" />
      <TestMethod codeBase="/mnt/d/git/aula/src/Aula.Tests/bin/Debug/net9.0/Aula.Tests.dll" adapterTypeName="executor://xunit/VsTestRunner2/netcoreapp" className="Aula.Tests.Bots.TelegramInteractiveBotTests" name="PostWeekLetter_WithMissingChannelId_LogsWarningAndReturns" />
    </UnitTest>
    <UnitTest name="Aula.Tests.Scheduling.SchedulingServiceIntegrationTests.Service_WithDifferentBotConfigurations_WorksCorrectly(slackEnabled: False, telegramEnabled: False)" storage="/mnt/d/git/aula/src/aula.tests/bin/debug/net9.0/aula.tests.dll" id="332896aa-a36b-b7b0-c333-01128c6d7ce1">
      <Execution id="133306b2-bb8a-4242-8a89-7f0255fbc679" />
      <TestMethod codeBase="/mnt/d/git/aula/src/Aula.Tests/bin/Debug/net9.0/Aula.Tests.dll" adapterTypeName="executor://xunit/VsTestRunner2/netcoreapp" className="Aula.Tests.Scheduling.SchedulingServiceIntegrationTests" name="Service_WithDifferentBotConfigurations_WorksCorrectly" />
    </UnitTest>
    <UnitTest name="Aula.Tests.Utilities.FollowUpQuestionDetectorTests.IsFollowUpQuestion_WithStartingFollowUpWords_ReturnsTrue(input: &quot;and Liam&quot;)" storage="/mnt/d/git/aula/src/aula.tests/bin/debug/net9.0/aula.tests.dll" id="43884531-d2e9-76f0-a975-092a4d6d7e91">
      <Execution id="75d790a9-a1ea-442a-89a5-314d11ff85af" />
      <TestMethod codeBase="/mnt/d/git/aula/src/Aula.Tests/bin/Debug/net9.0/Aula.Tests.dll" adapterTypeName="executor://xunit/VsTestRunner2/netcoreapp" className="Aula.Tests.Utilities.FollowUpQuestionDetectorTests" name="IsFollowUpQuestion_WithStartingFollowUpWords_ReturnsTrue" />
    </UnitTest>
    <UnitTest name="Aula.Tests.Bots.SlackInteractiveBotTests.Constructor_WithNullSupabaseService_ThrowsArgumentNullException" storage="/mnt/d/git/aula/src/aula.tests/bin/debug/net9.0/aula.tests.dll" id="ffc1e6de-c7e5-39de-fa7e-18eabd193809">
      <Execution id="c86722d4-adca-4148-b83f-06ca54bc285e" />
      <TestMethod codeBase="/mnt/d/git/aula/src/Aula.Tests/bin/Debug/net9.0/Aula.Tests.dll" adapterTypeName="executor://xunit/VsTestRunner2/netcoreapp" className="Aula.Tests.Bots.SlackInteractiveBotTests" name="Constructor_WithNullSupabaseService_ThrowsArgumentNullException" />
    </UnitTest>
    <UnitTest name="Aula.Tests.Utilities.ReminderExtractionPromptsTests.GetExtractionPrompt_WithRealQueries_EmbedsQueryCorrectly(query: &quot;Meeting with teacher next Monday&quot;)" storage="/mnt/d/git/aula/src/aula.tests/bin/debug/net9.0/aula.tests.dll" id="64b3e4a5-31a7-57c7-6c30-e353370e12e0">
      <Execution id="42a95ecf-717c-4259-b482-9614edd7940f" />
      <TestMethod codeBase="/mnt/d/git/aula/src/Aula.Tests/bin/Debug/net9.0/Aula.Tests.dll" adapterTypeName="executor://xunit/VsTestRunner2/netcoreapp" className="Aula.Tests.Utilities.ReminderExtractionPromptsTests" name="GetExtractionPrompt_WithRealQueries_EmbedsQueryCorrectly" />
    </UnitTest>
    <UnitTest name="Aula.Tests.Bots.SlackMessageHandlerTests.Constructor_WithNullReminderHandler_ThrowsArgumentNullException" storage="/mnt/d/git/aula/src/aula.tests/bin/debug/net9.0/aula.tests.dll" id="9737c38f-ad68-db59-78e8-3f7908babdcf">
      <Execution id="27b3b255-1b01-44a9-bd0e-1ce75e99f6ab" />
      <TestMethod codeBase="/mnt/d/git/aula/src/Aula.Tests/bin/Debug/net9.0/Aula.Tests.dll" adapterTypeName="executor://xunit/VsTestRunner2/netcoreapp" className="Aula.Tests.Bots.SlackMessageHandlerTests" name="Constructor_WithNullReminderHandler_ThrowsArgumentNullException" />
    </UnitTest>
    <UnitTest name="Aula.Tests.Tools.ReminderCommandHandlerTests.TryHandleReminderCommand_DeleteReminder_WithException_LogsErrorAndReturnsErrorMessage(command: &quot;slet påmindelse 888&quot;, isEnglish: False)" storage="/mnt/d/git/aula/src/aula.tests/bin/debug/net9.0/aula.tests.dll" id="f7492970-5062-ad84-014e-43c4dfa554f1">
      <Execution id="6e80ccf9-5833-40c7-a3bb-f160f09dc71b" />
      <TestMethod codeBase="/mnt/d/git/aula/src/Aula.Tests/bin/Debug/net9.0/Aula.Tests.dll" adapterTypeName="executor://xunit/VsTestRunner2/netcoreapp" className="Aula.Tests.Tools.ReminderCommandHandlerTests" name="TryHandleReminderCommand_DeleteReminder_WithException_LogsErrorAndReturnsErrorMessage" />
    </UnitTest>
    <UnitTest name="Aula.Tests.Utilities.ConversationContextManagerTests.UpdateContext_OverwritesExistingContext" storage="/mnt/d/git/aula/src/aula.tests/bin/debug/net9.0/aula.tests.dll" id="269fcbba-1520-c37c-832e-a6063e8324bb">
      <Execution id="9559c554-5de5-40d6-a1ab-f0001cde9265" />
      <TestMethod codeBase="/mnt/d/git/aula/src/Aula.Tests/bin/Debug/net9.0/Aula.Tests.dll" adapterTypeName="executor://xunit/VsTestRunner2/netcoreapp" className="Aula.Tests.Utilities.ConversationContextManagerTests" name="UpdateContext_OverwritesExistingContext" />
    </UnitTest>
    <UnitTest name="Aula.Tests.Utilities.JsonFormatterTests.Prettify_WithIncompleteJson_ThrowsException(incompleteJson: &quot;}&quot;)" storage="/mnt/d/git/aula/src/aula.tests/bin/debug/net9.0/aula.tests.dll" id="63cce41a-68ed-6ffe-d9f5-762e73c0e405">
      <Execution id="d72b9f3f-be6d-439f-a923-2974adc4992c" />
      <TestMethod codeBase="/mnt/d/git/aula/src/Aula.Tests/bin/Debug/net9.0/Aula.Tests.dll" adapterTypeName="executor://xunit/VsTestRunner2/netcoreapp" className="Aula.Tests.Utilities.JsonFormatterTests" name="Prettify_WithIncompleteJson_ThrowsException" />
    </UnitTest>
    <UnitTest name="Aula.Tests.Services.SupabaseServiceTests.Constructor_WithInvalidConfig_DoesNotThrow" storage="/mnt/d/git/aula/src/aula.tests/bin/debug/net9.0/aula.tests.dll" id="7e66458c-6fa0-adfa-1ecd-a6462fccce40">
      <Execution id="d8a8a57b-7760-44b1-acc2-058782c643d4" />
      <TestMethod codeBase="/mnt/d/git/aula/src/Aula.Tests/bin/Debug/net9.0/Aula.Tests.dll" adapterTypeName="executor://xunit/VsTestRunner2/netcoreapp" className="Aula.Tests.Services.SupabaseServiceTests" name="Constructor_WithInvalidConfig_DoesNotThrow" />
    </UnitTest>
    <UnitTest name="Aula.Tests.Bots.TelegramInteractiveBotTests.Constructor_WithMissingToken_ThrowsInvalidOperationException" storage="/mnt/d/git/aula/src/aula.tests/bin/debug/net9.0/aula.tests.dll" id="fabac3d5-e597-1339-6b46-1c0c67411388">
      <Execution id="c682f19d-9001-4838-877e-4a1cd68a2467" />
      <TestMethod codeBase="/mnt/d/git/aula/src/Aula.Tests/bin/Debug/net9.0/Aula.Tests.dll" adapterTypeName="executor://xunit/VsTestRunner2/netcoreapp" className="Aula.Tests.Bots.TelegramInteractiveBotTests" name="Constructor_WithMissingToken_ThrowsInvalidOperationException" />
    </UnitTest>
    <UnitTest name="Aula.Tests.Services.DataServiceTests.CacheWeekLetter_StoresDataInCache" storage="/mnt/d/git/aula/src/aula.tests/bin/debug/net9.0/aula.tests.dll" id="a6c6eedb-804b-f291-bd53-e5fa9809816a">
      <Execution id="41bb4ccb-b17f-49db-a247-d5ec70ecbce8" />
      <TestMethod codeBase="/mnt/d/git/aula/src/Aula.Tests/bin/Debug/net9.0/Aula.Tests.dll" adapterTypeName="executor://xunit/VsTestRunner2/netcoreapp" className="Aula.Tests.Services.DataServiceTests" name="CacheWeekLetter_StoresDataInCache" />
    </UnitTest>
    <UnitTest name="Aula.Tests.Bots.TelegramInteractiveBotTests.Start_WithDisabledTelegram_LogsErrorAndReturns" storage="/mnt/d/git/aula/src/aula.tests/bin/debug/net9.0/aula.tests.dll" id="515b0adc-b2ee-305a-2e4a-324570128aec">
      <Execution id="432e6c50-e2cf-4914-b9c3-3816ef615d1a" />
      <TestMethod codeBase="/mnt/d/git/aula/src/Aula.Tests/bin/Debug/net9.0/Aula.Tests.dll" adapterTypeName="executor://xunit/VsTestRunner2/netcoreapp" className="Aula.Tests.Bots.TelegramInteractiveBotTests" name="Start_WithDisabledTelegram_LogsErrorAndReturns" />
    </UnitTest>
    <UnitTest name="Aula.Tests.Scheduling.SchedulingServiceIntegrationTests.StartStop_Sequence_WorksCorrectly" storage="/mnt/d/git/aula/src/aula.tests/bin/debug/net9.0/aula.tests.dll" id="c8f354e3-5f08-fa6e-54e5-16cf95052730">
      <Execution id="3a859998-a9c0-4a82-96a0-79420c65b6a3" />
      <TestMethod codeBase="/mnt/d/git/aula/src/Aula.Tests/bin/Debug/net9.0/Aula.Tests.dll" adapterTypeName="executor://xunit/VsTestRunner2/netcoreapp" className="Aula.Tests.Scheduling.SchedulingServiceIntegrationTests" name="StartStop_Sequence_WorksCorrectly" />
    </UnitTest>
    <UnitTest name="Aula.Tests.Bots.TelegramMessageHandlerTests.HandleMessageAsync_WithPrivateChat_HandlesCorrectly" storage="/mnt/d/git/aula/src/aula.tests/bin/debug/net9.0/aula.tests.dll" id="5999bd3d-fee4-c596-3611-a7bc16bc4fdd">
      <Execution id="f19625f7-e19b-4a01-a6f5-8c5d2a2e521c" />
      <TestMethod codeBase="/mnt/d/git/aula/src/Aula.Tests/bin/Debug/net9.0/Aula.Tests.dll" adapterTypeName="executor://xunit/VsTestRunner2/netcoreapp" className="Aula.Tests.Bots.TelegramMessageHandlerTests" name="HandleMessageAsync_WithPrivateChat_HandlesCorrectly" />
    </UnitTest>
    <UnitTest name="Aula.Tests.Configuration.ConfigurationTests.Timers_AdaptivePollingLimits_ValidationTests(minSeconds: 10, maxSeconds: 10, isValid: True)" storage="/mnt/d/git/aula/src/aula.tests/bin/debug/net9.0/aula.tests.dll" id="0e25bcf5-ab45-f600-b517-83fefa26e455">
      <Execution id="7542247c-8ace-425c-b959-7a48cdd567bd" />
      <TestMethod codeBase="/mnt/d/git/aula/src/Aula.Tests/bin/Debug/net9.0/Aula.Tests.dll" adapterTypeName="executor://xunit/VsTestRunner2/netcoreapp" className="Aula.Tests.Configuration.ConfigurationTests" name="Timers_AdaptivePollingLimits_ValidationTests" />
    </UnitTest>
    <UnitTest name="Aula.Tests.Utilities.DateTimeUtilitiesTests.GetDanishDayName_ValidDayOfWeek_ReturnsCorrectDanishName(dayOfWeek: Sunday, expectedDanishName: &quot;søndag&quot;)" storage="/mnt/d/git/aula/src/aula.tests/bin/debug/net9.0/aula.tests.dll" id="7603ab70-2625-ab42-8d9e-7a15863cfd1c">
      <Execution id="d4cef0f2-8a54-487c-9a9c-bbe258547541" />
      <TestMethod codeBase="/mnt/d/git/aula/src/Aula.Tests/bin/Debug/net9.0/Aula.Tests.dll" adapterTypeName="executor://xunit/VsTestRunner2/netcoreapp" className="Aula.Tests.Utilities.DateTimeUtilitiesTests" name="GetDanishDayName_ValidDayOfWeek_ReturnsCorrectDanishName" />
    </UnitTest>
    <UnitTest name="Aula.Tests.Bots.TelegramInteractiveBotTests.ComputeHash_WithDifferentInputs_ReturnsDifferentHashes" storage="/mnt/d/git/aula/src/aula.tests/bin/debug/net9.0/aula.tests.dll" id="5e0ccfa9-e637-4242-b34b-1ae82226f894">
      <Execution id="20572d8f-0271-4dc1-9f87-c7cbeda2eb7a" />
      <TestMethod codeBase="/mnt/d/git/aula/src/Aula.Tests/bin/Debug/net9.0/Aula.Tests.dll" adapterTypeName="executor://xunit/VsTestRunner2/netcoreapp" className="Aula.Tests.Bots.TelegramInteractiveBotTests" name="ComputeHash_WithDifferentInputs_ReturnsDifferentHashes" />
    </UnitTest>
    <UnitTest name="Aula.Tests.Utilities.FollowUpQuestionDetectorTests.IsFollowUpQuestion_WithEnglishFollowUpPhrases_ReturnsTrue(input: &quot;what about Emma&quot;)" storage="/mnt/d/git/aula/src/aula.tests/bin/debug/net9.0/aula.tests.dll" id="1bdda070-0470-891d-d0f0-2e66f6c00467">
      <Execution id="b2e1198a-3a47-4244-92be-daf25d394b37" />
      <TestMethod codeBase="/mnt/d/git/aula/src/Aula.Tests/bin/Debug/net9.0/Aula.Tests.dll" adapterTypeName="executor://xunit/VsTestRunner2/netcoreapp" className="Aula.Tests.Utilities.FollowUpQuestionDetectorTests" name="IsFollowUpQuestion_WithEnglishFollowUpPhrases_ReturnsTrue" />
    </UnitTest>
    <UnitTest name="Aula.Tests.Services.DataModelTests.ScheduledTask_CronExpression_CanBeSet(cronExpression: &quot;0 16 * * 0&quot;, description: &quot;Weekly at 4 PM on Sundays&quot;)" storage="/mnt/d/git/aula/src/aula.tests/bin/debug/net9.0/aula.tests.dll" id="3076346f-e719-f439-3898-289f35032ef1">
      <Execution id="09730642-e14d-4b16-8f52-50a9be7d16b1" />
      <TestMethod codeBase="/mnt/d/git/aula/src/Aula.Tests/bin/Debug/net9.0/Aula.Tests.dll" adapterTypeName="executor://xunit/VsTestRunner2/netcoreapp" className="Aula.Tests.Services.DataModelTests" name="ScheduledTask_CronExpression_CanBeSet" />
    </UnitTest>
    <UnitTest name="Aula.Tests.Services.SupabaseServiceTests.WeekLetterParameters_WithValidValues_AreInValidRange(childName: &quot;TestChild&quot;, weekNumber: 42, year: 2023)" storage="/mnt/d/git/aula/src/aula.tests/bin/debug/net9.0/aula.tests.dll" id="336b2beb-eb54-f0ba-e24b-08204093e0aa">
      <Execution id="832e1854-d2dd-4e55-b9df-69df1fcb89b6" />
      <TestMethod codeBase="/mnt/d/git/aula/src/Aula.Tests/bin/Debug/net9.0/Aula.Tests.dll" adapterTypeName="executor://xunit/VsTestRunner2/netcoreapp" className="Aula.Tests.Services.SupabaseServiceTests" name="WeekLetterParameters_WithValidValues_AreInValidRange" />
    </UnitTest>
    <UnitTest name="Aula.Tests.Utilities.IntentAnalysisPromptsTests.ToolExamples_ContainsRequiredKeys(key: &quot;LIST_REMINDERS&quot;)" storage="/mnt/d/git/aula/src/aula.tests/bin/debug/net9.0/aula.tests.dll" id="bda17d36-b490-5d6a-2ec9-eac27d02fc34">
      <Execution id="dd3fa0df-3b9b-483b-890c-7bdefa7772ee" />
      <TestMethod codeBase="/mnt/d/git/aula/src/Aula.Tests/bin/Debug/net9.0/Aula.Tests.dll" adapterTypeName="executor://xunit/VsTestRunner2/netcoreapp" className="Aula.Tests.Utilities.IntentAnalysisPromptsTests" name="ToolExamples_ContainsRequiredKeys" />
    </UnitTest>
    <UnitTest name="Aula.Tests.Utilities.FollowUpQuestionDetectorTests.IsFollowUpQuestion_WithUnicodeChildNames_WorksCorrectly(input: &quot;søren&quot;)" storage="/mnt/d/git/aula/src/aula.tests/bin/debug/net9.0/aula.tests.dll" id="abccacca-7bbc-accb-c206-54d138eb3775">
      <Execution id="411e356e-d0b9-4be3-a80d-c24bffd86a74" />
      <TestMethod codeBase="/mnt/d/git/aula/src/Aula.Tests/bin/Debug/net9.0/Aula.Tests.dll" adapterTypeName="executor://xunit/VsTestRunner2/netcoreapp" className="Aula.Tests.Utilities.FollowUpQuestionDetectorTests" name="IsFollowUpQuestion_WithUnicodeChildNames_WorksCorrectly" />
    </UnitTest>
    <UnitTest name="Aula.Tests.Services.OpenAiServiceIntegrationTests.AskQuestionAboutChildrenAsync_WithValidParameters_CallsApiWithCorrectParameters" storage="/mnt/d/git/aula/src/aula.tests/bin/debug/net9.0/aula.tests.dll" id="8d316203-7ae4-8ab6-6acc-77bb5420b18a">
      <Execution id="18264cf4-6c3e-4c9a-96b5-85d8892d2794" />
      <TestMethod codeBase="/mnt/d/git/aula/src/Aula.Tests/bin/Debug/net9.0/Aula.Tests.dll" adapterTypeName="executor://xunit/VsTestRunner2/netcoreapp" className="Aula.Tests.Services.OpenAiServiceIntegrationTests" name="AskQuestionAboutChildrenAsync_WithValidParameters_CallsApiWithCorrectParameters" />
    </UnitTest>
    <UnitTest name="Aula.Tests.Configuration.ConfigurationTests.Slack_ChannelId_ValidationTests(channelId: &quot;@username&quot;, isValid: True)" storage="/mnt/d/git/aula/src/aula.tests/bin/debug/net9.0/aula.tests.dll" id="38a790b1-3578-8062-65d0-8c5f0243d8e8">
      <Execution id="102ca896-defe-4af4-9e70-d544b6b5c1cc" />
      <TestMethod codeBase="/mnt/d/git/aula/src/Aula.Tests/bin/Debug/net9.0/Aula.Tests.dll" adapterTypeName="executor://xunit/VsTestRunner2/netcoreapp" className="Aula.Tests.Configuration.ConfigurationTests" name="Slack_ChannelId_ValidationTests" />
    </UnitTest>
    <UnitTest name="Aula.Tests.Configuration.ConfigurationTests.Slack_ConfigurationIsCorrect" storage="/mnt/d/git/aula/src/aula.tests/bin/debug/net9.0/aula.tests.dll" id="d4f2af6d-af5d-0e11-cead-324b41b39853">
      <Execution id="ff0acbc6-f6cd-48dd-ab1f-7ab637b7136b" />
      <TestMethod codeBase="/mnt/d/git/aula/src/Aula.Tests/bin/Debug/net9.0/Aula.Tests.dll" adapterTypeName="executor://xunit/VsTestRunner2/netcoreapp" className="Aula.Tests.Configuration.ConfigurationTests" name="Slack_ConfigurationIsCorrect" />
    </UnitTest>
    <UnitTest name="Aula.Tests.Scheduling.SchedulingServiceIntegrationTests.Constructor_WithNullLoggerFactory_ThrowsArgumentNullException" storage="/mnt/d/git/aula/src/aula.tests/bin/debug/net9.0/aula.tests.dll" id="a928e41a-a5c8-5840-1107-8bfd65b6750c">
      <Execution id="8aa99c75-6912-49a7-9ce8-460f332bb66a" />
      <TestMethod codeBase="/mnt/d/git/aula/src/Aula.Tests/bin/Debug/net9.0/Aula.Tests.dll" adapterTypeName="executor://xunit/VsTestRunner2/netcoreapp" className="Aula.Tests.Scheduling.SchedulingServiceIntegrationTests" name="Constructor_WithNullLoggerFactory_ThrowsArgumentNullException" />
    </UnitTest>
    <UnitTest name="Aula.Tests.Utilities.DateTimeUtilitiesTests.GetDanishDayName_ValidDayOfWeek_ReturnsCorrectDanishName(dayOfWeek: Friday, expectedDanishName: &quot;fredag&quot;)" storage="/mnt/d/git/aula/src/aula.tests/bin/debug/net9.0/aula.tests.dll" id="3516f5e6-d761-9079-ee12-f11189d2dee7">
      <Execution id="46605d73-f337-4116-8c3b-f998da44ff48" />
      <TestMethod codeBase="/mnt/d/git/aula/src/Aula.Tests/bin/Debug/net9.0/Aula.Tests.dll" adapterTypeName="executor://xunit/VsTestRunner2/netcoreapp" className="Aula.Tests.Utilities.DateTimeUtilitiesTests" name="GetDanishDayName_ValidDayOfWeek_ReturnsCorrectDanishName" />
    </UnitTest>
    <UnitTest name="Aula.Tests.Configuration.ConfigurationTests.Features_ConversationCacheExpiration_ValidationTests(minutes: -1, isValid: False)" storage="/mnt/d/git/aula/src/aula.tests/bin/debug/net9.0/aula.tests.dll" id="14b493ec-1bcb-50f5-9528-914b1e27347a">
      <Execution id="cc14b2a1-9e20-4512-87ad-28f36cb6b588" />
      <TestMethod codeBase="/mnt/d/git/aula/src/Aula.Tests/bin/Debug/net9.0/Aula.Tests.dll" adapterTypeName="executor://xunit/VsTestRunner2/netcoreapp" className="Aula.Tests.Configuration.ConfigurationTests" name="Features_ConversationCacheExpiration_ValidationTests" />
    </UnitTest>
    <UnitTest name="Aula.Tests.Utilities.Html2SlackMarkdownConverterTests.Convert_WithNestedTags_RemovesCorrectly" storage="/mnt/d/git/aula/src/aula.tests/bin/debug/net9.0/aula.tests.dll" id="89236559-f3ef-d084-fa13-c204061f03bf">
      <Execution id="6570efc0-f326-47e5-8407-aee5ef0253fc" />
      <TestMethod codeBase="/mnt/d/git/aula/src/Aula.Tests/bin/Debug/net9.0/Aula.Tests.dll" adapterTypeName="executor://xunit/VsTestRunner2/netcoreapp" className="Aula.Tests.Utilities.Html2SlackMarkdownConverterTests" name="Convert_WithNestedTags_RemovesCorrectly" />
    </UnitTest>
    <UnitTest name="Aula.Tests.Utilities.DateTimeUtilitiesTests.GetDanishDayName_ValidDayOfWeek_ReturnsCorrectDanishName(dayOfWeek: Wednesday, expectedDanishName: &quot;onsdag&quot;)" storage="/mnt/d/git/aula/src/aula.tests/bin/debug/net9.0/aula.tests.dll" id="a68a27ee-ced5-7055-06ba-12f96958b28f">
      <Execution id="72f14be3-8ef3-4155-b651-2a3dab349e62" />
      <TestMethod codeBase="/mnt/d/git/aula/src/Aula.Tests/bin/Debug/net9.0/Aula.Tests.dll" adapterTypeName="executor://xunit/VsTestRunner2/netcoreapp" className="Aula.Tests.Utilities.DateTimeUtilitiesTests" name="GetDanishDayName_ValidDayOfWeek_ReturnsCorrectDanishName" />
    </UnitTest>
    <UnitTest name="Aula.Tests.Services.OpenAiServiceIntegrationTests.SummarizeWeekLetterAsync_WithNullWeekLetter_ThrowsArgumentNullException(chatInterface: Telegram)" storage="/mnt/d/git/aula/src/aula.tests/bin/debug/net9.0/aula.tests.dll" id="69d1c74a-49ac-9f2b-6362-7fb9e78b2a92">
      <Execution id="6a4e5595-0a57-411f-93e1-15df9cf874fc" />
      <TestMethod codeBase="/mnt/d/git/aula/src/Aula.Tests/bin/Debug/net9.0/Aula.Tests.dll" adapterTypeName="executor://xunit/VsTestRunner2/netcoreapp" className="Aula.Tests.Services.OpenAiServiceIntegrationTests" name="SummarizeWeekLetterAsync_WithNullWeekLetter_ThrowsArgumentNullException" />
    </UnitTest>
    <UnitTest name="Aula.Tests.Utilities.WeekLetterContentExtractorTests.ExtractContent_Dynamic_WithMultipleUgebreve_ReturnsFirstContent" storage="/mnt/d/git/aula/src/aula.tests/bin/debug/net9.0/aula.tests.dll" id="4daab14e-239d-9692-7fbb-75ab5af4e5fe">
      <Execution id="f9733272-38bc-45c7-baf6-f0e1cd50caa6" />
      <TestMethod codeBase="/mnt/d/git/aula/src/Aula.Tests/bin/Debug/net9.0/Aula.Tests.dll" adapterTypeName="executor://xunit/VsTestRunner2/netcoreapp" className="Aula.Tests.Utilities.WeekLetterContentExtractorTests" name="ExtractContent_Dynamic_WithMultipleUgebreve_ReturnsFirstContent" />
    </UnitTest>
    <UnitTest name="Aula.Tests.Utilities.JsonFormatterTests.Prettify_WithSpecialCharacters_HandlesCorrectly" storage="/mnt/d/git/aula/src/aula.tests/bin/debug/net9.0/aula.tests.dll" id="c3e880c3-27f7-ff6e-6cfa-d2f2112d61ec">
      <Execution id="fd9f04cc-4e43-4188-8d56-02408a7646ae" />
      <TestMethod codeBase="/mnt/d/git/aula/src/Aula.Tests/bin/Debug/net9.0/Aula.Tests.dll" adapterTypeName="executor://xunit/VsTestRunner2/netcoreapp" className="Aula.Tests.Utilities.JsonFormatterTests" name="Prettify_WithSpecialCharacters_HandlesCorrectly" />
    </UnitTest>
    <UnitTest name="Aula.Tests.Configuration.ConfigurationTests.UniLogin_WithInvalidCredentials_HandlesGracefully(invalidValue: &quot;&quot;)" storage="/mnt/d/git/aula/src/aula.tests/bin/debug/net9.0/aula.tests.dll" id="5152246d-f0d9-3769-bfe5-e3d39d51e3bf">
      <Execution id="9316c44b-e712-484c-b4cc-20d6206a7cd9" />
      <TestMethod codeBase="/mnt/d/git/aula/src/Aula.Tests/bin/Debug/net9.0/Aula.Tests.dll" adapterTypeName="executor://xunit/VsTestRunner2/netcoreapp" className="Aula.Tests.Configuration.ConfigurationTests" name="UniLogin_WithInvalidCredentials_HandlesGracefully" />
    </UnitTest>
    <UnitTest name="Aula.Tests.Services.OpenAiServiceIntegrationTests.ProcessQueryWithToolsAsync_WithInvalidQuery_ThrowsArgumentException(query: &quot;   &quot;)" storage="/mnt/d/git/aula/src/aula.tests/bin/debug/net9.0/aula.tests.dll" id="5db7f4ff-e78e-7e3c-537f-1a7b8a75bb0c">
      <Execution id="32d026f4-0ed5-4eef-95ab-ac586bcf0d5d" />
      <TestMethod codeBase="/mnt/d/git/aula/src/Aula.Tests/bin/Debug/net9.0/Aula.Tests.dll" adapterTypeName="executor://xunit/VsTestRunner2/netcoreapp" className="Aula.Tests.Services.OpenAiServiceIntegrationTests" name="ProcessQueryWithToolsAsync_WithInvalidQuery_ThrowsArgumentException" />
    </UnitTest>
    <UnitTest name="Aula.Tests.Utilities.ConversationContextTests.ToString_AgeCalculation_IsAccurate" storage="/mnt/d/git/aula/src/aula.tests/bin/debug/net9.0/aula.tests.dll" id="e225aa72-58fb-b1f4-f2d2-82e178039deb">
      <Execution id="4c3fd911-b70b-4655-906a-1ffbdb25f46d" />
      <TestMethod codeBase="/mnt/d/git/aula/src/Aula.Tests/bin/Debug/net9.0/Aula.Tests.dll" adapterTypeName="executor://xunit/VsTestRunner2/netcoreapp" className="Aula.Tests.Utilities.ConversationContextTests" name="ToString_AgeCalculation_IsAccurate" />
    </UnitTest>
    <UnitTest name="Aula.Tests.Services.OpenAiServiceIntegrationTests.Constructor_WithEmptyApiKey_ThrowsArgumentException" storage="/mnt/d/git/aula/src/aula.tests/bin/debug/net9.0/aula.tests.dll" id="faff4fba-5493-e6c9-9bf9-a728e70472b3">
      <Execution id="6841aa82-28a0-4a61-bb26-20070b11a46f" />
      <TestMethod codeBase="/mnt/d/git/aula/src/Aula.Tests/bin/Debug/net9.0/Aula.Tests.dll" adapterTypeName="executor://xunit/VsTestRunner2/netcoreapp" className="Aula.Tests.Services.OpenAiServiceIntegrationTests" name="Constructor_WithEmptyApiKey_ThrowsArgumentException" />
    </UnitTest>
    <UnitTest name="Aula.Tests.Utilities.FollowUpQuestionDetectorTests.IsFollowUpQuestion_WithStartingFollowUpWords_ReturnsTrue(input: &quot;og Emma&quot;)" storage="/mnt/d/git/aula/src/aula.tests/bin/debug/net9.0/aula.tests.dll" id="83b73832-4937-bb84-c164-437b53d65a63">
      <Execution id="e8550a34-436e-4f53-9b7b-08663490dd7e" />
      <TestMethod codeBase="/mnt/d/git/aula/src/Aula.Tests/bin/Debug/net9.0/Aula.Tests.dll" adapterTypeName="executor://xunit/VsTestRunner2/netcoreapp" className="Aula.Tests.Utilities.FollowUpQuestionDetectorTests" name="IsFollowUpQuestion_WithStartingFollowUpWords_ReturnsTrue" />
    </UnitTest>
    <UnitTest name="Aula.Tests.Channels.TelegramClientTests.SendMessageToChannel_WithVariousMessages_DoesNotThrow(message: &quot;Message with special chars: @#$%&quot;)" storage="/mnt/d/git/aula/src/aula.tests/bin/debug/net9.0/aula.tests.dll" id="d877f94f-066f-42a6-7d0d-fddcf50efb86">
      <Execution id="853c93c8-89d2-4a7c-ba1d-4964120e660e" />
      <TestMethod codeBase="/mnt/d/git/aula/src/Aula.Tests/bin/Debug/net9.0/Aula.Tests.dll" adapterTypeName="executor://xunit/VsTestRunner2/netcoreapp" className="Aula.Tests.Channels.TelegramClientTests" name="SendMessageToChannel_WithVariousMessages_DoesNotThrow" />
    </UnitTest>
    <UnitTest name="Aula.Tests.Tools.ReminderCommandHandlerTests.TryHandleReminderCommand_DateParsing_DDMM_Format_WorksCorrectly" storage="/mnt/d/git/aula/src/aula.tests/bin/debug/net9.0/aula.tests.dll" id="d5b42656-f37b-3f98-9edc-5bd253352fc2">
      <Execution id="5a88bff5-95b1-451e-b8f9-d3933976f1f7" />
      <TestMethod codeBase="/mnt/d/git/aula/src/Aula.Tests/bin/Debug/net9.0/Aula.Tests.dll" adapterTypeName="executor://xunit/VsTestRunner2/netcoreapp" className="Aula.Tests.Tools.ReminderCommandHandlerTests" name="TryHandleReminderCommand_DateParsing_DDMM_Format_WorksCorrectly" />
    </UnitTest>
    <UnitTest name="Aula.Tests.Bots.SlackMessageHandlerTests.HandleMessageAsync_WithNullChannel_ReturnsFalse" storage="/mnt/d/git/aula/src/aula.tests/bin/debug/net9.0/aula.tests.dll" id="9835e47b-ec22-5506-aeb5-974d4515aa48">
      <Execution id="b3879e19-5743-47e2-82d2-5edf15ae425f" />
      <TestMethod codeBase="/mnt/d/git/aula/src/Aula.Tests/bin/Debug/net9.0/Aula.Tests.dll" adapterTypeName="executor://xunit/VsTestRunner2/netcoreapp" className="Aula.Tests.Bots.SlackMessageHandlerTests" name="HandleMessageAsync_WithNullChannel_ReturnsFalse" />
    </UnitTest>
    <UnitTest name="Aula.Tests.Utilities.IntentAnalysisPromptsTests.ToolExamples_ContainsBothLanguages" storage="/mnt/d/git/aula/src/aula.tests/bin/debug/net9.0/aula.tests.dll" id="3109c695-3e44-0879-5fda-41d7d17979ff">
      <Execution id="b37fe9b6-2fdd-4105-b526-aef386d59b78" />
      <TestMethod codeBase="/mnt/d/git/aula/src/Aula.Tests/bin/Debug/net9.0/Aula.Tests.dll" adapterTypeName="executor://xunit/VsTestRunner2/netcoreapp" className="Aula.Tests.Utilities.IntentAnalysisPromptsTests" name="ToolExamples_ContainsBothLanguages" />
    </UnitTest>
    <UnitTest name="Aula.Tests.Services.OpenAiServiceIntegrationTests.AskQuestionAboutWeekLetterAsync_WithNullWeekLetter_ThrowsArgumentNullException(chatInterface: Telegram)" storage="/mnt/d/git/aula/src/aula.tests/bin/debug/net9.0/aula.tests.dll" id="c5a7611f-847e-26d1-53fe-736703c875f6">
      <Execution id="8a24db49-2660-4592-9ef3-ced56d8b46ed" />
      <TestMethod codeBase="/mnt/d/git/aula/src/Aula.Tests/bin/Debug/net9.0/Aula.Tests.dll" adapterTypeName="executor://xunit/VsTestRunner2/netcoreapp" className="Aula.Tests.Services.OpenAiServiceIntegrationTests" name="AskQuestionAboutWeekLetterAsync_WithNullWeekLetter_ThrowsArgumentNullException" />
    </UnitTest>
    <UnitTest name="Aula.Tests.Utilities.IntentAnalysisPromptsTests.ToolExamples_CoverExpectedUseCase(expectedKey: &quot;GET_CURRENT_TIME&quot;, queryPattern: &quot;time&quot;)" storage="/mnt/d/git/aula/src/aula.tests/bin/debug/net9.0/aula.tests.dll" id="88e9ac16-5b29-b780-b558-9573ebf5b489">
      <Execution id="347b6d04-d26f-4df8-a058-ae9f7b0cee82" />
      <TestMethod codeBase="/mnt/d/git/aula/src/Aula.Tests/bin/Debug/net9.0/Aula.Tests.dll" adapterTypeName="executor://xunit/VsTestRunner2/netcoreapp" className="Aula.Tests.Utilities.IntentAnalysisPromptsTests" name="ToolExamples_CoverExpectedUseCase" />
    </UnitTest>
    <UnitTest name="Aula.Tests.Channels.SlackBotTests.PostMessage_WithVariousMessages_DoesNotThrow(message: &quot;&quot;)" storage="/mnt/d/git/aula/src/aula.tests/bin/debug/net9.0/aula.tests.dll" id="639796f8-538b-fbb8-1899-7a0106856fc7">
      <Execution id="984b6ad9-562d-43fb-bfab-012599725932" />
      <TestMethod codeBase="/mnt/d/git/aula/src/Aula.Tests/bin/Debug/net9.0/Aula.Tests.dll" adapterTypeName="executor://xunit/VsTestRunner2/netcoreapp" className="Aula.Tests.Channels.SlackBotTests" name="PostMessage_WithVariousMessages_DoesNotThrow" />
    </UnitTest>
    <UnitTest name="Aula.Tests.Utilities.JsonFormatterTests.Prettify_WithIncompleteJson_ThrowsException(incompleteJson: &quot;]&quot;)" storage="/mnt/d/git/aula/src/aula.tests/bin/debug/net9.0/aula.tests.dll" id="0026d070-5db9-6f8c-0581-fb23b0721050">
      <Execution id="19320b07-710f-49a6-a7fb-873507b318f7" />
      <TestMethod codeBase="/mnt/d/git/aula/src/Aula.Tests/bin/Debug/net9.0/Aula.Tests.dll" adapterTypeName="executor://xunit/VsTestRunner2/netcoreapp" className="Aula.Tests.Utilities.JsonFormatterTests" name="Prettify_WithIncompleteJson_ThrowsException" />
    </UnitTest>
    <UnitTest name="Aula.Tests.Configuration.ConfigurationTests.Slack_ChannelId_ValidationTests(channelId: &quot;#general&quot;, isValid: True)" storage="/mnt/d/git/aula/src/aula.tests/bin/debug/net9.0/aula.tests.dll" id="b7ae8529-9bcc-b3b7-9e9a-1f51fba7bd52">
      <Execution id="69180a45-42b6-40a2-a03a-4f865a25af2a" />
      <TestMethod codeBase="/mnt/d/git/aula/src/Aula.Tests/bin/Debug/net9.0/Aula.Tests.dll" adapterTypeName="executor://xunit/VsTestRunner2/netcoreapp" className="Aula.Tests.Configuration.ConfigurationTests" name="Slack_ChannelId_ValidationTests" />
    </UnitTest>
    <UnitTest name="Aula.Tests.Services.OpenAiServiceIntegrationTests.Constructor_WithNullAiToolsManager_ThrowsArgumentNullException" storage="/mnt/d/git/aula/src/aula.tests/bin/debug/net9.0/aula.tests.dll" id="63a4082c-526e-0303-add0-711bb075125c">
      <Execution id="f7be2ce5-33cd-4fe7-a38f-059338ab4526" />
      <TestMethod codeBase="/mnt/d/git/aula/src/Aula.Tests/bin/Debug/net9.0/Aula.Tests.dll" adapterTypeName="executor://xunit/VsTestRunner2/netcoreapp" className="Aula.Tests.Services.OpenAiServiceIntegrationTests" name="Constructor_WithNullAiToolsManager_ThrowsArgumentNullException" />
    </UnitTest>
    <UnitTest name="Aula.Tests.Utilities.ReminderExtractionPromptsTests.GetExtractionPrompt_ContainsRequiredExtractionFields" storage="/mnt/d/git/aula/src/aula.tests/bin/debug/net9.0/aula.tests.dll" id="8495fb32-9c63-b362-e211-e17f09a360d7">
      <Execution id="91e7231a-b029-41e1-9e2b-17057556e4b4" />
      <TestMethod codeBase="/mnt/d/git/aula/src/Aula.Tests/bin/Debug/net9.0/Aula.Tests.dll" adapterTypeName="executor://xunit/VsTestRunner2/netcoreapp" className="Aula.Tests.Utilities.ReminderExtractionPromptsTests" name="GetExtractionPrompt_ContainsRequiredExtractionFields" />
    </UnitTest>
    <UnitTest name="Aula.Tests.Bots.SlackMessageHandlerTests.HandleMessageAsync_WithValidMessage_ReturnsTrue" storage="/mnt/d/git/aula/src/aula.tests/bin/debug/net9.0/aula.tests.dll" id="ed243bdd-6000-1061-a83e-9e458b3d2a08">
      <Execution id="06d6393c-63e7-40e6-8603-354c130a46cc" />
      <TestMethod codeBase="/mnt/d/git/aula/src/Aula.Tests/bin/Debug/net9.0/Aula.Tests.dll" adapterTypeName="executor://xunit/VsTestRunner2/netcoreapp" className="Aula.Tests.Bots.SlackMessageHandlerTests" name="HandleMessageAsync_WithValidMessage_ReturnsTrue" />
    </UnitTest>
    <UnitTest name="Aula.Tests.Utilities.DateTimeUtilitiesTests.GetDanishDayName_InvalidDayOfWeek_ReturnsUnknownDay" storage="/mnt/d/git/aula/src/aula.tests/bin/debug/net9.0/aula.tests.dll" id="d3be5396-2e22-40ea-fb50-3295c468f33c">
      <Execution id="2f998c27-8d3b-412e-9194-a0489567dcf8" />
      <TestMethod codeBase="/mnt/d/git/aula/src/Aula.Tests/bin/Debug/net9.0/Aula.Tests.dll" adapterTypeName="executor://xunit/VsTestRunner2/netcoreapp" className="Aula.Tests.Utilities.DateTimeUtilitiesTests" name="GetDanishDayName_InvalidDayOfWeek_ReturnsUnknownDay" />
    </UnitTest>
    <UnitTest name="Aula.Tests.Tools.ReminderCommandHandlerTests.TryHandleReminderCommand_AddReminder_WithException_LogsErrorAndReturnsErrorMessage" storage="/mnt/d/git/aula/src/aula.tests/bin/debug/net9.0/aula.tests.dll" id="d0cf4523-20d9-e9c2-7e92-dc719d8bb4ef">
      <Execution id="00e577f7-8e2b-42f5-b31d-264ceffe35c2" />
      <TestMethod codeBase="/mnt/d/git/aula/src/Aula.Tests/bin/Debug/net9.0/Aula.Tests.dll" adapterTypeName="executor://xunit/VsTestRunner2/netcoreapp" className="Aula.Tests.Tools.ReminderCommandHandlerTests" name="TryHandleReminderCommand_AddReminder_WithException_LogsErrorAndReturnsErrorMessage" />
    </UnitTest>
    <UnitTest name="Aula.Tests.Channels.TelegramClientTests.Constructor_WithVariousTokens_DoesNotThrow(token: &quot;123456789:AABBCCDDEEFFGG&quot;)" storage="/mnt/d/git/aula/src/aula.tests/bin/debug/net9.0/aula.tests.dll" id="1e24c5cd-d42a-5c97-73c1-5f149820ea22">
      <Execution id="6319444e-5991-40e6-9133-4364442276a3" />
      <TestMethod codeBase="/mnt/d/git/aula/src/Aula.Tests/bin/Debug/net9.0/Aula.Tests.dll" adapterTypeName="executor://xunit/VsTestRunner2/netcoreapp" className="Aula.Tests.Channels.TelegramClientTests" name="Constructor_WithVariousTokens_DoesNotThrow" />
    </UnitTest>
    <UnitTest name="Aula.Tests.Bots.TelegramInteractiveBotTests.SendMessage_WithLongChatId_SendsSuccessfully(chatId: &quot;1234567890&quot;)" storage="/mnt/d/git/aula/src/aula.tests/bin/debug/net9.0/aula.tests.dll" id="f1a8ea88-01e1-69c3-1fe9-4aa537f89af0">
      <Execution id="1e649304-6bbf-446e-9fc3-bf71ce05b04a" />
      <TestMethod codeBase="/mnt/d/git/aula/src/Aula.Tests/bin/Debug/net9.0/Aula.Tests.dll" adapterTypeName="executor://xunit/VsTestRunner2/netcoreapp" className="Aula.Tests.Bots.TelegramInteractiveBotTests" name="SendMessage_WithLongChatId_SendsSuccessfully" />
    </UnitTest>
    <UnitTest name="Aula.Tests.Bots.SlackInteractiveBotTests.Constructor_WithValidParameters_InitializesCorrectly" storage="/mnt/d/git/aula/src/aula.tests/bin/debug/net9.0/aula.tests.dll" id="2f04f25a-f7ea-d154-f23d-9b85170cefc4">
      <Execution id="93b1a2ba-1c49-4d61-8f03-3ab24a45a330" />
      <TestMethod codeBase="/mnt/d/git/aula/src/Aula.Tests/bin/Debug/net9.0/Aula.Tests.dll" adapterTypeName="executor://xunit/VsTestRunner2/netcoreapp" className="Aula.Tests.Bots.SlackInteractiveBotTests" name="Constructor_WithValidParameters_InitializesCorrectly" />
    </UnitTest>
    <UnitTest name="Aula.Tests.Channels.TelegramClientTests.PostWeekLetter_WithVariousChildNames_HandlesCorrectly(firstName: &quot;Alice&quot;)" storage="/mnt/d/git/aula/src/aula.tests/bin/debug/net9.0/aula.tests.dll" id="7764d870-960a-e6a5-a9d1-b95db448a3be">
      <Execution id="e3f90cc1-75ec-44d9-882e-cb392a4db1ef" />
      <TestMethod codeBase="/mnt/d/git/aula/src/Aula.Tests/bin/Debug/net9.0/Aula.Tests.dll" adapterTypeName="executor://xunit/VsTestRunner2/netcoreapp" className="Aula.Tests.Channels.TelegramClientTests" name="PostWeekLetter_WithVariousChildNames_HandlesCorrectly" />
    </UnitTest>
    <UnitTest name="Aula.Tests.Utilities.ConversationContextTests.ConversationContext_DefaultValues_AreSetCorrectly" storage="/mnt/d/git/aula/src/aula.tests/bin/debug/net9.0/aula.tests.dll" id="ee79648a-cff5-5748-d2f4-bbdc12cb6662">
      <Execution id="5228e54c-24b3-42b7-b728-dfc1975e6775" />
      <TestMethod codeBase="/mnt/d/git/aula/src/Aula.Tests/bin/Debug/net9.0/Aula.Tests.dll" adapterTypeName="executor://xunit/VsTestRunner2/netcoreapp" className="Aula.Tests.Utilities.ConversationContextTests" name="ConversationContext_DefaultValues_AreSetCorrectly" />
    </UnitTest>
    <UnitTest name="Aula.Tests.Utilities.FollowUpQuestionDetectorTests.IsFollowUpQuestion_WithChildNameAndShortMessage_ReturnsTrue(input: &quot;Wilson&quot;)" storage="/mnt/d/git/aula/src/aula.tests/bin/debug/net9.0/aula.tests.dll" id="415f90fb-9864-854c-b560-969302c9cec5">
      <Execution id="f8cbece8-bc1f-484e-9932-bf71c9bdad16" />
      <TestMethod codeBase="/mnt/d/git/aula/src/Aula.Tests/bin/Debug/net9.0/Aula.Tests.dll" adapterTypeName="executor://xunit/VsTestRunner2/netcoreapp" className="Aula.Tests.Utilities.FollowUpQuestionDetectorTests" name="IsFollowUpQuestion_WithChildNameAndShortMessage_ReturnsTrue" />
    </UnitTest>
    <UnitTest name="Aula.Tests.Utilities.Html2SlackMarkdownConverterTests.Convert_WithPartialTags_HandlesGracefully(html: &quot;&lt;p&gt;&quot;)" storage="/mnt/d/git/aula/src/aula.tests/bin/debug/net9.0/aula.tests.dll" id="3a146d29-fbcb-fef0-8b31-74bf7ff2c627">
      <Execution id="8f300f73-9cbb-4d99-96dd-6805ff44202b" />
      <TestMethod codeBase="/mnt/d/git/aula/src/Aula.Tests/bin/Debug/net9.0/Aula.Tests.dll" adapterTypeName="executor://xunit/VsTestRunner2/netcoreapp" className="Aula.Tests.Utilities.Html2SlackMarkdownConverterTests" name="Convert_WithPartialTags_HandlesGracefully" />
    </UnitTest>
    <UnitTest name="Aula.Tests.Scheduling.SchedulingServiceIntegrationTests.Service_WithDifferentBotConfigurations_WorksCorrectly(slackEnabled: False, telegramEnabled: True)" storage="/mnt/d/git/aula/src/aula.tests/bin/debug/net9.0/aula.tests.dll" id="db1ac5c7-4d71-7640-4051-517cc2b3de0c">
      <Execution id="2f68f745-cd19-421d-8b08-79554a165e03" />
      <TestMethod codeBase="/mnt/d/git/aula/src/Aula.Tests/bin/Debug/net9.0/Aula.Tests.dll" adapterTypeName="executor://xunit/VsTestRunner2/netcoreapp" className="Aula.Tests.Scheduling.SchedulingServiceIntegrationTests" name="Service_WithDifferentBotConfigurations_WorksCorrectly" />
    </UnitTest>
    <UnitTest name="Aula.Tests.Bots.SlackInteractiveBotTests.Start_WithMissingApiToken_LogsErrorAndReturns" storage="/mnt/d/git/aula/src/aula.tests/bin/debug/net9.0/aula.tests.dll" id="3faf1419-3703-7fd5-a3da-353c4d730dce">
      <Execution id="444dcf10-4e4f-45c7-95b6-a86e8b31c10c" />
      <TestMethod codeBase="/mnt/d/git/aula/src/Aula.Tests/bin/Debug/net9.0/Aula.Tests.dll" adapterTypeName="executor://xunit/VsTestRunner2/netcoreapp" className="Aula.Tests.Bots.SlackInteractiveBotTests" name="Start_WithMissingApiToken_LogsErrorAndReturns" />
    </UnitTest>
    <UnitTest name="Aula.Tests.Services.OpenAiServiceIntegrationTests.AskQuestionAboutChildrenAsync_WithNullChildrenWeekLetters_ThrowsArgumentNullException(chatInterface: Slack)" storage="/mnt/d/git/aula/src/aula.tests/bin/debug/net9.0/aula.tests.dll" id="98555ca9-e51e-c77a-a5b7-89147423d30d">
      <Execution id="59ac4656-59e5-4978-a1cc-7bfb61306f05" />
      <TestMethod codeBase="/mnt/d/git/aula/src/Aula.Tests/bin/Debug/net9.0/Aula.Tests.dll" adapterTypeName="executor://xunit/VsTestRunner2/netcoreapp" className="Aula.Tests.Services.OpenAiServiceIntegrationTests" name="AskQuestionAboutChildrenAsync_WithNullChildrenWeekLetters_ThrowsArgumentNullException" />
    </UnitTest>
    <UnitTest name="Aula.Tests.Configuration.ConfigurationTests.Timers_ConfigurationIsCorrect" storage="/mnt/d/git/aula/src/aula.tests/bin/debug/net9.0/aula.tests.dll" id="33b001f1-b8e7-0e78-6628-3106ad6d2f71">
      <Execution id="1472bb3c-0fb3-403e-9fc7-1eb7015f5f0e" />
      <TestMethod codeBase="/mnt/d/git/aula/src/Aula.Tests/bin/Debug/net9.0/Aula.Tests.dll" adapterTypeName="executor://xunit/VsTestRunner2/netcoreapp" className="Aula.Tests.Configuration.ConfigurationTests" name="Timers_ConfigurationIsCorrect" />
    </UnitTest>
    <UnitTest name="Aula.Tests.Bots.TelegramMessageHandlerTests.Constructor_WithNullSupabaseService_ThrowsArgumentNullException" storage="/mnt/d/git/aula/src/aula.tests/bin/debug/net9.0/aula.tests.dll" id="465ed908-4041-5a87-afb1-27b6b5171191">
      <Execution id="cf7b9210-0f15-4d53-b703-3683b2369589" />
      <TestMethod codeBase="/mnt/d/git/aula/src/Aula.Tests/bin/Debug/net9.0/Aula.Tests.dll" adapterTypeName="executor://xunit/VsTestRunner2/netcoreapp" className="Aula.Tests.Bots.TelegramMessageHandlerTests" name="Constructor_WithNullSupabaseService_ThrowsArgumentNullException" />
    </UnitTest>
    <UnitTest name="Aula.Tests.Services.DataModelTests.AppState_WithProperties_SetsCorrectly" storage="/mnt/d/git/aula/src/aula.tests/bin/debug/net9.0/aula.tests.dll" id="a4a3bfc2-ce2c-55ab-e6c7-e1c25caaf60b">
      <Execution id="94e99b4c-fe7c-4da1-bcca-77943f397297" />
      <TestMethod codeBase="/mnt/d/git/aula/src/Aula.Tests/bin/Debug/net9.0/Aula.Tests.dll" adapterTypeName="executor://xunit/VsTestRunner2/netcoreapp" className="Aula.Tests.Services.DataModelTests" name="AppState_WithProperties_SetsCorrectly" />
    </UnitTest>
    <UnitTest name="Aula.Tests.Channels.TelegramClientTests.PostWeekLetter_WithValidInputs_DoesNotThrow" storage="/mnt/d/git/aula/src/aula.tests/bin/debug/net9.0/aula.tests.dll" id="cc139316-f1a2-00ef-ef1d-1e4ba4910c04">
      <Execution id="944e8da4-7756-4f21-9e5b-6efd1c1a058d" />
      <TestMethod codeBase="/mnt/d/git/aula/src/Aula.Tests/bin/Debug/net9.0/Aula.Tests.dll" adapterTypeName="executor://xunit/VsTestRunner2/netcoreapp" className="Aula.Tests.Channels.TelegramClientTests" name="PostWeekLetter_WithValidInputs_DoesNotThrow" />
    </UnitTest>
    <UnitTest name="Aula.Tests.Bots.SlackMessageHandlerTests.Constructor_WithNullConversationContext_ThrowsArgumentNullException" storage="/mnt/d/git/aula/src/aula.tests/bin/debug/net9.0/aula.tests.dll" id="abcb3b7f-4c07-2d28-fb29-7bc03942e3cd">
      <Execution id="21beeb1c-864a-4ffc-86bd-a0102efec0d6" />
      <TestMethod codeBase="/mnt/d/git/aula/src/Aula.Tests/bin/Debug/net9.0/Aula.Tests.dll" adapterTypeName="executor://xunit/VsTestRunner2/netcoreapp" className="Aula.Tests.Bots.SlackMessageHandlerTests" name="Constructor_WithNullConversationContext_ThrowsArgumentNullException" />
    </UnitTest>
    <UnitTest name="Aula.Tests.Channels.TelegramClientTests.PostWeekLetter_WithEmptyWeekLetter_HandlesGracefully" storage="/mnt/d/git/aula/src/aula.tests/bin/debug/net9.0/aula.tests.dll" id="ab63d831-8e5f-0400-01ad-bd4bb81aa871">
      <Execution id="9389a47d-6622-49f1-95dc-3eeea7242413" />
      <TestMethod codeBase="/mnt/d/git/aula/src/Aula.Tests/bin/Debug/net9.0/Aula.Tests.dll" adapterTypeName="executor://xunit/VsTestRunner2/netcoreapp" className="Aula.Tests.Channels.TelegramClientTests" name="PostWeekLetter_WithEmptyWeekLetter_HandlesGracefully" />
    </UnitTest>
    <UnitTest name="Aula.Tests.Services.DataModelTests.ScheduledTask_WithProperties_SetsCorrectly" storage="/mnt/d/git/aula/src/aula.tests/bin/debug/net9.0/aula.tests.dll" id="34366f44-ed9b-7d8b-6c2d-6118dfaf9ff9">
      <Execution id="2e442e26-c5fc-407b-b8ca-9fc70aab5cc9" />
      <TestMethod codeBase="/mnt/d/git/aula/src/Aula.Tests/bin/Debug/net9.0/Aula.Tests.dll" adapterTypeName="executor://xunit/VsTestRunner2/netcoreapp" className="Aula.Tests.Services.DataModelTests" name="ScheduledTask_WithProperties_SetsCorrectly" />
    </UnitTest>
    <UnitTest name="Aula.Tests.Utilities.FollowUpQuestionDetectorTests.IsFollowUpQuestion_WithNullLogger_ThrowsArgumentNullException" storage="/mnt/d/git/aula/src/aula.tests/bin/debug/net9.0/aula.tests.dll" id="ce195ac9-e907-62d3-fa5f-c3b7ebadeac3">
      <Execution id="17a14c80-209e-44e2-ab00-ce34d74723a2" />
      <TestMethod codeBase="/mnt/d/git/aula/src/Aula.Tests/bin/Debug/net9.0/Aula.Tests.dll" adapterTypeName="executor://xunit/VsTestRunner2/netcoreapp" className="Aula.Tests.Utilities.FollowUpQuestionDetectorTests" name="IsFollowUpQuestion_WithNullLogger_ThrowsArgumentNullException" />
    </UnitTest>
    <UnitTest name="Aula.Tests.Services.OpenAiServiceIntegrationTests.Constructor_WithValidParameters_InitializesCorrectly" storage="/mnt/d/git/aula/src/aula.tests/bin/debug/net9.0/aula.tests.dll" id="8c77f87a-9ff2-d101-f9e6-6771eeb5c649">
      <Execution id="b1bb8bad-1e3a-46b8-838c-3db52c65324e" />
      <TestMethod codeBase="/mnt/d/git/aula/src/Aula.Tests/bin/Debug/net9.0/Aula.Tests.dll" adapterTypeName="executor://xunit/VsTestRunner2/netcoreapp" className="Aula.Tests.Services.OpenAiServiceIntegrationTests" name="Constructor_WithValidParameters_InitializesCorrectly" />
    </UnitTest>
    <UnitTest name="Aula.Tests.Utilities.JsonFormatterTests.Prettify_WithNumbers_PreservesNumericTypes" storage="/mnt/d/git/aula/src/aula.tests/bin/debug/net9.0/aula.tests.dll" id="5a903d00-5b08-70e4-0ae1-41f7c132ff27">
      <Execution id="a0c61944-614c-479d-a42d-8d8b98d489d4" />
      <TestMethod codeBase="/mnt/d/git/aula/src/Aula.Tests/bin/Debug/net9.0/Aula.Tests.dll" adapterTypeName="executor://xunit/VsTestRunner2/netcoreapp" className="Aula.Tests.Utilities.JsonFormatterTests" name="Prettify_WithNumbers_PreservesNumericTypes" />
    </UnitTest>
    <UnitTest name="Aula.Tests.Channels.SlackBotTests.SendTestMessage_WithVariousMessages_DoesNotThrow(message: &quot;Message with *bold* and _italic_&quot;)" storage="/mnt/d/git/aula/src/aula.tests/bin/debug/net9.0/aula.tests.dll" id="39cbc733-29e9-c5b4-bf01-9d0a5e8faef4">
      <Execution id="cf585f3e-9624-43c6-aa98-5d5fbbba43b9" />
      <TestMethod codeBase="/mnt/d/git/aula/src/Aula.Tests/bin/Debug/net9.0/Aula.Tests.dll" adapterTypeName="executor://xunit/VsTestRunner2/netcoreapp" className="Aula.Tests.Channels.SlackBotTests" name="SendTestMessage_WithVariousMessages_DoesNotThrow" />
    </UnitTest>
    <UnitTest name="Aula.Tests.Services.DataModelTests.Reminder_CreatedBy_HandlesValues(createdBy: null, shouldAccept: False)" storage="/mnt/d/git/aula/src/aula.tests/bin/debug/net9.0/aula.tests.dll" id="dd6cd978-16c0-3adf-7057-3791731bf47f">
      <Execution id="2bfc5d28-6303-4def-935e-433df7490b2b" />
      <TestMethod codeBase="/mnt/d/git/aula/src/Aula.Tests/bin/Debug/net9.0/Aula.Tests.dll" adapterTypeName="executor://xunit/VsTestRunner2/netcoreapp" className="Aula.Tests.Services.DataModelTests" name="Reminder_CreatedBy_HandlesValues" />
    </UnitTest>
    <UnitTest name="Aula.Tests.Tools.ReminderCommandHandlerTests.Constructor_WithNullLogger_ThrowsArgumentNullException" storage="/mnt/d/git/aula/src/aula.tests/bin/debug/net9.0/aula.tests.dll" id="52284c88-15e2-e622-5da9-cf51ba9aa844">
      <Execution id="f727f191-8e3f-47ba-8f78-f72f28fc5649" />
      <TestMethod codeBase="/mnt/d/git/aula/src/Aula.Tests/bin/Debug/net9.0/Aula.Tests.dll" adapterTypeName="executor://xunit/VsTestRunner2/netcoreapp" className="Aula.Tests.Tools.ReminderCommandHandlerTests" name="Constructor_WithNullLogger_ThrowsArgumentNullException" />
    </UnitTest>
    <UnitTest name="Aula.Tests.Channels.SlackBotTests.PostMessage_WithVariousMessages_DoesNotThrow(message: &quot;Simple message&quot;)" storage="/mnt/d/git/aula/src/aula.tests/bin/debug/net9.0/aula.tests.dll" id="470ea3d0-f459-b6ad-4f9f-44954dd4a0b8">
      <Execution id="a9ccb9c0-3f65-4a9d-86af-c3fe17532fae" />
      <TestMethod codeBase="/mnt/d/git/aula/src/Aula.Tests/bin/Debug/net9.0/Aula.Tests.dll" adapterTypeName="executor://xunit/VsTestRunner2/netcoreapp" className="Aula.Tests.Channels.SlackBotTests" name="PostMessage_WithVariousMessages_DoesNotThrow" />
    </UnitTest>
    <UnitTest name="Aula.Tests.Services.DataModelTests.ScheduledTask_DefaultConstructor_InitializesCorrectly" storage="/mnt/d/git/aula/src/aula.tests/bin/debug/net9.0/aula.tests.dll" id="959fba83-0682-2e3d-51fe-2394f6f56bd3">
      <Execution id="841463f1-0500-463e-b204-d78dd892fa4a" />
      <TestMethod codeBase="/mnt/d/git/aula/src/Aula.Tests/bin/Debug/net9.0/Aula.Tests.dll" adapterTypeName="executor://xunit/VsTestRunner2/netcoreapp" className="Aula.Tests.Services.DataModelTests" name="ScheduledTask_DefaultConstructor_InitializesCorrectly" />
    </UnitTest>
    <UnitTest name="Aula.Tests.Bots.SlackMessageHandlerTests.Constructor_WithNullChildrenByName_ThrowsArgumentNullException" storage="/mnt/d/git/aula/src/aula.tests/bin/debug/net9.0/aula.tests.dll" id="0d3d8599-f426-1393-a900-8c97239c2db0">
      <Execution id="d3e9e51b-6dfe-4ed1-8761-72d9bbf99dca" />
      <TestMethod codeBase="/mnt/d/git/aula/src/Aula.Tests/bin/Debug/net9.0/Aula.Tests.dll" adapterTypeName="executor://xunit/VsTestRunner2/netcoreapp" className="Aula.Tests.Bots.SlackMessageHandlerTests" name="Constructor_WithNullChildrenByName_ThrowsArgumentNullException" />
    </UnitTest>
    <UnitTest name="Aula.Tests.Channels.SlackBotTests.PostWeekLetter_WithVariousChildNames_HandlesCorrectly(firstName: &quot;&quot;)" storage="/mnt/d/git/aula/src/aula.tests/bin/debug/net9.0/aula.tests.dll" id="d3b4820e-3f6b-fc6c-04b8-e7cf49b0bad8">
      <Execution id="c39712d9-2581-43b4-81d4-e6ec2268b308" />
      <TestMethod codeBase="/mnt/d/git/aula/src/Aula.Tests/bin/Debug/net9.0/Aula.Tests.dll" adapterTypeName="executor://xunit/VsTestRunner2/netcoreapp" className="Aula.Tests.Channels.SlackBotTests" name="PostWeekLetter_WithVariousChildNames_HandlesCorrectly" />
    </UnitTest>
    <UnitTest name="Aula.Tests.Utilities.ReminderExtractionPromptsTests.GetExtractionPrompt_ContainsExpectedResponseFormat" storage="/mnt/d/git/aula/src/aula.tests/bin/debug/net9.0/aula.tests.dll" id="1a0f9073-85e9-ddfd-302a-6b8e7f408be7">
      <Execution id="bca45b6e-3ecd-4328-a5c6-69f033a5e519" />
      <TestMethod codeBase="/mnt/d/git/aula/src/Aula.Tests/bin/Debug/net9.0/Aula.Tests.dll" adapterTypeName="executor://xunit/VsTestRunner2/netcoreapp" className="Aula.Tests.Utilities.ReminderExtractionPromptsTests" name="GetExtractionPrompt_ContainsExpectedResponseFormat" />
    </UnitTest>
    <UnitTest name="Aula.Tests.Utilities.ConversationContextManagerTests.GetContext_WithNonExistentKey_ReturnsNull" storage="/mnt/d/git/aula/src/aula.tests/bin/debug/net9.0/aula.tests.dll" id="4b2a2af9-445d-9ecf-64f7-d742a6adefb7">
      <Execution id="b59c59ac-b1d3-4887-8b7f-e9a13b961be9" />
      <TestMethod codeBase="/mnt/d/git/aula/src/Aula.Tests/bin/Debug/net9.0/Aula.Tests.dll" adapterTypeName="executor://xunit/VsTestRunner2/netcoreapp" className="Aula.Tests.Utilities.ConversationContextManagerTests" name="GetContext_WithNonExistentKey_ReturnsNull" />
    </UnitTest>
    <UnitTest name="Aula.Tests.Bots.SlackMessageHandlerTests.Constructor_WithNullHttpClient_ThrowsArgumentNullException" storage="/mnt/d/git/aula/src/aula.tests/bin/debug/net9.0/aula.tests.dll" id="d484adb7-a52c-1efb-9dd8-63c19447b60d">
      <Execution id="c8420c38-76eb-4521-b022-59eb569c3af4" />
      <TestMethod codeBase="/mnt/d/git/aula/src/Aula.Tests/bin/Debug/net9.0/Aula.Tests.dll" adapterTypeName="executor://xunit/VsTestRunner2/netcoreapp" className="Aula.Tests.Bots.SlackMessageHandlerTests" name="Constructor_WithNullHttpClient_ThrowsArgumentNullException" />
    </UnitTest>
    <UnitTest name="Aula.Tests.Utilities.DateTimeUtilitiesTests.GetDanishDayName_ValidDayOfWeek_ReturnsLowercaseName(dayOfWeek: Saturday, expectedName: &quot;lørdag&quot;)" storage="/mnt/d/git/aula/src/aula.tests/bin/debug/net9.0/aula.tests.dll" id="44a05eee-eae2-643d-4997-e4bad6b31a71">
      <Execution id="0a77c0b3-c88b-4551-8a2e-106ae5e8003a" />
      <TestMethod codeBase="/mnt/d/git/aula/src/Aula.Tests/bin/Debug/net9.0/Aula.Tests.dll" adapterTypeName="executor://xunit/VsTestRunner2/netcoreapp" className="Aula.Tests.Utilities.DateTimeUtilitiesTests" name="GetDanishDayName_ValidDayOfWeek_ReturnsLowercaseName" />
    </UnitTest>
    <UnitTest name="Aula.Tests.Bots.SlackInteractiveBotTests.Dispose_WhenCalled_DisposesResources" storage="/mnt/d/git/aula/src/aula.tests/bin/debug/net9.0/aula.tests.dll" id="836451b2-62cb-4cd2-ca5f-c5c8f2c0a202">
      <Execution id="4cfc73db-e555-4d5c-a4d8-5fd3cd4e1987" />
      <TestMethod codeBase="/mnt/d/git/aula/src/Aula.Tests/bin/Debug/net9.0/Aula.Tests.dll" adapterTypeName="executor://xunit/VsTestRunner2/netcoreapp" className="Aula.Tests.Bots.SlackInteractiveBotTests" name="Dispose_WhenCalled_DisposesResources" />
    </UnitTest>
    <UnitTest name="Aula.Tests.Bots.SlackInteractiveBotTests.Constructor_WithNullAgentService_ThrowsArgumentNullException" storage="/mnt/d/git/aula/src/aula.tests/bin/debug/net9.0/aula.tests.dll" id="1d29fac2-3f2b-d487-db1b-b2d3ad7fc889">
      <Execution id="b0580f66-babf-4a21-b3f1-9b8207ea695a" />
      <TestMethod codeBase="/mnt/d/git/aula/src/Aula.Tests/bin/Debug/net9.0/Aula.Tests.dll" adapterTypeName="executor://xunit/VsTestRunner2/netcoreapp" className="Aula.Tests.Bots.SlackInteractiveBotTests" name="Constructor_WithNullAgentService_ThrowsArgumentNullException" />
    </UnitTest>
    <UnitTest name="Aula.Tests.Bots.TelegramInteractiveBotTests.Constructor_WithNullConfig_ThrowsArgumentNullException" storage="/mnt/d/git/aula/src/aula.tests/bin/debug/net9.0/aula.tests.dll" id="cb05154c-9d2c-0c1f-d5d8-19063e23db2a">
      <Execution id="074fd476-dd8b-4aa8-8459-27cd59db11cd" />
      <TestMethod codeBase="/mnt/d/git/aula/src/Aula.Tests/bin/Debug/net9.0/Aula.Tests.dll" adapterTypeName="executor://xunit/VsTestRunner2/netcoreapp" className="Aula.Tests.Bots.TelegramInteractiveBotTests" name="Constructor_WithNullConfig_ThrowsArgumentNullException" />
    </UnitTest>
    <UnitTest name="Aula.Tests.Tools.ReminderCommandHandlerTests.TryHandleReminderCommand_NonMatchingPatterns_ReturnsFalse(command: &quot;husk mig ugyldig at 8:00 at invalid format&quot;, isEnglish: False)" storage="/mnt/d/git/aula/src/aula.tests/bin/debug/net9.0/aula.tests.dll" id="d7aeee86-92f2-5c12-685d-812d09ed0822">
      <Execution id="32d3f688-ec96-43b7-bca4-0a5a584b54e5" />
      <TestMethod codeBase="/mnt/d/git/aula/src/Aula.Tests/bin/Debug/net9.0/Aula.Tests.dll" adapterTypeName="executor://xunit/VsTestRunner2/netcoreapp" className="Aula.Tests.Tools.ReminderCommandHandlerTests" name="TryHandleReminderCommand_NonMatchingPatterns_ReturnsFalse" />
    </UnitTest>
    <UnitTest name="Aula.Tests.Bots.TelegramMessageHandlerTests.HandleMessageAsync_WithNullText_ReturnsEarly" storage="/mnt/d/git/aula/src/aula.tests/bin/debug/net9.0/aula.tests.dll" id="a91693fe-7a60-fb25-8c1a-3c9d5103f720">
      <Execution id="dff9ce4c-6e2c-4e70-af27-1e737be0f29b" />
      <TestMethod codeBase="/mnt/d/git/aula/src/Aula.Tests/bin/Debug/net9.0/Aula.Tests.dll" adapterTypeName="executor://xunit/VsTestRunner2/netcoreapp" className="Aula.Tests.Bots.TelegramMessageHandlerTests" name="HandleMessageAsync_WithNullText_ReturnsEarly" />
    </UnitTest>
    <UnitTest name="Aula.Tests.Utilities.IntentAnalysisPromptsTests.ToolExamples_ContainsRequiredKeys(key: &quot;CREATE_REMINDER&quot;)" storage="/mnt/d/git/aula/src/aula.tests/bin/debug/net9.0/aula.tests.dll" id="9459ef9a-ed9e-7e04-b1e7-d4cc74d49390">
      <Execution id="236b6558-b3f9-4c5f-b429-427022bda791" />
      <TestMethod codeBase="/mnt/d/git/aula/src/Aula.Tests/bin/Debug/net9.0/Aula.Tests.dll" adapterTypeName="executor://xunit/VsTestRunner2/netcoreapp" className="Aula.Tests.Utilities.IntentAnalysisPromptsTests" name="ToolExamples_ContainsRequiredKeys" />
    </UnitTest>
    <UnitTest name="Aula.Tests.Tools.AiToolsManagerTests.DeleteReminderAsync_WithInvalidReminderNumber_ReturnsError" storage="/mnt/d/git/aula/src/aula.tests/bin/debug/net9.0/aula.tests.dll" id="3eae7343-2bfd-b9ac-3f25-bf1944822f6f">
      <Execution id="61999ab9-f9fb-42d0-b457-ae7613d90aaa" />
      <TestMethod codeBase="/mnt/d/git/aula/src/Aula.Tests/bin/Debug/net9.0/Aula.Tests.dll" adapterTypeName="executor://xunit/VsTestRunner2/netcoreapp" className="Aula.Tests.Tools.AiToolsManagerTests" name="DeleteReminderAsync_WithInvalidReminderNumber_ReturnsError" />
    </UnitTest>
    <UnitTest name="Aula.Tests.Channels.TelegramClientTests.Constructor_WithConfig_EnabledFalse_CreatesInstance" storage="/mnt/d/git/aula/src/aula.tests/bin/debug/net9.0/aula.tests.dll" id="50081d46-2c3a-f2b2-59ea-4061c169b6c6">
      <Execution id="00406c6b-599c-4179-b1ad-01cdf7c53fd7" />
      <TestMethod codeBase="/mnt/d/git/aula/src/Aula.Tests/bin/Debug/net9.0/Aula.Tests.dll" adapterTypeName="executor://xunit/VsTestRunner2/netcoreapp" className="Aula.Tests.Channels.TelegramClientTests" name="Constructor_WithConfig_EnabledFalse_CreatesInstance" />
    </UnitTest>
    <UnitTest name="Aula.Tests.Utilities.FollowUpQuestionDetectorTests.IsFollowUpQuestion_WithoutFollowUpPhrases_ReturnsFalse(input: &quot;no child names here&quot;)" storage="/mnt/d/git/aula/src/aula.tests/bin/debug/net9.0/aula.tests.dll" id="b3807b1c-634e-e2ee-a1b8-8f079f205113">
      <Execution id="42711316-bf62-4668-8682-c957c6671aac" />
      <TestMethod codeBase="/mnt/d/git/aula/src/Aula.Tests/bin/Debug/net9.0/Aula.Tests.dll" adapterTypeName="executor://xunit/VsTestRunner2/netcoreapp" className="Aula.Tests.Utilities.FollowUpQuestionDetectorTests" name="IsFollowUpQuestion_WithoutFollowUpPhrases_ReturnsFalse" />
    </UnitTest>
    <UnitTest name="Aula.Tests.Utilities.ReminderExtractionPromptsTests.GetExtractionPrompt_ContainsRelativeDateExamples" storage="/mnt/d/git/aula/src/aula.tests/bin/debug/net9.0/aula.tests.dll" id="4eec350c-78eb-2a68-cc2e-22085c8e2c8c">
      <Execution id="9fd6729c-f6ea-44e1-8800-27b561e8f396" />
      <TestMethod codeBase="/mnt/d/git/aula/src/Aula.Tests/bin/Debug/net9.0/Aula.Tests.dll" adapterTypeName="executor://xunit/VsTestRunner2/netcoreapp" className="Aula.Tests.Utilities.ReminderExtractionPromptsTests" name="GetExtractionPrompt_ContainsRelativeDateExamples" />
    </UnitTest>
    <UnitTest name="Aula.Tests.Configuration.ConfigurationTests.Telegram_Token_ValidationTests(token: &quot;123456789:AABBCCDDEEFFGGHHTest&quot;, isValidFormat: True)" storage="/mnt/d/git/aula/src/aula.tests/bin/debug/net9.0/aula.tests.dll" id="261e6035-42f7-283f-e93e-b518a8a74310">
      <Execution id="360f45d3-9d81-45a3-8421-429f4677538f" />
      <TestMethod codeBase="/mnt/d/git/aula/src/Aula.Tests/bin/Debug/net9.0/Aula.Tests.dll" adapterTypeName="executor://xunit/VsTestRunner2/netcoreapp" className="Aula.Tests.Configuration.ConfigurationTests" name="Telegram_Token_ValidationTests" />
    </UnitTest>
    <UnitTest name="Aula.Tests.Utilities.Html2SlackMarkdownConverterTests.Convert_WithPartialTags_HandlesGracefully(html: &quot;&lt;/p&gt;&quot;)" storage="/mnt/d/git/aula/src/aula.tests/bin/debug/net9.0/aula.tests.dll" id="ab8c7a74-84b9-4ead-0c18-89aab1a19e51">
      <Execution id="0490b851-04ac-463e-ac5f-dc6b89ce1af4" />
      <TestMethod codeBase="/mnt/d/git/aula/src/Aula.Tests/bin/Debug/net9.0/Aula.Tests.dll" adapterTypeName="executor://xunit/VsTestRunner2/netcoreapp" className="Aula.Tests.Utilities.Html2SlackMarkdownConverterTests" name="Convert_WithPartialTags_HandlesGracefully" />
    </UnitTest>
    <UnitTest name="Aula.Tests.Bots.TelegramMessageHandlerTests.HandleMessageAsync_WithValidQuery_ProcessesSuccessfully(queryText: &quot;Vis ugeplanen&quot;)" storage="/mnt/d/git/aula/src/aula.tests/bin/debug/net9.0/aula.tests.dll" id="40ac891b-3aed-7213-ed1d-840834b3000d">
      <Execution id="f924be56-29b6-4910-8cce-f64bc82457f5" />
      <TestMethod codeBase="/mnt/d/git/aula/src/Aula.Tests/bin/Debug/net9.0/Aula.Tests.dll" adapterTypeName="executor://xunit/VsTestRunner2/netcoreapp" className="Aula.Tests.Bots.TelegramMessageHandlerTests" name="HandleMessageAsync_WithValidQuery_ProcessesSuccessfully" />
    </UnitTest>
    <UnitTest name="Aula.Tests.Channels.SlackBotTests.SendTestMessage_WithVariousMessages_DoesNotThrow(message: &quot;Message with special chars: @#$%&quot;)" storage="/mnt/d/git/aula/src/aula.tests/bin/debug/net9.0/aula.tests.dll" id="70db4613-e64a-610c-c0a7-4aad6b8acc12">
      <Execution id="c07307b5-a49c-468b-97c8-7b5478db62f1" />
      <TestMethod codeBase="/mnt/d/git/aula/src/Aula.Tests/bin/Debug/net9.0/Aula.Tests.dll" adapterTypeName="executor://xunit/VsTestRunner2/netcoreapp" className="Aula.Tests.Channels.SlackBotTests" name="SendTestMessage_WithVariousMessages_DoesNotThrow" />
    </UnitTest>
    <UnitTest name="Aula.Tests.Utilities.FollowUpQuestionDetectorTests.IsFollowUpQuestion_WithPunctuationAroundChildName_WorksCorrectly(input: &quot;Emma,&quot;)" storage="/mnt/d/git/aula/src/aula.tests/bin/debug/net9.0/aula.tests.dll" id="18c82026-182f-6e23-4c30-ed576236aa7c">
      <Execution id="1486d776-7b18-4e31-9802-4d66b5d46e85" />
      <TestMethod codeBase="/mnt/d/git/aula/src/Aula.Tests/bin/Debug/net9.0/Aula.Tests.dll" adapterTypeName="executor://xunit/VsTestRunner2/netcoreapp" className="Aula.Tests.Utilities.FollowUpQuestionDetectorTests" name="IsFollowUpQuestion_WithPunctuationAroundChildName_WorksCorrectly" />
    </UnitTest>
    <UnitTest name="Aula.Tests.Channels.SlackBotTests.SendTestMessage_WithMessage_DoesNotThrow" storage="/mnt/d/git/aula/src/aula.tests/bin/debug/net9.0/aula.tests.dll" id="e2cf5630-e05d-ce3d-d438-0bd261dc3937">
      <Execution id="04aa21dc-fb71-4bec-910c-fd513c3f9a28" />
      <TestMethod codeBase="/mnt/d/git/aula/src/Aula.Tests/bin/Debug/net9.0/Aula.Tests.dll" adapterTypeName="executor://xunit/VsTestRunner2/netcoreapp" className="Aula.Tests.Channels.SlackBotTests" name="SendTestMessage_WithMessage_DoesNotThrow" />
    </UnitTest>
    <UnitTest name="Aula.Tests.Bots.SlackMessageHandlerTests.HandleMessageAsync_WithHelpCommand_ProcessesHelpMessage(helpCommand: &quot;hjælp&quot;)" storage="/mnt/d/git/aula/src/aula.tests/bin/debug/net9.0/aula.tests.dll" id="9fbd08c9-807d-0d3a-ed39-c949f2bb8c4b">
      <Execution id="0b86e7fd-82d5-4c23-8d61-db5906065cbe" />
      <TestMethod codeBase="/mnt/d/git/aula/src/Aula.Tests/bin/Debug/net9.0/Aula.Tests.dll" adapterTypeName="executor://xunit/VsTestRunner2/netcoreapp" className="Aula.Tests.Bots.SlackMessageHandlerTests" name="HandleMessageAsync_WithHelpCommand_ProcessesHelpMessage" />
    </UnitTest>
    <UnitTest name="Aula.Tests.Tools.ReminderCommandHandlerTests.TryHandleReminderCommand_ListReminders_NoReminders_ReturnsNoRemindersMessage(command: &quot;vis påmindelser&quot;, isEnglish: False)" storage="/mnt/d/git/aula/src/aula.tests/bin/debug/net9.0/aula.tests.dll" id="02a94b2b-cd88-000b-7e1d-6fc58b3c673d">
      <Execution id="39e29c89-8f78-49d3-9490-2fe4a038e404" />
      <TestMethod codeBase="/mnt/d/git/aula/src/Aula.Tests/bin/Debug/net9.0/Aula.Tests.dll" adapterTypeName="executor://xunit/VsTestRunner2/netcoreapp" className="Aula.Tests.Tools.ReminderCommandHandlerTests" name="TryHandleReminderCommand_ListReminders_NoReminders_ReturnsNoRemindersMessage" />
    </UnitTest>
    <UnitTest name="Aula.Tests.Integration.AgentServiceTests.GetWeekLetterAsync_FetchesAndCachesData_WhenNotCached" storage="/mnt/d/git/aula/src/aula.tests/bin/debug/net9.0/aula.tests.dll" id="e23a0f35-3922-f8cd-3202-bdb40b27bd1c">
      <Execution id="2ef93ad4-adad-49af-8cf5-784ae573b0d3" />
      <TestMethod codeBase="/mnt/d/git/aula/src/Aula.Tests/bin/Debug/net9.0/Aula.Tests.dll" adapterTypeName="executor://xunit/VsTestRunner2/netcoreapp" className="Aula.Tests.Integration.AgentServiceTests" name="GetWeekLetterAsync_FetchesAndCachesData_WhenNotCached" />
    </UnitTest>
    <UnitTest name="Aula.Tests.Channels.SlackBotTests.PostWeekLetter_WithVariousChildColors_HandlesCorrectly(color: &quot;#00FF00&quot;)" storage="/mnt/d/git/aula/src/aula.tests/bin/debug/net9.0/aula.tests.dll" id="c22f41fe-1a51-d644-5cab-111d373cdaae">
      <Execution id="d7c77505-65fb-47b0-8ee8-c80ddd62283f" />
      <TestMethod codeBase="/mnt/d/git/aula/src/Aula.Tests/bin/Debug/net9.0/Aula.Tests.dll" adapterTypeName="executor://xunit/VsTestRunner2/netcoreapp" className="Aula.Tests.Channels.SlackBotTests" name="PostWeekLetter_WithVariousChildColors_HandlesCorrectly" />
    </UnitTest>
    <UnitTest name="Aula.Tests.Utilities.FollowUpQuestionDetectorTests.IsFollowUpQuestion_WithUnicodeChildNames_WorksCorrectly(input: &quot;TestChild2&quot;)" storage="/mnt/d/git/aula/src/aula.tests/bin/debug/net9.0/aula.tests.dll" id="19d5cf7b-2f75-2a41-694f-50c30d11f63c">
      <Execution id="ca5ead5a-0f2f-4e18-aa8d-46a0adf99df6" />
      <TestMethod codeBase="/mnt/d/git/aula/src/Aula.Tests/bin/Debug/net9.0/Aula.Tests.dll" adapterTypeName="executor://xunit/VsTestRunner2/netcoreapp" className="Aula.Tests.Utilities.FollowUpQuestionDetectorTests" name="IsFollowUpQuestion_WithUnicodeChildNames_WorksCorrectly" />
    </UnitTest>
    <UnitTest name="Aula.Tests.Bots.TelegramMessageHandlerTests.HandleMessageAsync_WithReminderCommand_CallsReminderHandler(reminderCommand: &quot;slet påmindelse&quot;)" storage="/mnt/d/git/aula/src/aula.tests/bin/debug/net9.0/aula.tests.dll" id="d15263a9-c9dd-8da6-43bd-cf6d41fc1e3a">
      <Execution id="e41ecba0-0106-4c25-9ef6-a955362870b4" />
      <TestMethod codeBase="/mnt/d/git/aula/src/Aula.Tests/bin/Debug/net9.0/Aula.Tests.dll" adapterTypeName="executor://xunit/VsTestRunner2/netcoreapp" className="Aula.Tests.Bots.TelegramMessageHandlerTests" name="HandleMessageAsync_WithReminderCommand_CallsReminderHandler" />
    </UnitTest>
    <UnitTest name="Aula.Tests.Channels.SlackBotTests.Constructor_WithConfig_CreatesInstance" storage="/mnt/d/git/aula/src/aula.tests/bin/debug/net9.0/aula.tests.dll" id="4671f449-0198-2bb5-9d3d-e7e5207a3968">
      <Execution id="3821f47e-0c93-40bb-82a1-6d5a943b3f64" />
      <TestMethod codeBase="/mnt/d/git/aula/src/Aula.Tests/bin/Debug/net9.0/Aula.Tests.dll" adapterTypeName="executor://xunit/VsTestRunner2/netcoreapp" className="Aula.Tests.Channels.SlackBotTests" name="Constructor_WithConfig_CreatesInstance" />
    </UnitTest>
    <UnitTest name="Aula.Tests.Tools.AiToolsManagerTests.ListRemindersAsync_WithNoReminders_ReturnsEmptyMessage" storage="/mnt/d/git/aula/src/aula.tests/bin/debug/net9.0/aula.tests.dll" id="b4f6ecd8-21d2-e463-3b8f-e414fa0d53d7">
      <Execution id="07ef455b-3f89-4605-8ad6-813939d7e332" />
      <TestMethod codeBase="/mnt/d/git/aula/src/Aula.Tests/bin/Debug/net9.0/Aula.Tests.dll" adapterTypeName="executor://xunit/VsTestRunner2/netcoreapp" className="Aula.Tests.Tools.AiToolsManagerTests" name="ListRemindersAsync_WithNoReminders_ReturnsEmptyMessage" />
    </UnitTest>
    <UnitTest name="Aula.Tests.Utilities.IntentAnalysisPromptsTests.ToolExamples_ContainsRequiredKeys(key: &quot;CREATE_REMINDER_DANISH&quot;)" storage="/mnt/d/git/aula/src/aula.tests/bin/debug/net9.0/aula.tests.dll" id="752d40b4-ceac-535b-c245-39fed899e450">
      <Execution id="feda349c-15bd-4b66-9f0b-fbd4beaa6229" />
      <TestMethod codeBase="/mnt/d/git/aula/src/Aula.Tests/bin/Debug/net9.0/Aula.Tests.dll" adapterTypeName="executor://xunit/VsTestRunner2/netcoreapp" className="Aula.Tests.Utilities.IntentAnalysisPromptsTests" name="ToolExamples_ContainsRequiredKeys" />
    </UnitTest>
    <UnitTest name="Aula.Tests.Bots.SlackMessageHandlerTests.HandleMessageAsync_WithHelpCommand_ProcessesHelpMessage(helpCommand: &quot;help&quot;)" storage="/mnt/d/git/aula/src/aula.tests/bin/debug/net9.0/aula.tests.dll" id="bd271e29-873c-e257-8849-0350a000b3af">
      <Execution id="2c97af6c-f1c7-4af8-af6d-6909f8c9ab24" />
      <TestMethod codeBase="/mnt/d/git/aula/src/Aula.Tests/bin/Debug/net9.0/Aula.Tests.dll" adapterTypeName="executor://xunit/VsTestRunner2/netcoreapp" className="Aula.Tests.Bots.SlackMessageHandlerTests" name="HandleMessageAsync_WithHelpCommand_ProcessesHelpMessage" />
    </UnitTest>
    <UnitTest name="Aula.Tests.Bots.TelegramMessageHandlerTests.HandleMessageAsync_WithReminderCommand_CallsReminderHandler(reminderCommand: &quot;mind mig om noget&quot;)" storage="/mnt/d/git/aula/src/aula.tests/bin/debug/net9.0/aula.tests.dll" id="3b396502-c22c-6b6b-cd1b-3a2de6a27365">
      <Execution id="63d35843-5140-411a-be74-00aca2e4302c" />
      <TestMethod codeBase="/mnt/d/git/aula/src/Aula.Tests/bin/Debug/net9.0/Aula.Tests.dll" adapterTypeName="executor://xunit/VsTestRunner2/netcoreapp" className="Aula.Tests.Bots.TelegramMessageHandlerTests" name="HandleMessageAsync_WithReminderCommand_CallsReminderHandler" />
    </UnitTest>
    <UnitTest name="Aula.Tests.Utilities.ReminderExtractionPromptsTests.GetExtractionPrompt_WithDifferentMinuteOffsets_CalculatesCorrectly(minutes: 60)" storage="/mnt/d/git/aula/src/aula.tests/bin/debug/net9.0/aula.tests.dll" id="d2fd3d18-963d-6ba7-e216-54d46cb5c046">
      <Execution id="624c60a9-e9b5-4c8e-ab2f-bbb4e943e437" />
      <TestMethod codeBase="/mnt/d/git/aula/src/Aula.Tests/bin/Debug/net9.0/Aula.Tests.dll" adapterTypeName="executor://xunit/VsTestRunner2/netcoreapp" className="Aula.Tests.Utilities.ReminderExtractionPromptsTests" name="GetExtractionPrompt_WithDifferentMinuteOffsets_CalculatesCorrectly" />
    </UnitTest>
    <UnitTest name="Aula.Tests.Tools.ReminderCommandHandlerTests.TryHandleReminderCommand_DeleteReminder_WithException_LogsErrorAndReturnsErrorMessage(command: &quot;delete reminder 999&quot;, isEnglish: True)" storage="/mnt/d/git/aula/src/aula.tests/bin/debug/net9.0/aula.tests.dll" id="f7baf2b9-a2d0-7c99-3bd4-af737954fe30">
      <Execution id="a030a8d3-dff4-4d75-845d-c8cb63ac3b02" />
      <TestMethod codeBase="/mnt/d/git/aula/src/Aula.Tests/bin/Debug/net9.0/Aula.Tests.dll" adapterTypeName="executor://xunit/VsTestRunner2/netcoreapp" className="Aula.Tests.Tools.ReminderCommandHandlerTests" name="TryHandleReminderCommand_DeleteReminder_WithException_LogsErrorAndReturnsErrorMessage" />
    </UnitTest>
    <UnitTest name="Aula.Tests.Bots.SlackMessageHandlerTests.HandleMessageAsync_WithValidQuery_ProcessesSuccessfully(queryText: &quot;Vis ugeplanen&quot;)" storage="/mnt/d/git/aula/src/aula.tests/bin/debug/net9.0/aula.tests.dll" id="348072bd-5799-593b-9354-a4cea37de12a">
      <Execution id="b3cdf63b-5e1b-4378-af63-0c2c8ecd1716" />
      <TestMethod codeBase="/mnt/d/git/aula/src/Aula.Tests/bin/Debug/net9.0/Aula.Tests.dll" adapterTypeName="executor://xunit/VsTestRunner2/netcoreapp" className="Aula.Tests.Bots.SlackMessageHandlerTests" name="HandleMessageAsync_WithValidQuery_ProcessesSuccessfully" />
    </UnitTest>
    <UnitTest name="Aula.Tests.Scheduling.SchedulingServiceIntegrationTests.Service_WithDifferentBotConfigurations_WorksCorrectly(slackEnabled: True, telegramEnabled: True)" storage="/mnt/d/git/aula/src/aula.tests/bin/debug/net9.0/aula.tests.dll" id="8f7835b5-50dd-c6de-2199-d163d47a3c4e">
      <Execution id="a66ad726-743b-44c6-8779-7cc2a5b6c103" />
      <TestMethod codeBase="/mnt/d/git/aula/src/Aula.Tests/bin/Debug/net9.0/Aula.Tests.dll" adapterTypeName="executor://xunit/VsTestRunner2/netcoreapp" className="Aula.Tests.Scheduling.SchedulingServiceIntegrationTests" name="Service_WithDifferentBotConfigurations_WorksCorrectly" />
    </UnitTest>
    <UnitTest name="Aula.Tests.Tools.ReminderCommandHandlerTests.TryHandleReminderCommand_AddReminder_ValidFormats_ReturnsSuccess(command: &quot;remind me 31/12 at 23:59 that Year end&quot;, isEnglish: True, expectedChildName: null)" storage="/mnt/d/git/aula/src/aula.tests/bin/debug/net9.0/aula.tests.dll" id="ff05afd1-484c-69de-a316-bc507787c7c8">
      <Execution id="766c31c9-82ff-47b1-a00d-3cdc85f3c0e0" />
      <TestMethod codeBase="/mnt/d/git/aula/src/Aula.Tests/bin/Debug/net9.0/Aula.Tests.dll" adapterTypeName="executor://xunit/VsTestRunner2/netcoreapp" className="Aula.Tests.Tools.ReminderCommandHandlerTests" name="TryHandleReminderCommand_AddReminder_ValidFormats_ReturnsSuccess" />
    </UnitTest>
    <UnitTest name="Aula.Tests.Utilities.WeekLetterContentExtractorTests.ExtractContent_Dynamic_WithException_ReturnsEmptyStringAndLogsError" storage="/mnt/d/git/aula/src/aula.tests/bin/debug/net9.0/aula.tests.dll" id="5fe3fa44-04c0-bf4f-e0cb-be0a1bef1cef">
      <Execution id="1cc117e2-7429-46a8-b863-12cd76c88806" />
      <TestMethod codeBase="/mnt/d/git/aula/src/Aula.Tests/bin/Debug/net9.0/Aula.Tests.dll" adapterTypeName="executor://xunit/VsTestRunner2/netcoreapp" className="Aula.Tests.Utilities.WeekLetterContentExtractorTests" name="ExtractContent_Dynamic_WithException_ReturnsEmptyStringAndLogsError" />
    </UnitTest>
    <UnitTest name="Aula.Tests.Channels.SlackBotTests.PushWeekLetter_WithMissingContent_HandlesGracefully" storage="/mnt/d/git/aula/src/aula.tests/bin/debug/net9.0/aula.tests.dll" id="e8d7076c-1cb3-733b-4522-2a0049ab3d88">
      <Execution id="ed2793aa-ad8c-4fd9-9404-408920156abb" />
      <TestMethod codeBase="/mnt/d/git/aula/src/Aula.Tests/bin/Debug/net9.0/Aula.Tests.dll" adapterTypeName="executor://xunit/VsTestRunner2/netcoreapp" className="Aula.Tests.Channels.SlackBotTests" name="PushWeekLetter_WithMissingContent_HandlesGracefully" />
    </UnitTest>
    <UnitTest name="Aula.Tests.Bots.TelegramMessageHandlerTests.Constructor_WithValidParameters_InitializesCorrectly" storage="/mnt/d/git/aula/src/aula.tests/bin/debug/net9.0/aula.tests.dll" id="8e7eb82c-6e6a-99e1-6a43-facf136e77c6">
      <Execution id="49e40f23-a719-4f7e-8dc7-4a82be311840" />
      <TestMethod codeBase="/mnt/d/git/aula/src/Aula.Tests/bin/Debug/net9.0/Aula.Tests.dll" adapterTypeName="executor://xunit/VsTestRunner2/netcoreapp" className="Aula.Tests.Bots.TelegramMessageHandlerTests" name="Constructor_WithValidParameters_InitializesCorrectly" />
    </UnitTest>
    <UnitTest name="Aula.Tests.Configuration.ConfigurationTests.Features_ConversationCacheExpiration_ValidationTests(minutes: 1440, isValid: True)" storage="/mnt/d/git/aula/src/aula.tests/bin/debug/net9.0/aula.tests.dll" id="06a6ce76-a492-790c-aa69-54dc6d92da0b">
      <Execution id="8ade63e2-35f7-4a8e-8231-7b9a54a6e2f9" />
      <TestMethod codeBase="/mnt/d/git/aula/src/Aula.Tests/bin/Debug/net9.0/Aula.Tests.dll" adapterTypeName="executor://xunit/VsTestRunner2/netcoreapp" className="Aula.Tests.Configuration.ConfigurationTests" name="Features_ConversationCacheExpiration_ValidationTests" />
    </UnitTest>
    <UnitTest name="Aula.Tests.Tools.ReminderCommandHandlerTests.TryHandleReminderCommand_NonReminderCommands_ReturnsFalse(command: &quot;   &quot;)" storage="/mnt/d/git/aula/src/aula.tests/bin/debug/net9.0/aula.tests.dll" id="acb6cd45-54f0-d858-050f-39c07ff6b496">
      <Execution id="114cee7b-48e9-44e9-a558-25ad63906879" />
      <TestMethod codeBase="/mnt/d/git/aula/src/Aula.Tests/bin/Debug/net9.0/Aula.Tests.dll" adapterTypeName="executor://xunit/VsTestRunner2/netcoreapp" className="Aula.Tests.Tools.ReminderCommandHandlerTests" name="TryHandleReminderCommand_NonReminderCommands_ReturnsFalse" />
    </UnitTest>
    <UnitTest name="Aula.Tests.Utilities.Html2SlackMarkdownConverterTests.Convert_WithWhitespaceOnly_ReturnsEmptyString" storage="/mnt/d/git/aula/src/aula.tests/bin/debug/net9.0/aula.tests.dll" id="c6e23de6-051d-5068-efa9-0842275b05b2">
      <Execution id="b79e6eae-ae1e-4f54-8572-08a50a11053e" />
      <TestMethod codeBase="/mnt/d/git/aula/src/Aula.Tests/bin/Debug/net9.0/Aula.Tests.dll" adapterTypeName="executor://xunit/VsTestRunner2/netcoreapp" className="Aula.Tests.Utilities.Html2SlackMarkdownConverterTests" name="Convert_WithWhitespaceOnly_ReturnsEmptyString" />
    </UnitTest>
    <UnitTest name="Aula.Tests.Utilities.ConversationContextTests.IsStillValid_WithExactlyTenMinutesOld_ReturnsFalse" storage="/mnt/d/git/aula/src/aula.tests/bin/debug/net9.0/aula.tests.dll" id="d874f261-c1fd-d9d6-082a-e87a1ddb40d9">
      <Execution id="c8145c99-2c58-4ad7-94ec-974e3d3a3987" />
      <TestMethod codeBase="/mnt/d/git/aula/src/Aula.Tests/bin/Debug/net9.0/Aula.Tests.dll" adapterTypeName="executor://xunit/VsTestRunner2/netcoreapp" className="Aula.Tests.Utilities.ConversationContextTests" name="IsStillValid_WithExactlyTenMinutesOld_ReturnsFalse" />
    </UnitTest>
    <UnitTest name="Aula.Tests.Utilities.IntentAnalysisPromptsTests.ToolExamples_ContainsRequiredKeys(key: &quot;INFORMATION_QUERY_DANISH&quot;)" storage="/mnt/d/git/aula/src/aula.tests/bin/debug/net9.0/aula.tests.dll" id="a3d75b2a-aedf-2885-f27f-a7945f978fce">
      <Execution id="494ec046-6af7-40dd-a5b5-679c0c7bc5ac" />
      <TestMethod codeBase="/mnt/d/git/aula/src/Aula.Tests/bin/Debug/net9.0/Aula.Tests.dll" adapterTypeName="executor://xunit/VsTestRunner2/netcoreapp" className="Aula.Tests.Utilities.IntentAnalysisPromptsTests" name="ToolExamples_ContainsRequiredKeys" />
    </UnitTest>
    <UnitTest name="Aula.Tests.Channels.SlackBotTests.PushWeekLetter_WithEmptyWeekLetter_DoesNotThrow" storage="/mnt/d/git/aula/src/aula.tests/bin/debug/net9.0/aula.tests.dll" id="436baaef-6812-fc4c-4b87-6c9a6f9e3e55">
      <Execution id="123e9963-527a-46d7-9813-1d648539c85a" />
      <TestMethod codeBase="/mnt/d/git/aula/src/Aula.Tests/bin/Debug/net9.0/Aula.Tests.dll" adapterTypeName="executor://xunit/VsTestRunner2/netcoreapp" className="Aula.Tests.Channels.SlackBotTests" name="PushWeekLetter_WithEmptyWeekLetter_DoesNotThrow" />
    </UnitTest>
    <UnitTest name="Aula.Tests.Bots.TelegramInteractiveBotTests.PostWeekLetter_WithDuplicateContent_SkipsDuplicate" storage="/mnt/d/git/aula/src/aula.tests/bin/debug/net9.0/aula.tests.dll" id="3deb2a59-fbcf-09b6-6642-c2488d089290">
      <Execution id="1c045d85-0eab-4660-b44a-a610d08b1052" />
      <TestMethod codeBase="/mnt/d/git/aula/src/Aula.Tests/bin/Debug/net9.0/Aula.Tests.dll" adapterTypeName="executor://xunit/VsTestRunner2/netcoreapp" className="Aula.Tests.Bots.TelegramInteractiveBotTests" name="PostWeekLetter_WithDuplicateContent_SkipsDuplicate" />
    </UnitTest>
    <UnitTest name="Aula.Tests.Services.SupabaseServiceTests.ReminderData_WithValidParameters_AreValid" storage="/mnt/d/git/aula/src/aula.tests/bin/debug/net9.0/aula.tests.dll" id="14432cab-194a-d804-9f67-885b71746a71">
      <Execution id="0826c660-b519-4c09-8092-4fdb29b96be9" />
      <TestMethod codeBase="/mnt/d/git/aula/src/Aula.Tests/bin/Debug/net9.0/Aula.Tests.dll" adapterTypeName="executor://xunit/VsTestRunner2/netcoreapp" className="Aula.Tests.Services.SupabaseServiceTests" name="ReminderData_WithValidParameters_AreValid" />
    </UnitTest>
    <UnitTest name="Aula.Tests.Utilities.IntentAnalysisPromptsTests.GetFormattedPrompt_WithVariousQueries_ReturnsValidPrompt(query: &quot;Help me&quot;)" storage="/mnt/d/git/aula/src/aula.tests/bin/debug/net9.0/aula.tests.dll" id="83266911-8f44-8cb8-141e-0c21973cceb8">
      <Execution id="dd771f73-3f19-4e63-a5da-1d64ac97f133" />
      <TestMethod codeBase="/mnt/d/git/aula/src/Aula.Tests/bin/Debug/net9.0/Aula.Tests.dll" adapterTypeName="executor://xunit/VsTestRunner2/netcoreapp" className="Aula.Tests.Utilities.IntentAnalysisPromptsTests" name="GetFormattedPrompt_WithVariousQueries_ReturnsValidPrompt" />
    </UnitTest>
    <UnitTest name="Aula.Tests.Tools.AiToolsManagerTests.GetWeekLetters_WithNonExistentChild_ReturnsError" storage="/mnt/d/git/aula/src/aula.tests/bin/debug/net9.0/aula.tests.dll" id="9c77e674-1e21-ff83-b112-8e3149d27b83">
      <Execution id="15d9f22a-0130-476d-9ace-b15e66170a4d" />
      <TestMethod codeBase="/mnt/d/git/aula/src/Aula.Tests/bin/Debug/net9.0/Aula.Tests.dll" adapterTypeName="executor://xunit/VsTestRunner2/netcoreapp" className="Aula.Tests.Tools.AiToolsManagerTests" name="GetWeekLetters_WithNonExistentChild_ReturnsError" />
    </UnitTest>
    <UnitTest name="Aula.Tests.Scheduling.SchedulingServiceIntegrationTests.StopAsync_WhenCalled_LogsCorrectMessage" storage="/mnt/d/git/aula/src/aula.tests/bin/debug/net9.0/aula.tests.dll" id="52685b80-e883-c0c4-e078-b2863df7409a">
      <Execution id="6c247796-ae9c-48ee-a960-ebca83f1e1b5" />
      <TestMethod codeBase="/mnt/d/git/aula/src/Aula.Tests/bin/Debug/net9.0/Aula.Tests.dll" adapterTypeName="executor://xunit/VsTestRunner2/netcoreapp" className="Aula.Tests.Scheduling.SchedulingServiceIntegrationTests" name="StopAsync_WhenCalled_LogsCorrectMessage" />
    </UnitTest>
    <UnitTest name="Aula.Tests.Tools.ReminderCommandHandlerTests.TryHandleReminderCommand_AddReminder_ValidFormats_ReturnsSuccess(command: &quot;remind me tomorrow at 8:00 that TestChild1 has Haver til&quot;···, isEnglish: True, expectedChildName: &quot;TestChild1 Jensen&quot;)" storage="/mnt/d/git/aula/src/aula.tests/bin/debug/net9.0/aula.tests.dll" id="f373b350-fc52-4fbc-ec82-56bf220e0771">
      <Execution id="050fe74e-d388-461c-9dc2-7c75f9a15239" />
      <TestMethod codeBase="/mnt/d/git/aula/src/Aula.Tests/bin/Debug/net9.0/Aula.Tests.dll" adapterTypeName="executor://xunit/VsTestRunner2/netcoreapp" className="Aula.Tests.Tools.ReminderCommandHandlerTests" name="TryHandleReminderCommand_AddReminder_ValidFormats_ReturnsSuccess" />
    </UnitTest>
    <UnitTest name="Aula.Tests.Utilities.FollowUpQuestionDetectorTests.IsFollowUpQuestion_WithEnglishFollowUpPhrases_ReturnsTrue(input: &quot;and?&quot;)" storage="/mnt/d/git/aula/src/aula.tests/bin/debug/net9.0/aula.tests.dll" id="f11a9af6-85d6-781d-ccbd-c54d5d82bacf">
      <Execution id="f43dd0a4-81bd-41c1-bcbb-0d00207cd67b" />
      <TestMethod codeBase="/mnt/d/git/aula/src/Aula.Tests/bin/Debug/net9.0/Aula.Tests.dll" adapterTypeName="executor://xunit/VsTestRunner2/netcoreapp" className="Aula.Tests.Utilities.FollowUpQuestionDetectorTests" name="IsFollowUpQuestion_WithEnglishFollowUpPhrases_ReturnsTrue" />
    </UnitTest>
    <UnitTest name="Aula.Tests.Utilities.DateTimeUtilitiesTests.GetDanishDayName_ValidDayOfWeek_ReturnsLowercaseName(dayOfWeek: Friday, expectedName: &quot;fredag&quot;)" storage="/mnt/d/git/aula/src/aula.tests/bin/debug/net9.0/aula.tests.dll" id="c139c7f2-e7cf-69b5-0edf-596c5852d9fe">
      <Execution id="1f2b0e73-dda1-4c5d-b945-ece27796f43d" />
      <TestMethod codeBase="/mnt/d/git/aula/src/Aula.Tests/bin/Debug/net9.0/Aula.Tests.dll" adapterTypeName="executor://xunit/VsTestRunner2/netcoreapp" className="Aula.Tests.Utilities.DateTimeUtilitiesTests" name="GetDanishDayName_ValidDayOfWeek_ReturnsLowercaseName" />
    </UnitTest>
    <UnitTest name="Aula.Tests.Configuration.ConfigurationTests.Telegram_ConfigurationIsCorrect" storage="/mnt/d/git/aula/src/aula.tests/bin/debug/net9.0/aula.tests.dll" id="c883d631-b915-c13f-0bbe-3400820e4ee3">
      <Execution id="c3f52eb1-f29f-4a3a-88bc-fa8c84052bec" />
      <TestMethod codeBase="/mnt/d/git/aula/src/Aula.Tests/bin/Debug/net9.0/Aula.Tests.dll" adapterTypeName="executor://xunit/VsTestRunner2/netcoreapp" className="Aula.Tests.Configuration.ConfigurationTests" name="Telegram_ConfigurationIsCorrect" />
    </UnitTest>
    <UnitTest name="Aula.Tests.Scheduling.SchedulingServiceIntegrationTests.StopAsync_CanBeCalledMultipleTimes_DoesNotThrow" storage="/mnt/d/git/aula/src/aula.tests/bin/debug/net9.0/aula.tests.dll" id="a16a5295-4893-3b2e-da76-c179d6ee21e1">
      <Execution id="6b89c4a8-534b-4d51-9377-a97b6e599623" />
      <TestMethod codeBase="/mnt/d/git/aula/src/Aula.Tests/bin/Debug/net9.0/Aula.Tests.dll" adapterTypeName="executor://xunit/VsTestRunner2/netcoreapp" className="Aula.Tests.Scheduling.SchedulingServiceIntegrationTests" name="StopAsync_CanBeCalledMultipleTimes_DoesNotThrow" />
    </UnitTest>
    <UnitTest name="Aula.Tests.Utilities.JsonFormatterTests.Prettify_WithIncompleteJson_ThrowsException(incompleteJson: &quot;[&quot;)" storage="/mnt/d/git/aula/src/aula.tests/bin/debug/net9.0/aula.tests.dll" id="1f0fe7c3-6c96-e4f5-5773-3174c2ad66d2">
      <Execution id="a4bd3de9-1642-4423-bc0d-2e1aa2f1f726" />
      <TestMethod codeBase="/mnt/d/git/aula/src/Aula.Tests/bin/Debug/net9.0/Aula.Tests.dll" adapterTypeName="executor://xunit/VsTestRunner2/netcoreapp" className="Aula.Tests.Utilities.JsonFormatterTests" name="Prettify_WithIncompleteJson_ThrowsException" />
    </UnitTest>
    <UnitTest name="Aula.Tests.Utilities.ConversationContextManagerTests.GetContext_WithExpiredContext_ReturnsNullAndRemovesContext" storage="/mnt/d/git/aula/src/aula.tests/bin/debug/net9.0/aula.tests.dll" id="a774f8ba-9074-00fb-1dda-7e4eac4a4d85">
      <Execution id="b18611a7-ddf8-4038-a8a9-2ebe16ae9a1a" />
      <TestMethod codeBase="/mnt/d/git/aula/src/Aula.Tests/bin/Debug/net9.0/Aula.Tests.dll" adapterTypeName="executor://xunit/VsTestRunner2/netcoreapp" className="Aula.Tests.Utilities.ConversationContextManagerTests" name="GetContext_WithExpiredContext_ReturnsNullAndRemovesContext" />
    </UnitTest>
    <UnitTest name="Aula.Tests.Utilities.ReminderExtractionPromptsTests.GetExtractionPrompt_WithRealQueries_EmbedsQueryCorrectly(query: &quot;Pick up Emma tomorrow at 3 PM&quot;)" storage="/mnt/d/git/aula/src/aula.tests/bin/debug/net9.0/aula.tests.dll" id="3332c67c-92a3-057f-677b-9ccf84688a91">
      <Execution id="6f996354-866b-4000-b613-a72165496043" />
      <TestMethod codeBase="/mnt/d/git/aula/src/Aula.Tests/bin/Debug/net9.0/Aula.Tests.dll" adapterTypeName="executor://xunit/VsTestRunner2/netcoreapp" className="Aula.Tests.Utilities.ReminderExtractionPromptsTests" name="GetExtractionPrompt_WithRealQueries_EmbedsQueryCorrectly" />
    </UnitTest>
    <UnitTest name="Aula.Tests.Channels.SlackBotTests.Constructor_WithValidUrls_DoesNotThrow(webhookUrl: &quot;https://hooks.slack.com/services/T123/B456/xyz&quot;)" storage="/mnt/d/git/aula/src/aula.tests/bin/debug/net9.0/aula.tests.dll" id="673e7d35-f16e-bd38-569e-9b00ed91c4fd">
      <Execution id="e927e877-9be1-4f1d-bd4e-dd3edc4228dc" />
      <TestMethod codeBase="/mnt/d/git/aula/src/Aula.Tests/bin/Debug/net9.0/Aula.Tests.dll" adapterTypeName="executor://xunit/VsTestRunner2/netcoreapp" className="Aula.Tests.Channels.SlackBotTests" name="Constructor_WithValidUrls_DoesNotThrow" />
    </UnitTest>
    <UnitTest name="Aula.Tests.Utilities.JsonFormatterTests.Prettify_WithEmptyString_ReturnsNull" storage="/mnt/d/git/aula/src/aula.tests/bin/debug/net9.0/aula.tests.dll" id="85a1665e-7de4-7e52-079a-cc1001b34152">
      <Execution id="9374c208-2a13-4c5c-92a1-6ac7af97f073" />
      <TestMethod codeBase="/mnt/d/git/aula/src/Aula.Tests/bin/Debug/net9.0/Aula.Tests.dll" adapterTypeName="executor://xunit/VsTestRunner2/netcoreapp" className="Aula.Tests.Utilities.JsonFormatterTests" name="Prettify_WithEmptyString_ReturnsNull" />
    </UnitTest>
    <UnitTest name="Aula.Tests.Utilities.WeekLetterContentExtractorTests.ExtractContent_Dynamic_WithEmptyArray_ReturnsEmptyString" storage="/mnt/d/git/aula/src/aula.tests/bin/debug/net9.0/aula.tests.dll" id="453c772e-3476-db11-1625-b8f0377bbbd8">
      <Execution id="cc68dea3-1a7b-4d72-8365-2c4bbfefe788" />
      <TestMethod codeBase="/mnt/d/git/aula/src/Aula.Tests/bin/Debug/net9.0/Aula.Tests.dll" adapterTypeName="executor://xunit/VsTestRunner2/netcoreapp" className="Aula.Tests.Utilities.WeekLetterContentExtractorTests" name="ExtractContent_Dynamic_WithEmptyArray_ReturnsEmptyString" />
    </UnitTest>
    <UnitTest name="Aula.Tests.Channels.TelegramClientTests.SendMessageToChannel_WithVariousMessages_DoesNotThrow(message: &quot;Message with &lt;b&gt;bold&lt;/b&gt; text&quot;)" storage="/mnt/d/git/aula/src/aula.tests/bin/debug/net9.0/aula.tests.dll" id="a2a7734b-7826-2e52-b732-ff373605efea">
      <Execution id="4db42b0e-a19d-45d5-a33e-c48cee66362a" />
      <TestMethod codeBase="/mnt/d/git/aula/src/Aula.Tests/bin/Debug/net9.0/Aula.Tests.dll" adapterTypeName="executor://xunit/VsTestRunner2/netcoreapp" className="Aula.Tests.Channels.TelegramClientTests" name="SendMessageToChannel_WithVariousMessages_DoesNotThrow" />
    </UnitTest>
    <UnitTest name="Aula.Tests.Services.OpenAiServiceIntegrationTests.Constructor_WithCustomModel_UsesSpecifiedModel" storage="/mnt/d/git/aula/src/aula.tests/bin/debug/net9.0/aula.tests.dll" id="4854f432-ed08-b528-1fc8-b51b93105d76">
      <Execution id="93ac8c2d-d542-4f0b-89f3-d93e72a3651a" />
      <TestMethod codeBase="/mnt/d/git/aula/src/Aula.Tests/bin/Debug/net9.0/Aula.Tests.dll" adapterTypeName="executor://xunit/VsTestRunner2/netcoreapp" className="Aula.Tests.Services.OpenAiServiceIntegrationTests" name="Constructor_WithCustomModel_UsesSpecifiedModel" />
    </UnitTest>
    <UnitTest name="Aula.Tests.Utilities.Html2SlackMarkdownConverterTests.Convert_WithVeryLongContent_HandlesPerformantly" storage="/mnt/d/git/aula/src/aula.tests/bin/debug/net9.0/aula.tests.dll" id="0de09b0b-f0e0-0518-809a-6a317cadda64">
      <Execution id="f37c6626-34e5-4fae-aee8-384a6e12eee8" />
      <TestMethod codeBase="/mnt/d/git/aula/src/Aula.Tests/bin/Debug/net9.0/Aula.Tests.dll" adapterTypeName="executor://xunit/VsTestRunner2/netcoreapp" className="Aula.Tests.Utilities.Html2SlackMarkdownConverterTests" name="Convert_WithVeryLongContent_HandlesPerformantly" />
    </UnitTest>
    <UnitTest name="Aula.Tests.Tools.ReminderCommandHandlerTests.TryHandleReminderCommand_AddReminder_ValidFormats_ReturnsSuccess(command: &quot;remind me today at 15:30 that Emma has piano lesso&quot;···, isEnglish: True, expectedChildName: &quot;Emma Marie&quot;)" storage="/mnt/d/git/aula/src/aula.tests/bin/debug/net9.0/aula.tests.dll" id="8ed7f52f-1c34-83a4-64c7-0e5853b67b53">
      <Execution id="d2525356-fc8b-4d5c-a17f-b4da37ba6cf4" />
      <TestMethod codeBase="/mnt/d/git/aula/src/Aula.Tests/bin/Debug/net9.0/Aula.Tests.dll" adapterTypeName="executor://xunit/VsTestRunner2/netcoreapp" className="Aula.Tests.Tools.ReminderCommandHandlerTests" name="TryHandleReminderCommand_AddReminder_ValidFormats_ReturnsSuccess" />
    </UnitTest>
    <UnitTest name="Aula.Tests.Tools.ReminderCommandHandlerTests.TryHandleReminderCommand_NonReminderCommands_ReturnsFalse(command: &quot;list&quot;)" storage="/mnt/d/git/aula/src/aula.tests/bin/debug/net9.0/aula.tests.dll" id="bcee3dfc-95df-51eb-9411-b0bdd9236d8a">
      <Execution id="8819f9c0-b762-49f3-9db0-b127799aa890" />
      <TestMethod codeBase="/mnt/d/git/aula/src/Aula.Tests/bin/Debug/net9.0/Aula.Tests.dll" adapterTypeName="executor://xunit/VsTestRunner2/netcoreapp" className="Aula.Tests.Tools.ReminderCommandHandlerTests" name="TryHandleReminderCommand_NonReminderCommands_ReturnsFalse" />
    </UnitTest>
    <UnitTest name="Aula.Tests.Bots.SlackInteractiveBotTests.Start_WithMissingChannelId_LogsErrorAndReturns" storage="/mnt/d/git/aula/src/aula.tests/bin/debug/net9.0/aula.tests.dll" id="ed2c0749-72ce-3102-1e65-21a531debf9e">
      <Execution id="7a36c7c2-4cdf-4b66-b956-1f861935adb6" />
      <TestMethod codeBase="/mnt/d/git/aula/src/Aula.Tests/bin/Debug/net9.0/Aula.Tests.dll" adapterTypeName="executor://xunit/VsTestRunner2/netcoreapp" className="Aula.Tests.Bots.SlackInteractiveBotTests" name="Start_WithMissingChannelId_LogsErrorAndReturns" />
    </UnitTest>
    <UnitTest name="Aula.Tests.Utilities.Html2SlackMarkdownConverterTests.Convert_WithNullInput_ReturnsEmptyString" storage="/mnt/d/git/aula/src/aula.tests/bin/debug/net9.0/aula.tests.dll" id="a415fe92-f44b-9cd9-fda2-e5c7020144da">
      <Execution id="9f51efbe-af04-41d5-b90c-1858f55f215f" />
      <TestMethod codeBase="/mnt/d/git/aula/src/Aula.Tests/bin/Debug/net9.0/Aula.Tests.dll" adapterTypeName="executor://xunit/VsTestRunner2/netcoreapp" className="Aula.Tests.Utilities.Html2SlackMarkdownConverterTests" name="Convert_WithNullInput_ReturnsEmptyString" />
    </UnitTest>
    <UnitTest name="Aula.Tests.Bots.TelegramInteractiveBotTests.Constructor_WithDisabledTelegram_ThrowsInvalidOperationException" storage="/mnt/d/git/aula/src/aula.tests/bin/debug/net9.0/aula.tests.dll" id="69b574fb-ea92-9743-3eea-a9b24f0ad213">
      <Execution id="15a4b741-6f15-4ec0-b45b-ad1998653b01" />
      <TestMethod codeBase="/mnt/d/git/aula/src/Aula.Tests/bin/Debug/net9.0/Aula.Tests.dll" adapterTypeName="executor://xunit/VsTestRunner2/netcoreapp" className="Aula.Tests.Bots.TelegramInteractiveBotTests" name="Constructor_WithDisabledTelegram_ThrowsInvalidOperationException" />
    </UnitTest>
    <UnitTest name="Aula.Tests.Services.OpenAiServiceIntegrationTests.ProcessQueryWithToolsAsync_WithInvalidQuery_ThrowsArgumentException(query: &quot;&quot;)" storage="/mnt/d/git/aula/src/aula.tests/bin/debug/net9.0/aula.tests.dll" id="4d2b56f8-9d20-2fa9-3613-4864d7e06ff5">
      <Execution id="2b78f9f6-f1da-4309-aee7-7bfa9fa6e988" />
      <TestMethod codeBase="/mnt/d/git/aula/src/Aula.Tests/bin/Debug/net9.0/Aula.Tests.dll" adapterTypeName="executor://xunit/VsTestRunner2/netcoreapp" className="Aula.Tests.Services.OpenAiServiceIntegrationTests" name="ProcessQueryWithToolsAsync_WithInvalidQuery_ThrowsArgumentException" />
    </UnitTest>
    <UnitTest name="Aula.Tests.Services.OpenAiServiceIntegrationTests.ExtractKeyInformationAsync_WithNullWeekLetter_ThrowsArgumentNullException(chatInterface: Slack)" storage="/mnt/d/git/aula/src/aula.tests/bin/debug/net9.0/aula.tests.dll" id="c5fc9185-4f89-2e18-7714-cfbda441e6cb">
      <Execution id="492c6fa1-cd24-4596-ac65-960e9dd0d28b" />
      <TestMethod codeBase="/mnt/d/git/aula/src/Aula.Tests/bin/Debug/net9.0/Aula.Tests.dll" adapterTypeName="executor://xunit/VsTestRunner2/netcoreapp" className="Aula.Tests.Services.OpenAiServiceIntegrationTests" name="ExtractKeyInformationAsync_WithNullWeekLetter_ThrowsArgumentNullException" />
    </UnitTest>
    <UnitTest name="Aula.Tests.Bots.SlackMessageHandlerTests.HandleMessageAsync_WithException_LogsErrorAndReturnsFalse" storage="/mnt/d/git/aula/src/aula.tests/bin/debug/net9.0/aula.tests.dll" id="ab3aafbd-fe25-4a7f-3bda-69e06a94b6ee">
      <Execution id="cc957428-c5df-480f-bc49-5b64c8ac18d6" />
      <TestMethod codeBase="/mnt/d/git/aula/src/Aula.Tests/bin/Debug/net9.0/Aula.Tests.dll" adapterTypeName="executor://xunit/VsTestRunner2/netcoreapp" className="Aula.Tests.Bots.SlackMessageHandlerTests" name="HandleMessageAsync_WithException_LogsErrorAndReturnsFalse" />
    </UnitTest>
    <UnitTest name="Aula.Tests.Services.SupabaseServiceTests.WeekLetterParameters_WithValidValues_AreInValidRange(childName: &quot;AnotherChild&quot;, weekNumber: 1, year: 2024)" storage="/mnt/d/git/aula/src/aula.tests/bin/debug/net9.0/aula.tests.dll" id="42449a83-52ee-ffac-180b-a8106bf3af88">
      <Execution id="3e1a724b-0b39-403c-8a03-f1a25f965072" />
      <TestMethod codeBase="/mnt/d/git/aula/src/Aula.Tests/bin/Debug/net9.0/Aula.Tests.dll" adapterTypeName="executor://xunit/VsTestRunner2/netcoreapp" className="Aula.Tests.Services.SupabaseServiceTests" name="WeekLetterParameters_WithValidValues_AreInValidRange" />
    </UnitTest>
    <UnitTest name="Aula.Tests.Services.OpenAiServiceTests.OpenAiService_Constructor_WithNullApiKey_ThrowsException" storage="/mnt/d/git/aula/src/aula.tests/bin/debug/net9.0/aula.tests.dll" id="300a05eb-8716-d1e6-2195-bbd82e0c4f9b">
      <Execution id="75d32fee-349c-492c-b1d6-40e76cd88ce8" />
      <TestMethod codeBase="/mnt/d/git/aula/src/Aula.Tests/bin/Debug/net9.0/Aula.Tests.dll" adapterTypeName="executor://xunit/VsTestRunner2/netcoreapp" className="Aula.Tests.Services.OpenAiServiceTests" name="OpenAiService_Constructor_WithNullApiKey_ThrowsException" />
    </UnitTest>
    <UnitTest name="Aula.Tests.Channels.SlackBotTests.PostWeekLetter_WithMissingFields_HandlesGracefully" storage="/mnt/d/git/aula/src/aula.tests/bin/debug/net9.0/aula.tests.dll" id="2d48fc77-1867-a29b-eb07-2aeec9de2225">
      <Execution id="407530f5-6542-4668-ac5b-4bd53633493b" />
      <TestMethod codeBase="/mnt/d/git/aula/src/Aula.Tests/bin/Debug/net9.0/Aula.Tests.dll" adapterTypeName="executor://xunit/VsTestRunner2/netcoreapp" className="Aula.Tests.Channels.SlackBotTests" name="PostWeekLetter_WithMissingFields_HandlesGracefully" />
    </UnitTest>
    <UnitTest name="Aula.Tests.Configuration.ConfigurationTests.Features_ConfigurationIsCorrect" storage="/mnt/d/git/aula/src/aula.tests/bin/debug/net9.0/aula.tests.dll" id="97bda861-62f2-bba1-c598-127d5142019e">
      <Execution id="9fe75819-a70c-424a-a931-2f45b95ee179" />
      <TestMethod codeBase="/mnt/d/git/aula/src/Aula.Tests/bin/Debug/net9.0/Aula.Tests.dll" adapterTypeName="executor://xunit/VsTestRunner2/netcoreapp" className="Aula.Tests.Configuration.ConfigurationTests" name="Features_ConfigurationIsCorrect" />
    </UnitTest>
    <UnitTest name="Aula.Tests.Channels.SlackBotTests.PostWeekLetter_WithVariousChildNames_HandlesCorrectly(firstName: &quot;TestChild2&quot;)" storage="/mnt/d/git/aula/src/aula.tests/bin/debug/net9.0/aula.tests.dll" id="8411a163-fe22-681b-f5c6-7310c560d29a">
      <Execution id="6da8bfb5-804d-4bf7-bd16-05c3b46d7eb3" />
      <TestMethod codeBase="/mnt/d/git/aula/src/Aula.Tests/bin/Debug/net9.0/Aula.Tests.dll" adapterTypeName="executor://xunit/VsTestRunner2/netcoreapp" className="Aula.Tests.Channels.SlackBotTests" name="PostWeekLetter_WithVariousChildNames_HandlesCorrectly" />
    </UnitTest>
    <UnitTest name="Aula.Tests.Scheduling.SchedulingServiceIntegrationTests.StartAsync_LogsInformationAndDoesNotThrow" storage="/mnt/d/git/aula/src/aula.tests/bin/debug/net9.0/aula.tests.dll" id="e242b67c-3d28-33ee-bf1d-1f163fabd3ca">
      <Execution id="9f80a7a2-bfcb-40b1-bbd6-7321a7fcdc5f" />
      <TestMethod codeBase="/mnt/d/git/aula/src/Aula.Tests/bin/Debug/net9.0/Aula.Tests.dll" adapterTypeName="executor://xunit/VsTestRunner2/netcoreapp" className="Aula.Tests.Scheduling.SchedulingServiceIntegrationTests" name="StartAsync_LogsInformationAndDoesNotThrow" />
    </UnitTest>
    <UnitTest name="Aula.Tests.Configuration.ConfigurationTests.Telegram_Token_ValidationTests(token: &quot;123456789:AABBCCDDEEFFGG&quot;, isValidFormat: True)" storage="/mnt/d/git/aula/src/aula.tests/bin/debug/net9.0/aula.tests.dll" id="ab9c2247-9b07-41d9-d47e-aa4942797b13">
      <Execution id="0cedd178-b1dc-4d17-b9f3-1988ab79f143" />
      <TestMethod codeBase="/mnt/d/git/aula/src/Aula.Tests/bin/Debug/net9.0/Aula.Tests.dll" adapterTypeName="executor://xunit/VsTestRunner2/netcoreapp" className="Aula.Tests.Configuration.ConfigurationTests" name="Telegram_Token_ValidationTests" />
    </UnitTest>
    <UnitTest name="Aula.Tests.Utilities.Html2SlackMarkdownConverterTests.Convert_WithScriptAndStyleTags_RemovesTagsButNotContent(html: &quot;&lt;script&gt;alert('xss')&lt;/script&gt;&lt;p&gt;Content&lt;/p&gt;&quot;)" storage="/mnt/d/git/aula/src/aula.tests/bin/debug/net9.0/aula.tests.dll" id="085515b8-4fc1-99b2-eae0-b56b9cad0980">
      <Execution id="72155829-cc27-462f-8563-251eed608f7c" />
      <TestMethod codeBase="/mnt/d/git/aula/src/Aula.Tests/bin/Debug/net9.0/Aula.Tests.dll" adapterTypeName="executor://xunit/VsTestRunner2/netcoreapp" className="Aula.Tests.Utilities.Html2SlackMarkdownConverterTests" name="Convert_WithScriptAndStyleTags_RemovesTagsButNotContent" />
    </UnitTest>
    <UnitTest name="Aula.Tests.Tools.ReminderCommandHandlerTests.TryHandleReminderCommand_NonReminderCommands_ReturnsFalse(command: &quot;how are you?&quot;)" storage="/mnt/d/git/aula/src/aula.tests/bin/debug/net9.0/aula.tests.dll" id="f27323f0-86ce-1e1b-2a7d-c904454ba29a">
      <Execution id="bd619af6-3ffa-4205-8cb9-77f87bb6d5d3" />
      <TestMethod codeBase="/mnt/d/git/aula/src/Aula.Tests/bin/Debug/net9.0/Aula.Tests.dll" adapterTypeName="executor://xunit/VsTestRunner2/netcoreapp" className="Aula.Tests.Tools.ReminderCommandHandlerTests" name="TryHandleReminderCommand_NonReminderCommands_ReturnsFalse" />
    </UnitTest>
    <UnitTest name="Aula.Tests.Bots.SlackInteractiveBotTests.PostWeekLetter_WithEmptyContent_LogsWarningAndReturns" storage="/mnt/d/git/aula/src/aula.tests/bin/debug/net9.0/aula.tests.dll" id="76f28705-d77c-bf82-f290-6a4800e495d0">
      <Execution id="61e06eaa-89dc-4b06-802d-2235e21afa56" />
      <TestMethod codeBase="/mnt/d/git/aula/src/Aula.Tests/bin/Debug/net9.0/Aula.Tests.dll" adapterTypeName="executor://xunit/VsTestRunner2/netcoreapp" className="Aula.Tests.Bots.SlackInteractiveBotTests" name="PostWeekLetter_WithEmptyContent_LogsWarningAndReturns" />
    </UnitTest>
    <UnitTest name="Aula.Tests.Services.OpenAiServiceIntegrationTests.ClearConversationHistory_WithContextKey_DoesNotThrow" storage="/mnt/d/git/aula/src/aula.tests/bin/debug/net9.0/aula.tests.dll" id="91adec86-044d-3b0d-62f3-bdcae922b644">
      <Execution id="9b477714-408e-4739-97fe-0268accc4e78" />
      <TestMethod codeBase="/mnt/d/git/aula/src/Aula.Tests/bin/Debug/net9.0/Aula.Tests.dll" adapterTypeName="executor://xunit/VsTestRunner2/netcoreapp" className="Aula.Tests.Services.OpenAiServiceIntegrationTests" name="ClearConversationHistory_WithContextKey_DoesNotThrow" />
    </UnitTest>
    <UnitTest name="Aula.Tests.Utilities.Html2SlackMarkdownConverterTests.Convert_WithMixedContentAndTags_ProcessesCorrectly" storage="/mnt/d/git/aula/src/aula.tests/bin/debug/net9.0/aula.tests.dll" id="4aa54f00-5a60-e1ca-de86-bd0d6c5bb993">
      <Execution id="1494581b-93bc-4f3b-b80c-9d6be039932e" />
      <TestMethod codeBase="/mnt/d/git/aula/src/Aula.Tests/bin/Debug/net9.0/Aula.Tests.dll" adapterTypeName="executor://xunit/VsTestRunner2/netcoreapp" className="Aula.Tests.Utilities.Html2SlackMarkdownConverterTests" name="Convert_WithMixedContentAndTags_ProcessesCorrectly" />
    </UnitTest>
    <UnitTest name="Aula.Tests.Bots.TelegramMessageHandlerTests.HandleMessageAsync_WithValidQuery_ProcessesSuccessfully(queryText: &quot;Hvad skal Emma i dag?&quot;)" storage="/mnt/d/git/aula/src/aula.tests/bin/debug/net9.0/aula.tests.dll" id="5131c0c3-410a-6182-33f0-39457515d5e3">
      <Execution id="045c7edf-dfc6-4663-bf57-6965b8d34ff7" />
      <TestMethod codeBase="/mnt/d/git/aula/src/Aula.Tests/bin/Debug/net9.0/Aula.Tests.dll" adapterTypeName="executor://xunit/VsTestRunner2/netcoreapp" className="Aula.Tests.Bots.TelegramMessageHandlerTests" name="HandleMessageAsync_WithValidQuery_ProcessesSuccessfully" />
    </UnitTest>
    <UnitTest name="Aula.Tests.Utilities.FollowUpQuestionDetectorTests.IsFollowUpQuestion_WithShortFollowUps_ReturnsTrue(input: &quot;okay&quot;)" storage="/mnt/d/git/aula/src/aula.tests/bin/debug/net9.0/aula.tests.dll" id="0a67f5eb-9494-4a90-6e4a-75483ed48ca6">
      <Execution id="eeb44b8b-8b7c-4b6d-bb28-3921a8e8f7eb" />
      <TestMethod codeBase="/mnt/d/git/aula/src/Aula.Tests/bin/Debug/net9.0/Aula.Tests.dll" adapterTypeName="executor://xunit/VsTestRunner2/netcoreapp" className="Aula.Tests.Utilities.FollowUpQuestionDetectorTests" name="IsFollowUpQuestion_WithShortFollowUps_ReturnsTrue" />
    </UnitTest>
    <UnitTest name="Aula.Tests.Configuration.ConfigurationTests.Timers_SchedulingInterval_ValidationTests(intervalSeconds: 0, isValid: False)" storage="/mnt/d/git/aula/src/aula.tests/bin/debug/net9.0/aula.tests.dll" id="29b460d3-32ba-3d59-36a7-72d7b3c75d60">
      <Execution id="b52b54db-b446-48b4-9fa8-4d67b22ea5f2" />
      <TestMethod codeBase="/mnt/d/git/aula/src/Aula.Tests/bin/Debug/net9.0/Aula.Tests.dll" adapterTypeName="executor://xunit/VsTestRunner2/netcoreapp" className="Aula.Tests.Configuration.ConfigurationTests" name="Timers_SchedulingInterval_ValidationTests" />
    </UnitTest>
    <UnitTest name="Aula.Tests.Utilities.FollowUpQuestionDetectorTests.IsFollowUpQuestion_WithUnicodeChildNames_WorksCorrectly(input: &quot;Johannes&quot;)" storage="/mnt/d/git/aula/src/aula.tests/bin/debug/net9.0/aula.tests.dll" id="603b38d9-650a-3d65-fd10-694412343522">
      <Execution id="60dbc2e2-ee1c-4617-9487-900ed7637436" />
      <TestMethod codeBase="/mnt/d/git/aula/src/Aula.Tests/bin/Debug/net9.0/Aula.Tests.dll" adapterTypeName="executor://xunit/VsTestRunner2/netcoreapp" className="Aula.Tests.Utilities.FollowUpQuestionDetectorTests" name="IsFollowUpQuestion_WithUnicodeChildNames_WorksCorrectly" />
    </UnitTest>
    <UnitTest name="Aula.Tests.Utilities.JsonFormatterTests.Prettify_WithWhitespaceOnly_ReturnsNull" storage="/mnt/d/git/aula/src/aula.tests/bin/debug/net9.0/aula.tests.dll" id="537ad07b-1b70-ec7a-fdb3-2e0fa41e5c23">
      <Execution id="a08e9baa-8409-4c6d-8e02-f8372fd6476c" />
      <TestMethod codeBase="/mnt/d/git/aula/src/Aula.Tests/bin/Debug/net9.0/Aula.Tests.dll" adapterTypeName="executor://xunit/VsTestRunner2/netcoreapp" className="Aula.Tests.Utilities.JsonFormatterTests" name="Prettify_WithWhitespaceOnly_ReturnsNull" />
    </UnitTest>
    <UnitTest name="Aula.Tests.Utilities.FollowUpQuestionDetectorTests.IsFollowUpQuestion_WithDanishFollowUpPhrases_ReturnsTrue(input: &quot;og hvad med idag&quot;)" storage="/mnt/d/git/aula/src/aula.tests/bin/debug/net9.0/aula.tests.dll" id="9d0c2c94-02dc-7b10-0108-100d571e057e">
      <Execution id="ca65be4a-8c2f-41f1-839b-f05814623af9" />
      <TestMethod codeBase="/mnt/d/git/aula/src/Aula.Tests/bin/Debug/net9.0/Aula.Tests.dll" adapterTypeName="executor://xunit/VsTestRunner2/netcoreapp" className="Aula.Tests.Utilities.FollowUpQuestionDetectorTests" name="IsFollowUpQuestion_WithDanishFollowUpPhrases_ReturnsTrue" />
    </UnitTest>
    <UnitTest name="Aula.Tests.Utilities.FollowUpQuestionDetectorTests.IsFollowUpQuestion_WithStartingFollowUpWords_ReturnsTrue(input: &quot;Og Emma?&quot;)" storage="/mnt/d/git/aula/src/aula.tests/bin/debug/net9.0/aula.tests.dll" id="552b8f9e-1bb3-8bf0-01fc-d5978785d7dd">
      <Execution id="ffc75d54-0d6e-4bc9-979f-55cc58da19f0" />
      <TestMethod codeBase="/mnt/d/git/aula/src/Aula.Tests/bin/Debug/net9.0/Aula.Tests.dll" adapterTypeName="executor://xunit/VsTestRunner2/netcoreapp" className="Aula.Tests.Utilities.FollowUpQuestionDetectorTests" name="IsFollowUpQuestion_WithStartingFollowUpWords_ReturnsTrue" />
    </UnitTest>
    <UnitTest name="Aula.Tests.Bots.TelegramMessageHandlerTests.HandleMessageAsync_LogsMessageProcessing" storage="/mnt/d/git/aula/src/aula.tests/bin/debug/net9.0/aula.tests.dll" id="69f852cf-0b8d-bff9-6d2d-fced5fbdbaf2">
      <Execution id="c4e13002-5933-44b2-8d9d-87b55ae426c9" />
      <TestMethod codeBase="/mnt/d/git/aula/src/Aula.Tests/bin/Debug/net9.0/Aula.Tests.dll" adapterTypeName="executor://xunit/VsTestRunner2/netcoreapp" className="Aula.Tests.Bots.TelegramMessageHandlerTests" name="HandleMessageAsync_LogsMessageProcessing" />
    </UnitTest>
    <UnitTest name="Aula.Tests.Utilities.ConversationContextManagerTests.ClearAllContexts_WithNoContexts_LogsZeroCount" storage="/mnt/d/git/aula/src/aula.tests/bin/debug/net9.0/aula.tests.dll" id="13703350-881b-2176-aa37-cf09df989ef2">
      <Execution id="af6f45cb-e82a-4f3c-8ac2-5f3a33ded180" />
      <TestMethod codeBase="/mnt/d/git/aula/src/Aula.Tests/bin/Debug/net9.0/Aula.Tests.dll" adapterTypeName="executor://xunit/VsTestRunner2/netcoreapp" className="Aula.Tests.Utilities.ConversationContextManagerTests" name="ClearAllContexts_WithNoContexts_LogsZeroCount" />
    </UnitTest>
    <UnitTest name="Aula.Tests.Utilities.IntentAnalysisPromptsTests.ToolExamples_ContainsRequiredKeys(key: &quot;LIST_REMINDERS_DANISH&quot;)" storage="/mnt/d/git/aula/src/aula.tests/bin/debug/net9.0/aula.tests.dll" id="366f0f62-c3df-406d-3cbd-6a62fe8e98a7">
      <Execution id="add50296-38e4-4901-b0b0-5b497cea080d" />
      <TestMethod codeBase="/mnt/d/git/aula/src/Aula.Tests/bin/Debug/net9.0/Aula.Tests.dll" adapterTypeName="executor://xunit/VsTestRunner2/netcoreapp" className="Aula.Tests.Utilities.IntentAnalysisPromptsTests" name="ToolExamples_ContainsRequiredKeys" />
    </UnitTest>
    <UnitTest name="Aula.Tests.Utilities.ReminderExtractionPromptsTests.GetExtractionPrompt_WithDifferentMinuteOffsets_CalculatesCorrectly(minutes: 120)" storage="/mnt/d/git/aula/src/aula.tests/bin/debug/net9.0/aula.tests.dll" id="63363866-031a-a196-cb3f-a58e78fe124a">
      <Execution id="924d5c7e-7667-4f45-b143-7a904ac31eef" />
      <TestMethod codeBase="/mnt/d/git/aula/src/Aula.Tests/bin/Debug/net9.0/Aula.Tests.dll" adapterTypeName="executor://xunit/VsTestRunner2/netcoreapp" className="Aula.Tests.Utilities.ReminderExtractionPromptsTests" name="GetExtractionPrompt_WithDifferentMinuteOffsets_CalculatesCorrectly" />
    </UnitTest>
    <UnitTest name="Aula.Tests.Services.OpenAiServiceTests.OpenAiService_Internal_Constructor_CanBeUsedForTesting" storage="/mnt/d/git/aula/src/aula.tests/bin/debug/net9.0/aula.tests.dll" id="7c385ac2-1fdf-ebb2-6450-e82cd794ae73">
      <Execution id="8decf550-412b-47b1-bebd-1a2f23be4e7f" />
      <TestMethod codeBase="/mnt/d/git/aula/src/Aula.Tests/bin/Debug/net9.0/Aula.Tests.dll" adapterTypeName="executor://xunit/VsTestRunner2/netcoreapp" className="Aula.Tests.Services.OpenAiServiceTests" name="OpenAiService_Internal_Constructor_CanBeUsedForTesting" />
    </UnitTest>
    <UnitTest name="Aula.Tests.Utilities.FollowUpQuestionDetectorTests.IsFollowUpQuestion_WithPunctuationAroundChildName_WorksCorrectly(input: &quot;Emma.&quot;)" storage="/mnt/d/git/aula/src/aula.tests/bin/debug/net9.0/aula.tests.dll" id="4cd9be57-b5ee-3ae9-313d-5c06ae12b5f8">
      <Execution id="5a3331ba-5483-4c6d-adbb-624df73af6b6" />
      <TestMethod codeBase="/mnt/d/git/aula/src/Aula.Tests/bin/Debug/net9.0/Aula.Tests.dll" adapterTypeName="executor://xunit/VsTestRunner2/netcoreapp" className="Aula.Tests.Utilities.FollowUpQuestionDetectorTests" name="IsFollowUpQuestion_WithPunctuationAroundChildName_WorksCorrectly" />
    </UnitTest>
    <UnitTest name="Aula.Tests.Utilities.ConversationContextManagerTests.UpdateContext_WithNullChildName_AllowsNull" storage="/mnt/d/git/aula/src/aula.tests/bin/debug/net9.0/aula.tests.dll" id="549e360d-ab9b-62ef-01b0-030fc984eb0c">
      <Execution id="c5f1bbbd-b4d5-4640-955d-d3a2b81ec708" />
      <TestMethod codeBase="/mnt/d/git/aula/src/Aula.Tests/bin/Debug/net9.0/Aula.Tests.dll" adapterTypeName="executor://xunit/VsTestRunner2/netcoreapp" className="Aula.Tests.Utilities.ConversationContextManagerTests" name="UpdateContext_WithNullChildName_AllowsNull" />
    </UnitTest>
    <UnitTest name="Aula.Tests.Channels.SlackBotTests.PostWeekLetter_WithVariousChildColors_HandlesCorrectly(color: &quot;#FF0000&quot;)" storage="/mnt/d/git/aula/src/aula.tests/bin/debug/net9.0/aula.tests.dll" id="aa45be65-ee7b-6980-b008-5b44e798506b">
      <Execution id="73019485-bd74-4e48-885b-2339e6a8979c" />
      <TestMethod codeBase="/mnt/d/git/aula/src/Aula.Tests/bin/Debug/net9.0/Aula.Tests.dll" adapterTypeName="executor://xunit/VsTestRunner2/netcoreapp" className="Aula.Tests.Channels.SlackBotTests" name="PostWeekLetter_WithVariousChildColors_HandlesCorrectly" />
    </UnitTest>
    <UnitTest name="Aula.Tests.Tools.ReminderCommandHandlerTests.TryHandleReminderCommand_NonReminderCommands_ReturnsFalse(command: &quot;delete&quot;)" storage="/mnt/d/git/aula/src/aula.tests/bin/debug/net9.0/aula.tests.dll" id="216aea03-2265-1779-35c7-74f06eb76326">
      <Execution id="ab743dcf-1653-47c3-8ace-912170f53b34" />
      <TestMethod codeBase="/mnt/d/git/aula/src/Aula.Tests/bin/Debug/net9.0/Aula.Tests.dll" adapterTypeName="executor://xunit/VsTestRunner2/netcoreapp" className="Aula.Tests.Tools.ReminderCommandHandlerTests" name="TryHandleReminderCommand_NonReminderCommands_ReturnsFalse" />
    </UnitTest>
    <UnitTest name="Aula.Tests.Utilities.FollowUpQuestionDetectorTests.IsFollowUpQuestion_LogsCorrectlyForDetectedFollowUp" storage="/mnt/d/git/aula/src/aula.tests/bin/debug/net9.0/aula.tests.dll" id="b98006bf-e247-2c89-f5f2-906de5d10ccf">
      <Execution id="a81e5067-3221-4f3f-ad4f-eba31604956d" />
      <TestMethod codeBase="/mnt/d/git/aula/src/Aula.Tests/bin/Debug/net9.0/Aula.Tests.dll" adapterTypeName="executor://xunit/VsTestRunner2/netcoreapp" className="Aula.Tests.Utilities.FollowUpQuestionDetectorTests" name="IsFollowUpQuestion_LogsCorrectlyForDetectedFollowUp" />
    </UnitTest>
    <UnitTest name="Aula.Tests.Utilities.JsonFormatterTests.Prettify_WithIncompleteJson_ThrowsException(incompleteJson: &quot;{&quot;)" storage="/mnt/d/git/aula/src/aula.tests/bin/debug/net9.0/aula.tests.dll" id="e864bc3b-2488-4a94-3944-8157a5bb958a">
      <Execution id="8ab2df7c-c7c3-4aea-971f-04a87c1287a6" />
      <TestMethod codeBase="/mnt/d/git/aula/src/Aula.Tests/bin/Debug/net9.0/Aula.Tests.dll" adapterTypeName="executor://xunit/VsTestRunner2/netcoreapp" className="Aula.Tests.Utilities.JsonFormatterTests" name="Prettify_WithIncompleteJson_ThrowsException" />
    </UnitTest>
    <UnitTest name="Aula.Tests.Bots.SlackInteractiveBotTests.Constructor_WithNullLoggerFactory_ThrowsArgumentNullException" storage="/mnt/d/git/aula/src/aula.tests/bin/debug/net9.0/aula.tests.dll" id="947c27dc-3bc9-498f-6db7-a3e9f1a70b13">
      <Execution id="09abb3aa-d395-4740-8f43-fd33f29dca61" />
      <TestMethod codeBase="/mnt/d/git/aula/src/Aula.Tests/bin/Debug/net9.0/Aula.Tests.dll" adapterTypeName="executor://xunit/VsTestRunner2/netcoreapp" className="Aula.Tests.Bots.SlackInteractiveBotTests" name="Constructor_WithNullLoggerFactory_ThrowsArgumentNullException" />
    </UnitTest>
    <UnitTest name="Aula.Tests.Bots.SlackMessageHandlerTests.Constructor_WithValidParameters_InitializesCorrectly" storage="/mnt/d/git/aula/src/aula.tests/bin/debug/net9.0/aula.tests.dll" id="8b65b678-d86a-73e1-86df-afba7eb83500">
      <Execution id="5dbafe59-4eb5-4eaa-8588-dffcc9cfde39" />
      <TestMethod codeBase="/mnt/d/git/aula/src/Aula.Tests/bin/Debug/net9.0/Aula.Tests.dll" adapterTypeName="executor://xunit/VsTestRunner2/netcoreapp" className="Aula.Tests.Bots.SlackMessageHandlerTests" name="Constructor_WithValidParameters_InitializesCorrectly" />
    </UnitTest>
    <UnitTest name="Aula.Tests.Integration.AgentServiceTests.GetWeekLetterAsync_LogsInFirst_WhenNotLoggedIn" storage="/mnt/d/git/aula/src/aula.tests/bin/debug/net9.0/aula.tests.dll" id="cf838fe5-cf64-cdb9-4856-b3fc2156670a">
      <Execution id="d620f13e-061a-4ab2-8857-a26972b4a856" />
      <TestMethod codeBase="/mnt/d/git/aula/src/Aula.Tests/bin/Debug/net9.0/Aula.Tests.dll" adapterTypeName="executor://xunit/VsTestRunner2/netcoreapp" className="Aula.Tests.Integration.AgentServiceTests" name="GetWeekLetterAsync_LogsInFirst_WhenNotLoggedIn" />
    </UnitTest>
    <UnitTest name="Aula.Tests.Services.DataModelTests.PostedLetter_WithProperties_SetsCorrectly" storage="/mnt/d/git/aula/src/aula.tests/bin/debug/net9.0/aula.tests.dll" id="2d15b0d6-fa3e-2b57-b48d-334f6fde3b35">
      <Execution id="3d7514fa-d36a-4320-b788-36c2d037dacf" />
      <TestMethod codeBase="/mnt/d/git/aula/src/Aula.Tests/bin/Debug/net9.0/Aula.Tests.dll" adapterTypeName="executor://xunit/VsTestRunner2/netcoreapp" className="Aula.Tests.Services.DataModelTests" name="PostedLetter_WithProperties_SetsCorrectly" />
    </UnitTest>
  </TestDefinitions>
  <TestEntries>
    <TestEntry testId="117ddc28-dcc8-243a-b2bd-3d83692ecb26" executionId="ac170930-8ce0-434b-8b37-cda6c82ea45c" testListId="8c84fa94-04c1-424b-9868-57a2d4851a1d" />
    <TestEntry testId="e64ab231-01c1-e586-c097-a5bc789dc9e3" executionId="9119ff5a-24e1-439f-ac24-9d34b4f68d98" testListId="8c84fa94-04c1-424b-9868-57a2d4851a1d" />
    <TestEntry testId="e93018a6-329d-1e6a-244e-75972e649bf3" executionId="e273e528-34e6-408f-8e78-5bad2a03749f" testListId="8c84fa94-04c1-424b-9868-57a2d4851a1d" />
    <TestEntry testId="51dadbc3-586b-6ea0-f9cc-0638c0cb614d" executionId="79ca578b-2e8c-444b-a473-307527fe5ffc" testListId="8c84fa94-04c1-424b-9868-57a2d4851a1d" />
    <TestEntry testId="9ae1ca23-2201-2b3b-6785-ee5758dfd92c" executionId="2bbeb45d-4895-465a-a565-85e25b343a58" testListId="8c84fa94-04c1-424b-9868-57a2d4851a1d" />
    <TestEntry testId="7badf018-cb0a-dbe2-46e3-595e2e7a967d" executionId="f61642b3-be60-43c0-bea0-99dbcebb5af2" testListId="8c84fa94-04c1-424b-9868-57a2d4851a1d" />
    <TestEntry testId="d0fb0f26-05d6-fd5b-00ba-97eda4e7b49a" executionId="2335aa6c-7327-4b5a-935f-94d4a916be1f" testListId="8c84fa94-04c1-424b-9868-57a2d4851a1d" />
    <TestEntry testId="abcb3b7f-4c07-2d28-fb29-7bc03942e3cd" executionId="21beeb1c-864a-4ffc-86bd-a0102efec0d6" testListId="8c84fa94-04c1-424b-9868-57a2d4851a1d" />
    <TestEntry testId="fb801da6-9ecf-3dd8-bfd4-511523f841d2" executionId="e1555e9f-933b-407e-bb07-17eaad458df8" testListId="8c84fa94-04c1-424b-9868-57a2d4851a1d" />
    <TestEntry testId="8c77f87a-9ff2-d101-f9e6-6771eeb5c649" executionId="b1bb8bad-1e3a-46b8-838c-3db52c65324e" testListId="8c84fa94-04c1-424b-9868-57a2d4851a1d" />
    <TestEntry testId="d0cf4523-20d9-e9c2-7e92-dc719d8bb4ef" executionId="00e577f7-8e2b-42f5-b31d-264ceffe35c2" testListId="8c84fa94-04c1-424b-9868-57a2d4851a1d" />
    <TestEntry testId="4215f164-2029-10cd-3890-50362921a7d9" executionId="8dbf40cb-2539-4250-9938-b720529684ad" testListId="8c84fa94-04c1-424b-9868-57a2d4851a1d" />
    <TestEntry testId="a5a1d376-9a55-3344-a8d1-042eaae8a59b" executionId="3bd0a9dc-cc6b-4265-8947-53903b07fb0a" testListId="8c84fa94-04c1-424b-9868-57a2d4851a1d" />
    <TestEntry testId="3a33635c-4486-cf0b-99ea-c9804c518ad6" executionId="7ba2178b-423c-449a-8c6e-d622fddbe439" testListId="8c84fa94-04c1-424b-9868-57a2d4851a1d" />
    <TestEntry testId="43884531-d2e9-76f0-a975-092a4d6d7e91" executionId="75d790a9-a1ea-442a-89a5-314d11ff85af" testListId="8c84fa94-04c1-424b-9868-57a2d4851a1d" />
    <TestEntry testId="8f432e57-8098-fcb0-9efa-55aa76700f57" executionId="a65ea301-4ec8-4ca1-a693-965b41d37bf0" testListId="8c84fa94-04c1-424b-9868-57a2d4851a1d" />
    <TestEntry testId="63a4082c-526e-0303-add0-711bb075125c" executionId="f7be2ce5-33cd-4fe7-a38f-059338ab4526" testListId="8c84fa94-04c1-424b-9868-57a2d4851a1d" />
    <TestEntry testId="466fbb21-c308-9cae-2419-4b3a3d66b5be" executionId="73ec5e8e-ddee-47e5-a709-996e2c0e0f78" testListId="8c84fa94-04c1-424b-9868-57a2d4851a1d" />
    <TestEntry testId="efffcfd3-8ae4-cc7b-929a-37f206ad1981" executionId="49344f73-926b-4242-8ec8-09c646304736" testListId="8c84fa94-04c1-424b-9868-57a2d4851a1d" />
    <TestEntry testId="66873fdb-c193-9c8c-5dd6-46cb202ddd5f" executionId="9b83fd02-d004-4f4a-8ca6-9fe5d29fdb77" testListId="8c84fa94-04c1-424b-9868-57a2d4851a1d" />
    <TestEntry testId="471ccf46-b194-f558-fd6b-1d9d85ba4293" executionId="7b5d34e3-8d42-4b24-ba9b-9af20b75afa9" testListId="8c84fa94-04c1-424b-9868-57a2d4851a1d" />
    <TestEntry testId="c8f354e3-5f08-fa6e-54e5-16cf95052730" executionId="3a859998-a9c0-4a82-96a0-79420c65b6a3" testListId="8c84fa94-04c1-424b-9868-57a2d4851a1d" />
    <TestEntry testId="415f90fb-9864-854c-b560-969302c9cec5" executionId="f8cbece8-bc1f-484e-9932-bf71c9bdad16" testListId="8c84fa94-04c1-424b-9868-57a2d4851a1d" />
    <TestEntry testId="504418ac-a1f0-2470-99eb-7bd66657ed39" executionId="1b8dfdf5-7c61-41a4-8199-f0e772483a8b" testListId="8c84fa94-04c1-424b-9868-57a2d4851a1d" />
    <TestEntry testId="753b01fb-135d-858f-b53c-7e32b4ede58e" executionId="26813ac5-afe3-4871-9004-09a84a3e741f" testListId="8c84fa94-04c1-424b-9868-57a2d4851a1d" />
    <TestEntry testId="d484adb7-a52c-1efb-9dd8-63c19447b60d" executionId="c8420c38-76eb-4521-b022-59eb569c3af4" testListId="8c84fa94-04c1-424b-9868-57a2d4851a1d" />
    <TestEntry testId="8b65b678-d86a-73e1-86df-afba7eb83500" executionId="5dbafe59-4eb5-4eaa-8588-dffcc9cfde39" testListId="8c84fa94-04c1-424b-9868-57a2d4851a1d" />
    <TestEntry testId="9835e47b-ec22-5506-aeb5-974d4515aa48" executionId="b3879e19-5743-47e2-82d2-5edf15ae425f" testListId="8c84fa94-04c1-424b-9868-57a2d4851a1d" />
    <TestEntry testId="e2fe22aa-9b88-2a0d-2525-75fe06705548" executionId="2ea97da1-650e-4709-a600-3d2946c80c15" testListId="8c84fa94-04c1-424b-9868-57a2d4851a1d" />
    <TestEntry testId="17d4fefb-2556-b281-a665-c9c732c99e79" executionId="e034a669-b695-4d79-980f-5f038a9f8c79" testListId="8c84fa94-04c1-424b-9868-57a2d4851a1d" />
    <TestEntry testId="45fb5dfe-53cd-6a22-0ca1-9597e2979720" executionId="275ab2db-b878-4957-82f5-3d54fb32692d" testListId="8c84fa94-04c1-424b-9868-57a2d4851a1d" />
    <TestEntry testId="8206dafa-8025-c018-8995-db764f6cc603" executionId="9fba10a1-fec3-4f6a-a4da-b6730fbec15c" testListId="8c84fa94-04c1-424b-9868-57a2d4851a1d" />
    <TestEntry testId="89236559-f3ef-d084-fa13-c204061f03bf" executionId="6570efc0-f326-47e5-8407-aee5ef0253fc" testListId="8c84fa94-04c1-424b-9868-57a2d4851a1d" />
    <TestEntry testId="7461a5be-ee77-e379-ff74-051c3d53d9e0" executionId="930140fb-b3ff-42ec-8df0-a193a9d5a55b" testListId="8c84fa94-04c1-424b-9868-57a2d4851a1d" />
    <TestEntry testId="f7492970-5062-ad84-014e-43c4dfa554f1" executionId="6e80ccf9-5833-40c7-a3bb-f160f09dc71b" testListId="8c84fa94-04c1-424b-9868-57a2d4851a1d" />
    <TestEntry testId="3e382f98-ef8c-4926-27b6-c03a83290bad" executionId="9072e26d-8262-4ca0-9fc4-5cac4509dd9c" testListId="8c84fa94-04c1-424b-9868-57a2d4851a1d" />
    <TestEntry testId="0026d070-5db9-6f8c-0581-fb23b0721050" executionId="19320b07-710f-49a6-a7fb-873507b318f7" testListId="8c84fa94-04c1-424b-9868-57a2d4851a1d" />
    <TestEntry testId="a3b592c0-7c51-7572-10a6-650c509f2a53" executionId="d19e7021-0532-46cd-976d-9e8fae496b27" testListId="8c84fa94-04c1-424b-9868-57a2d4851a1d" />
    <TestEntry testId="048cd77d-3de3-58cf-4e72-84e37cfed1e3" executionId="e4511d2e-f4e8-42ed-bdc3-6341b67c9f9d" testListId="8c84fa94-04c1-424b-9868-57a2d4851a1d" />
    <TestEntry testId="4053e9a2-a689-a1a5-6da0-c7b491ae4105" executionId="163365ce-bcb7-4ee8-9612-721977ffc6a2" testListId="8c84fa94-04c1-424b-9868-57a2d4851a1d" />
    <TestEntry testId="3f8bf4e1-1b7e-9e5d-1a9c-187732c556d7" executionId="a15979c7-d9d2-4649-b584-0ae66c1cd989" testListId="8c84fa94-04c1-424b-9868-57a2d4851a1d" />
    <TestEntry testId="0ff92f6a-cd59-c2b9-9aae-29a9878a50a7" executionId="9e066f81-70a6-4312-af09-ed67c29b909b" testListId="8c84fa94-04c1-424b-9868-57a2d4851a1d" />
    <TestEntry testId="13703350-881b-2176-aa37-cf09df989ef2" executionId="af6f45cb-e82a-4f3c-8ac2-5f3a33ded180" testListId="8c84fa94-04c1-424b-9868-57a2d4851a1d" />
    <TestEntry testId="df7802a4-febc-831e-f0c4-67bb20909f69" executionId="a35086b6-3a8f-41cc-aacb-d870a01744b9" testListId="8c84fa94-04c1-424b-9868-57a2d4851a1d" />
    <TestEntry testId="acf8804d-792c-1b35-de81-83d4ccdfb352" executionId="2cd531fc-84f5-4a88-be1f-6d29363897e7" testListId="8c84fa94-04c1-424b-9868-57a2d4851a1d" />
    <TestEntry testId="08f9b0f6-c970-f823-e359-90266e985263" executionId="4e8217e5-fe34-48ff-991e-153c511cd7a6" testListId="8c84fa94-04c1-424b-9868-57a2d4851a1d" />
    <TestEntry testId="8e7eb82c-6e6a-99e1-6a43-facf136e77c6" executionId="49e40f23-a719-4f7e-8dc7-4a82be311840" testListId="8c84fa94-04c1-424b-9868-57a2d4851a1d" />
    <TestEntry testId="8ed7f52f-1c34-83a4-64c7-0e5853b67b53" executionId="d2525356-fc8b-4d5c-a17f-b4da37ba6cf4" testListId="8c84fa94-04c1-424b-9868-57a2d4851a1d" />
    <TestEntry testId="18c82026-182f-6e23-4c30-ed576236aa7c" executionId="1486d776-7b18-4e31-9802-4d66b5d46e85" testListId="8c84fa94-04c1-424b-9868-57a2d4851a1d" />
    <TestEntry testId="4d2b56f8-9d20-2fa9-3613-4864d7e06ff5" executionId="2b78f9f6-f1da-4309-aee7-7bfa9fa6e988" testListId="8c84fa94-04c1-424b-9868-57a2d4851a1d" />
    <TestEntry testId="0ab78665-c1fa-a2ea-7265-e8996c3b56dd" executionId="b94f43c7-f78c-44b0-8cab-fb1ac73f7b67" testListId="8c84fa94-04c1-424b-9868-57a2d4851a1d" />
    <TestEntry testId="2e7985fe-e95f-8919-ba34-acd7bc78ecb7" executionId="ddf18592-d5dd-4cd0-bb6d-7ce277948490" testListId="8c84fa94-04c1-424b-9868-57a2d4851a1d" />
    <TestEntry testId="07e0302f-2dc8-4d9e-5870-92f7c56a6ee3" executionId="b1d2ed58-52e3-4278-82bc-72d113692bd3" testListId="8c84fa94-04c1-424b-9868-57a2d4851a1d" />
    <TestEntry testId="554bf191-b569-b7a2-c3b8-c6178a2abd52" executionId="972268e3-2e1b-432e-bda1-dd2bbee7b4f9" testListId="8c84fa94-04c1-424b-9868-57a2d4851a1d" />
    <TestEntry testId="be069dea-132b-4f72-c1c8-8b4fd667fd7f" executionId="d5fa85ce-7eb9-4d54-b1aa-7564e449b81a" testListId="8c84fa94-04c1-424b-9868-57a2d4851a1d" />
    <TestEntry testId="14b493ec-1bcb-50f5-9528-914b1e27347a" executionId="cc14b2a1-9e20-4512-87ad-28f36cb6b588" testListId="8c84fa94-04c1-424b-9868-57a2d4851a1d" />
    <TestEntry testId="44a05eee-eae2-643d-4997-e4bad6b31a71" executionId="0a77c0b3-c88b-4551-8a2e-106ae5e8003a" testListId="8c84fa94-04c1-424b-9868-57a2d4851a1d" />
    <TestEntry testId="f27323f0-86ce-1e1b-2a7d-c904454ba29a" executionId="bd619af6-3ffa-4205-8cb9-77f87bb6d5d3" testListId="8c84fa94-04c1-424b-9868-57a2d4851a1d" />
    <TestEntry testId="59b6be02-8191-f5a7-74ed-b8f44b1cda27" executionId="fdf7267e-c2d6-4a83-b702-4d4dba935346" testListId="8c84fa94-04c1-424b-9868-57a2d4851a1d" />
    <TestEntry testId="feee90d8-1656-5d1e-73f9-5a26fcecfdaf" executionId="708c07d6-7786-4d2b-bff1-96ecf7beb785" testListId="8c84fa94-04c1-424b-9868-57a2d4851a1d" />
    <TestEntry testId="e23a0f35-3922-f8cd-3202-bdb40b27bd1c" executionId="2ef93ad4-adad-49af-8cf5-784ae573b0d3" testListId="8c84fa94-04c1-424b-9868-57a2d4851a1d" />
    <TestEntry testId="39cbc733-29e9-c5b4-bf01-9d0a5e8faef4" executionId="cf585f3e-9624-43c6-aa98-5d5fbbba43b9" testListId="8c84fa94-04c1-424b-9868-57a2d4851a1d" />
    <TestEntry testId="5042f569-80ad-a5a6-d51b-90b46bce87a9" executionId="e42ebd9b-bad1-45fa-86c8-d6882da6cf1e" testListId="8c84fa94-04c1-424b-9868-57a2d4851a1d" />
    <TestEntry testId="45d7267f-6c71-d320-a8e4-c7def8429012" executionId="9459d4cc-0ef6-4c1e-85a5-19c2f39ccfde" testListId="8c84fa94-04c1-424b-9868-57a2d4851a1d" />
    <TestEntry testId="cb05154c-9d2c-0c1f-d5d8-19063e23db2a" executionId="074fd476-dd8b-4aa8-8459-27cd59db11cd" testListId="8c84fa94-04c1-424b-9868-57a2d4851a1d" />
    <TestEntry testId="10351b87-cca7-9abd-49aa-c981441e9d37" executionId="4a73fe37-e9df-4039-8c76-e9a3a91c3aac" testListId="8c84fa94-04c1-424b-9868-57a2d4851a1d" />
    <TestEntry testId="e67379c3-aafd-8be6-fda8-3e3a4a2a81aa" executionId="27dfe948-78cd-40cb-b744-5374457f83a6" testListId="8c84fa94-04c1-424b-9868-57a2d4851a1d" />
    <TestEntry testId="3deb2a59-fbcf-09b6-6642-c2488d089290" executionId="1c045d85-0eab-4660-b44a-a610d08b1052" testListId="8c84fa94-04c1-424b-9868-57a2d4851a1d" />
    <TestEntry testId="51d4bf94-02a4-6db7-00c2-b23d3d85cac5" executionId="9034cb4e-b938-4062-a35e-54f767f895da" testListId="8c84fa94-04c1-424b-9868-57a2d4851a1d" />
    <TestEntry testId="e2cf5630-e05d-ce3d-d438-0bd261dc3937" executionId="04aa21dc-fb71-4bec-910c-fd513c3f9a28" testListId="8c84fa94-04c1-424b-9868-57a2d4851a1d" />
    <TestEntry testId="e225aa72-58fb-b1f4-f2d2-82e178039deb" executionId="4c3fd911-b70b-4655-906a-1ffbdb25f46d" testListId="8c84fa94-04c1-424b-9868-57a2d4851a1d" />
    <TestEntry testId="d7d35b19-d0bc-0913-7974-7ed648909781" executionId="18b71d4b-ef5e-46fa-9aab-962ba404196e" testListId="8c84fa94-04c1-424b-9868-57a2d4851a1d" />
    <TestEntry testId="2c4f5c38-e0cd-3355-85e7-bc13205402ed" executionId="d3d7a0ec-d862-4c46-9800-9defa50df59b" testListId="8c84fa94-04c1-424b-9868-57a2d4851a1d" />
    <TestEntry testId="8454e79e-a056-bb6e-1db7-62ff01bf41c0" executionId="ddb6a963-a899-429e-a9af-8714c3eaebae" testListId="8c84fa94-04c1-424b-9868-57a2d4851a1d" />
    <TestEntry testId="216aea03-2265-1779-35c7-74f06eb76326" executionId="ab743dcf-1653-47c3-8ace-912170f53b34" testListId="8c84fa94-04c1-424b-9868-57a2d4851a1d" />
    <TestEntry testId="38a790b1-3578-8062-65d0-8c5f0243d8e8" executionId="102ca896-defe-4af4-9e70-d544b6b5c1cc" testListId="8c84fa94-04c1-424b-9868-57a2d4851a1d" />
    <TestEntry testId="abccacca-7bbc-accb-c206-54d138eb3775" executionId="411e356e-d0b9-4be3-a80d-c24bffd86a74" testListId="8c84fa94-04c1-424b-9868-57a2d4851a1d" />
    <TestEntry testId="42449a83-52ee-ffac-180b-a8106bf3af88" executionId="3e1a724b-0b39-403c-8a03-f1a25f965072" testListId="8c84fa94-04c1-424b-9868-57a2d4851a1d" />
    <TestEntry testId="dc87daee-0005-3f96-509b-0d97422219d3" executionId="90bfeb96-5118-4e2c-ba73-eeafc7d3793f" testListId="8c84fa94-04c1-424b-9868-57a2d4851a1d" />
    <TestEntry testId="163ffdcd-8cc6-0360-4c70-1c08392ed80a" executionId="da0f5f28-d935-4f34-b3d2-1511d4b92a08" testListId="8c84fa94-04c1-424b-9868-57a2d4851a1d" />
    <TestEntry testId="f695ece5-4ed0-4918-7e40-7fa901ca2f9e" executionId="498a5fda-bb8e-42c7-ac8c-7fe0ec924b13" testListId="8c84fa94-04c1-424b-9868-57a2d4851a1d" />
    <TestEntry testId="84d3e400-28e5-a032-6581-dd6f9d37667a" executionId="d3043c67-c1e1-45ec-aa45-a1d2357d6499" testListId="8c84fa94-04c1-424b-9868-57a2d4851a1d" />
    <TestEntry testId="d40cf226-bdf8-6b6d-78c9-8bc50af04b77" executionId="75c281bc-6815-45cb-bb43-10d63fc69931" testListId="8c84fa94-04c1-424b-9868-57a2d4851a1d" />
    <TestEntry testId="d874f261-c1fd-d9d6-082a-e87a1ddb40d9" executionId="c8145c99-2c58-4ad7-94ec-974e3d3a3987" testListId="8c84fa94-04c1-424b-9868-57a2d4851a1d" />
    <TestEntry testId="5ad91b1e-e6bf-9b68-b95f-00f8f29f8b7a" executionId="fce930ff-f1f1-4c31-82f7-b9f410611883" testListId="8c84fa94-04c1-424b-9868-57a2d4851a1d" />
    <TestEntry testId="19edb3ba-5e0e-d40b-c4b3-ce48876fbe6a" executionId="f4a06fc1-90cf-4f87-87a4-f15e054e708c" testListId="8c84fa94-04c1-424b-9868-57a2d4851a1d" />
    <TestEntry testId="d176fe9d-a550-c0ab-c3b8-0439143bdca1" executionId="f3f1ae8a-7044-4fd6-865e-b78ff7f0c697" testListId="8c84fa94-04c1-424b-9868-57a2d4851a1d" />
    <TestEntry testId="24bf56f7-ba67-57f2-f501-175bd348de63" executionId="3add47b2-8715-465f-9d58-3d45f907e98e" testListId="8c84fa94-04c1-424b-9868-57a2d4851a1d" />
    <TestEntry testId="64b3e4a5-31a7-57c7-6c30-e353370e12e0" executionId="42a95ecf-717c-4259-b482-9614edd7940f" testListId="8c84fa94-04c1-424b-9868-57a2d4851a1d" />
    <TestEntry testId="d1f304ff-bc66-281d-07dd-5db7fd1f9503" executionId="7f01e8a5-0f1e-41ee-8ebb-2b57248d01b6" testListId="8c84fa94-04c1-424b-9868-57a2d4851a1d" />
    <TestEntry testId="19f2e1ca-d1c7-2af8-caa8-282a0071f76c" executionId="e146fda4-fc7b-45fe-9bfa-db727bc52d20" testListId="8c84fa94-04c1-424b-9868-57a2d4851a1d" />
    <TestEntry testId="3332c67c-92a3-057f-677b-9ccf84688a91" executionId="6f996354-866b-4000-b613-a72165496043" testListId="8c84fa94-04c1-424b-9868-57a2d4851a1d" />
    <TestEntry testId="348072bd-5799-593b-9354-a4cea37de12a" executionId="b3cdf63b-5e1b-4378-af63-0c2c8ecd1716" testListId="8c84fa94-04c1-424b-9868-57a2d4851a1d" />
    <TestEntry testId="9e4d28e4-6bf0-96b3-b279-344fc741cf71" executionId="8d07e5ca-50ff-4632-8135-16055078d0c0" testListId="8c84fa94-04c1-424b-9868-57a2d4851a1d" />
    <TestEntry testId="c491ca15-97ab-a670-c185-11bf3ef7479b" executionId="f9348a4b-d11d-49cb-8584-fd010da56ce2" testListId="8c84fa94-04c1-424b-9868-57a2d4851a1d" />
    <TestEntry testId="c79823a4-e6c5-4210-9526-f7fc3ce5d77c" executionId="0930ad46-8b71-433a-8920-3b66e4b4a16b" testListId="8c84fa94-04c1-424b-9868-57a2d4851a1d" />
    <TestEntry testId="14432cab-194a-d804-9f67-885b71746a71" executionId="0826c660-b519-4c09-8092-4fdb29b96be9" testListId="8c84fa94-04c1-424b-9868-57a2d4851a1d" />
    <TestEntry testId="40ee6628-cabc-d31b-6bc1-487bcee11d7e" executionId="0b5232d8-9bf7-4c25-b58f-4fac5d6bbab7" testListId="8c84fa94-04c1-424b-9868-57a2d4851a1d" />
    <TestEntry testId="58e104c6-e504-07c5-0909-f689fdb330d3" executionId="9592c4c3-26ec-4b46-a7d8-8458abb05d8b" testListId="8c84fa94-04c1-424b-9868-57a2d4851a1d" />
    <TestEntry testId="0a8ad004-d01c-d1e0-58a0-181e5b1d213b" executionId="01e6bf1a-e201-4310-92b0-85e29d7dbbc3" testListId="8c84fa94-04c1-424b-9868-57a2d4851a1d" />
    <TestEntry testId="34366f44-ed9b-7d8b-6c2d-6118dfaf9ff9" executionId="2e442e26-c5fc-407b-b8ca-9fc70aab5cc9" testListId="8c84fa94-04c1-424b-9868-57a2d4851a1d" />
    <TestEntry testId="e2629d31-76fa-fe13-ab42-e2aa75f765d2" executionId="ef9b8e41-5e43-41f5-a0cb-6cb123c6b6ba" testListId="8c84fa94-04c1-424b-9868-57a2d4851a1d" />
    <TestEntry testId="70db4613-e64a-610c-c0a7-4aad6b8acc12" executionId="c07307b5-a49c-468b-97c8-7b5478db62f1" testListId="8c84fa94-04c1-424b-9868-57a2d4851a1d" />
    <TestEntry testId="b818bc8f-75bb-2119-5010-d4b3daaab169" executionId="ed5dc2a0-6e63-49ce-895a-159303f5d02b" testListId="8c84fa94-04c1-424b-9868-57a2d4851a1d" />
    <TestEntry testId="b3d0207a-6b94-dced-4560-55d90059fc43" executionId="bd3a8bb1-d853-4af4-b246-c1f1367c3869" testListId="8c84fa94-04c1-424b-9868-57a2d4851a1d" />
    <TestEntry testId="cb065b5b-0d40-3607-dd81-a79e7d3ed14a" executionId="0979d33d-7fc0-4055-90e0-bff6dd6bde3f" testListId="8c84fa94-04c1-424b-9868-57a2d4851a1d" />
    <TestEntry testId="bf6936c5-c569-cff2-295a-80008bcc4af4" executionId="6b079a23-decc-42c3-978d-706d67d13316" testListId="8c84fa94-04c1-424b-9868-57a2d4851a1d" />
    <TestEntry testId="c2915ea4-e5f9-7f97-c925-c30cd92f3ba5" executionId="21154aec-1177-4c46-ab5d-cb86291d7f55" testListId="8c84fa94-04c1-424b-9868-57a2d4851a1d" />
    <TestEntry testId="bb2b6e22-8876-e112-3e1e-ad1f0802bc47" executionId="b63d059b-65ac-45d6-b9b8-e54a67bdaf1e" testListId="8c84fa94-04c1-424b-9868-57a2d4851a1d" />
    <TestEntry testId="c139c7f2-e7cf-69b5-0edf-596c5852d9fe" executionId="1f2b0e73-dda1-4c5d-b945-ece27796f43d" testListId="8c84fa94-04c1-424b-9868-57a2d4851a1d" />
    <TestEntry testId="d56dd742-e931-0f4c-26ba-408458db3851" executionId="9fb81bb9-de6e-4ecf-9183-135e75b310f7" testListId="8c84fa94-04c1-424b-9868-57a2d4851a1d" />
    <TestEntry testId="4f957322-220c-36b8-b6b3-657137ac0ed1" executionId="649431e6-7671-4f89-a566-f2da7bed39c2" testListId="8c84fa94-04c1-424b-9868-57a2d4851a1d" />
    <TestEntry testId="a6c6eedb-804b-f291-bd53-e5fa9809816a" executionId="41bb4ccb-b17f-49db-a247-d5ec70ecbce8" testListId="8c84fa94-04c1-424b-9868-57a2d4851a1d" />
    <TestEntry testId="909b5135-abc5-ca49-7494-5f4eb3573cf1" executionId="c1235a90-a5c2-40e5-83d2-4396571f3af8" testListId="8c84fa94-04c1-424b-9868-57a2d4851a1d" />
    <TestEntry testId="83266911-8f44-8cb8-141e-0c21973cceb8" executionId="dd771f73-3f19-4e63-a5da-1d64ac97f133" testListId="8c84fa94-04c1-424b-9868-57a2d4851a1d" />
    <TestEntry testId="f3b6f74b-87b3-fd71-9913-805f7e4c5e0e" executionId="1ae3646d-9ce7-49ee-9320-3e521d2e13e3" testListId="8c84fa94-04c1-424b-9868-57a2d4851a1d" />
    <TestEntry testId="ab3aafbd-fe25-4a7f-3bda-69e06a94b6ee" executionId="cc957428-c5df-480f-bc49-5b64c8ac18d6" testListId="8c84fa94-04c1-424b-9868-57a2d4851a1d" />
    <TestEntry testId="55912caf-6fc4-918c-e4ec-07597adc6c56" executionId="31205208-e3df-4389-ac9b-206f516d9c30" testListId="8c84fa94-04c1-424b-9868-57a2d4851a1d" />
    <TestEntry testId="ab9c2247-9b07-41d9-d47e-aa4942797b13" executionId="0cedd178-b1dc-4d17-b9f3-1988ab79f143" testListId="8c84fa94-04c1-424b-9868-57a2d4851a1d" />
    <TestEntry testId="7a4330b4-d3d2-d308-8e2d-3815d3c67d0f" executionId="26b189c3-7477-4c77-920d-1882e300479a" testListId="8c84fa94-04c1-424b-9868-57a2d4851a1d" />
    <TestEntry testId="d9434b0b-f031-6aad-3c30-fb3e0d035dab" executionId="057fe042-2bec-4f6b-936a-c88627d17863" testListId="8c84fa94-04c1-424b-9868-57a2d4851a1d" />
    <TestEntry testId="869e2bf6-051e-e015-497a-7397bf66191a" executionId="8b9a7418-066d-4cfe-a17b-6ecac1b2b979" testListId="8c84fa94-04c1-424b-9868-57a2d4851a1d" />
    <TestEntry testId="fabac3d5-e597-1339-6b46-1c0c67411388" executionId="c682f19d-9001-4838-877e-4a1cd68a2467" testListId="8c84fa94-04c1-424b-9868-57a2d4851a1d" />
    <TestEntry testId="4ea1f036-59f8-5cad-3b0c-625068ad78db" executionId="3628aa04-247a-4f39-8826-6df20532d1cf" testListId="8c84fa94-04c1-424b-9868-57a2d4851a1d" />
    <TestEntry testId="453c772e-3476-db11-1625-b8f0377bbbd8" executionId="cc68dea3-1a7b-4d72-8365-2c4bbfefe788" testListId="8c84fa94-04c1-424b-9868-57a2d4851a1d" />
    <TestEntry testId="8058c27b-1352-027a-d929-43b2879c423e" executionId="2fbd92fc-ec09-45a9-bcda-cabd41154d2e" testListId="8c84fa94-04c1-424b-9868-57a2d4851a1d" />
    <TestEntry testId="cd39a17c-6fe1-e1b4-559a-d31518f5450f" executionId="a6b78110-1ee8-4b38-b94c-14659086bb74" testListId="8c84fa94-04c1-424b-9868-57a2d4851a1d" />
    <TestEntry testId="533b2a5c-a19c-cf24-eb9a-f995ca4d2974" executionId="4a9ccc70-e2e3-4507-af3c-f60f8dee9765" testListId="8c84fa94-04c1-424b-9868-57a2d4851a1d" />
    <TestEntry testId="5b9eed1d-66a1-144a-f169-3003eeb937ac" executionId="724df43c-01d6-4b65-b2c5-014252f5450e" testListId="8c84fa94-04c1-424b-9868-57a2d4851a1d" />
    <TestEntry testId="97bda861-62f2-bba1-c598-127d5142019e" executionId="9fe75819-a70c-424a-a931-2f45b95ee179" testListId="8c84fa94-04c1-424b-9868-57a2d4851a1d" />
    <TestEntry testId="016d303d-5ae2-6e55-e6bf-2008da910e62" executionId="cad1ba55-6821-496e-b3d9-fbe64af73744" testListId="8c84fa94-04c1-424b-9868-57a2d4851a1d" />
    <TestEntry testId="0a638305-142d-7de7-7f12-9a81aa636946" executionId="4d0a1131-40dd-4794-90d2-1367e137f1db" testListId="8c84fa94-04c1-424b-9868-57a2d4851a1d" />
    <TestEntry testId="c22d3a06-485f-94be-2690-3f00833e186d" executionId="133f82b0-22f6-4a6d-a328-9a1070cfc4c1" testListId="8c84fa94-04c1-424b-9868-57a2d4851a1d" />
    <TestEntry testId="335c0316-538c-f3b3-9476-383f089c8b2c" executionId="60a21a76-8d69-42cb-81a1-1009fb161874" testListId="8c84fa94-04c1-424b-9868-57a2d4851a1d" />
    <TestEntry testId="b3807b1c-634e-e2ee-a1b8-8f079f205113" executionId="42711316-bf62-4668-8682-c957c6671aac" testListId="8c84fa94-04c1-424b-9868-57a2d4851a1d" />
    <TestEntry testId="a81f27b4-0dc1-da96-d279-fb940b021717" executionId="104f8f8b-018e-44f8-ad32-e53be8a7641f" testListId="8c84fa94-04c1-424b-9868-57a2d4851a1d" />
    <TestEntry testId="99892231-84e1-33e1-e7f7-41ced0139b8b" executionId="33ca6b58-3b16-4fb7-b793-80873f7788db" testListId="8c84fa94-04c1-424b-9868-57a2d4851a1d" />
    <TestEntry testId="98555ca9-e51e-c77a-a5b7-89147423d30d" executionId="59ac4656-59e5-4978-a1cc-7bfb61306f05" testListId="8c84fa94-04c1-424b-9868-57a2d4851a1d" />
    <TestEntry testId="8a9a0bf9-dc67-2135-3862-4a807be5d41c" executionId="f0ceaef8-66ce-468e-a3b5-1b91d9238fa4" testListId="8c84fa94-04c1-424b-9868-57a2d4851a1d" />
    <TestEntry testId="8d316203-7ae4-8ab6-6acc-77bb5420b18a" executionId="18264cf4-6c3e-4c9a-96b5-85d8892d2794" testListId="8c84fa94-04c1-424b-9868-57a2d4851a1d" />
    <TestEntry testId="2f04f25a-f7ea-d154-f23d-9b85170cefc4" executionId="93b1a2ba-1c49-4d61-8f03-3ab24a45a330" testListId="8c84fa94-04c1-424b-9868-57a2d4851a1d" />
    <TestEntry testId="76e83c15-4958-72c0-6072-2306062f6c27" executionId="5217b4e8-7c7e-40cc-9c89-df7e08cbd717" testListId="8c84fa94-04c1-424b-9868-57a2d4851a1d" />
    <TestEntry testId="ae0948ed-054c-3e18-355f-da674f5650cd" executionId="afa4a977-ff99-461a-884b-5478be695551" testListId="8c84fa94-04c1-424b-9868-57a2d4851a1d" />
    <TestEntry testId="3faf1419-3703-7fd5-a3da-353c4d730dce" executionId="444dcf10-4e4f-45c7-95b6-a86e8b31c10c" testListId="8c84fa94-04c1-424b-9868-57a2d4851a1d" />
    <TestEntry testId="aa19bf7f-6519-31e4-5b05-0e179c7693a0" executionId="5090664b-ae21-4ed0-8167-afa2a737413f" testListId="8c84fa94-04c1-424b-9868-57a2d4851a1d" />
    <TestEntry testId="465ed908-4041-5a87-afb1-27b6b5171191" executionId="cf7b9210-0f15-4d53-b703-3683b2369589" testListId="8c84fa94-04c1-424b-9868-57a2d4851a1d" />
    <TestEntry testId="f373b350-fc52-4fbc-ec82-56bf220e0771" executionId="050fe74e-d388-461c-9dc2-7c75f9a15239" testListId="8c84fa94-04c1-424b-9868-57a2d4851a1d" />
    <TestEntry testId="67c18331-6034-9aef-22c0-19f657f72f8b" executionId="34d9605b-2e2c-4c21-9cb4-78646de46856" testListId="8c84fa94-04c1-424b-9868-57a2d4851a1d" />
    <TestEntry testId="69f852cf-0b8d-bff9-6d2d-fced5fbdbaf2" executionId="c4e13002-5933-44b2-8d9d-87b55ae426c9" testListId="8c84fa94-04c1-424b-9868-57a2d4851a1d" />
    <TestEntry testId="bd810d5e-74d1-fb29-2175-9a145b5629e1" executionId="bc3b2a1b-c1d2-4833-82d9-6389f56e3563" testListId="8c84fa94-04c1-424b-9868-57a2d4851a1d" />
    <TestEntry testId="d38e40f0-9394-42c9-ac5c-2e74521578b4" executionId="716c19e0-424c-4c63-a1c6-ac4e74529778" testListId="8c84fa94-04c1-424b-9868-57a2d4851a1d" />
    <TestEntry testId="0e3d7f53-280f-fde2-203e-143d6dcfdf0a" executionId="0ec3d9b7-cda7-4c5c-8e6e-c6c31ed6ab0b" testListId="8c84fa94-04c1-424b-9868-57a2d4851a1d" />
    <TestEntry testId="ecf7f37a-1b96-2a28-2d44-fb1c19988638" executionId="8415a854-cf6a-430a-be01-6d78221b477b" testListId="8c84fa94-04c1-424b-9868-57a2d4851a1d" />
    <TestEntry testId="959fba83-0682-2e3d-51fe-2394f6f56bd3" executionId="841463f1-0500-463e-b204-d78dd892fa4a" testListId="8c84fa94-04c1-424b-9868-57a2d4851a1d" />
    <TestEntry testId="52685b80-e883-c0c4-e078-b2863df7409a" executionId="6c247796-ae9c-48ee-a960-ebca83f1e1b5" testListId="8c84fa94-04c1-424b-9868-57a2d4851a1d" />
    <TestEntry testId="adb49f16-3736-24f6-5b1f-837b780eb877" executionId="56a18db9-a849-4eac-a388-ec3cf4300f03" testListId="8c84fa94-04c1-424b-9868-57a2d4851a1d" />
    <TestEntry testId="8495fb32-9c63-b362-e211-e17f09a360d7" executionId="91e7231a-b029-41e1-9e2b-17057556e4b4" testListId="8c84fa94-04c1-424b-9868-57a2d4851a1d" />
    <TestEntry testId="89f817bf-e9a1-f0b4-2111-76edf6a63676" executionId="b0707922-37b4-435b-8a58-d213adfd532e" testListId="8c84fa94-04c1-424b-9868-57a2d4851a1d" />
    <TestEntry testId="1ce865d9-57c4-31f9-0333-820160e71698" executionId="df563b44-ec00-4ec1-b4ef-6d5a97aec09a" testListId="8c84fa94-04c1-424b-9868-57a2d4851a1d" />
    <TestEntry testId="9d0c2c94-02dc-7b10-0108-100d571e057e" executionId="ca65be4a-8c2f-41f1-839b-f05814623af9" testListId="8c84fa94-04c1-424b-9868-57a2d4851a1d" />
    <TestEntry testId="fa32a9bf-193e-172b-6d15-20cb227d126c" executionId="2cac1918-c251-43f9-81f1-5bf0274d890b" testListId="8c84fa94-04c1-424b-9868-57a2d4851a1d" />
    <TestEntry testId="121eb464-baa2-cb91-a1cb-d692cf64f7c5" executionId="c88c00c7-5372-484d-8ca0-210ceb193460" testListId="8c84fa94-04c1-424b-9868-57a2d4851a1d" />
    <TestEntry testId="0a67f5eb-9494-4a90-6e4a-75483ed48ca6" executionId="eeb44b8b-8b7c-4b6d-bb28-3921a8e8f7eb" testListId="8c84fa94-04c1-424b-9868-57a2d4851a1d" />
    <TestEntry testId="5b2ca5e4-e86c-3f28-8244-339071e7c3be" executionId="5c7b920f-8c17-4269-a88d-d11d98c06719" testListId="8c84fa94-04c1-424b-9868-57a2d4851a1d" />
    <TestEntry testId="c3e880c3-27f7-ff6e-6cfa-d2f2112d61ec" executionId="fd9f04cc-4e43-4188-8d56-02408a7646ae" testListId="8c84fa94-04c1-424b-9868-57a2d4851a1d" />
    <TestEntry testId="ab49834c-8dcd-dead-a042-efc0f8ab3657" executionId="847f057a-196b-475c-afa2-31f6b6f98337" testListId="8c84fa94-04c1-424b-9868-57a2d4851a1d" />
    <TestEntry testId="586d74ce-5942-0e84-021d-61533272d525" executionId="7a6412a2-2af1-46f5-bee8-90be10673a97" testListId="8c84fa94-04c1-424b-9868-57a2d4851a1d" />
    <TestEntry testId="515b0adc-b2ee-305a-2e4a-324570128aec" executionId="432e6c50-e2cf-4914-b9c3-3816ef615d1a" testListId="8c84fa94-04c1-424b-9868-57a2d4851a1d" />
    <TestEntry testId="20d1a661-1ac8-24a1-ac68-136a1cca5ab9" executionId="ad35732e-db50-476a-8b21-20c520ddcc05" testListId="8c84fa94-04c1-424b-9868-57a2d4851a1d" />
    <TestEntry testId="6234ecb8-e2dd-d37d-8721-81fdc7e6823a" executionId="ca9fea70-23f7-4b6c-9bb7-c009572f18e3" testListId="8c84fa94-04c1-424b-9868-57a2d4851a1d" />
    <TestEntry testId="ad8a2ff8-387f-a97d-ceb6-7fab64c9766a" executionId="43ab9b1b-c82f-4ac6-9588-026e7e2e80cb" testListId="8c84fa94-04c1-424b-9868-57a2d4851a1d" />
    <TestEntry testId="291a0a00-e36f-0b02-ed15-eb7d9d18168a" executionId="5fee6e78-64b3-4f98-bd3b-8fb843edfd63" testListId="8c84fa94-04c1-424b-9868-57a2d4851a1d" />
    <TestEntry testId="dd048ce7-9ba0-43b9-a761-2b11b4d7a6ad" executionId="790af479-d992-4f55-8fae-7ce9c1efba2d" testListId="8c84fa94-04c1-424b-9868-57a2d4851a1d" />
    <TestEntry testId="601e1164-bd7e-9e7d-f167-9c3fcbc6ad4f" executionId="8705b249-4cc6-461c-a58c-cdf24eef2e2d" testListId="8c84fa94-04c1-424b-9868-57a2d4851a1d" />
    <TestEntry testId="9fbd08c9-807d-0d3a-ed39-c949f2bb8c4b" executionId="0b86e7fd-82d5-4c23-8d61-db5906065cbe" testListId="8c84fa94-04c1-424b-9868-57a2d4851a1d" />
    <TestEntry testId="8646524a-5166-ca18-26db-7c128f59fc0d" executionId="b7c961a6-58d8-40af-8d15-97ab1f42049a" testListId="8c84fa94-04c1-424b-9868-57a2d4851a1d" />
    <TestEntry testId="7764d870-960a-e6a5-a9d1-b95db448a3be" executionId="e3f90cc1-75ec-44d9-882e-cb392a4db1ef" testListId="8c84fa94-04c1-424b-9868-57a2d4851a1d" />
    <TestEntry testId="fe1a2924-96f3-7e80-1a74-9f9fd249b93e" executionId="e1faf12b-9d96-437e-ac71-606a6cffccd8" testListId="8c84fa94-04c1-424b-9868-57a2d4851a1d" />
    <TestEntry testId="23a6aef7-0888-96c3-b39d-0a5a36447e0d" executionId="19e9e64b-12d5-4f5e-abe1-1151ad94e7a4" testListId="8c84fa94-04c1-424b-9868-57a2d4851a1d" />
    <TestEntry testId="d34756cc-dd70-36dd-a4b9-a2767cf802ed" executionId="2207af5a-8eb7-41b0-b2da-c10eab39d9d9" testListId="8c84fa94-04c1-424b-9868-57a2d4851a1d" />
    <TestEntry testId="341040bb-ced9-d1d7-7226-192f7cf8fcdc" executionId="43306102-563c-4f8c-af08-6e12adf688ce" testListId="8c84fa94-04c1-424b-9868-57a2d4851a1d" />
    <TestEntry testId="d877f94f-066f-42a6-7d0d-fddcf50efb86" executionId="853c93c8-89d2-4a7c-ba1d-4964120e660e" testListId="8c84fa94-04c1-424b-9868-57a2d4851a1d" />
    <TestEntry testId="2d7c87f9-92d6-6d29-4cc3-8c2788e75a11" executionId="1241db30-63ed-4dbf-ad7c-7d9fc06d793a" testListId="8c84fa94-04c1-424b-9868-57a2d4851a1d" />
    <TestEntry testId="5543d26e-832a-3de2-3988-5faa4df93969" executionId="972f0bc8-c126-4b89-92c5-b57c9e58f3d4" testListId="8c84fa94-04c1-424b-9868-57a2d4851a1d" />
    <TestEntry testId="12c6c75b-17e2-768a-c582-545ad6254677" executionId="e3c2962f-ff39-48fa-83de-1b7c893960b8" testListId="8c84fa94-04c1-424b-9868-57a2d4851a1d" />
    <TestEntry testId="ba20835b-067e-5539-8e44-8baf83c19e41" executionId="b8aade49-faf7-4bfe-a0d1-6b084ed6a3b4" testListId="8c84fa94-04c1-424b-9868-57a2d4851a1d" />
    <TestEntry testId="149e1688-e5dc-ebf7-54b0-eb7d782e0a3d" executionId="2f4a9eea-96fb-42bd-8de4-b9583d242449" testListId="8c84fa94-04c1-424b-9868-57a2d4851a1d" />
    <TestEntry testId="55b7868a-5525-c155-3984-2d7080cbc3f0" executionId="ed8f84de-bf8e-4510-90df-6432009941cd" testListId="8c84fa94-04c1-424b-9868-57a2d4851a1d" />
    <TestEntry testId="69d1c74a-49ac-9f2b-6362-7fb9e78b2a92" executionId="6a4e5595-0a57-411f-93e1-15df9cf874fc" testListId="8c84fa94-04c1-424b-9868-57a2d4851a1d" />
    <TestEntry testId="20824924-0d17-ff1e-4d7b-1e65a0dd7f7d" executionId="d33fa4f7-051e-410a-a918-67ae670c7689" testListId="8c84fa94-04c1-424b-9868-57a2d4851a1d" />
    <TestEntry testId="332896aa-a36b-b7b0-c333-01128c6d7ce1" executionId="133306b2-bb8a-4242-8a89-7f0255fbc679" testListId="8c84fa94-04c1-424b-9868-57a2d4851a1d" />
    <TestEntry testId="6b2a33da-8dbe-7c78-d246-94dec9023958" executionId="7416defb-cd3a-41b8-b8ec-5b45fef5196d" testListId="8c84fa94-04c1-424b-9868-57a2d4851a1d" />
    <TestEntry testId="7238819f-b48b-cc3e-dc7e-e183fab753be" executionId="c1b13472-12ed-4bf1-8ee7-85a5a8190ab4" testListId="8c84fa94-04c1-424b-9868-57a2d4851a1d" />
    <TestEntry testId="ce195ac9-e907-62d3-fa5f-c3b7ebadeac3" executionId="17a14c80-209e-44e2-ab00-ce34d74723a2" testListId="8c84fa94-04c1-424b-9868-57a2d4851a1d" />
    <TestEntry testId="042593f6-6140-ccfe-82d6-8f794997c196" executionId="4f43000d-b652-4f3b-865d-8f3920413481" testListId="8c84fa94-04c1-424b-9868-57a2d4851a1d" />
    <TestEntry testId="5e8b18ba-6a80-fd43-4cb0-8c6bdf8765d5" executionId="4be2fd0e-4601-4cc8-8638-006c501d3397" testListId="8c84fa94-04c1-424b-9868-57a2d4851a1d" />
    <TestEntry testId="3b4daf27-4450-ed7a-d4bb-142a6e1b0be0" executionId="4e3c174f-865a-4e01-9ffa-4403fa3a4d64" testListId="8c84fa94-04c1-424b-9868-57a2d4851a1d" />
    <TestEntry testId="62b0fe72-30f1-2af2-c068-90091bfb1d44" executionId="69548204-6b6d-4181-9033-7718d131f866" testListId="8c84fa94-04c1-424b-9868-57a2d4851a1d" />
    <TestEntry testId="a16a5295-4893-3b2e-da76-c179d6ee21e1" executionId="6b89c4a8-534b-4d51-9377-a97b6e599623" testListId="8c84fa94-04c1-424b-9868-57a2d4851a1d" />
    <TestEntry testId="eaeadf06-6f78-ef66-9240-54edcfcfb42c" executionId="12b12939-deef-487c-b89e-17dae0870d44" testListId="8c84fa94-04c1-424b-9868-57a2d4851a1d" />
    <TestEntry testId="239e373d-1755-bda9-a91e-cb58a8bc8bcf" executionId="64fdb5f3-5909-40a1-b0a0-a491f98918f5" testListId="8c84fa94-04c1-424b-9868-57a2d4851a1d" />
    <TestEntry testId="7b9bc6fb-eef9-8cc3-8ceb-2e893b8c1bdf" executionId="2f6be5ad-9d73-413e-81d1-da0f3fbc8551" testListId="8c84fa94-04c1-424b-9868-57a2d4851a1d" />
    <TestEntry testId="2d7011d5-0d18-55b9-d3f3-68998c9945f9" executionId="a9e11321-e2e0-4725-909d-7f085ea4eeb1" testListId="8c84fa94-04c1-424b-9868-57a2d4851a1d" />
    <TestEntry testId="690eef1c-e4e3-0c63-48ad-a783777fa685" executionId="7920888c-aef2-4c2d-8fff-9fcab09f2295" testListId="8c84fa94-04c1-424b-9868-57a2d4851a1d" />
    <TestEntry testId="28097eda-a5f4-e6e6-7060-12e7665f3075" executionId="2abb3cd6-d7d1-4358-986c-3cb490762d45" testListId="8c84fa94-04c1-424b-9868-57a2d4851a1d" />
    <TestEntry testId="f09b7cd5-4ae8-422c-8772-5a55d24c9ade" executionId="875625d3-78ee-4e25-8564-923d9e235fd7" testListId="8c84fa94-04c1-424b-9868-57a2d4851a1d" />
    <TestEntry testId="abab0ca8-38d9-b46e-ed1a-a39f638f498e" executionId="51afd891-0166-44a8-9d4c-a13202304bab" testListId="8c84fa94-04c1-424b-9868-57a2d4851a1d" />
    <TestEntry testId="c7ba7dd8-e3e6-46dc-0605-cbeb66092785" executionId="42548fad-21ea-4bed-8d3d-2ff81b14355d" testListId="8c84fa94-04c1-424b-9868-57a2d4851a1d" />
    <TestEntry testId="cffbdb32-a5ce-3149-2be9-2e224df2f82b" executionId="94676fa6-3bc3-4287-8012-f742878bb9a9" testListId="8c84fa94-04c1-424b-9868-57a2d4851a1d" />
    <TestEntry testId="5fe3fa44-04c0-bf4f-e0cb-be0a1bef1cef" executionId="1cc117e2-7429-46a8-b863-12cd76c88806" testListId="8c84fa94-04c1-424b-9868-57a2d4851a1d" />
    <TestEntry testId="ebe83846-f30d-4502-5b06-920f9179e550" executionId="bb083140-68fd-420f-b2e5-21af8f119ce8" testListId="8c84fa94-04c1-424b-9868-57a2d4851a1d" />
    <TestEntry testId="952f09f7-4d08-75b3-4aa9-81a5106c72e8" executionId="39be0882-cb7f-4e60-bdcf-76855c553cf8" testListId="8c84fa94-04c1-424b-9868-57a2d4851a1d" />
    <TestEntry testId="7415a632-957d-b568-8d89-35975dec612b" executionId="5631b358-acf5-4bd6-a992-023e9b9018d2" testListId="8c84fa94-04c1-424b-9868-57a2d4851a1d" />
    <TestEntry testId="552b8f9e-1bb3-8bf0-01fc-d5978785d7dd" executionId="ffc75d54-0d6e-4bc9-979f-55cc58da19f0" testListId="8c84fa94-04c1-424b-9868-57a2d4851a1d" />
    <TestEntry testId="9728fe01-3005-7319-6ba9-b6d3b25a9602" executionId="77bd8521-e21f-4704-926a-73eb2384b881" testListId="8c84fa94-04c1-424b-9868-57a2d4851a1d" />
    <TestEntry testId="42c9038e-83ab-bae5-c7e8-73f806c72d2a" executionId="9413523a-8504-4a75-8dfe-56961d37c84c" testListId="8c84fa94-04c1-424b-9868-57a2d4851a1d" />
    <TestEntry testId="7e66458c-6fa0-adfa-1ecd-a6462fccce40" executionId="d8a8a57b-7760-44b1-acc2-058782c643d4" testListId="8c84fa94-04c1-424b-9868-57a2d4851a1d" />
    <TestEntry testId="6391cd26-6fc2-8e75-57e3-7b032d34c99b" executionId="6ca61bb3-b38b-4dd7-9972-133aebef7dc8" testListId="8c84fa94-04c1-424b-9868-57a2d4851a1d" />
    <TestEntry testId="836451b2-62cb-4cd2-ca5f-c5c8f2c0a202" executionId="4cfc73db-e555-4d5c-a4d8-5fd3cd4e1987" testListId="8c84fa94-04c1-424b-9868-57a2d4851a1d" />
    <TestEntry testId="bd86868a-64af-fa50-efe0-a7e95aa9f5c1" executionId="fd3407ec-cd3a-4b9a-95f6-e5ebb17f021d" testListId="8c84fa94-04c1-424b-9868-57a2d4851a1d" />
    <TestEntry testId="3109c695-3e44-0879-5fda-41d7d17979ff" executionId="b37fe9b6-2fdd-4105-b526-aef386d59b78" testListId="8c84fa94-04c1-424b-9868-57a2d4851a1d" />
    <TestEntry testId="3c407d09-bd83-3cf2-cf6c-c0dc480601dc" executionId="5d91bc10-b524-4906-8ec6-1e8dd00b4308" testListId="8c84fa94-04c1-424b-9868-57a2d4851a1d" />
    <TestEntry testId="ad0d39e5-00d7-6228-aeb3-c91c6b3da5f5" executionId="d52c1504-ec8b-4d93-a7ee-b2f9c96d8d1f" testListId="8c84fa94-04c1-424b-9868-57a2d4851a1d" />
    <TestEntry testId="752d40b4-ceac-535b-c245-39fed899e450" executionId="feda349c-15bd-4b66-9f0b-fbd4beaa6229" testListId="8c84fa94-04c1-424b-9868-57a2d4851a1d" />
    <TestEntry testId="83b59476-a7fb-56e8-b97b-0e902d31cd18" executionId="f8d0b693-1539-4f58-94ee-14ffb9239580" testListId="8c84fa94-04c1-424b-9868-57a2d4851a1d" />
    <TestEntry testId="112c074c-c91e-2a6e-3358-6a9304c63b95" executionId="a48e2eda-d101-400c-8c2c-1447d00c9d83" testListId="8c84fa94-04c1-424b-9868-57a2d4851a1d" />
    <TestEntry testId="fbb577ab-554c-1761-8b33-3b062d943c22" executionId="10fe06ee-47b3-40ee-9b28-4da276a14bc2" testListId="8c84fa94-04c1-424b-9868-57a2d4851a1d" />
    <TestEntry testId="b98006bf-e247-2c89-f5f2-906de5d10ccf" executionId="a81e5067-3221-4f3f-ad4f-eba31604956d" testListId="8c84fa94-04c1-424b-9868-57a2d4851a1d" />
    <TestEntry testId="0a70d6fd-d740-a74a-169e-d35621818982" executionId="e811a661-c678-4db4-82eb-96a7b4b3e17a" testListId="8c84fa94-04c1-424b-9868-57a2d4851a1d" />
    <TestEntry testId="91adec86-044d-3b0d-62f3-bdcae922b644" executionId="9b477714-408e-4739-97fe-0268accc4e78" testListId="8c84fa94-04c1-424b-9868-57a2d4851a1d" />
    <TestEntry testId="4cd9be57-b5ee-3ae9-313d-5c06ae12b5f8" executionId="5a3331ba-5483-4c6d-adbb-624df73af6b6" testListId="8c84fa94-04c1-424b-9868-57a2d4851a1d" />
    <TestEntry testId="a0f8908b-2fc2-df51-4b18-23e951512406" executionId="22ba32ee-890a-4f26-b261-99fd34769706" testListId="8c84fa94-04c1-424b-9868-57a2d4851a1d" />
    <TestEntry testId="5990c772-e408-af8a-3293-cee12203cdcc" executionId="2d3f87f3-68bf-451a-a054-9bb64dab9b7a" testListId="8c84fa94-04c1-424b-9868-57a2d4851a1d" />
    <TestEntry testId="a4d29aee-2a2f-7b9e-08b4-102ef4fe6813" executionId="3c204839-b743-4696-a95f-5cbc5d67db7f" testListId="8c84fa94-04c1-424b-9868-57a2d4851a1d" />
    <TestEntry testId="a8b9844c-6104-c9c6-7d60-78d6100065b0" executionId="7f8d8ce7-1d4c-43a5-8118-b2ceac5742be" testListId="8c84fa94-04c1-424b-9868-57a2d4851a1d" />
    <TestEntry testId="75733184-ecf7-b281-bd2e-48c921f0cff4" executionId="69e4999c-537f-468f-88b3-f409b30bc8e5" testListId="8c84fa94-04c1-424b-9868-57a2d4851a1d" />
    <TestEntry testId="350fb660-314c-786b-3d6b-541a0971c807" executionId="ede927ac-9a89-472f-a159-a0f1fc23a044" testListId="8c84fa94-04c1-424b-9868-57a2d4851a1d" />
    <TestEntry testId="e91a7b75-ac3d-2bd0-17fa-3f23acb86759" executionId="503deb7a-a23c-49fd-a6fc-af7b3bfe0f02" testListId="8c84fa94-04c1-424b-9868-57a2d4851a1d" />
    <TestEntry testId="9737c38f-ad68-db59-78e8-3f7908babdcf" executionId="27b3b255-1b01-44a9-bd0e-1ce75e99f6ab" testListId="8c84fa94-04c1-424b-9868-57a2d4851a1d" />
    <TestEntry testId="29b460d3-32ba-3d59-36a7-72d7b3c75d60" executionId="b52b54db-b446-48b4-9fa8-4d67b22ea5f2" testListId="8c84fa94-04c1-424b-9868-57a2d4851a1d" />
    <TestEntry testId="4adb4c0d-617b-d891-f63e-7a014d4b7e39" executionId="777729db-d6b8-45cd-8cb9-9d7dbe3657e0" testListId="8c84fa94-04c1-424b-9868-57a2d4851a1d" />
    <TestEntry testId="b561be64-3ebf-00d7-64e3-9853e17cbf13" executionId="b5d73f48-2338-4b96-8aab-2ad425ebae41" testListId="8c84fa94-04c1-424b-9868-57a2d4851a1d" />
    <TestEntry testId="e242b67c-3d28-33ee-bf1d-1f163fabd3ca" executionId="9f80a7a2-bfcb-40b1-bbd6-7321a7fcdc5f" testListId="8c84fa94-04c1-424b-9868-57a2d4851a1d" />
    <TestEntry testId="711b4283-4c9e-be16-2b83-d9f77794298d" executionId="b658acce-16e2-4869-9d8c-d3804190f2a8" testListId="8c84fa94-04c1-424b-9868-57a2d4851a1d" />
    <TestEntry testId="ed2c0749-72ce-3102-1e65-21a531debf9e" executionId="7a36c7c2-4cdf-4b66-b956-1f861935adb6" testListId="8c84fa94-04c1-424b-9868-57a2d4851a1d" />
    <TestEntry testId="e82068c0-6e0f-9139-e11b-135d1d5c14f8" executionId="3c7102a4-c575-403e-8a07-dbb729b5ec2a" testListId="8c84fa94-04c1-424b-9868-57a2d4851a1d" />
    <TestEntry testId="4ee66f1f-2049-9f7f-57aa-b27bb388f963" executionId="ea3837b9-b7a7-42b4-adcb-98b30ac7ccfd" testListId="8c84fa94-04c1-424b-9868-57a2d4851a1d" />
    <TestEntry testId="754e15f9-7164-4540-0902-34db6317ccfc" executionId="ce8b603a-e9e8-4a4e-879f-fa4ef7760e2f" testListId="8c84fa94-04c1-424b-9868-57a2d4851a1d" />
    <TestEntry testId="acb6cd45-54f0-d858-050f-39c07ff6b496" executionId="114cee7b-48e9-44e9-a558-25ad63906879" testListId="8c84fa94-04c1-424b-9868-57a2d4851a1d" />
    <TestEntry testId="e82c4cb9-864b-593c-f310-4d201e527a40" executionId="f20f0b1e-5c96-4293-af77-fe53ec210599" testListId="8c84fa94-04c1-424b-9868-57a2d4851a1d" />
    <TestEntry testId="2743fc93-743c-aff9-2200-095476b17025" executionId="a297e1af-0406-43db-93c0-34ad8d00a196" testListId="8c84fa94-04c1-424b-9868-57a2d4851a1d" />
    <TestEntry testId="b4f6ecd8-21d2-e463-3b8f-e414fa0d53d7" executionId="07ef455b-3f89-4605-8ad6-813939d7e332" testListId="8c84fa94-04c1-424b-9868-57a2d4851a1d" />
    <TestEntry testId="ee37d42d-7676-d60e-f83a-c40bddb185e0" executionId="59df090d-66da-4644-ba00-1fc746967f21" testListId="8c84fa94-04c1-424b-9868-57a2d4851a1d" />
    <TestEntry testId="a415fe92-f44b-9cd9-fda2-e5c7020144da" executionId="9f51efbe-af04-41d5-b90c-1858f55f215f" testListId="8c84fa94-04c1-424b-9868-57a2d4851a1d" />
    <TestEntry testId="faff4fba-5493-e6c9-9bf9-a728e70472b3" executionId="6841aa82-28a0-4a61-bb26-20070b11a46f" testListId="8c84fa94-04c1-424b-9868-57a2d4851a1d" />
    <TestEntry testId="50081d46-2c3a-f2b2-59ea-4061c169b6c6" executionId="00406c6b-599c-4179-b1ad-01cdf7c53fd7" testListId="8c84fa94-04c1-424b-9868-57a2d4851a1d" />
    <TestEntry testId="336b2beb-eb54-f0ba-e24b-08204093e0aa" executionId="832e1854-d2dd-4e55-b9df-69df1fcb89b6" testListId="8c84fa94-04c1-424b-9868-57a2d4851a1d" />
    <TestEntry testId="5e0ccfa9-e637-4242-b34b-1ae82226f894" executionId="20572d8f-0271-4dc1-9f87-c7cbeda2eb7a" testListId="8c84fa94-04c1-424b-9868-57a2d4851a1d" />
    <TestEntry testId="cb85d1d7-f37e-7a0d-4571-db193adf7955" executionId="091be885-b0f1-4804-9619-4c98e56f56c2" testListId="8c84fa94-04c1-424b-9868-57a2d4851a1d" />
    <TestEntry testId="eefc6d24-5020-8505-1dbb-9868d5500570" executionId="75f0e57b-fbdb-4b81-89d3-4e61337aa1b1" testListId="8c84fa94-04c1-424b-9868-57a2d4851a1d" />
    <TestEntry testId="bd271e29-873c-e257-8849-0350a000b3af" executionId="2c97af6c-f1c7-4af8-af6d-6909f8c9ab24" testListId="8c84fa94-04c1-424b-9868-57a2d4851a1d" />
    <TestEntry testId="228e40b4-0ca4-d75a-7a58-46117a34fee9" executionId="460055d8-e600-474d-9b0f-c4797f8c2dc7" testListId="8c84fa94-04c1-424b-9868-57a2d4851a1d" />
    <TestEntry testId="ee79648a-cff5-5748-d2f4-bbdc12cb6662" executionId="5228e54c-24b3-42b7-b728-dfc1975e6775" testListId="8c84fa94-04c1-424b-9868-57a2d4851a1d" />
    <TestEntry testId="b7ae8529-9bcc-b3b7-9e9a-1f51fba7bd52" executionId="69180a45-42b6-40a2-a03a-4f865a25af2a" testListId="8c84fa94-04c1-424b-9868-57a2d4851a1d" />
    <TestEntry testId="470ea3d0-f459-b6ad-4f9f-44954dd4a0b8" executionId="a9ccb9c0-3f65-4a9d-86af-c3fe17532fae" testListId="8c84fa94-04c1-424b-9868-57a2d4851a1d" />
    <TestEntry testId="897f10c2-6c72-467e-5a23-7b3bebf70ffb" executionId="19db9eab-1fc8-42bf-8030-86221ec94ebe" testListId="8c84fa94-04c1-424b-9868-57a2d4851a1d" />
    <TestEntry testId="e735c7b3-aa15-891a-afaf-f7174c07abf5" executionId="8e573783-6345-4a25-8dc3-1b9b2a710bbc" testListId="8c84fa94-04c1-424b-9868-57a2d4851a1d" />
    <TestEntry testId="c5fc9185-4f89-2e18-7714-cfbda441e6cb" executionId="492c6fa1-cd24-4596-ac65-960e9dd0d28b" testListId="8c84fa94-04c1-424b-9868-57a2d4851a1d" />
    <TestEntry testId="3114fd40-71ce-994b-9259-eabf8239901e" executionId="897e2efd-a1f3-457f-b6bd-dd722ff142ff" testListId="8c84fa94-04c1-424b-9868-57a2d4851a1d" />
    <TestEntry testId="1dba4bcb-2a6a-02e7-3151-a1fa05d6b85c" executionId="2a606e8a-bff8-4f42-bf1a-495150e92d5f" testListId="8c84fa94-04c1-424b-9868-57a2d4851a1d" />
    <TestEntry testId="ec69e657-5b70-1fb9-5485-83b465ae5c05" executionId="f198ab18-6bbf-45de-ba3f-2aea8c711a71" testListId="8c84fa94-04c1-424b-9868-57a2d4851a1d" />
    <TestEntry testId="6423dadf-5032-e426-048d-b3adf874a425" executionId="ccfe893f-cc81-4046-ba96-86fd6bb435bf" testListId="8c84fa94-04c1-424b-9868-57a2d4851a1d" />
    <TestEntry testId="9fb6d1c8-d9db-0b5a-c536-bcb6a92aad22" executionId="f22c4740-3e5e-4f35-a6e6-8613af5dc875" testListId="8c84fa94-04c1-424b-9868-57a2d4851a1d" />
    <TestEntry testId="1bdda070-0470-891d-d0f0-2e66f6c00467" executionId="b2e1198a-3a47-4244-92be-daf25d394b37" testListId="8c84fa94-04c1-424b-9868-57a2d4851a1d" />
    <TestEntry testId="c4b1de39-f215-c6c4-5b38-2f74d4b1f600" executionId="7ed910dd-9b5d-49ee-b0ac-a9289e5b65d7" testListId="8c84fa94-04c1-424b-9868-57a2d4851a1d" />
    <TestEntry testId="d2fd3d18-963d-6ba7-e216-54d46cb5c046" executionId="624c60a9-e9b5-4c8e-ab2f-bbb4e943e437" testListId="8c84fa94-04c1-424b-9868-57a2d4851a1d" />
    <TestEntry testId="50f2b13e-3594-24ee-32df-b9192e38a8ff" executionId="41d299ab-1e16-4f79-9b21-f9accd2db22c" testListId="8c84fa94-04c1-424b-9868-57a2d4851a1d" />
    <TestEntry testId="8c3471e8-fc32-9e5a-4e09-9595c65b9cfb" executionId="d2c92701-97db-46b8-9ecd-e8837b0f3fc8" testListId="8c84fa94-04c1-424b-9868-57a2d4851a1d" />
    <TestEntry testId="daa8f257-6d65-5334-bc6e-50b3c593ee4f" executionId="1c9928d2-7640-4254-a2d3-e73194fc167e" testListId="8c84fa94-04c1-424b-9868-57a2d4851a1d" />
    <TestEntry testId="47489fc9-b715-10df-6ca2-dcba77141106" executionId="28a962d8-f023-4c4d-a098-d32bb764f3a4" testListId="8c84fa94-04c1-424b-9868-57a2d4851a1d" />
    <TestEntry testId="cfdde69f-bd6f-9d86-5859-a1ef9746cd64" executionId="01e18998-49cd-46e0-9fdb-c2e7aa22a88e" testListId="8c84fa94-04c1-424b-9868-57a2d4851a1d" />
    <TestEntry testId="b47684af-1794-f5e1-2939-ee11bb40f2e8" executionId="7c5a6861-408a-4d95-992b-300fbe573dc4" testListId="8c84fa94-04c1-424b-9868-57a2d4851a1d" />
    <TestEntry testId="d7aeee86-92f2-5c12-685d-812d09ed0822" executionId="32d3f688-ec96-43b7-bca4-0a5a584b54e5" testListId="8c84fa94-04c1-424b-9868-57a2d4851a1d" />
    <TestEntry testId="dcc46ccc-b814-743c-8b1c-539d1d47dc7f" executionId="15165a8c-694a-4c09-a78e-9aca08b8b38c" testListId="8c84fa94-04c1-424b-9868-57a2d4851a1d" />
    <TestEntry testId="ab8c7a74-84b9-4ead-0c18-89aab1a19e51" executionId="0490b851-04ac-463e-ac5f-dc6b89ce1af4" testListId="8c84fa94-04c1-424b-9868-57a2d4851a1d" />
    <TestEntry testId="5a2ccf07-adb3-2976-b4d9-5a45aeffd5a5" executionId="92872e2a-8c02-4af5-b351-d10c72b32252" testListId="8c84fa94-04c1-424b-9868-57a2d4851a1d" />
    <TestEntry testId="3076346f-e719-f439-3898-289f35032ef1" executionId="09730642-e14d-4b16-8f52-50a9be7d16b1" testListId="8c84fa94-04c1-424b-9868-57a2d4851a1d" />
    <TestEntry testId="3516f5e6-d761-9079-ee12-f11189d2dee7" executionId="46605d73-f337-4116-8c3b-f998da44ff48" testListId="8c84fa94-04c1-424b-9868-57a2d4851a1d" />
    <TestEntry testId="06a6ce76-a492-790c-aa69-54dc6d92da0b" executionId="8ade63e2-35f7-4a8e-8231-7b9a54a6e2f9" testListId="8c84fa94-04c1-424b-9868-57a2d4851a1d" />
    <TestEntry testId="d0d86c84-495f-8b36-1e1b-b8ecd9346ea3" executionId="8e70cdc3-1b7c-422c-9b50-98d9c56e3476" testListId="8c84fa94-04c1-424b-9868-57a2d4851a1d" />
    <TestEntry testId="4d1c39cc-af91-5c58-272b-da1e4b7a0924" executionId="9c992b4b-70a0-4992-a817-38e9605fa3ba" testListId="8c84fa94-04c1-424b-9868-57a2d4851a1d" />
    <TestEntry testId="e768bc44-6321-f6f0-33ea-0643e8c3f454" executionId="c1b81667-8945-4a6f-a703-9f1c6e7a0d7b" testListId="8c84fa94-04c1-424b-9868-57a2d4851a1d" />
    <TestEntry testId="ee53ce2c-fb8e-2870-2bec-d824ac6cea07" executionId="20342b4a-6d05-432e-be1b-d05d3056eab2" testListId="8c84fa94-04c1-424b-9868-57a2d4851a1d" />
    <TestEntry testId="484a9c28-0cc9-95a2-990b-b9c28e6033e5" executionId="a673008a-30f4-4c60-a133-388f6708af32" testListId="8c84fa94-04c1-424b-9868-57a2d4851a1d" />
    <TestEntry testId="ac6ebb8c-c327-57cd-3af5-aa07fb4edc14" executionId="3c9cbb30-f933-4f5f-be93-81090592baeb" testListId="8c84fa94-04c1-424b-9868-57a2d4851a1d" />
    <TestEntry testId="085e36b0-0d52-7c74-b0d8-4785cd5f1544" executionId="0eea6aac-0713-4467-ba27-4443cb24fd7a" testListId="8c84fa94-04c1-424b-9868-57a2d4851a1d" />
    <TestEntry testId="bcee3dfc-95df-51eb-9411-b0bdd9236d8a" executionId="8819f9c0-b762-49f3-9db0-b127799aa890" testListId="8c84fa94-04c1-424b-9868-57a2d4851a1d" />
    <TestEntry testId="1e24c5cd-d42a-5c97-73c1-5f149820ea22" executionId="6319444e-5991-40e6-9133-4364442276a3" testListId="8c84fa94-04c1-424b-9868-57a2d4851a1d" />
    <TestEntry testId="33b001f1-b8e7-0e78-6628-3106ad6d2f71" executionId="1472bb3c-0fb3-403e-9fc7-1eb7015f5f0e" testListId="8c84fa94-04c1-424b-9868-57a2d4851a1d" />
    <TestEntry testId="4b2a2af9-445d-9ecf-64f7-d742a6adefb7" executionId="b59c59ac-b1d3-4887-8b7f-e9a13b961be9" testListId="8c84fa94-04c1-424b-9868-57a2d4851a1d" />
    <TestEntry testId="a418d5df-b5ee-5a85-99c0-157b60c43e4b" executionId="efda5f3c-1997-4af9-8961-e942c2b78e0a" testListId="8c84fa94-04c1-424b-9868-57a2d4851a1d" />
    <TestEntry testId="537ad07b-1b70-ec7a-fdb3-2e0fa41e5c23" executionId="a08e9baa-8409-4c6d-8e02-f8372fd6476c" testListId="8c84fa94-04c1-424b-9868-57a2d4851a1d" />
    <TestEntry testId="f98f128e-bc4d-8b9e-2582-4a4421f13428" executionId="423a7c9c-5898-4d1c-8902-2d95e55e4fef" testListId="8c84fa94-04c1-424b-9868-57a2d4851a1d" />
    <TestEntry testId="ed243bdd-6000-1061-a83e-9e458b3d2a08" executionId="06d6393c-63e7-40e6-8603-354c130a46cc" testListId="8c84fa94-04c1-424b-9868-57a2d4851a1d" />
    <TestEntry testId="eeb4dd87-b488-a6a2-6176-d39e9d1e7681" executionId="4e26d65e-b664-42ed-8afd-bb3b2e7143e1" testListId="8c84fa94-04c1-424b-9868-57a2d4851a1d" />
    <TestEntry testId="5131c0c3-410a-6182-33f0-39457515d5e3" executionId="045c7edf-dfc6-4663-bf57-6965b8d34ff7" testListId="8c84fa94-04c1-424b-9868-57a2d4851a1d" />
    <TestEntry testId="959de6ab-41a3-bb6f-c652-3f36caba1f36" executionId="fb5165f6-acbf-4b1c-9508-35741cbfdb2c" testListId="8c84fa94-04c1-424b-9868-57a2d4851a1d" />
    <TestEntry testId="a8373318-d0c0-3b68-eeb8-1cd7a830e6d6" executionId="d0c417c7-6548-437a-8cf4-3d2788b43da6" testListId="8c84fa94-04c1-424b-9868-57a2d4851a1d" />
    <TestEntry testId="c64fd3ef-a83e-8804-d6d0-9d8e2ff29cc2" executionId="40ff7b7b-5d05-48bd-9b40-8dd58a9c2064" testListId="8c84fa94-04c1-424b-9868-57a2d4851a1d" />
    <TestEntry testId="f5c58e94-9cf1-991c-aa85-75e7d2a200a6" executionId="58f70d8b-6f3f-4d9e-9f90-c08adb7430ec" testListId="8c84fa94-04c1-424b-9868-57a2d4851a1d" />
    <TestEntry testId="7603ab70-2625-ab42-8d9e-7a15863cfd1c" executionId="d4cef0f2-8a54-487c-9a9c-bbe258547541" testListId="8c84fa94-04c1-424b-9868-57a2d4851a1d" />
    <TestEntry testId="f746688b-f580-3fee-4c58-d4c4ee979cd7" executionId="23707141-d989-43bb-9005-e8eb92d3dc15" testListId="8c84fa94-04c1-424b-9868-57a2d4851a1d" />
    <TestEntry testId="bb7ff579-7dbb-d724-561f-6bfaeeb13e43" executionId="e69d0a4f-7d45-4879-9712-afaa938da594" testListId="8c84fa94-04c1-424b-9868-57a2d4851a1d" />
    <TestEntry testId="3ca02e33-556b-3fdb-f0cf-b0f349847245" executionId="391b706c-dffc-4be4-a16d-1c6cdb6919f7" testListId="8c84fa94-04c1-424b-9868-57a2d4851a1d" />
    <TestEntry testId="cc139316-f1a2-00ef-ef1d-1e4ba4910c04" executionId="944e8da4-7756-4f21-9e5b-6efd1c1a058d" testListId="8c84fa94-04c1-424b-9868-57a2d4851a1d" />
    <TestEntry testId="69c84318-c2ea-bbfb-2ff5-e086da7c5805" executionId="01a71fb8-c58c-4a7e-ab8e-b77b2862665a" testListId="8c84fa94-04c1-424b-9868-57a2d4851a1d" />
    <TestEntry testId="1db76d8f-f5a5-dcb7-9657-e7f194b55049" executionId="deeedfa2-5bd3-4e8b-96bb-8c5038348d3a" testListId="8c84fa94-04c1-424b-9868-57a2d4851a1d" />
    <TestEntry testId="391811a1-8187-f3dc-88b6-23bab4f2be23" executionId="c1b3f2a0-2ea6-4f7b-adf7-72836f47cd23" testListId="8c84fa94-04c1-424b-9868-57a2d4851a1d" />
    <TestEntry testId="cea2ec8e-0a0c-aae3-594d-8b1cbbb55ac5" executionId="17922334-c5bf-460e-a76a-3e6a1a1dc392" testListId="8c84fa94-04c1-424b-9868-57a2d4851a1d" />
    <TestEntry testId="fe14d576-8562-4a05-9196-a9eaf8403f97" executionId="2d9276cd-952c-48da-8f16-9f626edcdfe2" testListId="8c84fa94-04c1-424b-9868-57a2d4851a1d" />
    <TestEntry testId="40ac891b-3aed-7213-ed1d-840834b3000d" executionId="f924be56-29b6-4910-8cce-f64bc82457f5" testListId="8c84fa94-04c1-424b-9868-57a2d4851a1d" />
    <TestEntry testId="6a1bd5a3-33de-b670-1a8c-cceb0d8df72f" executionId="3c8dc62d-e304-4836-bf24-1dcd4c178526" testListId="8c84fa94-04c1-424b-9868-57a2d4851a1d" />
    <TestEntry testId="a35c1648-d310-4839-ee57-c271d40d7d0e" executionId="2aae6a14-627f-4b3a-adf3-4f28c73abc36" testListId="8c84fa94-04c1-424b-9868-57a2d4851a1d" />
    <TestEntry testId="65a382e3-c1e3-08ef-c35f-11020ff7747f" executionId="fa7165af-7ab9-4909-abf1-ff8266c2d6f7" testListId="8c84fa94-04c1-424b-9868-57a2d4851a1d" />
    <TestEntry testId="65d5e85b-e0a7-670a-3e1b-13af33b9e642" executionId="229c9370-dc5b-46f5-9cbd-d64e40f145b4" testListId="8c84fa94-04c1-424b-9868-57a2d4851a1d" />
    <TestEntry testId="ecba833b-4a32-70dc-1540-ec8a113be1de" executionId="11dfa201-aa70-4840-87d8-90baffc3e8be" testListId="8c84fa94-04c1-424b-9868-57a2d4851a1d" />
    <TestEntry testId="673e7d35-f16e-bd38-569e-9b00ed91c4fd" executionId="e927e877-9be1-4f1d-bd4e-dd3edc4228dc" testListId="8c84fa94-04c1-424b-9868-57a2d4851a1d" />
    <TestEntry testId="40e04a6d-bef0-ec4b-8281-04b2775da565" executionId="723e2379-852a-49e5-a5af-b70d42a1bdb9" testListId="8c84fa94-04c1-424b-9868-57a2d4851a1d" />
    <TestEntry testId="0e25bcf5-ab45-f600-b517-83fefa26e455" executionId="7542247c-8ace-425c-b959-7a48cdd567bd" testListId="8c84fa94-04c1-424b-9868-57a2d4851a1d" />
    <TestEntry testId="021d3da1-2551-6934-6452-4bc168c068b9" executionId="97f10e60-8d0a-401b-9af8-0ffee8ef25b6" testListId="8c84fa94-04c1-424b-9868-57a2d4851a1d" />
    <TestEntry testId="cf838fe5-cf64-cdb9-4856-b3fc2156670a" executionId="d620f13e-061a-4ab2-8857-a26972b4a856" testListId="8c84fa94-04c1-424b-9868-57a2d4851a1d" />
    <TestEntry testId="e668ce24-c1a0-98ca-9d76-99447ce236e8" executionId="c773b9cf-56a7-487b-a642-d3de55af2f93" testListId="8c84fa94-04c1-424b-9868-57a2d4851a1d" />
    <TestEntry testId="d2358b75-2179-dc76-97f4-8e1dfce3fe98" executionId="29b62d54-516c-4b4e-bb0c-24c0805a0bb6" testListId="8c84fa94-04c1-424b-9868-57a2d4851a1d" />
    <TestEntry testId="190cafd6-e87f-acd4-dc9b-9d82114386d9" executionId="e84948fd-6cd4-4ca2-a2c4-00c07fd5a646" testListId="8c84fa94-04c1-424b-9868-57a2d4851a1d" />
    <TestEntry testId="df512aea-e2d8-dde7-2eb7-20bcbade34bc" executionId="d55c90a2-aa4d-43ab-9ce8-7446ac121adf" testListId="8c84fa94-04c1-424b-9868-57a2d4851a1d" />
    <TestEntry testId="f7baf2b9-a2d0-7c99-3bd4-af737954fe30" executionId="a030a8d3-dff4-4d75-845d-c8cb63ac3b02" testListId="8c84fa94-04c1-424b-9868-57a2d4851a1d" />
    <TestEntry testId="e57b5d64-f9f1-68ef-e175-4a5caa032c54" executionId="a4308dd2-1f99-4d5c-93db-a0d4164a2311" testListId="8c84fa94-04c1-424b-9868-57a2d4851a1d" />
    <TestEntry testId="346b4860-00f1-33ec-a1a3-5d05cc730f69" executionId="68bbcb7c-aa34-49c6-ac59-39ac52b7154e" testListId="8c84fa94-04c1-424b-9868-57a2d4851a1d" />
    <TestEntry testId="9ac720d3-776c-ab54-a939-3b82af418447" executionId="e7f95c69-71f6-48a2-a33d-45e50696618c" testListId="8c84fa94-04c1-424b-9868-57a2d4851a1d" />
    <TestEntry testId="8411a163-fe22-681b-f5c6-7310c560d29a" executionId="6da8bfb5-804d-4bf7-bd16-05c3b46d7eb3" testListId="8c84fa94-04c1-424b-9868-57a2d4851a1d" />
    <TestEntry testId="df8b7611-0fd3-7a4a-228e-73a22117205a" executionId="aeb8c507-d8a1-4b50-9b1e-355c8388d11c" testListId="8c84fa94-04c1-424b-9868-57a2d4851a1d" />
    <TestEntry testId="366f0f62-c3df-406d-3cbd-6a62fe8e98a7" executionId="add50296-38e4-4901-b0b0-5b497cea080d" testListId="8c84fa94-04c1-424b-9868-57a2d4851a1d" />
    <TestEntry testId="f4459af7-a3ce-b8ae-aafa-5bfa8a20da8c" executionId="fb97af55-587d-4e48-8f1a-1debd67d1c5e" testListId="8c84fa94-04c1-424b-9868-57a2d4851a1d" />
    <TestEntry testId="a3d75b2a-aedf-2885-f27f-a7945f978fce" executionId="494ec046-6af7-40dd-a5b5-679c0c7bc5ac" testListId="8c84fa94-04c1-424b-9868-57a2d4851a1d" />
    <TestEntry testId="47018a2b-c5b5-f700-6399-75af9808bb33" executionId="52808f9c-fde0-4840-969a-7e8bfa09ab15" testListId="8c84fa94-04c1-424b-9868-57a2d4851a1d" />
    <TestEntry testId="5545fc75-ce9a-79d5-867a-5bec0a88ff66" executionId="c7d2b038-53ee-4cb5-97a8-866a11b23c2c" testListId="8c84fa94-04c1-424b-9868-57a2d4851a1d" />
    <TestEntry testId="bb029ecd-bc04-6c95-65d6-4fa9005d9f93" executionId="6bf4a810-f976-4e9f-9cc2-ad9d584cffe3" testListId="8c84fa94-04c1-424b-9868-57a2d4851a1d" />
    <TestEntry testId="67ae9fcb-a62e-08fc-97ed-d2d4f6f5c1d0" executionId="2929e68a-1dcf-4bca-ae18-700f89adb49e" testListId="8c84fa94-04c1-424b-9868-57a2d4851a1d" />
    <TestEntry testId="c883d631-b915-c13f-0bbe-3400820e4ee3" executionId="c3f52eb1-f29f-4a3a-88bc-fa8c84052bec" testListId="8c84fa94-04c1-424b-9868-57a2d4851a1d" />
    <TestEntry testId="f1a8ea88-01e1-69c3-1fe9-4aa537f89af0" executionId="1e649304-6bbf-446e-9fc3-bf71ce05b04a" testListId="8c84fa94-04c1-424b-9868-57a2d4851a1d" />
    <TestEntry testId="9459ef9a-ed9e-7e04-b1e7-d4cc74d49390" executionId="236b6558-b3f9-4c5f-b429-427022bda791" testListId="8c84fa94-04c1-424b-9868-57a2d4851a1d" />
    <TestEntry testId="4efd7a5c-c0df-ae80-f7ee-8f404f14cec4" executionId="5cab3a0d-b2fc-450d-a3ed-bd621613eb4c" testListId="8c84fa94-04c1-424b-9868-57a2d4851a1d" />
    <TestEntry testId="6f9f5016-c386-f671-b8d8-6fc0a14626eb" executionId="c1ff912b-0b2c-4d84-91df-c16c00ed36d2" testListId="8c84fa94-04c1-424b-9868-57a2d4851a1d" />
    <TestEntry testId="b7bbbe98-91af-7dec-8966-b09bed25d558" executionId="2fef7af8-f078-4f1e-8800-5f6e50c53dad" testListId="8c84fa94-04c1-424b-9868-57a2d4851a1d" />
    <TestEntry testId="c6b19e93-2b61-da47-f9a3-89a03fe395c8" executionId="fbdfd673-3fc6-44f5-992c-4f1f34c75139" testListId="8c84fa94-04c1-424b-9868-57a2d4851a1d" />
    <TestEntry testId="ae0539e8-7653-996e-a87e-3f69894a3b17" executionId="b61a0126-2404-41a5-9853-ea6dc8cd87ad" testListId="8c84fa94-04c1-424b-9868-57a2d4851a1d" />
    <TestEntry testId="04ed4a86-ba0d-f349-f703-22b685131f64" executionId="91eb4267-0fc5-41e1-a3bb-76b452752421" testListId="8c84fa94-04c1-424b-9868-57a2d4851a1d" />
    <TestEntry testId="20f7b20d-6fda-90c5-179b-3395a4df9b7c" executionId="4cae6be5-2d6d-48d9-a43e-faa318200f3d" testListId="8c84fa94-04c1-424b-9868-57a2d4851a1d" />
    <TestEntry testId="d011f96b-d6c9-06f7-3372-df15e577854e" executionId="07edba06-c9ca-4fcb-a5d2-a32be48a9518" testListId="8c84fa94-04c1-424b-9868-57a2d4851a1d" />
    <TestEntry testId="d91762c9-e8c3-9301-162e-078c803712fd" executionId="518e16cd-c0c4-40b9-a140-15d48f515add" testListId="8c84fa94-04c1-424b-9868-57a2d4851a1d" />
    <TestEntry testId="0b67917b-52fb-a452-3f0c-630f8ae99c50" executionId="62c486cc-3d6f-42d4-83a2-fb65b9eaf2ba" testListId="8c84fa94-04c1-424b-9868-57a2d4851a1d" />
    <TestEntry testId="239a4cc1-6051-4648-1a72-a4dea208e744" executionId="7be4f9fd-59ad-4cf9-aeea-0aa8159537e1" testListId="8c84fa94-04c1-424b-9868-57a2d4851a1d" />
    <TestEntry testId="261e6035-42f7-283f-e93e-b518a8a74310" executionId="360f45d3-9d81-45a3-8421-429f4677538f" testListId="8c84fa94-04c1-424b-9868-57a2d4851a1d" />
    <TestEntry testId="bf1816b2-91f9-1cf0-a850-7a59915a1d13" executionId="2efb5a8e-9e10-41b9-9232-a60bf12cddc7" testListId="8c84fa94-04c1-424b-9868-57a2d4851a1d" />
    <TestEntry testId="85d0bba0-b6e6-710e-0b38-be2340b6cfc9" executionId="d6fc437a-6c43-4f37-a9aa-26c2d6387006" testListId="8c84fa94-04c1-424b-9868-57a2d4851a1d" />
    <TestEntry testId="549e360d-ab9b-62ef-01b0-030fc984eb0c" executionId="c5f1bbbd-b4d5-4640-955d-d3a2b81ec708" testListId="8c84fa94-04c1-424b-9868-57a2d4851a1d" />
    <TestEntry testId="69b574fb-ea92-9743-3eea-a9b24f0ad213" executionId="15a4b741-6f15-4ec0-b45b-ad1998653b01" testListId="8c84fa94-04c1-424b-9868-57a2d4851a1d" />
    <TestEntry testId="bdc09174-9d70-e652-ba81-c9f592504617" executionId="5dbe49e4-3e9c-4a50-92f6-294c65a49a54" testListId="8c84fa94-04c1-424b-9868-57a2d4851a1d" />
    <TestEntry testId="1f0fe7c3-6c96-e4f5-5773-3174c2ad66d2" executionId="a4bd3de9-1642-4423-bc0d-2e1aa2f1f726" testListId="8c84fa94-04c1-424b-9868-57a2d4851a1d" />
    <TestEntry testId="900f1247-1180-3eee-0ffc-f108426b3d75" executionId="424e6025-3024-4697-a10e-d0bf080e8e0c" testListId="8c84fa94-04c1-424b-9868-57a2d4851a1d" />
    <TestEntry testId="5db7f4ff-e78e-7e3c-537f-1a7b8a75bb0c" executionId="32d026f4-0ed5-4eef-95ab-ac586bcf0d5d" testListId="8c84fa94-04c1-424b-9868-57a2d4851a1d" />
    <TestEntry testId="c877210f-bb9a-c13c-82b0-695b1245feeb" executionId="9c7ba0f8-b4d6-4d4e-992e-cf21bb2af19e" testListId="8c84fa94-04c1-424b-9868-57a2d4851a1d" />
    <TestEntry testId="d79cfa86-e515-004d-fe4e-214ac35ead55" executionId="7a244c51-e71d-431b-bccd-4fda54d33938" testListId="8c84fa94-04c1-424b-9868-57a2d4851a1d" />
    <TestEntry testId="4daab14e-239d-9692-7fbb-75ab5af4e5fe" executionId="f9733272-38bc-45c7-baf6-f0e1cd50caa6" testListId="8c84fa94-04c1-424b-9868-57a2d4851a1d" />
    <TestEntry testId="269fcbba-1520-c37c-832e-a6063e8324bb" executionId="9559c554-5de5-40d6-a1ab-f0001cde9265" testListId="8c84fa94-04c1-424b-9868-57a2d4851a1d" />
    <TestEntry testId="ab63d831-8e5f-0400-01ad-bd4bb81aa871" executionId="9389a47d-6622-49f1-95dc-3eeea7242413" testListId="8c84fa94-04c1-424b-9868-57a2d4851a1d" />
    <TestEntry testId="4aa54f00-5a60-e1ca-de86-bd0d6c5bb993" executionId="1494581b-93bc-4f3b-b80c-9d6be039932e" testListId="8c84fa94-04c1-424b-9868-57a2d4851a1d" />
    <TestEntry testId="19d5cf7b-2f75-2a41-694f-50c30d11f63c" executionId="ca5ead5a-0f2f-4e18-aa8d-46a0adf99df6" testListId="8c84fa94-04c1-424b-9868-57a2d4851a1d" />
    <TestEntry testId="e8d7076c-1cb3-733b-4522-2a0049ab3d88" executionId="ed2793aa-ad8c-4fd9-9404-408920156abb" testListId="8c84fa94-04c1-424b-9868-57a2d4851a1d" />
    <TestEntry testId="1a0f9073-85e9-ddfd-302a-6b8e7f408be7" executionId="bca45b6e-3ecd-4328-a5c6-69f033a5e519" testListId="8c84fa94-04c1-424b-9868-57a2d4851a1d" />
    <TestEntry testId="3dfa9941-19c4-5af8-c083-d23b4b389829" executionId="d03752bf-43b1-44fa-befc-1f9e2870e6ec" testListId="8c84fa94-04c1-424b-9868-57a2d4851a1d" />
    <TestEntry testId="dd05b666-876a-55fb-e7fc-780febc2a53a" executionId="3de1b441-47ea-494d-b6b6-fbf82bf0af62" testListId="8c84fa94-04c1-424b-9868-57a2d4851a1d" />
    <TestEntry testId="246fef16-9927-64a6-e903-fbc6b513e4a7" executionId="fd448715-84de-4452-bb33-c086421eb94b" testListId="8c84fa94-04c1-424b-9868-57a2d4851a1d" />
    <TestEntry testId="c6a91ea6-2e10-8e99-6511-4f3dfcc58033" executionId="3a23f339-defa-4d84-be0e-10858f15ff57" testListId="8c84fa94-04c1-424b-9868-57a2d4851a1d" />
    <TestEntry testId="6168ca12-341a-f09a-6cdf-6dd1f68c911d" executionId="1ce7b3fe-919e-4e76-9bfa-cd1b884ba9ce" testListId="8c84fa94-04c1-424b-9868-57a2d4851a1d" />
    <TestEntry testId="5a77b1b5-bbb4-8a72-a72e-32591bd8597a" executionId="3934c051-2336-45d8-b88d-d6be522132d9" testListId="8c84fa94-04c1-424b-9868-57a2d4851a1d" />
    <TestEntry testId="ca4a7c7d-ea0c-9793-dbdd-ecdb86ee62d2" executionId="f6224534-34c6-45f5-bbfd-3c0ddb2ffcc9" testListId="8c84fa94-04c1-424b-9868-57a2d4851a1d" />
    <TestEntry testId="aa45be65-ee7b-6980-b008-5b44e798506b" executionId="73019485-bd74-4e48-885b-2339e6a8979c" testListId="8c84fa94-04c1-424b-9868-57a2d4851a1d" />
    <TestEntry testId="e76b4e50-70e5-0b84-1a79-8432276bb6be" executionId="d2db494c-d498-44c1-946e-07d23f2b9190" testListId="8c84fa94-04c1-424b-9868-57a2d4851a1d" />
    <TestEntry testId="136b7217-45c6-b3d8-34fb-6ee727eb66f5" executionId="8eee6519-1fa5-4422-b622-89925311a214" testListId="8c84fa94-04c1-424b-9868-57a2d4851a1d" />
    <TestEntry testId="74223507-0b05-49e9-aad1-655b0b7c8f6e" executionId="692c3c90-e4d9-4e15-aaad-468ab98e6fcb" testListId="8c84fa94-04c1-424b-9868-57a2d4851a1d" />
    <TestEntry testId="5befb21e-f374-5353-37db-f8026e3c1253" executionId="cd9452aa-5f7a-4acf-80cd-4b871e9423bb" testListId="8c84fa94-04c1-424b-9868-57a2d4851a1d" />
    <TestEntry testId="a91693fe-7a60-fb25-8c1a-3c9d5103f720" executionId="dff9ce4c-6e2c-4e70-af27-1e737be0f29b" testListId="8c84fa94-04c1-424b-9868-57a2d4851a1d" />
    <TestEntry testId="0d3d8599-f426-1393-a900-8c97239c2db0" executionId="d3e9e51b-6dfe-4ed1-8761-72d9bbf99dca" testListId="8c84fa94-04c1-424b-9868-57a2d4851a1d" />
    <TestEntry testId="1165a140-06de-3614-5098-865084a74fa6" executionId="afe566b8-0cf3-4667-8644-3bfe63b6dbfa" testListId="8c84fa94-04c1-424b-9868-57a2d4851a1d" />
    <TestEntry testId="85a1665e-7de4-7e52-079a-cc1001b34152" executionId="9374c208-2a13-4c5c-92a1-6ac7af97f073" testListId="8c84fa94-04c1-424b-9868-57a2d4851a1d" />
    <TestEntry testId="ff95ed9b-b21e-cfc2-30db-e8fe216a909d" executionId="fe05ef69-0cd7-46fb-a20a-a5e108ce6e21" testListId="8c84fa94-04c1-424b-9868-57a2d4851a1d" />
    <TestEntry testId="9c588f7d-a367-036e-096a-5d287bfe9650" executionId="718fa30f-f0ee-4435-8399-8e60852214e6" testListId="8c84fa94-04c1-424b-9868-57a2d4851a1d" />
    <TestEntry testId="4d32377c-3003-92bb-8a9b-867e419dcb6a" executionId="b31d85a3-fbae-44fa-a534-a6c12a30022e" testListId="8c84fa94-04c1-424b-9868-57a2d4851a1d" />
    <TestEntry testId="3244b8c7-1294-20bc-2d35-4ae6283e4c3a" executionId="52ff518c-f73f-4864-9dd9-0259d769099c" testListId="8c84fa94-04c1-424b-9868-57a2d4851a1d" />
    <TestEntry testId="7c385ac2-1fdf-ebb2-6450-e82cd794ae73" executionId="8decf550-412b-47b1-bebd-1a2f23be4e7f" testListId="8c84fa94-04c1-424b-9868-57a2d4851a1d" />
    <TestEntry testId="2c3c35ba-d19e-e494-0ed2-32abdacfd200" executionId="651961cd-e111-4220-989c-af4e6a0bac5a" testListId="8c84fa94-04c1-424b-9868-57a2d4851a1d" />
    <TestEntry testId="a774f8ba-9074-00fb-1dda-7e4eac4a4d85" executionId="b18611a7-ddf8-4038-a8a9-2ebe16ae9a1a" testListId="8c84fa94-04c1-424b-9868-57a2d4851a1d" />
    <TestEntry testId="2d15b0d6-fa3e-2b57-b48d-334f6fde3b35" executionId="3d7514fa-d36a-4320-b788-36c2d037dacf" testListId="8c84fa94-04c1-424b-9868-57a2d4851a1d" />
    <TestEntry testId="8f33f9a6-1eb9-ea36-c5af-b36c0c8860de" executionId="e7c4a0a6-32f8-47e0-9c17-c0fb26052403" testListId="8c84fa94-04c1-424b-9868-57a2d4851a1d" />
    <TestEntry testId="2c92fdb3-d95d-1632-c5b9-2a0e8c5892ee" executionId="e97c8c99-8851-4fbf-b561-e1f8f91ab80c" testListId="8c84fa94-04c1-424b-9868-57a2d4851a1d" />
    <TestEntry testId="0de09b0b-f0e0-0518-809a-6a317cadda64" executionId="f37c6626-34e5-4fae-aee8-384a6e12eee8" testListId="8c84fa94-04c1-424b-9868-57a2d4851a1d" />
    <TestEntry testId="bda17d36-b490-5d6a-2ec9-eac27d02fc34" executionId="dd3fa0df-3b9b-483b-890c-7bdefa7772ee" testListId="8c84fa94-04c1-424b-9868-57a2d4851a1d" />
    <TestEntry testId="a68a27ee-ced5-7055-06ba-12f96958b28f" executionId="72f14be3-8ef3-4155-b651-2a3dab349e62" testListId="8c84fa94-04c1-424b-9868-57a2d4851a1d" />
    <TestEntry testId="979280e2-dfe1-0cec-d81f-8909f7e24c33" executionId="e5365947-5475-488f-835a-ed2e1e71739f" testListId="8c84fa94-04c1-424b-9868-57a2d4851a1d" />
    <TestEntry testId="967c7597-5e79-4d07-d160-f7fa685685a7" executionId="ffeeccaa-b0f7-4676-bb92-6a3653b2b710" testListId="8c84fa94-04c1-424b-9868-57a2d4851a1d" />
    <TestEntry testId="f298d898-68fb-30c9-25a2-94ce20f4fdb3" executionId="751420fb-c681-4f1c-bbfa-42aebf1e6353" testListId="8c84fa94-04c1-424b-9868-57a2d4851a1d" />
    <TestEntry testId="c1d38bdc-38f6-c12c-a7df-652ec55b291d" executionId="52e34b1f-5812-4e4b-8975-d97aec6668d1" testListId="8c84fa94-04c1-424b-9868-57a2d4851a1d" />
    <TestEntry testId="42206b57-8aa0-871e-4287-4e3c8a3cc6ec" executionId="320bc72d-82ce-4484-8f0b-861a33cc1cf8" testListId="8c84fa94-04c1-424b-9868-57a2d4851a1d" />
    <TestEntry testId="dafa776a-6a08-1272-aac7-ca70346aa44a" executionId="8a0dd39b-6446-4caa-bfd4-3e005ce32c88" testListId="8c84fa94-04c1-424b-9868-57a2d4851a1d" />
    <TestEntry testId="63cce41a-68ed-6ffe-d9f5-762e73c0e405" executionId="d72b9f3f-be6d-439f-a923-2974adc4992c" testListId="8c84fa94-04c1-424b-9868-57a2d4851a1d" />
    <TestEntry testId="e59d968d-c8e5-f85d-8f4b-30d82d049708" executionId="7d4c1782-3723-4d67-82d1-9ea5fa76017e" testListId="8c84fa94-04c1-424b-9868-57a2d4851a1d" />
    <TestEntry testId="c7356803-78be-38c5-09cd-9fb1bfd0c53f" executionId="64b0be68-656b-4f7e-9830-9f8b127070a6" testListId="8c84fa94-04c1-424b-9868-57a2d4851a1d" />
    <TestEntry testId="9c0e588a-866b-1517-e5d3-e54c7a4a3de2" executionId="ac05b540-9314-4bb1-885e-a317a4dcad17" testListId="8c84fa94-04c1-424b-9868-57a2d4851a1d" />
    <TestEntry testId="1d29fac2-3f2b-d487-db1b-b2d3ad7fc889" executionId="b0580f66-babf-4a21-b3f1-9b8207ea695a" testListId="8c84fa94-04c1-424b-9868-57a2d4851a1d" />
    <TestEntry testId="3a146d29-fbcb-fef0-8b31-74bf7ff2c627" executionId="8f300f73-9cbb-4d99-96dd-6805ff44202b" testListId="8c84fa94-04c1-424b-9868-57a2d4851a1d" />
    <TestEntry testId="92645263-873e-da03-aa06-943df30af433" executionId="81823aef-25ae-4c0f-9e17-74267cf7f474" testListId="8c84fa94-04c1-424b-9868-57a2d4851a1d" />
    <TestEntry testId="775b1060-3e71-f36d-5f04-c2fd4621e8a0" executionId="ecbe18d6-c6ac-4591-94a1-03db4943165a" testListId="8c84fa94-04c1-424b-9868-57a2d4851a1d" />
    <TestEntry testId="a7bf7fe5-0fd3-09c0-db2e-a077e2bb59f1" executionId="04cf2503-82f4-4bae-ab6e-17e13140f299" testListId="8c84fa94-04c1-424b-9868-57a2d4851a1d" />
    <TestEntry testId="7d2712c2-8286-82a7-fc6d-ae7572a28a52" executionId="3878d9af-ad95-444d-8eaa-2bda33a39c19" testListId="8c84fa94-04c1-424b-9868-57a2d4851a1d" />
    <TestEntry testId="c6e23de6-051d-5068-efa9-0842275b05b2" executionId="b79e6eae-ae1e-4f54-8572-08a50a11053e" testListId="8c84fa94-04c1-424b-9868-57a2d4851a1d" />
    <TestEntry testId="947c27dc-3bc9-498f-6db7-a3e9f1a70b13" executionId="09abb3aa-d395-4740-8f43-fd33f29dca61" testListId="8c84fa94-04c1-424b-9868-57a2d4851a1d" />
    <TestEntry testId="2dc6c47b-b5f0-933c-7989-ac5759dd4706" executionId="7016eec1-9878-434d-915a-f945033fbbf0" testListId="8c84fa94-04c1-424b-9868-57a2d4851a1d" />
    <TestEntry testId="37f582a3-c279-4823-271e-d030bf33bbb7" executionId="578e3a48-616c-4730-9a0c-27303b1f3cbb" testListId="8c84fa94-04c1-424b-9868-57a2d4851a1d" />
    <TestEntry testId="93edf270-8e20-a2b4-17e8-86af34f9d544" executionId="18f2959a-2f3f-4b8e-94ed-da031e881263" testListId="8c84fa94-04c1-424b-9868-57a2d4851a1d" />
    <TestEntry testId="83b73832-4937-bb84-c164-437b53d65a63" executionId="e8550a34-436e-4f53-9b7b-08663490dd7e" testListId="8c84fa94-04c1-424b-9868-57a2d4851a1d" />
    <TestEntry testId="2f1a411a-2aa2-b405-2ee0-c232b3e9b9d5" executionId="f32b3426-7284-418b-af35-9de0e6f20f65" testListId="8c84fa94-04c1-424b-9868-57a2d4851a1d" />
    <TestEntry testId="b10574f8-57a7-a56d-69fc-5fa21e09fe6d" executionId="8f26086e-67e3-4712-a98c-46e223d2de99" testListId="8c84fa94-04c1-424b-9868-57a2d4851a1d" />
    <TestEntry testId="2a1dcdd7-96d2-dad7-f34d-9619dff356c8" executionId="e288ce48-2707-4068-977b-fa7109f4eb22" testListId="8c84fa94-04c1-424b-9868-57a2d4851a1d" />
    <TestEntry testId="63363866-031a-a196-cb3f-a58e78fe124a" executionId="924d5c7e-7667-4f45-b143-7a904ac31eef" testListId="8c84fa94-04c1-424b-9868-57a2d4851a1d" />
    <TestEntry testId="8113e2b7-9bbc-43f2-b5f4-05d3d720e278" executionId="a1c88f7c-57d7-40a5-b19f-7fbd1482f4ec" testListId="8c84fa94-04c1-424b-9868-57a2d4851a1d" />
    <TestEntry testId="5c459586-7f42-89d7-f28d-c1bb3f1f4b97" executionId="9e872dbf-494a-4e0f-b683-3a22b7df257a" testListId="8c84fa94-04c1-424b-9868-57a2d4851a1d" />
    <TestEntry testId="8f7835b5-50dd-c6de-2199-d163d47a3c4e" executionId="a66ad726-743b-44c6-8779-7cc2a5b6c103" testListId="8c84fa94-04c1-424b-9868-57a2d4851a1d" />
    <TestEntry testId="c4c73275-60fb-43b0-eee6-93a19927e8fc" executionId="00e4b9f3-ae01-4ae2-a6c3-2d480cd2965c" testListId="8c84fa94-04c1-424b-9868-57a2d4851a1d" />
    <TestEntry testId="01fdf65f-cd83-63dd-690e-00884c9ba25d" executionId="9b63d0fb-19de-44f9-be6b-46e63bc8e105" testListId="8c84fa94-04c1-424b-9868-57a2d4851a1d" />
    <TestEntry testId="87b7e046-4300-6ba7-be8d-14de8ee31c5f" executionId="1b8ac6c9-0812-4d3d-8060-11250e8a812b" testListId="8c84fa94-04c1-424b-9868-57a2d4851a1d" />
    <TestEntry testId="d3be5396-2e22-40ea-fb50-3295c468f33c" executionId="2f998c27-8d3b-412e-9194-a0489567dcf8" testListId="8c84fa94-04c1-424b-9868-57a2d4851a1d" />
    <TestEntry testId="2435f07f-4cdd-eeff-ea35-46385277928d" executionId="85b33ae0-9aac-4992-934f-30a717fb5331" testListId="8c84fa94-04c1-424b-9868-57a2d4851a1d" />
    <TestEntry testId="ab120f5f-70c1-1c2c-37fe-0285fb96cb1f" executionId="35b7e76d-9c5a-4a37-aa39-552c315363f9" testListId="8c84fa94-04c1-424b-9868-57a2d4851a1d" />
    <TestEntry testId="9833abbf-2b3b-4c95-cc5f-ce17c418fcd0" executionId="a6559879-54d8-4486-a2f9-16a802a80af1" testListId="8c84fa94-04c1-424b-9868-57a2d4851a1d" />
    <TestEntry testId="4cdb1a1d-1763-9c6d-9472-d3d70dd3181a" executionId="d4d39991-dc5f-4805-894d-5d79e99f0036" testListId="8c84fa94-04c1-424b-9868-57a2d4851a1d" />
    <TestEntry testId="9c66a10c-5031-a4c7-4640-d32dfe0d1dde" executionId="1a34c1b9-8cff-485d-ad5a-844b6bd6ebe9" testListId="8c84fa94-04c1-424b-9868-57a2d4851a1d" />
    <TestEntry testId="cdb2a1c6-455e-afdc-b339-d53b98cacc5c" executionId="3e7b9935-283b-4d3d-8637-976793199c7d" testListId="8c84fa94-04c1-424b-9868-57a2d4851a1d" />
    <TestEntry testId="27883ffc-bfa0-e8a9-4fbc-9b88539fca09" executionId="752029e6-4dd7-46f3-80ab-efa90d432065" testListId="8c84fa94-04c1-424b-9868-57a2d4851a1d" />
    <TestEntry testId="d5b42656-f37b-3f98-9edc-5bd253352fc2" executionId="5a88bff5-95b1-451e-b8f9-d3933976f1f7" testListId="8c84fa94-04c1-424b-9868-57a2d4851a1d" />
    <TestEntry testId="ebaf8397-8612-cd93-1911-25f8b63dd1af" executionId="26a1d660-3c79-4001-b67f-bcba2dc2635d" testListId="8c84fa94-04c1-424b-9868-57a2d4851a1d" />
    <TestEntry testId="1585bed7-c67c-7046-51d9-aa8f4af66bac" executionId="6d2b584d-fec2-4316-9633-8320a7ea25b3" testListId="8c84fa94-04c1-424b-9868-57a2d4851a1d" />
    <TestEntry testId="3b396502-c22c-6b6b-cd1b-3a2de6a27365" executionId="63d35843-5140-411a-be74-00aca2e4302c" testListId="8c84fa94-04c1-424b-9868-57a2d4851a1d" />
    <TestEntry testId="98cd8faf-e82c-211b-73e0-182caa7ee5d0" executionId="7c72a230-ba1e-419a-8726-d9dfc1baf74d" testListId="8c84fa94-04c1-424b-9868-57a2d4851a1d" />
    <TestEntry testId="76f28705-d77c-bf82-f290-6a4800e495d0" executionId="61e06eaa-89dc-4b06-802d-2235e21afa56" testListId="8c84fa94-04c1-424b-9868-57a2d4851a1d" />
    <TestEntry testId="22ffd28b-ee44-66cc-c370-4d28b25809c6" executionId="d48b644f-0bfe-4502-bb6a-7ff77a3a32f5" testListId="8c84fa94-04c1-424b-9868-57a2d4851a1d" />
    <TestEntry testId="cc3765fc-8658-a464-43ae-5fa3b977b4d0" executionId="b354b9d3-8b9c-42c2-b724-859e95f97329" testListId="8c84fa94-04c1-424b-9868-57a2d4851a1d" />
    <TestEntry testId="ca4780e6-8c58-57b1-c829-fe54506e9793" executionId="f982b94e-7c8b-4b48-bd6d-5a03ccdc9385" testListId="8c84fa94-04c1-424b-9868-57a2d4851a1d" />
    <TestEntry testId="3e10b303-d441-b310-0523-4f1f964c7566" executionId="afd4ab4b-f00e-4c05-b725-0e28c523eaac" testListId="8c84fa94-04c1-424b-9868-57a2d4851a1d" />
    <TestEntry testId="cb027f47-b453-181c-17af-774dbf3d917b" executionId="47751b9d-250d-4631-8c08-1a04c55ea339" testListId="8c84fa94-04c1-424b-9868-57a2d4851a1d" />
    <TestEntry testId="dd6cd978-16c0-3adf-7057-3791731bf47f" executionId="2bfc5d28-6303-4def-935e-433df7490b2b" testListId="8c84fa94-04c1-424b-9868-57a2d4851a1d" />
    <TestEntry testId="d4e0f652-1aa4-f1fd-46bf-006e98a6310b" executionId="86299292-fe7c-49fb-980e-eff2de8de699" testListId="8c84fa94-04c1-424b-9868-57a2d4851a1d" />
    <TestEntry testId="a8634532-96d4-4e33-4b5e-145495f036bc" executionId="b2b51d31-af1e-40c6-9d81-8cae8ca49748" testListId="8c84fa94-04c1-424b-9868-57a2d4851a1d" />
    <TestEntry testId="b7876997-bf06-ed71-c4e7-a75d56d4b58d" executionId="7788e9d7-bc17-4dcc-beb4-6e88f14a35c1" testListId="8c84fa94-04c1-424b-9868-57a2d4851a1d" />
    <TestEntry testId="f36a6d06-62fb-7dca-c729-24e28498b2d7" executionId="9583b6cc-c27b-4b59-a574-a08c4548f6f7" testListId="8c84fa94-04c1-424b-9868-57a2d4851a1d" />
    <TestEntry testId="2c3d4776-5def-fbfc-180a-60513ca0400e" executionId="f4e4a730-8d5a-4fa1-8534-dbe9d6baa122" testListId="8c84fa94-04c1-424b-9868-57a2d4851a1d" />
    <TestEntry testId="a7b1749e-2ad3-548e-4171-dcc39a4ba308" executionId="8e5bc8ca-da26-47d6-92fa-0da7324135f8" testListId="8c84fa94-04c1-424b-9868-57a2d4851a1d" />
    <TestEntry testId="4b6e6498-4329-5b43-2b56-2bc5486e69cc" executionId="c95f5c92-91bc-4f4e-9333-b6e8e61b9286" testListId="8c84fa94-04c1-424b-9868-57a2d4851a1d" />
    <TestEntry testId="7d080014-b88c-9f91-eed5-7f14566db144" executionId="868ebfd8-50d5-4fc1-b309-9deff2823b35" testListId="8c84fa94-04c1-424b-9868-57a2d4851a1d" />
    <TestEntry testId="68f8d884-d469-7c10-83e8-5cafd9c08d5b" executionId="bc878b66-7598-4a47-9b45-3d525920839c" testListId="8c84fa94-04c1-424b-9868-57a2d4851a1d" />
    <TestEntry testId="ff05afd1-484c-69de-a316-bc507787c7c8" executionId="766c31c9-82ff-47b1-a00d-3cdc85f3c0e0" testListId="8c84fa94-04c1-424b-9868-57a2d4851a1d" />
    <TestEntry testId="a779e8fb-6c0d-9d3b-3942-4cfee84facb5" executionId="cca9c85f-c95e-4224-b470-7bd74b401028" testListId="8c84fa94-04c1-424b-9868-57a2d4851a1d" />
    <TestEntry testId="53d9e260-310c-7289-d45b-38f2fd4f0871" executionId="af948c63-2a31-45d0-974a-4b8f97f0edb0" testListId="8c84fa94-04c1-424b-9868-57a2d4851a1d" />
    <TestEntry testId="abd8e945-1cd6-1c43-f5d4-1f844731781d" executionId="c1cb38ad-0594-471d-82cd-b28d9e2f35bc" testListId="8c84fa94-04c1-424b-9868-57a2d4851a1d" />
    <TestEntry testId="3d8b8df4-6a66-e4e9-3346-33a22f2ef410" executionId="e5afea9a-1cfa-43be-9612-be4739049d74" testListId="8c84fa94-04c1-424b-9868-57a2d4851a1d" />
    <TestEntry testId="809b830f-f032-72fe-7382-c6d2ac899d33" executionId="060233f6-748b-4698-9d45-bfd2e6be8887" testListId="8c84fa94-04c1-424b-9868-57a2d4851a1d" />
    <TestEntry testId="5999bd3d-fee4-c596-3611-a7bc16bc4fdd" executionId="f19625f7-e19b-4a01-a6f5-8c5d2a2e521c" testListId="8c84fa94-04c1-424b-9868-57a2d4851a1d" />
    <TestEntry testId="803a38b8-f402-400f-65a3-348044bf14da" executionId="ca47d1c5-be7e-45b2-a54b-769bb92a92e0" testListId="8c84fa94-04c1-424b-9868-57a2d4851a1d" />
    <TestEntry testId="ef7abf20-a090-f30e-1f29-97964e295c62" executionId="cec827ff-1a00-431c-be3e-0e71500b779a" testListId="8c84fa94-04c1-424b-9868-57a2d4851a1d" />
    <TestEntry testId="4065d4aa-647e-7977-71b8-e3fe088d65f6" executionId="5d604331-4f0e-4084-8b15-ac221539e315" testListId="8c84fa94-04c1-424b-9868-57a2d4851a1d" />
    <TestEntry testId="e864bc3b-2488-4a94-3944-8157a5bb958a" executionId="8ab2df7c-c7c3-4aea-971f-04a87c1287a6" testListId="8c84fa94-04c1-424b-9868-57a2d4851a1d" />
    <TestEntry testId="4671f449-0198-2bb5-9d3d-e7e5207a3968" executionId="3821f47e-0c93-40bb-82a1-6d5a943b3f64" testListId="8c84fa94-04c1-424b-9868-57a2d4851a1d" />
    <TestEntry testId="eedd43d6-efa5-b90c-89ed-190e198315e6" executionId="b359e6e6-1e29-4692-ab52-47c0a075bd06" testListId="8c84fa94-04c1-424b-9868-57a2d4851a1d" />
    <TestEntry testId="dc9dca5e-236c-2eb7-8830-55bb297e92d9" executionId="716adda6-7bca-4491-82e0-9eaa7db14452" testListId="8c84fa94-04c1-424b-9868-57a2d4851a1d" />
    <TestEntry testId="9f3a0fc9-3eea-97c3-5cc5-d99512257356" executionId="62c7dfbc-f09e-4e39-8b72-cf28f84701f1" testListId="8c84fa94-04c1-424b-9868-57a2d4851a1d" />
    <TestEntry testId="c7840475-aca4-af75-0ca9-66bc604a8dbe" executionId="ae45264c-f1f2-4251-ab54-c3ffdb9dc4b8" testListId="8c84fa94-04c1-424b-9868-57a2d4851a1d" />
    <TestEntry testId="56429908-a484-10f8-38ca-b17d73119d7d" executionId="7ae82cb0-9efc-442d-b1dd-65e85593f463" testListId="8c84fa94-04c1-424b-9868-57a2d4851a1d" />
    <TestEntry testId="d61978d5-101a-092e-d93c-a7eb57a0d4f9" executionId="1eaaf995-7eee-4c94-8751-337e36461f0d" testListId="8c84fa94-04c1-424b-9868-57a2d4851a1d" />
    <TestEntry testId="5749c604-52df-ef4c-d6f1-907c4b7b515f" executionId="ac09543d-1623-44c2-82b9-a0b212b29d07" testListId="8c84fa94-04c1-424b-9868-57a2d4851a1d" />
    <TestEntry testId="03bbc808-1107-fcc9-1fac-bc3ec3fc1e9f" executionId="8a76a175-bc43-4bde-bf84-78f8202dbc69" testListId="8c84fa94-04c1-424b-9868-57a2d4851a1d" />
    <TestEntry testId="e09a9a0e-f05e-b1ab-94a1-7ba461fbd7f9" executionId="7101dbf2-1b76-447a-a043-09655b8a271e" testListId="8c84fa94-04c1-424b-9868-57a2d4851a1d" />
    <TestEntry testId="603b38d9-650a-3d65-fd10-694412343522" executionId="60dbc2e2-ee1c-4617-9487-900ed7637436" testListId="8c84fa94-04c1-424b-9868-57a2d4851a1d" />
    <TestEntry testId="d15263a9-c9dd-8da6-43bd-cf6d41fc1e3a" executionId="e41ecba0-0106-4c25-9ef6-a955362870b4" testListId="8c84fa94-04c1-424b-9868-57a2d4851a1d" />
    <TestEntry testId="f1a75968-139e-db41-9893-934ca7edc01f" executionId="17d58f48-f489-4b7b-b156-fc447d477185" testListId="8c84fa94-04c1-424b-9868-57a2d4851a1d" />
    <TestEntry testId="52284c88-15e2-e622-5da9-cf51ba9aa844" executionId="f727f191-8e3f-47ba-8f78-f72f28fc5649" testListId="8c84fa94-04c1-424b-9868-57a2d4851a1d" />
    <TestEntry testId="2ec4bb68-9993-76c1-0376-5d281d5240c0" executionId="a7e2b0ac-af9c-43d1-92d6-71b0a1454141" testListId="8c84fa94-04c1-424b-9868-57a2d4851a1d" />
    <TestEntry testId="e8058050-cbb0-edb4-84ec-77371a17e76d" executionId="b362daa5-70d0-41df-926a-bde73d2d140d" testListId="8c84fa94-04c1-424b-9868-57a2d4851a1d" />
    <TestEntry testId="db1ac5c7-4d71-7640-4051-517cc2b3de0c" executionId="2f68f745-cd19-421d-8b08-79554a165e03" testListId="8c84fa94-04c1-424b-9868-57a2d4851a1d" />
    <TestEntry testId="06bd4992-c8ee-1a40-f2c9-75f9e0d2a1aa" executionId="a6714cbc-48f1-4c29-912f-cf5c6e2fdd77" testListId="8c84fa94-04c1-424b-9868-57a2d4851a1d" />
    <TestEntry testId="5f18de16-3031-4e46-e632-27368e418f95" executionId="30b3e63b-f7ac-415a-8292-2e994c935a76" testListId="8c84fa94-04c1-424b-9868-57a2d4851a1d" />
    <TestEntry testId="c97c4c52-e2e0-9997-1b1c-c40b6de0a67a" executionId="746c90e1-9885-4f3f-8dda-59fea3f8c045" testListId="8c84fa94-04c1-424b-9868-57a2d4851a1d" />
    <TestEntry testId="95755321-99fe-3c41-7267-feb0fced4809" executionId="f104d83a-bf2d-452c-9e5c-2a0651e5f865" testListId="8c84fa94-04c1-424b-9868-57a2d4851a1d" />
    <TestEntry testId="2d48fc77-1867-a29b-eb07-2aeec9de2225" executionId="407530f5-6542-4668-ac5b-4bd53633493b" testListId="8c84fa94-04c1-424b-9868-57a2d4851a1d" />
    <TestEntry testId="f7da1efe-0e1f-7417-6453-93b658e98d53" executionId="a5c4e813-e026-4cbf-9031-bd2cb0191d65" testListId="8c84fa94-04c1-424b-9868-57a2d4851a1d" />
    <TestEntry testId="5a903d00-5b08-70e4-0ae1-41f7c132ff27" executionId="a0c61944-614c-479d-a42d-8d8b98d489d4" testListId="8c84fa94-04c1-424b-9868-57a2d4851a1d" />
    <TestEntry testId="a928e41a-a5c8-5840-1107-8bfd65b6750c" executionId="8aa99c75-6912-49a7-9ce8-460f332bb66a" testListId="8c84fa94-04c1-424b-9868-57a2d4851a1d" />
    <TestEntry testId="0f731173-747f-4b49-2f2d-d518fc733b7a" executionId="8aca6397-58ef-4a22-94a7-25a42490a6f0" testListId="8c84fa94-04c1-424b-9868-57a2d4851a1d" />
    <TestEntry testId="a7a3158e-1399-dbdf-e50f-3716ddb1ba8c" executionId="8ad58370-7863-4584-8dca-d54e4d3b38c7" testListId="8c84fa94-04c1-424b-9868-57a2d4851a1d" />
    <TestEntry testId="4eec350c-78eb-2a68-cc2e-22085c8e2c8c" executionId="9fd6729c-f6ea-44e1-8800-27b561e8f396" testListId="8c84fa94-04c1-424b-9868-57a2d4851a1d" />
    <TestEntry testId="42dc1567-508f-1ff2-08a2-17dc86c051e8" executionId="acba527b-ad57-47a2-b5ce-c2a1c42feaa4" testListId="8c84fa94-04c1-424b-9868-57a2d4851a1d" />
    <TestEntry testId="bf8de978-ede0-2334-cd93-70c2c792931f" executionId="38856a47-9f1a-4278-9227-e0a674ed70ec" testListId="8c84fa94-04c1-424b-9868-57a2d4851a1d" />
    <TestEntry testId="a40f32ef-bb76-d332-6d7b-f2a216398660" executionId="915cc080-b40c-4fd8-b902-52d867d99f7f" testListId="8c84fa94-04c1-424b-9868-57a2d4851a1d" />
    <TestEntry testId="50dcaab1-381b-ffdd-0774-bfbc00f359f9" executionId="e1e88dc5-a1b7-4982-9c6a-37e737eb68da" testListId="8c84fa94-04c1-424b-9868-57a2d4851a1d" />
    <TestEntry testId="f0803f19-4aef-0544-7088-6f90fbe83c6b" executionId="09dbad40-39f0-4489-a5cd-287ed295fe01" testListId="8c84fa94-04c1-424b-9868-57a2d4851a1d" />
    <TestEntry testId="0c4f7782-5c4d-f42e-03cc-a2dae624ac6e" executionId="51123bf2-cdc3-4291-a679-9f540f72961e" testListId="8c84fa94-04c1-424b-9868-57a2d4851a1d" />
    <TestEntry testId="ed73f3dd-84f9-ccdb-8bc0-17130004fe1b" executionId="f3b66bc0-597c-4c01-824e-fa0acc094945" testListId="8c84fa94-04c1-424b-9868-57a2d4851a1d" />
    <TestEntry testId="5152246d-f0d9-3769-bfe5-e3d39d51e3bf" executionId="9316c44b-e712-484c-b4cc-20d6206a7cd9" testListId="8c84fa94-04c1-424b-9868-57a2d4851a1d" />
    <TestEntry testId="3eae7343-2bfd-b9ac-3f25-bf1944822f6f" executionId="61999ab9-f9fb-42d0-b457-ae7613d90aaa" testListId="8c84fa94-04c1-424b-9868-57a2d4851a1d" />
    <TestEntry testId="085515b8-4fc1-99b2-eae0-b56b9cad0980" executionId="72155829-cc27-462f-8563-251eed608f7c" testListId="8c84fa94-04c1-424b-9868-57a2d4851a1d" />
    <TestEntry testId="76c96ce4-9c6b-b4bb-96af-ca0f9adb2712" executionId="d7459fa6-b0b8-408b-9088-592c4bc5edb7" testListId="8c84fa94-04c1-424b-9868-57a2d4851a1d" />
    <TestEntry testId="02a94b2b-cd88-000b-7e1d-6fc58b3c673d" executionId="39e29c89-8f78-49d3-9490-2fe4a038e404" testListId="8c84fa94-04c1-424b-9868-57a2d4851a1d" />
    <TestEntry testId="a05ddd0e-e3f2-fb31-c2fd-f1f3b4b30fc1" executionId="8f845a5f-b0df-41a1-8a9f-b5302327f26c" testListId="8c84fa94-04c1-424b-9868-57a2d4851a1d" />
    <TestEntry testId="68fca5a0-0889-490e-ec2f-406de7ad763a" executionId="650dd296-9071-46f8-a2ba-66a1dce0979b" testListId="8c84fa94-04c1-424b-9868-57a2d4851a1d" />
    <TestEntry testId="c4bc0f3a-eeff-3d15-3eac-b16332605c4c" executionId="b44e0edc-f7fa-45be-b6b0-01165a0f047e" testListId="8c84fa94-04c1-424b-9868-57a2d4851a1d" />
    <TestEntry testId="76863e49-5dff-990d-7038-a9b0865a8589" executionId="53bf0776-ddd0-4d85-88d8-280b7bee2432" testListId="8c84fa94-04c1-424b-9868-57a2d4851a1d" />
    <TestEntry testId="9abb3739-6b0d-7f8e-6b46-0210e9a0d235" executionId="8f9bdaa9-9e50-4405-b2b2-448963ce7cf9" testListId="8c84fa94-04c1-424b-9868-57a2d4851a1d" />
    <TestEntry testId="300a05eb-8716-d1e6-2195-bbd82e0c4f9b" executionId="75d32fee-349c-492c-b1d6-40e76cd88ce8" testListId="8c84fa94-04c1-424b-9868-57a2d4851a1d" />
    <TestEntry testId="9c77e674-1e21-ff83-b112-8e3149d27b83" executionId="15d9f22a-0130-476d-9ace-b15e66170a4d" testListId="8c84fa94-04c1-424b-9868-57a2d4851a1d" />
    <TestEntry testId="809e3c71-6273-6b66-fb1e-4defb84e10e0" executionId="4fab918b-5188-4e66-b6aa-60a8f807dca6" testListId="8c84fa94-04c1-424b-9868-57a2d4851a1d" />
    <TestEntry testId="b951eadc-9c68-489f-5265-7dd5da8c5458" executionId="cd4cb8c4-70ca-4155-9cb3-794baa2aa9f8" testListId="8c84fa94-04c1-424b-9868-57a2d4851a1d" />
    <TestEntry testId="cf3ffd15-e77d-0064-8da1-70abe47d1342" executionId="7558fc88-326b-414c-828d-2a5e6e3a3346" testListId="8c84fa94-04c1-424b-9868-57a2d4851a1d" />
    <TestEntry testId="436baaef-6812-fc4c-4b87-6c9a6f9e3e55" executionId="123e9963-527a-46d7-9813-1d648539c85a" testListId="8c84fa94-04c1-424b-9868-57a2d4851a1d" />
    <TestEntry testId="d141c1f4-2ff8-7341-a2af-364fb6299829" executionId="36993d3e-a895-49aa-8ccd-359a54ab534d" testListId="8c84fa94-04c1-424b-9868-57a2d4851a1d" />
    <TestEntry testId="9ca02d05-5169-149e-ecab-3b9b289b72d5" executionId="dc66c816-49dc-4f8a-8218-f7ed7fb978dc" testListId="8c84fa94-04c1-424b-9868-57a2d4851a1d" />
    <TestEntry testId="5923c05c-0f73-b670-436e-b35343d0427b" executionId="72c83261-9f4a-4653-ad64-5eee50fbf88e" testListId="8c84fa94-04c1-424b-9868-57a2d4851a1d" />
    <TestEntry testId="9191e86e-6282-7313-7613-da1e1fef327e" executionId="1f0ecd4f-4118-4152-9a36-a40b306836ed" testListId="8c84fa94-04c1-424b-9868-57a2d4851a1d" />
    <TestEntry testId="de1a8f86-5c1b-b7d6-9ef4-2f917a94a294" executionId="f7a8766c-f14a-47e3-a57b-8581d6421f5d" testListId="8c84fa94-04c1-424b-9868-57a2d4851a1d" />
    <TestEntry testId="fef1bbd3-bec0-195c-f4d4-bbae6f5abedb" executionId="e8395beb-af4f-4f27-91d1-50ace08342b3" testListId="8c84fa94-04c1-424b-9868-57a2d4851a1d" />
    <TestEntry testId="a4a3bfc2-ce2c-55ab-e6c7-e1c25caaf60b" executionId="94e99b4c-fe7c-4da1-bcca-77943f397297" testListId="8c84fa94-04c1-424b-9868-57a2d4851a1d" />
    <TestEntry testId="d5b8733f-7ffb-19e9-63c1-4570e58b1a99" executionId="15817135-e3f1-429a-ba8c-a07cfcd37dbc" testListId="8c84fa94-04c1-424b-9868-57a2d4851a1d" />
    <TestEntry testId="d6143222-8a1b-29ba-ebfb-222b6c27b152" executionId="fd049365-2b60-4754-bb45-3234af530c00" testListId="8c84fa94-04c1-424b-9868-57a2d4851a1d" />
    <TestEntry testId="5757d75c-5377-8df3-a3a7-30a9777d143b" executionId="b9d95989-6239-4e17-a1c6-49690bbbb077" testListId="8c84fa94-04c1-424b-9868-57a2d4851a1d" />
    <TestEntry testId="9e010064-1282-f730-0e21-1a9c045272eb" executionId="b505e887-f107-4347-9605-08ec169d30fd" testListId="8c84fa94-04c1-424b-9868-57a2d4851a1d" />
    <TestEntry testId="5978b633-9011-54a2-21cc-a2b29dbbebca" executionId="4f664413-8da6-451d-8457-51fffb7a1d90" testListId="8c84fa94-04c1-424b-9868-57a2d4851a1d" />
    <TestEntry testId="fab9cf34-c985-2e8e-6005-8cc650dd7227" executionId="dc666502-1cea-4f17-922b-1aa27022ded0" testListId="8c84fa94-04c1-424b-9868-57a2d4851a1d" />
    <TestEntry testId="715923f7-f881-74c1-66a2-e6f91fe6f3c7" executionId="eba043e6-54dc-4f2a-b281-f2999d688225" testListId="8c84fa94-04c1-424b-9868-57a2d4851a1d" />
    <TestEntry testId="88e9ac16-5b29-b780-b558-9573ebf5b489" executionId="347b6d04-d26f-4df8-a058-ae9f7b0cee82" testListId="8c84fa94-04c1-424b-9868-57a2d4851a1d" />
    <TestEntry testId="c5a7611f-847e-26d1-53fe-736703c875f6" executionId="8a24db49-2660-4592-9ef3-ced56d8b46ed" testListId="8c84fa94-04c1-424b-9868-57a2d4851a1d" />
    <TestEntry testId="273c2632-e8a7-4a3f-093e-3b4b8e141ef8" executionId="1169abcb-3342-40ee-8f68-e261964d1cab" testListId="8c84fa94-04c1-424b-9868-57a2d4851a1d" />
    <TestEntry testId="a2a7734b-7826-2e52-b732-ff373605efea" executionId="4db42b0e-a19d-45d5-a33e-c48cee66362a" testListId="8c84fa94-04c1-424b-9868-57a2d4851a1d" />
    <TestEntry testId="f11a9af6-85d6-781d-ccbd-c54d5d82bacf" executionId="f43dd0a4-81bd-41c1-bcbb-0d00207cd67b" testListId="8c84fa94-04c1-424b-9868-57a2d4851a1d" />
    <TestEntry testId="aef92e61-6107-1b9f-7603-daa021c2c030" executionId="8817db69-24b3-4194-b9c7-6421d53c0e74" testListId="8c84fa94-04c1-424b-9868-57a2d4851a1d" />
    <TestEntry testId="2cec1e41-be18-3fa0-9996-473f9652882f" executionId="3444a0cf-5d8c-41e2-886a-9c0feeb8be86" testListId="8c84fa94-04c1-424b-9868-57a2d4851a1d" />
    <TestEntry testId="639796f8-538b-fbb8-1899-7a0106856fc7" executionId="984b6ad9-562d-43fb-bfab-012599725932" testListId="8c84fa94-04c1-424b-9868-57a2d4851a1d" />
    <TestEntry testId="bfbb79be-1fcf-163a-7e39-8393a3a71050" executionId="a7837692-e18e-474c-892c-7d26c3853f0d" testListId="8c84fa94-04c1-424b-9868-57a2d4851a1d" />
    <TestEntry testId="d3b4820e-3f6b-fc6c-04b8-e7cf49b0bad8" executionId="c39712d9-2581-43b4-81d4-e6ec2268b308" testListId="8c84fa94-04c1-424b-9868-57a2d4851a1d" />
    <TestEntry testId="4854f432-ed08-b528-1fc8-b51b93105d76" executionId="93ac8c2d-d542-4f0b-89f3-d93e72a3651a" testListId="8c84fa94-04c1-424b-9868-57a2d4851a1d" />
    <TestEntry testId="fcbd2e73-61cc-55ae-168b-985e355ba11c" executionId="5d152cc5-0cd9-4c06-9bd0-b0281d37ddcb" testListId="8c84fa94-04c1-424b-9868-57a2d4851a1d" />
    <TestEntry testId="fd81db88-72a7-84e2-4288-c872b2f15c55" executionId="4c7d790c-4cf4-415b-8b1a-fc07f735b9e8" testListId="8c84fa94-04c1-424b-9868-57a2d4851a1d" />
    <TestEntry testId="ffc1e6de-c7e5-39de-fa7e-18eabd193809" executionId="c86722d4-adca-4148-b83f-06ca54bc285e" testListId="8c84fa94-04c1-424b-9868-57a2d4851a1d" />
    <TestEntry testId="d4f2af6d-af5d-0e11-cead-324b41b39853" executionId="ff0acbc6-f6cd-48dd-ab1f-7ab637b7136b" testListId="8c84fa94-04c1-424b-9868-57a2d4851a1d" />
    <TestEntry testId="be0934fb-3e5b-c412-9765-2aa4cc2f45a7" executionId="359f1399-876f-470f-a3ce-e440be1c7721" testListId="8c84fa94-04c1-424b-9868-57a2d4851a1d" />
    <TestEntry testId="6adeca65-1d67-3030-b131-cc9b902991d4" executionId="254872e9-634e-41b5-aaba-86576fc30f05" testListId="8c84fa94-04c1-424b-9868-57a2d4851a1d" />
    <TestEntry testId="4df15bfd-b375-822c-a8df-fcfde52ebf51" executionId="453c4d08-d875-4baa-b4c5-38d1747ac8d5" testListId="8c84fa94-04c1-424b-9868-57a2d4851a1d" />
    <TestEntry testId="7bb5033b-053d-57a5-c00e-279f476a8835" executionId="3433cb50-9fca-4a54-bdc7-9d9482c4c40b" testListId="8c84fa94-04c1-424b-9868-57a2d4851a1d" />
    <TestEntry testId="c22f41fe-1a51-d644-5cab-111d373cdaae" executionId="d7c77505-65fb-47b0-8ee8-c80ddd62283f" testListId="8c84fa94-04c1-424b-9868-57a2d4851a1d" />
    <TestEntry testId="852f061a-eb76-627b-f7c5-de08154576e3" executionId="6a1e3be5-49e6-4e91-9f8f-e0ba5e223be4" testListId="8c84fa94-04c1-424b-9868-57a2d4851a1d" />
  </TestEntries>
  <TestLists>
    <TestList name="Results Not in a List" id="8c84fa94-04c1-424b-9868-57a2d4851a1d" />
    <TestList name="All Loaded Results" id="19431567-8539-422a-85d7-44ee4e166bda" />
  </TestLists>
  <ResultSummary outcome="Failed">
    <Counters total="567" executed="567" passed="477" failed="90" error="0" timeout="0" aborted="0" inconclusive="0" passedButRunAborted="0" notRunnable="0" notExecuted="0" disconnected="0" warning="0" completed="0" inProgress="0" pending="0" />
    <Output>
      <StdOut>[xUnit.net 00:00:00.00] xUnit.net VSTest Adapter v2.8.2+699d445a1a (64-bit .NET 9.0.6)
[xUnit.net 00:00:00.19]   Discovering: Aula.Tests
[xUnit.net 00:00:00.35]   Discovered:  Aula.Tests
[xUnit.net 00:00:00.35]   Starting:    Aula.Tests
[xUnit.net 00:00:00.73]       Assert.Equal() Failure: Strings differ
[xUnit.net 00:00:00.73]                  ↓ (pos 0)
[xUnit.net 00:00:00.73]       Expected: "apiKey"
[xUnit.net 00:00:00.73]       Actual:   "constructorArguments"
[xUnit.net 00:00:00.73]                  ↑ (pos 0)
[xUnit.net 00:00:00.73]       Stack Trace:
[xUnit.net 00:00:00.74]         /mnt/d/git/aula/src/Aula.Tests/Services/OpenAiServiceIntegrationTests.cs(41,0): at Aula.Tests.Services.OpenAiServiceIntegrationTests.Constructor_WithNullApiKey_ThrowsArgumentException()
[xUnit.net 00:00:00.74]            at System.RuntimeMethodHandle.InvokeMethod(Object target, Void** arguments, Signature sig, Boolean isConstructor)
[xUnit.net 00:00:00.74]            at System.Reflection.MethodBaseInvoker.InvokeWithNoArgs(Object obj, BindingFlags invokeAttr)
[xUnit.net 00:00:00.75]       System.ArgumentException : Can not instantiate proxy of class: Aula.Tools.AiToolsManager.
[xUnit.net 00:00:00.75]       Could not find a parameterless constructor. (Parameter 'constructorArguments')
[xUnit.net 00:00:00.75]       ---- System.MissingMethodException : Constructor on type 'Castle.Proxies.AiToolsManagerProxy' not found.
[xUnit.net 00:00:00.75]       Stack Trace:
[xUnit.net 00:00:00.75]            at Castle.DynamicProxy.ProxyGenerator.CreateClassProxyInstance(Type proxyType, List`1 proxyArguments, Type classToProxy, Object[] constructorArguments)
[xUnit.net 00:00:00.75]            at Castle.DynamicProxy.ProxyGenerator.CreateClassProxy(Type classToProxy, Type[] additionalInterfacesToProxy, ProxyGenerationOptions options, Object[] constructorArguments, IInterceptor[] interceptors)
[xUnit.net 00:00:00.75]         /_/src/Moq/Interception/CastleProxyFactory.cs(62,0): at Moq.CastleProxyFactory.CreateProxy(Type mockType, IInterceptor interceptor, Type[] interfaces, Object[] arguments)
[xUnit.net 00:00:00.75]         /_/src/Moq/Mock`1.cs(309,0): at Moq.Mock`1.InitializeInstance()
[xUnit.net 00:00:00.75]         /_/src/Moq/Mock`1.cs(323,0): at Moq.Mock`1.OnGetObject()
[xUnit.net 00:00:00.75]         /_/src/Moq/Mock.cs(181,0): at Moq.Mock.get_Object()
[xUnit.net 00:00:00.75]         /_/src/Moq/Mock`1.cs(281,0): at Moq.Mock`1.get_Object()
[xUnit.net 00:00:00.75]         /mnt/d/git/aula/src/Aula.Tests/Services/OpenAiServiceIntegrationTests.cs(79,0): at Aula.Tests.Services.OpenAiServiceIntegrationTests.Constructor_WithCustomModel_UsesSpecifiedModel()
[xUnit.net 00:00:00.75]            at System.RuntimeMethodHandle.InvokeMethod(Object target, Void** arguments, Signature sig, Boolean isConstructor)
[xUnit.net 00:00:00.75]            at System.Reflection.MethodBaseInvoker.InvokeWithNoArgs(Object obj, BindingFlags invokeAttr)
[xUnit.net 00:00:00.75]         ----- Inner Stack Trace -----
[xUnit.net 00:00:00.75]            at System.RuntimeType.CreateInstanceImpl(BindingFlags bindingAttr, Binder binder, Object[] args, CultureInfo culture)
[xUnit.net 00:00:00.75]            at Castle.DynamicProxy.ProxyGenerator.CreateClassProxyInstance(Type proxyType, List`1 proxyArguments, Type classToProxy, Object[] constructorArguments)
[xUnit.net 00:00:00.75]       System.ArgumentException : Can not instantiate proxy of class: Aula.Tools.AiToolsManager.
[xUnit.net 00:00:00.75]       Could not find a parameterless constructor. (Parameter 'constructorArguments')
[xUnit.net 00:00:00.75]       ---- System.MissingMethodException : Constructor on type 'Castle.Proxies.AiToolsManagerProxy' not found.
[xUnit.net 00:00:00.75]       Stack Trace:
[xUnit.net 00:00:00.75]            at Castle.DynamicProxy.ProxyGenerator.CreateClassProxyInstance(Type proxyType, List`1 proxyArguments, Type classToProxy, Object[] constructorArguments)
[xUnit.net 00:00:00.75]            at Castle.DynamicProxy.ProxyGenerator.CreateClassProxy(Type classToProxy, Type[] additionalInterfacesToProxy, ProxyGenerationOptions options, Object[] constructorArguments, IInterceptor[] interceptors)
[xUnit.net 00:00:00.75]         /_/src/Moq/Interception/CastleProxyFactory.cs(62,0): at Moq.CastleProxyFactory.CreateProxy(Type mockType, IInterceptor interceptor, Type[] interfaces, Object[] arguments)
[xUnit.net 00:00:00.75]         /_/src/Moq/Mock`1.cs(309,0): at Moq.Mock`1.InitializeInstance()
[xUnit.net 00:00:00.75]         /_/src/Moq/Mock`1.cs(323,0): at Moq.Mock`1.OnGetObject()
[xUnit.net 00:00:00.75]         /_/src/Moq/Mock.cs(181,0): at Moq.Mock.get_Object()
[xUnit.net 00:00:00.75]         /_/src/Moq/Mock`1.cs(281,0): at Moq.Mock`1.get_Object()
[xUnit.net 00:00:00.75]         /mnt/d/git/aula/src/Aula.Tests/Services/OpenAiServiceIntegrationTests.cs(152,0): at Aula.Tests.Services.OpenAiServiceIntegrationTests.AskQuestionAboutChildrenAsync_WithNullChildrenWeekLetters_ThrowsArgumentNullException(ChatInterface chatInterface)
[xUnit.net 00:00:00.75]         --- End of stack trace from previous location ---
[xUnit.net 00:00:00.75]         ----- Inner Stack Trace -----
[xUnit.net 00:00:00.75]            at System.RuntimeType.CreateInstanceImpl(BindingFlags bindingAttr, Binder binder, Object[] args, CultureInfo culture)
[xUnit.net 00:00:00.75]            at Castle.DynamicProxy.ProxyGenerator.CreateClassProxyInstance(Type proxyType, List`1 proxyArguments, Type classToProxy, Object[] constructorArguments)
[xUnit.net 00:00:00.75]       System.ArgumentException : Can not instantiate proxy of class: Aula.Tools.AiToolsManager.
[xUnit.net 00:00:00.75]       Could not find a parameterless constructor. (Parameter 'constructorArguments')
[xUnit.net 00:00:00.75]       ---- System.MissingMethodException : Constructor on type 'Castle.Proxies.AiToolsManagerProxy' not found.
[xUnit.net 00:00:00.75]       Stack Trace:
[xUnit.net 00:00:00.75]            at Castle.DynamicProxy.ProxyGenerator.CreateClassProxyInstance(Type proxyType, List`1 proxyArguments, Type classToProxy, Object[] constructorArguments)
[xUnit.net 00:00:00.75]            at Castle.DynamicProxy.ProxyGenerator.CreateClassProxy(Type classToProxy, Type[] additionalInterfacesToProxy, ProxyGenerationOptions options, Object[] constructorArguments, IInterceptor[] interceptors)
[xUnit.net 00:00:00.75]         /_/src/Moq/Interception/CastleProxyFactory.cs(62,0): at Moq.CastleProxyFactory.CreateProxy(Type mockType, IInterceptor interceptor, Type[] interfaces, Object[] arguments)
[xUnit.net 00:00:00.75]         /_/src/Moq/Mock`1.cs(309,0): at Moq.Mock`1.InitializeInstance()
[xUnit.net 00:00:00.75]         /_/src/Moq/Mock`1.cs(323,0): at Moq.Mock`1.OnGetObject()
[xUnit.net 00:00:00.75]         /_/src/Moq/Mock.cs(181,0): at Moq.Mock.get_Object()
[xUnit.net 00:00:00.75]         /_/src/Moq/Mock`1.cs(281,0): at Moq.Mock`1.get_Object()
[xUnit.net 00:00:00.75]         /mnt/d/git/aula/src/Aula.Tests/Services/OpenAiServiceIntegrationTests.cs(152,0): at Aula.Tests.Services.OpenAiServiceIntegrationTests.AskQuestionAboutChildrenAsync_WithNullChildrenWeekLetters_ThrowsArgumentNullException(ChatInterface chatInterface)
[xUnit.net 00:00:00.75]         --- End of stack trace from previous location ---
[xUnit.net 00:00:00.75]         ----- Inner Stack Trace -----
[xUnit.net 00:00:00.75]            at System.RuntimeType.CreateInstanceImpl(BindingFlags bindingAttr, Binder binder, Object[] args, CultureInfo culture)
[xUnit.net 00:00:00.75]            at Castle.DynamicProxy.ProxyGenerator.CreateClassProxyInstance(Type proxyType, List`1 proxyArguments, Type classToProxy, Object[] constructorArguments)
[xUnit.net 00:00:00.75]       Assert.Equal() Failure: Strings differ
[xUnit.net 00:00:00.75]                  ↓ (pos 0)
[xUnit.net 00:00:00.75]       Expected: "apiKey"
[xUnit.net 00:00:00.75]       Actual:   "constructorArguments"
[xUnit.net 00:00:00.75]                  ↑ (pos 0)
[xUnit.net 00:00:00.75]       Stack Trace:
[xUnit.net 00:00:00.75]         /mnt/d/git/aula/src/Aula.Tests/Services/OpenAiServiceIntegrationTests.cs(57,0): at Aula.Tests.Services.OpenAiServiceIntegrationTests.Constructor_WithWhitespaceApiKey_ThrowsArgumentException()
[xUnit.net 00:00:00.75]            at System.RuntimeMethodHandle.InvokeMethod(Object target, Void** arguments, Signature sig, Boolean isConstructor)
[xUnit.net 00:00:00.75]            at System.Reflection.MethodBaseInvoker.InvokeWithNoArgs(Object obj, BindingFlags invokeAttr)
[xUnit.net 00:00:00.76]       System.ArgumentException : Can not instantiate proxy of class: Aula.Tools.AiToolsManager.
[xUnit.net 00:00:00.76]       Could not find a parameterless constructor. (Parameter 'constructorArguments')
[xUnit.net 00:00:00.76]       ---- System.MissingMethodException : Constructor on type 'Castle.Proxies.AiToolsManagerProxy' not found.
[xUnit.net 00:00:00.76]       Stack Trace:
[xUnit.net 00:00:00.76]            at Castle.DynamicProxy.ProxyGenerator.CreateClassProxyInstance(Type proxyType, List`1 proxyArguments, Type classToProxy, Object[] constructorArguments)
[xUnit.net 00:00:00.76]            at Castle.DynamicProxy.ProxyGenerator.CreateClassProxy(Type classToProxy, Type[] additionalInterfacesToProxy, ProxyGenerationOptions options, Object[] constructorArguments, IInterceptor[] interceptors)
[xUnit.net 00:00:00.76]         /_/src/Moq/Interception/CastleProxyFactory.cs(62,0): at Moq.CastleProxyFactory.CreateProxy(Type mockType, IInterceptor interceptor, Type[] interfaces, Object[] arguments)
[xUnit.net 00:00:00.76]         /_/src/Moq/Mock`1.cs(309,0): at Moq.Mock`1.InitializeInstance()
[xUnit.net 00:00:00.76]         /_/src/Moq/Mock`1.cs(323,0): at Moq.Mock`1.OnGetObject()
[xUnit.net 00:00:00.76]         /_/src/Moq/Mock.cs(181,0): at Moq.Mock.get_Object()
[xUnit.net 00:00:00.76]         /_/src/Moq/Mock`1.cs(281,0): at Moq.Mock`1.get_Object()
[xUnit.net 00:00:00.76]         /mnt/d/git/aula/src/Aula.Tests/Services/OpenAiServiceIntegrationTests.cs(86,0): at Aula.Tests.Services.OpenAiServiceIntegrationTests.ClearConversationHistory_WithoutContextKey_DoesNotThrow()
[xUnit.net 00:00:00.76]            at System.RuntimeMethodHandle.InvokeMethod(Object target, Void** arguments, Signature sig, Boolean isConstructor)
[xUnit.net 00:00:00.76]            at System.Reflection.MethodBaseInvoker.InvokeWithNoArgs(Object obj, BindingFlags invokeAttr)
[xUnit.net 00:00:00.76]         ----- Inner Stack Trace -----
[xUnit.net 00:00:00.76]            at System.RuntimeType.CreateInstanceImpl(BindingFlags bindingAttr, Binder binder, Object[] args, CultureInfo culture)
[xUnit.net 00:00:00.76]            at Castle.DynamicProxy.ProxyGenerator.CreateClassProxyInstance(Type proxyType, List`1 proxyArguments, Type classToProxy, Object[] constructorArguments)
[xUnit.net 00:00:00.76]       System.ArgumentException : Can not instantiate proxy of class: Aula.Tools.AiToolsManager.
[xUnit.net 00:00:00.76]       Could not find a parameterless constructor. (Parameter 'constructorArguments')
[xUnit.net 00:00:00.76]       ---- System.MissingMethodException : Constructor on type 'Castle.Proxies.AiToolsManagerProxy' not found.
[xUnit.net 00:00:00.76]       Stack Trace:
[xUnit.net 00:00:00.76]            at Castle.DynamicProxy.ProxyGenerator.CreateClassProxyInstance(Type proxyType, List`1 proxyArguments, Type classToProxy, Object[] constructorArguments)
[xUnit.net 00:00:00.76]            at Castle.DynamicProxy.ProxyGenerator.CreateClassProxy(Type classToProxy, Type[] additionalInterfacesToProxy, ProxyGenerationOptions options, Object[] constructorArguments, IInterceptor[] interceptors)
[xUnit.net 00:00:00.76]         /_/src/Moq/Interception/CastleProxyFactory.cs(62,0): at Moq.CastleProxyFactory.CreateProxy(Type mockType, IInterceptor interceptor, Type[] interfaces, Object[] arguments)
[xUnit.net 00:00:00.76]         /_/src/Moq/Mock`1.cs(309,0): at Moq.Mock`1.InitializeInstance()
[xUnit.net 00:00:00.76]         /_/src/Moq/Mock`1.cs(323,0): at Moq.Mock`1.OnGetObject()
[xUnit.net 00:00:00.76]         /_/src/Moq/Mock.cs(181,0): at Moq.Mock.get_Object()
[xUnit.net 00:00:00.76]         /_/src/Moq/Mock`1.cs(281,0): at Moq.Mock`1.get_Object()
[xUnit.net 00:00:00.76]         /mnt/d/git/aula/src/Aula.Tests/Services/OpenAiServiceIntegrationTests.cs(141,0): at Aula.Tests.Services.OpenAiServiceIntegrationTests.ExtractKeyInformationAsync_WithNullWeekLetter_ThrowsArgumentNullException(ChatInterface chatInterface)
[xUnit.net 00:00:00.76]         --- End of stack trace from previous location ---
[xUnit.net 00:00:00.76]         ----- Inner Stack Trace -----
[xUnit.net 00:00:00.76]            at System.RuntimeType.CreateInstanceImpl(BindingFlags bindingAttr, Binder binder, Object[] args, CultureInfo culture)
[xUnit.net 00:00:00.76]            at Castle.DynamicProxy.ProxyGenerator.CreateClassProxyInstance(Type proxyType, List`1 proxyArguments, Type classToProxy, Object[] constructorArguments)
[xUnit.net 00:00:00.76]       System.ArgumentException : Can not instantiate proxy of class: Aula.Tools.AiToolsManager.
[xUnit.net 00:00:00.76]       Could not find a parameterless constructor. (Parameter 'constructorArguments')
[xUnit.net 00:00:00.76]       ---- System.MissingMethodException : Constructor on type 'Castle.Proxies.AiToolsManagerProxy' not found.
[xUnit.net 00:00:00.76]       Stack Trace:
[xUnit.net 00:00:00.76]            at Castle.DynamicProxy.ProxyGenerator.CreateClassProxyInstance(Type proxyType, List`1 proxyArguments, Type classToProxy, Object[] constructorArguments)
[xUnit.net 00:00:00.76]            at Castle.DynamicProxy.ProxyGenerator.CreateClassProxy(Type classToProxy, Type[] additionalInterfacesToProxy, ProxyGenerationOptions options, Object[] constructorArguments, IInterceptor[] interceptors)
[xUnit.net 00:00:00.76]         /_/src/Moq/Interception/CastleProxyFactory.cs(62,0): at Moq.CastleProxyFactory.CreateProxy(Type mockType, IInterceptor interceptor, Type[] interfaces, Object[] arguments)
[xUnit.net 00:00:00.76]         /_/src/Moq/Mock`1.cs(309,0): at Moq.Mock`1.InitializeInstance()
[xUnit.net 00:00:00.76]         /_/src/Moq/Mock`1.cs(323,0): at Moq.Mock`1.OnGetObject()
[xUnit.net 00:00:00.76]         /_/src/Moq/Mock.cs(181,0): at Moq.Mock.get_Object()
[xUnit.net 00:00:00.76]         /_/src/Moq/Mock`1.cs(281,0): at Moq.Mock`1.get_Object()
[xUnit.net 00:00:00.76]         /mnt/d/git/aula/src/Aula.Tests/Services/OpenAiServiceIntegrationTests.cs(141,0): at Aula.Tests.Services.OpenAiServiceIntegrationTests.ExtractKeyInformationAsync_WithNullWeekLetter_ThrowsArgumentNullException(ChatInterface chatInterface)
[xUnit.net 00:00:00.76]         --- End of stack trace from previous location ---
[xUnit.net 00:00:00.76]         ----- Inner Stack Trace -----
[xUnit.net 00:00:00.76]            at System.RuntimeType.CreateInstanceImpl(BindingFlags bindingAttr, Binder binder, Object[] args, CultureInfo culture)
[xUnit.net 00:00:00.76]            at Castle.DynamicProxy.ProxyGenerator.CreateClassProxyInstance(Type proxyType, List`1 proxyArguments, Type classToProxy, Object[] constructorArguments)
[xUnit.net 00:00:00.77]       System.ArgumentException : Can not instantiate proxy of class: Aula.Tools.AiToolsManager.
[xUnit.net 00:00:00.77]       Could not find a parameterless constructor. (Parameter 'constructorArguments')
[xUnit.net 00:00:00.77]       ---- System.MissingMethodException : Constructor on type 'Castle.Proxies.AiToolsManagerProxy' not found.
[xUnit.net 00:00:00.77]       Stack Trace:
[xUnit.net 00:00:00.77]            at Castle.DynamicProxy.ProxyGenerator.CreateClassProxyInstance(Type proxyType, List`1 proxyArguments, Type classToProxy, Object[] constructorArguments)
[xUnit.net 00:00:00.77]            at Castle.DynamicProxy.ProxyGenerator.CreateClassProxy(Type classToProxy, Type[] additionalInterfacesToProxy, ProxyGenerationOptions options, Object[] constructorArguments, IInterceptor[] interceptors)
[xUnit.net 00:00:00.77]         /_/src/Moq/Interception/CastleProxyFactory.cs(62,0): at Moq.CastleProxyFactory.CreateProxy(Type mockType, IInterceptor interceptor, Type[] interfaces, Object[] arguments)
[xUnit.net 00:00:00.77]         /_/src/Moq/Mock`1.cs(309,0): at Moq.Mock`1.InitializeInstance()
[xUnit.net 00:00:00.77]         /_/src/Moq/Mock`1.cs(323,0): at Moq.Mock`1.OnGetObject()
[xUnit.net 00:00:00.77]         /_/src/Moq/Mock.cs(181,0): at Moq.Mock.get_Object()
[xUnit.net 00:00:00.77]         /_/src/Moq/Mock`1.cs(281,0): at Moq.Mock`1.get_Object()
[xUnit.net 00:00:00.77]         /mnt/d/git/aula/src/Aula.Tests/Services/OpenAiServiceIntegrationTests.cs(164,0): at Aula.Tests.Services.OpenAiServiceIntegrationTests.ProcessQueryWithToolsAsync_WithInvalidQuery_ThrowsArgumentException(String query)
[xUnit.net 00:00:00.77]         --- End of stack trace from previous location ---
[xUnit.net 00:00:00.77]         ----- Inner Stack Trace -----
[xUnit.net 00:00:00.77]            at System.RuntimeType.CreateInstanceImpl(BindingFlags bindingAttr, Binder binder, Object[] args, CultureInfo culture)
[xUnit.net 00:00:00.77]            at Castle.DynamicProxy.ProxyGenerator.CreateClassProxyInstance(Type proxyType, List`1 proxyArguments, Type classToProxy, Object[] constructorArguments)
[xUnit.net 00:00:00.77]       System.ArgumentException : Can not instantiate proxy of class: Aula.Tools.AiToolsManager.
[xUnit.net 00:00:00.77]       Could not find a parameterless constructor. (Parameter 'constructorArguments')
[xUnit.net 00:00:00.77]       ---- System.MissingMethodException : Constructor on type 'Castle.Proxies.AiToolsManagerProxy' not found.
[xUnit.net 00:00:00.77]       Stack Trace:
[xUnit.net 00:00:00.77]            at Castle.DynamicProxy.ProxyGenerator.CreateClassProxyInstance(Type proxyType, List`1 proxyArguments, Type classToProxy, Object[] constructorArguments)
[xUnit.net 00:00:00.77]            at Castle.DynamicProxy.ProxyGenerator.CreateClassProxy(Type classToProxy, Type[] additionalInterfacesToProxy, ProxyGenerationOptions options, Object[] constructorArguments, IInterceptor[] interceptors)
[xUnit.net 00:00:00.77]         /_/src/Moq/Interception/CastleProxyFactory.cs(62,0): at Moq.CastleProxyFactory.CreateProxy(Type mockType, IInterceptor interceptor, Type[] interfaces, Object[] arguments)
[xUnit.net 00:00:00.77]         /_/src/Moq/Mock`1.cs(309,0): at Moq.Mock`1.InitializeInstance()
[xUnit.net 00:00:00.77]         /_/src/Moq/Mock`1.cs(323,0): at Moq.Mock`1.OnGetObject()
[xUnit.net 00:00:00.77]         /_/src/Moq/Mock.cs(181,0): at Moq.Mock.get_Object()
[xUnit.net 00:00:00.77]         /_/src/Moq/Mock`1.cs(281,0): at Moq.Mock`1.get_Object()
[xUnit.net 00:00:00.77]         /mnt/d/git/aula/src/Aula.Tests/Services/OpenAiServiceIntegrationTests.cs(164,0): at Aula.Tests.Services.OpenAiServiceIntegrationTests.ProcessQueryWithToolsAsync_WithInvalidQuery_ThrowsArgumentException(String query)
[xUnit.net 00:00:00.77]         --- End of stack trace from previous location ---
[xUnit.net 00:00:00.77]         ----- Inner Stack Trace -----
[xUnit.net 00:00:00.77]            at System.RuntimeType.CreateInstanceImpl(BindingFlags bindingAttr, Binder binder, Object[] args, CultureInfo culture)
[xUnit.net 00:00:00.77]            at Castle.DynamicProxy.ProxyGenerator.CreateClassProxyInstance(Type proxyType, List`1 proxyArguments, Type classToProxy, Object[] constructorArguments)
[xUnit.net 00:00:00.77]       System.ArgumentException : Can not instantiate proxy of class: Aula.Tools.AiToolsManager.
[xUnit.net 00:00:00.77]       Could not find a parameterless constructor. (Parameter 'constructorArguments')
[xUnit.net 00:00:00.77]       ---- System.MissingMethodException : Constructor on type 'Castle.Proxies.AiToolsManagerProxy' not found.
[xUnit.net 00:00:00.77]       Stack Trace:
[xUnit.net 00:00:00.77]            at Castle.DynamicProxy.ProxyGenerator.CreateClassProxyInstance(Type proxyType, List`1 proxyArguments, Type classToProxy, Object[] constructorArguments)
[xUnit.net 00:00:00.77]            at Castle.DynamicProxy.ProxyGenerator.CreateClassProxy(Type classToProxy, Type[] additionalInterfacesToProxy, ProxyGenerationOptions options, Object[] constructorArguments, IInterceptor[] interceptors)
[xUnit.net 00:00:00.77]         /_/src/Moq/Interception/CastleProxyFactory.cs(62,0): at Moq.CastleProxyFactory.CreateProxy(Type mockType, IInterceptor interceptor, Type[] interfaces, Object[] arguments)
[xUnit.net 00:00:00.77]         /_/src/Moq/Mock`1.cs(309,0): at Moq.Mock`1.InitializeInstance()
[xUnit.net 00:00:00.77]         /_/src/Moq/Mock`1.cs(323,0): at Moq.Mock`1.OnGetObject()
[xUnit.net 00:00:00.77]         /_/src/Moq/Mock.cs(181,0): at Moq.Mock.get_Object()
[xUnit.net 00:00:00.77]         /_/src/Moq/Mock`1.cs(281,0): at Moq.Mock`1.get_Object()
[xUnit.net 00:00:00.77]         /mnt/d/git/aula/src/Aula.Tests/Services/OpenAiServiceIntegrationTests.cs(164,0): at Aula.Tests.Services.OpenAiServiceIntegrationTests.ProcessQueryWithToolsAsync_WithInvalidQuery_ThrowsArgumentException(String query)
[xUnit.net 00:00:00.77]         --- End of stack trace from previous location ---
[xUnit.net 00:00:00.77]         ----- Inner Stack Trace -----
[xUnit.net 00:00:00.77]            at System.RuntimeType.CreateInstanceImpl(BindingFlags bindingAttr, Binder binder, Object[] args, CultureInfo culture)
[xUnit.net 00:00:00.77]            at Castle.DynamicProxy.ProxyGenerator.CreateClassProxyInstance(Type proxyType, List`1 proxyArguments, Type classToProxy, Object[] constructorArguments)
[xUnit.net 00:00:00.78]       System.ArgumentException : Can not instantiate proxy of class: Aula.Tools.AiToolsManager.
[xUnit.net 00:00:00.78]       Could not find a parameterless constructor. (Parameter 'constructorArguments')
[xUnit.net 00:00:00.78]       ---- System.MissingMethodException : Constructor on type 'Castle.Proxies.AiToolsManagerProxy' not found.
[xUnit.net 00:00:00.78]       Stack Trace:
[xUnit.net 00:00:00.78]            at Castle.DynamicProxy.ProxyGenerator.CreateClassProxyInstance(Type proxyType, List`1 proxyArguments, Type classToProxy, Object[] constructorArguments)
[xUnit.net 00:00:00.78]            at Castle.DynamicProxy.ProxyGenerator.CreateClassProxy(Type classToProxy, Type[] additionalInterfacesToProxy, ProxyGenerationOptions options, Object[] constructorArguments, IInterceptor[] interceptors)
[xUnit.net 00:00:00.78]         /_/src/Moq/Interception/CastleProxyFactory.cs(62,0): at Moq.CastleProxyFactory.CreateProxy(Type mockType, IInterceptor interceptor, Type[] interfaces, Object[] arguments)
[xUnit.net 00:00:00.78]         /_/src/Moq/Mock`1.cs(309,0): at Moq.Mock`1.InitializeInstance()
[xUnit.net 00:00:00.78]         /_/src/Moq/Mock`1.cs(323,0): at Moq.Mock`1.OnGetObject()
[xUnit.net 00:00:00.78]         /_/src/Moq/Mock.cs(181,0): at Moq.Mock.get_Object()
[xUnit.net 00:00:00.78]         /_/src/Moq/Mock`1.cs(281,0): at Moq.Mock`1.get_Object()
[xUnit.net 00:00:00.78]         /mnt/d/git/aula/src/Aula.Tests/Services/OpenAiServiceIntegrationTests.cs(176,0): at Aula.Tests.Services.OpenAiServiceIntegrationTests.ProcessQueryWithToolsAsync_WithInvalidContextKey_ThrowsArgumentException(String contextKey)
[xUnit.net 00:00:00.78]         --- End of stack trace from previous location ---
[xUnit.net 00:00:00.78]         ----- Inner Stack Trace -----
[xUnit.net 00:00:00.78]            at System.RuntimeType.CreateInstanceImpl(BindingFlags bindingAttr, Binder binder, Object[] args, CultureInfo culture)
[xUnit.net 00:00:00.78]            at Castle.DynamicProxy.ProxyGenerator.CreateClassProxyInstance(Type proxyType, List`1 proxyArguments, Type classToProxy, Object[] constructorArguments)
[xUnit.net 00:00:00.80]       System.ArgumentException : Can not instantiate proxy of class: Aula.Tools.AiToolsManager.
[xUnit.net 00:00:00.80]       Could not find a parameterless constructor. (Parameter 'constructorArguments')
[xUnit.net 00:00:00.80]       ---- System.MissingMethodException : Constructor on type 'Castle.Proxies.AiToolsManagerProxy' not found.
[xUnit.net 00:00:00.80]       Stack Trace:
[xUnit.net 00:00:00.80]            at Castle.DynamicProxy.ProxyGenerator.CreateClassProxyInstance(Type proxyType, List`1 proxyArguments, Type classToProxy, Object[] constructorArguments)
[xUnit.net 00:00:00.80]            at Castle.DynamicProxy.ProxyGenerator.CreateClassProxy(Type classToProxy, Type[] additionalInterfacesToProxy, ProxyGenerationOptions options, Object[] constructorArguments, IInterceptor[] interceptors)
[xUnit.net 00:00:00.80]         /_/src/Moq/Interception/CastleProxyFactory.cs(62,0): at Moq.CastleProxyFactory.CreateProxy(Type mockType, IInterceptor interceptor, Type[] interfaces, Object[] arguments)
[xUnit.net 00:00:00.80]         /_/src/Moq/Mock`1.cs(309,0): at Moq.Mock`1.InitializeInstance()
[xUnit.net 00:00:00.80]         /_/src/Moq/Mock`1.cs(323,0): at Moq.Mock`1.OnGetObject()
[xUnit.net 00:00:00.80]         /_/src/Moq/Mock.cs(181,0): at Moq.Mock.get_Object()
[xUnit.net 00:00:00.80]         /_/src/Moq/Mock`1.cs(281,0): at Moq.Mock`1.get_Object()
[xUnit.net 00:00:00.80]         /mnt/d/git/aula/src/Aula.Tests/Services/OpenAiServiceIntegrationTests.cs(176,0): at Aula.Tests.Services.OpenAiServiceIntegrationTests.ProcessQueryWithToolsAsync_WithInvalidContextKey_ThrowsArgumentException(String contextKey)
[xUnit.net 00:00:00.80]         --- End of stack trace from previous location ---
[xUnit.net 00:00:00.80]         ----- Inner Stack Trace -----
[xUnit.net 00:00:00.80]            at System.RuntimeType.CreateInstanceImpl(BindingFlags bindingAttr, Binder binder, Object[] args, CultureInfo culture)
[xUnit.net 00:00:00.80]            at Castle.DynamicProxy.ProxyGenerator.CreateClassProxyInstance(Type proxyType, List`1 proxyArguments, Type classToProxy, Object[] constructorArguments)
[xUnit.net 00:00:00.80]       System.ArgumentException : Can not instantiate proxy of class: Aula.Tools.AiToolsManager.
[xUnit.net 00:00:00.80]       Could not find a parameterless constructor. (Parameter 'constructorArguments')
[xUnit.net 00:00:00.80]       ---- System.MissingMethodException : Constructor on type 'Castle.Proxies.AiToolsManagerProxy' not found.
[xUnit.net 00:00:00.80]       Stack Trace:
[xUnit.net 00:00:00.80]            at Castle.DynamicProxy.ProxyGenerator.CreateClassProxyInstance(Type proxyType, List`1 proxyArguments, Type classToProxy, Object[] constructorArguments)
[xUnit.net 00:00:00.80]            at Castle.DynamicProxy.ProxyGenerator.CreateClassProxy(Type classToProxy, Type[] additionalInterfacesToProxy, ProxyGenerationOptions options, Object[] constructorArguments, IInterceptor[] interceptors)
[xUnit.net 00:00:00.80]         /_/src/Moq/Interception/CastleProxyFactory.cs(62,0): at Moq.CastleProxyFactory.CreateProxy(Type mockType, IInterceptor interceptor, Type[] interfaces, Object[] arguments)
[xUnit.net 00:00:00.80]         /_/src/Moq/Mock`1.cs(309,0): at Moq.Mock`1.InitializeInstance()
[xUnit.net 00:00:00.80]         /_/src/Moq/Mock`1.cs(323,0): at Moq.Mock`1.OnGetObject()
[xUnit.net 00:00:00.80]         /_/src/Moq/Mock.cs(181,0): at Moq.Mock.get_Object()
[xUnit.net 00:00:00.80]         /_/src/Moq/Mock`1.cs(281,0): at Moq.Mock`1.get_Object()
[xUnit.net 00:00:00.80]         /mnt/d/git/aula/src/Aula.Tests/Services/OpenAiServiceIntegrationTests.cs(176,0): at Aula.Tests.Services.OpenAiServiceIntegrationTests.ProcessQueryWithToolsAsync_WithInvalidContextKey_ThrowsArgumentException(String contextKey)
[xUnit.net 00:00:00.80]         --- End of stack trace from previous location ---
[xUnit.net 00:00:00.80]         ----- Inner Stack Trace -----
[xUnit.net 00:00:00.80]            at System.RuntimeType.CreateInstanceImpl(BindingFlags bindingAttr, Binder binder, Object[] args, CultureInfo culture)
[xUnit.net 00:00:00.80]            at Castle.DynamicProxy.ProxyGenerator.CreateClassProxyInstance(Type proxyType, List`1 proxyArguments, Type classToProxy, Object[] constructorArguments)
[xUnit.net 00:00:00.80]       System.ArgumentException : Can not instantiate proxy of class: Aula.Tools.AiToolsManager.
[xUnit.net 00:00:00.80]       Could not find a parameterless constructor. (Parameter 'constructorArguments')
[xUnit.net 00:00:00.80]       ---- System.MissingMethodException : Constructor on type 'Castle.Proxies.AiToolsManagerProxy' not found.
[xUnit.net 00:00:00.80]       Stack Trace:
[xUnit.net 00:00:00.80]            at Castle.DynamicProxy.ProxyGenerator.CreateClassProxyInstance(Type proxyType, List`1 proxyArguments, Type classToProxy, Object[] constructorArguments)
[xUnit.net 00:00:00.80]            at Castle.DynamicProxy.ProxyGenerator.CreateClassProxy(Type classToProxy, Type[] additionalInterfacesToProxy, ProxyGenerationOptions options, Object[] constructorArguments, IInterceptor[] interceptors)
[xUnit.net 00:00:00.80]         /_/src/Moq/Interception/CastleProxyFactory.cs(62,0): at Moq.CastleProxyFactory.CreateProxy(Type mockType, IInterceptor interceptor, Type[] interfaces, Object[] arguments)
[xUnit.net 00:00:00.80]         /_/src/Moq/Mock`1.cs(309,0): at Moq.Mock`1.InitializeInstance()
[xUnit.net 00:00:00.80]         /_/src/Moq/Mock`1.cs(323,0): at Moq.Mock`1.OnGetObject()
[xUnit.net 00:00:00.80]         /_/src/Moq/Mock.cs(181,0): at Moq.Mock.get_Object()
[xUnit.net 00:00:00.80]         /_/src/Moq/Mock`1.cs(281,0): at Moq.Mock`1.get_Object()
[xUnit.net 00:00:00.80]         /mnt/d/git/aula/src/Aula.Tests/Services/OpenAiServiceIntegrationTests.cs(242,0): at Aula.Tests.Services.OpenAiServiceIntegrationTests.ExtractKeyInformationAsync_WithValidWeekLetter_CallsApiWithCorrectParameters()
[xUnit.net 00:00:00.80]         --- End of stack trace from previous location ---
[xUnit.net 00:00:00.80]         ----- Inner Stack Trace -----
[xUnit.net 00:00:00.80]            at System.RuntimeType.CreateInstanceImpl(BindingFlags bindingAttr, Binder binder, Object[] args, CultureInfo culture)
[xUnit.net 00:00:00.80]            at Castle.DynamicProxy.ProxyGenerator.CreateClassProxyInstance(Type proxyType, List`1 proxyArguments, Type classToProxy, Object[] constructorArguments)
[xUnit.net 00:00:00.81]       System.ArgumentException : Can not instantiate proxy of class: Aula.Tools.AiToolsManager.
[xUnit.net 00:00:00.81]       Could not find a parameterless constructor. (Parameter 'constructorArguments')
[xUnit.net 00:00:00.81]       ---- System.MissingMethodException : Constructor on type 'Castle.Proxies.AiToolsManagerProxy' not found.
[xUnit.net 00:00:00.81]       Stack Trace:
[xUnit.net 00:00:00.81]            at Castle.DynamicProxy.ProxyGenerator.CreateClassProxyInstance(Type proxyType, List`1 proxyArguments, Type classToProxy, Object[] constructorArguments)
[xUnit.net 00:00:00.81]            at Castle.DynamicProxy.ProxyGenerator.CreateClassProxy(Type classToProxy, Type[] additionalInterfacesToProxy, ProxyGenerationOptions options, Object[] constructorArguments, IInterceptor[] interceptors)
[xUnit.net 00:00:00.81]         /_/src/Moq/Interception/CastleProxyFactory.cs(62,0): at Moq.CastleProxyFactory.CreateProxy(Type mockType, IInterceptor interceptor, Type[] interfaces, Object[] arguments)
[xUnit.net 00:00:00.81]         /_/src/Moq/Mock`1.cs(309,0): at Moq.Mock`1.InitializeInstance()
[xUnit.net 00:00:00.81]         /_/src/Moq/Mock`1.cs(323,0): at Moq.Mock`1.OnGetObject()
[xUnit.net 00:00:00.81]         /_/src/Moq/Mock.cs(181,0): at Moq.Mock.get_Object()
[xUnit.net 00:00:00.81]         /_/src/Moq/Mock`1.cs(281,0): at Moq.Mock`1.get_Object()
[xUnit.net 00:00:00.81]         /mnt/d/git/aula/src/Aula.Tests/Services/OpenAiServiceIntegrationTests.cs(119,0): at Aula.Tests.Services.OpenAiServiceIntegrationTests.AskQuestionAboutWeekLetterAsync_WithNullWeekLetter_ThrowsArgumentNullException(ChatInterface chatInterface)
[xUnit.net 00:00:00.81]         --- End of stack trace from previous location ---
[xUnit.net 00:00:00.81]         ----- Inner Stack Trace -----
[xUnit.net 00:00:00.81]            at System.RuntimeType.CreateInstanceImpl(BindingFlags bindingAttr, Binder binder, Object[] args, CultureInfo culture)
[xUnit.net 00:00:00.81]            at Castle.DynamicProxy.ProxyGenerator.CreateClassProxyInstance(Type proxyType, List`1 proxyArguments, Type classToProxy, Object[] constructorArguments)
[xUnit.net 00:00:00.81]       System.ArgumentException : Can not instantiate proxy of class: Aula.Tools.AiToolsManager.
[xUnit.net 00:00:00.81]       Could not find a parameterless constructor. (Parameter 'constructorArguments')
[xUnit.net 00:00:00.81]       ---- System.MissingMethodException : Constructor on type 'Castle.Proxies.AiToolsManagerProxy' not found.
[xUnit.net 00:00:00.81]       Stack Trace:
[xUnit.net 00:00:00.81]            at Castle.DynamicProxy.ProxyGenerator.CreateClassProxyInstance(Type proxyType, List`1 proxyArguments, Type classToProxy, Object[] constructorArguments)
[xUnit.net 00:00:00.81]            at Castle.DynamicProxy.ProxyGenerator.CreateClassProxy(Type classToProxy, Type[] additionalInterfacesToProxy, ProxyGenerationOptions options, Object[] constructorArguments, IInterceptor[] interceptors)
[xUnit.net 00:00:00.81]         /_/src/Moq/Interception/CastleProxyFactory.cs(62,0): at Moq.CastleProxyFactory.CreateProxy(Type mockType, IInterceptor interceptor, Type[] interfaces, Object[] arguments)
[xUnit.net 00:00:00.81]         /_/src/Moq/Mock`1.cs(309,0): at Moq.Mock`1.InitializeInstance()
[xUnit.net 00:00:00.81]         /_/src/Moq/Mock`1.cs(323,0): at Moq.Mock`1.OnGetObject()
[xUnit.net 00:00:00.81]         /_/src/Moq/Mock.cs(181,0): at Moq.Mock.get_Object()
[xUnit.net 00:00:00.81]         /_/src/Moq/Mock`1.cs(281,0): at Moq.Mock`1.get_Object()
[xUnit.net 00:00:00.81]         /mnt/d/git/aula/src/Aula.Tests/Services/OpenAiServiceIntegrationTests.cs(119,0): at Aula.Tests.Services.OpenAiServiceIntegrationTests.AskQuestionAboutWeekLetterAsync_WithNullWeekLetter_ThrowsArgumentNullException(ChatInterface chatInterface)
[xUnit.net 00:00:00.81]         --- End of stack trace from previous location ---
[xUnit.net 00:00:00.81]         ----- Inner Stack Trace -----
[xUnit.net 00:00:00.81]            at System.RuntimeType.CreateInstanceImpl(BindingFlags bindingAttr, Binder binder, Object[] args, CultureInfo culture)
[xUnit.net 00:00:00.81]            at Castle.DynamicProxy.ProxyGenerator.CreateClassProxyInstance(Type proxyType, List`1 proxyArguments, Type classToProxy, Object[] constructorArguments)
[xUnit.net 00:00:00.81]       System.ArgumentException : Can not instantiate proxy of class: Aula.Tools.AiToolsManager.
[xUnit.net 00:00:00.81]       Could not find a parameterless constructor. (Parameter 'constructorArguments')
[xUnit.net 00:00:00.81]       ---- System.MissingMethodException : Constructor on type 'Castle.Proxies.AiToolsManagerProxy' not found.
[xUnit.net 00:00:00.81]       Stack Trace:
[xUnit.net 00:00:00.81]            at Castle.DynamicProxy.ProxyGenerator.CreateClassProxyInstance(Type proxyType, List`1 proxyArguments, Type classToProxy, Object[] constructorArguments)
[xUnit.net 00:00:00.81]            at Castle.DynamicProxy.ProxyGenerator.CreateClassProxy(Type classToProxy, Type[] additionalInterfacesToProxy, ProxyGenerationOptions options, Object[] constructorArguments, IInterceptor[] interceptors)
[xUnit.net 00:00:00.81]         /_/src/Moq/Interception/CastleProxyFactory.cs(62,0): at Moq.CastleProxyFactory.CreateProxy(Type mockType, IInterceptor interceptor, Type[] interfaces, Object[] arguments)
[xUnit.net 00:00:00.81]         /_/src/Moq/Mock`1.cs(309,0): at Moq.Mock`1.InitializeInstance()
[xUnit.net 00:00:00.81]         /_/src/Moq/Mock`1.cs(323,0): at Moq.Mock`1.OnGetObject()
[xUnit.net 00:00:00.81]         /_/src/Moq/Mock.cs(181,0): at Moq.Mock.get_Object()
[xUnit.net 00:00:00.81]         /_/src/Moq/Mock`1.cs(281,0): at Moq.Mock`1.get_Object()
[xUnit.net 00:00:00.81]         /mnt/d/git/aula/src/Aula.Tests/Services/OpenAiServiceIntegrationTests.cs(130,0): at Aula.Tests.Services.OpenAiServiceIntegrationTests.AskQuestionAboutWeekLetterAsync_WithContextKey_WithNullWeekLetter_ThrowsArgumentNullException(ChatInterface chatInterface)
[xUnit.net 00:00:00.81]         --- End of stack trace from previous location ---
[xUnit.net 00:00:00.81]         ----- Inner Stack Trace -----
[xUnit.net 00:00:00.81]            at System.RuntimeType.CreateInstanceImpl(BindingFlags bindingAttr, Binder binder, Object[] args, CultureInfo culture)
[xUnit.net 00:00:00.81]            at Castle.DynamicProxy.ProxyGenerator.CreateClassProxyInstance(Type proxyType, List`1 proxyArguments, Type classToProxy, Object[] constructorArguments)
[xUnit.net 00:00:00.81]       System.ArgumentException : Can not instantiate proxy of class: Aula.Tools.AiToolsManager.
[xUnit.net 00:00:00.81]       Could not find a parameterless constructor. (Parameter 'constructorArguments')
[xUnit.net 00:00:00.81]       ---- System.MissingMethodException : Constructor on type 'Castle.Proxies.AiToolsManagerProxy' not found.
[xUnit.net 00:00:00.81]       Stack Trace:
[xUnit.net 00:00:00.81]            at Castle.DynamicProxy.ProxyGenerator.CreateClassProxyInstance(Type proxyType, List`1 proxyArguments, Type classToProxy, Object[] constructorArguments)
[xUnit.net 00:00:00.81]            at Castle.DynamicProxy.ProxyGenerator.CreateClassProxy(Type classToProxy, Type[] additionalInterfacesToProxy, ProxyGenerationOptions options, Object[] constructorArguments, IInterceptor[] interceptors)
[xUnit.net 00:00:00.81]         /_/src/Moq/Interception/CastleProxyFactory.cs(62,0): at Moq.CastleProxyFactory.CreateProxy(Type mockType, IInterceptor interceptor, Type[] interfaces, Object[] arguments)
[xUnit.net 00:00:00.81]         /_/src/Moq/Mock`1.cs(309,0): at Moq.Mock`1.InitializeInstance()
[xUnit.net 00:00:00.81]         /_/src/Moq/Mock`1.cs(323,0): at Moq.Mock`1.OnGetObject()
[xUnit.net 00:00:00.81]         /_/src/Moq/Mock.cs(181,0): at Moq.Mock.get_Object()
[xUnit.net 00:00:00.81]         /_/src/Moq/Mock`1.cs(281,0): at Moq.Mock`1.get_Object()
[xUnit.net 00:00:00.81]         /mnt/d/git/aula/src/Aula.Tests/Services/OpenAiServiceIntegrationTests.cs(130,0): at Aula.Tests.Services.OpenAiServiceIntegrationTests.AskQuestionAboutWeekLetterAsync_WithContextKey_WithNullWeekLetter_ThrowsArgumentNullException(ChatInterface chatInterface)
[xUnit.net 00:00:00.81]         --- End of stack trace from previous location ---
[xUnit.net 00:00:00.81]         ----- Inner Stack Trace -----
[xUnit.net 00:00:00.81]            at System.RuntimeType.CreateInstanceImpl(BindingFlags bindingAttr, Binder binder, Object[] args, CultureInfo culture)
[xUnit.net 00:00:00.81]            at Castle.DynamicProxy.ProxyGenerator.CreateClassProxyInstance(Type proxyType, List`1 proxyArguments, Type classToProxy, Object[] constructorArguments)
[xUnit.net 00:00:00.82]       System.ArgumentException : Can not instantiate proxy of class: Aula.Tools.AiToolsManager.
[xUnit.net 00:00:00.82]       Could not find a parameterless constructor. (Parameter 'constructorArguments')
[xUnit.net 00:00:00.82]       ---- System.MissingMethodException : Constructor on type 'Castle.Proxies.AiToolsManagerProxy' not found.
[xUnit.net 00:00:00.82]       Stack Trace:
[xUnit.net 00:00:00.82]            at Castle.DynamicProxy.ProxyGenerator.CreateClassProxyInstance(Type proxyType, List`1 proxyArguments, Type classToProxy, Object[] constructorArguments)
[xUnit.net 00:00:00.82]            at Castle.DynamicProxy.ProxyGenerator.CreateClassProxy(Type classToProxy, Type[] additionalInterfacesToProxy, ProxyGenerationOptions options, Object[] constructorArguments, IInterceptor[] interceptors)
[xUnit.net 00:00:00.82]         /_/src/Moq/Interception/CastleProxyFactory.cs(62,0): at Moq.CastleProxyFactory.CreateProxy(Type mockType, IInterceptor interceptor, Type[] interfaces, Object[] arguments)
[xUnit.net 00:00:00.82]         /_/src/Moq/Mock`1.cs(309,0): at Moq.Mock`1.InitializeInstance()
[xUnit.net 00:00:00.82]         /_/src/Moq/Mock`1.cs(323,0): at Moq.Mock`1.OnGetObject()
[xUnit.net 00:00:00.82]         /_/src/Moq/Mock.cs(181,0): at Moq.Mock.get_Object()
[xUnit.net 00:00:00.82]         /_/src/Moq/Mock`1.cs(281,0): at Moq.Mock`1.get_Object()
[xUnit.net 00:00:00.82]         /mnt/d/git/aula/src/Aula.Tests/Services/OpenAiServiceIntegrationTests.cs(108,0): at Aula.Tests.Services.OpenAiServiceIntegrationTests.SummarizeWeekLetterAsync_WithNullWeekLetter_ThrowsArgumentNullException(ChatInterface chatInterface)
[xUnit.net 00:00:00.82]         --- End of stack trace from previous location ---
[xUnit.net 00:00:00.82]         ----- Inner Stack Trace -----
[xUnit.net 00:00:00.82]            at System.RuntimeType.CreateInstanceImpl(BindingFlags bindingAttr, Binder binder, Object[] args, CultureInfo culture)
[xUnit.net 00:00:00.82]            at Castle.DynamicProxy.ProxyGenerator.CreateClassProxyInstance(Type proxyType, List`1 proxyArguments, Type classToProxy, Object[] constructorArguments)
[xUnit.net 00:00:00.82]       System.ArgumentException : Can not instantiate proxy of class: Aula.Tools.AiToolsManager.
[xUnit.net 00:00:00.82]       Could not find a parameterless constructor. (Parameter 'constructorArguments')
[xUnit.net 00:00:00.82]       ---- System.MissingMethodException : Constructor on type 'Castle.Proxies.AiToolsManagerProxy' not found.
[xUnit.net 00:00:00.82]       Stack Trace:
[xUnit.net 00:00:00.82]            at Castle.DynamicProxy.ProxyGenerator.CreateClassProxyInstance(Type proxyType, List`1 proxyArguments, Type classToProxy, Object[] constructorArguments)
[xUnit.net 00:00:00.82]            at Castle.DynamicProxy.ProxyGenerator.CreateClassProxy(Type classToProxy, Type[] additionalInterfacesToProxy, ProxyGenerationOptions options, Object[] constructorArguments, IInterceptor[] interceptors)
[xUnit.net 00:00:00.82]         /_/src/Moq/Interception/CastleProxyFactory.cs(62,0): at Moq.CastleProxyFactory.CreateProxy(Type mockType, IInterceptor interceptor, Type[] interfaces, Object[] arguments)
[xUnit.net 00:00:00.82]         /_/src/Moq/Mock`1.cs(309,0): at Moq.Mock`1.InitializeInstance()
[xUnit.net 00:00:00.82]         /_/src/Moq/Mock`1.cs(323,0): at Moq.Mock`1.OnGetObject()
[xUnit.net 00:00:00.82]         /_/src/Moq/Mock.cs(181,0): at Moq.Mock.get_Object()
[xUnit.net 00:00:00.82]         /_/src/Moq/Mock`1.cs(281,0): at Moq.Mock`1.get_Object()
[xUnit.net 00:00:00.82]         /mnt/d/git/aula/src/Aula.Tests/Services/OpenAiServiceIntegrationTests.cs(108,0): at Aula.Tests.Services.OpenAiServiceIntegrationTests.SummarizeWeekLetterAsync_WithNullWeekLetter_ThrowsArgumentNullException(ChatInterface chatInterface)
[xUnit.net 00:00:00.82]         --- End of stack trace from previous location ---
[xUnit.net 00:00:00.82]         ----- Inner Stack Trace -----
[xUnit.net 00:00:00.82]            at System.RuntimeType.CreateInstanceImpl(BindingFlags bindingAttr, Binder binder, Object[] args, CultureInfo culture)
[xUnit.net 00:00:00.82]            at Castle.DynamicProxy.ProxyGenerator.CreateClassProxyInstance(Type proxyType, List`1 proxyArguments, Type classToProxy, Object[] constructorArguments)
[xUnit.net 00:00:00.82]       System.ArgumentException : Can not instantiate proxy of class: Aula.Utilities.ConversationContextManager`1[[System.Int64, System.Private.CoreLib, Version=9.0.0.0, Culture=neutral, PublicKeyToken=7cec85d7bea7798e]].
[xUnit.net 00:00:00.82]       Could not find a parameterless constructor. (Parameter 'constructorArguments')
[xUnit.net 00:00:00.82]       ---- System.MissingMethodException : Constructor on type 'Castle.Proxies.ConversationContextManager`1Proxy' not found.
[xUnit.net 00:00:00.82]       Stack Trace:
[xUnit.net 00:00:00.82]            at Castle.DynamicProxy.ProxyGenerator.CreateClassProxyInstance(Type proxyType, List`1 proxyArguments, Type classToProxy, Object[] constructorArguments)
[xUnit.net 00:00:00.82]            at Castle.DynamicProxy.ProxyGenerator.CreateClassProxy(Type classToProxy, Type[] additionalInterfacesToProxy, ProxyGenerationOptions options, Object[] constructorArguments, IInterceptor[] interceptors)
[xUnit.net 00:00:00.82]         /_/src/Moq/Interception/CastleProxyFactory.cs(62,0): at Moq.CastleProxyFactory.CreateProxy(Type mockType, IInterceptor interceptor, Type[] interfaces, Object[] arguments)
[xUnit.net 00:00:00.82]         /_/src/Moq/Mock`1.cs(309,0): at Moq.Mock`1.InitializeInstance()
[xUnit.net 00:00:00.82]         /_/src/Moq/Mock`1.cs(323,0): at Moq.Mock`1.OnGetObject()
[xUnit.net 00:00:00.82]         /_/src/Moq/Mock.cs(181,0): at Moq.Mock.get_Object()
[xUnit.net 00:00:00.82]         /_/src/Moq/Mock`1.cs(281,0): at Moq.Mock`1.get_Object()
[xUnit.net 00:00:00.82]         /mnt/d/git/aula/src/Aula.Tests/Bots/TelegramMessageHandlerTests.cs(63,0): at Aula.Tests.Bots.TelegramMessageHandlerTests..ctor()
[xUnit.net 00:00:00.82]            at System.RuntimeType.CreateInstanceDefaultCtor(Boolean publicOnly, Boolean wrapExceptions)
[xUnit.net 00:00:00.82]         ----- Inner Stack Trace -----
[xUnit.net 00:00:00.82]            at System.RuntimeType.CreateInstanceImpl(BindingFlags bindingAttr, Binder binder, Object[] args, CultureInfo culture)
[xUnit.net 00:00:00.82]            at Castle.DynamicProxy.ProxyGenerator.CreateClassProxyInstance(Type proxyType, List`1 proxyArguments, Type classToProxy, Object[] constructorArguments)
[xUnit.net 00:00:00.82]       System.ArgumentException : Can not instantiate proxy of class: Aula.Utilities.ConversationContextManager`1[[System.Int64, System.Private.CoreLib, Version=9.0.0.0, Culture=neutral, PublicKeyToken=7cec85d7bea7798e]].
[xUnit.net 00:00:00.82]       Could not find a parameterless constructor. (Parameter 'constructorArguments')
[xUnit.net 00:00:00.82]       ---- System.MissingMethodException : Constructor on type 'Castle.Proxies.ConversationContextManager`1Proxy' not found.
[xUnit.net 00:00:00.82]       Stack Trace:
[xUnit.net 00:00:00.82]            at Castle.DynamicProxy.ProxyGenerator.CreateClassProxyInstance(Type proxyType, List`1 proxyArguments, Type classToProxy, Object[] constructorArguments)
[xUnit.net 00:00:00.82]            at Castle.DynamicProxy.ProxyGenerator.CreateClassProxy(Type classToProxy, Type[] additionalInterfacesToProxy, ProxyGenerationOptions options, Object[] constructorArguments, IInterceptor[] interceptors)
[xUnit.net 00:00:00.82]         /_/src/Moq/Interception/CastleProxyFactory.cs(62,0): at Moq.CastleProxyFactory.CreateProxy(Type mockType, IInterceptor interceptor, Type[] interfaces, Object[] arguments)
[xUnit.net 00:00:00.82]         /_/src/Moq/Mock`1.cs(309,0): at Moq.Mock`1.InitializeInstance()
[xUnit.net 00:00:00.82]         /_/src/Moq/Mock`1.cs(323,0): at Moq.Mock`1.OnGetObject()
[xUnit.net 00:00:00.82]         /_/src/Moq/Mock.cs(181,0): at Moq.Mock.get_Object()
[xUnit.net 00:00:00.82]         /_/src/Moq/Mock`1.cs(281,0): at Moq.Mock`1.get_Object()
[xUnit.net 00:00:00.82]         /mnt/d/git/aula/src/Aula.Tests/Bots/TelegramMessageHandlerTests.cs(63,0): at Aula.Tests.Bots.TelegramMessageHandlerTests..ctor()
[xUnit.net 00:00:00.82]            at System.RuntimeType.CreateInstanceDefaultCtor(Boolean publicOnly, Boolean wrapExceptions)
[xUnit.net 00:00:00.82]         ----- Inner Stack Trace -----
[xUnit.net 00:00:00.82]            at System.RuntimeType.CreateInstanceImpl(BindingFlags bindingAttr, Binder binder, Object[] args, CultureInfo culture)
[xUnit.net 00:00:00.82]            at Castle.DynamicProxy.ProxyGenerator.CreateClassProxyInstance(Type proxyType, List`1 proxyArguments, Type classToProxy, Object[] constructorArguments)
[xUnit.net 00:00:00.82]       System.ArgumentException : Can not instantiate proxy of class: Aula.Utilities.ConversationContextManager`1[[System.Int64, System.Private.CoreLib, Version=9.0.0.0, Culture=neutral, PublicKeyToken=7cec85d7bea7798e]].
[xUnit.net 00:00:00.82]       Could not find a parameterless constructor. (Parameter 'constructorArguments')
[xUnit.net 00:00:00.82]       ---- System.MissingMethodException : Constructor on type 'Castle.Proxies.ConversationContextManager`1Proxy' not found.
[xUnit.net 00:00:00.82]       Stack Trace:
[xUnit.net 00:00:00.82]            at Castle.DynamicProxy.ProxyGenerator.CreateClassProxyInstance(Type proxyType, List`1 proxyArguments, Type classToProxy, Object[] constructorArguments)
[xUnit.net 00:00:00.82]            at Castle.DynamicProxy.ProxyGenerator.CreateClassProxy(Type classToProxy, Type[] additionalInterfacesToProxy, ProxyGenerationOptions options, Object[] constructorArguments, IInterceptor[] interceptors)
[xUnit.net 00:00:00.82]         /_/src/Moq/Interception/CastleProxyFactory.cs(62,0): at Moq.CastleProxyFactory.CreateProxy(Type mockType, IInterceptor interceptor, Type[] interfaces, Object[] arguments)
[xUnit.net 00:00:00.82]         /_/src/Moq/Mock`1.cs(309,0): at Moq.Mock`1.InitializeInstance()
[xUnit.net 00:00:00.82]         /_/src/Moq/Mock`1.cs(323,0): at Moq.Mock`1.OnGetObject()
[xUnit.net 00:00:00.82]         /_/src/Moq/Mock.cs(181,0): at Moq.Mock.get_Object()
[xUnit.net 00:00:00.82]         /_/src/Moq/Mock`1.cs(281,0): at Moq.Mock`1.get_Object()
[xUnit.net 00:00:00.82]         /mnt/d/git/aula/src/Aula.Tests/Bots/TelegramMessageHandlerTests.cs(63,0): at Aula.Tests.Bots.TelegramMessageHandlerTests..ctor()
[xUnit.net 00:00:00.82]            at System.RuntimeType.CreateInstanceDefaultCtor(Boolean publicOnly, Boolean wrapExceptions)
[xUnit.net 00:00:00.82]         ----- Inner Stack Trace -----
[xUnit.net 00:00:00.82]            at System.RuntimeType.CreateInstanceImpl(BindingFlags bindingAttr, Binder binder, Object[] args, CultureInfo culture)
[xUnit.net 00:00:00.82]            at Castle.DynamicProxy.ProxyGenerator.CreateClassProxyInstance(Type proxyType, List`1 proxyArguments, Type classToProxy, Object[] constructorArguments)
[xUnit.net 00:00:00.82]       System.ArgumentException : Can not instantiate proxy of class: Aula.Utilities.ConversationContextManager`1[[System.Int64, System.Private.CoreLib, Version=9.0.0.0, Culture=neutral, PublicKeyToken=7cec85d7bea7798e]].
[xUnit.net 00:00:00.82]       Could not find a parameterless constructor. (Parameter 'constructorArguments')
[xUnit.net 00:00:00.82]       ---- System.MissingMethodException : Constructor on type 'Castle.Proxies.ConversationContextManager`1Proxy' not found.
[xUnit.net 00:00:00.82]       Stack Trace:
[xUnit.net 00:00:00.83]            at Castle.DynamicProxy.ProxyGenerator.CreateClassProxyInstance(Type proxyType, List`1 proxyArguments, Type classToProxy, Object[] constructorArguments)
[xUnit.net 00:00:00.83]            at Castle.DynamicProxy.ProxyGenerator.CreateClassProxy(Type classToProxy, Type[] additionalInterfacesToProxy, ProxyGenerationOptions options, Object[] constructorArguments, IInterceptor[] interceptors)
[xUnit.net 00:00:00.83]         /_/src/Moq/Interception/CastleProxyFactory.cs(62,0): at Moq.CastleProxyFactory.CreateProxy(Type mockType, IInterceptor interceptor, Type[] interfaces, Object[] arguments)
[xUnit.net 00:00:00.83]         /_/src/Moq/Mock`1.cs(309,0): at Moq.Mock`1.InitializeInstance()
[xUnit.net 00:00:00.83]         /_/src/Moq/Mock`1.cs(323,0): at Moq.Mock`1.OnGetObject()
[xUnit.net 00:00:00.83]         /_/src/Moq/Mock.cs(181,0): at Moq.Mock.get_Object()
[xUnit.net 00:00:00.83]         /_/src/Moq/Mock`1.cs(281,0): at Moq.Mock`1.get_Object()
[xUnit.net 00:00:00.83]         /mnt/d/git/aula/src/Aula.Tests/Bots/TelegramMessageHandlerTests.cs(63,0): at Aula.Tests.Bots.TelegramMessageHandlerTests..ctor()
[xUnit.net 00:00:00.83]            at System.RuntimeType.CreateInstanceDefaultCtor(Boolean publicOnly, Boolean wrapExceptions)
[xUnit.net 00:00:00.83]         ----- Inner Stack Trace -----
[xUnit.net 00:00:00.83]            at System.RuntimeType.CreateInstanceImpl(BindingFlags bindingAttr, Binder binder, Object[] args, CultureInfo culture)
[xUnit.net 00:00:00.83]            at Castle.DynamicProxy.ProxyGenerator.CreateClassProxyInstance(Type proxyType, List`1 proxyArguments, Type classToProxy, Object[] constructorArguments)
[xUnit.net 00:00:00.83]       System.ArgumentException : Can not instantiate proxy of class: Aula.Utilities.ConversationContextManager`1[[System.Int64, System.Private.CoreLib, Version=9.0.0.0, Culture=neutral, PublicKeyToken=7cec85d7bea7798e]].
[xUnit.net 00:00:00.83]       Could not find a parameterless constructor. (Parameter 'constructorArguments')
[xUnit.net 00:00:00.83]       ---- System.MissingMethodException : Constructor on type 'Castle.Proxies.ConversationContextManager`1Proxy' not found.
[xUnit.net 00:00:00.83]       Stack Trace:
[xUnit.net 00:00:00.83]            at Castle.DynamicProxy.ProxyGenerator.CreateClassProxyInstance(Type proxyType, List`1 proxyArguments, Type classToProxy, Object[] constructorArguments)
[xUnit.net 00:00:00.83]            at Castle.DynamicProxy.ProxyGenerator.CreateClassProxy(Type classToProxy, Type[] additionalInterfacesToProxy, ProxyGenerationOptions options, Object[] constructorArguments, IInterceptor[] interceptors)
[xUnit.net 00:00:00.83]         /_/src/Moq/Interception/CastleProxyFactory.cs(62,0): at Moq.CastleProxyFactory.CreateProxy(Type mockType, IInterceptor interceptor, Type[] interfaces, Object[] arguments)
[xUnit.net 00:00:00.83]         /_/src/Moq/Mock`1.cs(309,0): at Moq.Mock`1.InitializeInstance()
[xUnit.net 00:00:00.83]         /_/src/Moq/Mock`1.cs(323,0): at Moq.Mock`1.OnGetObject()
[xUnit.net 00:00:00.83]         /_/src/Moq/Mock.cs(181,0): at Moq.Mock.get_Object()
[xUnit.net 00:00:00.83]         /_/src/Moq/Mock`1.cs(281,0): at Moq.Mock`1.get_Object()
[xUnit.net 00:00:00.83]         /mnt/d/git/aula/src/Aula.Tests/Bots/TelegramMessageHandlerTests.cs(63,0): at Aula.Tests.Bots.TelegramMessageHandlerTests..ctor()
[xUnit.net 00:00:00.83]            at System.RuntimeType.CreateInstanceDefaultCtor(Boolean publicOnly, Boolean wrapExceptions)
[xUnit.net 00:00:00.83]         ----- Inner Stack Trace -----
[xUnit.net 00:00:00.83]            at System.RuntimeType.CreateInstanceImpl(BindingFlags bindingAttr, Binder binder, Object[] args, CultureInfo culture)
[xUnit.net 00:00:00.83]            at Castle.DynamicProxy.ProxyGenerator.CreateClassProxyInstance(Type proxyType, List`1 proxyArguments, Type classToProxy, Object[] constructorArguments)
[xUnit.net 00:00:00.83]       System.ArgumentException : Can not instantiate proxy of class: Aula.Utilities.ConversationContextManager`1[[System.Int64, System.Private.CoreLib, Version=9.0.0.0, Culture=neutral, PublicKeyToken=7cec85d7bea7798e]].
[xUnit.net 00:00:00.83]       Could not find a parameterless constructor. (Parameter 'constructorArguments')
[xUnit.net 00:00:00.83]       ---- System.MissingMethodException : Constructor on type 'Castle.Proxies.ConversationContextManager`1Proxy' not found.
[xUnit.net 00:00:00.83]       Stack Trace:
[xUnit.net 00:00:00.83]            at Castle.DynamicProxy.ProxyGenerator.CreateClassProxyInstance(Type proxyType, List`1 proxyArguments, Type classToProxy, Object[] constructorArguments)
[xUnit.net 00:00:00.83]            at Castle.DynamicProxy.ProxyGenerator.CreateClassProxy(Type classToProxy, Type[] additionalInterfacesToProxy, ProxyGenerationOptions options, Object[] constructorArguments, IInterceptor[] interceptors)
[xUnit.net 00:00:00.83]         /_/src/Moq/Interception/CastleProxyFactory.cs(62,0): at Moq.CastleProxyFactory.CreateProxy(Type mockType, IInterceptor interceptor, Type[] interfaces, Object[] arguments)
[xUnit.net 00:00:00.83]         /_/src/Moq/Mock`1.cs(309,0): at Moq.Mock`1.InitializeInstance()
[xUnit.net 00:00:00.83]         /_/src/Moq/Mock`1.cs(323,0): at Moq.Mock`1.OnGetObject()
[xUnit.net 00:00:00.83]         /_/src/Moq/Mock.cs(181,0): at Moq.Mock.get_Object()
[xUnit.net 00:00:00.83]         /_/src/Moq/Mock`1.cs(281,0): at Moq.Mock`1.get_Object()
[xUnit.net 00:00:00.83]         /mnt/d/git/aula/src/Aula.Tests/Bots/TelegramMessageHandlerTests.cs(63,0): at Aula.Tests.Bots.TelegramMessageHandlerTests..ctor()
[xUnit.net 00:00:00.83]            at System.RuntimeType.CreateInstanceDefaultCtor(Boolean publicOnly, Boolean wrapExceptions)
[xUnit.net 00:00:00.83]         ----- Inner Stack Trace -----
[xUnit.net 00:00:00.83]            at System.RuntimeType.CreateInstanceImpl(BindingFlags bindingAttr, Binder binder, Object[] args, CultureInfo culture)
[xUnit.net 00:00:00.83]            at Castle.DynamicProxy.ProxyGenerator.CreateClassProxyInstance(Type proxyType, List`1 proxyArguments, Type classToProxy, Object[] constructorArguments)
[xUnit.net 00:00:00.83]       System.ArgumentException : Can not instantiate proxy of class: Aula.Utilities.ConversationContextManager`1[[System.Int64, System.Private.CoreLib, Version=9.0.0.0, Culture=neutral, PublicKeyToken=7cec85d7bea7798e]].
[xUnit.net 00:00:00.83]       Could not find a parameterless constructor. (Parameter 'constructorArguments')
[xUnit.net 00:00:00.83]       ---- System.MissingMethodException : Constructor on type 'Castle.Proxies.ConversationContextManager`1Proxy' not found.
[xUnit.net 00:00:00.83]       Stack Trace:
[xUnit.net 00:00:00.83]            at Castle.DynamicProxy.ProxyGenerator.CreateClassProxyInstance(Type proxyType, List`1 proxyArguments, Type classToProxy, Object[] constructorArguments)
[xUnit.net 00:00:00.83]            at Castle.DynamicProxy.ProxyGenerator.CreateClassProxy(Type classToProxy, Type[] additionalInterfacesToProxy, ProxyGenerationOptions options, Object[] constructorArguments, IInterceptor[] interceptors)
[xUnit.net 00:00:00.83]         /_/src/Moq/Interception/CastleProxyFactory.cs(62,0): at Moq.CastleProxyFactory.CreateProxy(Type mockType, IInterceptor interceptor, Type[] interfaces, Object[] arguments)
[xUnit.net 00:00:00.83]         /_/src/Moq/Mock`1.cs(309,0): at Moq.Mock`1.InitializeInstance()
[xUnit.net 00:00:00.83]         /_/src/Moq/Mock`1.cs(323,0): at Moq.Mock`1.OnGetObject()
[xUnit.net 00:00:00.83]         /_/src/Moq/Mock.cs(181,0): at Moq.Mock.get_Object()
[xUnit.net 00:00:00.83]         /_/src/Moq/Mock`1.cs(281,0): at Moq.Mock`1.get_Object()
[xUnit.net 00:00:00.83]         /mnt/d/git/aula/src/Aula.Tests/Bots/TelegramMessageHandlerTests.cs(63,0): at Aula.Tests.Bots.TelegramMessageHandlerTests..ctor()
[xUnit.net 00:00:00.83]            at System.RuntimeType.CreateInstanceDefaultCtor(Boolean publicOnly, Boolean wrapExceptions)
[xUnit.net 00:00:00.83]         ----- Inner Stack Trace -----
[xUnit.net 00:00:00.83]            at System.RuntimeType.CreateInstanceImpl(BindingFlags bindingAttr, Binder binder, Object[] args, CultureInfo culture)
[xUnit.net 00:00:00.83]            at Castle.DynamicProxy.ProxyGenerator.CreateClassProxyInstance(Type proxyType, List`1 proxyArguments, Type classToProxy, Object[] constructorArguments)
[xUnit.net 00:00:00.83]       System.ArgumentException : Can not instantiate proxy of class: Aula.Utilities.ConversationContextManager`1[[System.Int64, System.Private.CoreLib, Version=9.0.0.0, Culture=neutral, PublicKeyToken=7cec85d7bea7798e]].
[xUnit.net 00:00:00.83]       Could not find a parameterless constructor. (Parameter 'constructorArguments')
[xUnit.net 00:00:00.83]       ---- System.MissingMethodException : Constructor on type 'Castle.Proxies.ConversationContextManager`1Proxy' not found.
[xUnit.net 00:00:00.83]       Stack Trace:
[xUnit.net 00:00:00.83]            at Castle.DynamicProxy.ProxyGenerator.CreateClassProxyInstance(Type proxyType, List`1 proxyArguments, Type classToProxy, Object[] constructorArguments)
[xUnit.net 00:00:00.83]            at Castle.DynamicProxy.ProxyGenerator.CreateClassProxy(Type classToProxy, Type[] additionalInterfacesToProxy, ProxyGenerationOptions options, Object[] constructorArguments, IInterceptor[] interceptors)
[xUnit.net 00:00:00.83]         /_/src/Moq/Interception/CastleProxyFactory.cs(62,0): at Moq.CastleProxyFactory.CreateProxy(Type mockType, IInterceptor interceptor, Type[] interfaces, Object[] arguments)
[xUnit.net 00:00:00.83]         /_/src/Moq/Mock`1.cs(309,0): at Moq.Mock`1.InitializeInstance()
[xUnit.net 00:00:00.83]         /_/src/Moq/Mock`1.cs(323,0): at Moq.Mock`1.OnGetObject()
[xUnit.net 00:00:00.83]         /_/src/Moq/Mock.cs(181,0): at Moq.Mock.get_Object()
[xUnit.net 00:00:00.83]         /_/src/Moq/Mock`1.cs(281,0): at Moq.Mock`1.get_Object()
[xUnit.net 00:00:00.83]         /mnt/d/git/aula/src/Aula.Tests/Bots/TelegramMessageHandlerTests.cs(63,0): at Aula.Tests.Bots.TelegramMessageHandlerTests..ctor()
[xUnit.net 00:00:00.83]            at System.RuntimeType.CreateInstanceDefaultCtor(Boolean publicOnly, Boolean wrapExceptions)
[xUnit.net 00:00:00.83]         ----- Inner Stack Trace -----
[xUnit.net 00:00:00.83]            at System.RuntimeType.CreateInstanceImpl(BindingFlags bindingAttr, Binder binder, Object[] args, CultureInfo culture)
[xUnit.net 00:00:00.83]            at Castle.DynamicProxy.ProxyGenerator.CreateClassProxyInstance(Type proxyType, List`1 proxyArguments, Type classToProxy, Object[] constructorArguments)
[xUnit.net 00:00:00.84]       System.ArgumentException : Can not instantiate proxy of class: Aula.Utilities.ConversationContextManager`1[[System.Int64, System.Private.CoreLib, Version=9.0.0.0, Culture=neutral, PublicKeyToken=7cec85d7bea7798e]].
[xUnit.net 00:00:00.84]       Could not find a parameterless constructor. (Parameter 'constructorArguments')
[xUnit.net 00:00:00.84]       ---- System.MissingMethodException : Constructor on type 'Castle.Proxies.ConversationContextManager`1Proxy' not found.
[xUnit.net 00:00:00.84]       Stack Trace:
[xUnit.net 00:00:00.84]            at Castle.DynamicProxy.ProxyGenerator.CreateClassProxyInstance(Type proxyType, List`1 proxyArguments, Type classToProxy, Object[] constructorArguments)
[xUnit.net 00:00:00.84]            at Castle.DynamicProxy.ProxyGenerator.CreateClassProxy(Type classToProxy, Type[] additionalInterfacesToProxy, ProxyGenerationOptions options, Object[] constructorArguments, IInterceptor[] interceptors)
[xUnit.net 00:00:00.84]         /_/src/Moq/Interception/CastleProxyFactory.cs(62,0): at Moq.CastleProxyFactory.CreateProxy(Type mockType, IInterceptor interceptor, Type[] interfaces, Object[] arguments)
[xUnit.net 00:00:00.84]         /_/src/Moq/Mock`1.cs(309,0): at Moq.Mock`1.InitializeInstance()
[xUnit.net 00:00:00.84]         /_/src/Moq/Mock`1.cs(323,0): at Moq.Mock`1.OnGetObject()
[xUnit.net 00:00:00.84]         /_/src/Moq/Mock.cs(181,0): at Moq.Mock.get_Object()
[xUnit.net 00:00:00.84]         /_/src/Moq/Mock`1.cs(281,0): at Moq.Mock`1.get_Object()
[xUnit.net 00:00:00.84]         /mnt/d/git/aula/src/Aula.Tests/Bots/TelegramMessageHandlerTests.cs(63,0): at Aula.Tests.Bots.TelegramMessageHandlerTests..ctor()
[xUnit.net 00:00:00.84]            at System.RuntimeType.CreateInstanceDefaultCtor(Boolean publicOnly, Boolean wrapExceptions)
[xUnit.net 00:00:00.84]         ----- Inner Stack Trace -----
[xUnit.net 00:00:00.84]            at System.RuntimeType.CreateInstanceImpl(BindingFlags bindingAttr, Binder binder, Object[] args, CultureInfo culture)
[xUnit.net 00:00:00.84]            at Castle.DynamicProxy.ProxyGenerator.CreateClassProxyInstance(Type proxyType, List`1 proxyArguments, Type classToProxy, Object[] constructorArguments)
[xUnit.net 00:00:00.84]       System.ArgumentException : Can not instantiate proxy of class: Aula.Utilities.ConversationContextManager`1[[System.Int64, System.Private.CoreLib, Version=9.0.0.0, Culture=neutral, PublicKeyToken=7cec85d7bea7798e]].
[xUnit.net 00:00:00.84]       Could not find a parameterless constructor. (Parameter 'constructorArguments')
[xUnit.net 00:00:00.84]       ---- System.MissingMethodException : Constructor on type 'Castle.Proxies.ConversationContextManager`1Proxy' not found.
[xUnit.net 00:00:00.84]       Stack Trace:
[xUnit.net 00:00:00.84]            at Castle.DynamicProxy.ProxyGenerator.CreateClassProxyInstance(Type proxyType, List`1 proxyArguments, Type classToProxy, Object[] constructorArguments)
[xUnit.net 00:00:00.84]            at Castle.DynamicProxy.ProxyGenerator.CreateClassProxy(Type classToProxy, Type[] additionalInterfacesToProxy, ProxyGenerationOptions options, Object[] constructorArguments, IInterceptor[] interceptors)
[xUnit.net 00:00:00.84]         /_/src/Moq/Interception/CastleProxyFactory.cs(62,0): at Moq.CastleProxyFactory.CreateProxy(Type mockType, IInterceptor interceptor, Type[] interfaces, Object[] arguments)
[xUnit.net 00:00:00.84]         /_/src/Moq/Mock`1.cs(309,0): at Moq.Mock`1.InitializeInstance()
[xUnit.net 00:00:00.84]         /_/src/Moq/Mock`1.cs(323,0): at Moq.Mock`1.OnGetObject()
[xUnit.net 00:00:00.84]         /_/src/Moq/Mock.cs(181,0): at Moq.Mock.get_Object()
[xUnit.net 00:00:00.84]         /_/src/Moq/Mock`1.cs(281,0): at Moq.Mock`1.get_Object()
[xUnit.net 00:00:00.84]         /mnt/d/git/aula/src/Aula.Tests/Bots/TelegramMessageHandlerTests.cs(63,0): at Aula.Tests.Bots.TelegramMessageHandlerTests..ctor()
[xUnit.net 00:00:00.84]            at System.RuntimeType.CreateInstanceDefaultCtor(Boolean publicOnly, Boolean wrapExceptions)
[xUnit.net 00:00:00.84]         ----- Inner Stack Trace -----
[xUnit.net 00:00:00.84]            at System.RuntimeType.CreateInstanceImpl(BindingFlags bindingAttr, Binder binder, Object[] args, CultureInfo culture)
[xUnit.net 00:00:00.84]            at Castle.DynamicProxy.ProxyGenerator.CreateClassProxyInstance(Type proxyType, List`1 proxyArguments, Type classToProxy, Object[] constructorArguments)
[xUnit.net 00:00:00.84]       System.ArgumentException : Can not instantiate proxy of class: Aula.Utilities.ConversationContextManager`1[[System.Int64, System.Private.CoreLib, Version=9.0.0.0, Culture=neutral, PublicKeyToken=7cec85d7bea7798e]].
[xUnit.net 00:00:00.84]       Could not find a parameterless constructor. (Parameter 'constructorArguments')
[xUnit.net 00:00:00.84]       ---- System.MissingMethodException : Constructor on type 'Castle.Proxies.ConversationContextManager`1Proxy' not found.
[xUnit.net 00:00:00.84]       Stack Trace:
[xUnit.net 00:00:00.84]            at Castle.DynamicProxy.ProxyGenerator.CreateClassProxyInstance(Type proxyType, List`1 proxyArguments, Type classToProxy, Object[] constructorArguments)
[xUnit.net 00:00:00.84]            at Castle.DynamicProxy.ProxyGenerator.CreateClassProxy(Type classToProxy, Type[] additionalInterfacesToProxy, ProxyGenerationOptions options, Object[] constructorArguments, IInterceptor[] interceptors)
[xUnit.net 00:00:00.84]         /_/src/Moq/Interception/CastleProxyFactory.cs(62,0): at Moq.CastleProxyFactory.CreateProxy(Type mockType, IInterceptor interceptor, Type[] interfaces, Object[] arguments)
[xUnit.net 00:00:00.84]         /_/src/Moq/Mock`1.cs(309,0): at Moq.Mock`1.InitializeInstance()
[xUnit.net 00:00:00.84]         /_/src/Moq/Mock`1.cs(323,0): at Moq.Mock`1.OnGetObject()
[xUnit.net 00:00:00.84]         /_/src/Moq/Mock.cs(181,0): at Moq.Mock.get_Object()
[xUnit.net 00:00:00.84]         /_/src/Moq/Mock`1.cs(281,0): at Moq.Mock`1.get_Object()
[xUnit.net 00:00:00.84]         /mnt/d/git/aula/src/Aula.Tests/Bots/TelegramMessageHandlerTests.cs(63,0): at Aula.Tests.Bots.TelegramMessageHandlerTests..ctor()
[xUnit.net 00:00:00.84]            at System.RuntimeType.CreateInstanceDefaultCtor(Boolean publicOnly, Boolean wrapExceptions)
[xUnit.net 00:00:00.84]         ----- Inner Stack Trace -----
[xUnit.net 00:00:00.84]            at System.RuntimeType.CreateInstanceImpl(BindingFlags bindingAttr, Binder binder, Object[] args, CultureInfo culture)
[xUnit.net 00:00:00.84]            at Castle.DynamicProxy.ProxyGenerator.CreateClassProxyInstance(Type proxyType, List`1 proxyArguments, Type classToProxy, Object[] constructorArguments)
[xUnit.net 00:00:00.87]       System.ArgumentException : Can not instantiate proxy of class: Aula.Tools.AiToolsManager.
[xUnit.net 00:00:00.87]       Could not find a parameterless constructor. (Parameter 'constructorArguments')
[xUnit.net 00:00:00.87]       ---- System.MissingMethodException : Constructor on type 'Castle.Proxies.AiToolsManagerProxy' not found.
[xUnit.net 00:00:00.87]       Stack Trace:
[xUnit.net 00:00:00.87]            at Castle.DynamicProxy.ProxyGenerator.CreateClassProxyInstance(Type proxyType, List`1 proxyArguments, Type classToProxy, Object[] constructorArguments)
[xUnit.net 00:00:00.87]            at Castle.DynamicProxy.ProxyGenerator.CreateClassProxy(Type classToProxy, Type[] additionalInterfacesToProxy, ProxyGenerationOptions options, Object[] constructorArguments, IInterceptor[] interceptors)
[xUnit.net 00:00:00.87]         /_/src/Moq/Interception/CastleProxyFactory.cs(62,0): at Moq.CastleProxyFactory.CreateProxy(Type mockType, IInterceptor interceptor, Type[] interfaces, Object[] arguments)
[xUnit.net 00:00:00.87]         /_/src/Moq/Mock`1.cs(309,0): at Moq.Mock`1.InitializeInstance()
[xUnit.net 00:00:00.87]         /_/src/Moq/Mock`1.cs(323,0): at Moq.Mock`1.OnGetObject()
[xUnit.net 00:00:00.87]         /_/src/Moq/Mock.cs(181,0): at Moq.Mock.get_Object()
[xUnit.net 00:00:00.87]         /_/src/Moq/Mock`1.cs(281,0): at Moq.Mock`1.get_Object()
[xUnit.net 00:00:00.87]         /mnt/d/git/aula/src/Aula.Tests/Services/OpenAiServiceIntegrationTests.cs(269,0): at Aula.Tests.Services.OpenAiServiceIntegrationTests.AskQuestionAboutChildrenAsync_WithValidParameters_CallsApiWithCorrectParameters()
[xUnit.net 00:00:00.87]         --- End of stack trace from previous location ---
[xUnit.net 00:00:00.87]         ----- Inner Stack Trace -----
[xUnit.net 00:00:00.87]            at System.RuntimeType.CreateInstanceImpl(BindingFlags bindingAttr, Binder binder, Object[] args, CultureInfo culture)
[xUnit.net 00:00:00.87]            at Castle.DynamicProxy.ProxyGenerator.CreateClassProxyInstance(Type proxyType, List`1 proxyArguments, Type classToProxy, Object[] constructorArguments)
[xUnit.net 00:00:00.87]       Assert.Equal() Failure: Strings differ
[xUnit.net 00:00:00.87]                  ↓ (pos 0)
[xUnit.net 00:00:00.87]       Expected: "apiKey"
[xUnit.net 00:00:00.87]       Actual:   "constructorArguments"
[xUnit.net 00:00:00.87]                  ↑ (pos 0)
[xUnit.net 00:00:00.87]       Stack Trace:
[xUnit.net 00:00:00.87]         /mnt/d/git/aula/src/Aula.Tests/Services/OpenAiServiceIntegrationTests.cs(49,0): at Aula.Tests.Services.OpenAiServiceIntegrationTests.Constructor_WithEmptyApiKey_ThrowsArgumentException()
[xUnit.net 00:00:00.87]            at System.RuntimeMethodHandle.InvokeMethod(Object target, Void** arguments, Signature sig, Boolean isConstructor)
[xUnit.net 00:00:00.87]            at System.Reflection.MethodBaseInvoker.InvokeWithNoArgs(Object obj, BindingFlags invokeAttr)
[xUnit.net 00:00:00.87]       System.ArgumentException : Can not instantiate proxy of class: Aula.Tools.AiToolsManager.
[xUnit.net 00:00:00.87]       Could not find a parameterless constructor. (Parameter 'constructorArguments')
[xUnit.net 00:00:00.87]       ---- System.MissingMethodException : Constructor on type 'Castle.Proxies.AiToolsManagerProxy' not found.
[xUnit.net 00:00:00.87]       Stack Trace:
[xUnit.net 00:00:00.87]            at Castle.DynamicProxy.ProxyGenerator.CreateClassProxyInstance(Type proxyType, List`1 proxyArguments, Type classToProxy, Object[] constructorArguments)
[xUnit.net 00:00:00.87]            at Castle.DynamicProxy.ProxyGenerator.CreateClassProxy(Type classToProxy, Type[] additionalInterfacesToProxy, ProxyGenerationOptions options, Object[] constructorArguments, IInterceptor[] interceptors)
[xUnit.net 00:00:00.87]         /_/src/Moq/Interception/CastleProxyFactory.cs(62,0): at Moq.CastleProxyFactory.CreateProxy(Type mockType, IInterceptor interceptor, Type[] interfaces, Object[] arguments)
[xUnit.net 00:00:00.87]         /_/src/Moq/Mock`1.cs(309,0): at Moq.Mock`1.InitializeInstance()
[xUnit.net 00:00:00.87]         /_/src/Moq/Mock`1.cs(323,0): at Moq.Mock`1.OnGetObject()
[xUnit.net 00:00:00.87]         /_/src/Moq/Mock.cs(181,0): at Moq.Mock.get_Object()
[xUnit.net 00:00:00.87]         /_/src/Moq/Mock`1.cs(281,0): at Moq.Mock`1.get_Object()
[xUnit.net 00:00:00.87]         /mnt/d/git/aula/src/Aula.Tests/Services/OpenAiServiceIntegrationTests.cs(32,0): at Aula.Tests.Services.OpenAiServiceIntegrationTests.Constructor_WithValidParameters_InitializesCorrectly()
[xUnit.net 00:00:00.87]            at System.RuntimeMethodHandle.InvokeMethod(Object target, Void** arguments, Signature sig, Boolean isConstructor)
[xUnit.net 00:00:00.87]            at System.Reflection.MethodBaseInvoker.InvokeWithNoArgs(Object obj, BindingFlags invokeAttr)
[xUnit.net 00:00:00.87]         ----- Inner Stack Trace -----
[xUnit.net 00:00:00.87]            at System.RuntimeType.CreateInstanceImpl(BindingFlags bindingAttr, Binder binder, Object[] args, CultureInfo culture)
[xUnit.net 00:00:00.87]            at Castle.DynamicProxy.ProxyGenerator.CreateClassProxyInstance(Type proxyType, List`1 proxyArguments, Type classToProxy, Object[] constructorArguments)
[xUnit.net 00:00:00.87]       System.ArgumentException : Can not instantiate proxy of class: Aula.Utilities.ConversationContextManager`1[[System.Int64, System.Private.CoreLib, Version=9.0.0.0, Culture=neutral, PublicKeyToken=7cec85d7bea7798e]].
[xUnit.net 00:00:00.87]       Could not find a parameterless constructor. (Parameter 'constructorArguments')
[xUnit.net 00:00:00.87]       ---- System.MissingMethodException : Constructor on type 'Castle.Proxies.ConversationContextManager`1Proxy' not found.
[xUnit.net 00:00:00.87]       Stack Trace:
[xUnit.net 00:00:00.87]            at Castle.DynamicProxy.ProxyGenerator.CreateClassProxyInstance(Type proxyType, List`1 proxyArguments, Type classToProxy, Object[] constructorArguments)
[xUnit.net 00:00:00.87]            at Castle.DynamicProxy.ProxyGenerator.CreateClassProxy(Type classToProxy, Type[] additionalInterfacesToProxy, ProxyGenerationOptions options, Object[] constructorArguments, IInterceptor[] interceptors)
[xUnit.net 00:00:00.87]         /_/src/Moq/Interception/CastleProxyFactory.cs(62,0): at Moq.CastleProxyFactory.CreateProxy(Type mockType, IInterceptor interceptor, Type[] interfaces, Object[] arguments)
[xUnit.net 00:00:00.87]         /_/src/Moq/Mock`1.cs(309,0): at Moq.Mock`1.InitializeInstance()
[xUnit.net 00:00:00.87]         /_/src/Moq/Mock`1.cs(323,0): at Moq.Mock`1.OnGetObject()
[xUnit.net 00:00:00.87]         /_/src/Moq/Mock.cs(181,0): at Moq.Mock.get_Object()
[xUnit.net 00:00:00.87]         /_/src/Moq/Mock`1.cs(281,0): at Moq.Mock`1.get_Object()
[xUnit.net 00:00:00.87]         /mnt/d/git/aula/src/Aula.Tests/Bots/TelegramMessageHandlerTests.cs(63,0): at Aula.Tests.Bots.TelegramMessageHandlerTests..ctor()
[xUnit.net 00:00:00.87]            at System.RuntimeType.CreateInstanceDefaultCtor(Boolean publicOnly, Boolean wrapExceptions)
[xUnit.net 00:00:00.87]         ----- Inner Stack Trace -----
[xUnit.net 00:00:00.87]            at System.RuntimeType.CreateInstanceImpl(BindingFlags bindingAttr, Binder binder, Object[] args, CultureInfo culture)
[xUnit.net 00:00:00.87]            at Castle.DynamicProxy.ProxyGenerator.CreateClassProxyInstance(Type proxyType, List`1 proxyArguments, Type classToProxy, Object[] constructorArguments)
[xUnit.net 00:00:00.87]       System.ArgumentException : Can not instantiate proxy of class: Aula.Utilities.ConversationContextManager`1[[System.Int64, System.Private.CoreLib, Version=9.0.0.0, Culture=neutral, PublicKeyToken=7cec85d7bea7798e]].
[xUnit.net 00:00:00.87]       Could not find a parameterless constructor. (Parameter 'constructorArguments')
[xUnit.net 00:00:00.87]       ---- System.MissingMethodException : Constructor on type 'Castle.Proxies.ConversationContextManager`1Proxy' not found.
[xUnit.net 00:00:00.87]       Stack Trace:
[xUnit.net 00:00:00.87]            at Castle.DynamicProxy.ProxyGenerator.CreateClassProxyInstance(Type proxyType, List`1 proxyArguments, Type classToProxy, Object[] constructorArguments)
[xUnit.net 00:00:00.87]            at Castle.DynamicProxy.ProxyGenerator.CreateClassProxy(Type classToProxy, Type[] additionalInterfacesToProxy, ProxyGenerationOptions options, Object[] constructorArguments, IInterceptor[] interceptors)
[xUnit.net 00:00:00.87]         /_/src/Moq/Interception/CastleProxyFactory.cs(62,0): at Moq.CastleProxyFactory.CreateProxy(Type mockType, IInterceptor interceptor, Type[] interfaces, Object[] arguments)
[xUnit.net 00:00:00.87]         /_/src/Moq/Mock`1.cs(309,0): at Moq.Mock`1.InitializeInstance()
[xUnit.net 00:00:00.87]         /_/src/Moq/Mock`1.cs(323,0): at Moq.Mock`1.OnGetObject()
[xUnit.net 00:00:00.87]         /_/src/Moq/Mock.cs(181,0): at Moq.Mock.get_Object()
[xUnit.net 00:00:00.87]         /_/src/Moq/Mock`1.cs(281,0): at Moq.Mock`1.get_Object()
[xUnit.net 00:00:00.87]         /mnt/d/git/aula/src/Aula.Tests/Bots/TelegramMessageHandlerTests.cs(63,0): at Aula.Tests.Bots.TelegramMessageHandlerTests..ctor()
[xUnit.net 00:00:00.87]            at System.RuntimeType.CreateInstanceDefaultCtor(Boolean publicOnly, Boolean wrapExceptions)
[xUnit.net 00:00:00.87]         ----- Inner Stack Trace -----
[xUnit.net 00:00:00.87]            at System.RuntimeType.CreateInstanceImpl(BindingFlags bindingAttr, Binder binder, Object[] args, CultureInfo culture)
[xUnit.net 00:00:00.87]            at Castle.DynamicProxy.ProxyGenerator.CreateClassProxyInstance(Type proxyType, List`1 proxyArguments, Type classToProxy, Object[] constructorArguments)
[xUnit.net 00:00:00.88]       System.ArgumentException : Can not instantiate proxy of class: Aula.Utilities.ConversationContextManager`1[[System.Int64, System.Private.CoreLib, Version=9.0.0.0, Culture=neutral, PublicKeyToken=7cec85d7bea7798e]].
[xUnit.net 00:00:00.88]       Could not find a parameterless constructor. (Parameter 'constructorArguments')
[xUnit.net 00:00:00.88]       ---- System.MissingMethodException : Constructor on type 'Castle.Proxies.ConversationContextManager`1Proxy' not found.
[xUnit.net 00:00:00.88]       Stack Trace:
[xUnit.net 00:00:00.88]            at Castle.DynamicProxy.ProxyGenerator.CreateClassProxyInstance(Type proxyType, List`1 proxyArguments, Type classToProxy, Object[] constructorArguments)
[xUnit.net 00:00:00.88]            at Castle.DynamicProxy.ProxyGenerator.CreateClassProxy(Type classToProxy, Type[] additionalInterfacesToProxy, ProxyGenerationOptions options, Object[] constructorArguments, IInterceptor[] interceptors)
[xUnit.net 00:00:00.88]         /_/src/Moq/Interception/CastleProxyFactory.cs(62,0): at Moq.CastleProxyFactory.CreateProxy(Type mockType, IInterceptor interceptor, Type[] interfaces, Object[] arguments)
[xUnit.net 00:00:00.88]         /_/src/Moq/Mock`1.cs(309,0): at Moq.Mock`1.InitializeInstance()
[xUnit.net 00:00:00.88]         /_/src/Moq/Mock`1.cs(323,0): at Moq.Mock`1.OnGetObject()
[xUnit.net 00:00:00.88]         /_/src/Moq/Mock.cs(181,0): at Moq.Mock.get_Object()
[xUnit.net 00:00:00.88]         /_/src/Moq/Mock`1.cs(281,0): at Moq.Mock`1.get_Object()
[xUnit.net 00:00:00.88]         /mnt/d/git/aula/src/Aula.Tests/Bots/TelegramMessageHandlerTests.cs(63,0): at Aula.Tests.Bots.TelegramMessageHandlerTests..ctor()
[xUnit.net 00:00:00.88]            at System.RuntimeType.CreateInstanceDefaultCtor(Boolean publicOnly, Boolean wrapExceptions)
[xUnit.net 00:00:00.88]         ----- Inner Stack Trace -----
[xUnit.net 00:00:00.88]            at System.RuntimeType.CreateInstanceImpl(BindingFlags bindingAttr, Binder binder, Object[] args, CultureInfo culture)
[xUnit.net 00:00:00.88]            at Castle.DynamicProxy.ProxyGenerator.CreateClassProxyInstance(Type proxyType, List`1 proxyArguments, Type classToProxy, Object[] constructorArguments)
[xUnit.net 00:00:00.88]       System.ArgumentException : Can not instantiate proxy of class: Aula.Tools.AiToolsManager.
[xUnit.net 00:00:00.88]       Could not find a parameterless constructor. (Parameter 'constructorArguments')
[xUnit.net 00:00:00.88]       ---- System.MissingMethodException : Constructor on type 'Castle.Proxies.AiToolsManagerProxy' not found.
[xUnit.net 00:00:00.88]       Stack Trace:
[xUnit.net 00:00:00.88]            at Castle.DynamicProxy.ProxyGenerator.CreateClassProxyInstance(Type proxyType, List`1 proxyArguments, Type classToProxy, Object[] constructorArguments)
[xUnit.net 00:00:00.88]            at Castle.DynamicProxy.ProxyGenerator.CreateClassProxy(Type classToProxy, Type[] additionalInterfacesToProxy, ProxyGenerationOptions options, Object[] constructorArguments, IInterceptor[] interceptors)
[xUnit.net 00:00:00.88]         /_/src/Moq/Interception/CastleProxyFactory.cs(62,0): at Moq.CastleProxyFactory.CreateProxy(Type mockType, IInterceptor interceptor, Type[] interfaces, Object[] arguments)
[xUnit.net 00:00:00.88]         /_/src/Moq/Mock`1.cs(309,0): at Moq.Mock`1.InitializeInstance()
[xUnit.net 00:00:00.88]         /_/src/Moq/Mock`1.cs(323,0): at Moq.Mock`1.OnGetObject()
[xUnit.net 00:00:00.88]         /_/src/Moq/Mock.cs(181,0): at Moq.Mock.get_Object()
[xUnit.net 00:00:00.88]         /_/src/Moq/Mock`1.cs(281,0): at Moq.Mock`1.get_Object()
[xUnit.net 00:00:00.88]         /mnt/d/git/aula/src/Aula.Tests/Services/OpenAiServiceIntegrationTests.cs(307,0): at Aula.Tests.Services.OpenAiServiceIntegrationTests.ProcessQueryWithToolsAsync_WithValidParameters_CallsApiWithCorrectParameters()
[xUnit.net 00:00:00.88]         --- End of stack trace from previous location ---
[xUnit.net 00:00:00.88]         ----- Inner Stack Trace -----
[xUnit.net 00:00:00.88]            at System.RuntimeType.CreateInstanceImpl(BindingFlags bindingAttr, Binder binder, Object[] args, CultureInfo culture)
[xUnit.net 00:00:00.88]            at Castle.DynamicProxy.ProxyGenerator.CreateClassProxyInstance(Type proxyType, List`1 proxyArguments, Type classToProxy, Object[] constructorArguments)
[xUnit.net 00:00:00.88]       System.ArgumentException : Can not instantiate proxy of class: Aula.Utilities.ConversationContextManager`1[[System.Int64, System.Private.CoreLib, Version=9.0.0.0, Culture=neutral, PublicKeyToken=7cec85d7bea7798e]].
[xUnit.net 00:00:00.88]       Could not find a parameterless constructor. (Parameter 'constructorArguments')
[xUnit.net 00:00:00.88]       ---- System.MissingMethodException : Constructor on type 'Castle.Proxies.ConversationContextManager`1Proxy' not found.
[xUnit.net 00:00:00.88]       Stack Trace:
[xUnit.net 00:00:00.88]            at Castle.DynamicProxy.ProxyGenerator.CreateClassProxyInstance(Type proxyType, List`1 proxyArguments, Type classToProxy, Object[] constructorArguments)
[xUnit.net 00:00:00.88]            at Castle.DynamicProxy.ProxyGenerator.CreateClassProxy(Type classToProxy, Type[] additionalInterfacesToProxy, ProxyGenerationOptions options, Object[] constructorArguments, IInterceptor[] interceptors)
[xUnit.net 00:00:00.88]         /_/src/Moq/Interception/CastleProxyFactory.cs(62,0): at Moq.CastleProxyFactory.CreateProxy(Type mockType, IInterceptor interceptor, Type[] interfaces, Object[] arguments)
[xUnit.net 00:00:00.88]         /_/src/Moq/Mock`1.cs(309,0): at Moq.Mock`1.InitializeInstance()
[xUnit.net 00:00:00.88]         /_/src/Moq/Mock`1.cs(323,0): at Moq.Mock`1.OnGetObject()
[xUnit.net 00:00:00.88]         /_/src/Moq/Mock.cs(181,0): at Moq.Mock.get_Object()
[xUnit.net 00:00:00.88]         /_/src/Moq/Mock`1.cs(281,0): at Moq.Mock`1.get_Object()
[xUnit.net 00:00:00.88]         /mnt/d/git/aula/src/Aula.Tests/Bots/TelegramMessageHandlerTests.cs(63,0): at Aula.Tests.Bots.TelegramMessageHandlerTests..ctor()
[xUnit.net 00:00:00.88]            at System.RuntimeType.CreateInstanceDefaultCtor(Boolean publicOnly, Boolean wrapExceptions)
[xUnit.net 00:00:00.88]         ----- Inner Stack Trace -----
[xUnit.net 00:00:00.88]            at System.RuntimeType.CreateInstanceImpl(BindingFlags bindingAttr, Binder binder, Object[] args, CultureInfo culture)
[xUnit.net 00:00:00.88]            at Castle.DynamicProxy.ProxyGenerator.CreateClassProxyInstance(Type proxyType, List`1 proxyArguments, Type classToProxy, Object[] constructorArguments)
[xUnit.net 00:00:00.88]       System.ArgumentException : Can not instantiate proxy of class: Aula.Utilities.ConversationContextManager`1[[System.Int64, System.Private.CoreLib, Version=9.0.0.0, Culture=neutral, PublicKeyToken=7cec85d7bea7798e]].
[xUnit.net 00:00:00.88]       Could not find a parameterless constructor. (Parameter 'constructorArguments')
[xUnit.net 00:00:00.88]       ---- System.MissingMethodException : Constructor on type 'Castle.Proxies.ConversationContextManager`1Proxy' not found.
[xUnit.net 00:00:00.88]       Stack Trace:
[xUnit.net 00:00:00.88]            at Castle.DynamicProxy.ProxyGenerator.CreateClassProxyInstance(Type proxyType, List`1 proxyArguments, Type classToProxy, Object[] constructorArguments)
[xUnit.net 00:00:00.88]            at Castle.DynamicProxy.ProxyGenerator.CreateClassProxy(Type classToProxy, Type[] additionalInterfacesToProxy, ProxyGenerationOptions options, Object[] constructorArguments, IInterceptor[] interceptors)
[xUnit.net 00:00:00.88]         /_/src/Moq/Interception/CastleProxyFactory.cs(62,0): at Moq.CastleProxyFactory.CreateProxy(Type mockType, IInterceptor interceptor, Type[] interfaces, Object[] arguments)
[xUnit.net 00:00:00.88]         /_/src/Moq/Mock`1.cs(309,0): at Moq.Mock`1.InitializeInstance()
[xUnit.net 00:00:00.88]         /_/src/Moq/Mock`1.cs(323,0): at Moq.Mock`1.OnGetObject()
[xUnit.net 00:00:00.88]         /_/src/Moq/Mock.cs(181,0): at Moq.Mock.get_Object()
[xUnit.net 00:00:00.88]         /_/src/Moq/Mock`1.cs(281,0): at Moq.Mock`1.get_Object()
[xUnit.net 00:00:00.88]         /mnt/d/git/aula/src/Aula.Tests/Bots/TelegramMessageHandlerTests.cs(63,0): at Aula.Tests.Bots.TelegramMessageHandlerTests..ctor()
[xUnit.net 00:00:00.88]            at System.RuntimeType.CreateInstanceDefaultCtor(Boolean publicOnly, Boolean wrapExceptions)
[xUnit.net 00:00:00.88]         ----- Inner Stack Trace -----
[xUnit.net 00:00:00.88]            at System.RuntimeType.CreateInstanceImpl(BindingFlags bindingAttr, Binder binder, Object[] args, CultureInfo culture)
[xUnit.net 00:00:00.88]            at Castle.DynamicProxy.ProxyGenerator.CreateClassProxyInstance(Type proxyType, List`1 proxyArguments, Type classToProxy, Object[] constructorArguments)
[xUnit.net 00:00:00.88]       System.ArgumentException : Can not instantiate proxy of class: Aula.Utilities.ConversationContextManager`1[[System.Int64, System.Private.CoreLib, Version=9.0.0.0, Culture=neutral, PublicKeyToken=7cec85d7bea7798e]].
[xUnit.net 00:00:00.88]       Could not find a parameterless constructor. (Parameter 'constructorArguments')
[xUnit.net 00:00:00.88]       ---- System.MissingMethodException : Constructor on type 'Castle.Proxies.ConversationContextManager`1Proxy' not found.
[xUnit.net 00:00:00.88]       Stack Trace:
[xUnit.net 00:00:00.88]            at Castle.DynamicProxy.ProxyGenerator.CreateClassProxyInstance(Type proxyType, List`1 proxyArguments, Type classToProxy, Object[] constructorArguments)
[xUnit.net 00:00:00.88]            at Castle.DynamicProxy.ProxyGenerator.CreateClassProxy(Type classToProxy, Type[] additionalInterfacesToProxy, ProxyGenerationOptions options, Object[] constructorArguments, IInterceptor[] interceptors)
[xUnit.net 00:00:00.88]         /_/src/Moq/Interception/CastleProxyFactory.cs(62,0): at Moq.CastleProxyFactory.CreateProxy(Type mockType, IInterceptor interceptor, Type[] interfaces, Object[] arguments)
[xUnit.net 00:00:00.88]         /_/src/Moq/Mock`1.cs(309,0): at Moq.Mock`1.InitializeInstance()
[xUnit.net 00:00:00.88]         /_/src/Moq/Mock`1.cs(323,0): at Moq.Mock`1.OnGetObject()
[xUnit.net 00:00:00.88]         /_/src/Moq/Mock.cs(181,0): at Moq.Mock.get_Object()
[xUnit.net 00:00:00.88]         /_/src/Moq/Mock`1.cs(281,0): at Moq.Mock`1.get_Object()
[xUnit.net 00:00:00.88]         /mnt/d/git/aula/src/Aula.Tests/Bots/TelegramMessageHandlerTests.cs(63,0): at Aula.Tests.Bots.TelegramMessageHandlerTests..ctor()
[xUnit.net 00:00:00.88]            at System.RuntimeType.CreateInstanceDefaultCtor(Boolean publicOnly, Boolean wrapExceptions)
[xUnit.net 00:00:00.88]         ----- Inner Stack Trace -----
[xUnit.net 00:00:00.88]            at System.RuntimeType.CreateInstanceImpl(BindingFlags bindingAttr, Binder binder, Object[] args, CultureInfo culture)
[xUnit.net 00:00:00.88]            at Castle.DynamicProxy.ProxyGenerator.CreateClassProxyInstance(Type proxyType, List`1 proxyArguments, Type classToProxy, Object[] constructorArguments)
[xUnit.net 00:00:00.88]       System.ArgumentException : Can not instantiate proxy of class: Aula.Utilities.ConversationContextManager`1[[System.Int64, System.Private.CoreLib, Version=9.0.0.0, Culture=neutral, PublicKeyToken=7cec85d7bea7798e]].
[xUnit.net 00:00:00.88]       Could not find a parameterless constructor. (Parameter 'constructorArguments')
[xUnit.net 00:00:00.88]       ---- System.MissingMethodException : Constructor on type 'Castle.Proxies.ConversationContextManager`1Proxy' not found.
[xUnit.net 00:00:00.88]       Stack Trace:
[xUnit.net 00:00:00.88]            at Castle.DynamicProxy.ProxyGenerator.CreateClassProxyInstance(Type proxyType, List`1 proxyArguments, Type classToProxy, Object[] constructorArguments)
[xUnit.net 00:00:00.88]            at Castle.DynamicProxy.ProxyGenerator.CreateClassProxy(Type classToProxy, Type[] additionalInterfacesToProxy, ProxyGenerationOptions options, Object[] constructorArguments, IInterceptor[] interceptors)
[xUnit.net 00:00:00.88]         /_/src/Moq/Interception/CastleProxyFactory.cs(62,0): at Moq.CastleProxyFactory.CreateProxy(Type mockType, IInterceptor interceptor, Type[] interfaces, Object[] arguments)
[xUnit.net 00:00:00.88]         /_/src/Moq/Mock`1.cs(309,0): at Moq.Mock`1.InitializeInstance()
[xUnit.net 00:00:00.88]         /_/src/Moq/Mock`1.cs(323,0): at Moq.Mock`1.OnGetObject()
[xUnit.net 00:00:00.88]         /_/src/Moq/Mock.cs(181,0): at Moq.Mock.get_Object()
[xUnit.net 00:00:00.88]         /_/src/Moq/Mock`1.cs(281,0): at Moq.Mock`1.get_Object()
[xUnit.net 00:00:00.88]         /mnt/d/git/aula/src/Aula.Tests/Bots/TelegramMessageHandlerTests.cs(63,0): at Aula.Tests.Bots.TelegramMessageHandlerTests..ctor()
[xUnit.net 00:00:00.88]            at System.RuntimeType.CreateInstanceDefaultCtor(Boolean publicOnly, Boolean wrapExceptions)
[xUnit.net 00:00:00.88]         ----- Inner Stack Trace -----
[xUnit.net 00:00:00.88]            at System.RuntimeType.CreateInstanceImpl(BindingFlags bindingAttr, Binder binder, Object[] args, CultureInfo culture)
[xUnit.net 00:00:00.88]            at Castle.DynamicProxy.ProxyGenerator.CreateClassProxyInstance(Type proxyType, List`1 proxyArguments, Type classToProxy, Object[] constructorArguments)
[xUnit.net 00:00:00.88]       System.ArgumentException : Can not instantiate proxy of class: Aula.Utilities.ConversationContextManager`1[[System.Int64, System.Private.CoreLib, Version=9.0.0.0, Culture=neutral, PublicKeyToken=7cec85d7bea7798e]].
[xUnit.net 00:00:00.88]       Could not find a parameterless constructor. (Parameter 'constructorArguments')
[xUnit.net 00:00:00.88]       ---- System.MissingMethodException : Constructor on type 'Castle.Proxies.ConversationContextManager`1Proxy' not found.
[xUnit.net 00:00:00.88]       Stack Trace:
[xUnit.net 00:00:00.88]            at Castle.DynamicProxy.ProxyGenerator.CreateClassProxyInstance(Type proxyType, List`1 proxyArguments, Type classToProxy, Object[] constructorArguments)
[xUnit.net 00:00:00.88]            at Castle.DynamicProxy.ProxyGenerator.CreateClassProxy(Type classToProxy, Type[] additionalInterfacesToProxy, ProxyGenerationOptions options, Object[] constructorArguments, IInterceptor[] interceptors)
[xUnit.net 00:00:00.88]         /_/src/Moq/Interception/CastleProxyFactory.cs(62,0): at Moq.CastleProxyFactory.CreateProxy(Type mockType, IInterceptor interceptor, Type[] interfaces, Object[] arguments)
[xUnit.net 00:00:00.88]         /_/src/Moq/Mock`1.cs(309,0): at Moq.Mock`1.InitializeInstance()
[xUnit.net 00:00:00.88]         /_/src/Moq/Mock`1.cs(323,0): at Moq.Mock`1.OnGetObject()
[xUnit.net 00:00:00.88]         /_/src/Moq/Mock.cs(181,0): at Moq.Mock.get_Object()
[xUnit.net 00:00:00.88]         /_/src/Moq/Mock`1.cs(281,0): at Moq.Mock`1.get_Object()
[xUnit.net 00:00:00.88]         /mnt/d/git/aula/src/Aula.Tests/Bots/TelegramMessageHandlerTests.cs(63,0): at Aula.Tests.Bots.TelegramMessageHandlerTests..ctor()
[xUnit.net 00:00:00.89]            at System.RuntimeType.CreateInstanceDefaultCtor(Boolean publicOnly, Boolean wrapExceptions)
[xUnit.net 00:00:00.89]         ----- Inner Stack Trace -----
[xUnit.net 00:00:00.89]            at System.RuntimeType.CreateInstanceImpl(BindingFlags bindingAttr, Binder binder, Object[] args, CultureInfo culture)
[xUnit.net 00:00:00.89]            at Castle.DynamicProxy.ProxyGenerator.CreateClassProxyInstance(Type proxyType, List`1 proxyArguments, Type classToProxy, Object[] constructorArguments)
[xUnit.net 00:00:00.89]       System.ArgumentException : Can not instantiate proxy of class: Aula.Tools.AiToolsManager.
[xUnit.net 00:00:00.89]       Could not find a parameterless constructor. (Parameter 'constructorArguments')
[xUnit.net 00:00:00.89]       ---- System.MissingMethodException : Constructor on type 'Castle.Proxies.AiToolsManagerProxy' not found.
[xUnit.net 00:00:00.89]       Stack Trace:
[xUnit.net 00:00:00.89]            at Castle.DynamicProxy.ProxyGenerator.CreateClassProxyInstance(Type proxyType, List`1 proxyArguments, Type classToProxy, Object[] constructorArguments)
[xUnit.net 00:00:00.89]            at Castle.DynamicProxy.ProxyGenerator.CreateClassProxy(Type classToProxy, Type[] additionalInterfacesToProxy, ProxyGenerationOptions options, Object[] constructorArguments, IInterceptor[] interceptors)
[xUnit.net 00:00:00.89]         /_/src/Moq/Interception/CastleProxyFactory.cs(62,0): at Moq.CastleProxyFactory.CreateProxy(Type mockType, IInterceptor interceptor, Type[] interfaces, Object[] arguments)
[xUnit.net 00:00:00.89]         /_/src/Moq/Mock`1.cs(309,0): at Moq.Mock`1.InitializeInstance()
[xUnit.net 00:00:00.89]         /_/src/Moq/Mock`1.cs(323,0): at Moq.Mock`1.OnGetObject()
[xUnit.net 00:00:00.89]         /_/src/Moq/Mock.cs(181,0): at Moq.Mock.get_Object()
[xUnit.net 00:00:00.89]         /_/src/Moq/Mock`1.cs(281,0): at Moq.Mock`1.get_Object()
[xUnit.net 00:00:00.89]         /mnt/d/git/aula/src/Aula.Tests/Services/OpenAiServiceIntegrationTests.cs(215,0): at Aula.Tests.Services.OpenAiServiceIntegrationTests.AskQuestionAboutWeekLetterAsync_WithValidParameters_CallsApiWithCorrectParameters()
[xUnit.net 00:00:00.89]         --- End of stack trace from previous location ---
[xUnit.net 00:00:00.89]         ----- Inner Stack Trace -----
[xUnit.net 00:00:00.89]            at System.RuntimeType.CreateInstanceImpl(BindingFlags bindingAttr, Binder binder, Object[] args, CultureInfo culture)
[xUnit.net 00:00:00.89]            at Castle.DynamicProxy.ProxyGenerator.CreateClassProxyInstance(Type proxyType, List`1 proxyArguments, Type classToProxy, Object[] constructorArguments)
[xUnit.net 00:00:00.89]       System.ArgumentException : Can not instantiate proxy of class: Aula.Utilities.ConversationContextManager`1[[System.Int64, System.Private.CoreLib, Version=9.0.0.0, Culture=neutral, PublicKeyToken=7cec85d7bea7798e]].
[xUnit.net 00:00:00.89]       Could not find a parameterless constructor. (Parameter 'constructorArguments')
[xUnit.net 00:00:00.89]       ---- System.MissingMethodException : Constructor on type 'Castle.Proxies.ConversationContextManager`1Proxy' not found.
[xUnit.net 00:00:00.89]       Stack Trace:
[xUnit.net 00:00:00.89]            at Castle.DynamicProxy.ProxyGenerator.CreateClassProxyInstance(Type proxyType, List`1 proxyArguments, Type classToProxy, Object[] constructorArguments)
[xUnit.net 00:00:00.89]            at Castle.DynamicProxy.ProxyGenerator.CreateClassProxy(Type classToProxy, Type[] additionalInterfacesToProxy, ProxyGenerationOptions options, Object[] constructorArguments, IInterceptor[] interceptors)
[xUnit.net 00:00:00.89]         /_/src/Moq/Interception/CastleProxyFactory.cs(62,0): at Moq.CastleProxyFactory.CreateProxy(Type mockType, IInterceptor interceptor, Type[] interfaces, Object[] arguments)
[xUnit.net 00:00:00.89]         /_/src/Moq/Mock`1.cs(309,0): at Moq.Mock`1.InitializeInstance()
[xUnit.net 00:00:00.89]         /_/src/Moq/Mock`1.cs(323,0): at Moq.Mock`1.OnGetObject()
[xUnit.net 00:00:00.89]         /_/src/Moq/Mock.cs(181,0): at Moq.Mock.get_Object()
[xUnit.net 00:00:00.89]         /_/src/Moq/Mock`1.cs(281,0): at Moq.Mock`1.get_Object()
[xUnit.net 00:00:00.89]         /mnt/d/git/aula/src/Aula.Tests/Bots/TelegramMessageHandlerTests.cs(63,0): at Aula.Tests.Bots.TelegramMessageHandlerTests..ctor()
[xUnit.net 00:00:00.89]            at System.RuntimeType.CreateInstanceDefaultCtor(Boolean publicOnly, Boolean wrapExceptions)
[xUnit.net 00:00:00.89]         ----- Inner Stack Trace -----
[xUnit.net 00:00:00.89]            at System.RuntimeType.CreateInstanceImpl(BindingFlags bindingAttr, Binder binder, Object[] args, CultureInfo culture)
[xUnit.net 00:00:00.89]            at Castle.DynamicProxy.ProxyGenerator.CreateClassProxyInstance(Type proxyType, List`1 proxyArguments, Type classToProxy, Object[] constructorArguments)
[xUnit.net 00:00:00.89]       System.ArgumentException : Can not instantiate proxy of class: Aula.Utilities.ConversationContextManager`1[[System.Int64, System.Private.CoreLib, Version=9.0.0.0, Culture=neutral, PublicKeyToken=7cec85d7bea7798e]].
[xUnit.net 00:00:00.89]       Could not find a parameterless constructor. (Parameter 'constructorArguments')
[xUnit.net 00:00:00.89]       ---- System.MissingMethodException : Constructor on type 'Castle.Proxies.ConversationContextManager`1Proxy' not found.
[xUnit.net 00:00:00.89]       Stack Trace:
[xUnit.net 00:00:00.89]            at Castle.DynamicProxy.ProxyGenerator.CreateClassProxyInstance(Type proxyType, List`1 proxyArguments, Type classToProxy, Object[] constructorArguments)
[xUnit.net 00:00:00.89]            at Castle.DynamicProxy.ProxyGenerator.CreateClassProxy(Type classToProxy, Type[] additionalInterfacesToProxy, ProxyGenerationOptions options, Object[] constructorArguments, IInterceptor[] interceptors)
[xUnit.net 00:00:00.89]         /_/src/Moq/Interception/CastleProxyFactory.cs(62,0): at Moq.CastleProxyFactory.CreateProxy(Type mockType, IInterceptor interceptor, Type[] interfaces, Object[] arguments)
[xUnit.net 00:00:00.89]         /_/src/Moq/Mock`1.cs(309,0): at Moq.Mock`1.InitializeInstance()
[xUnit.net 00:00:00.89]         /_/src/Moq/Mock`1.cs(323,0): at Moq.Mock`1.OnGetObject()
[xUnit.net 00:00:00.89]         /_/src/Moq/Mock.cs(181,0): at Moq.Mock.get_Object()
[xUnit.net 00:00:00.89]         /_/src/Moq/Mock`1.cs(281,0): at Moq.Mock`1.get_Object()
[xUnit.net 00:00:00.89]         /mnt/d/git/aula/src/Aula.Tests/Bots/TelegramMessageHandlerTests.cs(63,0): at Aula.Tests.Bots.TelegramMessageHandlerTests..ctor()
[xUnit.net 00:00:00.89]            at System.RuntimeType.CreateInstanceDefaultCtor(Boolean publicOnly, Boolean wrapExceptions)
[xUnit.net 00:00:00.89]         ----- Inner Stack Trace -----
[xUnit.net 00:00:00.89]            at System.RuntimeType.CreateInstanceImpl(BindingFlags bindingAttr, Binder binder, Object[] args, CultureInfo culture)
[xUnit.net 00:00:00.89]            at Castle.DynamicProxy.ProxyGenerator.CreateClassProxyInstance(Type proxyType, List`1 proxyArguments, Type classToProxy, Object[] constructorArguments)
[xUnit.net 00:00:00.89]       System.ArgumentException : Can not instantiate proxy of class: Aula.Utilities.ConversationContextManager`1[[System.Int64, System.Private.CoreLib, Version=9.0.0.0, Culture=neutral, PublicKeyToken=7cec85d7bea7798e]].
[xUnit.net 00:00:00.89]       Could not find a parameterless constructor. (Parameter 'constructorArguments')
[xUnit.net 00:00:00.89]       ---- System.MissingMethodException : Constructor on type 'Castle.Proxies.ConversationContextManager`1Proxy' not found.
[xUnit.net 00:00:00.89]       Stack Trace:
[xUnit.net 00:00:00.89]            at Castle.DynamicProxy.ProxyGenerator.CreateClassProxyInstance(Type proxyType, List`1 proxyArguments, Type classToProxy, Object[] constructorArguments)
[xUnit.net 00:00:00.89]            at Castle.DynamicProxy.ProxyGenerator.CreateClassProxy(Type classToProxy, Type[] additionalInterfacesToProxy, ProxyGenerationOptions options, Object[] constructorArguments, IInterceptor[] interceptors)
[xUnit.net 00:00:00.89]         /_/src/Moq/Interception/CastleProxyFactory.cs(62,0): at Moq.CastleProxyFactory.CreateProxy(Type mockType, IInterceptor interceptor, Type[] interfaces, Object[] arguments)
[xUnit.net 00:00:00.89]         /_/src/Moq/Mock`1.cs(309,0): at Moq.Mock`1.InitializeInstance()
[xUnit.net 00:00:00.89]         /_/src/Moq/Mock`1.cs(323,0): at Moq.Mock`1.OnGetObject()
[xUnit.net 00:00:00.89]         /_/src/Moq/Mock.cs(181,0): at Moq.Mock.get_Object()
[xUnit.net 00:00:00.89]         /_/src/Moq/Mock`1.cs(281,0): at Moq.Mock`1.get_Object()
[xUnit.net 00:00:00.89]         /mnt/d/git/aula/src/Aula.Tests/Bots/TelegramMessageHandlerTests.cs(63,0): at Aula.Tests.Bots.TelegramMessageHandlerTests..ctor()
[xUnit.net 00:00:00.89]            at System.RuntimeType.CreateInstanceDefaultCtor(Boolean publicOnly, Boolean wrapExceptions)
[xUnit.net 00:00:00.89]         ----- Inner Stack Trace -----
[xUnit.net 00:00:00.89]            at System.RuntimeType.CreateInstanceImpl(BindingFlags bindingAttr, Binder binder, Object[] args, CultureInfo culture)
[xUnit.net 00:00:00.89]            at Castle.DynamicProxy.ProxyGenerator.CreateClassProxyInstance(Type proxyType, List`1 proxyArguments, Type classToProxy, Object[] constructorArguments)
[xUnit.net 00:00:00.89]       System.ArgumentException : Can not instantiate proxy of class: Aula.Tools.AiToolsManager.
[xUnit.net 00:00:00.89]       Could not find a parameterless constructor. (Parameter 'constructorArguments')
[xUnit.net 00:00:00.89]       ---- System.MissingMethodException : Constructor on type 'Castle.Proxies.AiToolsManagerProxy' not found.
[xUnit.net 00:00:00.89]       Stack Trace:
[xUnit.net 00:00:00.89]            at Castle.DynamicProxy.ProxyGenerator.CreateClassProxyInstance(Type proxyType, List`1 proxyArguments, Type classToProxy, Object[] constructorArguments)
[xUnit.net 00:00:00.89]            at Castle.DynamicProxy.ProxyGenerator.CreateClassProxy(Type classToProxy, Type[] additionalInterfacesToProxy, ProxyGenerationOptions options, Object[] constructorArguments, IInterceptor[] interceptors)
[xUnit.net 00:00:00.89]         /_/src/Moq/Interception/CastleProxyFactory.cs(62,0): at Moq.CastleProxyFactory.CreateProxy(Type mockType, IInterceptor interceptor, Type[] interfaces, Object[] arguments)
[xUnit.net 00:00:00.89]         /_/src/Moq/Mock`1.cs(309,0): at Moq.Mock`1.InitializeInstance()
[xUnit.net 00:00:00.89]         /_/src/Moq/Mock`1.cs(323,0): at Moq.Mock`1.OnGetObject()
[xUnit.net 00:00:00.89]         /_/src/Moq/Mock.cs(181,0): at Moq.Mock.get_Object()
[xUnit.net 00:00:00.89]         /_/src/Moq/Mock`1.cs(281,0): at Moq.Mock`1.get_Object()
[xUnit.net 00:00:00.89]         /mnt/d/git/aula/src/Aula.Tests/Services/OpenAiServiceIntegrationTests.cs(339,0): at Aula.Tests.Services.OpenAiServiceIntegrationTests.MultipleConversations_WithDifferentContextKeys_AreHandledSeparately()
[xUnit.net 00:00:00.89]            at System.RuntimeMethodHandle.InvokeMethod(Object target, Void** arguments, Signature sig, Boolean isConstructor)
[xUnit.net 00:00:00.89]            at System.Reflection.MethodBaseInvoker.InvokeWithNoArgs(Object obj, BindingFlags invokeAttr)
[xUnit.net 00:00:00.89]         ----- Inner Stack Trace -----
[xUnit.net 00:00:00.89]            at System.RuntimeType.CreateInstanceImpl(BindingFlags bindingAttr, Binder binder, Object[] args, CultureInfo culture)
[xUnit.net 00:00:00.89]            at Castle.DynamicProxy.ProxyGenerator.CreateClassProxyInstance(Type proxyType, List`1 proxyArguments, Type classToProxy, Object[] constructorArguments)
[xUnit.net 00:00:00.89]       System.ArgumentException : Can not instantiate proxy of class: Aula.Utilities.ConversationContextManager`1[[System.Int64, System.Private.CoreLib, Version=9.0.0.0, Culture=neutral, PublicKeyToken=7cec85d7bea7798e]].
[xUnit.net 00:00:00.89]       Could not find a parameterless constructor. (Parameter 'constructorArguments')
[xUnit.net 00:00:00.89]       ---- System.MissingMethodException : Constructor on type 'Castle.Proxies.ConversationContextManager`1Proxy' not found.
[xUnit.net 00:00:00.89]       Stack Trace:
[xUnit.net 00:00:00.89]            at Castle.DynamicProxy.ProxyGenerator.CreateClassProxyInstance(Type proxyType, List`1 proxyArguments, Type classToProxy, Object[] constructorArguments)
[xUnit.net 00:00:00.89]            at Castle.DynamicProxy.ProxyGenerator.CreateClassProxy(Type classToProxy, Type[] additionalInterfacesToProxy, ProxyGenerationOptions options, Object[] constructorArguments, IInterceptor[] interceptors)
[xUnit.net 00:00:00.89]         /_/src/Moq/Interception/CastleProxyFactory.cs(62,0): at Moq.CastleProxyFactory.CreateProxy(Type mockType, IInterceptor interceptor, Type[] interfaces, Object[] arguments)
[xUnit.net 00:00:00.89]         /_/src/Moq/Mock`1.cs(309,0): at Moq.Mock`1.InitializeInstance()
[xUnit.net 00:00:00.89]         /_/src/Moq/Mock`1.cs(323,0): at Moq.Mock`1.OnGetObject()
[xUnit.net 00:00:00.89]         /_/src/Moq/Mock.cs(181,0): at Moq.Mock.get_Object()
[xUnit.net 00:00:00.90]         /_/src/Moq/Mock`1.cs(281,0): at Moq.Mock`1.get_Object()
[xUnit.net 00:00:00.90]         /mnt/d/git/aula/src/Aula.Tests/Bots/TelegramMessageHandlerTests.cs(63,0): at Aula.Tests.Bots.TelegramMessageHandlerTests..ctor()
[xUnit.net 00:00:00.90]            at System.RuntimeType.CreateInstanceDefaultCtor(Boolean publicOnly, Boolean wrapExceptions)
[xUnit.net 00:00:00.90]         ----- Inner Stack Trace -----
[xUnit.net 00:00:00.90]            at System.RuntimeType.CreateInstanceImpl(BindingFlags bindingAttr, Binder binder, Object[] args, CultureInfo culture)
[xUnit.net 00:00:00.90]            at Castle.DynamicProxy.ProxyGenerator.CreateClassProxyInstance(Type proxyType, List`1 proxyArguments, Type classToProxy, Object[] constructorArguments)
[xUnit.net 00:00:00.90]       System.ArgumentException : Can not instantiate proxy of class: Aula.Utilities.ConversationContextManager`1[[System.Int64, System.Private.CoreLib, Version=9.0.0.0, Culture=neutral, PublicKeyToken=7cec85d7bea7798e]].
[xUnit.net 00:00:00.90]       Could not find a parameterless constructor. (Parameter 'constructorArguments')
[xUnit.net 00:00:00.90]       ---- System.MissingMethodException : Constructor on type 'Castle.Proxies.ConversationContextManager`1Proxy' not found.
[xUnit.net 00:00:00.90]       Stack Trace:
[xUnit.net 00:00:00.90]            at Castle.DynamicProxy.ProxyGenerator.CreateClassProxyInstance(Type proxyType, List`1 proxyArguments, Type classToProxy, Object[] constructorArguments)
[xUnit.net 00:00:00.90]            at Castle.DynamicProxy.ProxyGenerator.CreateClassProxy(Type classToProxy, Type[] additionalInterfacesToProxy, ProxyGenerationOptions options, Object[] constructorArguments, IInterceptor[] interceptors)
[xUnit.net 00:00:00.90]         /_/src/Moq/Interception/CastleProxyFactory.cs(62,0): at Moq.CastleProxyFactory.CreateProxy(Type mockType, IInterceptor interceptor, Type[] interfaces, Object[] arguments)
[xUnit.net 00:00:00.90]         /_/src/Moq/Mock`1.cs(309,0): at Moq.Mock`1.InitializeInstance()
[xUnit.net 00:00:00.90]         /_/src/Moq/Mock`1.cs(323,0): at Moq.Mock`1.OnGetObject()
[xUnit.net 00:00:00.90]         /_/src/Moq/Mock.cs(181,0): at Moq.Mock.get_Object()
[xUnit.net 00:00:00.90]         /_/src/Moq/Mock`1.cs(281,0): at Moq.Mock`1.get_Object()
[xUnit.net 00:00:00.90]         /mnt/d/git/aula/src/Aula.Tests/Bots/TelegramMessageHandlerTests.cs(63,0): at Aula.Tests.Bots.TelegramMessageHandlerTests..ctor()
[xUnit.net 00:00:00.90]            at System.RuntimeType.CreateInstanceDefaultCtor(Boolean publicOnly, Boolean wrapExceptions)
[xUnit.net 00:00:00.90]         ----- Inner Stack Trace -----
[xUnit.net 00:00:00.90]            at System.RuntimeType.CreateInstanceImpl(BindingFlags bindingAttr, Binder binder, Object[] args, CultureInfo culture)
[xUnit.net 00:00:00.90]            at Castle.DynamicProxy.ProxyGenerator.CreateClassProxyInstance(Type proxyType, List`1 proxyArguments, Type classToProxy, Object[] constructorArguments)
[xUnit.net 00:00:00.90]       System.ArgumentException : Can not instantiate proxy of class: Aula.Utilities.ConversationContextManager`1[[System.Int64, System.Private.CoreLib, Version=9.0.0.0, Culture=neutral, PublicKeyToken=7cec85d7bea7798e]].
[xUnit.net 00:00:00.90]       Could not find a parameterless constructor. (Parameter 'constructorArguments')
[xUnit.net 00:00:00.90]       ---- System.MissingMethodException : Constructor on type 'Castle.Proxies.ConversationContextManager`1Proxy' not found.
[xUnit.net 00:00:00.90]       Stack Trace:
[xUnit.net 00:00:00.90]            at Castle.DynamicProxy.ProxyGenerator.CreateClassProxyInstance(Type proxyType, List`1 proxyArguments, Type classToProxy, Object[] constructorArguments)
[xUnit.net 00:00:00.90]            at Castle.DynamicProxy.ProxyGenerator.CreateClassProxy(Type classToProxy, Type[] additionalInterfacesToProxy, ProxyGenerationOptions options, Object[] constructorArguments, IInterceptor[] interceptors)
[xUnit.net 00:00:00.90]         /_/src/Moq/Interception/CastleProxyFactory.cs(62,0): at Moq.CastleProxyFactory.CreateProxy(Type mockType, IInterceptor interceptor, Type[] interfaces, Object[] arguments)
[xUnit.net 00:00:00.90]         /_/src/Moq/Mock`1.cs(309,0): at Moq.Mock`1.InitializeInstance()
[xUnit.net 00:00:00.90]         /_/src/Moq/Mock`1.cs(323,0): at Moq.Mock`1.OnGetObject()
[xUnit.net 00:00:00.90]         /_/src/Moq/Mock.cs(181,0): at Moq.Mock.get_Object()
[xUnit.net 00:00:00.90]         /_/src/Moq/Mock`1.cs(281,0): at Moq.Mock`1.get_Object()
[xUnit.net 00:00:00.90]         /mnt/d/git/aula/src/Aula.Tests/Bots/TelegramMessageHandlerTests.cs(63,0): at Aula.Tests.Bots.TelegramMessageHandlerTests..ctor()
[xUnit.net 00:00:00.90]            at System.RuntimeType.CreateInstanceDefaultCtor(Boolean publicOnly, Boolean wrapExceptions)
[xUnit.net 00:00:00.90]         ----- Inner Stack Trace -----
[xUnit.net 00:00:00.90]            at System.RuntimeType.CreateInstanceImpl(BindingFlags bindingAttr, Binder binder, Object[] args, CultureInfo culture)
[xUnit.net 00:00:00.90]            at Castle.DynamicProxy.ProxyGenerator.CreateClassProxyInstance(Type proxyType, List`1 proxyArguments, Type classToProxy, Object[] constructorArguments)
[xUnit.net 00:00:00.90]       System.ArgumentException : Can not instantiate proxy of class: Aula.Utilities.ConversationContextManager`1[[System.Int64, System.Private.CoreLib, Version=9.0.0.0, Culture=neutral, PublicKeyToken=7cec85d7bea7798e]].
[xUnit.net 00:00:00.90]       Could not find a parameterless constructor. (Parameter 'constructorArguments')
[xUnit.net 00:00:00.90]       ---- System.MissingMethodException : Constructor on type 'Castle.Proxies.ConversationContextManager`1Proxy' not found.
[xUnit.net 00:00:00.90]       Stack Trace:
[xUnit.net 00:00:00.90]            at Castle.DynamicProxy.ProxyGenerator.CreateClassProxyInstance(Type proxyType, List`1 proxyArguments, Type classToProxy, Object[] constructorArguments)
[xUnit.net 00:00:00.90]            at Castle.DynamicProxy.ProxyGenerator.CreateClassProxy(Type classToProxy, Type[] additionalInterfacesToProxy, ProxyGenerationOptions options, Object[] constructorArguments, IInterceptor[] interceptors)
[xUnit.net 00:00:00.90]         /_/src/Moq/Interception/CastleProxyFactory.cs(62,0): at Moq.CastleProxyFactory.CreateProxy(Type mockType, IInterceptor interceptor, Type[] interfaces, Object[] arguments)
[xUnit.net 00:00:00.90]         /_/src/Moq/Mock`1.cs(309,0): at Moq.Mock`1.InitializeInstance()
[xUnit.net 00:00:00.90]         /_/src/Moq/Mock`1.cs(323,0): at Moq.Mock`1.OnGetObject()
[xUnit.net 00:00:00.90]         /_/src/Moq/Mock.cs(181,0): at Moq.Mock.get_Object()
[xUnit.net 00:00:00.90]         /_/src/Moq/Mock`1.cs(281,0): at Moq.Mock`1.get_Object()
[xUnit.net 00:00:00.90]         /mnt/d/git/aula/src/Aula.Tests/Bots/TelegramMessageHandlerTests.cs(63,0): at Aula.Tests.Bots.TelegramMessageHandlerTests..ctor()
[xUnit.net 00:00:00.90]            at System.RuntimeType.CreateInstanceDefaultCtor(Boolean publicOnly, Boolean wrapExceptions)
[xUnit.net 00:00:00.90]         ----- Inner Stack Trace -----
[xUnit.net 00:00:00.90]            at System.RuntimeType.CreateInstanceImpl(BindingFlags bindingAttr, Binder binder, Object[] args, CultureInfo culture)
[xUnit.net 00:00:00.90]            at Castle.DynamicProxy.ProxyGenerator.CreateClassProxyInstance(Type proxyType, List`1 proxyArguments, Type classToProxy, Object[] constructorArguments)
[xUnit.net 00:00:00.90]       System.ArgumentException : Can not instantiate proxy of class: Aula.Utilities.ConversationContextManager`1[[System.Int64, System.Private.CoreLib, Version=9.0.0.0, Culture=neutral, PublicKeyToken=7cec85d7bea7798e]].
[xUnit.net 00:00:00.90]       Could not find a parameterless constructor. (Parameter 'constructorArguments')
[xUnit.net 00:00:00.90]       ---- System.MissingMethodException : Constructor on type 'Castle.Proxies.ConversationContextManager`1Proxy' not found.
[xUnit.net 00:00:00.90]       Stack Trace:
[xUnit.net 00:00:00.90]            at Castle.DynamicProxy.ProxyGenerator.CreateClassProxyInstance(Type proxyType, List`1 proxyArguments, Type classToProxy, Object[] constructorArguments)
[xUnit.net 00:00:00.90]            at Castle.DynamicProxy.ProxyGenerator.CreateClassProxy(Type classToProxy, Type[] additionalInterfacesToProxy, ProxyGenerationOptions options, Object[] constructorArguments, IInterceptor[] interceptors)
[xUnit.net 00:00:00.90]         /_/src/Moq/Interception/CastleProxyFactory.cs(62,0): at Moq.CastleProxyFactory.CreateProxy(Type mockType, IInterceptor interceptor, Type[] interfaces, Object[] arguments)
[xUnit.net 00:00:00.90]         /_/src/Moq/Mock`1.cs(309,0): at Moq.Mock`1.InitializeInstance()
[xUnit.net 00:00:00.90]         /_/src/Moq/Mock`1.cs(323,0): at Moq.Mock`1.OnGetObject()
[xUnit.net 00:00:00.90]         /_/src/Moq/Mock.cs(181,0): at Moq.Mock.get_Object()
[xUnit.net 00:00:00.90]         /_/src/Moq/Mock`1.cs(281,0): at Moq.Mock`1.get_Object()
[xUnit.net 00:00:00.90]         /mnt/d/git/aula/src/Aula.Tests/Bots/TelegramMessageHandlerTests.cs(63,0): at Aula.Tests.Bots.TelegramMessageHandlerTests..ctor()
[xUnit.net 00:00:00.90]            at System.RuntimeType.CreateInstanceDefaultCtor(Boolean publicOnly, Boolean wrapExceptions)
[xUnit.net 00:00:00.90]         ----- Inner Stack Trace -----
[xUnit.net 00:00:00.90]            at System.RuntimeType.CreateInstanceImpl(BindingFlags bindingAttr, Binder binder, Object[] args, CultureInfo culture)
[xUnit.net 00:00:00.90]            at Castle.DynamicProxy.ProxyGenerator.CreateClassProxyInstance(Type proxyType, List`1 proxyArguments, Type classToProxy, Object[] constructorArguments)
[xUnit.net 00:00:00.90]       System.ArgumentException : Can not instantiate proxy of class: Aula.Utilities.ConversationContextManager`1[[System.Int64, System.Private.CoreLib, Version=9.0.0.0, Culture=neutral, PublicKeyToken=7cec85d7bea7798e]].
[xUnit.net 00:00:00.90]       Could not find a parameterless constructor. (Parameter 'constructorArguments')
[xUnit.net 00:00:00.90]       ---- System.MissingMethodException : Constructor on type 'Castle.Proxies.ConversationContextManager`1Proxy' not found.
[xUnit.net 00:00:00.90]       Stack Trace:
[xUnit.net 00:00:00.90]            at Castle.DynamicProxy.ProxyGenerator.CreateClassProxyInstance(Type proxyType, List`1 proxyArguments, Type classToProxy, Object[] constructorArguments)
[xUnit.net 00:00:00.90]            at Castle.DynamicProxy.ProxyGenerator.CreateClassProxy(Type classToProxy, Type[] additionalInterfacesToProxy, ProxyGenerationOptions options, Object[] constructorArguments, IInterceptor[] interceptors)
[xUnit.net 00:00:00.90]         /_/src/Moq/Interception/CastleProxyFactory.cs(62,0): at Moq.CastleProxyFactory.CreateProxy(Type mockType, IInterceptor interceptor, Type[] interfaces, Object[] arguments)
[xUnit.net 00:00:00.90]         /_/src/Moq/Mock`1.cs(309,0): at Moq.Mock`1.InitializeInstance()
[xUnit.net 00:00:00.90]         /_/src/Moq/Mock`1.cs(323,0): at Moq.Mock`1.OnGetObject()
[xUnit.net 00:00:00.90]         /_/src/Moq/Mock.cs(181,0): at Moq.Mock.get_Object()
[xUnit.net 00:00:00.90]         /_/src/Moq/Mock`1.cs(281,0): at Moq.Mock`1.get_Object()
[xUnit.net 00:00:00.90]         /mnt/d/git/aula/src/Aula.Tests/Bots/TelegramMessageHandlerTests.cs(63,0): at Aula.Tests.Bots.TelegramMessageHandlerTests..ctor()
[xUnit.net 00:00:00.90]            at System.RuntimeType.CreateInstanceDefaultCtor(Boolean publicOnly, Boolean wrapExceptions)
[xUnit.net 00:00:00.90]         ----- Inner Stack Trace -----
[xUnit.net 00:00:00.90]            at System.RuntimeType.CreateInstanceImpl(BindingFlags bindingAttr, Binder binder, Object[] args, CultureInfo culture)
[xUnit.net 00:00:00.90]            at Castle.DynamicProxy.ProxyGenerator.CreateClassProxyInstance(Type proxyType, List`1 proxyArguments, Type classToProxy, Object[] constructorArguments)
[xUnit.net 00:00:00.90]       System.ArgumentException : Can not instantiate proxy of class: Aula.Tools.AiToolsManager.
[xUnit.net 00:00:00.90]       Could not find a parameterless constructor. (Parameter 'constructorArguments')
[xUnit.net 00:00:00.90]       ---- System.MissingMethodException : Constructor on type 'Castle.Proxies.AiToolsManagerProxy' not found.
[xUnit.net 00:00:00.90]       Stack Trace:
[xUnit.net 00:00:00.90]            at Castle.DynamicProxy.ProxyGenerator.CreateClassProxyInstance(Type proxyType, List`1 proxyArguments, Type classToProxy, Object[] constructorArguments)
[xUnit.net 00:00:00.90]            at Castle.DynamicProxy.ProxyGenerator.CreateClassProxy(Type classToProxy, Type[] additionalInterfacesToProxy, ProxyGenerationOptions options, Object[] constructorArguments, IInterceptor[] interceptors)
[xUnit.net 00:00:00.90]         /_/src/Moq/Interception/CastleProxyFactory.cs(62,0): at Moq.CastleProxyFactory.CreateProxy(Type mockType, IInterceptor interceptor, Type[] interfaces, Object[] arguments)
[xUnit.net 00:00:00.90]         /_/src/Moq/Mock`1.cs(309,0): at Moq.Mock`1.InitializeInstance()
[xUnit.net 00:00:00.90]         /_/src/Moq/Mock`1.cs(323,0): at Moq.Mock`1.OnGetObject()
[xUnit.net 00:00:00.90]         /_/src/Moq/Mock.cs(181,0): at Moq.Mock.get_Object()
[xUnit.net 00:00:00.90]         /_/src/Moq/Mock`1.cs(281,0): at Moq.Mock`1.get_Object()
[xUnit.net 00:00:00.90]         /mnt/d/git/aula/src/Aula.Tests/Services/OpenAiServiceIntegrationTests.cs(185,0): at Aula.Tests.Services.OpenAiServiceIntegrationTests.SummarizeWeekLetterAsync_WithValidWeekLetter_CallsApiWithCorrectParameters()
[xUnit.net 00:00:00.90]         --- End of stack trace from previous location ---
[xUnit.net 00:00:00.90]         ----- Inner Stack Trace -----
[xUnit.net 00:00:00.90]            at System.RuntimeType.CreateInstanceImpl(BindingFlags bindingAttr, Binder binder, Object[] args, CultureInfo culture)
[xUnit.net 00:00:00.90]            at Castle.DynamicProxy.ProxyGenerator.CreateClassProxyInstance(Type proxyType, List`1 proxyArguments, Type classToProxy, Object[] constructorArguments)
[xUnit.net 00:00:00.91]       Assert.Throws() Failure: Exception type was not an exact match
[xUnit.net 00:00:00.91]       Expected: typeof(System.ArgumentNullException)
[xUnit.net 00:00:00.91]       Actual:   typeof(System.ArgumentException)
[xUnit.net 00:00:00.91]       ---- System.ArgumentException : Can not instantiate proxy of class: Aula.Tools.AiToolsManager.
[xUnit.net 00:00:00.91]       Could not find a parameterless constructor. (Parameter 'constructorArguments')
[xUnit.net 00:00:00.91]       -------- System.MissingMethodException : Constructor on type 'Castle.Proxies.AiToolsManagerProxy' not found.
[xUnit.net 00:00:00.91]       Stack Trace:
[xUnit.net 00:00:00.91]         /mnt/d/git/aula/src/Aula.Tests/Services/OpenAiServiceIntegrationTests.cs(63,0): at Aula.Tests.Services.OpenAiServiceIntegrationTests.Constructor_WithNullLoggerFactory_ThrowsArgumentNullException()
[xUnit.net 00:00:00.91]            at System.RuntimeMethodHandle.InvokeMethod(Object target, Void** arguments, Signature sig, Boolean isConstructor)
[xUnit.net 00:00:00.91]            at System.Reflection.MethodBaseInvoker.InvokeWithNoArgs(Object obj, BindingFlags invokeAttr)
[xUnit.net 00:00:00.91]         ----- Inner Stack Trace -----
[xUnit.net 00:00:00.91]            at Castle.DynamicProxy.ProxyGenerator.CreateClassProxyInstance(Type proxyType, List`1 proxyArguments, Type classToProxy, Object[] constructorArguments)
[xUnit.net 00:00:00.91]            at Castle.DynamicProxy.ProxyGenerator.CreateClassProxy(Type classToProxy, Type[] additionalInterfacesToProxy, ProxyGenerationOptions options, Object[] constructorArguments, IInterceptor[] interceptors)
[xUnit.net 00:00:00.91]         /_/src/Moq/Interception/CastleProxyFactory.cs(62,0): at Moq.CastleProxyFactory.CreateProxy(Type mockType, IInterceptor interceptor, Type[] interfaces, Object[] arguments)
[xUnit.net 00:00:00.91]         /_/src/Moq/Mock`1.cs(309,0): at Moq.Mock`1.InitializeInstance()
[xUnit.net 00:00:00.92]         /_/src/Moq/Mock`1.cs(323,0): at Moq.Mock`1.OnGetObject()
[xUnit.net 00:00:00.92]         /_/src/Moq/Mock.cs(181,0): at Moq.Mock.get_Object()
[xUnit.net 00:00:00.92]         /_/src/Moq/Mock`1.cs(281,0): at Moq.Mock`1.get_Object()
[xUnit.net 00:00:00.92]         /mnt/d/git/aula/src/Aula.Tests/Services/OpenAiServiceIntegrationTests.cs(64,0): at Aula.Tests.Services.OpenAiServiceIntegrationTests.&lt;Constructor_WithNullLoggerFactory_ThrowsArgumentNullException&gt;b__8_0()
[xUnit.net 00:00:00.92]         ----- Inner Stack Trace -----
[xUnit.net 00:00:00.92]            at System.RuntimeType.CreateInstanceImpl(BindingFlags bindingAttr, Binder binder, Object[] args, CultureInfo culture)
[xUnit.net 00:00:00.92]            at Castle.DynamicProxy.ProxyGenerator.CreateClassProxyInstance(Type proxyType, List`1 proxyArguments, Type classToProxy, Object[] constructorArguments)
[xUnit.net 00:00:00.92]       System.ArgumentException : Can not instantiate proxy of class: Aula.Tools.AiToolsManager.
[xUnit.net 00:00:00.92]       Could not find a parameterless constructor. (Parameter 'constructorArguments')
[xUnit.net 00:00:00.92]       ---- System.MissingMethodException : Constructor on type 'Castle.Proxies.AiToolsManagerProxy' not found.
[xUnit.net 00:00:00.92]       Stack Trace:
[xUnit.net 00:00:00.92]            at Castle.DynamicProxy.ProxyGenerator.CreateClassProxyInstance(Type proxyType, List`1 proxyArguments, Type classToProxy, Object[] constructorArguments)
[xUnit.net 00:00:00.92]            at Castle.DynamicProxy.ProxyGenerator.CreateClassProxy(Type classToProxy, Type[] additionalInterfacesToProxy, ProxyGenerationOptions options, Object[] constructorArguments, IInterceptor[] interceptors)
[xUnit.net 00:00:00.92]         /_/src/Moq/Interception/CastleProxyFactory.cs(62,0): at Moq.CastleProxyFactory.CreateProxy(Type mockType, IInterceptor interceptor, Type[] interfaces, Object[] arguments)
[xUnit.net 00:00:00.92]         /_/src/Moq/Mock`1.cs(309,0): at Moq.Mock`1.InitializeInstance()
[xUnit.net 00:00:00.92]         /_/src/Moq/Mock`1.cs(323,0): at Moq.Mock`1.OnGetObject()
[xUnit.net 00:00:00.92]         /_/src/Moq/Mock.cs(181,0): at Moq.Mock.get_Object()
[xUnit.net 00:00:00.92]         /_/src/Moq/Mock`1.cs(281,0): at Moq.Mock`1.get_Object()
[xUnit.net 00:00:00.92]         /mnt/d/git/aula/src/Aula.Tests/Services/OpenAiServiceIntegrationTests.cs(96,0): at Aula.Tests.Services.OpenAiServiceIntegrationTests.ClearConversationHistory_WithContextKey_DoesNotThrow()
[xUnit.net 00:00:00.92]            at System.RuntimeMethodHandle.InvokeMethod(Object target, Void** arguments, Signature sig, Boolean isConstructor)
[xUnit.net 00:00:00.92]            at System.Reflection.MethodBaseInvoker.InvokeWithNoArgs(Object obj, BindingFlags invokeAttr)
[xUnit.net 00:00:00.92]         ----- Inner Stack Trace -----
[xUnit.net 00:00:00.92]            at System.RuntimeType.CreateInstanceImpl(BindingFlags bindingAttr, Binder binder, Object[] args, CultureInfo culture)
[xUnit.net 00:00:00.92]            at Castle.DynamicProxy.ProxyGenerator.CreateClassProxyInstance(Type proxyType, List`1 proxyArguments, Type classToProxy, Object[] constructorArguments)
Error sending message: Username value should be Identifier or Username that starts with @ (Parameter 'username')
[xUnit.net 00:00:00.92]       System.ArgumentException : Can not instantiate proxy of class: Aula.Tools.ReminderCommandHandler.
[xUnit.net 00:00:00.92]       Could not find a parameterless constructor. (Parameter 'constructorArguments')
[xUnit.net 00:00:00.92]       ---- System.MissingMethodException : Constructor on type 'Castle.Proxies.ReminderCommandHandlerProxy' not found.
[xUnit.net 00:00:00.92]       Stack Trace:
[xUnit.net 00:00:00.92]            at Castle.DynamicProxy.ProxyGenerator.CreateClassProxyInstance(Type proxyType, List`1 proxyArguments, Type classToProxy, Object[] constructorArguments)
[xUnit.net 00:00:00.92]            at Castle.DynamicProxy.ProxyGenerator.CreateClassProxy(Type classToProxy, Type[] additionalInterfacesToProxy, ProxyGenerationOptions options, Object[] constructorArguments, IInterceptor[] interceptors)
[xUnit.net 00:00:00.92]         /_/src/Moq/Interception/CastleProxyFactory.cs(62,0): at Moq.CastleProxyFactory.CreateProxy(Type mockType, IInterceptor interceptor, Type[] interfaces, Object[] arguments)
[xUnit.net 00:00:00.92]         /_/src/Moq/Mock`1.cs(309,0): at Moq.Mock`1.InitializeInstance()
[xUnit.net 00:00:00.92]         /_/src/Moq/Mock`1.cs(323,0): at Moq.Mock`1.OnGetObject()
[xUnit.net 00:00:00.92]         /_/src/Moq/Mock.cs(181,0): at Moq.Mock.get_Object()
[xUnit.net 00:00:00.92]         /_/src/Moq/Mock`1.cs(281,0): at Moq.Mock`1.get_Object()
[xUnit.net 00:00:00.92]         /mnt/d/git/aula/src/Aula.Tests/Bots/SlackMessageHandlerTests.cs(57,0): at Aula.Tests.Bots.SlackMessageHandlerTests..ctor()
[xUnit.net 00:00:00.92]            at System.RuntimeType.CreateInstanceDefaultCtor(Boolean publicOnly, Boolean wrapExceptions)
[xUnit.net 00:00:00.92]         ----- Inner Stack Trace -----
[xUnit.net 00:00:00.92]            at System.RuntimeType.CreateInstanceImpl(BindingFlags bindingAttr, Binder binder, Object[] args, CultureInfo culture)
[xUnit.net 00:00:00.92]            at Castle.DynamicProxy.ProxyGenerator.CreateClassProxyInstance(Type proxyType, List`1 proxyArguments, Type classToProxy, Object[] constructorArguments)
[xUnit.net 00:00:00.93]       System.ArgumentException : Can not instantiate proxy of class: Aula.Tools.ReminderCommandHandler.
[xUnit.net 00:00:00.93]       Could not find a parameterless constructor. (Parameter 'constructorArguments')
[xUnit.net 00:00:00.93]       ---- System.MissingMethodException : Constructor on type 'Castle.Proxies.ReminderCommandHandlerProxy' not found.
[xUnit.net 00:00:00.93]       Stack Trace:
[xUnit.net 00:00:00.93]            at Castle.DynamicProxy.ProxyGenerator.CreateClassProxyInstance(Type proxyType, List`1 proxyArguments, Type classToProxy, Object[] constructorArguments)
[xUnit.net 00:00:00.93]            at Castle.DynamicProxy.ProxyGenerator.CreateClassProxy(Type classToProxy, Type[] additionalInterfacesToProxy, ProxyGenerationOptions options, Object[] constructorArguments, IInterceptor[] interceptors)
[xUnit.net 00:00:00.93]         /_/src/Moq/Interception/CastleProxyFactory.cs(62,0): at Moq.CastleProxyFactory.CreateProxy(Type mockType, IInterceptor interceptor, Type[] interfaces, Object[] arguments)
[xUnit.net 00:00:00.93]         /_/src/Moq/Mock`1.cs(309,0): at Moq.Mock`1.InitializeInstance()
[xUnit.net 00:00:00.93]         /_/src/Moq/Mock`1.cs(323,0): at Moq.Mock`1.OnGetObject()
[xUnit.net 00:00:00.93]         /_/src/Moq/Mock.cs(181,0): at Moq.Mock.get_Object()
[xUnit.net 00:00:00.93]         /_/src/Moq/Mock`1.cs(281,0): at Moq.Mock`1.get_Object()
[xUnit.net 00:00:00.93]         /mnt/d/git/aula/src/Aula.Tests/Bots/SlackMessageHandlerTests.cs(57,0): at Aula.Tests.Bots.SlackMessageHandlerTests..ctor()
[xUnit.net 00:00:00.93]            at System.RuntimeType.CreateInstanceDefaultCtor(Boolean publicOnly, Boolean wrapExceptions)
[xUnit.net 00:00:00.93]         ----- Inner Stack Trace -----
[xUnit.net 00:00:00.93]            at System.RuntimeType.CreateInstanceImpl(BindingFlags bindingAttr, Binder binder, Object[] args, CultureInfo culture)
[xUnit.net 00:00:00.93]            at Castle.DynamicProxy.ProxyGenerator.CreateClassProxyInstance(Type proxyType, List`1 proxyArguments, Type classToProxy, Object[] constructorArguments)
[xUnit.net 00:00:00.93]       System.ArgumentException : Can not instantiate proxy of class: Aula.Tools.ReminderCommandHandler.
[xUnit.net 00:00:00.93]       Could not find a parameterless constructor. (Parameter 'constructorArguments')
[xUnit.net 00:00:00.93]       ---- System.MissingMethodException : Constructor on type 'Castle.Proxies.ReminderCommandHandlerProxy' not found.
[xUnit.net 00:00:00.93]       Stack Trace:
[xUnit.net 00:00:00.93]            at Castle.DynamicProxy.ProxyGenerator.CreateClassProxyInstance(Type proxyType, List`1 proxyArguments, Type classToProxy, Object[] constructorArguments)
[xUnit.net 00:00:00.93]            at Castle.DynamicProxy.ProxyGenerator.CreateClassProxy(Type classToProxy, Type[] additionalInterfacesToProxy, ProxyGenerationOptions options, Object[] constructorArguments, IInterceptor[] interceptors)
[xUnit.net 00:00:00.93]         /_/src/Moq/Interception/CastleProxyFactory.cs(62,0): at Moq.CastleProxyFactory.CreateProxy(Type mockType, IInterceptor interceptor, Type[] interfaces, Object[] arguments)
[xUnit.net 00:00:00.93]         /_/src/Moq/Mock`1.cs(309,0): at Moq.Mock`1.InitializeInstance()
[xUnit.net 00:00:00.93]         /_/src/Moq/Mock`1.cs(323,0): at Moq.Mock`1.OnGetObject()
[xUnit.net 00:00:00.93]         /_/src/Moq/Mock.cs(181,0): at Moq.Mock.get_Object()
[xUnit.net 00:00:00.93]         /_/src/Moq/Mock`1.cs(281,0): at Moq.Mock`1.get_Object()
[xUnit.net 00:00:00.93]         /mnt/d/git/aula/src/Aula.Tests/Bots/SlackMessageHandlerTests.cs(57,0): at Aula.Tests.Bots.SlackMessageHandlerTests..ctor()
[xUnit.net 00:00:00.93]            at System.RuntimeType.CreateInstanceDefaultCtor(Boolean publicOnly, Boolean wrapExceptions)
[xUnit.net 00:00:00.93]         ----- Inner Stack Trace -----
[xUnit.net 00:00:00.93]            at System.RuntimeType.CreateInstanceImpl(BindingFlags bindingAttr, Binder binder, Object[] args, CultureInfo culture)
[xUnit.net 00:00:00.94]            at Castle.DynamicProxy.ProxyGenerator.CreateClassProxyInstance(Type proxyType, List`1 proxyArguments, Type classToProxy, Object[] constructorArguments)
[xUnit.net 00:00:00.94]       System.ArgumentException : Can not instantiate proxy of class: Aula.Tools.ReminderCommandHandler.
[xUnit.net 00:00:00.94]       Could not find a parameterless constructor. (Parameter 'constructorArguments')
[xUnit.net 00:00:00.94]       ---- System.MissingMethodException : Constructor on type 'Castle.Proxies.ReminderCommandHandlerProxy' not found.
[xUnit.net 00:00:00.94]       Stack Trace:
[xUnit.net 00:00:00.94]            at Castle.DynamicProxy.ProxyGenerator.CreateClassProxyInstance(Type proxyType, List`1 proxyArguments, Type classToProxy, Object[] constructorArguments)
[xUnit.net 00:00:00.94]            at Castle.DynamicProxy.ProxyGenerator.CreateClassProxy(Type classToProxy, Type[] additionalInterfacesToProxy, ProxyGenerationOptions options, Object[] constructorArguments, IInterceptor[] interceptors)
[xUnit.net 00:00:00.94]         /_/src/Moq/Interception/CastleProxyFactory.cs(62,0): at Moq.CastleProxyFactory.CreateProxy(Type mockType, IInterceptor interceptor, Type[] interfaces, Object[] arguments)
[xUnit.net 00:00:00.94]         /_/src/Moq/Mock`1.cs(309,0): at Moq.Mock`1.InitializeInstance()
[xUnit.net 00:00:00.94]         /_/src/Moq/Mock`1.cs(323,0): at Moq.Mock`1.OnGetObject()
[xUnit.net 00:00:00.94]         /_/src/Moq/Mock.cs(181,0): at Moq.Mock.get_Object()
[xUnit.net 00:00:00.94]         /_/src/Moq/Mock`1.cs(281,0): at Moq.Mock`1.get_Object()
[xUnit.net 00:00:00.94]         /mnt/d/git/aula/src/Aula.Tests/Bots/SlackMessageHandlerTests.cs(57,0): at Aula.Tests.Bots.SlackMessageHandlerTests..ctor()
[xUnit.net 00:00:00.94]            at System.RuntimeType.CreateInstanceDefaultCtor(Boolean publicOnly, Boolean wrapExceptions)
[xUnit.net 00:00:00.94]         ----- Inner Stack Trace -----
[xUnit.net 00:00:00.94]            at System.RuntimeType.CreateInstanceImpl(BindingFlags bindingAttr, Binder binder, Object[] args, CultureInfo culture)
[xUnit.net 00:00:00.94]            at Castle.DynamicProxy.ProxyGenerator.CreateClassProxyInstance(Type proxyType, List`1 proxyArguments, Type classToProxy, Object[] constructorArguments)
[xUnit.net 00:00:00.94]       System.ArgumentException : Can not instantiate proxy of class: Aula.Tools.ReminderCommandHandler.
[xUnit.net 00:00:00.94]       Could not find a parameterless constructor. (Parameter 'constructorArguments')
[xUnit.net 00:00:00.94]       ---- System.MissingMethodException : Constructor on type 'Castle.Proxies.ReminderCommandHandlerProxy' not found.
[xUnit.net 00:00:00.94]       Stack Trace:
[xUnit.net 00:00:00.94]            at Castle.DynamicProxy.ProxyGenerator.CreateClassProxyInstance(Type proxyType, List`1 proxyArguments, Type classToProxy, Object[] constructorArguments)
[xUnit.net 00:00:00.94]            at Castle.DynamicProxy.ProxyGenerator.CreateClassProxy(Type classToProxy, Type[] additionalInterfacesToProxy, ProxyGenerationOptions options, Object[] constructorArguments, IInterceptor[] interceptors)
[xUnit.net 00:00:00.94]         /_/src/Moq/Interception/CastleProxyFactory.cs(62,0): at Moq.CastleProxyFactory.CreateProxy(Type mockType, IInterceptor interceptor, Type[] interfaces, Object[] arguments)
[xUnit.net 00:00:00.94]         /_/src/Moq/Mock`1.cs(309,0): at Moq.Mock`1.InitializeInstance()
[xUnit.net 00:00:00.94]         /_/src/Moq/Mock`1.cs(323,0): at Moq.Mock`1.OnGetObject()
[xUnit.net 00:00:00.94]         /_/src/Moq/Mock.cs(181,0): at Moq.Mock.get_Object()
[xUnit.net 00:00:00.94]         /_/src/Moq/Mock`1.cs(281,0): at Moq.Mock`1.get_Object()
[xUnit.net 00:00:00.94]         /mnt/d/git/aula/src/Aula.Tests/Bots/SlackMessageHandlerTests.cs(57,0): at Aula.Tests.Bots.SlackMessageHandlerTests..ctor()
[xUnit.net 00:00:00.94]            at System.RuntimeType.CreateInstanceDefaultCtor(Boolean publicOnly, Boolean wrapExceptions)
[xUnit.net 00:00:00.94]         ----- Inner Stack Trace -----
[xUnit.net 00:00:00.94]            at System.RuntimeType.CreateInstanceImpl(BindingFlags bindingAttr, Binder binder, Object[] args, CultureInfo culture)
[xUnit.net 00:00:00.94]            at Castle.DynamicProxy.ProxyGenerator.CreateClassProxyInstance(Type proxyType, List`1 proxyArguments, Type classToProxy, Object[] constructorArguments)
[xUnit.net 00:00:00.94]       System.ArgumentException : Can not instantiate proxy of class: Aula.Tools.ReminderCommandHandler.
[xUnit.net 00:00:00.94]       Could not find a parameterless constructor. (Parameter 'constructorArguments')
[xUnit.net 00:00:00.94]       ---- System.MissingMethodException : Constructor on type 'Castle.Proxies.ReminderCommandHandlerProxy' not found.
[xUnit.net 00:00:00.94]       Stack Trace:
[xUnit.net 00:00:00.94]            at Castle.DynamicProxy.ProxyGenerator.CreateClassProxyInstance(Type proxyType, List`1 proxyArguments, Type classToProxy, Object[] constructorArguments)
[xUnit.net 00:00:00.94]            at Castle.DynamicProxy.ProxyGenerator.CreateClassProxy(Type classToProxy, Type[] additionalInterfacesToProxy, ProxyGenerationOptions options, Object[] constructorArguments, IInterceptor[] interceptors)
[xUnit.net 00:00:00.94]         /_/src/Moq/Interception/CastleProxyFactory.cs(62,0): at Moq.CastleProxyFactory.CreateProxy(Type mockType, IInterceptor interceptor, Type[] interfaces, Object[] arguments)
[xUnit.net 00:00:00.94]         /_/src/Moq/Mock`1.cs(309,0): at Moq.Mock`1.InitializeInstance()
[xUnit.net 00:00:00.94]         /_/src/Moq/Mock`1.cs(323,0): at Moq.Mock`1.OnGetObject()
[xUnit.net 00:00:00.94]         /_/src/Moq/Mock.cs(181,0): at Moq.Mock.get_Object()
[xUnit.net 00:00:00.94]         /_/src/Moq/Mock`1.cs(281,0): at Moq.Mock`1.get_Object()
[xUnit.net 00:00:00.94]         /mnt/d/git/aula/src/Aula.Tests/Bots/SlackMessageHandlerTests.cs(57,0): at Aula.Tests.Bots.SlackMessageHandlerTests..ctor()
[xUnit.net 00:00:00.94]            at System.RuntimeType.CreateInstanceDefaultCtor(Boolean publicOnly, Boolean wrapExceptions)
[xUnit.net 00:00:00.94]         ----- Inner Stack Trace -----
[xUnit.net 00:00:00.94]            at System.RuntimeType.CreateInstanceImpl(BindingFlags bindingAttr, Binder binder, Object[] args, CultureInfo culture)
[xUnit.net 00:00:00.94]            at Castle.DynamicProxy.ProxyGenerator.CreateClassProxyInstance(Type proxyType, List`1 proxyArguments, Type classToProxy, Object[] constructorArguments)
[xUnit.net 00:00:00.94]       System.ArgumentException : Can not instantiate proxy of class: Aula.Tools.ReminderCommandHandler.
[xUnit.net 00:00:00.94]       Could not find a parameterless constructor. (Parameter 'constructorArguments')
[xUnit.net 00:00:00.94]       ---- System.MissingMethodException : Constructor on type 'Castle.Proxies.ReminderCommandHandlerProxy' not found.
[xUnit.net 00:00:00.94]       Stack Trace:
[xUnit.net 00:00:00.94]            at Castle.DynamicProxy.ProxyGenerator.CreateClassProxyInstance(Type proxyType, List`1 proxyArguments, Type classToProxy, Object[] constructorArguments)
[xUnit.net 00:00:00.94]            at Castle.DynamicProxy.ProxyGenerator.CreateClassProxy(Type classToProxy, Type[] additionalInterfacesToProxy, ProxyGenerationOptions options, Object[] constructorArguments, IInterceptor[] interceptors)
[xUnit.net 00:00:00.94]         /_/src/Moq/Interception/CastleProxyFactory.cs(62,0): at Moq.CastleProxyFactory.CreateProxy(Type mockType, IInterceptor interceptor, Type[] interfaces, Object[] arguments)
[xUnit.net 00:00:00.94]         /_/src/Moq/Mock`1.cs(309,0): at Moq.Mock`1.InitializeInstance()
[xUnit.net 00:00:00.94]         /_/src/Moq/Mock`1.cs(323,0): at Moq.Mock`1.OnGetObject()
[xUnit.net 00:00:00.94]         /_/src/Moq/Mock.cs(181,0): at Moq.Mock.get_Object()
[xUnit.net 00:00:00.94]         /_/src/Moq/Mock`1.cs(281,0): at Moq.Mock`1.get_Object()
[xUnit.net 00:00:00.94]         /mnt/d/git/aula/src/Aula.Tests/Bots/SlackMessageHandlerTests.cs(57,0): at Aula.Tests.Bots.SlackMessageHandlerTests..ctor()
[xUnit.net 00:00:00.94]            at System.RuntimeType.CreateInstanceDefaultCtor(Boolean publicOnly, Boolean wrapExceptions)
[xUnit.net 00:00:00.94]         ----- Inner Stack Trace -----
[xUnit.net 00:00:00.94]            at System.RuntimeType.CreateInstanceImpl(BindingFlags bindingAttr, Binder binder, Object[] args, CultureInfo culture)
[xUnit.net 00:00:00.94]            at Castle.DynamicProxy.ProxyGenerator.CreateClassProxyInstance(Type proxyType, List`1 proxyArguments, Type classToProxy, Object[] constructorArguments)
[xUnit.net 00:00:00.94]       System.ArgumentException : Can not instantiate proxy of class: Aula.Tools.ReminderCommandHandler.
[xUnit.net 00:00:00.94]       Could not find a parameterless constructor. (Parameter 'constructorArguments')
[xUnit.net 00:00:00.94]       ---- System.MissingMethodException : Constructor on type 'Castle.Proxies.ReminderCommandHandlerProxy' not found.
[xUnit.net 00:00:00.94]       Stack Trace:
[xUnit.net 00:00:00.94]            at Castle.DynamicProxy.ProxyGenerator.CreateClassProxyInstance(Type proxyType, List`1 proxyArguments, Type classToProxy, Object[] constructorArguments)
[xUnit.net 00:00:00.94]            at Castle.DynamicProxy.ProxyGenerator.CreateClassProxy(Type classToProxy, Type[] additionalInterfacesToProxy, ProxyGenerationOptions options, Object[] constructorArguments, IInterceptor[] interceptors)
[xUnit.net 00:00:00.94]         /_/src/Moq/Interception/CastleProxyFactory.cs(62,0): at Moq.CastleProxyFactory.CreateProxy(Type mockType, IInterceptor interceptor, Type[] interfaces, Object[] arguments)
[xUnit.net 00:00:00.94]         /_/src/Moq/Mock`1.cs(309,0): at Moq.Mock`1.InitializeInstance()
[xUnit.net 00:00:00.94]         /_/src/Moq/Mock`1.cs(323,0): at Moq.Mock`1.OnGetObject()
[xUnit.net 00:00:00.94]         /_/src/Moq/Mock.cs(181,0): at Moq.Mock.get_Object()
[xUnit.net 00:00:00.94]         /_/src/Moq/Mock`1.cs(281,0): at Moq.Mock`1.get_Object()
[xUnit.net 00:00:00.94]         /mnt/d/git/aula/src/Aula.Tests/Bots/SlackMessageHandlerTests.cs(57,0): at Aula.Tests.Bots.SlackMessageHandlerTests..ctor()
[xUnit.net 00:00:00.94]            at System.RuntimeType.CreateInstanceDefaultCtor(Boolean publicOnly, Boolean wrapExceptions)
[xUnit.net 00:00:00.94]         ----- Inner Stack Trace -----
[xUnit.net 00:00:00.94]            at System.RuntimeType.CreateInstanceImpl(BindingFlags bindingAttr, Binder binder, Object[] args, CultureInfo culture)
[xUnit.net 00:00:00.94]            at Castle.DynamicProxy.ProxyGenerator.CreateClassProxyInstance(Type proxyType, List`1 proxyArguments, Type classToProxy, Object[] constructorArguments)
[xUnit.net 00:00:00.94]       System.ArgumentException : Can not instantiate proxy of class: Aula.Tools.ReminderCommandHandler.
[xUnit.net 00:00:00.94]       Could not find a parameterless constructor. (Parameter 'constructorArguments')
[xUnit.net 00:00:00.94]       ---- System.MissingMethodException : Constructor on type 'Castle.Proxies.ReminderCommandHandlerProxy' not found.
[xUnit.net 00:00:00.94]       Stack Trace:
[xUnit.net 00:00:00.94]            at Castle.DynamicProxy.ProxyGenerator.CreateClassProxyInstance(Type proxyType, List`1 proxyArguments, Type classToProxy, Object[] constructorArguments)
[xUnit.net 00:00:00.94]            at Castle.DynamicProxy.ProxyGenerator.CreateClassProxy(Type classToProxy, Type[] additionalInterfacesToProxy, ProxyGenerationOptions options, Object[] constructorArguments, IInterceptor[] interceptors)
[xUnit.net 00:00:00.94]         /_/src/Moq/Interception/CastleProxyFactory.cs(62,0): at Moq.CastleProxyFactory.CreateProxy(Type mockType, IInterceptor interceptor, Type[] interfaces, Object[] arguments)
[xUnit.net 00:00:00.94]         /_/src/Moq/Mock`1.cs(309,0): at Moq.Mock`1.InitializeInstance()
[xUnit.net 00:00:00.94]         /_/src/Moq/Mock`1.cs(323,0): at Moq.Mock`1.OnGetObject()
[xUnit.net 00:00:00.94]         /_/src/Moq/Mock.cs(181,0): at Moq.Mock.get_Object()
[xUnit.net 00:00:00.94]         /_/src/Moq/Mock`1.cs(281,0): at Moq.Mock`1.get_Object()
[xUnit.net 00:00:00.94]         /mnt/d/git/aula/src/Aula.Tests/Bots/SlackMessageHandlerTests.cs(57,0): at Aula.Tests.Bots.SlackMessageHandlerTests..ctor()
[xUnit.net 00:00:00.94]            at System.RuntimeType.CreateInstanceDefaultCtor(Boolean publicOnly, Boolean wrapExceptions)
[xUnit.net 00:00:00.94]         ----- Inner Stack Trace -----
[xUnit.net 00:00:00.94]            at System.RuntimeType.CreateInstanceImpl(BindingFlags bindingAttr, Binder binder, Object[] args, CultureInfo culture)
[xUnit.net 00:00:00.94]            at Castle.DynamicProxy.ProxyGenerator.CreateClassProxyInstance(Type proxyType, List`1 proxyArguments, Type classToProxy, Object[] constructorArguments)
[xUnit.net 00:00:00.94]       System.ArgumentException : Can not instantiate proxy of class: Aula.Tools.ReminderCommandHandler.
[xUnit.net 00:00:00.94]       Could not find a parameterless constructor. (Parameter 'constructorArguments')
[xUnit.net 00:00:00.94]       ---- System.MissingMethodException : Constructor on type 'Castle.Proxies.ReminderCommandHandlerProxy' not found.
[xUnit.net 00:00:00.94]       Stack Trace:
[xUnit.net 00:00:00.94]            at Castle.DynamicProxy.ProxyGenerator.CreateClassProxyInstance(Type proxyType, List`1 proxyArguments, Type classToProxy, Object[] constructorArguments)
[xUnit.net 00:00:00.94]            at Castle.DynamicProxy.ProxyGenerator.CreateClassProxy(Type classToProxy, Type[] additionalInterfacesToProxy, ProxyGenerationOptions options, Object[] constructorArguments, IInterceptor[] interceptors)
[xUnit.net 00:00:00.94]         /_/src/Moq/Interception/CastleProxyFactory.cs(62,0): at Moq.CastleProxyFactory.CreateProxy(Type mockType, IInterceptor interceptor, Type[] interfaces, Object[] arguments)
[xUnit.net 00:00:00.94]         /_/src/Moq/Mock`1.cs(309,0): at Moq.Mock`1.InitializeInstance()
[xUnit.net 00:00:00.94]         /_/src/Moq/Mock`1.cs(323,0): at Moq.Mock`1.OnGetObject()
[xUnit.net 00:00:00.94]         /_/src/Moq/Mock.cs(181,0): at Moq.Mock.get_Object()
[xUnit.net 00:00:00.94]         /_/src/Moq/Mock`1.cs(281,0): at Moq.Mock`1.get_Object()
[xUnit.net 00:00:00.94]         /mnt/d/git/aula/src/Aula.Tests/Bots/SlackMessageHandlerTests.cs(57,0): at Aula.Tests.Bots.SlackMessageHandlerTests..ctor()
[xUnit.net 00:00:00.94]            at System.RuntimeType.CreateInstanceDefaultCtor(Boolean publicOnly, Boolean wrapExceptions)
[xUnit.net 00:00:00.94]         ----- Inner Stack Trace -----
[xUnit.net 00:00:00.94]            at System.RuntimeType.CreateInstanceImpl(BindingFlags bindingAttr, Binder binder, Object[] args, CultureInfo culture)
[xUnit.net 00:00:00.94]            at Castle.DynamicProxy.ProxyGenerator.CreateClassProxyInstance(Type proxyType, List`1 proxyArguments, Type classToProxy, Object[] constructorArguments)
[xUnit.net 00:00:00.94]       System.ArgumentException : Can not instantiate proxy of class: Aula.Tools.ReminderCommandHandler.
[xUnit.net 00:00:00.94]       Could not find a parameterless constructor. (Parameter 'constructorArguments')
[xUnit.net 00:00:00.94]       ---- System.MissingMethodException : Constructor on type 'Castle.Proxies.ReminderCommandHandlerProxy' not found.
[xUnit.net 00:00:00.94]       Stack Trace:
[xUnit.net 00:00:00.94]            at Castle.DynamicProxy.ProxyGenerator.CreateClassProxyInstance(Type proxyType, List`1 proxyArguments, Type classToProxy, Object[] constructorArguments)
[xUnit.net 00:00:00.94]            at Castle.DynamicProxy.ProxyGenerator.CreateClassProxy(Type classToProxy, Type[] additionalInterfacesToProxy, ProxyGenerationOptions options, Object[] constructorArguments, IInterceptor[] interceptors)
[xUnit.net 00:00:00.94]         /_/src/Moq/Interception/CastleProxyFactory.cs(62,0): at Moq.CastleProxyFactory.CreateProxy(Type mockType, IInterceptor interceptor, Type[] interfaces, Object[] arguments)
[xUnit.net 00:00:00.94]         /_/src/Moq/Mock`1.cs(309,0): at Moq.Mock`1.InitializeInstance()
[xUnit.net 00:00:00.94]         /_/src/Moq/Mock`1.cs(323,0): at Moq.Mock`1.OnGetObject()
[xUnit.net 00:00:00.94]         /_/src/Moq/Mock.cs(181,0): at Moq.Mock.get_Object()
[xUnit.net 00:00:00.94]         /_/src/Moq/Mock`1.cs(281,0): at Moq.Mock`1.get_Object()
[xUnit.net 00:00:00.94]         /mnt/d/git/aula/src/Aula.Tests/Bots/SlackMessageHandlerTests.cs(57,0): at Aula.Tests.Bots.SlackMessageHandlerTests..ctor()
[xUnit.net 00:00:00.94]            at System.RuntimeType.CreateInstanceDefaultCtor(Boolean publicOnly, Boolean wrapExceptions)
[xUnit.net 00:00:00.94]         ----- Inner Stack Trace -----
[xUnit.net 00:00:00.94]            at System.RuntimeType.CreateInstanceImpl(BindingFlags bindingAttr, Binder binder, Object[] args, CultureInfo culture)
[xUnit.net 00:00:00.94]            at Castle.DynamicProxy.ProxyGenerator.CreateClassProxyInstance(Type proxyType, List`1 proxyArguments, Type classToProxy, Object[] constructorArguments)
[xUnit.net 00:00:00.94]       System.ArgumentException : Can not instantiate proxy of class: Aula.Tools.ReminderCommandHandler.
[xUnit.net 00:00:00.94]       Could not find a parameterless constructor. (Parameter 'constructorArguments')
[xUnit.net 00:00:00.94]       ---- System.MissingMethodException : Constructor on type 'Castle.Proxies.ReminderCommandHandlerProxy' not found.
[xUnit.net 00:00:00.94]       Stack Trace:
[xUnit.net 00:00:00.94]            at Castle.DynamicProxy.ProxyGenerator.CreateClassProxyInstance(Type proxyType, List`1 proxyArguments, Type classToProxy, Object[] constructorArguments)
[xUnit.net 00:00:00.94]            at Castle.DynamicProxy.ProxyGenerator.CreateClassProxy(Type classToProxy, Type[] additionalInterfacesToProxy, ProxyGenerationOptions options, Object[] constructorArguments, IInterceptor[] interceptors)
[xUnit.net 00:00:00.94]         /_/src/Moq/Interception/CastleProxyFactory.cs(62,0): at Moq.CastleProxyFactory.CreateProxy(Type mockType, IInterceptor interceptor, Type[] interfaces, Object[] arguments)
[xUnit.net 00:00:00.94]         /_/src/Moq/Mock`1.cs(309,0): at Moq.Mock`1.InitializeInstance()
[xUnit.net 00:00:00.94]         /_/src/Moq/Mock`1.cs(323,0): at Moq.Mock`1.OnGetObject()
[xUnit.net 00:00:00.94]         /_/src/Moq/Mock.cs(181,0): at Moq.Mock.get_Object()
[xUnit.net 00:00:00.94]         /_/src/Moq/Mock`1.cs(281,0): at Moq.Mock`1.get_Object()
[xUnit.net 00:00:00.94]         /mnt/d/git/aula/src/Aula.Tests/Bots/SlackMessageHandlerTests.cs(57,0): at Aula.Tests.Bots.SlackMessageHandlerTests..ctor()
[xUnit.net 00:00:00.94]            at System.RuntimeType.CreateInstanceDefaultCtor(Boolean publicOnly, Boolean wrapExceptions)
[xUnit.net 00:00:00.94]         ----- Inner Stack Trace -----
[xUnit.net 00:00:00.94]            at System.RuntimeType.CreateInstanceImpl(BindingFlags bindingAttr, Binder binder, Object[] args, CultureInfo culture)
[xUnit.net 00:00:00.94]            at Castle.DynamicProxy.ProxyGenerator.CreateClassProxyInstance(Type proxyType, List`1 proxyArguments, Type classToProxy, Object[] constructorArguments)
[xUnit.net 00:00:00.95]       System.ArgumentException : Can not instantiate proxy of class: Aula.Tools.ReminderCommandHandler.
[xUnit.net 00:00:00.95]       Could not find a parameterless constructor. (Parameter 'constructorArguments')
[xUnit.net 00:00:00.95]       ---- System.MissingMethodException : Constructor on type 'Castle.Proxies.ReminderCommandHandlerProxy' not found.
[xUnit.net 00:00:00.95]       Stack Trace:
[xUnit.net 00:00:00.95]            at Castle.DynamicProxy.ProxyGenerator.CreateClassProxyInstance(Type proxyType, List`1 proxyArguments, Type classToProxy, Object[] constructorArguments)
[xUnit.net 00:00:00.95]            at Castle.DynamicProxy.ProxyGenerator.CreateClassProxy(Type classToProxy, Type[] additionalInterfacesToProxy, ProxyGenerationOptions options, Object[] constructorArguments, IInterceptor[] interceptors)
[xUnit.net 00:00:00.95]         /_/src/Moq/Interception/CastleProxyFactory.cs(62,0): at Moq.CastleProxyFactory.CreateProxy(Type mockType, IInterceptor interceptor, Type[] interfaces, Object[] arguments)
[xUnit.net 00:00:00.95]         /_/src/Moq/Mock`1.cs(309,0): at Moq.Mock`1.InitializeInstance()
[xUnit.net 00:00:00.95]         /_/src/Moq/Mock`1.cs(323,0): at Moq.Mock`1.OnGetObject()
[xUnit.net 00:00:00.95]         /_/src/Moq/Mock.cs(181,0): at Moq.Mock.get_Object()
[xUnit.net 00:00:00.95]         /_/src/Moq/Mock`1.cs(281,0): at Moq.Mock`1.get_Object()
[xUnit.net 00:00:00.95]         /mnt/d/git/aula/src/Aula.Tests/Bots/SlackMessageHandlerTests.cs(57,0): at Aula.Tests.Bots.SlackMessageHandlerTests..ctor()
[xUnit.net 00:00:00.95]            at System.RuntimeType.CreateInstanceDefaultCtor(Boolean publicOnly, Boolean wrapExceptions)
[xUnit.net 00:00:00.95]         ----- Inner Stack Trace -----
[xUnit.net 00:00:00.95]            at System.RuntimeType.CreateInstanceImpl(BindingFlags bindingAttr, Binder binder, Object[] args, CultureInfo culture)
[xUnit.net 00:00:00.95]            at Castle.DynamicProxy.ProxyGenerator.CreateClassProxyInstance(Type proxyType, List`1 proxyArguments, Type classToProxy, Object[] constructorArguments)
[xUnit.net 00:00:00.95]       System.ArgumentException : Can not instantiate proxy of class: Aula.Tools.ReminderCommandHandler.
[xUnit.net 00:00:00.95]       Could not find a parameterless constructor. (Parameter 'constructorArguments')
[xUnit.net 00:00:00.95]       ---- System.MissingMethodException : Constructor on type 'Castle.Proxies.ReminderCommandHandlerProxy' not found.
[xUnit.net 00:00:00.95]       Stack Trace:
[xUnit.net 00:00:00.95]            at Castle.DynamicProxy.ProxyGenerator.CreateClassProxyInstance(Type proxyType, List`1 proxyArguments, Type classToProxy, Object[] constructorArguments)
[xUnit.net 00:00:00.95]            at Castle.DynamicProxy.ProxyGenerator.CreateClassProxy(Type classToProxy, Type[] additionalInterfacesToProxy, ProxyGenerationOptions options, Object[] constructorArguments, IInterceptor[] interceptors)
[xUnit.net 00:00:00.95]         /_/src/Moq/Interception/CastleProxyFactory.cs(62,0): at Moq.CastleProxyFactory.CreateProxy(Type mockType, IInterceptor interceptor, Type[] interfaces, Object[] arguments)
[xUnit.net 00:00:00.95]         /_/src/Moq/Mock`1.cs(309,0): at Moq.Mock`1.InitializeInstance()
[xUnit.net 00:00:00.95]         /_/src/Moq/Mock`1.cs(323,0): at Moq.Mock`1.OnGetObject()
[xUnit.net 00:00:00.95]         /_/src/Moq/Mock.cs(181,0): at Moq.Mock.get_Object()
[xUnit.net 00:00:00.95]         /_/src/Moq/Mock`1.cs(281,0): at Moq.Mock`1.get_Object()
[xUnit.net 00:00:00.95]         /mnt/d/git/aula/src/Aula.Tests/Bots/SlackMessageHandlerTests.cs(57,0): at Aula.Tests.Bots.SlackMessageHandlerTests..ctor()
[xUnit.net 00:00:00.95]            at System.RuntimeType.CreateInstanceDefaultCtor(Boolean publicOnly, Boolean wrapExceptions)
[xUnit.net 00:00:00.95]         ----- Inner Stack Trace -----
[xUnit.net 00:00:00.95]            at System.RuntimeType.CreateInstanceImpl(BindingFlags bindingAttr, Binder binder, Object[] args, CultureInfo culture)
[xUnit.net 00:00:00.95]            at Castle.DynamicProxy.ProxyGenerator.CreateClassProxyInstance(Type proxyType, List`1 proxyArguments, Type classToProxy, Object[] constructorArguments)
Telegram integration is disabled. Week letter not posted.
Error sanitizing HTML: Multiple node elements can't be created.. Falling back to plain text.
[xUnit.net 00:00:00.95]       System.ArgumentException : Can not instantiate proxy of class: Aula.Tools.ReminderCommandHandler.
[xUnit.net 00:00:00.95]       Could not find a parameterless constructor. (Parameter 'constructorArguments')
[xUnit.net 00:00:00.95]       ---- System.MissingMethodException : Constructor on type 'Castle.Proxies.ReminderCommandHandlerProxy' not found.
[xUnit.net 00:00:00.95]       Stack Trace:
[xUnit.net 00:00:00.95]            at Castle.DynamicProxy.ProxyGenerator.CreateClassProxyInstance(Type proxyType, List`1 proxyArguments, Type classToProxy, Object[] constructorArguments)
[xUnit.net 00:00:00.95]            at Castle.DynamicProxy.ProxyGenerator.CreateClassProxy(Type classToProxy, Type[] additionalInterfacesToProxy, ProxyGenerationOptions options, Object[] constructorArguments, IInterceptor[] interceptors)
[xUnit.net 00:00:00.95]         /_/src/Moq/Interception/CastleProxyFactory.cs(62,0): at Moq.CastleProxyFactory.CreateProxy(Type mockType, IInterceptor interceptor, Type[] interfaces, Object[] arguments)
[xUnit.net 00:00:00.95]         /_/src/Moq/Mock`1.cs(309,0): at Moq.Mock`1.InitializeInstance()
[xUnit.net 00:00:00.95]         /_/src/Moq/Mock`1.cs(323,0): at Moq.Mock`1.OnGetObject()
[xUnit.net 00:00:00.95]         /_/src/Moq/Mock.cs(181,0): at Moq.Mock.get_Object()
[xUnit.net 00:00:00.95]         /_/src/Moq/Mock`1.cs(281,0): at Moq.Mock`1.get_Object()
[xUnit.net 00:00:00.95]         /mnt/d/git/aula/src/Aula.Tests/Bots/SlackMessageHandlerTests.cs(57,0): at Aula.Tests.Bots.SlackMessageHandlerTests..ctor()
[xUnit.net 00:00:00.95]            at System.RuntimeType.CreateInstanceDefaultCtor(Boolean publicOnly, Boolean wrapExceptions)
[xUnit.net 00:00:00.95]         ----- Inner Stack Trace -----
[xUnit.net 00:00:00.95]            at System.RuntimeType.CreateInstanceImpl(BindingFlags bindingAttr, Binder binder, Object[] args, CultureInfo culture)
Error sanitizing HTML: Multiple node elements can't be created.. Falling back to plain text.
[xUnit.net 00:00:00.95]            at Castle.DynamicProxy.ProxyGenerator.CreateClassProxyInstance(Type proxyType, List`1 proxyArguments, Type classToProxy, Object[] constructorArguments)
[xUnit.net 00:00:00.95]       System.ArgumentException : Can not instantiate proxy of class: Aula.Tools.ReminderCommandHandler.
[xUnit.net 00:00:00.95]       Could not find a parameterless constructor. (Parameter 'constructorArguments')
[xUnit.net 00:00:00.95]       ---- System.MissingMethodException : Constructor on type 'Castle.Proxies.ReminderCommandHandlerProxy' not found.
[xUnit.net 00:00:00.95]       Stack Trace:
[xUnit.net 00:00:00.95]            at Castle.DynamicProxy.ProxyGenerator.CreateClassProxyInstance(Type proxyType, List`1 proxyArguments, Type classToProxy, Object[] constructorArguments)
[xUnit.net 00:00:00.95]            at Castle.DynamicProxy.ProxyGenerator.CreateClassProxy(Type classToProxy, Type[] additionalInterfacesToProxy, ProxyGenerationOptions options, Object[] constructorArguments, IInterceptor[] interceptors)
[xUnit.net 00:00:00.95]         /_/src/Moq/Interception/CastleProxyFactory.cs(62,0): at Moq.CastleProxyFactory.CreateProxy(Type mockType, IInterceptor interceptor, Type[] interfaces, Object[] arguments)
[xUnit.net 00:00:00.95]         /_/src/Moq/Mock`1.cs(309,0): at Moq.Mock`1.InitializeInstance()
[xUnit.net 00:00:00.95]         /_/src/Moq/Mock`1.cs(323,0): at Moq.Mock`1.OnGetObject()
[xUnit.net 00:00:00.95]         /_/src/Moq/Mock.cs(181,0): at Moq.Mock.get_Object()
[xUnit.net 00:00:00.95]         /_/src/Moq/Mock`1.cs(281,0): at Moq.Mock`1.get_Object()
[xUnit.net 00:00:00.95]         /mnt/d/git/aula/src/Aula.Tests/Bots/SlackMessageHandlerTests.cs(57,0): at Aula.Tests.Bots.SlackMessageHandlerTests..ctor()
[xUnit.net 00:00:00.95]            at System.RuntimeType.CreateInstanceDefaultCtor(Boolean publicOnly, Boolean wrapExceptions)
[xUnit.net 00:00:00.95]         ----- Inner Stack Trace -----
[xUnit.net 00:00:00.95]            at System.RuntimeType.CreateInstanceImpl(BindingFlags bindingAttr, Binder binder, Object[] args, CultureInfo culture)
[xUnit.net 00:00:00.95]            at Castle.DynamicProxy.ProxyGenerator.CreateClassProxyInstance(Type proxyType, List`1 proxyArguments, Type classToProxy, Object[] constructorArguments)
Error sanitizing HTML: Multiple node elements can't be created.. Falling back to plain text.
[xUnit.net 00:00:00.95]       System.ArgumentException : Can not instantiate proxy of class: Aula.Tools.ReminderCommandHandler.
[xUnit.net 00:00:00.95]       Could not find a parameterless constructor. (Parameter 'constructorArguments')
[xUnit.net 00:00:00.95]       ---- System.MissingMethodException : Constructor on type 'Castle.Proxies.ReminderCommandHandlerProxy' not found.
[xUnit.net 00:00:00.95]       Stack Trace:
[xUnit.net 00:00:00.95]            at Castle.DynamicProxy.ProxyGenerator.CreateClassProxyInstance(Type proxyType, List`1 proxyArguments, Type classToProxy, Object[] constructorArguments)
[xUnit.net 00:00:00.95]            at Castle.DynamicProxy.ProxyGenerator.CreateClassProxy(Type classToProxy, Type[] additionalInterfacesToProxy, ProxyGenerationOptions options, Object[] constructorArguments, IInterceptor[] interceptors)
[xUnit.net 00:00:00.95]         /_/src/Moq/Interception/CastleProxyFactory.cs(62,0): at Moq.CastleProxyFactory.CreateProxy(Type mockType, IInterceptor interceptor, Type[] interfaces, Object[] arguments)
[xUnit.net 00:00:00.95]         /_/src/Moq/Mock`1.cs(309,0): at Moq.Mock`1.InitializeInstance()
[xUnit.net 00:00:00.95]         /_/src/Moq/Mock`1.cs(323,0): at Moq.Mock`1.OnGetObject()
[xUnit.net 00:00:00.95]         /_/src/Moq/Mock.cs(181,0): at Moq.Mock.get_Object()
[xUnit.net 00:00:00.95]         /_/src/Moq/Mock`1.cs(281,0): at Moq.Mock`1.get_Object()
[xUnit.net 00:00:00.95]         /mnt/d/git/aula/src/Aula.Tests/Bots/SlackMessageHandlerTests.cs(57,0): at Aula.Tests.Bots.SlackMessageHandlerTests..ctor()
Error sanitizing HTML: Multiple node elements can't be created.. Falling back to plain text.
[xUnit.net 00:00:00.95]            at System.RuntimeType.CreateInstanceDefaultCtor(Boolean publicOnly, Boolean wrapExceptions)
[xUnit.net 00:00:00.95]         ----- Inner Stack Trace -----
[xUnit.net 00:00:00.95]            at System.RuntimeType.CreateInstanceImpl(BindingFlags bindingAttr, Binder binder, Object[] args, CultureInfo culture)
[xUnit.net 00:00:00.95]            at Castle.DynamicProxy.ProxyGenerator.CreateClassProxyInstance(Type proxyType, List`1 proxyArguments, Type classToProxy, Object[] constructorArguments)
[xUnit.net 00:00:00.95]       System.ArgumentException : Can not instantiate proxy of class: Aula.Tools.ReminderCommandHandler.
[xUnit.net 00:00:00.95]       Could not find a parameterless constructor. (Parameter 'constructorArguments')
[xUnit.net 00:00:00.95]       ---- System.MissingMethodException : Constructor on type 'Castle.Proxies.ReminderCommandHandlerProxy' not found.
[xUnit.net 00:00:00.96]       Stack Trace:
[xUnit.net 00:00:00.96]            at Castle.DynamicProxy.ProxyGenerator.CreateClassProxyInstance(Type proxyType, List`1 proxyArguments, Type classToProxy, Object[] constructorArguments)
[xUnit.net 00:00:00.96]            at Castle.DynamicProxy.ProxyGenerator.CreateClassProxy(Type classToProxy, Type[] additionalInterfacesToProxy, ProxyGenerationOptions options, Object[] constructorArguments, IInterceptor[] interceptors)
[xUnit.net 00:00:00.96]         /_/src/Moq/Interception/CastleProxyFactory.cs(62,0): at Moq.CastleProxyFactory.CreateProxy(Type mockType, IInterceptor interceptor, Type[] interfaces, Object[] arguments)
[xUnit.net 00:00:00.96]         /_/src/Moq/Mock`1.cs(309,0): at Moq.Mock`1.InitializeInstance()
[xUnit.net 00:00:00.96]         /_/src/Moq/Mock`1.cs(323,0): at Moq.Mock`1.OnGetObject()
[xUnit.net 00:00:00.96]         /_/src/Moq/Mock.cs(181,0): at Moq.Mock.get_Object()
[xUnit.net 00:00:00.96]         /_/src/Moq/Mock`1.cs(281,0): at Moq.Mock`1.get_Object()
[xUnit.net 00:00:00.96]         /mnt/d/git/aula/src/Aula.Tests/Bots/SlackMessageHandlerTests.cs(57,0): at Aula.Tests.Bots.SlackMessageHandlerTests..ctor()
[xUnit.net 00:00:00.96]            at System.RuntimeType.CreateInstanceDefaultCtor(Boolean publicOnly, Boolean wrapExceptions)
[xUnit.net 00:00:00.96]         ----- Inner Stack Trace -----
[xUnit.net 00:00:00.96]            at System.RuntimeType.CreateInstanceImpl(BindingFlags bindingAttr, Binder binder, Object[] args, CultureInfo culture)
[xUnit.net 00:00:00.96]            at Castle.DynamicProxy.ProxyGenerator.CreateClassProxyInstance(Type proxyType, List`1 proxyArguments, Type classToProxy, Object[] constructorArguments)
[xUnit.net 00:00:00.96]       System.ArgumentException : Can not instantiate proxy of class: Aula.Tools.ReminderCommandHandler.
[xUnit.net 00:00:00.96]       Could not find a parameterless constructor. (Parameter 'constructorArguments')
[xUnit.net 00:00:00.96]       ---- System.MissingMethodException : Constructor on type 'Castle.Proxies.ReminderCommandHandlerProxy' not found.
[xUnit.net 00:00:00.96]       Stack Trace:
[xUnit.net 00:00:00.96]            at Castle.DynamicProxy.ProxyGenerator.CreateClassProxyInstance(Type proxyType, List`1 proxyArguments, Type classToProxy, Object[] constructorArguments)
[xUnit.net 00:00:00.96]            at Castle.DynamicProxy.ProxyGenerator.CreateClassProxy(Type classToProxy, Type[] additionalInterfacesToProxy, ProxyGenerationOptions options, Object[] constructorArguments, IInterceptor[] interceptors)
[xUnit.net 00:00:00.96]         /_/src/Moq/Interception/CastleProxyFactory.cs(62,0): at Moq.CastleProxyFactory.CreateProxy(Type mockType, IInterceptor interceptor, Type[] interfaces, Object[] arguments)
[xUnit.net 00:00:00.96]         /_/src/Moq/Mock`1.cs(309,0): at Moq.Mock`1.InitializeInstance()
[xUnit.net 00:00:00.96]         /_/src/Moq/Mock`1.cs(323,0): at Moq.Mock`1.OnGetObject()
[xUnit.net 00:00:00.96]         /_/src/Moq/Mock.cs(181,0): at Moq.Mock.get_Object()
[xUnit.net 00:00:00.96]         /_/src/Moq/Mock`1.cs(281,0): at Moq.Mock`1.get_Object()
[xUnit.net 00:00:00.96]         /mnt/d/git/aula/src/Aula.Tests/Bots/SlackMessageHandlerTests.cs(57,0): at Aula.Tests.Bots.SlackMessageHandlerTests..ctor()
[xUnit.net 00:00:00.97]            at System.RuntimeType.CreateInstanceDefaultCtor(Boolean publicOnly, Boolean wrapExceptions)
[xUnit.net 00:00:00.97]         ----- Inner Stack Trace -----
[xUnit.net 00:00:00.97]            at System.RuntimeType.CreateInstanceImpl(BindingFlags bindingAttr, Binder binder, Object[] args, CultureInfo culture)
[xUnit.net 00:00:00.97]            at Castle.DynamicProxy.ProxyGenerator.CreateClassProxyInstance(Type proxyType, List`1 proxyArguments, Type classToProxy, Object[] constructorArguments)
[xUnit.net 00:00:00.97]       System.ArgumentException : Can not instantiate proxy of class: Aula.Tools.ReminderCommandHandler.
[xUnit.net 00:00:00.97]       Could not find a parameterless constructor. (Parameter 'constructorArguments')
[xUnit.net 00:00:00.97]       ---- System.MissingMethodException : Constructor on type 'Castle.Proxies.ReminderCommandHandlerProxy' not found.
[xUnit.net 00:00:00.97]       Stack Trace:
[xUnit.net 00:00:00.97]            at Castle.DynamicProxy.ProxyGenerator.CreateClassProxyInstance(Type proxyType, List`1 proxyArguments, Type classToProxy, Object[] constructorArguments)
[xUnit.net 00:00:00.97]            at Castle.DynamicProxy.ProxyGenerator.CreateClassProxy(Type classToProxy, Type[] additionalInterfacesToProxy, ProxyGenerationOptions options, Object[] constructorArguments, IInterceptor[] interceptors)
[xUnit.net 00:00:00.97]         /_/src/Moq/Interception/CastleProxyFactory.cs(62,0): at Moq.CastleProxyFactory.CreateProxy(Type mockType, IInterceptor interceptor, Type[] interfaces, Object[] arguments)
[xUnit.net 00:00:00.97]         /_/src/Moq/Mock`1.cs(309,0): at Moq.Mock`1.InitializeInstance()
[xUnit.net 00:00:00.97]         /_/src/Moq/Mock`1.cs(323,0): at Moq.Mock`1.OnGetObject()
[xUnit.net 00:00:00.97]         /_/src/Moq/Mock.cs(181,0): at Moq.Mock.get_Object()
[xUnit.net 00:00:00.97]         /_/src/Moq/Mock`1.cs(281,0): at Moq.Mock`1.get_Object()
[xUnit.net 00:00:00.97]         /mnt/d/git/aula/src/Aula.Tests/Bots/SlackMessageHandlerTests.cs(57,0): at Aula.Tests.Bots.SlackMessageHandlerTests..ctor()
[xUnit.net 00:00:00.97]            at System.RuntimeType.CreateInstanceDefaultCtor(Boolean publicOnly, Boolean wrapExceptions)
[xUnit.net 00:00:00.97]         ----- Inner Stack Trace -----
[xUnit.net 00:00:00.97]            at System.RuntimeType.CreateInstanceImpl(BindingFlags bindingAttr, Binder binder, Object[] args, CultureInfo culture)
[xUnit.net 00:00:00.97]            at Castle.DynamicProxy.ProxyGenerator.CreateClassProxyInstance(Type proxyType, List`1 proxyArguments, Type classToProxy, Object[] constructorArguments)
[xUnit.net 00:00:00.97]       System.ArgumentException : Can not instantiate proxy of class: Aula.Tools.ReminderCommandHandler.
[xUnit.net 00:00:00.97]       Could not find a parameterless constructor. (Parameter 'constructorArguments')
[xUnit.net 00:00:00.97]       ---- System.MissingMethodException : Constructor on type 'Castle.Proxies.ReminderCommandHandlerProxy' not found.
[xUnit.net 00:00:00.97]       Stack Trace:
[xUnit.net 00:00:00.97]            at Castle.DynamicProxy.ProxyGenerator.CreateClassProxyInstance(Type proxyType, List`1 proxyArguments, Type classToProxy, Object[] constructorArguments)
[xUnit.net 00:00:00.97]            at Castle.DynamicProxy.ProxyGenerator.CreateClassProxy(Type classToProxy, Type[] additionalInterfacesToProxy, ProxyGenerationOptions options, Object[] constructorArguments, IInterceptor[] interceptors)
[xUnit.net 00:00:00.97]         /_/src/Moq/Interception/CastleProxyFactory.cs(62,0): at Moq.CastleProxyFactory.CreateProxy(Type mockType, IInterceptor interceptor, Type[] interfaces, Object[] arguments)
[xUnit.net 00:00:00.97]         /_/src/Moq/Mock`1.cs(309,0): at Moq.Mock`1.InitializeInstance()
[xUnit.net 00:00:00.97]         /_/src/Moq/Mock`1.cs(323,0): at Moq.Mock`1.OnGetObject()
[xUnit.net 00:00:00.97]         /_/src/Moq/Mock.cs(181,0): at Moq.Mock.get_Object()
[xUnit.net 00:00:00.97]         /_/src/Moq/Mock`1.cs(281,0): at Moq.Mock`1.get_Object()
[xUnit.net 00:00:00.97]         /mnt/d/git/aula/src/Aula.Tests/Bots/SlackMessageHandlerTests.cs(57,0): at Aula.Tests.Bots.SlackMessageHandlerTests..ctor()
[xUnit.net 00:00:00.97]            at System.RuntimeType.CreateInstanceDefaultCtor(Boolean publicOnly, Boolean wrapExceptions)
[xUnit.net 00:00:00.97]         ----- Inner Stack Trace -----
[xUnit.net 00:00:00.97]            at System.RuntimeType.CreateInstanceImpl(BindingFlags bindingAttr, Binder binder, Object[] args, CultureInfo culture)
[xUnit.net 00:00:00.97]            at Castle.DynamicProxy.ProxyGenerator.CreateClassProxyInstance(Type proxyType, List`1 proxyArguments, Type classToProxy, Object[] constructorArguments)
[xUnit.net 00:00:00.97]       System.ArgumentException : Can not instantiate proxy of class: Aula.Tools.ReminderCommandHandler.
[xUnit.net 00:00:00.97]       Could not find a parameterless constructor. (Parameter 'constructorArguments')
[xUnit.net 00:00:00.97]       ---- System.MissingMethodException : Constructor on type 'Castle.Proxies.ReminderCommandHandlerProxy' not found.
[xUnit.net 00:00:00.97]       Stack Trace:
[xUnit.net 00:00:00.97]            at Castle.DynamicProxy.ProxyGenerator.CreateClassProxyInstance(Type proxyType, List`1 proxyArguments, Type classToProxy, Object[] constructorArguments)
[xUnit.net 00:00:00.97]            at Castle.DynamicProxy.ProxyGenerator.CreateClassProxy(Type classToProxy, Type[] additionalInterfacesToProxy, ProxyGenerationOptions options, Object[] constructorArguments, IInterceptor[] interceptors)
[xUnit.net 00:00:00.97]         /_/src/Moq/Interception/CastleProxyFactory.cs(62,0): at Moq.CastleProxyFactory.CreateProxy(Type mockType, IInterceptor interceptor, Type[] interfaces, Object[] arguments)
[xUnit.net 00:00:00.97]         /_/src/Moq/Mock`1.cs(309,0): at Moq.Mock`1.InitializeInstance()
[xUnit.net 00:00:00.98]         /_/src/Moq/Mock`1.cs(323,0): at Moq.Mock`1.OnGetObject()
[xUnit.net 00:00:00.98]         /_/src/Moq/Mock.cs(181,0): at Moq.Mock.get_Object()
[xUnit.net 00:00:00.98]         /_/src/Moq/Mock`1.cs(281,0): at Moq.Mock`1.get_Object()
[xUnit.net 00:00:00.98]         /mnt/d/git/aula/src/Aula.Tests/Bots/SlackMessageHandlerTests.cs(57,0): at Aula.Tests.Bots.SlackMessageHandlerTests..ctor()
[xUnit.net 00:00:00.98]            at System.RuntimeType.CreateInstanceDefaultCtor(Boolean publicOnly, Boolean wrapExceptions)
[xUnit.net 00:00:00.98]         ----- Inner Stack Trace -----
[xUnit.net 00:00:00.98]            at System.RuntimeType.CreateInstanceImpl(BindingFlags bindingAttr, Binder binder, Object[] args, CultureInfo culture)
[xUnit.net 00:00:00.98]            at Castle.DynamicProxy.ProxyGenerator.CreateClassProxyInstance(Type proxyType, List`1 proxyArguments, Type classToProxy, Object[] constructorArguments)
[xUnit.net 00:00:00.98]       System.ArgumentException : Can not instantiate proxy of class: Aula.Tools.ReminderCommandHandler.
[xUnit.net 00:00:00.98]       Could not find a parameterless constructor. (Parameter 'constructorArguments')
[xUnit.net 00:00:00.98]       ---- System.MissingMethodException : Constructor on type 'Castle.Proxies.ReminderCommandHandlerProxy' not found.
[xUnit.net 00:00:00.98]       Stack Trace:
[xUnit.net 00:00:00.98]            at Castle.DynamicProxy.ProxyGenerator.CreateClassProxyInstance(Type proxyType, List`1 proxyArguments, Type classToProxy, Object[] constructorArguments)
[xUnit.net 00:00:00.98]            at Castle.DynamicProxy.ProxyGenerator.CreateClassProxy(Type classToProxy, Type[] additionalInterfacesToProxy, ProxyGenerationOptions options, Object[] constructorArguments, IInterceptor[] interceptors)
[xUnit.net 00:00:00.98]         /_/src/Moq/Interception/CastleProxyFactory.cs(62,0): at Moq.CastleProxyFactory.CreateProxy(Type mockType, IInterceptor interceptor, Type[] interfaces, Object[] arguments)
[xUnit.net 00:00:00.98]         /_/src/Moq/Mock`1.cs(309,0): at Moq.Mock`1.InitializeInstance()
[xUnit.net 00:00:00.98]         /_/src/Moq/Mock`1.cs(323,0): at Moq.Mock`1.OnGetObject()
[xUnit.net 00:00:00.98]         /_/src/Moq/Mock.cs(181,0): at Moq.Mock.get_Object()
[xUnit.net 00:00:00.98]         /_/src/Moq/Mock`1.cs(281,0): at Moq.Mock`1.get_Object()
[xUnit.net 00:00:00.98]         /mnt/d/git/aula/src/Aula.Tests/Bots/SlackMessageHandlerTests.cs(57,0): at Aula.Tests.Bots.SlackMessageHandlerTests..ctor()
[xUnit.net 00:00:00.98]            at System.RuntimeType.CreateInstanceDefaultCtor(Boolean publicOnly, Boolean wrapExceptions)
[xUnit.net 00:00:00.98]         ----- Inner Stack Trace -----
[xUnit.net 00:00:00.98]            at System.RuntimeType.CreateInstanceImpl(BindingFlags bindingAttr, Binder binder, Object[] args, CultureInfo culture)
[xUnit.net 00:00:00.98]            at Castle.DynamicProxy.ProxyGenerator.CreateClassProxyInstance(Type proxyType, List`1 proxyArguments, Type classToProxy, Object[] constructorArguments)
[xUnit.net 00:00:00.98]       System.ArgumentException : Can not instantiate proxy of class: Aula.Tools.ReminderCommandHandler.
[xUnit.net 00:00:00.98]       Could not find a parameterless constructor. (Parameter 'constructorArguments')
[xUnit.net 00:00:00.98]       ---- System.MissingMethodException : Constructor on type 'Castle.Proxies.ReminderCommandHandlerProxy' not found.
[xUnit.net 00:00:00.98]       Stack Trace:
[xUnit.net 00:00:00.98]            at Castle.DynamicProxy.ProxyGenerator.CreateClassProxyInstance(Type proxyType, List`1 proxyArguments, Type classToProxy, Object[] constructorArguments)
[xUnit.net 00:00:00.98]            at Castle.DynamicProxy.ProxyGenerator.CreateClassProxy(Type classToProxy, Type[] additionalInterfacesToProxy, ProxyGenerationOptions options, Object[] constructorArguments, IInterceptor[] interceptors)
[xUnit.net 00:00:00.98]         /_/src/Moq/Interception/CastleProxyFactory.cs(62,0): at Moq.CastleProxyFactory.CreateProxy(Type mockType, IInterceptor interceptor, Type[] interfaces, Object[] arguments)
[xUnit.net 00:00:00.98]         /_/src/Moq/Mock`1.cs(309,0): at Moq.Mock`1.InitializeInstance()
[xUnit.net 00:00:00.98]         /_/src/Moq/Mock`1.cs(323,0): at Moq.Mock`1.OnGetObject()
[xUnit.net 00:00:00.98]         /_/src/Moq/Mock.cs(181,0): at Moq.Mock.get_Object()
[xUnit.net 00:00:00.98]         /_/src/Moq/Mock`1.cs(281,0): at Moq.Mock`1.get_Object()
[xUnit.net 00:00:00.98]         /mnt/d/git/aula/src/Aula.Tests/Bots/SlackMessageHandlerTests.cs(57,0): at Aula.Tests.Bots.SlackMessageHandlerTests..ctor()
[xUnit.net 00:00:00.98]            at System.RuntimeType.CreateInstanceDefaultCtor(Boolean publicOnly, Boolean wrapExceptions)
[xUnit.net 00:00:00.98]         ----- Inner Stack Trace -----
[xUnit.net 00:00:00.98]            at System.RuntimeType.CreateInstanceImpl(BindingFlags bindingAttr, Binder binder, Object[] args, CultureInfo culture)
[xUnit.net 00:00:00.98]            at Castle.DynamicProxy.ProxyGenerator.CreateClassProxyInstance(Type proxyType, List`1 proxyArguments, Type classToProxy, Object[] constructorArguments)
[xUnit.net 00:00:00.98]       System.ArgumentException : Can not instantiate proxy of class: Aula.Tools.ReminderCommandHandler.
[xUnit.net 00:00:00.98]       Could not find a parameterless constructor. (Parameter 'constructorArguments')
[xUnit.net 00:00:00.98]       ---- System.MissingMethodException : Constructor on type 'Castle.Proxies.ReminderCommandHandlerProxy' not found.
[xUnit.net 00:00:00.98]       Stack Trace:
[xUnit.net 00:00:00.98]            at Castle.DynamicProxy.ProxyGenerator.CreateClassProxyInstance(Type proxyType, List`1 proxyArguments, Type classToProxy, Object[] constructorArguments)
[xUnit.net 00:00:00.98]            at Castle.DynamicProxy.ProxyGenerator.CreateClassProxy(Type classToProxy, Type[] additionalInterfacesToProxy, ProxyGenerationOptions options, Object[] constructorArguments, IInterceptor[] interceptors)
[xUnit.net 00:00:00.98]         /_/src/Moq/Interception/CastleProxyFactory.cs(62,0): at Moq.CastleProxyFactory.CreateProxy(Type mockType, IInterceptor interceptor, Type[] interfaces, Object[] arguments)
[xUnit.net 00:00:00.98]         /_/src/Moq/Mock`1.cs(309,0): at Moq.Mock`1.InitializeInstance()
[xUnit.net 00:00:00.98]         /_/src/Moq/Mock`1.cs(323,0): at Moq.Mock`1.OnGetObject()
[xUnit.net 00:00:00.98]         /_/src/Moq/Mock.cs(181,0): at Moq.Mock.get_Object()
[xUnit.net 00:00:00.98]         /_/src/Moq/Mock`1.cs(281,0): at Moq.Mock`1.get_Object()
[xUnit.net 00:00:00.98]         /mnt/d/git/aula/src/Aula.Tests/Bots/SlackMessageHandlerTests.cs(57,0): at Aula.Tests.Bots.SlackMessageHandlerTests..ctor()
[xUnit.net 00:00:00.98]            at System.RuntimeType.CreateInstanceDefaultCtor(Boolean publicOnly, Boolean wrapExceptions)
[xUnit.net 00:00:00.98]         ----- Inner Stack Trace -----
[xUnit.net 00:00:00.98]            at System.RuntimeType.CreateInstanceImpl(BindingFlags bindingAttr, Binder binder, Object[] args, CultureInfo culture)
[xUnit.net 00:00:00.98]            at Castle.DynamicProxy.ProxyGenerator.CreateClassProxyInstance(Type proxyType, List`1 proxyArguments, Type classToProxy, Object[] constructorArguments)
[xUnit.net 00:00:00.98]       System.ArgumentException : Can not instantiate proxy of class: Aula.Tools.ReminderCommandHandler.
[xUnit.net 00:00:00.98]       Could not find a parameterless constructor. (Parameter 'constructorArguments')
[xUnit.net 00:00:00.98]       ---- System.MissingMethodException : Constructor on type 'Castle.Proxies.ReminderCommandHandlerProxy' not found.
[xUnit.net 00:00:00.98]       Stack Trace:
Telegram integration is disabled. Message not sent.
[xUnit.net 00:00:00.98]            at Castle.DynamicProxy.ProxyGenerator.CreateClassProxyInstance(Type proxyType, List`1 proxyArguments, Type classToProxy, Object[] constructorArguments)
[xUnit.net 00:00:00.98]            at Castle.DynamicProxy.ProxyGenerator.CreateClassProxy(Type classToProxy, Type[] additionalInterfacesToProxy, ProxyGenerationOptions options, Object[] constructorArguments, IInterceptor[] interceptors)
[xUnit.net 00:00:00.98]         /_/src/Moq/Interception/CastleProxyFactory.cs(62,0): at Moq.CastleProxyFactory.CreateProxy(Type mockType, IInterceptor interceptor, Type[] interfaces, Object[] arguments)
[xUnit.net 00:00:00.98]         /_/src/Moq/Mock`1.cs(309,0): at Moq.Mock`1.InitializeInstance()
[xUnit.net 00:00:00.98]         /_/src/Moq/Mock`1.cs(323,0): at Moq.Mock`1.OnGetObject()
[xUnit.net 00:00:00.98]         /_/src/Moq/Mock.cs(181,0): at Moq.Mock.get_Object()
[xUnit.net 00:00:00.98]         /_/src/Moq/Mock`1.cs(281,0): at Moq.Mock`1.get_Object()
[xUnit.net 00:00:00.98]         /mnt/d/git/aula/src/Aula.Tests/Bots/SlackMessageHandlerTests.cs(57,0): at Aula.Tests.Bots.SlackMessageHandlerTests..ctor()
[xUnit.net 00:00:00.98]            at System.RuntimeType.CreateInstanceDefaultCtor(Boolean publicOnly, Boolean wrapExceptions)
[xUnit.net 00:00:00.98]         ----- Inner Stack Trace -----
[xUnit.net 00:00:00.98]            at System.RuntimeType.CreateInstanceImpl(BindingFlags bindingAttr, Binder binder, Object[] args, CultureInfo culture)
[xUnit.net 00:00:00.98]            at Castle.DynamicProxy.ProxyGenerator.CreateClassProxyInstance(Type proxyType, List`1 proxyArguments, Type classToProxy, Object[] constructorArguments)
Error sanitizing HTML: Multiple node elements can't be created.. Falling back to plain text.
Error sending message: Unauthorized
Error sending fallback message: Unauthorized
Error sending message: Unauthorized
Error sending message: Unauthorized
Error sending message: Unauthorized
Error sending fallback message: Unauthorized
Error sending message: Unauthorized
Error sending fallback message: Unauthorized
Error sending message: Unauthorized
Error sending message: Unauthorized
Error sending message: Unauthorized
Error sending message: Unauthorized
Error sending fallback message: Unauthorized
Error sending fallback message: Unauthorized
Error sending message: Unauthorized
[xUnit.net 00:00:01.51]       Moq.MockException : 
[xUnit.net 00:00:01.51]       Expected invocation on the mock once, but was 0 times: mock =&gt; mock.SendAsync(It.Is&lt;HttpRequestMessage&gt;(req =&gt; req.Method == HttpMethod.Post &amp;&amp; req.RequestUri.ToString() == "https://slack.com/api/chat.postMessage"), It.IsAny&lt;CancellationToken&gt;())
[xUnit.net 00:00:01.51]       
[xUnit.net 00:00:01.51]       Performed invocations:
[xUnit.net 00:00:01.51]       
[xUnit.net 00:00:01.51]          Mock&lt;HttpMessageHandler:6&gt; (mock):
[xUnit.net 00:00:01.51]          No invocations performed.
[xUnit.net 00:00:01.51]       
[xUnit.net 00:00:01.51]       Stack Trace:
[xUnit.net 00:00:01.51]         /_/src/Moq/Mock.cs(332,0): at Moq.Mock.Verify(Mock mock, LambdaExpression expression, Times times, String failMessage)
[xUnit.net 00:00:01.51]         /_/src/Moq/Protected/ProtectedMock.cs(234,0): at Moq.Protected.ProtectedMock`1.InternalVerify(String methodName, Type[] genericTypeArguments, Times times, Boolean exactParameterMatch, Object[] args)
[xUnit.net 00:00:01.51]         /_/src/Moq/Protected/ProtectedMock.cs(206,0): at Moq.Protected.ProtectedMock`1.Verify(String methodName, Times times, Object[] args)
[xUnit.net 00:00:01.51]         /mnt/d/git/aula/src/Aula.Tests/Bots/SlackInteractiveBotTests.cs(228,0): at Aula.Tests.Bots.SlackInteractiveBotTests.PostWeekLetter_WithValidData_PostsSuccessfully()
[xUnit.net 00:00:01.51]         --- End of stack trace from previous location ---
Error sending message: Username value should be Identifier or Username that starts with @ (Parameter 'username')
Error sending message: Username value should be Identifier or Username that starts with @ (Parameter 'username')
[xUnit.net 00:00:01.57]       Moq.MockException : 
[xUnit.net 00:00:01.57]       Expected invocation on the mock once, but was 0 times: logger =&gt; logger.Log&lt;It.IsAnyType&gt;(LogLevel.Information, It.IsAny&lt;EventId&gt;(), It.Is&lt;It.IsAnyType&gt;((v, t) =&gt; v.ToString().Contains("already posted")), null, It.IsAny&lt;Func&lt;It.IsAnyType, Exception, string&gt;&gt;())
[xUnit.net 00:00:01.57]       
[xUnit.net 00:00:01.57]       Performed invocations:
[xUnit.net 00:00:01.57]       
[xUnit.net 00:00:01.57]          Mock&lt;ILogger:248&gt; (logger):
[xUnit.net 00:00:01.57]       
[xUnit.net 00:00:01.57]             ILogger.Log&lt;FormattedLogValues&gt;(LogLevel.Warning, 0, Failed to post week letter for Emma, null, Func&lt;FormattedLogValues, Exception, string&gt;)
[xUnit.net 00:00:01.57]             ILogger.Log&lt;FormattedLogValues&gt;(LogLevel.Warning, 0, Failed to post week letter for Emma, null, Func&lt;FormattedLogValues, Exception, string&gt;)
[xUnit.net 00:00:01.57]       
[xUnit.net 00:00:01.57]       Stack Trace:
[xUnit.net 00:00:01.57]         /_/src/Moq/Mock.cs(332,0): at Moq.Mock.Verify(Mock mock, LambdaExpression expression, Times times, String failMessage)
[xUnit.net 00:00:01.57]         /_/src/Moq/Mock`1.cs(727,0): at Moq.Mock`1.Verify(Expression`1 expression, Times times)
[xUnit.net 00:00:01.57]         /_/src/Moq/Mock`1.cs(741,0): at Moq.Mock`1.Verify(Expression`1 expression, Func`1 times)
[xUnit.net 00:00:01.57]         /mnt/d/git/aula/src/Aula.Tests/Bots/TelegramInteractiveBotTests.cs(282,0): at Aula.Tests.Bots.TelegramInteractiveBotTests.PostWeekLetter_WithDuplicateContent_SkipsDuplicate()
[xUnit.net 00:00:01.57]         --- End of stack trace from previous location ---
[xUnit.net 00:00:01.79]       Moq.MockException : 
[xUnit.net 00:00:01.79]       Expected invocation on the mock once, but was 0 times: logger =&gt; logger.Log&lt;It.IsAnyType&gt;(LogLevel.Error, It.IsAny&lt;EventId&gt;(), It.Is&lt;It.IsAnyType&gt;((v, t) =&gt; v.ToString().Contains("Failed to post week letter: HTTP")), null, It.IsAny&lt;Func&lt;It.IsAnyType, Exception, string&gt;&gt;())
[xUnit.net 00:00:01.79]       
[xUnit.net 00:00:01.79]       Performed invocations:
[xUnit.net 00:00:01.79]       
[xUnit.net 00:00:01.79]          Mock&lt;ILogger:247&gt; (logger):
[xUnit.net 00:00:01.79]       
[xUnit.net 00:00:01.79]             ILogger.Log&lt;FormattedLogValues&gt;(LogLevel.Information, 0, Posting week letter for Emma, null, Func&lt;FormattedLogValues, Exception, string&gt;)
[xUnit.net 00:00:01.79]             ILogger.Log&lt;FormattedLogValues&gt;(LogLevel.Error, 0, Failed to post week letter: not_authed, null, Func&lt;FormattedLogValues, Exception, string&gt;)
[xUnit.net 00:00:01.79]       
[xUnit.net 00:00:01.79]       Stack Trace:
[xUnit.net 00:00:01.79]         /_/src/Moq/Mock.cs(332,0): at Moq.Mock.Verify(Mock mock, LambdaExpression expression, Times times, String failMessage)
[xUnit.net 00:00:01.79]         /_/src/Moq/Mock`1.cs(727,0): at Moq.Mock`1.Verify(Expression`1 expression, Times times)
[xUnit.net 00:00:01.79]         /_/src/Moq/Mock`1.cs(741,0): at Moq.Mock`1.Verify(Expression`1 expression, Func`1 times)
[xUnit.net 00:00:01.79]         /mnt/d/git/aula/src/Aula.Tests/Bots/SlackInteractiveBotTests.cs(305,0): at Aula.Tests.Bots.SlackInteractiveBotTests.PostWeekLetter_WithHttpError_LogsError()
[xUnit.net 00:00:01.79]         --- End of stack trace from previous location ---
[xUnit.net 00:00:02.78]       Moq.MockException : 
[xUnit.net 00:00:02.78]       Expected invocation on the mock once, but was 0 times: logger =&gt; logger.Log&lt;It.IsAnyType&gt;(LogLevel.Error, It.IsAny&lt;EventId&gt;(), It.Is&lt;It.IsAnyType&gt;((v, t) =&gt; v.ToString().Contains("Failed to post week letter: channel_not_found")), null, It.IsAny&lt;Func&lt;It.IsAnyType, Exception, string&gt;&gt;())
[xUnit.net 00:00:02.78]       
[xUnit.net 00:00:02.78]       Performed invocations:
[xUnit.net 00:00:02.78]       
[xUnit.net 00:00:02.78]          Mock&lt;ILogger:259&gt; (logger):
[xUnit.net 00:00:02.78]       
[xUnit.net 00:00:02.78]             ILogger.Log&lt;FormattedLogValues&gt;(LogLevel.Information, 0, Posting week letter for Emma, null, Func&lt;FormattedLogValues, Exception, string&gt;)
[xUnit.net 00:00:02.78]             ILogger.Log&lt;FormattedLogValues&gt;(LogLevel.Error, 0, Failed to post week letter: not_authed, null, Func&lt;FormattedLogValues, Exception, string&gt;)
[xUnit.net 00:00:02.78]       
[xUnit.net 00:00:02.78]       Stack Trace:
[xUnit.net 00:00:02.78]         /_/src/Moq/Mock.cs(332,0): at Moq.Mock.Verify(Mock mock, LambdaExpression expression, Times times, String failMessage)
[xUnit.net 00:00:02.78]         /_/src/Moq/Mock`1.cs(727,0): at Moq.Mock`1.Verify(Expression`1 expression, Times times)
[xUnit.net 00:00:02.78]         /_/src/Moq/Mock`1.cs(741,0): at Moq.Mock`1.Verify(Expression`1 expression, Func`1 times)
[xUnit.net 00:00:02.78]         /mnt/d/git/aula/src/Aula.Tests/Bots/SlackInteractiveBotTests.cs(333,0): at Aula.Tests.Bots.SlackInteractiveBotTests.PostWeekLetter_WithSlackApiError_LogsError()
[xUnit.net 00:00:02.78]         --- End of stack trace from previous location ---
[xUnit.net 00:00:03.00]       Moq.MockException : 
[xUnit.net 00:00:03.00]       Expected invocation on the mock once, but was 0 times: mock =&gt; mock.SendAsync(It.Is&lt;HttpRequestMessage&gt;(req =&gt; req.Method == HttpMethod.Post &amp;&amp; req.RequestUri.ToString() == "https://slack.com/api/chat.postMessage"), It.IsAny&lt;CancellationToken&gt;())
[xUnit.net 00:00:03.00]       
[xUnit.net 00:00:03.00]       Performed invocations:
[xUnit.net 00:00:03.00]       
[xUnit.net 00:00:03.00]          Mock&lt;HttpMessageHandler:13&gt; (mock):
[xUnit.net 00:00:03.00]          No invocations performed.
[xUnit.net 00:00:03.00]       
[xUnit.net 00:00:03.00]       Stack Trace:
[xUnit.net 00:00:03.00]         /_/src/Moq/Mock.cs(332,0): at Moq.Mock.Verify(Mock mock, LambdaExpression expression, Times times, String failMessage)
[xUnit.net 00:00:03.00]         /_/src/Moq/Protected/ProtectedMock.cs(234,0): at Moq.Protected.ProtectedMock`1.InternalVerify(String methodName, Type[] genericTypeArguments, Times times, Boolean exactParameterMatch, Object[] args)
[xUnit.net 00:00:03.00]         /_/src/Moq/Protected/ProtectedMock.cs(206,0): at Moq.Protected.ProtectedMock`1.Verify(String methodName, Times times, Object[] args)
[xUnit.net 00:00:03.00]         /mnt/d/git/aula/src/Aula.Tests/Bots/SlackInteractiveBotTests.cs(172,0): at Aula.Tests.Bots.SlackInteractiveBotTests.SendMessage_WithValidText_SendsSuccessfully()
[xUnit.net 00:00:03.00]         --- End of stack trace from previous location ---
[xUnit.net 00:00:03.25]       Moq.MockException : 
[xUnit.net 00:00:03.25]       Expected invocation on the mock once, but was 0 times: mock =&gt; mock.SendAsync(It.IsAny&lt;HttpRequestMessage&gt;(), It.IsAny&lt;CancellationToken&gt;())
[xUnit.net 00:00:03.25]       
[xUnit.net 00:00:03.25]       Performed invocations:
[xUnit.net 00:00:03.25]       
[xUnit.net 00:00:03.25]          Mock&lt;HttpMessageHandler:16&gt; (mock):
[xUnit.net 00:00:03.25]          No invocations performed.
[xUnit.net 00:00:03.25]       
[xUnit.net 00:00:03.25]       Stack Trace:
[xUnit.net 00:00:03.25]         /_/src/Moq/Mock.cs(332,0): at Moq.Mock.Verify(Mock mock, LambdaExpression expression, Times times, String failMessage)
[xUnit.net 00:00:03.25]         /_/src/Moq/Protected/ProtectedMock.cs(234,0): at Moq.Protected.ProtectedMock`1.InternalVerify(String methodName, Type[] genericTypeArguments, Times times, Boolean exactParameterMatch, Object[] args)
[xUnit.net 00:00:03.25]         /_/src/Moq/Protected/ProtectedMock.cs(206,0): at Moq.Protected.ProtectedMock`1.Verify(String methodName, Times times, Object[] args)
[xUnit.net 00:00:03.25]         /mnt/d/git/aula/src/Aula.Tests/Bots/SlackInteractiveBotTests.cs(274,0): at Aula.Tests.Bots.SlackInteractiveBotTests.PostWeekLetter_WithDuplicateContent_SkipsDuplicate()
[xUnit.net 00:00:03.25]         --- End of stack trace from previous location ---
[xUnit.net 00:00:03.26]   Finished:    Aula.Tests
</StdOut>
    </Output>
    <RunInfos>
      <RunInfo computerName="RHO-DESKTOP" outcome="Error" timestamp="2025-06-30T17:11:27.4556261+02:00">
        <Text>[xUnit.net 00:00:00.73]     Aula.Tests.Services.OpenAiServiceIntegrationTests.Constructor_WithNullApiKey_ThrowsArgumentException [FAIL]</Text>
      </RunInfo>
      <RunInfo computerName="RHO-DESKTOP" outcome="Error" timestamp="2025-06-30T17:11:27.4707705+02:00">
        <Text>[xUnit.net 00:00:00.75]     Aula.Tests.Services.OpenAiServiceIntegrationTests.Constructor_WithCustomModel_UsesSpecifiedModel [FAIL]</Text>
      </RunInfo>
      <RunInfo computerName="RHO-DESKTOP" outcome="Error" timestamp="2025-06-30T17:11:27.4746532+02:00">
        <Text>[xUnit.net 00:00:00.75]     Aula.Tests.Services.OpenAiServiceIntegrationTests.AskQuestionAboutChildrenAsync_WithNullChildrenWeekLetters_ThrowsArgumentNullException(chatInterface: Slack) [FAIL]</Text>
      </RunInfo>
      <RunInfo computerName="RHO-DESKTOP" outcome="Error" timestamp="2025-06-30T17:11:27.4765136+02:00">
        <Text>[xUnit.net 00:00:00.75]     Aula.Tests.Services.OpenAiServiceIntegrationTests.AskQuestionAboutChildrenAsync_WithNullChildrenWeekLetters_ThrowsArgumentNullException(chatInterface: Telegram) [FAIL]</Text>
      </RunInfo>
      <RunInfo computerName="RHO-DESKTOP" outcome="Error" timestamp="2025-06-30T17:11:27.4803514+02:00">
        <Text>[xUnit.net 00:00:00.75]     Aula.Tests.Services.OpenAiServiceIntegrationTests.Constructor_WithWhitespaceApiKey_ThrowsArgumentException [FAIL]</Text>
      </RunInfo>
      <RunInfo computerName="RHO-DESKTOP" outcome="Error" timestamp="2025-06-30T17:11:27.4889743+02:00">
        <Text>[xUnit.net 00:00:00.76]     Aula.Tests.Services.OpenAiServiceIntegrationTests.ClearConversationHistory_WithoutContextKey_DoesNotThrow [FAIL]</Text>
      </RunInfo>
      <RunInfo computerName="RHO-DESKTOP" outcome="Error" timestamp="2025-06-30T17:11:27.4891296+02:00">
        <Text>[xUnit.net 00:00:00.76]     Aula.Tests.Services.OpenAiServiceIntegrationTests.ExtractKeyInformationAsync_WithNullWeekLetter_ThrowsArgumentNullException(chatInterface: Telegram) [FAIL]</Text>
      </RunInfo>
      <RunInfo computerName="RHO-DESKTOP" outcome="Error" timestamp="2025-06-30T17:11:27.4895011+02:00">
        <Text>[xUnit.net 00:00:00.76]     Aula.Tests.Services.OpenAiServiceIntegrationTests.ExtractKeyInformationAsync_WithNullWeekLetter_ThrowsArgumentNullException(chatInterface: Slack) [FAIL]</Text>
      </RunInfo>
      <RunInfo computerName="RHO-DESKTOP" outcome="Error" timestamp="2025-06-30T17:11:27.4948490+02:00">
        <Text>[xUnit.net 00:00:00.77]     Aula.Tests.Services.OpenAiServiceIntegrationTests.ProcessQueryWithToolsAsync_WithInvalidQuery_ThrowsArgumentException(query: "   ") [FAIL]</Text>
      </RunInfo>
      <RunInfo computerName="RHO-DESKTOP" outcome="Error" timestamp="2025-06-30T17:11:27.4949487+02:00">
        <Text>[xUnit.net 00:00:00.77]     Aula.Tests.Services.OpenAiServiceIntegrationTests.ProcessQueryWithToolsAsync_WithInvalidQuery_ThrowsArgumentException(query: null) [FAIL]</Text>
      </RunInfo>
      <RunInfo computerName="RHO-DESKTOP" outcome="Error" timestamp="2025-06-30T17:11:27.4976708+02:00">
        <Text>[xUnit.net 00:00:00.77]     Aula.Tests.Services.OpenAiServiceIntegrationTests.ProcessQueryWithToolsAsync_WithInvalidQuery_ThrowsArgumentException(query: "") [FAIL]</Text>
      </RunInfo>
      <RunInfo computerName="RHO-DESKTOP" outcome="Error" timestamp="2025-06-30T17:11:27.5051956+02:00">
        <Text>[xUnit.net 00:00:00.78]     Aula.Tests.Services.OpenAiServiceIntegrationTests.ProcessQueryWithToolsAsync_WithInvalidContextKey_ThrowsArgumentException(contextKey: "   ") [FAIL]</Text>
      </RunInfo>
      <RunInfo computerName="RHO-DESKTOP" outcome="Error" timestamp="2025-06-30T17:11:27.5263277+02:00">
        <Text>[xUnit.net 00:00:00.80]     Aula.Tests.Services.OpenAiServiceIntegrationTests.ProcessQueryWithToolsAsync_WithInvalidContextKey_ThrowsArgumentException(contextKey: "") [FAIL]</Text>
      </RunInfo>
      <RunInfo computerName="RHO-DESKTOP" outcome="Error" timestamp="2025-06-30T17:11:27.5287557+02:00">
        <Text>[xUnit.net 00:00:00.80]     Aula.Tests.Services.OpenAiServiceIntegrationTests.ProcessQueryWithToolsAsync_WithInvalidContextKey_ThrowsArgumentException(contextKey: null) [FAIL]</Text>
      </RunInfo>
      <RunInfo computerName="RHO-DESKTOP" outcome="Error" timestamp="2025-06-30T17:11:27.5387090+02:00">
        <Text>[xUnit.net 00:00:00.80]     Aula.Tests.Services.OpenAiServiceIntegrationTests.ExtractKeyInformationAsync_WithValidWeekLetter_CallsApiWithCorrectParameters [FAIL]</Text>
      </RunInfo>
      <RunInfo computerName="RHO-DESKTOP" outcome="Error" timestamp="2025-06-30T17:11:27.5669781+02:00">
        <Text>[xUnit.net 00:00:00.81]     Aula.Tests.Services.OpenAiServiceIntegrationTests.AskQuestionAboutWeekLetterAsync_WithNullWeekLetter_ThrowsArgumentNullException(chatInterface: Slack) [FAIL]</Text>
      </RunInfo>
      <RunInfo computerName="RHO-DESKTOP" outcome="Error" timestamp="2025-06-30T17:11:27.5677365+02:00">
        <Text>[xUnit.net 00:00:00.81]     Aula.Tests.Services.OpenAiServiceIntegrationTests.AskQuestionAboutWeekLetterAsync_WithNullWeekLetter_ThrowsArgumentNullException(chatInterface: Telegram) [FAIL]</Text>
      </RunInfo>
      <RunInfo computerName="RHO-DESKTOP" outcome="Error" timestamp="2025-06-30T17:11:27.5729494+02:00">
        <Text>[xUnit.net 00:00:00.81]     Aula.Tests.Services.OpenAiServiceIntegrationTests.AskQuestionAboutWeekLetterAsync_WithContextKey_WithNullWeekLetter_ThrowsArgumentNullException(chatInterface: Slack) [FAIL]</Text>
      </RunInfo>
      <RunInfo computerName="RHO-DESKTOP" outcome="Error" timestamp="2025-06-30T17:11:27.5730978+02:00">
        <Text>[xUnit.net 00:00:00.81]     Aula.Tests.Services.OpenAiServiceIntegrationTests.AskQuestionAboutWeekLetterAsync_WithContextKey_WithNullWeekLetter_ThrowsArgumentNullException(chatInterface: Telegram) [FAIL]</Text>
      </RunInfo>
      <RunInfo computerName="RHO-DESKTOP" outcome="Error" timestamp="2025-06-30T17:11:27.5737157+02:00">
        <Text>[xUnit.net 00:00:00.82]     Aula.Tests.Services.OpenAiServiceIntegrationTests.SummarizeWeekLetterAsync_WithNullWeekLetter_ThrowsArgumentNullException(chatInterface: Telegram) [FAIL]</Text>
      </RunInfo>
      <RunInfo computerName="RHO-DESKTOP" outcome="Error" timestamp="2025-06-30T17:11:27.5763856+02:00">
        <Text>[xUnit.net 00:00:00.82]     Aula.Tests.Services.OpenAiServiceIntegrationTests.SummarizeWeekLetterAsync_WithNullWeekLetter_ThrowsArgumentNullException(chatInterface: Slack) [FAIL]</Text>
      </RunInfo>
      <RunInfo computerName="RHO-DESKTOP" outcome="Error" timestamp="2025-06-30T17:11:27.5765282+02:00">
        <Text>[xUnit.net 00:00:00.82]     Aula.Tests.Bots.TelegramMessageHandlerTests.HandleMessageAsync_WithHelpCommand_ProcessesHelpMessage(helpCommand: "HJÆLP") [FAIL]</Text>
      </RunInfo>
      <RunInfo computerName="RHO-DESKTOP" outcome="Error" timestamp="2025-06-30T17:11:27.5789266+02:00">
        <Text>[xUnit.net 00:00:00.82]     Aula.Tests.Bots.TelegramMessageHandlerTests.HandleMessageAsync_WithHelpCommand_ProcessesHelpMessage(helpCommand: "hjælp") [FAIL]</Text>
      </RunInfo>
      <RunInfo computerName="RHO-DESKTOP" outcome="Error" timestamp="2025-06-30T17:11:27.5790298+02:00">
        <Text>[xUnit.net 00:00:00.82]     Aula.Tests.Bots.TelegramMessageHandlerTests.HandleMessageAsync_WithHelpCommand_ProcessesHelpMessage(helpCommand: "HELP") [FAIL]</Text>
      </RunInfo>
      <RunInfo computerName="RHO-DESKTOP" outcome="Error" timestamp="2025-06-30T17:11:27.5809011+02:00">
        <Text>[xUnit.net 00:00:00.82]     Aula.Tests.Bots.TelegramMessageHandlerTests.HandleMessageAsync_WithHelpCommand_ProcessesHelpMessage(helpCommand: "help") [FAIL]</Text>
      </RunInfo>
      <RunInfo computerName="RHO-DESKTOP" outcome="Error" timestamp="2025-06-30T17:11:27.5832228+02:00">
        <Text>[xUnit.net 00:00:00.83]     Aula.Tests.Bots.TelegramMessageHandlerTests.HandleMessageAsync_WithEmptyText_ReturnsEarly [FAIL]</Text>
      </RunInfo>
      <RunInfo computerName="RHO-DESKTOP" outcome="Error" timestamp="2025-06-30T17:11:27.5852425+02:00">
        <Text>[xUnit.net 00:00:00.83]     Aula.Tests.Bots.TelegramMessageHandlerTests.HandleMessageAsync_WithValidQuery_ProcessesSuccessfully(queryText: "Hvad skal Emma i dag?") [FAIL]</Text>
      </RunInfo>
      <RunInfo computerName="RHO-DESKTOP" outcome="Error" timestamp="2025-06-30T17:11:27.5871116+02:00">
        <Text>[xUnit.net 00:00:00.83]     Aula.Tests.Bots.TelegramMessageHandlerTests.HandleMessageAsync_WithValidQuery_ProcessesSuccessfully(queryText: "Vis ugeplanen") [FAIL]</Text>
      </RunInfo>
      <RunInfo computerName="RHO-DESKTOP" outcome="Error" timestamp="2025-06-30T17:11:27.5888241+02:00">
        <Text>[xUnit.net 00:00:00.83]     Aula.Tests.Bots.TelegramMessageHandlerTests.HandleMessageAsync_WithValidQuery_ProcessesSuccessfully(queryText: "What is TestChild1 doing tomorrow?") [FAIL]</Text>
      </RunInfo>
      <RunInfo computerName="RHO-DESKTOP" outcome="Error" timestamp="2025-06-30T17:11:27.5943827+02:00">
        <Text>[xUnit.net 00:00:00.84]     Aula.Tests.Bots.TelegramMessageHandlerTests.HandleMessageAsync_WithReminderCommand_CallsReminderHandler(reminderCommand: "slet påmindelse") [FAIL]</Text>
      </RunInfo>
      <RunInfo computerName="RHO-DESKTOP" outcome="Error" timestamp="2025-06-30T17:11:27.5945436+02:00">
        <Text>[xUnit.net 00:00:00.84]     Aula.Tests.Bots.TelegramMessageHandlerTests.HandleMessageAsync_WithReminderCommand_CallsReminderHandler(reminderCommand: "mind mig om noget") [FAIL]</Text>
      </RunInfo>
      <RunInfo computerName="RHO-DESKTOP" outcome="Error" timestamp="2025-06-30T17:11:27.5951469+02:00">
        <Text>[xUnit.net 00:00:00.84]     Aula.Tests.Bots.TelegramMessageHandlerTests.HandleMessageAsync_WithReminderCommand_CallsReminderHandler(reminderCommand: "vis påmindelser") [FAIL]</Text>
      </RunInfo>
      <RunInfo computerName="RHO-DESKTOP" outcome="Error" timestamp="2025-06-30T17:11:27.6014138+02:00">
        <Text>[xUnit.net 00:00:00.87]     Aula.Tests.Services.OpenAiServiceIntegrationTests.AskQuestionAboutChildrenAsync_WithValidParameters_CallsApiWithCorrectParameters [FAIL]</Text>
      </RunInfo>
      <RunInfo computerName="RHO-DESKTOP" outcome="Error" timestamp="2025-06-30T17:11:27.6015385+02:00">
        <Text>[xUnit.net 00:00:00.87]     Aula.Tests.Services.OpenAiServiceIntegrationTests.Constructor_WithEmptyApiKey_ThrowsArgumentException [FAIL]</Text>
      </RunInfo>
      <RunInfo computerName="RHO-DESKTOP" outcome="Error" timestamp="2025-06-30T17:11:27.6016096+02:00">
        <Text>[xUnit.net 00:00:00.87]     Aula.Tests.Services.OpenAiServiceIntegrationTests.Constructor_WithValidParameters_InitializesCorrectly [FAIL]</Text>
      </RunInfo>
      <RunInfo computerName="RHO-DESKTOP" outcome="Error" timestamp="2025-06-30T17:11:27.6036372+02:00">
        <Text>[xUnit.net 00:00:00.87]     Aula.Tests.Bots.TelegramMessageHandlerTests.HandleMessageAsync_WithReminderCommand_CallsReminderHandler(reminderCommand: "tilføj påmindelse") [FAIL]</Text>
      </RunInfo>
      <RunInfo computerName="RHO-DESKTOP" outcome="Error" timestamp="2025-06-30T17:11:27.6103482+02:00">
        <Text>[xUnit.net 00:00:00.87]     Aula.Tests.Bots.TelegramMessageHandlerTests.Constructor_WithNullConversationContextManager_ThrowsArgumentNullException [FAIL]</Text>
      </RunInfo>
      <RunInfo computerName="RHO-DESKTOP" outcome="Error" timestamp="2025-06-30T17:11:27.6106206+02:00">
        <Text>[xUnit.net 00:00:00.88]     Aula.Tests.Bots.TelegramMessageHandlerTests.Constructor_WithNullSupabaseService_ThrowsArgumentNullException [FAIL]</Text>
      </RunInfo>
      <RunInfo computerName="RHO-DESKTOP" outcome="Error" timestamp="2025-06-30T17:11:27.6154116+02:00">
        <Text>[xUnit.net 00:00:00.88]     Aula.Tests.Services.OpenAiServiceIntegrationTests.ProcessQueryWithToolsAsync_WithValidParameters_CallsApiWithCorrectParameters [FAIL]</Text>
      </RunInfo>
      <RunInfo computerName="RHO-DESKTOP" outcome="Error" timestamp="2025-06-30T17:11:27.6163853+02:00">
        <Text>[xUnit.net 00:00:00.88]     Aula.Tests.Bots.TelegramMessageHandlerTests.Constructor_WithNullAgentService_ThrowsArgumentNullException [FAIL]</Text>
      </RunInfo>
      <RunInfo computerName="RHO-DESKTOP" outcome="Error" timestamp="2025-06-30T17:11:27.6183015+02:00">
        <Text>[xUnit.net 00:00:00.88]     Aula.Tests.Bots.TelegramMessageHandlerTests.HandleMessageAsync_WithTextMessage_ProcessesSuccessfully [FAIL]</Text>
      </RunInfo>
      <RunInfo computerName="RHO-DESKTOP" outcome="Error" timestamp="2025-06-30T17:11:27.6200815+02:00">
        <Text>[xUnit.net 00:00:00.88]     Aula.Tests.Bots.TelegramMessageHandlerTests.HandleMessageAsync_WithException_LogsError [FAIL]</Text>
      </RunInfo>
      <RunInfo computerName="RHO-DESKTOP" outcome="Error" timestamp="2025-06-30T17:11:27.6257516+02:00">
        <Text>[xUnit.net 00:00:00.88]     Aula.Tests.Bots.TelegramMessageHandlerTests.HandleMessageAsync_WithNonTextMessage_ReturnsEarly [FAIL]</Text>
      </RunInfo>
      <RunInfo computerName="RHO-DESKTOP" outcome="Error" timestamp="2025-06-30T17:11:27.6262932+02:00">
        <Text>[xUnit.net 00:00:00.88]     Aula.Tests.Bots.TelegramMessageHandlerTests.Constructor_WithNullChildrenByName_ThrowsArgumentNullException [FAIL]</Text>
      </RunInfo>
      <RunInfo computerName="RHO-DESKTOP" outcome="Error" timestamp="2025-06-30T17:11:27.6268917+02:00">
        <Text>[xUnit.net 00:00:00.89]     Aula.Tests.Services.OpenAiServiceIntegrationTests.AskQuestionAboutWeekLetterAsync_WithValidParameters_CallsApiWithCorrectParameters [FAIL]</Text>
      </RunInfo>
      <RunInfo computerName="RHO-DESKTOP" outcome="Error" timestamp="2025-06-30T17:11:27.6386112+02:00">
        <Text>[xUnit.net 00:00:00.89]     Aula.Tests.Bots.TelegramMessageHandlerTests.HandleMessageAsync_WithNullText_ReturnsEarly [FAIL]</Text>
      </RunInfo>
      <RunInfo computerName="RHO-DESKTOP" outcome="Error" timestamp="2025-06-30T17:11:27.6387419+02:00">
        <Text>[xUnit.net 00:00:00.89]     Aula.Tests.Bots.TelegramMessageHandlerTests.HandleMessageAsync_WithPrivateChat_HandlesCorrectly [FAIL]</Text>
      </RunInfo>
      <RunInfo computerName="RHO-DESKTOP" outcome="Error" timestamp="2025-06-30T17:11:27.6410750+02:00">
        <Text>[xUnit.net 00:00:00.89]     Aula.Tests.Bots.TelegramMessageHandlerTests.Constructor_WithNullLogger_ThrowsArgumentNullException [FAIL]</Text>
      </RunInfo>
      <RunInfo computerName="RHO-DESKTOP" outcome="Error" timestamp="2025-06-30T17:11:27.6413207+02:00">
        <Text>[xUnit.net 00:00:00.89]     Aula.Tests.Services.OpenAiServiceIntegrationTests.MultipleConversations_WithDifferentContextKeys_AreHandledSeparately [FAIL]</Text>
      </RunInfo>
      <RunInfo computerName="RHO-DESKTOP" outcome="Error" timestamp="2025-06-30T17:11:27.6425710+02:00">
        <Text>[xUnit.net 00:00:00.89]     Aula.Tests.Bots.TelegramMessageHandlerTests.HandleMessageAsync_WithGroupChat_HandlesCorrectly [FAIL]</Text>
      </RunInfo>
      <RunInfo computerName="RHO-DESKTOP" outcome="Error" timestamp="2025-06-30T17:11:27.6438450+02:00">
        <Text>[xUnit.net 00:00:00.90]     Aula.Tests.Bots.TelegramMessageHandlerTests.Constructor_WithNullConfig_ThrowsArgumentNullException [FAIL]</Text>
      </RunInfo>
      <RunInfo computerName="RHO-DESKTOP" outcome="Error" timestamp="2025-06-30T17:11:27.6453715+02:00">
        <Text>[xUnit.net 00:00:00.90]     Aula.Tests.Bots.TelegramMessageHandlerTests.HandleMessageAsync_LogsMessageProcessing [FAIL]</Text>
      </RunInfo>
      <RunInfo computerName="RHO-DESKTOP" outcome="Error" timestamp="2025-06-30T17:11:27.6506259+02:00">
        <Text>[xUnit.net 00:00:00.90]     Aula.Tests.Bots.TelegramMessageHandlerTests.Constructor_WithNullReminderHandler_ThrowsArgumentNullException [FAIL]</Text>
      </RunInfo>
      <RunInfo computerName="RHO-DESKTOP" outcome="Error" timestamp="2025-06-30T17:11:27.6506903+02:00">
        <Text>[xUnit.net 00:00:00.90]     Aula.Tests.Bots.TelegramMessageHandlerTests.HandleMessageAsync_WithCancellationToken_RespectsCancellation [FAIL]</Text>
      </RunInfo>
      <RunInfo computerName="RHO-DESKTOP" outcome="Error" timestamp="2025-06-30T17:11:27.6507466+02:00">
        <Text>[xUnit.net 00:00:00.90]     Aula.Tests.Bots.TelegramMessageHandlerTests.Constructor_WithValidParameters_InitializesCorrectly [FAIL]</Text>
      </RunInfo>
      <RunInfo computerName="RHO-DESKTOP" outcome="Error" timestamp="2025-06-30T17:11:27.6519282+02:00">
        <Text>[xUnit.net 00:00:00.90]     Aula.Tests.Services.OpenAiServiceIntegrationTests.SummarizeWeekLetterAsync_WithValidWeekLetter_CallsApiWithCorrectParameters [FAIL]</Text>
      </RunInfo>
      <RunInfo computerName="RHO-DESKTOP" outcome="Error" timestamp="2025-06-30T17:11:27.6684077+02:00">
        <Text>[xUnit.net 00:00:00.91]     Aula.Tests.Services.OpenAiServiceIntegrationTests.Constructor_WithNullLoggerFactory_ThrowsArgumentNullException [FAIL]</Text>
      </RunInfo>
      <RunInfo computerName="RHO-DESKTOP" outcome="Error" timestamp="2025-06-30T17:11:27.6686126+02:00">
        <Text>[xUnit.net 00:00:00.92]     Aula.Tests.Services.OpenAiServiceIntegrationTests.ClearConversationHistory_WithContextKey_DoesNotThrow [FAIL]</Text>
      </RunInfo>
      <RunInfo computerName="RHO-DESKTOP" outcome="Error" timestamp="2025-06-30T17:11:27.6722415+02:00">
        <Text>[xUnit.net 00:00:00.92]     Aula.Tests.Bots.SlackMessageHandlerTests.HandleMessageAsync_WithNullText_ReturnsFalse [FAIL]</Text>
      </RunInfo>
      <RunInfo computerName="RHO-DESKTOP" outcome="Error" timestamp="2025-06-30T17:11:27.6749222+02:00">
        <Text>[xUnit.net 00:00:00.93]     Aula.Tests.Bots.SlackMessageHandlerTests.HandleMessageAsync_WithNullChannel_ReturnsFalse [FAIL]</Text>
      </RunInfo>
      <RunInfo computerName="RHO-DESKTOP" outcome="Error" timestamp="2025-06-30T17:11:27.6765180+02:00">
        <Text>[xUnit.net 00:00:00.93]     Aula.Tests.Bots.SlackMessageHandlerTests.HandleMessageAsync_WithValidMessage_ReturnsTrue [FAIL]</Text>
      </RunInfo>
      <RunInfo computerName="RHO-DESKTOP" outcome="Error" timestamp="2025-06-30T17:11:27.6786555+02:00">
        <Text>[xUnit.net 00:00:00.94]     Aula.Tests.Bots.SlackMessageHandlerTests.Constructor_WithValidParameters_InitializesCorrectly [FAIL]</Text>
      </RunInfo>
      <RunInfo computerName="RHO-DESKTOP" outcome="Error" timestamp="2025-06-30T17:11:27.6803430+02:00">
        <Text>[xUnit.net 00:00:00.94]     Aula.Tests.Bots.SlackMessageHandlerTests.HandleMessageAsync_WithValidQuery_ProcessesSuccessfully(queryText: "Vis ugeplanen") [FAIL]</Text>
      </RunInfo>
      <RunInfo computerName="RHO-DESKTOP" outcome="Error" timestamp="2025-06-30T17:11:27.6825733+02:00">
        <Text>[xUnit.net 00:00:00.94]     Aula.Tests.Bots.SlackMessageHandlerTests.HandleMessageAsync_WithValidQuery_ProcessesSuccessfully(queryText: "Hvad skal Emma i dag?") [FAIL]</Text>
      </RunInfo>
      <RunInfo computerName="RHO-DESKTOP" outcome="Error" timestamp="2025-06-30T17:11:27.6828147+02:00">
        <Text>[xUnit.net 00:00:00.94]     Aula.Tests.Bots.SlackMessageHandlerTests.HandleMessageAsync_WithValidQuery_ProcessesSuccessfully(queryText: "What is TestChild1 doing tomorrow?") [FAIL]</Text>
      </RunInfo>
      <RunInfo computerName="RHO-DESKTOP" outcome="Error" timestamp="2025-06-30T17:11:27.6871682+02:00">
        <Text>[xUnit.net 00:00:00.94]     Aula.Tests.Bots.SlackMessageHandlerTests.HandleMessageAsync_WithHelpCommand_ProcessesHelpMessage(helpCommand: "help") [FAIL]</Text>
      </RunInfo>
      <RunInfo computerName="RHO-DESKTOP" outcome="Error" timestamp="2025-06-30T17:11:27.6872841+02:00">
        <Text>[xUnit.net 00:00:00.94]     Aula.Tests.Bots.SlackMessageHandlerTests.HandleMessageAsync_WithHelpCommand_ProcessesHelpMessage(helpCommand: "HELP") [FAIL]</Text>
      </RunInfo>
      <RunInfo computerName="RHO-DESKTOP" outcome="Error" timestamp="2025-06-30T17:11:27.6886053+02:00">
        <Text>[xUnit.net 00:00:00.94]     Aula.Tests.Bots.SlackMessageHandlerTests.HandleMessageAsync_WithHelpCommand_ProcessesHelpMessage(helpCommand: "HJÆLP") [FAIL]</Text>
      </RunInfo>
      <RunInfo computerName="RHO-DESKTOP" outcome="Error" timestamp="2025-06-30T17:11:27.6951769+02:00">
        <Text>[xUnit.net 00:00:00.94]     Aula.Tests.Bots.SlackMessageHandlerTests.HandleMessageAsync_WithHelpCommand_ProcessesHelpMessage(helpCommand: "hjælp") [FAIL]</Text>
      </RunInfo>
      <RunInfo computerName="RHO-DESKTOP" outcome="Error" timestamp="2025-06-30T17:11:27.6976439+02:00">
        <Text>[xUnit.net 00:00:00.94]     Aula.Tests.Bots.SlackMessageHandlerTests.Constructor_WithNullHttpClient_ThrowsArgumentNullException [FAIL]</Text>
      </RunInfo>
      <RunInfo computerName="RHO-DESKTOP" outcome="Error" timestamp="2025-06-30T17:11:27.7027261+02:00">
        <Text>[xUnit.net 00:00:00.95]     Aula.Tests.Bots.SlackMessageHandlerTests.Constructor_WithNullAgentService_ThrowsArgumentNullException [FAIL]</Text>
      </RunInfo>
      <RunInfo computerName="RHO-DESKTOP" outcome="Error" timestamp="2025-06-30T17:11:27.7028323+02:00">
        <Text>[xUnit.net 00:00:00.95]     Aula.Tests.Bots.SlackMessageHandlerTests.Constructor_WithNullConversationContext_ThrowsArgumentNullException [FAIL]</Text>
      </RunInfo>
      <RunInfo computerName="RHO-DESKTOP" outcome="Error" timestamp="2025-06-30T17:11:27.7136883+02:00">
        <Text>[xUnit.net 00:00:00.95]     Aula.Tests.Bots.SlackMessageHandlerTests.HandleMessageAsync_WithReminderCommand_CallsReminderHandler(reminderCommand: "mind mig om noget") [FAIL]</Text>
      </RunInfo>
      <RunInfo computerName="RHO-DESKTOP" outcome="Error" timestamp="2025-06-30T17:11:27.7138389+02:00">
        <Text>[xUnit.net 00:00:00.95]     Aula.Tests.Bots.SlackMessageHandlerTests.HandleMessageAsync_WithReminderCommand_CallsReminderHandler(reminderCommand: "vis påmindelser") [FAIL]</Text>
      </RunInfo>
      <RunInfo computerName="RHO-DESKTOP" outcome="Error" timestamp="2025-06-30T17:11:27.7139473+02:00">
        <Text>[xUnit.net 00:00:00.95]     Aula.Tests.Bots.SlackMessageHandlerTests.HandleMessageAsync_WithReminderCommand_CallsReminderHandler(reminderCommand: "tilføj påmindelse") [FAIL]</Text>
      </RunInfo>
      <RunInfo computerName="RHO-DESKTOP" outcome="Error" timestamp="2025-06-30T17:11:27.7140874+02:00">
        <Text>[xUnit.net 00:00:00.95]     Aula.Tests.Bots.SlackMessageHandlerTests.HandleMessageAsync_WithReminderCommand_CallsReminderHandler(reminderCommand: "slet påmindelse") [FAIL]</Text>
      </RunInfo>
      <RunInfo computerName="RHO-DESKTOP" outcome="Error" timestamp="2025-06-30T17:11:27.7176457+02:00">
        <Text>[xUnit.net 00:00:00.96]     Aula.Tests.Bots.SlackMessageHandlerTests.Constructor_WithNullReminderHandler_ThrowsArgumentNullException [FAIL]</Text>
      </RunInfo>
      <RunInfo computerName="RHO-DESKTOP" outcome="Error" timestamp="2025-06-30T17:11:27.7179300+02:00">
        <Text>[xUnit.net 00:00:00.97]     Aula.Tests.Bots.SlackMessageHandlerTests.HandleMessageAsync_WithEmptyText_ReturnsFalse [FAIL]</Text>
      </RunInfo>
      <RunInfo computerName="RHO-DESKTOP" outcome="Error" timestamp="2025-06-30T17:11:27.7253137+02:00">
        <Text>[xUnit.net 00:00:00.97]     Aula.Tests.Bots.SlackMessageHandlerTests.Constructor_WithNullChildrenByName_ThrowsArgumentNullException [FAIL]</Text>
      </RunInfo>
      <RunInfo computerName="RHO-DESKTOP" outcome="Error" timestamp="2025-06-30T17:11:27.7254459+02:00">
        <Text>[xUnit.net 00:00:00.97]     Aula.Tests.Bots.SlackMessageHandlerTests.HandleMessageAsync_WithException_LogsErrorAndReturnsFalse [FAIL]</Text>
      </RunInfo>
      <RunInfo computerName="RHO-DESKTOP" outcome="Error" timestamp="2025-06-30T17:11:27.7255511+02:00">
        <Text>[xUnit.net 00:00:00.98]     Aula.Tests.Bots.SlackMessageHandlerTests.Constructor_WithNullConfig_ThrowsArgumentNullException [FAIL]</Text>
      </RunInfo>
      <RunInfo computerName="RHO-DESKTOP" outcome="Error" timestamp="2025-06-30T17:11:27.7256564+02:00">
        <Text>[xUnit.net 00:00:00.98]     Aula.Tests.Bots.SlackMessageHandlerTests.HandleMessageAsync_WithEmptyChannel_ReturnsFalse [FAIL]</Text>
      </RunInfo>
      <RunInfo computerName="RHO-DESKTOP" outcome="Error" timestamp="2025-06-30T17:11:27.7257529+02:00">
        <Text>[xUnit.net 00:00:00.98]     Aula.Tests.Bots.SlackMessageHandlerTests.Constructor_WithNullLogger_ThrowsArgumentNullException [FAIL]</Text>
      </RunInfo>
      <RunInfo computerName="RHO-DESKTOP" outcome="Error" timestamp="2025-06-30T17:11:27.7331389+02:00">
        <Text>[xUnit.net 00:00:00.98]     Aula.Tests.Bots.SlackMessageHandlerTests.HandleMessageAsync_LogsMessageProcessing [FAIL]</Text>
      </RunInfo>
      <RunInfo computerName="RHO-DESKTOP" outcome="Error" timestamp="2025-06-30T17:11:28.2299071+02:00">
        <Text>[xUnit.net 00:00:01.51]     Aula.Tests.Bots.SlackInteractiveBotTests.PostWeekLetter_WithValidData_PostsSuccessfully [FAIL]</Text>
      </RunInfo>
      <RunInfo computerName="RHO-DESKTOP" outcome="Error" timestamp="2025-06-30T17:11:28.2959153+02:00">
        <Text>[xUnit.net 00:00:01.57]     Aula.Tests.Bots.TelegramInteractiveBotTests.PostWeekLetter_WithDuplicateContent_SkipsDuplicate [FAIL]</Text>
      </RunInfo>
      <RunInfo computerName="RHO-DESKTOP" outcome="Error" timestamp="2025-06-30T17:11:28.5123106+02:00">
        <Text>[xUnit.net 00:00:01.79]     Aula.Tests.Bots.SlackInteractiveBotTests.PostWeekLetter_WithHttpError_LogsError [FAIL]</Text>
      </RunInfo>
      <RunInfo computerName="RHO-DESKTOP" outcome="Error" timestamp="2025-06-30T17:11:29.5008157+02:00">
        <Text>[xUnit.net 00:00:02.78]     Aula.Tests.Bots.SlackInteractiveBotTests.PostWeekLetter_WithSlackApiError_LogsError [FAIL]</Text>
      </RunInfo>
      <RunInfo computerName="RHO-DESKTOP" outcome="Error" timestamp="2025-06-30T17:11:29.7264866+02:00">
        <Text>[xUnit.net 00:00:03.00]     Aula.Tests.Bots.SlackInteractiveBotTests.SendMessage_WithValidText_SendsSuccessfully [FAIL]</Text>
      </RunInfo>
      <RunInfo computerName="RHO-DESKTOP" outcome="Error" timestamp="2025-06-30T17:11:29.9727350+02:00">
        <Text>[xUnit.net 00:00:03.25]     Aula.Tests.Bots.SlackInteractiveBotTests.PostWeekLetter_WithDuplicateContent_SkipsDuplicate [FAIL]</Text>
      </RunInfo>
    </RunInfos>
  </ResultSummary>
</TestRun>