<?xml version="1.0" encoding="utf-8"?>
<TestRun id="f1c150aa-63a6-4b66-b263-f364b16744ee" name="@RHO-DESKTOP 2025-06-30 19:43:41" xmlns="http://microsoft.com/schemas/VisualStudio/TeamTest/2010">
  <Times creation="2025-06-30T19:43:41.0364842+02:00" queuing="2025-06-30T19:43:41.0364844+02:00" start="2025-06-30T19:43:34.3195533+02:00" finish="2025-06-30T19:43:48.8655401+02:00" />
  <TestSettings name="default" id="ca31be47-b067-44e9-b1d8-61a0844c8e23">
    <Deployment runDeploymentRoot="_RHO-DESKTOP_2025-06-30_19_43_41" />
  </TestSettings>
  <Results>
    <UnitTestResult executionId="d44d47bb-4204-43eb-8792-e57d957f6dc0" testId="3a33635c-4486-cf0b-99ea-c9804c518ad6" testName="Aula.Tests.Utilities.FollowUpQuestionDetectorTests.IsFollowUpQuestion_WithChildNameAndTimeReference_ReturnsFalse(input: &quot;Liam i morgen&quot;)" computerName="RHO-DESKTOP" duration="00:00:00.0000381" startTime="2025-06-30T19:43:41.6711915+02:00" endTime="2025-06-30T19:43:41.6711920+02:00" testType="13cdc9d9-ddb5-4fa4-a97d-d965ccfc6d4b" outcome="Passed" testListId="8c84fa94-04c1-424b-9868-57a2d4851a1d" relativeResultsDirectory="d44d47bb-4204-43eb-8792-e57d957f6dc0" />
    <UnitTestResult executionId="7e91ffb2-9440-47a5-b64f-2586a420950d" testId="c491ca15-97ab-a670-c185-11bf3ef7479b" testName="Aula.Tests.Bots.SlackInteractiveBotTests.PostWeekLetter_WithDuplicateContent_SkipsDuplicate" computerName="RHO-DESKTOP" duration="00:00:00.0096477" startTime="2025-06-30T19:43:41.5023569+02:00" endTime="2025-06-30T19:43:41.5023570+02:00" testType="13cdc9d9-ddb5-4fa4-a97d-d965ccfc6d4b" outcome="Passed" testListId="8c84fa94-04c1-424b-9868-57a2d4851a1d" relativeResultsDirectory="7e91ffb2-9440-47a5-b64f-2586a420950d" />
    <UnitTestResult executionId="7d845603-322a-4be1-95f1-fea5cc91754b" testId="d2358b75-2179-dc76-97f4-8e1dfce3fe98" testName="Aula.Tests.Utilities.ReminderExtractionPromptsTests.GetExtractionPrompt_ResponseFormat_IsConsistent" computerName="RHO-DESKTOP" duration="00:00:00.0002887" startTime="2025-06-30T19:43:41.5792375+02:00" endTime="2025-06-30T19:43:41.5792376+02:00" testType="13cdc9d9-ddb5-4fa4-a97d-d965ccfc6d4b" outcome="Passed" testListId="8c84fa94-04c1-424b-9868-57a2d4851a1d" relativeResultsDirectory="7d845603-322a-4be1-95f1-fea5cc91754b" />
    <UnitTestResult executionId="9f6f01bf-c0e4-4472-b0d9-742b3af01a11" testId="24bf56f7-ba67-57f2-f501-175bd348de63" testName="Aula.Tests.Channels.TelegramClientTests.PostWeekLetter_WithVariousChildNames_HandlesCorrectly(firstName: &quot;&quot;)" computerName="RHO-DESKTOP" duration="00:00:00.1406065" startTime="2025-06-30T19:43:41.2172130+02:00" endTime="2025-06-30T19:43:41.2172131+02:00" testType="13cdc9d9-ddb5-4fa4-a97d-d965ccfc6d4b" outcome="Passed" testListId="8c84fa94-04c1-424b-9868-57a2d4851a1d" relativeResultsDirectory="9f6f01bf-c0e4-4472-b0d9-742b3af01a11" />
    <UnitTestResult executionId="62b76d95-a6f3-479a-b787-0d5382b89eed" testId="3332c67c-92a3-057f-677b-9ccf84688a91" testName="Aula.Tests.Utilities.ReminderExtractionPromptsTests.GetExtractionPrompt_WithRealQueries_EmbedsQueryCorrectly(query: &quot;Pick up Emma tomorrow at 3 PM&quot;)" computerName="RHO-DESKTOP" duration="00:00:00.0000335" startTime="2025-06-30T19:43:41.5672226+02:00" endTime="2025-06-30T19:43:41.5672227+02:00" testType="13cdc9d9-ddb5-4fa4-a97d-d965ccfc6d4b" outcome="Passed" testListId="8c84fa94-04c1-424b-9868-57a2d4851a1d" relativeResultsDirectory="62b76d95-a6f3-479a-b787-0d5382b89eed" />
    <UnitTestResult executionId="fb3c2cc6-567c-4223-a0fb-c745ee70f344" testId="bf6936c5-c569-cff2-295a-80008bcc4af4" testName="Aula.Tests.Utilities.IntentAnalysisPromptsTests.ToolExamples_ContainsRequiredKeys(key: &quot;GET_CURRENT_TIME&quot;)" computerName="RHO-DESKTOP" duration="00:00:00.0000056" startTime="2025-06-30T19:43:41.1167449+02:00" endTime="2025-06-30T19:43:41.1167450+02:00" testType="13cdc9d9-ddb5-4fa4-a97d-d965ccfc6d4b" outcome="Passed" testListId="8c84fa94-04c1-424b-9868-57a2d4851a1d" relativeResultsDirectory="fb3c2cc6-567c-4223-a0fb-c745ee70f344" />
    <UnitTestResult executionId="5aefae52-ddd9-488e-93a8-049a5879266d" testId="836451b2-62cb-4cd2-ca5f-c5c8f2c0a202" testName="Aula.Tests.Bots.SlackInteractiveBotTests.Dispose_WhenCalled_DisposesResources" computerName="RHO-DESKTOP" duration="00:00:00.0054899" startTime="2025-06-30T19:43:41.3673016+02:00" endTime="2025-06-30T19:43:41.3673018+02:00" testType="13cdc9d9-ddb5-4fa4-a97d-d965ccfc6d4b" outcome="Passed" testListId="8c84fa94-04c1-424b-9868-57a2d4851a1d" relativeResultsDirectory="5aefae52-ddd9-488e-93a8-049a5879266d" />
    <UnitTestResult executionId="c794dba5-e1d7-4502-bc88-58e230a2ed1e" testId="c2915ea4-e5f9-7f97-c925-c30cd92f3ba5" testName="Aula.Tests.Bots.TelegramMessageHandlerTests.HandleMessageAsync_WithHelpCommand_ProcessesHelpMessage(helpCommand: &quot;HELP&quot;)" computerName="RHO-DESKTOP" duration="00:00:00.0130676" startTime="2025-06-30T19:43:41.4047653+02:00" endTime="2025-06-30T19:43:41.4047654+02:00" testType="13cdc9d9-ddb5-4fa4-a97d-d965ccfc6d4b" outcome="Passed" testListId="8c84fa94-04c1-424b-9868-57a2d4851a1d" relativeResultsDirectory="c794dba5-e1d7-4502-bc88-58e230a2ed1e" />
    <UnitTestResult executionId="aec5f416-5199-4d11-b879-29138ae37885" testId="8ed7f52f-1c34-83a4-64c7-0e5853b67b53" testName="Aula.Tests.Tools.ReminderCommandHandlerTests.TryHandleReminderCommand_AddReminder_ValidFormats_ReturnsSuccess(command: &quot;remind me today at 15:30 that Emma has piano lesso&quot;···, isEnglish: True, expectedChildName: &quot;Emma Marie&quot;)" computerName="RHO-DESKTOP" duration="00:00:00.0084058" startTime="2025-06-30T19:43:41.4808620+02:00" endTime="2025-06-30T19:43:41.4808621+02:00" testType="13cdc9d9-ddb5-4fa4-a97d-d965ccfc6d4b" outcome="Passed" testListId="8c84fa94-04c1-424b-9868-57a2d4851a1d" relativeResultsDirectory="aec5f416-5199-4d11-b879-29138ae37885" />
    <UnitTestResult executionId="a63138bc-32d0-4543-9d28-41e7f889a086" testId="f0803f19-4aef-0544-7088-6f90fbe83c6b" testName="Aula.Tests.Utilities.FollowUpQuestionDetectorTests.IsFollowUpQuestion_WithUnicodeChildNames_WorksCorrectly(input: &quot;SØREN&quot;)" computerName="RHO-DESKTOP" duration="00:00:00.0003730" startTime="2025-06-30T19:43:41.6479007+02:00" endTime="2025-06-30T19:43:41.6479008+02:00" testType="13cdc9d9-ddb5-4fa4-a97d-d965ccfc6d4b" outcome="Passed" testListId="8c84fa94-04c1-424b-9868-57a2d4851a1d" relativeResultsDirectory="a63138bc-32d0-4543-9d28-41e7f889a086" />
    <UnitTestResult executionId="92f5878c-36da-4c69-997c-c121a3a4d3fd" testId="ee79648a-cff5-5748-d2f4-bbdc12cb6662" testName="Aula.Tests.Utilities.ConversationContextTests.ConversationContext_DefaultValues_AreSetCorrectly" computerName="RHO-DESKTOP" duration="00:00:00.0213180" startTime="2025-06-30T19:43:40.9144363+02:00" endTime="2025-06-30T19:43:40.9144868+02:00" testType="13cdc9d9-ddb5-4fa4-a97d-d965ccfc6d4b" outcome="Passed" testListId="8c84fa94-04c1-424b-9868-57a2d4851a1d" relativeResultsDirectory="92f5878c-36da-4c69-997c-c121a3a4d3fd" />
    <UnitTestResult executionId="9fbda3ed-ecfa-4572-9f8c-3e8ca24bd134" testId="bb2b6e22-8876-e112-3e1e-ad1f0802bc47" testName="Aula.Tests.Services.OpenAiServiceIntegrationTests.ChatInterface_Slack_HasCorrectValue" computerName="RHO-DESKTOP" duration="00:00:00.0032068" startTime="2025-06-30T19:43:41.0911143+02:00" endTime="2025-06-30T19:43:41.0911145+02:00" testType="13cdc9d9-ddb5-4fa4-a97d-d965ccfc6d4b" outcome="Passed" testListId="8c84fa94-04c1-424b-9868-57a2d4851a1d" relativeResultsDirectory="9fbda3ed-ecfa-4572-9f8c-3e8ca24bd134" />
    <UnitTestResult executionId="c8e4f938-7769-4922-b008-7f5dd55fb681" testId="d877f94f-066f-42a6-7d0d-fddcf50efb86" testName="Aula.Tests.Channels.TelegramClientTests.SendMessageToChannel_WithVariousMessages_DoesNotThrow(message: &quot;Message with special chars: @#$%&quot;)" computerName="RHO-DESKTOP" duration="00:00:00.0002275" startTime="2025-06-30T19:43:41.2270092+02:00" endTime="2025-06-30T19:43:41.2270093+02:00" testType="13cdc9d9-ddb5-4fa4-a97d-d965ccfc6d4b" outcome="Passed" testListId="8c84fa94-04c1-424b-9868-57a2d4851a1d" relativeResultsDirectory="c8e4f938-7769-4922-b008-7f5dd55fb681" />
    <UnitTestResult executionId="d0f80773-71cc-4b69-8c04-8f3453a7f1b2" testId="9abb3739-6b0d-7f8e-6b46-0210e9a0d235" testName="Aula.Tests.Channels.SlackBotTests.PostMessage_WithMessage_DoesNotThrow" computerName="RHO-DESKTOP" duration="00:00:00.0005310" startTime="2025-06-30T19:43:41.4039336+02:00" endTime="2025-06-30T19:43:41.4039337+02:00" testType="13cdc9d9-ddb5-4fa4-a97d-d965ccfc6d4b" outcome="Passed" testListId="8c84fa94-04c1-424b-9868-57a2d4851a1d" relativeResultsDirectory="d0f80773-71cc-4b69-8c04-8f3453a7f1b2" />
    <UnitTestResult executionId="4e460e14-8ab0-4ffe-8b73-488957c5b33a" testId="f695ece5-4ed0-4918-7e40-7fa901ca2f9e" testName="Aula.Tests.Utilities.FollowUpQuestionDetectorTests.IsFollowUpQuestion_WithDanishFollowUpPhrases_ReturnsTrue(input: &quot;også Emma&quot;)" computerName="RHO-DESKTOP" duration="00:00:00.0002144" startTime="2025-06-30T19:43:41.6733904+02:00" endTime="2025-06-30T19:43:41.6733906+02:00" testType="13cdc9d9-ddb5-4fa4-a97d-d965ccfc6d4b" outcome="Passed" testListId="8c84fa94-04c1-424b-9868-57a2d4851a1d" relativeResultsDirectory="4e460e14-8ab0-4ffe-8b73-488957c5b33a" />
    <UnitTestResult executionId="60e8d624-4ea1-4f7b-8d0c-eff3526202cd" testId="f3b6f74b-87b3-fd71-9913-805f7e4c5e0e" testName="Aula.Tests.Channels.SlackBotTests.PostMessage_WithVariousMessages_DoesNotThrow(message: &quot;Message with special chars: @#$%&quot;)" computerName="RHO-DESKTOP" duration="00:00:00.0005772" startTime="2025-06-30T19:43:41.3472105+02:00" endTime="2025-06-30T19:43:41.3472106+02:00" testType="13cdc9d9-ddb5-4fa4-a97d-d965ccfc6d4b" outcome="Passed" testListId="8c84fa94-04c1-424b-9868-57a2d4851a1d" relativeResultsDirectory="60e8d624-4ea1-4f7b-8d0c-eff3526202cd" />
    <UnitTestResult executionId="dba4aaf3-bc50-45f6-8c9c-9c84c771bd85" testId="ab120f5f-70c1-1c2c-37fe-0285fb96cb1f" testName="Aula.Tests.Services.DataServiceTests.GetWeekSchedule_ReturnsNull_WhenNotInCache" computerName="RHO-DESKTOP" duration="00:00:00.1193582" startTime="2025-06-30T19:43:41.0698557+02:00" endTime="2025-06-30T19:43:41.0698558+02:00" testType="13cdc9d9-ddb5-4fa4-a97d-d965ccfc6d4b" outcome="Passed" testListId="8c84fa94-04c1-424b-9868-57a2d4851a1d" relativeResultsDirectory="dba4aaf3-bc50-45f6-8c9c-9c84c771bd85" />
    <UnitTestResult executionId="9bfa2d0f-6e3a-41f2-b991-16fc12d153f0" testId="350fb660-314c-786b-3d6b-541a0971c807" testName="Aula.Tests.Channels.TelegramClientTests.PostWeekLetter_WithDisabledTelegram_ReturnsFalse" computerName="RHO-DESKTOP" duration="00:00:00.0084571" startTime="2025-06-30T19:43:41.0763456+02:00" endTime="2025-06-30T19:43:41.0763457+02:00" testType="13cdc9d9-ddb5-4fa4-a97d-d965ccfc6d4b" outcome="Passed" testListId="8c84fa94-04c1-424b-9868-57a2d4851a1d" relativeResultsDirectory="9bfa2d0f-6e3a-41f2-b991-16fc12d153f0" />
    <UnitTestResult executionId="e84358c6-8e1d-4ed1-b6b4-b2d18dbbb452" testId="51dadbc3-586b-6ea0-f9cc-0638c0cb614d" testName="Aula.Tests.Utilities.DateTimeUtilitiesTests.GetDanishDayName_AllValidDaysOfWeek_ReturnsNonEmptyString(dayOfWeek: Saturday)" computerName="RHO-DESKTOP" duration="00:00:00.0168563" startTime="2025-06-30T19:43:41.0063288+02:00" endTime="2025-06-30T19:43:41.0063289+02:00" testType="13cdc9d9-ddb5-4fa4-a97d-d965ccfc6d4b" outcome="Passed" testListId="8c84fa94-04c1-424b-9868-57a2d4851a1d" relativeResultsDirectory="e84358c6-8e1d-4ed1-b6b4-b2d18dbbb452" />
    <UnitTestResult executionId="c4770845-7603-4c6c-9241-4c132f3b1a98" testId="12c6c75b-17e2-768a-c582-545ad6254677" testName="Aula.Tests.Utilities.DateTimeUtilitiesTests.GetDanishDayName_ValidDayOfWeek_ReturnsCorrectDanishName(dayOfWeek: Thursday, expectedDanishName: &quot;torsdag&quot;)" computerName="RHO-DESKTOP" duration="00:00:00.0000085" startTime="2025-06-30T19:43:40.9903172+02:00" endTime="2025-06-30T19:43:40.9903173+02:00" testType="13cdc9d9-ddb5-4fa4-a97d-d965ccfc6d4b" outcome="Passed" testListId="8c84fa94-04c1-424b-9868-57a2d4851a1d" relativeResultsDirectory="c4770845-7603-4c6c-9241-4c132f3b1a98" />
    <UnitTestResult executionId="3bffa83a-7210-4efa-844b-4d26c615c223" testId="a05419bf-665b-85cf-3ea6-25bb6d01dbe8" testName="Aula.Tests.Bots.TelegramMessageHandlerTests.HandleMessageAsync_WithReminderCommand_ProcessesMessage(reminderCommand: &quot;tilføj påmindelse&quot;)" computerName="RHO-DESKTOP" duration="00:00:00.0004192" startTime="2025-06-30T19:43:41.4590957+02:00" endTime="2025-06-30T19:43:41.4590958+02:00" testType="13cdc9d9-ddb5-4fa4-a97d-d965ccfc6d4b" outcome="Passed" testListId="8c84fa94-04c1-424b-9868-57a2d4851a1d" relativeResultsDirectory="3bffa83a-7210-4efa-844b-4d26c615c223" />
    <UnitTestResult executionId="d12660dc-dd18-41d4-840c-5f1956bd3ac1" testId="40e04a6d-bef0-ec4b-8281-04b2775da565" testName="Aula.Tests.Bots.SlackMessageHandlerTests.Constructor_WithNullAgentService_ThrowsArgumentNullException" computerName="RHO-DESKTOP" duration="00:00:00.0002842" startTime="2025-06-30T19:43:46.3986018+02:00" endTime="2025-06-30T19:43:46.3986019+02:00" testType="13cdc9d9-ddb5-4fa4-a97d-d965ccfc6d4b" outcome="Passed" testListId="8c84fa94-04c1-424b-9868-57a2d4851a1d" relativeResultsDirectory="d12660dc-dd18-41d4-840c-5f1956bd3ac1" />
    <UnitTestResult executionId="a8933b71-bb1a-4a5b-8d2b-1307569a3e73" testId="df7802a4-febc-831e-f0c4-67bb20909f69" testName="Aula.Tests.Bots.TelegramInteractiveBotTests.ComputeHash_WithDifferentInputs_ReturnsConsistentHashes(input: &quot;Test content 1&quot;)" computerName="RHO-DESKTOP" duration="00:00:00.0004879" startTime="2025-06-30T19:43:41.9370882+02:00" endTime="2025-06-30T19:43:41.9370883+02:00" testType="13cdc9d9-ddb5-4fa4-a97d-d965ccfc6d4b" outcome="Passed" testListId="8c84fa94-04c1-424b-9868-57a2d4851a1d" relativeResultsDirectory="a8933b71-bb1a-4a5b-8d2b-1307569a3e73" />
    <UnitTestResult executionId="4c382eb0-c1a1-4abc-b1e0-192305873257" testId="acb6cd45-54f0-d858-050f-39c07ff6b496" testName="Aula.Tests.Tools.ReminderCommandHandlerTests.TryHandleReminderCommand_NonReminderCommands_ReturnsFalse(command: &quot;   &quot;)" computerName="RHO-DESKTOP" duration="00:00:00.0000724" startTime="2025-06-30T19:43:41.5234120+02:00" endTime="2025-06-30T19:43:41.5234121+02:00" testType="13cdc9d9-ddb5-4fa4-a97d-d965ccfc6d4b" outcome="Passed" testListId="8c84fa94-04c1-424b-9868-57a2d4851a1d" relativeResultsDirectory="4c382eb0-c1a1-4abc-b1e0-192305873257" />
    <UnitTestResult executionId="ee014bdc-7401-47c0-9980-c592b5bdb3ff" testId="e864bc3b-2488-4a94-3944-8157a5bb958a" testName="Aula.Tests.Utilities.JsonFormatterTests.Prettify_WithIncompleteJson_ThrowsException(incompleteJson: &quot;{&quot;)" computerName="RHO-DESKTOP" duration="00:00:00.0000997" startTime="2025-06-30T19:43:41.0250929+02:00" endTime="2025-06-30T19:43:41.0250930+02:00" testType="13cdc9d9-ddb5-4fa4-a97d-d965ccfc6d4b" outcome="Passed" testListId="8c84fa94-04c1-424b-9868-57a2d4851a1d" relativeResultsDirectory="ee014bdc-7401-47c0-9980-c592b5bdb3ff" />
    <UnitTestResult executionId="178dfade-55bf-4495-aacc-3c2094a8a79f" testId="cb065b5b-0d40-3607-dd81-a79e7d3ed14a" testName="Aula.Tests.Configuration.ConfigurationTests.Config_WithEmptyConfiguration_UsesDefaults" computerName="RHO-DESKTOP" duration="00:00:00.0063511" startTime="2025-06-30T19:43:41.9008160+02:00" endTime="2025-06-30T19:43:41.9008161+02:00" testType="13cdc9d9-ddb5-4fa4-a97d-d965ccfc6d4b" outcome="Passed" testListId="8c84fa94-04c1-424b-9868-57a2d4851a1d" relativeResultsDirectory="178dfade-55bf-4495-aacc-3c2094a8a79f" />
    <UnitTestResult executionId="35770a4d-0d99-4ef8-b3fd-8d3d52a1f1d1" testId="2dc6c47b-b5f0-933c-7989-ac5759dd4706" testName="Aula.Tests.Channels.TelegramClientTests.Constructor_WithConfig_EnabledTrue_CreatesInstance" computerName="RHO-DESKTOP" duration="00:00:00.0003506" startTime="2025-06-30T19:43:41.2291436+02:00" endTime="2025-06-30T19:43:41.2291436+02:00" testType="13cdc9d9-ddb5-4fa4-a97d-d965ccfc6d4b" outcome="Passed" testListId="8c84fa94-04c1-424b-9868-57a2d4851a1d" relativeResultsDirectory="35770a4d-0d99-4ef8-b3fd-8d3d52a1f1d1" />
    <UnitTestResult executionId="bf7603bf-efc5-4205-9da9-3cc6a5397f6b" testId="04ed4a86-ba0d-f349-f703-22b685131f64" testName="Aula.Tests.Utilities.IntentAnalysisPromptsTests.GetFormattedPrompt_WithVariousQueries_ReturnsValidPrompt(query: &quot;What does Emma have today?&quot;)" computerName="RHO-DESKTOP" duration="00:00:00.0023693" startTime="2025-06-30T19:43:41.0867080+02:00" endTime="2025-06-30T19:43:41.0867082+02:00" testType="13cdc9d9-ddb5-4fa4-a97d-d965ccfc6d4b" outcome="Passed" testListId="8c84fa94-04c1-424b-9868-57a2d4851a1d" relativeResultsDirectory="bf7603bf-efc5-4205-9da9-3cc6a5397f6b" />
    <UnitTestResult executionId="42675c6d-fe36-4071-b78e-e2f85fa79663" testId="2e7985fe-e95f-8919-ba34-acd7bc78ecb7" testName="Aula.Tests.Services.OpenAiServiceTests.OpenAiService_ClearConversationHistory_WithContextKey_RemovesSpecificContext" computerName="RHO-DESKTOP" duration="00:00:00.0020707" startTime="2025-06-30T19:43:41.6014870+02:00" endTime="2025-06-30T19:43:41.6014871+02:00" testType="13cdc9d9-ddb5-4fa4-a97d-d965ccfc6d4b" outcome="Passed" testListId="8c84fa94-04c1-424b-9868-57a2d4851a1d" relativeResultsDirectory="42675c6d-fe36-4071-b78e-e2f85fa79663" />
    <UnitTestResult executionId="13b3b844-2b98-4501-8a87-0dc0e1baf447" testId="e225aa72-58fb-b1f4-f2d2-82e178039deb" testName="Aula.Tests.Utilities.ConversationContextTests.ToString_AgeCalculation_IsAccurate" computerName="RHO-DESKTOP" duration="00:00:00.0001609" startTime="2025-06-30T19:43:41.0148658+02:00" endTime="2025-06-30T19:43:41.0148660+02:00" testType="13cdc9d9-ddb5-4fa4-a97d-d965ccfc6d4b" outcome="Passed" testListId="8c84fa94-04c1-424b-9868-57a2d4851a1d" relativeResultsDirectory="13b3b844-2b98-4501-8a87-0dc0e1baf447" />
    <UnitTestResult executionId="2cc70c1a-84ed-4d93-8e55-597aea6e1408" testId="e09a9a0e-f05e-b1ab-94a1-7ba461fbd7f9" testName="Aula.Tests.Configuration.ConfigurationTests.Features_DefaultValues_AreCorrect" computerName="RHO-DESKTOP" duration="00:00:00.0046965" startTime="2025-06-30T19:43:41.9108269+02:00" endTime="2025-06-30T19:43:41.9108270+02:00" testType="13cdc9d9-ddb5-4fa4-a97d-d965ccfc6d4b" outcome="Passed" testListId="8c84fa94-04c1-424b-9868-57a2d4851a1d" relativeResultsDirectory="2cc70c1a-84ed-4d93-8e55-597aea6e1408" />
    <UnitTestResult executionId="9491a4f2-ef0b-49c1-a97c-5eab61a2370e" testId="3516f5e6-d761-9079-ee12-f11189d2dee7" testName="Aula.Tests.Utilities.DateTimeUtilitiesTests.GetDanishDayName_ValidDayOfWeek_ReturnsCorrectDanishName(dayOfWeek: Friday, expectedDanishName: &quot;fredag&quot;)" computerName="RHO-DESKTOP" duration="00:00:00.0000056" startTime="2025-06-30T19:43:40.9922647+02:00" endTime="2025-06-30T19:43:40.9922649+02:00" testType="13cdc9d9-ddb5-4fa4-a97d-d965ccfc6d4b" outcome="Passed" testListId="8c84fa94-04c1-424b-9868-57a2d4851a1d" relativeResultsDirectory="9491a4f2-ef0b-49c1-a97c-5eab61a2370e" />
    <UnitTestResult executionId="3725d5fa-b2c3-477b-a268-1356704b568c" testId="64b3e4a5-31a7-57c7-6c30-e353370e12e0" testName="Aula.Tests.Utilities.ReminderExtractionPromptsTests.GetExtractionPrompt_WithRealQueries_EmbedsQueryCorrectly(query: &quot;Meeting with teacher next Monday&quot;)" computerName="RHO-DESKTOP" duration="00:00:00.0002229" startTime="2025-06-30T19:43:41.5632079+02:00" endTime="2025-06-30T19:43:41.5632080+02:00" testType="13cdc9d9-ddb5-4fa4-a97d-d965ccfc6d4b" outcome="Passed" testListId="8c84fa94-04c1-424b-9868-57a2d4851a1d" relativeResultsDirectory="3725d5fa-b2c3-477b-a268-1356704b568c" />
    <UnitTestResult executionId="4d012e2b-0212-4940-bf70-e8ba6bb3ce78" testId="f746688b-f580-3fee-4c58-d4c4ee979cd7" testName="Aula.Tests.Utilities.JsonFormatterTests.Prettify_WithEmptyObjects_HandlesCorrectly" computerName="RHO-DESKTOP" duration="00:00:00.0002774" startTime="2025-06-30T19:43:41.0314953+02:00" endTime="2025-06-30T19:43:41.0314954+02:00" testType="13cdc9d9-ddb5-4fa4-a97d-d965ccfc6d4b" outcome="Passed" testListId="8c84fa94-04c1-424b-9868-57a2d4851a1d" relativeResultsDirectory="4d012e2b-0212-4940-bf70-e8ba6bb3ce78" />
    <UnitTestResult executionId="feb7b621-ee37-41ea-9d8a-41b64ab0e1f2" testId="37f582a3-c279-4823-271e-d030bf33bbb7" testName="Aula.Tests.Bots.TelegramMessageHandlerTests.HandleMessageAsync_WithHelpCommand_ProcessesHelpMessage(helpCommand: &quot;HJÆLP&quot;)" computerName="RHO-DESKTOP" duration="00:00:00.1929558" startTime="2025-06-30T19:43:41.3712192+02:00" endTime="2025-06-30T19:43:41.3712193+02:00" testType="13cdc9d9-ddb5-4fa4-a97d-d965ccfc6d4b" outcome="Passed" testListId="8c84fa94-04c1-424b-9868-57a2d4851a1d" relativeResultsDirectory="feb7b621-ee37-41ea-9d8a-41b64ab0e1f2" />
    <UnitTestResult executionId="afe2bddd-bdbc-4e85-ba01-69536f1d7c40" testId="d874f261-c1fd-d9d6-082a-e87a1ddb40d9" testName="Aula.Tests.Utilities.ConversationContextTests.IsStillValid_WithExactlyTenMinutesOld_ReturnsFalse" computerName="RHO-DESKTOP" duration="00:00:00.0000985" startTime="2025-06-30T19:43:41.0152997+02:00" endTime="2025-06-30T19:43:41.0152999+02:00" testType="13cdc9d9-ddb5-4fa4-a97d-d965ccfc6d4b" outcome="Passed" testListId="8c84fa94-04c1-424b-9868-57a2d4851a1d" relativeResultsDirectory="afe2bddd-bdbc-4e85-ba01-69536f1d7c40" />
    <UnitTestResult executionId="4c205fb7-4560-4d8a-81a7-aa8f6c0f9eb0" testId="085e36b0-0d52-7c74-b0d8-4785cd5f1544" testName="Aula.Tests.Services.SupabaseServiceTests.TestConnectionAsync_WithoutInitialize_ReturnsFalse" computerName="RHO-DESKTOP" duration="00:00:00.0521388" startTime="2025-06-30T19:43:41.6833746+02:00" endTime="2025-06-30T19:43:41.6833747+02:00" testType="13cdc9d9-ddb5-4fa4-a97d-d965ccfc6d4b" outcome="Passed" testListId="8c84fa94-04c1-424b-9868-57a2d4851a1d" relativeResultsDirectory="4c205fb7-4560-4d8a-81a7-aa8f6c0f9eb0" />
    <UnitTestResult executionId="a402ce93-9c3b-42c5-8012-01d778c8404d" testId="d176fe9d-a550-c0ab-c3b8-0439143bdca1" testName="Aula.Tests.Configuration.ConfigurationTests.Timers_AdaptivePollingLimits_ValidationTests(minSeconds: 1, maxSeconds: 60, isValid: True)" computerName="RHO-DESKTOP" duration="00:00:00.0331997" startTime="2025-06-30T19:43:41.5253236+02:00" endTime="2025-06-30T19:43:41.5253237+02:00" testType="13cdc9d9-ddb5-4fa4-a97d-d965ccfc6d4b" outcome="Passed" testListId="8c84fa94-04c1-424b-9868-57a2d4851a1d" relativeResultsDirectory="a402ce93-9c3b-42c5-8012-01d778c8404d" />
    <UnitTestResult executionId="9c0e2fb9-5887-4a96-a011-38e7a66c6b13" testId="6391cd26-6fc2-8e75-57e3-7b032d34c99b" testName="Aula.Tests.Utilities.ConversationContextTests.IsStillValid_WithFreshTimestamp_ReturnsTrue" computerName="RHO-DESKTOP" duration="00:00:00.0001313" startTime="2025-06-30T19:43:41.0157700+02:00" endTime="2025-06-30T19:43:41.0157701+02:00" testType="13cdc9d9-ddb5-4fa4-a97d-d965ccfc6d4b" outcome="Passed" testListId="8c84fa94-04c1-424b-9868-57a2d4851a1d" relativeResultsDirectory="9c0e2fb9-5887-4a96-a011-38e7a66c6b13" />
    <UnitTestResult executionId="6c17fb31-476c-4523-9920-f1a4a1245d94" testId="5545fc75-ce9a-79d5-867a-5bec0a88ff66" testName="Aula.Tests.Configuration.ConfigurationTests.Timers_SchedulingInterval_ValidationTests(intervalSeconds: -1, isValid: False)" computerName="RHO-DESKTOP" duration="00:00:00.0038880" startTime="2025-06-30T19:43:41.7160819+02:00" endTime="2025-06-30T19:43:41.7160820+02:00" testType="13cdc9d9-ddb5-4fa4-a97d-d965ccfc6d4b" outcome="Passed" testListId="8c84fa94-04c1-424b-9868-57a2d4851a1d" relativeResultsDirectory="6c17fb31-476c-4523-9920-f1a4a1245d94" />
    <UnitTestResult executionId="2deb221f-d23b-4d4b-9c7a-00f72de29c66" testId="cc3765fc-8658-a464-43ae-5fa3b977b4d0" testName="Aula.Tests.Configuration.ConfigurationTests.Telegram_Token_ValidationTests(token: &quot;&quot;, isValidFormat: False)" computerName="RHO-DESKTOP" duration="00:00:00.0041176" startTime="2025-06-30T19:43:41.7024970+02:00" endTime="2025-06-30T19:43:41.7024971+02:00" testType="13cdc9d9-ddb5-4fa4-a97d-d965ccfc6d4b" outcome="Passed" testListId="8c84fa94-04c1-424b-9868-57a2d4851a1d" relativeResultsDirectory="2deb221f-d23b-4d4b-9c7a-00f72de29c66" />
    <UnitTestResult executionId="18d30e7e-b39b-44b2-9767-26c16a337c8e" testId="952f09f7-4d08-75b3-4aa9-81a5106c72e8" testName="Aula.Tests.Configuration.ConfigurationTests.Config_IConfig_Interface_IsImplemented" computerName="RHO-DESKTOP" duration="00:00:00.0062420" startTime="2025-06-30T19:43:41.8778536+02:00" endTime="2025-06-30T19:43:41.8778538+02:00" testType="13cdc9d9-ddb5-4fa4-a97d-d965ccfc6d4b" outcome="Passed" testListId="8c84fa94-04c1-424b-9868-57a2d4851a1d" relativeResultsDirectory="18d30e7e-b39b-44b2-9767-26c16a337c8e" />
    <UnitTestResult executionId="0c77eeac-52c8-410d-a6a0-eb6577eca24b" testId="d4e0f652-1aa4-f1fd-46bf-006e98a6310b" testName="Aula.Tests.Services.OpenAiServiceTests.CreateTestWeekLetter_ReturnsValidJObject" computerName="RHO-DESKTOP" duration="00:00:00.0008015" startTime="2025-06-30T19:43:41.6002053+02:00" endTime="2025-06-30T19:43:41.6002055+02:00" testType="13cdc9d9-ddb5-4fa4-a97d-d965ccfc6d4b" outcome="Passed" testListId="8c84fa94-04c1-424b-9868-57a2d4851a1d" relativeResultsDirectory="0c77eeac-52c8-410d-a6a0-eb6577eca24b" />
    <UnitTestResult executionId="65824251-3c29-49a3-a62c-b2ffe3641ca1" testId="cc139316-f1a2-00ef-ef1d-1e4ba4910c04" testName="Aula.Tests.Channels.TelegramClientTests.PostWeekLetter_WithValidInputs_DoesNotThrow" computerName="RHO-DESKTOP" duration="00:00:00.0018847" startTime="2025-06-30T19:43:41.2304259+02:00" endTime="2025-06-30T19:43:41.2304260+02:00" testType="13cdc9d9-ddb5-4fa4-a97d-d965ccfc6d4b" outcome="Passed" testListId="8c84fa94-04c1-424b-9868-57a2d4851a1d" relativeResultsDirectory="65824251-3c29-49a3-a62c-b2ffe3641ca1" />
    <UnitTestResult executionId="2b5b48c4-e807-4ba9-a58b-8b21e4581b6e" testId="42449a83-52ee-ffac-180b-a8106bf3af88" testName="Aula.Tests.Services.SupabaseServiceTests.WeekLetterParameters_WithValidValues_AreInValidRange(childName: &quot;AnotherChild&quot;, weekNumber: 1, year: 2024)" computerName="RHO-DESKTOP" duration="00:00:00.0002948" startTime="2025-06-30T19:43:41.5958201+02:00" endTime="2025-06-30T19:43:41.5958202+02:00" testType="13cdc9d9-ddb5-4fa4-a97d-d965ccfc6d4b" outcome="Passed" testListId="8c84fa94-04c1-424b-9868-57a2d4851a1d" relativeResultsDirectory="2b5b48c4-e807-4ba9-a58b-8b21e4581b6e" />
    <UnitTestResult executionId="12771173-08f2-4b46-b3e7-ff6842c657ac" testId="cb027f47-b453-181c-17af-774dbf3d917b" testName="Aula.Tests.Utilities.ConversationContextTests.IsStillValid_WithExactlyNinePointNineMinutesOld_ReturnsTrue" computerName="RHO-DESKTOP" duration="00:00:00.0001439" startTime="2025-06-30T19:43:41.0145393+02:00" endTime="2025-06-30T19:43:41.0145394+02:00" testType="13cdc9d9-ddb5-4fa4-a97d-d965ccfc6d4b" outcome="Passed" testListId="8c84fa94-04c1-424b-9868-57a2d4851a1d" relativeResultsDirectory="12771173-08f2-4b46-b3e7-ff6842c657ac" />
    <UnitTestResult executionId="842ce389-2c3c-4836-b5c0-9b3b6faffb3f" testId="cffbdb32-a5ce-3149-2be9-2e224df2f82b" testName="Aula.Tests.Tools.AiToolsManagerTests.DeleteReminderAsync_WithValidNumber_DeletesReminder" computerName="RHO-DESKTOP" duration="00:00:00.0178101" startTime="2025-06-30T19:43:41.1756613+02:00" endTime="2025-06-30T19:43:41.1756614+02:00" testType="13cdc9d9-ddb5-4fa4-a97d-d965ccfc6d4b" outcome="Passed" testListId="8c84fa94-04c1-424b-9868-57a2d4851a1d" relativeResultsDirectory="842ce389-2c3c-4836-b5c0-9b3b6faffb3f" />
    <UnitTestResult executionId="f2998880-94e4-40a1-a0c0-75cd7f830c27" testId="9fbd08c9-807d-0d3a-ed39-c949f2bb8c4b" testName="Aula.Tests.Bots.SlackMessageHandlerTests.HandleMessageAsync_WithHelpCommand_ProcessesHelpMessage(helpCommand: &quot;hjælp&quot;)" computerName="RHO-DESKTOP" duration="00:00:00.3130838" startTime="2025-06-30T19:43:46.3974978+02:00" endTime="2025-06-30T19:43:46.3974982+02:00" testType="13cdc9d9-ddb5-4fa4-a97d-d965ccfc6d4b" outcome="Passed" testListId="8c84fa94-04c1-424b-9868-57a2d4851a1d" relativeResultsDirectory="f2998880-94e4-40a1-a0c0-75cd7f830c27" />
    <UnitTestResult executionId="494c62e1-0c64-47f4-b6cb-a1f18c83e928" testId="abab0ca8-38d9-b46e-ed1a-a39f638f498e" testName="Aula.Tests.Channels.SlackBotTests.Constructor_WithValidUrls_DoesNotThrow(webhookUrl: &quot;https://hooks.slack.com/test&quot;)" computerName="RHO-DESKTOP" duration="00:00:00.0005256" startTime="2025-06-30T19:43:41.3872786+02:00" endTime="2025-06-30T19:43:41.3872787+02:00" testType="13cdc9d9-ddb5-4fa4-a97d-d965ccfc6d4b" outcome="Passed" testListId="8c84fa94-04c1-424b-9868-57a2d4851a1d" relativeResultsDirectory="494c62e1-0c64-47f4-b6cb-a1f18c83e928" />
    <UnitTestResult executionId="43eadac2-7919-4486-84cc-4f5745f4651e" testId="348072bd-5799-593b-9354-a4cea37de12a" testName="Aula.Tests.Bots.SlackMessageHandlerTests.HandleMessageAsync_WithValidQuery_ProcessesSuccessfully(queryText: &quot;Vis ugeplanen&quot;)" computerName="RHO-DESKTOP" duration="00:00:00.4323212" startTime="2025-06-30T19:43:42.4671602+02:00" endTime="2025-06-30T19:43:42.4671604+02:00" testType="13cdc9d9-ddb5-4fa4-a97d-d965ccfc6d4b" outcome="Passed" testListId="8c84fa94-04c1-424b-9868-57a2d4851a1d" relativeResultsDirectory="43eadac2-7919-4486-84cc-4f5745f4651e" />
    <UnitTestResult executionId="6351ed60-41ab-4a06-ad10-9948a18dcd89" testId="ecba833b-4a32-70dc-1540-ec8a113be1de" testName="Aula.Tests.Channels.SlackBotTests.PostWeekLetter_WithVariousChildColors_HandlesCorrectly(color: &quot;red&quot;)" computerName="RHO-DESKTOP" duration="00:00:00.0020320" startTime="2025-06-30T19:43:41.3526623+02:00" endTime="2025-06-30T19:43:41.3526624+02:00" testType="13cdc9d9-ddb5-4fa4-a97d-d965ccfc6d4b" outcome="Passed" testListId="8c84fa94-04c1-424b-9868-57a2d4851a1d" relativeResultsDirectory="6351ed60-41ab-4a06-ad10-9948a18dcd89" />
    <UnitTestResult executionId="691f2c15-4e3f-4c0e-9951-f56f29277a4a" testId="10351b87-cca7-9abd-49aa-c981441e9d37" testName="Aula.Tests.Configuration.ConfigurationTests.Supabase_ConfigurationIsCorrect" computerName="RHO-DESKTOP" duration="00:00:00.0070554" startTime="2025-06-30T19:43:41.6868248+02:00" endTime="2025-06-30T19:43:41.6868249+02:00" testType="13cdc9d9-ddb5-4fa4-a97d-d965ccfc6d4b" outcome="Passed" testListId="8c84fa94-04c1-424b-9868-57a2d4851a1d" relativeResultsDirectory="691f2c15-4e3f-4c0e-9951-f56f29277a4a" />
    <UnitTestResult executionId="84066a49-71e9-4242-b1e9-f7074a260cf6" testId="6423dadf-5032-e426-048d-b3adf874a425" testName="Aula.Tests.Bots.TelegramInteractiveBotTests.PostWeekLetter_WithUnknownChild_LogsWarningAndReturns" computerName="RHO-DESKTOP" duration="00:00:00.0049730" startTime="2025-06-30T19:43:42.3463609+02:00" endTime="2025-06-30T19:43:42.3463611+02:00" testType="13cdc9d9-ddb5-4fa4-a97d-d965ccfc6d4b" outcome="Passed" testListId="8c84fa94-04c1-424b-9868-57a2d4851a1d" relativeResultsDirectory="84066a49-71e9-4242-b1e9-f7074a260cf6" />
    <UnitTestResult executionId="407f0eea-9758-4ab4-a80f-35ec01810e2a" testId="8c3471e8-fc32-9e5a-4e09-9595c65b9cfb" testName="Aula.Tests.Utilities.FollowUpQuestionDetectorTests.IsFollowUpQuestion_WithDanishFollowUpPhrases_ReturnsTrue(input: &quot;hvad med Emma&quot;)" computerName="RHO-DESKTOP" duration="00:00:00.0002063" startTime="2025-06-30T19:43:41.6740665+02:00" endTime="2025-06-30T19:43:41.6740666+02:00" testType="13cdc9d9-ddb5-4fa4-a97d-d965ccfc6d4b" outcome="Passed" testListId="8c84fa94-04c1-424b-9868-57a2d4851a1d" relativeResultsDirectory="407f0eea-9758-4ab4-a80f-35ec01810e2a" />
    <UnitTestResult executionId="b54912ac-5710-4740-bd53-af3ba553cea9" testId="e8058050-cbb0-edb4-84ec-77371a17e76d" testName="Aula.Tests.Services.DataModelTests.Reminder_CreatedBy_HandlesValues(createdBy: &quot;&quot;, shouldAccept: True)" computerName="RHO-DESKTOP" duration="00:00:00.0000020" startTime="2025-06-30T19:43:41.0083899+02:00" endTime="2025-06-30T19:43:41.0083899+02:00" testType="13cdc9d9-ddb5-4fa4-a97d-d965ccfc6d4b" outcome="Passed" testListId="8c84fa94-04c1-424b-9868-57a2d4851a1d" relativeResultsDirectory="b54912ac-5710-4740-bd53-af3ba553cea9" />
    <UnitTestResult executionId="dc000a22-3737-4435-aeec-4b6179485604" testId="a16a5295-4893-3b2e-da76-c179d6ee21e1" testName="Aula.Tests.Scheduling.SchedulingServiceIntegrationTests.StopAsync_CanBeCalledMultipleTimes_DoesNotThrow" computerName="RHO-DESKTOP" duration="00:00:00.0016709" startTime="2025-06-30T19:43:41.1704837+02:00" endTime="2025-06-30T19:43:41.1704838+02:00" testType="13cdc9d9-ddb5-4fa4-a97d-d965ccfc6d4b" outcome="Passed" testListId="8c84fa94-04c1-424b-9868-57a2d4851a1d" relativeResultsDirectory="dc000a22-3737-4435-aeec-4b6179485604" />
    <UnitTestResult executionId="cde13a87-9dd3-44b7-94f0-070e9be26359" testId="bd271e29-873c-e257-8849-0350a000b3af" testName="Aula.Tests.Bots.SlackMessageHandlerTests.HandleMessageAsync_WithHelpCommand_ProcessesHelpMessage(helpCommand: &quot;help&quot;)" computerName="RHO-DESKTOP" duration="00:00:00.3077955" startTime="2025-06-30T19:43:45.4587300+02:00" endTime="2025-06-30T19:43:45.4587301+02:00" testType="13cdc9d9-ddb5-4fa4-a97d-d965ccfc6d4b" outcome="Passed" testListId="8c84fa94-04c1-424b-9868-57a2d4851a1d" relativeResultsDirectory="cde13a87-9dd3-44b7-94f0-070e9be26359" />
    <UnitTestResult executionId="98c7e380-5259-4a2b-9257-8361baf79824" testId="ed243bdd-6000-1061-a83e-9e458b3d2a08" testName="Aula.Tests.Bots.SlackMessageHandlerTests.HandleMessageAsync_WithValidMessage_ReturnsTrue" computerName="RHO-DESKTOP" duration="00:00:00.4662024" startTime="2025-06-30T19:43:41.9761667+02:00" endTime="2025-06-30T19:43:41.9761669+02:00" testType="13cdc9d9-ddb5-4fa4-a97d-d965ccfc6d4b" outcome="Passed" testListId="8c84fa94-04c1-424b-9868-57a2d4851a1d" relativeResultsDirectory="98c7e380-5259-4a2b-9257-8361baf79824" />
    <UnitTestResult executionId="4cd038ac-d622-497e-94ca-3ad02177d2c8" testId="c6b19e93-2b61-da47-f9a3-89a03fe395c8" testName="Aula.Tests.Utilities.FollowUpQuestionDetectorTests.IsFollowUpQuestion_WithoutFollowUpPhrases_ReturnsFalse(input: &quot;hello&quot;)" computerName="RHO-DESKTOP" duration="00:00:00.0001967" startTime="2025-06-30T19:43:41.6589446+02:00" endTime="2025-06-30T19:43:41.6589447+02:00" testType="13cdc9d9-ddb5-4fa4-a97d-d965ccfc6d4b" outcome="Passed" testListId="8c84fa94-04c1-424b-9868-57a2d4851a1d" relativeResultsDirectory="4cd038ac-d622-497e-94ca-3ad02177d2c8" />
    <UnitTestResult executionId="d52db8ce-6fe0-4f55-8961-2951c2d16235" testId="239e373d-1755-bda9-a91e-cb58a8bc8bcf" testName="Aula.Tests.Bots.TelegramMessageHandlerTests.Constructor_WithNullLogger_ThrowsArgumentNullException" computerName="RHO-DESKTOP" duration="00:00:00.0007659" startTime="2025-06-30T19:43:41.5338912+02:00" endTime="2025-06-30T19:43:41.5338913+02:00" testType="13cdc9d9-ddb5-4fa4-a97d-d965ccfc6d4b" outcome="Passed" testListId="8c84fa94-04c1-424b-9868-57a2d4851a1d" relativeResultsDirectory="d52db8ce-6fe0-4f55-8961-2951c2d16235" />
    <UnitTestResult executionId="a2a10bfd-a095-41f2-8232-1b05e3f8e7ed" testId="85a1665e-7de4-7e52-079a-cc1001b34152" testName="Aula.Tests.Utilities.JsonFormatterTests.Prettify_WithEmptyString_ReturnsNull" computerName="RHO-DESKTOP" duration="00:00:00.0356186" startTime="2025-06-30T19:43:40.9407208+02:00" endTime="2025-06-30T19:43:40.9407209+02:00" testType="13cdc9d9-ddb5-4fa4-a97d-d965ccfc6d4b" outcome="Passed" testListId="8c84fa94-04c1-424b-9868-57a2d4851a1d" relativeResultsDirectory="a2a10bfd-a095-41f2-8232-1b05e3f8e7ed" />
    <UnitTestResult executionId="c48d8fa6-5442-40c8-97b5-0951cd4bdd33" testId="4df15bfd-b375-822c-a8df-fcfde52ebf51" testName="Aula.Tests.Configuration.ConfigurationTests.Features_ConversationCacheExpiration_ValidationTests(minutes: 1, isValid: True)" computerName="RHO-DESKTOP" duration="00:00:00.0064479" startTime="2025-06-30T19:43:41.6862274+02:00" endTime="2025-06-30T19:43:41.6862275+02:00" testType="13cdc9d9-ddb5-4fa4-a97d-d965ccfc6d4b" outcome="Passed" testListId="8c84fa94-04c1-424b-9868-57a2d4851a1d" relativeResultsDirectory="c48d8fa6-5442-40c8-97b5-0951cd4bdd33" />
    <UnitTestResult executionId="d496eda9-012f-4327-aa15-e90c4cba5288" testId="bf1816b2-91f9-1cf0-a850-7a59915a1d13" testName="Aula.Tests.Scheduling.SchedulingServiceIntegrationTests.StopAsync_LogsInformationAndDoesNotThrow" computerName="RHO-DESKTOP" duration="00:00:00.0054208" startTime="2025-06-30T19:43:41.1818146+02:00" endTime="2025-06-30T19:43:41.1818147+02:00" testType="13cdc9d9-ddb5-4fa4-a97d-d965ccfc6d4b" outcome="Passed" testListId="8c84fa94-04c1-424b-9868-57a2d4851a1d" relativeResultsDirectory="d496eda9-012f-4327-aa15-e90c4cba5288" />
    <UnitTestResult executionId="bbabc908-0238-4956-ac68-b3ea04f0a7ce" testId="e82068c0-6e0f-9139-e11b-135d1d5c14f8" testName="Aula.Tests.Utilities.IntentAnalysisPromptsTests.GetFormattedPrompt_WithSpecialCharacters_HandlesCorrectly" computerName="RHO-DESKTOP" duration="00:00:00.0003840" startTime="2025-06-30T19:43:41.1301302+02:00" endTime="2025-06-30T19:43:41.1301305+02:00" testType="13cdc9d9-ddb5-4fa4-a97d-d965ccfc6d4b" outcome="Passed" testListId="8c84fa94-04c1-424b-9868-57a2d4851a1d" relativeResultsDirectory="bbabc908-0238-4956-ac68-b3ea04f0a7ce" />
    <UnitTestResult executionId="5d95dd4e-73af-4086-b3ee-64aad5b296a9" testId="cf3ffd15-e77d-0064-8da1-70abe47d1342" testName="Aula.Tests.Utilities.FollowUpQuestionDetectorTests.IsFollowUpQuestion_WithEmptyChildrenList_HandlesSafely" computerName="RHO-DESKTOP" duration="00:00:00.0004722" startTime="2025-06-30T19:43:41.6323065+02:00" endTime="2025-06-30T19:43:41.6323066+02:00" testType="13cdc9d9-ddb5-4fa4-a97d-d965ccfc6d4b" outcome="Passed" testListId="8c84fa94-04c1-424b-9868-57a2d4851a1d" relativeResultsDirectory="5d95dd4e-73af-4086-b3ee-64aad5b296a9" />
    <UnitTestResult executionId="99dfcc5f-a381-4d64-ada6-2676c87ec746" testId="d79cfa86-e515-004d-fe4e-214ac35ead55" testName="Aula.Tests.Utilities.FollowUpQuestionDetectorTests.IsFollowUpQuestion_WithPunctuationAroundChildName_WorksCorrectly(input: &quot;Emma's&quot;)" computerName="RHO-DESKTOP" duration="00:00:00.0000738" startTime="2025-06-30T19:43:41.6656454+02:00" endTime="2025-06-30T19:43:41.6656455+02:00" testType="13cdc9d9-ddb5-4fa4-a97d-d965ccfc6d4b" outcome="Passed" testListId="8c84fa94-04c1-424b-9868-57a2d4851a1d" relativeResultsDirectory="99dfcc5f-a381-4d64-ada6-2676c87ec746" />
    <UnitTestResult executionId="51780b5f-fbe6-4ad4-b65c-dee6e54c77b8" testId="55912caf-6fc4-918c-e4ec-07597adc6c56" testName="Aula.Tests.Services.DataModelTests.PostedLetter_WeekNumberValidation_ReturnsExpectedResult(weekNumber: 53, year: 2023, isValid: True)" computerName="RHO-DESKTOP" duration="00:00:00.0000035" startTime="2025-06-30T19:43:41.0206133+02:00" endTime="2025-06-30T19:43:41.0206134+02:00" testType="13cdc9d9-ddb5-4fa4-a97d-d965ccfc6d4b" outcome="Passed" testListId="8c84fa94-04c1-424b-9868-57a2d4851a1d" relativeResultsDirectory="51780b5f-fbe6-4ad4-b65c-dee6e54c77b8" />
    <UnitTestResult executionId="4043b408-fb99-48d0-a0da-7885bc0596de" testId="e242b67c-3d28-33ee-bf1d-1f163fabd3ca" testName="Aula.Tests.Scheduling.SchedulingServiceIntegrationTests.StartAsync_LogsInformationAndDoesNotThrow" computerName="RHO-DESKTOP" duration="00:00:00.0053742" startTime="2025-06-30T19:43:41.1771330+02:00" endTime="2025-06-30T19:43:41.1771331+02:00" testType="13cdc9d9-ddb5-4fa4-a97d-d965ccfc6d4b" outcome="Passed" testListId="8c84fa94-04c1-424b-9868-57a2d4851a1d" relativeResultsDirectory="4043b408-fb99-48d0-a0da-7885bc0596de" />
    <UnitTestResult executionId="2b406f21-bedf-4b60-86f9-5249a71146fe" testId="51d4bf94-02a4-6db7-00c2-b23d3d85cac5" testName="Aula.Tests.Scheduling.SchedulingServiceIntegrationTests.StopAsync_WithoutStart_DoesNotThrow" computerName="RHO-DESKTOP" duration="00:00:00.1454624" startTime="2025-06-30T19:43:41.0999523+02:00" endTime="2025-06-30T19:43:41.0999525+02:00" testType="13cdc9d9-ddb5-4fa4-a97d-d965ccfc6d4b" outcome="Passed" testListId="8c84fa94-04c1-424b-9868-57a2d4851a1d" relativeResultsDirectory="2b406f21-bedf-4b60-86f9-5249a71146fe" />
    <UnitTestResult executionId="2c577a75-b3a6-4b0d-be9e-5e8775d93d66" testId="b561be64-3ebf-00d7-64e3-9853e17cbf13" testName="Aula.Tests.Configuration.ConfigurationTests.UniLogin_WithInvalidCredentials_HandlesGracefully(invalidValue: &quot;   &quot;)" computerName="RHO-DESKTOP" duration="00:00:00.0073169" startTime="2025-06-30T19:43:41.7861060+02:00" endTime="2025-06-30T19:43:41.7861063+02:00" testType="13cdc9d9-ddb5-4fa4-a97d-d965ccfc6d4b" outcome="Passed" testListId="8c84fa94-04c1-424b-9868-57a2d4851a1d" relativeResultsDirectory="2c577a75-b3a6-4b0d-be9e-5e8775d93d66" />
    <UnitTestResult executionId="bc06b24e-d80c-4b25-bb4f-54b9c5bd5d5b" testId="9ca02d05-5169-149e-ecab-3b9b289b72d5" testName="Aula.Tests.Tools.ReminderCommandHandlerTests.TryHandleReminderCommand_ListReminders_OrdersByDateAndTime" computerName="RHO-DESKTOP" duration="00:00:00.0048335" startTime="2025-06-30T19:43:41.6766214+02:00" endTime="2025-06-30T19:43:41.6766215+02:00" testType="13cdc9d9-ddb5-4fa4-a97d-d965ccfc6d4b" outcome="Passed" testListId="8c84fa94-04c1-424b-9868-57a2d4851a1d" relativeResultsDirectory="bc06b24e-d80c-4b25-bb4f-54b9c5bd5d5b" />
    <UnitTestResult executionId="01bdc7d0-df42-43f6-a173-00f02dddf409" testId="4d1c39cc-af91-5c58-272b-da1e4b7a0924" testName="Aula.Tests.Utilities.IntentAnalysisPromptsTests.ToolExamples_ContainsRequiredKeys(key: &quot;WEEK_LETTER_QUERY&quot;)" computerName="RHO-DESKTOP" duration="00:00:00.0007816" startTime="2025-06-30T19:43:41.1057218+02:00" endTime="2025-06-30T19:43:41.1057219+02:00" testType="13cdc9d9-ddb5-4fa4-a97d-d965ccfc6d4b" outcome="Passed" testListId="8c84fa94-04c1-424b-9868-57a2d4851a1d" relativeResultsDirectory="01bdc7d0-df42-43f6-a173-00f02dddf409" />
    <UnitTestResult executionId="660ba6cc-2d81-4129-a158-b2e91047d92e" testId="e2629d31-76fa-fe13-ab42-e2aa75f765d2" testName="Aula.Tests.Tools.ReminderCommandHandlerTests.TryHandleReminderCommand_NonReminderCommands_ReturnsFalse(command: &quot;random text&quot;)" computerName="RHO-DESKTOP" duration="00:00:00.0000863" startTime="2025-06-30T19:43:41.5211824+02:00" endTime="2025-06-30T19:43:41.5211825+02:00" testType="13cdc9d9-ddb5-4fa4-a97d-d965ccfc6d4b" outcome="Passed" testListId="8c84fa94-04c1-424b-9868-57a2d4851a1d" relativeResultsDirectory="660ba6cc-2d81-4129-a158-b2e91047d92e" />
    <UnitTestResult executionId="453da284-24a7-458f-b581-52799f2e2a8e" testId="07e0302f-2dc8-4d9e-5870-92f7c56a6ee3" testName="Aula.Tests.Configuration.ConfigurationTests.GoogleServiceAccount_ConfigurationIsCorrect" computerName="RHO-DESKTOP" duration="00:00:00.0062178" startTime="2025-06-30T19:43:41.8842576+02:00" endTime="2025-06-30T19:43:41.8842577+02:00" testType="13cdc9d9-ddb5-4fa4-a97d-d965ccfc6d4b" outcome="Passed" testListId="8c84fa94-04c1-424b-9868-57a2d4851a1d" relativeResultsDirectory="453da284-24a7-458f-b581-52799f2e2a8e" />
    <UnitTestResult executionId="8cccbaea-0f12-4a6d-ade1-f3541c0170d1" testId="5757d75c-5377-8df3-a3a7-30a9777d143b" testName="Aula.Tests.Utilities.FollowUpQuestionDetectorTests.IsFollowUpQuestion_WithChildNameAndShortMessage_ReturnsTrue(input: &quot;EMMA&quot;)" computerName="RHO-DESKTOP" duration="00:00:00.0000833" startTime="2025-06-30T19:43:41.6422394+02:00" endTime="2025-06-30T19:43:41.6422395+02:00" testType="13cdc9d9-ddb5-4fa4-a97d-d965ccfc6d4b" outcome="Passed" testListId="8c84fa94-04c1-424b-9868-57a2d4851a1d" relativeResultsDirectory="8cccbaea-0f12-4a6d-ade1-f3541c0170d1" />
    <UnitTestResult executionId="b99093b8-0db7-4771-9f46-19915a6d40b9" testId="83b73832-4937-bb84-c164-437b53d65a63" testName="Aula.Tests.Utilities.FollowUpQuestionDetectorTests.IsFollowUpQuestion_WithStartingFollowUpWords_ReturnsTrue(input: &quot;og Emma&quot;)" computerName="RHO-DESKTOP" duration="00:00:00.0000950" startTime="2025-06-30T19:43:41.6524799+02:00" endTime="2025-06-30T19:43:41.6524800+02:00" testType="13cdc9d9-ddb5-4fa4-a97d-d965ccfc6d4b" outcome="Passed" testListId="8c84fa94-04c1-424b-9868-57a2d4851a1d" relativeResultsDirectory="b99093b8-0db7-4771-9f46-19915a6d40b9" />
    <UnitTestResult executionId="67f6fee8-1839-415c-8fc0-503b1ab56a98" testId="228e40b4-0ca4-d75a-7a58-46117a34fee9" testName="Aula.Tests.Utilities.DateTimeUtilitiesTests.GetDanishDayName_ValidDayOfWeek_ReturnsCorrectDanishName(dayOfWeek: Tuesday, expectedDanishName: &quot;tirsdag&quot;)" computerName="RHO-DESKTOP" duration="00:00:00.0000067" startTime="2025-06-30T19:43:40.9908628+02:00" endTime="2025-06-30T19:43:40.9908629+02:00" testType="13cdc9d9-ddb5-4fa4-a97d-d965ccfc6d4b" outcome="Passed" testListId="8c84fa94-04c1-424b-9868-57a2d4851a1d" relativeResultsDirectory="67f6fee8-1839-415c-8fc0-503b1ab56a98" />
    <UnitTestResult executionId="9604c53e-5dd2-4bb7-838f-b069ea275882" testId="8f7835b5-50dd-c6de-2199-d163d47a3c4e" testName="Aula.Tests.Scheduling.SchedulingServiceIntegrationTests.Service_WithDifferentBotConfigurations_WorksCorrectly(slackEnabled: True, telegramEnabled: True)" computerName="RHO-DESKTOP" duration="00:00:00.0034366" startTime="2025-06-30T19:43:41.1893323+02:00" endTime="2025-06-30T19:43:41.1893324+02:00" testType="13cdc9d9-ddb5-4fa4-a97d-d965ccfc6d4b" outcome="Passed" testListId="8c84fa94-04c1-424b-9868-57a2d4851a1d" relativeResultsDirectory="9604c53e-5dd2-4bb7-838f-b069ea275882" />
    <UnitTestResult executionId="2cb890a7-6b61-4aae-a1b5-554f9a619c15" testId="34366f44-ed9b-7d8b-6c2d-6118dfaf9ff9" testName="Aula.Tests.Services.DataModelTests.ScheduledTask_WithProperties_SetsCorrectly" computerName="RHO-DESKTOP" duration="00:00:00.0123512" startTime="2025-06-30T19:43:41.0272443+02:00" endTime="2025-06-30T19:43:41.0272444+02:00" testType="13cdc9d9-ddb5-4fa4-a97d-d965ccfc6d4b" outcome="Passed" testListId="8c84fa94-04c1-424b-9868-57a2d4851a1d" relativeResultsDirectory="2cb890a7-6b61-4aae-a1b5-554f9a619c15" />
    <UnitTestResult executionId="2952fab4-c3cd-4f25-ad23-4a73b7a56a04" testId="9728fe01-3005-7319-6ba9-b6d3b25a9602" testName="Aula.Tests.Bots.SlackInteractiveBotTests.SendMessage_WithLongText_TruncatesMessage" computerName="RHO-DESKTOP" duration="00:00:00.0193714" startTime="2025-06-30T19:43:41.4795694+02:00" endTime="2025-06-30T19:43:41.4795695+02:00" testType="13cdc9d9-ddb5-4fa4-a97d-d965ccfc6d4b" outcome="Passed" testListId="8c84fa94-04c1-424b-9868-57a2d4851a1d" relativeResultsDirectory="2952fab4-c3cd-4f25-ad23-4a73b7a56a04" />
    <UnitTestResult executionId="83091c3c-9385-4315-a5e3-593996aa5cd2" testId="4cd9be57-b5ee-3ae9-313d-5c06ae12b5f8" testName="Aula.Tests.Utilities.FollowUpQuestionDetectorTests.IsFollowUpQuestion_WithPunctuationAroundChildName_WorksCorrectly(input: &quot;Emma.&quot;)" computerName="RHO-DESKTOP" duration="00:00:00.0000632" startTime="2025-06-30T19:43:41.6648867+02:00" endTime="2025-06-30T19:43:41.6648868+02:00" testType="13cdc9d9-ddb5-4fa4-a97d-d965ccfc6d4b" outcome="Passed" testListId="8c84fa94-04c1-424b-9868-57a2d4851a1d" relativeResultsDirectory="83091c3c-9385-4315-a5e3-593996aa5cd2" />
    <UnitTestResult executionId="b66c152a-0a04-4824-9e27-1c08d7be3f9b" testId="7415a632-957d-b568-8d89-35975dec612b" testName="Aula.Tests.Integration.AgentServiceTests.AskQuestionAboutWeekLetterAsync_WithContextKey_CallsOpenAiService" computerName="RHO-DESKTOP" duration="00:00:00.0164498" startTime="2025-06-30T19:43:41.1863223+02:00" endTime="2025-06-30T19:43:41.1863225+02:00" testType="13cdc9d9-ddb5-4fa4-a97d-d965ccfc6d4b" outcome="Passed" testListId="8c84fa94-04c1-424b-9868-57a2d4851a1d" relativeResultsDirectory="b66c152a-0a04-4824-9e27-1c08d7be3f9b" />
    <UnitTestResult executionId="9f3a8592-f037-46a4-af8e-6eb4e3851a88" testId="a4a3bfc2-ce2c-55ab-e6c7-e1c25caaf60b" testName="Aula.Tests.Services.DataModelTests.AppState_WithProperties_SetsCorrectly" computerName="RHO-DESKTOP" duration="00:00:00.0009940" startTime="2025-06-30T19:43:41.0129627+02:00" endTime="2025-06-30T19:43:41.0129628+02:00" testType="13cdc9d9-ddb5-4fa4-a97d-d965ccfc6d4b" outcome="Passed" testListId="8c84fa94-04c1-424b-9868-57a2d4851a1d" relativeResultsDirectory="9f3a8592-f037-46a4-af8e-6eb4e3851a88" />
    <UnitTestResult executionId="6eb2f49c-a295-4e7f-976b-e69438ab48a3" testId="484a9c28-0cc9-95a2-990b-b9c28e6033e5" testName="Aula.Tests.Tools.ReminderCommandHandlerTests.Constructor_WithNullSupabaseService_ThrowsArgumentNullException" computerName="RHO-DESKTOP" duration="00:00:00.0003904" startTime="2025-06-30T19:43:41.6125314+02:00" endTime="2025-06-30T19:43:41.6125315+02:00" testType="13cdc9d9-ddb5-4fa4-a97d-d965ccfc6d4b" outcome="Passed" testListId="8c84fa94-04c1-424b-9868-57a2d4851a1d" relativeResultsDirectory="6eb2f49c-a295-4e7f-976b-e69438ab48a3" />
    <UnitTestResult executionId="0f0400f4-d9a0-4a74-8364-cddef6c58418" testId="3e10b303-d441-b310-0523-4f1f964c7566" testName="Aula.Tests.Utilities.WeekLetterContentExtractorTests.ExtractContent_WithNullLogger_DoesNotThrow" computerName="RHO-DESKTOP" duration="00:00:00.0001339" startTime="2025-06-30T19:43:41.1564659+02:00" endTime="2025-06-30T19:43:41.1564661+02:00" testType="13cdc9d9-ddb5-4fa4-a97d-d965ccfc6d4b" outcome="Passed" testListId="8c84fa94-04c1-424b-9868-57a2d4851a1d" relativeResultsDirectory="0f0400f4-d9a0-4a74-8364-cddef6c58418" />
    <UnitTestResult executionId="ed0492b0-df9d-4ef3-b139-7da465032c06" testId="2ec4bb68-9993-76c1-0376-5d281d5240c0" testName="Aula.Tests.Services.OpenAiServiceIntegrationTests.ProcessQueryWithToolsAsync_WithValidParameters_CallsApiWithCorrectParameters" computerName="RHO-DESKTOP" duration="00:00:00.3128262" startTime="2025-06-30T19:43:46.8125155+02:00" endTime="2025-06-30T19:43:46.8125157+02:00" testType="13cdc9d9-ddb5-4fa4-a97d-d965ccfc6d4b" outcome="Passed" testListId="8c84fa94-04c1-424b-9868-57a2d4851a1d" relativeResultsDirectory="ed0492b0-df9d-4ef3-b139-7da465032c06" />
    <UnitTestResult executionId="79baeeae-13d7-46d4-ae0c-32e37ca7c4d7" testId="a5a1d376-9a55-3344-a8d1-042eaae8a59b" testName="Aula.Tests.Utilities.ConversationContextManagerTests.Manager_WithGuidKeys_WorksCorrectly" computerName="RHO-DESKTOP" duration="00:00:00.0014078" startTime="2025-06-30T19:43:41.1422209+02:00" endTime="2025-06-30T19:43:41.1422211+02:00" testType="13cdc9d9-ddb5-4fa4-a97d-d965ccfc6d4b" outcome="Passed" testListId="8c84fa94-04c1-424b-9868-57a2d4851a1d" relativeResultsDirectory="79baeeae-13d7-46d4-ae0c-32e37ca7c4d7" />
    <UnitTestResult executionId="f4eb1b5a-8ff2-4e7e-a309-d8f9d6e1b098" testId="d0fb0f26-05d6-fd5b-00ba-97eda4e7b49a" testName="Aula.Tests.Bots.SlackMessageHandlerTests.HandleMessageAsync_WithHelpCommand_ProcessesHelpMessage(helpCommand: &quot;HELP&quot;)" computerName="RHO-DESKTOP" duration="00:00:00.3109798" startTime="2025-06-30T19:43:45.7707284+02:00" endTime="2025-06-30T19:43:45.7707286+02:00" testType="13cdc9d9-ddb5-4fa4-a97d-d965ccfc6d4b" outcome="Passed" testListId="8c84fa94-04c1-424b-9868-57a2d4851a1d" relativeResultsDirectory="f4eb1b5a-8ff2-4e7e-a309-d8f9d6e1b098" />
    <UnitTestResult executionId="ede3385d-f7ef-4f0b-b0f1-dd0f9b095c27" testId="ab49834c-8dcd-dead-a042-efc0f8ab3657" testName="Aula.Tests.Bots.TelegramInteractiveBotTests.Stop_WhenCalled_LogsInformation" computerName="RHO-DESKTOP" duration="00:00:00.0037881" startTime="2025-06-30T19:43:41.9415517+02:00" endTime="2025-06-30T19:43:41.9415518+02:00" testType="13cdc9d9-ddb5-4fa4-a97d-d965ccfc6d4b" outcome="Passed" testListId="8c84fa94-04c1-424b-9868-57a2d4851a1d" relativeResultsDirectory="ede3385d-f7ef-4f0b-b0f1-dd0f9b095c27" />
    <UnitTestResult executionId="bc055223-8c2b-475b-8998-5b934e8dc865" testId="2f1a411a-2aa2-b405-2ee0-c232b3e9b9d5" testName="Aula.Tests.Services.OpenAiServiceIntegrationTests.SummarizeWeekLetterAsync_WithNullWeekLetter_ThrowsArgumentNullException(chatInterface: Slack)" computerName="RHO-DESKTOP" duration="00:00:00.0005135" startTime="2025-06-30T19:43:46.1692183+02:00" endTime="2025-06-30T19:43:46.1692183+02:00" testType="13cdc9d9-ddb5-4fa4-a97d-d965ccfc6d4b" outcome="Passed" testListId="8c84fa94-04c1-424b-9868-57a2d4851a1d" relativeResultsDirectory="bc055223-8c2b-475b-8998-5b934e8dc865" />
    <UnitTestResult executionId="fa5d6ea6-c72f-45da-aada-fd2cc9f3fdc6" testId="ef7abf20-a090-f30e-1f29-97964e295c62" testName="Aula.Tests.Utilities.ReminderExtractionPromptsTests.GetExtractionPrompt_ContainsDanishRelativeTimeExamples" computerName="RHO-DESKTOP" duration="00:00:00.0002465" startTime="2025-06-30T19:43:41.5760879+02:00" endTime="2025-06-30T19:43:41.5760880+02:00" testType="13cdc9d9-ddb5-4fa4-a97d-d965ccfc6d4b" outcome="Passed" testListId="8c84fa94-04c1-424b-9868-57a2d4851a1d" relativeResultsDirectory="fa5d6ea6-c72f-45da-aada-fd2cc9f3fdc6" />
    <UnitTestResult executionId="b5f8aeef-3889-411f-a94f-4718bbe1f581" testId="a8b9844c-6104-c9c6-7d60-78d6100065b0" testName="Aula.Tests.Utilities.ConversationContextTests.IsStillValid_WithOldTimestamp_ReturnsFalse" computerName="RHO-DESKTOP" duration="00:00:00.0005150" startTime="2025-06-30T19:43:40.9929253+02:00" endTime="2025-06-30T19:43:40.9929254+02:00" testType="13cdc9d9-ddb5-4fa4-a97d-d965ccfc6d4b" outcome="Passed" testListId="8c84fa94-04c1-424b-9868-57a2d4851a1d" relativeResultsDirectory="b5f8aeef-3889-411f-a94f-4718bbe1f581" />
    <UnitTestResult executionId="57f8c914-0af7-4156-a664-6f338ad06fa9" testId="021d3da1-2551-6934-6452-4bc168c068b9" testName="Aula.Tests.Services.DataModelTests.PostedLetter_WeekNumberValidation_ReturnsExpectedResult(weekNumber: 0, year: 2023, isValid: False)" computerName="RHO-DESKTOP" duration="00:00:00.0000053" startTime="2025-06-30T19:43:41.0203153+02:00" endTime="2025-06-30T19:43:41.0203154+02:00" testType="13cdc9d9-ddb5-4fa4-a97d-d965ccfc6d4b" outcome="Passed" testListId="8c84fa94-04c1-424b-9868-57a2d4851a1d" relativeResultsDirectory="57f8c914-0af7-4156-a664-6f338ad06fa9" />
    <UnitTestResult executionId="44f308e2-4f22-434f-bd63-69e1bd98f342" testId="149e1688-e5dc-ebf7-54b0-eb7d782e0a3d" testName="Aula.Tests.Configuration.ConfigurationTests.Slack_ChannelId_ValidationTests(channelId: &quot;C1234567890&quot;, isValid: True)" computerName="RHO-DESKTOP" duration="00:00:00.0044223" startTime="2025-06-30T19:43:41.8600816+02:00" endTime="2025-06-30T19:43:41.8600817+02:00" testType="13cdc9d9-ddb5-4fa4-a97d-d965ccfc6d4b" outcome="Passed" testListId="8c84fa94-04c1-424b-9868-57a2d4851a1d" relativeResultsDirectory="44f308e2-4f22-434f-bd63-69e1bd98f342" />
    <UnitTestResult executionId="b27801f3-fdbc-4ae3-9e8d-0d12824c94fe" testId="5f18de16-3031-4e46-e632-27368e418f95" testName="Aula.Tests.Tools.AiToolsManagerTests.CreateReminderAsync_WithMissingChildName_CreatesGeneralReminder" computerName="RHO-DESKTOP" duration="00:00:00.0137880" startTime="2025-06-30T19:43:41.2012910+02:00" endTime="2025-06-30T19:43:41.2012912+02:00" testType="13cdc9d9-ddb5-4fa4-a97d-d965ccfc6d4b" outcome="Passed" testListId="8c84fa94-04c1-424b-9868-57a2d4851a1d" relativeResultsDirectory="b27801f3-fdbc-4ae3-9e8d-0d12824c94fe" />
    <UnitTestResult executionId="8f4bad29-24f9-4844-9bfe-df0b8872ad85" testId="e93018a6-329d-1e6a-244e-75972e649bf3" testName="Aula.Tests.Utilities.WeekLetterContentExtractorTests.ExtractContent_WithNullUgebreve_ReturnsEmptyString" computerName="RHO-DESKTOP" duration="00:00:00.0007654" startTime="2025-06-30T19:43:41.5039576+02:00" endTime="2025-06-30T19:43:41.5039577+02:00" testType="13cdc9d9-ddb5-4fa4-a97d-d965ccfc6d4b" outcome="Passed" testListId="8c84fa94-04c1-424b-9868-57a2d4851a1d" relativeResultsDirectory="8f4bad29-24f9-4844-9bfe-df0b8872ad85" />
    <UnitTestResult executionId="c4d15e0f-0761-4784-ba66-ee36da196cf1" testId="3109c695-3e44-0879-5fda-41d7d17979ff" testName="Aula.Tests.Utilities.IntentAnalysisPromptsTests.ToolExamples_ContainsBothLanguages" computerName="RHO-DESKTOP" duration="00:00:00.0006667" startTime="2025-06-30T19:43:41.1225195+02:00" endTime="2025-06-30T19:43:41.1225196+02:00" testType="13cdc9d9-ddb5-4fa4-a97d-d965ccfc6d4b" outcome="Passed" testListId="8c84fa94-04c1-424b-9868-57a2d4851a1d" relativeResultsDirectory="c4d15e0f-0761-4784-ba66-ee36da196cf1" />
    <UnitTestResult executionId="69772152-fd65-40c8-b80a-bb3066816f22" testId="cd39a17c-6fe1-e1b4-559a-d31518f5450f" testName="Aula.Tests.Utilities.FollowUpQuestionDetectorTests.IsFollowUpQuestion_WithDanishFollowUpPhrases_ReturnsTrue(input: &quot;og?&quot;)" computerName="RHO-DESKTOP" duration="00:00:00.0000673" startTime="2025-06-30T19:43:41.6756681+02:00" endTime="2025-06-30T19:43:41.6756682+02:00" testType="13cdc9d9-ddb5-4fa4-a97d-d965ccfc6d4b" outcome="Passed" testListId="8c84fa94-04c1-424b-9868-57a2d4851a1d" relativeResultsDirectory="69772152-fd65-40c8-b80a-bb3066816f22" />
    <UnitTestResult executionId="318fd359-9c0c-4018-9643-39186d194e51" testId="76863e49-5dff-990d-7038-a9b0865a8589" testName="Aula.Tests.Utilities.WeekLetterContentExtractorTests.ExtractContent_Dynamic_WithNullUgebreve_ReturnsEmptyString" computerName="RHO-DESKTOP" duration="00:00:00.0005183" startTime="2025-06-30T19:43:41.5019694+02:00" endTime="2025-06-30T19:43:41.5019695+02:00" testType="13cdc9d9-ddb5-4fa4-a97d-d965ccfc6d4b" outcome="Passed" testListId="8c84fa94-04c1-424b-9868-57a2d4851a1d" relativeResultsDirectory="318fd359-9c0c-4018-9643-39186d194e51" />
    <UnitTestResult executionId="7416de3b-3aa8-4c3b-951e-405f6b8e2bdb" testId="fd81db88-72a7-84e2-4288-c872b2f15c55" testName="Aula.Tests.Channels.SlackBotTests.SendTestMessage_WithVariousMessages_DoesNotThrow(message: &quot;Simple message&quot;)" computerName="RHO-DESKTOP" duration="00:00:00.0016731" startTime="2025-06-30T19:43:41.3723922+02:00" endTime="2025-06-30T19:43:41.3723923+02:00" testType="13cdc9d9-ddb5-4fa4-a97d-d965ccfc6d4b" outcome="Passed" testListId="8c84fa94-04c1-424b-9868-57a2d4851a1d" relativeResultsDirectory="7416de3b-3aa8-4c3b-951e-405f6b8e2bdb" />
    <UnitTestResult executionId="f5a6baea-6da0-481d-a7be-35be3b9600c4" testId="3f8bf4e1-1b7e-9e5d-1a9c-187732c556d7" testName="Aula.Tests.Services.OpenAiServiceIntegrationTests.MultipleConversations_WithDifferentContextKeys_AreHandledSeparately" computerName="RHO-DESKTOP" duration="00:00:00.0006597" startTime="2025-06-30T19:43:47.1365985+02:00" endTime="2025-06-30T19:43:47.1365988+02:00" testType="13cdc9d9-ddb5-4fa4-a97d-d965ccfc6d4b" outcome="Passed" testListId="8c84fa94-04c1-424b-9868-57a2d4851a1d" relativeResultsDirectory="f5a6baea-6da0-481d-a7be-35be3b9600c4" />
    <UnitTestResult executionId="ac3a5e38-7363-41b5-a52f-b5c3b91654fd" testId="fef1bbd3-bec0-195c-f4d4-bbae6f5abedb" testName="Aula.Tests.Tools.ReminderCommandHandlerTests.TryHandleReminderCommand_NonReminderCommands_ReturnsFalse(command: &quot;remind me&quot;)" computerName="RHO-DESKTOP" duration="00:00:00.0079674" startTime="2025-06-30T19:43:41.5092935+02:00" endTime="2025-06-30T19:43:41.5092936+02:00" testType="13cdc9d9-ddb5-4fa4-a97d-d965ccfc6d4b" outcome="Passed" testListId="8c84fa94-04c1-424b-9868-57a2d4851a1d" relativeResultsDirectory="ac3a5e38-7363-41b5-a52f-b5c3b91654fd" />
    <UnitTestResult executionId="afeeb3b1-5e1b-465d-813b-45bb957074ee" testId="7badf018-cb0a-dbe2-46e3-595e2e7a967d" testName="Aula.Tests.Utilities.FollowUpQuestionDetectorTests.IsFollowUpQuestion_WithShortFollowUps_ReturnsTrue(input: &quot;OK&quot;)" computerName="RHO-DESKTOP" duration="00:00:00.0005532" startTime="2025-06-30T19:43:41.6344469+02:00" endTime="2025-06-30T19:43:41.6344470+02:00" testType="13cdc9d9-ddb5-4fa4-a97d-d965ccfc6d4b" outcome="Passed" testListId="8c84fa94-04c1-424b-9868-57a2d4851a1d" relativeResultsDirectory="afeeb3b1-5e1b-465d-813b-45bb957074ee" />
    <UnitTestResult executionId="e68140da-8d02-408b-8794-429feaf31047" testId="4b2a2af9-445d-9ecf-64f7-d742a6adefb7" testName="Aula.Tests.Utilities.ConversationContextManagerTests.GetContext_WithNonExistentKey_ReturnsNull" computerName="RHO-DESKTOP" duration="00:00:00.0001975" startTime="2025-06-30T19:43:41.1391615+02:00" endTime="2025-06-30T19:43:41.1391616+02:00" testType="13cdc9d9-ddb5-4fa4-a97d-d965ccfc6d4b" outcome="Passed" testListId="8c84fa94-04c1-424b-9868-57a2d4851a1d" relativeResultsDirectory="e68140da-8d02-408b-8794-429feaf31047" />
    <UnitTestResult executionId="6dea3d2a-773d-405e-bde2-ac730a56642d" testId="c5fc9185-4f89-2e18-7714-cfbda441e6cb" testName="Aula.Tests.Services.OpenAiServiceIntegrationTests.ExtractKeyInformationAsync_WithNullWeekLetter_ThrowsArgumentNullException(chatInterface: Slack)" computerName="RHO-DESKTOP" duration="00:00:00.0008230" startTime="2025-06-30T19:43:41.1596709+02:00" endTime="2025-06-30T19:43:41.1596711+02:00" testType="13cdc9d9-ddb5-4fa4-a97d-d965ccfc6d4b" outcome="Passed" testListId="8c84fa94-04c1-424b-9868-57a2d4851a1d" relativeResultsDirectory="6dea3d2a-773d-405e-bde2-ac730a56642d" />
    <UnitTestResult executionId="0b4f0464-4111-43ec-a22e-3ec4ad00b8bf" testId="5b2ca5e4-e86c-3f28-8244-339071e7c3be" testName="Aula.Tests.Utilities.FollowUpQuestionDetectorTests.IsFollowUpQuestion_WithFullChildNames_WorksCorrectly(input: &quot;hvad med Søren Johannes&quot;)" computerName="RHO-DESKTOP" duration="00:00:00.0000455" startTime="2025-06-30T19:43:41.6575982+02:00" endTime="2025-06-30T19:43:41.6575983+02:00" testType="13cdc9d9-ddb5-4fa4-a97d-d965ccfc6d4b" outcome="Passed" testListId="8c84fa94-04c1-424b-9868-57a2d4851a1d" relativeResultsDirectory="0b4f0464-4111-43ec-a22e-3ec4ad00b8bf" />
    <UnitTestResult executionId="0fa969e5-4861-42ef-902b-4c7c7c67c8c1" testId="7b9bc6fb-eef9-8cc3-8ceb-2e893b8c1bdf" testName="Aula.Tests.Utilities.DateTimeUtilitiesTests.GetDanishDayName_AllValidDaysOfWeek_ReturnsNonEmptyString(dayOfWeek: Thursday)" computerName="RHO-DESKTOP" duration="00:00:00.0005446" startTime="2025-06-30T19:43:40.9951836+02:00" endTime="2025-06-30T19:43:40.9951837+02:00" testType="13cdc9d9-ddb5-4fa4-a97d-d965ccfc6d4b" outcome="Passed" testListId="8c84fa94-04c1-424b-9868-57a2d4851a1d" relativeResultsDirectory="0fa969e5-4861-42ef-902b-4c7c7c67c8c1" />
    <UnitTestResult executionId="e5adeae3-559a-470b-a548-367619d94bb2" testId="979280e2-dfe1-0cec-d81f-8909f7e24c33" testName="Aula.Tests.Utilities.Html2SlackMarkdownConverterTests.Convert_WithSimpleHtml_ConvertsCorrectly" computerName="RHO-DESKTOP" duration="00:00:00.0010265" startTime="2025-06-30T19:43:41.5937248+02:00" endTime="2025-06-30T19:43:41.5937250+02:00" testType="13cdc9d9-ddb5-4fa4-a97d-d965ccfc6d4b" outcome="Passed" testListId="8c84fa94-04c1-424b-9868-57a2d4851a1d" relativeResultsDirectory="e5adeae3-559a-470b-a548-367619d94bb2" />
    <UnitTestResult executionId="70b94c94-7ae6-4fa7-b528-ea4b3a46a6e7" testId="69d1c74a-49ac-9f2b-6362-7fb9e78b2a92" testName="Aula.Tests.Services.OpenAiServiceIntegrationTests.SummarizeWeekLetterAsync_WithNullWeekLetter_ThrowsArgumentNullException(chatInterface: Telegram)" computerName="RHO-DESKTOP" duration="00:00:00.0018135" startTime="2025-06-30T19:43:46.1686107+02:00" endTime="2025-06-30T19:43:46.1686109+02:00" testType="13cdc9d9-ddb5-4fa4-a97d-d965ccfc6d4b" outcome="Passed" testListId="8c84fa94-04c1-424b-9868-57a2d4851a1d" relativeResultsDirectory="70b94c94-7ae6-4fa7-b528-ea4b3a46a6e7" />
    <UnitTestResult executionId="5b0e3cd8-bddc-4017-a446-77d09fd1fc96" testId="e668ce24-c1a0-98ca-9d76-99447ce236e8" testName="Aula.Tests.Utilities.IntentAnalysisPromptsTests.ToolExamples_CoverExpectedUseCase(expectedKey: &quot;CREATE_REMINDER&quot;, queryPattern: &quot;remind&quot;)" computerName="RHO-DESKTOP" duration="00:00:00.0003965" startTime="2025-06-30T19:43:41.1034464+02:00" endTime="2025-06-30T19:43:41.1034465+02:00" testType="13cdc9d9-ddb5-4fa4-a97d-d965ccfc6d4b" outcome="Passed" testListId="8c84fa94-04c1-424b-9868-57a2d4851a1d" relativeResultsDirectory="5b0e3cd8-bddc-4017-a446-77d09fd1fc96" />
    <UnitTestResult executionId="f6e9af5e-701d-4eba-8189-1d888b2b1a45" testId="0de09b0b-f0e0-0518-809a-6a317cadda64" testName="Aula.Tests.Utilities.Html2SlackMarkdownConverterTests.Convert_WithVeryLongContent_HandlesPerformantly" computerName="RHO-DESKTOP" duration="00:00:00.2833625" startTime="2025-06-30T19:43:41.5489313+02:00" endTime="2025-06-30T19:43:41.5489313+02:00" testType="13cdc9d9-ddb5-4fa4-a97d-d965ccfc6d4b" outcome="Passed" testListId="8c84fa94-04c1-424b-9868-57a2d4851a1d" relativeResultsDirectory="f6e9af5e-701d-4eba-8189-1d888b2b1a45" />
    <UnitTestResult executionId="85f173d7-dbf4-4aa8-af53-054bd3cc9df6" testId="69f852cf-0b8d-bff9-6d2d-fced5fbdbaf2" testName="Aula.Tests.Bots.TelegramMessageHandlerTests.HandleMessageAsync_LogsMessageProcessing" computerName="RHO-DESKTOP" duration="00:00:00.0066055" startTime="2025-06-30T19:43:41.5522547+02:00" endTime="2025-06-30T19:43:41.5522551+02:00" testType="13cdc9d9-ddb5-4fa4-a97d-d965ccfc6d4b" outcome="Passed" testListId="8c84fa94-04c1-424b-9868-57a2d4851a1d" relativeResultsDirectory="85f173d7-dbf4-4aa8-af53-054bd3cc9df6" />
    <UnitTestResult executionId="87e0f257-2023-4ec8-8906-e6520045de3e" testId="67ae9fcb-a62e-08fc-97ed-d2d4f6f5c1d0" testName="Aula.Tests.Services.DataModelTests.RetryAttempt_DefaultConstructor_InitializesCorrectly" computerName="RHO-DESKTOP" duration="00:00:00.0014099" startTime="2025-06-30T19:43:41.0122346+02:00" endTime="2025-06-30T19:43:41.0122347+02:00" testType="13cdc9d9-ddb5-4fa4-a97d-d965ccfc6d4b" outcome="Passed" testListId="8c84fa94-04c1-424b-9868-57a2d4851a1d" relativeResultsDirectory="87e0f257-2023-4ec8-8906-e6520045de3e" />
    <UnitTestResult executionId="b9cc9aae-b6f4-4d18-902e-d0f213d5d318" testId="bd86868a-64af-fa50-efe0-a7e95aa9f5c1" testName="Aula.Tests.Utilities.ReminderExtractionPromptsTests.GetExtractionPrompt_WithSpecialCharactersInQuery_HandlesCorrectly" computerName="RHO-DESKTOP" duration="00:00:00.0002202" startTime="2025-06-30T19:43:41.5805029+02:00" endTime="2025-06-30T19:43:41.5805030+02:00" testType="13cdc9d9-ddb5-4fa4-a97d-d965ccfc6d4b" outcome="Passed" testListId="8c84fa94-04c1-424b-9868-57a2d4851a1d" relativeResultsDirectory="b9cc9aae-b6f4-4d18-902e-d0f213d5d318" />
    <UnitTestResult executionId="8d364705-3e8f-4e13-8779-6ad3fe1e7814" testId="b47684af-1794-f5e1-2939-ee11bb40f2e8" testName="Aula.Tests.Channels.TelegramClientTests.SendMessageToChannel_WithVariousMessages_DoesNotThrow(message: &quot;Message with &lt;i&gt;italic&lt;/i&gt; text&quot;)" computerName="RHO-DESKTOP" duration="00:00:00.0003228" startTime="2025-06-30T19:43:41.2255568+02:00" endTime="2025-06-30T19:43:41.2255569+02:00" testType="13cdc9d9-ddb5-4fa4-a97d-d965ccfc6d4b" outcome="Passed" testListId="8c84fa94-04c1-424b-9868-57a2d4851a1d" relativeResultsDirectory="8d364705-3e8f-4e13-8779-6ad3fe1e7814" />
    <UnitTestResult executionId="5f1e2c39-eb28-45e5-9faf-717673271539" testId="8f33f9a6-1eb9-ea36-c5af-b36c0c8860de" testName="Aula.Tests.Utilities.JsonFormatterTests.Prettify_WithValidJson_ReturnsFormattedJson" computerName="RHO-DESKTOP" duration="00:00:00.0002808" startTime="2025-06-30T19:43:41.0309444+02:00" endTime="2025-06-30T19:43:41.0309445+02:00" testType="13cdc9d9-ddb5-4fa4-a97d-d965ccfc6d4b" outcome="Passed" testListId="8c84fa94-04c1-424b-9868-57a2d4851a1d" relativeResultsDirectory="5f1e2c39-eb28-45e5-9faf-717673271539" />
    <UnitTestResult executionId="82673740-050b-4990-842c-e05288feacda" testId="27883ffc-bfa0-e8a9-4fbc-9b88539fca09" testName="Aula.Tests.Utilities.Html2SlackMarkdownConverterTests.Convert_WithNullParentNodes_HandlesGracefully" computerName="RHO-DESKTOP" duration="00:00:00.0022240" startTime="2025-06-30T19:43:41.5728168+02:00" endTime="2025-06-30T19:43:41.5728169+02:00" testType="13cdc9d9-ddb5-4fa4-a97d-d965ccfc6d4b" outcome="Passed" testListId="8c84fa94-04c1-424b-9868-57a2d4851a1d" relativeResultsDirectory="82673740-050b-4990-842c-e05288feacda" />
    <UnitTestResult executionId="e88fb914-0fbb-4c31-818d-970900b53636" testId="fab9cf34-c985-2e8e-6005-8cc650dd7227" testName="Aula.Tests.Bots.SlackMessageHandlerTests.HandleMessageAsync_WithHelpCommand_ProcessesHelpMessage(helpCommand: &quot;HJÆLP&quot;)" computerName="RHO-DESKTOP" duration="00:00:00.3117508" startTime="2025-06-30T19:43:46.0833027+02:00" endTime="2025-06-30T19:43:46.0833028+02:00" testType="13cdc9d9-ddb5-4fa4-a97d-d965ccfc6d4b" outcome="Passed" testListId="8c84fa94-04c1-424b-9868-57a2d4851a1d" relativeResultsDirectory="e88fb914-0fbb-4c31-818d-970900b53636" />
    <UnitTestResult executionId="bc08fa73-3d9a-46a3-bfce-2ee33ff06a52" testId="22ffd28b-ee44-66cc-c370-4d28b25809c6" testName="Aula.Tests.Utilities.FollowUpQuestionDetectorTests.IsFollowUpQuestion_WithFullChildNames_WorksCorrectly(input: &quot;Søren Johannes&quot;)" computerName="RHO-DESKTOP" duration="00:00:00.0002145" startTime="2025-06-30T19:43:41.6557200+02:00" endTime="2025-06-30T19:43:41.6557201+02:00" testType="13cdc9d9-ddb5-4fa4-a97d-d965ccfc6d4b" outcome="Passed" testListId="8c84fa94-04c1-424b-9868-57a2d4851a1d" relativeResultsDirectory="bc08fa73-3d9a-46a3-bfce-2ee33ff06a52" />
    <UnitTestResult executionId="0cf3825b-e8ad-403e-a9b9-9908c0a24e1d" testId="a415fe92-f44b-9cd9-fda2-e5c7020144da" testName="Aula.Tests.Utilities.Html2SlackMarkdownConverterTests.Convert_WithNullInput_ReturnsEmptyString" computerName="RHO-DESKTOP" duration="00:00:00.0001530" startTime="2025-06-30T19:43:41.5687171+02:00" endTime="2025-06-30T19:43:41.5687172+02:00" testType="13cdc9d9-ddb5-4fa4-a97d-d965ccfc6d4b" outcome="Passed" testListId="8c84fa94-04c1-424b-9868-57a2d4851a1d" relativeResultsDirectory="0cf3825b-e8ad-403e-a9b9-9908c0a24e1d" />
    <UnitTestResult executionId="f2d182da-979d-4dff-8b91-437e40f0de42" testId="eedd43d6-efa5-b90c-89ed-190e198315e6" testName="Aula.Tests.Configuration.ConfigurationTests.UniLogin_WithInvalidCredentials_HandlesGracefully(invalidValue: null)" computerName="RHO-DESKTOP" duration="00:00:00.0187275" startTime="2025-06-30T19:43:41.8048610+02:00" endTime="2025-06-30T19:43:41.8048611+02:00" testType="13cdc9d9-ddb5-4fa4-a97d-d965ccfc6d4b" outcome="Passed" testListId="8c84fa94-04c1-424b-9868-57a2d4851a1d" relativeResultsDirectory="f2d182da-979d-4dff-8b91-437e40f0de42" />
    <UnitTestResult executionId="ac80d54e-8a86-4bed-8972-8db343d7680c" testId="aa19bf7f-6519-31e4-5b05-0e179c7693a0" testName="Aula.Tests.Tools.ReminderCommandHandlerTests.TryHandleReminderCommand_NonReminderCommands_ReturnsFalse(command: &quot;&quot;)" computerName="RHO-DESKTOP" duration="00:00:00.0000982" startTime="2025-06-30T19:43:41.5200163+02:00" endTime="2025-06-30T19:43:41.5200164+02:00" testType="13cdc9d9-ddb5-4fa4-a97d-d965ccfc6d4b" outcome="Passed" testListId="8c84fa94-04c1-424b-9868-57a2d4851a1d" relativeResultsDirectory="ac80d54e-8a86-4bed-8972-8db343d7680c" />
    <UnitTestResult executionId="239fc45a-0fb4-49d8-a53a-41566a541888" testId="9c66a10c-5031-a4c7-4640-d32dfe0d1dde" testName="Aula.Tests.Utilities.FollowUpQuestionDetectorTests.IsFollowUpQuestion_WithChildNameAndTimeReference_ReturnsFalse(input: &quot;Emma i dag&quot;)" computerName="RHO-DESKTOP" duration="00:00:00.0003195" startTime="2025-06-30T19:43:41.6671972+02:00" endTime="2025-06-30T19:43:41.6671973+02:00" testType="13cdc9d9-ddb5-4fa4-a97d-d965ccfc6d4b" outcome="Passed" testListId="8c84fa94-04c1-424b-9868-57a2d4851a1d" relativeResultsDirectory="239fc45a-0fb4-49d8-a53a-41566a541888" />
    <UnitTestResult executionId="4a60caa9-f946-47d6-815d-535b0aa606a8" testId="f98f128e-bc4d-8b9e-2582-4a4421f13428" testName="Aula.Tests.Utilities.IntentAnalysisPromptsTests.AnalysisTemplate_ContainsInstructionsForBothResponseTypes" computerName="RHO-DESKTOP" duration="00:00:00.0003519" startTime="2025-06-30T19:43:41.1331033+02:00" endTime="2025-06-30T19:43:41.1331034+02:00" testType="13cdc9d9-ddb5-4fa4-a97d-d965ccfc6d4b" outcome="Passed" testListId="8c84fa94-04c1-424b-9868-57a2d4851a1d" relativeResultsDirectory="4a60caa9-f946-47d6-815d-535b0aa606a8" />
    <UnitTestResult executionId="5c0da32d-d5aa-4848-a8ba-c980d4491591" testId="190cafd6-e87f-acd4-dc9b-9d82114386d9" testName="Aula.Tests.Configuration.ConfigurationTests.Config_DefaultValues_AreApplied" computerName="RHO-DESKTOP" duration="00:00:00.0079445" startTime="2025-06-30T19:43:41.6865330+02:00" endTime="2025-06-30T19:43:41.6865331+02:00" testType="13cdc9d9-ddb5-4fa4-a97d-d965ccfc6d4b" outcome="Passed" testListId="8c84fa94-04c1-424b-9868-57a2d4851a1d" relativeResultsDirectory="5c0da32d-d5aa-4848-a8ba-c980d4491591" />
    <UnitTestResult executionId="e63fb139-9feb-4291-81a9-375114a5e6e7" testId="4adb4c0d-617b-d891-f63e-7a014d4b7e39" testName="Aula.Tests.Bots.TelegramInteractiveBotTests.SendMessage_WithException_LogsError" computerName="RHO-DESKTOP" duration="00:00:00.0020914" startTime="2025-06-30T19:43:41.9446600+02:00" endTime="2025-06-30T19:43:41.9446601+02:00" testType="13cdc9d9-ddb5-4fa4-a97d-d965ccfc6d4b" outcome="Passed" testListId="8c84fa94-04c1-424b-9868-57a2d4851a1d" relativeResultsDirectory="e63fb139-9feb-4291-81a9-375114a5e6e7" />
    <UnitTestResult executionId="f9dbf792-cbbb-4e3e-a25a-8f08d6aa6564" testId="a779e8fb-6c0d-9d3b-3942-4cfee84facb5" testName="Aula.Tests.Utilities.IntentAnalysisPromptsTests.ToolExamples_ContainsExpectedEntries" computerName="RHO-DESKTOP" duration="00:00:00.0002779" startTime="2025-06-30T19:43:41.1231609+02:00" endTime="2025-06-30T19:43:41.1231610+02:00" testType="13cdc9d9-ddb5-4fa4-a97d-d965ccfc6d4b" outcome="Passed" testListId="8c84fa94-04c1-424b-9868-57a2d4851a1d" relativeResultsDirectory="f9dbf792-cbbb-4e3e-a25a-8f08d6aa6564" />
    <UnitTestResult executionId="62cceb31-793b-4ca5-9f32-10adca84eb13" testId="586d74ce-5942-0e84-021d-61533272d525" testName="Aula.Tests.Bots.TelegramInteractiveBotTests.Constructor_WithValidParameters_InitializesCorrectly" computerName="RHO-DESKTOP" duration="00:00:00.0033646" startTime="2025-06-30T19:43:41.5265088+02:00" endTime="2025-06-30T19:43:41.5265089+02:00" testType="13cdc9d9-ddb5-4fa4-a97d-d965ccfc6d4b" outcome="Passed" testListId="8c84fa94-04c1-424b-9868-57a2d4851a1d" relativeResultsDirectory="62cceb31-793b-4ca5-9f32-10adca84eb13" />
    <UnitTestResult executionId="239ce78e-67f2-4a48-b402-35dd533676b3" testId="9191e86e-6282-7313-7613-da1e1fef327e" testName="Aula.Tests.Bots.TelegramInteractiveBotTests.SendMessage_WithLongChatIdAsLong_SendsSuccessfully(chatId: 987654321)" computerName="RHO-DESKTOP" duration="00:00:00.3016990" startTime="2025-06-30T19:43:42.3312209+02:00" endTime="2025-06-30T19:43:42.3312210+02:00" testType="13cdc9d9-ddb5-4fa4-a97d-d965ccfc6d4b" outcome="Passed" testListId="8c84fa94-04c1-424b-9868-57a2d4851a1d" relativeResultsDirectory="239ce78e-67f2-4a48-b402-35dd533676b3" />
    <UnitTestResult executionId="3e34af1b-3314-4c13-a51b-009f484db2b6" testId="fa32a9bf-193e-172b-6d15-20cb227d126c" testName="Aula.Tests.Utilities.FollowUpQuestionDetectorTests.IsFollowUpQuestion_WithFullChildNames_WorksCorrectly(input: &quot;what about Emma Rose&quot;)" computerName="RHO-DESKTOP" duration="00:00:00.0000556" startTime="2025-06-30T19:43:41.6563964+02:00" endTime="2025-06-30T19:43:41.6563965+02:00" testType="13cdc9d9-ddb5-4fa4-a97d-d965ccfc6d4b" outcome="Passed" testListId="8c84fa94-04c1-424b-9868-57a2d4851a1d" relativeResultsDirectory="3e34af1b-3314-4c13-a51b-009f484db2b6" />
    <UnitTestResult executionId="f93ea31b-1461-4c7f-86dc-b1377f1909aa" testId="ab63d831-8e5f-0400-01ad-bd4bb81aa871" testName="Aula.Tests.Channels.TelegramClientTests.PostWeekLetter_WithEmptyWeekLetter_HandlesGracefully" computerName="RHO-DESKTOP" duration="00:00:00.0009749" startTime="2025-06-30T19:43:41.2315797+02:00" endTime="2025-06-30T19:43:41.2315798+02:00" testType="13cdc9d9-ddb5-4fa4-a97d-d965ccfc6d4b" outcome="Passed" testListId="8c84fa94-04c1-424b-9868-57a2d4851a1d" relativeResultsDirectory="f93ea31b-1461-4c7f-86dc-b1377f1909aa" />
    <UnitTestResult executionId="829cf0df-e538-4704-8fec-394f2449303a" testId="ec69e657-5b70-1fb9-5485-83b465ae5c05" testName="Aula.Tests.Utilities.ConversationContextManagerTests.GetContext_WithValidKey_ReturnsContext" computerName="RHO-DESKTOP" duration="00:00:00.0002005" startTime="2025-06-30T19:43:41.1404469+02:00" endTime="2025-06-30T19:43:41.1404470+02:00" testType="13cdc9d9-ddb5-4fa4-a97d-d965ccfc6d4b" outcome="Passed" testListId="8c84fa94-04c1-424b-9868-57a2d4851a1d" relativeResultsDirectory="829cf0df-e538-4704-8fec-394f2449303a" />
    <UnitTestResult executionId="ba6e61a3-a24a-49d3-a6e7-c7ce2a03f163" testId="7461a5be-ee77-e379-ff74-051c3d53d9e0" testName="Aula.Tests.Utilities.JsonFormatterTests.Prettify_WithBooleanAndNull_PreservesTypes" computerName="RHO-DESKTOP" duration="00:00:00.0004287" startTime="2025-06-30T19:43:41.0320927+02:00" endTime="2025-06-30T19:43:41.0320929+02:00" testType="13cdc9d9-ddb5-4fa4-a97d-d965ccfc6d4b" outcome="Passed" testListId="8c84fa94-04c1-424b-9868-57a2d4851a1d" relativeResultsDirectory="ba6e61a3-a24a-49d3-a6e7-c7ce2a03f163" />
    <UnitTestResult executionId="60ffe9a8-a68e-44fe-9982-6cd6bc284899" testId="9c588f7d-a367-036e-096a-5d287bfe9650" testName="Aula.Tests.Scheduling.SchedulingServiceIntegrationTests.StartAsync_WhenCalled_LogsCorrectMessage" computerName="RHO-DESKTOP" duration="00:00:00.0526429" startTime="2025-06-30T19:43:41.1536399+02:00" endTime="2025-06-30T19:43:41.1536400+02:00" testType="13cdc9d9-ddb5-4fa4-a97d-d965ccfc6d4b" outcome="Passed" testListId="8c84fa94-04c1-424b-9868-57a2d4851a1d" relativeResultsDirectory="60ffe9a8-a68e-44fe-9982-6cd6bc284899" />
    <UnitTestResult executionId="8db061a2-0b57-4346-8c65-33c23bf73a2b" testId="edf0d7b1-6ae5-fc13-de75-a5999a4027be" testName="Aula.Tests.Services.OpenAiServiceIntegrationTests.ProcessQueryWithToolsAsync_WithInvalidQuery_HandlesGracefully(query: null)" computerName="RHO-DESKTOP" duration="00:00:00.2860661" startTime="2025-06-30T19:43:45.8303791+02:00" endTime="2025-06-30T19:43:45.8303793+02:00" testType="13cdc9d9-ddb5-4fa4-a97d-d965ccfc6d4b" outcome="Passed" testListId="8c84fa94-04c1-424b-9868-57a2d4851a1d" relativeResultsDirectory="8db061a2-0b57-4346-8c65-33c23bf73a2b" />
    <UnitTestResult executionId="df184be6-94a5-43a6-a001-9e20c6282d92" testId="02a94b2b-cd88-000b-7e1d-6fc58b3c673d" testName="Aula.Tests.Tools.ReminderCommandHandlerTests.TryHandleReminderCommand_ListReminders_NoReminders_ReturnsNoRemindersMessage(command: &quot;vis påmindelser&quot;, isEnglish: False)" computerName="RHO-DESKTOP" duration="00:00:00.0008892" startTime="2025-06-30T19:43:41.5363782+02:00" endTime="2025-06-30T19:43:41.5363783+02:00" testType="13cdc9d9-ddb5-4fa4-a97d-d965ccfc6d4b" outcome="Passed" testListId="8c84fa94-04c1-424b-9868-57a2d4851a1d" relativeResultsDirectory="df184be6-94a5-43a6-a001-9e20c6282d92" />
    <UnitTestResult executionId="a056a335-80d8-4920-8bf0-c385574eb849" testId="d7aeee86-92f2-5c12-685d-812d09ed0822" testName="Aula.Tests.Tools.ReminderCommandHandlerTests.TryHandleReminderCommand_NonMatchingPatterns_ReturnsFalse(command: &quot;husk mig ugyldig at 8:00 at invalid format&quot;, isEnglish: False)" computerName="RHO-DESKTOP" duration="00:00:00.0003649" startTime="2025-06-30T19:43:41.5414500+02:00" endTime="2025-06-30T19:43:41.5414502+02:00" testType="13cdc9d9-ddb5-4fa4-a97d-d965ccfc6d4b" outcome="Passed" testListId="8c84fa94-04c1-424b-9868-57a2d4851a1d" relativeResultsDirectory="a056a335-80d8-4920-8bf0-c385574eb849" />
    <UnitTestResult executionId="5a640d93-6b01-4fa2-9894-c5c582817133" testId="2cec1e41-be18-3fa0-9996-473f9652882f" testName="Aula.Tests.Configuration.ConfigurationTests.GoogleServiceAccount_RequiredFields_ArePresent" computerName="RHO-DESKTOP" duration="00:00:00.0049607" startTime="2025-06-30T19:43:41.9060049+02:00" endTime="2025-06-30T19:43:41.9060050+02:00" testType="13cdc9d9-ddb5-4fa4-a97d-d965ccfc6d4b" outcome="Passed" testListId="8c84fa94-04c1-424b-9868-57a2d4851a1d" relativeResultsDirectory="5a640d93-6b01-4fa2-9894-c5c582817133" />
    <UnitTestResult executionId="2249dbb2-6d41-46d3-a0a5-0acc164503f4" testId="45d7267f-6c71-d320-a8e4-c7def8429012" testName="Aula.Tests.Utilities.Html2SlackMarkdownConverterTests.Convert_WithBrTags_PreservesLineBreaks" computerName="RHO-DESKTOP" duration="00:00:00.0011124" startTime="2025-06-30T19:43:41.5785831+02:00" endTime="2025-06-30T19:43:41.5785833+02:00" testType="13cdc9d9-ddb5-4fa4-a97d-d965ccfc6d4b" outcome="Passed" testListId="8c84fa94-04c1-424b-9868-57a2d4851a1d" relativeResultsDirectory="2249dbb2-6d41-46d3-a0a5-0acc164503f4" />
    <UnitTestResult executionId="8a5968e1-298b-4b61-9ae0-b8a786b9bdc4" testId="fb801da6-9ecf-3dd8-bfd4-511523f841d2" testName="Aula.Tests.Integration.AgentServiceTests.SummarizeWeekLetterAsync_CallsOpenAiService" computerName="RHO-DESKTOP" duration="00:00:00.0068161" startTime="2025-06-30T19:43:41.2310014+02:00" endTime="2025-06-30T19:43:41.2310015+02:00" testType="13cdc9d9-ddb5-4fa4-a97d-d965ccfc6d4b" outcome="Passed" testListId="8c84fa94-04c1-424b-9868-57a2d4851a1d" relativeResultsDirectory="8a5968e1-298b-4b61-9ae0-b8a786b9bdc4" />
    <UnitTestResult executionId="3412f0da-e860-473c-8f5d-67266642fba8" testId="7a4330b4-d3d2-d308-8e2d-3815d3c67d0f" testName="Aula.Tests.Channels.TelegramClientTests.Constructor_WithVariousTokens_DoesNotThrow(token: &quot;987654321:XXYYZZ&quot;)" computerName="RHO-DESKTOP" duration="00:00:00.0001622" startTime="2025-06-30T19:43:41.0388446+02:00" endTime="2025-06-30T19:43:41.0388447+02:00" testType="13cdc9d9-ddb5-4fa4-a97d-d965ccfc6d4b" outcome="Passed" testListId="8c84fa94-04c1-424b-9868-57a2d4851a1d" relativeResultsDirectory="3412f0da-e860-473c-8f5d-67266642fba8" />
    <UnitTestResult executionId="21c7ba63-176a-429b-bff6-1d36a2073fbe" testId="63cce41a-68ed-6ffe-d9f5-762e73c0e405" testName="Aula.Tests.Utilities.JsonFormatterTests.Prettify_WithIncompleteJson_ThrowsException(incompleteJson: &quot;}&quot;)" computerName="RHO-DESKTOP" duration="00:00:00.0006049" startTime="2025-06-30T19:43:41.0237928+02:00" endTime="2025-06-30T19:43:41.0237929+02:00" testType="13cdc9d9-ddb5-4fa4-a97d-d965ccfc6d4b" outcome="Passed" testListId="8c84fa94-04c1-424b-9868-57a2d4851a1d" relativeResultsDirectory="21c7ba63-176a-429b-bff6-1d36a2073fbe" />
    <UnitTestResult executionId="1e771175-1f34-4d1e-bde9-cef4a3293973" testId="43d92e28-376b-d2ca-21c6-711295d5b8ea" testName="Aula.Tests.Services.OpenAiServiceIntegrationTests.ProcessQueryWithToolsAsync_WithInvalidContextKey_HandlesGracefully(contextKey: &quot;&quot;)" computerName="RHO-DESKTOP" duration="00:00:00.5048724" startTime="2025-06-30T19:43:42.6295353+02:00" endTime="2025-06-30T19:43:42.6295354+02:00" testType="13cdc9d9-ddb5-4fa4-a97d-d965ccfc6d4b" outcome="Passed" testListId="8c84fa94-04c1-424b-9868-57a2d4851a1d" relativeResultsDirectory="1e771175-1f34-4d1e-bde9-cef4a3293973" />
    <UnitTestResult executionId="91c46d80-8b3c-45ef-9644-4a59fce44e2f" testId="b4f6ecd8-21d2-e463-3b8f-e414fa0d53d7" testName="Aula.Tests.Tools.AiToolsManagerTests.ListRemindersAsync_WithNoReminders_ReturnsEmptyMessage" computerName="RHO-DESKTOP" duration="00:00:00.0020350" startTime="2025-06-30T19:43:41.1869409+02:00" endTime="2025-06-30T19:43:41.1869411+02:00" testType="13cdc9d9-ddb5-4fa4-a97d-d965ccfc6d4b" outcome="Passed" testListId="8c84fa94-04c1-424b-9868-57a2d4851a1d" relativeResultsDirectory="91c46d80-8b3c-45ef-9644-4a59fce44e2f" />
    <UnitTestResult executionId="d280edbc-782f-4b4b-af8e-72545e841401" testId="6f9f5016-c386-f671-b8d8-6fc0a14626eb" testName="Aula.Tests.Utilities.ConversationContextManagerTests.Manager_WithIntegerKeys_WorksCorrectly" computerName="RHO-DESKTOP" duration="00:00:00.0014637" startTime="2025-06-30T19:43:41.1385914+02:00" endTime="2025-06-30T19:43:41.1385915+02:00" testType="13cdc9d9-ddb5-4fa4-a97d-d965ccfc6d4b" outcome="Passed" testListId="8c84fa94-04c1-424b-9868-57a2d4851a1d" relativeResultsDirectory="d280edbc-782f-4b4b-af8e-72545e841401" />
    <UnitTestResult executionId="2f7faa8c-4ad6-45a7-ba7a-7aa73dab6287" testId="8b65b678-d86a-73e1-86df-afba7eb83500" testName="Aula.Tests.Bots.SlackMessageHandlerTests.Constructor_WithValidParameters_InitializesCorrectly" computerName="RHO-DESKTOP" duration="00:00:00.0004365" startTime="2025-06-30T19:43:41.9768091+02:00" endTime="2025-06-30T19:43:41.9768092+02:00" testType="13cdc9d9-ddb5-4fa4-a97d-d965ccfc6d4b" outcome="Passed" testListId="8c84fa94-04c1-424b-9868-57a2d4851a1d" relativeResultsDirectory="2f7faa8c-4ad6-45a7-ba7a-7aa73dab6287" />
    <UnitTestResult executionId="a32ba040-264d-4a5b-a301-734410373137" testId="45fb5dfe-53cd-6a22-0ca1-9597e2979720" testName="Aula.Tests.Channels.TelegramClientTests.SendMessageToChannel_WithDisabledTelegram_ReturnsFalse" computerName="RHO-DESKTOP" duration="00:00:00.0013726" startTime="2025-06-30T19:43:41.2277009+02:00" endTime="2025-06-30T19:43:41.2277010+02:00" testType="13cdc9d9-ddb5-4fa4-a97d-d965ccfc6d4b" outcome="Passed" testListId="8c84fa94-04c1-424b-9868-57a2d4851a1d" relativeResultsDirectory="a32ba040-264d-4a5b-a301-734410373137" />
    <UnitTestResult executionId="7111a491-c69d-4dca-b4b8-fc7f3275e629" testId="d56dd742-e931-0f4c-26ba-408458db3851" testName="Aula.Tests.Services.DataModelTests.ScheduledTask_CronExpression_CanBeSet(cronExpression: &quot;0 9 * * 1-5&quot;, description: &quot;Daily at 9 AM on weekdays&quot;)" computerName="RHO-DESKTOP" duration="00:00:00.0005581" startTime="2025-06-30T19:43:40.9978028+02:00" endTime="2025-06-30T19:43:40.9978028+02:00" testType="13cdc9d9-ddb5-4fa4-a97d-d965ccfc6d4b" outcome="Passed" testListId="8c84fa94-04c1-424b-9868-57a2d4851a1d" relativeResultsDirectory="7111a491-c69d-4dca-b4b8-fc7f3275e629" />
    <UnitTestResult executionId="4c98d5f4-77d8-466a-a791-17a32f13ad2b" testId="be0934fb-3e5b-c412-9765-2aa4cc2f45a7" testName="Aula.Tests.Services.DataModelTests.Reminder_CreatedBy_HandlesValues(createdBy: &quot;user&quot;, shouldAccept: True)" computerName="RHO-DESKTOP" duration="00:00:00.0000023" startTime="2025-06-30T19:43:41.0080777+02:00" endTime="2025-06-30T19:43:41.0080778+02:00" testType="13cdc9d9-ddb5-4fa4-a97d-d965ccfc6d4b" outcome="Passed" testListId="8c84fa94-04c1-424b-9868-57a2d4851a1d" relativeResultsDirectory="4c98d5f4-77d8-466a-a791-17a32f13ad2b" />
    <UnitTestResult executionId="3acc274c-3199-4c1b-97a9-bb4d6f484624" testId="900f1247-1180-3eee-0ffc-f108426b3d75" testName="Aula.Tests.Utilities.FollowUpQuestionDetectorTests.IsFollowUpQuestion_WithShortFollowUps_ReturnsTrue(input: &quot;Okay&quot;)" computerName="RHO-DESKTOP" duration="00:00:00.0002479" startTime="2025-06-30T19:43:41.6350579+02:00" endTime="2025-06-30T19:43:41.6350580+02:00" testType="13cdc9d9-ddb5-4fa4-a97d-d965ccfc6d4b" outcome="Passed" testListId="8c84fa94-04c1-424b-9868-57a2d4851a1d" relativeResultsDirectory="3acc274c-3199-4c1b-97a9-bb4d6f484624" />
    <UnitTestResult executionId="950e2300-a0f8-4282-902e-c9414d767e01" testId="117ddc28-dcc8-243a-b2bd-3d83692ecb26" testName="Aula.Tests.Bots.SlackInteractiveBotTests.Stop_WhenCalled_LogsInformation" computerName="RHO-DESKTOP" duration="00:00:00.0039099" startTime="2025-06-30T19:43:41.4193507+02:00" endTime="2025-06-30T19:43:41.4193508+02:00" testType="13cdc9d9-ddb5-4fa4-a97d-d965ccfc6d4b" outcome="Passed" testListId="8c84fa94-04c1-424b-9868-57a2d4851a1d" relativeResultsDirectory="950e2300-a0f8-4282-902e-c9414d767e01" />
    <UnitTestResult executionId="588975b4-b07f-4369-885b-fe1ae0efb92f" testId="dc9dca5e-236c-2eb7-8830-55bb297e92d9" testName="Aula.Tests.Services.DataModelTests.ScheduledTask_CronExpression_CanBeSet(cronExpression: &quot;0 0 1 * *&quot;, description: &quot;Monthly on the 1st at midnight&quot;)" computerName="RHO-DESKTOP" duration="00:00:00.0000124" startTime="2025-06-30T19:43:40.9981654+02:00" endTime="2025-06-30T19:43:40.9981654+02:00" testType="13cdc9d9-ddb5-4fa4-a97d-d965ccfc6d4b" outcome="Passed" testListId="8c84fa94-04c1-424b-9868-57a2d4851a1d" relativeResultsDirectory="588975b4-b07f-4369-885b-fe1ae0efb92f" />
    <UnitTestResult executionId="67842737-6865-4e12-a731-3d13568fdc64" testId="4eec350c-78eb-2a68-cc2e-22085c8e2c8c" testName="Aula.Tests.Utilities.ReminderExtractionPromptsTests.GetExtractionPrompt_ContainsRelativeDateExamples" computerName="RHO-DESKTOP" duration="00:00:00.0004725" startTime="2025-06-30T19:43:41.5720884+02:00" endTime="2025-06-30T19:43:41.5720885+02:00" testType="13cdc9d9-ddb5-4fa4-a97d-d965ccfc6d4b" outcome="Passed" testListId="8c84fa94-04c1-424b-9868-57a2d4851a1d" relativeResultsDirectory="67842737-6865-4e12-a731-3d13568fdc64" />
    <UnitTestResult executionId="df8ab7be-b1e5-4a72-baf1-95fd928cbecd" testId="261e6035-42f7-283f-e93e-b518a8a74310" testName="Aula.Tests.Configuration.ConfigurationTests.Telegram_Token_ValidationTests(token: &quot;123456789:AABBCCDDEEFFGGHHTest&quot;, isValidFormat: True)" computerName="RHO-DESKTOP" duration="00:00:00.0060166" startTime="2025-06-30T19:43:41.6871936+02:00" endTime="2025-06-30T19:43:41.6871936+02:00" testType="13cdc9d9-ddb5-4fa4-a97d-d965ccfc6d4b" outcome="Passed" testListId="8c84fa94-04c1-424b-9868-57a2d4851a1d" relativeResultsDirectory="df8ab7be-b1e5-4a72-baf1-95fd928cbecd" />
    <UnitTestResult executionId="95e7477e-22f6-48be-99ee-12fd07ae43e4" testId="163ffdcd-8cc6-0360-4c70-1c08392ed80a" testName="Aula.Tests.Bots.SlackInteractiveBotTests.PostWeekLetter_WithSlackApiError_LogsError" computerName="RHO-DESKTOP" duration="00:00:00.0083094" startTime="2025-06-30T19:43:41.4813767+02:00" endTime="2025-06-30T19:43:41.4813768+02:00" testType="13cdc9d9-ddb5-4fa4-a97d-d965ccfc6d4b" outcome="Passed" testListId="8c84fa94-04c1-424b-9868-57a2d4851a1d" relativeResultsDirectory="95e7477e-22f6-48be-99ee-12fd07ae43e4" />
    <UnitTestResult executionId="d4e28855-d0ca-4c1a-8a9b-b998e6f2bb62" testId="7238819f-b48b-cc3e-dc7e-e183fab753be" testName="Aula.Tests.Utilities.ConversationContextTests.ToString_WithNullChildName_ReturnsNone" computerName="RHO-DESKTOP" duration="00:00:00.0001828" startTime="2025-06-30T19:43:41.0164349+02:00" endTime="2025-06-30T19:43:41.0164350+02:00" testType="13cdc9d9-ddb5-4fa4-a97d-d965ccfc6d4b" outcome="Passed" testListId="8c84fa94-04c1-424b-9868-57a2d4851a1d" relativeResultsDirectory="d4e28855-d0ca-4c1a-8a9b-b998e6f2bb62" />
    <UnitTestResult executionId="1b3b06ee-ce06-41c4-b692-a99a9cda4bea" testId="efffcfd3-8ae4-cc7b-929a-37f206ad1981" testName="Aula.Tests.Scheduling.SchedulingServiceIntegrationTests.Constructor_WithNullTelegramBot_AllowsNull" computerName="RHO-DESKTOP" duration="00:00:00.0016978" startTime="2025-06-30T19:43:41.1932786+02:00" endTime="2025-06-30T19:43:41.1932787+02:00" testType="13cdc9d9-ddb5-4fa4-a97d-d965ccfc6d4b" outcome="Passed" testListId="8c84fa94-04c1-424b-9868-57a2d4851a1d" relativeResultsDirectory="1b3b06ee-ce06-41c4-b692-a99a9cda4bea" />
    <UnitTestResult executionId="b8bcce52-8967-4012-b05c-69379d9493cb" testId="754e15f9-7164-4540-0902-34db6317ccfc" testName="Aula.Tests.Utilities.IntentAnalysisPromptsTests.AnalysisTemplate_IsNotEmpty" computerName="RHO-DESKTOP" duration="00:00:00.0001555" startTime="2025-06-30T19:43:41.1237771+02:00" endTime="2025-06-30T19:43:41.1237772+02:00" testType="13cdc9d9-ddb5-4fa4-a97d-d965ccfc6d4b" outcome="Passed" testListId="8c84fa94-04c1-424b-9868-57a2d4851a1d" relativeResultsDirectory="b8bcce52-8967-4012-b05c-69379d9493cb" />
    <UnitTestResult executionId="0cf5fb42-58b0-431b-bfe6-8e65c9e587ad" testId="0ab78665-c1fa-a2ea-7265-e8996c3b56dd" testName="Aula.Tests.Utilities.Html2SlackMarkdownConverterTests.Convert_WithPartialTags_HandlesGracefully(html: &quot;&lt;div&gt;&lt;span&gt;&quot;)" computerName="RHO-DESKTOP" duration="00:00:00.0008307" startTime="2025-06-30T19:43:41.5535587+02:00" endTime="2025-06-30T19:43:41.5535589+02:00" testType="13cdc9d9-ddb5-4fa4-a97d-d965ccfc6d4b" outcome="Passed" testListId="8c84fa94-04c1-424b-9868-57a2d4851a1d" relativeResultsDirectory="0cf5fb42-58b0-431b-bfe6-8e65c9e587ad" />
    <UnitTestResult executionId="957930c5-2ff3-4280-9b9d-7a82273c53ac" testId="5923c05c-0f73-b670-436e-b35343d0427b" testName="Aula.Tests.Services.SupabaseServiceTests.Constructor_WithValidConfig_CreatesInstance" computerName="RHO-DESKTOP" duration="00:00:00.0006132" startTime="2025-06-30T19:43:41.5931491+02:00" endTime="2025-06-30T19:43:41.5931493+02:00" testType="13cdc9d9-ddb5-4fa4-a97d-d965ccfc6d4b" outcome="Passed" testListId="8c84fa94-04c1-424b-9868-57a2d4851a1d" relativeResultsDirectory="957930c5-2ff3-4280-9b9d-7a82273c53ac" />
    <UnitTestResult executionId="85a80c03-d91b-4a02-b5fa-aa5b67e147fa" testId="52284c88-15e2-e622-5da9-cf51ba9aa844" testName="Aula.Tests.Tools.ReminderCommandHandlerTests.Constructor_WithNullLogger_ThrowsArgumentNullException" computerName="RHO-DESKTOP" duration="00:00:00.0003909" startTime="2025-06-30T19:43:41.6781740+02:00" endTime="2025-06-30T19:43:41.6781741+02:00" testType="13cdc9d9-ddb5-4fa4-a97d-d965ccfc6d4b" outcome="Passed" testListId="8c84fa94-04c1-424b-9868-57a2d4851a1d" relativeResultsDirectory="85a80c03-d91b-4a02-b5fa-aa5b67e147fa" />
    <UnitTestResult executionId="ddc20c84-7bb4-40a6-a791-1f1147a10b02" testId="3244b8c7-1294-20bc-2d35-4ae6283e4c3a" testName="Aula.Tests.Utilities.FollowUpQuestionDetectorTests.IsFollowUpQuestion_WithEnglishFollowUpPhrases_ReturnsTrue(input: &quot;and what about today&quot;)" computerName="RHO-DESKTOP" duration="00:00:00.0000811" startTime="2025-06-30T19:43:41.6284913+02:00" endTime="2025-06-30T19:43:41.6284914+02:00" testType="13cdc9d9-ddb5-4fa4-a97d-d965ccfc6d4b" outcome="Passed" testListId="8c84fa94-04c1-424b-9868-57a2d4851a1d" relativeResultsDirectory="ddc20c84-7bb4-40a6-a791-1f1147a10b02" />
    <UnitTestResult executionId="e046bf0d-7ab7-4030-87d9-6626402de7c6" testId="852f061a-eb76-627b-f7c5-de08154576e3" testName="Aula.Tests.Utilities.ConversationContextManagerTests.UpdateContext_LogsInformation" computerName="RHO-DESKTOP" duration="00:00:00.0077938" startTime="2025-06-30T19:43:41.1686407+02:00" endTime="2025-06-30T19:43:41.1686409+02:00" testType="13cdc9d9-ddb5-4fa4-a97d-d965ccfc6d4b" outcome="Passed" testListId="8c84fa94-04c1-424b-9868-57a2d4851a1d" relativeResultsDirectory="e046bf0d-7ab7-4030-87d9-6626402de7c6" />
    <UnitTestResult executionId="279193f1-5dd4-44c3-aab3-77b16bc1a0d3" testId="0ff92f6a-cd59-c2b9-9aae-29a9878a50a7" testName="Aula.Tests.Bots.TelegramInteractiveBotTests.ComputeHash_WithDifferentInputs_ReturnsConsistentHashes(input: &quot;Test content 2&quot;)" computerName="RHO-DESKTOP" duration="00:00:00.0012376" startTime="2025-06-30T19:43:41.9365247+02:00" endTime="2025-06-30T19:43:41.9365248+02:00" testType="13cdc9d9-ddb5-4fa4-a97d-d965ccfc6d4b" outcome="Passed" testListId="8c84fa94-04c1-424b-9868-57a2d4851a1d" relativeResultsDirectory="279193f1-5dd4-44c3-aab3-77b16bc1a0d3" />
    <UnitTestResult executionId="3d2976ab-a406-44d4-9197-58e94a329725" testId="e2cf5630-e05d-ce3d-d438-0bd261dc3937" testName="Aula.Tests.Channels.SlackBotTests.SendTestMessage_WithMessage_DoesNotThrow" computerName="RHO-DESKTOP" duration="00:00:00.0081686" startTime="2025-06-30T19:43:41.4054420+02:00" endTime="2025-06-30T19:43:41.4054420+02:00" testType="13cdc9d9-ddb5-4fa4-a97d-d965ccfc6d4b" outcome="Passed" testListId="8c84fa94-04c1-424b-9868-57a2d4851a1d" relativeResultsDirectory="3d2976ab-a406-44d4-9197-58e94a329725" />
    <UnitTestResult executionId="6ea493d4-0338-4ebd-a58f-a96737fc4a69" testId="9e4f287f-e14a-9a5f-c3eb-d8718b5588ae" testName="Aula.Tests.Services.OpenAiServiceIntegrationTests.ProcessQueryWithToolsAsync_WithInvalidContextKey_HandlesGracefully(contextKey: null)" computerName="RHO-DESKTOP" duration="00:00:00.9693469" startTime="2025-06-30T19:43:42.1236724+02:00" endTime="2025-06-30T19:43:42.1236725+02:00" testType="13cdc9d9-ddb5-4fa4-a97d-d965ccfc6d4b" outcome="Passed" testListId="8c84fa94-04c1-424b-9868-57a2d4851a1d" relativeResultsDirectory="6ea493d4-0338-4ebd-a58f-a96737fc4a69" />
    <UnitTestResult executionId="601d84a6-9865-43c6-a162-43550e813600" testId="391811a1-8187-f3dc-88b6-23bab4f2be23" testName="Aula.Tests.Scheduling.SchedulingServiceTests.StartAsync_CallsGetPendingRemindersAsync_AtLeastOnce" computerName="RHO-DESKTOP" duration="00:00:00.1502178" startTime="2025-06-30T19:43:41.4609517+02:00" endTime="2025-06-30T19:43:41.4609518+02:00" testType="13cdc9d9-ddb5-4fa4-a97d-d965ccfc6d4b" outcome="Passed" testListId="8c84fa94-04c1-424b-9868-57a2d4851a1d" relativeResultsDirectory="601d84a6-9865-43c6-a162-43550e813600" />
    <UnitTestResult executionId="f068ca90-9b43-4eb1-8db1-f4722f92c471" testId="b818bc8f-75bb-2119-5010-d4b3daaab169" testName="Aula.Tests.Services.DataModelTests.PostedLetter_WeekNumberValidation_ReturnsExpectedResult(weekNumber: 54, year: 2023, isValid: False)" computerName="RHO-DESKTOP" duration="00:00:00.0000080" startTime="2025-06-30T19:43:41.0199837+02:00" endTime="2025-06-30T19:43:41.0199837+02:00" testType="13cdc9d9-ddb5-4fa4-a97d-d965ccfc6d4b" outcome="Passed" testListId="8c84fa94-04c1-424b-9868-57a2d4851a1d" relativeResultsDirectory="f068ca90-9b43-4eb1-8db1-f4722f92c471" />
    <UnitTestResult executionId="3626185c-47c9-4ffa-a2a9-62fec4794d4a" testId="6b2a33da-8dbe-7c78-d246-94dec9023958" testName="Aula.Tests.Configuration.ConfigurationTests.Timers_SchedulingInterval_ValidationTests(intervalSeconds: 10, isValid: True)" computerName="RHO-DESKTOP" duration="00:00:00.0045346" startTime="2025-06-30T19:43:41.7303744+02:00" endTime="2025-06-30T19:43:41.7303745+02:00" testType="13cdc9d9-ddb5-4fa4-a97d-d965ccfc6d4b" outcome="Passed" testListId="8c84fa94-04c1-424b-9868-57a2d4851a1d" relativeResultsDirectory="3626185c-47c9-4ffa-a2a9-62fec4794d4a" />
    <UnitTestResult executionId="6d842b1f-3483-4879-a8cd-27e93b41a4a0" testId="673e7d35-f16e-bd38-569e-9b00ed91c4fd" testName="Aula.Tests.Channels.SlackBotTests.Constructor_WithValidUrls_DoesNotThrow(webhookUrl: &quot;https://hooks.slack.com/services/T123/B456/xyz&quot;)" computerName="RHO-DESKTOP" duration="00:00:00.0001474" startTime="2025-06-30T19:43:41.3840486+02:00" endTime="2025-06-30T19:43:41.3840487+02:00" testType="13cdc9d9-ddb5-4fa4-a97d-d965ccfc6d4b" outcome="Passed" testListId="8c84fa94-04c1-424b-9868-57a2d4851a1d" relativeResultsDirectory="6d842b1f-3483-4879-a8cd-27e93b41a4a0" />
    <UnitTestResult executionId="f65ff0d5-dcd5-4754-89b4-53444dab06b4" testId="4ea1f036-59f8-5cad-3b0c-625068ad78db" testName="Aula.Tests.Utilities.FollowUpQuestionDetectorTests.IsFollowUpQuestion_WithShortFollowUps_ReturnsTrue(input: &quot;short?&quot;)" computerName="RHO-DESKTOP" duration="00:00:00.0000528" startTime="2025-06-30T19:43:41.6383668+02:00" endTime="2025-06-30T19:43:41.6383669+02:00" testType="13cdc9d9-ddb5-4fa4-a97d-d965ccfc6d4b" outcome="Passed" testListId="8c84fa94-04c1-424b-9868-57a2d4851a1d" relativeResultsDirectory="f65ff0d5-dcd5-4754-89b4-53444dab06b4" />
    <UnitTestResult executionId="6a111892-7f6f-479f-9d85-f1855f7612fd" testId="b3d0207a-6b94-dced-4560-55d90059fc43" testName="Aula.Tests.Integration.AgentServiceTests.GetWeekLetterAsync_ReturnsCachedData_WhenAvailable" computerName="RHO-DESKTOP" duration="00:00:00.0135936" startTime="2025-06-30T19:43:41.1711303+02:00" endTime="2025-06-30T19:43:41.1711304+02:00" testType="13cdc9d9-ddb5-4fa4-a97d-d965ccfc6d4b" outcome="Passed" testListId="8c84fa94-04c1-424b-9868-57a2d4851a1d" relativeResultsDirectory="6a111892-7f6f-479f-9d85-f1855f7612fd" />
    <UnitTestResult executionId="5d58f040-4b45-4f10-880a-21cfa3b88854" testId="1165a140-06de-3614-5098-865084a74fa6" testName="Aula.Tests.Channels.SlackBotTests.SendTestMessage_WithVariousMessages_DoesNotThrow(message: &quot;&quot;)" computerName="RHO-DESKTOP" duration="00:00:00.0003875" startTime="2025-06-30T19:43:41.3766202+02:00" endTime="2025-06-30T19:43:41.3766204+02:00" testType="13cdc9d9-ddb5-4fa4-a97d-d965ccfc6d4b" outcome="Passed" testListId="8c84fa94-04c1-424b-9868-57a2d4851a1d" relativeResultsDirectory="5d58f040-4b45-4f10-880a-21cfa3b88854" />
    <UnitTestResult executionId="6257a966-53e9-412b-98bd-20d7542feba2" testId="016d303d-5ae2-6e55-e6bf-2008da910e62" testName="Aula.Tests.Configuration.ConfigurationTests.Telegram_Token_ValidationTests(token: &quot;123456789&quot;, isValidFormat: False)" computerName="RHO-DESKTOP" duration="00:00:00.0050549" startTime="2025-06-30T19:43:41.6881609+02:00" endTime="2025-06-30T19:43:41.6881610+02:00" testType="13cdc9d9-ddb5-4fa4-a97d-d965ccfc6d4b" outcome="Passed" testListId="8c84fa94-04c1-424b-9868-57a2d4851a1d" relativeResultsDirectory="6257a966-53e9-412b-98bd-20d7542feba2" />
    <UnitTestResult executionId="d25774a4-7f08-4d40-aab0-55ade70077fb" testId="335c0316-538c-f3b3-9476-383f089c8b2c" testName="Aula.Tests.Utilities.IntentAnalysisPromptsTests.ToolExamples_ContainsRequiredKeys(key: &quot;INFORMATION_QUERY&quot;)" computerName="RHO-DESKTOP" duration="00:00:00.0000096" startTime="2025-06-30T19:43:41.1154876+02:00" endTime="2025-06-30T19:43:41.1154877+02:00" testType="13cdc9d9-ddb5-4fa4-a97d-d965ccfc6d4b" outcome="Passed" testListId="8c84fa94-04c1-424b-9868-57a2d4851a1d" relativeResultsDirectory="d25774a4-7f08-4d40-aab0-55ade70077fb" />
    <UnitTestResult executionId="15fe2bd7-9130-4a1d-955b-d3b06e712077" testId="8454e79e-a056-bb6e-1db7-62ff01bf41c0" testName="Aula.Tests.Bots.TelegramMessageHandlerTests.HandleMessageAsync_WithHelpCommand_ProcessesHelpMessage(helpCommand: &quot;help&quot;)" computerName="RHO-DESKTOP" duration="00:00:00.0031185" startTime="2025-06-30T19:43:41.4070890+02:00" endTime="2025-06-30T19:43:41.4070891+02:00" testType="13cdc9d9-ddb5-4fa4-a97d-d965ccfc6d4b" outcome="Passed" testListId="8c84fa94-04c1-424b-9868-57a2d4851a1d" relativeResultsDirectory="15fe2bd7-9130-4a1d-955b-d3b06e712077" />
    <UnitTestResult executionId="00214e87-2bc5-4bf7-9dbc-83c1ac6fc452" testId="803a38b8-f402-400f-65a3-348044bf14da" testName="Aula.Tests.Utilities.ConversationContextTests.ToString_WithAllPropertiesSet_ReturnsCorrectFormat" computerName="RHO-DESKTOP" duration="00:00:00.0004072" startTime="2025-06-30T19:43:41.0170794+02:00" endTime="2025-06-30T19:43:41.0170795+02:00" testType="13cdc9d9-ddb5-4fa4-a97d-d965ccfc6d4b" outcome="Passed" testListId="8c84fa94-04c1-424b-9868-57a2d4851a1d" relativeResultsDirectory="00214e87-2bc5-4bf7-9dbc-83c1ac6fc452" />
    <UnitTestResult executionId="46d3ea76-7c34-4476-8898-3227040d5b5a" testId="de1a8f86-5c1b-b7d6-9ef4-2f917a94a294" testName="Aula.Tests.Bots.TelegramMessageHandlerTests.HandleMessageAsync_WithException_LogsError" computerName="RHO-DESKTOP" duration="00:00:00.0229619" startTime="2025-06-30T19:43:41.4845481+02:00" endTime="2025-06-30T19:43:41.4845483+02:00" testType="13cdc9d9-ddb5-4fa4-a97d-d965ccfc6d4b" outcome="Passed" testListId="8c84fa94-04c1-424b-9868-57a2d4851a1d" relativeResultsDirectory="46d3ea76-7c34-4476-8898-3227040d5b5a" />
    <UnitTestResult executionId="95d71cff-639e-40ff-8eb1-6be98af48d61" testId="465ed908-4041-5a87-afb1-27b6b5171191" testName="Aula.Tests.Bots.TelegramMessageHandlerTests.Constructor_WithNullSupabaseService_ThrowsArgumentNullException" computerName="RHO-DESKTOP" duration="00:00:00.0015131" startTime="2025-06-30T19:43:41.4429933+02:00" endTime="2025-06-30T19:43:41.4429934+02:00" testType="13cdc9d9-ddb5-4fa4-a97d-d965ccfc6d4b" outcome="Passed" testListId="8c84fa94-04c1-424b-9868-57a2d4851a1d" relativeResultsDirectory="95d71cff-639e-40ff-8eb1-6be98af48d61" />
    <UnitTestResult executionId="730e033c-a0b2-4b8d-91d5-8b0e5b3a37ed" testId="3114fd40-71ce-994b-9259-eabf8239901e" testName="Aula.Tests.Utilities.IntentAnalysisPromptsTests.AnalysisTemplate_ContainsRequiredPlaceholders" computerName="RHO-DESKTOP" duration="00:00:00.0064849" startTime="2025-06-30T19:43:41.1319632+02:00" endTime="2025-06-30T19:43:41.1319633+02:00" testType="13cdc9d9-ddb5-4fa4-a97d-d965ccfc6d4b" outcome="Passed" testListId="8c84fa94-04c1-424b-9868-57a2d4851a1d" relativeResultsDirectory="730e033c-a0b2-4b8d-91d5-8b0e5b3a37ed" />
    <UnitTestResult executionId="fa412cd6-6a73-42dc-8048-409b4ced7021" testId="3c407d09-bd83-3cf2-cf6c-c0dc480601dc" testName="Aula.Tests.Utilities.DateTimeUtilitiesTests.GetDanishDayName_ValidDayOfWeek_ReturnsLowercaseName(dayOfWeek: Wednesday, expectedName: &quot;onsdag&quot;)" computerName="RHO-DESKTOP" duration="00:00:00.0000089" startTime="2025-06-30T19:43:41.0093491+02:00" endTime="2025-06-30T19:43:41.0093492+02:00" testType="13cdc9d9-ddb5-4fa4-a97d-d965ccfc6d4b" outcome="Passed" testListId="8c84fa94-04c1-424b-9868-57a2d4851a1d" relativeResultsDirectory="fa412cd6-6a73-42dc-8048-409b4ced7021" />
    <UnitTestResult executionId="96d4bbb5-49da-4707-bc8e-e832b80cd679" testId="c877210f-bb9a-c13c-82b0-695b1245feeb" testName="Aula.Tests.Services.OpenAiServiceIntegrationTests.Constructor_WithNullApiKey_ThrowsArgumentException" computerName="RHO-DESKTOP" duration="00:00:00.2090316" startTime="2025-06-30T19:43:41.0884023+02:00" endTime="2025-06-30T19:43:41.0884024+02:00" testType="13cdc9d9-ddb5-4fa4-a97d-d965ccfc6d4b" outcome="Passed" testListId="8c84fa94-04c1-424b-9868-57a2d4851a1d" relativeResultsDirectory="96d4bbb5-49da-4707-bc8e-e832b80cd679" />
    <UnitTestResult executionId="0ba70121-9167-40b5-a059-875b5682817c" testId="dd048ce7-9ba0-43b9-a761-2b11b4d7a6ad" testName="Aula.Tests.Utilities.WeekLetterContentExtractorTests.ExtractContent_WithException_ReturnsEmptyStringAndLogsError" computerName="RHO-DESKTOP" duration="00:00:00.0061456" startTime="2025-06-30T19:43:41.4475813+02:00" endTime="2025-06-30T19:43:41.4475814+02:00" testType="13cdc9d9-ddb5-4fa4-a97d-d965ccfc6d4b" outcome="Passed" testListId="8c84fa94-04c1-424b-9868-57a2d4851a1d" relativeResultsDirectory="0ba70121-9167-40b5-a059-875b5682817c" />
    <UnitTestResult executionId="58f3b19a-6cef-4b07-a52e-42613cfcfeee" testId="dcc46ccc-b814-743c-8b1c-539d1d47dc7f" testName="Aula.Tests.Channels.TelegramClientTests.SendMessageToChannel_WithVariousChannelIds_DoesNotThrow(channelId: &quot;123456789&quot;)" computerName="RHO-DESKTOP" duration="00:00:00.0008829" startTime="2025-06-30T19:43:41.0364760+02:00" endTime="2025-06-30T19:43:41.0364762+02:00" testType="13cdc9d9-ddb5-4fa4-a97d-d965ccfc6d4b" outcome="Passed" testListId="8c84fa94-04c1-424b-9868-57a2d4851a1d" relativeResultsDirectory="58f3b19a-6cef-4b07-a52e-42613cfcfeee" />
    <UnitTestResult executionId="42e051d2-62df-45e3-a074-f407e08b32d6" testId="ebaf8397-8612-cd93-1911-25f8b63dd1af" testName="Aula.Tests.Services.OpenAiServiceIntegrationTests.AskQuestionAboutWeekLetterAsync_WithContextKey_WithNullWeekLetter_ThrowsArgumentNullException(chatInterface: Slack)" computerName="RHO-DESKTOP" duration="00:00:00.0017883" startTime="2025-06-30T19:43:46.1659407+02:00" endTime="2025-06-30T19:43:46.1659408+02:00" testType="13cdc9d9-ddb5-4fa4-a97d-d965ccfc6d4b" outcome="Passed" testListId="8c84fa94-04c1-424b-9868-57a2d4851a1d" relativeResultsDirectory="42e051d2-62df-45e3-a074-f407e08b32d6" />
    <UnitTestResult executionId="830fd21f-248a-473e-beba-77a1b244a1df" testId="d6143222-8a1b-29ba-ebfb-222b6c27b152" testName="Aula.Tests.Utilities.JsonFormatterTests.Prettify_WithMalformedJson_ThrowsJsonException" computerName="RHO-DESKTOP" duration="00:00:00.0004338" startTime="2025-06-30T19:43:41.0303847+02:00" endTime="2025-06-30T19:43:41.0303848+02:00" testType="13cdc9d9-ddb5-4fa4-a97d-d965ccfc6d4b" outcome="Passed" testListId="8c84fa94-04c1-424b-9868-57a2d4851a1d" relativeResultsDirectory="830fd21f-248a-473e-beba-77a1b244a1df" />
    <UnitTestResult executionId="1b32c720-062b-421e-88ba-54b782b49d58" testId="feee90d8-1656-5d1e-73f9-5a26fcecfdaf" testName="Aula.Tests.Bots.SlackMessageHandlerTests.Constructor_WithNullLogger_ThrowsArgumentNullException" computerName="RHO-DESKTOP" duration="00:00:00.0005624" startTime="2025-06-30T19:43:47.9472904+02:00" endTime="2025-06-30T19:43:47.9472905+02:00" testType="13cdc9d9-ddb5-4fa4-a97d-d965ccfc6d4b" outcome="Passed" testListId="8c84fa94-04c1-424b-9868-57a2d4851a1d" relativeResultsDirectory="1b32c720-062b-421e-88ba-54b782b49d58" />
    <UnitTestResult executionId="1871b96c-dc43-4f3e-a985-d71ae7402b87" testId="c5a7611f-847e-26d1-53fe-736703c875f6" testName="Aula.Tests.Services.OpenAiServiceIntegrationTests.AskQuestionAboutWeekLetterAsync_WithNullWeekLetter_ThrowsArgumentNullException(chatInterface: Telegram)" computerName="RHO-DESKTOP" duration="00:00:00.0005932" startTime="2025-06-30T19:43:45.2269867+02:00" endTime="2025-06-30T19:43:45.2269868+02:00" testType="13cdc9d9-ddb5-4fa4-a97d-d965ccfc6d4b" outcome="Passed" testListId="8c84fa94-04c1-424b-9868-57a2d4851a1d" relativeResultsDirectory="1871b96c-dc43-4f3e-a985-d71ae7402b87" />
    <UnitTestResult executionId="8031a352-fd2b-453c-845b-ebcc622f9afb" testId="abcb3b7f-4c07-2d28-fb29-7bc03942e3cd" testName="Aula.Tests.Bots.SlackMessageHandlerTests.Constructor_WithNullConversationContext_ThrowsArgumentNullException" computerName="RHO-DESKTOP" duration="00:00:00.0007161" startTime="2025-06-30T19:43:47.6369059+02:00" endTime="2025-06-30T19:43:47.6369060+02:00" testType="13cdc9d9-ddb5-4fa4-a97d-d965ccfc6d4b" outcome="Passed" testListId="8c84fa94-04c1-424b-9868-57a2d4851a1d" relativeResultsDirectory="8031a352-fd2b-453c-845b-ebcc622f9afb" />
    <UnitTestResult executionId="ed8db8e3-5756-4ac1-8b16-db5b97679256" testId="63363866-031a-a196-cb3f-a58e78fe124a" testName="Aula.Tests.Utilities.ReminderExtractionPromptsTests.GetExtractionPrompt_WithDifferentMinuteOffsets_CalculatesCorrectly(minutes: 120)" computerName="RHO-DESKTOP" duration="00:00:00.0002641" startTime="2025-06-30T19:43:41.5578124+02:00" endTime="2025-06-30T19:43:41.5578125+02:00" testType="13cdc9d9-ddb5-4fa4-a97d-d965ccfc6d4b" outcome="Passed" testListId="8c84fa94-04c1-424b-9868-57a2d4851a1d" relativeResultsDirectory="ed8db8e3-5756-4ac1-8b16-db5b97679256" />
    <UnitTestResult executionId="8a7ae70f-f03a-48f8-9976-1c67a74c9e6e" testId="65a382e3-c1e3-08ef-c35f-11020ff7747f" testName="Aula.Tests.Bots.SlackMessageHandlerTests.HandleMessageAsync_WithEmptyText_ReturnsFalse" computerName="RHO-DESKTOP" duration="00:00:00.0005613" startTime="2025-06-30T19:43:47.6380169+02:00" endTime="2025-06-30T19:43:47.6380170+02:00" testType="13cdc9d9-ddb5-4fa4-a97d-d965ccfc6d4b" outcome="Passed" testListId="8c84fa94-04c1-424b-9868-57a2d4851a1d" relativeResultsDirectory="8a7ae70f-f03a-48f8-9976-1c67a74c9e6e" />
    <UnitTestResult executionId="3191dbdc-277d-4d22-8d3d-bb44dddea65f" testId="8058c27b-1352-027a-d929-43b2879c423e" testName="Aula.Tests.Services.DataModelTests.PostedLetter_ContentHash_CanDetectChanges" computerName="RHO-DESKTOP" duration="00:00:00.0010781" startTime="2025-06-30T19:43:41.0209209+02:00" endTime="2025-06-30T19:43:41.0209210+02:00" testType="13cdc9d9-ddb5-4fa4-a97d-d965ccfc6d4b" outcome="Passed" testListId="8c84fa94-04c1-424b-9868-57a2d4851a1d" relativeResultsDirectory="3191dbdc-277d-4d22-8d3d-bb44dddea65f" />
    <UnitTestResult executionId="382a5c06-3304-44fe-a0b4-3da84baff3fa" testId="ecf7f37a-1b96-2a28-2d44-fb1c19988638" testName="Aula.Tests.Utilities.WeekLetterContentExtractorTests.ExtractContent_WithNullIndhold_ReturnsEmptyString" computerName="RHO-DESKTOP" duration="00:00:00.0009072" startTime="2025-06-30T19:43:41.4556455+02:00" endTime="2025-06-30T19:43:41.4556457+02:00" testType="13cdc9d9-ddb5-4fa4-a97d-d965ccfc6d4b" outcome="Passed" testListId="8c84fa94-04c1-424b-9868-57a2d4851a1d" relativeResultsDirectory="382a5c06-3304-44fe-a0b4-3da84baff3fa" />
    <UnitTestResult executionId="55e5de31-841c-4479-8cbc-1ac6213edd96" testId="e59d968d-c8e5-f85d-8f4b-30d82d049708" testName="Aula.Tests.Channels.TelegramClientTests.Constructor_WithToken_CreatesInstance" computerName="RHO-DESKTOP" duration="00:00:00.0001443" startTime="2025-06-30T19:43:41.2297843+02:00" endTime="2025-06-30T19:43:41.2297844+02:00" testType="13cdc9d9-ddb5-4fa4-a97d-d965ccfc6d4b" outcome="Passed" testListId="8c84fa94-04c1-424b-9868-57a2d4851a1d" relativeResultsDirectory="55e5de31-841c-4479-8cbc-1ac6213edd96" />
    <UnitTestResult executionId="3839a0cb-339d-4789-bd96-c30285af8d39" testId="c4bc0f3a-eeff-3d15-3eac-b16332605c4c" testName="Aula.Tests.Bots.SlackMessageHandlerTests.HandleMessageAsync_WithValidQuery_ProcessesSuccessfully(queryText: &quot;What is Hans doing tomorrow?&quot;)" computerName="RHO-DESKTOP" duration="00:00:00.4608811" startTime="2025-06-30T19:43:45.1500537+02:00" endTime="2025-06-30T19:43:45.1500539+02:00" testType="13cdc9d9-ddb5-4fa4-a97d-d965ccfc6d4b" outcome="Passed" testListId="8c84fa94-04c1-424b-9868-57a2d4851a1d" relativeResultsDirectory="3839a0cb-339d-4789-bd96-c30285af8d39" />
    <UnitTestResult executionId="929c1441-2360-49ca-92f1-76e4b9a4e3a4" testId="f298d898-68fb-30c9-25a2-94ce20f4fdb3" testName="Aula.Tests.Utilities.WeekLetterContentExtractorTests.ExtractContent_WithMissingIndhold_ReturnsEmptyString" computerName="RHO-DESKTOP" duration="00:00:00.0002932" startTime="2025-06-30T19:43:41.4851432+02:00" endTime="2025-06-30T19:43:41.4851433+02:00" testType="13cdc9d9-ddb5-4fa4-a97d-d965ccfc6d4b" outcome="Passed" testListId="8c84fa94-04c1-424b-9868-57a2d4851a1d" relativeResultsDirectory="929c1441-2360-49ca-92f1-76e4b9a4e3a4" />
    <UnitTestResult executionId="ffd78ddc-2cd8-4b93-97cd-eaa768ba855e" testId="e76b4e50-70e5-0b84-1a79-8432276bb6be" testName="Aula.Tests.Services.OpenAiServiceTests.OpenAiService_Constructor_WithApiKey_InitializesCorrectly" computerName="RHO-DESKTOP" duration="00:00:00.0010920" startTime="2025-06-30T19:43:41.6169142+02:00" endTime="2025-06-30T19:43:41.6169143+02:00" testType="13cdc9d9-ddb5-4fa4-a97d-d965ccfc6d4b" outcome="Passed" testListId="8c84fa94-04c1-424b-9868-57a2d4851a1d" relativeResultsDirectory="ffd78ddc-2cd8-4b93-97cd-eaa768ba855e" />
    <UnitTestResult executionId="ef19adc6-151f-4c2f-a1e1-dec6f4f1f3ac" testId="7764d870-960a-e6a5-a9d1-b95db448a3be" testName="Aula.Tests.Channels.TelegramClientTests.PostWeekLetter_WithVariousChildNames_HandlesCorrectly(firstName: &quot;Alice&quot;)" computerName="RHO-DESKTOP" duration="00:00:00.0012940" startTime="2025-06-30T19:43:41.2207792+02:00" endTime="2025-06-30T19:43:41.2207793+02:00" testType="13cdc9d9-ddb5-4fa4-a97d-d965ccfc6d4b" outcome="Passed" testListId="8c84fa94-04c1-424b-9868-57a2d4851a1d" relativeResultsDirectory="ef19adc6-151f-4c2f-a1e1-dec6f4f1f3ac" />
    <UnitTestResult executionId="3a9d9552-c8c8-4185-9039-ad6d4b2fad81" testId="f7da1efe-0e1f-7417-6453-93b658e98d53" testName="Aula.Tests.Tools.AiToolsManagerTests.CreateReminderAsync_WithInvalidDateTime_ReturnsError" computerName="RHO-DESKTOP" duration="00:00:00.0045150" startTime="2025-06-30T19:43:41.1614918+02:00" endTime="2025-06-30T19:43:41.1614919+02:00" testType="13cdc9d9-ddb5-4fa4-a97d-d965ccfc6d4b" outcome="Passed" testListId="8c84fa94-04c1-424b-9868-57a2d4851a1d" relativeResultsDirectory="3a9d9552-c8c8-4185-9039-ad6d4b2fad81" />
    <UnitTestResult executionId="74776139-612b-4802-bc78-d971e252634c" testId="64c3a42f-5fe2-4c42-2d16-8dc3ac5ed576" testName="Aula.Tests.Bots.TelegramMessageHandlerTests.HandleMessageAsync_WithReminderCommand_ProcessesMessage(reminderCommand: &quot;slet påmindelse&quot;)" computerName="RHO-DESKTOP" duration="00:00:00.0028111" startTime="2025-06-30T19:43:41.4464721+02:00" endTime="2025-06-30T19:43:41.4464723+02:00" testType="13cdc9d9-ddb5-4fa4-a97d-d965ccfc6d4b" outcome="Passed" testListId="8c84fa94-04c1-424b-9868-57a2d4851a1d" relativeResultsDirectory="74776139-612b-4802-bc78-d971e252634c" />
    <UnitTestResult executionId="a7df5e84-4048-482e-8914-7b2634da415c" testId="fcbd2e73-61cc-55ae-168b-985e355ba11c" testName="Aula.Tests.Bots.TelegramMessageHandlerTests.HandleMessageAsync_WithHelpCommand_ProcessesHelpMessage(helpCommand: &quot;hjælp&quot;)" computerName="RHO-DESKTOP" duration="00:00:00.0035989" startTime="2025-06-30T19:43:41.3847844+02:00" endTime="2025-06-30T19:43:41.3847846+02:00" testType="13cdc9d9-ddb5-4fa4-a97d-d965ccfc6d4b" outcome="Passed" testListId="8c84fa94-04c1-424b-9868-57a2d4851a1d" relativeResultsDirectory="a7df5e84-4048-482e-8914-7b2634da415c" />
    <UnitTestResult executionId="5725d25d-58b4-4eae-ac63-1821a0b1a555" testId="a7a3158e-1399-dbdf-e50f-3716ddb1ba8c" testName="Aula.Tests.Utilities.ConversationContextManagerTests.Constructor_WithNullLogger_ThrowsArgumentNullException" computerName="RHO-DESKTOP" duration="00:00:00.0103002" startTime="2025-06-30T19:43:41.1577446+02:00" endTime="2025-06-30T19:43:41.1577447+02:00" testType="13cdc9d9-ddb5-4fa4-a97d-d965ccfc6d4b" outcome="Passed" testListId="8c84fa94-04c1-424b-9868-57a2d4851a1d" relativeResultsDirectory="5725d25d-58b4-4eae-ac63-1821a0b1a555" />
    <UnitTestResult executionId="38d8a7ff-31bc-49d1-a4e7-32a5bf2c8e74" testId="8411a163-fe22-681b-f5c6-7310c560d29a" testName="Aula.Tests.Channels.SlackBotTests.PostWeekLetter_WithVariousChildNames_HandlesCorrectly(firstName: &quot;Søren Johannes&quot;)" computerName="RHO-DESKTOP" duration="00:00:00.0009810" startTime="2025-06-30T19:43:41.3447788+02:00" endTime="2025-06-30T19:43:41.3447789+02:00" testType="13cdc9d9-ddb5-4fa4-a97d-d965ccfc6d4b" outcome="Passed" testListId="8c84fa94-04c1-424b-9868-57a2d4851a1d" relativeResultsDirectory="38d8a7ff-31bc-49d1-a4e7-32a5bf2c8e74" />
    <UnitTestResult executionId="b2820c25-25e3-4ccf-9008-54f752a01f4c" testId="216aea03-2265-1779-35c7-74f06eb76326" testName="Aula.Tests.Tools.ReminderCommandHandlerTests.TryHandleReminderCommand_NonReminderCommands_ReturnsFalse(command: &quot;delete&quot;)" computerName="RHO-DESKTOP" duration="00:00:00.0002562" startTime="2025-06-30T19:43:41.5191247+02:00" endTime="2025-06-30T19:43:41.5191249+02:00" testType="13cdc9d9-ddb5-4fa4-a97d-d965ccfc6d4b" outcome="Passed" testListId="8c84fa94-04c1-424b-9868-57a2d4851a1d" relativeResultsDirectory="b2820c25-25e3-4ccf-9008-54f752a01f4c" />
    <UnitTestResult executionId="6b1f49af-a71a-49f6-8810-69fcc9dc9e3c" testId="5c459586-7f42-89d7-f28d-c1bb3f1f4b97" testName="Aula.Tests.Utilities.FollowUpQuestionDetectorTests.IsFollowUpQuestion_WithDanishFollowUpPhrases_ReturnsTrue(input: &quot;hvordan med Liam&quot;)" computerName="RHO-DESKTOP" duration="00:00:00.0003053" startTime="2025-06-30T19:43:41.6750664+02:00" endTime="2025-06-30T19:43:41.6750665+02:00" testType="13cdc9d9-ddb5-4fa4-a97d-d965ccfc6d4b" outcome="Passed" testListId="8c84fa94-04c1-424b-9868-57a2d4851a1d" relativeResultsDirectory="6b1f49af-a71a-49f6-8810-69fcc9dc9e3c" />
    <UnitTestResult executionId="49b0f1e6-cd59-4a5b-92bd-17069de70b45" testId="59ba87d8-8f5c-2afb-09d4-294577ceb6c1" testName="Aula.Tests.Bots.TelegramMessageHandlerTests.HandleMessageAsync_WithReminderCommand_ProcessesMessage(reminderCommand: &quot;mind mig om noget&quot;)" computerName="RHO-DESKTOP" duration="00:00:00.0017188" startTime="2025-06-30T19:43:41.4585167+02:00" endTime="2025-06-30T19:43:41.4585168+02:00" testType="13cdc9d9-ddb5-4fa4-a97d-d965ccfc6d4b" outcome="Passed" testListId="8c84fa94-04c1-424b-9868-57a2d4851a1d" relativeResultsDirectory="49b0f1e6-cd59-4a5b-92bd-17069de70b45" />
    <UnitTestResult executionId="7a2ea7d9-39a0-4008-8b60-d10e07047e30" testId="8f432e57-8098-fcb0-9efa-55aa76700f57" testName="Aula.Tests.Services.DataModelTests.Reminder_CreatedBy_HandlesValues(createdBy: &quot;system&quot;, shouldAccept: True)" computerName="RHO-DESKTOP" duration="00:00:00.0000058" startTime="2025-06-30T19:43:41.0077614+02:00" endTime="2025-06-30T19:43:41.0077614+02:00" testType="13cdc9d9-ddb5-4fa4-a97d-d965ccfc6d4b" outcome="Passed" testListId="8c84fa94-04c1-424b-9868-57a2d4851a1d" relativeResultsDirectory="7a2ea7d9-39a0-4008-8b60-d10e07047e30" />
    <UnitTestResult executionId="ffa8d850-fba2-4f60-bfd5-060481fc13c3" testId="959de6ab-41a3-bb6f-c652-3f36caba1f36" testName="Aula.Tests.Utilities.JsonFormatterTests.Prettify_WithVeryLargeJson_HandlesPerformantly" computerName="RHO-DESKTOP" duration="00:00:00.0321489" startTime="2025-06-30T19:43:41.0178301+02:00" endTime="2025-06-30T19:43:41.0178303+02:00" testType="13cdc9d9-ddb5-4fa4-a97d-d965ccfc6d4b" outcome="Passed" testListId="8c84fa94-04c1-424b-9868-57a2d4851a1d" relativeResultsDirectory="ffa8d850-fba2-4f60-bfd5-060481fc13c3" />
    <UnitTestResult executionId="f759564b-8010-4ec0-b4de-487feeddb11e" testId="ab8c7a74-84b9-4ead-0c18-89aab1a19e51" testName="Aula.Tests.Utilities.Html2SlackMarkdownConverterTests.Convert_WithPartialTags_HandlesGracefully(html: &quot;&lt;/p&gt;&quot;)" computerName="RHO-DESKTOP" duration="00:00:00.0054041" startTime="2025-06-30T19:43:41.5647203+02:00" endTime="2025-06-30T19:43:41.5647205+02:00" testType="13cdc9d9-ddb5-4fa4-a97d-d965ccfc6d4b" outcome="Passed" testListId="8c84fa94-04c1-424b-9868-57a2d4851a1d" relativeResultsDirectory="f759564b-8010-4ec0-b4de-487feeddb11e" />
    <UnitTestResult executionId="8d0e528e-309e-4a76-91d0-a5096f2401a4" testId="7e66458c-6fa0-adfa-1ecd-a6462fccce40" testName="Aula.Tests.Services.SupabaseServiceTests.Constructor_WithInvalidConfig_DoesNotThrow" computerName="RHO-DESKTOP" duration="00:00:00.0006544" startTime="2025-06-30T19:43:41.5902047+02:00" endTime="2025-06-30T19:43:41.5902048+02:00" testType="13cdc9d9-ddb5-4fa4-a97d-d965ccfc6d4b" outcome="Passed" testListId="8c84fa94-04c1-424b-9868-57a2d4851a1d" relativeResultsDirectory="8d0e528e-309e-4a76-91d0-a5096f2401a4" />
    <UnitTestResult executionId="1a3a4a67-bb48-4d7c-96fc-bb50ea1b63dc" testId="13703350-881b-2176-aa37-cf09df989ef2" testName="Aula.Tests.Utilities.ConversationContextManagerTests.ClearAllContexts_WithNoContexts_LogsZeroCount" computerName="RHO-DESKTOP" duration="00:00:00.0167181" startTime="2025-06-30T19:43:41.1313737+02:00" endTime="2025-06-30T19:43:41.1313738+02:00" testType="13cdc9d9-ddb5-4fa4-a97d-d965ccfc6d4b" outcome="Passed" testListId="8c84fa94-04c1-424b-9868-57a2d4851a1d" relativeResultsDirectory="1a3a4a67-bb48-4d7c-96fc-bb50ea1b63dc" />
    <UnitTestResult executionId="8cc3e2be-7263-4e48-8720-11d69ef51704" testId="336b2beb-eb54-f0ba-e24b-08204093e0aa" testName="Aula.Tests.Services.SupabaseServiceTests.WeekLetterParameters_WithValidValues_AreInValidRange(childName: &quot;TestChild&quot;, weekNumber: 42, year: 2023)" computerName="RHO-DESKTOP" duration="00:00:00.0001555" startTime="2025-06-30T19:43:41.5951844+02:00" endTime="2025-06-30T19:43:41.5951845+02:00" testType="13cdc9d9-ddb5-4fa4-a97d-d965ccfc6d4b" outcome="Passed" testListId="8c84fa94-04c1-424b-9868-57a2d4851a1d" relativeResultsDirectory="8cc3e2be-7263-4e48-8720-11d69ef51704" />
    <UnitTestResult executionId="e890f846-d312-4304-b839-93ad9b4f0311" testId="bda17d36-b490-5d6a-2ec9-eac27d02fc34" testName="Aula.Tests.Utilities.IntentAnalysisPromptsTests.ToolExamples_ContainsRequiredKeys(key: &quot;LIST_REMINDERS&quot;)" computerName="RHO-DESKTOP" duration="00:00:00.0000068" startTime="2025-06-30T19:43:41.1161842+02:00" endTime="2025-06-30T19:43:41.1161843+02:00" testType="13cdc9d9-ddb5-4fa4-a97d-d965ccfc6d4b" outcome="Passed" testListId="8c84fa94-04c1-424b-9868-57a2d4851a1d" relativeResultsDirectory="e890f846-d312-4304-b839-93ad9b4f0311" />
    <UnitTestResult executionId="4e036446-2ecf-4aa8-a34f-698b27f7e522" testId="70db4613-e64a-610c-c0a7-4aad6b8acc12" testName="Aula.Tests.Channels.SlackBotTests.SendTestMessage_WithVariousMessages_DoesNotThrow(message: &quot;Message with special chars: @#$%&quot;)" computerName="RHO-DESKTOP" duration="00:00:00.0002611" startTime="2025-06-30T19:43:41.3816323+02:00" endTime="2025-06-30T19:43:41.3816324+02:00" testType="13cdc9d9-ddb5-4fa4-a97d-d965ccfc6d4b" outcome="Passed" testListId="8c84fa94-04c1-424b-9868-57a2d4851a1d" relativeResultsDirectory="4e036446-2ecf-4aa8-a34f-698b27f7e522" />
    <UnitTestResult executionId="42dfb9e5-bb05-4bed-b231-b6b75eb48428" testId="809e3c71-6273-6b66-fb1e-4defb84e10e0" testName="Aula.Tests.Utilities.IntentAnalysisPromptsTests.ToolExamples_ContainsRequiredKeys(key: &quot;DELETE_REMINDER&quot;)" computerName="RHO-DESKTOP" duration="00:00:00.0000051" startTime="2025-06-30T19:43:41.1215331+02:00" endTime="2025-06-30T19:43:41.1215332+02:00" testType="13cdc9d9-ddb5-4fa4-a97d-d965ccfc6d4b" outcome="Passed" testListId="8c84fa94-04c1-424b-9868-57a2d4851a1d" relativeResultsDirectory="42dfb9e5-bb05-4bed-b231-b6b75eb48428" />
    <UnitTestResult executionId="1a58818e-9c54-477d-afe0-9e77e4e52f77" testId="31fc504d-9ab7-9a71-8e23-0c85de8aae47" testName="Aula.Tests.Services.OpenAiServiceIntegrationTests.ProcessQueryWithToolsAsync_WithInvalidQuery_HandlesGracefully(query: &quot;   &quot;)" computerName="RHO-DESKTOP" duration="00:00:00.3154582" startTime="2025-06-30T19:43:45.5432754+02:00" endTime="2025-06-30T19:43:45.5432756+02:00" testType="13cdc9d9-ddb5-4fa4-a97d-d965ccfc6d4b" outcome="Passed" testListId="8c84fa94-04c1-424b-9868-57a2d4851a1d" relativeResultsDirectory="1a58818e-9c54-477d-afe0-9e77e4e52f77" />
    <UnitTestResult executionId="716a049a-b689-474b-ad17-079ede010289" testId="06a6ce76-a492-790c-aa69-54dc6d92da0b" testName="Aula.Tests.Configuration.ConfigurationTests.Features_ConversationCacheExpiration_ValidationTests(minutes: 1440, isValid: True)" computerName="RHO-DESKTOP" duration="00:00:00.0068602" startTime="2025-06-30T19:43:41.6849328+02:00" endTime="2025-06-30T19:43:41.6849329+02:00" testType="13cdc9d9-ddb5-4fa4-a97d-d965ccfc6d4b" outcome="Passed" testListId="8c84fa94-04c1-424b-9868-57a2d4851a1d" relativeResultsDirectory="716a049a-b689-474b-ad17-079ede010289" />
    <UnitTestResult executionId="de2e2c63-5162-4b31-a6b6-dd119a93e1ca" testId="bfbb79be-1fcf-163a-7e39-8393a3a71050" testName="Aula.Tests.Utilities.IntentAnalysisPromptsTests.ToolExamples_ToolCallExamples_FollowCorrectFormat" computerName="RHO-DESKTOP" duration="00:00:00.0070289" startTime="2025-06-30T19:43:41.1307668+02:00" endTime="2025-06-30T19:43:41.1307669+02:00" testType="13cdc9d9-ddb5-4fa4-a97d-d965ccfc6d4b" outcome="Passed" testListId="8c84fa94-04c1-424b-9868-57a2d4851a1d" relativeResultsDirectory="de2e2c63-5162-4b31-a6b6-dd119a93e1ca" />
    <UnitTestResult executionId="f95a3345-5736-4b8a-aea6-6fc73ce04d37" testId="552b8f9e-1bb3-8bf0-01fc-d5978785d7dd" testName="Aula.Tests.Utilities.FollowUpQuestionDetectorTests.IsFollowUpQuestion_WithStartingFollowUpWords_ReturnsTrue(input: &quot;Og Emma?&quot;)" computerName="RHO-DESKTOP" duration="00:00:00.0000621" startTime="2025-06-30T19:43:41.6519266+02:00" endTime="2025-06-30T19:43:41.6519267+02:00" testType="13cdc9d9-ddb5-4fa4-a97d-d965ccfc6d4b" outcome="Passed" testListId="8c84fa94-04c1-424b-9868-57a2d4851a1d" relativeResultsDirectory="f95a3345-5736-4b8a-aea6-6fc73ce04d37" />
    <UnitTestResult executionId="a510ea9d-bdaf-416b-a581-d5322d3a8e7d" testId="0fdf445f-d20e-3235-8763-e9404bb4da45" testName="Aula.Tests.Bots.SlackMessageHandlerTests.HandleMessageAsync_WithReminderCommand_ProcessesMessage(reminderCommand: &quot;slet påmindelse&quot;)" computerName="RHO-DESKTOP" duration="00:00:00.3001558" startTime="2025-06-30T19:43:47.3383060+02:00" endTime="2025-06-30T19:43:47.3383063+02:00" testType="13cdc9d9-ddb5-4fa4-a97d-d965ccfc6d4b" outcome="Passed" testListId="8c84fa94-04c1-424b-9868-57a2d4851a1d" relativeResultsDirectory="a510ea9d-bdaf-416b-a581-d5322d3a8e7d" />
    <UnitTestResult executionId="e58b688a-715e-423f-9c34-2d51b52dc067" testId="752d40b4-ceac-535b-c245-39fed899e450" testName="Aula.Tests.Utilities.IntentAnalysisPromptsTests.ToolExamples_ContainsRequiredKeys(key: &quot;CREATE_REMINDER_DANISH&quot;)" computerName="RHO-DESKTOP" duration="00:00:00.0001695" startTime="2025-06-30T19:43:41.1062559+02:00" endTime="2025-06-30T19:43:41.1062560+02:00" testType="13cdc9d9-ddb5-4fa4-a97d-d965ccfc6d4b" outcome="Passed" testListId="8c84fa94-04c1-424b-9868-57a2d4851a1d" relativeResultsDirectory="e58b688a-715e-423f-9c34-2d51b52dc067" />
    <UnitTestResult executionId="723fc42d-6a80-4934-a6f3-1c4f13100b2b" testId="93edf270-8e20-a2b4-17e8-86af34f9d544" testName="Aula.Tests.Configuration.ConfigurationTests.Timers_SchedulingInterval_ValidationTests(intervalSeconds: 1, isValid: True)" computerName="RHO-DESKTOP" duration="00:00:00.0261863" startTime="2025-06-30T19:43:41.7566948+02:00" endTime="2025-06-30T19:43:41.7566951+02:00" testType="13cdc9d9-ddb5-4fa4-a97d-d965ccfc6d4b" outcome="Passed" testListId="8c84fa94-04c1-424b-9868-57a2d4851a1d" relativeResultsDirectory="723fc42d-6a80-4934-a6f3-1c4f13100b2b" />
    <UnitTestResult executionId="13e2d3b6-7b97-420f-8963-9c26f2c154a1" testId="d484adb7-a52c-1efb-9dd8-63c19447b60d" testName="Aula.Tests.Bots.SlackMessageHandlerTests.Constructor_WithNullHttpClient_ThrowsArgumentNullException" computerName="RHO-DESKTOP" duration="00:00:00.0004928" startTime="2025-06-30T19:43:46.3982101+02:00" endTime="2025-06-30T19:43:46.3982103+02:00" testType="13cdc9d9-ddb5-4fa4-a97d-d965ccfc6d4b" outcome="Passed" testListId="8c84fa94-04c1-424b-9868-57a2d4851a1d" relativeResultsDirectory="13e2d3b6-7b97-420f-8963-9c26f2c154a1" />
    <UnitTestResult executionId="a6763a32-9d06-41fd-a99c-05f6647197f7" testId="65d5e85b-e0a7-670a-3e1b-13af33b9e642" testName="Aula.Tests.Tools.AiToolsManagerTests.GetWeekLetters_WithChildName_ReturnsFilteredResults" computerName="RHO-DESKTOP" duration="00:00:00.0329917" startTime="2025-06-30T19:43:41.0974483+02:00" endTime="2025-06-30T19:43:41.0974485+02:00" testType="13cdc9d9-ddb5-4fa4-a97d-d965ccfc6d4b" outcome="Passed" testListId="8c84fa94-04c1-424b-9868-57a2d4851a1d" relativeResultsDirectory="a6763a32-9d06-41fd-a99c-05f6647197f7" />
    <UnitTestResult executionId="f9ef437e-204f-45e8-867c-25e56bf5ae5c" testId="39cbc733-29e9-c5b4-bf01-9d0a5e8faef4" testName="Aula.Tests.Channels.SlackBotTests.SendTestMessage_WithVariousMessages_DoesNotThrow(message: &quot;Message with *bold* and _italic_&quot;)" computerName="RHO-DESKTOP" duration="00:00:00.0002010" startTime="2025-06-30T19:43:41.3783413+02:00" endTime="2025-06-30T19:43:41.3783414+02:00" testType="13cdc9d9-ddb5-4fa4-a97d-d965ccfc6d4b" outcome="Passed" testListId="8c84fa94-04c1-424b-9868-57a2d4851a1d" relativeResultsDirectory="f9ef437e-204f-45e8-867c-25e56bf5ae5c" />
    <UnitTestResult executionId="4d7c64f8-c418-481c-98bd-d6fdabbc05a7" testId="68f8d884-d469-7c10-83e8-5cafd9c08d5b" testName="Aula.Tests.Utilities.IntentAnalysisPromptsTests.GetFormattedPrompt_WithVariousQueries_ReturnsValidPrompt(query: &quot;&quot;)" computerName="RHO-DESKTOP" duration="00:00:00.0017403" startTime="2025-06-30T19:43:41.0892555+02:00" endTime="2025-06-30T19:43:41.0892558+02:00" testType="13cdc9d9-ddb5-4fa4-a97d-d965ccfc6d4b" outcome="Passed" testListId="8c84fa94-04c1-424b-9868-57a2d4851a1d" relativeResultsDirectory="4d7c64f8-c418-481c-98bd-d6fdabbc05a7" />
    <UnitTestResult executionId="226b8178-22bc-4036-b524-b85e53628485" testId="5990c772-e408-af8a-3293-cee12203cdcc" testName="Aula.Tests.Services.OpenAiServiceTests.OpenAiService_GetChatInterfaceInstructions_ReturnsCorrectFormat(chatInterface: Slack)" computerName="RHO-DESKTOP" duration="00:00:00.0026512" startTime="2025-06-30T19:43:41.6136659+02:00" endTime="2025-06-30T19:43:41.6136660+02:00" testType="13cdc9d9-ddb5-4fa4-a97d-d965ccfc6d4b" outcome="Passed" testListId="8c84fa94-04c1-424b-9868-57a2d4851a1d" relativeResultsDirectory="226b8178-22bc-4036-b524-b85e53628485" />
    <UnitTestResult executionId="0ae92399-5748-44dc-a286-327c755ddfca" testId="47489fc9-b715-10df-6ca2-dcba77141106" testName="Aula.Tests.Services.SupabaseServiceTests.Constructor_WithValidConfig_InitializesCorrectly" computerName="RHO-DESKTOP" duration="00:00:00.0000933" startTime="2025-06-30T19:43:41.5925775+02:00" endTime="2025-06-30T19:43:41.5925776+02:00" testType="13cdc9d9-ddb5-4fa4-a97d-d965ccfc6d4b" outcome="Passed" testListId="8c84fa94-04c1-424b-9868-57a2d4851a1d" relativeResultsDirectory="0ae92399-5748-44dc-a286-327c755ddfca" />
    <UnitTestResult executionId="f41130a7-4f58-467a-945d-a7b247f3f411" testId="e64ab231-01c1-e586-c097-a5bc789dc9e3" testName="Aula.Tests.Bots.TelegramMessageHandlerTests.HandleMessageAsync_WithEmptyText_ReturnsEarly" computerName="RHO-DESKTOP" duration="00:00:00.0149778" startTime="2025-06-30T19:43:41.4076431+02:00" endTime="2025-06-30T19:43:41.4076432+02:00" testType="13cdc9d9-ddb5-4fa4-a97d-d965ccfc6d4b" outcome="Passed" testListId="8c84fa94-04c1-424b-9868-57a2d4851a1d" relativeResultsDirectory="f41130a7-4f58-467a-945d-a7b247f3f411" />
    <UnitTestResult executionId="392955c1-5fec-4373-959b-d38e0954a5ab" testId="8206dafa-8025-c018-8995-db764f6cc603" testName="Aula.Tests.Scheduling.SchedulingServiceIntegrationTests.Service_WithDifferentBotConfigurations_WorksCorrectly(slackEnabled: True, telegramEnabled: False)" computerName="RHO-DESKTOP" duration="00:00:00.0009258" startTime="2025-06-30T19:43:41.1917516+02:00" endTime="2025-06-30T19:43:41.1917517+02:00" testType="13cdc9d9-ddb5-4fa4-a97d-d965ccfc6d4b" outcome="Passed" testListId="8c84fa94-04c1-424b-9868-57a2d4851a1d" relativeResultsDirectory="392955c1-5fec-4373-959b-d38e0954a5ab" />
    <UnitTestResult executionId="b5d4479b-3da4-45fb-ae94-84b20f3509ad" testId="df512aea-e2d8-dde7-2eb7-20bcbade34bc" testName="Aula.Tests.Services.OpenAiServiceIntegrationTests.SummarizeWeekLetterAsync_WithValidWeekLetter_CallsApiWithCorrectParameters" computerName="RHO-DESKTOP" duration="00:00:00.2830294" startTime="2025-06-30T19:43:47.4207040+02:00" endTime="2025-06-30T19:43:47.4207047+02:00" testType="13cdc9d9-ddb5-4fa4-a97d-d965ccfc6d4b" outcome="Passed" testListId="8c84fa94-04c1-424b-9868-57a2d4851a1d" relativeResultsDirectory="b5d4479b-3da4-45fb-ae94-84b20f3509ad" />
    <UnitTestResult executionId="a7dd8ad2-6eb2-44f1-b9d9-4840b3d0788a" testId="d0cf4523-20d9-e9c2-7e92-dc719d8bb4ef" testName="Aula.Tests.Tools.ReminderCommandHandlerTests.TryHandleReminderCommand_AddReminder_WithException_LogsErrorAndReturnsErrorMessage" computerName="RHO-DESKTOP" duration="00:00:00.0076534" startTime="2025-06-30T19:43:41.6606358+02:00" endTime="2025-06-30T19:43:41.6606359+02:00" testType="13cdc9d9-ddb5-4fa4-a97d-d965ccfc6d4b" outcome="Passed" testListId="8c84fa94-04c1-424b-9868-57a2d4851a1d" relativeResultsDirectory="a7dd8ad2-6eb2-44f1-b9d9-4840b3d0788a" />
    <UnitTestResult executionId="b884b5b5-a8b8-4ffa-b783-e685396a6473" testId="8d316203-7ae4-8ab6-6acc-77bb5420b18a" testName="Aula.Tests.Services.OpenAiServiceIntegrationTests.AskQuestionAboutChildrenAsync_WithValidParameters_CallsApiWithCorrectParameters" computerName="RHO-DESKTOP" duration="00:00:00.3261664" startTime="2025-06-30T19:43:46.4966493+02:00" endTime="2025-06-30T19:43:46.4966494+02:00" testType="13cdc9d9-ddb5-4fa4-a97d-d965ccfc6d4b" outcome="Passed" testListId="8c84fa94-04c1-424b-9868-57a2d4851a1d" relativeResultsDirectory="b884b5b5-a8b8-4ffa-b783-e685396a6473" />
    <UnitTestResult executionId="37b4ac8b-f80f-4fa2-9167-a22455f68e36" testId="dd05b666-876a-55fb-e7fc-780febc2a53a" testName="Aula.Tests.Configuration.ConfigurationTests.Features_ConversationCacheExpiration_ValidationTests(minutes: 60, isValid: True)" computerName="RHO-DESKTOP" duration="00:00:00.0053959" startTime="2025-06-30T19:43:41.6845324+02:00" endTime="2025-06-30T19:43:41.6845324+02:00" testType="13cdc9d9-ddb5-4fa4-a97d-d965ccfc6d4b" outcome="Passed" testListId="8c84fa94-04c1-424b-9868-57a2d4851a1d" relativeResultsDirectory="37b4ac8b-f80f-4fa2-9167-a22455f68e36" />
    <UnitTestResult executionId="55aa3d8d-000d-4796-85f4-03dc19b8559f" testId="df8b7611-0fd3-7a4a-228e-73a22117205a" testName="Aula.Tests.Integration.AgentServiceTests.LoginAsync_CallsClientLoginAsync" computerName="RHO-DESKTOP" duration="00:00:00.0037113" startTime="2025-06-30T19:43:41.2100353+02:00" endTime="2025-06-30T19:43:41.2100354+02:00" testType="13cdc9d9-ddb5-4fa4-a97d-d965ccfc6d4b" outcome="Passed" testListId="8c84fa94-04c1-424b-9868-57a2d4851a1d" relativeResultsDirectory="55aa3d8d-000d-4796-85f4-03dc19b8559f" />
    <UnitTestResult executionId="58263709-5338-44df-84cd-71970c73e9b2" testId="e768bc44-6321-f6f0-33ea-0643e8c3f454" testName="Aula.Tests.Bots.SlackInteractiveBotTests.Dispose_WhenCalledMultipleTimes_DoesNotThrow" computerName="RHO-DESKTOP" duration="00:00:00.0005016" startTime="2025-06-30T19:43:41.4166437+02:00" endTime="2025-06-30T19:43:41.4166438+02:00" testType="13cdc9d9-ddb5-4fa4-a97d-d965ccfc6d4b" outcome="Passed" testListId="8c84fa94-04c1-424b-9868-57a2d4851a1d" relativeResultsDirectory="58263709-5338-44df-84cd-71970c73e9b2" />
    <UnitTestResult executionId="04892bf5-19fc-44e4-9910-dd00182c51f7" testId="c22d3a06-485f-94be-2690-3f00833e186d" testName="Aula.Tests.Channels.SlackBotTests.PostWeekLetter_WithVariousChildNames_HandlesCorrectly(firstName: &quot;Alice&quot;)" computerName="RHO-DESKTOP" duration="00:00:00.0098758" startTime="2025-06-30T19:43:41.3460437+02:00" endTime="2025-06-30T19:43:41.3460439+02:00" testType="13cdc9d9-ddb5-4fa4-a97d-d965ccfc6d4b" outcome="Passed" testListId="8c84fa94-04c1-424b-9868-57a2d4851a1d" relativeResultsDirectory="04892bf5-19fc-44e4-9910-dd00182c51f7" />
    <UnitTestResult executionId="556a8cc4-26e5-499f-bd1a-dbd58089b64e" testId="fabac3d5-e597-1339-6b46-1c0c67411388" testName="Aula.Tests.Bots.TelegramInteractiveBotTests.Constructor_WithMissingToken_ThrowsInvalidOperationException" computerName="RHO-DESKTOP" duration="00:00:00.0014725" startTime="2025-06-30T19:43:42.3534057+02:00" endTime="2025-06-30T19:43:42.3534059+02:00" testType="13cdc9d9-ddb5-4fa4-a97d-d965ccfc6d4b" outcome="Passed" testListId="8c84fa94-04c1-424b-9868-57a2d4851a1d" relativeResultsDirectory="556a8cc4-26e5-499f-bd1a-dbd58089b64e" />
    <UnitTestResult executionId="9d352a6b-5064-4bbd-968b-e265b387a520" testId="d011f96b-d6c9-06f7-3372-df15e577854e" testName="Aula.Tests.Utilities.DateTimeUtilitiesTests.GetDanishDayName_ValidDayOfWeek_ReturnsLowercaseName(dayOfWeek: Thursday, expectedName: &quot;torsdag&quot;)" computerName="RHO-DESKTOP" duration="00:00:00.0000072" startTime="2025-06-30T19:43:41.0099900+02:00" endTime="2025-06-30T19:43:41.0099900+02:00" testType="13cdc9d9-ddb5-4fa4-a97d-d965ccfc6d4b" outcome="Passed" testListId="8c84fa94-04c1-424b-9868-57a2d4851a1d" relativeResultsDirectory="9d352a6b-5064-4bbd-968b-e265b387a520" />
    <UnitTestResult executionId="1180a7c7-0623-49ed-9235-13a693913327" testId="c3e880c3-27f7-ff6e-6cfa-d2f2112d61ec" testName="Aula.Tests.Utilities.JsonFormatterTests.Prettify_WithSpecialCharacters_HandlesCorrectly" computerName="RHO-DESKTOP" duration="00:00:00.0002764" startTime="2025-06-30T19:43:41.0260253+02:00" endTime="2025-06-30T19:43:41.0260254+02:00" testType="13cdc9d9-ddb5-4fa4-a97d-d965ccfc6d4b" outcome="Passed" testListId="8c84fa94-04c1-424b-9868-57a2d4851a1d" relativeResultsDirectory="1180a7c7-0623-49ed-9235-13a693913327" />
    <UnitTestResult executionId="7c611b78-062b-4eae-b14d-34325e79e83b" testId="ac6ebb8c-c327-57cd-3af5-aa07fb4edc14" testName="Aula.Tests.Utilities.ConversationContextManagerTests.UpdateContext_WithValidInput_CreatesNewContext" computerName="RHO-DESKTOP" duration="00:00:00.0002998" startTime="2025-06-30T19:43:41.1410106+02:00" endTime="2025-06-30T19:43:41.1410108+02:00" testType="13cdc9d9-ddb5-4fa4-a97d-d965ccfc6d4b" outcome="Passed" testListId="8c84fa94-04c1-424b-9868-57a2d4851a1d" relativeResultsDirectory="7c611b78-062b-4eae-b14d-34325e79e83b" />
    <UnitTestResult executionId="ffcd2d30-7cf8-403e-a1d8-ef530938a259" testId="ae0948ed-054c-3e18-355f-da674f5650cd" testName="Aula.Tests.Utilities.DateTimeUtilitiesTests.GetDanishDayName_AllValidDaysOfWeek_ReturnsNonEmptyString(dayOfWeek: Friday)" computerName="RHO-DESKTOP" duration="00:00:00.0023926" startTime="2025-06-30T19:43:40.9948555+02:00" endTime="2025-06-30T19:43:40.9948556+02:00" testType="13cdc9d9-ddb5-4fa4-a97d-d965ccfc6d4b" outcome="Passed" testListId="8c84fa94-04c1-424b-9868-57a2d4851a1d" relativeResultsDirectory="ffcd2d30-7cf8-403e-a1d8-ef530938a259" />
    <UnitTestResult executionId="c006b167-b91b-4c70-8886-53818870f70a" testId="436baaef-6812-fc4c-4b87-6c9a6f9e3e55" testName="Aula.Tests.Channels.SlackBotTests.PushWeekLetter_WithEmptyWeekLetter_DoesNotThrow" computerName="RHO-DESKTOP" duration="00:00:00.0009796" startTime="2025-06-30T19:43:41.3890078+02:00" endTime="2025-06-30T19:43:41.3890079+02:00" testType="13cdc9d9-ddb5-4fa4-a97d-d965ccfc6d4b" outcome="Passed" testListId="8c84fa94-04c1-424b-9868-57a2d4851a1d" relativeResultsDirectory="c006b167-b91b-4c70-8886-53818870f70a" />
    <UnitTestResult executionId="8159d46b-79d0-43f3-8d36-a34a74ac4a02" testId="c6e23de6-051d-5068-efa9-0842275b05b2" testName="Aula.Tests.Utilities.Html2SlackMarkdownConverterTests.Convert_WithWhitespaceOnly_ReturnsEmptyString" computerName="RHO-DESKTOP" duration="00:00:00.0002605" startTime="2025-06-30T19:43:41.2512887+02:00" endTime="2025-06-30T19:43:41.2512888+02:00" testType="13cdc9d9-ddb5-4fa4-a97d-d965ccfc6d4b" outcome="Passed" testListId="8c84fa94-04c1-424b-9868-57a2d4851a1d" relativeResultsDirectory="8159d46b-79d0-43f3-8d36-a34a74ac4a02" />
    <UnitTestResult executionId="e7c22e08-6ec5-415f-999f-75d56f2b5965" testId="5152246d-f0d9-3769-bfe5-e3d39d51e3bf" testName="Aula.Tests.Configuration.ConfigurationTests.UniLogin_WithInvalidCredentials_HandlesGracefully(invalidValue: &quot;&quot;)" computerName="RHO-DESKTOP" duration="00:00:00.0084193" startTime="2025-06-30T19:43:41.7786463+02:00" endTime="2025-06-30T19:43:41.7786466+02:00" testType="13cdc9d9-ddb5-4fa4-a97d-d965ccfc6d4b" outcome="Passed" testListId="8c84fa94-04c1-424b-9868-57a2d4851a1d" relativeResultsDirectory="e7c22e08-6ec5-415f-999f-75d56f2b5965" />
    <UnitTestResult executionId="3beed4d7-9149-47de-9461-b8cbb23dcfaa" testId="ed2c0749-72ce-3102-1e65-21a531debf9e" testName="Aula.Tests.Bots.SlackInteractiveBotTests.Start_WithMissingChannelId_LogsErrorAndReturns" computerName="RHO-DESKTOP" duration="00:00:00.0149531" startTime="2025-06-30T19:43:41.3516117+02:00" endTime="2025-06-30T19:43:41.3516119+02:00" testType="13cdc9d9-ddb5-4fa4-a97d-d965ccfc6d4b" outcome="Passed" testListId="8c84fa94-04c1-424b-9868-57a2d4851a1d" relativeResultsDirectory="3beed4d7-9149-47de-9461-b8cbb23dcfaa" />
    <UnitTestResult executionId="ffb82d0f-397e-49e8-8262-b7d1382d16e6" testId="42c9038e-83ab-bae5-c7e8-73f806c72d2a" testName="Aula.Tests.Configuration.ConfigurationTests.Timers_AdaptivePollingLimits_ValidationTests(minSeconds: 5, maxSeconds: 0, isValid: False)" computerName="RHO-DESKTOP" duration="00:00:00.0168956" startTime="2025-06-30T19:43:41.6601157+02:00" endTime="2025-06-30T19:43:41.6601157+02:00" testType="13cdc9d9-ddb5-4fa4-a97d-d965ccfc6d4b" outcome="Passed" testListId="8c84fa94-04c1-424b-9868-57a2d4851a1d" relativeResultsDirectory="ffb82d0f-397e-49e8-8262-b7d1382d16e6" />
    <UnitTestResult executionId="dd63d707-0070-4759-80ce-7063a12bee36" testId="f11a9af6-85d6-781d-ccbd-c54d5d82bacf" testName="Aula.Tests.Utilities.FollowUpQuestionDetectorTests.IsFollowUpQuestion_WithEnglishFollowUpPhrases_ReturnsTrue(input: &quot;and?&quot;)" computerName="RHO-DESKTOP" duration="00:00:00.0006114" startTime="2025-06-30T19:43:41.6260147+02:00" endTime="2025-06-30T19:43:41.6260148+02:00" testType="13cdc9d9-ddb5-4fa4-a97d-d965ccfc6d4b" outcome="Passed" testListId="8c84fa94-04c1-424b-9868-57a2d4851a1d" relativeResultsDirectory="dd63d707-0070-4759-80ce-7063a12bee36" />
    <UnitTestResult executionId="3163d619-b9e4-475a-8d11-31f36e8f3a82" testId="eefc6d24-5020-8505-1dbb-9868d5500570" testName="Aula.Tests.Bots.SlackMessageHandlerTests.Constructor_WithNullConfig_ThrowsArgumentNullException" computerName="RHO-DESKTOP" duration="00:00:00.0008611" startTime="2025-06-30T19:43:47.9466046+02:00" endTime="2025-06-30T19:43:47.9466047+02:00" testType="13cdc9d9-ddb5-4fa4-a97d-d965ccfc6d4b" outcome="Passed" testListId="8c84fa94-04c1-424b-9868-57a2d4851a1d" relativeResultsDirectory="3163d619-b9e4-475a-8d11-31f36e8f3a82" />
    <UnitTestResult executionId="43f76570-a626-4d1b-8496-5253252e73a3" testId="9ae1ca23-2201-2b3b-6785-ee5758dfd92c" testName="Aula.Tests.Scheduling.SchedulingServiceTests.StartAsync_WithValidSetup_DoesNotThrow" computerName="RHO-DESKTOP" duration="00:00:00.0052703" startTime="2025-06-30T19:43:41.2701990+02:00" endTime="2025-06-30T19:43:41.2701991+02:00" testType="13cdc9d9-ddb5-4fa4-a97d-d965ccfc6d4b" outcome="Passed" testListId="8c84fa94-04c1-424b-9868-57a2d4851a1d" relativeResultsDirectory="43f76570-a626-4d1b-8496-5253252e73a3" />
    <UnitTestResult executionId="083a2742-25a1-4fd4-898c-05c2416c1376" testId="332896aa-a36b-b7b0-c333-01128c6d7ce1" testName="Aula.Tests.Scheduling.SchedulingServiceIntegrationTests.Service_WithDifferentBotConfigurations_WorksCorrectly(slackEnabled: False, telegramEnabled: False)" computerName="RHO-DESKTOP" duration="00:00:00.0013574" startTime="2025-06-30T19:43:41.1903948+02:00" endTime="2025-06-30T19:43:41.1903949+02:00" testType="13cdc9d9-ddb5-4fa4-a97d-d965ccfc6d4b" outcome="Passed" testListId="8c84fa94-04c1-424b-9868-57a2d4851a1d" relativeResultsDirectory="083a2742-25a1-4fd4-898c-05c2416c1376" />
    <UnitTestResult executionId="c3b1e9a9-f303-4bce-a202-1b99276434d5" testId="1a0f9073-85e9-ddfd-302a-6b8e7f408be7" testName="Aula.Tests.Utilities.ReminderExtractionPromptsTests.GetExtractionPrompt_ContainsExpectedResponseFormat" computerName="RHO-DESKTOP" duration="00:00:00.0005634" startTime="2025-06-30T19:43:41.5623730+02:00" endTime="2025-06-30T19:43:41.5623732+02:00" testType="13cdc9d9-ddb5-4fa4-a97d-d965ccfc6d4b" outcome="Passed" testListId="8c84fa94-04c1-424b-9868-57a2d4851a1d" relativeResultsDirectory="c3b1e9a9-f303-4bce-a202-1b99276434d5" />
    <UnitTestResult executionId="09ea2949-ef21-4db3-82e4-668162496c81" testId="20824924-0d17-ff1e-4d7b-1e65a0dd7f7d" testName="Aula.Tests.Configuration.ConfigurationTests.Features_ConversationCacheExpiration_ValidationTests(minutes: 30, isValid: True)" computerName="RHO-DESKTOP" duration="00:00:00.0093841" startTime="2025-06-30T19:43:41.6836243+02:00" endTime="2025-06-30T19:43:41.6836243+02:00" testType="13cdc9d9-ddb5-4fa4-a97d-d965ccfc6d4b" outcome="Passed" testListId="8c84fa94-04c1-424b-9868-57a2d4851a1d" relativeResultsDirectory="09ea2949-ef21-4db3-82e4-668162496c81" />
    <UnitTestResult executionId="a389f014-99d5-45db-95d0-f18f6c9fd1b0" testId="20d1a661-1ac8-24a1-ac68-136a1cca5ab9" testName="Aula.Tests.Services.DataModelTests.Reminder_CreatedBy_HandlesValues(createdBy: &quot;bot&quot;, shouldAccept: True)" computerName="RHO-DESKTOP" duration="00:00:00.0004255" startTime="2025-06-30T19:43:41.0070366+02:00" endTime="2025-06-30T19:43:41.0070367+02:00" testType="13cdc9d9-ddb5-4fa4-a97d-d965ccfc6d4b" outcome="Passed" testListId="8c84fa94-04c1-424b-9868-57a2d4851a1d" relativeResultsDirectory="a389f014-99d5-45db-95d0-f18f6c9fd1b0" />
    <UnitTestResult executionId="f47fb263-8d3f-4363-8dcd-61dc81c87007" testId="d91762c9-e8c3-9301-162e-078c803712fd" testName="Aula.Tests.Tools.ReminderCommandHandlerTests.TryHandleReminderCommand_ListReminders_NoReminders_ReturnsNoRemindersMessage(command: &quot;list reminders&quot;, isEnglish: True)" computerName="RHO-DESKTOP" duration="00:00:00.0017157" startTime="2025-06-30T19:43:41.5357694+02:00" endTime="2025-06-30T19:43:41.5357695+02:00" testType="13cdc9d9-ddb5-4fa4-a97d-d965ccfc6d4b" outcome="Passed" testListId="8c84fa94-04c1-424b-9868-57a2d4851a1d" relativeResultsDirectory="f47fb263-8d3f-4363-8dcd-61dc81c87007" />
    <UnitTestResult executionId="fb242091-1529-446c-b3ba-15e65ffe20dd" testId="b7bbbe98-91af-7dec-8966-b09bed25d558" testName="Aula.Tests.Channels.TelegramClientTests.SendMessageToChannel_WithVariousChannelIds_DoesNotThrow(channelId: &quot;-1001234567890&quot;)" computerName="RHO-DESKTOP" duration="00:00:00.1437141" startTime="2025-06-30T19:43:41.0344522+02:00" endTime="2025-06-30T19:43:41.0344523+02:00" testType="13cdc9d9-ddb5-4fa4-a97d-d965ccfc6d4b" outcome="Passed" testListId="8c84fa94-04c1-424b-9868-57a2d4851a1d" relativeResultsDirectory="fb242091-1529-446c-b3ba-15e65ffe20dd" />
    <UnitTestResult executionId="945f5a20-05e8-466e-b3dd-7fbe07d0b0cc" testId="ab9c2247-9b07-41d9-d47e-aa4942797b13" testName="Aula.Tests.Configuration.ConfigurationTests.Telegram_Token_ValidationTests(token: &quot;123456789:AABBCCDDEEFFGG&quot;, isValidFormat: True)" computerName="RHO-DESKTOP" duration="00:00:00.0045951" startTime="2025-06-30T19:43:41.6983448+02:00" endTime="2025-06-30T19:43:41.6983449+02:00" testType="13cdc9d9-ddb5-4fa4-a97d-d965ccfc6d4b" outcome="Passed" testListId="8c84fa94-04c1-424b-9868-57a2d4851a1d" relativeResultsDirectory="945f5a20-05e8-466e-b3dd-7fbe07d0b0cc" />
    <UnitTestResult executionId="3c6af9b8-4c75-4e32-be36-48f498c55e7a" testId="4215f164-2029-10cd-3890-50362921a7d9" testName="Aula.Tests.Channels.SlackBotTests.PostWeekLetter_WithValidInputs_DoesNotThrow" computerName="RHO-DESKTOP" duration="00:00:00.0010326" startTime="2025-06-30T19:43:41.3466248+02:00" endTime="2025-06-30T19:43:41.3466250+02:00" testType="13cdc9d9-ddb5-4fa4-a97d-d965ccfc6d4b" outcome="Passed" testListId="8c84fa94-04c1-424b-9868-57a2d4851a1d" relativeResultsDirectory="3c6af9b8-4c75-4e32-be36-48f498c55e7a" />
    <UnitTestResult executionId="c7f5ec9c-518f-40da-bed1-f70228143474" testId="c64fd3ef-a83e-8804-d6d0-9d8e2ff29cc2" testName="Aula.Tests.Integration.AgentServiceTests.AskQuestionAboutWeekLetterAsync_CallsOpenAiService" computerName="RHO-DESKTOP" duration="00:00:00.0524731" startTime="2025-06-30T19:43:41.1608611+02:00" endTime="2025-06-30T19:43:41.1608621+02:00" testType="13cdc9d9-ddb5-4fa4-a97d-d965ccfc6d4b" outcome="Passed" testListId="8c84fa94-04c1-424b-9868-57a2d4851a1d" relativeResultsDirectory="c7f5ec9c-518f-40da-bed1-f70228143474" />
    <UnitTestResult executionId="8b94ef07-1589-4ea5-aa17-9deb80a012f3" testId="3b4daf27-4450-ed7a-d4bb-142a6e1b0be0" testName="Aula.Tests.Tools.ReminderCommandHandlerTests.TryHandleReminderCommand_NonMatchingPatterns_ReturnsFalse(command: &quot;remind me tomorrow at eight that non-numeric time&quot;, isEnglish: True)" computerName="RHO-DESKTOP" duration="00:00:00.0034719" startTime="2025-06-30T19:43:41.5397434+02:00" endTime="2025-06-30T19:43:41.5397436+02:00" testType="13cdc9d9-ddb5-4fa4-a97d-d965ccfc6d4b" outcome="Passed" testListId="8c84fa94-04c1-424b-9868-57a2d4851a1d" relativeResultsDirectory="8b94ef07-1589-4ea5-aa17-9deb80a012f3" />
    <UnitTestResult executionId="3a368882-242c-42f5-84ae-4ef81802080b" testId="136b7217-45c6-b3d8-34fb-6ee727eb66f5" testName="Aula.Tests.Tools.ReminderCommandHandlerTests.TryHandleReminderCommand_DeleteReminder_ValidCommands_ReturnsSuccess(command: &quot;delete reminder 123&quot;, isEnglish: True, expectedId: 123)" computerName="RHO-DESKTOP" duration="00:00:00.0156910" startTime="2025-06-30T19:43:41.4974668+02:00" endTime="2025-06-30T19:43:41.4974670+02:00" testType="13cdc9d9-ddb5-4fa4-a97d-d965ccfc6d4b" outcome="Passed" testListId="8c84fa94-04c1-424b-9868-57a2d4851a1d" relativeResultsDirectory="3a368882-242c-42f5-84ae-4ef81802080b" />
    <UnitTestResult executionId="2689cea7-e554-4ae5-aaba-814a21e2d090" testId="a8634532-96d4-4e33-4b5e-145495f036bc" testName="Aula.Tests.Utilities.ReminderExtractionPromptsTests.GetExtractionPrompt_ContainsNextMondayExample" computerName="RHO-DESKTOP" duration="00:00:00.0024922" startTime="2025-06-30T19:43:41.5707808+02:00" endTime="2025-06-30T19:43:41.5707809+02:00" testType="13cdc9d9-ddb5-4fa4-a97d-d965ccfc6d4b" outcome="Passed" testListId="8c84fa94-04c1-424b-9868-57a2d4851a1d" relativeResultsDirectory="2689cea7-e554-4ae5-aaba-814a21e2d090" />
    <UnitTestResult executionId="250270e5-4e99-43de-873e-c3c2d9bcc68b" testId="d34756cc-dd70-36dd-a4b9-a2767cf802ed" testName="Aula.Tests.Utilities.FollowUpQuestionDetectorTests.IsFollowUpQuestion_WithShortFollowUps_ReturnsTrue(input: &quot;what?&quot;)" computerName="RHO-DESKTOP" duration="00:00:00.0001177" startTime="2025-06-30T19:43:41.6366510+02:00" endTime="2025-06-30T19:43:41.6366512+02:00" testType="13cdc9d9-ddb5-4fa4-a97d-d965ccfc6d4b" outcome="Passed" testListId="8c84fa94-04c1-424b-9868-57a2d4851a1d" relativeResultsDirectory="250270e5-4e99-43de-873e-c3c2d9bcc68b" />
    <UnitTestResult executionId="4869da25-90a9-4b88-a801-34f6ba4ed539" testId="89f817bf-e9a1-f0b4-2111-76edf6a63676" testName="Aula.Tests.Utilities.IntentAnalysisPromptsTests.GetFormattedPrompt_IncludesAllExamples" computerName="RHO-DESKTOP" duration="00:00:00.0038461" startTime="2025-06-30T19:43:41.1325247+02:00" endTime="2025-06-30T19:43:41.1325249+02:00" testType="13cdc9d9-ddb5-4fa4-a97d-d965ccfc6d4b" outcome="Passed" testListId="8c84fa94-04c1-424b-9868-57a2d4851a1d" relativeResultsDirectory="4869da25-90a9-4b88-a801-34f6ba4ed539" />
    <UnitTestResult executionId="35f3a7eb-ed69-42f5-bdf3-9d43740e32bc" testId="83266911-8f44-8cb8-141e-0c21973cceb8" testName="Aula.Tests.Utilities.IntentAnalysisPromptsTests.GetFormattedPrompt_WithVariousQueries_ReturnsValidPrompt(query: &quot;Help me&quot;)" computerName="RHO-DESKTOP" duration="00:00:00.0003209" startTime="2025-06-30T19:43:41.0899007+02:00" endTime="2025-06-30T19:43:41.0899010+02:00" testType="13cdc9d9-ddb5-4fa4-a97d-d965ccfc6d4b" outcome="Passed" testListId="8c84fa94-04c1-424b-9868-57a2d4851a1d" relativeResultsDirectory="35f3a7eb-ed69-42f5-bdf3-9d43740e32bc" />
    <UnitTestResult executionId="29c47298-a64b-4350-9b24-85de2a1ca37e" testId="4053e9a2-a689-a1a5-6da0-c7b491ae4105" testName="Aula.Tests.Channels.SlackBotTests.PostMessage_WithVariousMessages_DoesNotThrow(message: &quot;Message with *bold* and _italic_&quot;)" computerName="RHO-DESKTOP" duration="00:00:00.0005162" startTime="2025-06-30T19:43:41.3478054+02:00" endTime="2025-06-30T19:43:41.3478055+02:00" testType="13cdc9d9-ddb5-4fa4-a97d-d965ccfc6d4b" outcome="Passed" testListId="8c84fa94-04c1-424b-9868-57a2d4851a1d" relativeResultsDirectory="29c47298-a64b-4350-9b24-85de2a1ca37e" />
    <UnitTestResult executionId="bd8475c3-3130-4840-ac62-aab7bae5dba0" testId="5fe3fa44-04c0-bf4f-e0cb-be0a1bef1cef" testName="Aula.Tests.Utilities.WeekLetterContentExtractorTests.ExtractContent_Dynamic_WithException_ReturnsEmptyStringAndLogsError" computerName="RHO-DESKTOP" duration="00:00:00.0182611" startTime="2025-06-30T19:43:41.5012339+02:00" endTime="2025-06-30T19:43:41.5012340+02:00" testType="13cdc9d9-ddb5-4fa4-a97d-d965ccfc6d4b" outcome="Passed" testListId="8c84fa94-04c1-424b-9868-57a2d4851a1d" relativeResultsDirectory="bd8475c3-3130-4840-ac62-aab7bae5dba0" />
    <UnitTestResult executionId="a361dacd-95ab-49b2-8498-85ad44906ee6" testId="9d0c2c94-02dc-7b10-0108-100d571e057e" testName="Aula.Tests.Utilities.FollowUpQuestionDetectorTests.IsFollowUpQuestion_WithDanishFollowUpPhrases_ReturnsTrue(input: &quot;og hvad med idag&quot;)" computerName="RHO-DESKTOP" duration="00:00:00.0000534" startTime="2025-06-30T19:43:41.6746102+02:00" endTime="2025-06-30T19:43:41.6746103+02:00" testType="13cdc9d9-ddb5-4fa4-a97d-d965ccfc6d4b" outcome="Passed" testListId="8c84fa94-04c1-424b-9868-57a2d4851a1d" relativeResultsDirectory="a361dacd-95ab-49b2-8498-85ad44906ee6" />
    <UnitTestResult executionId="c9c67a09-8bea-4765-be07-3dfa8231d540" testId="6168ca12-341a-f09a-6cdf-6dd1f68c911d" testName="Aula.Tests.Utilities.IntentAnalysisPromptsTests.ToolExamples_CoverExpectedUseCase(expectedKey: &quot;INFORMATION_QUERY&quot;, queryPattern: &quot;what&quot;)" computerName="RHO-DESKTOP" duration="00:00:00.0000203" startTime="2025-06-30T19:43:41.1051557+02:00" endTime="2025-06-30T19:43:41.1051558+02:00" testType="13cdc9d9-ddb5-4fa4-a97d-d965ccfc6d4b" outcome="Passed" testListId="8c84fa94-04c1-424b-9868-57a2d4851a1d" relativeResultsDirectory="c9c67a09-8bea-4765-be07-3dfa8231d540" />
    <UnitTestResult executionId="9094b2c3-973e-49c0-a2bd-ae4e1cedd357" testId="d5b8733f-7ffb-19e9-63c1-4570e58b1a99" testName="Aula.Tests.Utilities.ReminderExtractionPromptsTests.GetExtractionPrompt_WithVariousCurrentTimes_CalculatesRelativeDatesCorrectly(currentTimeStr: &quot;2025-06-30 14:30:00&quot;)" computerName="RHO-DESKTOP" duration="00:00:00.0002606" startTime="2025-06-30T19:43:41.5557953+02:00" endTime="2025-06-30T19:43:41.5557954+02:00" testType="13cdc9d9-ddb5-4fa4-a97d-d965ccfc6d4b" outcome="Passed" testListId="8c84fa94-04c1-424b-9868-57a2d4851a1d" relativeResultsDirectory="9094b2c3-973e-49c0-a2bd-ae4e1cedd357" />
    <UnitTestResult executionId="a15a4193-9eb4-4c3b-bca3-aeb10df3ba56" testId="50dcaab1-381b-ffdd-0774-bfbc00f359f9" testName="Aula.Tests.Utilities.FollowUpQuestionDetectorTests.IsFollowUpQuestion_WithEmptyInput_ReturnsFalse" computerName="RHO-DESKTOP" duration="00:00:00.0001759" startTime="2025-06-30T19:43:41.6761642+02:00" endTime="2025-06-30T19:43:41.6761643+02:00" testType="13cdc9d9-ddb5-4fa4-a97d-d965ccfc6d4b" outcome="Passed" testListId="8c84fa94-04c1-424b-9868-57a2d4851a1d" relativeResultsDirectory="a15a4193-9eb4-4c3b-bca3-aeb10df3ba56" />
    <UnitTestResult executionId="349c2271-73bc-4588-887f-432a706a8b53" testId="f36a6d06-62fb-7dca-c729-24e28498b2d7" testName="Aula.Tests.Services.DataModelTests.RetryAttempt_WithProperties_SetsCorrectly" computerName="RHO-DESKTOP" duration="00:00:00.0018993" startTime="2025-06-30T19:43:41.0286272+02:00" endTime="2025-06-30T19:43:41.0286273+02:00" testType="13cdc9d9-ddb5-4fa4-a97d-d965ccfc6d4b" outcome="Passed" testListId="8c84fa94-04c1-424b-9868-57a2d4851a1d" relativeResultsDirectory="349c2271-73bc-4588-887f-432a706a8b53" />
    <UnitTestResult executionId="e3910f47-b8c9-4832-b19f-76f8ea45612d" testId="40ee6628-cabc-d31b-6bc1-487bcee11d7e" testName="Aula.Tests.Utilities.FollowUpQuestionDetectorTests.IsFollowUpQuestion_WithMultipleChildNamesInShortMessage_ReturnsTrue" computerName="RHO-DESKTOP" duration="00:00:00.0002083" startTime="2025-06-30T19:43:41.6797606+02:00" endTime="2025-06-30T19:43:41.6797607+02:00" testType="13cdc9d9-ddb5-4fa4-a97d-d965ccfc6d4b" outcome="Passed" testListId="8c84fa94-04c1-424b-9868-57a2d4851a1d" relativeResultsDirectory="e3910f47-b8c9-4832-b19f-76f8ea45612d" />
    <UnitTestResult executionId="9b3ddf35-bde3-4326-b7ff-7836e2b7bcd1" testId="f7baf2b9-a2d0-7c99-3bd4-af737954fe30" testName="Aula.Tests.Tools.ReminderCommandHandlerTests.TryHandleReminderCommand_DeleteReminder_WithException_LogsErrorAndReturnsErrorMessage(command: &quot;delete reminder 999&quot;, isEnglish: True)" computerName="RHO-DESKTOP" duration="00:00:00.0037022" startTime="2025-06-30T19:43:41.5345654+02:00" endTime="2025-06-30T19:43:41.5345655+02:00" testType="13cdc9d9-ddb5-4fa4-a97d-d965ccfc6d4b" outcome="Passed" testListId="8c84fa94-04c1-424b-9868-57a2d4851a1d" relativeResultsDirectory="9b3ddf35-bde3-4326-b7ff-7836e2b7bcd1" />
    <UnitTestResult executionId="d5368f0e-a176-41a3-9eae-56e5b6e8d779" testId="98555ca9-e51e-c77a-a5b7-89147423d30d" testName="Aula.Tests.Services.OpenAiServiceIntegrationTests.AskQuestionAboutChildrenAsync_WithNullChildrenWeekLetters_ThrowsArgumentNullException(chatInterface: Slack)" computerName="RHO-DESKTOP" duration="00:00:00.0257619" startTime="2025-06-30T19:43:41.1353691+02:00" endTime="2025-06-30T19:43:41.1353692+02:00" testType="13cdc9d9-ddb5-4fa4-a97d-d965ccfc6d4b" outcome="Passed" testListId="8c84fa94-04c1-424b-9868-57a2d4851a1d" relativeResultsDirectory="d5368f0e-a176-41a3-9eae-56e5b6e8d779" />
    <UnitTestResult executionId="81d922d0-77a4-46c9-b628-a88f8a286fbd" testId="75733184-ecf7-b281-bd2e-48c921f0cff4" testName="Aula.Tests.Utilities.FollowUpQuestionDetectorTests.IsFollowUpQuestion_WithPunctuationAroundChildName_WorksCorrectly(input: &quot;Emma?&quot;)" computerName="RHO-DESKTOP" duration="00:00:00.0002413" startTime="2025-06-30T19:43:41.6631872+02:00" endTime="2025-06-30T19:43:41.6631874+02:00" testType="13cdc9d9-ddb5-4fa4-a97d-d965ccfc6d4b" outcome="Passed" testListId="8c84fa94-04c1-424b-9868-57a2d4851a1d" relativeResultsDirectory="81d922d0-77a4-46c9-b628-a88f8a286fbd" />
    <UnitTestResult executionId="eecd8d7e-79d9-4165-9cac-e65c6c006092" testId="0a67f5eb-9494-4a90-6e4a-75483ed48ca6" testName="Aula.Tests.Utilities.FollowUpQuestionDetectorTests.IsFollowUpQuestion_WithShortFollowUps_ReturnsTrue(input: &quot;okay&quot;)" computerName="RHO-DESKTOP" duration="00:00:00.0000669" startTime="2025-06-30T19:43:41.6359308+02:00" endTime="2025-06-30T19:43:41.6359308+02:00" testType="13cdc9d9-ddb5-4fa4-a97d-d965ccfc6d4b" outcome="Passed" testListId="8c84fa94-04c1-424b-9868-57a2d4851a1d" relativeResultsDirectory="eecd8d7e-79d9-4165-9cac-e65c6c006092" />
    <UnitTestResult executionId="a586aecc-545d-4ebf-9d89-042edfa70e64" testId="b7ae8529-9bcc-b3b7-9e9a-1f51fba7bd52" testName="Aula.Tests.Configuration.ConfigurationTests.Slack_ChannelId_ValidationTests(channelId: &quot;#general&quot;, isValid: True)" computerName="RHO-DESKTOP" duration="00:00:00.0059330" startTime="2025-06-30T19:43:41.8662197+02:00" endTime="2025-06-30T19:43:41.8662198+02:00" testType="13cdc9d9-ddb5-4fa4-a97d-d965ccfc6d4b" outcome="Passed" testListId="8c84fa94-04c1-424b-9868-57a2d4851a1d" relativeResultsDirectory="a586aecc-545d-4ebf-9d89-042edfa70e64" />
    <UnitTestResult executionId="9eb0c435-ec47-42d4-8396-008e0f5752d4" testId="c7840475-aca4-af75-0ca9-66bc604a8dbe" testName="Aula.Tests.Tools.ReminderCommandHandlerTests.TryHandleReminderCommand_DateParsing_TomorrowAndToday_WorksCorrectly" computerName="RHO-DESKTOP" duration="00:00:00.0090043" startTime="2025-06-30T19:43:41.6331597+02:00" endTime="2025-06-30T19:43:41.6331598+02:00" testType="13cdc9d9-ddb5-4fa4-a97d-d965ccfc6d4b" outcome="Passed" testListId="8c84fa94-04c1-424b-9868-57a2d4851a1d" relativeResultsDirectory="9eb0c435-ec47-42d4-8396-008e0f5752d4" />
    <UnitTestResult executionId="0a935104-12dd-4b78-95a3-a654973d9c6e" testId="23a6aef7-0888-96c3-b39d-0a5a36447e0d" testName="Aula.Tests.Tools.ReminderCommandHandlerTests.TryHandleReminderCommand_ChildNameExtraction_WorksCorrectly" computerName="RHO-DESKTOP" duration="00:00:00.0236130" startTime="2025-06-30T19:43:41.5961906+02:00" endTime="2025-06-30T19:43:41.5961907+02:00" testType="13cdc9d9-ddb5-4fa4-a97d-d965ccfc6d4b" outcome="Passed" testListId="8c84fa94-04c1-424b-9868-57a2d4851a1d" relativeResultsDirectory="0a935104-12dd-4b78-95a3-a654973d9c6e" />
    <UnitTestResult executionId="5ff71e6b-2f3b-4c2f-94bf-8c095ddb760d" testId="e735c7b3-aa15-891a-afaf-f7174c07abf5" testName="Aula.Tests.Configuration.ConfigurationTests.Telegram_Token_ValidationTests(token: &quot;invalid-token&quot;, isValidFormat: False)" computerName="RHO-DESKTOP" duration="00:00:00.0052925" startTime="2025-06-30T19:43:41.6935700+02:00" endTime="2025-06-30T19:43:41.6935701+02:00" testType="13cdc9d9-ddb5-4fa4-a97d-d965ccfc6d4b" outcome="Passed" testListId="8c84fa94-04c1-424b-9868-57a2d4851a1d" relativeResultsDirectory="5ff71e6b-2f3b-4c2f-94bf-8c095ddb760d" />
    <UnitTestResult executionId="1bec2304-cacb-4916-9d52-e794d1c18435" testId="533b2a5c-a19c-cf24-eb9a-f995ca4d2974" testName="Aula.Tests.Utilities.Html2SlackMarkdownConverterTests.Convert_WithInvalidHtml_HandlesGracefully" computerName="RHO-DESKTOP" duration="00:00:00.0082714" startTime="2025-06-30T19:43:41.5995822+02:00" endTime="2025-06-30T19:43:41.5995823+02:00" testType="13cdc9d9-ddb5-4fa4-a97d-d965ccfc6d4b" outcome="Passed" testListId="8c84fa94-04c1-424b-9868-57a2d4851a1d" relativeResultsDirectory="1bec2304-cacb-4916-9d52-e794d1c18435" />
    <UnitTestResult executionId="cc7a4d28-a914-4d91-8eab-416dfafa9e9e" testId="5749c604-52df-ef4c-d6f1-907c4b7b515f" testName="Aula.Tests.Utilities.FollowUpQuestionDetectorTests.IsFollowUpQuestion_WithNullInput_ReturnsFalse" computerName="RHO-DESKTOP" duration="00:00:00.0001968" startTime="2025-06-30T19:43:41.6776398+02:00" endTime="2025-06-30T19:43:41.6776399+02:00" testType="13cdc9d9-ddb5-4fa4-a97d-d965ccfc6d4b" outcome="Passed" testListId="8c84fa94-04c1-424b-9868-57a2d4851a1d" relativeResultsDirectory="cc7a4d28-a914-4d91-8eab-416dfafa9e9e" />
    <UnitTestResult executionId="e99f5c5c-6b3c-4862-b812-993b61a529b8" testId="76f28705-d77c-bf82-f290-6a4800e495d0" testName="Aula.Tests.Bots.SlackInteractiveBotTests.PostWeekLetter_WithEmptyContent_LogsWarningAndReturns" computerName="RHO-DESKTOP" duration="00:00:00.0054666" startTime="2025-06-30T19:43:41.4909263+02:00" endTime="2025-06-30T19:43:41.4909264+02:00" testType="13cdc9d9-ddb5-4fa4-a97d-d965ccfc6d4b" outcome="Passed" testListId="8c84fa94-04c1-424b-9868-57a2d4851a1d" relativeResultsDirectory="e99f5c5c-6b3c-4862-b812-993b61a529b8" />
    <UnitTestResult executionId="81e23391-608c-471c-884b-e862d6ced4f0" testId="246fef16-9927-64a6-e903-fbc6b513e4a7" testName="Aula.Tests.Configuration.ConfigurationTests.Timers_DefaultValues_AreCorrect" computerName="RHO-DESKTOP" duration="00:00:00.0067117" startTime="2025-06-30T19:43:41.9222796+02:00" endTime="2025-06-30T19:43:41.9222798+02:00" testType="13cdc9d9-ddb5-4fa4-a97d-d965ccfc6d4b" outcome="Passed" testListId="8c84fa94-04c1-424b-9868-57a2d4851a1d" relativeResultsDirectory="81e23391-608c-471c-884b-e862d6ced4f0" />
    <UnitTestResult executionId="4e96dd58-e0e6-4b97-a97a-1deb553456a5" testId="0f731173-747f-4b49-2f2d-d518fc733b7a" testName="Aula.Tests.Channels.SlackBotTests.PostWeekLetter_WithVariousChildColors_HandlesCorrectly(color: &quot;#0000FF&quot;)" computerName="RHO-DESKTOP" duration="00:00:00.0030550" startTime="2025-06-30T19:43:41.3659822+02:00" endTime="2025-06-30T19:43:41.3659824+02:00" testType="13cdc9d9-ddb5-4fa4-a97d-d965ccfc6d4b" outcome="Passed" testListId="8c84fa94-04c1-424b-9868-57a2d4851a1d" relativeResultsDirectory="4e96dd58-e0e6-4b97-a97a-1deb553456a5" />
    <UnitTestResult executionId="cff84b15-8107-480f-aff5-30d8780c4f0b" testId="341040bb-ced9-d1d7-7226-192f7cf8fcdc" testName="Aula.Tests.Utilities.ReminderExtractionPromptsTests.GetExtractionPrompt_CalculatesDanishRelativeTimesCorrectly" computerName="RHO-DESKTOP" duration="00:00:00.0002832" startTime="2025-06-30T19:43:41.5889017+02:00" endTime="2025-06-30T19:43:41.5889019+02:00" testType="13cdc9d9-ddb5-4fa4-a97d-d965ccfc6d4b" outcome="Passed" testListId="8c84fa94-04c1-424b-9868-57a2d4851a1d" relativeResultsDirectory="cff84b15-8107-480f-aff5-30d8780c4f0b" />
    <UnitTestResult executionId="5d64dd78-c3da-4794-995f-012132c7a6bf" testId="72f86afd-1edb-0981-2eec-047ba5881f5f" testName="Aula.Tests.Bots.SlackMessageHandlerTests.HandleMessageAsync_WithReminderCommand_ProcessesMessage(reminderCommand: &quot;tilføj påmindelse&quot;)" computerName="RHO-DESKTOP" duration="00:00:00.3344735" startTime="2025-06-30T19:43:46.7338975+02:00" endTime="2025-06-30T19:43:46.7338979+02:00" testType="13cdc9d9-ddb5-4fa4-a97d-d965ccfc6d4b" outcome="Passed" testListId="8c84fa94-04c1-424b-9868-57a2d4851a1d" relativeResultsDirectory="5d64dd78-c3da-4794-995f-012132c7a6bf" />
    <UnitTestResult executionId="ca34652a-ca0f-4823-8877-f38dfe8470fa" testId="c7356803-78be-38c5-09cd-9fb1bfd0c53f" testName="Aula.Tests.Configuration.ConfigurationTests.Children_ConfigurationIsCorrect" computerName="RHO-DESKTOP" duration="00:00:00.0060027" startTime="2025-06-30T19:43:41.8903937+02:00" endTime="2025-06-30T19:43:41.8903938+02:00" testType="13cdc9d9-ddb5-4fa4-a97d-d965ccfc6d4b" outcome="Passed" testListId="8c84fa94-04c1-424b-9868-57a2d4851a1d" relativeResultsDirectory="ca34652a-ca0f-4823-8877-f38dfe8470fa" />
    <UnitTestResult executionId="2a361397-c83d-4423-8dac-9b563de77954" testId="acf8804d-792c-1b35-de81-83d4ccdfb352" testName="Aula.Tests.Configuration.ConfigurationTests.Slack_ChannelId_ValidationTests(channelId: &quot;&quot;, isValid: False)" computerName="RHO-DESKTOP" duration="00:00:00.0163087" startTime="2025-06-30T19:43:41.8428346+02:00" endTime="2025-06-30T19:43:41.8428348+02:00" testType="13cdc9d9-ddb5-4fa4-a97d-d965ccfc6d4b" outcome="Passed" testListId="8c84fa94-04c1-424b-9868-57a2d4851a1d" relativeResultsDirectory="2a361397-c83d-4423-8dac-9b563de77954" />
    <UnitTestResult executionId="b36cc102-1645-4720-ac0e-b0d708055614" testId="ca4a7c7d-ea0c-9793-dbdd-ecdb86ee62d2" testName="Aula.Tests.Services.DataServiceTests.CacheWeekSchedule_StoresDataInCache" computerName="RHO-DESKTOP" duration="00:00:00.0015523" startTime="2025-06-30T19:43:41.0831953+02:00" endTime="2025-06-30T19:43:41.0831954+02:00" testType="13cdc9d9-ddb5-4fa4-a97d-d965ccfc6d4b" outcome="Passed" testListId="8c84fa94-04c1-424b-9868-57a2d4851a1d" relativeResultsDirectory="b36cc102-1645-4720-ac0e-b0d708055614" />
    <UnitTestResult executionId="b03a6a86-33c3-4577-ab27-91f0d02fd618" testId="cb05154c-9d2c-0c1f-d5d8-19063e23db2a" testName="Aula.Tests.Bots.TelegramInteractiveBotTests.Constructor_WithNullConfig_ThrowsArgumentNullException" computerName="RHO-DESKTOP" duration="00:00:00.0010277" startTime="2025-06-30T19:43:41.9457485+02:00" endTime="2025-06-30T19:43:41.9457486+02:00" testType="13cdc9d9-ddb5-4fa4-a97d-d965ccfc6d4b" outcome="Passed" testListId="8c84fa94-04c1-424b-9868-57a2d4851a1d" relativeResultsDirectory="b03a6a86-33c3-4577-ab27-91f0d02fd618" />
    <UnitTestResult executionId="d34094a3-5b25-40fb-9579-c3c588191b27" testId="947c27dc-3bc9-498f-6db7-a3e9f1a70b13" testName="Aula.Tests.Bots.SlackInteractiveBotTests.Constructor_WithNullLoggerFactory_ThrowsArgumentNullException" computerName="RHO-DESKTOP" duration="00:00:00.0019477" startTime="2025-06-30T19:43:41.5054826+02:00" endTime="2025-06-30T19:43:41.5054827+02:00" testType="13cdc9d9-ddb5-4fa4-a97d-d965ccfc6d4b" outcome="Passed" testListId="8c84fa94-04c1-424b-9868-57a2d4851a1d" relativeResultsDirectory="d34094a3-5b25-40fb-9579-c3c588191b27" />
    <UnitTestResult executionId="fc5d0cdb-32fc-49b3-a6f6-53e04592cb8f" testId="19d5cf7b-2f75-2a41-694f-50c30d11f63c" testName="Aula.Tests.Utilities.FollowUpQuestionDetectorTests.IsFollowUpQuestion_WithUnicodeChildNames_WorksCorrectly(input: &quot;Søren&quot;)" computerName="RHO-DESKTOP" duration="00:00:00.0002463" startTime="2025-06-30T19:43:41.6485414+02:00" endTime="2025-06-30T19:43:41.6485415+02:00" testType="13cdc9d9-ddb5-4fa4-a97d-d965ccfc6d4b" outcome="Passed" testListId="8c84fa94-04c1-424b-9868-57a2d4851a1d" relativeResultsDirectory="fc5d0cdb-32fc-49b3-a6f6-53e04592cb8f" />
    <UnitTestResult executionId="0e4e7b33-0298-43f6-8336-a6725e639937" testId="e2fe22aa-9b88-2a0d-2525-75fe06705548" testName="Aula.Tests.Bots.SlackInteractiveBotTests.SendMessage_WithValidText_SendsSuccessfully" computerName="RHO-DESKTOP" duration="00:00:00.0142119" startTime="2025-06-30T19:43:41.4857122+02:00" endTime="2025-06-30T19:43:41.4857122+02:00" testType="13cdc9d9-ddb5-4fa4-a97d-d965ccfc6d4b" outcome="Passed" testListId="8c84fa94-04c1-424b-9868-57a2d4851a1d" relativeResultsDirectory="0e4e7b33-0298-43f6-8336-a6725e639937" />
    <UnitTestResult executionId="3fb8b407-290d-4f29-a4bb-388e708cdb77" testId="549e360d-ab9b-62ef-01b0-030fc984eb0c" testName="Aula.Tests.Utilities.ConversationContextManagerTests.UpdateContext_WithNullChildName_AllowsNull" computerName="RHO-DESKTOP" duration="00:00:00.0001931" startTime="2025-06-30T19:43:41.1415988+02:00" endTime="2025-06-30T19:43:41.1415989+02:00" testType="13cdc9d9-ddb5-4fa4-a97d-d965ccfc6d4b" outcome="Passed" testListId="8c84fa94-04c1-424b-9868-57a2d4851a1d" relativeResultsDirectory="3fb8b407-290d-4f29-a4bb-388e708cdb77" />
    <UnitTestResult executionId="a1c0485f-6f16-4b0e-bdd6-b58e4d97ca03" testId="d1f304ff-bc66-281d-07dd-5db7fd1f9503" testName="Aula.Tests.Channels.TelegramClientTests.SendMessageToChannel_WithVariousMessages_DoesNotThrow(message: &quot;&quot;)" computerName="RHO-DESKTOP" duration="00:00:00.0008714" startTime="2025-06-30T19:43:41.2243110+02:00" endTime="2025-06-30T19:43:41.2243111+02:00" testType="13cdc9d9-ddb5-4fa4-a97d-d965ccfc6d4b" outcome="Passed" testListId="8c84fa94-04c1-424b-9868-57a2d4851a1d" relativeResultsDirectory="a1c0485f-6f16-4b0e-bdd6-b58e4d97ca03" />
    <UnitTestResult executionId="3a7062b1-113e-4c2d-8491-ba18380f203c" testId="e82c4cb9-864b-593c-f310-4d201e527a40" testName="Aula.Tests.Channels.TelegramClientTests.PostWeekLetter_WithVariousChildNames_HandlesCorrectly(firstName: &quot;Hans Martin&quot;)" computerName="RHO-DESKTOP" duration="00:00:00.0020538" startTime="2025-06-30T19:43:41.2193720+02:00" endTime="2025-06-30T19:43:41.2193721+02:00" testType="13cdc9d9-ddb5-4fa4-a97d-d965ccfc6d4b" outcome="Passed" testListId="8c84fa94-04c1-424b-9868-57a2d4851a1d" relativeResultsDirectory="3a7062b1-113e-4c2d-8491-ba18380f203c" />
    <UnitTestResult executionId="748d2ca0-fcdd-4396-b1f2-dc27e091616e" testId="366f0f62-c3df-406d-3cbd-6a62fe8e98a7" testName="Aula.Tests.Utilities.IntentAnalysisPromptsTests.ToolExamples_ContainsRequiredKeys(key: &quot;LIST_REMINDERS_DANISH&quot;)" computerName="RHO-DESKTOP" duration="00:00:00.0000075" startTime="2025-06-30T19:43:41.1208119+02:00" endTime="2025-06-30T19:43:41.1208120+02:00" testType="13cdc9d9-ddb5-4fa4-a97d-d965ccfc6d4b" outcome="Passed" testListId="8c84fa94-04c1-424b-9868-57a2d4851a1d" relativeResultsDirectory="748d2ca0-fcdd-4396-b1f2-dc27e091616e" />
    <UnitTestResult executionId="5be4c92e-7733-43e9-a8d3-18556f13126f" testId="300a05eb-8716-d1e6-2195-bbd82e0c4f9b" testName="Aula.Tests.Services.OpenAiServiceTests.OpenAiService_Constructor_WithNullApiKey_ThrowsException" computerName="RHO-DESKTOP" duration="00:00:00.0185117" startTime="2025-06-30T19:43:41.5989752+02:00" endTime="2025-06-30T19:43:41.5989753+02:00" testType="13cdc9d9-ddb5-4fa4-a97d-d965ccfc6d4b" outcome="Passed" testListId="8c84fa94-04c1-424b-9868-57a2d4851a1d" relativeResultsDirectory="5be4c92e-7733-43e9-a8d3-18556f13126f" />
    <UnitTestResult executionId="af38096e-ac11-441a-9935-f2681eaff2b3" testId="fe14d576-8562-4a05-9196-a9eaf8403f97" testName="Aula.Tests.Channels.TelegramClientTests.SendMessageToChannel_WithVariousChannelIds_DoesNotThrow(channelId: &quot;@testchannel&quot;)" computerName="RHO-DESKTOP" duration="00:00:00.0001461" startTime="2025-06-30T19:43:41.0373642+02:00" endTime="2025-06-30T19:43:41.0373643+02:00" testType="13cdc9d9-ddb5-4fa4-a97d-d965ccfc6d4b" outcome="Passed" testListId="8c84fa94-04c1-424b-9868-57a2d4851a1d" relativeResultsDirectory="af38096e-ac11-441a-9935-f2681eaff2b3" />
    <UnitTestResult executionId="2cad9367-513a-48ca-96cc-4000f43fee15" testId="a418d5df-b5ee-5a85-99c0-157b60c43e4b" testName="Aula.Tests.Services.OpenAiServiceTests.OpenAiService_GetChatInterfaceInstructions_ReturnsCorrectFormat(chatInterface: Telegram)" computerName="RHO-DESKTOP" duration="00:00:00.0002983" startTime="2025-06-30T19:43:41.6158256+02:00" endTime="2025-06-30T19:43:41.6158257+02:00" testType="13cdc9d9-ddb5-4fa4-a97d-d965ccfc6d4b" outcome="Passed" testListId="8c84fa94-04c1-424b-9868-57a2d4851a1d" relativeResultsDirectory="2cad9367-513a-48ca-96cc-4000f43fee15" />
    <UnitTestResult executionId="f8f47ad9-e511-4286-b15b-545fd26b7ed2" testId="a68a27ee-ced5-7055-06ba-12f96958b28f" testName="Aula.Tests.Utilities.DateTimeUtilitiesTests.GetDanishDayName_ValidDayOfWeek_ReturnsCorrectDanishName(dayOfWeek: Wednesday, expectedDanishName: &quot;onsdag&quot;)" computerName="RHO-DESKTOP" duration="00:00:00.0000055" startTime="2025-06-30T19:43:40.9919191+02:00" endTime="2025-06-30T19:43:40.9919191+02:00" testType="13cdc9d9-ddb5-4fa4-a97d-d965ccfc6d4b" outcome="Passed" testListId="8c84fa94-04c1-424b-9868-57a2d4851a1d" relativeResultsDirectory="f8f47ad9-e511-4286-b15b-545fd26b7ed2" />
    <UnitTestResult executionId="0a203f5a-1502-4e5a-a7b3-a68418752067" testId="775b1060-3e71-f36d-5f04-c2fd4621e8a0" testName="Aula.Tests.Utilities.FollowUpQuestionDetectorTests.IsFollowUpQuestion_WithChildNameAndShortMessage_ReturnsTrue(input: &quot;Emma&quot;)" computerName="RHO-DESKTOP" duration="00:00:00.0000561" startTime="2025-06-30T19:43:41.6472964+02:00" endTime="2025-06-30T19:43:41.6472966+02:00" testType="13cdc9d9-ddb5-4fa4-a97d-d965ccfc6d4b" outcome="Passed" testListId="8c84fa94-04c1-424b-9868-57a2d4851a1d" relativeResultsDirectory="0a203f5a-1502-4e5a-a7b3-a68418752067" />
    <UnitTestResult executionId="b2f31686-d633-4d7b-8aa8-545da4794e7c" testId="bdc09174-9d70-e652-ba81-c9f592504617" testName="Aula.Tests.Utilities.DateTimeUtilitiesTests.GetDanishDayName_ValidDayOfWeek_ReturnsCorrectDanishName(dayOfWeek: Saturday, expectedDanishName: &quot;lørdag&quot;)" computerName="RHO-DESKTOP" duration="00:00:00.0005565" startTime="2025-06-30T19:43:40.9895768+02:00" endTime="2025-06-30T19:43:40.9895769+02:00" testType="13cdc9d9-ddb5-4fa4-a97d-d965ccfc6d4b" outcome="Passed" testListId="8c84fa94-04c1-424b-9868-57a2d4851a1d" relativeResultsDirectory="b2f31686-d633-4d7b-8aa8-545da4794e7c" />
    <UnitTestResult executionId="52b94694-23fa-4ede-8a73-cc69a84ec1d9" testId="19edb3ba-5e0e-d40b-c4b3-ce48876fbe6a" testName="Aula.Tests.Bots.TelegramInteractiveBotTests.PostWeekLetter_WithDisabledTelegram_LogsWarningAndReturns" computerName="RHO-DESKTOP" duration="00:00:00.0040270" startTime="2025-06-30T19:43:42.3518402+02:00" endTime="2025-06-30T19:43:42.3518403+02:00" testType="13cdc9d9-ddb5-4fa4-a97d-d965ccfc6d4b" outcome="Passed" testListId="8c84fa94-04c1-424b-9868-57a2d4851a1d" relativeResultsDirectory="52b94694-23fa-4ede-8a73-cc69a84ec1d9" />
    <UnitTestResult executionId="1dacfb53-dd3a-4d92-8e1f-29cdca14b8cf" testId="f1a75968-139e-db41-9893-934ca7edc01f" testName="Aula.Tests.Configuration.ConfigurationTests.Supabase_RequiredFields_ArePresent" computerName="RHO-DESKTOP" duration="00:00:00.0104282" startTime="2025-06-30T19:43:41.6805133+02:00" endTime="2025-06-30T19:43:41.6805134+02:00" testType="13cdc9d9-ddb5-4fa4-a97d-d965ccfc6d4b" outcome="Passed" testListId="8c84fa94-04c1-424b-9868-57a2d4851a1d" relativeResultsDirectory="1dacfb53-dd3a-4d92-8e1f-29cdca14b8cf" />
    <UnitTestResult executionId="59a674a1-81a0-40ba-a493-20cdb1888184" testId="639796f8-538b-fbb8-1899-7a0106856fc7" testName="Aula.Tests.Channels.SlackBotTests.PostMessage_WithVariousMessages_DoesNotThrow(message: &quot;&quot;)" computerName="RHO-DESKTOP" duration="00:00:00.0001466" startTime="2025-06-30T19:43:41.3495116+02:00" endTime="2025-06-30T19:43:41.3495117+02:00" testType="13cdc9d9-ddb5-4fa4-a97d-d965ccfc6d4b" outcome="Passed" testListId="8c84fa94-04c1-424b-9868-57a2d4851a1d" relativeResultsDirectory="59a674a1-81a0-40ba-a493-20cdb1888184" />
    <UnitTestResult executionId="e6873832-6a29-42fa-bdb9-40f190eeadee" testId="dc87daee-0005-3f96-509b-0d97422219d3" testName="Aula.Tests.Services.DataModelTests.PostedLetter_DefaultConstructor_InitializesCorrectly" computerName="RHO-DESKTOP" duration="00:00:00.0019521" startTime="2025-06-30T19:43:40.9985334+02:00" endTime="2025-06-30T19:43:40.9985335+02:00" testType="13cdc9d9-ddb5-4fa4-a97d-d965ccfc6d4b" outcome="Passed" testListId="8c84fa94-04c1-424b-9868-57a2d4851a1d" relativeResultsDirectory="e6873832-6a29-42fa-bdb9-40f190eeadee" />
    <UnitTestResult executionId="65ed3436-fafb-405a-af92-b5e787e9f61b" testId="cf838fe5-cf64-cdb9-4856-b3fc2156670a" testName="Aula.Tests.Integration.AgentServiceTests.GetWeekLetterAsync_LogsInFirst_WhenNotLoggedIn" computerName="RHO-DESKTOP" duration="00:00:00.1065317" startTime="2025-06-30T19:43:41.1292629+02:00" endTime="2025-06-30T19:43:41.1292630+02:00" testType="13cdc9d9-ddb5-4fa4-a97d-d965ccfc6d4b" outcome="Passed" testListId="8c84fa94-04c1-424b-9868-57a2d4851a1d" relativeResultsDirectory="65ed3436-fafb-405a-af92-b5e787e9f61b" />
    <UnitTestResult executionId="45b5e440-f0a5-44d4-9791-319b937cb5b4" testId="01fdf65f-cd83-63dd-690e-00884c9ba25d" testName="Aula.Tests.Utilities.FollowUpQuestionDetectorTests.IsFollowUpQuestion_WithChildNameAndShortMessage_ReturnsTrue(input: &quot;Liam&quot;)" computerName="RHO-DESKTOP" duration="00:00:00.0002005" startTime="2025-06-30T19:43:41.6397443+02:00" endTime="2025-06-30T19:43:41.6397444+02:00" testType="13cdc9d9-ddb5-4fa4-a97d-d965ccfc6d4b" outcome="Passed" testListId="8c84fa94-04c1-424b-9868-57a2d4851a1d" relativeResultsDirectory="45b5e440-f0a5-44d4-9791-319b937cb5b4" />
    <UnitTestResult executionId="cec072d3-1971-4ca5-947c-9a642971aa9a" testId="ffc1e6de-c7e5-39de-fa7e-18eabd193809" testName="Aula.Tests.Bots.SlackInteractiveBotTests.Constructor_WithNullSupabaseService_ThrowsArgumentNullException" computerName="RHO-DESKTOP" duration="00:00:00.0033099" startTime="2025-06-30T19:43:41.3454521+02:00" endTime="2025-06-30T19:43:41.3454522+02:00" testType="13cdc9d9-ddb5-4fa4-a97d-d965ccfc6d4b" outcome="Passed" testListId="8c84fa94-04c1-424b-9868-57a2d4851a1d" relativeResultsDirectory="cec072d3-1971-4ca5-947c-9a642971aa9a" />
    <UnitTestResult executionId="4f34bce2-9367-4bdc-9b1c-befb17613763" testId="bcee3dfc-95df-51eb-9411-b0bdd9236d8a" testName="Aula.Tests.Tools.ReminderCommandHandlerTests.TryHandleReminderCommand_NonReminderCommands_ReturnsFalse(command: &quot;list&quot;)" computerName="RHO-DESKTOP" duration="00:00:00.0000699" startTime="2025-06-30T19:43:41.5227500+02:00" endTime="2025-06-30T19:43:41.5227501+02:00" testType="13cdc9d9-ddb5-4fa4-a97d-d965ccfc6d4b" outcome="Passed" testListId="8c84fa94-04c1-424b-9868-57a2d4851a1d" relativeResultsDirectory="4f34bce2-9367-4bdc-9b1c-befb17613763" />
    <UnitTestResult executionId="fa8e63d9-e4b9-4032-9865-6a8529462bc2" testId="bb029ecd-bc04-6c95-65d6-4fa9005d9f93" testName="Aula.Tests.Utilities.DateTimeUtilitiesTests.GetDanishDayName_ValidDayOfWeek_ReturnsLowercaseName(dayOfWeek: Tuesday, expectedName: &quot;tirsdag&quot;)" computerName="RHO-DESKTOP" duration="00:00:00.0000075" startTime="2025-06-30T19:43:41.0110443+02:00" endTime="2025-06-30T19:43:41.0110444+02:00" testType="13cdc9d9-ddb5-4fa4-a97d-d965ccfc6d4b" outcome="Passed" testListId="8c84fa94-04c1-424b-9868-57a2d4851a1d" relativeResultsDirectory="fa8e63d9-e4b9-4032-9865-6a8529462bc2" />
    <UnitTestResult executionId="d2c4a92d-375a-4cc2-96c3-27491d9d4034" testId="50081d46-2c3a-f2b2-59ea-4061c169b6c6" testName="Aula.Tests.Channels.TelegramClientTests.Constructor_WithConfig_EnabledFalse_CreatesInstance" computerName="RHO-DESKTOP" duration="00:00:00.0002729" startTime="2025-06-30T19:43:41.0771378+02:00" endTime="2025-06-30T19:43:41.0771379+02:00" testType="13cdc9d9-ddb5-4fa4-a97d-d965ccfc6d4b" outcome="Passed" testListId="8c84fa94-04c1-424b-9868-57a2d4851a1d" relativeResultsDirectory="d2c4a92d-375a-4cc2-96c3-27491d9d4034" />
    <UnitTestResult executionId="01a9d02a-2202-43a6-b727-04f7925298c7" testId="95755321-99fe-3c41-7267-feb0fced4809" testName="Aula.Tests.Utilities.ReminderExtractionPromptsTests.GetExtractionPrompt_WithRealQueries_EmbedsQueryCorrectly(query: &quot;Call the doctor in 2 hours&quot;)" computerName="RHO-DESKTOP" duration="00:00:00.0000328" startTime="2025-06-30T19:43:41.5680295+02:00" endTime="2025-06-30T19:43:41.5680296+02:00" testType="13cdc9d9-ddb5-4fa4-a97d-d965ccfc6d4b" outcome="Passed" testListId="8c84fa94-04c1-424b-9868-57a2d4851a1d" relativeResultsDirectory="01a9d02a-2202-43a6-b727-04f7925298c7" />
    <UnitTestResult executionId="5b6448de-0389-499f-83e4-6d313e16fd87" testId="8e7eb82c-6e6a-99e1-6a43-facf136e77c6" testName="Aula.Tests.Bots.TelegramMessageHandlerTests.Constructor_WithValidParameters_InitializesCorrectly" computerName="RHO-DESKTOP" duration="00:00:00.0002260" startTime="2025-06-30T19:43:41.5596698+02:00" endTime="2025-06-30T19:43:41.5596699+02:00" testType="13cdc9d9-ddb5-4fa4-a97d-d965ccfc6d4b" outcome="Passed" testListId="8c84fa94-04c1-424b-9868-57a2d4851a1d" relativeResultsDirectory="5b6448de-0389-499f-83e4-6d313e16fd87" />
    <UnitTestResult executionId="24cefe04-2989-4f68-bd30-528b493ce10b" testId="1ce865d9-57c4-31f9-0333-820160e71698" testName="Aula.Tests.Bots.SlackInteractiveBotTests.PostWeekLetter_WithValidData_PostsSuccessfully" computerName="RHO-DESKTOP" duration="00:00:00.0583511" startTime="2025-06-30T19:43:41.4159786+02:00" endTime="2025-06-30T19:43:41.4159787+02:00" testType="13cdc9d9-ddb5-4fa4-a97d-d965ccfc6d4b" outcome="Passed" testListId="8c84fa94-04c1-424b-9868-57a2d4851a1d" relativeResultsDirectory="24cefe04-2989-4f68-bd30-528b493ce10b" />
    <UnitTestResult executionId="8f9c2beb-fde8-4fd6-9bb6-43070d30e386" testId="cea2ec8e-0a0c-aae3-594d-8b1cbbb55ac5" testName="Aula.Tests.Utilities.FollowUpQuestionDetectorTests.IsFollowUpQuestion_WithLongMessageContainingChildName_ReturnsFalse(input: &quot;This is a very long message that contains Emma but&quot;···)" computerName="RHO-DESKTOP" duration="00:00:00.0155946" startTime="2025-06-30T19:43:41.6243130+02:00" endTime="2025-06-30T19:43:41.6243131+02:00" testType="13cdc9d9-ddb5-4fa4-a97d-d965ccfc6d4b" outcome="Passed" testListId="8c84fa94-04c1-424b-9868-57a2d4851a1d" relativeResultsDirectory="8f9c2beb-fde8-4fd6-9bb6-43070d30e386" />
    <UnitTestResult executionId="577ee563-0833-440b-bfe6-8a54e243524d" testId="603b38d9-650a-3d65-fd10-694412343522" testName="Aula.Tests.Utilities.FollowUpQuestionDetectorTests.IsFollowUpQuestion_WithUnicodeChildNames_WorksCorrectly(input: &quot;Johannes&quot;)" computerName="RHO-DESKTOP" duration="00:00:00.0001466" startTime="2025-06-30T19:43:41.6503350+02:00" endTime="2025-06-30T19:43:41.6503351+02:00" testType="13cdc9d9-ddb5-4fa4-a97d-d965ccfc6d4b" outcome="Passed" testListId="8c84fa94-04c1-424b-9868-57a2d4851a1d" relativeResultsDirectory="577ee563-0833-440b-bfe6-8a54e243524d" />
    <UnitTestResult executionId="1b852cf2-b805-4d96-8e7f-52e45142d1b9" testId="0d3d8599-f426-1393-a900-8c97239c2db0" testName="Aula.Tests.Bots.SlackMessageHandlerTests.Constructor_WithNullChildrenByName_ThrowsArgumentNullException" computerName="RHO-DESKTOP" duration="00:00:00.0003123" startTime="2025-06-30T19:43:47.6384121+02:00" endTime="2025-06-30T19:43:47.6384123+02:00" testType="13cdc9d9-ddb5-4fa4-a97d-d965ccfc6d4b" outcome="Passed" testListId="8c84fa94-04c1-424b-9868-57a2d4851a1d" relativeResultsDirectory="1b852cf2-b805-4d96-8e7f-52e45142d1b9" />
    <UnitTestResult executionId="429bddfa-4510-4536-b224-c85aae7ee137" testId="f1a8ea88-01e1-69c3-1fe9-4aa537f89af0" testName="Aula.Tests.Bots.TelegramInteractiveBotTests.SendMessage_WithLongChatId_SendsSuccessfully(chatId: &quot;1234567890&quot;)" computerName="RHO-DESKTOP" duration="00:00:00.3249338" startTime="2025-06-30T19:43:41.8490966+02:00" endTime="2025-06-30T19:43:41.8490967+02:00" testType="13cdc9d9-ddb5-4fa4-a97d-d965ccfc6d4b" outcome="Passed" testListId="8c84fa94-04c1-424b-9868-57a2d4851a1d" relativeResultsDirectory="429bddfa-4510-4536-b224-c85aae7ee137" />
    <UnitTestResult executionId="8a1d41f5-f680-4f85-b84b-197e359996f6" testId="98cd8faf-e82c-211b-73e0-182caa7ee5d0" testName="Aula.Tests.Bots.SlackInteractiveBotTests.PostWeekLetter_WithHttpError_LogsError" computerName="RHO-DESKTOP" duration="00:00:00.0228408" startTime="2025-06-30T19:43:41.4426154+02:00" endTime="2025-06-30T19:43:41.4426156+02:00" testType="13cdc9d9-ddb5-4fa4-a97d-d965ccfc6d4b" outcome="Passed" testListId="8c84fa94-04c1-424b-9868-57a2d4851a1d" relativeResultsDirectory="8a1d41f5-f680-4f85-b84b-197e359996f6" />
    <UnitTestResult executionId="bac13a92-6986-4afc-8647-3a28c4dbc8da" testId="63a4082c-526e-0303-add0-711bb075125c" testName="Aula.Tests.Services.OpenAiServiceIntegrationTests.Constructor_WithNullAiToolsManager_ThrowsArgumentNullException" computerName="RHO-DESKTOP" duration="00:00:00.0012842" startTime="2025-06-30T19:43:44.5539989+02:00" endTime="2025-06-30T19:43:44.5539990+02:00" testType="13cdc9d9-ddb5-4fa4-a97d-d965ccfc6d4b" outcome="Passed" testListId="8c84fa94-04c1-424b-9868-57a2d4851a1d" relativeResultsDirectory="bac13a92-6986-4afc-8647-3a28c4dbc8da" />
    <UnitTestResult executionId="cfa8aab1-05aa-4bad-b3c3-32e59d045a16" testId="8c77f87a-9ff2-d101-f9e6-6771eeb5c649" testName="Aula.Tests.Services.OpenAiServiceIntegrationTests.Constructor_WithValidParameters_InitializesCorrectly" computerName="RHO-DESKTOP" duration="00:00:00.0003267" startTime="2025-06-30T19:43:46.4986128+02:00" endTime="2025-06-30T19:43:46.4986130+02:00" testType="13cdc9d9-ddb5-4fa4-a97d-d965ccfc6d4b" outcome="Passed" testListId="8c84fa94-04c1-424b-9868-57a2d4851a1d" relativeResultsDirectory="cfa8aab1-05aa-4bad-b3c3-32e59d045a16" />
    <UnitTestResult executionId="00b52985-9781-400a-8799-2b2fc3294bf1" testId="e57b5d64-f9f1-68ef-e175-4a5caa032c54" testName="Aula.Tests.Utilities.Html2SlackMarkdownConverterTests.Convert_WithScriptAndStyleTags_RemovesTagsButNotContent(html: &quot;&lt;style&gt;body { color: red; }&lt;/style&gt;&lt;p&gt;Content&lt;/p&gt;&quot;)" computerName="RHO-DESKTOP" duration="00:00:00.0198821" startTime="2025-06-30T19:43:41.2557120+02:00" endTime="2025-06-30T19:43:41.2557122+02:00" testType="13cdc9d9-ddb5-4fa4-a97d-d965ccfc6d4b" outcome="Passed" testListId="8c84fa94-04c1-424b-9868-57a2d4851a1d" relativeResultsDirectory="00b52985-9781-400a-8799-2b2fc3294bf1" />
    <UnitTestResult executionId="8b018033-ca89-46bc-a57d-bcceb28ef5fc" testId="f27323f0-86ce-1e1b-2a7d-c904454ba29a" testName="Aula.Tests.Tools.ReminderCommandHandlerTests.TryHandleReminderCommand_NonReminderCommands_ReturnsFalse(command: &quot;how are you?&quot;)" computerName="RHO-DESKTOP" duration="00:00:00.0000746" startTime="2025-06-30T19:43:41.5206319+02:00" endTime="2025-06-30T19:43:41.5206320+02:00" testType="13cdc9d9-ddb5-4fa4-a97d-d965ccfc6d4b" outcome="Passed" testListId="8c84fa94-04c1-424b-9868-57a2d4851a1d" relativeResultsDirectory="8b018033-ca89-46bc-a57d-bcceb28ef5fc" />
    <UnitTestResult executionId="fb020426-8fb5-4569-9219-d68102f5eaa4" testId="273c2632-e8a7-4a3f-093e-3b4b8e141ef8" testName="Aula.Tests.Scheduling.SchedulingServiceTests.StopAsync_AfterStart_DoesNotThrow" computerName="RHO-DESKTOP" duration="00:00:00.0310085" startTime="2025-06-30T19:43:41.2629663+02:00" endTime="2025-06-30T19:43:41.2629664+02:00" testType="13cdc9d9-ddb5-4fa4-a97d-d965ccfc6d4b" outcome="Passed" testListId="8c84fa94-04c1-424b-9868-57a2d4851a1d" relativeResultsDirectory="fb020426-8fb5-4569-9219-d68102f5eaa4" />
    <UnitTestResult executionId="fdd94bc8-21cc-4593-8c2b-f344eb8e5e39" testId="58e104c6-e504-07c5-0909-f689fdb330d3" testName="Aula.Tests.Bots.TelegramMessageHandlerTests.Constructor_WithNullReminderHandler_ThrowsArgumentNullException" computerName="RHO-DESKTOP" duration="00:00:00.0068130" startTime="2025-06-30T19:43:41.5544073+02:00" endTime="2025-06-30T19:43:41.5544074+02:00" testType="13cdc9d9-ddb5-4fa4-a97d-d965ccfc6d4b" outcome="Passed" testListId="8c84fa94-04c1-424b-9868-57a2d4851a1d" relativeResultsDirectory="fdd94bc8-21cc-4593-8c2b-f344eb8e5e39" />
    <UnitTestResult executionId="250326f3-1bb1-4cdc-93be-74ce3d92ee67" testId="cfdde69f-bd6f-9d86-5859-a1ef9746cd64" testName="Aula.Tests.Utilities.JsonFormatterTests.Prettify_WithComplexNestedStructure_FormatsCorrectly" computerName="RHO-DESKTOP" duration="00:00:00.0062306" startTime="2025-06-30T19:43:41.0189704+02:00" endTime="2025-06-30T19:43:41.0189704+02:00" testType="13cdc9d9-ddb5-4fa4-a97d-d965ccfc6d4b" outcome="Passed" testListId="8c84fa94-04c1-424b-9868-57a2d4851a1d" relativeResultsDirectory="250326f3-1bb1-4cdc-93be-74ce3d92ee67" />
    <UnitTestResult executionId="53f5246c-f38d-4bf0-b3d0-15b202758c25" testId="4ee66f1f-2049-9f7f-57aa-b27bb388f963" testName="Aula.Tests.Tools.ReminderCommandHandlerTests.TryHandleReminderCommand_AddReminder_ValidFormats_ReturnsSuccess(command: &quot;husk mig i morgen kl 8:00 at Hans har Haver til ma&quot;···, isEnglish: False, expectedChildName: &quot;Hans Jensen&quot;)" computerName="RHO-DESKTOP" duration="00:00:00.0055026" startTime="2025-06-30T19:43:41.4718013+02:00" endTime="2025-06-30T19:43:41.4718015+02:00" testType="13cdc9d9-ddb5-4fa4-a97d-d965ccfc6d4b" outcome="Passed" testListId="8c84fa94-04c1-424b-9868-57a2d4851a1d" relativeResultsDirectory="53f5246c-f38d-4bf0-b3d0-15b202758c25" />
    <UnitTestResult executionId="eb4b159c-b9a1-4ca0-9e25-1f443175af7c" testId="4671f449-0198-2bb5-9d3d-e7e5207a3968" testName="Aula.Tests.Channels.SlackBotTests.Constructor_WithConfig_CreatesInstance" computerName="RHO-DESKTOP" duration="00:00:00.0004549" startTime="2025-06-30T19:43:41.3506323+02:00" endTime="2025-06-30T19:43:41.3506325+02:00" testType="13cdc9d9-ddb5-4fa4-a97d-d965ccfc6d4b" outcome="Passed" testListId="8c84fa94-04c1-424b-9868-57a2d4851a1d" relativeResultsDirectory="eb4b159c-b9a1-4ca0-9e25-1f443175af7c" />
    <UnitTestResult executionId="c7c3ac4e-cbf1-4744-87cd-9c7634f3c75f" testId="d38e40f0-9394-42c9-ac5c-2e74521578b4" testName="Aula.Tests.Tools.ReminderCommandHandlerTests.TryHandleReminderCommand_NonMatchingPatterns_ReturnsFalse(command: &quot;remind me yesterday at 8:00 that past date&quot;, isEnglish: True)" computerName="RHO-DESKTOP" duration="00:00:00.0000816" startTime="2025-06-30T19:43:41.5429462+02:00" endTime="2025-06-30T19:43:41.5429463+02:00" testType="13cdc9d9-ddb5-4fa4-a97d-d965ccfc6d4b" outcome="Passed" testListId="8c84fa94-04c1-424b-9868-57a2d4851a1d" relativeResultsDirectory="c7c3ac4e-cbf1-4744-87cd-9c7634f3c75f" />
    <UnitTestResult executionId="13944ad0-dafd-4d24-9a77-03f3eef20782" testId="121eb464-baa2-cb91-a1cb-d692cf64f7c5" testName="Aula.Tests.Utilities.Html2SlackMarkdownConverterTests.Convert_WithUnicodeContent_PreservesEncoding" computerName="RHO-DESKTOP" duration="00:00:00.0043299" startTime="2025-06-30T19:43:41.2592033+02:00" endTime="2025-06-30T19:43:41.2592035+02:00" testType="13cdc9d9-ddb5-4fa4-a97d-d965ccfc6d4b" outcome="Passed" testListId="8c84fa94-04c1-424b-9868-57a2d4851a1d" relativeResultsDirectory="13944ad0-dafd-4d24-9a77-03f3eef20782" />
    <UnitTestResult executionId="224daee4-7e77-44e7-a397-633811d86996" testId="ba20835b-067e-5539-8e44-8baf83c19e41" testName="Aula.Tests.Utilities.FollowUpQuestionDetectorTests.IsFollowUpQuestion_WithChildNameAndTimeReference_ReturnsFalse(input: &quot;Liam tomorrow&quot;)" computerName="RHO-DESKTOP" duration="00:00:00.0002950" startTime="2025-06-30T19:43:41.6680007+02:00" endTime="2025-06-30T19:43:41.6680009+02:00" testType="13cdc9d9-ddb5-4fa4-a97d-d965ccfc6d4b" outcome="Passed" testListId="8c84fa94-04c1-424b-9868-57a2d4851a1d" relativeResultsDirectory="224daee4-7e77-44e7-a397-633811d86996" />
    <UnitTestResult executionId="433e2f52-1176-4c83-b731-6d08b1959987" testId="33b001f1-b8e7-0e78-6628-3106ad6d2f71" testName="Aula.Tests.Configuration.ConfigurationTests.Timers_ConfigurationIsCorrect" computerName="RHO-DESKTOP" duration="00:00:00.0106928" startTime="2025-06-30T19:43:41.8263381+02:00" endTime="2025-06-30T19:43:41.8263382+02:00" testType="13cdc9d9-ddb5-4fa4-a97d-d965ccfc6d4b" outcome="Passed" testListId="8c84fa94-04c1-424b-9868-57a2d4851a1d" relativeResultsDirectory="433e2f52-1176-4c83-b731-6d08b1959987" />
    <UnitTestResult executionId="ffa77f3f-e9d2-4e8b-bcd6-b635bee49a86" testId="ee37d42d-7676-d60e-f83a-c40bddb185e0" testName="Aula.Tests.Utilities.DateTimeUtilitiesTests.GetDanishDayName_AllValidDaysOfWeek_ReturnsNonEmptyString(dayOfWeek: Monday)" computerName="RHO-DESKTOP" duration="00:00:00.0000064" startTime="2025-06-30T19:43:40.9958590+02:00" endTime="2025-06-30T19:43:40.9958591+02:00" testType="13cdc9d9-ddb5-4fa4-a97d-d965ccfc6d4b" outcome="Passed" testListId="8c84fa94-04c1-424b-9868-57a2d4851a1d" relativeResultsDirectory="ffa77f3f-e9d2-4e8b-bcd6-b635bee49a86" />
    <UnitTestResult executionId="66eaff8b-387d-49a4-b8e1-c8e5192ac4d6" testId="5e0ccfa9-e637-4242-b34b-1ae82226f894" testName="Aula.Tests.Bots.TelegramInteractiveBotTests.ComputeHash_WithDifferentInputs_ReturnsDifferentHashes" computerName="RHO-DESKTOP" duration="00:00:00.0011172" startTime="2025-06-30T19:43:42.3479083+02:00" endTime="2025-06-30T19:43:42.3479084+02:00" testType="13cdc9d9-ddb5-4fa4-a97d-d965ccfc6d4b" outcome="Passed" testListId="8c84fa94-04c1-424b-9868-57a2d4851a1d" relativeResultsDirectory="66eaff8b-387d-49a4-b8e1-c8e5192ac4d6" />
    <UnitTestResult executionId="bc857516-75a6-4896-8c36-bb5fe3b7b5f6" testId="79979fc0-e5af-470a-b4aa-2d3b2b88ed93" testName="Aula.Tests.Bots.SlackMessageHandlerTests.HandleMessageAsync_WithReminderCommand_ProcessesMessage(reminderCommand: &quot;mind mig om noget&quot;)" computerName="RHO-DESKTOP" duration="00:00:00.2965701" startTime="2025-06-30T19:43:47.6360508+02:00" endTime="2025-06-30T19:43:47.6360509+02:00" testType="13cdc9d9-ddb5-4fa4-a97d-d965ccfc6d4b" outcome="Passed" testListId="8c84fa94-04c1-424b-9868-57a2d4851a1d" relativeResultsDirectory="bc857516-75a6-4896-8c36-bb5fe3b7b5f6" />
    <UnitTestResult executionId="81bde812-20c0-48f4-a58e-16310fac8583" testId="9e010064-1282-f730-0e21-1a9c045272eb" testName="Aula.Tests.Utilities.IntentAnalysisPromptsTests.GetFormattedPrompt_WithVariousQueries_ReturnsValidPrompt(query: &quot;Remind me about soccer&quot;)" computerName="RHO-DESKTOP" duration="00:00:00.0003420" startTime="2025-06-30T19:43:41.0905091+02:00" endTime="2025-06-30T19:43:41.0905092+02:00" testType="13cdc9d9-ddb5-4fa4-a97d-d965ccfc6d4b" outcome="Passed" testListId="8c84fa94-04c1-424b-9868-57a2d4851a1d" relativeResultsDirectory="81bde812-20c0-48f4-a58e-16310fac8583" />
    <UnitTestResult executionId="3234bb3d-60e0-450f-8cf3-7e938f9f8ce3" testId="42dc1567-508f-1ff2-08a2-17dc86c051e8" testName="Aula.Tests.Tools.ReminderCommandHandlerTests.TryHandleReminderCommand_AddReminder_ValidFormats_ReturnsSuccess(command: &quot;remind me 2024-12-31 at 10:00 that New Year celebr&quot;···, isEnglish: True, expectedChildName: null)" computerName="RHO-DESKTOP" duration="00:00:00.0021792" startTime="2025-06-30T19:43:41.4819724+02:00" endTime="2025-06-30T19:43:41.4819725+02:00" testType="13cdc9d9-ddb5-4fa4-a97d-d965ccfc6d4b" outcome="Passed" testListId="8c84fa94-04c1-424b-9868-57a2d4851a1d" relativeResultsDirectory="3234bb3d-60e0-450f-8cf3-7e938f9f8ce3" />
    <UnitTestResult executionId="048f62f7-6916-4bf7-b41e-000bb6e901cc" testId="6234ecb8-e2dd-d37d-8721-81fdc7e6823a" testName="Aula.Tests.Tools.AiToolsManagerTests.CreateReminderAsync_WithValidDateTime_CreatesReminder" computerName="RHO-DESKTOP" duration="00:00:00.0555254" startTime="2025-06-30T19:43:41.1590478+02:00" endTime="2025-06-30T19:43:41.1590479+02:00" testType="13cdc9d9-ddb5-4fa4-a97d-d965ccfc6d4b" outcome="Passed" testListId="8c84fa94-04c1-424b-9868-57a2d4851a1d" relativeResultsDirectory="048f62f7-6916-4bf7-b41e-000bb6e901cc" />
    <UnitTestResult executionId="3f750d8c-c13c-4b39-a938-a2c44ddc2df1" testId="d4f2af6d-af5d-0e11-cead-324b41b39853" testName="Aula.Tests.Configuration.ConfigurationTests.Slack_ConfigurationIsCorrect" computerName="RHO-DESKTOP" duration="00:00:00.0103629" startTime="2025-06-30T19:43:41.8154474+02:00" endTime="2025-06-30T19:43:41.8154475+02:00" testType="13cdc9d9-ddb5-4fa4-a97d-d965ccfc6d4b" outcome="Passed" testListId="8c84fa94-04c1-424b-9868-57a2d4851a1d" relativeResultsDirectory="3f750d8c-c13c-4b39-a938-a2c44ddc2df1" />
    <UnitTestResult executionId="64e9c0ff-a866-4ecb-8cb4-21dd53e8e023" testId="eaeadf06-6f78-ef66-9240-54edcfcfb42c" testName="Aula.Tests.Utilities.WeekLetterContentExtractorTests.ExtractContent_WithMissingUgebreve_ReturnsEmptyString" computerName="RHO-DESKTOP" duration="00:00:00.0006943" startTime="2025-06-30T19:43:41.4516891+02:00" endTime="2025-06-30T19:43:41.4516892+02:00" testType="13cdc9d9-ddb5-4fa4-a97d-d965ccfc6d4b" outcome="Passed" testListId="8c84fa94-04c1-424b-9868-57a2d4851a1d" relativeResultsDirectory="64e9c0ff-a866-4ecb-8cb4-21dd53e8e023" />
    <UnitTestResult executionId="87e11285-2645-47f8-989c-00ef890df8d7" testId="69b574fb-ea92-9743-3eea-a9b24f0ad213" testName="Aula.Tests.Bots.TelegramInteractiveBotTests.Constructor_WithDisabledTelegram_ThrowsInvalidOperationException" computerName="RHO-DESKTOP" duration="00:00:00.0008578" startTime="2025-06-30T19:43:42.3543726+02:00" endTime="2025-06-30T19:43:42.3543728+02:00" testType="13cdc9d9-ddb5-4fa4-a97d-d965ccfc6d4b" outcome="Passed" testListId="8c84fa94-04c1-424b-9868-57a2d4851a1d" relativeResultsDirectory="87e11285-2645-47f8-989c-00ef890df8d7" />
    <UnitTestResult executionId="63a02130-4235-418c-83d8-73b766c83007" testId="d61978d5-101a-092e-d93c-a7eb57a0d4f9" testName="Aula.Tests.Utilities.ReminderExtractionPromptsTests.GetExtractionPrompt_ContainsInstructionsForChildNameExtraction" computerName="RHO-DESKTOP" duration="00:00:00.0004066" startTime="2025-06-30T19:43:41.5883457+02:00" endTime="2025-06-30T19:43:41.5883458+02:00" testType="13cdc9d9-ddb5-4fa4-a97d-d965ccfc6d4b" outcome="Passed" testListId="8c84fa94-04c1-424b-9868-57a2d4851a1d" relativeResultsDirectory="63a02130-4235-418c-83d8-73b766c83007" />
    <UnitTestResult executionId="07c7d6da-9645-4c17-a61d-93a060408562" testId="97bda861-62f2-bba1-c598-127d5142019e" testName="Aula.Tests.Configuration.ConfigurationTests.Features_ConfigurationIsCorrect" computerName="RHO-DESKTOP" duration="00:00:00.0128983" startTime="2025-06-30T19:43:41.9357814+02:00" endTime="2025-06-30T19:43:41.9357815+02:00" testType="13cdc9d9-ddb5-4fa4-a97d-d965ccfc6d4b" outcome="Passed" testListId="8c84fa94-04c1-424b-9868-57a2d4851a1d" relativeResultsDirectory="07c7d6da-9645-4c17-a61d-93a060408562" />
    <UnitTestResult executionId="50a51315-13d3-4c27-ba0d-9894a54aef37" testId="aef92e61-6107-1b9f-7603-daa021c2c030" testName="Aula.Tests.Utilities.ReminderExtractionPromptsTests.GetExtractionPrompt_IncludesCurrentTime" computerName="RHO-DESKTOP" duration="00:00:00.0006115" startTime="2025-06-30T19:43:41.5771156+02:00" endTime="2025-06-30T19:43:41.5771158+02:00" testType="13cdc9d9-ddb5-4fa4-a97d-d965ccfc6d4b" outcome="Passed" testListId="8c84fa94-04c1-424b-9868-57a2d4851a1d" relativeResultsDirectory="50a51315-13d3-4c27-ba0d-9894a54aef37" />
    <UnitTestResult executionId="b8a930f9-4df4-46a5-a289-554cfcdeaf69" testId="ab3aafbd-fe25-4a7f-3bda-69e06a94b6ee" testName="Aula.Tests.Bots.SlackMessageHandlerTests.HandleMessageAsync_WithException_LogsErrorAndReturnsFalse" computerName="RHO-DESKTOP" duration="00:00:00.3048593" startTime="2025-06-30T19:43:47.9461500+02:00" endTime="2025-06-30T19:43:47.9461502+02:00" testType="13cdc9d9-ddb5-4fa4-a97d-d965ccfc6d4b" outcome="Passed" testListId="8c84fa94-04c1-424b-9868-57a2d4851a1d" relativeResultsDirectory="b8a930f9-4df4-46a5-a289-554cfcdeaf69" />
    <UnitTestResult executionId="823a6722-5959-4110-9c41-af0cf650b1a0" testId="b3807b1c-634e-e2ee-a1b8-8f079f205113" testName="Aula.Tests.Utilities.FollowUpQuestionDetectorTests.IsFollowUpQuestion_WithoutFollowUpPhrases_ReturnsFalse(input: &quot;no child names here&quot;)" computerName="RHO-DESKTOP" duration="00:00:00.0001892" startTime="2025-06-30T19:43:41.6582657+02:00" endTime="2025-06-30T19:43:41.6582658+02:00" testType="13cdc9d9-ddb5-4fa4-a97d-d965ccfc6d4b" outcome="Passed" testListId="8c84fa94-04c1-424b-9868-57a2d4851a1d" relativeResultsDirectory="823a6722-5959-4110-9c41-af0cf650b1a0" />
    <UnitTestResult executionId="baef3965-220f-4da9-8201-d7ee68165dab" testId="b98006bf-e247-2c89-f5f2-906de5d10ccf" testName="Aula.Tests.Utilities.FollowUpQuestionDetectorTests.IsFollowUpQuestion_LogsCorrectlyForDetectedFollowUp" computerName="RHO-DESKTOP" duration="00:00:00.0038385" startTime="2025-06-30T19:43:41.6808085+02:00" endTime="2025-06-30T19:43:41.6808086+02:00" testType="13cdc9d9-ddb5-4fa4-a97d-d965ccfc6d4b" outcome="Passed" testListId="8c84fa94-04c1-424b-9868-57a2d4851a1d" relativeResultsDirectory="baef3965-220f-4da9-8201-d7ee68165dab" />
    <UnitTestResult executionId="1e47d3cf-2633-439c-b8ca-4562fe078e3c" testId="ed73f3dd-84f9-ccdb-8bc0-17130004fe1b" testName="Aula.Tests.Channels.TelegramClientTests.Constructor_WithVariousTokens_DoesNotThrow(token: &quot;&quot;)" computerName="RHO-DESKTOP" duration="00:00:00.0000324" startTime="2025-06-30T19:43:41.0409479+02:00" endTime="2025-06-30T19:43:41.0409480+02:00" testType="13cdc9d9-ddb5-4fa4-a97d-d965ccfc6d4b" outcome="Passed" testListId="8c84fa94-04c1-424b-9868-57a2d4851a1d" relativeResultsDirectory="1e47d3cf-2633-439c-b8ca-4562fe078e3c" />
    <UnitTestResult executionId="7427bd72-2516-4090-9772-4048bd64cd89" testId="a0f8908b-2fc2-df51-4b18-23e951512406" testName="Aula.Tests.Scheduling.SchedulingServiceIntegrationTests.Constructor_WithNullConfig_ThrowsArgumentNullException" computerName="RHO-DESKTOP" duration="00:00:00.0010906" startTime="2025-06-30T19:43:41.1017198+02:00" endTime="2025-06-30T19:43:41.1017199+02:00" testType="13cdc9d9-ddb5-4fa4-a97d-d965ccfc6d4b" outcome="Passed" testListId="8c84fa94-04c1-424b-9868-57a2d4851a1d" relativeResultsDirectory="7427bd72-2516-4090-9772-4048bd64cd89" />
    <UnitTestResult executionId="563eced9-232d-4889-a04e-77b66b7caaaf" testId="f09b7cd5-4ae8-422c-8772-5a55d24c9ade" testName="Aula.Tests.Tools.ReminderCommandHandlerTests.TryHandleReminderCommand_NonReminderCommands_ReturnsFalse(command: &quot;hello world&quot;)" computerName="RHO-DESKTOP" duration="00:00:00.0000717" startTime="2025-06-30T19:43:41.5217811+02:00" endTime="2025-06-30T19:43:41.5217812+02:00" testType="13cdc9d9-ddb5-4fa4-a97d-d965ccfc6d4b" outcome="Passed" testListId="8c84fa94-04c1-424b-9868-57a2d4851a1d" relativeResultsDirectory="563eced9-232d-4889-a04e-77b66b7caaaf" />
    <UnitTestResult executionId="f76a0cea-041f-414e-a4e9-3364574023ed" testId="a8373318-d0c0-3b68-eeb8-1cd7a830e6d6" testName="Aula.Tests.Configuration.ConfigurationTests.Configuration_LoadsSuccessfully" computerName="RHO-DESKTOP" duration="00:00:00.0037587" startTime="2025-06-30T19:43:41.8943004+02:00" endTime="2025-06-30T19:43:41.8943006+02:00" testType="13cdc9d9-ddb5-4fa4-a97d-d965ccfc6d4b" outcome="Passed" testListId="8c84fa94-04c1-424b-9868-57a2d4851a1d" relativeResultsDirectory="f76a0cea-041f-414e-a4e9-3364574023ed" />
    <UnitTestResult executionId="7e84efe1-553f-4bc5-8562-b99cd13729a4" testId="92645263-873e-da03-aa06-943df30af433" testName="Aula.Tests.Services.OpenAiServiceIntegrationTests.AskQuestionAboutWeekLetterAsync_WithValidParameters_CallsApiWithCorrectParameters" computerName="RHO-DESKTOP" duration="00:00:00.3225228" startTime="2025-06-30T19:43:47.1357972+02:00" endTime="2025-06-30T19:43:47.1357974+02:00" testType="13cdc9d9-ddb5-4fa4-a97d-d965ccfc6d4b" outcome="Passed" testListId="8c84fa94-04c1-424b-9868-57a2d4851a1d" relativeResultsDirectory="7e84efe1-553f-4bc5-8562-b99cd13729a4" />
    <UnitTestResult executionId="4e523dcf-432c-4b53-a5e7-60c0f9b86735" testId="085515b8-4fc1-99b2-eae0-b56b9cad0980" testName="Aula.Tests.Utilities.Html2SlackMarkdownConverterTests.Convert_WithScriptAndStyleTags_RemovesTagsButNotContent(html: &quot;&lt;script&gt;alert('xss')&lt;/script&gt;&lt;p&gt;Content&lt;/p&gt;&quot;)" computerName="RHO-DESKTOP" duration="00:00:00.0019949" startTime="2025-06-30T19:43:41.2568671+02:00" endTime="2025-06-30T19:43:41.2568671+02:00" testType="13cdc9d9-ddb5-4fa4-a97d-d965ccfc6d4b" outcome="Passed" testListId="8c84fa94-04c1-424b-9868-57a2d4851a1d" relativeResultsDirectory="4e523dcf-432c-4b53-a5e7-60c0f9b86735" />
    <UnitTestResult executionId="b23f3d8e-197d-41c1-922a-12bef81deeb0" testId="7c385ac2-1fdf-ebb2-6450-e82cd794ae73" testName="Aula.Tests.Services.OpenAiServiceTests.OpenAiService_Internal_Constructor_CanBeUsedForTesting" computerName="RHO-DESKTOP" duration="00:00:00.0010873" startTime="2025-06-30T19:43:41.6042125+02:00" endTime="2025-06-30T19:43:41.6042127+02:00" testType="13cdc9d9-ddb5-4fa4-a97d-d965ccfc6d4b" outcome="Passed" testListId="8c84fa94-04c1-424b-9868-57a2d4851a1d" relativeResultsDirectory="b23f3d8e-197d-41c1-922a-12bef81deeb0" />
    <UnitTestResult executionId="30501155-4077-4b9f-8f9f-5e709a23a390" testId="ee53ce2c-fb8e-2870-2bec-d824ac6cea07" testName="Aula.Tests.Utilities.DateTimeUtilitiesTests.GetDanishDayName_AllValidDaysOfWeek_ReturnsUniqueNames" computerName="RHO-DESKTOP" duration="00:00:00.0005097" startTime="2025-06-30T19:43:41.0117082+02:00" endTime="2025-06-30T19:43:41.0117083+02:00" testType="13cdc9d9-ddb5-4fa4-a97d-d965ccfc6d4b" outcome="Passed" testListId="8c84fa94-04c1-424b-9868-57a2d4851a1d" relativeResultsDirectory="30501155-4077-4b9f-8f9f-5e709a23a390" />
    <UnitTestResult executionId="cf60aa32-1e0c-4812-81a6-8aaf9a344803" testId="87b7e046-4300-6ba7-be8d-14de8ee31c5f" testName="Aula.Tests.Tools.ReminderCommandHandlerTests.Constructor_WithNullChildrenByName_ThrowsArgumentNullException" computerName="RHO-DESKTOP" duration="00:00:00.0003250" startTime="2025-06-30T19:43:41.6802911+02:00" endTime="2025-06-30T19:43:41.6802912+02:00" testType="13cdc9d9-ddb5-4fa4-a97d-d965ccfc6d4b" outcome="Passed" testListId="8c84fa94-04c1-424b-9868-57a2d4851a1d" relativeResultsDirectory="cf60aa32-1e0c-4812-81a6-8aaf9a344803" />
    <UnitTestResult executionId="19f33ddc-c3ac-4697-a1d3-21ca9fef38c5" testId="daa8f257-6d65-5334-bc6e-50b3c593ee4f" testName="Aula.Tests.Bots.SlackMessageHandlerTests.HandleMessageAsync_WithEmptyChannel_ReturnsFalse" computerName="RHO-DESKTOP" duration="00:00:00.0008460" startTime="2025-06-30T19:43:47.9468829+02:00" endTime="2025-06-30T19:43:47.9468853+02:00" testType="13cdc9d9-ddb5-4fa4-a97d-d965ccfc6d4b" outcome="Passed" testListId="8c84fa94-04c1-424b-9868-57a2d4851a1d" relativeResultsDirectory="19f33ddc-c3ac-4697-a1d3-21ca9fef38c5" />
    <UnitTestResult executionId="53d99912-175c-455c-9cc4-d57e9cd40616" testId="9835e47b-ec22-5506-aeb5-974d4515aa48" testName="Aula.Tests.Bots.SlackMessageHandlerTests.HandleMessageAsync_WithNullChannel_ReturnsFalse" computerName="RHO-DESKTOP" duration="00:00:00.0014811" startTime="2025-06-30T19:43:41.5086203+02:00" endTime="2025-06-30T19:43:41.5086205+02:00" testType="13cdc9d9-ddb5-4fa4-a97d-d965ccfc6d4b" outcome="Passed" testListId="8c84fa94-04c1-424b-9868-57a2d4851a1d" relativeResultsDirectory="53d99912-175c-455c-9cc4-d57e9cd40616" />
    <UnitTestResult executionId="260fb6a9-6631-4432-a981-35ca06010443" testId="c883d631-b915-c13f-0bbe-3400820e4ee3" testName="Aula.Tests.Configuration.ConfigurationTests.Telegram_ConfigurationIsCorrect" computerName="RHO-DESKTOP" duration="00:00:00.0043863" startTime="2025-06-30T19:43:41.9153691+02:00" endTime="2025-06-30T19:43:41.9153692+02:00" testType="13cdc9d9-ddb5-4fa4-a97d-d965ccfc6d4b" outcome="Passed" testListId="8c84fa94-04c1-424b-9868-57a2d4851a1d" relativeResultsDirectory="260fb6a9-6631-4432-a981-35ca06010443" />
    <UnitTestResult executionId="b4ac15e6-c338-42dd-8fbe-25a538149baf" testId="5a77b1b5-bbb4-8a72-a72e-32591bd8597a" testName="Aula.Tests.Integration.MinUddannelseClientTests.Constructor_WithValidConfig_CreatesInstance" computerName="RHO-DESKTOP" duration="00:00:00.0015086" startTime="2025-06-30T19:43:41.6238911+02:00" endTime="2025-06-30T19:43:41.6238912+02:00" testType="13cdc9d9-ddb5-4fa4-a97d-d965ccfc6d4b" outcome="Passed" testListId="8c84fa94-04c1-424b-9868-57a2d4851a1d" relativeResultsDirectory="b4ac15e6-c338-42dd-8fbe-25a538149baf" />
    <UnitTestResult executionId="ee7f1155-c5f0-43af-b5ae-0b83163eb3e4" testId="14432cab-194a-d804-9f67-885b71746a71" testName="Aula.Tests.Services.SupabaseServiceTests.ReminderData_WithValidParameters_AreValid" computerName="RHO-DESKTOP" duration="00:00:00.0001822" startTime="2025-06-30T19:43:41.5940055+02:00" endTime="2025-06-30T19:43:41.5940056+02:00" testType="13cdc9d9-ddb5-4fa4-a97d-d965ccfc6d4b" outcome="Passed" testListId="8c84fa94-04c1-424b-9868-57a2d4851a1d" relativeResultsDirectory="ee7f1155-c5f0-43af-b5ae-0b83163eb3e4" />
    <UnitTestResult executionId="a3bab4a2-35fa-4d13-b1b5-77e1718322b1" testId="453c772e-3476-db11-1625-b8f0377bbbd8" testName="Aula.Tests.Utilities.WeekLetterContentExtractorTests.ExtractContent_Dynamic_WithEmptyArray_ReturnsEmptyString" computerName="RHO-DESKTOP" duration="00:00:00.2880548" startTime="2025-06-30T19:43:41.4404483+02:00" endTime="2025-06-30T19:43:41.4404484+02:00" testType="13cdc9d9-ddb5-4fa4-a97d-d965ccfc6d4b" outcome="Passed" testListId="8c84fa94-04c1-424b-9868-57a2d4851a1d" relativeResultsDirectory="a3bab4a2-35fa-4d13-b1b5-77e1718322b1" />
    <UnitTestResult executionId="173557f1-ff7d-40e1-83c1-f0ac03c83151" testId="a6c6eedb-804b-f291-bd53-e5fa9809816a" testName="Aula.Tests.Services.DataServiceTests.CacheWeekLetter_StoresDataInCache" computerName="RHO-DESKTOP" duration="00:00:00.0114675" startTime="2025-06-30T19:43:41.0815256+02:00" endTime="2025-06-30T19:43:41.0815257+02:00" testType="13cdc9d9-ddb5-4fa4-a97d-d965ccfc6d4b" outcome="Passed" testListId="8c84fa94-04c1-424b-9868-57a2d4851a1d" relativeResultsDirectory="173557f1-ff7d-40e1-83c1-f0ac03c83151" />
    <UnitTestResult executionId="65d9feba-9707-445f-9b75-bb8ba0266abd" testId="be069dea-132b-4f72-c1c8-8b4fd667fd7f" testName="Aula.Tests.Utilities.JsonFormatterTests.Prettify_WithAlreadyFormattedJson_ReturnsFormattedJson" computerName="RHO-DESKTOP" duration="00:00:00.0008688" startTime="2025-06-30T19:43:41.0266875+02:00" endTime="2025-06-30T19:43:41.0266876+02:00" testType="13cdc9d9-ddb5-4fa4-a97d-d965ccfc6d4b" outcome="Passed" testListId="8c84fa94-04c1-424b-9868-57a2d4851a1d" relativeResultsDirectory="65d9feba-9707-445f-9b75-bb8ba0266abd" />
    <UnitTestResult executionId="36041219-fd52-4c19-b95c-16ebd17c3d52" testId="5999bd3d-fee4-c596-3611-a7bc16bc4fdd" testName="Aula.Tests.Bots.TelegramMessageHandlerTests.HandleMessageAsync_WithPrivateChat_HandlesCorrectly" computerName="RHO-DESKTOP" duration="00:00:00.0053685" startTime="2025-06-30T19:43:41.5288318+02:00" endTime="2025-06-30T19:43:41.5288319+02:00" testType="13cdc9d9-ddb5-4fa4-a97d-d965ccfc6d4b" outcome="Passed" testListId="8c84fa94-04c1-424b-9868-57a2d4851a1d" relativeResultsDirectory="36041219-fd52-4c19-b95c-16ebd17c3d52" />
    <UnitTestResult executionId="7f85c390-1695-4249-84aa-663965df3d79" testId="99892231-84e1-33e1-e7f7-41ced0139b8b" testName="Aula.Tests.Channels.TelegramClientTests.SendMessageToChannel_WithVariousChannelIds_DoesNotThrow(channelId: &quot;&quot;)" computerName="RHO-DESKTOP" duration="00:00:00.0027121" startTime="2025-06-30T19:43:41.0350529+02:00" endTime="2025-06-30T19:43:41.0350530+02:00" testType="13cdc9d9-ddb5-4fa4-a97d-d965ccfc6d4b" outcome="Passed" testListId="8c84fa94-04c1-424b-9868-57a2d4851a1d" relativeResultsDirectory="7f85c390-1695-4249-84aa-663965df3d79" />
    <UnitTestResult executionId="87152137-cd3c-404f-8f41-0a3bad2c4f95" testId="f68b44be-09fd-bfab-365e-454e288a6386" testName="Aula.Tests.Bots.TelegramInteractiveBotTests.PostWeekLetter_WithDuplicateContent_ProcessesBothCalls" computerName="RHO-DESKTOP" duration="00:00:00.0053470" startTime="2025-06-30T19:43:41.9351552+02:00" endTime="2025-06-30T19:43:41.9351554+02:00" testType="13cdc9d9-ddb5-4fa4-a97d-d965ccfc6d4b" outcome="Passed" testListId="8c84fa94-04c1-424b-9868-57a2d4851a1d" relativeResultsDirectory="87152137-cd3c-404f-8f41-0a3bad2c4f95" />
    <UnitTestResult executionId="aedce0be-1fbe-43ad-a5cd-baf8b289c3de" testId="08f9b0f6-c970-f823-e359-90266e985263" testName="Aula.Tests.Bots.TelegramMessageHandlerTests.HandleMessageAsync_WithCancellationToken_RespectsCancellation" computerName="RHO-DESKTOP" duration="00:00:00.0012366" startTime="2025-06-30T19:43:41.5586720+02:00" endTime="2025-06-30T19:43:41.5586721+02:00" testType="13cdc9d9-ddb5-4fa4-a97d-d965ccfc6d4b" outcome="Passed" testListId="8c84fa94-04c1-424b-9868-57a2d4851a1d" relativeResultsDirectory="aedce0be-1fbe-43ad-a5cd-baf8b289c3de" />
    <UnitTestResult executionId="77cc3b0f-0d72-4466-9127-4ed8992201d9" testId="9ac720d3-776c-ab54-a939-3b82af418447" testName="Aula.Tests.Utilities.ReminderExtractionPromptsTests.GetExtractionPrompt_WithDifferentMinuteOffsets_CalculatesCorrectly(minutes: 30)" computerName="RHO-DESKTOP" duration="00:00:00.0000654" startTime="2025-06-30T19:43:41.5617521+02:00" endTime="2025-06-30T19:43:41.5617521+02:00" testType="13cdc9d9-ddb5-4fa4-a97d-d965ccfc6d4b" outcome="Passed" testListId="8c84fa94-04c1-424b-9868-57a2d4851a1d" relativeResultsDirectory="77cc3b0f-0d72-4466-9127-4ed8992201d9" />
    <UnitTestResult executionId="a09fb248-20a6-4514-b695-14e14b8ebd6b" testId="042593f6-6140-ccfe-82d6-8f794997c196" testName="Aula.Tests.Bots.TelegramMessageHandlerTests.HandleMessageAsync_WithGroupChat_HandlesCorrectly" computerName="RHO-DESKTOP" duration="00:00:00.0076190" startTime="2025-06-30T19:43:41.5369539+02:00" endTime="2025-06-30T19:43:41.5369540+02:00" testType="13cdc9d9-ddb5-4fa4-a97d-d965ccfc6d4b" outcome="Passed" testListId="8c84fa94-04c1-424b-9868-57a2d4851a1d" relativeResultsDirectory="a09fb248-20a6-4514-b695-14e14b8ebd6b" />
    <UnitTestResult executionId="47d59ba8-10c2-45c4-8192-bf2c43a37ff4" testId="0a8ad004-d01c-d1e0-58a0-181e5b1d213b" testName="Aula.Tests.Configuration.ConfigurationTests.Timers_AdaptivePollingLimits_ValidationTests(minSeconds: 5, maxSeconds: 30, isValid: True)" computerName="RHO-DESKTOP" duration="00:00:00.2854716" startTime="2025-06-30T19:43:41.4872461+02:00" endTime="2025-06-30T19:43:41.4872464+02:00" testType="13cdc9d9-ddb5-4fa4-a97d-d965ccfc6d4b" outcome="Passed" testListId="8c84fa94-04c1-424b-9868-57a2d4851a1d" relativeResultsDirectory="47d59ba8-10c2-45c4-8192-bf2c43a37ff4" />
    <UnitTestResult executionId="a289ada5-8b66-4a22-8295-45a8bfbb439b" testId="4f957322-220c-36b8-b6b3-657137ac0ed1" testName="Aula.Tests.Services.OpenAiServiceIntegrationTests.ExtractKeyInformationAsync_WithValidWeekLetter_CallsApiWithCorrectParameters" computerName="RHO-DESKTOP" duration="00:00:00.6691028" startTime="2025-06-30T19:43:45.2231520+02:00" endTime="2025-06-30T19:43:45.2231522+02:00" testType="13cdc9d9-ddb5-4fa4-a97d-d965ccfc6d4b" outcome="Passed" testListId="8c84fa94-04c1-424b-9868-57a2d4851a1d" relativeResultsDirectory="a289ada5-8b66-4a22-8295-45a8bfbb439b" />
    <UnitTestResult executionId="70102ebd-0ff0-4a81-a99b-06633c41d5c7" testId="c7ba7dd8-e3e6-46dc-0605-cbeb66092785" testName="Aula.Tests.Utilities.WeekLetterContentExtractorTests.ExtractContent_WithEmptyUgebreve_ReturnsEmptyString" computerName="RHO-DESKTOP" duration="00:00:00.0001306" startTime="2025-06-30T19:43:41.1570838+02:00" endTime="2025-06-30T19:43:41.1570840+02:00" testType="13cdc9d9-ddb5-4fa4-a97d-d965ccfc6d4b" outcome="Passed" testListId="8c84fa94-04c1-424b-9868-57a2d4851a1d" relativeResultsDirectory="70102ebd-0ff0-4a81-a99b-06633c41d5c7" />
    <UnitTestResult executionId="e372a247-c4c1-4d1a-bfed-a5e57e04fb93" testId="4854f432-ed08-b528-1fc8-b51b93105d76" testName="Aula.Tests.Services.OpenAiServiceIntegrationTests.Constructor_WithCustomModel_UsesSpecifiedModel" computerName="RHO-DESKTOP" duration="00:00:00.0074930" startTime="2025-06-30T19:43:41.1011054+02:00" endTime="2025-06-30T19:43:41.1011055+02:00" testType="13cdc9d9-ddb5-4fa4-a97d-d965ccfc6d4b" outcome="Passed" testListId="8c84fa94-04c1-424b-9868-57a2d4851a1d" relativeResultsDirectory="e372a247-c4c1-4d1a-bfed-a5e57e04fb93" />
    <UnitTestResult executionId="f655ac3c-0a0c-4fc9-b2ea-01075b8e1fad" testId="470ea3d0-f459-b6ad-4f9f-44954dd4a0b8" testName="Aula.Tests.Channels.SlackBotTests.PostMessage_WithVariousMessages_DoesNotThrow(message: &quot;Simple message&quot;)" computerName="RHO-DESKTOP" duration="00:00:00.0001254" startTime="2025-06-30T19:43:41.3489426+02:00" endTime="2025-06-30T19:43:41.3489427+02:00" testType="13cdc9d9-ddb5-4fa4-a97d-d965ccfc6d4b" outcome="Passed" testListId="8c84fa94-04c1-424b-9868-57a2d4851a1d" relativeResultsDirectory="f655ac3c-0a0c-4fc9-b2ea-01075b8e1fad" />
    <UnitTestResult executionId="85c33def-a67f-4efa-ba9d-810852431ce0" testId="d3b4820e-3f6b-fc6c-04b8-e7cf49b0bad8" testName="Aula.Tests.Channels.SlackBotTests.PostWeekLetter_WithVariousChildNames_HandlesCorrectly(firstName: &quot;&quot;)" computerName="RHO-DESKTOP" duration="00:00:00.1202810" startTime="2025-06-30T19:43:41.3336881+02:00" endTime="2025-06-30T19:43:41.3336883+02:00" testType="13cdc9d9-ddb5-4fa4-a97d-d965ccfc6d4b" outcome="Passed" testListId="8c84fa94-04c1-424b-9868-57a2d4851a1d" relativeResultsDirectory="85c33def-a67f-4efa-ba9d-810852431ce0" />
    <UnitTestResult executionId="33472ee9-716b-41c1-8bec-7a6738caec46" testId="18c82026-182f-6e23-4c30-ed576236aa7c" testName="Aula.Tests.Utilities.FollowUpQuestionDetectorTests.IsFollowUpQuestion_WithPunctuationAroundChildName_WorksCorrectly(input: &quot;Emma,&quot;)" computerName="RHO-DESKTOP" duration="00:00:00.0003531" startTime="2025-06-30T19:43:41.6637160+02:00" endTime="2025-06-30T19:43:41.6637161+02:00" testType="13cdc9d9-ddb5-4fa4-a97d-d965ccfc6d4b" outcome="Passed" testListId="8c84fa94-04c1-424b-9868-57a2d4851a1d" relativeResultsDirectory="33472ee9-716b-41c1-8bec-7a6738caec46" />
    <UnitTestResult executionId="3132f345-c697-47e5-a5b1-402067442b48" testId="0e25bcf5-ab45-f600-b517-83fefa26e455" testName="Aula.Tests.Configuration.ConfigurationTests.Timers_AdaptivePollingLimits_ValidationTests(minSeconds: 10, maxSeconds: 10, isValid: True)" computerName="RHO-DESKTOP" duration="00:00:00.0267680" startTime="2025-06-30T19:43:41.6204937+02:00" endTime="2025-06-30T19:43:41.6204938+02:00" testType="13cdc9d9-ddb5-4fa4-a97d-d965ccfc6d4b" outcome="Passed" testListId="8c84fa94-04c1-424b-9868-57a2d4851a1d" relativeResultsDirectory="3132f345-c697-47e5-a5b1-402067442b48" />
    <UnitTestResult executionId="741fc8e2-8956-4118-91f1-3eeb371bb0df" testId="466fbb21-c308-9cae-2419-4b3a3d66b5be" testName="Aula.Tests.Channels.TelegramClientTests.SendMessageToChannel_WithVariousMessages_DoesNotThrow(message: &quot;Simple message&quot;)" computerName="RHO-DESKTOP" duration="00:00:00.0001475" startTime="2025-06-30T19:43:41.2263492+02:00" endTime="2025-06-30T19:43:41.2263493+02:00" testType="13cdc9d9-ddb5-4fa4-a97d-d965ccfc6d4b" outcome="Passed" testListId="8c84fa94-04c1-424b-9868-57a2d4851a1d" relativeResultsDirectory="741fc8e2-8956-4118-91f1-3eeb371bb0df" />
    <UnitTestResult executionId="423fc86a-5a85-4856-860a-6ebc4f7019fd" testId="14b493ec-1bcb-50f5-9528-914b1e27347a" testName="Aula.Tests.Configuration.ConfigurationTests.Features_ConversationCacheExpiration_ValidationTests(minutes: -1, isValid: False)" computerName="RHO-DESKTOP" duration="00:00:00.0099680" startTime="2025-06-30T19:43:41.6853260+02:00" endTime="2025-06-30T19:43:41.6853261+02:00" testType="13cdc9d9-ddb5-4fa4-a97d-d965ccfc6d4b" outcome="Passed" testListId="8c84fa94-04c1-424b-9868-57a2d4851a1d" relativeResultsDirectory="423fc86a-5a85-4856-860a-6ebc4f7019fd" />
    <UnitTestResult executionId="4dcb729e-819e-4f3e-82b7-c1a5f6c8a411" testId="4efd7a5c-c0df-ae80-f7ee-8f404f14cec4" testName="Aula.Tests.Utilities.FollowUpQuestionDetectorTests.IsFollowUpQuestion_WithoutFollowUpPhrases_ReturnsFalse(input: &quot;random text&quot;)" computerName="RHO-DESKTOP" duration="00:00:00.0000460" startTime="2025-06-30T19:43:41.6597473+02:00" endTime="2025-06-30T19:43:41.6597474+02:00" testType="13cdc9d9-ddb5-4fa4-a97d-d965ccfc6d4b" outcome="Passed" testListId="8c84fa94-04c1-424b-9868-57a2d4851a1d" relativeResultsDirectory="4dcb729e-819e-4f3e-82b7-c1a5f6c8a411" />
    <UnitTestResult executionId="46da9360-2bc2-4ab3-9d2e-2a151ebab511" testId="3a146d29-fbcb-fef0-8b31-74bf7ff2c627" testName="Aula.Tests.Utilities.Html2SlackMarkdownConverterTests.Convert_WithPartialTags_HandlesGracefully(html: &quot;&lt;p&gt;&quot;)" computerName="RHO-DESKTOP" duration="00:00:00.0013840" startTime="2025-06-30T19:43:41.5498919+02:00" endTime="2025-06-30T19:43:41.5498920+02:00" testType="13cdc9d9-ddb5-4fa4-a97d-d965ccfc6d4b" outcome="Passed" testListId="8c84fa94-04c1-424b-9868-57a2d4851a1d" relativeResultsDirectory="46da9360-2bc2-4ab3-9d2e-2a151ebab511" />
    <UnitTestResult executionId="8a341e70-be9e-4e8f-ba44-111993a9f1d6" testId="2c3c35ba-d19e-e494-0ed2-32abdacfd200" testName="Aula.Tests.Utilities.DateTimeUtilitiesTests.GetDanishDayName_AllValidDaysOfWeek_ReturnsNonEmptyString(dayOfWeek: Sunday)" computerName="RHO-DESKTOP" duration="00:00:00.0000252" startTime="2025-06-30T19:43:41.0067055+02:00" endTime="2025-06-30T19:43:41.0067056+02:00" testType="13cdc9d9-ddb5-4fa4-a97d-d965ccfc6d4b" outcome="Passed" testListId="8c84fa94-04c1-424b-9868-57a2d4851a1d" relativeResultsDirectory="8a341e70-be9e-4e8f-ba44-111993a9f1d6" />
    <UnitTestResult executionId="238cbaad-4897-4256-8a68-f41e416772c4" testId="9737c38f-ad68-db59-78e8-3f7908babdcf" testName="Aula.Tests.Bots.SlackMessageHandlerTests.Constructor_WithNullReminderHandler_ThrowsArgumentNullException" computerName="RHO-DESKTOP" duration="00:00:00.0003285" startTime="2025-06-30T19:43:47.6373692+02:00" endTime="2025-06-30T19:43:47.6373693+02:00" testType="13cdc9d9-ddb5-4fa4-a97d-d965ccfc6d4b" outcome="Passed" testListId="8c84fa94-04c1-424b-9868-57a2d4851a1d" relativeResultsDirectory="238cbaad-4897-4256-8a68-f41e416772c4" />
    <UnitTestResult executionId="572e7dc0-9b36-4866-96f5-1c9c6fd2c959" testId="06bd4992-c8ee-1a40-f2c9-75f9e0d2a1aa" testName="Aula.Tests.Configuration.ConfigurationTests.Timers_AdaptivePollingLimits_ValidationTests(minSeconds: 0, maxSeconds: 30, isValid: False)" computerName="RHO-DESKTOP" duration="00:00:00.0198868" startTime="2025-06-30T19:43:41.5481623+02:00" endTime="2025-06-30T19:43:41.5481624+02:00" testType="13cdc9d9-ddb5-4fa4-a97d-d965ccfc6d4b" outcome="Passed" testListId="8c84fa94-04c1-424b-9868-57a2d4851a1d" relativeResultsDirectory="572e7dc0-9b36-4866-96f5-1c9c6fd2c959" />
    <UnitTestResult executionId="954dbce4-58b6-49a0-a715-3c3a5c366e6a" testId="d40cf226-bdf8-6b6d-78c9-8bc50af04b77" testName="Aula.Tests.Tools.AiToolsManagerTests.ListRemindersAsync_WithReminders_ReturnsFormattedList" computerName="RHO-DESKTOP" duration="00:00:00.1856279" startTime="2025-06-30T19:43:41.0642913+02:00" endTime="2025-06-30T19:43:41.0642914+02:00" testType="13cdc9d9-ddb5-4fa4-a97d-d965ccfc6d4b" outcome="Passed" testListId="8c84fa94-04c1-424b-9868-57a2d4851a1d" relativeResultsDirectory="954dbce4-58b6-49a0-a715-3c3a5c366e6a" />
    <UnitTestResult executionId="f659c4ab-370c-48ff-9f83-71342a8d022c" testId="690eef1c-e4e3-0c63-48ad-a783777fa685" testName="Aula.Tests.Scheduling.SchedulingServiceIntegrationTests.Constructor_WithNullSlackBot_ThrowsArgumentNullException" computerName="RHO-DESKTOP" duration="00:00:00.0010551" startTime="2025-06-30T19:43:41.2087650+02:00" endTime="2025-06-30T19:43:41.2087651+02:00" testType="13cdc9d9-ddb5-4fa4-a97d-d965ccfc6d4b" outcome="Passed" testListId="8c84fa94-04c1-424b-9868-57a2d4851a1d" relativeResultsDirectory="f659c4ab-370c-48ff-9f83-71342a8d022c" />
    <UnitTestResult executionId="f90db2d1-4354-4952-9bd5-d360d1226889" testId="5e8b18ba-6a80-fd43-4cb0-8c6bdf8765d5" testName="Aula.Tests.Tools.ReminderCommandHandlerTests.TryHandleReminderCommand_ListReminders_ValidCommands_ReturnsRemindersList(command: &quot;show reminders&quot;, isEnglish: True)" computerName="RHO-DESKTOP" duration="00:00:00.0007812" startTime="2025-06-30T19:43:41.6051026+02:00" endTime="2025-06-30T19:43:41.6051027+02:00" testType="13cdc9d9-ddb5-4fa4-a97d-d965ccfc6d4b" outcome="Passed" testListId="8c84fa94-04c1-424b-9868-57a2d4851a1d" relativeResultsDirectory="f90db2d1-4354-4952-9bd5-d360d1226889" />
    <UnitTestResult executionId="99d333b1-28af-48cf-b779-966e31e5edbf" testId="40ac891b-3aed-7213-ed1d-840834b3000d" testName="Aula.Tests.Bots.TelegramMessageHandlerTests.HandleMessageAsync_WithValidQuery_ProcessesSuccessfully(queryText: &quot;Vis ugeplanen&quot;)" computerName="RHO-DESKTOP" duration="00:00:00.0049829" startTime="2025-06-30T19:43:41.4201655+02:00" endTime="2025-06-30T19:43:41.4201656+02:00" testType="13cdc9d9-ddb5-4fa4-a97d-d965ccfc6d4b" outcome="Passed" testListId="8c84fa94-04c1-424b-9868-57a2d4851a1d" relativeResultsDirectory="99d333b1-28af-48cf-b779-966e31e5edbf" />
    <UnitTestResult executionId="47892479-e257-49a4-8a95-93ffb36674ff" testId="dafa776a-6a08-1272-aac7-ca70346aa44a" testName="Aula.Tests.Bots.TelegramMessageHandlerTests.HandleMessageAsync_WithNonTextMessage_ReturnsEarly" computerName="RHO-DESKTOP" duration="00:00:00.0203288" startTime="2025-06-30T19:43:41.5045652+02:00" endTime="2025-06-30T19:43:41.5045653+02:00" testType="13cdc9d9-ddb5-4fa4-a97d-d965ccfc6d4b" outcome="Passed" testListId="8c84fa94-04c1-424b-9868-57a2d4851a1d" relativeResultsDirectory="47892479-e257-49a4-8a95-93ffb36674ff" />
    <UnitTestResult executionId="4a938b57-eae2-468e-bf0d-1b7dfa6601e0" testId="2c4f5c38-e0cd-3355-85e7-bc13205402ed" testName="Aula.Tests.Tools.ReminderCommandHandlerTests.TryHandleReminderCommand_ListReminders_ValidCommands_ReturnsRemindersList(command: &quot;list reminders&quot;, isEnglish: True)" computerName="RHO-DESKTOP" duration="00:00:00.0004298" startTime="2025-06-30T19:43:41.6072458+02:00" endTime="2025-06-30T19:43:41.6072460+02:00" testType="13cdc9d9-ddb5-4fa4-a97d-d965ccfc6d4b" outcome="Passed" testListId="8c84fa94-04c1-424b-9868-57a2d4851a1d" relativeResultsDirectory="4a938b57-eae2-468e-bf0d-1b7dfa6601e0" />
    <UnitTestResult executionId="f35a207e-9cd5-4718-87b1-36be24ccb1be" testId="0a638305-142d-7de7-7f12-9a81aa636946" testName="Aula.Tests.Bots.TelegramInteractiveBotTests.SendMessage_WithLongChatId_SendsSuccessfully(chatId: &quot;987654321&quot;)" computerName="RHO-DESKTOP" duration="00:00:00.0791964" startTime="2025-06-30T19:43:41.9295345+02:00" endTime="2025-06-30T19:43:41.9295347+02:00" testType="13cdc9d9-ddb5-4fa4-a97d-d965ccfc6d4b" outcome="Passed" testListId="8c84fa94-04c1-424b-9868-57a2d4851a1d" relativeResultsDirectory="f35a207e-9cd5-4718-87b1-36be24ccb1be" />
    <UnitTestResult executionId="a097b507-af8c-405c-8333-51bf40bc7197" testId="a7b1749e-2ad3-548e-4171-dcc39a4ba308" testName="Aula.Tests.Channels.SlackBotTests.Constructor_WithEmptyUrl_ThrowsArgumentException" computerName="RHO-DESKTOP" duration="00:00:00.0005574" startTime="2025-06-30T19:43:41.3500396+02:00" endTime="2025-06-30T19:43:41.3500397+02:00" testType="13cdc9d9-ddb5-4fa4-a97d-d965ccfc6d4b" outcome="Passed" testListId="8c84fa94-04c1-424b-9868-57a2d4851a1d" relativeResultsDirectory="a097b507-af8c-405c-8333-51bf40bc7197" />
    <UnitTestResult executionId="d330fd18-657c-4ba7-b3fa-0180c3862d94" testId="c8f354e3-5f08-fa6e-54e5-16cf95052730" testName="Aula.Tests.Scheduling.SchedulingServiceIntegrationTests.StartStop_Sequence_WorksCorrectly" computerName="RHO-DESKTOP" duration="00:00:00.0014834" startTime="2025-06-30T19:43:41.1717073+02:00" endTime="2025-06-30T19:43:41.1717075+02:00" testType="13cdc9d9-ddb5-4fa4-a97d-d965ccfc6d4b" outcome="Passed" testListId="8c84fa94-04c1-424b-9868-57a2d4851a1d" relativeResultsDirectory="d330fd18-657c-4ba7-b3fa-0180c3862d94" />
    <UnitTestResult executionId="93476147-452f-439c-ac47-1af840b44d04" testId="a2a7734b-7826-2e52-b732-ff373605efea" testName="Aula.Tests.Channels.TelegramClientTests.SendMessageToChannel_WithVariousMessages_DoesNotThrow(message: &quot;Message with &lt;b&gt;bold&lt;/b&gt; text&quot;)" computerName="RHO-DESKTOP" duration="00:00:00.0006016" startTime="2025-06-30T19:43:41.2249701+02:00" endTime="2025-06-30T19:43:41.2249703+02:00" testType="13cdc9d9-ddb5-4fa4-a97d-d965ccfc6d4b" outcome="Passed" testListId="8c84fa94-04c1-424b-9868-57a2d4851a1d" relativeResultsDirectory="93476147-452f-439c-ac47-1af840b44d04" />
    <UnitTestResult executionId="b670b449-b3e4-46c0-8c88-6e823d467048" testId="db1ac5c7-4d71-7640-4051-517cc2b3de0c" testName="Aula.Tests.Scheduling.SchedulingServiceIntegrationTests.Service_WithDifferentBotConfigurations_WorksCorrectly(slackEnabled: False, telegramEnabled: True)" computerName="RHO-DESKTOP" duration="00:00:00.0034348" startTime="2025-06-30T19:43:41.1855810+02:00" endTime="2025-06-30T19:43:41.1855812+02:00" testType="13cdc9d9-ddb5-4fa4-a97d-d965ccfc6d4b" outcome="Passed" testListId="8c84fa94-04c1-424b-9868-57a2d4851a1d" relativeResultsDirectory="b670b449-b3e4-46c0-8c88-6e823d467048" />
    <UnitTestResult executionId="a2d252ae-8dba-4bca-af9e-06ab144dec02" testId="a05ddd0e-e3f2-fb31-c2fd-f1f3b4b30fc1" testName="Aula.Tests.Utilities.FollowUpQuestionDetectorTests.IsFollowUpQuestion_LogsCorrectlyForShortMessage" computerName="RHO-DESKTOP" duration="00:00:00.0025336" startTime="2025-06-30T19:43:41.6616067+02:00" endTime="2025-06-30T19:43:41.6616068+02:00" testType="13cdc9d9-ddb5-4fa4-a97d-d965ccfc6d4b" outcome="Passed" testListId="8c84fa94-04c1-424b-9868-57a2d4851a1d" relativeResultsDirectory="a2d252ae-8dba-4bca-af9e-06ab144dec02" />
    <UnitTestResult executionId="377f6ef4-f377-4504-9593-e9b7ff003e21" testId="5befb21e-f374-5353-37db-f8026e3c1253" testName="Aula.Tests.Bots.TelegramMessageHandlerTests.Constructor_WithNullConversationContextManager_ThrowsArgumentNullException" computerName="RHO-DESKTOP" duration="00:00:00.0021730" startTime="2025-06-30T19:43:41.4410115+02:00" endTime="2025-06-30T19:43:41.4410116+02:00" testType="13cdc9d9-ddb5-4fa4-a97d-d965ccfc6d4b" outcome="Passed" testListId="8c84fa94-04c1-424b-9868-57a2d4851a1d" relativeResultsDirectory="377f6ef4-f377-4504-9593-e9b7ff003e21" />
    <UnitTestResult executionId="fc0c14f2-aab9-44ca-8a40-ec5cde51ccc2" testId="d9434b0b-f031-6aad-3c30-fb3e0d035dab" testName="Aula.Tests.Scheduling.SchedulingServiceIntegrationTests.Constructor_WithValidParameters_InitializesCorrectly" computerName="RHO-DESKTOP" duration="00:00:00.0005062" startTime="2025-06-30T19:43:41.2080796+02:00" endTime="2025-06-30T19:43:41.2080797+02:00" testType="13cdc9d9-ddb5-4fa4-a97d-d965ccfc6d4b" outcome="Passed" testListId="8c84fa94-04c1-424b-9868-57a2d4851a1d" relativeResultsDirectory="fc0c14f2-aab9-44ca-8a40-ec5cde51ccc2" />
    <UnitTestResult executionId="436070c7-2d15-4390-b6c0-ee49f1bbc6b5" testId="715923f7-f881-74c1-66a2-e6f91fe6f3c7" testName="Aula.Tests.Scheduling.SchedulingServiceTests.Constructor_WithValidParameters_InitializesCorrectly" computerName="RHO-DESKTOP" duration="00:00:00.0009091" startTime="2025-06-30T19:43:41.2636184+02:00" endTime="2025-06-30T19:43:41.2636185+02:00" testType="13cdc9d9-ddb5-4fa4-a97d-d965ccfc6d4b" outcome="Passed" testListId="8c84fa94-04c1-424b-9868-57a2d4851a1d" relativeResultsDirectory="436070c7-2d15-4390-b6c0-ee49f1bbc6b5" />
    <UnitTestResult executionId="d488fc46-46ed-43df-b884-eb8d624b4b5e" testId="ebe83846-f30d-4502-5b06-920f9179e550" testName="Aula.Tests.Utilities.ReminderExtractionPromptsTests.GetExtractionPrompt_WithVariousCurrentTimes_CalculatesRelativeDatesCorrectly(currentTimeStr: &quot;2025-12-31 23:59:59&quot;)" computerName="RHO-DESKTOP" duration="00:00:00.0071380" startTime="2025-06-30T19:43:41.5549901+02:00" endTime="2025-06-30T19:43:41.5549903+02:00" testType="13cdc9d9-ddb5-4fa4-a97d-d965ccfc6d4b" outcome="Passed" testListId="8c84fa94-04c1-424b-9868-57a2d4851a1d" relativeResultsDirectory="d488fc46-46ed-43df-b884-eb8d624b4b5e" />
    <UnitTestResult executionId="de9f01f0-0b9e-45fd-b197-4bbe9043a94d" testId="59b6be02-8191-f5a7-74ed-b8f44b1cda27" testName="Aula.Tests.Utilities.DateTimeUtilitiesTests.GetDanishDayName_ValidDayOfWeek_ReturnsLowercaseName(dayOfWeek: Monday, expectedName: &quot;mandag&quot;)" computerName="RHO-DESKTOP" duration="00:00:00.0003017" startTime="2025-06-30T19:43:41.0090357+02:00" endTime="2025-06-30T19:43:41.0090357+02:00" testType="13cdc9d9-ddb5-4fa4-a97d-d965ccfc6d4b" outcome="Passed" testListId="8c84fa94-04c1-424b-9868-57a2d4851a1d" relativeResultsDirectory="de9f01f0-0b9e-45fd-b197-4bbe9043a94d" />
    <UnitTestResult executionId="2a70f70f-b4eb-46a9-8bb5-0b176662187f" testId="bf86283e-7a86-5918-0c0e-285ecb14cc6f" testName="Aula.Tests.Bots.TelegramMessageHandlerTests.HandleMessageAsync_WithReminderCommand_ProcessesMessage(reminderCommand: &quot;vis påmindelser&quot;)" computerName="RHO-DESKTOP" duration="00:00:00.0065176" startTime="2025-06-30T19:43:41.4573731+02:00" endTime="2025-06-30T19:43:41.4573732+02:00" testType="13cdc9d9-ddb5-4fa4-a97d-d965ccfc6d4b" outcome="Passed" testListId="8c84fa94-04c1-424b-9868-57a2d4851a1d" relativeResultsDirectory="2a70f70f-b4eb-46a9-8bb5-0b176662187f" />
    <UnitTestResult executionId="675c3bb2-8d37-47a1-a11e-11424b14ab61" testId="cb85d1d7-f37e-7a0d-4571-db193adf7955" testName="Aula.Tests.Utilities.IntentAnalysisPromptsTests.ToolExamples_ContainsRequiredKeys(key: &quot;GET_CURRENT_TIME_DANISH&quot;)" computerName="RHO-DESKTOP" duration="00:00:00.0000071" startTime="2025-06-30T19:43:41.1201449+02:00" endTime="2025-06-30T19:43:41.1201450+02:00" testType="13cdc9d9-ddb5-4fa4-a97d-d965ccfc6d4b" outcome="Passed" testListId="8c84fa94-04c1-424b-9868-57a2d4851a1d" relativeResultsDirectory="675c3bb2-8d37-47a1-a11e-11424b14ab61" />
    <UnitTestResult executionId="d91084c8-d667-45ae-9265-7dc23b515350" testId="66873fdb-c193-9c8c-5dd6-46cb202ddd5f" testName="Aula.Tests.Bots.TelegramInteractiveBotTests.Constructor_WithNullSupabaseService_ThrowsArgumentNullException" computerName="RHO-DESKTOP" duration="00:00:00.0007927" startTime="2025-06-30T19:43:41.9424351+02:00" endTime="2025-06-30T19:43:41.9424352+02:00" testType="13cdc9d9-ddb5-4fa4-a97d-d965ccfc6d4b" outcome="Passed" testListId="8c84fa94-04c1-424b-9868-57a2d4851a1d" relativeResultsDirectory="d91084c8-d667-45ae-9265-7dc23b515350" />
    <UnitTestResult executionId="be1a29a1-b35c-4573-912a-d640f3c69ac4" testId="291a0a00-e36f-0b02-ed15-eb7d9d18168a" testName="Aula.Tests.Tools.ReminderCommandHandlerTests.TryHandleReminderCommand_ListReminders_WithException_LogsErrorAndReturnsErrorMessage(command: &quot;list reminders&quot;, isEnglish: True)" computerName="RHO-DESKTOP" duration="00:00:00.0029673" startTime="2025-06-30T19:43:41.6212978+02:00" endTime="2025-06-30T19:43:41.6212980+02:00" testType="13cdc9d9-ddb5-4fa4-a97d-d965ccfc6d4b" outcome="Passed" testListId="8c84fa94-04c1-424b-9868-57a2d4851a1d" relativeResultsDirectory="be1a29a1-b35c-4573-912a-d640f3c69ac4" />
    <UnitTestResult executionId="47278ae1-5fe9-46ba-8438-66a878ab2330" testId="5ad91b1e-e6bf-9b68-b95f-00f8f29f8b7a" testName="Aula.Tests.Bots.SlackMessageHandlerTests.HandleMessageAsync_WithValidQuery_ProcessesSuccessfully(queryText: &quot;Hvad skal Emma i dag?&quot;)" computerName="RHO-DESKTOP" duration="00:00:02.2197880" startTime="2025-06-30T19:43:44.6878858+02:00" endTime="2025-06-30T19:43:44.6878862+02:00" testType="13cdc9d9-ddb5-4fa4-a97d-d965ccfc6d4b" outcome="Passed" testListId="8c84fa94-04c1-424b-9868-57a2d4851a1d" relativeResultsDirectory="47278ae1-5fe9-46ba-8438-66a878ab2330" />
    <UnitTestResult executionId="4c1c6777-a69c-4b00-949b-cd9d1104adc6" testId="7603ab70-2625-ab42-8d9e-7a15863cfd1c" testName="Aula.Tests.Utilities.DateTimeUtilitiesTests.GetDanishDayName_ValidDayOfWeek_ReturnsCorrectDanishName(dayOfWeek: Sunday, expectedDanishName: &quot;søndag&quot;)" computerName="RHO-DESKTOP" duration="00:00:00.0000024" startTime="2025-06-30T19:43:40.9914138+02:00" endTime="2025-06-30T19:43:40.9914139+02:00" testType="13cdc9d9-ddb5-4fa4-a97d-d965ccfc6d4b" outcome="Passed" testListId="8c84fa94-04c1-424b-9868-57a2d4851a1d" relativeResultsDirectory="4c1c6777-a69c-4b00-949b-cd9d1104adc6" />
    <UnitTestResult executionId="76e70c0d-c443-450c-930b-33aa807fa13f" testId="5a2ccf07-adb3-2976-b4d9-5a45aeffd5a5" testName="Aula.Tests.Utilities.DateTimeUtilitiesTests.GetDanishDayName_AllValidDaysOfWeek_ReturnsNonEmptyString(dayOfWeek: Wednesday)" computerName="RHO-DESKTOP" duration="00:00:00.0000105" startTime="2025-06-30T19:43:40.9955644+02:00" endTime="2025-06-30T19:43:40.9955645+02:00" testType="13cdc9d9-ddb5-4fa4-a97d-d965ccfc6d4b" outcome="Passed" testListId="8c84fa94-04c1-424b-9868-57a2d4851a1d" relativeResultsDirectory="76e70c0d-c443-450c-930b-33aa807fa13f" />
    <UnitTestResult executionId="9a155e17-cd4e-49dc-849b-7aa6876a04ef" testId="eeb4dd87-b488-a6a2-6176-d39e9d1e7681" testName="Aula.Tests.Services.OpenAiServiceIntegrationTests.Constructor_WithNullLoggerFactory_ThrowsArgumentNullException" computerName="RHO-DESKTOP" duration="00:00:00.0009072" startTime="2025-06-30T19:43:47.4230656+02:00" endTime="2025-06-30T19:43:47.4230657+02:00" testType="13cdc9d9-ddb5-4fa4-a97d-d965ccfc6d4b" outcome="Passed" testListId="8c84fa94-04c1-424b-9868-57a2d4851a1d" relativeResultsDirectory="9a155e17-cd4e-49dc-849b-7aa6876a04ef" />
    <UnitTestResult executionId="2832b268-d5ee-4db1-b672-5c0352245bb0" testId="ad8a2ff8-387f-a97d-ceb6-7fab64c9766a" testName="Aula.Tests.Utilities.ConversationContextManagerTests.ClearContext_WithNonExistentKey_DoesNotLog" computerName="RHO-DESKTOP" duration="00:00:00.0080170" startTime="2025-06-30T19:43:41.1621162+02:00" endTime="2025-06-30T19:43:41.1621163+02:00" testType="13cdc9d9-ddb5-4fa4-a97d-d965ccfc6d4b" outcome="Passed" testListId="8c84fa94-04c1-424b-9868-57a2d4851a1d" relativeResultsDirectory="2832b268-d5ee-4db1-b672-5c0352245bb0" />
    <UnitTestResult executionId="cf2713ae-27ce-4023-a4cc-77fb42be9377" testId="1bdda070-0470-891d-d0f0-2e66f6c00467" testName="Aula.Tests.Utilities.FollowUpQuestionDetectorTests.IsFollowUpQuestion_WithEnglishFollowUpPhrases_ReturnsTrue(input: &quot;what about Emma&quot;)" computerName="RHO-DESKTOP" duration="00:00:00.0000563" startTime="2025-06-30T19:43:41.6292960+02:00" endTime="2025-06-30T19:43:41.6292962+02:00" testType="13cdc9d9-ddb5-4fa4-a97d-d965ccfc6d4b" outcome="Passed" testListId="8c84fa94-04c1-424b-9868-57a2d4851a1d" relativeResultsDirectory="cf2713ae-27ce-4023-a4cc-77fb42be9377" />
    <UnitTestResult executionId="6985a09a-37c8-4152-aa73-3d892c9bd0d5" testId="b951eadc-9c68-489f-5265-7dd5da8c5458" testName="Aula.Tests.Bots.TelegramMessageHandlerTests.HandleMessageAsync_WithValidQuery_ProcessesSuccessfully(queryText: &quot;What is Hans doing tomorrow?&quot;)" computerName="RHO-DESKTOP" duration="00:00:00.0185877" startTime="2025-06-30T19:43:41.4385717+02:00" endTime="2025-06-30T19:43:41.4385718+02:00" testType="13cdc9d9-ddb5-4fa4-a97d-d965ccfc6d4b" outcome="Passed" testListId="8c84fa94-04c1-424b-9868-57a2d4851a1d" relativeResultsDirectory="6985a09a-37c8-4152-aa73-3d892c9bd0d5" />
    <UnitTestResult executionId="5047ae71-3c4b-4cd0-a465-c0179ef482a4" testId="f4459af7-a3ce-b8ae-aafa-5bfa8a20da8c" testName="Aula.Tests.Utilities.ReminderExtractionPromptsTests.GetExtractionPrompt_ContainsDateTimeFormatInstructions" computerName="RHO-DESKTOP" duration="00:00:00.0002440" startTime="2025-06-30T19:43:41.5694299+02:00" endTime="2025-06-30T19:43:41.5694300+02:00" testType="13cdc9d9-ddb5-4fa4-a97d-d965ccfc6d4b" outcome="Passed" testListId="8c84fa94-04c1-424b-9868-57a2d4851a1d" relativeResultsDirectory="5047ae71-3c4b-4cd0-a465-c0179ef482a4" />
    <UnitTestResult executionId="68ef6e59-37ee-45dc-8164-1b4b0d81cb2e" testId="e67379c3-aafd-8be6-fda8-3e3a4a2a81aa" testName="Aula.Tests.Utilities.FollowUpQuestionDetectorTests.IsFollowUpQuestion_WithFullChildNames_WorksCorrectly(input: &quot;Emma Rose?&quot;)" computerName="RHO-DESKTOP" duration="00:00:00.0001995" startTime="2025-06-30T19:43:41.6548711+02:00" endTime="2025-06-30T19:43:41.6548713+02:00" testType="13cdc9d9-ddb5-4fa4-a97d-d965ccfc6d4b" outcome="Passed" testListId="8c84fa94-04c1-424b-9868-57a2d4851a1d" relativeResultsDirectory="68ef6e59-37ee-45dc-8164-1b4b0d81cb2e" />
    <UnitTestResult executionId="e6de3323-1a15-4ff6-8868-b87823e6379a" testId="a35c1648-d310-4839-ee57-c271d40d7d0e" testName="Aula.Tests.Bots.TelegramMessageHandlerTests.Constructor_WithNullAgentService_ThrowsArgumentNullException" computerName="RHO-DESKTOP" duration="00:00:00.0007976" startTime="2025-06-30T19:43:41.4603507+02:00" endTime="2025-06-30T19:43:41.4603508+02:00" testType="13cdc9d9-ddb5-4fa4-a97d-d965ccfc6d4b" outcome="Passed" testListId="8c84fa94-04c1-424b-9868-57a2d4851a1d" relativeResultsDirectory="e6de3323-1a15-4ff6-8868-b87823e6379a" />
    <UnitTestResult executionId="00302330-6f59-4432-a3d3-be592dbbef16" testId="1f0fe7c3-6c96-e4f5-5773-3174c2ad66d2" testName="Aula.Tests.Utilities.JsonFormatterTests.Prettify_WithIncompleteJson_ThrowsException(incompleteJson: &quot;[&quot;)" computerName="RHO-DESKTOP" duration="00:00:00.0017663" startTime="2025-06-30T19:43:41.0242049+02:00" endTime="2025-06-30T19:43:41.0242050+02:00" testType="13cdc9d9-ddb5-4fa4-a97d-d965ccfc6d4b" outcome="Passed" testListId="8c84fa94-04c1-424b-9868-57a2d4851a1d" relativeResultsDirectory="00302330-6f59-4432-a3d3-be592dbbef16" />
    <UnitTestResult executionId="30f85945-35ca-4396-b09f-5c1da5cc6d4c" testId="84d3e400-28e5-a032-6581-dd6f9d37667a" testName="Aula.Tests.Bots.TelegramInteractiveBotTests.SendMessage_WithLongChatIdAsLong_SendsSuccessfully(chatId: 1234567890)" computerName="RHO-DESKTOP" duration="00:00:00.0816343" startTime="2025-06-30T19:43:42.0283172+02:00" endTime="2025-06-30T19:43:42.0283173+02:00" testType="13cdc9d9-ddb5-4fa4-a97d-d965ccfc6d4b" outcome="Passed" testListId="8c84fa94-04c1-424b-9868-57a2d4851a1d" relativeResultsDirectory="30f85945-35ca-4396-b09f-5c1da5cc6d4c" />
    <UnitTestResult executionId="44dc8ab8-c6ba-47d6-8cbf-bb034e42b2f8" testId="346b4860-00f1-33ec-a1a3-5d05cc730f69" testName="Aula.Tests.Utilities.ReminderExtractionPromptsTests.GetExtractionPrompt_WithDifferentMinuteOffsets_CalculatesCorrectly(minutes: 2)" computerName="RHO-DESKTOP" duration="00:00:00.0002997" startTime="2025-06-30T19:43:41.5611733+02:00" endTime="2025-06-30T19:43:41.5611735+02:00" testType="13cdc9d9-ddb5-4fa4-a97d-d965ccfc6d4b" outcome="Passed" testListId="8c84fa94-04c1-424b-9868-57a2d4851a1d" relativeResultsDirectory="44dc8ab8-c6ba-47d6-8cbf-bb034e42b2f8" />
    <UnitTestResult executionId="166a61d4-e8dc-4200-8a5b-0281455ef171" testId="9c77e674-1e21-ff83-b112-8e3149d27b83" testName="Aula.Tests.Tools.AiToolsManagerTests.GetWeekLetters_WithNonExistentChild_ReturnsError" computerName="RHO-DESKTOP" duration="00:00:00.0006577" startTime="2025-06-30T19:43:41.1875466+02:00" endTime="2025-06-30T19:43:41.1875467+02:00" testType="13cdc9d9-ddb5-4fa4-a97d-d965ccfc6d4b" outcome="Passed" testListId="8c84fa94-04c1-424b-9868-57a2d4851a1d" relativeResultsDirectory="166a61d4-e8dc-4200-8a5b-0281455ef171" />
    <UnitTestResult executionId="6873c642-fdf4-4400-b655-d511078da764" testId="a928e41a-a5c8-5840-1107-8bfd65b6750c" testName="Aula.Tests.Scheduling.SchedulingServiceIntegrationTests.Constructor_WithNullLoggerFactory_ThrowsArgumentNullException" computerName="RHO-DESKTOP" duration="00:00:00.0011136" startTime="2025-06-30T19:43:41.2053980+02:00" endTime="2025-06-30T19:43:41.2053981+02:00" testType="13cdc9d9-ddb5-4fa4-a97d-d965ccfc6d4b" outcome="Passed" testListId="8c84fa94-04c1-424b-9868-57a2d4851a1d" relativeResultsDirectory="6873c642-fdf4-4400-b655-d511078da764" />
    <UnitTestResult executionId="7b6bc9f9-f0e9-48e3-8c09-9f2e6515e132" testId="1d29fac2-3f2b-d487-db1b-b2d3ad7fc889" testName="Aula.Tests.Bots.SlackInteractiveBotTests.Constructor_WithNullAgentService_ThrowsArgumentNullException" computerName="RHO-DESKTOP" duration="00:00:00.0036142" startTime="2025-06-30T19:43:41.3321687+02:00" endTime="2025-06-30T19:43:41.3321688+02:00" testType="13cdc9d9-ddb5-4fa4-a97d-d965ccfc6d4b" outcome="Passed" testListId="8c84fa94-04c1-424b-9868-57a2d4851a1d" relativeResultsDirectory="7b6bc9f9-f0e9-48e3-8c09-9f2e6515e132" />
    <UnitTestResult executionId="fc0afe91-47ea-4f85-a00f-74100755d090" testId="67c18331-6034-9aef-22c0-19f657f72f8b" testName="Aula.Tests.Utilities.FollowUpQuestionDetectorTests.IsFollowUpQuestion_WithoutFollowUpPhrases_ReturnsFalse(input: &quot;goodbye&quot;)" computerName="RHO-DESKTOP" duration="00:00:00.0000695" startTime="2025-06-30T19:43:41.6593463+02:00" endTime="2025-06-30T19:43:41.6593464+02:00" testType="13cdc9d9-ddb5-4fa4-a97d-d965ccfc6d4b" outcome="Passed" testListId="8c84fa94-04c1-424b-9868-57a2d4851a1d" relativeResultsDirectory="fc0afe91-47ea-4f85-a00f-74100755d090" />
    <UnitTestResult executionId="10e1d887-bfe0-4348-a661-634bc79e0567" testId="68fca5a0-0889-490e-ec2f-406de7ad763a" testName="Aula.Tests.Integration.MinUddannelseClientTests.GetWeekLetter_ReturnsWeekLetter_WhenApiReturnsData" computerName="RHO-DESKTOP" duration="00:00:00.0060403" startTime="2025-06-30T19:43:41.6230144+02:00" endTime="2025-06-30T19:43:41.6230145+02:00" testType="13cdc9d9-ddb5-4fa4-a97d-d965ccfc6d4b" outcome="Passed" testListId="8c84fa94-04c1-424b-9868-57a2d4851a1d" relativeResultsDirectory="10e1d887-bfe0-4348-a661-634bc79e0567" />
    <UnitTestResult executionId="a53eaf29-a4ac-43d4-a841-348bc591cd07" testId="2d15b0d6-fa3e-2b57-b48d-334f6fde3b35" testName="Aula.Tests.Services.DataModelTests.PostedLetter_WithProperties_SetsCorrectly" computerName="RHO-DESKTOP" duration="00:00:00.0010885" startTime="2025-06-30T19:43:41.0113676+02:00" endTime="2025-06-30T19:43:41.0113676+02:00" testType="13cdc9d9-ddb5-4fa4-a97d-d965ccfc6d4b" outcome="Passed" testListId="8c84fa94-04c1-424b-9868-57a2d4851a1d" relativeResultsDirectory="a53eaf29-a4ac-43d4-a841-348bc591cd07" />
    <UnitTestResult executionId="5081746d-e4d2-4510-88d6-2b06deeb8b74" testId="2435f07f-4cdd-eeff-ea35-46385277928d" testName="Aula.Tests.Bots.SlackMessageHandlerTests.HandleMessageAsync_WithNullText_ReturnsFalse" computerName="RHO-DESKTOP" duration="00:00:00.0039057" startTime="2025-06-30T19:43:41.5070042+02:00" endTime="2025-06-30T19:43:41.5070043+02:00" testType="13cdc9d9-ddb5-4fa4-a97d-d965ccfc6d4b" outcome="Passed" testListId="8c84fa94-04c1-424b-9868-57a2d4851a1d" relativeResultsDirectory="5081746d-e4d2-4510-88d6-2b06deeb8b74" />
    <UnitTestResult executionId="6ee1bee3-cdb4-4e79-b3dc-7c2b99338e55" testId="a774f8ba-9074-00fb-1dda-7e4eac4a4d85" testName="Aula.Tests.Utilities.ConversationContextManagerTests.GetContext_WithExpiredContext_ReturnsNullAndRemovesContext" computerName="RHO-DESKTOP" duration="00:00:00.1212936" startTime="2025-06-30T19:43:41.1005518+02:00" endTime="2025-06-30T19:43:41.1005519+02:00" testType="13cdc9d9-ddb5-4fa4-a97d-d965ccfc6d4b" outcome="Passed" testListId="8c84fa94-04c1-424b-9868-57a2d4851a1d" relativeResultsDirectory="6ee1bee3-cdb4-4e79-b3dc-7c2b99338e55" />
    <UnitTestResult executionId="9c20948a-ce45-4ef1-a50c-4be29135dd86" testId="ff05afd1-484c-69de-a316-bc507787c7c8" testName="Aula.Tests.Tools.ReminderCommandHandlerTests.TryHandleReminderCommand_AddReminder_ValidFormats_ReturnsSuccess(command: &quot;remind me 31/12 at 23:59 that Year end&quot;, isEnglish: True, expectedChildName: null)" computerName="RHO-DESKTOP" duration="00:00:00.0491348" startTime="2025-06-30T19:43:41.4596734+02:00" endTime="2025-06-30T19:43:41.4596735+02:00" testType="13cdc9d9-ddb5-4fa4-a97d-d965ccfc6d4b" outcome="Passed" testListId="8c84fa94-04c1-424b-9868-57a2d4851a1d" relativeResultsDirectory="9c20948a-ce45-4ef1-a50c-4be29135dd86" />
    <UnitTestResult executionId="b502c133-d62c-4063-a8ff-f67b21dba17c" testId="bf8de978-ede0-2334-cd93-70c2c792931f" testName="Aula.Tests.Services.DataModelTests.ConfigChild_Properties_WorkCorrectly" computerName="RHO-DESKTOP" duration="00:00:00.0007323" startTime="2025-06-30T19:43:40.9968056+02:00" endTime="2025-06-30T19:43:40.9968057+02:00" testType="13cdc9d9-ddb5-4fa4-a97d-d965ccfc6d4b" outcome="Passed" testListId="8c84fa94-04c1-424b-9868-57a2d4851a1d" relativeResultsDirectory="b502c133-d62c-4063-a8ff-f67b21dba17c" />
    <UnitTestResult executionId="efc540e7-80f2-4723-ad69-8b7142d89166" testId="d7d35b19-d0bc-0913-7974-7ed648909781" testName="Aula.Tests.Configuration.ConfigurationTests.UniLogin_ConfigurationIsCorrect" computerName="RHO-DESKTOP" duration="00:00:00.0079474" startTime="2025-06-30T19:43:41.7698391+02:00" endTime="2025-06-30T19:43:41.7698392+02:00" testType="13cdc9d9-ddb5-4fa4-a97d-d965ccfc6d4b" outcome="Passed" testListId="8c84fa94-04c1-424b-9868-57a2d4851a1d" relativeResultsDirectory="efc540e7-80f2-4723-ad69-8b7142d89166" />
    <UnitTestResult executionId="5785f2c7-57ff-497c-8e6d-f12da90e05c6" testId="5543d26e-832a-3de2-3988-5faa4df93969" testName="Aula.Tests.Tools.ReminderCommandHandlerTests.TryHandleReminderCommand_ListReminders_WithException_LogsErrorAndReturnsErrorMessage(command: &quot;vis påmindelser&quot;, isEnglish: False)" computerName="RHO-DESKTOP" duration="00:00:00.0098226" startTime="2025-06-30T19:43:41.6196373+02:00" endTime="2025-06-30T19:43:41.6196374+02:00" testType="13cdc9d9-ddb5-4fa4-a97d-d965ccfc6d4b" outcome="Passed" testListId="8c84fa94-04c1-424b-9868-57a2d4851a1d" relativeResultsDirectory="5785f2c7-57ff-497c-8e6d-f12da90e05c6" />
    <UnitTestResult executionId="f0a7afdd-1cac-4001-b1de-bba6dc6d5dfe" testId="c22f41fe-1a51-d644-5cab-111d373cdaae" testName="Aula.Tests.Channels.SlackBotTests.PostWeekLetter_WithVariousChildColors_HandlesCorrectly(color: &quot;#00FF00&quot;)" computerName="RHO-DESKTOP" duration="00:00:00.0099317" startTime="2025-06-30T19:43:41.3678530+02:00" endTime="2025-06-30T19:43:41.3678531+02:00" testType="13cdc9d9-ddb5-4fa4-a97d-d965ccfc6d4b" outcome="Passed" testListId="8c84fa94-04c1-424b-9868-57a2d4851a1d" relativeResultsDirectory="f0a7afdd-1cac-4001-b1de-bba6dc6d5dfe" />
    <UnitTestResult executionId="93e5c1d2-57cb-4ea5-830b-c81641e36c28" testId="b10574f8-57a7-a56d-69fc-5fa21e09fe6d" testName="Aula.Tests.Services.OpenAiServiceIntegrationTests.AskQuestionAboutChildrenAsync_WithNullChildrenWeekLetters_ThrowsArgumentNullException(chatInterface: Telegram)" computerName="RHO-DESKTOP" duration="00:00:00.0016777" startTime="2025-06-30T19:43:41.1358800+02:00" endTime="2025-06-30T19:43:41.1358802+02:00" testType="13cdc9d9-ddb5-4fa4-a97d-d965ccfc6d4b" outcome="Passed" testListId="8c84fa94-04c1-424b-9868-57a2d4851a1d" relativeResultsDirectory="93e5c1d2-57cb-4ea5-830b-c81641e36c28" />
    <UnitTestResult executionId="a41ec5b8-1b9a-4a67-bd9e-f35fde2cf7d9" testId="c79823a4-e6c5-4210-9526-f7fc3ce5d77c" testName="Aula.Tests.Services.OpenAiServiceIntegrationTests.ClearConversationHistory_WithoutContextKey_DoesNotThrow" computerName="RHO-DESKTOP" duration="00:00:00.0015889" startTime="2025-06-30T19:43:41.1372462+02:00" endTime="2025-06-30T19:43:41.1372463+02:00" testType="13cdc9d9-ddb5-4fa4-a97d-d965ccfc6d4b" outcome="Passed" testListId="8c84fa94-04c1-424b-9868-57a2d4851a1d" relativeResultsDirectory="a41ec5b8-1b9a-4a67-bd9e-f35fde2cf7d9" />
    <UnitTestResult executionId="922066da-bda1-48ce-ba39-09912028c5c4" testId="c4c73275-60fb-43b0-eee6-93a19927e8fc" testName="Aula.Tests.Utilities.Html2SlackMarkdownConverterTests.Convert_WithSpecialCharacters_HandlesCorrectly" computerName="RHO-DESKTOP" duration="00:00:00.0014793" startTime="2025-06-30T19:43:41.5908527+02:00" endTime="2025-06-30T19:43:41.5908528+02:00" testType="13cdc9d9-ddb5-4fa4-a97d-d965ccfc6d4b" outcome="Passed" testListId="8c84fa94-04c1-424b-9868-57a2d4851a1d" relativeResultsDirectory="922066da-bda1-48ce-ba39-09912028c5c4" />
    <UnitTestResult executionId="7af8797a-2607-4831-988d-ce46c2ecbf28" testId="a81f27b4-0dc1-da96-d279-fb940b021717" testName="Aula.Tests.Integration.AgentServiceTests.ExtractKeyInformationFromWeekLetterAsync_CallsOpenAiService" computerName="RHO-DESKTOP" duration="00:00:00.0190048" startTime="2025-06-30T19:43:41.2050708+02:00" endTime="2025-06-30T19:43:41.2050711+02:00" testType="13cdc9d9-ddb5-4fa4-a97d-d965ccfc6d4b" outcome="Passed" testListId="8c84fa94-04c1-424b-9868-57a2d4851a1d" relativeResultsDirectory="7af8797a-2607-4831-988d-ce46c2ecbf28" />
    <UnitTestResult executionId="af361bd8-387f-4b4d-b2ee-aedfe7b47950" testId="85d0bba0-b6e6-710e-0b38-be2340b6cfc9" testName="Aula.Tests.Configuration.ConfigurationTests.Features_ConversationCacheExpiration_ValidationTests(minutes: 0, isValid: False)" computerName="RHO-DESKTOP" duration="00:00:00.0046598" startTime="2025-06-30T19:43:41.6857108+02:00" endTime="2025-06-30T19:43:41.6857110+02:00" testType="13cdc9d9-ddb5-4fa4-a97d-d965ccfc6d4b" outcome="Passed" testListId="8c84fa94-04c1-424b-9868-57a2d4851a1d" relativeResultsDirectory="af361bd8-387f-4b4d-b2ee-aedfe7b47950" />
    <UnitTestResult executionId="958881c0-fdb0-428f-a0a6-11b4582754d4" testId="dd6cd978-16c0-3adf-7057-3791731bf47f" testName="Aula.Tests.Services.DataModelTests.Reminder_CreatedBy_HandlesValues(createdBy: null, shouldAccept: False)" computerName="RHO-DESKTOP" duration="00:00:00.0004563" startTime="2025-06-30T19:43:41.0057565+02:00" endTime="2025-06-30T19:43:41.0057566+02:00" testType="13cdc9d9-ddb5-4fa4-a97d-d965ccfc6d4b" outcome="Passed" testListId="8c84fa94-04c1-424b-9868-57a2d4851a1d" relativeResultsDirectory="958881c0-fdb0-428f-a0a6-11b4582754d4" />
    <UnitTestResult executionId="4d6a2a17-41d3-4e1f-8359-bed0e9ffc373" testId="a4d29aee-2a2f-7b9e-08b4-102ef4fe6813" testName="Aula.Tests.Bots.TelegramMessageHandlerTests.Constructor_WithNullConfig_ThrowsArgumentNullException" computerName="RHO-DESKTOP" duration="00:00:00.0005937" startTime="2025-06-30T19:43:41.5375585+02:00" endTime="2025-06-30T19:43:41.5375587+02:00" testType="13cdc9d9-ddb5-4fa4-a97d-d965ccfc6d4b" outcome="Passed" testListId="8c84fa94-04c1-424b-9868-57a2d4851a1d" relativeResultsDirectory="4d6a2a17-41d3-4e1f-8359-bed0e9ffc373" />
    <UnitTestResult executionId="f75f73f7-0460-496c-b94d-d2e58f51929d" testId="7d080014-b88c-9f91-eed5-7f14566db144" testName="Aula.Tests.Services.DataServiceTests.GetWeekLetter_ReturnsNull_WhenNotInCache" computerName="RHO-DESKTOP" duration="00:00:00.0005065" startTime="2025-06-30T19:43:41.0845188+02:00" endTime="2025-06-30T19:43:41.0845189+02:00" testType="13cdc9d9-ddb5-4fa4-a97d-d965ccfc6d4b" outcome="Passed" testListId="8c84fa94-04c1-424b-9868-57a2d4851a1d" relativeResultsDirectory="f75f73f7-0460-496c-b94d-d2e58f51929d" />
    <UnitTestResult executionId="bd82730f-5dcc-42a1-b26c-fbab4a640364" testId="9f3a0fc9-3eea-97c3-5cc5-d99512257356" testName="Aula.Tests.Channels.SlackBotTests.PostWeekLetter_WithEmptyWeekLetter_HandlesGracefully" computerName="RHO-DESKTOP" duration="00:00:00.0006242" startTime="2025-06-30T19:43:41.3828780+02:00" endTime="2025-06-30T19:43:41.3828781+02:00" testType="13cdc9d9-ddb5-4fa4-a97d-d965ccfc6d4b" outcome="Passed" testListId="8c84fa94-04c1-424b-9868-57a2d4851a1d" relativeResultsDirectory="bd82730f-5dcc-42a1-b26c-fbab4a640364" />
    <UnitTestResult executionId="0d3bfefe-beb8-44bd-8655-ffafd5e9e4cc" testId="42206b57-8aa0-871e-4287-4e3c8a3cc6ec" testName="Aula.Tests.Configuration.ConfigurationTests.Timers_SchedulingInterval_ValidationTests(intervalSeconds: 3661, isValid: False)" computerName="RHO-DESKTOP" duration="00:00:00.0042499" startTime="2025-06-30T19:43:41.7204822+02:00" endTime="2025-06-30T19:43:41.7204823+02:00" testType="13cdc9d9-ddb5-4fa4-a97d-d965ccfc6d4b" outcome="Passed" testListId="8c84fa94-04c1-424b-9868-57a2d4851a1d" relativeResultsDirectory="0d3bfefe-beb8-44bd-8655-ffafd5e9e4cc" />
    <UnitTestResult executionId="84b3c58c-1186-42f9-8b8a-eeeff60c33c5" testId="f5c58e94-9cf1-991c-aa85-75e7d2a200a6" testName="Aula.Tests.Configuration.ConfigurationTests.Slack_ChannelId_ValidationTests(channelId: &quot;   &quot;, isValid: False)" computerName="RHO-DESKTOP" duration="00:00:00.0047716" startTime="2025-06-30T19:43:41.8555822+02:00" endTime="2025-06-30T19:43:41.8555824+02:00" testType="13cdc9d9-ddb5-4fa4-a97d-d965ccfc6d4b" outcome="Passed" testListId="8c84fa94-04c1-424b-9868-57a2d4851a1d" relativeResultsDirectory="84b3c58c-1186-42f9-8b8a-eeeff60c33c5" />
    <UnitTestResult executionId="77478f2f-d362-4f02-b449-3766c12b8681" testId="44a05eee-eae2-643d-4997-e4bad6b31a71" testName="Aula.Tests.Utilities.DateTimeUtilitiesTests.GetDanishDayName_ValidDayOfWeek_ReturnsLowercaseName(dayOfWeek: Saturday, expectedName: &quot;lørdag&quot;)" computerName="RHO-DESKTOP" duration="00:00:00.0000131" startTime="2025-06-30T19:43:41.0107215+02:00" endTime="2025-06-30T19:43:41.0107216+02:00" testType="13cdc9d9-ddb5-4fa4-a97d-d965ccfc6d4b" outcome="Passed" testListId="8c84fa94-04c1-424b-9868-57a2d4851a1d" relativeResultsDirectory="77478f2f-d362-4f02-b449-3766c12b8681" />
    <UnitTestResult executionId="778f35da-18ca-4c73-8842-731d55ebe3da" testId="29b460d3-32ba-3d59-36a7-72d7b3c75d60" testName="Aula.Tests.Configuration.ConfigurationTests.Timers_SchedulingInterval_ValidationTests(intervalSeconds: 0, isValid: False)" computerName="RHO-DESKTOP" duration="00:00:00.0042911" startTime="2025-06-30T19:43:41.7121009+02:00" endTime="2025-06-30T19:43:41.7121010+02:00" testType="13cdc9d9-ddb5-4fa4-a97d-d965ccfc6d4b" outcome="Passed" testListId="8c84fa94-04c1-424b-9868-57a2d4851a1d" relativeResultsDirectory="778f35da-18ca-4c73-8842-731d55ebe3da" />
    <UnitTestResult executionId="9dcb086a-b74b-4aac-9062-50946d3bcadc" testId="91adec86-044d-3b0d-62f3-bdcae922b644" testName="Aula.Tests.Services.OpenAiServiceIntegrationTests.ClearConversationHistory_WithContextKey_DoesNotThrow" computerName="RHO-DESKTOP" duration="00:00:00.0006914" startTime="2025-06-30T19:43:47.4239526+02:00" endTime="2025-06-30T19:43:47.4239528+02:00" testType="13cdc9d9-ddb5-4fa4-a97d-d965ccfc6d4b" outcome="Passed" testListId="8c84fa94-04c1-424b-9868-57a2d4851a1d" relativeResultsDirectory="9dcb086a-b74b-4aac-9062-50946d3bcadc" />
    <UnitTestResult executionId="4bf5713c-20cd-41a9-a05f-f56f0c3e3bf5" testId="4b6e6498-4329-5b43-2b56-2bc5486e69cc" testName="Aula.Tests.Utilities.IntentAnalysisPromptsTests.ToolExamples_CoverExpectedUseCase(expectedKey: &quot;LIST_REMINDERS&quot;, queryPattern: &quot;reminders&quot;)" computerName="RHO-DESKTOP" duration="00:00:00.0000327" startTime="2025-06-30T19:43:41.1040041+02:00" endTime="2025-06-30T19:43:41.1040042+02:00" testType="13cdc9d9-ddb5-4fa4-a97d-d965ccfc6d4b" outcome="Passed" testListId="8c84fa94-04c1-424b-9868-57a2d4851a1d" relativeResultsDirectory="4bf5713c-20cd-41a9-a05f-f56f0c3e3bf5" />
    <UnitTestResult executionId="6cd0e1e4-8e15-4b4b-b55d-fdc44bc62a76" testId="abd8e945-1cd6-1c43-f5d4-1f844731781d" testName="Aula.Tests.Utilities.FollowUpQuestionDetectorTests.IsFollowUpQuestion_WithEnglishFollowUpPhrases_ReturnsTrue(input: &quot;What About Emma?&quot;)" computerName="RHO-DESKTOP" duration="00:00:00.0001160" startTime="2025-06-30T19:43:41.6313734+02:00" endTime="2025-06-30T19:43:41.6313735+02:00" testType="13cdc9d9-ddb5-4fa4-a97d-d965ccfc6d4b" outcome="Passed" testListId="8c84fa94-04c1-424b-9868-57a2d4851a1d" relativeResultsDirectory="6cd0e1e4-8e15-4b4b-b55d-fdc44bc62a76" />
    <UnitTestResult executionId="f38dc880-501f-4293-9fae-08e26267f634" testId="2d7011d5-0d18-55b9-d3f3-68998c9945f9" testName="Aula.Tests.Utilities.Html2SlackMarkdownConverterTests.Convert_WithEmptyString_ReturnsEmptyString" computerName="RHO-DESKTOP" duration="00:00:00.0001246" startTime="2025-06-30T19:43:41.5877644+02:00" endTime="2025-06-30T19:43:41.5877644+02:00" testType="13cdc9d9-ddb5-4fa4-a97d-d965ccfc6d4b" outcome="Passed" testListId="8c84fa94-04c1-424b-9868-57a2d4851a1d" relativeResultsDirectory="f38dc880-501f-4293-9fae-08e26267f634" />
    <UnitTestResult executionId="6d23c059-a556-454f-bf93-305b3cd7a617" testId="2d48fc77-1867-a29b-eb07-2aeec9de2225" testName="Aula.Tests.Channels.SlackBotTests.PostWeekLetter_WithMissingFields_HandlesGracefully" computerName="RHO-DESKTOP" duration="00:00:00.0008223" startTime="2025-06-30T19:43:41.3939040+02:00" endTime="2025-06-30T19:43:41.3939041+02:00" testType="13cdc9d9-ddb5-4fa4-a97d-d965ccfc6d4b" outcome="Passed" testListId="8c84fa94-04c1-424b-9868-57a2d4851a1d" relativeResultsDirectory="6d23c059-a556-454f-bf93-305b3cd7a617" />
    <UnitTestResult executionId="cab14cb3-56fb-40df-ad3b-42c5d5660845" testId="9833abbf-2b3b-4c95-cc5f-ce17c418fcd0" testName="Aula.Tests.Utilities.FollowUpQuestionDetectorTests.IsFollowUpQuestion_WithPunctuationAroundChildName_WorksCorrectly(input: &quot;Emma!&quot;)" computerName="RHO-DESKTOP" duration="00:00:00.0000780" startTime="2025-06-30T19:43:41.6664653+02:00" endTime="2025-06-30T19:43:41.6664654+02:00" testType="13cdc9d9-ddb5-4fa4-a97d-d965ccfc6d4b" outcome="Passed" testListId="8c84fa94-04c1-424b-9868-57a2d4851a1d" relativeResultsDirectory="cab14cb3-56fb-40df-ad3b-42c5d5660845" />
    <UnitTestResult executionId="e86a861f-f99f-4e71-a501-fea97145b52b" testId="55b7868a-5525-c155-3984-2d7080cbc3f0" testName="Aula.Tests.Utilities.Html2SlackMarkdownConverterTests.Convert_WithEmptyTags_HandlesCorrectly" computerName="RHO-DESKTOP" duration="00:00:00.0011541" startTime="2025-06-30T19:43:41.5700320+02:00" endTime="2025-06-30T19:43:41.5700321+02:00" testType="13cdc9d9-ddb5-4fa4-a97d-d965ccfc6d4b" outcome="Passed" testListId="8c84fa94-04c1-424b-9868-57a2d4851a1d" relativeResultsDirectory="e86a861f-f99f-4e71-a501-fea97145b52b" />
    <UnitTestResult executionId="e570a9c3-ad89-4773-b4fa-5c17c6474159" testId="6a1bd5a3-33de-b670-1a8c-cceb0d8df72f" testName="Aula.Tests.Utilities.FollowUpQuestionDetectorTests.IsFollowUpQuestion_WithShortFollowUps_ReturnsTrue(input: &quot;ok&quot;)" computerName="RHO-DESKTOP" duration="00:00:00.0004152" startTime="2025-06-30T19:43:41.6338705+02:00" endTime="2025-06-30T19:43:41.6338706+02:00" testType="13cdc9d9-ddb5-4fa4-a97d-d965ccfc6d4b" outcome="Passed" testListId="8c84fa94-04c1-424b-9868-57a2d4851a1d" relativeResultsDirectory="e570a9c3-ad89-4773-b4fa-5c17c6474159" />
    <UnitTestResult executionId="4d844be7-c3c7-410f-89ea-b746b8998df7" testId="8646524a-5166-ca18-26db-7c128f59fc0d" testName="Aula.Tests.Utilities.FollowUpQuestionDetectorTests.IsFollowUpQuestion_WithChildNameAndTimeReference_ReturnsFalse(input: &quot;Emma today&quot;)" computerName="RHO-DESKTOP" duration="00:00:00.0000855" startTime="2025-06-30T19:43:41.6695897+02:00" endTime="2025-06-30T19:43:41.6695898+02:00" testType="13cdc9d9-ddb5-4fa4-a97d-d965ccfc6d4b" outcome="Passed" testListId="8c84fa94-04c1-424b-9868-57a2d4851a1d" relativeResultsDirectory="4d844be7-c3c7-410f-89ea-b746b8998df7" />
    <UnitTestResult executionId="250c586a-cdf7-4315-8655-6de0e1b3a91b" testId="faff4fba-5493-e6c9-9bf9-a728e70472b3" testName="Aula.Tests.Services.OpenAiServiceIntegrationTests.Constructor_WithEmptyApiKey_ThrowsArgumentException" computerName="RHO-DESKTOP" duration="00:00:00.0012775" startTime="2025-06-30T19:43:46.4981592+02:00" endTime="2025-06-30T19:43:46.4981594+02:00" testType="13cdc9d9-ddb5-4fa4-a97d-d965ccfc6d4b" outcome="Passed" testListId="8c84fa94-04c1-424b-9868-57a2d4851a1d" relativeResultsDirectory="250c586a-cdf7-4315-8655-6de0e1b3a91b" />
    <UnitTestResult executionId="b834ee4d-659c-46de-8c1b-c49fddd9d1fe" testId="959fba83-0682-2e3d-51fe-2394f6f56bd3" testName="Aula.Tests.Services.DataModelTests.ScheduledTask_DefaultConstructor_InitializesCorrectly" computerName="RHO-DESKTOP" duration="00:00:00.0015172" startTime="2025-06-30T19:43:41.0048985+02:00" endTime="2025-06-30T19:43:41.0048986+02:00" testType="13cdc9d9-ddb5-4fa4-a97d-d965ccfc6d4b" outcome="Passed" testListId="8c84fa94-04c1-424b-9868-57a2d4851a1d" relativeResultsDirectory="b834ee4d-659c-46de-8c1b-c49fddd9d1fe" />
    <UnitTestResult executionId="b721173f-ae0e-41ff-ae74-37e18773a34a" testId="a7e8c1b6-25a4-9bb8-b310-86bcbc95315f" testName="Aula.Tests.Services.OpenAiServiceIntegrationTests.ProcessQueryWithToolsAsync_WithInvalidContextKey_HandlesGracefully(contextKey: &quot;   &quot;)" computerName="RHO-DESKTOP" duration="00:00:01.9209882" startTime="2025-06-30T19:43:44.5516684+02:00" endTime="2025-06-30T19:43:44.5516686+02:00" testType="13cdc9d9-ddb5-4fa4-a97d-d965ccfc6d4b" outcome="Passed" testListId="8c84fa94-04c1-424b-9868-57a2d4851a1d" relativeResultsDirectory="b721173f-ae0e-41ff-ae74-37e18773a34a" />
    <UnitTestResult executionId="4e12d5dd-bf8c-42eb-a318-05341b4affe7" testId="2c3d4776-5def-fbfc-180a-60513ca0400e" testName="Aula.Tests.Bots.TelegramMessageHandlerTests.Constructor_WithNullChildrenByName_ThrowsArgumentNullException" computerName="RHO-DESKTOP" duration="00:00:00.0005723" startTime="2025-06-30T19:43:41.5051787+02:00" endTime="2025-06-30T19:43:41.5051788+02:00" testType="13cdc9d9-ddb5-4fa4-a97d-d965ccfc6d4b" outcome="Passed" testListId="8c84fa94-04c1-424b-9868-57a2d4851a1d" relativeResultsDirectory="4e12d5dd-bf8c-42eb-a318-05341b4affe7" />
    <UnitTestResult executionId="8e18cc27-e9f0-44ba-9f8c-14df4c25f336" testId="47018a2b-c5b5-f700-6399-75af9808bb33" testName="Aula.Tests.Tools.ReminderCommandHandlerTests.TryHandleReminderCommand_DeleteReminder_ValidCommands_ReturnsSuccess(command: &quot;delete reminder 1&quot;, isEnglish: True, expectedId: 1)" computerName="RHO-DESKTOP" duration="00:00:00.0012505" startTime="2025-06-30T19:43:41.5006296+02:00" endTime="2025-06-30T19:43:41.5006297+02:00" testType="13cdc9d9-ddb5-4fa4-a97d-d965ccfc6d4b" outcome="Passed" testListId="8c84fa94-04c1-424b-9868-57a2d4851a1d" relativeResultsDirectory="8e18cc27-e9f0-44ba-9f8c-14df4c25f336" />
    <UnitTestResult executionId="303265d2-e80f-4df2-bb54-d63655689394" testId="3faf1419-3703-7fd5-a3da-353c4d730dce" testName="Aula.Tests.Bots.SlackInteractiveBotTests.Start_WithMissingApiToken_LogsErrorAndReturns" computerName="RHO-DESKTOP" duration="00:00:00.0147660" startTime="2025-06-30T19:43:41.5240582+02:00" endTime="2025-06-30T19:43:41.5240583+02:00" testType="13cdc9d9-ddb5-4fa4-a97d-d965ccfc6d4b" outcome="Passed" testListId="8c84fa94-04c1-424b-9868-57a2d4851a1d" relativeResultsDirectory="303265d2-e80f-4df2-bb54-d63655689394" />
    <UnitTestResult executionId="bd4f7e59-712f-4dae-8fcc-67e1c68803db" testId="e91a7b75-ac3d-2bd0-17fa-3f23acb86759" testName="Aula.Tests.Tools.ReminderCommandHandlerTests.TryHandleReminderCommand_ListReminders_ValidCommands_ReturnsRemindersList(command: &quot;vis påmindelser&quot;, isEnglish: False)" computerName="RHO-DESKTOP" duration="00:00:00.0002601" startTime="2025-06-30T19:43:41.6084620+02:00" endTime="2025-06-30T19:43:41.6084622+02:00" testType="13cdc9d9-ddb5-4fa4-a97d-d965ccfc6d4b" outcome="Passed" testListId="8c84fa94-04c1-424b-9868-57a2d4851a1d" relativeResultsDirectory="bd4f7e59-712f-4dae-8fcc-67e1c68803db" />
    <UnitTestResult executionId="846407c4-a30d-4b7c-a719-3751021696be" testId="537ad07b-1b70-ec7a-fdb3-2e0fa41e5c23" testName="Aula.Tests.Utilities.JsonFormatterTests.Prettify_WithWhitespaceOnly_ReturnsNull" computerName="RHO-DESKTOP" duration="00:00:00.0002240" startTime="2025-06-30T19:43:41.0337668+02:00" endTime="2025-06-30T19:43:41.0337669+02:00" testType="13cdc9d9-ddb5-4fa4-a97d-d965ccfc6d4b" outcome="Passed" testListId="8c84fa94-04c1-424b-9868-57a2d4851a1d" relativeResultsDirectory="846407c4-a30d-4b7c-a719-3751021696be" />
    <UnitTestResult executionId="453045bc-aa6a-4e72-aeb8-93a8744caef4" testId="8495fb32-9c63-b362-e211-e17f09a360d7" testName="Aula.Tests.Utilities.ReminderExtractionPromptsTests.GetExtractionPrompt_ContainsRequiredExtractionFields" computerName="RHO-DESKTOP" duration="00:00:00.0001861" startTime="2025-06-30T19:43:41.5798390+02:00" endTime="2025-06-30T19:43:41.5798391+02:00" testType="13cdc9d9-ddb5-4fa4-a97d-d965ccfc6d4b" outcome="Passed" testListId="8c84fa94-04c1-424b-9868-57a2d4851a1d" relativeResultsDirectory="453045bc-aa6a-4e72-aeb8-93a8744caef4" />
    <UnitTestResult executionId="2b5c9639-0bee-46c9-86ac-761946702747" testId="56429908-a484-10f8-38ca-b17d73119d7d" testName="Aula.Tests.Utilities.ConversationContextManagerTests.ClearContext_WithExistingKey_RemovesContextAndLogs" computerName="RHO-DESKTOP" duration="00:00:00.0216877" startTime="2025-06-30T19:43:41.1377983+02:00" endTime="2025-06-30T19:43:41.1377984+02:00" testType="13cdc9d9-ddb5-4fa4-a97d-d965ccfc6d4b" outcome="Passed" testListId="8c84fa94-04c1-424b-9868-57a2d4851a1d" relativeResultsDirectory="2b5c9639-0bee-46c9-86ac-761946702747" />
    <UnitTestResult executionId="1a77016a-9214-4718-9331-d775dc18ff44" testId="0b67917b-52fb-a452-3f0c-630f8ae99c50" testName="Aula.Tests.Bots.SlackMessageHandlerTests.HandleMessageAsync_LogsMessageProcessing" computerName="RHO-DESKTOP" duration="00:00:00.3086750" startTime="2025-06-30T19:43:48.2566243+02:00" endTime="2025-06-30T19:43:48.2566246+02:00" testType="13cdc9d9-ddb5-4fa4-a97d-d965ccfc6d4b" outcome="Passed" testListId="8c84fa94-04c1-424b-9868-57a2d4851a1d" relativeResultsDirectory="1a77016a-9214-4718-9331-d775dc18ff44" />
    <UnitTestResult executionId="62a46f17-03b8-47e8-ac12-2a45af8d50b2" testId="897f10c2-6c72-467e-5a23-7b3bebf70ffb" testName="Aula.Tests.Channels.SlackBotTests.Constructor_WithWebhookUrl_CreatesInstance" computerName="RHO-DESKTOP" duration="00:00:00.0007932" startTime="2025-06-30T19:43:41.4059834+02:00" endTime="2025-06-30T19:43:41.4059835+02:00" testType="13cdc9d9-ddb5-4fa4-a97d-d965ccfc6d4b" outcome="Passed" testListId="8c84fa94-04c1-424b-9868-57a2d4851a1d" relativeResultsDirectory="62a46f17-03b8-47e8-ac12-2a45af8d50b2" />
    <UnitTestResult executionId="2ea34f26-6326-4748-9cf7-4363e9913512" testId="967c7597-5e79-4d07-d160-f7fa685685a7" testName="Aula.Tests.Utilities.WeekLetterContentExtractorTests.ExtractContent_Dynamic_WithValidData_ReturnsContent" computerName="RHO-DESKTOP" duration="00:00:00.0059246" startTime="2025-06-30T19:43:41.4803143+02:00" endTime="2025-06-30T19:43:41.4803144+02:00" testType="13cdc9d9-ddb5-4fa4-a97d-d965ccfc6d4b" outcome="Passed" testListId="8c84fa94-04c1-424b-9868-57a2d4851a1d" relativeResultsDirectory="2ea34f26-6326-4748-9cf7-4363e9913512" />
    <UnitTestResult executionId="6ea1661f-d8d1-48ab-aa80-0afa4c8b0f37" testId="1585bed7-c67c-7046-51d9-aa8f4af66bac" testName="Aula.Tests.Utilities.ConversationContextManagerTests.ClearAllContexts_WithMultipleContexts_RemovesAllAndLogs" computerName="RHO-DESKTOP" duration="00:00:00.0060766" startTime="2025-06-30T19:43:41.1746958+02:00" endTime="2025-06-30T19:43:41.1746959+02:00" testType="13cdc9d9-ddb5-4fa4-a97d-d965ccfc6d4b" outcome="Passed" testListId="8c84fa94-04c1-424b-9868-57a2d4851a1d" relativeResultsDirectory="6ea1661f-d8d1-48ab-aa80-0afa4c8b0f37" />
    <UnitTestResult executionId="a6b18eab-218b-42c3-8f50-1e16ac0493af" testId="2d7c87f9-92d6-6d29-4cc3-8c2788e75a11" testName="Aula.Tests.Bots.TelegramInteractiveBotTests.Constructor_WithNullLoggerFactory_ThrowsArgumentNullException" computerName="RHO-DESKTOP" duration="00:00:00.0006608" startTime="2025-06-30T19:43:42.3551168+02:00" endTime="2025-06-30T19:43:42.3551169+02:00" testType="13cdc9d9-ddb5-4fa4-a97d-d965ccfc6d4b" outcome="Passed" testListId="8c84fa94-04c1-424b-9868-57a2d4851a1d" relativeResultsDirectory="a6b18eab-218b-42c3-8f50-1e16ac0493af" />
    <UnitTestResult executionId="7202aeae-c8bc-447e-a8ae-a8605a435926" testId="43884531-d2e9-76f0-a975-092a4d6d7e91" testName="Aula.Tests.Utilities.FollowUpQuestionDetectorTests.IsFollowUpQuestion_WithStartingFollowUpWords_ReturnsTrue(input: &quot;and Liam&quot;)" computerName="RHO-DESKTOP" duration="00:00:00.0002066" startTime="2025-06-30T19:43:41.6514008+02:00" endTime="2025-06-30T19:43:41.6514009+02:00" testType="13cdc9d9-ddb5-4fa4-a97d-d965ccfc6d4b" outcome="Passed" testListId="8c84fa94-04c1-424b-9868-57a2d4851a1d" relativeResultsDirectory="7202aeae-c8bc-447e-a8ae-a8605a435926" />
    <UnitTestResult executionId="96b24a8c-2abd-4f47-9e96-d152adff2ef4" testId="20f7b20d-6fda-90c5-179b-3395a4df9b7c" testName="Aula.Tests.Channels.SlackBotTests.PostWeekLetter_WithVariousChildNames_HandlesCorrectly(firstName: &quot;Hans Martin&quot;)" computerName="RHO-DESKTOP" duration="00:00:00.0012073" startTime="2025-06-30T19:43:41.3342851+02:00" endTime="2025-06-30T19:43:41.3342852+02:00" testType="13cdc9d9-ddb5-4fa4-a97d-d965ccfc6d4b" outcome="Passed" testListId="8c84fa94-04c1-424b-9868-57a2d4851a1d" relativeResultsDirectory="96b24a8c-2abd-4f47-9e96-d152adff2ef4" />
    <UnitTestResult executionId="6e7a12b6-67f2-4302-81c8-b0538778b1dd" testId="3ca02e33-556b-3fdb-f0cf-b0f349847245" testName="Aula.Tests.Bots.TelegramInteractiveBotTests.PostWeekLetter_WithMissingChannelId_LogsWarningAndReturns" computerName="RHO-DESKTOP" duration="00:00:00.0078086" startTime="2025-06-30T19:43:42.3632269+02:00" endTime="2025-06-30T19:43:42.3632271+02:00" testType="13cdc9d9-ddb5-4fa4-a97d-d965ccfc6d4b" outcome="Passed" testListId="8c84fa94-04c1-424b-9868-57a2d4851a1d" relativeResultsDirectory="6e7a12b6-67f2-4302-81c8-b0538778b1dd" />
    <UnitTestResult executionId="582c327d-302b-4bbc-9965-29927db1a3ab" testId="6adeca65-1d67-3030-b131-cc9b902991d4" testName="Aula.Tests.Configuration.ConfigurationTests.Timers_SchedulingInterval_ValidationTests(intervalSeconds: 60, isValid: True)" computerName="RHO-DESKTOP" duration="00:00:00.0051104" startTime="2025-06-30T19:43:41.7257547+02:00" endTime="2025-06-30T19:43:41.7257549+02:00" testType="13cdc9d9-ddb5-4fa4-a97d-d965ccfc6d4b" outcome="Passed" testListId="8c84fa94-04c1-424b-9868-57a2d4851a1d" relativeResultsDirectory="582c327d-302b-4bbc-9965-29927db1a3ab" />
    <UnitTestResult executionId="7d054b10-f2f2-4e75-a5b4-c70e290ef63c" testId="e23a0f35-3922-f8cd-3202-bdb40b27bd1c" testName="Aula.Tests.Integration.AgentServiceTests.GetWeekLetterAsync_FetchesAndCachesData_WhenNotCached" computerName="RHO-DESKTOP" duration="00:00:00.0133406" startTime="2025-06-30T19:43:41.2228886+02:00" endTime="2025-06-30T19:43:41.2228887+02:00" testType="13cdc9d9-ddb5-4fa4-a97d-d965ccfc6d4b" outcome="Passed" testListId="8c84fa94-04c1-424b-9868-57a2d4851a1d" relativeResultsDirectory="7d054b10-f2f2-4e75-a5b4-c70e290ef63c" />
    <UnitTestResult executionId="facd6891-7d76-4c82-be93-48b8bf3a6bc0" testId="5978b633-9011-54a2-21cc-a2b29dbbebca" testName="Aula.Tests.Utilities.FollowUpQuestionDetectorTests.IsFollowUpQuestion_WithChildNameAndShortMessage_ReturnsTrue(input: &quot;emma&quot;)" computerName="RHO-DESKTOP" duration="00:00:00.0003182" startTime="2025-06-30T19:43:41.6390317+02:00" endTime="2025-06-30T19:43:41.6390318+02:00" testType="13cdc9d9-ddb5-4fa4-a97d-d965ccfc6d4b" outcome="Passed" testListId="8c84fa94-04c1-424b-9868-57a2d4851a1d" relativeResultsDirectory="facd6891-7d76-4c82-be93-48b8bf3a6bc0" />
    <UnitTestResult executionId="f59c54aa-036a-4b12-8081-98d06d018b77" testId="2c92fdb3-d95d-1632-c5b9-2a0e8c5892ee" testName="Aula.Tests.Utilities.ConversationContextTests.ToString_WithEmptyChildName_ShowsEmptyString" computerName="RHO-DESKTOP" duration="00:00:00.0259659" startTime="2025-06-30T19:43:41.0140053+02:00" endTime="2025-06-30T19:43:41.0140054+02:00" testType="13cdc9d9-ddb5-4fa4-a97d-d965ccfc6d4b" outcome="Passed" testListId="8c84fa94-04c1-424b-9868-57a2d4851a1d" relativeResultsDirectory="f59c54aa-036a-4b12-8081-98d06d018b77" />
    <UnitTestResult executionId="931f0347-dbef-4d2c-bf61-311866febfcd" testId="4aa54f00-5a60-e1ca-de86-bd0d6c5bb993" testName="Aula.Tests.Utilities.Html2SlackMarkdownConverterTests.Convert_WithMixedContentAndTags_ProcessesCorrectly" computerName="RHO-DESKTOP" duration="00:00:00.0015556" startTime="2025-06-30T19:43:41.6008772+02:00" endTime="2025-06-30T19:43:41.6008773+02:00" testType="13cdc9d9-ddb5-4fa4-a97d-d965ccfc6d4b" outcome="Passed" testListId="8c84fa94-04c1-424b-9868-57a2d4851a1d" relativeResultsDirectory="931f0347-dbef-4d2c-bf61-311866febfcd" />
    <UnitTestResult executionId="76912334-d8d3-4455-a025-afcb38829151" testId="e8d7076c-1cb3-733b-4522-2a0049ab3d88" testName="Aula.Tests.Channels.SlackBotTests.PushWeekLetter_WithMissingContent_HandlesGracefully" computerName="RHO-DESKTOP" duration="00:00:00.0012779" startTime="2025-06-30T19:43:41.4067451+02:00" endTime="2025-06-30T19:43:41.4067452+02:00" testType="13cdc9d9-ddb5-4fa4-a97d-d965ccfc6d4b" outcome="Passed" testListId="8c84fa94-04c1-424b-9868-57a2d4851a1d" relativeResultsDirectory="76912334-d8d3-4455-a025-afcb38829151" />
    <UnitTestResult executionId="75ac5f17-2d6c-4633-95bc-91c9c5ae7d91" testId="5a903d00-5b08-70e4-0ae1-41f7c132ff27" testName="Aula.Tests.Utilities.JsonFormatterTests.Prettify_WithNumbers_PreservesNumericTypes" computerName="RHO-DESKTOP" duration="00:00:00.0196374" startTime="2025-06-30T19:43:41.0298055+02:00" endTime="2025-06-30T19:43:41.0298056+02:00" testType="13cdc9d9-ddb5-4fa4-a97d-d965ccfc6d4b" outcome="Passed" testListId="8c84fa94-04c1-424b-9868-57a2d4851a1d" relativeResultsDirectory="75ac5f17-2d6c-4633-95bc-91c9c5ae7d91" />
    <UnitTestResult executionId="4cdef9b1-dfd2-4631-9c37-da3414792422" testId="5b9eed1d-66a1-144a-f169-3003eeb937ac" testName="Aula.Tests.Utilities.WeekLetterContentExtractorTests.ExtractContent_WithLogger_LogsWarningForEmptyContent" computerName="RHO-DESKTOP" duration="00:00:00.0111413" startTime="2025-06-30T19:43:41.4839920+02:00" endTime="2025-06-30T19:43:41.4839921+02:00" testType="13cdc9d9-ddb5-4fa4-a97d-d965ccfc6d4b" outcome="Passed" testListId="8c84fa94-04c1-424b-9868-57a2d4851a1d" relativeResultsDirectory="4cdef9b1-dfd2-4631-9c37-da3414792422" />
    <UnitTestResult executionId="0c60bc37-a7e2-4daa-9ce8-3cece3aebbab" testId="ca4780e6-8c58-57b1-c829-fe54506e9793" testName="Aula.Tests.Bots.TelegramMessageHandlerTests.HandleMessageAsync_WithTextMessage_ProcessesSuccessfully" computerName="RHO-DESKTOP" duration="00:00:00.0044046" startTime="2025-06-30T19:43:41.4618444+02:00" endTime="2025-06-30T19:43:41.4618445+02:00" testType="13cdc9d9-ddb5-4fa4-a97d-d965ccfc6d4b" outcome="Passed" testListId="8c84fa94-04c1-424b-9868-57a2d4851a1d" relativeResultsDirectory="0c60bc37-a7e2-4daa-9ce8-3cece3aebbab" />
    <UnitTestResult executionId="44629cdb-ba56-4b64-b6c1-4f2b898fd651" testId="28097eda-a5f4-e6e6-7060-12e7665f3075" testName="Aula.Tests.Channels.TelegramClientTests.PostWeekLetter_WithVariousChildNames_HandlesCorrectly(firstName: &quot;Søren Johannes&quot;)" computerName="RHO-DESKTOP" duration="00:00:00.0015665" startTime="2025-06-30T19:43:41.2236196+02:00" endTime="2025-06-30T19:43:41.2236197+02:00" testType="13cdc9d9-ddb5-4fa4-a97d-d965ccfc6d4b" outcome="Passed" testListId="8c84fa94-04c1-424b-9868-57a2d4851a1d" relativeResultsDirectory="44629cdb-ba56-4b64-b6c1-4f2b898fd651" />
    <UnitTestResult executionId="698e271b-c977-4a49-8c7d-8151261f8f51" testId="52685b80-e883-c0c4-e078-b2863df7409a" testName="Aula.Tests.Scheduling.SchedulingServiceIntegrationTests.StopAsync_WhenCalled_LogsCorrectMessage" computerName="RHO-DESKTOP" duration="00:00:00.0096916" startTime="2025-06-30T19:43:41.1628092+02:00" endTime="2025-06-30T19:43:41.1628093+02:00" testType="13cdc9d9-ddb5-4fa4-a97d-d965ccfc6d4b" outcome="Passed" testListId="8c84fa94-04c1-424b-9868-57a2d4851a1d" relativeResultsDirectory="698e271b-c977-4a49-8c7d-8151261f8f51" />
    <UnitTestResult executionId="62cf6527-ded3-44f4-a805-ca001285bf07" testId="0c4f7782-5c4d-f42e-03cc-a2dae624ac6e" testName="Aula.Tests.Configuration.ConfigurationTests.Timers_SchedulingInterval_ValidationTests(intervalSeconds: 5, isValid: True)" computerName="RHO-DESKTOP" duration="00:00:00.0050140" startTime="2025-06-30T19:43:41.7076812+02:00" endTime="2025-06-30T19:43:41.7076813+02:00" testType="13cdc9d9-ddb5-4fa4-a97d-d965ccfc6d4b" outcome="Passed" testListId="8c84fa94-04c1-424b-9868-57a2d4851a1d" relativeResultsDirectory="62cf6527-ded3-44f4-a805-ca001285bf07" />
    <UnitTestResult executionId="b3b725d0-e3bf-486c-ac30-b3285f6eeb68" testId="5042f569-80ad-a5a6-d51b-90b46bce87a9" testName="Aula.Tests.Services.OpenAiServiceIntegrationTests.ExtractKeyInformationAsync_WithNullWeekLetter_ThrowsArgumentNullException(chatInterface: Telegram)" computerName="RHO-DESKTOP" duration="00:00:00.0174374" startTime="2025-06-30T19:43:41.1584442+02:00" endTime="2025-06-30T19:43:41.1584443+02:00" testType="13cdc9d9-ddb5-4fa4-a97d-d965ccfc6d4b" outcome="Passed" testListId="8c84fa94-04c1-424b-9868-57a2d4851a1d" relativeResultsDirectory="b3b725d0-e3bf-486c-ac30-b3285f6eeb68" />
    <UnitTestResult executionId="31f119c4-11fe-4560-ba47-a5c285f31b21" testId="048cd77d-3de3-58cf-4e72-84e37cfed1e3" testName="Aula.Tests.Scheduling.SchedulingServiceIntegrationTests.Constructor_WithNullAgentService_ThrowsArgumentNullException" computerName="RHO-DESKTOP" duration="00:00:00.0057477" startTime="2025-06-30T19:43:41.1674156+02:00" endTime="2025-06-30T19:43:41.1674157+02:00" testType="13cdc9d9-ddb5-4fa4-a97d-d965ccfc6d4b" outcome="Passed" testListId="8c84fa94-04c1-424b-9868-57a2d4851a1d" relativeResultsDirectory="31f119c4-11fe-4560-ba47-a5c285f31b21" />
    <UnitTestResult executionId="b01dddad-a468-46ac-b9fb-6a57bcca18b5" testId="471ccf46-b194-f558-fd6b-1d9d85ba4293" testName="Aula.Tests.Utilities.IntentAnalysisPromptsTests.ToolExamples_CoverExpectedUseCase(expectedKey: &quot;DELETE_REMINDER&quot;, queryPattern: &quot;delete&quot;)" computerName="RHO-DESKTOP" duration="00:00:00.0096055" startTime="2025-06-30T19:43:41.1022770+02:00" endTime="2025-06-30T19:43:41.1022771+02:00" testType="13cdc9d9-ddb5-4fa4-a97d-d965ccfc6d4b" outcome="Passed" testListId="8c84fa94-04c1-424b-9868-57a2d4851a1d" relativeResultsDirectory="b01dddad-a468-46ac-b9fb-6a57bcca18b5" />
    <UnitTestResult executionId="209c5c06-30fb-44bc-9cd7-0288165bb4f6" testId="f7492970-5062-ad84-014e-43c4dfa554f1" testName="Aula.Tests.Tools.ReminderCommandHandlerTests.TryHandleReminderCommand_DeleteReminder_WithException_LogsErrorAndReturnsErrorMessage(command: &quot;slet påmindelse 888&quot;, isEnglish: False)" computerName="RHO-DESKTOP" duration="00:00:00.0159729" startTime="2025-06-30T19:43:41.5279191+02:00" endTime="2025-06-30T19:43:41.5279194+02:00" testType="13cdc9d9-ddb5-4fa4-a97d-d965ccfc6d4b" outcome="Passed" testListId="8c84fa94-04c1-424b-9868-57a2d4851a1d" relativeResultsDirectory="209c5c06-30fb-44bc-9cd7-0288165bb4f6" />
    <UnitTestResult executionId="9558812c-77a9-48fb-8564-2e1e81cf116d" testId="88e9ac16-5b29-b780-b558-9573ebf5b489" testName="Aula.Tests.Utilities.IntentAnalysisPromptsTests.ToolExamples_CoverExpectedUseCase(expectedKey: &quot;GET_CURRENT_TIME&quot;, queryPattern: &quot;time&quot;)" computerName="RHO-DESKTOP" duration="00:00:00.0000252" startTime="2025-06-30T19:43:41.1045746+02:00" endTime="2025-06-30T19:43:41.1045747+02:00" testType="13cdc9d9-ddb5-4fa4-a97d-d965ccfc6d4b" outcome="Passed" testListId="8c84fa94-04c1-424b-9868-57a2d4851a1d" relativeResultsDirectory="9558812c-77a9-48fb-8564-2e1e81cf116d" />
    <UnitTestResult executionId="043960e6-df96-4f7e-aa6c-2a8625ee8ab5" testId="fbb577ab-554c-1761-8b33-3b062d943c22" testName="Aula.Tests.Bots.SlackInteractiveBotTests.Constructor_WithNullConfig_ThrowsArgumentNullException" computerName="RHO-DESKTOP" duration="00:00:00.0011814" startTime="2025-06-30T19:43:41.4922994+02:00" endTime="2025-06-30T19:43:41.4922995+02:00" testType="13cdc9d9-ddb5-4fa4-a97d-d965ccfc6d4b" outcome="Passed" testListId="8c84fa94-04c1-424b-9868-57a2d4851a1d" relativeResultsDirectory="043960e6-df96-4f7e-aa6c-2a8625ee8ab5" />
    <UnitTestResult executionId="382c6e9f-c87c-4eb3-b30b-056a1c0cbb42" testId="aa45be65-ee7b-6980-b008-5b44e798506b" testName="Aula.Tests.Channels.SlackBotTests.PostWeekLetter_WithVariousChildColors_HandlesCorrectly(color: &quot;#FF0000&quot;)" computerName="RHO-DESKTOP" duration="00:00:00.0014457" startTime="2025-06-30T19:43:41.3684168+02:00" endTime="2025-06-30T19:43:41.3684169+02:00" testType="13cdc9d9-ddb5-4fa4-a97d-d965ccfc6d4b" outcome="Passed" testListId="8c84fa94-04c1-424b-9868-57a2d4851a1d" relativeResultsDirectory="382c6e9f-c87c-4eb3-b30b-056a1c0cbb42" />
    <UnitTestResult executionId="3729cf5c-aaea-4994-91b7-9ec3f6a8efa2" testId="909b5135-abc5-ca49-7494-5f4eb3573cf1" testName="Aula.Tests.Utilities.DateTimeUtilitiesTests.GetDanishDayName_AllValidDaysOfWeek_ReturnsNonEmptyString(dayOfWeek: Tuesday)" computerName="RHO-DESKTOP" duration="00:00:00.0000066" startTime="2025-06-30T19:43:40.9961643+02:00" endTime="2025-06-30T19:43:40.9961643+02:00" testType="13cdc9d9-ddb5-4fa4-a97d-d965ccfc6d4b" outcome="Passed" testListId="8c84fa94-04c1-424b-9868-57a2d4851a1d" relativeResultsDirectory="3729cf5c-aaea-4994-91b7-9ec3f6a8efa2" />
    <UnitTestResult executionId="6936941f-5695-4035-b319-d5c47cda1482" testId="c97c4c52-e2e0-9997-1b1c-c40b6de0a67a" testName="Aula.Tests.Utilities.FollowUpQuestionDetectorTests.IsFollowUpQuestion_WithChildNameAndShortMessage_ReturnsTrue(input: &quot;Hansen&quot;)" computerName="RHO-DESKTOP" duration="00:00:00.0000556" startTime="2025-06-30T19:43:41.6404755+02:00" endTime="2025-06-30T19:43:41.6404756+02:00" testType="13cdc9d9-ddb5-4fa4-a97d-d965ccfc6d4b" outcome="Passed" testListId="8c84fa94-04c1-424b-9868-57a2d4851a1d" relativeResultsDirectory="6936941f-5695-4035-b319-d5c47cda1482" />
    <UnitTestResult executionId="7e75ca11-016c-4e3a-8b99-9b1d8a56a02c" testId="fe1a2924-96f3-7e80-1a74-9f9fd249b93e" testName="Aula.Tests.Bots.TelegramInteractiveBotTests.ComputeHash_WithDifferentInputs_ReturnsConsistentHashes(input: &quot;&quot;)" computerName="RHO-DESKTOP" duration="00:00:00.0004318" startTime="2025-06-30T19:43:41.9376240+02:00" endTime="2025-06-30T19:43:41.9376241+02:00" testType="13cdc9d9-ddb5-4fa4-a97d-d965ccfc6d4b" outcome="Passed" testListId="8c84fa94-04c1-424b-9868-57a2d4851a1d" relativeResultsDirectory="7e75ca11-016c-4e3a-8b99-9b1d8a56a02c" />
    <UnitTestResult executionId="e30d0c0e-368d-4cfc-9c02-316d3512e086" testId="a3d75b2a-aedf-2885-f27f-a7945f978fce" testName="Aula.Tests.Utilities.IntentAnalysisPromptsTests.ToolExamples_ContainsRequiredKeys(key: &quot;INFORMATION_QUERY_DANISH&quot;)" computerName="RHO-DESKTOP" duration="00:00:00.0000048" startTime="2025-06-30T19:43:41.1218889+02:00" endTime="2025-06-30T19:43:41.1218890+02:00" testType="13cdc9d9-ddb5-4fa4-a97d-d965ccfc6d4b" outcome="Passed" testListId="8c84fa94-04c1-424b-9868-57a2d4851a1d" relativeResultsDirectory="e30d0c0e-368d-4cfc-9c02-316d3512e086" />
    <UnitTestResult executionId="25fde3f4-4255-47e9-958a-8810e3bfa9e1" testId="ff95ed9b-b21e-cfc2-30db-e8fe216a909d" testName="Aula.Tests.Services.DataModelTests.PostedLetter_WeekNumberValidation_ReturnsExpectedResult(weekNumber: 1, year: 2023, isValid: True)" computerName="RHO-DESKTOP" duration="00:00:00.0004222" startTime="2025-06-30T19:43:41.0196833+02:00" endTime="2025-06-30T19:43:41.0196834+02:00" testType="13cdc9d9-ddb5-4fa4-a97d-d965ccfc6d4b" outcome="Passed" testListId="8c84fa94-04c1-424b-9868-57a2d4851a1d" relativeResultsDirectory="25fde3f4-4255-47e9-958a-8810e3bfa9e1" />
    <UnitTestResult executionId="c3081b93-dd4a-40c7-b4fb-375353d6be51" testId="d141c1f4-2ff8-7341-a2af-364fb6299829" testName="Aula.Tests.Utilities.JsonFormatterTests.Prettify_WithIncompleteJson_ThrowsException(incompleteJson: &quot;{\&quot;incomplete\&quot;:&quot;)" computerName="RHO-DESKTOP" duration="00:00:00.0019133" startTime="2025-06-30T19:43:41.0247232+02:00" endTime="2025-06-30T19:43:41.0247233+02:00" testType="13cdc9d9-ddb5-4fa4-a97d-d965ccfc6d4b" outcome="Passed" testListId="8c84fa94-04c1-424b-9868-57a2d4851a1d" relativeResultsDirectory="c3081b93-dd4a-40c7-b4fb-375353d6be51" />
    <UnitTestResult executionId="23fc6f2c-e4a8-4168-8ee8-79894f725e09" testId="3dfa9941-19c4-5af8-c083-d23b4b389829" testName="Aula.Tests.Utilities.FollowUpQuestionDetectorTests.IsFollowUpQuestion_WithLongMessageContainingChildName_ReturnsFalse(input: &quot;A detailed question about Liam's homework that is &quot;···)" computerName="RHO-DESKTOP" duration="00:00:00.0003304" startTime="2025-06-30T19:43:41.6250960+02:00" endTime="2025-06-30T19:43:41.6250961+02:00" testType="13cdc9d9-ddb5-4fa4-a97d-d965ccfc6d4b" outcome="Passed" testListId="8c84fa94-04c1-424b-9868-57a2d4851a1d" relativeResultsDirectory="23fc6f2c-e4a8-4168-8ee8-79894f725e09" />
    <UnitTestResult executionId="d99c8396-f0c1-4619-a6c9-878d37144564" testId="ad0d39e5-00d7-6228-aeb3-c91c6b3da5f5" testName="Aula.Tests.Services.DataModelTests.Reminder_DateTimeHandling_WorksCorrectly" computerName="RHO-DESKTOP" duration="00:00:00.0003401" startTime="2025-06-30T19:43:41.0132914+02:00" endTime="2025-06-30T19:43:41.0132915+02:00" testType="13cdc9d9-ddb5-4fa4-a97d-d965ccfc6d4b" outcome="Passed" testListId="8c84fa94-04c1-424b-9868-57a2d4851a1d" relativeResultsDirectory="d99c8396-f0c1-4619-a6c9-878d37144564" />
    <UnitTestResult executionId="cf555b41-16ca-4ad3-acd9-6bcb93a0b343" testId="1db76d8f-f5a5-dcb7-9657-e7f194b55049" testName="Aula.Tests.Utilities.ReminderExtractionPromptsTests.GetExtractionPrompt_WithBasicQuery_ReturnsValidPrompt" computerName="RHO-DESKTOP" duration="00:00:00.0027705" startTime="2025-06-30T19:43:41.5495130+02:00" endTime="2025-06-30T19:43:41.5495131+02:00" testType="13cdc9d9-ddb5-4fa4-a97d-d965ccfc6d4b" outcome="Passed" testListId="8c84fa94-04c1-424b-9868-57a2d4851a1d" relativeResultsDirectory="cf555b41-16ca-4ad3-acd9-6bcb93a0b343" />
    <UnitTestResult executionId="13fe84d6-aebb-42f7-955a-1afd271b929d" testId="415f90fb-9864-854c-b560-969302c9cec5" testName="Aula.Tests.Utilities.FollowUpQuestionDetectorTests.IsFollowUpQuestion_WithChildNameAndShortMessage_ReturnsTrue(input: &quot;Wilson&quot;)" computerName="RHO-DESKTOP" duration="00:00:00.0000499" startTime="2025-06-30T19:43:41.6412166+02:00" endTime="2025-06-30T19:43:41.6412167+02:00" testType="13cdc9d9-ddb5-4fa4-a97d-d965ccfc6d4b" outcome="Passed" testListId="8c84fa94-04c1-424b-9868-57a2d4851a1d" relativeResultsDirectory="13fe84d6-aebb-42f7-955a-1afd271b929d" />
    <UnitTestResult executionId="7bfa202a-993f-4878-8653-1c7a2530a44d" testId="f373b350-fc52-4fbc-ec82-56bf220e0771" testName="Aula.Tests.Tools.ReminderCommandHandlerTests.TryHandleReminderCommand_AddReminder_ValidFormats_ReturnsSuccess(command: &quot;remind me tomorrow at 8:00 that Hans has Haver til&quot;···, isEnglish: True, expectedChildName: &quot;Hans Jensen&quot;)" computerName="RHO-DESKTOP" duration="00:00:00.0099916" startTime="2025-06-30T19:43:41.4826921+02:00" endTime="2025-06-30T19:43:41.4826922+02:00" testType="13cdc9d9-ddb5-4fa4-a97d-d965ccfc6d4b" outcome="Passed" testListId="8c84fa94-04c1-424b-9868-57a2d4851a1d" relativeResultsDirectory="7bfa202a-993f-4878-8653-1c7a2530a44d" />
    <UnitTestResult executionId="a8e0cfbd-e4a9-48ff-bd20-d086368ea080" testId="76e83c15-4958-72c0-6072-2306062f6c27" testName="Aula.Tests.Utilities.Html2SlackMarkdownConverterTests.Convert_PreservesTextOrder" computerName="RHO-DESKTOP" duration="00:00:00.0008307" startTime="2025-06-30T19:43:41.5871835+02:00" endTime="2025-06-30T19:43:41.5871837+02:00" testType="13cdc9d9-ddb5-4fa4-a97d-d965ccfc6d4b" outcome="Passed" testListId="8c84fa94-04c1-424b-9868-57a2d4851a1d" relativeResultsDirectory="a8e0cfbd-e4a9-48ff-bd20-d086368ea080" />
    <UnitTestResult executionId="13bac1f9-8d1b-49ae-9c22-20c3e9182f10" testId="50f2b13e-3594-24ee-32df-b9192e38a8ff" testName="Aula.Tests.Services.OpenAiServiceIntegrationTests.AskQuestionAboutWeekLetterAsync_WithContextKey_WithNullWeekLetter_ThrowsArgumentNullException(chatInterface: Telegram)" computerName="RHO-DESKTOP" duration="00:00:00.0006261" startTime="2025-06-30T19:43:46.1666736+02:00" endTime="2025-06-30T19:43:46.1666743+02:00" testType="13cdc9d9-ddb5-4fa4-a97d-d965ccfc6d4b" outcome="Passed" testListId="8c84fa94-04c1-424b-9868-57a2d4851a1d" relativeResultsDirectory="13bac1f9-8d1b-49ae-9c22-20c3e9182f10" />
    <UnitTestResult executionId="bc461e69-a0da-4c95-90f2-2bc2b9cf8ec4" testId="03bbc808-1107-fcc9-1fac-bc3ec3fc1e9f" testName="Aula.Tests.Bots.TelegramInteractiveBotTests.Constructor_WithNullAgentService_ThrowsArgumentNullException" computerName="RHO-DESKTOP" duration="00:00:00.0007103" startTime="2025-06-30T19:43:41.5271255+02:00" endTime="2025-06-30T19:43:41.5271256+02:00" testType="13cdc9d9-ddb5-4fa4-a97d-d965ccfc6d4b" outcome="Passed" testListId="8c84fa94-04c1-424b-9868-57a2d4851a1d" relativeResultsDirectory="bc461e69-a0da-4c95-90f2-2bc2b9cf8ec4" />
    <UnitTestResult executionId="8f46cea3-e79d-4a13-8148-e010c03819a8" testId="d12ba075-9d80-4e84-67f3-23b42c041778" testName="Aula.Tests.Services.OpenAiServiceIntegrationTests.ProcessQueryWithToolsAsync_WithInvalidQuery_HandlesGracefully(query: &quot;&quot;)" computerName="RHO-DESKTOP" duration="00:00:00.3324244" startTime="2025-06-30T19:43:46.1639397+02:00" endTime="2025-06-30T19:43:46.1639400+02:00" testType="13cdc9d9-ddb5-4fa4-a97d-d965ccfc6d4b" outcome="Passed" testListId="8c84fa94-04c1-424b-9868-57a2d4851a1d" relativeResultsDirectory="8f46cea3-e79d-4a13-8148-e010c03819a8" />
    <UnitTestResult executionId="eb431a34-14c4-44c3-98e1-923a324508b2" testId="0a70d6fd-d740-a74a-169e-d35621818982" testName="Aula.Tests.Configuration.ConfigurationTests.Timers_AdaptivePollingLimits_ValidationTests(minSeconds: 30, maxSeconds: 5, isValid: False)" computerName="RHO-DESKTOP" duration="00:00:00.0209606" startTime="2025-06-30T19:43:41.5895360+02:00" endTime="2025-06-30T19:43:41.5895361+02:00" testType="13cdc9d9-ddb5-4fa4-a97d-d965ccfc6d4b" outcome="Passed" testListId="8c84fa94-04c1-424b-9868-57a2d4851a1d" relativeResultsDirectory="eb431a34-14c4-44c3-98e1-923a324508b2" />
    <UnitTestResult executionId="c32fa953-ae1d-4a4e-bc4e-720178042a56" testId="9c0e588a-866b-1517-e5d3-e54c7a4a3de2" testName="Aula.Tests.Configuration.ConfigurationTests.Children_WithMultipleChildren_MaintainsOrder" computerName="RHO-DESKTOP" duration="00:00:00.0047986" startTime="2025-06-30T19:43:41.7616175+02:00" endTime="2025-06-30T19:43:41.7616176+02:00" testType="13cdc9d9-ddb5-4fa4-a97d-d965ccfc6d4b" outcome="Passed" testListId="8c84fa94-04c1-424b-9868-57a2d4851a1d" relativeResultsDirectory="c32fa953-ae1d-4a4e-bc4e-720178042a56" />
    <UnitTestResult executionId="6d417676-7e19-4750-82bb-3fcb4956cdca" testId="269fcbba-1520-c37c-832e-a6063e8324bb" testName="Aula.Tests.Utilities.ConversationContextManagerTests.UpdateContext_OverwritesExistingContext" computerName="RHO-DESKTOP" duration="00:00:00.0002969" startTime="2025-06-30T19:43:41.1753105+02:00" endTime="2025-06-30T19:43:41.1753106+02:00" testType="13cdc9d9-ddb5-4fa4-a97d-d965ccfc6d4b" outcome="Passed" testListId="8c84fa94-04c1-424b-9868-57a2d4851a1d" relativeResultsDirectory="6d417676-7e19-4750-82bb-3fcb4956cdca" />
    <UnitTestResult executionId="bec346f1-2c05-49ae-b681-c54b0acf5dad" testId="4065d4aa-647e-7977-71b8-e3fe088d65f6" testName="Aula.Tests.Utilities.IntentAnalysisPromptsTests.AnalysisTemplate_ContainsAllToolActions" computerName="RHO-DESKTOP" duration="00:00:00.0003580" startTime="2025-06-30T19:43:41.1243270+02:00" endTime="2025-06-30T19:43:41.1243271+02:00" testType="13cdc9d9-ddb5-4fa4-a97d-d965ccfc6d4b" outcome="Passed" testListId="8c84fa94-04c1-424b-9868-57a2d4851a1d" relativeResultsDirectory="bec346f1-2c05-49ae-b681-c54b0acf5dad" />
    <UnitTestResult executionId="4537fe36-1ddd-4df4-a867-ebe6a4ca6236" testId="9fb6d1c8-d9db-0b5a-c536-bcb6a92aad22" testName="Aula.Tests.Utilities.IntentAnalysisPromptsTests.ToolExamples_AllEntriesFollowExpectedFormat" computerName="RHO-DESKTOP" duration="00:00:00.0003098" startTime="2025-06-30T19:43:41.1350425+02:00" endTime="2025-06-30T19:43:41.1350427+02:00" testType="13cdc9d9-ddb5-4fa4-a97d-d965ccfc6d4b" outcome="Passed" testListId="8c84fa94-04c1-424b-9868-57a2d4851a1d" relativeResultsDirectory="4537fe36-1ddd-4df4-a867-ebe6a4ca6236" />
    <UnitTestResult executionId="af3e0d51-5cf9-4c75-95bf-24b547b0fc57" testId="1dba4bcb-2a6a-02e7-3151-a1fa05d6b85c" testName="Aula.Tests.Channels.TelegramClientTests.PostWeekLetter_WithMissingFields_HandlesGracefully" computerName="RHO-DESKTOP" duration="00:00:00.0332403" startTime="2025-06-30T19:43:41.0674977+02:00" endTime="2025-06-30T19:43:41.0674978+02:00" testType="13cdc9d9-ddb5-4fa4-a97d-d965ccfc6d4b" outcome="Passed" testListId="8c84fa94-04c1-424b-9868-57a2d4851a1d" relativeResultsDirectory="af3e0d51-5cf9-4c75-95bf-24b547b0fc57" />
    <UnitTestResult executionId="fee802fe-5e22-449c-a10a-af8cb01ea5b9" testId="8113e2b7-9bbc-43f2-b5f4-05d3d720e278" testName="Aula.Tests.Utilities.Html2SlackMarkdownConverterTests.Convert_WithMalformedHtml_HandlesGracefully" computerName="RHO-DESKTOP" duration="00:00:00.0021859" startTime="2025-06-30T19:43:41.6060166+02:00" endTime="2025-06-30T19:43:41.6060167+02:00" testType="13cdc9d9-ddb5-4fa4-a97d-d965ccfc6d4b" outcome="Passed" testListId="8c84fa94-04c1-424b-9868-57a2d4851a1d" relativeResultsDirectory="fee802fe-5e22-449c-a10a-af8cb01ea5b9" />
    <UnitTestResult executionId="da84716c-a784-4eff-b153-1eb55b0aaaaf" testId="b7876997-bf06-ed71-c4e7-a75d56d4b58d" testName="Aula.Tests.Tools.ReminderCommandHandlerTests.TryHandleReminderCommand_ListReminders_ValidCommands_ReturnsRemindersList(command: &quot;liste påmindelser&quot;, isEnglish: False)" computerName="RHO-DESKTOP" duration="00:00:00.0038780" startTime="2025-06-30T19:43:41.6025659+02:00" endTime="2025-06-30T19:43:41.6025660+02:00" testType="13cdc9d9-ddb5-4fa4-a97d-d965ccfc6d4b" outcome="Passed" testListId="8c84fa94-04c1-424b-9868-57a2d4851a1d" relativeResultsDirectory="da84716c-a784-4eff-b153-1eb55b0aaaaf" />
    <UnitTestResult executionId="91cd178b-d896-4d36-b7f2-4300bab5263e" testId="515b0adc-b2ee-305a-2e4a-324570128aec" testName="Aula.Tests.Bots.TelegramInteractiveBotTests.Start_WithDisabledTelegram_LogsErrorAndReturns" computerName="RHO-DESKTOP" duration="00:00:00.0092626" startTime="2025-06-30T19:43:42.3412763+02:00" endTime="2025-06-30T19:43:42.3412764+02:00" testType="13cdc9d9-ddb5-4fa4-a97d-d965ccfc6d4b" outcome="Passed" testListId="8c84fa94-04c1-424b-9868-57a2d4851a1d" relativeResultsDirectory="91cd178b-d896-4d36-b7f2-4300bab5263e" />
    <UnitTestResult executionId="55bd833c-8929-4aaf-aeb4-5a1663b6e32c" testId="4daab14e-239d-9692-7fbb-75ab5af4e5fe" testName="Aula.Tests.Utilities.WeekLetterContentExtractorTests.ExtractContent_Dynamic_WithMultipleUgebreve_ReturnsFirstContent" computerName="RHO-DESKTOP" duration="00:00:00.0066607" startTime="2025-06-30T19:43:41.4612248+02:00" endTime="2025-06-30T19:43:41.4612249+02:00" testType="13cdc9d9-ddb5-4fa4-a97d-d965ccfc6d4b" outcome="Passed" testListId="8c84fa94-04c1-424b-9868-57a2d4851a1d" relativeResultsDirectory="55bd833c-8929-4aaf-aeb4-5a1663b6e32c" />
    <UnitTestResult executionId="0c63df01-0c43-4e7d-b05c-c4455566c651" testId="a7bf7fe5-0fd3-09c0-db2e-a077e2bb59f1" testName="Aula.Tests.Services.OpenAiServiceIntegrationTests.ChatInterface_Telegram_HasCorrectValue" computerName="RHO-DESKTOP" duration="00:00:00.0009632" startTime="2025-06-30T19:43:47.4219715+02:00" endTime="2025-06-30T19:43:47.4219718+02:00" testType="13cdc9d9-ddb5-4fa4-a97d-d965ccfc6d4b" outcome="Passed" testListId="8c84fa94-04c1-424b-9868-57a2d4851a1d" relativeResultsDirectory="0c63df01-0c43-4e7d-b05c-c4455566c651" />
    <UnitTestResult executionId="02287d8b-4940-45fe-ae20-c8db198443d1" testId="112c074c-c91e-2a6e-3358-6a9304c63b95" testName="Aula.Tests.Services.OpenAiServiceIntegrationTests.AskQuestionAboutWeekLetterAsync_WithNullWeekLetter_ThrowsArgumentNullException(chatInterface: Slack)" computerName="RHO-DESKTOP" duration="00:00:00.0029849" startTime="2025-06-30T19:43:45.2263735+02:00" endTime="2025-06-30T19:43:45.2263737+02:00" testType="13cdc9d9-ddb5-4fa4-a97d-d965ccfc6d4b" outcome="Passed" testListId="8c84fa94-04c1-424b-9868-57a2d4851a1d" relativeResultsDirectory="02287d8b-4940-45fe-ae20-c8db198443d1" />
    <UnitTestResult executionId="2d609d50-0748-4429-9d14-e7de40350107" testId="504418ac-a1f0-2470-99eb-7bd66657ed39" testName="Aula.Tests.Services.DataModelTests.Reminder_DefaultConstructor_InitializesCorrectly" computerName="RHO-DESKTOP" duration="00:00:00.0489428" startTime="2025-06-30T19:43:40.9965039+02:00" endTime="2025-06-30T19:43:40.9965040+02:00" testType="13cdc9d9-ddb5-4fa4-a97d-d965ccfc6d4b" outcome="Passed" testListId="8c84fa94-04c1-424b-9868-57a2d4851a1d" relativeResultsDirectory="2d609d50-0748-4429-9d14-e7de40350107" />
    <UnitTestResult executionId="c978d441-c4ae-4548-9509-dff7660f508d" testId="38a790b1-3578-8062-65d0-8c5f0243d8e8" testName="Aula.Tests.Configuration.ConfigurationTests.Slack_ChannelId_ValidationTests(channelId: &quot;@username&quot;, isValid: True)" computerName="RHO-DESKTOP" duration="00:00:00.0076887" startTime="2025-06-30T19:43:41.8506242+02:00" endTime="2025-06-30T19:43:41.8506243+02:00" testType="13cdc9d9-ddb5-4fa4-a97d-d965ccfc6d4b" outcome="Passed" testListId="8c84fa94-04c1-424b-9868-57a2d4851a1d" relativeResultsDirectory="c978d441-c4ae-4548-9509-dff7660f508d" />
    <UnitTestResult executionId="119f66a9-34c5-4c7c-b859-d2c0e49ec035" testId="869e2bf6-051e-e015-497a-7397bf66191a" testName="Aula.Tests.Tools.ReminderCommandHandlerTests.TryHandleReminderCommand_AddReminder_InvalidFormats_ReturnsErrorMessage(command: &quot;remind me tomorrow at 25:00 that invalid time&quot;, isEnglish: True)" computerName="RHO-DESKTOP" duration="00:00:00.0031411" startTime="2025-06-30T19:43:41.5351774+02:00" endTime="2025-06-30T19:43:41.5351775+02:00" testType="13cdc9d9-ddb5-4fa4-a97d-d965ccfc6d4b" outcome="Passed" testListId="8c84fa94-04c1-424b-9868-57a2d4851a1d" relativeResultsDirectory="119f66a9-34c5-4c7c-b859-d2c0e49ec035" />
    <UnitTestResult executionId="cc0f6dea-3432-48eb-bde1-276c510bbd40" testId="abccacca-7bbc-accb-c206-54d138eb3775" testName="Aula.Tests.Utilities.FollowUpQuestionDetectorTests.IsFollowUpQuestion_WithUnicodeChildNames_WorksCorrectly(input: &quot;søren&quot;)" computerName="RHO-DESKTOP" duration="00:00:00.0000919" startTime="2025-06-30T19:43:41.6497129+02:00" endTime="2025-06-30T19:43:41.6497130+02:00" testType="13cdc9d9-ddb5-4fa4-a97d-d965ccfc6d4b" outcome="Passed" testListId="8c84fa94-04c1-424b-9868-57a2d4851a1d" relativeResultsDirectory="cc0f6dea-3432-48eb-bde1-276c510bbd40" />
    <UnitTestResult executionId="4196eb3a-e6e4-4231-a99a-4abcf23fdc15" testId="c4b1de39-f215-c6c4-5b38-2f74d4b1f600" testName="Aula.Tests.Scheduling.SchedulingServiceIntegrationTests.StartAsync_CanBeCalledMultipleTimes_DoesNotThrow" computerName="RHO-DESKTOP" duration="00:00:00.0103508" startTime="2025-06-30T19:43:41.2037662+02:00" endTime="2025-06-30T19:43:41.2037663+02:00" testType="13cdc9d9-ddb5-4fa4-a97d-d965ccfc6d4b" outcome="Passed" testListId="8c84fa94-04c1-424b-9868-57a2d4851a1d" relativeResultsDirectory="4196eb3a-e6e4-4231-a99a-4abcf23fdc15" />
    <UnitTestResult executionId="e33d03eb-5bfe-4cd5-8dcb-cbd4cdaa85aa" testId="d3be5396-2e22-40ea-fb50-3295c468f33c" testName="Aula.Tests.Utilities.DateTimeUtilitiesTests.GetDanishDayName_InvalidDayOfWeek_ReturnsUnknownDay" computerName="RHO-DESKTOP" duration="00:00:00.0000925" startTime="2025-06-30T19:43:41.0120703+02:00" endTime="2025-06-30T19:43:41.0120704+02:00" testType="13cdc9d9-ddb5-4fa4-a97d-d965ccfc6d4b" outcome="Passed" testListId="8c84fa94-04c1-424b-9868-57a2d4851a1d" relativeResultsDirectory="e33d03eb-5bfe-4cd5-8dcb-cbd4cdaa85aa" />
    <UnitTestResult executionId="c64f66c9-cafb-420f-ad38-ca8ccf7652ca" testId="d5b42656-f37b-3f98-9edc-5bd253352fc2" testName="Aula.Tests.Tools.ReminderCommandHandlerTests.TryHandleReminderCommand_DateParsing_DDMM_Format_WorksCorrectly" computerName="RHO-DESKTOP" duration="00:00:00.0064357" startTime="2025-06-30T19:43:41.5982996+02:00" endTime="2025-06-30T19:43:41.5982997+02:00" testType="13cdc9d9-ddb5-4fa4-a97d-d965ccfc6d4b" outcome="Passed" testListId="8c84fa94-04c1-424b-9868-57a2d4851a1d" relativeResultsDirectory="c64f66c9-cafb-420f-ad38-ca8ccf7652ca" />
    <UnitTestResult executionId="3265910a-815f-4f16-9c1f-b775ec4d82e5" testId="a91693fe-7a60-fb25-8c1a-3c9d5103f720" testName="Aula.Tests.Bots.TelegramMessageHandlerTests.HandleMessageAsync_WithNullText_ReturnsEarly" computerName="RHO-DESKTOP" duration="00:00:00.0183071" startTime="2025-06-30T19:43:41.5259275+02:00" endTime="2025-06-30T19:43:41.5259277+02:00" testType="13cdc9d9-ddb5-4fa4-a97d-d965ccfc6d4b" outcome="Passed" testListId="8c84fa94-04c1-424b-9868-57a2d4851a1d" relativeResultsDirectory="3265910a-815f-4f16-9c1f-b775ec4d82e5" />
    <UnitTestResult executionId="494bb949-14bd-465a-9710-70d1ee9c894f" testId="0e3d7f53-280f-fde2-203e-143d6dcfdf0a" testName="Aula.Tests.Utilities.ConversationContextTests.ConversationContext_Properties_CanBeSet" computerName="RHO-DESKTOP" duration="00:00:00.0089861" startTime="2025-06-30T19:43:40.9925965+02:00" endTime="2025-06-30T19:43:40.9925965+02:00" testType="13cdc9d9-ddb5-4fa4-a97d-d965ccfc6d4b" outcome="Passed" testListId="8c84fa94-04c1-424b-9868-57a2d4851a1d" relativeResultsDirectory="494bb949-14bd-465a-9710-70d1ee9c894f" />
    <UnitTestResult executionId="b9f5482a-b536-4310-86bd-4518237f8ea5" testId="74223507-0b05-49e9-aad1-655b0b7c8f6e" testName="Aula.Tests.Channels.SlackBotTests.PushWeekLetter_WithNullWeekLetter_ReturnsFalse" computerName="RHO-DESKTOP" duration="00:00:00.0012110" startTime="2025-06-30T19:43:41.3690481+02:00" endTime="2025-06-30T19:43:41.3690482+02:00" testType="13cdc9d9-ddb5-4fa4-a97d-d965ccfc6d4b" outcome="Passed" testListId="8c84fa94-04c1-424b-9868-57a2d4851a1d" relativeResultsDirectory="b9f5482a-b536-4310-86bd-4518237f8ea5" />
    <UnitTestResult executionId="10ebc500-e4ba-4d01-b175-4e3dee54d2e4" testId="711b4283-4c9e-be16-2b83-d9f77794298d" testName="Aula.Tests.Utilities.JsonFormatterTests.Prettify_WithNullInput_ThrowsArgumentNullException" computerName="RHO-DESKTOP" duration="00:00:00.0012153" startTime="2025-06-30T19:43:41.0254487+02:00" endTime="2025-06-30T19:43:41.0254488+02:00" testType="13cdc9d9-ddb5-4fa4-a97d-d965ccfc6d4b" outcome="Passed" testListId="8c84fa94-04c1-424b-9868-57a2d4851a1d" relativeResultsDirectory="10ebc500-e4ba-4d01-b175-4e3dee54d2e4" />
    <UnitTestResult executionId="fd1e6ba9-7857-40e1-9c79-2cb6458b4e7e" testId="d2fd3d18-963d-6ba7-e216-54d46cb5c046" testName="Aula.Tests.Utilities.ReminderExtractionPromptsTests.GetExtractionPrompt_WithDifferentMinuteOffsets_CalculatesCorrectly(minutes: 60)" computerName="RHO-DESKTOP" duration="00:00:00.0015397" startTime="2025-06-30T19:43:41.5603910+02:00" endTime="2025-06-30T19:43:41.5603911+02:00" testType="13cdc9d9-ddb5-4fa4-a97d-d965ccfc6d4b" outcome="Passed" testListId="8c84fa94-04c1-424b-9868-57a2d4851a1d" relativeResultsDirectory="fd1e6ba9-7857-40e1-9c79-2cb6458b4e7e" />
    <UnitTestResult executionId="0205a885-fe53-43bc-ab0d-9cf076c121db" testId="c1d38bdc-38f6-c12c-a7df-652ec55b291d" testName="Aula.Tests.Tools.ReminderCommandHandlerTests.TryHandleReminderCommand_DeleteReminder_ValidCommands_ReturnsSuccess(command: &quot;slet påmindelse 456&quot;, isEnglish: False, expectedId: 456)" computerName="RHO-DESKTOP" duration="00:00:00.0023888" startTime="2025-06-30T19:43:41.4993254+02:00" endTime="2025-06-30T19:43:41.4993257+02:00" testType="13cdc9d9-ddb5-4fa4-a97d-d965ccfc6d4b" outcome="Passed" testListId="8c84fa94-04c1-424b-9868-57a2d4851a1d" relativeResultsDirectory="0205a885-fe53-43bc-ab0d-9cf076c121db" />
    <UnitTestResult executionId="84415ef7-ab05-4e0d-9ea1-b083798d4be6" testId="69c84318-c2ea-bbfb-2ff5-e086da7c5805" testName="Aula.Tests.Configuration.ConfigurationTests.OpenAi_ConfigurationIsCorrect" computerName="RHO-DESKTOP" duration="00:00:00.0049981" startTime="2025-06-30T19:43:41.8714323+02:00" endTime="2025-06-30T19:43:41.8714325+02:00" testType="13cdc9d9-ddb5-4fa4-a97d-d965ccfc6d4b" outcome="Passed" testListId="8c84fa94-04c1-424b-9868-57a2d4851a1d" relativeResultsDirectory="84415ef7-ab05-4e0d-9ea1-b083798d4be6" />
    <UnitTestResult executionId="05948ed8-bb56-4b19-9888-cdec5fa2b33d" testId="ce195ac9-e907-62d3-fa5f-c3b7ebadeac3" testName="Aula.Tests.Utilities.FollowUpQuestionDetectorTests.IsFollowUpQuestion_WithNullLogger_ThrowsArgumentNullException" computerName="RHO-DESKTOP" duration="00:00:00.0003271" startTime="2025-06-30T19:43:41.6789415+02:00" endTime="2025-06-30T19:43:41.6789416+02:00" testType="13cdc9d9-ddb5-4fa4-a97d-d965ccfc6d4b" outcome="Passed" testListId="8c84fa94-04c1-424b-9868-57a2d4851a1d" relativeResultsDirectory="05948ed8-bb56-4b19-9888-cdec5fa2b33d" />
    <UnitTestResult executionId="a4811316-d12c-425a-a956-c686efb4df9e" testId="2f04f25a-f7ea-d154-f23d-9b85170cefc4" testName="Aula.Tests.Bots.SlackInteractiveBotTests.Constructor_WithValidParameters_InitializesCorrectly" computerName="RHO-DESKTOP" duration="00:00:00.0221115" startTime="2025-06-30T19:43:41.3281765+02:00" endTime="2025-06-30T19:43:41.3281766+02:00" testType="13cdc9d9-ddb5-4fa4-a97d-d965ccfc6d4b" outcome="Passed" testListId="8c84fa94-04c1-424b-9868-57a2d4851a1d" relativeResultsDirectory="a4811316-d12c-425a-a956-c686efb4df9e" />
    <UnitTestResult executionId="7f8c1995-83ca-4126-83f4-fff6ff1ad918" testId="bd810d5e-74d1-fb29-2175-9a145b5629e1" testName="Aula.Tests.Utilities.ReminderExtractionPromptsTests.GetExtractionPrompt_WithRealQueries_EmbedsQueryCorrectly(query: &quot;Remind me about Hans's soccer&quot;)" computerName="RHO-DESKTOP" duration="00:00:00.0001986" startTime="2025-06-30T19:43:41.5644277+02:00" endTime="2025-06-30T19:43:41.5644278+02:00" testType="13cdc9d9-ddb5-4fa4-a97d-d965ccfc6d4b" outcome="Passed" testListId="8c84fa94-04c1-424b-9868-57a2d4851a1d" relativeResultsDirectory="7f8c1995-83ca-4126-83f4-fff6ff1ad918" />
    <UnitTestResult executionId="d60a4f54-19f3-4c76-82fc-eae9b9056a70" testId="c6a91ea6-2e10-8e99-6511-4f3dfcc58033" testName="Aula.Tests.Utilities.FollowUpQuestionDetectorTests.IsFollowUpQuestion_WithWhitespaceOnly_ReturnsFalse" computerName="RHO-DESKTOP" duration="00:00:00.0002434" startTime="2025-06-30T19:43:41.6626260+02:00" endTime="2025-06-30T19:43:41.6626261+02:00" testType="13cdc9d9-ddb5-4fa4-a97d-d965ccfc6d4b" outcome="Passed" testListId="8c84fa94-04c1-424b-9868-57a2d4851a1d" relativeResultsDirectory="d60a4f54-19f3-4c76-82fc-eae9b9056a70" />
    <UnitTestResult executionId="e33c1a2f-477a-4c85-aaa0-e996a30a8da8" testId="3eae7343-2bfd-b9ac-3f25-bf1944822f6f" testName="Aula.Tests.Tools.AiToolsManagerTests.DeleteReminderAsync_WithInvalidReminderNumber_ReturnsError" computerName="RHO-DESKTOP" duration="00:00:00.0086365" startTime="2025-06-30T19:43:41.1843242+02:00" endTime="2025-06-30T19:43:41.1843244+02:00" testType="13cdc9d9-ddb5-4fa4-a97d-d965ccfc6d4b" outcome="Passed" testListId="8c84fa94-04c1-424b-9868-57a2d4851a1d" relativeResultsDirectory="e33c1a2f-477a-4c85-aaa0-e996a30a8da8" />
    <UnitTestResult executionId="1c5bafdf-79e9-4fc4-90e1-e7dfe977b07a" testId="3d8b8df4-6a66-e4e9-3346-33a22f2ef410" testName="Aula.Tests.Utilities.Html2SlackMarkdownConverterTests.Convert_WithComplexNesting_HandlesCorrectly" computerName="RHO-DESKTOP" duration="00:00:00.0048868" startTime="2025-06-30T19:43:41.6178410+02:00" endTime="2025-06-30T19:43:41.6178411+02:00" testType="13cdc9d9-ddb5-4fa4-a97d-d965ccfc6d4b" outcome="Passed" testListId="8c84fa94-04c1-424b-9868-57a2d4851a1d" relativeResultsDirectory="1c5bafdf-79e9-4fc4-90e1-e7dfe977b07a" />
    <UnitTestResult executionId="485c6d67-a27e-4534-8af5-2f1c99113543" testId="4d32377c-3003-92bb-8a9b-867e419dcb6a" testName="Aula.Tests.Utilities.ReminderExtractionPromptsTests.GetExtractionPrompt_WithVariousCurrentTimes_CalculatesRelativeDatesCorrectly(currentTimeStr: &quot;2025-01-01 00:00:00&quot;)" computerName="RHO-DESKTOP" duration="00:00:00.0003771" startTime="2025-06-30T19:43:41.5515886+02:00" endTime="2025-06-30T19:43:41.5515887+02:00" testType="13cdc9d9-ddb5-4fa4-a97d-d965ccfc6d4b" outcome="Passed" testListId="8c84fa94-04c1-424b-9868-57a2d4851a1d" relativeResultsDirectory="485c6d67-a27e-4534-8af5-2f1c99113543" />
    <UnitTestResult executionId="29b9818b-0181-485c-b707-b68bedec1ea7" testId="c139c7f2-e7cf-69b5-0edf-596c5852d9fe" testName="Aula.Tests.Utilities.DateTimeUtilitiesTests.GetDanishDayName_ValidDayOfWeek_ReturnsLowercaseName(dayOfWeek: Friday, expectedName: &quot;fredag&quot;)" computerName="RHO-DESKTOP" duration="00:00:00.0004330" startTime="2025-06-30T19:43:41.0087352+02:00" endTime="2025-06-30T19:43:41.0087352+02:00" testType="13cdc9d9-ddb5-4fa4-a97d-d965ccfc6d4b" outcome="Passed" testListId="8c84fa94-04c1-424b-9868-57a2d4851a1d" relativeResultsDirectory="29b9818b-0181-485c-b707-b68bedec1ea7" />
    <UnitTestResult executionId="36626a58-28bd-4234-b64e-c4dcf8050844" testId="4cdb1a1d-1763-9c6d-9472-d3d70dd3181a" testName="Aula.Tests.Services.DataModelTests.AppState_DefaultConstructor_InitializesCorrectly" computerName="RHO-DESKTOP" duration="00:00:00.0002575" startTime="2025-06-30T19:43:41.0291987+02:00" endTime="2025-06-30T19:43:41.0291989+02:00" testType="13cdc9d9-ddb5-4fa4-a97d-d965ccfc6d4b" outcome="Passed" testListId="8c84fa94-04c1-424b-9868-57a2d4851a1d" relativeResultsDirectory="36626a58-28bd-4234-b64e-c4dcf8050844" />
    <UnitTestResult executionId="8cf071be-3056-4421-8e64-87e3af2f19d3" testId="2a1dcdd7-96d2-dad7-f34d-9619dff356c8" testName="Aula.Tests.Utilities.WeekLetterContentExtractorTests.ExtractContent_WithValidJObject_ReturnsContent" computerName="RHO-DESKTOP" duration="00:00:00.0003519" startTime="2025-06-30T19:43:41.1545404+02:00" endTime="2025-06-30T19:43:41.1545405+02:00" testType="13cdc9d9-ddb5-4fa4-a97d-d965ccfc6d4b" outcome="Passed" testListId="8c84fa94-04c1-424b-9868-57a2d4851a1d" relativeResultsDirectory="8cf071be-3056-4421-8e64-87e3af2f19d3" />
    <UnitTestResult executionId="660412eb-2613-4ae2-8cdc-7b31d170d0b9" testId="a3b592c0-7c51-7572-10a6-650c509f2a53" testName="Aula.Tests.Services.DataModelTests.Reminder_WithProperties_SetsCorrectly" computerName="RHO-DESKTOP" duration="00:00:00.0022088" startTime="2025-06-30T19:43:41.0125412+02:00" endTime="2025-06-30T19:43:41.0125413+02:00" testType="13cdc9d9-ddb5-4fa4-a97d-d965ccfc6d4b" outcome="Passed" testListId="8c84fa94-04c1-424b-9868-57a2d4851a1d" relativeResultsDirectory="660412eb-2613-4ae2-8cdc-7b31d170d0b9" />
    <UnitTestResult executionId="fbdec9d1-2d45-4ce1-96a4-48639d37b1dd" testId="38d2c1cf-74ca-44cc-3664-3d658cbc699d" testName="Aula.Tests.Bots.SlackMessageHandlerTests.HandleMessageAsync_WithReminderCommand_ProcessesMessage(reminderCommand: &quot;vis påmindelser&quot;)" computerName="RHO-DESKTOP" duration="00:00:00.3021559" startTime="2025-06-30T19:43:47.0370167+02:00" endTime="2025-06-30T19:43:47.0370170+02:00" testType="13cdc9d9-ddb5-4fa4-a97d-d965ccfc6d4b" outcome="Passed" testListId="8c84fa94-04c1-424b-9868-57a2d4851a1d" relativeResultsDirectory="fbdec9d1-2d45-4ce1-96a4-48639d37b1dd" />
    <UnitTestResult executionId="bec6d0e7-970b-42e8-b37d-2177781521bf" testId="601e1164-bd7e-9e7d-f167-9c3fcbc6ad4f" testName="Aula.Tests.Services.DataModelTests.PostedLetter_WeekNumberValidation_ReturnsExpectedResult(weekNumber: 25, year: 2022, isValid: True)" computerName="RHO-DESKTOP" duration="00:00:00.0112652" startTime="2025-06-30T19:43:41.0193758+02:00" endTime="2025-06-30T19:43:41.0193758+02:00" testType="13cdc9d9-ddb5-4fa4-a97d-d965ccfc6d4b" outcome="Passed" testListId="8c84fa94-04c1-424b-9868-57a2d4851a1d" relativeResultsDirectory="bec6d0e7-970b-42e8-b37d-2177781521bf" />
    <UnitTestResult executionId="586a971c-1fe5-43b9-9a14-a556ae99e48f" testId="5131c0c3-410a-6182-33f0-39457515d5e3" testName="Aula.Tests.Bots.TelegramMessageHandlerTests.HandleMessageAsync_WithValidQuery_ProcessesSuccessfully(queryText: &quot;Hvad skal Emma i dag?&quot;)" computerName="RHO-DESKTOP" duration="00:00:00.0095250" startTime="2025-06-30T19:43:41.4147125+02:00" endTime="2025-06-30T19:43:41.4147126+02:00" testType="13cdc9d9-ddb5-4fa4-a97d-d965ccfc6d4b" outcome="Passed" testListId="8c84fa94-04c1-424b-9868-57a2d4851a1d" relativeResultsDirectory="586a971c-1fe5-43b9-9a14-a556ae99e48f" />
    <UnitTestResult executionId="5a3324ca-bbfb-49d1-8158-1b051e57efa2" testId="3076346f-e719-f439-3898-289f35032ef1" testName="Aula.Tests.Services.DataModelTests.ScheduledTask_CronExpression_CanBeSet(cronExpression: &quot;0 16 * * 0&quot;, description: &quot;Weekly at 4 PM on Sundays&quot;)" computerName="RHO-DESKTOP" duration="00:00:00.0016867" startTime="2025-06-30T19:43:40.9971043+02:00" endTime="2025-06-30T19:43:40.9971044+02:00" testType="13cdc9d9-ddb5-4fa4-a97d-d965ccfc6d4b" outcome="Passed" testListId="8c84fa94-04c1-424b-9868-57a2d4851a1d" relativeResultsDirectory="5a3324ca-bbfb-49d1-8158-1b051e57efa2" />
    <UnitTestResult executionId="47c3a95f-cdef-4090-86ef-576f12218004" testId="adb49f16-3736-24f6-5b1f-837b780eb877" testName="Aula.Tests.Utilities.DateTimeUtilitiesTests.GetDanishDayName_ValidDayOfWeek_ReturnsLowercaseName(dayOfWeek: Sunday, expectedName: &quot;søndag&quot;)" computerName="RHO-DESKTOP" duration="00:00:00.0000281" startTime="2025-06-30T19:43:41.0096796+02:00" endTime="2025-06-30T19:43:41.0096796+02:00" testType="13cdc9d9-ddb5-4fa4-a97d-d965ccfc6d4b" outcome="Passed" testListId="8c84fa94-04c1-424b-9868-57a2d4851a1d" relativeResultsDirectory="47c3a95f-cdef-4090-86ef-576f12218004" />
    <UnitTestResult executionId="3a3c17d2-dd3a-4220-9cd0-a9d804f4168b" testId="a40f32ef-bb76-d332-6d7b-f2a216398660" testName="Aula.Tests.Channels.SlackBotTests.PostWeekLetter_WithVariousChildColors_HandlesCorrectly(color: &quot;&quot;)" computerName="RHO-DESKTOP" duration="00:00:00.0011967" startTime="2025-06-30T19:43:41.3561416+02:00" endTime="2025-06-30T19:43:41.3561417+02:00" testType="13cdc9d9-ddb5-4fa4-a97d-d965ccfc6d4b" outcome="Passed" testListId="8c84fa94-04c1-424b-9868-57a2d4851a1d" relativeResultsDirectory="3a3c17d2-dd3a-4220-9cd0-a9d804f4168b" />
    <UnitTestResult executionId="6f373b83-810b-4826-8ad6-1fa007419495" testId="cdb2a1c6-455e-afdc-b339-d53b98cacc5c" testName="Aula.Tests.Services.OpenAiServiceIntegrationTests.Constructor_WithWhitespaceApiKey_ThrowsArgumentException" computerName="RHO-DESKTOP" duration="00:00:00.0070405" startTime="2025-06-30T19:43:41.1367138+02:00" endTime="2025-06-30T19:43:41.1367139+02:00" testType="13cdc9d9-ddb5-4fa4-a97d-d965ccfc6d4b" outcome="Passed" testListId="8c84fa94-04c1-424b-9868-57a2d4851a1d" relativeResultsDirectory="6f373b83-810b-4826-8ad6-1fa007419495" />
    <UnitTestResult executionId="04ee6f0c-cdfd-4f98-90f6-fc5686129fb5" testId="7d2712c2-8286-82a7-fc6d-ae7572a28a52" testName="Aula.Tests.Utilities.FollowUpQuestionDetectorTests.IsFollowUpQuestion_WithEnglishFollowUpPhrases_ReturnsTrue(input: &quot;also Emma&quot;)" computerName="RHO-DESKTOP" duration="00:00:00.0002967" startTime="2025-06-30T19:43:41.6268558+02:00" endTime="2025-06-30T19:43:41.6268559+02:00" testType="13cdc9d9-ddb5-4fa4-a97d-d965ccfc6d4b" outcome="Passed" testListId="8c84fa94-04c1-424b-9868-57a2d4851a1d" relativeResultsDirectory="04ee6f0c-cdfd-4f98-90f6-fc5686129fb5" />
    <UnitTestResult executionId="0ea4868b-bbe4-40df-854d-c43233c9e2ee" testId="3e382f98-ef8c-4926-27b6-c03a83290bad" testName="Aula.Tests.Utilities.FollowUpQuestionDetectorTests.IsFollowUpQuestion_WithEnglishFollowUpPhrases_ReturnsTrue(input: &quot;how about Liam&quot;)" computerName="RHO-DESKTOP" duration="00:00:00.0000521" startTime="2025-06-30T19:43:41.6277033+02:00" endTime="2025-06-30T19:43:41.6277034+02:00" testType="13cdc9d9-ddb5-4fa4-a97d-d965ccfc6d4b" outcome="Passed" testListId="8c84fa94-04c1-424b-9868-57a2d4851a1d" relativeResultsDirectory="0ea4868b-bbe4-40df-854d-c43233c9e2ee" />
    <UnitTestResult executionId="915a8231-c494-402c-89b6-a4a47a237c90" testId="1e24c5cd-d42a-5c97-73c1-5f149820ea22" testName="Aula.Tests.Channels.TelegramClientTests.Constructor_WithVariousTokens_DoesNotThrow(token: &quot;123456789:AABBCCDDEEFFGG&quot;)" computerName="RHO-DESKTOP" duration="00:00:00.0003173" startTime="2025-06-30T19:43:41.0402284+02:00" endTime="2025-06-30T19:43:41.0402285+02:00" testType="13cdc9d9-ddb5-4fa4-a97d-d965ccfc6d4b" outcome="Passed" testListId="8c84fa94-04c1-424b-9868-57a2d4851a1d" relativeResultsDirectory="915a8231-c494-402c-89b6-a4a47a237c90" />
    <UnitTestResult executionId="f2b37bcb-5c2d-4da9-b1d2-32b13b8e56d7" testId="0026d070-5db9-6f8c-0581-fb23b0721050" testName="Aula.Tests.Utilities.JsonFormatterTests.Prettify_WithIncompleteJson_ThrowsException(incompleteJson: &quot;]&quot;)" computerName="RHO-DESKTOP" duration="00:00:00.0059808" startTime="2025-06-30T19:43:41.0231745+02:00" endTime="2025-06-30T19:43:41.0231746+02:00" testType="13cdc9d9-ddb5-4fa4-a97d-d965ccfc6d4b" outcome="Passed" testListId="8c84fa94-04c1-424b-9868-57a2d4851a1d" relativeResultsDirectory="f2b37bcb-5c2d-4da9-b1d2-32b13b8e56d7" />
    <UnitTestResult executionId="fb9dae89-901b-4031-aa08-b92bea87c4ec" testId="62b0fe72-30f1-2af2-c068-90091bfb1d44" testName="Aula.Tests.Utilities.JsonFormatterTests.Prettify_WithStringValue_ReturnsFormattedString" computerName="RHO-DESKTOP" duration="00:00:00.0001904" startTime="2025-06-30T19:43:41.0186578+02:00" endTime="2025-06-30T19:43:41.0186579+02:00" testType="13cdc9d9-ddb5-4fa4-a97d-d965ccfc6d4b" outcome="Passed" testListId="8c84fa94-04c1-424b-9868-57a2d4851a1d" relativeResultsDirectory="fb9dae89-901b-4031-aa08-b92bea87c4ec" />
    <UnitTestResult executionId="451003f6-66a1-4ff2-8695-0cf4ef25f0e6" testId="7bb5033b-053d-57a5-c00e-279f476a8835" testName="Aula.Tests.Utilities.ConversationContextManagerTests.UpdateContext_WithDefaultParameters_SetsCorrectDefaults" computerName="RHO-DESKTOP" duration="00:00:00.0007145" startTime="2025-06-30T19:43:41.1525199+02:00" endTime="2025-06-30T19:43:41.1525200+02:00" testType="13cdc9d9-ddb5-4fa4-a97d-d965ccfc6d4b" outcome="Passed" testListId="8c84fa94-04c1-424b-9868-57a2d4851a1d" relativeResultsDirectory="451003f6-66a1-4ff2-8695-0cf4ef25f0e6" />
    <UnitTestResult executionId="fdb54d22-d0db-415e-bbe0-541b15f62c59" testId="bb7ff579-7dbb-d724-561f-6bfaeeb13e43" testName="Aula.Tests.Utilities.Html2SlackMarkdownConverterTests.Convert_WithPartialTags_HandlesGracefully(html: &quot;text &lt;b&gt; more text&quot;)" computerName="RHO-DESKTOP" duration="00:00:00.0053199" startTime="2025-06-30T19:43:41.5528290+02:00" endTime="2025-06-30T19:43:41.5528291+02:00" testType="13cdc9d9-ddb5-4fa4-a97d-d965ccfc6d4b" outcome="Passed" testListId="8c84fa94-04c1-424b-9868-57a2d4851a1d" relativeResultsDirectory="fdb54d22-d0db-415e-bbe0-541b15f62c59" />
    <UnitTestResult executionId="51649f38-33ad-4f9d-a87c-bd755d73903e" testId="19f2e1ca-d1c7-2af8-caa8-282a0071f76c" testName="Aula.Tests.Utilities.FollowUpQuestionDetectorTests.IsFollowUpQuestion_WithStartingFollowUpWords_ReturnsTrue(input: &quot;And Liam&quot;)" computerName="RHO-DESKTOP" duration="00:00:00.0002648" startTime="2025-06-30T19:43:41.6508574+02:00" endTime="2025-06-30T19:43:41.6508575+02:00" testType="13cdc9d9-ddb5-4fa4-a97d-d965ccfc6d4b" outcome="Passed" testListId="8c84fa94-04c1-424b-9868-57a2d4851a1d" relativeResultsDirectory="51649f38-33ad-4f9d-a87c-bd755d73903e" />
    <UnitTestResult executionId="0aaf33ac-9adc-4d91-b8e9-059f931caed0" testId="89236559-f3ef-d084-fa13-c204061f03bf" testName="Aula.Tests.Utilities.Html2SlackMarkdownConverterTests.Convert_WithNestedTags_RemovesCorrectly" computerName="RHO-DESKTOP" duration="00:00:00.0010376" startTime="2025-06-30T19:43:41.2550814+02:00" endTime="2025-06-30T19:43:41.2550815+02:00" testType="13cdc9d9-ddb5-4fa4-a97d-d965ccfc6d4b" outcome="Passed" testListId="8c84fa94-04c1-424b-9868-57a2d4851a1d" relativeResultsDirectory="0aaf33ac-9adc-4d91-b8e9-059f931caed0" />
    <UnitTestResult executionId="8da19907-4ae6-4394-b06f-96837e5562d7" testId="d0d86c84-495f-8b36-1e1b-b8ecd9346ea3" testName="Aula.Tests.Utilities.DateTimeUtilitiesTests.GetDanishDayName_ValidDayOfWeek_ReturnsCorrectDanishName(dayOfWeek: Monday, expectedDanishName: &quot;mandag&quot;)" computerName="RHO-DESKTOP" duration="00:00:00.0355006" startTime="2025-06-30T19:43:40.9429099+02:00" endTime="2025-06-30T19:43:40.9429101+02:00" testType="13cdc9d9-ddb5-4fa4-a97d-d965ccfc6d4b" outcome="Passed" testListId="8c84fa94-04c1-424b-9868-57a2d4851a1d" relativeResultsDirectory="8da19907-4ae6-4394-b06f-96837e5562d7" />
    <UnitTestResult executionId="3102c7dd-005b-460c-b774-7b007f89b99c" testId="9459ef9a-ed9e-7e04-b1e7-d4cc74d49390" testName="Aula.Tests.Utilities.IntentAnalysisPromptsTests.ToolExamples_ContainsRequiredKeys(key: &quot;CREATE_REMINDER&quot;)" computerName="RHO-DESKTOP" duration="00:00:00.0000052" startTime="2025-06-30T19:43:41.1194389+02:00" endTime="2025-06-30T19:43:41.1194390+02:00" testType="13cdc9d9-ddb5-4fa4-a97d-d965ccfc6d4b" outcome="Passed" testListId="8c84fa94-04c1-424b-9868-57a2d4851a1d" relativeResultsDirectory="3102c7dd-005b-460c-b774-7b007f89b99c" />
    <UnitTestResult executionId="9e0e4014-4ce7-436d-a1ba-5f674679549d" testId="76c96ce4-9c6b-b4bb-96af-ca0f9adb2712" testName="Aula.Tests.Scheduling.SchedulingServiceIntegrationTests.Constructor_WithNullSupabaseService_ThrowsArgumentNullException" computerName="RHO-DESKTOP" duration="00:00:00.0009032" startTime="2025-06-30T19:43:41.2094879+02:00" endTime="2025-06-30T19:43:41.2094880+02:00" testType="13cdc9d9-ddb5-4fa4-a97d-d965ccfc6d4b" outcome="Passed" testListId="8c84fa94-04c1-424b-9868-57a2d4851a1d" relativeResultsDirectory="9e0e4014-4ce7-436d-a1ba-5f674679549d" />
    <UnitTestResult executionId="3b6c8bea-2a3f-4c1d-aeec-34e3e89758da" testId="809b830f-f032-72fe-7382-c6d2ac899d33" testName="Aula.Tests.Utilities.JsonFormatterTests.Prettify_WithInvalidJson_ThrowsJsonException" computerName="RHO-DESKTOP" duration="00:00:00.0004464" startTime="2025-06-30T19:43:41.0326699+02:00" endTime="2025-06-30T19:43:41.0326700+02:00" testType="13cdc9d9-ddb5-4fa4-a97d-d965ccfc6d4b" outcome="Passed" testListId="8c84fa94-04c1-424b-9868-57a2d4851a1d" relativeResultsDirectory="3b6c8bea-2a3f-4c1d-aeec-34e3e89758da" />
  </Results>
  <TestDefinitions>
    <UnitTest name="Aula.Tests.Utilities.JsonFormatterTests.Prettify_WithIncompleteJson_ThrowsException(incompleteJson: &quot;{\&quot;incomplete\&quot;:&quot;)" storage="/mnt/d/git/aula/src/aula.tests/bin/debug/net9.0/aula.tests.dll" id="d141c1f4-2ff8-7341-a2af-364fb6299829">
      <Execution id="c3081b93-dd4a-40c7-b4fb-375353d6be51" />
      <TestMethod codeBase="/mnt/d/git/aula/src/Aula.Tests/bin/Debug/net9.0/Aula.Tests.dll" adapterTypeName="executor://xunit/VsTestRunner2/netcoreapp" className="Aula.Tests.Utilities.JsonFormatterTests" name="Prettify_WithIncompleteJson_ThrowsException" />
    </UnitTest>
    <UnitTest name="Aula.Tests.Utilities.JsonFormatterTests.Prettify_WithComplexNestedStructure_FormatsCorrectly" storage="/mnt/d/git/aula/src/aula.tests/bin/debug/net9.0/aula.tests.dll" id="cfdde69f-bd6f-9d86-5859-a1ef9746cd64">
      <Execution id="250326f3-1bb1-4cdc-93be-74ce3d92ee67" />
      <TestMethod codeBase="/mnt/d/git/aula/src/Aula.Tests/bin/Debug/net9.0/Aula.Tests.dll" adapterTypeName="executor://xunit/VsTestRunner2/netcoreapp" className="Aula.Tests.Utilities.JsonFormatterTests" name="Prettify_WithComplexNestedStructure_FormatsCorrectly" />
    </UnitTest>
    <UnitTest name="Aula.Tests.Configuration.ConfigurationTests.Timers_SchedulingInterval_ValidationTests(intervalSeconds: 60, isValid: True)" storage="/mnt/d/git/aula/src/aula.tests/bin/debug/net9.0/aula.tests.dll" id="6adeca65-1d67-3030-b131-cc9b902991d4">
      <Execution id="582c327d-302b-4bbc-9965-29927db1a3ab" />
      <TestMethod codeBase="/mnt/d/git/aula/src/Aula.Tests/bin/Debug/net9.0/Aula.Tests.dll" adapterTypeName="executor://xunit/VsTestRunner2/netcoreapp" className="Aula.Tests.Configuration.ConfigurationTests" name="Timers_SchedulingInterval_ValidationTests" />
    </UnitTest>
    <UnitTest name="Aula.Tests.Bots.TelegramInteractiveBotTests.PostWeekLetter_WithUnknownChild_LogsWarningAndReturns" storage="/mnt/d/git/aula/src/aula.tests/bin/debug/net9.0/aula.tests.dll" id="6423dadf-5032-e426-048d-b3adf874a425">
      <Execution id="84066a49-71e9-4242-b1e9-f7074a260cf6" />
      <TestMethod codeBase="/mnt/d/git/aula/src/Aula.Tests/bin/Debug/net9.0/Aula.Tests.dll" adapterTypeName="executor://xunit/VsTestRunner2/netcoreapp" className="Aula.Tests.Bots.TelegramInteractiveBotTests" name="PostWeekLetter_WithUnknownChild_LogsWarningAndReturns" />
    </UnitTest>
    <UnitTest name="Aula.Tests.Configuration.ConfigurationTests.Telegram_Token_ValidationTests(token: &quot;invalid-token&quot;, isValidFormat: False)" storage="/mnt/d/git/aula/src/aula.tests/bin/debug/net9.0/aula.tests.dll" id="e735c7b3-aa15-891a-afaf-f7174c07abf5">
      <Execution id="5ff71e6b-2f3b-4c2f-94bf-8c095ddb760d" />
      <TestMethod codeBase="/mnt/d/git/aula/src/Aula.Tests/bin/Debug/net9.0/Aula.Tests.dll" adapterTypeName="executor://xunit/VsTestRunner2/netcoreapp" className="Aula.Tests.Configuration.ConfigurationTests" name="Telegram_Token_ValidationTests" />
    </UnitTest>
    <UnitTest name="Aula.Tests.Utilities.JsonFormatterTests.Prettify_WithInvalidJson_ThrowsJsonException" storage="/mnt/d/git/aula/src/aula.tests/bin/debug/net9.0/aula.tests.dll" id="809b830f-f032-72fe-7382-c6d2ac899d33">
      <Execution id="3b6c8bea-2a3f-4c1d-aeec-34e3e89758da" />
      <TestMethod codeBase="/mnt/d/git/aula/src/Aula.Tests/bin/Debug/net9.0/Aula.Tests.dll" adapterTypeName="executor://xunit/VsTestRunner2/netcoreapp" className="Aula.Tests.Utilities.JsonFormatterTests" name="Prettify_WithInvalidJson_ThrowsJsonException" />
    </UnitTest>
    <UnitTest name="Aula.Tests.Services.SupabaseServiceTests.Constructor_WithValidConfig_CreatesInstance" storage="/mnt/d/git/aula/src/aula.tests/bin/debug/net9.0/aula.tests.dll" id="5923c05c-0f73-b670-436e-b35343d0427b">
      <Execution id="957930c5-2ff3-4280-9b9d-7a82273c53ac" />
      <TestMethod codeBase="/mnt/d/git/aula/src/Aula.Tests/bin/Debug/net9.0/Aula.Tests.dll" adapterTypeName="executor://xunit/VsTestRunner2/netcoreapp" className="Aula.Tests.Services.SupabaseServiceTests" name="Constructor_WithValidConfig_CreatesInstance" />
    </UnitTest>
    <UnitTest name="Aula.Tests.Utilities.DateTimeUtilitiesTests.GetDanishDayName_AllValidDaysOfWeek_ReturnsNonEmptyString(dayOfWeek: Sunday)" storage="/mnt/d/git/aula/src/aula.tests/bin/debug/net9.0/aula.tests.dll" id="2c3c35ba-d19e-e494-0ed2-32abdacfd200">
      <Execution id="8a341e70-be9e-4e8f-ba44-111993a9f1d6" />
      <TestMethod codeBase="/mnt/d/git/aula/src/Aula.Tests/bin/Debug/net9.0/Aula.Tests.dll" adapterTypeName="executor://xunit/VsTestRunner2/netcoreapp" className="Aula.Tests.Utilities.DateTimeUtilitiesTests" name="GetDanishDayName_AllValidDaysOfWeek_ReturnsNonEmptyString" />
    </UnitTest>
    <UnitTest name="Aula.Tests.Bots.SlackInteractiveBotTests.Stop_WhenCalled_LogsInformation" storage="/mnt/d/git/aula/src/aula.tests/bin/debug/net9.0/aula.tests.dll" id="117ddc28-dcc8-243a-b2bd-3d83692ecb26">
      <Execution id="950e2300-a0f8-4282-902e-c9414d767e01" />
      <TestMethod codeBase="/mnt/d/git/aula/src/Aula.Tests/bin/Debug/net9.0/Aula.Tests.dll" adapterTypeName="executor://xunit/VsTestRunner2/netcoreapp" className="Aula.Tests.Bots.SlackInteractiveBotTests" name="Stop_WhenCalled_LogsInformation" />
    </UnitTest>
    <UnitTest name="Aula.Tests.Utilities.ConversationContextManagerTests.Manager_WithIntegerKeys_WorksCorrectly" storage="/mnt/d/git/aula/src/aula.tests/bin/debug/net9.0/aula.tests.dll" id="6f9f5016-c386-f671-b8d8-6fc0a14626eb">
      <Execution id="d280edbc-782f-4b4b-af8e-72545e841401" />
      <TestMethod codeBase="/mnt/d/git/aula/src/Aula.Tests/bin/Debug/net9.0/Aula.Tests.dll" adapterTypeName="executor://xunit/VsTestRunner2/netcoreapp" className="Aula.Tests.Utilities.ConversationContextManagerTests" name="Manager_WithIntegerKeys_WorksCorrectly" />
    </UnitTest>
    <UnitTest name="Aula.Tests.Integration.AgentServiceTests.LoginAsync_CallsClientLoginAsync" storage="/mnt/d/git/aula/src/aula.tests/bin/debug/net9.0/aula.tests.dll" id="df8b7611-0fd3-7a4a-228e-73a22117205a">
      <Execution id="55aa3d8d-000d-4796-85f4-03dc19b8559f" />
      <TestMethod codeBase="/mnt/d/git/aula/src/Aula.Tests/bin/Debug/net9.0/Aula.Tests.dll" adapterTypeName="executor://xunit/VsTestRunner2/netcoreapp" className="Aula.Tests.Integration.AgentServiceTests" name="LoginAsync_CallsClientLoginAsync" />
    </UnitTest>
    <UnitTest name="Aula.Tests.Integration.AgentServiceTests.AskQuestionAboutWeekLetterAsync_CallsOpenAiService" storage="/mnt/d/git/aula/src/aula.tests/bin/debug/net9.0/aula.tests.dll" id="c64fd3ef-a83e-8804-d6d0-9d8e2ff29cc2">
      <Execution id="c7f5ec9c-518f-40da-bed1-f70228143474" />
      <TestMethod codeBase="/mnt/d/git/aula/src/Aula.Tests/bin/Debug/net9.0/Aula.Tests.dll" adapterTypeName="executor://xunit/VsTestRunner2/netcoreapp" className="Aula.Tests.Integration.AgentServiceTests" name="AskQuestionAboutWeekLetterAsync_CallsOpenAiService" />
    </UnitTest>
    <UnitTest name="Aula.Tests.Scheduling.SchedulingServiceTests.StopAsync_AfterStart_DoesNotThrow" storage="/mnt/d/git/aula/src/aula.tests/bin/debug/net9.0/aula.tests.dll" id="273c2632-e8a7-4a3f-093e-3b4b8e141ef8">
      <Execution id="fb020426-8fb5-4569-9219-d68102f5eaa4" />
      <TestMethod codeBase="/mnt/d/git/aula/src/Aula.Tests/bin/Debug/net9.0/Aula.Tests.dll" adapterTypeName="executor://xunit/VsTestRunner2/netcoreapp" className="Aula.Tests.Scheduling.SchedulingServiceTests" name="StopAsync_AfterStart_DoesNotThrow" />
    </UnitTest>
    <UnitTest name="Aula.Tests.Channels.TelegramClientTests.Constructor_WithVariousTokens_DoesNotThrow(token: &quot;987654321:XXYYZZ&quot;)" storage="/mnt/d/git/aula/src/aula.tests/bin/debug/net9.0/aula.tests.dll" id="7a4330b4-d3d2-d308-8e2d-3815d3c67d0f">
      <Execution id="3412f0da-e860-473c-8f5d-67266642fba8" />
      <TestMethod codeBase="/mnt/d/git/aula/src/Aula.Tests/bin/Debug/net9.0/Aula.Tests.dll" adapterTypeName="executor://xunit/VsTestRunner2/netcoreapp" className="Aula.Tests.Channels.TelegramClientTests" name="Constructor_WithVariousTokens_DoesNotThrow" />
    </UnitTest>
    <UnitTest name="Aula.Tests.Configuration.ConfigurationTests.Config_DefaultValues_AreApplied" storage="/mnt/d/git/aula/src/aula.tests/bin/debug/net9.0/aula.tests.dll" id="190cafd6-e87f-acd4-dc9b-9d82114386d9">
      <Execution id="5c0da32d-d5aa-4848-a8ba-c980d4491591" />
      <TestMethod codeBase="/mnt/d/git/aula/src/Aula.Tests/bin/Debug/net9.0/Aula.Tests.dll" adapterTypeName="executor://xunit/VsTestRunner2/netcoreapp" className="Aula.Tests.Configuration.ConfigurationTests" name="Config_DefaultValues_AreApplied" />
    </UnitTest>
    <UnitTest name="Aula.Tests.Bots.SlackInteractiveBotTests.PostWeekLetter_WithHttpError_LogsError" storage="/mnt/d/git/aula/src/aula.tests/bin/debug/net9.0/aula.tests.dll" id="98cd8faf-e82c-211b-73e0-182caa7ee5d0">
      <Execution id="8a1d41f5-f680-4f85-b84b-197e359996f6" />
      <TestMethod codeBase="/mnt/d/git/aula/src/Aula.Tests/bin/Debug/net9.0/Aula.Tests.dll" adapterTypeName="executor://xunit/VsTestRunner2/netcoreapp" className="Aula.Tests.Bots.SlackInteractiveBotTests" name="PostWeekLetter_WithHttpError_LogsError" />
    </UnitTest>
    <UnitTest name="Aula.Tests.Bots.SlackInteractiveBotTests.PostWeekLetter_WithSlackApiError_LogsError" storage="/mnt/d/git/aula/src/aula.tests/bin/debug/net9.0/aula.tests.dll" id="163ffdcd-8cc6-0360-4c70-1c08392ed80a">
      <Execution id="95e7477e-22f6-48be-99ee-12fd07ae43e4" />
      <TestMethod codeBase="/mnt/d/git/aula/src/Aula.Tests/bin/Debug/net9.0/Aula.Tests.dll" adapterTypeName="executor://xunit/VsTestRunner2/netcoreapp" className="Aula.Tests.Bots.SlackInteractiveBotTests" name="PostWeekLetter_WithSlackApiError_LogsError" />
    </UnitTest>
    <UnitTest name="Aula.Tests.Channels.SlackBotTests.PostWeekLetter_WithEmptyWeekLetter_HandlesGracefully" storage="/mnt/d/git/aula/src/aula.tests/bin/debug/net9.0/aula.tests.dll" id="9f3a0fc9-3eea-97c3-5cc5-d99512257356">
      <Execution id="bd82730f-5dcc-42a1-b26c-fbab4a640364" />
      <TestMethod codeBase="/mnt/d/git/aula/src/Aula.Tests/bin/Debug/net9.0/Aula.Tests.dll" adapterTypeName="executor://xunit/VsTestRunner2/netcoreapp" className="Aula.Tests.Channels.SlackBotTests" name="PostWeekLetter_WithEmptyWeekLetter_HandlesGracefully" />
    </UnitTest>
    <UnitTest name="Aula.Tests.Bots.SlackInteractiveBotTests.PostWeekLetter_WithDuplicateContent_SkipsDuplicate" storage="/mnt/d/git/aula/src/aula.tests/bin/debug/net9.0/aula.tests.dll" id="c491ca15-97ab-a670-c185-11bf3ef7479b">
      <Execution id="7e91ffb2-9440-47a5-b64f-2586a420950d" />
      <TestMethod codeBase="/mnt/d/git/aula/src/Aula.Tests/bin/Debug/net9.0/Aula.Tests.dll" adapterTypeName="executor://xunit/VsTestRunner2/netcoreapp" className="Aula.Tests.Bots.SlackInteractiveBotTests" name="PostWeekLetter_WithDuplicateContent_SkipsDuplicate" />
    </UnitTest>
    <UnitTest name="Aula.Tests.Utilities.ConversationContextTests.IsStillValid_WithFreshTimestamp_ReturnsTrue" storage="/mnt/d/git/aula/src/aula.tests/bin/debug/net9.0/aula.tests.dll" id="6391cd26-6fc2-8e75-57e3-7b032d34c99b">
      <Execution id="9c0e2fb9-5887-4a96-a011-38e7a66c6b13" />
      <TestMethod codeBase="/mnt/d/git/aula/src/Aula.Tests/bin/Debug/net9.0/Aula.Tests.dll" adapterTypeName="executor://xunit/VsTestRunner2/netcoreapp" className="Aula.Tests.Utilities.ConversationContextTests" name="IsStillValid_WithFreshTimestamp_ReturnsTrue" />
    </UnitTest>
    <UnitTest name="Aula.Tests.Scheduling.SchedulingServiceIntegrationTests.StopAsync_LogsInformationAndDoesNotThrow" storage="/mnt/d/git/aula/src/aula.tests/bin/debug/net9.0/aula.tests.dll" id="bf1816b2-91f9-1cf0-a850-7a59915a1d13">
      <Execution id="d496eda9-012f-4327-aa15-e90c4cba5288" />
      <TestMethod codeBase="/mnt/d/git/aula/src/Aula.Tests/bin/Debug/net9.0/Aula.Tests.dll" adapterTypeName="executor://xunit/VsTestRunner2/netcoreapp" className="Aula.Tests.Scheduling.SchedulingServiceIntegrationTests" name="StopAsync_LogsInformationAndDoesNotThrow" />
    </UnitTest>
    <UnitTest name="Aula.Tests.Bots.SlackInteractiveBotTests.Constructor_WithNullConfig_ThrowsArgumentNullException" storage="/mnt/d/git/aula/src/aula.tests/bin/debug/net9.0/aula.tests.dll" id="fbb577ab-554c-1761-8b33-3b062d943c22">
      <Execution id="043960e6-df96-4f7e-aa6c-2a8625ee8ab5" />
      <TestMethod codeBase="/mnt/d/git/aula/src/Aula.Tests/bin/Debug/net9.0/Aula.Tests.dll" adapterTypeName="executor://xunit/VsTestRunner2/netcoreapp" className="Aula.Tests.Bots.SlackInteractiveBotTests" name="Constructor_WithNullConfig_ThrowsArgumentNullException" />
    </UnitTest>
    <UnitTest name="Aula.Tests.Services.DataServiceTests.GetWeekSchedule_ReturnsNull_WhenNotInCache" storage="/mnt/d/git/aula/src/aula.tests/bin/debug/net9.0/aula.tests.dll" id="ab120f5f-70c1-1c2c-37fe-0285fb96cb1f">
      <Execution id="dba4aaf3-bc50-45f6-8c9c-9c84c771bd85" />
      <TestMethod codeBase="/mnt/d/git/aula/src/Aula.Tests/bin/Debug/net9.0/Aula.Tests.dll" adapterTypeName="executor://xunit/VsTestRunner2/netcoreapp" className="Aula.Tests.Services.DataServiceTests" name="GetWeekSchedule_ReturnsNull_WhenNotInCache" />
    </UnitTest>
    <UnitTest name="Aula.Tests.Utilities.JsonFormatterTests.Prettify_WithVeryLargeJson_HandlesPerformantly" storage="/mnt/d/git/aula/src/aula.tests/bin/debug/net9.0/aula.tests.dll" id="959de6ab-41a3-bb6f-c652-3f36caba1f36">
      <Execution id="ffa8d850-fba2-4f60-bfd5-060481fc13c3" />
      <TestMethod codeBase="/mnt/d/git/aula/src/Aula.Tests/bin/Debug/net9.0/Aula.Tests.dll" adapterTypeName="executor://xunit/VsTestRunner2/netcoreapp" className="Aula.Tests.Utilities.JsonFormatterTests" name="Prettify_WithVeryLargeJson_HandlesPerformantly" />
    </UnitTest>
    <UnitTest name="Aula.Tests.Tools.ReminderCommandHandlerTests.TryHandleReminderCommand_ListReminders_WithException_LogsErrorAndReturnsErrorMessage(command: &quot;vis påmindelser&quot;, isEnglish: False)" storage="/mnt/d/git/aula/src/aula.tests/bin/debug/net9.0/aula.tests.dll" id="5543d26e-832a-3de2-3988-5faa4df93969">
      <Execution id="5785f2c7-57ff-497c-8e6d-f12da90e05c6" />
      <TestMethod codeBase="/mnt/d/git/aula/src/Aula.Tests/bin/Debug/net9.0/Aula.Tests.dll" adapterTypeName="executor://xunit/VsTestRunner2/netcoreapp" className="Aula.Tests.Tools.ReminderCommandHandlerTests" name="TryHandleReminderCommand_ListReminders_WithException_LogsErrorAndReturnsErrorMessage" />
    </UnitTest>
    <UnitTest name="Aula.Tests.Utilities.Html2SlackMarkdownConverterTests.Convert_WithMalformedHtml_HandlesGracefully" storage="/mnt/d/git/aula/src/aula.tests/bin/debug/net9.0/aula.tests.dll" id="8113e2b7-9bbc-43f2-b5f4-05d3d720e278">
      <Execution id="fee802fe-5e22-449c-a10a-af8cb01ea5b9" />
      <TestMethod codeBase="/mnt/d/git/aula/src/Aula.Tests/bin/Debug/net9.0/Aula.Tests.dll" adapterTypeName="executor://xunit/VsTestRunner2/netcoreapp" className="Aula.Tests.Utilities.Html2SlackMarkdownConverterTests" name="Convert_WithMalformedHtml_HandlesGracefully" />
    </UnitTest>
    <UnitTest name="Aula.Tests.Configuration.ConfigurationTests.Features_ConversationCacheExpiration_ValidationTests(minutes: 1, isValid: True)" storage="/mnt/d/git/aula/src/aula.tests/bin/debug/net9.0/aula.tests.dll" id="4df15bfd-b375-822c-a8df-fcfde52ebf51">
      <Execution id="c48d8fa6-5442-40c8-97b5-0951cd4bdd33" />
      <TestMethod codeBase="/mnt/d/git/aula/src/Aula.Tests/bin/Debug/net9.0/Aula.Tests.dll" adapterTypeName="executor://xunit/VsTestRunner2/netcoreapp" className="Aula.Tests.Configuration.ConfigurationTests" name="Features_ConversationCacheExpiration_ValidationTests" />
    </UnitTest>
    <UnitTest name="Aula.Tests.Scheduling.SchedulingServiceIntegrationTests.Service_WithDifferentBotConfigurations_WorksCorrectly(slackEnabled: True, telegramEnabled: False)" storage="/mnt/d/git/aula/src/aula.tests/bin/debug/net9.0/aula.tests.dll" id="8206dafa-8025-c018-8995-db764f6cc603">
      <Execution id="392955c1-5fec-4373-959b-d38e0954a5ab" />
      <TestMethod codeBase="/mnt/d/git/aula/src/Aula.Tests/bin/Debug/net9.0/Aula.Tests.dll" adapterTypeName="executor://xunit/VsTestRunner2/netcoreapp" className="Aula.Tests.Scheduling.SchedulingServiceIntegrationTests" name="Service_WithDifferentBotConfigurations_WorksCorrectly" />
    </UnitTest>
    <UnitTest name="Aula.Tests.Services.DataModelTests.ScheduledTask_CronExpression_CanBeSet(cronExpression: &quot;0 0 1 * *&quot;, description: &quot;Monthly on the 1st at midnight&quot;)" storage="/mnt/d/git/aula/src/aula.tests/bin/debug/net9.0/aula.tests.dll" id="dc9dca5e-236c-2eb7-8830-55bb297e92d9">
      <Execution id="588975b4-b07f-4369-885b-fe1ae0efb92f" />
      <TestMethod codeBase="/mnt/d/git/aula/src/Aula.Tests/bin/Debug/net9.0/Aula.Tests.dll" adapterTypeName="executor://xunit/VsTestRunner2/netcoreapp" className="Aula.Tests.Services.DataModelTests" name="ScheduledTask_CronExpression_CanBeSet" />
    </UnitTest>
    <UnitTest name="Aula.Tests.Utilities.IntentAnalysisPromptsTests.ToolExamples_ContainsRequiredKeys(key: &quot;DELETE_REMINDER&quot;)" storage="/mnt/d/git/aula/src/aula.tests/bin/debug/net9.0/aula.tests.dll" id="809e3c71-6273-6b66-fb1e-4defb84e10e0">
      <Execution id="42dfb9e5-bb05-4bed-b231-b6b75eb48428" />
      <TestMethod codeBase="/mnt/d/git/aula/src/Aula.Tests/bin/Debug/net9.0/Aula.Tests.dll" adapterTypeName="executor://xunit/VsTestRunner2/netcoreapp" className="Aula.Tests.Utilities.IntentAnalysisPromptsTests" name="ToolExamples_ContainsRequiredKeys" />
    </UnitTest>
    <UnitTest name="Aula.Tests.Utilities.FollowUpQuestionDetectorTests.IsFollowUpQuestion_WithDanishFollowUpPhrases_ReturnsTrue(input: &quot;og?&quot;)" storage="/mnt/d/git/aula/src/aula.tests/bin/debug/net9.0/aula.tests.dll" id="cd39a17c-6fe1-e1b4-559a-d31518f5450f">
      <Execution id="69772152-fd65-40c8-b80a-bb3066816f22" />
      <TestMethod codeBase="/mnt/d/git/aula/src/Aula.Tests/bin/Debug/net9.0/Aula.Tests.dll" adapterTypeName="executor://xunit/VsTestRunner2/netcoreapp" className="Aula.Tests.Utilities.FollowUpQuestionDetectorTests" name="IsFollowUpQuestion_WithDanishFollowUpPhrases_ReturnsTrue" />
    </UnitTest>
    <UnitTest name="Aula.Tests.Configuration.ConfigurationTests.Config_IConfig_Interface_IsImplemented" storage="/mnt/d/git/aula/src/aula.tests/bin/debug/net9.0/aula.tests.dll" id="952f09f7-4d08-75b3-4aa9-81a5106c72e8">
      <Execution id="18d30e7e-b39b-44b2-9767-26c16a337c8e" />
      <TestMethod codeBase="/mnt/d/git/aula/src/Aula.Tests/bin/Debug/net9.0/Aula.Tests.dll" adapterTypeName="executor://xunit/VsTestRunner2/netcoreapp" className="Aula.Tests.Configuration.ConfigurationTests" name="Config_IConfig_Interface_IsImplemented" />
    </UnitTest>
    <UnitTest name="Aula.Tests.Utilities.DateTimeUtilitiesTests.GetDanishDayName_ValidDayOfWeek_ReturnsCorrectDanishName(dayOfWeek: Monday, expectedDanishName: &quot;mandag&quot;)" storage="/mnt/d/git/aula/src/aula.tests/bin/debug/net9.0/aula.tests.dll" id="d0d86c84-495f-8b36-1e1b-b8ecd9346ea3">
      <Execution id="8da19907-4ae6-4394-b06f-96837e5562d7" />
      <TestMethod codeBase="/mnt/d/git/aula/src/Aula.Tests/bin/Debug/net9.0/Aula.Tests.dll" adapterTypeName="executor://xunit/VsTestRunner2/netcoreapp" className="Aula.Tests.Utilities.DateTimeUtilitiesTests" name="GetDanishDayName_ValidDayOfWeek_ReturnsCorrectDanishName" />
    </UnitTest>
    <UnitTest name="Aula.Tests.Bots.SlackInteractiveBotTests.SendMessage_WithLongText_TruncatesMessage" storage="/mnt/d/git/aula/src/aula.tests/bin/debug/net9.0/aula.tests.dll" id="9728fe01-3005-7319-6ba9-b6d3b25a9602">
      <Execution id="2952fab4-c3cd-4f25-ad23-4a73b7a56a04" />
      <TestMethod codeBase="/mnt/d/git/aula/src/Aula.Tests/bin/Debug/net9.0/Aula.Tests.dll" adapterTypeName="executor://xunit/VsTestRunner2/netcoreapp" className="Aula.Tests.Bots.SlackInteractiveBotTests" name="SendMessage_WithLongText_TruncatesMessage" />
    </UnitTest>
    <UnitTest name="Aula.Tests.Scheduling.SchedulingServiceIntegrationTests.Constructor_WithNullAgentService_ThrowsArgumentNullException" storage="/mnt/d/git/aula/src/aula.tests/bin/debug/net9.0/aula.tests.dll" id="048cd77d-3de3-58cf-4e72-84e37cfed1e3">
      <Execution id="31f119c4-11fe-4560-ba47-a5c285f31b21" />
      <TestMethod codeBase="/mnt/d/git/aula/src/Aula.Tests/bin/Debug/net9.0/Aula.Tests.dll" adapterTypeName="executor://xunit/VsTestRunner2/netcoreapp" className="Aula.Tests.Scheduling.SchedulingServiceIntegrationTests" name="Constructor_WithNullAgentService_ThrowsArgumentNullException" />
    </UnitTest>
    <UnitTest name="Aula.Tests.Utilities.FollowUpQuestionDetectorTests.IsFollowUpQuestion_WithFullChildNames_WorksCorrectly(input: &quot;Søren Johannes&quot;)" storage="/mnt/d/git/aula/src/aula.tests/bin/debug/net9.0/aula.tests.dll" id="22ffd28b-ee44-66cc-c370-4d28b25809c6">
      <Execution id="bc08fa73-3d9a-46a3-bfce-2ee33ff06a52" />
      <TestMethod codeBase="/mnt/d/git/aula/src/Aula.Tests/bin/Debug/net9.0/Aula.Tests.dll" adapterTypeName="executor://xunit/VsTestRunner2/netcoreapp" className="Aula.Tests.Utilities.FollowUpQuestionDetectorTests" name="IsFollowUpQuestion_WithFullChildNames_WorksCorrectly" />
    </UnitTest>
    <UnitTest name="Aula.Tests.Configuration.ConfigurationTests.Supabase_RequiredFields_ArePresent" storage="/mnt/d/git/aula/src/aula.tests/bin/debug/net9.0/aula.tests.dll" id="f1a75968-139e-db41-9893-934ca7edc01f">
      <Execution id="1dacfb53-dd3a-4d92-8e1f-29cdca14b8cf" />
      <TestMethod codeBase="/mnt/d/git/aula/src/Aula.Tests/bin/Debug/net9.0/Aula.Tests.dll" adapterTypeName="executor://xunit/VsTestRunner2/netcoreapp" className="Aula.Tests.Configuration.ConfigurationTests" name="Supabase_RequiredFields_ArePresent" />
    </UnitTest>
    <UnitTest name="Aula.Tests.Bots.TelegramInteractiveBotTests.Constructor_WithNullAgentService_ThrowsArgumentNullException" storage="/mnt/d/git/aula/src/aula.tests/bin/debug/net9.0/aula.tests.dll" id="03bbc808-1107-fcc9-1fac-bc3ec3fc1e9f">
      <Execution id="bc461e69-a0da-4c95-90f2-2bc2b9cf8ec4" />
      <TestMethod codeBase="/mnt/d/git/aula/src/Aula.Tests/bin/Debug/net9.0/Aula.Tests.dll" adapterTypeName="executor://xunit/VsTestRunner2/netcoreapp" className="Aula.Tests.Bots.TelegramInteractiveBotTests" name="Constructor_WithNullAgentService_ThrowsArgumentNullException" />
    </UnitTest>
    <UnitTest name="Aula.Tests.Bots.TelegramMessageHandlerTests.HandleMessageAsync_WithHelpCommand_ProcessesHelpMessage(helpCommand: &quot;help&quot;)" storage="/mnt/d/git/aula/src/aula.tests/bin/debug/net9.0/aula.tests.dll" id="8454e79e-a056-bb6e-1db7-62ff01bf41c0">
      <Execution id="15fe2bd7-9130-4a1d-955b-d3b06e712077" />
      <TestMethod codeBase="/mnt/d/git/aula/src/Aula.Tests/bin/Debug/net9.0/Aula.Tests.dll" adapterTypeName="executor://xunit/VsTestRunner2/netcoreapp" className="Aula.Tests.Bots.TelegramMessageHandlerTests" name="HandleMessageAsync_WithHelpCommand_ProcessesHelpMessage" />
    </UnitTest>
    <UnitTest name="Aula.Tests.Channels.SlackBotTests.PostWeekLetter_WithVariousChildColors_HandlesCorrectly(color: &quot;&quot;)" storage="/mnt/d/git/aula/src/aula.tests/bin/debug/net9.0/aula.tests.dll" id="a40f32ef-bb76-d332-6d7b-f2a216398660">
      <Execution id="3a3c17d2-dd3a-4220-9cd0-a9d804f4168b" />
      <TestMethod codeBase="/mnt/d/git/aula/src/Aula.Tests/bin/Debug/net9.0/Aula.Tests.dll" adapterTypeName="executor://xunit/VsTestRunner2/netcoreapp" className="Aula.Tests.Channels.SlackBotTests" name="PostWeekLetter_WithVariousChildColors_HandlesCorrectly" />
    </UnitTest>
    <UnitTest name="Aula.Tests.Bots.SlackMessageHandlerTests.HandleMessageAsync_WithReminderCommand_ProcessesMessage(reminderCommand: &quot;vis påmindelser&quot;)" storage="/mnt/d/git/aula/src/aula.tests/bin/debug/net9.0/aula.tests.dll" id="38d2c1cf-74ca-44cc-3664-3d658cbc699d">
      <Execution id="fbdec9d1-2d45-4ce1-96a4-48639d37b1dd" />
      <TestMethod codeBase="/mnt/d/git/aula/src/Aula.Tests/bin/Debug/net9.0/Aula.Tests.dll" adapterTypeName="executor://xunit/VsTestRunner2/netcoreapp" className="Aula.Tests.Bots.SlackMessageHandlerTests" name="HandleMessageAsync_WithReminderCommand_ProcessesMessage" />
    </UnitTest>
    <UnitTest name="Aula.Tests.Bots.TelegramInteractiveBotTests.SendMessage_WithLongChatId_SendsSuccessfully(chatId: &quot;987654321&quot;)" storage="/mnt/d/git/aula/src/aula.tests/bin/debug/net9.0/aula.tests.dll" id="0a638305-142d-7de7-7f12-9a81aa636946">
      <Execution id="f35a207e-9cd5-4718-87b1-36be24ccb1be" />
      <TestMethod codeBase="/mnt/d/git/aula/src/Aula.Tests/bin/Debug/net9.0/Aula.Tests.dll" adapterTypeName="executor://xunit/VsTestRunner2/netcoreapp" className="Aula.Tests.Bots.TelegramInteractiveBotTests" name="SendMessage_WithLongChatId_SendsSuccessfully" />
    </UnitTest>
    <UnitTest name="Aula.Tests.Services.DataModelTests.Reminder_CreatedBy_HandlesValues(createdBy: &quot;system&quot;, shouldAccept: True)" storage="/mnt/d/git/aula/src/aula.tests/bin/debug/net9.0/aula.tests.dll" id="8f432e57-8098-fcb0-9efa-55aa76700f57">
      <Execution id="7a2ea7d9-39a0-4008-8b60-d10e07047e30" />
      <TestMethod codeBase="/mnt/d/git/aula/src/Aula.Tests/bin/Debug/net9.0/Aula.Tests.dll" adapterTypeName="executor://xunit/VsTestRunner2/netcoreapp" className="Aula.Tests.Services.DataModelTests" name="Reminder_CreatedBy_HandlesValues" />
    </UnitTest>
    <UnitTest name="Aula.Tests.Bots.TelegramMessageHandlerTests.Constructor_WithNullReminderHandler_ThrowsArgumentNullException" storage="/mnt/d/git/aula/src/aula.tests/bin/debug/net9.0/aula.tests.dll" id="58e104c6-e504-07c5-0909-f689fdb330d3">
      <Execution id="fdd94bc8-21cc-4593-8c2b-f344eb8e5e39" />
      <TestMethod codeBase="/mnt/d/git/aula/src/Aula.Tests/bin/Debug/net9.0/Aula.Tests.dll" adapterTypeName="executor://xunit/VsTestRunner2/netcoreapp" className="Aula.Tests.Bots.TelegramMessageHandlerTests" name="Constructor_WithNullReminderHandler_ThrowsArgumentNullException" />
    </UnitTest>
    <UnitTest name="Aula.Tests.Utilities.WeekLetterContentExtractorTests.ExtractContent_WithLogger_LogsWarningForEmptyContent" storage="/mnt/d/git/aula/src/aula.tests/bin/debug/net9.0/aula.tests.dll" id="5b9eed1d-66a1-144a-f169-3003eeb937ac">
      <Execution id="4cdef9b1-dfd2-4631-9c37-da3414792422" />
      <TestMethod codeBase="/mnt/d/git/aula/src/Aula.Tests/bin/Debug/net9.0/Aula.Tests.dll" adapterTypeName="executor://xunit/VsTestRunner2/netcoreapp" className="Aula.Tests.Utilities.WeekLetterContentExtractorTests" name="ExtractContent_WithLogger_LogsWarningForEmptyContent" />
    </UnitTest>
    <UnitTest name="Aula.Tests.Utilities.FollowUpQuestionDetectorTests.IsFollowUpQuestion_WithChildNameAndShortMessage_ReturnsTrue(input: &quot;Emma&quot;)" storage="/mnt/d/git/aula/src/aula.tests/bin/debug/net9.0/aula.tests.dll" id="775b1060-3e71-f36d-5f04-c2fd4621e8a0">
      <Execution id="0a203f5a-1502-4e5a-a7b3-a68418752067" />
      <TestMethod codeBase="/mnt/d/git/aula/src/Aula.Tests/bin/Debug/net9.0/Aula.Tests.dll" adapterTypeName="executor://xunit/VsTestRunner2/netcoreapp" className="Aula.Tests.Utilities.FollowUpQuestionDetectorTests" name="IsFollowUpQuestion_WithChildNameAndShortMessage_ReturnsTrue" />
    </UnitTest>
    <UnitTest name="Aula.Tests.Tools.ReminderCommandHandlerTests.TryHandleReminderCommand_NonReminderCommands_ReturnsFalse(command: &quot;random text&quot;)" storage="/mnt/d/git/aula/src/aula.tests/bin/debug/net9.0/aula.tests.dll" id="e2629d31-76fa-fe13-ab42-e2aa75f765d2">
      <Execution id="660ba6cc-2d81-4129-a158-b2e91047d92e" />
      <TestMethod codeBase="/mnt/d/git/aula/src/Aula.Tests/bin/Debug/net9.0/Aula.Tests.dll" adapterTypeName="executor://xunit/VsTestRunner2/netcoreapp" className="Aula.Tests.Tools.ReminderCommandHandlerTests" name="TryHandleReminderCommand_NonReminderCommands_ReturnsFalse" />
    </UnitTest>
    <UnitTest name="Aula.Tests.Bots.SlackMessageHandlerTests.HandleMessageAsync_WithReminderCommand_ProcessesMessage(reminderCommand: &quot;tilføj påmindelse&quot;)" storage="/mnt/d/git/aula/src/aula.tests/bin/debug/net9.0/aula.tests.dll" id="72f86afd-1edb-0981-2eec-047ba5881f5f">
      <Execution id="5d64dd78-c3da-4794-995f-012132c7a6bf" />
      <TestMethod codeBase="/mnt/d/git/aula/src/Aula.Tests/bin/Debug/net9.0/Aula.Tests.dll" adapterTypeName="executor://xunit/VsTestRunner2/netcoreapp" className="Aula.Tests.Bots.SlackMessageHandlerTests" name="HandleMessageAsync_WithReminderCommand_ProcessesMessage" />
    </UnitTest>
    <UnitTest name="Aula.Tests.Utilities.FollowUpQuestionDetectorTests.IsFollowUpQuestion_WithFullChildNames_WorksCorrectly(input: &quot;hvad med Søren Johannes&quot;)" storage="/mnt/d/git/aula/src/aula.tests/bin/debug/net9.0/aula.tests.dll" id="5b2ca5e4-e86c-3f28-8244-339071e7c3be">
      <Execution id="0b4f0464-4111-43ec-a22e-3ec4ad00b8bf" />
      <TestMethod codeBase="/mnt/d/git/aula/src/Aula.Tests/bin/Debug/net9.0/Aula.Tests.dll" adapterTypeName="executor://xunit/VsTestRunner2/netcoreapp" className="Aula.Tests.Utilities.FollowUpQuestionDetectorTests" name="IsFollowUpQuestion_WithFullChildNames_WorksCorrectly" />
    </UnitTest>
    <UnitTest name="Aula.Tests.Utilities.Html2SlackMarkdownConverterTests.Convert_WithComplexNesting_HandlesCorrectly" storage="/mnt/d/git/aula/src/aula.tests/bin/debug/net9.0/aula.tests.dll" id="3d8b8df4-6a66-e4e9-3346-33a22f2ef410">
      <Execution id="1c5bafdf-79e9-4fc4-90e1-e7dfe977b07a" />
      <TestMethod codeBase="/mnt/d/git/aula/src/Aula.Tests/bin/Debug/net9.0/Aula.Tests.dll" adapterTypeName="executor://xunit/VsTestRunner2/netcoreapp" className="Aula.Tests.Utilities.Html2SlackMarkdownConverterTests" name="Convert_WithComplexNesting_HandlesCorrectly" />
    </UnitTest>
    <UnitTest name="Aula.Tests.Services.DataModelTests.Reminder_DefaultConstructor_InitializesCorrectly" storage="/mnt/d/git/aula/src/aula.tests/bin/debug/net9.0/aula.tests.dll" id="504418ac-a1f0-2470-99eb-7bd66657ed39">
      <Execution id="2d609d50-0748-4429-9d14-e7de40350107" />
      <TestMethod codeBase="/mnt/d/git/aula/src/Aula.Tests/bin/Debug/net9.0/Aula.Tests.dll" adapterTypeName="executor://xunit/VsTestRunner2/netcoreapp" className="Aula.Tests.Services.DataModelTests" name="Reminder_DefaultConstructor_InitializesCorrectly" />
    </UnitTest>
    <UnitTest name="Aula.Tests.Services.OpenAiServiceIntegrationTests.SummarizeWeekLetterAsync_WithNullWeekLetter_ThrowsArgumentNullException(chatInterface: Slack)" storage="/mnt/d/git/aula/src/aula.tests/bin/debug/net9.0/aula.tests.dll" id="2f1a411a-2aa2-b405-2ee0-c232b3e9b9d5">
      <Execution id="bc055223-8c2b-475b-8998-5b934e8dc865" />
      <TestMethod codeBase="/mnt/d/git/aula/src/Aula.Tests/bin/Debug/net9.0/Aula.Tests.dll" adapterTypeName="executor://xunit/VsTestRunner2/netcoreapp" className="Aula.Tests.Services.OpenAiServiceIntegrationTests" name="SummarizeWeekLetterAsync_WithNullWeekLetter_ThrowsArgumentNullException" />
    </UnitTest>
    <UnitTest name="Aula.Tests.Configuration.ConfigurationTests.Supabase_ConfigurationIsCorrect" storage="/mnt/d/git/aula/src/aula.tests/bin/debug/net9.0/aula.tests.dll" id="10351b87-cca7-9abd-49aa-c981441e9d37">
      <Execution id="691f2c15-4e3f-4c0e-9951-f56f29277a4a" />
      <TestMethod codeBase="/mnt/d/git/aula/src/Aula.Tests/bin/Debug/net9.0/Aula.Tests.dll" adapterTypeName="executor://xunit/VsTestRunner2/netcoreapp" className="Aula.Tests.Configuration.ConfigurationTests" name="Supabase_ConfigurationIsCorrect" />
    </UnitTest>
    <UnitTest name="Aula.Tests.Bots.TelegramInteractiveBotTests.Constructor_WithNullSupabaseService_ThrowsArgumentNullException" storage="/mnt/d/git/aula/src/aula.tests/bin/debug/net9.0/aula.tests.dll" id="66873fdb-c193-9c8c-5dd6-46cb202ddd5f">
      <Execution id="d91084c8-d667-45ae-9265-7dc23b515350" />
      <TestMethod codeBase="/mnt/d/git/aula/src/Aula.Tests/bin/Debug/net9.0/Aula.Tests.dll" adapterTypeName="executor://xunit/VsTestRunner2/netcoreapp" className="Aula.Tests.Bots.TelegramInteractiveBotTests" name="Constructor_WithNullSupabaseService_ThrowsArgumentNullException" />
    </UnitTest>
    <UnitTest name="Aula.Tests.Utilities.WeekLetterContentExtractorTests.ExtractContent_Dynamic_WithValidData_ReturnsContent" storage="/mnt/d/git/aula/src/aula.tests/bin/debug/net9.0/aula.tests.dll" id="967c7597-5e79-4d07-d160-f7fa685685a7">
      <Execution id="2ea34f26-6326-4748-9cf7-4363e9913512" />
      <TestMethod codeBase="/mnt/d/git/aula/src/Aula.Tests/bin/Debug/net9.0/Aula.Tests.dll" adapterTypeName="executor://xunit/VsTestRunner2/netcoreapp" className="Aula.Tests.Utilities.WeekLetterContentExtractorTests" name="ExtractContent_Dynamic_WithValidData_ReturnsContent" />
    </UnitTest>
    <UnitTest name="Aula.Tests.Services.OpenAiServiceIntegrationTests.ExtractKeyInformationAsync_WithNullWeekLetter_ThrowsArgumentNullException(chatInterface: Telegram)" storage="/mnt/d/git/aula/src/aula.tests/bin/debug/net9.0/aula.tests.dll" id="5042f569-80ad-a5a6-d51b-90b46bce87a9">
      <Execution id="b3b725d0-e3bf-486c-ac30-b3285f6eeb68" />
      <TestMethod codeBase="/mnt/d/git/aula/src/Aula.Tests/bin/Debug/net9.0/Aula.Tests.dll" adapterTypeName="executor://xunit/VsTestRunner2/netcoreapp" className="Aula.Tests.Services.OpenAiServiceIntegrationTests" name="ExtractKeyInformationAsync_WithNullWeekLetter_ThrowsArgumentNullException" />
    </UnitTest>
    <UnitTest name="Aula.Tests.Utilities.Html2SlackMarkdownConverterTests.Convert_WithEmptyTags_HandlesCorrectly" storage="/mnt/d/git/aula/src/aula.tests/bin/debug/net9.0/aula.tests.dll" id="55b7868a-5525-c155-3984-2d7080cbc3f0">
      <Execution id="e86a861f-f99f-4e71-a501-fea97145b52b" />
      <TestMethod codeBase="/mnt/d/git/aula/src/Aula.Tests/bin/Debug/net9.0/Aula.Tests.dll" adapterTypeName="executor://xunit/VsTestRunner2/netcoreapp" className="Aula.Tests.Utilities.Html2SlackMarkdownConverterTests" name="Convert_WithEmptyTags_HandlesCorrectly" />
    </UnitTest>
    <UnitTest name="Aula.Tests.Channels.SlackBotTests.SendTestMessage_WithVariousMessages_DoesNotThrow(message: &quot;Simple message&quot;)" storage="/mnt/d/git/aula/src/aula.tests/bin/debug/net9.0/aula.tests.dll" id="fd81db88-72a7-84e2-4288-c872b2f15c55">
      <Execution id="7416de3b-3aa8-4c3b-951e-405f6b8e2bdb" />
      <TestMethod codeBase="/mnt/d/git/aula/src/Aula.Tests/bin/Debug/net9.0/Aula.Tests.dll" adapterTypeName="executor://xunit/VsTestRunner2/netcoreapp" className="Aula.Tests.Channels.SlackBotTests" name="SendTestMessage_WithVariousMessages_DoesNotThrow" />
    </UnitTest>
    <UnitTest name="Aula.Tests.Utilities.JsonFormatterTests.Prettify_WithValidJson_ReturnsFormattedJson" storage="/mnt/d/git/aula/src/aula.tests/bin/debug/net9.0/aula.tests.dll" id="8f33f9a6-1eb9-ea36-c5af-b36c0c8860de">
      <Execution id="5f1e2c39-eb28-45e5-9faf-717673271539" />
      <TestMethod codeBase="/mnt/d/git/aula/src/Aula.Tests/bin/Debug/net9.0/Aula.Tests.dll" adapterTypeName="executor://xunit/VsTestRunner2/netcoreapp" className="Aula.Tests.Utilities.JsonFormatterTests" name="Prettify_WithValidJson_ReturnsFormattedJson" />
    </UnitTest>
    <UnitTest name="Aula.Tests.Channels.TelegramClientTests.SendMessageToChannel_WithVariousChannelIds_DoesNotThrow(channelId: &quot;123456789&quot;)" storage="/mnt/d/git/aula/src/aula.tests/bin/debug/net9.0/aula.tests.dll" id="dcc46ccc-b814-743c-8b1c-539d1d47dc7f">
      <Execution id="58f3b19a-6cef-4b07-a52e-42613cfcfeee" />
      <TestMethod codeBase="/mnt/d/git/aula/src/Aula.Tests/bin/Debug/net9.0/Aula.Tests.dll" adapterTypeName="executor://xunit/VsTestRunner2/netcoreapp" className="Aula.Tests.Channels.TelegramClientTests" name="SendMessageToChannel_WithVariousChannelIds_DoesNotThrow" />
    </UnitTest>
    <UnitTest name="Aula.Tests.Bots.SlackMessageHandlerTests.HandleMessageAsync_WithHelpCommand_ProcessesHelpMessage(helpCommand: &quot;HJÆLP&quot;)" storage="/mnt/d/git/aula/src/aula.tests/bin/debug/net9.0/aula.tests.dll" id="fab9cf34-c985-2e8e-6005-8cc650dd7227">
      <Execution id="e88fb914-0fbb-4c31-818d-970900b53636" />
      <TestMethod codeBase="/mnt/d/git/aula/src/Aula.Tests/bin/Debug/net9.0/Aula.Tests.dll" adapterTypeName="executor://xunit/VsTestRunner2/netcoreapp" className="Aula.Tests.Bots.SlackMessageHandlerTests" name="HandleMessageAsync_WithHelpCommand_ProcessesHelpMessage" />
    </UnitTest>
    <UnitTest name="Aula.Tests.Configuration.ConfigurationTests.UniLogin_ConfigurationIsCorrect" storage="/mnt/d/git/aula/src/aula.tests/bin/debug/net9.0/aula.tests.dll" id="d7d35b19-d0bc-0913-7974-7ed648909781">
      <Execution id="efc540e7-80f2-4723-ad69-8b7142d89166" />
      <TestMethod codeBase="/mnt/d/git/aula/src/Aula.Tests/bin/Debug/net9.0/Aula.Tests.dll" adapterTypeName="executor://xunit/VsTestRunner2/netcoreapp" className="Aula.Tests.Configuration.ConfigurationTests" name="UniLogin_ConfigurationIsCorrect" />
    </UnitTest>
    <UnitTest name="Aula.Tests.Tools.AiToolsManagerTests.CreateReminderAsync_WithInvalidDateTime_ReturnsError" storage="/mnt/d/git/aula/src/aula.tests/bin/debug/net9.0/aula.tests.dll" id="f7da1efe-0e1f-7417-6453-93b658e98d53">
      <Execution id="3a9d9552-c8c8-4185-9039-ad6d4b2fad81" />
      <TestMethod codeBase="/mnt/d/git/aula/src/Aula.Tests/bin/Debug/net9.0/Aula.Tests.dll" adapterTypeName="executor://xunit/VsTestRunner2/netcoreapp" className="Aula.Tests.Tools.AiToolsManagerTests" name="CreateReminderAsync_WithInvalidDateTime_ReturnsError" />
    </UnitTest>
    <UnitTest name="Aula.Tests.Scheduling.SchedulingServiceTests.StartAsync_WithValidSetup_DoesNotThrow" storage="/mnt/d/git/aula/src/aula.tests/bin/debug/net9.0/aula.tests.dll" id="9ae1ca23-2201-2b3b-6785-ee5758dfd92c">
      <Execution id="43f76570-a626-4d1b-8496-5253252e73a3" />
      <TestMethod codeBase="/mnt/d/git/aula/src/Aula.Tests/bin/Debug/net9.0/Aula.Tests.dll" adapterTypeName="executor://xunit/VsTestRunner2/netcoreapp" className="Aula.Tests.Scheduling.SchedulingServiceTests" name="StartAsync_WithValidSetup_DoesNotThrow" />
    </UnitTest>
    <UnitTest name="Aula.Tests.Bots.SlackMessageHandlerTests.HandleMessageAsync_WithNullText_ReturnsFalse" storage="/mnt/d/git/aula/src/aula.tests/bin/debug/net9.0/aula.tests.dll" id="2435f07f-4cdd-eeff-ea35-46385277928d">
      <Execution id="5081746d-e4d2-4510-88d6-2b06deeb8b74" />
      <TestMethod codeBase="/mnt/d/git/aula/src/Aula.Tests/bin/Debug/net9.0/Aula.Tests.dll" adapterTypeName="executor://xunit/VsTestRunner2/netcoreapp" className="Aula.Tests.Bots.SlackMessageHandlerTests" name="HandleMessageAsync_WithNullText_ReturnsFalse" />
    </UnitTest>
    <UnitTest name="Aula.Tests.Channels.TelegramClientTests.Constructor_WithToken_CreatesInstance" storage="/mnt/d/git/aula/src/aula.tests/bin/debug/net9.0/aula.tests.dll" id="e59d968d-c8e5-f85d-8f4b-30d82d049708">
      <Execution id="55e5de31-841c-4479-8cbc-1ac6213edd96" />
      <TestMethod codeBase="/mnt/d/git/aula/src/Aula.Tests/bin/Debug/net9.0/Aula.Tests.dll" adapterTypeName="executor://xunit/VsTestRunner2/netcoreapp" className="Aula.Tests.Channels.TelegramClientTests" name="Constructor_WithToken_CreatesInstance" />
    </UnitTest>
    <UnitTest name="Aula.Tests.Services.DataModelTests.PostedLetter_WeekNumberValidation_ReturnsExpectedResult(weekNumber: 54, year: 2023, isValid: False)" storage="/mnt/d/git/aula/src/aula.tests/bin/debug/net9.0/aula.tests.dll" id="b818bc8f-75bb-2119-5010-d4b3daaab169">
      <Execution id="f068ca90-9b43-4eb1-8db1-f4722f92c471" />
      <TestMethod codeBase="/mnt/d/git/aula/src/Aula.Tests/bin/Debug/net9.0/Aula.Tests.dll" adapterTypeName="executor://xunit/VsTestRunner2/netcoreapp" className="Aula.Tests.Services.DataModelTests" name="PostedLetter_WeekNumberValidation_ReturnsExpectedResult" />
    </UnitTest>
    <UnitTest name="Aula.Tests.Channels.TelegramClientTests.Constructor_WithConfig_EnabledTrue_CreatesInstance" storage="/mnt/d/git/aula/src/aula.tests/bin/debug/net9.0/aula.tests.dll" id="2dc6c47b-b5f0-933c-7989-ac5759dd4706">
      <Execution id="35770a4d-0d99-4ef8-b3fd-8d3d52a1f1d1" />
      <TestMethod codeBase="/mnt/d/git/aula/src/Aula.Tests/bin/Debug/net9.0/Aula.Tests.dll" adapterTypeName="executor://xunit/VsTestRunner2/netcoreapp" className="Aula.Tests.Channels.TelegramClientTests" name="Constructor_WithConfig_EnabledTrue_CreatesInstance" />
    </UnitTest>
    <UnitTest name="Aula.Tests.Utilities.ConversationContextTests.ToString_WithNullChildName_ReturnsNone" storage="/mnt/d/git/aula/src/aula.tests/bin/debug/net9.0/aula.tests.dll" id="7238819f-b48b-cc3e-dc7e-e183fab753be">
      <Execution id="d4e28855-d0ca-4c1a-8a9b-b998e6f2bb62" />
      <TestMethod codeBase="/mnt/d/git/aula/src/Aula.Tests/bin/Debug/net9.0/Aula.Tests.dll" adapterTypeName="executor://xunit/VsTestRunner2/netcoreapp" className="Aula.Tests.Utilities.ConversationContextTests" name="ToString_WithNullChildName_ReturnsNone" />
    </UnitTest>
    <UnitTest name="Aula.Tests.Services.DataModelTests.Reminder_CreatedBy_HandlesValues(createdBy: &quot;bot&quot;, shouldAccept: True)" storage="/mnt/d/git/aula/src/aula.tests/bin/debug/net9.0/aula.tests.dll" id="20d1a661-1ac8-24a1-ac68-136a1cca5ab9">
      <Execution id="a389f014-99d5-45db-95d0-f18f6c9fd1b0" />
      <TestMethod codeBase="/mnt/d/git/aula/src/Aula.Tests/bin/Debug/net9.0/Aula.Tests.dll" adapterTypeName="executor://xunit/VsTestRunner2/netcoreapp" className="Aula.Tests.Services.DataModelTests" name="Reminder_CreatedBy_HandlesValues" />
    </UnitTest>
    <UnitTest name="Aula.Tests.Bots.TelegramMessageHandlerTests.HandleMessageAsync_WithHelpCommand_ProcessesHelpMessage(helpCommand: &quot;HELP&quot;)" storage="/mnt/d/git/aula/src/aula.tests/bin/debug/net9.0/aula.tests.dll" id="c2915ea4-e5f9-7f97-c925-c30cd92f3ba5">
      <Execution id="c794dba5-e1d7-4502-bc88-58e230a2ed1e" />
      <TestMethod codeBase="/mnt/d/git/aula/src/Aula.Tests/bin/Debug/net9.0/Aula.Tests.dll" adapterTypeName="executor://xunit/VsTestRunner2/netcoreapp" className="Aula.Tests.Bots.TelegramMessageHandlerTests" name="HandleMessageAsync_WithHelpCommand_ProcessesHelpMessage" />
    </UnitTest>
    <UnitTest name="Aula.Tests.Services.DataModelTests.Reminder_WithProperties_SetsCorrectly" storage="/mnt/d/git/aula/src/aula.tests/bin/debug/net9.0/aula.tests.dll" id="a3b592c0-7c51-7572-10a6-650c509f2a53">
      <Execution id="660412eb-2613-4ae2-8cdc-7b31d170d0b9" />
      <TestMethod codeBase="/mnt/d/git/aula/src/Aula.Tests/bin/Debug/net9.0/Aula.Tests.dll" adapterTypeName="executor://xunit/VsTestRunner2/netcoreapp" className="Aula.Tests.Services.DataModelTests" name="Reminder_WithProperties_SetsCorrectly" />
    </UnitTest>
    <UnitTest name="Aula.Tests.Configuration.ConfigurationTests.Telegram_Token_ValidationTests(token: &quot;&quot;, isValidFormat: False)" storage="/mnt/d/git/aula/src/aula.tests/bin/debug/net9.0/aula.tests.dll" id="cc3765fc-8658-a464-43ae-5fa3b977b4d0">
      <Execution id="2deb221f-d23b-4d4b-9c7a-00f72de29c66" />
      <TestMethod codeBase="/mnt/d/git/aula/src/Aula.Tests/bin/Debug/net9.0/Aula.Tests.dll" adapterTypeName="executor://xunit/VsTestRunner2/netcoreapp" className="Aula.Tests.Configuration.ConfigurationTests" name="Telegram_Token_ValidationTests" />
    </UnitTest>
    <UnitTest name="Aula.Tests.Configuration.ConfigurationTests.Timers_AdaptivePollingLimits_ValidationTests(minSeconds: 0, maxSeconds: 30, isValid: False)" storage="/mnt/d/git/aula/src/aula.tests/bin/debug/net9.0/aula.tests.dll" id="06bd4992-c8ee-1a40-f2c9-75f9e0d2a1aa">
      <Execution id="572e7dc0-9b36-4866-96f5-1c9c6fd2c959" />
      <TestMethod codeBase="/mnt/d/git/aula/src/Aula.Tests/bin/Debug/net9.0/Aula.Tests.dll" adapterTypeName="executor://xunit/VsTestRunner2/netcoreapp" className="Aula.Tests.Configuration.ConfigurationTests" name="Timers_AdaptivePollingLimits_ValidationTests" />
    </UnitTest>
    <UnitTest name="Aula.Tests.Utilities.FollowUpQuestionDetectorTests.IsFollowUpQuestion_WithLongMessageContainingChildName_ReturnsFalse(input: &quot;A detailed question about Liam's homework that is &quot;···)" storage="/mnt/d/git/aula/src/aula.tests/bin/debug/net9.0/aula.tests.dll" id="3dfa9941-19c4-5af8-c083-d23b4b389829">
      <Execution id="23fc6f2c-e4a8-4168-8ee8-79894f725e09" />
      <TestMethod codeBase="/mnt/d/git/aula/src/Aula.Tests/bin/Debug/net9.0/Aula.Tests.dll" adapterTypeName="executor://xunit/VsTestRunner2/netcoreapp" className="Aula.Tests.Utilities.FollowUpQuestionDetectorTests" name="IsFollowUpQuestion_WithLongMessageContainingChildName_ReturnsFalse" />
    </UnitTest>
    <UnitTest name="Aula.Tests.Services.DataServiceTests.GetWeekLetter_ReturnsNull_WhenNotInCache" storage="/mnt/d/git/aula/src/aula.tests/bin/debug/net9.0/aula.tests.dll" id="7d080014-b88c-9f91-eed5-7f14566db144">
      <Execution id="f75f73f7-0460-496c-b94d-d2e58f51929d" />
      <TestMethod codeBase="/mnt/d/git/aula/src/Aula.Tests/bin/Debug/net9.0/Aula.Tests.dll" adapterTypeName="executor://xunit/VsTestRunner2/netcoreapp" className="Aula.Tests.Services.DataServiceTests" name="GetWeekLetter_ReturnsNull_WhenNotInCache" />
    </UnitTest>
    <UnitTest name="Aula.Tests.Utilities.FollowUpQuestionDetectorTests.IsFollowUpQuestion_WithShortFollowUps_ReturnsTrue(input: &quot;Okay&quot;)" storage="/mnt/d/git/aula/src/aula.tests/bin/debug/net9.0/aula.tests.dll" id="900f1247-1180-3eee-0ffc-f108426b3d75">
      <Execution id="3acc274c-3199-4c1b-97a9-bb4d6f484624" />
      <TestMethod codeBase="/mnt/d/git/aula/src/Aula.Tests/bin/Debug/net9.0/Aula.Tests.dll" adapterTypeName="executor://xunit/VsTestRunner2/netcoreapp" className="Aula.Tests.Utilities.FollowUpQuestionDetectorTests" name="IsFollowUpQuestion_WithShortFollowUps_ReturnsTrue" />
    </UnitTest>
    <UnitTest name="Aula.Tests.Utilities.ReminderExtractionPromptsTests.GetExtractionPrompt_WithBasicQuery_ReturnsValidPrompt" storage="/mnt/d/git/aula/src/aula.tests/bin/debug/net9.0/aula.tests.dll" id="1db76d8f-f5a5-dcb7-9657-e7f194b55049">
      <Execution id="cf555b41-16ca-4ad3-acd9-6bcb93a0b343" />
      <TestMethod codeBase="/mnt/d/git/aula/src/Aula.Tests/bin/Debug/net9.0/Aula.Tests.dll" adapterTypeName="executor://xunit/VsTestRunner2/netcoreapp" className="Aula.Tests.Utilities.ReminderExtractionPromptsTests" name="GetExtractionPrompt_WithBasicQuery_ReturnsValidPrompt" />
    </UnitTest>
    <UnitTest name="Aula.Tests.Utilities.WeekLetterContentExtractorTests.ExtractContent_WithEmptyUgebreve_ReturnsEmptyString" storage="/mnt/d/git/aula/src/aula.tests/bin/debug/net9.0/aula.tests.dll" id="c7ba7dd8-e3e6-46dc-0605-cbeb66092785">
      <Execution id="70102ebd-0ff0-4a81-a99b-06633c41d5c7" />
      <TestMethod codeBase="/mnt/d/git/aula/src/Aula.Tests/bin/Debug/net9.0/Aula.Tests.dll" adapterTypeName="executor://xunit/VsTestRunner2/netcoreapp" className="Aula.Tests.Utilities.WeekLetterContentExtractorTests" name="ExtractContent_WithEmptyUgebreve_ReturnsEmptyString" />
    </UnitTest>
    <UnitTest name="Aula.Tests.Utilities.JsonFormatterTests.Prettify_WithAlreadyFormattedJson_ReturnsFormattedJson" storage="/mnt/d/git/aula/src/aula.tests/bin/debug/net9.0/aula.tests.dll" id="be069dea-132b-4f72-c1c8-8b4fd667fd7f">
      <Execution id="65d9feba-9707-445f-9b75-bb8ba0266abd" />
      <TestMethod codeBase="/mnt/d/git/aula/src/Aula.Tests/bin/Debug/net9.0/Aula.Tests.dll" adapterTypeName="executor://xunit/VsTestRunner2/netcoreapp" className="Aula.Tests.Utilities.JsonFormatterTests" name="Prettify_WithAlreadyFormattedJson_ReturnsFormattedJson" />
    </UnitTest>
    <UnitTest name="Aula.Tests.Channels.TelegramClientTests.PostWeekLetter_WithVariousChildNames_HandlesCorrectly(firstName: &quot;Hans Martin&quot;)" storage="/mnt/d/git/aula/src/aula.tests/bin/debug/net9.0/aula.tests.dll" id="e82c4cb9-864b-593c-f310-4d201e527a40">
      <Execution id="3a7062b1-113e-4c2d-8491-ba18380f203c" />
      <TestMethod codeBase="/mnt/d/git/aula/src/Aula.Tests/bin/Debug/net9.0/Aula.Tests.dll" adapterTypeName="executor://xunit/VsTestRunner2/netcoreapp" className="Aula.Tests.Channels.TelegramClientTests" name="PostWeekLetter_WithVariousChildNames_HandlesCorrectly" />
    </UnitTest>
    <UnitTest name="Aula.Tests.Utilities.FollowUpQuestionDetectorTests.IsFollowUpQuestion_WithEnglishFollowUpPhrases_ReturnsTrue(input: &quot;What About Emma?&quot;)" storage="/mnt/d/git/aula/src/aula.tests/bin/debug/net9.0/aula.tests.dll" id="abd8e945-1cd6-1c43-f5d4-1f844731781d">
      <Execution id="6cd0e1e4-8e15-4b4b-b55d-fdc44bc62a76" />
      <TestMethod codeBase="/mnt/d/git/aula/src/Aula.Tests/bin/Debug/net9.0/Aula.Tests.dll" adapterTypeName="executor://xunit/VsTestRunner2/netcoreapp" className="Aula.Tests.Utilities.FollowUpQuestionDetectorTests" name="IsFollowUpQuestion_WithEnglishFollowUpPhrases_ReturnsTrue" />
    </UnitTest>
    <UnitTest name="Aula.Tests.Utilities.DateTimeUtilitiesTests.GetDanishDayName_ValidDayOfWeek_ReturnsCorrectDanishName(dayOfWeek: Thursday, expectedDanishName: &quot;torsdag&quot;)" storage="/mnt/d/git/aula/src/aula.tests/bin/debug/net9.0/aula.tests.dll" id="12c6c75b-17e2-768a-c582-545ad6254677">
      <Execution id="c4770845-7603-4c6c-9241-4c132f3b1a98" />
      <TestMethod codeBase="/mnt/d/git/aula/src/Aula.Tests/bin/Debug/net9.0/Aula.Tests.dll" adapterTypeName="executor://xunit/VsTestRunner2/netcoreapp" className="Aula.Tests.Utilities.DateTimeUtilitiesTests" name="GetDanishDayName_ValidDayOfWeek_ReturnsCorrectDanishName" />
    </UnitTest>
    <UnitTest name="Aula.Tests.Utilities.FollowUpQuestionDetectorTests.IsFollowUpQuestion_WithEmptyInput_ReturnsFalse" storage="/mnt/d/git/aula/src/aula.tests/bin/debug/net9.0/aula.tests.dll" id="50dcaab1-381b-ffdd-0774-bfbc00f359f9">
      <Execution id="a15a4193-9eb4-4c3b-bca3-aeb10df3ba56" />
      <TestMethod codeBase="/mnt/d/git/aula/src/Aula.Tests/bin/Debug/net9.0/Aula.Tests.dll" adapterTypeName="executor://xunit/VsTestRunner2/netcoreapp" className="Aula.Tests.Utilities.FollowUpQuestionDetectorTests" name="IsFollowUpQuestion_WithEmptyInput_ReturnsFalse" />
    </UnitTest>
    <UnitTest name="Aula.Tests.Configuration.ConfigurationTests.Features_DefaultValues_AreCorrect" storage="/mnt/d/git/aula/src/aula.tests/bin/debug/net9.0/aula.tests.dll" id="e09a9a0e-f05e-b1ab-94a1-7ba461fbd7f9">
      <Execution id="2cc70c1a-84ed-4d93-8e55-597aea6e1408" />
      <TestMethod codeBase="/mnt/d/git/aula/src/Aula.Tests/bin/Debug/net9.0/Aula.Tests.dll" adapterTypeName="executor://xunit/VsTestRunner2/netcoreapp" className="Aula.Tests.Configuration.ConfigurationTests" name="Features_DefaultValues_AreCorrect" />
    </UnitTest>
    <UnitTest name="Aula.Tests.Utilities.ConversationContextManagerTests.UpdateContext_WithDefaultParameters_SetsCorrectDefaults" storage="/mnt/d/git/aula/src/aula.tests/bin/debug/net9.0/aula.tests.dll" id="7bb5033b-053d-57a5-c00e-279f476a8835">
      <Execution id="451003f6-66a1-4ff2-8695-0cf4ef25f0e6" />
      <TestMethod codeBase="/mnt/d/git/aula/src/Aula.Tests/bin/Debug/net9.0/Aula.Tests.dll" adapterTypeName="executor://xunit/VsTestRunner2/netcoreapp" className="Aula.Tests.Utilities.ConversationContextManagerTests" name="UpdateContext_WithDefaultParameters_SetsCorrectDefaults" />
    </UnitTest>
    <UnitTest name="Aula.Tests.Utilities.Html2SlackMarkdownConverterTests.Convert_WithPartialTags_HandlesGracefully(html: &quot;text &lt;b&gt; more text&quot;)" storage="/mnt/d/git/aula/src/aula.tests/bin/debug/net9.0/aula.tests.dll" id="bb7ff579-7dbb-d724-561f-6bfaeeb13e43">
      <Execution id="fdb54d22-d0db-415e-bbe0-541b15f62c59" />
      <TestMethod codeBase="/mnt/d/git/aula/src/Aula.Tests/bin/Debug/net9.0/Aula.Tests.dll" adapterTypeName="executor://xunit/VsTestRunner2/netcoreapp" className="Aula.Tests.Utilities.Html2SlackMarkdownConverterTests" name="Convert_WithPartialTags_HandlesGracefully" />
    </UnitTest>
    <UnitTest name="Aula.Tests.Utilities.IntentAnalysisPromptsTests.AnalysisTemplate_ContainsAllToolActions" storage="/mnt/d/git/aula/src/aula.tests/bin/debug/net9.0/aula.tests.dll" id="4065d4aa-647e-7977-71b8-e3fe088d65f6">
      <Execution id="bec346f1-2c05-49ae-b681-c54b0acf5dad" />
      <TestMethod codeBase="/mnt/d/git/aula/src/Aula.Tests/bin/Debug/net9.0/Aula.Tests.dll" adapterTypeName="executor://xunit/VsTestRunner2/netcoreapp" className="Aula.Tests.Utilities.IntentAnalysisPromptsTests" name="AnalysisTemplate_ContainsAllToolActions" />
    </UnitTest>
    <UnitTest name="Aula.Tests.Bots.SlackMessageHandlerTests.Constructor_WithNullLogger_ThrowsArgumentNullException" storage="/mnt/d/git/aula/src/aula.tests/bin/debug/net9.0/aula.tests.dll" id="feee90d8-1656-5d1e-73f9-5a26fcecfdaf">
      <Execution id="1b32c720-062b-421e-88ba-54b782b49d58" />
      <TestMethod codeBase="/mnt/d/git/aula/src/Aula.Tests/bin/Debug/net9.0/Aula.Tests.dll" adapterTypeName="executor://xunit/VsTestRunner2/netcoreapp" className="Aula.Tests.Bots.SlackMessageHandlerTests" name="Constructor_WithNullLogger_ThrowsArgumentNullException" />
    </UnitTest>
    <UnitTest name="Aula.Tests.Services.OpenAiServiceIntegrationTests.AskQuestionAboutChildrenAsync_WithNullChildrenWeekLetters_ThrowsArgumentNullException(chatInterface: Telegram)" storage="/mnt/d/git/aula/src/aula.tests/bin/debug/net9.0/aula.tests.dll" id="b10574f8-57a7-a56d-69fc-5fa21e09fe6d">
      <Execution id="93e5c1d2-57cb-4ea5-830b-c81641e36c28" />
      <TestMethod codeBase="/mnt/d/git/aula/src/Aula.Tests/bin/Debug/net9.0/Aula.Tests.dll" adapterTypeName="executor://xunit/VsTestRunner2/netcoreapp" className="Aula.Tests.Services.OpenAiServiceIntegrationTests" name="AskQuestionAboutChildrenAsync_WithNullChildrenWeekLetters_ThrowsArgumentNullException" />
    </UnitTest>
    <UnitTest name="Aula.Tests.Bots.TelegramMessageHandlerTests.Constructor_WithNullChildrenByName_ThrowsArgumentNullException" storage="/mnt/d/git/aula/src/aula.tests/bin/debug/net9.0/aula.tests.dll" id="2c3d4776-5def-fbfc-180a-60513ca0400e">
      <Execution id="4e12d5dd-bf8c-42eb-a318-05341b4affe7" />
      <TestMethod codeBase="/mnt/d/git/aula/src/Aula.Tests/bin/Debug/net9.0/Aula.Tests.dll" adapterTypeName="executor://xunit/VsTestRunner2/netcoreapp" className="Aula.Tests.Bots.TelegramMessageHandlerTests" name="Constructor_WithNullChildrenByName_ThrowsArgumentNullException" />
    </UnitTest>
    <UnitTest name="Aula.Tests.Tools.ReminderCommandHandlerTests.TryHandleReminderCommand_ListReminders_WithException_LogsErrorAndReturnsErrorMessage(command: &quot;list reminders&quot;, isEnglish: True)" storage="/mnt/d/git/aula/src/aula.tests/bin/debug/net9.0/aula.tests.dll" id="291a0a00-e36f-0b02-ed15-eb7d9d18168a">
      <Execution id="be1a29a1-b35c-4573-912a-d640f3c69ac4" />
      <TestMethod codeBase="/mnt/d/git/aula/src/Aula.Tests/bin/Debug/net9.0/Aula.Tests.dll" adapterTypeName="executor://xunit/VsTestRunner2/netcoreapp" className="Aula.Tests.Tools.ReminderCommandHandlerTests" name="TryHandleReminderCommand_ListReminders_WithException_LogsErrorAndReturnsErrorMessage" />
    </UnitTest>
    <UnitTest name="Aula.Tests.Channels.TelegramClientTests.SendMessageToChannel_WithVariousChannelIds_DoesNotThrow(channelId: &quot;&quot;)" storage="/mnt/d/git/aula/src/aula.tests/bin/debug/net9.0/aula.tests.dll" id="99892231-84e1-33e1-e7f7-41ced0139b8b">
      <Execution id="7f85c390-1695-4249-84aa-663965df3d79" />
      <TestMethod codeBase="/mnt/d/git/aula/src/Aula.Tests/bin/Debug/net9.0/Aula.Tests.dll" adapterTypeName="executor://xunit/VsTestRunner2/netcoreapp" className="Aula.Tests.Channels.TelegramClientTests" name="SendMessageToChannel_WithVariousChannelIds_DoesNotThrow" />
    </UnitTest>
    <UnitTest name="Aula.Tests.Bots.TelegramInteractiveBotTests.SendMessage_WithLongChatIdAsLong_SendsSuccessfully(chatId: 1234567890)" storage="/mnt/d/git/aula/src/aula.tests/bin/debug/net9.0/aula.tests.dll" id="84d3e400-28e5-a032-6581-dd6f9d37667a">
      <Execution id="30f85945-35ca-4396-b09f-5c1da5cc6d4c" />
      <TestMethod codeBase="/mnt/d/git/aula/src/Aula.Tests/bin/Debug/net9.0/Aula.Tests.dll" adapterTypeName="executor://xunit/VsTestRunner2/netcoreapp" className="Aula.Tests.Bots.TelegramInteractiveBotTests" name="SendMessage_WithLongChatIdAsLong_SendsSuccessfully" />
    </UnitTest>
    <UnitTest name="Aula.Tests.Tools.ReminderCommandHandlerTests.TryHandleReminderCommand_NonReminderCommands_ReturnsFalse(command: &quot;hello world&quot;)" storage="/mnt/d/git/aula/src/aula.tests/bin/debug/net9.0/aula.tests.dll" id="f09b7cd5-4ae8-422c-8772-5a55d24c9ade">
      <Execution id="563eced9-232d-4889-a04e-77b66b7caaaf" />
      <TestMethod codeBase="/mnt/d/git/aula/src/Aula.Tests/bin/Debug/net9.0/Aula.Tests.dll" adapterTypeName="executor://xunit/VsTestRunner2/netcoreapp" className="Aula.Tests.Tools.ReminderCommandHandlerTests" name="TryHandleReminderCommand_NonReminderCommands_ReturnsFalse" />
    </UnitTest>
    <UnitTest name="Aula.Tests.Services.OpenAiServiceIntegrationTests.ProcessQueryWithToolsAsync_WithValidParameters_CallsApiWithCorrectParameters" storage="/mnt/d/git/aula/src/aula.tests/bin/debug/net9.0/aula.tests.dll" id="2ec4bb68-9993-76c1-0376-5d281d5240c0">
      <Execution id="ed0492b0-df9d-4ef3-b139-7da465032c06" />
      <TestMethod codeBase="/mnt/d/git/aula/src/Aula.Tests/bin/Debug/net9.0/Aula.Tests.dll" adapterTypeName="executor://xunit/VsTestRunner2/netcoreapp" className="Aula.Tests.Services.OpenAiServiceIntegrationTests" name="ProcessQueryWithToolsAsync_WithValidParameters_CallsApiWithCorrectParameters" />
    </UnitTest>
    <UnitTest name="Aula.Tests.Configuration.ConfigurationTests.Timers_AdaptivePollingLimits_ValidationTests(minSeconds: 1, maxSeconds: 60, isValid: True)" storage="/mnt/d/git/aula/src/aula.tests/bin/debug/net9.0/aula.tests.dll" id="d176fe9d-a550-c0ab-c3b8-0439143bdca1">
      <Execution id="a402ce93-9c3b-42c5-8012-01d778c8404d" />
      <TestMethod codeBase="/mnt/d/git/aula/src/Aula.Tests/bin/Debug/net9.0/Aula.Tests.dll" adapterTypeName="executor://xunit/VsTestRunner2/netcoreapp" className="Aula.Tests.Configuration.ConfigurationTests" name="Timers_AdaptivePollingLimits_ValidationTests" />
    </UnitTest>
    <UnitTest name="Aula.Tests.Utilities.ConversationContextTests.IsStillValid_WithOldTimestamp_ReturnsFalse" storage="/mnt/d/git/aula/src/aula.tests/bin/debug/net9.0/aula.tests.dll" id="a8b9844c-6104-c9c6-7d60-78d6100065b0">
      <Execution id="b5f8aeef-3889-411f-a94f-4718bbe1f581" />
      <TestMethod codeBase="/mnt/d/git/aula/src/Aula.Tests/bin/Debug/net9.0/Aula.Tests.dll" adapterTypeName="executor://xunit/VsTestRunner2/netcoreapp" className="Aula.Tests.Utilities.ConversationContextTests" name="IsStillValid_WithOldTimestamp_ReturnsFalse" />
    </UnitTest>
    <UnitTest name="Aula.Tests.Bots.SlackMessageHandlerTests.HandleMessageAsync_WithValidQuery_ProcessesSuccessfully(queryText: &quot;What is Hans doing tomorrow?&quot;)" storage="/mnt/d/git/aula/src/aula.tests/bin/debug/net9.0/aula.tests.dll" id="c4bc0f3a-eeff-3d15-3eac-b16332605c4c">
      <Execution id="3839a0cb-339d-4789-bd96-c30285af8d39" />
      <TestMethod codeBase="/mnt/d/git/aula/src/Aula.Tests/bin/Debug/net9.0/Aula.Tests.dll" adapterTypeName="executor://xunit/VsTestRunner2/netcoreapp" className="Aula.Tests.Bots.SlackMessageHandlerTests" name="HandleMessageAsync_WithValidQuery_ProcessesSuccessfully" />
    </UnitTest>
    <UnitTest name="Aula.Tests.Services.SupabaseServiceTests.TestConnectionAsync_WithoutInitialize_ReturnsFalse" storage="/mnt/d/git/aula/src/aula.tests/bin/debug/net9.0/aula.tests.dll" id="085e36b0-0d52-7c74-b0d8-4785cd5f1544">
      <Execution id="4c205fb7-4560-4d8a-81a7-aa8f6c0f9eb0" />
      <TestMethod codeBase="/mnt/d/git/aula/src/Aula.Tests/bin/Debug/net9.0/Aula.Tests.dll" adapterTypeName="executor://xunit/VsTestRunner2/netcoreapp" className="Aula.Tests.Services.SupabaseServiceTests" name="TestConnectionAsync_WithoutInitialize_ReturnsFalse" />
    </UnitTest>
    <UnitTest name="Aula.Tests.Utilities.FollowUpQuestionDetectorTests.IsFollowUpQuestion_WithDanishFollowUpPhrases_ReturnsTrue(input: &quot;hvordan med Liam&quot;)" storage="/mnt/d/git/aula/src/aula.tests/bin/debug/net9.0/aula.tests.dll" id="5c459586-7f42-89d7-f28d-c1bb3f1f4b97">
      <Execution id="6b1f49af-a71a-49f6-8810-69fcc9dc9e3c" />
      <TestMethod codeBase="/mnt/d/git/aula/src/Aula.Tests/bin/Debug/net9.0/Aula.Tests.dll" adapterTypeName="executor://xunit/VsTestRunner2/netcoreapp" className="Aula.Tests.Utilities.FollowUpQuestionDetectorTests" name="IsFollowUpQuestion_WithDanishFollowUpPhrases_ReturnsTrue" />
    </UnitTest>
    <UnitTest name="Aula.Tests.Channels.SlackBotTests.PostMessage_WithMessage_DoesNotThrow" storage="/mnt/d/git/aula/src/aula.tests/bin/debug/net9.0/aula.tests.dll" id="9abb3739-6b0d-7f8e-6b46-0210e9a0d235">
      <Execution id="d0f80773-71cc-4b69-8c04-8f3453a7f1b2" />
      <TestMethod codeBase="/mnt/d/git/aula/src/Aula.Tests/bin/Debug/net9.0/Aula.Tests.dll" adapterTypeName="executor://xunit/VsTestRunner2/netcoreapp" className="Aula.Tests.Channels.SlackBotTests" name="PostMessage_WithMessage_DoesNotThrow" />
    </UnitTest>
    <UnitTest name="Aula.Tests.Services.DataModelTests.PostedLetter_ContentHash_CanDetectChanges" storage="/mnt/d/git/aula/src/aula.tests/bin/debug/net9.0/aula.tests.dll" id="8058c27b-1352-027a-d929-43b2879c423e">
      <Execution id="3191dbdc-277d-4d22-8d3d-bb44dddea65f" />
      <TestMethod codeBase="/mnt/d/git/aula/src/Aula.Tests/bin/Debug/net9.0/Aula.Tests.dll" adapterTypeName="executor://xunit/VsTestRunner2/netcoreapp" className="Aula.Tests.Services.DataModelTests" name="PostedLetter_ContentHash_CanDetectChanges" />
    </UnitTest>
    <UnitTest name="Aula.Tests.Utilities.DateTimeUtilitiesTests.GetDanishDayName_AllValidDaysOfWeek_ReturnsNonEmptyString(dayOfWeek: Saturday)" storage="/mnt/d/git/aula/src/aula.tests/bin/debug/net9.0/aula.tests.dll" id="51dadbc3-586b-6ea0-f9cc-0638c0cb614d">
      <Execution id="e84358c6-8e1d-4ed1-b6b4-b2d18dbbb452" />
      <TestMethod codeBase="/mnt/d/git/aula/src/Aula.Tests/bin/Debug/net9.0/Aula.Tests.dll" adapterTypeName="executor://xunit/VsTestRunner2/netcoreapp" className="Aula.Tests.Utilities.DateTimeUtilitiesTests" name="GetDanishDayName_AllValidDaysOfWeek_ReturnsNonEmptyString" />
    </UnitTest>
    <UnitTest name="Aula.Tests.Configuration.ConfigurationTests.Timers_SchedulingInterval_ValidationTests(intervalSeconds: 5, isValid: True)" storage="/mnt/d/git/aula/src/aula.tests/bin/debug/net9.0/aula.tests.dll" id="0c4f7782-5c4d-f42e-03cc-a2dae624ac6e">
      <Execution id="62cf6527-ded3-44f4-a805-ca001285bf07" />
      <TestMethod codeBase="/mnt/d/git/aula/src/Aula.Tests/bin/Debug/net9.0/Aula.Tests.dll" adapterTypeName="executor://xunit/VsTestRunner2/netcoreapp" className="Aula.Tests.Configuration.ConfigurationTests" name="Timers_SchedulingInterval_ValidationTests" />
    </UnitTest>
    <UnitTest name="Aula.Tests.Channels.TelegramClientTests.SendMessageToChannel_WithVariousMessages_DoesNotThrow(message: &quot;Message with &lt;i&gt;italic&lt;/i&gt; text&quot;)" storage="/mnt/d/git/aula/src/aula.tests/bin/debug/net9.0/aula.tests.dll" id="b47684af-1794-f5e1-2939-ee11bb40f2e8">
      <Execution id="8d364705-3e8f-4e13-8779-6ad3fe1e7814" />
      <TestMethod codeBase="/mnt/d/git/aula/src/Aula.Tests/bin/Debug/net9.0/Aula.Tests.dll" adapterTypeName="executor://xunit/VsTestRunner2/netcoreapp" className="Aula.Tests.Channels.TelegramClientTests" name="SendMessageToChannel_WithVariousMessages_DoesNotThrow" />
    </UnitTest>
    <UnitTest name="Aula.Tests.Tools.ReminderCommandHandlerTests.TryHandleReminderCommand_ListReminders_ValidCommands_ReturnsRemindersList(command: &quot;list reminders&quot;, isEnglish: True)" storage="/mnt/d/git/aula/src/aula.tests/bin/debug/net9.0/aula.tests.dll" id="2c4f5c38-e0cd-3355-85e7-bc13205402ed">
      <Execution id="4a938b57-eae2-468e-bf0d-1b7dfa6601e0" />
      <TestMethod codeBase="/mnt/d/git/aula/src/Aula.Tests/bin/Debug/net9.0/Aula.Tests.dll" adapterTypeName="executor://xunit/VsTestRunner2/netcoreapp" className="Aula.Tests.Tools.ReminderCommandHandlerTests" name="TryHandleReminderCommand_ListReminders_ValidCommands_ReturnsRemindersList" />
    </UnitTest>
    <UnitTest name="Aula.Tests.Utilities.WeekLetterContentExtractorTests.ExtractContent_WithMissingIndhold_ReturnsEmptyString" storage="/mnt/d/git/aula/src/aula.tests/bin/debug/net9.0/aula.tests.dll" id="f298d898-68fb-30c9-25a2-94ce20f4fdb3">
      <Execution id="929c1441-2360-49ca-92f1-76e4b9a4e3a4" />
      <TestMethod codeBase="/mnt/d/git/aula/src/Aula.Tests/bin/Debug/net9.0/Aula.Tests.dll" adapterTypeName="executor://xunit/VsTestRunner2/netcoreapp" className="Aula.Tests.Utilities.WeekLetterContentExtractorTests" name="ExtractContent_WithMissingIndhold_ReturnsEmptyString" />
    </UnitTest>
    <UnitTest name="Aula.Tests.Bots.TelegramMessageHandlerTests.HandleMessageAsync_WithValidQuery_ProcessesSuccessfully(queryText: &quot;What is Hans doing tomorrow?&quot;)" storage="/mnt/d/git/aula/src/aula.tests/bin/debug/net9.0/aula.tests.dll" id="b951eadc-9c68-489f-5265-7dd5da8c5458">
      <Execution id="6985a09a-37c8-4152-aa73-3d892c9bd0d5" />
      <TestMethod codeBase="/mnt/d/git/aula/src/Aula.Tests/bin/Debug/net9.0/Aula.Tests.dll" adapterTypeName="executor://xunit/VsTestRunner2/netcoreapp" className="Aula.Tests.Bots.TelegramMessageHandlerTests" name="HandleMessageAsync_WithValidQuery_ProcessesSuccessfully" />
    </UnitTest>
    <UnitTest name="Aula.Tests.Scheduling.SchedulingServiceIntegrationTests.Constructor_WithValidParameters_InitializesCorrectly" storage="/mnt/d/git/aula/src/aula.tests/bin/debug/net9.0/aula.tests.dll" id="d9434b0b-f031-6aad-3c30-fb3e0d035dab">
      <Execution id="fc0c14f2-aab9-44ca-8a40-ec5cde51ccc2" />
      <TestMethod codeBase="/mnt/d/git/aula/src/Aula.Tests/bin/Debug/net9.0/Aula.Tests.dll" adapterTypeName="executor://xunit/VsTestRunner2/netcoreapp" className="Aula.Tests.Scheduling.SchedulingServiceIntegrationTests" name="Constructor_WithValidParameters_InitializesCorrectly" />
    </UnitTest>
    <UnitTest name="Aula.Tests.Channels.TelegramClientTests.PostWeekLetter_WithDisabledTelegram_ReturnsFalse" storage="/mnt/d/git/aula/src/aula.tests/bin/debug/net9.0/aula.tests.dll" id="350fb660-314c-786b-3d6b-541a0971c807">
      <Execution id="9bfa2d0f-6e3a-41f2-b991-16fc12d153f0" />
      <TestMethod codeBase="/mnt/d/git/aula/src/Aula.Tests/bin/Debug/net9.0/Aula.Tests.dll" adapterTypeName="executor://xunit/VsTestRunner2/netcoreapp" className="Aula.Tests.Channels.TelegramClientTests" name="PostWeekLetter_WithDisabledTelegram_ReturnsFalse" />
    </UnitTest>
    <UnitTest name="Aula.Tests.Utilities.FollowUpQuestionDetectorTests.IsFollowUpQuestion_WithChildNameAndTimeReference_ReturnsFalse(input: &quot;Emma today&quot;)" storage="/mnt/d/git/aula/src/aula.tests/bin/debug/net9.0/aula.tests.dll" id="8646524a-5166-ca18-26db-7c128f59fc0d">
      <Execution id="4d844be7-c3c7-410f-89ea-b746b8998df7" />
      <TestMethod codeBase="/mnt/d/git/aula/src/Aula.Tests/bin/Debug/net9.0/Aula.Tests.dll" adapterTypeName="executor://xunit/VsTestRunner2/netcoreapp" className="Aula.Tests.Utilities.FollowUpQuestionDetectorTests" name="IsFollowUpQuestion_WithChildNameAndTimeReference_ReturnsFalse" />
    </UnitTest>
    <UnitTest name="Aula.Tests.Utilities.FollowUpQuestionDetectorTests.IsFollowUpQuestion_WithPunctuationAroundChildName_WorksCorrectly(input: &quot;Emma!&quot;)" storage="/mnt/d/git/aula/src/aula.tests/bin/debug/net9.0/aula.tests.dll" id="9833abbf-2b3b-4c95-cc5f-ce17c418fcd0">
      <Execution id="cab14cb3-56fb-40df-ad3b-42c5d5660845" />
      <TestMethod codeBase="/mnt/d/git/aula/src/Aula.Tests/bin/Debug/net9.0/Aula.Tests.dll" adapterTypeName="executor://xunit/VsTestRunner2/netcoreapp" className="Aula.Tests.Utilities.FollowUpQuestionDetectorTests" name="IsFollowUpQuestion_WithPunctuationAroundChildName_WorksCorrectly" />
    </UnitTest>
    <UnitTest name="Aula.Tests.Utilities.FollowUpQuestionDetectorTests.IsFollowUpQuestion_WithShortFollowUps_ReturnsTrue(input: &quot;what?&quot;)" storage="/mnt/d/git/aula/src/aula.tests/bin/debug/net9.0/aula.tests.dll" id="d34756cc-dd70-36dd-a4b9-a2767cf802ed">
      <Execution id="250270e5-4e99-43de-873e-c3c2d9bcc68b" />
      <TestMethod codeBase="/mnt/d/git/aula/src/Aula.Tests/bin/Debug/net9.0/Aula.Tests.dll" adapterTypeName="executor://xunit/VsTestRunner2/netcoreapp" className="Aula.Tests.Utilities.FollowUpQuestionDetectorTests" name="IsFollowUpQuestion_WithShortFollowUps_ReturnsTrue" />
    </UnitTest>
    <UnitTest name="Aula.Tests.Utilities.ConversationContextManagerTests.Manager_WithGuidKeys_WorksCorrectly" storage="/mnt/d/git/aula/src/aula.tests/bin/debug/net9.0/aula.tests.dll" id="a5a1d376-9a55-3344-a8d1-042eaae8a59b">
      <Execution id="79baeeae-13d7-46d4-ae0c-32e37ca7c4d7" />
      <TestMethod codeBase="/mnt/d/git/aula/src/Aula.Tests/bin/Debug/net9.0/Aula.Tests.dll" adapterTypeName="executor://xunit/VsTestRunner2/netcoreapp" className="Aula.Tests.Utilities.ConversationContextManagerTests" name="Manager_WithGuidKeys_WorksCorrectly" />
    </UnitTest>
    <UnitTest name="Aula.Tests.Utilities.ReminderExtractionPromptsTests.GetExtractionPrompt_WithRealQueries_EmbedsQueryCorrectly(query: &quot;Remind me about Hans's soccer&quot;)" storage="/mnt/d/git/aula/src/aula.tests/bin/debug/net9.0/aula.tests.dll" id="bd810d5e-74d1-fb29-2175-9a145b5629e1">
      <Execution id="7f8c1995-83ca-4126-83f4-fff6ff1ad918" />
      <TestMethod codeBase="/mnt/d/git/aula/src/Aula.Tests/bin/Debug/net9.0/Aula.Tests.dll" adapterTypeName="executor://xunit/VsTestRunner2/netcoreapp" className="Aula.Tests.Utilities.ReminderExtractionPromptsTests" name="GetExtractionPrompt_WithRealQueries_EmbedsQueryCorrectly" />
    </UnitTest>
    <UnitTest name="Aula.Tests.Tools.AiToolsManagerTests.CreateReminderAsync_WithValidDateTime_CreatesReminder" storage="/mnt/d/git/aula/src/aula.tests/bin/debug/net9.0/aula.tests.dll" id="6234ecb8-e2dd-d37d-8721-81fdc7e6823a">
      <Execution id="048f62f7-6916-4bf7-b41e-000bb6e901cc" />
      <TestMethod codeBase="/mnt/d/git/aula/src/Aula.Tests/bin/Debug/net9.0/Aula.Tests.dll" adapterTypeName="executor://xunit/VsTestRunner2/netcoreapp" className="Aula.Tests.Tools.AiToolsManagerTests" name="CreateReminderAsync_WithValidDateTime_CreatesReminder" />
    </UnitTest>
    <UnitTest name="Aula.Tests.Services.OpenAiServiceIntegrationTests.Constructor_WithNullApiKey_ThrowsArgumentException" storage="/mnt/d/git/aula/src/aula.tests/bin/debug/net9.0/aula.tests.dll" id="c877210f-bb9a-c13c-82b0-695b1245feeb">
      <Execution id="96d4bbb5-49da-4707-bc8e-e832b80cd679" />
      <TestMethod codeBase="/mnt/d/git/aula/src/Aula.Tests/bin/Debug/net9.0/Aula.Tests.dll" adapterTypeName="executor://xunit/VsTestRunner2/netcoreapp" className="Aula.Tests.Services.OpenAiServiceIntegrationTests" name="Constructor_WithNullApiKey_ThrowsArgumentException" />
    </UnitTest>
    <UnitTest name="Aula.Tests.Configuration.ConfigurationTests.Features_ConversationCacheExpiration_ValidationTests(minutes: 60, isValid: True)" storage="/mnt/d/git/aula/src/aula.tests/bin/debug/net9.0/aula.tests.dll" id="dd05b666-876a-55fb-e7fc-780febc2a53a">
      <Execution id="37b4ac8b-f80f-4fa2-9167-a22455f68e36" />
      <TestMethod codeBase="/mnt/d/git/aula/src/Aula.Tests/bin/Debug/net9.0/Aula.Tests.dll" adapterTypeName="executor://xunit/VsTestRunner2/netcoreapp" className="Aula.Tests.Configuration.ConfigurationTests" name="Features_ConversationCacheExpiration_ValidationTests" />
    </UnitTest>
    <UnitTest name="Aula.Tests.Utilities.IntentAnalysisPromptsTests.GetFormattedPrompt_WithVariousQueries_ReturnsValidPrompt(query: &quot;&quot;)" storage="/mnt/d/git/aula/src/aula.tests/bin/debug/net9.0/aula.tests.dll" id="68f8d884-d469-7c10-83e8-5cafd9c08d5b">
      <Execution id="4d7c64f8-c418-481c-98bd-d6fdabbc05a7" />
      <TestMethod codeBase="/mnt/d/git/aula/src/Aula.Tests/bin/Debug/net9.0/Aula.Tests.dll" adapterTypeName="executor://xunit/VsTestRunner2/netcoreapp" className="Aula.Tests.Utilities.IntentAnalysisPromptsTests" name="GetFormattedPrompt_WithVariousQueries_ReturnsValidPrompt" />
    </UnitTest>
    <UnitTest name="Aula.Tests.Channels.TelegramClientTests.SendMessageToChannel_WithVariousChannelIds_DoesNotThrow(channelId: &quot;@testchannel&quot;)" storage="/mnt/d/git/aula/src/aula.tests/bin/debug/net9.0/aula.tests.dll" id="fe14d576-8562-4a05-9196-a9eaf8403f97">
      <Execution id="af38096e-ac11-441a-9935-f2681eaff2b3" />
      <TestMethod codeBase="/mnt/d/git/aula/src/Aula.Tests/bin/Debug/net9.0/Aula.Tests.dll" adapterTypeName="executor://xunit/VsTestRunner2/netcoreapp" className="Aula.Tests.Channels.TelegramClientTests" name="SendMessageToChannel_WithVariousChannelIds_DoesNotThrow" />
    </UnitTest>
    <UnitTest name="Aula.Tests.Utilities.IntentAnalysisPromptsTests.GetFormattedPrompt_WithSpecialCharacters_HandlesCorrectly" storage="/mnt/d/git/aula/src/aula.tests/bin/debug/net9.0/aula.tests.dll" id="e82068c0-6e0f-9139-e11b-135d1d5c14f8">
      <Execution id="bbabc908-0238-4956-ac68-b3ea04f0a7ce" />
      <TestMethod codeBase="/mnt/d/git/aula/src/Aula.Tests/bin/Debug/net9.0/Aula.Tests.dll" adapterTypeName="executor://xunit/VsTestRunner2/netcoreapp" className="Aula.Tests.Utilities.IntentAnalysisPromptsTests" name="GetFormattedPrompt_WithSpecialCharacters_HandlesCorrectly" />
    </UnitTest>
    <UnitTest name="Aula.Tests.Configuration.ConfigurationTests.Slack_ChannelId_ValidationTests(channelId: &quot;&quot;, isValid: False)" storage="/mnt/d/git/aula/src/aula.tests/bin/debug/net9.0/aula.tests.dll" id="acf8804d-792c-1b35-de81-83d4ccdfb352">
      <Execution id="2a361397-c83d-4423-8dac-9b563de77954" />
      <TestMethod codeBase="/mnt/d/git/aula/src/Aula.Tests/bin/Debug/net9.0/Aula.Tests.dll" adapterTypeName="executor://xunit/VsTestRunner2/netcoreapp" className="Aula.Tests.Configuration.ConfigurationTests" name="Slack_ChannelId_ValidationTests" />
    </UnitTest>
    <UnitTest name="Aula.Tests.Utilities.Html2SlackMarkdownConverterTests.Convert_WithInvalidHtml_HandlesGracefully" storage="/mnt/d/git/aula/src/aula.tests/bin/debug/net9.0/aula.tests.dll" id="533b2a5c-a19c-cf24-eb9a-f995ca4d2974">
      <Execution id="1bec2304-cacb-4916-9d52-e794d1c18435" />
      <TestMethod codeBase="/mnt/d/git/aula/src/Aula.Tests/bin/Debug/net9.0/Aula.Tests.dll" adapterTypeName="executor://xunit/VsTestRunner2/netcoreapp" className="Aula.Tests.Utilities.Html2SlackMarkdownConverterTests" name="Convert_WithInvalidHtml_HandlesGracefully" />
    </UnitTest>
    <UnitTest name="Aula.Tests.Utilities.ReminderExtractionPromptsTests.GetExtractionPrompt_WithVariousCurrentTimes_CalculatesRelativeDatesCorrectly(currentTimeStr: &quot;2025-12-31 23:59:59&quot;)" storage="/mnt/d/git/aula/src/aula.tests/bin/debug/net9.0/aula.tests.dll" id="ebe83846-f30d-4502-5b06-920f9179e550">
      <Execution id="d488fc46-46ed-43df-b884-eb8d624b4b5e" />
      <TestMethod codeBase="/mnt/d/git/aula/src/Aula.Tests/bin/Debug/net9.0/Aula.Tests.dll" adapterTypeName="executor://xunit/VsTestRunner2/netcoreapp" className="Aula.Tests.Utilities.ReminderExtractionPromptsTests" name="GetExtractionPrompt_WithVariousCurrentTimes_CalculatesRelativeDatesCorrectly" />
    </UnitTest>
    <UnitTest name="Aula.Tests.Configuration.ConfigurationTests.Configuration_LoadsSuccessfully" storage="/mnt/d/git/aula/src/aula.tests/bin/debug/net9.0/aula.tests.dll" id="a8373318-d0c0-3b68-eeb8-1cd7a830e6d6">
      <Execution id="f76a0cea-041f-414e-a4e9-3364574023ed" />
      <TestMethod codeBase="/mnt/d/git/aula/src/Aula.Tests/bin/Debug/net9.0/Aula.Tests.dll" adapterTypeName="executor://xunit/VsTestRunner2/netcoreapp" className="Aula.Tests.Configuration.ConfigurationTests" name="Configuration_LoadsSuccessfully" />
    </UnitTest>
    <UnitTest name="Aula.Tests.Utilities.WeekLetterContentExtractorTests.ExtractContent_Dynamic_WithNullUgebreve_ReturnsEmptyString" storage="/mnt/d/git/aula/src/aula.tests/bin/debug/net9.0/aula.tests.dll" id="76863e49-5dff-990d-7038-a9b0865a8589">
      <Execution id="318fd359-9c0c-4018-9643-39186d194e51" />
      <TestMethod codeBase="/mnt/d/git/aula/src/Aula.Tests/bin/Debug/net9.0/Aula.Tests.dll" adapterTypeName="executor://xunit/VsTestRunner2/netcoreapp" className="Aula.Tests.Utilities.WeekLetterContentExtractorTests" name="ExtractContent_Dynamic_WithNullUgebreve_ReturnsEmptyString" />
    </UnitTest>
    <UnitTest name="Aula.Tests.Services.OpenAiServiceIntegrationTests.ProcessQueryWithToolsAsync_WithInvalidContextKey_HandlesGracefully(contextKey: &quot;   &quot;)" storage="/mnt/d/git/aula/src/aula.tests/bin/debug/net9.0/aula.tests.dll" id="a7e8c1b6-25a4-9bb8-b310-86bcbc95315f">
      <Execution id="b721173f-ae0e-41ff-ae74-37e18773a34a" />
      <TestMethod codeBase="/mnt/d/git/aula/src/Aula.Tests/bin/Debug/net9.0/Aula.Tests.dll" adapterTypeName="executor://xunit/VsTestRunner2/netcoreapp" className="Aula.Tests.Services.OpenAiServiceIntegrationTests" name="ProcessQueryWithToolsAsync_WithInvalidContextKey_HandlesGracefully" />
    </UnitTest>
    <UnitTest name="Aula.Tests.Utilities.Html2SlackMarkdownConverterTests.Convert_PreservesTextOrder" storage="/mnt/d/git/aula/src/aula.tests/bin/debug/net9.0/aula.tests.dll" id="76e83c15-4958-72c0-6072-2306062f6c27">
      <Execution id="a8e0cfbd-e4a9-48ff-bd20-d086368ea080" />
      <TestMethod codeBase="/mnt/d/git/aula/src/Aula.Tests/bin/Debug/net9.0/Aula.Tests.dll" adapterTypeName="executor://xunit/VsTestRunner2/netcoreapp" className="Aula.Tests.Utilities.Html2SlackMarkdownConverterTests" name="Convert_PreservesTextOrder" />
    </UnitTest>
    <UnitTest name="Aula.Tests.Utilities.ReminderExtractionPromptsTests.GetExtractionPrompt_ContainsDanishRelativeTimeExamples" storage="/mnt/d/git/aula/src/aula.tests/bin/debug/net9.0/aula.tests.dll" id="ef7abf20-a090-f30e-1f29-97964e295c62">
      <Execution id="fa5d6ea6-c72f-45da-aada-fd2cc9f3fdc6" />
      <TestMethod codeBase="/mnt/d/git/aula/src/Aula.Tests/bin/Debug/net9.0/Aula.Tests.dll" adapterTypeName="executor://xunit/VsTestRunner2/netcoreapp" className="Aula.Tests.Utilities.ReminderExtractionPromptsTests" name="GetExtractionPrompt_ContainsDanishRelativeTimeExamples" />
    </UnitTest>
    <UnitTest name="Aula.Tests.Utilities.IntentAnalysisPromptsTests.ToolExamples_ContainsRequiredKeys(key: &quot;INFORMATION_QUERY&quot;)" storage="/mnt/d/git/aula/src/aula.tests/bin/debug/net9.0/aula.tests.dll" id="335c0316-538c-f3b3-9476-383f089c8b2c">
      <Execution id="d25774a4-7f08-4d40-aab0-55ade70077fb" />
      <TestMethod codeBase="/mnt/d/git/aula/src/Aula.Tests/bin/Debug/net9.0/Aula.Tests.dll" adapterTypeName="executor://xunit/VsTestRunner2/netcoreapp" className="Aula.Tests.Utilities.IntentAnalysisPromptsTests" name="ToolExamples_ContainsRequiredKeys" />
    </UnitTest>
    <UnitTest name="Aula.Tests.Tools.ReminderCommandHandlerTests.TryHandleReminderCommand_DateParsing_TomorrowAndToday_WorksCorrectly" storage="/mnt/d/git/aula/src/aula.tests/bin/debug/net9.0/aula.tests.dll" id="c7840475-aca4-af75-0ca9-66bc604a8dbe">
      <Execution id="9eb0c435-ec47-42d4-8396-008e0f5752d4" />
      <TestMethod codeBase="/mnt/d/git/aula/src/Aula.Tests/bin/Debug/net9.0/Aula.Tests.dll" adapterTypeName="executor://xunit/VsTestRunner2/netcoreapp" className="Aula.Tests.Tools.ReminderCommandHandlerTests" name="TryHandleReminderCommand_DateParsing_TomorrowAndToday_WorksCorrectly" />
    </UnitTest>
    <UnitTest name="Aula.Tests.Bots.TelegramMessageHandlerTests.Constructor_WithNullLogger_ThrowsArgumentNullException" storage="/mnt/d/git/aula/src/aula.tests/bin/debug/net9.0/aula.tests.dll" id="239e373d-1755-bda9-a91e-cb58a8bc8bcf">
      <Execution id="d52db8ce-6fe0-4f55-8961-2951c2d16235" />
      <TestMethod codeBase="/mnt/d/git/aula/src/Aula.Tests/bin/Debug/net9.0/Aula.Tests.dll" adapterTypeName="executor://xunit/VsTestRunner2/netcoreapp" className="Aula.Tests.Bots.TelegramMessageHandlerTests" name="Constructor_WithNullLogger_ThrowsArgumentNullException" />
    </UnitTest>
    <UnitTest name="Aula.Tests.Utilities.ReminderExtractionPromptsTests.GetExtractionPrompt_WithSpecialCharactersInQuery_HandlesCorrectly" storage="/mnt/d/git/aula/src/aula.tests/bin/debug/net9.0/aula.tests.dll" id="bd86868a-64af-fa50-efe0-a7e95aa9f5c1">
      <Execution id="b9cc9aae-b6f4-4d18-902e-d0f213d5d318" />
      <TestMethod codeBase="/mnt/d/git/aula/src/Aula.Tests/bin/Debug/net9.0/Aula.Tests.dll" adapterTypeName="executor://xunit/VsTestRunner2/netcoreapp" className="Aula.Tests.Utilities.ReminderExtractionPromptsTests" name="GetExtractionPrompt_WithSpecialCharactersInQuery_HandlesCorrectly" />
    </UnitTest>
    <UnitTest name="Aula.Tests.Services.DataModelTests.Reminder_CreatedBy_HandlesValues(createdBy: &quot;&quot;, shouldAccept: True)" storage="/mnt/d/git/aula/src/aula.tests/bin/debug/net9.0/aula.tests.dll" id="e8058050-cbb0-edb4-84ec-77371a17e76d">
      <Execution id="b54912ac-5710-4740-bd53-af3ba553cea9" />
      <TestMethod codeBase="/mnt/d/git/aula/src/Aula.Tests/bin/Debug/net9.0/Aula.Tests.dll" adapterTypeName="executor://xunit/VsTestRunner2/netcoreapp" className="Aula.Tests.Services.DataModelTests" name="Reminder_CreatedBy_HandlesValues" />
    </UnitTest>
    <UnitTest name="Aula.Tests.Services.OpenAiServiceIntegrationTests.AskQuestionAboutWeekLetterAsync_WithNullWeekLetter_ThrowsArgumentNullException(chatInterface: Slack)" storage="/mnt/d/git/aula/src/aula.tests/bin/debug/net9.0/aula.tests.dll" id="112c074c-c91e-2a6e-3358-6a9304c63b95">
      <Execution id="02287d8b-4940-45fe-ae20-c8db198443d1" />
      <TestMethod codeBase="/mnt/d/git/aula/src/Aula.Tests/bin/Debug/net9.0/Aula.Tests.dll" adapterTypeName="executor://xunit/VsTestRunner2/netcoreapp" className="Aula.Tests.Services.OpenAiServiceIntegrationTests" name="AskQuestionAboutWeekLetterAsync_WithNullWeekLetter_ThrowsArgumentNullException" />
    </UnitTest>
    <UnitTest name="Aula.Tests.Bots.SlackMessageHandlerTests.HandleMessageAsync_LogsMessageProcessing" storage="/mnt/d/git/aula/src/aula.tests/bin/debug/net9.0/aula.tests.dll" id="0b67917b-52fb-a452-3f0c-630f8ae99c50">
      <Execution id="1a77016a-9214-4718-9331-d775dc18ff44" />
      <TestMethod codeBase="/mnt/d/git/aula/src/Aula.Tests/bin/Debug/net9.0/Aula.Tests.dll" adapterTypeName="executor://xunit/VsTestRunner2/netcoreapp" className="Aula.Tests.Bots.SlackMessageHandlerTests" name="HandleMessageAsync_LogsMessageProcessing" />
    </UnitTest>
    <UnitTest name="Aula.Tests.Utilities.IntentAnalysisPromptsTests.GetFormattedPrompt_WithVariousQueries_ReturnsValidPrompt(query: &quot;Remind me about soccer&quot;)" storage="/mnt/d/git/aula/src/aula.tests/bin/debug/net9.0/aula.tests.dll" id="9e010064-1282-f730-0e21-1a9c045272eb">
      <Execution id="81bde812-20c0-48f4-a58e-16310fac8583" />
      <TestMethod codeBase="/mnt/d/git/aula/src/Aula.Tests/bin/Debug/net9.0/Aula.Tests.dll" adapterTypeName="executor://xunit/VsTestRunner2/netcoreapp" className="Aula.Tests.Utilities.IntentAnalysisPromptsTests" name="GetFormattedPrompt_WithVariousQueries_ReturnsValidPrompt" />
    </UnitTest>
    <UnitTest name="Aula.Tests.Utilities.ConversationContextTests.ToString_WithAllPropertiesSet_ReturnsCorrectFormat" storage="/mnt/d/git/aula/src/aula.tests/bin/debug/net9.0/aula.tests.dll" id="803a38b8-f402-400f-65a3-348044bf14da">
      <Execution id="00214e87-2bc5-4bf7-9dbc-83c1ac6fc452" />
      <TestMethod codeBase="/mnt/d/git/aula/src/Aula.Tests/bin/Debug/net9.0/Aula.Tests.dll" adapterTypeName="executor://xunit/VsTestRunner2/netcoreapp" className="Aula.Tests.Utilities.ConversationContextTests" name="ToString_WithAllPropertiesSet_ReturnsCorrectFormat" />
    </UnitTest>
    <UnitTest name="Aula.Tests.Channels.SlackBotTests.PostWeekLetter_WithValidInputs_DoesNotThrow" storage="/mnt/d/git/aula/src/aula.tests/bin/debug/net9.0/aula.tests.dll" id="4215f164-2029-10cd-3890-50362921a7d9">
      <Execution id="3c6af9b8-4c75-4e32-be36-48f498c55e7a" />
      <TestMethod codeBase="/mnt/d/git/aula/src/Aula.Tests/bin/Debug/net9.0/Aula.Tests.dll" adapterTypeName="executor://xunit/VsTestRunner2/netcoreapp" className="Aula.Tests.Channels.SlackBotTests" name="PostWeekLetter_WithValidInputs_DoesNotThrow" />
    </UnitTest>
    <UnitTest name="Aula.Tests.Tools.AiToolsManagerTests.CreateReminderAsync_WithMissingChildName_CreatesGeneralReminder" storage="/mnt/d/git/aula/src/aula.tests/bin/debug/net9.0/aula.tests.dll" id="5f18de16-3031-4e46-e632-27368e418f95">
      <Execution id="b27801f3-fdbc-4ae3-9e8d-0d12824c94fe" />
      <TestMethod codeBase="/mnt/d/git/aula/src/Aula.Tests/bin/Debug/net9.0/Aula.Tests.dll" adapterTypeName="executor://xunit/VsTestRunner2/netcoreapp" className="Aula.Tests.Tools.AiToolsManagerTests" name="CreateReminderAsync_WithMissingChildName_CreatesGeneralReminder" />
    </UnitTest>
    <UnitTest name="Aula.Tests.Services.OpenAiServiceIntegrationTests.SummarizeWeekLetterAsync_WithValidWeekLetter_CallsApiWithCorrectParameters" storage="/mnt/d/git/aula/src/aula.tests/bin/debug/net9.0/aula.tests.dll" id="df512aea-e2d8-dde7-2eb7-20bcbade34bc">
      <Execution id="b5d4479b-3da4-45fb-ae94-84b20f3509ad" />
      <TestMethod codeBase="/mnt/d/git/aula/src/Aula.Tests/bin/Debug/net9.0/Aula.Tests.dll" adapterTypeName="executor://xunit/VsTestRunner2/netcoreapp" className="Aula.Tests.Services.OpenAiServiceIntegrationTests" name="SummarizeWeekLetterAsync_WithValidWeekLetter_CallsApiWithCorrectParameters" />
    </UnitTest>
    <UnitTest name="Aula.Tests.Utilities.IntentAnalysisPromptsTests.ToolExamples_ContainsRequiredKeys(key: &quot;GET_CURRENT_TIME_DANISH&quot;)" storage="/mnt/d/git/aula/src/aula.tests/bin/debug/net9.0/aula.tests.dll" id="cb85d1d7-f37e-7a0d-4571-db193adf7955">
      <Execution id="675c3bb2-8d37-47a1-a11e-11424b14ab61" />
      <TestMethod codeBase="/mnt/d/git/aula/src/Aula.Tests/bin/Debug/net9.0/Aula.Tests.dll" adapterTypeName="executor://xunit/VsTestRunner2/netcoreapp" className="Aula.Tests.Utilities.IntentAnalysisPromptsTests" name="ToolExamples_ContainsRequiredKeys" />
    </UnitTest>
    <UnitTest name="Aula.Tests.Utilities.FollowUpQuestionDetectorTests.IsFollowUpQuestion_WithChildNameAndTimeReference_ReturnsFalse(input: &quot;Liam i morgen&quot;)" storage="/mnt/d/git/aula/src/aula.tests/bin/debug/net9.0/aula.tests.dll" id="3a33635c-4486-cf0b-99ea-c9804c518ad6">
      <Execution id="d44d47bb-4204-43eb-8792-e57d957f6dc0" />
      <TestMethod codeBase="/mnt/d/git/aula/src/Aula.Tests/bin/Debug/net9.0/Aula.Tests.dll" adapterTypeName="executor://xunit/VsTestRunner2/netcoreapp" className="Aula.Tests.Utilities.FollowUpQuestionDetectorTests" name="IsFollowUpQuestion_WithChildNameAndTimeReference_ReturnsFalse" />
    </UnitTest>
    <UnitTest name="Aula.Tests.Tools.AiToolsManagerTests.GetWeekLetters_WithChildName_ReturnsFilteredResults" storage="/mnt/d/git/aula/src/aula.tests/bin/debug/net9.0/aula.tests.dll" id="65d5e85b-e0a7-670a-3e1b-13af33b9e642">
      <Execution id="a6763a32-9d06-41fd-a99c-05f6647197f7" />
      <TestMethod codeBase="/mnt/d/git/aula/src/Aula.Tests/bin/Debug/net9.0/Aula.Tests.dll" adapterTypeName="executor://xunit/VsTestRunner2/netcoreapp" className="Aula.Tests.Tools.AiToolsManagerTests" name="GetWeekLetters_WithChildName_ReturnsFilteredResults" />
    </UnitTest>
    <UnitTest name="Aula.Tests.Tools.ReminderCommandHandlerTests.TryHandleReminderCommand_NonReminderCommands_ReturnsFalse(command: &quot;remind me&quot;)" storage="/mnt/d/git/aula/src/aula.tests/bin/debug/net9.0/aula.tests.dll" id="fef1bbd3-bec0-195c-f4d4-bbae6f5abedb">
      <Execution id="ac3a5e38-7363-41b5-a52f-b5c3b91654fd" />
      <TestMethod codeBase="/mnt/d/git/aula/src/Aula.Tests/bin/Debug/net9.0/Aula.Tests.dll" adapterTypeName="executor://xunit/VsTestRunner2/netcoreapp" className="Aula.Tests.Tools.ReminderCommandHandlerTests" name="TryHandleReminderCommand_NonReminderCommands_ReturnsFalse" />
    </UnitTest>
    <UnitTest name="Aula.Tests.Utilities.FollowUpQuestionDetectorTests.IsFollowUpQuestion_WithMultipleChildNamesInShortMessage_ReturnsTrue" storage="/mnt/d/git/aula/src/aula.tests/bin/debug/net9.0/aula.tests.dll" id="40ee6628-cabc-d31b-6bc1-487bcee11d7e">
      <Execution id="e3910f47-b8c9-4832-b19f-76f8ea45612d" />
      <TestMethod codeBase="/mnt/d/git/aula/src/Aula.Tests/bin/Debug/net9.0/Aula.Tests.dll" adapterTypeName="executor://xunit/VsTestRunner2/netcoreapp" className="Aula.Tests.Utilities.FollowUpQuestionDetectorTests" name="IsFollowUpQuestion_WithMultipleChildNamesInShortMessage_ReturnsTrue" />
    </UnitTest>
    <UnitTest name="Aula.Tests.Scheduling.SchedulingServiceTests.StartAsync_CallsGetPendingRemindersAsync_AtLeastOnce" storage="/mnt/d/git/aula/src/aula.tests/bin/debug/net9.0/aula.tests.dll" id="391811a1-8187-f3dc-88b6-23bab4f2be23">
      <Execution id="601d84a6-9865-43c6-a162-43550e813600" />
      <TestMethod codeBase="/mnt/d/git/aula/src/Aula.Tests/bin/Debug/net9.0/Aula.Tests.dll" adapterTypeName="executor://xunit/VsTestRunner2/netcoreapp" className="Aula.Tests.Scheduling.SchedulingServiceTests" name="StartAsync_CallsGetPendingRemindersAsync_AtLeastOnce" />
    </UnitTest>
    <UnitTest name="Aula.Tests.Configuration.ConfigurationTests.Slack_ChannelId_ValidationTests(channelId: &quot;C1234567890&quot;, isValid: True)" storage="/mnt/d/git/aula/src/aula.tests/bin/debug/net9.0/aula.tests.dll" id="149e1688-e5dc-ebf7-54b0-eb7d782e0a3d">
      <Execution id="44f308e2-4f22-434f-bd63-69e1bd98f342" />
      <TestMethod codeBase="/mnt/d/git/aula/src/Aula.Tests/bin/Debug/net9.0/Aula.Tests.dll" adapterTypeName="executor://xunit/VsTestRunner2/netcoreapp" className="Aula.Tests.Configuration.ConfigurationTests" name="Slack_ChannelId_ValidationTests" />
    </UnitTest>
    <UnitTest name="Aula.Tests.Utilities.IntentAnalysisPromptsTests.ToolExamples_AllEntriesFollowExpectedFormat" storage="/mnt/d/git/aula/src/aula.tests/bin/debug/net9.0/aula.tests.dll" id="9fb6d1c8-d9db-0b5a-c536-bcb6a92aad22">
      <Execution id="4537fe36-1ddd-4df4-a867-ebe6a4ca6236" />
      <TestMethod codeBase="/mnt/d/git/aula/src/Aula.Tests/bin/Debug/net9.0/Aula.Tests.dll" adapterTypeName="executor://xunit/VsTestRunner2/netcoreapp" className="Aula.Tests.Utilities.IntentAnalysisPromptsTests" name="ToolExamples_AllEntriesFollowExpectedFormat" />
    </UnitTest>
    <UnitTest name="Aula.Tests.Configuration.ConfigurationTests.Timers_DefaultValues_AreCorrect" storage="/mnt/d/git/aula/src/aula.tests/bin/debug/net9.0/aula.tests.dll" id="246fef16-9927-64a6-e903-fbc6b513e4a7">
      <Execution id="81e23391-608c-471c-884b-e862d6ced4f0" />
      <TestMethod codeBase="/mnt/d/git/aula/src/Aula.Tests/bin/Debug/net9.0/Aula.Tests.dll" adapterTypeName="executor://xunit/VsTestRunner2/netcoreapp" className="Aula.Tests.Configuration.ConfigurationTests" name="Timers_DefaultValues_AreCorrect" />
    </UnitTest>
    <UnitTest name="Aula.Tests.Utilities.FollowUpQuestionDetectorTests.IsFollowUpQuestion_WithNullInput_ReturnsFalse" storage="/mnt/d/git/aula/src/aula.tests/bin/debug/net9.0/aula.tests.dll" id="5749c604-52df-ef4c-d6f1-907c4b7b515f">
      <Execution id="cc7a4d28-a914-4d91-8eab-416dfafa9e9e" />
      <TestMethod codeBase="/mnt/d/git/aula/src/Aula.Tests/bin/Debug/net9.0/Aula.Tests.dll" adapterTypeName="executor://xunit/VsTestRunner2/netcoreapp" className="Aula.Tests.Utilities.FollowUpQuestionDetectorTests" name="IsFollowUpQuestion_WithNullInput_ReturnsFalse" />
    </UnitTest>
    <UnitTest name="Aula.Tests.Utilities.FollowUpQuestionDetectorTests.IsFollowUpQuestion_WithEnglishFollowUpPhrases_ReturnsTrue(input: &quot;and what about today&quot;)" storage="/mnt/d/git/aula/src/aula.tests/bin/debug/net9.0/aula.tests.dll" id="3244b8c7-1294-20bc-2d35-4ae6283e4c3a">
      <Execution id="ddc20c84-7bb4-40a6-a791-1f1147a10b02" />
      <TestMethod codeBase="/mnt/d/git/aula/src/Aula.Tests/bin/Debug/net9.0/Aula.Tests.dll" adapterTypeName="executor://xunit/VsTestRunner2/netcoreapp" className="Aula.Tests.Utilities.FollowUpQuestionDetectorTests" name="IsFollowUpQuestion_WithEnglishFollowUpPhrases_ReturnsTrue" />
    </UnitTest>
    <UnitTest name="Aula.Tests.Tools.ReminderCommandHandlerTests.TryHandleReminderCommand_DeleteReminder_ValidCommands_ReturnsSuccess(command: &quot;delete reminder 123&quot;, isEnglish: True, expectedId: 123)" storage="/mnt/d/git/aula/src/aula.tests/bin/debug/net9.0/aula.tests.dll" id="136b7217-45c6-b3d8-34fb-6ee727eb66f5">
      <Execution id="3a368882-242c-42f5-84ae-4ef81802080b" />
      <TestMethod codeBase="/mnt/d/git/aula/src/Aula.Tests/bin/Debug/net9.0/Aula.Tests.dll" adapterTypeName="executor://xunit/VsTestRunner2/netcoreapp" className="Aula.Tests.Tools.ReminderCommandHandlerTests" name="TryHandleReminderCommand_DeleteReminder_ValidCommands_ReturnsSuccess" />
    </UnitTest>
    <UnitTest name="Aula.Tests.Utilities.ReminderExtractionPromptsTests.GetExtractionPrompt_ContainsInstructionsForChildNameExtraction" storage="/mnt/d/git/aula/src/aula.tests/bin/debug/net9.0/aula.tests.dll" id="d61978d5-101a-092e-d93c-a7eb57a0d4f9">
      <Execution id="63a02130-4235-418c-83d8-73b766c83007" />
      <TestMethod codeBase="/mnt/d/git/aula/src/Aula.Tests/bin/Debug/net9.0/Aula.Tests.dll" adapterTypeName="executor://xunit/VsTestRunner2/netcoreapp" className="Aula.Tests.Utilities.ReminderExtractionPromptsTests" name="GetExtractionPrompt_ContainsInstructionsForChildNameExtraction" />
    </UnitTest>
    <UnitTest name="Aula.Tests.Bots.TelegramInteractiveBotTests.ComputeHash_WithDifferentInputs_ReturnsConsistentHashes(input: &quot;Test content 2&quot;)" storage="/mnt/d/git/aula/src/aula.tests/bin/debug/net9.0/aula.tests.dll" id="0ff92f6a-cd59-c2b9-9aae-29a9878a50a7">
      <Execution id="279193f1-5dd4-44c3-aab3-77b16bc1a0d3" />
      <TestMethod codeBase="/mnt/d/git/aula/src/Aula.Tests/bin/Debug/net9.0/Aula.Tests.dll" adapterTypeName="executor://xunit/VsTestRunner2/netcoreapp" className="Aula.Tests.Bots.TelegramInteractiveBotTests" name="ComputeHash_WithDifferentInputs_ReturnsConsistentHashes" />
    </UnitTest>
    <UnitTest name="Aula.Tests.Utilities.DateTimeUtilitiesTests.GetDanishDayName_AllValidDaysOfWeek_ReturnsNonEmptyString(dayOfWeek: Thursday)" storage="/mnt/d/git/aula/src/aula.tests/bin/debug/net9.0/aula.tests.dll" id="7b9bc6fb-eef9-8cc3-8ceb-2e893b8c1bdf">
      <Execution id="0fa969e5-4861-42ef-902b-4c7c7c67c8c1" />
      <TestMethod codeBase="/mnt/d/git/aula/src/Aula.Tests/bin/Debug/net9.0/Aula.Tests.dll" adapterTypeName="executor://xunit/VsTestRunner2/netcoreapp" className="Aula.Tests.Utilities.DateTimeUtilitiesTests" name="GetDanishDayName_AllValidDaysOfWeek_ReturnsNonEmptyString" />
    </UnitTest>
    <UnitTest name="Aula.Tests.Utilities.IntentAnalysisPromptsTests.AnalysisTemplate_IsNotEmpty" storage="/mnt/d/git/aula/src/aula.tests/bin/debug/net9.0/aula.tests.dll" id="754e15f9-7164-4540-0902-34db6317ccfc">
      <Execution id="b8bcce52-8967-4012-b05c-69379d9493cb" />
      <TestMethod codeBase="/mnt/d/git/aula/src/Aula.Tests/bin/Debug/net9.0/Aula.Tests.dll" adapterTypeName="executor://xunit/VsTestRunner2/netcoreapp" className="Aula.Tests.Utilities.IntentAnalysisPromptsTests" name="AnalysisTemplate_IsNotEmpty" />
    </UnitTest>
    <UnitTest name="Aula.Tests.Services.OpenAiServiceTests.OpenAiService_ClearConversationHistory_WithContextKey_RemovesSpecificContext" storage="/mnt/d/git/aula/src/aula.tests/bin/debug/net9.0/aula.tests.dll" id="2e7985fe-e95f-8919-ba34-acd7bc78ecb7">
      <Execution id="42675c6d-fe36-4071-b78e-e2f85fa79663" />
      <TestMethod codeBase="/mnt/d/git/aula/src/Aula.Tests/bin/Debug/net9.0/Aula.Tests.dll" adapterTypeName="executor://xunit/VsTestRunner2/netcoreapp" className="Aula.Tests.Services.OpenAiServiceTests" name="OpenAiService_ClearConversationHistory_WithContextKey_RemovesSpecificContext" />
    </UnitTest>
    <UnitTest name="Aula.Tests.Tools.ReminderCommandHandlerTests.TryHandleReminderCommand_AddReminder_ValidFormats_ReturnsSuccess(command: &quot;remind me 2024-12-31 at 10:00 that New Year celebr&quot;···, isEnglish: True, expectedChildName: null)" storage="/mnt/d/git/aula/src/aula.tests/bin/debug/net9.0/aula.tests.dll" id="42dc1567-508f-1ff2-08a2-17dc86c051e8">
      <Execution id="3234bb3d-60e0-450f-8cf3-7e938f9f8ce3" />
      <TestMethod codeBase="/mnt/d/git/aula/src/Aula.Tests/bin/Debug/net9.0/Aula.Tests.dll" adapterTypeName="executor://xunit/VsTestRunner2/netcoreapp" className="Aula.Tests.Tools.ReminderCommandHandlerTests" name="TryHandleReminderCommand_AddReminder_ValidFormats_ReturnsSuccess" />
    </UnitTest>
    <UnitTest name="Aula.Tests.Services.SupabaseServiceTests.Constructor_WithValidConfig_InitializesCorrectly" storage="/mnt/d/git/aula/src/aula.tests/bin/debug/net9.0/aula.tests.dll" id="47489fc9-b715-10df-6ca2-dcba77141106">
      <Execution id="0ae92399-5748-44dc-a286-327c755ddfca" />
      <TestMethod codeBase="/mnt/d/git/aula/src/Aula.Tests/bin/Debug/net9.0/Aula.Tests.dll" adapterTypeName="executor://xunit/VsTestRunner2/netcoreapp" className="Aula.Tests.Services.SupabaseServiceTests" name="Constructor_WithValidConfig_InitializesCorrectly" />
    </UnitTest>
    <UnitTest name="Aula.Tests.Utilities.DateTimeUtilitiesTests.GetDanishDayName_ValidDayOfWeek_ReturnsCorrectDanishName(dayOfWeek: Tuesday, expectedDanishName: &quot;tirsdag&quot;)" storage="/mnt/d/git/aula/src/aula.tests/bin/debug/net9.0/aula.tests.dll" id="228e40b4-0ca4-d75a-7a58-46117a34fee9">
      <Execution id="67f6fee8-1839-415c-8fc0-503b1ab56a98" />
      <TestMethod codeBase="/mnt/d/git/aula/src/Aula.Tests/bin/Debug/net9.0/Aula.Tests.dll" adapterTypeName="executor://xunit/VsTestRunner2/netcoreapp" className="Aula.Tests.Utilities.DateTimeUtilitiesTests" name="GetDanishDayName_ValidDayOfWeek_ReturnsCorrectDanishName" />
    </UnitTest>
    <UnitTest name="Aula.Tests.Services.OpenAiServiceIntegrationTests.AskQuestionAboutWeekLetterAsync_WithValidParameters_CallsApiWithCorrectParameters" storage="/mnt/d/git/aula/src/aula.tests/bin/debug/net9.0/aula.tests.dll" id="92645263-873e-da03-aa06-943df30af433">
      <Execution id="7e84efe1-553f-4bc5-8562-b99cd13729a4" />
      <TestMethod codeBase="/mnt/d/git/aula/src/Aula.Tests/bin/Debug/net9.0/Aula.Tests.dll" adapterTypeName="executor://xunit/VsTestRunner2/netcoreapp" className="Aula.Tests.Services.OpenAiServiceIntegrationTests" name="AskQuestionAboutWeekLetterAsync_WithValidParameters_CallsApiWithCorrectParameters" />
    </UnitTest>
    <UnitTest name="Aula.Tests.Utilities.ReminderExtractionPromptsTests.GetExtractionPrompt_WithRealQueries_EmbedsQueryCorrectly(query: &quot;Call the doctor in 2 hours&quot;)" storage="/mnt/d/git/aula/src/aula.tests/bin/debug/net9.0/aula.tests.dll" id="95755321-99fe-3c41-7267-feb0fced4809">
      <Execution id="01a9d02a-2202-43a6-b727-04f7925298c7" />
      <TestMethod codeBase="/mnt/d/git/aula/src/Aula.Tests/bin/Debug/net9.0/Aula.Tests.dll" adapterTypeName="executor://xunit/VsTestRunner2/netcoreapp" className="Aula.Tests.Utilities.ReminderExtractionPromptsTests" name="GetExtractionPrompt_WithRealQueries_EmbedsQueryCorrectly" />
    </UnitTest>
    <UnitTest name="Aula.Tests.Integration.AgentServiceTests.SummarizeWeekLetterAsync_CallsOpenAiService" storage="/mnt/d/git/aula/src/aula.tests/bin/debug/net9.0/aula.tests.dll" id="fb801da6-9ecf-3dd8-bfd4-511523f841d2">
      <Execution id="8a5968e1-298b-4b61-9ae0-b8a786b9bdc4" />
      <TestMethod codeBase="/mnt/d/git/aula/src/Aula.Tests/bin/Debug/net9.0/Aula.Tests.dll" adapterTypeName="executor://xunit/VsTestRunner2/netcoreapp" className="Aula.Tests.Integration.AgentServiceTests" name="SummarizeWeekLetterAsync_CallsOpenAiService" />
    </UnitTest>
    <UnitTest name="Aula.Tests.Services.OpenAiServiceTests.OpenAiService_GetChatInterfaceInstructions_ReturnsCorrectFormat(chatInterface: Slack)" storage="/mnt/d/git/aula/src/aula.tests/bin/debug/net9.0/aula.tests.dll" id="5990c772-e408-af8a-3293-cee12203cdcc">
      <Execution id="226b8178-22bc-4036-b524-b85e53628485" />
      <TestMethod codeBase="/mnt/d/git/aula/src/Aula.Tests/bin/Debug/net9.0/Aula.Tests.dll" adapterTypeName="executor://xunit/VsTestRunner2/netcoreapp" className="Aula.Tests.Services.OpenAiServiceTests" name="OpenAiService_GetChatInterfaceInstructions_ReturnsCorrectFormat" />
    </UnitTest>
    <UnitTest name="Aula.Tests.Bots.SlackInteractiveBotTests.SendMessage_WithValidText_SendsSuccessfully" storage="/mnt/d/git/aula/src/aula.tests/bin/debug/net9.0/aula.tests.dll" id="e2fe22aa-9b88-2a0d-2525-75fe06705548">
      <Execution id="0e4e7b33-0298-43f6-8336-a6725e639937" />
      <TestMethod codeBase="/mnt/d/git/aula/src/Aula.Tests/bin/Debug/net9.0/Aula.Tests.dll" adapterTypeName="executor://xunit/VsTestRunner2/netcoreapp" className="Aula.Tests.Bots.SlackInteractiveBotTests" name="SendMessage_WithValidText_SendsSuccessfully" />
    </UnitTest>
    <UnitTest name="Aula.Tests.Configuration.ConfigurationTests.Timers_SchedulingInterval_ValidationTests(intervalSeconds: 10, isValid: True)" storage="/mnt/d/git/aula/src/aula.tests/bin/debug/net9.0/aula.tests.dll" id="6b2a33da-8dbe-7c78-d246-94dec9023958">
      <Execution id="3626185c-47c9-4ffa-a2a9-62fec4794d4a" />
      <TestMethod codeBase="/mnt/d/git/aula/src/Aula.Tests/bin/Debug/net9.0/Aula.Tests.dll" adapterTypeName="executor://xunit/VsTestRunner2/netcoreapp" className="Aula.Tests.Configuration.ConfigurationTests" name="Timers_SchedulingInterval_ValidationTests" />
    </UnitTest>
    <UnitTest name="Aula.Tests.Utilities.IntentAnalysisPromptsTests.ToolExamples_CoverExpectedUseCase(expectedKey: &quot;INFORMATION_QUERY&quot;, queryPattern: &quot;what&quot;)" storage="/mnt/d/git/aula/src/aula.tests/bin/debug/net9.0/aula.tests.dll" id="6168ca12-341a-f09a-6cdf-6dd1f68c911d">
      <Execution id="c9c67a09-8bea-4765-be07-3dfa8231d540" />
      <TestMethod codeBase="/mnt/d/git/aula/src/Aula.Tests/bin/Debug/net9.0/Aula.Tests.dll" adapterTypeName="executor://xunit/VsTestRunner2/netcoreapp" className="Aula.Tests.Utilities.IntentAnalysisPromptsTests" name="ToolExamples_CoverExpectedUseCase" />
    </UnitTest>
    <UnitTest name="Aula.Tests.Scheduling.SchedulingServiceIntegrationTests.StartAsync_WhenCalled_LogsCorrectMessage" storage="/mnt/d/git/aula/src/aula.tests/bin/debug/net9.0/aula.tests.dll" id="9c588f7d-a367-036e-096a-5d287bfe9650">
      <Execution id="60ffe9a8-a68e-44fe-9982-6cd6bc284899" />
      <TestMethod codeBase="/mnt/d/git/aula/src/Aula.Tests/bin/Debug/net9.0/Aula.Tests.dll" adapterTypeName="executor://xunit/VsTestRunner2/netcoreapp" className="Aula.Tests.Scheduling.SchedulingServiceIntegrationTests" name="StartAsync_WhenCalled_LogsCorrectMessage" />
    </UnitTest>
    <UnitTest name="Aula.Tests.Services.OpenAiServiceIntegrationTests.MultipleConversations_WithDifferentContextKeys_AreHandledSeparately" storage="/mnt/d/git/aula/src/aula.tests/bin/debug/net9.0/aula.tests.dll" id="3f8bf4e1-1b7e-9e5d-1a9c-187732c556d7">
      <Execution id="f5a6baea-6da0-481d-a7be-35be3b9600c4" />
      <TestMethod codeBase="/mnt/d/git/aula/src/Aula.Tests/bin/Debug/net9.0/Aula.Tests.dll" adapterTypeName="executor://xunit/VsTestRunner2/netcoreapp" className="Aula.Tests.Services.OpenAiServiceIntegrationTests" name="MultipleConversations_WithDifferentContextKeys_AreHandledSeparately" />
    </UnitTest>
    <UnitTest name="Aula.Tests.Utilities.FollowUpQuestionDetectorTests.IsFollowUpQuestion_WithDanishFollowUpPhrases_ReturnsTrue(input: &quot;også Emma&quot;)" storage="/mnt/d/git/aula/src/aula.tests/bin/debug/net9.0/aula.tests.dll" id="f695ece5-4ed0-4918-7e40-7fa901ca2f9e">
      <Execution id="4e460e14-8ab0-4ffe-8b73-488957c5b33a" />
      <TestMethod codeBase="/mnt/d/git/aula/src/Aula.Tests/bin/Debug/net9.0/Aula.Tests.dll" adapterTypeName="executor://xunit/VsTestRunner2/netcoreapp" className="Aula.Tests.Utilities.FollowUpQuestionDetectorTests" name="IsFollowUpQuestion_WithDanishFollowUpPhrases_ReturnsTrue" />
    </UnitTest>
    <UnitTest name="Aula.Tests.Configuration.ConfigurationTests.Timers_AdaptivePollingLimits_ValidationTests(minSeconds: 30, maxSeconds: 5, isValid: False)" storage="/mnt/d/git/aula/src/aula.tests/bin/debug/net9.0/aula.tests.dll" id="0a70d6fd-d740-a74a-169e-d35621818982">
      <Execution id="eb431a34-14c4-44c3-98e1-923a324508b2" />
      <TestMethod codeBase="/mnt/d/git/aula/src/Aula.Tests/bin/Debug/net9.0/Aula.Tests.dll" adapterTypeName="executor://xunit/VsTestRunner2/netcoreapp" className="Aula.Tests.Configuration.ConfigurationTests" name="Timers_AdaptivePollingLimits_ValidationTests" />
    </UnitTest>
    <UnitTest name="Aula.Tests.Utilities.ReminderExtractionPromptsTests.GetExtractionPrompt_ContainsDateTimeFormatInstructions" storage="/mnt/d/git/aula/src/aula.tests/bin/debug/net9.0/aula.tests.dll" id="f4459af7-a3ce-b8ae-aafa-5bfa8a20da8c">
      <Execution id="5047ae71-3c4b-4cd0-a465-c0179ef482a4" />
      <TestMethod codeBase="/mnt/d/git/aula/src/Aula.Tests/bin/Debug/net9.0/Aula.Tests.dll" adapterTypeName="executor://xunit/VsTestRunner2/netcoreapp" className="Aula.Tests.Utilities.ReminderExtractionPromptsTests" name="GetExtractionPrompt_ContainsDateTimeFormatInstructions" />
    </UnitTest>
    <UnitTest name="Aula.Tests.Bots.TelegramMessageHandlerTests.HandleMessageAsync_WithHelpCommand_ProcessesHelpMessage(helpCommand: &quot;HJÆLP&quot;)" storage="/mnt/d/git/aula/src/aula.tests/bin/debug/net9.0/aula.tests.dll" id="37f582a3-c279-4823-271e-d030bf33bbb7">
      <Execution id="feb7b621-ee37-41ea-9d8a-41b64ab0e1f2" />
      <TestMethod codeBase="/mnt/d/git/aula/src/Aula.Tests/bin/Debug/net9.0/Aula.Tests.dll" adapterTypeName="executor://xunit/VsTestRunner2/netcoreapp" className="Aula.Tests.Bots.TelegramMessageHandlerTests" name="HandleMessageAsync_WithHelpCommand_ProcessesHelpMessage" />
    </UnitTest>
    <UnitTest name="Aula.Tests.Utilities.JsonFormatterTests.Prettify_WithEmptyObjects_HandlesCorrectly" storage="/mnt/d/git/aula/src/aula.tests/bin/debug/net9.0/aula.tests.dll" id="f746688b-f580-3fee-4c58-d4c4ee979cd7">
      <Execution id="4d012e2b-0212-4940-bf70-e8ba6bb3ce78" />
      <TestMethod codeBase="/mnt/d/git/aula/src/Aula.Tests/bin/Debug/net9.0/Aula.Tests.dll" adapterTypeName="executor://xunit/VsTestRunner2/netcoreapp" className="Aula.Tests.Utilities.JsonFormatterTests" name="Prettify_WithEmptyObjects_HandlesCorrectly" />
    </UnitTest>
    <UnitTest name="Aula.Tests.Tools.ReminderCommandHandlerTests.TryHandleReminderCommand_NonReminderCommands_ReturnsFalse(command: &quot;&quot;)" storage="/mnt/d/git/aula/src/aula.tests/bin/debug/net9.0/aula.tests.dll" id="aa19bf7f-6519-31e4-5b05-0e179c7693a0">
      <Execution id="ac80d54e-8a86-4bed-8972-8db343d7680c" />
      <TestMethod codeBase="/mnt/d/git/aula/src/Aula.Tests/bin/Debug/net9.0/Aula.Tests.dll" adapterTypeName="executor://xunit/VsTestRunner2/netcoreapp" className="Aula.Tests.Tools.ReminderCommandHandlerTests" name="TryHandleReminderCommand_NonReminderCommands_ReturnsFalse" />
    </UnitTest>
    <UnitTest name="Aula.Tests.Bots.TelegramMessageHandlerTests.HandleMessageAsync_WithException_LogsError" storage="/mnt/d/git/aula/src/aula.tests/bin/debug/net9.0/aula.tests.dll" id="de1a8f86-5c1b-b7d6-9ef4-2f917a94a294">
      <Execution id="46d3ea76-7c34-4476-8898-3227040d5b5a" />
      <TestMethod codeBase="/mnt/d/git/aula/src/Aula.Tests/bin/Debug/net9.0/Aula.Tests.dll" adapterTypeName="executor://xunit/VsTestRunner2/netcoreapp" className="Aula.Tests.Bots.TelegramMessageHandlerTests" name="HandleMessageAsync_WithException_LogsError" />
    </UnitTest>
    <UnitTest name="Aula.Tests.Utilities.FollowUpQuestionDetectorTests.IsFollowUpQuestion_WithoutFollowUpPhrases_ReturnsFalse(input: &quot;goodbye&quot;)" storage="/mnt/d/git/aula/src/aula.tests/bin/debug/net9.0/aula.tests.dll" id="67c18331-6034-9aef-22c0-19f657f72f8b">
      <Execution id="fc0afe91-47ea-4f85-a00f-74100755d090" />
      <TestMethod codeBase="/mnt/d/git/aula/src/Aula.Tests/bin/Debug/net9.0/Aula.Tests.dll" adapterTypeName="executor://xunit/VsTestRunner2/netcoreapp" className="Aula.Tests.Utilities.FollowUpQuestionDetectorTests" name="IsFollowUpQuestion_WithoutFollowUpPhrases_ReturnsFalse" />
    </UnitTest>
    <UnitTest name="Aula.Tests.Scheduling.SchedulingServiceIntegrationTests.Constructor_WithNullSupabaseService_ThrowsArgumentNullException" storage="/mnt/d/git/aula/src/aula.tests/bin/debug/net9.0/aula.tests.dll" id="76c96ce4-9c6b-b4bb-96af-ca0f9adb2712">
      <Execution id="9e0e4014-4ce7-436d-a1ba-5f674679549d" />
      <TestMethod codeBase="/mnt/d/git/aula/src/Aula.Tests/bin/Debug/net9.0/Aula.Tests.dll" adapterTypeName="executor://xunit/VsTestRunner2/netcoreapp" className="Aula.Tests.Scheduling.SchedulingServiceIntegrationTests" name="Constructor_WithNullSupabaseService_ThrowsArgumentNullException" />
    </UnitTest>
    <UnitTest name="Aula.Tests.Utilities.IntentAnalysisPromptsTests.AnalysisTemplate_ContainsInstructionsForBothResponseTypes" storage="/mnt/d/git/aula/src/aula.tests/bin/debug/net9.0/aula.tests.dll" id="f98f128e-bc4d-8b9e-2582-4a4421f13428">
      <Execution id="4a60caa9-f946-47d6-815d-535b0aa606a8" />
      <TestMethod codeBase="/mnt/d/git/aula/src/Aula.Tests/bin/Debug/net9.0/Aula.Tests.dll" adapterTypeName="executor://xunit/VsTestRunner2/netcoreapp" className="Aula.Tests.Utilities.IntentAnalysisPromptsTests" name="AnalysisTemplate_ContainsInstructionsForBothResponseTypes" />
    </UnitTest>
    <UnitTest name="Aula.Tests.Utilities.FollowUpQuestionDetectorTests.IsFollowUpQuestion_WithShortFollowUps_ReturnsTrue(input: &quot;short?&quot;)" storage="/mnt/d/git/aula/src/aula.tests/bin/debug/net9.0/aula.tests.dll" id="4ea1f036-59f8-5cad-3b0c-625068ad78db">
      <Execution id="f65ff0d5-dcd5-4754-89b4-53444dab06b4" />
      <TestMethod codeBase="/mnt/d/git/aula/src/Aula.Tests/bin/Debug/net9.0/Aula.Tests.dll" adapterTypeName="executor://xunit/VsTestRunner2/netcoreapp" className="Aula.Tests.Utilities.FollowUpQuestionDetectorTests" name="IsFollowUpQuestion_WithShortFollowUps_ReturnsTrue" />
    </UnitTest>
    <UnitTest name="Aula.Tests.Channels.TelegramClientTests.SendMessageToChannel_WithDisabledTelegram_ReturnsFalse" storage="/mnt/d/git/aula/src/aula.tests/bin/debug/net9.0/aula.tests.dll" id="45fb5dfe-53cd-6a22-0ca1-9597e2979720">
      <Execution id="a32ba040-264d-4a5b-a301-734410373137" />
      <TestMethod codeBase="/mnt/d/git/aula/src/Aula.Tests/bin/Debug/net9.0/Aula.Tests.dll" adapterTypeName="executor://xunit/VsTestRunner2/netcoreapp" className="Aula.Tests.Channels.TelegramClientTests" name="SendMessageToChannel_WithDisabledTelegram_ReturnsFalse" />
    </UnitTest>
    <UnitTest name="Aula.Tests.Bots.TelegramMessageHandlerTests.HandleMessageAsync_WithTextMessage_ProcessesSuccessfully" storage="/mnt/d/git/aula/src/aula.tests/bin/debug/net9.0/aula.tests.dll" id="ca4780e6-8c58-57b1-c829-fe54506e9793">
      <Execution id="0c60bc37-a7e2-4daa-9ce8-3cece3aebbab" />
      <TestMethod codeBase="/mnt/d/git/aula/src/Aula.Tests/bin/Debug/net9.0/Aula.Tests.dll" adapterTypeName="executor://xunit/VsTestRunner2/netcoreapp" className="Aula.Tests.Bots.TelegramMessageHandlerTests" name="HandleMessageAsync_WithTextMessage_ProcessesSuccessfully" />
    </UnitTest>
    <UnitTest name="Aula.Tests.Scheduling.SchedulingServiceIntegrationTests.Constructor_WithNullTelegramBot_AllowsNull" storage="/mnt/d/git/aula/src/aula.tests/bin/debug/net9.0/aula.tests.dll" id="efffcfd3-8ae4-cc7b-929a-37f206ad1981">
      <Execution id="1b3b06ee-ce06-41c4-b692-a99a9cda4bea" />
      <TestMethod codeBase="/mnt/d/git/aula/src/Aula.Tests/bin/Debug/net9.0/Aula.Tests.dll" adapterTypeName="executor://xunit/VsTestRunner2/netcoreapp" className="Aula.Tests.Scheduling.SchedulingServiceIntegrationTests" name="Constructor_WithNullTelegramBot_AllowsNull" />
    </UnitTest>
    <UnitTest name="Aula.Tests.Integration.MinUddannelseClientTests.GetWeekLetter_ReturnsWeekLetter_WhenApiReturnsData" storage="/mnt/d/git/aula/src/aula.tests/bin/debug/net9.0/aula.tests.dll" id="68fca5a0-0889-490e-ec2f-406de7ad763a">
      <Execution id="10e1d887-bfe0-4348-a661-634bc79e0567" />
      <TestMethod codeBase="/mnt/d/git/aula/src/Aula.Tests/bin/Debug/net9.0/Aula.Tests.dll" adapterTypeName="executor://xunit/VsTestRunner2/netcoreapp" className="Aula.Tests.Integration.MinUddannelseClientTests" name="GetWeekLetter_ReturnsWeekLetter_WhenApiReturnsData" />
    </UnitTest>
    <UnitTest name="Aula.Tests.Bots.TelegramInteractiveBotTests.ComputeHash_WithDifferentInputs_ReturnsConsistentHashes(input: &quot;Test content 1&quot;)" storage="/mnt/d/git/aula/src/aula.tests/bin/debug/net9.0/aula.tests.dll" id="df7802a4-febc-831e-f0c4-67bb20909f69">
      <Execution id="a8933b71-bb1a-4a5b-8d2b-1307569a3e73" />
      <TestMethod codeBase="/mnt/d/git/aula/src/Aula.Tests/bin/Debug/net9.0/Aula.Tests.dll" adapterTypeName="executor://xunit/VsTestRunner2/netcoreapp" className="Aula.Tests.Bots.TelegramInteractiveBotTests" name="ComputeHash_WithDifferentInputs_ReturnsConsistentHashes" />
    </UnitTest>
    <UnitTest name="Aula.Tests.Utilities.IntentAnalysisPromptsTests.AnalysisTemplate_ContainsRequiredPlaceholders" storage="/mnt/d/git/aula/src/aula.tests/bin/debug/net9.0/aula.tests.dll" id="3114fd40-71ce-994b-9259-eabf8239901e">
      <Execution id="730e033c-a0b2-4b8d-91d5-8b0e5b3a37ed" />
      <TestMethod codeBase="/mnt/d/git/aula/src/Aula.Tests/bin/Debug/net9.0/Aula.Tests.dll" adapterTypeName="executor://xunit/VsTestRunner2/netcoreapp" className="Aula.Tests.Utilities.IntentAnalysisPromptsTests" name="AnalysisTemplate_ContainsRequiredPlaceholders" />
    </UnitTest>
    <UnitTest name="Aula.Tests.Configuration.ConfigurationTests.Timers_AdaptivePollingLimits_ValidationTests(minSeconds: 5, maxSeconds: 0, isValid: False)" storage="/mnt/d/git/aula/src/aula.tests/bin/debug/net9.0/aula.tests.dll" id="42c9038e-83ab-bae5-c7e8-73f806c72d2a">
      <Execution id="ffb82d0f-397e-49e8-8262-b7d1382d16e6" />
      <TestMethod codeBase="/mnt/d/git/aula/src/Aula.Tests/bin/Debug/net9.0/Aula.Tests.dll" adapterTypeName="executor://xunit/VsTestRunner2/netcoreapp" className="Aula.Tests.Configuration.ConfigurationTests" name="Timers_AdaptivePollingLimits_ValidationTests" />
    </UnitTest>
    <UnitTest name="Aula.Tests.Tools.ReminderCommandHandlerTests.TryHandleReminderCommand_NonMatchingPatterns_ReturnsFalse(command: &quot;remind me yesterday at 8:00 that past date&quot;, isEnglish: True)" storage="/mnt/d/git/aula/src/aula.tests/bin/debug/net9.0/aula.tests.dll" id="d38e40f0-9394-42c9-ac5c-2e74521578b4">
      <Execution id="c7c3ac4e-cbf1-4744-87cd-9c7634f3c75f" />
      <TestMethod codeBase="/mnt/d/git/aula/src/Aula.Tests/bin/Debug/net9.0/Aula.Tests.dll" adapterTypeName="executor://xunit/VsTestRunner2/netcoreapp" className="Aula.Tests.Tools.ReminderCommandHandlerTests" name="TryHandleReminderCommand_NonMatchingPatterns_ReturnsFalse" />
    </UnitTest>
    <UnitTest name="Aula.Tests.Services.OpenAiServiceIntegrationTests.Constructor_WithNullLoggerFactory_ThrowsArgumentNullException" storage="/mnt/d/git/aula/src/aula.tests/bin/debug/net9.0/aula.tests.dll" id="eeb4dd87-b488-a6a2-6176-d39e9d1e7681">
      <Execution id="9a155e17-cd4e-49dc-849b-7aa6876a04ef" />
      <TestMethod codeBase="/mnt/d/git/aula/src/Aula.Tests/bin/Debug/net9.0/Aula.Tests.dll" adapterTypeName="executor://xunit/VsTestRunner2/netcoreapp" className="Aula.Tests.Services.OpenAiServiceIntegrationTests" name="Constructor_WithNullLoggerFactory_ThrowsArgumentNullException" />
    </UnitTest>
    <UnitTest name="Aula.Tests.Channels.SlackBotTests.PostWeekLetter_WithVariousChildNames_HandlesCorrectly(firstName: &quot;Alice&quot;)" storage="/mnt/d/git/aula/src/aula.tests/bin/debug/net9.0/aula.tests.dll" id="c22d3a06-485f-94be-2690-3f00833e186d">
      <Execution id="04892bf5-19fc-44e4-9910-dd00182c51f7" />
      <TestMethod codeBase="/mnt/d/git/aula/src/Aula.Tests/bin/Debug/net9.0/Aula.Tests.dll" adapterTypeName="executor://xunit/VsTestRunner2/netcoreapp" className="Aula.Tests.Channels.SlackBotTests" name="PostWeekLetter_WithVariousChildNames_HandlesCorrectly" />
    </UnitTest>
    <UnitTest name="Aula.Tests.Utilities.DateTimeUtilitiesTests.GetDanishDayName_AllValidDaysOfWeek_ReturnsNonEmptyString(dayOfWeek: Friday)" storage="/mnt/d/git/aula/src/aula.tests/bin/debug/net9.0/aula.tests.dll" id="ae0948ed-054c-3e18-355f-da674f5650cd">
      <Execution id="ffcd2d30-7cf8-403e-a1d8-ef530938a259" />
      <TestMethod codeBase="/mnt/d/git/aula/src/Aula.Tests/bin/Debug/net9.0/Aula.Tests.dll" adapterTypeName="executor://xunit/VsTestRunner2/netcoreapp" className="Aula.Tests.Utilities.DateTimeUtilitiesTests" name="GetDanishDayName_AllValidDaysOfWeek_ReturnsNonEmptyString" />
    </UnitTest>
    <UnitTest name="Aula.Tests.Bots.TelegramMessageHandlerTests.HandleMessageAsync_WithHelpCommand_ProcessesHelpMessage(helpCommand: &quot;hjælp&quot;)" storage="/mnt/d/git/aula/src/aula.tests/bin/debug/net9.0/aula.tests.dll" id="fcbd2e73-61cc-55ae-168b-985e355ba11c">
      <Execution id="a7df5e84-4048-482e-8914-7b2634da415c" />
      <TestMethod codeBase="/mnt/d/git/aula/src/Aula.Tests/bin/Debug/net9.0/Aula.Tests.dll" adapterTypeName="executor://xunit/VsTestRunner2/netcoreapp" className="Aula.Tests.Bots.TelegramMessageHandlerTests" name="HandleMessageAsync_WithHelpCommand_ProcessesHelpMessage" />
    </UnitTest>
    <UnitTest name="Aula.Tests.Configuration.ConfigurationTests.Config_WithEmptyConfiguration_UsesDefaults" storage="/mnt/d/git/aula/src/aula.tests/bin/debug/net9.0/aula.tests.dll" id="cb065b5b-0d40-3607-dd81-a79e7d3ed14a">
      <Execution id="178dfade-55bf-4495-aacc-3c2094a8a79f" />
      <TestMethod codeBase="/mnt/d/git/aula/src/Aula.Tests/bin/Debug/net9.0/Aula.Tests.dll" adapterTypeName="executor://xunit/VsTestRunner2/netcoreapp" className="Aula.Tests.Configuration.ConfigurationTests" name="Config_WithEmptyConfiguration_UsesDefaults" />
    </UnitTest>
    <UnitTest name="Aula.Tests.Services.DataModelTests.PostedLetter_WeekNumberValidation_ReturnsExpectedResult(weekNumber: 25, year: 2022, isValid: True)" storage="/mnt/d/git/aula/src/aula.tests/bin/debug/net9.0/aula.tests.dll" id="601e1164-bd7e-9e7d-f167-9c3fcbc6ad4f">
      <Execution id="bec6d0e7-970b-42e8-b37d-2177781521bf" />
      <TestMethod codeBase="/mnt/d/git/aula/src/Aula.Tests/bin/Debug/net9.0/Aula.Tests.dll" adapterTypeName="executor://xunit/VsTestRunner2/netcoreapp" className="Aula.Tests.Services.DataModelTests" name="PostedLetter_WeekNumberValidation_ReturnsExpectedResult" />
    </UnitTest>
    <UnitTest name="Aula.Tests.Configuration.ConfigurationTests.Timers_SchedulingInterval_ValidationTests(intervalSeconds: 3661, isValid: False)" storage="/mnt/d/git/aula/src/aula.tests/bin/debug/net9.0/aula.tests.dll" id="42206b57-8aa0-871e-4287-4e3c8a3cc6ec">
      <Execution id="0d3bfefe-beb8-44bd-8655-ffafd5e9e4cc" />
      <TestMethod codeBase="/mnt/d/git/aula/src/Aula.Tests/bin/Debug/net9.0/Aula.Tests.dll" adapterTypeName="executor://xunit/VsTestRunner2/netcoreapp" className="Aula.Tests.Configuration.ConfigurationTests" name="Timers_SchedulingInterval_ValidationTests" />
    </UnitTest>
    <UnitTest name="Aula.Tests.Tools.ReminderCommandHandlerTests.TryHandleReminderCommand_AddReminder_ValidFormats_ReturnsSuccess(command: &quot;husk mig i morgen kl 8:00 at Hans har Haver til ma&quot;···, isEnglish: False, expectedChildName: &quot;Hans Jensen&quot;)" storage="/mnt/d/git/aula/src/aula.tests/bin/debug/net9.0/aula.tests.dll" id="4ee66f1f-2049-9f7f-57aa-b27bb388f963">
      <Execution id="53f5246c-f38d-4bf0-b3d0-15b202758c25" />
      <TestMethod codeBase="/mnt/d/git/aula/src/Aula.Tests/bin/Debug/net9.0/Aula.Tests.dll" adapterTypeName="executor://xunit/VsTestRunner2/netcoreapp" className="Aula.Tests.Tools.ReminderCommandHandlerTests" name="TryHandleReminderCommand_AddReminder_ValidFormats_ReturnsSuccess" />
    </UnitTest>
    <UnitTest name="Aula.Tests.Channels.SlackBotTests.PostWeekLetter_WithVariousChildColors_HandlesCorrectly(color: &quot;red&quot;)" storage="/mnt/d/git/aula/src/aula.tests/bin/debug/net9.0/aula.tests.dll" id="ecba833b-4a32-70dc-1540-ec8a113be1de">
      <Execution id="6351ed60-41ab-4a06-ad10-9948a18dcd89" />
      <TestMethod codeBase="/mnt/d/git/aula/src/Aula.Tests/bin/Debug/net9.0/Aula.Tests.dll" adapterTypeName="executor://xunit/VsTestRunner2/netcoreapp" className="Aula.Tests.Channels.SlackBotTests" name="PostWeekLetter_WithVariousChildColors_HandlesCorrectly" />
    </UnitTest>
    <UnitTest name="Aula.Tests.Channels.TelegramClientTests.PostWeekLetter_WithMissingFields_HandlesGracefully" storage="/mnt/d/git/aula/src/aula.tests/bin/debug/net9.0/aula.tests.dll" id="1dba4bcb-2a6a-02e7-3151-a1fa05d6b85c">
      <Execution id="af3e0d51-5cf9-4c75-95bf-24b547b0fc57" />
      <TestMethod codeBase="/mnt/d/git/aula/src/Aula.Tests/bin/Debug/net9.0/Aula.Tests.dll" adapterTypeName="executor://xunit/VsTestRunner2/netcoreapp" className="Aula.Tests.Channels.TelegramClientTests" name="PostWeekLetter_WithMissingFields_HandlesGracefully" />
    </UnitTest>
    <UnitTest name="Aula.Tests.Services.DataModelTests.PostedLetter_WeekNumberValidation_ReturnsExpectedResult(weekNumber: 1, year: 2023, isValid: True)" storage="/mnt/d/git/aula/src/aula.tests/bin/debug/net9.0/aula.tests.dll" id="ff95ed9b-b21e-cfc2-30db-e8fe216a909d">
      <Execution id="25fde3f4-4255-47e9-958a-8810e3bfa9e1" />
      <TestMethod codeBase="/mnt/d/git/aula/src/Aula.Tests/bin/Debug/net9.0/Aula.Tests.dll" adapterTypeName="executor://xunit/VsTestRunner2/netcoreapp" className="Aula.Tests.Services.DataModelTests" name="PostedLetter_WeekNumberValidation_ReturnsExpectedResult" />
    </UnitTest>
    <UnitTest name="Aula.Tests.Scheduling.SchedulingServiceIntegrationTests.Constructor_WithNullConfig_ThrowsArgumentNullException" storage="/mnt/d/git/aula/src/aula.tests/bin/debug/net9.0/aula.tests.dll" id="a0f8908b-2fc2-df51-4b18-23e951512406">
      <Execution id="7427bd72-2516-4090-9772-4048bd64cd89" />
      <TestMethod codeBase="/mnt/d/git/aula/src/Aula.Tests/bin/Debug/net9.0/Aula.Tests.dll" adapterTypeName="executor://xunit/VsTestRunner2/netcoreapp" className="Aula.Tests.Scheduling.SchedulingServiceIntegrationTests" name="Constructor_WithNullConfig_ThrowsArgumentNullException" />
    </UnitTest>
    <UnitTest name="Aula.Tests.Utilities.ConversationContextTests.IsStillValid_WithExactlyNinePointNineMinutesOld_ReturnsTrue" storage="/mnt/d/git/aula/src/aula.tests/bin/debug/net9.0/aula.tests.dll" id="cb027f47-b453-181c-17af-774dbf3d917b">
      <Execution id="12771173-08f2-4b46-b3e7-ff6842c657ac" />
      <TestMethod codeBase="/mnt/d/git/aula/src/Aula.Tests/bin/Debug/net9.0/Aula.Tests.dll" adapterTypeName="executor://xunit/VsTestRunner2/netcoreapp" className="Aula.Tests.Utilities.ConversationContextTests" name="IsStillValid_WithExactlyNinePointNineMinutesOld_ReturnsTrue" />
    </UnitTest>
    <UnitTest name="Aula.Tests.Scheduling.SchedulingServiceIntegrationTests.StopAsync_WithoutStart_DoesNotThrow" storage="/mnt/d/git/aula/src/aula.tests/bin/debug/net9.0/aula.tests.dll" id="51d4bf94-02a4-6db7-00c2-b23d3d85cac5">
      <Execution id="2b406f21-bedf-4b60-86f9-5249a71146fe" />
      <TestMethod codeBase="/mnt/d/git/aula/src/Aula.Tests/bin/Debug/net9.0/Aula.Tests.dll" adapterTypeName="executor://xunit/VsTestRunner2/netcoreapp" className="Aula.Tests.Scheduling.SchedulingServiceIntegrationTests" name="StopAsync_WithoutStart_DoesNotThrow" />
    </UnitTest>
    <UnitTest name="Aula.Tests.Utilities.Html2SlackMarkdownConverterTests.Convert_WithEmptyString_ReturnsEmptyString" storage="/mnt/d/git/aula/src/aula.tests/bin/debug/net9.0/aula.tests.dll" id="2d7011d5-0d18-55b9-d3f3-68998c9945f9">
      <Execution id="f38dc880-501f-4293-9fae-08e26267f634" />
      <TestMethod codeBase="/mnt/d/git/aula/src/Aula.Tests/bin/Debug/net9.0/Aula.Tests.dll" adapterTypeName="executor://xunit/VsTestRunner2/netcoreapp" className="Aula.Tests.Utilities.Html2SlackMarkdownConverterTests" name="Convert_WithEmptyString_ReturnsEmptyString" />
    </UnitTest>
    <UnitTest name="Aula.Tests.Channels.TelegramClientTests.SendMessageToChannel_WithVariousMessages_DoesNotThrow(message: &quot;&quot;)" storage="/mnt/d/git/aula/src/aula.tests/bin/debug/net9.0/aula.tests.dll" id="d1f304ff-bc66-281d-07dd-5db7fd1f9503">
      <Execution id="a1c0485f-6f16-4b0e-bdd6-b58e4d97ca03" />
      <TestMethod codeBase="/mnt/d/git/aula/src/Aula.Tests/bin/Debug/net9.0/Aula.Tests.dll" adapterTypeName="executor://xunit/VsTestRunner2/netcoreapp" className="Aula.Tests.Channels.TelegramClientTests" name="SendMessageToChannel_WithVariousMessages_DoesNotThrow" />
    </UnitTest>
    <UnitTest name="Aula.Tests.Bots.SlackMessageHandlerTests.Constructor_WithNullConfig_ThrowsArgumentNullException" storage="/mnt/d/git/aula/src/aula.tests/bin/debug/net9.0/aula.tests.dll" id="eefc6d24-5020-8505-1dbb-9868d5500570">
      <Execution id="3163d619-b9e4-475a-8d11-31f36e8f3a82" />
      <TestMethod codeBase="/mnt/d/git/aula/src/Aula.Tests/bin/Debug/net9.0/Aula.Tests.dll" adapterTypeName="executor://xunit/VsTestRunner2/netcoreapp" className="Aula.Tests.Bots.SlackMessageHandlerTests" name="Constructor_WithNullConfig_ThrowsArgumentNullException" />
    </UnitTest>
    <UnitTest name="Aula.Tests.Utilities.FollowUpQuestionDetectorTests.IsFollowUpQuestion_WithShortFollowUps_ReturnsTrue(input: &quot;ok&quot;)" storage="/mnt/d/git/aula/src/aula.tests/bin/debug/net9.0/aula.tests.dll" id="6a1bd5a3-33de-b670-1a8c-cceb0d8df72f">
      <Execution id="e570a9c3-ad89-4773-b4fa-5c17c6474159" />
      <TestMethod codeBase="/mnt/d/git/aula/src/Aula.Tests/bin/Debug/net9.0/Aula.Tests.dll" adapterTypeName="executor://xunit/VsTestRunner2/netcoreapp" className="Aula.Tests.Utilities.FollowUpQuestionDetectorTests" name="IsFollowUpQuestion_WithShortFollowUps_ReturnsTrue" />
    </UnitTest>
    <UnitTest name="Aula.Tests.Utilities.IntentAnalysisPromptsTests.ToolExamples_CoverExpectedUseCase(expectedKey: &quot;LIST_REMINDERS&quot;, queryPattern: &quot;reminders&quot;)" storage="/mnt/d/git/aula/src/aula.tests/bin/debug/net9.0/aula.tests.dll" id="4b6e6498-4329-5b43-2b56-2bc5486e69cc">
      <Execution id="4bf5713c-20cd-41a9-a05f-f56f0c3e3bf5" />
      <TestMethod codeBase="/mnt/d/git/aula/src/Aula.Tests/bin/Debug/net9.0/Aula.Tests.dll" adapterTypeName="executor://xunit/VsTestRunner2/netcoreapp" className="Aula.Tests.Utilities.IntentAnalysisPromptsTests" name="ToolExamples_CoverExpectedUseCase" />
    </UnitTest>
    <UnitTest name="Aula.Tests.Utilities.DateTimeUtilitiesTests.GetDanishDayName_AllValidDaysOfWeek_ReturnsNonEmptyString(dayOfWeek: Monday)" storage="/mnt/d/git/aula/src/aula.tests/bin/debug/net9.0/aula.tests.dll" id="ee37d42d-7676-d60e-f83a-c40bddb185e0">
      <Execution id="ffa77f3f-e9d2-4e8b-bcd6-b635bee49a86" />
      <TestMethod codeBase="/mnt/d/git/aula/src/Aula.Tests/bin/Debug/net9.0/Aula.Tests.dll" adapterTypeName="executor://xunit/VsTestRunner2/netcoreapp" className="Aula.Tests.Utilities.DateTimeUtilitiesTests" name="GetDanishDayName_AllValidDaysOfWeek_ReturnsNonEmptyString" />
    </UnitTest>
    <UnitTest name="Aula.Tests.Services.OpenAiServiceIntegrationTests.ProcessQueryWithToolsAsync_WithInvalidQuery_HandlesGracefully(query: null)" storage="/mnt/d/git/aula/src/aula.tests/bin/debug/net9.0/aula.tests.dll" id="edf0d7b1-6ae5-fc13-de75-a5999a4027be">
      <Execution id="8db061a2-0b57-4346-8c65-33c23bf73a2b" />
      <TestMethod codeBase="/mnt/d/git/aula/src/Aula.Tests/bin/Debug/net9.0/Aula.Tests.dll" adapterTypeName="executor://xunit/VsTestRunner2/netcoreapp" className="Aula.Tests.Services.OpenAiServiceIntegrationTests" name="ProcessQueryWithToolsAsync_WithInvalidQuery_HandlesGracefully" />
    </UnitTest>
    <UnitTest name="Aula.Tests.Utilities.FollowUpQuestionDetectorTests.IsFollowUpQuestion_WithChildNameAndShortMessage_ReturnsTrue(input: &quot;Hansen&quot;)" storage="/mnt/d/git/aula/src/aula.tests/bin/debug/net9.0/aula.tests.dll" id="c97c4c52-e2e0-9997-1b1c-c40b6de0a67a">
      <Execution id="6936941f-5695-4035-b319-d5c47cda1482" />
      <TestMethod codeBase="/mnt/d/git/aula/src/Aula.Tests/bin/Debug/net9.0/Aula.Tests.dll" adapterTypeName="executor://xunit/VsTestRunner2/netcoreapp" className="Aula.Tests.Utilities.FollowUpQuestionDetectorTests" name="IsFollowUpQuestion_WithChildNameAndShortMessage_ReturnsTrue" />
    </UnitTest>
    <UnitTest name="Aula.Tests.Utilities.DateTimeUtilitiesTests.GetDanishDayName_AllValidDaysOfWeek_ReturnsNonEmptyString(dayOfWeek: Tuesday)" storage="/mnt/d/git/aula/src/aula.tests/bin/debug/net9.0/aula.tests.dll" id="909b5135-abc5-ca49-7494-5f4eb3573cf1">
      <Execution id="3729cf5c-aaea-4994-91b7-9ec3f6a8efa2" />
      <TestMethod codeBase="/mnt/d/git/aula/src/Aula.Tests/bin/Debug/net9.0/Aula.Tests.dll" adapterTypeName="executor://xunit/VsTestRunner2/netcoreapp" className="Aula.Tests.Utilities.DateTimeUtilitiesTests" name="GetDanishDayName_AllValidDaysOfWeek_ReturnsNonEmptyString" />
    </UnitTest>
    <UnitTest name="Aula.Tests.Tools.AiToolsManagerTests.DeleteReminderAsync_WithValidNumber_DeletesReminder" storage="/mnt/d/git/aula/src/aula.tests/bin/debug/net9.0/aula.tests.dll" id="cffbdb32-a5ce-3149-2be9-2e224df2f82b">
      <Execution id="842ce389-2c3c-4836-b5c0-9b3b6faffb3f" />
      <TestMethod codeBase="/mnt/d/git/aula/src/Aula.Tests/bin/Debug/net9.0/Aula.Tests.dll" adapterTypeName="executor://xunit/VsTestRunner2/netcoreapp" className="Aula.Tests.Tools.AiToolsManagerTests" name="DeleteReminderAsync_WithValidNumber_DeletesReminder" />
    </UnitTest>
    <UnitTest name="Aula.Tests.Integration.MinUddannelseClientTests.Constructor_WithValidConfig_CreatesInstance" storage="/mnt/d/git/aula/src/aula.tests/bin/debug/net9.0/aula.tests.dll" id="5a77b1b5-bbb4-8a72-a72e-32591bd8597a">
      <Execution id="b4ac15e6-c338-42dd-8fbe-25a538149baf" />
      <TestMethod codeBase="/mnt/d/git/aula/src/Aula.Tests/bin/Debug/net9.0/Aula.Tests.dll" adapterTypeName="executor://xunit/VsTestRunner2/netcoreapp" className="Aula.Tests.Integration.MinUddannelseClientTests" name="Constructor_WithValidConfig_CreatesInstance" />
    </UnitTest>
    <UnitTest name="Aula.Tests.Configuration.ConfigurationTests.GoogleServiceAccount_RequiredFields_ArePresent" storage="/mnt/d/git/aula/src/aula.tests/bin/debug/net9.0/aula.tests.dll" id="2cec1e41-be18-3fa0-9996-473f9652882f">
      <Execution id="5a640d93-6b01-4fa2-9894-c5c582817133" />
      <TestMethod codeBase="/mnt/d/git/aula/src/Aula.Tests/bin/Debug/net9.0/Aula.Tests.dll" adapterTypeName="executor://xunit/VsTestRunner2/netcoreapp" className="Aula.Tests.Configuration.ConfigurationTests" name="GoogleServiceAccount_RequiredFields_ArePresent" />
    </UnitTest>
    <UnitTest name="Aula.Tests.Utilities.FollowUpQuestionDetectorTests.IsFollowUpQuestion_WithEmptyChildrenList_HandlesSafely" storage="/mnt/d/git/aula/src/aula.tests/bin/debug/net9.0/aula.tests.dll" id="cf3ffd15-e77d-0064-8da1-70abe47d1342">
      <Execution id="5d95dd4e-73af-4086-b3ee-64aad5b296a9" />
      <TestMethod codeBase="/mnt/d/git/aula/src/Aula.Tests/bin/Debug/net9.0/Aula.Tests.dll" adapterTypeName="executor://xunit/VsTestRunner2/netcoreapp" className="Aula.Tests.Utilities.FollowUpQuestionDetectorTests" name="IsFollowUpQuestion_WithEmptyChildrenList_HandlesSafely" />
    </UnitTest>
    <UnitTest name="Aula.Tests.Configuration.ConfigurationTests.Features_ConversationCacheExpiration_ValidationTests(minutes: 0, isValid: False)" storage="/mnt/d/git/aula/src/aula.tests/bin/debug/net9.0/aula.tests.dll" id="85d0bba0-b6e6-710e-0b38-be2340b6cfc9">
      <Execution id="af361bd8-387f-4b4d-b2ee-aedfe7b47950" />
      <TestMethod codeBase="/mnt/d/git/aula/src/Aula.Tests/bin/Debug/net9.0/Aula.Tests.dll" adapterTypeName="executor://xunit/VsTestRunner2/netcoreapp" className="Aula.Tests.Configuration.ConfigurationTests" name="Features_ConversationCacheExpiration_ValidationTests" />
    </UnitTest>
    <UnitTest name="Aula.Tests.Utilities.ConversationContextManagerTests.ClearContext_WithExistingKey_RemovesContextAndLogs" storage="/mnt/d/git/aula/src/aula.tests/bin/debug/net9.0/aula.tests.dll" id="56429908-a484-10f8-38ca-b17d73119d7d">
      <Execution id="2b5c9639-0bee-46c9-86ac-761946702747" />
      <TestMethod codeBase="/mnt/d/git/aula/src/Aula.Tests/bin/Debug/net9.0/Aula.Tests.dll" adapterTypeName="executor://xunit/VsTestRunner2/netcoreapp" className="Aula.Tests.Utilities.ConversationContextManagerTests" name="ClearContext_WithExistingKey_RemovesContextAndLogs" />
    </UnitTest>
    <UnitTest name="Aula.Tests.Utilities.JsonFormatterTests.Prettify_WithMalformedJson_ThrowsJsonException" storage="/mnt/d/git/aula/src/aula.tests/bin/debug/net9.0/aula.tests.dll" id="d6143222-8a1b-29ba-ebfb-222b6c27b152">
      <Execution id="830fd21f-248a-473e-beba-77a1b244a1df" />
      <TestMethod codeBase="/mnt/d/git/aula/src/Aula.Tests/bin/Debug/net9.0/Aula.Tests.dll" adapterTypeName="executor://xunit/VsTestRunner2/netcoreapp" className="Aula.Tests.Utilities.JsonFormatterTests" name="Prettify_WithMalformedJson_ThrowsJsonException" />
    </UnitTest>
    <UnitTest name="Aula.Tests.Bots.SlackInteractiveBotTests.Dispose_WhenCalledMultipleTimes_DoesNotThrow" storage="/mnt/d/git/aula/src/aula.tests/bin/debug/net9.0/aula.tests.dll" id="e768bc44-6321-f6f0-33ea-0643e8c3f454">
      <Execution id="58263709-5338-44df-84cd-71970c73e9b2" />
      <TestMethod codeBase="/mnt/d/git/aula/src/Aula.Tests/bin/Debug/net9.0/Aula.Tests.dll" adapterTypeName="executor://xunit/VsTestRunner2/netcoreapp" className="Aula.Tests.Bots.SlackInteractiveBotTests" name="Dispose_WhenCalledMultipleTimes_DoesNotThrow" />
    </UnitTest>
    <UnitTest name="Aula.Tests.Utilities.JsonFormatterTests.Prettify_WithNullInput_ThrowsArgumentNullException" storage="/mnt/d/git/aula/src/aula.tests/bin/debug/net9.0/aula.tests.dll" id="711b4283-4c9e-be16-2b83-d9f77794298d">
      <Execution id="10ebc500-e4ba-4d01-b175-4e3dee54d2e4" />
      <TestMethod codeBase="/mnt/d/git/aula/src/Aula.Tests/bin/Debug/net9.0/Aula.Tests.dll" adapterTypeName="executor://xunit/VsTestRunner2/netcoreapp" className="Aula.Tests.Utilities.JsonFormatterTests" name="Prettify_WithNullInput_ThrowsArgumentNullException" />
    </UnitTest>
    <UnitTest name="Aula.Tests.Channels.SlackBotTests.Constructor_WithEmptyUrl_ThrowsArgumentException" storage="/mnt/d/git/aula/src/aula.tests/bin/debug/net9.0/aula.tests.dll" id="a7b1749e-2ad3-548e-4171-dcc39a4ba308">
      <Execution id="a097b507-af8c-405c-8333-51bf40bc7197" />
      <TestMethod codeBase="/mnt/d/git/aula/src/Aula.Tests/bin/Debug/net9.0/Aula.Tests.dll" adapterTypeName="executor://xunit/VsTestRunner2/netcoreapp" className="Aula.Tests.Channels.SlackBotTests" name="Constructor_WithEmptyUrl_ThrowsArgumentException" />
    </UnitTest>
    <UnitTest name="Aula.Tests.Utilities.DateTimeUtilitiesTests.GetDanishDayName_ValidDayOfWeek_ReturnsLowercaseName(dayOfWeek: Thursday, expectedName: &quot;torsdag&quot;)" storage="/mnt/d/git/aula/src/aula.tests/bin/debug/net9.0/aula.tests.dll" id="d011f96b-d6c9-06f7-3372-df15e577854e">
      <Execution id="9d352a6b-5064-4bbd-968b-e265b387a520" />
      <TestMethod codeBase="/mnt/d/git/aula/src/Aula.Tests/bin/Debug/net9.0/Aula.Tests.dll" adapterTypeName="executor://xunit/VsTestRunner2/netcoreapp" className="Aula.Tests.Utilities.DateTimeUtilitiesTests" name="GetDanishDayName_ValidDayOfWeek_ReturnsLowercaseName" />
    </UnitTest>
    <UnitTest name="Aula.Tests.Configuration.ConfigurationTests.UniLogin_WithInvalidCredentials_HandlesGracefully(invalidValue: null)" storage="/mnt/d/git/aula/src/aula.tests/bin/debug/net9.0/aula.tests.dll" id="eedd43d6-efa5-b90c-89ed-190e198315e6">
      <Execution id="f2d182da-979d-4dff-8b91-437e40f0de42" />
      <TestMethod codeBase="/mnt/d/git/aula/src/Aula.Tests/bin/Debug/net9.0/Aula.Tests.dll" adapterTypeName="executor://xunit/VsTestRunner2/netcoreapp" className="Aula.Tests.Configuration.ConfigurationTests" name="UniLogin_WithInvalidCredentials_HandlesGracefully" />
    </UnitTest>
    <UnitTest name="Aula.Tests.Utilities.FollowUpQuestionDetectorTests.IsFollowUpQuestion_WithFullChildNames_WorksCorrectly(input: &quot;Emma Rose?&quot;)" storage="/mnt/d/git/aula/src/aula.tests/bin/debug/net9.0/aula.tests.dll" id="e67379c3-aafd-8be6-fda8-3e3a4a2a81aa">
      <Execution id="68ef6e59-37ee-45dc-8164-1b4b0d81cb2e" />
      <TestMethod codeBase="/mnt/d/git/aula/src/Aula.Tests/bin/Debug/net9.0/Aula.Tests.dll" adapterTypeName="executor://xunit/VsTestRunner2/netcoreapp" className="Aula.Tests.Utilities.FollowUpQuestionDetectorTests" name="IsFollowUpQuestion_WithFullChildNames_WorksCorrectly" />
    </UnitTest>
    <UnitTest name="Aula.Tests.Channels.SlackBotTests.PostMessage_WithVariousMessages_DoesNotThrow(message: &quot;Message with *bold* and _italic_&quot;)" storage="/mnt/d/git/aula/src/aula.tests/bin/debug/net9.0/aula.tests.dll" id="4053e9a2-a689-a1a5-6da0-c7b491ae4105">
      <Execution id="29c47298-a64b-4350-9b24-85de2a1ca37e" />
      <TestMethod codeBase="/mnt/d/git/aula/src/Aula.Tests/bin/Debug/net9.0/Aula.Tests.dll" adapterTypeName="executor://xunit/VsTestRunner2/netcoreapp" className="Aula.Tests.Channels.SlackBotTests" name="PostMessage_WithVariousMessages_DoesNotThrow" />
    </UnitTest>
    <UnitTest name="Aula.Tests.Utilities.ReminderExtractionPromptsTests.GetExtractionPrompt_WithDifferentMinuteOffsets_CalculatesCorrectly(minutes: 2)" storage="/mnt/d/git/aula/src/aula.tests/bin/debug/net9.0/aula.tests.dll" id="346b4860-00f1-33ec-a1a3-5d05cc730f69">
      <Execution id="44dc8ab8-c6ba-47d6-8cbf-bb034e42b2f8" />
      <TestMethod codeBase="/mnt/d/git/aula/src/Aula.Tests/bin/Debug/net9.0/Aula.Tests.dll" adapterTypeName="executor://xunit/VsTestRunner2/netcoreapp" className="Aula.Tests.Utilities.ReminderExtractionPromptsTests" name="GetExtractionPrompt_WithDifferentMinuteOffsets_CalculatesCorrectly" />
    </UnitTest>
    <UnitTest name="Aula.Tests.Bots.SlackMessageHandlerTests.HandleMessageAsync_WithReminderCommand_ProcessesMessage(reminderCommand: &quot;slet påmindelse&quot;)" storage="/mnt/d/git/aula/src/aula.tests/bin/debug/net9.0/aula.tests.dll" id="0fdf445f-d20e-3235-8763-e9404bb4da45">
      <Execution id="a510ea9d-bdaf-416b-a581-d5322d3a8e7d" />
      <TestMethod codeBase="/mnt/d/git/aula/src/Aula.Tests/bin/Debug/net9.0/Aula.Tests.dll" adapterTypeName="executor://xunit/VsTestRunner2/netcoreapp" className="Aula.Tests.Bots.SlackMessageHandlerTests" name="HandleMessageAsync_WithReminderCommand_ProcessesMessage" />
    </UnitTest>
    <UnitTest name="Aula.Tests.Utilities.Html2SlackMarkdownConverterTests.Convert_WithUnicodeContent_PreservesEncoding" storage="/mnt/d/git/aula/src/aula.tests/bin/debug/net9.0/aula.tests.dll" id="121eb464-baa2-cb91-a1cb-d692cf64f7c5">
      <Execution id="13944ad0-dafd-4d24-9a77-03f3eef20782" />
      <TestMethod codeBase="/mnt/d/git/aula/src/Aula.Tests/bin/Debug/net9.0/Aula.Tests.dll" adapterTypeName="executor://xunit/VsTestRunner2/netcoreapp" className="Aula.Tests.Utilities.Html2SlackMarkdownConverterTests" name="Convert_WithUnicodeContent_PreservesEncoding" />
    </UnitTest>
    <UnitTest name="Aula.Tests.Utilities.FollowUpQuestionDetectorTests.IsFollowUpQuestion_WithShortFollowUps_ReturnsTrue(input: &quot;OK&quot;)" storage="/mnt/d/git/aula/src/aula.tests/bin/debug/net9.0/aula.tests.dll" id="7badf018-cb0a-dbe2-46e3-595e2e7a967d">
      <Execution id="afeeb3b1-5e1b-465d-813b-45bb957074ee" />
      <TestMethod codeBase="/mnt/d/git/aula/src/Aula.Tests/bin/Debug/net9.0/Aula.Tests.dll" adapterTypeName="executor://xunit/VsTestRunner2/netcoreapp" className="Aula.Tests.Utilities.FollowUpQuestionDetectorTests" name="IsFollowUpQuestion_WithShortFollowUps_ReturnsTrue" />
    </UnitTest>
    <UnitTest name="Aula.Tests.Services.DataModelTests.ConfigChild_Properties_WorkCorrectly" storage="/mnt/d/git/aula/src/aula.tests/bin/debug/net9.0/aula.tests.dll" id="bf8de978-ede0-2334-cd93-70c2c792931f">
      <Execution id="b502c133-d62c-4063-a8ff-f67b21dba17c" />
      <TestMethod codeBase="/mnt/d/git/aula/src/Aula.Tests/bin/Debug/net9.0/Aula.Tests.dll" adapterTypeName="executor://xunit/VsTestRunner2/netcoreapp" className="Aula.Tests.Services.DataModelTests" name="ConfigChild_Properties_WorkCorrectly" />
    </UnitTest>
    <UnitTest name="Aula.Tests.Utilities.ConversationContextManagerTests.UpdateContext_LogsInformation" storage="/mnt/d/git/aula/src/aula.tests/bin/debug/net9.0/aula.tests.dll" id="852f061a-eb76-627b-f7c5-de08154576e3">
      <Execution id="e046bf0d-7ab7-4030-87d9-6626402de7c6" />
      <TestMethod codeBase="/mnt/d/git/aula/src/Aula.Tests/bin/Debug/net9.0/Aula.Tests.dll" adapterTypeName="executor://xunit/VsTestRunner2/netcoreapp" className="Aula.Tests.Utilities.ConversationContextManagerTests" name="UpdateContext_LogsInformation" />
    </UnitTest>
    <UnitTest name="Aula.Tests.Utilities.WeekLetterContentExtractorTests.ExtractContent_WithNullUgebreve_ReturnsEmptyString" storage="/mnt/d/git/aula/src/aula.tests/bin/debug/net9.0/aula.tests.dll" id="e93018a6-329d-1e6a-244e-75972e649bf3">
      <Execution id="8f4bad29-24f9-4844-9bfe-df0b8872ad85" />
      <TestMethod codeBase="/mnt/d/git/aula/src/Aula.Tests/bin/Debug/net9.0/Aula.Tests.dll" adapterTypeName="executor://xunit/VsTestRunner2/netcoreapp" className="Aula.Tests.Utilities.WeekLetterContentExtractorTests" name="ExtractContent_WithNullUgebreve_ReturnsEmptyString" />
    </UnitTest>
    <UnitTest name="Aula.Tests.Channels.SlackBotTests.PushWeekLetter_WithNullWeekLetter_ReturnsFalse" storage="/mnt/d/git/aula/src/aula.tests/bin/debug/net9.0/aula.tests.dll" id="74223507-0b05-49e9-aad1-655b0b7c8f6e">
      <Execution id="b9f5482a-b536-4310-86bd-4518237f8ea5" />
      <TestMethod codeBase="/mnt/d/git/aula/src/Aula.Tests/bin/Debug/net9.0/Aula.Tests.dll" adapterTypeName="executor://xunit/VsTestRunner2/netcoreapp" className="Aula.Tests.Channels.SlackBotTests" name="PushWeekLetter_WithNullWeekLetter_ReturnsFalse" />
    </UnitTest>
    <UnitTest name="Aula.Tests.Tools.ReminderCommandHandlerTests.TryHandleReminderCommand_ListReminders_NoReminders_ReturnsNoRemindersMessage(command: &quot;list reminders&quot;, isEnglish: True)" storage="/mnt/d/git/aula/src/aula.tests/bin/debug/net9.0/aula.tests.dll" id="d91762c9-e8c3-9301-162e-078c803712fd">
      <Execution id="f47fb263-8d3f-4363-8dcd-61dc81c87007" />
      <TestMethod codeBase="/mnt/d/git/aula/src/Aula.Tests/bin/Debug/net9.0/Aula.Tests.dll" adapterTypeName="executor://xunit/VsTestRunner2/netcoreapp" className="Aula.Tests.Tools.ReminderCommandHandlerTests" name="TryHandleReminderCommand_ListReminders_NoReminders_ReturnsNoRemindersMessage" />
    </UnitTest>
    <UnitTest name="Aula.Tests.Utilities.FollowUpQuestionDetectorTests.IsFollowUpQuestion_LogsCorrectlyForShortMessage" storage="/mnt/d/git/aula/src/aula.tests/bin/debug/net9.0/aula.tests.dll" id="a05ddd0e-e3f2-fb31-c2fd-f1f3b4b30fc1">
      <Execution id="a2d252ae-8dba-4bca-af9e-06ab144dec02" />
      <TestMethod codeBase="/mnt/d/git/aula/src/Aula.Tests/bin/Debug/net9.0/Aula.Tests.dll" adapterTypeName="executor://xunit/VsTestRunner2/netcoreapp" className="Aula.Tests.Utilities.FollowUpQuestionDetectorTests" name="IsFollowUpQuestion_LogsCorrectlyForShortMessage" />
    </UnitTest>
    <UnitTest name="Aula.Tests.Utilities.ConversationContextTests.ToString_WithEmptyChildName_ShowsEmptyString" storage="/mnt/d/git/aula/src/aula.tests/bin/debug/net9.0/aula.tests.dll" id="2c92fdb3-d95d-1632-c5b9-2a0e8c5892ee">
      <Execution id="f59c54aa-036a-4b12-8081-98d06d018b77" />
      <TestMethod codeBase="/mnt/d/git/aula/src/Aula.Tests/bin/Debug/net9.0/Aula.Tests.dll" adapterTypeName="executor://xunit/VsTestRunner2/netcoreapp" className="Aula.Tests.Utilities.ConversationContextTests" name="ToString_WithEmptyChildName_ShowsEmptyString" />
    </UnitTest>
    <UnitTest name="Aula.Tests.Channels.SlackBotTests.SendTestMessage_WithVariousMessages_DoesNotThrow(message: &quot;&quot;)" storage="/mnt/d/git/aula/src/aula.tests/bin/debug/net9.0/aula.tests.dll" id="1165a140-06de-3614-5098-865084a74fa6">
      <Execution id="5d58f040-4b45-4f10-880a-21cfa3b88854" />
      <TestMethod codeBase="/mnt/d/git/aula/src/Aula.Tests/bin/Debug/net9.0/Aula.Tests.dll" adapterTypeName="executor://xunit/VsTestRunner2/netcoreapp" className="Aula.Tests.Channels.SlackBotTests" name="SendTestMessage_WithVariousMessages_DoesNotThrow" />
    </UnitTest>
    <UnitTest name="Aula.Tests.Services.OpenAiServiceIntegrationTests.ClearConversationHistory_WithoutContextKey_DoesNotThrow" storage="/mnt/d/git/aula/src/aula.tests/bin/debug/net9.0/aula.tests.dll" id="c79823a4-e6c5-4210-9526-f7fc3ce5d77c">
      <Execution id="a41ec5b8-1b9a-4a67-bd9e-f35fde2cf7d9" />
      <TestMethod codeBase="/mnt/d/git/aula/src/Aula.Tests/bin/Debug/net9.0/Aula.Tests.dll" adapterTypeName="executor://xunit/VsTestRunner2/netcoreapp" className="Aula.Tests.Services.OpenAiServiceIntegrationTests" name="ClearConversationHistory_WithoutContextKey_DoesNotThrow" />
    </UnitTest>
    <UnitTest name="Aula.Tests.Bots.TelegramMessageHandlerTests.HandleMessageAsync_WithCancellationToken_RespectsCancellation" storage="/mnt/d/git/aula/src/aula.tests/bin/debug/net9.0/aula.tests.dll" id="08f9b0f6-c970-f823-e359-90266e985263">
      <Execution id="aedce0be-1fbe-43ad-a5cd-baf8b289c3de" />
      <TestMethod codeBase="/mnt/d/git/aula/src/Aula.Tests/bin/Debug/net9.0/Aula.Tests.dll" adapterTypeName="executor://xunit/VsTestRunner2/netcoreapp" className="Aula.Tests.Bots.TelegramMessageHandlerTests" name="HandleMessageAsync_WithCancellationToken_RespectsCancellation" />
    </UnitTest>
    <UnitTest name="Aula.Tests.Utilities.ReminderExtractionPromptsTests.GetExtractionPrompt_CalculatesDanishRelativeTimesCorrectly" storage="/mnt/d/git/aula/src/aula.tests/bin/debug/net9.0/aula.tests.dll" id="341040bb-ced9-d1d7-7226-192f7cf8fcdc">
      <Execution id="cff84b15-8107-480f-aff5-30d8780c4f0b" />
      <TestMethod codeBase="/mnt/d/git/aula/src/Aula.Tests/bin/Debug/net9.0/Aula.Tests.dll" adapterTypeName="executor://xunit/VsTestRunner2/netcoreapp" className="Aula.Tests.Utilities.ReminderExtractionPromptsTests" name="GetExtractionPrompt_CalculatesDanishRelativeTimesCorrectly" />
    </UnitTest>
    <UnitTest name="Aula.Tests.Utilities.FollowUpQuestionDetectorTests.IsFollowUpQuestion_WithChildNameAndShortMessage_ReturnsTrue(input: &quot;EMMA&quot;)" storage="/mnt/d/git/aula/src/aula.tests/bin/debug/net9.0/aula.tests.dll" id="5757d75c-5377-8df3-a3a7-30a9777d143b">
      <Execution id="8cccbaea-0f12-4a6d-ade1-f3541c0170d1" />
      <TestMethod codeBase="/mnt/d/git/aula/src/Aula.Tests/bin/Debug/net9.0/Aula.Tests.dll" adapterTypeName="executor://xunit/VsTestRunner2/netcoreapp" className="Aula.Tests.Utilities.FollowUpQuestionDetectorTests" name="IsFollowUpQuestion_WithChildNameAndShortMessage_ReturnsTrue" />
    </UnitTest>
    <UnitTest name="Aula.Tests.Configuration.ConfigurationTests.OpenAi_ConfigurationIsCorrect" storage="/mnt/d/git/aula/src/aula.tests/bin/debug/net9.0/aula.tests.dll" id="69c84318-c2ea-bbfb-2ff5-e086da7c5805">
      <Execution id="84415ef7-ab05-4e0d-9ea1-b083798d4be6" />
      <TestMethod codeBase="/mnt/d/git/aula/src/Aula.Tests/bin/Debug/net9.0/Aula.Tests.dll" adapterTypeName="executor://xunit/VsTestRunner2/netcoreapp" className="Aula.Tests.Configuration.ConfigurationTests" name="OpenAi_ConfigurationIsCorrect" />
    </UnitTest>
    <UnitTest name="Aula.Tests.Services.OpenAiServiceIntegrationTests.ChatInterface_Telegram_HasCorrectValue" storage="/mnt/d/git/aula/src/aula.tests/bin/debug/net9.0/aula.tests.dll" id="a7bf7fe5-0fd3-09c0-db2e-a077e2bb59f1">
      <Execution id="0c63df01-0c43-4e7d-b05c-c4455566c651" />
      <TestMethod codeBase="/mnt/d/git/aula/src/Aula.Tests/bin/Debug/net9.0/Aula.Tests.dll" adapterTypeName="executor://xunit/VsTestRunner2/netcoreapp" className="Aula.Tests.Services.OpenAiServiceIntegrationTests" name="ChatInterface_Telegram_HasCorrectValue" />
    </UnitTest>
    <UnitTest name="Aula.Tests.Utilities.Html2SlackMarkdownConverterTests.Convert_WithSimpleHtml_ConvertsCorrectly" storage="/mnt/d/git/aula/src/aula.tests/bin/debug/net9.0/aula.tests.dll" id="979280e2-dfe1-0cec-d81f-8909f7e24c33">
      <Execution id="e5adeae3-559a-470b-a548-367619d94bb2" />
      <TestMethod codeBase="/mnt/d/git/aula/src/Aula.Tests/bin/Debug/net9.0/Aula.Tests.dll" adapterTypeName="executor://xunit/VsTestRunner2/netcoreapp" className="Aula.Tests.Utilities.Html2SlackMarkdownConverterTests" name="Convert_WithSimpleHtml_ConvertsCorrectly" />
    </UnitTest>
    <UnitTest name="Aula.Tests.Tools.ReminderCommandHandlerTests.TryHandleReminderCommand_ListReminders_OrdersByDateAndTime" storage="/mnt/d/git/aula/src/aula.tests/bin/debug/net9.0/aula.tests.dll" id="9ca02d05-5169-149e-ecab-3b9b289b72d5">
      <Execution id="bc06b24e-d80c-4b25-bb4f-54b9c5bd5d5b" />
      <TestMethod codeBase="/mnt/d/git/aula/src/Aula.Tests/bin/Debug/net9.0/Aula.Tests.dll" adapterTypeName="executor://xunit/VsTestRunner2/netcoreapp" className="Aula.Tests.Tools.ReminderCommandHandlerTests" name="TryHandleReminderCommand_ListReminders_OrdersByDateAndTime" />
    </UnitTest>
    <UnitTest name="Aula.Tests.Services.OpenAiServiceIntegrationTests.AskQuestionAboutWeekLetterAsync_WithContextKey_WithNullWeekLetter_ThrowsArgumentNullException(chatInterface: Telegram)" storage="/mnt/d/git/aula/src/aula.tests/bin/debug/net9.0/aula.tests.dll" id="50f2b13e-3594-24ee-32df-b9192e38a8ff">
      <Execution id="13bac1f9-8d1b-49ae-9c22-20c3e9182f10" />
      <TestMethod codeBase="/mnt/d/git/aula/src/Aula.Tests/bin/Debug/net9.0/Aula.Tests.dll" adapterTypeName="executor://xunit/VsTestRunner2/netcoreapp" className="Aula.Tests.Services.OpenAiServiceIntegrationTests" name="AskQuestionAboutWeekLetterAsync_WithContextKey_WithNullWeekLetter_ThrowsArgumentNullException" />
    </UnitTest>
    <UnitTest name="Aula.Tests.Utilities.ConversationContextManagerTests.ClearAllContexts_WithMultipleContexts_RemovesAllAndLogs" storage="/mnt/d/git/aula/src/aula.tests/bin/debug/net9.0/aula.tests.dll" id="1585bed7-c67c-7046-51d9-aa8f4af66bac">
      <Execution id="6ea1661f-d8d1-48ab-aa80-0afa4c8b0f37" />
      <TestMethod codeBase="/mnt/d/git/aula/src/Aula.Tests/bin/Debug/net9.0/Aula.Tests.dll" adapterTypeName="executor://xunit/VsTestRunner2/netcoreapp" className="Aula.Tests.Utilities.ConversationContextManagerTests" name="ClearAllContexts_WithMultipleContexts_RemovesAllAndLogs" />
    </UnitTest>
    <UnitTest name="Aula.Tests.Utilities.FollowUpQuestionDetectorTests.IsFollowUpQuestion_WithPunctuationAroundChildName_WorksCorrectly(input: &quot;Emma?&quot;)" storage="/mnt/d/git/aula/src/aula.tests/bin/debug/net9.0/aula.tests.dll" id="75733184-ecf7-b281-bd2e-48c921f0cff4">
      <Execution id="81d922d0-77a4-46c9-b628-a88f8a286fbd" />
      <TestMethod codeBase="/mnt/d/git/aula/src/Aula.Tests/bin/Debug/net9.0/Aula.Tests.dll" adapterTypeName="executor://xunit/VsTestRunner2/netcoreapp" className="Aula.Tests.Utilities.FollowUpQuestionDetectorTests" name="IsFollowUpQuestion_WithPunctuationAroundChildName_WorksCorrectly" />
    </UnitTest>
    <UnitTest name="Aula.Tests.Bots.TelegramMessageHandlerTests.HandleMessageAsync_WithReminderCommand_ProcessesMessage(reminderCommand: &quot;slet påmindelse&quot;)" storage="/mnt/d/git/aula/src/aula.tests/bin/debug/net9.0/aula.tests.dll" id="64c3a42f-5fe2-4c42-2d16-8dc3ac5ed576">
      <Execution id="74776139-612b-4802-bc78-d971e252634c" />
      <TestMethod codeBase="/mnt/d/git/aula/src/Aula.Tests/bin/Debug/net9.0/Aula.Tests.dll" adapterTypeName="executor://xunit/VsTestRunner2/netcoreapp" className="Aula.Tests.Bots.TelegramMessageHandlerTests" name="HandleMessageAsync_WithReminderCommand_ProcessesMessage" />
    </UnitTest>
    <UnitTest name="Aula.Tests.Services.DataModelTests.PostedLetter_DefaultConstructor_InitializesCorrectly" storage="/mnt/d/git/aula/src/aula.tests/bin/debug/net9.0/aula.tests.dll" id="dc87daee-0005-3f96-509b-0d97422219d3">
      <Execution id="e6873832-6a29-42fa-bdb9-40f190eeadee" />
      <TestMethod codeBase="/mnt/d/git/aula/src/Aula.Tests/bin/Debug/net9.0/Aula.Tests.dll" adapterTypeName="executor://xunit/VsTestRunner2/netcoreapp" className="Aula.Tests.Services.DataModelTests" name="PostedLetter_DefaultConstructor_InitializesCorrectly" />
    </UnitTest>
    <UnitTest name="Aula.Tests.Integration.AgentServiceTests.GetWeekLetterAsync_ReturnsCachedData_WhenAvailable" storage="/mnt/d/git/aula/src/aula.tests/bin/debug/net9.0/aula.tests.dll" id="b3d0207a-6b94-dced-4560-55d90059fc43">
      <Execution id="6a111892-7f6f-479f-9d85-f1855f7612fd" />
      <TestMethod codeBase="/mnt/d/git/aula/src/Aula.Tests/bin/Debug/net9.0/Aula.Tests.dll" adapterTypeName="executor://xunit/VsTestRunner2/netcoreapp" className="Aula.Tests.Integration.AgentServiceTests" name="GetWeekLetterAsync_ReturnsCachedData_WhenAvailable" />
    </UnitTest>
    <UnitTest name="Aula.Tests.Tools.ReminderCommandHandlerTests.TryHandleReminderCommand_ChildNameExtraction_WorksCorrectly" storage="/mnt/d/git/aula/src/aula.tests/bin/debug/net9.0/aula.tests.dll" id="23a6aef7-0888-96c3-b39d-0a5a36447e0d">
      <Execution id="0a935104-12dd-4b78-95a3-a654973d9c6e" />
      <TestMethod codeBase="/mnt/d/git/aula/src/Aula.Tests/bin/Debug/net9.0/Aula.Tests.dll" adapterTypeName="executor://xunit/VsTestRunner2/netcoreapp" className="Aula.Tests.Tools.ReminderCommandHandlerTests" name="TryHandleReminderCommand_ChildNameExtraction_WorksCorrectly" />
    </UnitTest>
    <UnitTest name="Aula.Tests.Utilities.FollowUpQuestionDetectorTests.IsFollowUpQuestion_WithChildNameAndShortMessage_ReturnsTrue(input: &quot;Liam&quot;)" storage="/mnt/d/git/aula/src/aula.tests/bin/debug/net9.0/aula.tests.dll" id="01fdf65f-cd83-63dd-690e-00884c9ba25d">
      <Execution id="45b5e440-f0a5-44d4-9791-319b937cb5b4" />
      <TestMethod codeBase="/mnt/d/git/aula/src/Aula.Tests/bin/Debug/net9.0/Aula.Tests.dll" adapterTypeName="executor://xunit/VsTestRunner2/netcoreapp" className="Aula.Tests.Utilities.FollowUpQuestionDetectorTests" name="IsFollowUpQuestion_WithChildNameAndShortMessage_ReturnsTrue" />
    </UnitTest>
    <UnitTest name="Aula.Tests.Bots.SlackMessageHandlerTests.HandleMessageAsync_WithEmptyText_ReturnsFalse" storage="/mnt/d/git/aula/src/aula.tests/bin/debug/net9.0/aula.tests.dll" id="65a382e3-c1e3-08ef-c35f-11020ff7747f">
      <Execution id="8a7ae70f-f03a-48f8-9976-1c67a74c9e6e" />
      <TestMethod codeBase="/mnt/d/git/aula/src/Aula.Tests/bin/Debug/net9.0/Aula.Tests.dll" adapterTypeName="executor://xunit/VsTestRunner2/netcoreapp" className="Aula.Tests.Bots.SlackMessageHandlerTests" name="HandleMessageAsync_WithEmptyText_ReturnsFalse" />
    </UnitTest>
    <UnitTest name="Aula.Tests.Utilities.ReminderExtractionPromptsTests.GetExtractionPrompt_IncludesCurrentTime" storage="/mnt/d/git/aula/src/aula.tests/bin/debug/net9.0/aula.tests.dll" id="aef92e61-6107-1b9f-7603-daa021c2c030">
      <Execution id="50a51315-13d3-4c27-ba0d-9894a54aef37" />
      <TestMethod codeBase="/mnt/d/git/aula/src/Aula.Tests/bin/Debug/net9.0/Aula.Tests.dll" adapterTypeName="executor://xunit/VsTestRunner2/netcoreapp" className="Aula.Tests.Utilities.ReminderExtractionPromptsTests" name="GetExtractionPrompt_IncludesCurrentTime" />
    </UnitTest>
    <UnitTest name="Aula.Tests.Channels.TelegramClientTests.Constructor_WithVariousTokens_DoesNotThrow(token: &quot;&quot;)" storage="/mnt/d/git/aula/src/aula.tests/bin/debug/net9.0/aula.tests.dll" id="ed73f3dd-84f9-ccdb-8bc0-17130004fe1b">
      <Execution id="1e47d3cf-2633-439c-b8ca-4562fe078e3c" />
      <TestMethod codeBase="/mnt/d/git/aula/src/Aula.Tests/bin/Debug/net9.0/Aula.Tests.dll" adapterTypeName="executor://xunit/VsTestRunner2/netcoreapp" className="Aula.Tests.Channels.TelegramClientTests" name="Constructor_WithVariousTokens_DoesNotThrow" />
    </UnitTest>
    <UnitTest name="Aula.Tests.Services.OpenAiServiceIntegrationTests.ChatInterface_Slack_HasCorrectValue" storage="/mnt/d/git/aula/src/aula.tests/bin/debug/net9.0/aula.tests.dll" id="bb2b6e22-8876-e112-3e1e-ad1f0802bc47">
      <Execution id="9fbda3ed-ecfa-4572-9f8c-3e8ca24bd134" />
      <TestMethod codeBase="/mnt/d/git/aula/src/Aula.Tests/bin/Debug/net9.0/Aula.Tests.dll" adapterTypeName="executor://xunit/VsTestRunner2/netcoreapp" className="Aula.Tests.Services.OpenAiServiceIntegrationTests" name="ChatInterface_Slack_HasCorrectValue" />
    </UnitTest>
    <UnitTest name="Aula.Tests.Utilities.DateTimeUtilitiesTests.GetDanishDayName_ValidDayOfWeek_ReturnsCorrectDanishName(dayOfWeek: Saturday, expectedDanishName: &quot;lørdag&quot;)" storage="/mnt/d/git/aula/src/aula.tests/bin/debug/net9.0/aula.tests.dll" id="bdc09174-9d70-e652-ba81-c9f592504617">
      <Execution id="b2f31686-d633-4d7b-8aa8-545da4794e7c" />
      <TestMethod codeBase="/mnt/d/git/aula/src/Aula.Tests/bin/Debug/net9.0/Aula.Tests.dll" adapterTypeName="executor://xunit/VsTestRunner2/netcoreapp" className="Aula.Tests.Utilities.DateTimeUtilitiesTests" name="GetDanishDayName_ValidDayOfWeek_ReturnsCorrectDanishName" />
    </UnitTest>
    <UnitTest name="Aula.Tests.Utilities.DateTimeUtilitiesTests.GetDanishDayName_AllValidDaysOfWeek_ReturnsNonEmptyString(dayOfWeek: Wednesday)" storage="/mnt/d/git/aula/src/aula.tests/bin/debug/net9.0/aula.tests.dll" id="5a2ccf07-adb3-2976-b4d9-5a45aeffd5a5">
      <Execution id="76e70c0d-c443-450c-930b-33aa807fa13f" />
      <TestMethod codeBase="/mnt/d/git/aula/src/Aula.Tests/bin/Debug/net9.0/Aula.Tests.dll" adapterTypeName="executor://xunit/VsTestRunner2/netcoreapp" className="Aula.Tests.Utilities.DateTimeUtilitiesTests" name="GetDanishDayName_AllValidDaysOfWeek_ReturnsNonEmptyString" />
    </UnitTest>
    <UnitTest name="Aula.Tests.Services.DataModelTests.Reminder_DateTimeHandling_WorksCorrectly" storage="/mnt/d/git/aula/src/aula.tests/bin/debug/net9.0/aula.tests.dll" id="ad0d39e5-00d7-6228-aeb3-c91c6b3da5f5">
      <Execution id="d99c8396-f0c1-4619-a6c9-878d37144564" />
      <TestMethod codeBase="/mnt/d/git/aula/src/Aula.Tests/bin/Debug/net9.0/Aula.Tests.dll" adapterTypeName="executor://xunit/VsTestRunner2/netcoreapp" className="Aula.Tests.Services.DataModelTests" name="Reminder_DateTimeHandling_WorksCorrectly" />
    </UnitTest>
    <UnitTest name="Aula.Tests.Channels.SlackBotTests.Constructor_WithWebhookUrl_CreatesInstance" storage="/mnt/d/git/aula/src/aula.tests/bin/debug/net9.0/aula.tests.dll" id="897f10c2-6c72-467e-5a23-7b3bebf70ffb">
      <Execution id="62a46f17-03b8-47e8-ac12-2a45af8d50b2" />
      <TestMethod codeBase="/mnt/d/git/aula/src/Aula.Tests/bin/Debug/net9.0/Aula.Tests.dll" adapterTypeName="executor://xunit/VsTestRunner2/netcoreapp" className="Aula.Tests.Channels.SlackBotTests" name="Constructor_WithWebhookUrl_CreatesInstance" />
    </UnitTest>
    <UnitTest name="Aula.Tests.Services.OpenAiServiceIntegrationTests.ExtractKeyInformationAsync_WithValidWeekLetter_CallsApiWithCorrectParameters" storage="/mnt/d/git/aula/src/aula.tests/bin/debug/net9.0/aula.tests.dll" id="4f957322-220c-36b8-b6b3-657137ac0ed1">
      <Execution id="a289ada5-8b66-4a22-8295-45a8bfbb439b" />
      <TestMethod codeBase="/mnt/d/git/aula/src/Aula.Tests/bin/Debug/net9.0/Aula.Tests.dll" adapterTypeName="executor://xunit/VsTestRunner2/netcoreapp" className="Aula.Tests.Services.OpenAiServiceIntegrationTests" name="ExtractKeyInformationAsync_WithValidWeekLetter_CallsApiWithCorrectParameters" />
    </UnitTest>
    <UnitTest name="Aula.Tests.Utilities.JsonFormatterTests.Prettify_WithBooleanAndNull_PreservesTypes" storage="/mnt/d/git/aula/src/aula.tests/bin/debug/net9.0/aula.tests.dll" id="7461a5be-ee77-e379-ff74-051c3d53d9e0">
      <Execution id="ba6e61a3-a24a-49d3-a6e7-c7ce2a03f163" />
      <TestMethod codeBase="/mnt/d/git/aula/src/Aula.Tests/bin/Debug/net9.0/Aula.Tests.dll" adapterTypeName="executor://xunit/VsTestRunner2/netcoreapp" className="Aula.Tests.Utilities.JsonFormatterTests" name="Prettify_WithBooleanAndNull_PreservesTypes" />
    </UnitTest>
    <UnitTest name="Aula.Tests.Configuration.ConfigurationTests.Timers_SchedulingInterval_ValidationTests(intervalSeconds: -1, isValid: False)" storage="/mnt/d/git/aula/src/aula.tests/bin/debug/net9.0/aula.tests.dll" id="5545fc75-ce9a-79d5-867a-5bec0a88ff66">
      <Execution id="6c17fb31-476c-4523-9920-f1a4a1245d94" />
      <TestMethod codeBase="/mnt/d/git/aula/src/Aula.Tests/bin/Debug/net9.0/Aula.Tests.dll" adapterTypeName="executor://xunit/VsTestRunner2/netcoreapp" className="Aula.Tests.Configuration.ConfigurationTests" name="Timers_SchedulingInterval_ValidationTests" />
    </UnitTest>
    <UnitTest name="Aula.Tests.Utilities.FollowUpQuestionDetectorTests.IsFollowUpQuestion_WithoutFollowUpPhrases_ReturnsFalse(input: &quot;random text&quot;)" storage="/mnt/d/git/aula/src/aula.tests/bin/debug/net9.0/aula.tests.dll" id="4efd7a5c-c0df-ae80-f7ee-8f404f14cec4">
      <Execution id="4dcb729e-819e-4f3e-82b7-c1a5f6c8a411" />
      <TestMethod codeBase="/mnt/d/git/aula/src/Aula.Tests/bin/Debug/net9.0/Aula.Tests.dll" adapterTypeName="executor://xunit/VsTestRunner2/netcoreapp" className="Aula.Tests.Utilities.FollowUpQuestionDetectorTests" name="IsFollowUpQuestion_WithoutFollowUpPhrases_ReturnsFalse" />
    </UnitTest>
    <UnitTest name="Aula.Tests.Utilities.IntentAnalysisPromptsTests.ToolExamples_ContainsRequiredKeys(key: &quot;GET_CURRENT_TIME&quot;)" storage="/mnt/d/git/aula/src/aula.tests/bin/debug/net9.0/aula.tests.dll" id="bf6936c5-c569-cff2-295a-80008bcc4af4">
      <Execution id="fb3c2cc6-567c-4223-a0fb-c745ee70f344" />
      <TestMethod codeBase="/mnt/d/git/aula/src/Aula.Tests/bin/Debug/net9.0/Aula.Tests.dll" adapterTypeName="executor://xunit/VsTestRunner2/netcoreapp" className="Aula.Tests.Utilities.IntentAnalysisPromptsTests" name="ToolExamples_ContainsRequiredKeys" />
    </UnitTest>
    <UnitTest name="Aula.Tests.Utilities.FollowUpQuestionDetectorTests.IsFollowUpQuestion_WithEnglishFollowUpPhrases_ReturnsTrue(input: &quot;how about Liam&quot;)" storage="/mnt/d/git/aula/src/aula.tests/bin/debug/net9.0/aula.tests.dll" id="3e382f98-ef8c-4926-27b6-c03a83290bad">
      <Execution id="0ea4868b-bbe4-40df-854d-c43233c9e2ee" />
      <TestMethod codeBase="/mnt/d/git/aula/src/Aula.Tests/bin/Debug/net9.0/Aula.Tests.dll" adapterTypeName="executor://xunit/VsTestRunner2/netcoreapp" className="Aula.Tests.Utilities.FollowUpQuestionDetectorTests" name="IsFollowUpQuestion_WithEnglishFollowUpPhrases_ReturnsTrue" />
    </UnitTest>
    <UnitTest name="Aula.Tests.Utilities.ConversationContextManagerTests.ClearContext_WithNonExistentKey_DoesNotLog" storage="/mnt/d/git/aula/src/aula.tests/bin/debug/net9.0/aula.tests.dll" id="ad8a2ff8-387f-a97d-ceb6-7fab64c9766a">
      <Execution id="2832b268-d5ee-4db1-b672-5c0352245bb0" />
      <TestMethod codeBase="/mnt/d/git/aula/src/Aula.Tests/bin/Debug/net9.0/Aula.Tests.dll" adapterTypeName="executor://xunit/VsTestRunner2/netcoreapp" className="Aula.Tests.Utilities.ConversationContextManagerTests" name="ClearContext_WithNonExistentKey_DoesNotLog" />
    </UnitTest>
    <UnitTest name="Aula.Tests.Utilities.FollowUpQuestionDetectorTests.IsFollowUpQuestion_WithFullChildNames_WorksCorrectly(input: &quot;what about Emma Rose&quot;)" storage="/mnt/d/git/aula/src/aula.tests/bin/debug/net9.0/aula.tests.dll" id="fa32a9bf-193e-172b-6d15-20cb227d126c">
      <Execution id="3e34af1b-3314-4c13-a51b-009f484db2b6" />
      <TestMethod codeBase="/mnt/d/git/aula/src/Aula.Tests/bin/Debug/net9.0/Aula.Tests.dll" adapterTypeName="executor://xunit/VsTestRunner2/netcoreapp" className="Aula.Tests.Utilities.FollowUpQuestionDetectorTests" name="IsFollowUpQuestion_WithFullChildNames_WorksCorrectly" />
    </UnitTest>
    <UnitTest name="Aula.Tests.Tools.ReminderCommandHandlerTests.Constructor_WithNullSupabaseService_ThrowsArgumentNullException" storage="/mnt/d/git/aula/src/aula.tests/bin/debug/net9.0/aula.tests.dll" id="484a9c28-0cc9-95a2-990b-b9c28e6033e5">
      <Execution id="6eb2f49c-a295-4e7f-976b-e69438ab48a3" />
      <TestMethod codeBase="/mnt/d/git/aula/src/Aula.Tests/bin/Debug/net9.0/Aula.Tests.dll" adapterTypeName="executor://xunit/VsTestRunner2/netcoreapp" className="Aula.Tests.Tools.ReminderCommandHandlerTests" name="Constructor_WithNullSupabaseService_ThrowsArgumentNullException" />
    </UnitTest>
    <UnitTest name="Aula.Tests.Bots.TelegramMessageHandlerTests.Constructor_WithNullConversationContextManager_ThrowsArgumentNullException" storage="/mnt/d/git/aula/src/aula.tests/bin/debug/net9.0/aula.tests.dll" id="5befb21e-f374-5353-37db-f8026e3c1253">
      <Execution id="377f6ef4-f377-4504-9593-e9b7ff003e21" />
      <TestMethod codeBase="/mnt/d/git/aula/src/Aula.Tests/bin/Debug/net9.0/Aula.Tests.dll" adapterTypeName="executor://xunit/VsTestRunner2/netcoreapp" className="Aula.Tests.Bots.TelegramMessageHandlerTests" name="Constructor_WithNullConversationContextManager_ThrowsArgumentNullException" />
    </UnitTest>
    <UnitTest name="Aula.Tests.Services.DataModelTests.PostedLetter_WeekNumberValidation_ReturnsExpectedResult(weekNumber: 53, year: 2023, isValid: True)" storage="/mnt/d/git/aula/src/aula.tests/bin/debug/net9.0/aula.tests.dll" id="55912caf-6fc4-918c-e4ec-07597adc6c56">
      <Execution id="51780b5f-fbe6-4ad4-b65c-dee6e54c77b8" />
      <TestMethod codeBase="/mnt/d/git/aula/src/Aula.Tests/bin/Debug/net9.0/Aula.Tests.dll" adapterTypeName="executor://xunit/VsTestRunner2/netcoreapp" className="Aula.Tests.Services.DataModelTests" name="PostedLetter_WeekNumberValidation_ReturnsExpectedResult" />
    </UnitTest>
    <UnitTest name="Aula.Tests.Scheduling.SchedulingServiceIntegrationTests.StartAsync_CanBeCalledMultipleTimes_DoesNotThrow" storage="/mnt/d/git/aula/src/aula.tests/bin/debug/net9.0/aula.tests.dll" id="c4b1de39-f215-c6c4-5b38-2f74d4b1f600">
      <Execution id="4196eb3a-e6e4-4231-a99a-4abcf23fdc15" />
      <TestMethod codeBase="/mnt/d/git/aula/src/Aula.Tests/bin/Debug/net9.0/Aula.Tests.dll" adapterTypeName="executor://xunit/VsTestRunner2/netcoreapp" className="Aula.Tests.Scheduling.SchedulingServiceIntegrationTests" name="StartAsync_CanBeCalledMultipleTimes_DoesNotThrow" />
    </UnitTest>
    <UnitTest name="Aula.Tests.Scheduling.SchedulingServiceTests.Constructor_WithValidParameters_InitializesCorrectly" storage="/mnt/d/git/aula/src/aula.tests/bin/debug/net9.0/aula.tests.dll" id="715923f7-f881-74c1-66a2-e6f91fe6f3c7">
      <Execution id="436070c7-2d15-4390-b6c0-ee49f1bbc6b5" />
      <TestMethod codeBase="/mnt/d/git/aula/src/Aula.Tests/bin/Debug/net9.0/Aula.Tests.dll" adapterTypeName="executor://xunit/VsTestRunner2/netcoreapp" className="Aula.Tests.Scheduling.SchedulingServiceTests" name="Constructor_WithValidParameters_InitializesCorrectly" />
    </UnitTest>
    <UnitTest name="Aula.Tests.Utilities.FollowUpQuestionDetectorTests.IsFollowUpQuestion_WithDanishFollowUpPhrases_ReturnsTrue(input: &quot;hvad med Emma&quot;)" storage="/mnt/d/git/aula/src/aula.tests/bin/debug/net9.0/aula.tests.dll" id="8c3471e8-fc32-9e5a-4e09-9595c65b9cfb">
      <Execution id="407f0eea-9758-4ab4-a80f-35ec01810e2a" />
      <TestMethod codeBase="/mnt/d/git/aula/src/Aula.Tests/bin/Debug/net9.0/Aula.Tests.dll" adapterTypeName="executor://xunit/VsTestRunner2/netcoreapp" className="Aula.Tests.Utilities.FollowUpQuestionDetectorTests" name="IsFollowUpQuestion_WithDanishFollowUpPhrases_ReturnsTrue" />
    </UnitTest>
    <UnitTest name="Aula.Tests.Utilities.ConversationContextManagerTests.GetContext_WithValidKey_ReturnsContext" storage="/mnt/d/git/aula/src/aula.tests/bin/debug/net9.0/aula.tests.dll" id="ec69e657-5b70-1fb9-5485-83b465ae5c05">
      <Execution id="829cf0df-e538-4704-8fec-394f2449303a" />
      <TestMethod codeBase="/mnt/d/git/aula/src/Aula.Tests/bin/Debug/net9.0/Aula.Tests.dll" adapterTypeName="executor://xunit/VsTestRunner2/netcoreapp" className="Aula.Tests.Utilities.ConversationContextManagerTests" name="GetContext_WithValidKey_ReturnsContext" />
    </UnitTest>
    <UnitTest name="Aula.Tests.Services.OpenAiServiceIntegrationTests.AskQuestionAboutWeekLetterAsync_WithContextKey_WithNullWeekLetter_ThrowsArgumentNullException(chatInterface: Slack)" storage="/mnt/d/git/aula/src/aula.tests/bin/debug/net9.0/aula.tests.dll" id="ebaf8397-8612-cd93-1911-25f8b63dd1af">
      <Execution id="42e051d2-62df-45e3-a074-f407e08b32d6" />
      <TestMethod codeBase="/mnt/d/git/aula/src/Aula.Tests/bin/Debug/net9.0/Aula.Tests.dll" adapterTypeName="executor://xunit/VsTestRunner2/netcoreapp" className="Aula.Tests.Services.OpenAiServiceIntegrationTests" name="AskQuestionAboutWeekLetterAsync_WithContextKey_WithNullWeekLetter_ThrowsArgumentNullException" />
    </UnitTest>
    <UnitTest name="Aula.Tests.Configuration.ConfigurationTests.Timers_AdaptivePollingLimits_ValidationTests(minSeconds: 5, maxSeconds: 30, isValid: True)" storage="/mnt/d/git/aula/src/aula.tests/bin/debug/net9.0/aula.tests.dll" id="0a8ad004-d01c-d1e0-58a0-181e5b1d213b">
      <Execution id="47d59ba8-10c2-45c4-8192-bf2c43a37ff4" />
      <TestMethod codeBase="/mnt/d/git/aula/src/Aula.Tests/bin/Debug/net9.0/Aula.Tests.dll" adapterTypeName="executor://xunit/VsTestRunner2/netcoreapp" className="Aula.Tests.Configuration.ConfigurationTests" name="Timers_AdaptivePollingLimits_ValidationTests" />
    </UnitTest>
    <UnitTest name="Aula.Tests.Utilities.IntentAnalysisPromptsTests.ToolExamples_ContainsRequiredKeys(key: &quot;WEEK_LETTER_QUERY&quot;)" storage="/mnt/d/git/aula/src/aula.tests/bin/debug/net9.0/aula.tests.dll" id="4d1c39cc-af91-5c58-272b-da1e4b7a0924">
      <Execution id="01bdc7d0-df42-43f6-a173-00f02dddf409" />
      <TestMethod codeBase="/mnt/d/git/aula/src/Aula.Tests/bin/Debug/net9.0/Aula.Tests.dll" adapterTypeName="executor://xunit/VsTestRunner2/netcoreapp" className="Aula.Tests.Utilities.IntentAnalysisPromptsTests" name="ToolExamples_ContainsRequiredKeys" />
    </UnitTest>
    <UnitTest name="Aula.Tests.Services.DataModelTests.ScheduledTask_CronExpression_CanBeSet(cronExpression: &quot;0 9 * * 1-5&quot;, description: &quot;Daily at 9 AM on weekdays&quot;)" storage="/mnt/d/git/aula/src/aula.tests/bin/debug/net9.0/aula.tests.dll" id="d56dd742-e931-0f4c-26ba-408458db3851">
      <Execution id="7111a491-c69d-4dca-b4b8-fc7f3275e629" />
      <TestMethod codeBase="/mnt/d/git/aula/src/Aula.Tests/bin/Debug/net9.0/Aula.Tests.dll" adapterTypeName="executor://xunit/VsTestRunner2/netcoreapp" className="Aula.Tests.Services.DataModelTests" name="ScheduledTask_CronExpression_CanBeSet" />
    </UnitTest>
    <UnitTest name="Aula.Tests.Utilities.JsonFormatterTests.Prettify_WithStringValue_ReturnsFormattedString" storage="/mnt/d/git/aula/src/aula.tests/bin/debug/net9.0/aula.tests.dll" id="62b0fe72-30f1-2af2-c068-90091bfb1d44">
      <Execution id="fb9dae89-901b-4031-aa08-b92bea87c4ec" />
      <TestMethod codeBase="/mnt/d/git/aula/src/Aula.Tests/bin/Debug/net9.0/Aula.Tests.dll" adapterTypeName="executor://xunit/VsTestRunner2/netcoreapp" className="Aula.Tests.Utilities.JsonFormatterTests" name="Prettify_WithStringValue_ReturnsFormattedString" />
    </UnitTest>
    <UnitTest name="Aula.Tests.Channels.TelegramClientTests.PostWeekLetter_WithVariousChildNames_HandlesCorrectly(firstName: &quot;Søren Johannes&quot;)" storage="/mnt/d/git/aula/src/aula.tests/bin/debug/net9.0/aula.tests.dll" id="28097eda-a5f4-e6e6-7060-12e7665f3075">
      <Execution id="44629cdb-ba56-4b64-b6c1-4f2b898fd651" />
      <TestMethod codeBase="/mnt/d/git/aula/src/Aula.Tests/bin/Debug/net9.0/Aula.Tests.dll" adapterTypeName="executor://xunit/VsTestRunner2/netcoreapp" className="Aula.Tests.Channels.TelegramClientTests" name="PostWeekLetter_WithVariousChildNames_HandlesCorrectly" />
    </UnitTest>
    <UnitTest name="Aula.Tests.Services.DataServiceTests.CacheWeekSchedule_StoresDataInCache" storage="/mnt/d/git/aula/src/aula.tests/bin/debug/net9.0/aula.tests.dll" id="ca4a7c7d-ea0c-9793-dbdd-ecdb86ee62d2">
      <Execution id="b36cc102-1645-4720-ac0e-b0d708055614" />
      <TestMethod codeBase="/mnt/d/git/aula/src/Aula.Tests/bin/Debug/net9.0/Aula.Tests.dll" adapterTypeName="executor://xunit/VsTestRunner2/netcoreapp" className="Aula.Tests.Services.DataServiceTests" name="CacheWeekSchedule_StoresDataInCache" />
    </UnitTest>
    <UnitTest name="Aula.Tests.Tools.ReminderCommandHandlerTests.TryHandleReminderCommand_DeleteReminder_ValidCommands_ReturnsSuccess(command: &quot;delete reminder 1&quot;, isEnglish: True, expectedId: 1)" storage="/mnt/d/git/aula/src/aula.tests/bin/debug/net9.0/aula.tests.dll" id="47018a2b-c5b5-f700-6399-75af9808bb33">
      <Execution id="8e18cc27-e9f0-44ba-9f8c-14df4c25f336" />
      <TestMethod codeBase="/mnt/d/git/aula/src/Aula.Tests/bin/Debug/net9.0/Aula.Tests.dll" adapterTypeName="executor://xunit/VsTestRunner2/netcoreapp" className="Aula.Tests.Tools.ReminderCommandHandlerTests" name="TryHandleReminderCommand_DeleteReminder_ValidCommands_ReturnsSuccess" />
    </UnitTest>
    <UnitTest name="Aula.Tests.Channels.TelegramClientTests.SendMessageToChannel_WithVariousChannelIds_DoesNotThrow(channelId: &quot;-1001234567890&quot;)" storage="/mnt/d/git/aula/src/aula.tests/bin/debug/net9.0/aula.tests.dll" id="b7bbbe98-91af-7dec-8966-b09bed25d558">
      <Execution id="fb242091-1529-446c-b3ba-15e65ffe20dd" />
      <TestMethod codeBase="/mnt/d/git/aula/src/Aula.Tests/bin/Debug/net9.0/Aula.Tests.dll" adapterTypeName="executor://xunit/VsTestRunner2/netcoreapp" className="Aula.Tests.Channels.TelegramClientTests" name="SendMessageToChannel_WithVariousChannelIds_DoesNotThrow" />
    </UnitTest>
    <UnitTest name="Aula.Tests.Integration.AgentServiceTests.AskQuestionAboutWeekLetterAsync_WithContextKey_CallsOpenAiService" storage="/mnt/d/git/aula/src/aula.tests/bin/debug/net9.0/aula.tests.dll" id="7415a632-957d-b568-8d89-35975dec612b">
      <Execution id="b66c152a-0a04-4824-9e27-1c08d7be3f9b" />
      <TestMethod codeBase="/mnt/d/git/aula/src/Aula.Tests/bin/Debug/net9.0/Aula.Tests.dll" adapterTypeName="executor://xunit/VsTestRunner2/netcoreapp" className="Aula.Tests.Integration.AgentServiceTests" name="AskQuestionAboutWeekLetterAsync_WithContextKey_CallsOpenAiService" />
    </UnitTest>
    <UnitTest name="Aula.Tests.Tools.ReminderCommandHandlerTests.TryHandleReminderCommand_ListReminders_ValidCommands_ReturnsRemindersList(command: &quot;vis påmindelser&quot;, isEnglish: False)" storage="/mnt/d/git/aula/src/aula.tests/bin/debug/net9.0/aula.tests.dll" id="e91a7b75-ac3d-2bd0-17fa-3f23acb86759">
      <Execution id="bd4f7e59-712f-4dae-8fcc-67e1c68803db" />
      <TestMethod codeBase="/mnt/d/git/aula/src/Aula.Tests/bin/Debug/net9.0/Aula.Tests.dll" adapterTypeName="executor://xunit/VsTestRunner2/netcoreapp" className="Aula.Tests.Tools.ReminderCommandHandlerTests" name="TryHandleReminderCommand_ListReminders_ValidCommands_ReturnsRemindersList" />
    </UnitTest>
    <UnitTest name="Aula.Tests.Utilities.DateTimeUtilitiesTests.GetDanishDayName_ValidDayOfWeek_ReturnsLowercaseName(dayOfWeek: Wednesday, expectedName: &quot;onsdag&quot;)" storage="/mnt/d/git/aula/src/aula.tests/bin/debug/net9.0/aula.tests.dll" id="3c407d09-bd83-3cf2-cf6c-c0dc480601dc">
      <Execution id="fa412cd6-6a73-42dc-8048-409b4ced7021" />
      <TestMethod codeBase="/mnt/d/git/aula/src/Aula.Tests/bin/Debug/net9.0/Aula.Tests.dll" adapterTypeName="executor://xunit/VsTestRunner2/netcoreapp" className="Aula.Tests.Utilities.DateTimeUtilitiesTests" name="GetDanishDayName_ValidDayOfWeek_ReturnsLowercaseName" />
    </UnitTest>
    <UnitTest name="Aula.Tests.Utilities.ReminderExtractionPromptsTests.GetExtractionPrompt_ResponseFormat_IsConsistent" storage="/mnt/d/git/aula/src/aula.tests/bin/debug/net9.0/aula.tests.dll" id="d2358b75-2179-dc76-97f4-8e1dfce3fe98">
      <Execution id="7d845603-322a-4be1-95f1-fea5cc91754b" />
      <TestMethod codeBase="/mnt/d/git/aula/src/Aula.Tests/bin/Debug/net9.0/Aula.Tests.dll" adapterTypeName="executor://xunit/VsTestRunner2/netcoreapp" className="Aula.Tests.Utilities.ReminderExtractionPromptsTests" name="GetExtractionPrompt_ResponseFormat_IsConsistent" />
    </UnitTest>
    <UnitTest name="Aula.Tests.Configuration.ConfigurationTests.Features_ConversationCacheExpiration_ValidationTests(minutes: 30, isValid: True)" storage="/mnt/d/git/aula/src/aula.tests/bin/debug/net9.0/aula.tests.dll" id="20824924-0d17-ff1e-4d7b-1e65a0dd7f7d">
      <Execution id="09ea2949-ef21-4db3-82e4-668162496c81" />
      <TestMethod codeBase="/mnt/d/git/aula/src/Aula.Tests/bin/Debug/net9.0/Aula.Tests.dll" adapterTypeName="executor://xunit/VsTestRunner2/netcoreapp" className="Aula.Tests.Configuration.ConfigurationTests" name="Features_ConversationCacheExpiration_ValidationTests" />
    </UnitTest>
    <UnitTest name="Aula.Tests.Bots.TelegramMessageHandlerTests.Constructor_WithNullConfig_ThrowsArgumentNullException" storage="/mnt/d/git/aula/src/aula.tests/bin/debug/net9.0/aula.tests.dll" id="a4d29aee-2a2f-7b9e-08b4-102ef4fe6813">
      <Execution id="4d6a2a17-41d3-4e1f-8359-bed0e9ffc373" />
      <TestMethod codeBase="/mnt/d/git/aula/src/Aula.Tests/bin/Debug/net9.0/Aula.Tests.dll" adapterTypeName="executor://xunit/VsTestRunner2/netcoreapp" className="Aula.Tests.Bots.TelegramMessageHandlerTests" name="Constructor_WithNullConfig_ThrowsArgumentNullException" />
    </UnitTest>
    <UnitTest name="Aula.Tests.Bots.TelegramInteractiveBotTests.ComputeHash_WithDifferentInputs_ReturnsConsistentHashes(input: &quot;&quot;)" storage="/mnt/d/git/aula/src/aula.tests/bin/debug/net9.0/aula.tests.dll" id="fe1a2924-96f3-7e80-1a74-9f9fd249b93e">
      <Execution id="7e75ca11-016c-4e3a-8b99-9b1d8a56a02c" />
      <TestMethod codeBase="/mnt/d/git/aula/src/Aula.Tests/bin/Debug/net9.0/Aula.Tests.dll" adapterTypeName="executor://xunit/VsTestRunner2/netcoreapp" className="Aula.Tests.Bots.TelegramInteractiveBotTests" name="ComputeHash_WithDifferentInputs_ReturnsConsistentHashes" />
    </UnitTest>
    <UnitTest name="Aula.Tests.Utilities.DateTimeUtilitiesTests.GetDanishDayName_ValidDayOfWeek_ReturnsLowercaseName(dayOfWeek: Sunday, expectedName: &quot;søndag&quot;)" storage="/mnt/d/git/aula/src/aula.tests/bin/debug/net9.0/aula.tests.dll" id="adb49f16-3736-24f6-5b1f-837b780eb877">
      <Execution id="47c3a95f-cdef-4090-86ef-576f12218004" />
      <TestMethod codeBase="/mnt/d/git/aula/src/Aula.Tests/bin/Debug/net9.0/Aula.Tests.dll" adapterTypeName="executor://xunit/VsTestRunner2/netcoreapp" className="Aula.Tests.Utilities.DateTimeUtilitiesTests" name="GetDanishDayName_ValidDayOfWeek_ReturnsLowercaseName" />
    </UnitTest>
    <UnitTest name="Aula.Tests.Channels.SlackBotTests.PostWeekLetter_WithVariousChildColors_HandlesCorrectly(color: &quot;#0000FF&quot;)" storage="/mnt/d/git/aula/src/aula.tests/bin/debug/net9.0/aula.tests.dll" id="0f731173-747f-4b49-2f2d-d518fc733b7a">
      <Execution id="4e96dd58-e0e6-4b97-a97a-1deb553456a5" />
      <TestMethod codeBase="/mnt/d/git/aula/src/Aula.Tests/bin/Debug/net9.0/Aula.Tests.dll" adapterTypeName="executor://xunit/VsTestRunner2/netcoreapp" className="Aula.Tests.Channels.SlackBotTests" name="PostWeekLetter_WithVariousChildColors_HandlesCorrectly" />
    </UnitTest>
    <UnitTest name="Aula.Tests.Integration.AgentServiceTests.ExtractKeyInformationFromWeekLetterAsync_CallsOpenAiService" storage="/mnt/d/git/aula/src/aula.tests/bin/debug/net9.0/aula.tests.dll" id="a81f27b4-0dc1-da96-d279-fb940b021717">
      <Execution id="7af8797a-2607-4831-988d-ce46c2ecbf28" />
      <TestMethod codeBase="/mnt/d/git/aula/src/Aula.Tests/bin/Debug/net9.0/Aula.Tests.dll" adapterTypeName="executor://xunit/VsTestRunner2/netcoreapp" className="Aula.Tests.Integration.AgentServiceTests" name="ExtractKeyInformationFromWeekLetterAsync_CallsOpenAiService" />
    </UnitTest>
    <UnitTest name="Aula.Tests.Utilities.FollowUpQuestionDetectorTests.IsFollowUpQuestion_WithChildNameAndShortMessage_ReturnsTrue(input: &quot;emma&quot;)" storage="/mnt/d/git/aula/src/aula.tests/bin/debug/net9.0/aula.tests.dll" id="5978b633-9011-54a2-21cc-a2b29dbbebca">
      <Execution id="facd6891-7d76-4c82-be93-48b8bf3a6bc0" />
      <TestMethod codeBase="/mnt/d/git/aula/src/Aula.Tests/bin/Debug/net9.0/Aula.Tests.dll" adapterTypeName="executor://xunit/VsTestRunner2/netcoreapp" className="Aula.Tests.Utilities.FollowUpQuestionDetectorTests" name="IsFollowUpQuestion_WithChildNameAndShortMessage_ReturnsTrue" />
    </UnitTest>
    <UnitTest name="Aula.Tests.Tools.AiToolsManagerTests.ListRemindersAsync_WithReminders_ReturnsFormattedList" storage="/mnt/d/git/aula/src/aula.tests/bin/debug/net9.0/aula.tests.dll" id="d40cf226-bdf8-6b6d-78c9-8bc50af04b77">
      <Execution id="954dbce4-58b6-49a0-a715-3c3a5c366e6a" />
      <TestMethod codeBase="/mnt/d/git/aula/src/Aula.Tests/bin/Debug/net9.0/Aula.Tests.dll" adapterTypeName="executor://xunit/VsTestRunner2/netcoreapp" className="Aula.Tests.Tools.AiToolsManagerTests" name="ListRemindersAsync_WithReminders_ReturnsFormattedList" />
    </UnitTest>
    <UnitTest name="Aula.Tests.Utilities.WeekLetterContentExtractorTests.ExtractContent_WithValidJObject_ReturnsContent" storage="/mnt/d/git/aula/src/aula.tests/bin/debug/net9.0/aula.tests.dll" id="2a1dcdd7-96d2-dad7-f34d-9619dff356c8">
      <Execution id="8cf071be-3056-4421-8e64-87e3af2f19d3" />
      <TestMethod codeBase="/mnt/d/git/aula/src/Aula.Tests/bin/Debug/net9.0/Aula.Tests.dll" adapterTypeName="executor://xunit/VsTestRunner2/netcoreapp" className="Aula.Tests.Utilities.WeekLetterContentExtractorTests" name="ExtractContent_WithValidJObject_ReturnsContent" />
    </UnitTest>
    <UnitTest name="Aula.Tests.Bots.TelegramInteractiveBotTests.Stop_WhenCalled_LogsInformation" storage="/mnt/d/git/aula/src/aula.tests/bin/debug/net9.0/aula.tests.dll" id="ab49834c-8dcd-dead-a042-efc0f8ab3657">
      <Execution id="ede3385d-f7ef-4f0b-b0f1-dd0f9b095c27" />
      <TestMethod codeBase="/mnt/d/git/aula/src/Aula.Tests/bin/Debug/net9.0/Aula.Tests.dll" adapterTypeName="executor://xunit/VsTestRunner2/netcoreapp" className="Aula.Tests.Bots.TelegramInteractiveBotTests" name="Stop_WhenCalled_LogsInformation" />
    </UnitTest>
    <UnitTest name="Aula.Tests.Bots.SlackMessageHandlerTests.HandleMessageAsync_WithValidQuery_ProcessesSuccessfully(queryText: &quot;Hvad skal Emma i dag?&quot;)" storage="/mnt/d/git/aula/src/aula.tests/bin/debug/net9.0/aula.tests.dll" id="5ad91b1e-e6bf-9b68-b95f-00f8f29f8b7a">
      <Execution id="47278ae1-5fe9-46ba-8438-66a878ab2330" />
      <TestMethod codeBase="/mnt/d/git/aula/src/Aula.Tests/bin/Debug/net9.0/Aula.Tests.dll" adapterTypeName="executor://xunit/VsTestRunner2/netcoreapp" className="Aula.Tests.Bots.SlackMessageHandlerTests" name="HandleMessageAsync_WithValidQuery_ProcessesSuccessfully" />
    </UnitTest>
    <UnitTest name="Aula.Tests.Utilities.FollowUpQuestionDetectorTests.IsFollowUpQuestion_WithChildNameAndTimeReference_ReturnsFalse(input: &quot;Emma i dag&quot;)" storage="/mnt/d/git/aula/src/aula.tests/bin/debug/net9.0/aula.tests.dll" id="9c66a10c-5031-a4c7-4640-d32dfe0d1dde">
      <Execution id="239fc45a-0fb4-49d8-a53a-41566a541888" />
      <TestMethod codeBase="/mnt/d/git/aula/src/Aula.Tests/bin/Debug/net9.0/Aula.Tests.dll" adapterTypeName="executor://xunit/VsTestRunner2/netcoreapp" className="Aula.Tests.Utilities.FollowUpQuestionDetectorTests" name="IsFollowUpQuestion_WithChildNameAndTimeReference_ReturnsFalse" />
    </UnitTest>
    <UnitTest name="Aula.Tests.Utilities.FollowUpQuestionDetectorTests.IsFollowUpQuestion_WithoutFollowUpPhrases_ReturnsFalse(input: &quot;hello&quot;)" storage="/mnt/d/git/aula/src/aula.tests/bin/debug/net9.0/aula.tests.dll" id="c6b19e93-2b61-da47-f9a3-89a03fe395c8">
      <Execution id="4cd038ac-d622-497e-94ca-3ad02177d2c8" />
      <TestMethod codeBase="/mnt/d/git/aula/src/Aula.Tests/bin/Debug/net9.0/Aula.Tests.dll" adapterTypeName="executor://xunit/VsTestRunner2/netcoreapp" className="Aula.Tests.Utilities.FollowUpQuestionDetectorTests" name="IsFollowUpQuestion_WithoutFollowUpPhrases_ReturnsFalse" />
    </UnitTest>
    <UnitTest name="Aula.Tests.Configuration.ConfigurationTests.GoogleServiceAccount_ConfigurationIsCorrect" storage="/mnt/d/git/aula/src/aula.tests/bin/debug/net9.0/aula.tests.dll" id="07e0302f-2dc8-4d9e-5870-92f7c56a6ee3">
      <Execution id="453da284-24a7-458f-b581-52799f2e2a8e" />
      <TestMethod codeBase="/mnt/d/git/aula/src/Aula.Tests/bin/Debug/net9.0/Aula.Tests.dll" adapterTypeName="executor://xunit/VsTestRunner2/netcoreapp" className="Aula.Tests.Configuration.ConfigurationTests" name="GoogleServiceAccount_ConfigurationIsCorrect" />
    </UnitTest>
    <UnitTest name="Aula.Tests.Bots.TelegramMessageHandlerTests.Constructor_WithNullAgentService_ThrowsArgumentNullException" storage="/mnt/d/git/aula/src/aula.tests/bin/debug/net9.0/aula.tests.dll" id="a35c1648-d310-4839-ee57-c271d40d7d0e">
      <Execution id="e6de3323-1a15-4ff6-8868-b87823e6379a" />
      <TestMethod codeBase="/mnt/d/git/aula/src/Aula.Tests/bin/Debug/net9.0/Aula.Tests.dll" adapterTypeName="executor://xunit/VsTestRunner2/netcoreapp" className="Aula.Tests.Bots.TelegramMessageHandlerTests" name="Constructor_WithNullAgentService_ThrowsArgumentNullException" />
    </UnitTest>
    <UnitTest name="Aula.Tests.Scheduling.SchedulingServiceIntegrationTests.Constructor_WithNullSlackBot_ThrowsArgumentNullException" storage="/mnt/d/git/aula/src/aula.tests/bin/debug/net9.0/aula.tests.dll" id="690eef1c-e4e3-0c63-48ad-a783777fa685">
      <Execution id="f659c4ab-370c-48ff-9f83-71342a8d022c" />
      <TestMethod codeBase="/mnt/d/git/aula/src/Aula.Tests/bin/Debug/net9.0/Aula.Tests.dll" adapterTypeName="executor://xunit/VsTestRunner2/netcoreapp" className="Aula.Tests.Scheduling.SchedulingServiceIntegrationTests" name="Constructor_WithNullSlackBot_ThrowsArgumentNullException" />
    </UnitTest>
    <UnitTest name="Aula.Tests.Services.OpenAiServiceIntegrationTests.ProcessQueryWithToolsAsync_WithInvalidContextKey_HandlesGracefully(contextKey: &quot;&quot;)" storage="/mnt/d/git/aula/src/aula.tests/bin/debug/net9.0/aula.tests.dll" id="43d92e28-376b-d2ca-21c6-711295d5b8ea">
      <Execution id="1e771175-1f34-4d1e-bde9-cef4a3293973" />
      <TestMethod codeBase="/mnt/d/git/aula/src/Aula.Tests/bin/Debug/net9.0/Aula.Tests.dll" adapterTypeName="executor://xunit/VsTestRunner2/netcoreapp" className="Aula.Tests.Services.OpenAiServiceIntegrationTests" name="ProcessQueryWithToolsAsync_WithInvalidContextKey_HandlesGracefully" />
    </UnitTest>
    <UnitTest name="Aula.Tests.Utilities.IntentAnalysisPromptsTests.ToolExamples_ContainsExpectedEntries" storage="/mnt/d/git/aula/src/aula.tests/bin/debug/net9.0/aula.tests.dll" id="a779e8fb-6c0d-9d3b-3942-4cfee84facb5">
      <Execution id="f9dbf792-cbbb-4e3e-a25a-8f08d6aa6564" />
      <TestMethod codeBase="/mnt/d/git/aula/src/Aula.Tests/bin/Debug/net9.0/Aula.Tests.dll" adapterTypeName="executor://xunit/VsTestRunner2/netcoreapp" className="Aula.Tests.Utilities.IntentAnalysisPromptsTests" name="ToolExamples_ContainsExpectedEntries" />
    </UnitTest>
    <UnitTest name="Aula.Tests.Utilities.ConversationContextManagerTests.UpdateContext_WithValidInput_CreatesNewContext" storage="/mnt/d/git/aula/src/aula.tests/bin/debug/net9.0/aula.tests.dll" id="ac6ebb8c-c327-57cd-3af5-aa07fb4edc14">
      <Execution id="7c611b78-062b-4eae-b14d-34325e79e83b" />
      <TestMethod codeBase="/mnt/d/git/aula/src/Aula.Tests/bin/Debug/net9.0/Aula.Tests.dll" adapterTypeName="executor://xunit/VsTestRunner2/netcoreapp" className="Aula.Tests.Utilities.ConversationContextManagerTests" name="UpdateContext_WithValidInput_CreatesNewContext" />
    </UnitTest>
    <UnitTest name="Aula.Tests.Tools.ReminderCommandHandlerTests.TryHandleReminderCommand_ListReminders_ValidCommands_ReturnsRemindersList(command: &quot;show reminders&quot;, isEnglish: True)" storage="/mnt/d/git/aula/src/aula.tests/bin/debug/net9.0/aula.tests.dll" id="5e8b18ba-6a80-fd43-4cb0-8c6bdf8765d5">
      <Execution id="f90db2d1-4354-4952-9bd5-d360d1226889" />
      <TestMethod codeBase="/mnt/d/git/aula/src/Aula.Tests/bin/Debug/net9.0/Aula.Tests.dll" adapterTypeName="executor://xunit/VsTestRunner2/netcoreapp" className="Aula.Tests.Tools.ReminderCommandHandlerTests" name="TryHandleReminderCommand_ListReminders_ValidCommands_ReturnsRemindersList" />
    </UnitTest>
    <UnitTest name="Aula.Tests.Bots.SlackMessageHandlerTests.HandleMessageAsync_WithReminderCommand_ProcessesMessage(reminderCommand: &quot;mind mig om noget&quot;)" storage="/mnt/d/git/aula/src/aula.tests/bin/debug/net9.0/aula.tests.dll" id="79979fc0-e5af-470a-b4aa-2d3b2b88ed93">
      <Execution id="bc857516-75a6-4896-8c36-bb5fe3b7b5f6" />
      <TestMethod codeBase="/mnt/d/git/aula/src/Aula.Tests/bin/Debug/net9.0/Aula.Tests.dll" adapterTypeName="executor://xunit/VsTestRunner2/netcoreapp" className="Aula.Tests.Bots.SlackMessageHandlerTests" name="HandleMessageAsync_WithReminderCommand_ProcessesMessage" />
    </UnitTest>
    <UnitTest name="Aula.Tests.Bots.TelegramInteractiveBotTests.SendMessage_WithLongChatIdAsLong_SendsSuccessfully(chatId: 987654321)" storage="/mnt/d/git/aula/src/aula.tests/bin/debug/net9.0/aula.tests.dll" id="9191e86e-6282-7313-7613-da1e1fef327e">
      <Execution id="239ce78e-67f2-4a48-b402-35dd533676b3" />
      <TestMethod codeBase="/mnt/d/git/aula/src/Aula.Tests/bin/Debug/net9.0/Aula.Tests.dll" adapterTypeName="executor://xunit/VsTestRunner2/netcoreapp" className="Aula.Tests.Bots.TelegramInteractiveBotTests" name="SendMessage_WithLongChatIdAsLong_SendsSuccessfully" />
    </UnitTest>
    <UnitTest name="Aula.Tests.Utilities.Html2SlackMarkdownConverterTests.Convert_WithScriptAndStyleTags_RemovesTagsButNotContent(html: &quot;&lt;style&gt;body { color: red; }&lt;/style&gt;&lt;p&gt;Content&lt;/p&gt;&quot;)" storage="/mnt/d/git/aula/src/aula.tests/bin/debug/net9.0/aula.tests.dll" id="e57b5d64-f9f1-68ef-e175-4a5caa032c54">
      <Execution id="00b52985-9781-400a-8799-2b2fc3294bf1" />
      <TestMethod codeBase="/mnt/d/git/aula/src/Aula.Tests/bin/Debug/net9.0/Aula.Tests.dll" adapterTypeName="executor://xunit/VsTestRunner2/netcoreapp" className="Aula.Tests.Utilities.Html2SlackMarkdownConverterTests" name="Convert_WithScriptAndStyleTags_RemovesTagsButNotContent" />
    </UnitTest>
    <UnitTest name="Aula.Tests.Utilities.Html2SlackMarkdownConverterTests.Convert_WithSpecialCharacters_HandlesCorrectly" storage="/mnt/d/git/aula/src/aula.tests/bin/debug/net9.0/aula.tests.dll" id="c4c73275-60fb-43b0-eee6-93a19927e8fc">
      <Execution id="922066da-bda1-48ce-ba39-09912028c5c4" />
      <TestMethod codeBase="/mnt/d/git/aula/src/Aula.Tests/bin/Debug/net9.0/Aula.Tests.dll" adapterTypeName="executor://xunit/VsTestRunner2/netcoreapp" className="Aula.Tests.Utilities.Html2SlackMarkdownConverterTests" name="Convert_WithSpecialCharacters_HandlesCorrectly" />
    </UnitTest>
    <UnitTest name="Aula.Tests.Utilities.WeekLetterContentExtractorTests.ExtractContent_WithNullLogger_DoesNotThrow" storage="/mnt/d/git/aula/src/aula.tests/bin/debug/net9.0/aula.tests.dll" id="3e10b303-d441-b310-0523-4f1f964c7566">
      <Execution id="0f0400f4-d9a0-4a74-8364-cddef6c58418" />
      <TestMethod codeBase="/mnt/d/git/aula/src/Aula.Tests/bin/Debug/net9.0/Aula.Tests.dll" adapterTypeName="executor://xunit/VsTestRunner2/netcoreapp" className="Aula.Tests.Utilities.WeekLetterContentExtractorTests" name="ExtractContent_WithNullLogger_DoesNotThrow" />
    </UnitTest>
    <UnitTest name="Aula.Tests.Tools.ReminderCommandHandlerTests.TryHandleReminderCommand_DeleteReminder_ValidCommands_ReturnsSuccess(command: &quot;slet påmindelse 456&quot;, isEnglish: False, expectedId: 456)" storage="/mnt/d/git/aula/src/aula.tests/bin/debug/net9.0/aula.tests.dll" id="c1d38bdc-38f6-c12c-a7df-652ec55b291d">
      <Execution id="0205a885-fe53-43bc-ab0d-9cf076c121db" />
      <TestMethod codeBase="/mnt/d/git/aula/src/Aula.Tests/bin/Debug/net9.0/Aula.Tests.dll" adapterTypeName="executor://xunit/VsTestRunner2/netcoreapp" className="Aula.Tests.Tools.ReminderCommandHandlerTests" name="TryHandleReminderCommand_DeleteReminder_ValidCommands_ReturnsSuccess" />
    </UnitTest>
    <UnitTest name="Aula.Tests.Bots.SlackInteractiveBotTests.PostWeekLetter_WithValidData_PostsSuccessfully" storage="/mnt/d/git/aula/src/aula.tests/bin/debug/net9.0/aula.tests.dll" id="1ce865d9-57c4-31f9-0333-820160e71698">
      <Execution id="24cefe04-2989-4f68-bd30-528b493ce10b" />
      <TestMethod codeBase="/mnt/d/git/aula/src/Aula.Tests/bin/Debug/net9.0/Aula.Tests.dll" adapterTypeName="executor://xunit/VsTestRunner2/netcoreapp" className="Aula.Tests.Bots.SlackInteractiveBotTests" name="PostWeekLetter_WithValidData_PostsSuccessfully" />
    </UnitTest>
    <UnitTest name="Aula.Tests.Configuration.ConfigurationTests.Slack_ChannelId_ValidationTests(channelId: &quot;   &quot;, isValid: False)" storage="/mnt/d/git/aula/src/aula.tests/bin/debug/net9.0/aula.tests.dll" id="f5c58e94-9cf1-991c-aa85-75e7d2a200a6">
      <Execution id="84b3c58c-1186-42f9-8b8a-eeeff60c33c5" />
      <TestMethod codeBase="/mnt/d/git/aula/src/Aula.Tests/bin/Debug/net9.0/Aula.Tests.dll" adapterTypeName="executor://xunit/VsTestRunner2/netcoreapp" className="Aula.Tests.Configuration.ConfigurationTests" name="Slack_ChannelId_ValidationTests" />
    </UnitTest>
    <UnitTest name="Aula.Tests.Bots.TelegramMessageHandlerTests.HandleMessageAsync_WithEmptyText_ReturnsEarly" storage="/mnt/d/git/aula/src/aula.tests/bin/debug/net9.0/aula.tests.dll" id="e64ab231-01c1-e586-c097-a5bc789dc9e3">
      <Execution id="f41130a7-4f58-467a-945d-a7b247f3f411" />
      <TestMethod codeBase="/mnt/d/git/aula/src/Aula.Tests/bin/Debug/net9.0/Aula.Tests.dll" adapterTypeName="executor://xunit/VsTestRunner2/netcoreapp" className="Aula.Tests.Bots.TelegramMessageHandlerTests" name="HandleMessageAsync_WithEmptyText_ReturnsEarly" />
    </UnitTest>
    <UnitTest name="Aula.Tests.Bots.TelegramInteractiveBotTests.Constructor_WithValidParameters_InitializesCorrectly" storage="/mnt/d/git/aula/src/aula.tests/bin/debug/net9.0/aula.tests.dll" id="586d74ce-5942-0e84-021d-61533272d525">
      <Execution id="62cceb31-793b-4ca5-9f32-10adca84eb13" />
      <TestMethod codeBase="/mnt/d/git/aula/src/Aula.Tests/bin/Debug/net9.0/Aula.Tests.dll" adapterTypeName="executor://xunit/VsTestRunner2/netcoreapp" className="Aula.Tests.Bots.TelegramInteractiveBotTests" name="Constructor_WithValidParameters_InitializesCorrectly" />
    </UnitTest>
    <UnitTest name="Aula.Tests.Utilities.FollowUpQuestionDetectorTests.IsFollowUpQuestion_WithLongMessageContainingChildName_ReturnsFalse(input: &quot;This is a very long message that contains Emma but&quot;···)" storage="/mnt/d/git/aula/src/aula.tests/bin/debug/net9.0/aula.tests.dll" id="cea2ec8e-0a0c-aae3-594d-8b1cbbb55ac5">
      <Execution id="8f9c2beb-fde8-4fd6-9bb6-43070d30e386" />
      <TestMethod codeBase="/mnt/d/git/aula/src/Aula.Tests/bin/Debug/net9.0/Aula.Tests.dll" adapterTypeName="executor://xunit/VsTestRunner2/netcoreapp" className="Aula.Tests.Utilities.FollowUpQuestionDetectorTests" name="IsFollowUpQuestion_WithLongMessageContainingChildName_ReturnsFalse" />
    </UnitTest>
    <UnitTest name="Aula.Tests.Channels.SlackBotTests.PostMessage_WithVariousMessages_DoesNotThrow(message: &quot;Message with special chars: @#$%&quot;)" storage="/mnt/d/git/aula/src/aula.tests/bin/debug/net9.0/aula.tests.dll" id="f3b6f74b-87b3-fd71-9913-805f7e4c5e0e">
      <Execution id="60e8d624-4ea1-4f7b-8d0c-eff3526202cd" />
      <TestMethod codeBase="/mnt/d/git/aula/src/Aula.Tests/bin/Debug/net9.0/Aula.Tests.dll" adapterTypeName="executor://xunit/VsTestRunner2/netcoreapp" className="Aula.Tests.Channels.SlackBotTests" name="PostMessage_WithVariousMessages_DoesNotThrow" />
    </UnitTest>
    <UnitTest name="Aula.Tests.Utilities.DateTimeUtilitiesTests.GetDanishDayName_AllValidDaysOfWeek_ReturnsUniqueNames" storage="/mnt/d/git/aula/src/aula.tests/bin/debug/net9.0/aula.tests.dll" id="ee53ce2c-fb8e-2870-2bec-d824ac6cea07">
      <Execution id="30501155-4077-4b9f-8f9f-5e709a23a390" />
      <TestMethod codeBase="/mnt/d/git/aula/src/Aula.Tests/bin/Debug/net9.0/Aula.Tests.dll" adapterTypeName="executor://xunit/VsTestRunner2/netcoreapp" className="Aula.Tests.Utilities.DateTimeUtilitiesTests" name="GetDanishDayName_AllValidDaysOfWeek_ReturnsUniqueNames" />
    </UnitTest>
    <UnitTest name="Aula.Tests.Utilities.WeekLetterContentExtractorTests.ExtractContent_WithException_ReturnsEmptyStringAndLogsError" storage="/mnt/d/git/aula/src/aula.tests/bin/debug/net9.0/aula.tests.dll" id="dd048ce7-9ba0-43b9-a761-2b11b4d7a6ad">
      <Execution id="0ba70121-9167-40b5-a059-875b5682817c" />
      <TestMethod codeBase="/mnt/d/git/aula/src/Aula.Tests/bin/Debug/net9.0/Aula.Tests.dll" adapterTypeName="executor://xunit/VsTestRunner2/netcoreapp" className="Aula.Tests.Utilities.WeekLetterContentExtractorTests" name="ExtractContent_WithException_ReturnsEmptyStringAndLogsError" />
    </UnitTest>
    <UnitTest name="Aula.Tests.Bots.SlackMessageHandlerTests.Constructor_WithNullAgentService_ThrowsArgumentNullException" storage="/mnt/d/git/aula/src/aula.tests/bin/debug/net9.0/aula.tests.dll" id="40e04a6d-bef0-ec4b-8281-04b2775da565">
      <Execution id="d12660dc-dd18-41d4-840c-5f1956bd3ac1" />
      <TestMethod codeBase="/mnt/d/git/aula/src/Aula.Tests/bin/Debug/net9.0/Aula.Tests.dll" adapterTypeName="executor://xunit/VsTestRunner2/netcoreapp" className="Aula.Tests.Bots.SlackMessageHandlerTests" name="Constructor_WithNullAgentService_ThrowsArgumentNullException" />
    </UnitTest>
    <UnitTest name="Aula.Tests.Configuration.ConfigurationTests.Telegram_Token_ValidationTests(token: &quot;123456789&quot;, isValidFormat: False)" storage="/mnt/d/git/aula/src/aula.tests/bin/debug/net9.0/aula.tests.dll" id="016d303d-5ae2-6e55-e6bf-2008da910e62">
      <Execution id="6257a966-53e9-412b-98bd-20d7542feba2" />
      <TestMethod codeBase="/mnt/d/git/aula/src/Aula.Tests/bin/Debug/net9.0/Aula.Tests.dll" adapterTypeName="executor://xunit/VsTestRunner2/netcoreapp" className="Aula.Tests.Configuration.ConfigurationTests" name="Telegram_Token_ValidationTests" />
    </UnitTest>
    <UnitTest name="Aula.Tests.Configuration.ConfigurationTests.Timers_SchedulingInterval_ValidationTests(intervalSeconds: 1, isValid: True)" storage="/mnt/d/git/aula/src/aula.tests/bin/debug/net9.0/aula.tests.dll" id="93edf270-8e20-a2b4-17e8-86af34f9d544">
      <Execution id="723fc42d-6a80-4934-a6f3-1c4f13100b2b" />
      <TestMethod codeBase="/mnt/d/git/aula/src/Aula.Tests/bin/Debug/net9.0/Aula.Tests.dll" adapterTypeName="executor://xunit/VsTestRunner2/netcoreapp" className="Aula.Tests.Configuration.ConfigurationTests" name="Timers_SchedulingInterval_ValidationTests" />
    </UnitTest>
    <UnitTest name="Aula.Tests.Utilities.IntentAnalysisPromptsTests.GetFormattedPrompt_IncludesAllExamples" storage="/mnt/d/git/aula/src/aula.tests/bin/debug/net9.0/aula.tests.dll" id="89f817bf-e9a1-f0b4-2111-76edf6a63676">
      <Execution id="4869da25-90a9-4b88-a801-34f6ba4ed539" />
      <TestMethod codeBase="/mnt/d/git/aula/src/Aula.Tests/bin/Debug/net9.0/Aula.Tests.dll" adapterTypeName="executor://xunit/VsTestRunner2/netcoreapp" className="Aula.Tests.Utilities.IntentAnalysisPromptsTests" name="GetFormattedPrompt_IncludesAllExamples" />
    </UnitTest>
    <UnitTest name="Aula.Tests.Utilities.ReminderExtractionPromptsTests.GetExtractionPrompt_WithDifferentMinuteOffsets_CalculatesCorrectly(minutes: 30)" storage="/mnt/d/git/aula/src/aula.tests/bin/debug/net9.0/aula.tests.dll" id="9ac720d3-776c-ab54-a939-3b82af418447">
      <Execution id="77cc3b0f-0d72-4466-9127-4ed8992201d9" />
      <TestMethod codeBase="/mnt/d/git/aula/src/Aula.Tests/bin/Debug/net9.0/Aula.Tests.dll" adapterTypeName="executor://xunit/VsTestRunner2/netcoreapp" className="Aula.Tests.Utilities.ReminderExtractionPromptsTests" name="GetExtractionPrompt_WithDifferentMinuteOffsets_CalculatesCorrectly" />
    </UnitTest>
    <UnitTest name="Aula.Tests.Bots.TelegramInteractiveBotTests.SendMessage_WithException_LogsError" storage="/mnt/d/git/aula/src/aula.tests/bin/debug/net9.0/aula.tests.dll" id="4adb4c0d-617b-d891-f63e-7a014d4b7e39">
      <Execution id="e63fb139-9feb-4291-81a9-375114a5e6e7" />
      <TestMethod codeBase="/mnt/d/git/aula/src/Aula.Tests/bin/Debug/net9.0/Aula.Tests.dll" adapterTypeName="executor://xunit/VsTestRunner2/netcoreapp" className="Aula.Tests.Bots.TelegramInteractiveBotTests" name="SendMessage_WithException_LogsError" />
    </UnitTest>
    <UnitTest name="Aula.Tests.Utilities.ReminderExtractionPromptsTests.GetExtractionPrompt_WithVariousCurrentTimes_CalculatesRelativeDatesCorrectly(currentTimeStr: &quot;2025-01-01 00:00:00&quot;)" storage="/mnt/d/git/aula/src/aula.tests/bin/debug/net9.0/aula.tests.dll" id="4d32377c-3003-92bb-8a9b-867e419dcb6a">
      <Execution id="485c6d67-a27e-4534-8af5-2f1c99113543" />
      <TestMethod codeBase="/mnt/d/git/aula/src/Aula.Tests/bin/Debug/net9.0/Aula.Tests.dll" adapterTypeName="executor://xunit/VsTestRunner2/netcoreapp" className="Aula.Tests.Utilities.ReminderExtractionPromptsTests" name="GetExtractionPrompt_WithVariousCurrentTimes_CalculatesRelativeDatesCorrectly" />
    </UnitTest>
    <UnitTest name="Aula.Tests.Configuration.ConfigurationTests.Children_WithMultipleChildren_MaintainsOrder" storage="/mnt/d/git/aula/src/aula.tests/bin/debug/net9.0/aula.tests.dll" id="9c0e588a-866b-1517-e5d3-e54c7a4a3de2">
      <Execution id="c32fa953-ae1d-4a4e-bc4e-720178042a56" />
      <TestMethod codeBase="/mnt/d/git/aula/src/Aula.Tests/bin/Debug/net9.0/Aula.Tests.dll" adapterTypeName="executor://xunit/VsTestRunner2/netcoreapp" className="Aula.Tests.Configuration.ConfigurationTests" name="Children_WithMultipleChildren_MaintainsOrder" />
    </UnitTest>
    <UnitTest name="Aula.Tests.Tools.ReminderCommandHandlerTests.TryHandleReminderCommand_NonMatchingPatterns_ReturnsFalse(command: &quot;remind me tomorrow at eight that non-numeric time&quot;, isEnglish: True)" storage="/mnt/d/git/aula/src/aula.tests/bin/debug/net9.0/aula.tests.dll" id="3b4daf27-4450-ed7a-d4bb-142a6e1b0be0">
      <Execution id="8b94ef07-1589-4ea5-aa17-9deb80a012f3" />
      <TestMethod codeBase="/mnt/d/git/aula/src/Aula.Tests/bin/Debug/net9.0/Aula.Tests.dll" adapterTypeName="executor://xunit/VsTestRunner2/netcoreapp" className="Aula.Tests.Tools.ReminderCommandHandlerTests" name="TryHandleReminderCommand_NonMatchingPatterns_ReturnsFalse" />
    </UnitTest>
    <UnitTest name="Aula.Tests.Services.DataModelTests.PostedLetter_WeekNumberValidation_ReturnsExpectedResult(weekNumber: 0, year: 2023, isValid: False)" storage="/mnt/d/git/aula/src/aula.tests/bin/debug/net9.0/aula.tests.dll" id="021d3da1-2551-6934-6452-4bc168c068b9">
      <Execution id="57f8c914-0af7-4156-a664-6f338ad06fa9" />
      <TestMethod codeBase="/mnt/d/git/aula/src/Aula.Tests/bin/Debug/net9.0/Aula.Tests.dll" adapterTypeName="executor://xunit/VsTestRunner2/netcoreapp" className="Aula.Tests.Services.DataModelTests" name="PostedLetter_WeekNumberValidation_ReturnsExpectedResult" />
    </UnitTest>
    <UnitTest name="Aula.Tests.Bots.TelegramMessageHandlerTests.HandleMessageAsync_WithGroupChat_HandlesCorrectly" storage="/mnt/d/git/aula/src/aula.tests/bin/debug/net9.0/aula.tests.dll" id="042593f6-6140-ccfe-82d6-8f794997c196">
      <Execution id="a09fb248-20a6-4514-b695-14e14b8ebd6b" />
      <TestMethod codeBase="/mnt/d/git/aula/src/Aula.Tests/bin/Debug/net9.0/Aula.Tests.dll" adapterTypeName="executor://xunit/VsTestRunner2/netcoreapp" className="Aula.Tests.Bots.TelegramMessageHandlerTests" name="HandleMessageAsync_WithGroupChat_HandlesCorrectly" />
    </UnitTest>
    <UnitTest name="Aula.Tests.Configuration.ConfigurationTests.UniLogin_WithInvalidCredentials_HandlesGracefully(invalidValue: &quot;   &quot;)" storage="/mnt/d/git/aula/src/aula.tests/bin/debug/net9.0/aula.tests.dll" id="b561be64-3ebf-00d7-64e3-9853e17cbf13">
      <Execution id="2c577a75-b3a6-4b0d-be9e-5e8775d93d66" />
      <TestMethod codeBase="/mnt/d/git/aula/src/Aula.Tests/bin/Debug/net9.0/Aula.Tests.dll" adapterTypeName="executor://xunit/VsTestRunner2/netcoreapp" className="Aula.Tests.Configuration.ConfigurationTests" name="UniLogin_WithInvalidCredentials_HandlesGracefully" />
    </UnitTest>
    <UnitTest name="Aula.Tests.Utilities.Html2SlackMarkdownConverterTests.Convert_WithNullParentNodes_HandlesGracefully" storage="/mnt/d/git/aula/src/aula.tests/bin/debug/net9.0/aula.tests.dll" id="27883ffc-bfa0-e8a9-4fbc-9b88539fca09">
      <Execution id="82673740-050b-4990-842c-e05288feacda" />
      <TestMethod codeBase="/mnt/d/git/aula/src/Aula.Tests/bin/Debug/net9.0/Aula.Tests.dll" adapterTypeName="executor://xunit/VsTestRunner2/netcoreapp" className="Aula.Tests.Utilities.Html2SlackMarkdownConverterTests" name="Convert_WithNullParentNodes_HandlesGracefully" />
    </UnitTest>
    <UnitTest name="Aula.Tests.Channels.SlackBotTests.Constructor_WithValidUrls_DoesNotThrow(webhookUrl: &quot;https://hooks.slack.com/test&quot;)" storage="/mnt/d/git/aula/src/aula.tests/bin/debug/net9.0/aula.tests.dll" id="abab0ca8-38d9-b46e-ed1a-a39f638f498e">
      <Execution id="494c62e1-0c64-47f4-b6cb-a1f18c83e928" />
      <TestMethod codeBase="/mnt/d/git/aula/src/Aula.Tests/bin/Debug/net9.0/Aula.Tests.dll" adapterTypeName="executor://xunit/VsTestRunner2/netcoreapp" className="Aula.Tests.Channels.SlackBotTests" name="Constructor_WithValidUrls_DoesNotThrow" />
    </UnitTest>
    <UnitTest name="Aula.Tests.Channels.TelegramClientTests.SendMessageToChannel_WithVariousMessages_DoesNotThrow(message: &quot;Simple message&quot;)" storage="/mnt/d/git/aula/src/aula.tests/bin/debug/net9.0/aula.tests.dll" id="466fbb21-c308-9cae-2419-4b3a3d66b5be">
      <Execution id="741fc8e2-8956-4118-91f1-3eeb371bb0df" />
      <TestMethod codeBase="/mnt/d/git/aula/src/Aula.Tests/bin/Debug/net9.0/Aula.Tests.dll" adapterTypeName="executor://xunit/VsTestRunner2/netcoreapp" className="Aula.Tests.Channels.TelegramClientTests" name="SendMessageToChannel_WithVariousMessages_DoesNotThrow" />
    </UnitTest>
    <UnitTest name="Aula.Tests.Utilities.Html2SlackMarkdownConverterTests.Convert_WithPartialTags_HandlesGracefully(html: &quot;&lt;div&gt;&lt;span&gt;&quot;)" storage="/mnt/d/git/aula/src/aula.tests/bin/debug/net9.0/aula.tests.dll" id="0ab78665-c1fa-a2ea-7265-e8996c3b56dd">
      <Execution id="0cf5fb42-58b0-431b-bfe6-8e65c9e587ad" />
      <TestMethod codeBase="/mnt/d/git/aula/src/Aula.Tests/bin/Debug/net9.0/Aula.Tests.dll" adapterTypeName="executor://xunit/VsTestRunner2/netcoreapp" className="Aula.Tests.Utilities.Html2SlackMarkdownConverterTests" name="Convert_WithPartialTags_HandlesGracefully" />
    </UnitTest>
    <UnitTest name="Aula.Tests.Services.DataModelTests.RetryAttempt_DefaultConstructor_InitializesCorrectly" storage="/mnt/d/git/aula/src/aula.tests/bin/debug/net9.0/aula.tests.dll" id="67ae9fcb-a62e-08fc-97ed-d2d4f6f5c1d0">
      <Execution id="87e0f257-2023-4ec8-8906-e6520045de3e" />
      <TestMethod codeBase="/mnt/d/git/aula/src/Aula.Tests/bin/Debug/net9.0/Aula.Tests.dll" adapterTypeName="executor://xunit/VsTestRunner2/netcoreapp" className="Aula.Tests.Services.DataModelTests" name="RetryAttempt_DefaultConstructor_InitializesCorrectly" />
    </UnitTest>
    <UnitTest name="Aula.Tests.Tools.ReminderCommandHandlerTests.TryHandleReminderCommand_ListReminders_ValidCommands_ReturnsRemindersList(command: &quot;liste påmindelser&quot;, isEnglish: False)" storage="/mnt/d/git/aula/src/aula.tests/bin/debug/net9.0/aula.tests.dll" id="b7876997-bf06-ed71-c4e7-a75d56d4b58d">
      <Execution id="da84716c-a784-4eff-b153-1eb55b0aaaaf" />
      <TestMethod codeBase="/mnt/d/git/aula/src/Aula.Tests/bin/Debug/net9.0/Aula.Tests.dll" adapterTypeName="executor://xunit/VsTestRunner2/netcoreapp" className="Aula.Tests.Tools.ReminderCommandHandlerTests" name="TryHandleReminderCommand_ListReminders_ValidCommands_ReturnsRemindersList" />
    </UnitTest>
    <UnitTest name="Aula.Tests.Utilities.DateTimeUtilitiesTests.GetDanishDayName_ValidDayOfWeek_ReturnsLowercaseName(dayOfWeek: Tuesday, expectedName: &quot;tirsdag&quot;)" storage="/mnt/d/git/aula/src/aula.tests/bin/debug/net9.0/aula.tests.dll" id="bb029ecd-bc04-6c95-65d6-4fa9005d9f93">
      <Execution id="fa8e63d9-e4b9-4032-9865-6a8529462bc2" />
      <TestMethod codeBase="/mnt/d/git/aula/src/Aula.Tests/bin/Debug/net9.0/Aula.Tests.dll" adapterTypeName="executor://xunit/VsTestRunner2/netcoreapp" className="Aula.Tests.Utilities.DateTimeUtilitiesTests" name="GetDanishDayName_ValidDayOfWeek_ReturnsLowercaseName" />
    </UnitTest>
    <UnitTest name="Aula.Tests.Bots.TelegramMessageHandlerTests.HandleMessageAsync_WithReminderCommand_ProcessesMessage(reminderCommand: &quot;tilføj påmindelse&quot;)" storage="/mnt/d/git/aula/src/aula.tests/bin/debug/net9.0/aula.tests.dll" id="a05419bf-665b-85cf-3ea6-25bb6d01dbe8">
      <Execution id="3bffa83a-7210-4efa-844b-4d26c615c223" />
      <TestMethod codeBase="/mnt/d/git/aula/src/Aula.Tests/bin/Debug/net9.0/Aula.Tests.dll" adapterTypeName="executor://xunit/VsTestRunner2/netcoreapp" className="Aula.Tests.Bots.TelegramMessageHandlerTests" name="HandleMessageAsync_WithReminderCommand_ProcessesMessage" />
    </UnitTest>
    <UnitTest name="Aula.Tests.Configuration.ConfigurationTests.Children_ConfigurationIsCorrect" storage="/mnt/d/git/aula/src/aula.tests/bin/debug/net9.0/aula.tests.dll" id="c7356803-78be-38c5-09cd-9fb1bfd0c53f">
      <Execution id="ca34652a-ca0f-4823-8877-f38dfe8470fa" />
      <TestMethod codeBase="/mnt/d/git/aula/src/Aula.Tests/bin/Debug/net9.0/Aula.Tests.dll" adapterTypeName="executor://xunit/VsTestRunner2/netcoreapp" className="Aula.Tests.Configuration.ConfigurationTests" name="Children_ConfigurationIsCorrect" />
    </UnitTest>
    <UnitTest name="Aula.Tests.Services.OpenAiServiceTests.OpenAiService_Constructor_WithApiKey_InitializesCorrectly" storage="/mnt/d/git/aula/src/aula.tests/bin/debug/net9.0/aula.tests.dll" id="e76b4e50-70e5-0b84-1a79-8432276bb6be">
      <Execution id="ffd78ddc-2cd8-4b93-97cd-eaa768ba855e" />
      <TestMethod codeBase="/mnt/d/git/aula/src/Aula.Tests/bin/Debug/net9.0/Aula.Tests.dll" adapterTypeName="executor://xunit/VsTestRunner2/netcoreapp" className="Aula.Tests.Services.OpenAiServiceTests" name="OpenAiService_Constructor_WithApiKey_InitializesCorrectly" />
    </UnitTest>
    <UnitTest name="Aula.Tests.Utilities.WeekLetterContentExtractorTests.ExtractContent_WithMissingUgebreve_ReturnsEmptyString" storage="/mnt/d/git/aula/src/aula.tests/bin/debug/net9.0/aula.tests.dll" id="eaeadf06-6f78-ef66-9240-54edcfcfb42c">
      <Execution id="64e9c0ff-a866-4ecb-8cb4-21dd53e8e023" />
      <TestMethod codeBase="/mnt/d/git/aula/src/Aula.Tests/bin/Debug/net9.0/Aula.Tests.dll" adapterTypeName="executor://xunit/VsTestRunner2/netcoreapp" className="Aula.Tests.Utilities.WeekLetterContentExtractorTests" name="ExtractContent_WithMissingUgebreve_ReturnsEmptyString" />
    </UnitTest>
    <UnitTest name="Aula.Tests.Tools.ReminderCommandHandlerTests.Constructor_WithNullChildrenByName_ThrowsArgumentNullException" storage="/mnt/d/git/aula/src/aula.tests/bin/debug/net9.0/aula.tests.dll" id="87b7e046-4300-6ba7-be8d-14de8ee31c5f">
      <Execution id="cf60aa32-1e0c-4812-81a6-8aaf9a344803" />
      <TestMethod codeBase="/mnt/d/git/aula/src/Aula.Tests/bin/Debug/net9.0/Aula.Tests.dll" adapterTypeName="executor://xunit/VsTestRunner2/netcoreapp" className="Aula.Tests.Tools.ReminderCommandHandlerTests" name="Constructor_WithNullChildrenByName_ThrowsArgumentNullException" />
    </UnitTest>
    <UnitTest name="Aula.Tests.Utilities.FollowUpQuestionDetectorTests.IsFollowUpQuestion_WithWhitespaceOnly_ReturnsFalse" storage="/mnt/d/git/aula/src/aula.tests/bin/debug/net9.0/aula.tests.dll" id="c6a91ea6-2e10-8e99-6511-4f3dfcc58033">
      <Execution id="d60a4f54-19f3-4c76-82fc-eae9b9056a70" />
      <TestMethod codeBase="/mnt/d/git/aula/src/Aula.Tests/bin/Debug/net9.0/Aula.Tests.dll" adapterTypeName="executor://xunit/VsTestRunner2/netcoreapp" className="Aula.Tests.Utilities.FollowUpQuestionDetectorTests" name="IsFollowUpQuestion_WithWhitespaceOnly_ReturnsFalse" />
    </UnitTest>
    <UnitTest name="Aula.Tests.Utilities.FollowUpQuestionDetectorTests.IsFollowUpQuestion_WithUnicodeChildNames_WorksCorrectly(input: &quot;SØREN&quot;)" storage="/mnt/d/git/aula/src/aula.tests/bin/debug/net9.0/aula.tests.dll" id="f0803f19-4aef-0544-7088-6f90fbe83c6b">
      <Execution id="a63138bc-32d0-4543-9d28-41e7f889a086" />
      <TestMethod codeBase="/mnt/d/git/aula/src/Aula.Tests/bin/Debug/net9.0/Aula.Tests.dll" adapterTypeName="executor://xunit/VsTestRunner2/netcoreapp" className="Aula.Tests.Utilities.FollowUpQuestionDetectorTests" name="IsFollowUpQuestion_WithUnicodeChildNames_WorksCorrectly" />
    </UnitTest>
    <UnitTest name="Aula.Tests.Bots.TelegramInteractiveBotTests.PostWeekLetter_WithDisabledTelegram_LogsWarningAndReturns" storage="/mnt/d/git/aula/src/aula.tests/bin/debug/net9.0/aula.tests.dll" id="19edb3ba-5e0e-d40b-c4b3-ce48876fbe6a">
      <Execution id="52b94694-23fa-4ede-8a73-cc69a84ec1d9" />
      <TestMethod codeBase="/mnt/d/git/aula/src/Aula.Tests/bin/Debug/net9.0/Aula.Tests.dll" adapterTypeName="executor://xunit/VsTestRunner2/netcoreapp" className="Aula.Tests.Bots.TelegramInteractiveBotTests" name="PostWeekLetter_WithDisabledTelegram_LogsWarningAndReturns" />
    </UnitTest>
    <UnitTest name="Aula.Tests.Services.DataModelTests.RetryAttempt_WithProperties_SetsCorrectly" storage="/mnt/d/git/aula/src/aula.tests/bin/debug/net9.0/aula.tests.dll" id="f36a6d06-62fb-7dca-c729-24e28498b2d7">
      <Execution id="349c2271-73bc-4588-887f-432a706a8b53" />
      <TestMethod codeBase="/mnt/d/git/aula/src/Aula.Tests/bin/Debug/net9.0/Aula.Tests.dll" adapterTypeName="executor://xunit/VsTestRunner2/netcoreapp" className="Aula.Tests.Services.DataModelTests" name="RetryAttempt_WithProperties_SetsCorrectly" />
    </UnitTest>
    <UnitTest name="Aula.Tests.Services.OpenAiServiceTests.CreateTestWeekLetter_ReturnsValidJObject" storage="/mnt/d/git/aula/src/aula.tests/bin/debug/net9.0/aula.tests.dll" id="d4e0f652-1aa4-f1fd-46bf-006e98a6310b">
      <Execution id="0c77eeac-52c8-410d-a6a0-eb6577eca24b" />
      <TestMethod codeBase="/mnt/d/git/aula/src/Aula.Tests/bin/Debug/net9.0/Aula.Tests.dll" adapterTypeName="executor://xunit/VsTestRunner2/netcoreapp" className="Aula.Tests.Services.OpenAiServiceTests" name="CreateTestWeekLetter_ReturnsValidJObject" />
    </UnitTest>
    <UnitTest name="Aula.Tests.Services.DataModelTests.AppState_DefaultConstructor_InitializesCorrectly" storage="/mnt/d/git/aula/src/aula.tests/bin/debug/net9.0/aula.tests.dll" id="4cdb1a1d-1763-9c6d-9472-d3d70dd3181a">
      <Execution id="36626a58-28bd-4234-b64e-c4dcf8050844" />
      <TestMethod codeBase="/mnt/d/git/aula/src/Aula.Tests/bin/Debug/net9.0/Aula.Tests.dll" adapterTypeName="executor://xunit/VsTestRunner2/netcoreapp" className="Aula.Tests.Services.DataModelTests" name="AppState_DefaultConstructor_InitializesCorrectly" />
    </UnitTest>
    <UnitTest name="Aula.Tests.Utilities.DateTimeUtilitiesTests.GetDanishDayName_ValidDayOfWeek_ReturnsLowercaseName(dayOfWeek: Monday, expectedName: &quot;mandag&quot;)" storage="/mnt/d/git/aula/src/aula.tests/bin/debug/net9.0/aula.tests.dll" id="59b6be02-8191-f5a7-74ed-b8f44b1cda27">
      <Execution id="de9f01f0-0b9e-45fd-b197-4bbe9043a94d" />
      <TestMethod codeBase="/mnt/d/git/aula/src/Aula.Tests/bin/Debug/net9.0/Aula.Tests.dll" adapterTypeName="executor://xunit/VsTestRunner2/netcoreapp" className="Aula.Tests.Utilities.DateTimeUtilitiesTests" name="GetDanishDayName_ValidDayOfWeek_ReturnsLowercaseName" />
    </UnitTest>
    <UnitTest name="Aula.Tests.Utilities.IntentAnalysisPromptsTests.ToolExamples_CoverExpectedUseCase(expectedKey: &quot;DELETE_REMINDER&quot;, queryPattern: &quot;delete&quot;)" storage="/mnt/d/git/aula/src/aula.tests/bin/debug/net9.0/aula.tests.dll" id="471ccf46-b194-f558-fd6b-1d9d85ba4293">
      <Execution id="b01dddad-a468-46ac-b9fb-6a57bcca18b5" />
      <TestMethod codeBase="/mnt/d/git/aula/src/Aula.Tests/bin/Debug/net9.0/Aula.Tests.dll" adapterTypeName="executor://xunit/VsTestRunner2/netcoreapp" className="Aula.Tests.Utilities.IntentAnalysisPromptsTests" name="ToolExamples_CoverExpectedUseCase" />
    </UnitTest>
    <UnitTest name="Aula.Tests.Utilities.ReminderExtractionPromptsTests.GetExtractionPrompt_ContainsNextMondayExample" storage="/mnt/d/git/aula/src/aula.tests/bin/debug/net9.0/aula.tests.dll" id="a8634532-96d4-4e33-4b5e-145495f036bc">
      <Execution id="2689cea7-e554-4ae5-aaba-814a21e2d090" />
      <TestMethod codeBase="/mnt/d/git/aula/src/Aula.Tests/bin/Debug/net9.0/Aula.Tests.dll" adapterTypeName="executor://xunit/VsTestRunner2/netcoreapp" className="Aula.Tests.Utilities.ReminderExtractionPromptsTests" name="GetExtractionPrompt_ContainsNextMondayExample" />
    </UnitTest>
    <UnitTest name="Aula.Tests.Tools.ReminderCommandHandlerTests.TryHandleReminderCommand_AddReminder_InvalidFormats_ReturnsErrorMessage(command: &quot;remind me tomorrow at 25:00 that invalid time&quot;, isEnglish: True)" storage="/mnt/d/git/aula/src/aula.tests/bin/debug/net9.0/aula.tests.dll" id="869e2bf6-051e-e015-497a-7397bf66191a">
      <Execution id="119f66a9-34c5-4c7c-b859-d2c0e49ec035" />
      <TestMethod codeBase="/mnt/d/git/aula/src/Aula.Tests/bin/Debug/net9.0/Aula.Tests.dll" adapterTypeName="executor://xunit/VsTestRunner2/netcoreapp" className="Aula.Tests.Tools.ReminderCommandHandlerTests" name="TryHandleReminderCommand_AddReminder_InvalidFormats_ReturnsErrorMessage" />
    </UnitTest>
    <UnitTest name="Aula.Tests.Channels.TelegramClientTests.PostWeekLetter_WithVariousChildNames_HandlesCorrectly(firstName: &quot;&quot;)" storage="/mnt/d/git/aula/src/aula.tests/bin/debug/net9.0/aula.tests.dll" id="24bf56f7-ba67-57f2-f501-175bd348de63">
      <Execution id="9f6f01bf-c0e4-4472-b0d9-742b3af01a11" />
      <TestMethod codeBase="/mnt/d/git/aula/src/Aula.Tests/bin/Debug/net9.0/Aula.Tests.dll" adapterTypeName="executor://xunit/VsTestRunner2/netcoreapp" className="Aula.Tests.Channels.TelegramClientTests" name="PostWeekLetter_WithVariousChildNames_HandlesCorrectly" />
    </UnitTest>
    <UnitTest name="Aula.Tests.Utilities.Html2SlackMarkdownConverterTests.Convert_WithBrTags_PreservesLineBreaks" storage="/mnt/d/git/aula/src/aula.tests/bin/debug/net9.0/aula.tests.dll" id="45d7267f-6c71-d320-a8e4-c7def8429012">
      <Execution id="2249dbb2-6d41-46d3-a0a5-0acc164503f4" />
      <TestMethod codeBase="/mnt/d/git/aula/src/Aula.Tests/bin/Debug/net9.0/Aula.Tests.dll" adapterTypeName="executor://xunit/VsTestRunner2/netcoreapp" className="Aula.Tests.Utilities.Html2SlackMarkdownConverterTests" name="Convert_WithBrTags_PreservesLineBreaks" />
    </UnitTest>
    <UnitTest name="Aula.Tests.Utilities.ConversationContextTests.ConversationContext_Properties_CanBeSet" storage="/mnt/d/git/aula/src/aula.tests/bin/debug/net9.0/aula.tests.dll" id="0e3d7f53-280f-fde2-203e-143d6dcfdf0a">
      <Execution id="494bb949-14bd-465a-9710-70d1ee9c894f" />
      <TestMethod codeBase="/mnt/d/git/aula/src/Aula.Tests/bin/Debug/net9.0/Aula.Tests.dll" adapterTypeName="executor://xunit/VsTestRunner2/netcoreapp" className="Aula.Tests.Utilities.ConversationContextTests" name="ConversationContext_Properties_CanBeSet" />
    </UnitTest>
    <UnitTest name="Aula.Tests.Utilities.WeekLetterContentExtractorTests.ExtractContent_WithNullIndhold_ReturnsEmptyString" storage="/mnt/d/git/aula/src/aula.tests/bin/debug/net9.0/aula.tests.dll" id="ecf7f37a-1b96-2a28-2d44-fb1c19988638">
      <Execution id="382a5c06-3304-44fe-a0b4-3da84baff3fa" />
      <TestMethod codeBase="/mnt/d/git/aula/src/Aula.Tests/bin/Debug/net9.0/Aula.Tests.dll" adapterTypeName="executor://xunit/VsTestRunner2/netcoreapp" className="Aula.Tests.Utilities.WeekLetterContentExtractorTests" name="ExtractContent_WithNullIndhold_ReturnsEmptyString" />
    </UnitTest>
    <UnitTest name="Aula.Tests.Utilities.IntentAnalysisPromptsTests.ToolExamples_CoverExpectedUseCase(expectedKey: &quot;CREATE_REMINDER&quot;, queryPattern: &quot;remind&quot;)" storage="/mnt/d/git/aula/src/aula.tests/bin/debug/net9.0/aula.tests.dll" id="e668ce24-c1a0-98ca-9d76-99447ce236e8">
      <Execution id="5b0e3cd8-bddc-4017-a446-77d09fd1fc96" />
      <TestMethod codeBase="/mnt/d/git/aula/src/Aula.Tests/bin/Debug/net9.0/Aula.Tests.dll" adapterTypeName="executor://xunit/VsTestRunner2/netcoreapp" className="Aula.Tests.Utilities.IntentAnalysisPromptsTests" name="ToolExamples_CoverExpectedUseCase" />
    </UnitTest>
    <UnitTest name="Aula.Tests.Bots.TelegramMessageHandlerTests.HandleMessageAsync_WithNonTextMessage_ReturnsEarly" storage="/mnt/d/git/aula/src/aula.tests/bin/debug/net9.0/aula.tests.dll" id="dafa776a-6a08-1272-aac7-ca70346aa44a">
      <Execution id="47892479-e257-49a4-8a95-93ffb36674ff" />
      <TestMethod codeBase="/mnt/d/git/aula/src/Aula.Tests/bin/Debug/net9.0/Aula.Tests.dll" adapterTypeName="executor://xunit/VsTestRunner2/netcoreapp" className="Aula.Tests.Bots.TelegramMessageHandlerTests" name="HandleMessageAsync_WithNonTextMessage_ReturnsEarly" />
    </UnitTest>
    <UnitTest name="Aula.Tests.Utilities.IntentAnalysisPromptsTests.ToolExamples_ToolCallExamples_FollowCorrectFormat" storage="/mnt/d/git/aula/src/aula.tests/bin/debug/net9.0/aula.tests.dll" id="bfbb79be-1fcf-163a-7e39-8393a3a71050">
      <Execution id="de2e2c63-5162-4b31-a6b6-dd119a93e1ca" />
      <TestMethod codeBase="/mnt/d/git/aula/src/Aula.Tests/bin/Debug/net9.0/Aula.Tests.dll" adapterTypeName="executor://xunit/VsTestRunner2/netcoreapp" className="Aula.Tests.Utilities.IntentAnalysisPromptsTests" name="ToolExamples_ToolCallExamples_FollowCorrectFormat" />
    </UnitTest>
    <UnitTest name="Aula.Tests.Channels.SlackBotTests.PostWeekLetter_WithVariousChildNames_HandlesCorrectly(firstName: &quot;Hans Martin&quot;)" storage="/mnt/d/git/aula/src/aula.tests/bin/debug/net9.0/aula.tests.dll" id="20f7b20d-6fda-90c5-179b-3395a4df9b7c">
      <Execution id="96b24a8c-2abd-4f47-9e96-d152adff2ef4" />
      <TestMethod codeBase="/mnt/d/git/aula/src/Aula.Tests/bin/Debug/net9.0/Aula.Tests.dll" adapterTypeName="executor://xunit/VsTestRunner2/netcoreapp" className="Aula.Tests.Channels.SlackBotTests" name="PostWeekLetter_WithVariousChildNames_HandlesCorrectly" />
    </UnitTest>
    <UnitTest name="Aula.Tests.Services.OpenAiServiceTests.OpenAiService_GetChatInterfaceInstructions_ReturnsCorrectFormat(chatInterface: Telegram)" storage="/mnt/d/git/aula/src/aula.tests/bin/debug/net9.0/aula.tests.dll" id="a418d5df-b5ee-5a85-99c0-157b60c43e4b">
      <Execution id="2cad9367-513a-48ca-96cc-4000f43fee15" />
      <TestMethod codeBase="/mnt/d/git/aula/src/Aula.Tests/bin/Debug/net9.0/Aula.Tests.dll" adapterTypeName="executor://xunit/VsTestRunner2/netcoreapp" className="Aula.Tests.Services.OpenAiServiceTests" name="OpenAiService_GetChatInterfaceInstructions_ReturnsCorrectFormat" />
    </UnitTest>
    <UnitTest name="Aula.Tests.Utilities.FollowUpQuestionDetectorTests.IsFollowUpQuestion_WithEnglishFollowUpPhrases_ReturnsTrue(input: &quot;also Emma&quot;)" storage="/mnt/d/git/aula/src/aula.tests/bin/debug/net9.0/aula.tests.dll" id="7d2712c2-8286-82a7-fc6d-ae7572a28a52">
      <Execution id="04ee6f0c-cdfd-4f98-90f6-fc5686129fb5" />
      <TestMethod codeBase="/mnt/d/git/aula/src/Aula.Tests/bin/Debug/net9.0/Aula.Tests.dll" adapterTypeName="executor://xunit/VsTestRunner2/netcoreapp" className="Aula.Tests.Utilities.FollowUpQuestionDetectorTests" name="IsFollowUpQuestion_WithEnglishFollowUpPhrases_ReturnsTrue" />
    </UnitTest>
    <UnitTest name="Aula.Tests.Services.DataModelTests.Reminder_CreatedBy_HandlesValues(createdBy: &quot;user&quot;, shouldAccept: True)" storage="/mnt/d/git/aula/src/aula.tests/bin/debug/net9.0/aula.tests.dll" id="be0934fb-3e5b-c412-9765-2aa4cc2f45a7">
      <Execution id="4c98d5f4-77d8-466a-a791-17a32f13ad2b" />
      <TestMethod codeBase="/mnt/d/git/aula/src/Aula.Tests/bin/Debug/net9.0/Aula.Tests.dll" adapterTypeName="executor://xunit/VsTestRunner2/netcoreapp" className="Aula.Tests.Services.DataModelTests" name="Reminder_CreatedBy_HandlesValues" />
    </UnitTest>
    <UnitTest name="Aula.Tests.Utilities.ConversationContextManagerTests.Constructor_WithNullLogger_ThrowsArgumentNullException" storage="/mnt/d/git/aula/src/aula.tests/bin/debug/net9.0/aula.tests.dll" id="a7a3158e-1399-dbdf-e50f-3716ddb1ba8c">
      <Execution id="5725d25d-58b4-4eae-ac63-1821a0b1a555" />
      <TestMethod codeBase="/mnt/d/git/aula/src/Aula.Tests/bin/Debug/net9.0/Aula.Tests.dll" adapterTypeName="executor://xunit/VsTestRunner2/netcoreapp" className="Aula.Tests.Utilities.ConversationContextManagerTests" name="Constructor_WithNullLogger_ThrowsArgumentNullException" />
    </UnitTest>
    <UnitTest name="Aula.Tests.Bots.SlackMessageHandlerTests.HandleMessageAsync_WithHelpCommand_ProcessesHelpMessage(helpCommand: &quot;HELP&quot;)" storage="/mnt/d/git/aula/src/aula.tests/bin/debug/net9.0/aula.tests.dll" id="d0fb0f26-05d6-fd5b-00ba-97eda4e7b49a">
      <Execution id="f4eb1b5a-8ff2-4e7e-a309-d8f9d6e1b098" />
      <TestMethod codeBase="/mnt/d/git/aula/src/Aula.Tests/bin/Debug/net9.0/Aula.Tests.dll" adapterTypeName="executor://xunit/VsTestRunner2/netcoreapp" className="Aula.Tests.Bots.SlackMessageHandlerTests" name="HandleMessageAsync_WithHelpCommand_ProcessesHelpMessage" />
    </UnitTest>
    <UnitTest name="Aula.Tests.Bots.SlackMessageHandlerTests.HandleMessageAsync_WithEmptyChannel_ReturnsFalse" storage="/mnt/d/git/aula/src/aula.tests/bin/debug/net9.0/aula.tests.dll" id="daa8f257-6d65-5334-bc6e-50b3c593ee4f">
      <Execution id="19f33ddc-c3ac-4697-a1d3-21ca9fef38c5" />
      <TestMethod codeBase="/mnt/d/git/aula/src/Aula.Tests/bin/Debug/net9.0/Aula.Tests.dll" adapterTypeName="executor://xunit/VsTestRunner2/netcoreapp" className="Aula.Tests.Bots.SlackMessageHandlerTests" name="HandleMessageAsync_WithEmptyChannel_ReturnsFalse" />
    </UnitTest>
    <UnitTest name="Aula.Tests.Utilities.ReminderExtractionPromptsTests.GetExtractionPrompt_WithVariousCurrentTimes_CalculatesRelativeDatesCorrectly(currentTimeStr: &quot;2025-06-30 14:30:00&quot;)" storage="/mnt/d/git/aula/src/aula.tests/bin/debug/net9.0/aula.tests.dll" id="d5b8733f-7ffb-19e9-63c1-4570e58b1a99">
      <Execution id="9094b2c3-973e-49c0-a2bd-ae4e1cedd357" />
      <TestMethod codeBase="/mnt/d/git/aula/src/Aula.Tests/bin/Debug/net9.0/Aula.Tests.dll" adapterTypeName="executor://xunit/VsTestRunner2/netcoreapp" className="Aula.Tests.Utilities.ReminderExtractionPromptsTests" name="GetExtractionPrompt_WithVariousCurrentTimes_CalculatesRelativeDatesCorrectly" />
    </UnitTest>
    <UnitTest name="Aula.Tests.Utilities.FollowUpQuestionDetectorTests.IsFollowUpQuestion_WithChildNameAndTimeReference_ReturnsFalse(input: &quot;Liam tomorrow&quot;)" storage="/mnt/d/git/aula/src/aula.tests/bin/debug/net9.0/aula.tests.dll" id="ba20835b-067e-5539-8e44-8baf83c19e41">
      <Execution id="224daee4-7e77-44e7-a397-633811d86996" />
      <TestMethod codeBase="/mnt/d/git/aula/src/Aula.Tests/bin/Debug/net9.0/Aula.Tests.dll" adapterTypeName="executor://xunit/VsTestRunner2/netcoreapp" className="Aula.Tests.Utilities.FollowUpQuestionDetectorTests" name="IsFollowUpQuestion_WithChildNameAndTimeReference_ReturnsFalse" />
    </UnitTest>
    <UnitTest name="Aula.Tests.Services.OpenAiServiceIntegrationTests.Constructor_WithWhitespaceApiKey_ThrowsArgumentException" storage="/mnt/d/git/aula/src/aula.tests/bin/debug/net9.0/aula.tests.dll" id="cdb2a1c6-455e-afdc-b339-d53b98cacc5c">
      <Execution id="6f373b83-810b-4826-8ad6-1fa007419495" />
      <TestMethod codeBase="/mnt/d/git/aula/src/Aula.Tests/bin/Debug/net9.0/Aula.Tests.dll" adapterTypeName="executor://xunit/VsTestRunner2/netcoreapp" className="Aula.Tests.Services.OpenAiServiceIntegrationTests" name="Constructor_WithWhitespaceApiKey_ThrowsArgumentException" />
    </UnitTest>
    <UnitTest name="Aula.Tests.Utilities.FollowUpQuestionDetectorTests.IsFollowUpQuestion_WithPunctuationAroundChildName_WorksCorrectly(input: &quot;Emma's&quot;)" storage="/mnt/d/git/aula/src/aula.tests/bin/debug/net9.0/aula.tests.dll" id="d79cfa86-e515-004d-fe4e-214ac35ead55">
      <Execution id="99dfcc5f-a381-4d64-ada6-2676c87ec746" />
      <TestMethod codeBase="/mnt/d/git/aula/src/Aula.Tests/bin/Debug/net9.0/Aula.Tests.dll" adapterTypeName="executor://xunit/VsTestRunner2/netcoreapp" className="Aula.Tests.Utilities.FollowUpQuestionDetectorTests" name="IsFollowUpQuestion_WithPunctuationAroundChildName_WorksCorrectly" />
    </UnitTest>
    <UnitTest name="Aula.Tests.Bots.TelegramInteractiveBotTests.Constructor_WithNullLoggerFactory_ThrowsArgumentNullException" storage="/mnt/d/git/aula/src/aula.tests/bin/debug/net9.0/aula.tests.dll" id="2d7c87f9-92d6-6d29-4cc3-8c2788e75a11">
      <Execution id="a6b18eab-218b-42c3-8f50-1e16ac0493af" />
      <TestMethod codeBase="/mnt/d/git/aula/src/Aula.Tests/bin/Debug/net9.0/Aula.Tests.dll" adapterTypeName="executor://xunit/VsTestRunner2/netcoreapp" className="Aula.Tests.Bots.TelegramInteractiveBotTests" name="Constructor_WithNullLoggerFactory_ThrowsArgumentNullException" />
    </UnitTest>
    <UnitTest name="Aula.Tests.Utilities.IntentAnalysisPromptsTests.GetFormattedPrompt_WithVariousQueries_ReturnsValidPrompt(query: &quot;What does Emma have today?&quot;)" storage="/mnt/d/git/aula/src/aula.tests/bin/debug/net9.0/aula.tests.dll" id="04ed4a86-ba0d-f349-f703-22b685131f64">
      <Execution id="bf7603bf-efc5-4205-9da9-3cc6a5397f6b" />
      <TestMethod codeBase="/mnt/d/git/aula/src/Aula.Tests/bin/Debug/net9.0/Aula.Tests.dll" adapterTypeName="executor://xunit/VsTestRunner2/netcoreapp" className="Aula.Tests.Utilities.IntentAnalysisPromptsTests" name="GetFormattedPrompt_WithVariousQueries_ReturnsValidPrompt" />
    </UnitTest>
    <UnitTest name="Aula.Tests.Utilities.FollowUpQuestionDetectorTests.IsFollowUpQuestion_WithStartingFollowUpWords_ReturnsTrue(input: &quot;And Liam&quot;)" storage="/mnt/d/git/aula/src/aula.tests/bin/debug/net9.0/aula.tests.dll" id="19f2e1ca-d1c7-2af8-caa8-282a0071f76c">
      <Execution id="51649f38-33ad-4f9d-a87c-bd755d73903e" />
      <TestMethod codeBase="/mnt/d/git/aula/src/Aula.Tests/bin/Debug/net9.0/Aula.Tests.dll" adapterTypeName="executor://xunit/VsTestRunner2/netcoreapp" className="Aula.Tests.Utilities.FollowUpQuestionDetectorTests" name="IsFollowUpQuestion_WithStartingFollowUpWords_ReturnsTrue" />
    </UnitTest>
    <UnitTest name="Aula.Tests.Bots.TelegramInteractiveBotTests.PostWeekLetter_WithMissingChannelId_LogsWarningAndReturns" storage="/mnt/d/git/aula/src/aula.tests/bin/debug/net9.0/aula.tests.dll" id="3ca02e33-556b-3fdb-f0cf-b0f349847245">
      <Execution id="6e7a12b6-67f2-4302-81c8-b0538778b1dd" />
      <TestMethod codeBase="/mnt/d/git/aula/src/Aula.Tests/bin/Debug/net9.0/Aula.Tests.dll" adapterTypeName="executor://xunit/VsTestRunner2/netcoreapp" className="Aula.Tests.Bots.TelegramInteractiveBotTests" name="PostWeekLetter_WithMissingChannelId_LogsWarningAndReturns" />
    </UnitTest>
    <UnitTest name="Aula.Tests.Scheduling.SchedulingServiceIntegrationTests.Service_WithDifferentBotConfigurations_WorksCorrectly(slackEnabled: False, telegramEnabled: False)" storage="/mnt/d/git/aula/src/aula.tests/bin/debug/net9.0/aula.tests.dll" id="332896aa-a36b-b7b0-c333-01128c6d7ce1">
      <Execution id="083a2742-25a1-4fd4-898c-05c2416c1376" />
      <TestMethod codeBase="/mnt/d/git/aula/src/Aula.Tests/bin/Debug/net9.0/Aula.Tests.dll" adapterTypeName="executor://xunit/VsTestRunner2/netcoreapp" className="Aula.Tests.Scheduling.SchedulingServiceIntegrationTests" name="Service_WithDifferentBotConfigurations_WorksCorrectly" />
    </UnitTest>
    <UnitTest name="Aula.Tests.Utilities.FollowUpQuestionDetectorTests.IsFollowUpQuestion_WithStartingFollowUpWords_ReturnsTrue(input: &quot;and Liam&quot;)" storage="/mnt/d/git/aula/src/aula.tests/bin/debug/net9.0/aula.tests.dll" id="43884531-d2e9-76f0-a975-092a4d6d7e91">
      <Execution id="7202aeae-c8bc-447e-a8ae-a8605a435926" />
      <TestMethod codeBase="/mnt/d/git/aula/src/Aula.Tests/bin/Debug/net9.0/Aula.Tests.dll" adapterTypeName="executor://xunit/VsTestRunner2/netcoreapp" className="Aula.Tests.Utilities.FollowUpQuestionDetectorTests" name="IsFollowUpQuestion_WithStartingFollowUpWords_ReturnsTrue" />
    </UnitTest>
    <UnitTest name="Aula.Tests.Bots.SlackInteractiveBotTests.Constructor_WithNullSupabaseService_ThrowsArgumentNullException" storage="/mnt/d/git/aula/src/aula.tests/bin/debug/net9.0/aula.tests.dll" id="ffc1e6de-c7e5-39de-fa7e-18eabd193809">
      <Execution id="cec072d3-1971-4ca5-947c-9a642971aa9a" />
      <TestMethod codeBase="/mnt/d/git/aula/src/Aula.Tests/bin/Debug/net9.0/Aula.Tests.dll" adapterTypeName="executor://xunit/VsTestRunner2/netcoreapp" className="Aula.Tests.Bots.SlackInteractiveBotTests" name="Constructor_WithNullSupabaseService_ThrowsArgumentNullException" />
    </UnitTest>
    <UnitTest name="Aula.Tests.Utilities.ReminderExtractionPromptsTests.GetExtractionPrompt_WithRealQueries_EmbedsQueryCorrectly(query: &quot;Meeting with teacher next Monday&quot;)" storage="/mnt/d/git/aula/src/aula.tests/bin/debug/net9.0/aula.tests.dll" id="64b3e4a5-31a7-57c7-6c30-e353370e12e0">
      <Execution id="3725d5fa-b2c3-477b-a268-1356704b568c" />
      <TestMethod codeBase="/mnt/d/git/aula/src/Aula.Tests/bin/Debug/net9.0/Aula.Tests.dll" adapterTypeName="executor://xunit/VsTestRunner2/netcoreapp" className="Aula.Tests.Utilities.ReminderExtractionPromptsTests" name="GetExtractionPrompt_WithRealQueries_EmbedsQueryCorrectly" />
    </UnitTest>
    <UnitTest name="Aula.Tests.Bots.SlackMessageHandlerTests.Constructor_WithNullReminderHandler_ThrowsArgumentNullException" storage="/mnt/d/git/aula/src/aula.tests/bin/debug/net9.0/aula.tests.dll" id="9737c38f-ad68-db59-78e8-3f7908babdcf">
      <Execution id="238cbaad-4897-4256-8a68-f41e416772c4" />
      <TestMethod codeBase="/mnt/d/git/aula/src/Aula.Tests/bin/Debug/net9.0/Aula.Tests.dll" adapterTypeName="executor://xunit/VsTestRunner2/netcoreapp" className="Aula.Tests.Bots.SlackMessageHandlerTests" name="Constructor_WithNullReminderHandler_ThrowsArgumentNullException" />
    </UnitTest>
    <UnitTest name="Aula.Tests.Tools.ReminderCommandHandlerTests.TryHandleReminderCommand_DeleteReminder_WithException_LogsErrorAndReturnsErrorMessage(command: &quot;slet påmindelse 888&quot;, isEnglish: False)" storage="/mnt/d/git/aula/src/aula.tests/bin/debug/net9.0/aula.tests.dll" id="f7492970-5062-ad84-014e-43c4dfa554f1">
      <Execution id="209c5c06-30fb-44bc-9cd7-0288165bb4f6" />
      <TestMethod codeBase="/mnt/d/git/aula/src/Aula.Tests/bin/Debug/net9.0/Aula.Tests.dll" adapterTypeName="executor://xunit/VsTestRunner2/netcoreapp" className="Aula.Tests.Tools.ReminderCommandHandlerTests" name="TryHandleReminderCommand_DeleteReminder_WithException_LogsErrorAndReturnsErrorMessage" />
    </UnitTest>
    <UnitTest name="Aula.Tests.Utilities.ConversationContextManagerTests.UpdateContext_OverwritesExistingContext" storage="/mnt/d/git/aula/src/aula.tests/bin/debug/net9.0/aula.tests.dll" id="269fcbba-1520-c37c-832e-a6063e8324bb">
      <Execution id="6d417676-7e19-4750-82bb-3fcb4956cdca" />
      <TestMethod codeBase="/mnt/d/git/aula/src/Aula.Tests/bin/Debug/net9.0/Aula.Tests.dll" adapterTypeName="executor://xunit/VsTestRunner2/netcoreapp" className="Aula.Tests.Utilities.ConversationContextManagerTests" name="UpdateContext_OverwritesExistingContext" />
    </UnitTest>
    <UnitTest name="Aula.Tests.Utilities.JsonFormatterTests.Prettify_WithIncompleteJson_ThrowsException(incompleteJson: &quot;}&quot;)" storage="/mnt/d/git/aula/src/aula.tests/bin/debug/net9.0/aula.tests.dll" id="63cce41a-68ed-6ffe-d9f5-762e73c0e405">
      <Execution id="21c7ba63-176a-429b-bff6-1d36a2073fbe" />
      <TestMethod codeBase="/mnt/d/git/aula/src/Aula.Tests/bin/Debug/net9.0/Aula.Tests.dll" adapterTypeName="executor://xunit/VsTestRunner2/netcoreapp" className="Aula.Tests.Utilities.JsonFormatterTests" name="Prettify_WithIncompleteJson_ThrowsException" />
    </UnitTest>
    <UnitTest name="Aula.Tests.Services.SupabaseServiceTests.Constructor_WithInvalidConfig_DoesNotThrow" storage="/mnt/d/git/aula/src/aula.tests/bin/debug/net9.0/aula.tests.dll" id="7e66458c-6fa0-adfa-1ecd-a6462fccce40">
      <Execution id="8d0e528e-309e-4a76-91d0-a5096f2401a4" />
      <TestMethod codeBase="/mnt/d/git/aula/src/Aula.Tests/bin/Debug/net9.0/Aula.Tests.dll" adapterTypeName="executor://xunit/VsTestRunner2/netcoreapp" className="Aula.Tests.Services.SupabaseServiceTests" name="Constructor_WithInvalidConfig_DoesNotThrow" />
    </UnitTest>
    <UnitTest name="Aula.Tests.Bots.TelegramInteractiveBotTests.Constructor_WithMissingToken_ThrowsInvalidOperationException" storage="/mnt/d/git/aula/src/aula.tests/bin/debug/net9.0/aula.tests.dll" id="fabac3d5-e597-1339-6b46-1c0c67411388">
      <Execution id="556a8cc4-26e5-499f-bd1a-dbd58089b64e" />
      <TestMethod codeBase="/mnt/d/git/aula/src/Aula.Tests/bin/Debug/net9.0/Aula.Tests.dll" adapterTypeName="executor://xunit/VsTestRunner2/netcoreapp" className="Aula.Tests.Bots.TelegramInteractiveBotTests" name="Constructor_WithMissingToken_ThrowsInvalidOperationException" />
    </UnitTest>
    <UnitTest name="Aula.Tests.Services.DataServiceTests.CacheWeekLetter_StoresDataInCache" storage="/mnt/d/git/aula/src/aula.tests/bin/debug/net9.0/aula.tests.dll" id="a6c6eedb-804b-f291-bd53-e5fa9809816a">
      <Execution id="173557f1-ff7d-40e1-83c1-f0ac03c83151" />
      <TestMethod codeBase="/mnt/d/git/aula/src/Aula.Tests/bin/Debug/net9.0/Aula.Tests.dll" adapterTypeName="executor://xunit/VsTestRunner2/netcoreapp" className="Aula.Tests.Services.DataServiceTests" name="CacheWeekLetter_StoresDataInCache" />
    </UnitTest>
    <UnitTest name="Aula.Tests.Bots.TelegramInteractiveBotTests.Start_WithDisabledTelegram_LogsErrorAndReturns" storage="/mnt/d/git/aula/src/aula.tests/bin/debug/net9.0/aula.tests.dll" id="515b0adc-b2ee-305a-2e4a-324570128aec">
      <Execution id="91cd178b-d896-4d36-b7f2-4300bab5263e" />
      <TestMethod codeBase="/mnt/d/git/aula/src/Aula.Tests/bin/Debug/net9.0/Aula.Tests.dll" adapterTypeName="executor://xunit/VsTestRunner2/netcoreapp" className="Aula.Tests.Bots.TelegramInteractiveBotTests" name="Start_WithDisabledTelegram_LogsErrorAndReturns" />
    </UnitTest>
    <UnitTest name="Aula.Tests.Scheduling.SchedulingServiceIntegrationTests.StartStop_Sequence_WorksCorrectly" storage="/mnt/d/git/aula/src/aula.tests/bin/debug/net9.0/aula.tests.dll" id="c8f354e3-5f08-fa6e-54e5-16cf95052730">
      <Execution id="d330fd18-657c-4ba7-b3fa-0180c3862d94" />
      <TestMethod codeBase="/mnt/d/git/aula/src/Aula.Tests/bin/Debug/net9.0/Aula.Tests.dll" adapterTypeName="executor://xunit/VsTestRunner2/netcoreapp" className="Aula.Tests.Scheduling.SchedulingServiceIntegrationTests" name="StartStop_Sequence_WorksCorrectly" />
    </UnitTest>
    <UnitTest name="Aula.Tests.Bots.TelegramMessageHandlerTests.HandleMessageAsync_WithPrivateChat_HandlesCorrectly" storage="/mnt/d/git/aula/src/aula.tests/bin/debug/net9.0/aula.tests.dll" id="5999bd3d-fee4-c596-3611-a7bc16bc4fdd">
      <Execution id="36041219-fd52-4c19-b95c-16ebd17c3d52" />
      <TestMethod codeBase="/mnt/d/git/aula/src/Aula.Tests/bin/Debug/net9.0/Aula.Tests.dll" adapterTypeName="executor://xunit/VsTestRunner2/netcoreapp" className="Aula.Tests.Bots.TelegramMessageHandlerTests" name="HandleMessageAsync_WithPrivateChat_HandlesCorrectly" />
    </UnitTest>
    <UnitTest name="Aula.Tests.Configuration.ConfigurationTests.Timers_AdaptivePollingLimits_ValidationTests(minSeconds: 10, maxSeconds: 10, isValid: True)" storage="/mnt/d/git/aula/src/aula.tests/bin/debug/net9.0/aula.tests.dll" id="0e25bcf5-ab45-f600-b517-83fefa26e455">
      <Execution id="3132f345-c697-47e5-a5b1-402067442b48" />
      <TestMethod codeBase="/mnt/d/git/aula/src/Aula.Tests/bin/Debug/net9.0/Aula.Tests.dll" adapterTypeName="executor://xunit/VsTestRunner2/netcoreapp" className="Aula.Tests.Configuration.ConfigurationTests" name="Timers_AdaptivePollingLimits_ValidationTests" />
    </UnitTest>
    <UnitTest name="Aula.Tests.Utilities.DateTimeUtilitiesTests.GetDanishDayName_ValidDayOfWeek_ReturnsCorrectDanishName(dayOfWeek: Sunday, expectedDanishName: &quot;søndag&quot;)" storage="/mnt/d/git/aula/src/aula.tests/bin/debug/net9.0/aula.tests.dll" id="7603ab70-2625-ab42-8d9e-7a15863cfd1c">
      <Execution id="4c1c6777-a69c-4b00-949b-cd9d1104adc6" />
      <TestMethod codeBase="/mnt/d/git/aula/src/Aula.Tests/bin/Debug/net9.0/Aula.Tests.dll" adapterTypeName="executor://xunit/VsTestRunner2/netcoreapp" className="Aula.Tests.Utilities.DateTimeUtilitiesTests" name="GetDanishDayName_ValidDayOfWeek_ReturnsCorrectDanishName" />
    </UnitTest>
    <UnitTest name="Aula.Tests.Bots.TelegramInteractiveBotTests.ComputeHash_WithDifferentInputs_ReturnsDifferentHashes" storage="/mnt/d/git/aula/src/aula.tests/bin/debug/net9.0/aula.tests.dll" id="5e0ccfa9-e637-4242-b34b-1ae82226f894">
      <Execution id="66eaff8b-387d-49a4-b8e1-c8e5192ac4d6" />
      <TestMethod codeBase="/mnt/d/git/aula/src/Aula.Tests/bin/Debug/net9.0/Aula.Tests.dll" adapterTypeName="executor://xunit/VsTestRunner2/netcoreapp" className="Aula.Tests.Bots.TelegramInteractiveBotTests" name="ComputeHash_WithDifferentInputs_ReturnsDifferentHashes" />
    </UnitTest>
    <UnitTest name="Aula.Tests.Utilities.FollowUpQuestionDetectorTests.IsFollowUpQuestion_WithEnglishFollowUpPhrases_ReturnsTrue(input: &quot;what about Emma&quot;)" storage="/mnt/d/git/aula/src/aula.tests/bin/debug/net9.0/aula.tests.dll" id="1bdda070-0470-891d-d0f0-2e66f6c00467">
      <Execution id="cf2713ae-27ce-4023-a4cc-77fb42be9377" />
      <TestMethod codeBase="/mnt/d/git/aula/src/Aula.Tests/bin/Debug/net9.0/Aula.Tests.dll" adapterTypeName="executor://xunit/VsTestRunner2/netcoreapp" className="Aula.Tests.Utilities.FollowUpQuestionDetectorTests" name="IsFollowUpQuestion_WithEnglishFollowUpPhrases_ReturnsTrue" />
    </UnitTest>
    <UnitTest name="Aula.Tests.Services.DataModelTests.ScheduledTask_CronExpression_CanBeSet(cronExpression: &quot;0 16 * * 0&quot;, description: &quot;Weekly at 4 PM on Sundays&quot;)" storage="/mnt/d/git/aula/src/aula.tests/bin/debug/net9.0/aula.tests.dll" id="3076346f-e719-f439-3898-289f35032ef1">
      <Execution id="5a3324ca-bbfb-49d1-8158-1b051e57efa2" />
      <TestMethod codeBase="/mnt/d/git/aula/src/Aula.Tests/bin/Debug/net9.0/Aula.Tests.dll" adapterTypeName="executor://xunit/VsTestRunner2/netcoreapp" className="Aula.Tests.Services.DataModelTests" name="ScheduledTask_CronExpression_CanBeSet" />
    </UnitTest>
    <UnitTest name="Aula.Tests.Services.SupabaseServiceTests.WeekLetterParameters_WithValidValues_AreInValidRange(childName: &quot;TestChild&quot;, weekNumber: 42, year: 2023)" storage="/mnt/d/git/aula/src/aula.tests/bin/debug/net9.0/aula.tests.dll" id="336b2beb-eb54-f0ba-e24b-08204093e0aa">
      <Execution id="8cc3e2be-7263-4e48-8720-11d69ef51704" />
      <TestMethod codeBase="/mnt/d/git/aula/src/Aula.Tests/bin/Debug/net9.0/Aula.Tests.dll" adapterTypeName="executor://xunit/VsTestRunner2/netcoreapp" className="Aula.Tests.Services.SupabaseServiceTests" name="WeekLetterParameters_WithValidValues_AreInValidRange" />
    </UnitTest>
    <UnitTest name="Aula.Tests.Utilities.IntentAnalysisPromptsTests.ToolExamples_ContainsRequiredKeys(key: &quot;LIST_REMINDERS&quot;)" storage="/mnt/d/git/aula/src/aula.tests/bin/debug/net9.0/aula.tests.dll" id="bda17d36-b490-5d6a-2ec9-eac27d02fc34">
      <Execution id="e890f846-d312-4304-b839-93ad9b4f0311" />
      <TestMethod codeBase="/mnt/d/git/aula/src/Aula.Tests/bin/Debug/net9.0/Aula.Tests.dll" adapterTypeName="executor://xunit/VsTestRunner2/netcoreapp" className="Aula.Tests.Utilities.IntentAnalysisPromptsTests" name="ToolExamples_ContainsRequiredKeys" />
    </UnitTest>
    <UnitTest name="Aula.Tests.Utilities.FollowUpQuestionDetectorTests.IsFollowUpQuestion_WithUnicodeChildNames_WorksCorrectly(input: &quot;søren&quot;)" storage="/mnt/d/git/aula/src/aula.tests/bin/debug/net9.0/aula.tests.dll" id="abccacca-7bbc-accb-c206-54d138eb3775">
      <Execution id="cc0f6dea-3432-48eb-bde1-276c510bbd40" />
      <TestMethod codeBase="/mnt/d/git/aula/src/Aula.Tests/bin/Debug/net9.0/Aula.Tests.dll" adapterTypeName="executor://xunit/VsTestRunner2/netcoreapp" className="Aula.Tests.Utilities.FollowUpQuestionDetectorTests" name="IsFollowUpQuestion_WithUnicodeChildNames_WorksCorrectly" />
    </UnitTest>
    <UnitTest name="Aula.Tests.Services.OpenAiServiceIntegrationTests.AskQuestionAboutChildrenAsync_WithValidParameters_CallsApiWithCorrectParameters" storage="/mnt/d/git/aula/src/aula.tests/bin/debug/net9.0/aula.tests.dll" id="8d316203-7ae4-8ab6-6acc-77bb5420b18a">
      <Execution id="b884b5b5-a8b8-4ffa-b783-e685396a6473" />
      <TestMethod codeBase="/mnt/d/git/aula/src/Aula.Tests/bin/Debug/net9.0/Aula.Tests.dll" adapterTypeName="executor://xunit/VsTestRunner2/netcoreapp" className="Aula.Tests.Services.OpenAiServiceIntegrationTests" name="AskQuestionAboutChildrenAsync_WithValidParameters_CallsApiWithCorrectParameters" />
    </UnitTest>
    <UnitTest name="Aula.Tests.Configuration.ConfigurationTests.Slack_ChannelId_ValidationTests(channelId: &quot;@username&quot;, isValid: True)" storage="/mnt/d/git/aula/src/aula.tests/bin/debug/net9.0/aula.tests.dll" id="38a790b1-3578-8062-65d0-8c5f0243d8e8">
      <Execution id="c978d441-c4ae-4548-9509-dff7660f508d" />
      <TestMethod codeBase="/mnt/d/git/aula/src/Aula.Tests/bin/Debug/net9.0/Aula.Tests.dll" adapterTypeName="executor://xunit/VsTestRunner2/netcoreapp" className="Aula.Tests.Configuration.ConfigurationTests" name="Slack_ChannelId_ValidationTests" />
    </UnitTest>
    <UnitTest name="Aula.Tests.Configuration.ConfigurationTests.Slack_ConfigurationIsCorrect" storage="/mnt/d/git/aula/src/aula.tests/bin/debug/net9.0/aula.tests.dll" id="d4f2af6d-af5d-0e11-cead-324b41b39853">
      <Execution id="3f750d8c-c13c-4b39-a938-a2c44ddc2df1" />
      <TestMethod codeBase="/mnt/d/git/aula/src/Aula.Tests/bin/Debug/net9.0/Aula.Tests.dll" adapterTypeName="executor://xunit/VsTestRunner2/netcoreapp" className="Aula.Tests.Configuration.ConfigurationTests" name="Slack_ConfigurationIsCorrect" />
    </UnitTest>
    <UnitTest name="Aula.Tests.Scheduling.SchedulingServiceIntegrationTests.Constructor_WithNullLoggerFactory_ThrowsArgumentNullException" storage="/mnt/d/git/aula/src/aula.tests/bin/debug/net9.0/aula.tests.dll" id="a928e41a-a5c8-5840-1107-8bfd65b6750c">
      <Execution id="6873c642-fdf4-4400-b655-d511078da764" />
      <TestMethod codeBase="/mnt/d/git/aula/src/Aula.Tests/bin/Debug/net9.0/Aula.Tests.dll" adapterTypeName="executor://xunit/VsTestRunner2/netcoreapp" className="Aula.Tests.Scheduling.SchedulingServiceIntegrationTests" name="Constructor_WithNullLoggerFactory_ThrowsArgumentNullException" />
    </UnitTest>
    <UnitTest name="Aula.Tests.Utilities.DateTimeUtilitiesTests.GetDanishDayName_ValidDayOfWeek_ReturnsCorrectDanishName(dayOfWeek: Friday, expectedDanishName: &quot;fredag&quot;)" storage="/mnt/d/git/aula/src/aula.tests/bin/debug/net9.0/aula.tests.dll" id="3516f5e6-d761-9079-ee12-f11189d2dee7">
      <Execution id="9491a4f2-ef0b-49c1-a97c-5eab61a2370e" />
      <TestMethod codeBase="/mnt/d/git/aula/src/Aula.Tests/bin/Debug/net9.0/Aula.Tests.dll" adapterTypeName="executor://xunit/VsTestRunner2/netcoreapp" className="Aula.Tests.Utilities.DateTimeUtilitiesTests" name="GetDanishDayName_ValidDayOfWeek_ReturnsCorrectDanishName" />
    </UnitTest>
    <UnitTest name="Aula.Tests.Configuration.ConfigurationTests.Features_ConversationCacheExpiration_ValidationTests(minutes: -1, isValid: False)" storage="/mnt/d/git/aula/src/aula.tests/bin/debug/net9.0/aula.tests.dll" id="14b493ec-1bcb-50f5-9528-914b1e27347a">
      <Execution id="423fc86a-5a85-4856-860a-6ebc4f7019fd" />
      <TestMethod codeBase="/mnt/d/git/aula/src/Aula.Tests/bin/Debug/net9.0/Aula.Tests.dll" adapterTypeName="executor://xunit/VsTestRunner2/netcoreapp" className="Aula.Tests.Configuration.ConfigurationTests" name="Features_ConversationCacheExpiration_ValidationTests" />
    </UnitTest>
    <UnitTest name="Aula.Tests.Utilities.Html2SlackMarkdownConverterTests.Convert_WithNestedTags_RemovesCorrectly" storage="/mnt/d/git/aula/src/aula.tests/bin/debug/net9.0/aula.tests.dll" id="89236559-f3ef-d084-fa13-c204061f03bf">
      <Execution id="0aaf33ac-9adc-4d91-b8e9-059f931caed0" />
      <TestMethod codeBase="/mnt/d/git/aula/src/Aula.Tests/bin/Debug/net9.0/Aula.Tests.dll" adapterTypeName="executor://xunit/VsTestRunner2/netcoreapp" className="Aula.Tests.Utilities.Html2SlackMarkdownConverterTests" name="Convert_WithNestedTags_RemovesCorrectly" />
    </UnitTest>
    <UnitTest name="Aula.Tests.Utilities.DateTimeUtilitiesTests.GetDanishDayName_ValidDayOfWeek_ReturnsCorrectDanishName(dayOfWeek: Wednesday, expectedDanishName: &quot;onsdag&quot;)" storage="/mnt/d/git/aula/src/aula.tests/bin/debug/net9.0/aula.tests.dll" id="a68a27ee-ced5-7055-06ba-12f96958b28f">
      <Execution id="f8f47ad9-e511-4286-b15b-545fd26b7ed2" />
      <TestMethod codeBase="/mnt/d/git/aula/src/Aula.Tests/bin/Debug/net9.0/Aula.Tests.dll" adapterTypeName="executor://xunit/VsTestRunner2/netcoreapp" className="Aula.Tests.Utilities.DateTimeUtilitiesTests" name="GetDanishDayName_ValidDayOfWeek_ReturnsCorrectDanishName" />
    </UnitTest>
    <UnitTest name="Aula.Tests.Services.OpenAiServiceIntegrationTests.ProcessQueryWithToolsAsync_WithInvalidQuery_HandlesGracefully(query: &quot;   &quot;)" storage="/mnt/d/git/aula/src/aula.tests/bin/debug/net9.0/aula.tests.dll" id="31fc504d-9ab7-9a71-8e23-0c85de8aae47">
      <Execution id="1a58818e-9c54-477d-afe0-9e77e4e52f77" />
      <TestMethod codeBase="/mnt/d/git/aula/src/Aula.Tests/bin/Debug/net9.0/Aula.Tests.dll" adapterTypeName="executor://xunit/VsTestRunner2/netcoreapp" className="Aula.Tests.Services.OpenAiServiceIntegrationTests" name="ProcessQueryWithToolsAsync_WithInvalidQuery_HandlesGracefully" />
    </UnitTest>
    <UnitTest name="Aula.Tests.Services.OpenAiServiceIntegrationTests.SummarizeWeekLetterAsync_WithNullWeekLetter_ThrowsArgumentNullException(chatInterface: Telegram)" storage="/mnt/d/git/aula/src/aula.tests/bin/debug/net9.0/aula.tests.dll" id="69d1c74a-49ac-9f2b-6362-7fb9e78b2a92">
      <Execution id="70b94c94-7ae6-4fa7-b528-ea4b3a46a6e7" />
      <TestMethod codeBase="/mnt/d/git/aula/src/Aula.Tests/bin/Debug/net9.0/Aula.Tests.dll" adapterTypeName="executor://xunit/VsTestRunner2/netcoreapp" className="Aula.Tests.Services.OpenAiServiceIntegrationTests" name="SummarizeWeekLetterAsync_WithNullWeekLetter_ThrowsArgumentNullException" />
    </UnitTest>
    <UnitTest name="Aula.Tests.Utilities.WeekLetterContentExtractorTests.ExtractContent_Dynamic_WithMultipleUgebreve_ReturnsFirstContent" storage="/mnt/d/git/aula/src/aula.tests/bin/debug/net9.0/aula.tests.dll" id="4daab14e-239d-9692-7fbb-75ab5af4e5fe">
      <Execution id="55bd833c-8929-4aaf-aeb4-5a1663b6e32c" />
      <TestMethod codeBase="/mnt/d/git/aula/src/Aula.Tests/bin/Debug/net9.0/Aula.Tests.dll" adapterTypeName="executor://xunit/VsTestRunner2/netcoreapp" className="Aula.Tests.Utilities.WeekLetterContentExtractorTests" name="ExtractContent_Dynamic_WithMultipleUgebreve_ReturnsFirstContent" />
    </UnitTest>
    <UnitTest name="Aula.Tests.Bots.TelegramMessageHandlerTests.HandleMessageAsync_WithReminderCommand_ProcessesMessage(reminderCommand: &quot;vis påmindelser&quot;)" storage="/mnt/d/git/aula/src/aula.tests/bin/debug/net9.0/aula.tests.dll" id="bf86283e-7a86-5918-0c0e-285ecb14cc6f">
      <Execution id="2a70f70f-b4eb-46a9-8bb5-0b176662187f" />
      <TestMethod codeBase="/mnt/d/git/aula/src/Aula.Tests/bin/Debug/net9.0/Aula.Tests.dll" adapterTypeName="executor://xunit/VsTestRunner2/netcoreapp" className="Aula.Tests.Bots.TelegramMessageHandlerTests" name="HandleMessageAsync_WithReminderCommand_ProcessesMessage" />
    </UnitTest>
    <UnitTest name="Aula.Tests.Utilities.JsonFormatterTests.Prettify_WithSpecialCharacters_HandlesCorrectly" storage="/mnt/d/git/aula/src/aula.tests/bin/debug/net9.0/aula.tests.dll" id="c3e880c3-27f7-ff6e-6cfa-d2f2112d61ec">
      <Execution id="1180a7c7-0623-49ed-9235-13a693913327" />
      <TestMethod codeBase="/mnt/d/git/aula/src/Aula.Tests/bin/Debug/net9.0/Aula.Tests.dll" adapterTypeName="executor://xunit/VsTestRunner2/netcoreapp" className="Aula.Tests.Utilities.JsonFormatterTests" name="Prettify_WithSpecialCharacters_HandlesCorrectly" />
    </UnitTest>
    <UnitTest name="Aula.Tests.Configuration.ConfigurationTests.UniLogin_WithInvalidCredentials_HandlesGracefully(invalidValue: &quot;&quot;)" storage="/mnt/d/git/aula/src/aula.tests/bin/debug/net9.0/aula.tests.dll" id="5152246d-f0d9-3769-bfe5-e3d39d51e3bf">
      <Execution id="e7c22e08-6ec5-415f-999f-75d56f2b5965" />
      <TestMethod codeBase="/mnt/d/git/aula/src/Aula.Tests/bin/Debug/net9.0/Aula.Tests.dll" adapterTypeName="executor://xunit/VsTestRunner2/netcoreapp" className="Aula.Tests.Configuration.ConfigurationTests" name="UniLogin_WithInvalidCredentials_HandlesGracefully" />
    </UnitTest>
    <UnitTest name="Aula.Tests.Utilities.ConversationContextTests.ToString_AgeCalculation_IsAccurate" storage="/mnt/d/git/aula/src/aula.tests/bin/debug/net9.0/aula.tests.dll" id="e225aa72-58fb-b1f4-f2d2-82e178039deb">
      <Execution id="13b3b844-2b98-4501-8a87-0dc0e1baf447" />
      <TestMethod codeBase="/mnt/d/git/aula/src/Aula.Tests/bin/Debug/net9.0/Aula.Tests.dll" adapterTypeName="executor://xunit/VsTestRunner2/netcoreapp" className="Aula.Tests.Utilities.ConversationContextTests" name="ToString_AgeCalculation_IsAccurate" />
    </UnitTest>
    <UnitTest name="Aula.Tests.Services.OpenAiServiceIntegrationTests.Constructor_WithEmptyApiKey_ThrowsArgumentException" storage="/mnt/d/git/aula/src/aula.tests/bin/debug/net9.0/aula.tests.dll" id="faff4fba-5493-e6c9-9bf9-a728e70472b3">
      <Execution id="250c586a-cdf7-4315-8655-6de0e1b3a91b" />
      <TestMethod codeBase="/mnt/d/git/aula/src/Aula.Tests/bin/Debug/net9.0/Aula.Tests.dll" adapterTypeName="executor://xunit/VsTestRunner2/netcoreapp" className="Aula.Tests.Services.OpenAiServiceIntegrationTests" name="Constructor_WithEmptyApiKey_ThrowsArgumentException" />
    </UnitTest>
    <UnitTest name="Aula.Tests.Utilities.FollowUpQuestionDetectorTests.IsFollowUpQuestion_WithStartingFollowUpWords_ReturnsTrue(input: &quot;og Emma&quot;)" storage="/mnt/d/git/aula/src/aula.tests/bin/debug/net9.0/aula.tests.dll" id="83b73832-4937-bb84-c164-437b53d65a63">
      <Execution id="b99093b8-0db7-4771-9f46-19915a6d40b9" />
      <TestMethod codeBase="/mnt/d/git/aula/src/Aula.Tests/bin/Debug/net9.0/Aula.Tests.dll" adapterTypeName="executor://xunit/VsTestRunner2/netcoreapp" className="Aula.Tests.Utilities.FollowUpQuestionDetectorTests" name="IsFollowUpQuestion_WithStartingFollowUpWords_ReturnsTrue" />
    </UnitTest>
    <UnitTest name="Aula.Tests.Channels.TelegramClientTests.SendMessageToChannel_WithVariousMessages_DoesNotThrow(message: &quot;Message with special chars: @#$%&quot;)" storage="/mnt/d/git/aula/src/aula.tests/bin/debug/net9.0/aula.tests.dll" id="d877f94f-066f-42a6-7d0d-fddcf50efb86">
      <Execution id="c8e4f938-7769-4922-b008-7f5dd55fb681" />
      <TestMethod codeBase="/mnt/d/git/aula/src/Aula.Tests/bin/Debug/net9.0/Aula.Tests.dll" adapterTypeName="executor://xunit/VsTestRunner2/netcoreapp" className="Aula.Tests.Channels.TelegramClientTests" name="SendMessageToChannel_WithVariousMessages_DoesNotThrow" />
    </UnitTest>
    <UnitTest name="Aula.Tests.Tools.ReminderCommandHandlerTests.TryHandleReminderCommand_DateParsing_DDMM_Format_WorksCorrectly" storage="/mnt/d/git/aula/src/aula.tests/bin/debug/net9.0/aula.tests.dll" id="d5b42656-f37b-3f98-9edc-5bd253352fc2">
      <Execution id="c64f66c9-cafb-420f-ad38-ca8ccf7652ca" />
      <TestMethod codeBase="/mnt/d/git/aula/src/Aula.Tests/bin/Debug/net9.0/Aula.Tests.dll" adapterTypeName="executor://xunit/VsTestRunner2/netcoreapp" className="Aula.Tests.Tools.ReminderCommandHandlerTests" name="TryHandleReminderCommand_DateParsing_DDMM_Format_WorksCorrectly" />
    </UnitTest>
    <UnitTest name="Aula.Tests.Bots.SlackMessageHandlerTests.HandleMessageAsync_WithNullChannel_ReturnsFalse" storage="/mnt/d/git/aula/src/aula.tests/bin/debug/net9.0/aula.tests.dll" id="9835e47b-ec22-5506-aeb5-974d4515aa48">
      <Execution id="53d99912-175c-455c-9cc4-d57e9cd40616" />
      <TestMethod codeBase="/mnt/d/git/aula/src/Aula.Tests/bin/Debug/net9.0/Aula.Tests.dll" adapterTypeName="executor://xunit/VsTestRunner2/netcoreapp" className="Aula.Tests.Bots.SlackMessageHandlerTests" name="HandleMessageAsync_WithNullChannel_ReturnsFalse" />
    </UnitTest>
    <UnitTest name="Aula.Tests.Utilities.IntentAnalysisPromptsTests.ToolExamples_ContainsBothLanguages" storage="/mnt/d/git/aula/src/aula.tests/bin/debug/net9.0/aula.tests.dll" id="3109c695-3e44-0879-5fda-41d7d17979ff">
      <Execution id="c4d15e0f-0761-4784-ba66-ee36da196cf1" />
      <TestMethod codeBase="/mnt/d/git/aula/src/Aula.Tests/bin/Debug/net9.0/Aula.Tests.dll" adapterTypeName="executor://xunit/VsTestRunner2/netcoreapp" className="Aula.Tests.Utilities.IntentAnalysisPromptsTests" name="ToolExamples_ContainsBothLanguages" />
    </UnitTest>
    <UnitTest name="Aula.Tests.Services.OpenAiServiceIntegrationTests.AskQuestionAboutWeekLetterAsync_WithNullWeekLetter_ThrowsArgumentNullException(chatInterface: Telegram)" storage="/mnt/d/git/aula/src/aula.tests/bin/debug/net9.0/aula.tests.dll" id="c5a7611f-847e-26d1-53fe-736703c875f6">
      <Execution id="1871b96c-dc43-4f3e-a985-d71ae7402b87" />
      <TestMethod codeBase="/mnt/d/git/aula/src/Aula.Tests/bin/Debug/net9.0/Aula.Tests.dll" adapterTypeName="executor://xunit/VsTestRunner2/netcoreapp" className="Aula.Tests.Services.OpenAiServiceIntegrationTests" name="AskQuestionAboutWeekLetterAsync_WithNullWeekLetter_ThrowsArgumentNullException" />
    </UnitTest>
    <UnitTest name="Aula.Tests.Utilities.IntentAnalysisPromptsTests.ToolExamples_CoverExpectedUseCase(expectedKey: &quot;GET_CURRENT_TIME&quot;, queryPattern: &quot;time&quot;)" storage="/mnt/d/git/aula/src/aula.tests/bin/debug/net9.0/aula.tests.dll" id="88e9ac16-5b29-b780-b558-9573ebf5b489">
      <Execution id="9558812c-77a9-48fb-8564-2e1e81cf116d" />
      <TestMethod codeBase="/mnt/d/git/aula/src/Aula.Tests/bin/Debug/net9.0/Aula.Tests.dll" adapterTypeName="executor://xunit/VsTestRunner2/netcoreapp" className="Aula.Tests.Utilities.IntentAnalysisPromptsTests" name="ToolExamples_CoverExpectedUseCase" />
    </UnitTest>
    <UnitTest name="Aula.Tests.Channels.SlackBotTests.PostMessage_WithVariousMessages_DoesNotThrow(message: &quot;&quot;)" storage="/mnt/d/git/aula/src/aula.tests/bin/debug/net9.0/aula.tests.dll" id="639796f8-538b-fbb8-1899-7a0106856fc7">
      <Execution id="59a674a1-81a0-40ba-a493-20cdb1888184" />
      <TestMethod codeBase="/mnt/d/git/aula/src/Aula.Tests/bin/Debug/net9.0/Aula.Tests.dll" adapterTypeName="executor://xunit/VsTestRunner2/netcoreapp" className="Aula.Tests.Channels.SlackBotTests" name="PostMessage_WithVariousMessages_DoesNotThrow" />
    </UnitTest>
    <UnitTest name="Aula.Tests.Utilities.JsonFormatterTests.Prettify_WithIncompleteJson_ThrowsException(incompleteJson: &quot;]&quot;)" storage="/mnt/d/git/aula/src/aula.tests/bin/debug/net9.0/aula.tests.dll" id="0026d070-5db9-6f8c-0581-fb23b0721050">
      <Execution id="f2b37bcb-5c2d-4da9-b1d2-32b13b8e56d7" />
      <TestMethod codeBase="/mnt/d/git/aula/src/Aula.Tests/bin/Debug/net9.0/Aula.Tests.dll" adapterTypeName="executor://xunit/VsTestRunner2/netcoreapp" className="Aula.Tests.Utilities.JsonFormatterTests" name="Prettify_WithIncompleteJson_ThrowsException" />
    </UnitTest>
    <UnitTest name="Aula.Tests.Configuration.ConfigurationTests.Slack_ChannelId_ValidationTests(channelId: &quot;#general&quot;, isValid: True)" storage="/mnt/d/git/aula/src/aula.tests/bin/debug/net9.0/aula.tests.dll" id="b7ae8529-9bcc-b3b7-9e9a-1f51fba7bd52">
      <Execution id="a586aecc-545d-4ebf-9d89-042edfa70e64" />
      <TestMethod codeBase="/mnt/d/git/aula/src/Aula.Tests/bin/Debug/net9.0/Aula.Tests.dll" adapterTypeName="executor://xunit/VsTestRunner2/netcoreapp" className="Aula.Tests.Configuration.ConfigurationTests" name="Slack_ChannelId_ValidationTests" />
    </UnitTest>
    <UnitTest name="Aula.Tests.Services.OpenAiServiceIntegrationTests.Constructor_WithNullAiToolsManager_ThrowsArgumentNullException" storage="/mnt/d/git/aula/src/aula.tests/bin/debug/net9.0/aula.tests.dll" id="63a4082c-526e-0303-add0-711bb075125c">
      <Execution id="bac13a92-6986-4afc-8647-3a28c4dbc8da" />
      <TestMethod codeBase="/mnt/d/git/aula/src/Aula.Tests/bin/Debug/net9.0/Aula.Tests.dll" adapterTypeName="executor://xunit/VsTestRunner2/netcoreapp" className="Aula.Tests.Services.OpenAiServiceIntegrationTests" name="Constructor_WithNullAiToolsManager_ThrowsArgumentNullException" />
    </UnitTest>
    <UnitTest name="Aula.Tests.Utilities.ReminderExtractionPromptsTests.GetExtractionPrompt_ContainsRequiredExtractionFields" storage="/mnt/d/git/aula/src/aula.tests/bin/debug/net9.0/aula.tests.dll" id="8495fb32-9c63-b362-e211-e17f09a360d7">
      <Execution id="453045bc-aa6a-4e72-aeb8-93a8744caef4" />
      <TestMethod codeBase="/mnt/d/git/aula/src/Aula.Tests/bin/Debug/net9.0/Aula.Tests.dll" adapterTypeName="executor://xunit/VsTestRunner2/netcoreapp" className="Aula.Tests.Utilities.ReminderExtractionPromptsTests" name="GetExtractionPrompt_ContainsRequiredExtractionFields" />
    </UnitTest>
    <UnitTest name="Aula.Tests.Bots.SlackMessageHandlerTests.HandleMessageAsync_WithValidMessage_ReturnsTrue" storage="/mnt/d/git/aula/src/aula.tests/bin/debug/net9.0/aula.tests.dll" id="ed243bdd-6000-1061-a83e-9e458b3d2a08">
      <Execution id="98c7e380-5259-4a2b-9257-8361baf79824" />
      <TestMethod codeBase="/mnt/d/git/aula/src/Aula.Tests/bin/Debug/net9.0/Aula.Tests.dll" adapterTypeName="executor://xunit/VsTestRunner2/netcoreapp" className="Aula.Tests.Bots.SlackMessageHandlerTests" name="HandleMessageAsync_WithValidMessage_ReturnsTrue" />
    </UnitTest>
    <UnitTest name="Aula.Tests.Utilities.DateTimeUtilitiesTests.GetDanishDayName_InvalidDayOfWeek_ReturnsUnknownDay" storage="/mnt/d/git/aula/src/aula.tests/bin/debug/net9.0/aula.tests.dll" id="d3be5396-2e22-40ea-fb50-3295c468f33c">
      <Execution id="e33d03eb-5bfe-4cd5-8dcb-cbd4cdaa85aa" />
      <TestMethod codeBase="/mnt/d/git/aula/src/Aula.Tests/bin/Debug/net9.0/Aula.Tests.dll" adapterTypeName="executor://xunit/VsTestRunner2/netcoreapp" className="Aula.Tests.Utilities.DateTimeUtilitiesTests" name="GetDanishDayName_InvalidDayOfWeek_ReturnsUnknownDay" />
    </UnitTest>
    <UnitTest name="Aula.Tests.Tools.ReminderCommandHandlerTests.TryHandleReminderCommand_AddReminder_WithException_LogsErrorAndReturnsErrorMessage" storage="/mnt/d/git/aula/src/aula.tests/bin/debug/net9.0/aula.tests.dll" id="d0cf4523-20d9-e9c2-7e92-dc719d8bb4ef">
      <Execution id="a7dd8ad2-6eb2-44f1-b9d9-4840b3d0788a" />
      <TestMethod codeBase="/mnt/d/git/aula/src/Aula.Tests/bin/Debug/net9.0/Aula.Tests.dll" adapterTypeName="executor://xunit/VsTestRunner2/netcoreapp" className="Aula.Tests.Tools.ReminderCommandHandlerTests" name="TryHandleReminderCommand_AddReminder_WithException_LogsErrorAndReturnsErrorMessage" />
    </UnitTest>
    <UnitTest name="Aula.Tests.Channels.TelegramClientTests.Constructor_WithVariousTokens_DoesNotThrow(token: &quot;123456789:AABBCCDDEEFFGG&quot;)" storage="/mnt/d/git/aula/src/aula.tests/bin/debug/net9.0/aula.tests.dll" id="1e24c5cd-d42a-5c97-73c1-5f149820ea22">
      <Execution id="915a8231-c494-402c-89b6-a4a47a237c90" />
      <TestMethod codeBase="/mnt/d/git/aula/src/Aula.Tests/bin/Debug/net9.0/Aula.Tests.dll" adapterTypeName="executor://xunit/VsTestRunner2/netcoreapp" className="Aula.Tests.Channels.TelegramClientTests" name="Constructor_WithVariousTokens_DoesNotThrow" />
    </UnitTest>
    <UnitTest name="Aula.Tests.Bots.TelegramInteractiveBotTests.SendMessage_WithLongChatId_SendsSuccessfully(chatId: &quot;1234567890&quot;)" storage="/mnt/d/git/aula/src/aula.tests/bin/debug/net9.0/aula.tests.dll" id="f1a8ea88-01e1-69c3-1fe9-4aa537f89af0">
      <Execution id="429bddfa-4510-4536-b224-c85aae7ee137" />
      <TestMethod codeBase="/mnt/d/git/aula/src/Aula.Tests/bin/Debug/net9.0/Aula.Tests.dll" adapterTypeName="executor://xunit/VsTestRunner2/netcoreapp" className="Aula.Tests.Bots.TelegramInteractiveBotTests" name="SendMessage_WithLongChatId_SendsSuccessfully" />
    </UnitTest>
    <UnitTest name="Aula.Tests.Bots.SlackInteractiveBotTests.Constructor_WithValidParameters_InitializesCorrectly" storage="/mnt/d/git/aula/src/aula.tests/bin/debug/net9.0/aula.tests.dll" id="2f04f25a-f7ea-d154-f23d-9b85170cefc4">
      <Execution id="a4811316-d12c-425a-a956-c686efb4df9e" />
      <TestMethod codeBase="/mnt/d/git/aula/src/Aula.Tests/bin/Debug/net9.0/Aula.Tests.dll" adapterTypeName="executor://xunit/VsTestRunner2/netcoreapp" className="Aula.Tests.Bots.SlackInteractiveBotTests" name="Constructor_WithValidParameters_InitializesCorrectly" />
    </UnitTest>
    <UnitTest name="Aula.Tests.Channels.TelegramClientTests.PostWeekLetter_WithVariousChildNames_HandlesCorrectly(firstName: &quot;Alice&quot;)" storage="/mnt/d/git/aula/src/aula.tests/bin/debug/net9.0/aula.tests.dll" id="7764d870-960a-e6a5-a9d1-b95db448a3be">
      <Execution id="ef19adc6-151f-4c2f-a1e1-dec6f4f1f3ac" />
      <TestMethod codeBase="/mnt/d/git/aula/src/Aula.Tests/bin/Debug/net9.0/Aula.Tests.dll" adapterTypeName="executor://xunit/VsTestRunner2/netcoreapp" className="Aula.Tests.Channels.TelegramClientTests" name="PostWeekLetter_WithVariousChildNames_HandlesCorrectly" />
    </UnitTest>
    <UnitTest name="Aula.Tests.Utilities.ConversationContextTests.ConversationContext_DefaultValues_AreSetCorrectly" storage="/mnt/d/git/aula/src/aula.tests/bin/debug/net9.0/aula.tests.dll" id="ee79648a-cff5-5748-d2f4-bbdc12cb6662">
      <Execution id="92f5878c-36da-4c69-997c-c121a3a4d3fd" />
      <TestMethod codeBase="/mnt/d/git/aula/src/Aula.Tests/bin/Debug/net9.0/Aula.Tests.dll" adapterTypeName="executor://xunit/VsTestRunner2/netcoreapp" className="Aula.Tests.Utilities.ConversationContextTests" name="ConversationContext_DefaultValues_AreSetCorrectly" />
    </UnitTest>
    <UnitTest name="Aula.Tests.Utilities.FollowUpQuestionDetectorTests.IsFollowUpQuestion_WithChildNameAndShortMessage_ReturnsTrue(input: &quot;Wilson&quot;)" storage="/mnt/d/git/aula/src/aula.tests/bin/debug/net9.0/aula.tests.dll" id="415f90fb-9864-854c-b560-969302c9cec5">
      <Execution id="13fe84d6-aebb-42f7-955a-1afd271b929d" />
      <TestMethod codeBase="/mnt/d/git/aula/src/Aula.Tests/bin/Debug/net9.0/Aula.Tests.dll" adapterTypeName="executor://xunit/VsTestRunner2/netcoreapp" className="Aula.Tests.Utilities.FollowUpQuestionDetectorTests" name="IsFollowUpQuestion_WithChildNameAndShortMessage_ReturnsTrue" />
    </UnitTest>
    <UnitTest name="Aula.Tests.Utilities.Html2SlackMarkdownConverterTests.Convert_WithPartialTags_HandlesGracefully(html: &quot;&lt;p&gt;&quot;)" storage="/mnt/d/git/aula/src/aula.tests/bin/debug/net9.0/aula.tests.dll" id="3a146d29-fbcb-fef0-8b31-74bf7ff2c627">
      <Execution id="46da9360-2bc2-4ab3-9d2e-2a151ebab511" />
      <TestMethod codeBase="/mnt/d/git/aula/src/Aula.Tests/bin/Debug/net9.0/Aula.Tests.dll" adapterTypeName="executor://xunit/VsTestRunner2/netcoreapp" className="Aula.Tests.Utilities.Html2SlackMarkdownConverterTests" name="Convert_WithPartialTags_HandlesGracefully" />
    </UnitTest>
    <UnitTest name="Aula.Tests.Scheduling.SchedulingServiceIntegrationTests.Service_WithDifferentBotConfigurations_WorksCorrectly(slackEnabled: False, telegramEnabled: True)" storage="/mnt/d/git/aula/src/aula.tests/bin/debug/net9.0/aula.tests.dll" id="db1ac5c7-4d71-7640-4051-517cc2b3de0c">
      <Execution id="b670b449-b3e4-46c0-8c88-6e823d467048" />
      <TestMethod codeBase="/mnt/d/git/aula/src/Aula.Tests/bin/Debug/net9.0/Aula.Tests.dll" adapterTypeName="executor://xunit/VsTestRunner2/netcoreapp" className="Aula.Tests.Scheduling.SchedulingServiceIntegrationTests" name="Service_WithDifferentBotConfigurations_WorksCorrectly" />
    </UnitTest>
    <UnitTest name="Aula.Tests.Bots.SlackInteractiveBotTests.Start_WithMissingApiToken_LogsErrorAndReturns" storage="/mnt/d/git/aula/src/aula.tests/bin/debug/net9.0/aula.tests.dll" id="3faf1419-3703-7fd5-a3da-353c4d730dce">
      <Execution id="303265d2-e80f-4df2-bb54-d63655689394" />
      <TestMethod codeBase="/mnt/d/git/aula/src/Aula.Tests/bin/Debug/net9.0/Aula.Tests.dll" adapterTypeName="executor://xunit/VsTestRunner2/netcoreapp" className="Aula.Tests.Bots.SlackInteractiveBotTests" name="Start_WithMissingApiToken_LogsErrorAndReturns" />
    </UnitTest>
    <UnitTest name="Aula.Tests.Services.OpenAiServiceIntegrationTests.AskQuestionAboutChildrenAsync_WithNullChildrenWeekLetters_ThrowsArgumentNullException(chatInterface: Slack)" storage="/mnt/d/git/aula/src/aula.tests/bin/debug/net9.0/aula.tests.dll" id="98555ca9-e51e-c77a-a5b7-89147423d30d">
      <Execution id="d5368f0e-a176-41a3-9eae-56e5b6e8d779" />
      <TestMethod codeBase="/mnt/d/git/aula/src/Aula.Tests/bin/Debug/net9.0/Aula.Tests.dll" adapterTypeName="executor://xunit/VsTestRunner2/netcoreapp" className="Aula.Tests.Services.OpenAiServiceIntegrationTests" name="AskQuestionAboutChildrenAsync_WithNullChildrenWeekLetters_ThrowsArgumentNullException" />
    </UnitTest>
    <UnitTest name="Aula.Tests.Configuration.ConfigurationTests.Timers_ConfigurationIsCorrect" storage="/mnt/d/git/aula/src/aula.tests/bin/debug/net9.0/aula.tests.dll" id="33b001f1-b8e7-0e78-6628-3106ad6d2f71">
      <Execution id="433e2f52-1176-4c83-b731-6d08b1959987" />
      <TestMethod codeBase="/mnt/d/git/aula/src/Aula.Tests/bin/Debug/net9.0/Aula.Tests.dll" adapterTypeName="executor://xunit/VsTestRunner2/netcoreapp" className="Aula.Tests.Configuration.ConfigurationTests" name="Timers_ConfigurationIsCorrect" />
    </UnitTest>
    <UnitTest name="Aula.Tests.Bots.TelegramMessageHandlerTests.Constructor_WithNullSupabaseService_ThrowsArgumentNullException" storage="/mnt/d/git/aula/src/aula.tests/bin/debug/net9.0/aula.tests.dll" id="465ed908-4041-5a87-afb1-27b6b5171191">
      <Execution id="95d71cff-639e-40ff-8eb1-6be98af48d61" />
      <TestMethod codeBase="/mnt/d/git/aula/src/Aula.Tests/bin/Debug/net9.0/Aula.Tests.dll" adapterTypeName="executor://xunit/VsTestRunner2/netcoreapp" className="Aula.Tests.Bots.TelegramMessageHandlerTests" name="Constructor_WithNullSupabaseService_ThrowsArgumentNullException" />
    </UnitTest>
    <UnitTest name="Aula.Tests.Services.DataModelTests.AppState_WithProperties_SetsCorrectly" storage="/mnt/d/git/aula/src/aula.tests/bin/debug/net9.0/aula.tests.dll" id="a4a3bfc2-ce2c-55ab-e6c7-e1c25caaf60b">
      <Execution id="9f3a8592-f037-46a4-af8e-6eb4e3851a88" />
      <TestMethod codeBase="/mnt/d/git/aula/src/Aula.Tests/bin/Debug/net9.0/Aula.Tests.dll" adapterTypeName="executor://xunit/VsTestRunner2/netcoreapp" className="Aula.Tests.Services.DataModelTests" name="AppState_WithProperties_SetsCorrectly" />
    </UnitTest>
    <UnitTest name="Aula.Tests.Channels.TelegramClientTests.PostWeekLetter_WithValidInputs_DoesNotThrow" storage="/mnt/d/git/aula/src/aula.tests/bin/debug/net9.0/aula.tests.dll" id="cc139316-f1a2-00ef-ef1d-1e4ba4910c04">
      <Execution id="65824251-3c29-49a3-a62c-b2ffe3641ca1" />
      <TestMethod codeBase="/mnt/d/git/aula/src/Aula.Tests/bin/Debug/net9.0/Aula.Tests.dll" adapterTypeName="executor://xunit/VsTestRunner2/netcoreapp" className="Aula.Tests.Channels.TelegramClientTests" name="PostWeekLetter_WithValidInputs_DoesNotThrow" />
    </UnitTest>
    <UnitTest name="Aula.Tests.Bots.SlackMessageHandlerTests.Constructor_WithNullConversationContext_ThrowsArgumentNullException" storage="/mnt/d/git/aula/src/aula.tests/bin/debug/net9.0/aula.tests.dll" id="abcb3b7f-4c07-2d28-fb29-7bc03942e3cd">
      <Execution id="8031a352-fd2b-453c-845b-ebcc622f9afb" />
      <TestMethod codeBase="/mnt/d/git/aula/src/Aula.Tests/bin/Debug/net9.0/Aula.Tests.dll" adapterTypeName="executor://xunit/VsTestRunner2/netcoreapp" className="Aula.Tests.Bots.SlackMessageHandlerTests" name="Constructor_WithNullConversationContext_ThrowsArgumentNullException" />
    </UnitTest>
    <UnitTest name="Aula.Tests.Channels.TelegramClientTests.PostWeekLetter_WithEmptyWeekLetter_HandlesGracefully" storage="/mnt/d/git/aula/src/aula.tests/bin/debug/net9.0/aula.tests.dll" id="ab63d831-8e5f-0400-01ad-bd4bb81aa871">
      <Execution id="f93ea31b-1461-4c7f-86dc-b1377f1909aa" />
      <TestMethod codeBase="/mnt/d/git/aula/src/Aula.Tests/bin/Debug/net9.0/Aula.Tests.dll" adapterTypeName="executor://xunit/VsTestRunner2/netcoreapp" className="Aula.Tests.Channels.TelegramClientTests" name="PostWeekLetter_WithEmptyWeekLetter_HandlesGracefully" />
    </UnitTest>
    <UnitTest name="Aula.Tests.Services.DataModelTests.ScheduledTask_WithProperties_SetsCorrectly" storage="/mnt/d/git/aula/src/aula.tests/bin/debug/net9.0/aula.tests.dll" id="34366f44-ed9b-7d8b-6c2d-6118dfaf9ff9">
      <Execution id="2cb890a7-6b61-4aae-a1b5-554f9a619c15" />
      <TestMethod codeBase="/mnt/d/git/aula/src/Aula.Tests/bin/Debug/net9.0/Aula.Tests.dll" adapterTypeName="executor://xunit/VsTestRunner2/netcoreapp" className="Aula.Tests.Services.DataModelTests" name="ScheduledTask_WithProperties_SetsCorrectly" />
    </UnitTest>
    <UnitTest name="Aula.Tests.Utilities.FollowUpQuestionDetectorTests.IsFollowUpQuestion_WithNullLogger_ThrowsArgumentNullException" storage="/mnt/d/git/aula/src/aula.tests/bin/debug/net9.0/aula.tests.dll" id="ce195ac9-e907-62d3-fa5f-c3b7ebadeac3">
      <Execution id="05948ed8-bb56-4b19-9888-cdec5fa2b33d" />
      <TestMethod codeBase="/mnt/d/git/aula/src/Aula.Tests/bin/Debug/net9.0/Aula.Tests.dll" adapterTypeName="executor://xunit/VsTestRunner2/netcoreapp" className="Aula.Tests.Utilities.FollowUpQuestionDetectorTests" name="IsFollowUpQuestion_WithNullLogger_ThrowsArgumentNullException" />
    </UnitTest>
    <UnitTest name="Aula.Tests.Services.OpenAiServiceIntegrationTests.Constructor_WithValidParameters_InitializesCorrectly" storage="/mnt/d/git/aula/src/aula.tests/bin/debug/net9.0/aula.tests.dll" id="8c77f87a-9ff2-d101-f9e6-6771eeb5c649">
      <Execution id="cfa8aab1-05aa-4bad-b3c3-32e59d045a16" />
      <TestMethod codeBase="/mnt/d/git/aula/src/Aula.Tests/bin/Debug/net9.0/Aula.Tests.dll" adapterTypeName="executor://xunit/VsTestRunner2/netcoreapp" className="Aula.Tests.Services.OpenAiServiceIntegrationTests" name="Constructor_WithValidParameters_InitializesCorrectly" />
    </UnitTest>
    <UnitTest name="Aula.Tests.Utilities.JsonFormatterTests.Prettify_WithNumbers_PreservesNumericTypes" storage="/mnt/d/git/aula/src/aula.tests/bin/debug/net9.0/aula.tests.dll" id="5a903d00-5b08-70e4-0ae1-41f7c132ff27">
      <Execution id="75ac5f17-2d6c-4633-95bc-91c9c5ae7d91" />
      <TestMethod codeBase="/mnt/d/git/aula/src/Aula.Tests/bin/Debug/net9.0/Aula.Tests.dll" adapterTypeName="executor://xunit/VsTestRunner2/netcoreapp" className="Aula.Tests.Utilities.JsonFormatterTests" name="Prettify_WithNumbers_PreservesNumericTypes" />
    </UnitTest>
    <UnitTest name="Aula.Tests.Channels.SlackBotTests.SendTestMessage_WithVariousMessages_DoesNotThrow(message: &quot;Message with *bold* and _italic_&quot;)" storage="/mnt/d/git/aula/src/aula.tests/bin/debug/net9.0/aula.tests.dll" id="39cbc733-29e9-c5b4-bf01-9d0a5e8faef4">
      <Execution id="f9ef437e-204f-45e8-867c-25e56bf5ae5c" />
      <TestMethod codeBase="/mnt/d/git/aula/src/Aula.Tests/bin/Debug/net9.0/Aula.Tests.dll" adapterTypeName="executor://xunit/VsTestRunner2/netcoreapp" className="Aula.Tests.Channels.SlackBotTests" name="SendTestMessage_WithVariousMessages_DoesNotThrow" />
    </UnitTest>
    <UnitTest name="Aula.Tests.Services.DataModelTests.Reminder_CreatedBy_HandlesValues(createdBy: null, shouldAccept: False)" storage="/mnt/d/git/aula/src/aula.tests/bin/debug/net9.0/aula.tests.dll" id="dd6cd978-16c0-3adf-7057-3791731bf47f">
      <Execution id="958881c0-fdb0-428f-a0a6-11b4582754d4" />
      <TestMethod codeBase="/mnt/d/git/aula/src/Aula.Tests/bin/Debug/net9.0/Aula.Tests.dll" adapterTypeName="executor://xunit/VsTestRunner2/netcoreapp" className="Aula.Tests.Services.DataModelTests" name="Reminder_CreatedBy_HandlesValues" />
    </UnitTest>
    <UnitTest name="Aula.Tests.Tools.ReminderCommandHandlerTests.Constructor_WithNullLogger_ThrowsArgumentNullException" storage="/mnt/d/git/aula/src/aula.tests/bin/debug/net9.0/aula.tests.dll" id="52284c88-15e2-e622-5da9-cf51ba9aa844">
      <Execution id="85a80c03-d91b-4a02-b5fa-aa5b67e147fa" />
      <TestMethod codeBase="/mnt/d/git/aula/src/Aula.Tests/bin/Debug/net9.0/Aula.Tests.dll" adapterTypeName="executor://xunit/VsTestRunner2/netcoreapp" className="Aula.Tests.Tools.ReminderCommandHandlerTests" name="Constructor_WithNullLogger_ThrowsArgumentNullException" />
    </UnitTest>
    <UnitTest name="Aula.Tests.Channels.SlackBotTests.PostMessage_WithVariousMessages_DoesNotThrow(message: &quot;Simple message&quot;)" storage="/mnt/d/git/aula/src/aula.tests/bin/debug/net9.0/aula.tests.dll" id="470ea3d0-f459-b6ad-4f9f-44954dd4a0b8">
      <Execution id="f655ac3c-0a0c-4fc9-b2ea-01075b8e1fad" />
      <TestMethod codeBase="/mnt/d/git/aula/src/Aula.Tests/bin/Debug/net9.0/Aula.Tests.dll" adapterTypeName="executor://xunit/VsTestRunner2/netcoreapp" className="Aula.Tests.Channels.SlackBotTests" name="PostMessage_WithVariousMessages_DoesNotThrow" />
    </UnitTest>
    <UnitTest name="Aula.Tests.Services.DataModelTests.ScheduledTask_DefaultConstructor_InitializesCorrectly" storage="/mnt/d/git/aula/src/aula.tests/bin/debug/net9.0/aula.tests.dll" id="959fba83-0682-2e3d-51fe-2394f6f56bd3">
      <Execution id="b834ee4d-659c-46de-8c1b-c49fddd9d1fe" />
      <TestMethod codeBase="/mnt/d/git/aula/src/Aula.Tests/bin/Debug/net9.0/Aula.Tests.dll" adapterTypeName="executor://xunit/VsTestRunner2/netcoreapp" className="Aula.Tests.Services.DataModelTests" name="ScheduledTask_DefaultConstructor_InitializesCorrectly" />
    </UnitTest>
    <UnitTest name="Aula.Tests.Bots.SlackMessageHandlerTests.Constructor_WithNullChildrenByName_ThrowsArgumentNullException" storage="/mnt/d/git/aula/src/aula.tests/bin/debug/net9.0/aula.tests.dll" id="0d3d8599-f426-1393-a900-8c97239c2db0">
      <Execution id="1b852cf2-b805-4d96-8e7f-52e45142d1b9" />
      <TestMethod codeBase="/mnt/d/git/aula/src/Aula.Tests/bin/Debug/net9.0/Aula.Tests.dll" adapterTypeName="executor://xunit/VsTestRunner2/netcoreapp" className="Aula.Tests.Bots.SlackMessageHandlerTests" name="Constructor_WithNullChildrenByName_ThrowsArgumentNullException" />
    </UnitTest>
    <UnitTest name="Aula.Tests.Channels.SlackBotTests.PostWeekLetter_WithVariousChildNames_HandlesCorrectly(firstName: &quot;&quot;)" storage="/mnt/d/git/aula/src/aula.tests/bin/debug/net9.0/aula.tests.dll" id="d3b4820e-3f6b-fc6c-04b8-e7cf49b0bad8">
      <Execution id="85c33def-a67f-4efa-ba9d-810852431ce0" />
      <TestMethod codeBase="/mnt/d/git/aula/src/Aula.Tests/bin/Debug/net9.0/Aula.Tests.dll" adapterTypeName="executor://xunit/VsTestRunner2/netcoreapp" className="Aula.Tests.Channels.SlackBotTests" name="PostWeekLetter_WithVariousChildNames_HandlesCorrectly" />
    </UnitTest>
    <UnitTest name="Aula.Tests.Utilities.ReminderExtractionPromptsTests.GetExtractionPrompt_ContainsExpectedResponseFormat" storage="/mnt/d/git/aula/src/aula.tests/bin/debug/net9.0/aula.tests.dll" id="1a0f9073-85e9-ddfd-302a-6b8e7f408be7">
      <Execution id="c3b1e9a9-f303-4bce-a202-1b99276434d5" />
      <TestMethod codeBase="/mnt/d/git/aula/src/Aula.Tests/bin/Debug/net9.0/Aula.Tests.dll" adapterTypeName="executor://xunit/VsTestRunner2/netcoreapp" className="Aula.Tests.Utilities.ReminderExtractionPromptsTests" name="GetExtractionPrompt_ContainsExpectedResponseFormat" />
    </UnitTest>
    <UnitTest name="Aula.Tests.Utilities.ConversationContextManagerTests.GetContext_WithNonExistentKey_ReturnsNull" storage="/mnt/d/git/aula/src/aula.tests/bin/debug/net9.0/aula.tests.dll" id="4b2a2af9-445d-9ecf-64f7-d742a6adefb7">
      <Execution id="e68140da-8d02-408b-8794-429feaf31047" />
      <TestMethod codeBase="/mnt/d/git/aula/src/Aula.Tests/bin/Debug/net9.0/Aula.Tests.dll" adapterTypeName="executor://xunit/VsTestRunner2/netcoreapp" className="Aula.Tests.Utilities.ConversationContextManagerTests" name="GetContext_WithNonExistentKey_ReturnsNull" />
    </UnitTest>
    <UnitTest name="Aula.Tests.Bots.SlackMessageHandlerTests.Constructor_WithNullHttpClient_ThrowsArgumentNullException" storage="/mnt/d/git/aula/src/aula.tests/bin/debug/net9.0/aula.tests.dll" id="d484adb7-a52c-1efb-9dd8-63c19447b60d">
      <Execution id="13e2d3b6-7b97-420f-8963-9c26f2c154a1" />
      <TestMethod codeBase="/mnt/d/git/aula/src/Aula.Tests/bin/Debug/net9.0/Aula.Tests.dll" adapterTypeName="executor://xunit/VsTestRunner2/netcoreapp" className="Aula.Tests.Bots.SlackMessageHandlerTests" name="Constructor_WithNullHttpClient_ThrowsArgumentNullException" />
    </UnitTest>
    <UnitTest name="Aula.Tests.Utilities.DateTimeUtilitiesTests.GetDanishDayName_ValidDayOfWeek_ReturnsLowercaseName(dayOfWeek: Saturday, expectedName: &quot;lørdag&quot;)" storage="/mnt/d/git/aula/src/aula.tests/bin/debug/net9.0/aula.tests.dll" id="44a05eee-eae2-643d-4997-e4bad6b31a71">
      <Execution id="77478f2f-d362-4f02-b449-3766c12b8681" />
      <TestMethod codeBase="/mnt/d/git/aula/src/Aula.Tests/bin/Debug/net9.0/Aula.Tests.dll" adapterTypeName="executor://xunit/VsTestRunner2/netcoreapp" className="Aula.Tests.Utilities.DateTimeUtilitiesTests" name="GetDanishDayName_ValidDayOfWeek_ReturnsLowercaseName" />
    </UnitTest>
    <UnitTest name="Aula.Tests.Bots.SlackInteractiveBotTests.Dispose_WhenCalled_DisposesResources" storage="/mnt/d/git/aula/src/aula.tests/bin/debug/net9.0/aula.tests.dll" id="836451b2-62cb-4cd2-ca5f-c5c8f2c0a202">
      <Execution id="5aefae52-ddd9-488e-93a8-049a5879266d" />
      <TestMethod codeBase="/mnt/d/git/aula/src/Aula.Tests/bin/Debug/net9.0/Aula.Tests.dll" adapterTypeName="executor://xunit/VsTestRunner2/netcoreapp" className="Aula.Tests.Bots.SlackInteractiveBotTests" name="Dispose_WhenCalled_DisposesResources" />
    </UnitTest>
    <UnitTest name="Aula.Tests.Bots.SlackInteractiveBotTests.Constructor_WithNullAgentService_ThrowsArgumentNullException" storage="/mnt/d/git/aula/src/aula.tests/bin/debug/net9.0/aula.tests.dll" id="1d29fac2-3f2b-d487-db1b-b2d3ad7fc889">
      <Execution id="7b6bc9f9-f0e9-48e3-8c09-9f2e6515e132" />
      <TestMethod codeBase="/mnt/d/git/aula/src/Aula.Tests/bin/Debug/net9.0/Aula.Tests.dll" adapterTypeName="executor://xunit/VsTestRunner2/netcoreapp" className="Aula.Tests.Bots.SlackInteractiveBotTests" name="Constructor_WithNullAgentService_ThrowsArgumentNullException" />
    </UnitTest>
    <UnitTest name="Aula.Tests.Bots.TelegramInteractiveBotTests.Constructor_WithNullConfig_ThrowsArgumentNullException" storage="/mnt/d/git/aula/src/aula.tests/bin/debug/net9.0/aula.tests.dll" id="cb05154c-9d2c-0c1f-d5d8-19063e23db2a">
      <Execution id="b03a6a86-33c3-4577-ab27-91f0d02fd618" />
      <TestMethod codeBase="/mnt/d/git/aula/src/Aula.Tests/bin/Debug/net9.0/Aula.Tests.dll" adapterTypeName="executor://xunit/VsTestRunner2/netcoreapp" className="Aula.Tests.Bots.TelegramInteractiveBotTests" name="Constructor_WithNullConfig_ThrowsArgumentNullException" />
    </UnitTest>
    <UnitTest name="Aula.Tests.Tools.ReminderCommandHandlerTests.TryHandleReminderCommand_NonMatchingPatterns_ReturnsFalse(command: &quot;husk mig ugyldig at 8:00 at invalid format&quot;, isEnglish: False)" storage="/mnt/d/git/aula/src/aula.tests/bin/debug/net9.0/aula.tests.dll" id="d7aeee86-92f2-5c12-685d-812d09ed0822">
      <Execution id="a056a335-80d8-4920-8bf0-c385574eb849" />
      <TestMethod codeBase="/mnt/d/git/aula/src/Aula.Tests/bin/Debug/net9.0/Aula.Tests.dll" adapterTypeName="executor://xunit/VsTestRunner2/netcoreapp" className="Aula.Tests.Tools.ReminderCommandHandlerTests" name="TryHandleReminderCommand_NonMatchingPatterns_ReturnsFalse" />
    </UnitTest>
    <UnitTest name="Aula.Tests.Bots.TelegramMessageHandlerTests.HandleMessageAsync_WithNullText_ReturnsEarly" storage="/mnt/d/git/aula/src/aula.tests/bin/debug/net9.0/aula.tests.dll" id="a91693fe-7a60-fb25-8c1a-3c9d5103f720">
      <Execution id="3265910a-815f-4f16-9c1f-b775ec4d82e5" />
      <TestMethod codeBase="/mnt/d/git/aula/src/Aula.Tests/bin/Debug/net9.0/Aula.Tests.dll" adapterTypeName="executor://xunit/VsTestRunner2/netcoreapp" className="Aula.Tests.Bots.TelegramMessageHandlerTests" name="HandleMessageAsync_WithNullText_ReturnsEarly" />
    </UnitTest>
    <UnitTest name="Aula.Tests.Utilities.IntentAnalysisPromptsTests.ToolExamples_ContainsRequiredKeys(key: &quot;CREATE_REMINDER&quot;)" storage="/mnt/d/git/aula/src/aula.tests/bin/debug/net9.0/aula.tests.dll" id="9459ef9a-ed9e-7e04-b1e7-d4cc74d49390">
      <Execution id="3102c7dd-005b-460c-b774-7b007f89b99c" />
      <TestMethod codeBase="/mnt/d/git/aula/src/Aula.Tests/bin/Debug/net9.0/Aula.Tests.dll" adapterTypeName="executor://xunit/VsTestRunner2/netcoreapp" className="Aula.Tests.Utilities.IntentAnalysisPromptsTests" name="ToolExamples_ContainsRequiredKeys" />
    </UnitTest>
    <UnitTest name="Aula.Tests.Tools.AiToolsManagerTests.DeleteReminderAsync_WithInvalidReminderNumber_ReturnsError" storage="/mnt/d/git/aula/src/aula.tests/bin/debug/net9.0/aula.tests.dll" id="3eae7343-2bfd-b9ac-3f25-bf1944822f6f">
      <Execution id="e33c1a2f-477a-4c85-aaa0-e996a30a8da8" />
      <TestMethod codeBase="/mnt/d/git/aula/src/Aula.Tests/bin/Debug/net9.0/Aula.Tests.dll" adapterTypeName="executor://xunit/VsTestRunner2/netcoreapp" className="Aula.Tests.Tools.AiToolsManagerTests" name="DeleteReminderAsync_WithInvalidReminderNumber_ReturnsError" />
    </UnitTest>
    <UnitTest name="Aula.Tests.Channels.TelegramClientTests.Constructor_WithConfig_EnabledFalse_CreatesInstance" storage="/mnt/d/git/aula/src/aula.tests/bin/debug/net9.0/aula.tests.dll" id="50081d46-2c3a-f2b2-59ea-4061c169b6c6">
      <Execution id="d2c4a92d-375a-4cc2-96c3-27491d9d4034" />
      <TestMethod codeBase="/mnt/d/git/aula/src/Aula.Tests/bin/Debug/net9.0/Aula.Tests.dll" adapterTypeName="executor://xunit/VsTestRunner2/netcoreapp" className="Aula.Tests.Channels.TelegramClientTests" name="Constructor_WithConfig_EnabledFalse_CreatesInstance" />
    </UnitTest>
    <UnitTest name="Aula.Tests.Utilities.FollowUpQuestionDetectorTests.IsFollowUpQuestion_WithoutFollowUpPhrases_ReturnsFalse(input: &quot;no child names here&quot;)" storage="/mnt/d/git/aula/src/aula.tests/bin/debug/net9.0/aula.tests.dll" id="b3807b1c-634e-e2ee-a1b8-8f079f205113">
      <Execution id="823a6722-5959-4110-9c41-af0cf650b1a0" />
      <TestMethod codeBase="/mnt/d/git/aula/src/Aula.Tests/bin/Debug/net9.0/Aula.Tests.dll" adapterTypeName="executor://xunit/VsTestRunner2/netcoreapp" className="Aula.Tests.Utilities.FollowUpQuestionDetectorTests" name="IsFollowUpQuestion_WithoutFollowUpPhrases_ReturnsFalse" />
    </UnitTest>
    <UnitTest name="Aula.Tests.Utilities.ReminderExtractionPromptsTests.GetExtractionPrompt_ContainsRelativeDateExamples" storage="/mnt/d/git/aula/src/aula.tests/bin/debug/net9.0/aula.tests.dll" id="4eec350c-78eb-2a68-cc2e-22085c8e2c8c">
      <Execution id="67842737-6865-4e12-a731-3d13568fdc64" />
      <TestMethod codeBase="/mnt/d/git/aula/src/Aula.Tests/bin/Debug/net9.0/Aula.Tests.dll" adapterTypeName="executor://xunit/VsTestRunner2/netcoreapp" className="Aula.Tests.Utilities.ReminderExtractionPromptsTests" name="GetExtractionPrompt_ContainsRelativeDateExamples" />
    </UnitTest>
    <UnitTest name="Aula.Tests.Configuration.ConfigurationTests.Telegram_Token_ValidationTests(token: &quot;123456789:AABBCCDDEEFFGGHHTest&quot;, isValidFormat: True)" storage="/mnt/d/git/aula/src/aula.tests/bin/debug/net9.0/aula.tests.dll" id="261e6035-42f7-283f-e93e-b518a8a74310">
      <Execution id="df8ab7be-b1e5-4a72-baf1-95fd928cbecd" />
      <TestMethod codeBase="/mnt/d/git/aula/src/Aula.Tests/bin/Debug/net9.0/Aula.Tests.dll" adapterTypeName="executor://xunit/VsTestRunner2/netcoreapp" className="Aula.Tests.Configuration.ConfigurationTests" name="Telegram_Token_ValidationTests" />
    </UnitTest>
    <UnitTest name="Aula.Tests.Bots.TelegramMessageHandlerTests.HandleMessageAsync_WithValidQuery_ProcessesSuccessfully(queryText: &quot;Vis ugeplanen&quot;)" storage="/mnt/d/git/aula/src/aula.tests/bin/debug/net9.0/aula.tests.dll" id="40ac891b-3aed-7213-ed1d-840834b3000d">
      <Execution id="99d333b1-28af-48cf-b779-966e31e5edbf" />
      <TestMethod codeBase="/mnt/d/git/aula/src/Aula.Tests/bin/Debug/net9.0/Aula.Tests.dll" adapterTypeName="executor://xunit/VsTestRunner2/netcoreapp" className="Aula.Tests.Bots.TelegramMessageHandlerTests" name="HandleMessageAsync_WithValidQuery_ProcessesSuccessfully" />
    </UnitTest>
    <UnitTest name="Aula.Tests.Utilities.Html2SlackMarkdownConverterTests.Convert_WithPartialTags_HandlesGracefully(html: &quot;&lt;/p&gt;&quot;)" storage="/mnt/d/git/aula/src/aula.tests/bin/debug/net9.0/aula.tests.dll" id="ab8c7a74-84b9-4ead-0c18-89aab1a19e51">
      <Execution id="f759564b-8010-4ec0-b4de-487feeddb11e" />
      <TestMethod codeBase="/mnt/d/git/aula/src/Aula.Tests/bin/Debug/net9.0/Aula.Tests.dll" adapterTypeName="executor://xunit/VsTestRunner2/netcoreapp" className="Aula.Tests.Utilities.Html2SlackMarkdownConverterTests" name="Convert_WithPartialTags_HandlesGracefully" />
    </UnitTest>
    <UnitTest name="Aula.Tests.Channels.SlackBotTests.SendTestMessage_WithVariousMessages_DoesNotThrow(message: &quot;Message with special chars: @#$%&quot;)" storage="/mnt/d/git/aula/src/aula.tests/bin/debug/net9.0/aula.tests.dll" id="70db4613-e64a-610c-c0a7-4aad6b8acc12">
      <Execution id="4e036446-2ecf-4aa8-a34f-698b27f7e522" />
      <TestMethod codeBase="/mnt/d/git/aula/src/Aula.Tests/bin/Debug/net9.0/Aula.Tests.dll" adapterTypeName="executor://xunit/VsTestRunner2/netcoreapp" className="Aula.Tests.Channels.SlackBotTests" name="SendTestMessage_WithVariousMessages_DoesNotThrow" />
    </UnitTest>
    <UnitTest name="Aula.Tests.Utilities.FollowUpQuestionDetectorTests.IsFollowUpQuestion_WithPunctuationAroundChildName_WorksCorrectly(input: &quot;Emma,&quot;)" storage="/mnt/d/git/aula/src/aula.tests/bin/debug/net9.0/aula.tests.dll" id="18c82026-182f-6e23-4c30-ed576236aa7c">
      <Execution id="33472ee9-716b-41c1-8bec-7a6738caec46" />
      <TestMethod codeBase="/mnt/d/git/aula/src/Aula.Tests/bin/Debug/net9.0/Aula.Tests.dll" adapterTypeName="executor://xunit/VsTestRunner2/netcoreapp" className="Aula.Tests.Utilities.FollowUpQuestionDetectorTests" name="IsFollowUpQuestion_WithPunctuationAroundChildName_WorksCorrectly" />
    </UnitTest>
    <UnitTest name="Aula.Tests.Channels.SlackBotTests.SendTestMessage_WithMessage_DoesNotThrow" storage="/mnt/d/git/aula/src/aula.tests/bin/debug/net9.0/aula.tests.dll" id="e2cf5630-e05d-ce3d-d438-0bd261dc3937">
      <Execution id="3d2976ab-a406-44d4-9197-58e94a329725" />
      <TestMethod codeBase="/mnt/d/git/aula/src/Aula.Tests/bin/Debug/net9.0/Aula.Tests.dll" adapterTypeName="executor://xunit/VsTestRunner2/netcoreapp" className="Aula.Tests.Channels.SlackBotTests" name="SendTestMessage_WithMessage_DoesNotThrow" />
    </UnitTest>
    <UnitTest name="Aula.Tests.Bots.SlackMessageHandlerTests.HandleMessageAsync_WithHelpCommand_ProcessesHelpMessage(helpCommand: &quot;hjælp&quot;)" storage="/mnt/d/git/aula/src/aula.tests/bin/debug/net9.0/aula.tests.dll" id="9fbd08c9-807d-0d3a-ed39-c949f2bb8c4b">
      <Execution id="f2998880-94e4-40a1-a0c0-75cd7f830c27" />
      <TestMethod codeBase="/mnt/d/git/aula/src/Aula.Tests/bin/Debug/net9.0/Aula.Tests.dll" adapterTypeName="executor://xunit/VsTestRunner2/netcoreapp" className="Aula.Tests.Bots.SlackMessageHandlerTests" name="HandleMessageAsync_WithHelpCommand_ProcessesHelpMessage" />
    </UnitTest>
    <UnitTest name="Aula.Tests.Tools.ReminderCommandHandlerTests.TryHandleReminderCommand_ListReminders_NoReminders_ReturnsNoRemindersMessage(command: &quot;vis påmindelser&quot;, isEnglish: False)" storage="/mnt/d/git/aula/src/aula.tests/bin/debug/net9.0/aula.tests.dll" id="02a94b2b-cd88-000b-7e1d-6fc58b3c673d">
      <Execution id="df184be6-94a5-43a6-a001-9e20c6282d92" />
      <TestMethod codeBase="/mnt/d/git/aula/src/Aula.Tests/bin/Debug/net9.0/Aula.Tests.dll" adapterTypeName="executor://xunit/VsTestRunner2/netcoreapp" className="Aula.Tests.Tools.ReminderCommandHandlerTests" name="TryHandleReminderCommand_ListReminders_NoReminders_ReturnsNoRemindersMessage" />
    </UnitTest>
    <UnitTest name="Aula.Tests.Integration.AgentServiceTests.GetWeekLetterAsync_FetchesAndCachesData_WhenNotCached" storage="/mnt/d/git/aula/src/aula.tests/bin/debug/net9.0/aula.tests.dll" id="e23a0f35-3922-f8cd-3202-bdb40b27bd1c">
      <Execution id="7d054b10-f2f2-4e75-a5b4-c70e290ef63c" />
      <TestMethod codeBase="/mnt/d/git/aula/src/Aula.Tests/bin/Debug/net9.0/Aula.Tests.dll" adapterTypeName="executor://xunit/VsTestRunner2/netcoreapp" className="Aula.Tests.Integration.AgentServiceTests" name="GetWeekLetterAsync_FetchesAndCachesData_WhenNotCached" />
    </UnitTest>
    <UnitTest name="Aula.Tests.Channels.SlackBotTests.PostWeekLetter_WithVariousChildColors_HandlesCorrectly(color: &quot;#00FF00&quot;)" storage="/mnt/d/git/aula/src/aula.tests/bin/debug/net9.0/aula.tests.dll" id="c22f41fe-1a51-d644-5cab-111d373cdaae">
      <Execution id="f0a7afdd-1cac-4001-b1de-bba6dc6d5dfe" />
      <TestMethod codeBase="/mnt/d/git/aula/src/Aula.Tests/bin/Debug/net9.0/Aula.Tests.dll" adapterTypeName="executor://xunit/VsTestRunner2/netcoreapp" className="Aula.Tests.Channels.SlackBotTests" name="PostWeekLetter_WithVariousChildColors_HandlesCorrectly" />
    </UnitTest>
    <UnitTest name="Aula.Tests.Utilities.FollowUpQuestionDetectorTests.IsFollowUpQuestion_WithUnicodeChildNames_WorksCorrectly(input: &quot;Søren&quot;)" storage="/mnt/d/git/aula/src/aula.tests/bin/debug/net9.0/aula.tests.dll" id="19d5cf7b-2f75-2a41-694f-50c30d11f63c">
      <Execution id="fc5d0cdb-32fc-49b3-a6f6-53e04592cb8f" />
      <TestMethod codeBase="/mnt/d/git/aula/src/Aula.Tests/bin/Debug/net9.0/Aula.Tests.dll" adapterTypeName="executor://xunit/VsTestRunner2/netcoreapp" className="Aula.Tests.Utilities.FollowUpQuestionDetectorTests" name="IsFollowUpQuestion_WithUnicodeChildNames_WorksCorrectly" />
    </UnitTest>
    <UnitTest name="Aula.Tests.Channels.SlackBotTests.Constructor_WithConfig_CreatesInstance" storage="/mnt/d/git/aula/src/aula.tests/bin/debug/net9.0/aula.tests.dll" id="4671f449-0198-2bb5-9d3d-e7e5207a3968">
      <Execution id="eb4b159c-b9a1-4ca0-9e25-1f443175af7c" />
      <TestMethod codeBase="/mnt/d/git/aula/src/Aula.Tests/bin/Debug/net9.0/Aula.Tests.dll" adapterTypeName="executor://xunit/VsTestRunner2/netcoreapp" className="Aula.Tests.Channels.SlackBotTests" name="Constructor_WithConfig_CreatesInstance" />
    </UnitTest>
    <UnitTest name="Aula.Tests.Tools.AiToolsManagerTests.ListRemindersAsync_WithNoReminders_ReturnsEmptyMessage" storage="/mnt/d/git/aula/src/aula.tests/bin/debug/net9.0/aula.tests.dll" id="b4f6ecd8-21d2-e463-3b8f-e414fa0d53d7">
      <Execution id="91c46d80-8b3c-45ef-9644-4a59fce44e2f" />
      <TestMethod codeBase="/mnt/d/git/aula/src/Aula.Tests/bin/Debug/net9.0/Aula.Tests.dll" adapterTypeName="executor://xunit/VsTestRunner2/netcoreapp" className="Aula.Tests.Tools.AiToolsManagerTests" name="ListRemindersAsync_WithNoReminders_ReturnsEmptyMessage" />
    </UnitTest>
    <UnitTest name="Aula.Tests.Utilities.IntentAnalysisPromptsTests.ToolExamples_ContainsRequiredKeys(key: &quot;CREATE_REMINDER_DANISH&quot;)" storage="/mnt/d/git/aula/src/aula.tests/bin/debug/net9.0/aula.tests.dll" id="752d40b4-ceac-535b-c245-39fed899e450">
      <Execution id="e58b688a-715e-423f-9c34-2d51b52dc067" />
      <TestMethod codeBase="/mnt/d/git/aula/src/Aula.Tests/bin/Debug/net9.0/Aula.Tests.dll" adapterTypeName="executor://xunit/VsTestRunner2/netcoreapp" className="Aula.Tests.Utilities.IntentAnalysisPromptsTests" name="ToolExamples_ContainsRequiredKeys" />
    </UnitTest>
    <UnitTest name="Aula.Tests.Bots.SlackMessageHandlerTests.HandleMessageAsync_WithHelpCommand_ProcessesHelpMessage(helpCommand: &quot;help&quot;)" storage="/mnt/d/git/aula/src/aula.tests/bin/debug/net9.0/aula.tests.dll" id="bd271e29-873c-e257-8849-0350a000b3af">
      <Execution id="cde13a87-9dd3-44b7-94f0-070e9be26359" />
      <TestMethod codeBase="/mnt/d/git/aula/src/Aula.Tests/bin/Debug/net9.0/Aula.Tests.dll" adapterTypeName="executor://xunit/VsTestRunner2/netcoreapp" className="Aula.Tests.Bots.SlackMessageHandlerTests" name="HandleMessageAsync_WithHelpCommand_ProcessesHelpMessage" />
    </UnitTest>
    <UnitTest name="Aula.Tests.Utilities.ReminderExtractionPromptsTests.GetExtractionPrompt_WithDifferentMinuteOffsets_CalculatesCorrectly(minutes: 60)" storage="/mnt/d/git/aula/src/aula.tests/bin/debug/net9.0/aula.tests.dll" id="d2fd3d18-963d-6ba7-e216-54d46cb5c046">
      <Execution id="fd1e6ba9-7857-40e1-9c79-2cb6458b4e7e" />
      <TestMethod codeBase="/mnt/d/git/aula/src/Aula.Tests/bin/Debug/net9.0/Aula.Tests.dll" adapterTypeName="executor://xunit/VsTestRunner2/netcoreapp" className="Aula.Tests.Utilities.ReminderExtractionPromptsTests" name="GetExtractionPrompt_WithDifferentMinuteOffsets_CalculatesCorrectly" />
    </UnitTest>
    <UnitTest name="Aula.Tests.Tools.ReminderCommandHandlerTests.TryHandleReminderCommand_DeleteReminder_WithException_LogsErrorAndReturnsErrorMessage(command: &quot;delete reminder 999&quot;, isEnglish: True)" storage="/mnt/d/git/aula/src/aula.tests/bin/debug/net9.0/aula.tests.dll" id="f7baf2b9-a2d0-7c99-3bd4-af737954fe30">
      <Execution id="9b3ddf35-bde3-4326-b7ff-7836e2b7bcd1" />
      <TestMethod codeBase="/mnt/d/git/aula/src/Aula.Tests/bin/Debug/net9.0/Aula.Tests.dll" adapterTypeName="executor://xunit/VsTestRunner2/netcoreapp" className="Aula.Tests.Tools.ReminderCommandHandlerTests" name="TryHandleReminderCommand_DeleteReminder_WithException_LogsErrorAndReturnsErrorMessage" />
    </UnitTest>
    <UnitTest name="Aula.Tests.Bots.SlackMessageHandlerTests.HandleMessageAsync_WithValidQuery_ProcessesSuccessfully(queryText: &quot;Vis ugeplanen&quot;)" storage="/mnt/d/git/aula/src/aula.tests/bin/debug/net9.0/aula.tests.dll" id="348072bd-5799-593b-9354-a4cea37de12a">
      <Execution id="43eadac2-7919-4486-84cc-4f5745f4651e" />
      <TestMethod codeBase="/mnt/d/git/aula/src/Aula.Tests/bin/Debug/net9.0/Aula.Tests.dll" adapterTypeName="executor://xunit/VsTestRunner2/netcoreapp" className="Aula.Tests.Bots.SlackMessageHandlerTests" name="HandleMessageAsync_WithValidQuery_ProcessesSuccessfully" />
    </UnitTest>
    <UnitTest name="Aula.Tests.Scheduling.SchedulingServiceIntegrationTests.Service_WithDifferentBotConfigurations_WorksCorrectly(slackEnabled: True, telegramEnabled: True)" storage="/mnt/d/git/aula/src/aula.tests/bin/debug/net9.0/aula.tests.dll" id="8f7835b5-50dd-c6de-2199-d163d47a3c4e">
      <Execution id="9604c53e-5dd2-4bb7-838f-b069ea275882" />
      <TestMethod codeBase="/mnt/d/git/aula/src/Aula.Tests/bin/Debug/net9.0/Aula.Tests.dll" adapterTypeName="executor://xunit/VsTestRunner2/netcoreapp" className="Aula.Tests.Scheduling.SchedulingServiceIntegrationTests" name="Service_WithDifferentBotConfigurations_WorksCorrectly" />
    </UnitTest>
    <UnitTest name="Aula.Tests.Tools.ReminderCommandHandlerTests.TryHandleReminderCommand_AddReminder_ValidFormats_ReturnsSuccess(command: &quot;remind me 31/12 at 23:59 that Year end&quot;, isEnglish: True, expectedChildName: null)" storage="/mnt/d/git/aula/src/aula.tests/bin/debug/net9.0/aula.tests.dll" id="ff05afd1-484c-69de-a316-bc507787c7c8">
      <Execution id="9c20948a-ce45-4ef1-a50c-4be29135dd86" />
      <TestMethod codeBase="/mnt/d/git/aula/src/Aula.Tests/bin/Debug/net9.0/Aula.Tests.dll" adapterTypeName="executor://xunit/VsTestRunner2/netcoreapp" className="Aula.Tests.Tools.ReminderCommandHandlerTests" name="TryHandleReminderCommand_AddReminder_ValidFormats_ReturnsSuccess" />
    </UnitTest>
    <UnitTest name="Aula.Tests.Utilities.WeekLetterContentExtractorTests.ExtractContent_Dynamic_WithException_ReturnsEmptyStringAndLogsError" storage="/mnt/d/git/aula/src/aula.tests/bin/debug/net9.0/aula.tests.dll" id="5fe3fa44-04c0-bf4f-e0cb-be0a1bef1cef">
      <Execution id="bd8475c3-3130-4840-ac62-aab7bae5dba0" />
      <TestMethod codeBase="/mnt/d/git/aula/src/Aula.Tests/bin/Debug/net9.0/Aula.Tests.dll" adapterTypeName="executor://xunit/VsTestRunner2/netcoreapp" className="Aula.Tests.Utilities.WeekLetterContentExtractorTests" name="ExtractContent_Dynamic_WithException_ReturnsEmptyStringAndLogsError" />
    </UnitTest>
    <UnitTest name="Aula.Tests.Channels.SlackBotTests.PushWeekLetter_WithMissingContent_HandlesGracefully" storage="/mnt/d/git/aula/src/aula.tests/bin/debug/net9.0/aula.tests.dll" id="e8d7076c-1cb3-733b-4522-2a0049ab3d88">
      <Execution id="76912334-d8d3-4455-a025-afcb38829151" />
      <TestMethod codeBase="/mnt/d/git/aula/src/Aula.Tests/bin/Debug/net9.0/Aula.Tests.dll" adapterTypeName="executor://xunit/VsTestRunner2/netcoreapp" className="Aula.Tests.Channels.SlackBotTests" name="PushWeekLetter_WithMissingContent_HandlesGracefully" />
    </UnitTest>
    <UnitTest name="Aula.Tests.Bots.TelegramMessageHandlerTests.Constructor_WithValidParameters_InitializesCorrectly" storage="/mnt/d/git/aula/src/aula.tests/bin/debug/net9.0/aula.tests.dll" id="8e7eb82c-6e6a-99e1-6a43-facf136e77c6">
      <Execution id="5b6448de-0389-499f-83e4-6d313e16fd87" />
      <TestMethod codeBase="/mnt/d/git/aula/src/Aula.Tests/bin/Debug/net9.0/Aula.Tests.dll" adapterTypeName="executor://xunit/VsTestRunner2/netcoreapp" className="Aula.Tests.Bots.TelegramMessageHandlerTests" name="Constructor_WithValidParameters_InitializesCorrectly" />
    </UnitTest>
    <UnitTest name="Aula.Tests.Configuration.ConfigurationTests.Features_ConversationCacheExpiration_ValidationTests(minutes: 1440, isValid: True)" storage="/mnt/d/git/aula/src/aula.tests/bin/debug/net9.0/aula.tests.dll" id="06a6ce76-a492-790c-aa69-54dc6d92da0b">
      <Execution id="716a049a-b689-474b-ad17-079ede010289" />
      <TestMethod codeBase="/mnt/d/git/aula/src/Aula.Tests/bin/Debug/net9.0/Aula.Tests.dll" adapterTypeName="executor://xunit/VsTestRunner2/netcoreapp" className="Aula.Tests.Configuration.ConfigurationTests" name="Features_ConversationCacheExpiration_ValidationTests" />
    </UnitTest>
    <UnitTest name="Aula.Tests.Utilities.ConversationContextTests.IsStillValid_WithExactlyTenMinutesOld_ReturnsFalse" storage="/mnt/d/git/aula/src/aula.tests/bin/debug/net9.0/aula.tests.dll" id="d874f261-c1fd-d9d6-082a-e87a1ddb40d9">
      <Execution id="afe2bddd-bdbc-4e85-ba01-69536f1d7c40" />
      <TestMethod codeBase="/mnt/d/git/aula/src/Aula.Tests/bin/Debug/net9.0/Aula.Tests.dll" adapterTypeName="executor://xunit/VsTestRunner2/netcoreapp" className="Aula.Tests.Utilities.ConversationContextTests" name="IsStillValid_WithExactlyTenMinutesOld_ReturnsFalse" />
    </UnitTest>
    <UnitTest name="Aula.Tests.Utilities.Html2SlackMarkdownConverterTests.Convert_WithWhitespaceOnly_ReturnsEmptyString" storage="/mnt/d/git/aula/src/aula.tests/bin/debug/net9.0/aula.tests.dll" id="c6e23de6-051d-5068-efa9-0842275b05b2">
      <Execution id="8159d46b-79d0-43f3-8d36-a34a74ac4a02" />
      <TestMethod codeBase="/mnt/d/git/aula/src/Aula.Tests/bin/Debug/net9.0/Aula.Tests.dll" adapterTypeName="executor://xunit/VsTestRunner2/netcoreapp" className="Aula.Tests.Utilities.Html2SlackMarkdownConverterTests" name="Convert_WithWhitespaceOnly_ReturnsEmptyString" />
    </UnitTest>
    <UnitTest name="Aula.Tests.Tools.ReminderCommandHandlerTests.TryHandleReminderCommand_NonReminderCommands_ReturnsFalse(command: &quot;   &quot;)" storage="/mnt/d/git/aula/src/aula.tests/bin/debug/net9.0/aula.tests.dll" id="acb6cd45-54f0-d858-050f-39c07ff6b496">
      <Execution id="4c382eb0-c1a1-4abc-b1e0-192305873257" />
      <TestMethod codeBase="/mnt/d/git/aula/src/Aula.Tests/bin/Debug/net9.0/Aula.Tests.dll" adapterTypeName="executor://xunit/VsTestRunner2/netcoreapp" className="Aula.Tests.Tools.ReminderCommandHandlerTests" name="TryHandleReminderCommand_NonReminderCommands_ReturnsFalse" />
    </UnitTest>
    <UnitTest name="Aula.Tests.Utilities.IntentAnalysisPromptsTests.ToolExamples_ContainsRequiredKeys(key: &quot;INFORMATION_QUERY_DANISH&quot;)" storage="/mnt/d/git/aula/src/aula.tests/bin/debug/net9.0/aula.tests.dll" id="a3d75b2a-aedf-2885-f27f-a7945f978fce">
      <Execution id="e30d0c0e-368d-4cfc-9c02-316d3512e086" />
      <TestMethod codeBase="/mnt/d/git/aula/src/Aula.Tests/bin/Debug/net9.0/Aula.Tests.dll" adapterTypeName="executor://xunit/VsTestRunner2/netcoreapp" className="Aula.Tests.Utilities.IntentAnalysisPromptsTests" name="ToolExamples_ContainsRequiredKeys" />
    </UnitTest>
    <UnitTest name="Aula.Tests.Channels.SlackBotTests.PushWeekLetter_WithEmptyWeekLetter_DoesNotThrow" storage="/mnt/d/git/aula/src/aula.tests/bin/debug/net9.0/aula.tests.dll" id="436baaef-6812-fc4c-4b87-6c9a6f9e3e55">
      <Execution id="c006b167-b91b-4c70-8886-53818870f70a" />
      <TestMethod codeBase="/mnt/d/git/aula/src/Aula.Tests/bin/Debug/net9.0/Aula.Tests.dll" adapterTypeName="executor://xunit/VsTestRunner2/netcoreapp" className="Aula.Tests.Channels.SlackBotTests" name="PushWeekLetter_WithEmptyWeekLetter_DoesNotThrow" />
    </UnitTest>
    <UnitTest name="Aula.Tests.Services.SupabaseServiceTests.ReminderData_WithValidParameters_AreValid" storage="/mnt/d/git/aula/src/aula.tests/bin/debug/net9.0/aula.tests.dll" id="14432cab-194a-d804-9f67-885b71746a71">
      <Execution id="ee7f1155-c5f0-43af-b5ae-0b83163eb3e4" />
      <TestMethod codeBase="/mnt/d/git/aula/src/Aula.Tests/bin/Debug/net9.0/Aula.Tests.dll" adapterTypeName="executor://xunit/VsTestRunner2/netcoreapp" className="Aula.Tests.Services.SupabaseServiceTests" name="ReminderData_WithValidParameters_AreValid" />
    </UnitTest>
    <UnitTest name="Aula.Tests.Utilities.IntentAnalysisPromptsTests.GetFormattedPrompt_WithVariousQueries_ReturnsValidPrompt(query: &quot;Help me&quot;)" storage="/mnt/d/git/aula/src/aula.tests/bin/debug/net9.0/aula.tests.dll" id="83266911-8f44-8cb8-141e-0c21973cceb8">
      <Execution id="35f3a7eb-ed69-42f5-bdf3-9d43740e32bc" />
      <TestMethod codeBase="/mnt/d/git/aula/src/Aula.Tests/bin/Debug/net9.0/Aula.Tests.dll" adapterTypeName="executor://xunit/VsTestRunner2/netcoreapp" className="Aula.Tests.Utilities.IntentAnalysisPromptsTests" name="GetFormattedPrompt_WithVariousQueries_ReturnsValidPrompt" />
    </UnitTest>
    <UnitTest name="Aula.Tests.Tools.AiToolsManagerTests.GetWeekLetters_WithNonExistentChild_ReturnsError" storage="/mnt/d/git/aula/src/aula.tests/bin/debug/net9.0/aula.tests.dll" id="9c77e674-1e21-ff83-b112-8e3149d27b83">
      <Execution id="166a61d4-e8dc-4200-8a5b-0281455ef171" />
      <TestMethod codeBase="/mnt/d/git/aula/src/Aula.Tests/bin/Debug/net9.0/Aula.Tests.dll" adapterTypeName="executor://xunit/VsTestRunner2/netcoreapp" className="Aula.Tests.Tools.AiToolsManagerTests" name="GetWeekLetters_WithNonExistentChild_ReturnsError" />
    </UnitTest>
    <UnitTest name="Aula.Tests.Scheduling.SchedulingServiceIntegrationTests.StopAsync_WhenCalled_LogsCorrectMessage" storage="/mnt/d/git/aula/src/aula.tests/bin/debug/net9.0/aula.tests.dll" id="52685b80-e883-c0c4-e078-b2863df7409a">
      <Execution id="698e271b-c977-4a49-8c7d-8151261f8f51" />
      <TestMethod codeBase="/mnt/d/git/aula/src/Aula.Tests/bin/Debug/net9.0/Aula.Tests.dll" adapterTypeName="executor://xunit/VsTestRunner2/netcoreapp" className="Aula.Tests.Scheduling.SchedulingServiceIntegrationTests" name="StopAsync_WhenCalled_LogsCorrectMessage" />
    </UnitTest>
    <UnitTest name="Aula.Tests.Tools.ReminderCommandHandlerTests.TryHandleReminderCommand_AddReminder_ValidFormats_ReturnsSuccess(command: &quot;remind me tomorrow at 8:00 that Hans has Haver til&quot;···, isEnglish: True, expectedChildName: &quot;Hans Jensen&quot;)" storage="/mnt/d/git/aula/src/aula.tests/bin/debug/net9.0/aula.tests.dll" id="f373b350-fc52-4fbc-ec82-56bf220e0771">
      <Execution id="7bfa202a-993f-4878-8653-1c7a2530a44d" />
      <TestMethod codeBase="/mnt/d/git/aula/src/Aula.Tests/bin/Debug/net9.0/Aula.Tests.dll" adapterTypeName="executor://xunit/VsTestRunner2/netcoreapp" className="Aula.Tests.Tools.ReminderCommandHandlerTests" name="TryHandleReminderCommand_AddReminder_ValidFormats_ReturnsSuccess" />
    </UnitTest>
    <UnitTest name="Aula.Tests.Utilities.FollowUpQuestionDetectorTests.IsFollowUpQuestion_WithEnglishFollowUpPhrases_ReturnsTrue(input: &quot;and?&quot;)" storage="/mnt/d/git/aula/src/aula.tests/bin/debug/net9.0/aula.tests.dll" id="f11a9af6-85d6-781d-ccbd-c54d5d82bacf">
      <Execution id="dd63d707-0070-4759-80ce-7063a12bee36" />
      <TestMethod codeBase="/mnt/d/git/aula/src/Aula.Tests/bin/Debug/net9.0/Aula.Tests.dll" adapterTypeName="executor://xunit/VsTestRunner2/netcoreapp" className="Aula.Tests.Utilities.FollowUpQuestionDetectorTests" name="IsFollowUpQuestion_WithEnglishFollowUpPhrases_ReturnsTrue" />
    </UnitTest>
    <UnitTest name="Aula.Tests.Utilities.DateTimeUtilitiesTests.GetDanishDayName_ValidDayOfWeek_ReturnsLowercaseName(dayOfWeek: Friday, expectedName: &quot;fredag&quot;)" storage="/mnt/d/git/aula/src/aula.tests/bin/debug/net9.0/aula.tests.dll" id="c139c7f2-e7cf-69b5-0edf-596c5852d9fe">
      <Execution id="29b9818b-0181-485c-b707-b68bedec1ea7" />
      <TestMethod codeBase="/mnt/d/git/aula/src/Aula.Tests/bin/Debug/net9.0/Aula.Tests.dll" adapterTypeName="executor://xunit/VsTestRunner2/netcoreapp" className="Aula.Tests.Utilities.DateTimeUtilitiesTests" name="GetDanishDayName_ValidDayOfWeek_ReturnsLowercaseName" />
    </UnitTest>
    <UnitTest name="Aula.Tests.Configuration.ConfigurationTests.Telegram_ConfigurationIsCorrect" storage="/mnt/d/git/aula/src/aula.tests/bin/debug/net9.0/aula.tests.dll" id="c883d631-b915-c13f-0bbe-3400820e4ee3">
      <Execution id="260fb6a9-6631-4432-a981-35ca06010443" />
      <TestMethod codeBase="/mnt/d/git/aula/src/Aula.Tests/bin/Debug/net9.0/Aula.Tests.dll" adapterTypeName="executor://xunit/VsTestRunner2/netcoreapp" className="Aula.Tests.Configuration.ConfigurationTests" name="Telegram_ConfigurationIsCorrect" />
    </UnitTest>
    <UnitTest name="Aula.Tests.Bots.TelegramInteractiveBotTests.PostWeekLetter_WithDuplicateContent_ProcessesBothCalls" storage="/mnt/d/git/aula/src/aula.tests/bin/debug/net9.0/aula.tests.dll" id="f68b44be-09fd-bfab-365e-454e288a6386">
      <Execution id="87152137-cd3c-404f-8f41-0a3bad2c4f95" />
      <TestMethod codeBase="/mnt/d/git/aula/src/Aula.Tests/bin/Debug/net9.0/Aula.Tests.dll" adapterTypeName="executor://xunit/VsTestRunner2/netcoreapp" className="Aula.Tests.Bots.TelegramInteractiveBotTests" name="PostWeekLetter_WithDuplicateContent_ProcessesBothCalls" />
    </UnitTest>
    <UnitTest name="Aula.Tests.Scheduling.SchedulingServiceIntegrationTests.StopAsync_CanBeCalledMultipleTimes_DoesNotThrow" storage="/mnt/d/git/aula/src/aula.tests/bin/debug/net9.0/aula.tests.dll" id="a16a5295-4893-3b2e-da76-c179d6ee21e1">
      <Execution id="dc000a22-3737-4435-aeec-4b6179485604" />
      <TestMethod codeBase="/mnt/d/git/aula/src/Aula.Tests/bin/Debug/net9.0/Aula.Tests.dll" adapterTypeName="executor://xunit/VsTestRunner2/netcoreapp" className="Aula.Tests.Scheduling.SchedulingServiceIntegrationTests" name="StopAsync_CanBeCalledMultipleTimes_DoesNotThrow" />
    </UnitTest>
    <UnitTest name="Aula.Tests.Utilities.JsonFormatterTests.Prettify_WithIncompleteJson_ThrowsException(incompleteJson: &quot;[&quot;)" storage="/mnt/d/git/aula/src/aula.tests/bin/debug/net9.0/aula.tests.dll" id="1f0fe7c3-6c96-e4f5-5773-3174c2ad66d2">
      <Execution id="00302330-6f59-4432-a3d3-be592dbbef16" />
      <TestMethod codeBase="/mnt/d/git/aula/src/Aula.Tests/bin/Debug/net9.0/Aula.Tests.dll" adapterTypeName="executor://xunit/VsTestRunner2/netcoreapp" className="Aula.Tests.Utilities.JsonFormatterTests" name="Prettify_WithIncompleteJson_ThrowsException" />
    </UnitTest>
    <UnitTest name="Aula.Tests.Utilities.ConversationContextManagerTests.GetContext_WithExpiredContext_ReturnsNullAndRemovesContext" storage="/mnt/d/git/aula/src/aula.tests/bin/debug/net9.0/aula.tests.dll" id="a774f8ba-9074-00fb-1dda-7e4eac4a4d85">
      <Execution id="6ee1bee3-cdb4-4e79-b3dc-7c2b99338e55" />
      <TestMethod codeBase="/mnt/d/git/aula/src/Aula.Tests/bin/Debug/net9.0/Aula.Tests.dll" adapterTypeName="executor://xunit/VsTestRunner2/netcoreapp" className="Aula.Tests.Utilities.ConversationContextManagerTests" name="GetContext_WithExpiredContext_ReturnsNullAndRemovesContext" />
    </UnitTest>
    <UnitTest name="Aula.Tests.Utilities.ReminderExtractionPromptsTests.GetExtractionPrompt_WithRealQueries_EmbedsQueryCorrectly(query: &quot;Pick up Emma tomorrow at 3 PM&quot;)" storage="/mnt/d/git/aula/src/aula.tests/bin/debug/net9.0/aula.tests.dll" id="3332c67c-92a3-057f-677b-9ccf84688a91">
      <Execution id="62b76d95-a6f3-479a-b787-0d5382b89eed" />
      <TestMethod codeBase="/mnt/d/git/aula/src/Aula.Tests/bin/Debug/net9.0/Aula.Tests.dll" adapterTypeName="executor://xunit/VsTestRunner2/netcoreapp" className="Aula.Tests.Utilities.ReminderExtractionPromptsTests" name="GetExtractionPrompt_WithRealQueries_EmbedsQueryCorrectly" />
    </UnitTest>
    <UnitTest name="Aula.Tests.Channels.SlackBotTests.Constructor_WithValidUrls_DoesNotThrow(webhookUrl: &quot;https://hooks.slack.com/services/T123/B456/xyz&quot;)" storage="/mnt/d/git/aula/src/aula.tests/bin/debug/net9.0/aula.tests.dll" id="673e7d35-f16e-bd38-569e-9b00ed91c4fd">
      <Execution id="6d842b1f-3483-4879-a8cd-27e93b41a4a0" />
      <TestMethod codeBase="/mnt/d/git/aula/src/Aula.Tests/bin/Debug/net9.0/Aula.Tests.dll" adapterTypeName="executor://xunit/VsTestRunner2/netcoreapp" className="Aula.Tests.Channels.SlackBotTests" name="Constructor_WithValidUrls_DoesNotThrow" />
    </UnitTest>
    <UnitTest name="Aula.Tests.Utilities.JsonFormatterTests.Prettify_WithEmptyString_ReturnsNull" storage="/mnt/d/git/aula/src/aula.tests/bin/debug/net9.0/aula.tests.dll" id="85a1665e-7de4-7e52-079a-cc1001b34152">
      <Execution id="a2a10bfd-a095-41f2-8232-1b05e3f8e7ed" />
      <TestMethod codeBase="/mnt/d/git/aula/src/Aula.Tests/bin/Debug/net9.0/Aula.Tests.dll" adapterTypeName="executor://xunit/VsTestRunner2/netcoreapp" className="Aula.Tests.Utilities.JsonFormatterTests" name="Prettify_WithEmptyString_ReturnsNull" />
    </UnitTest>
    <UnitTest name="Aula.Tests.Utilities.WeekLetterContentExtractorTests.ExtractContent_Dynamic_WithEmptyArray_ReturnsEmptyString" storage="/mnt/d/git/aula/src/aula.tests/bin/debug/net9.0/aula.tests.dll" id="453c772e-3476-db11-1625-b8f0377bbbd8">
      <Execution id="a3bab4a2-35fa-4d13-b1b5-77e1718322b1" />
      <TestMethod codeBase="/mnt/d/git/aula/src/Aula.Tests/bin/Debug/net9.0/Aula.Tests.dll" adapterTypeName="executor://xunit/VsTestRunner2/netcoreapp" className="Aula.Tests.Utilities.WeekLetterContentExtractorTests" name="ExtractContent_Dynamic_WithEmptyArray_ReturnsEmptyString" />
    </UnitTest>
    <UnitTest name="Aula.Tests.Channels.TelegramClientTests.SendMessageToChannel_WithVariousMessages_DoesNotThrow(message: &quot;Message with &lt;b&gt;bold&lt;/b&gt; text&quot;)" storage="/mnt/d/git/aula/src/aula.tests/bin/debug/net9.0/aula.tests.dll" id="a2a7734b-7826-2e52-b732-ff373605efea">
      <Execution id="93476147-452f-439c-ac47-1af840b44d04" />
      <TestMethod codeBase="/mnt/d/git/aula/src/Aula.Tests/bin/Debug/net9.0/Aula.Tests.dll" adapterTypeName="executor://xunit/VsTestRunner2/netcoreapp" className="Aula.Tests.Channels.TelegramClientTests" name="SendMessageToChannel_WithVariousMessages_DoesNotThrow" />
    </UnitTest>
    <UnitTest name="Aula.Tests.Services.OpenAiServiceIntegrationTests.Constructor_WithCustomModel_UsesSpecifiedModel" storage="/mnt/d/git/aula/src/aula.tests/bin/debug/net9.0/aula.tests.dll" id="4854f432-ed08-b528-1fc8-b51b93105d76">
      <Execution id="e372a247-c4c1-4d1a-bfed-a5e57e04fb93" />
      <TestMethod codeBase="/mnt/d/git/aula/src/Aula.Tests/bin/Debug/net9.0/Aula.Tests.dll" adapterTypeName="executor://xunit/VsTestRunner2/netcoreapp" className="Aula.Tests.Services.OpenAiServiceIntegrationTests" name="Constructor_WithCustomModel_UsesSpecifiedModel" />
    </UnitTest>
    <UnitTest name="Aula.Tests.Utilities.Html2SlackMarkdownConverterTests.Convert_WithVeryLongContent_HandlesPerformantly" storage="/mnt/d/git/aula/src/aula.tests/bin/debug/net9.0/aula.tests.dll" id="0de09b0b-f0e0-0518-809a-6a317cadda64">
      <Execution id="f6e9af5e-701d-4eba-8189-1d888b2b1a45" />
      <TestMethod codeBase="/mnt/d/git/aula/src/Aula.Tests/bin/Debug/net9.0/Aula.Tests.dll" adapterTypeName="executor://xunit/VsTestRunner2/netcoreapp" className="Aula.Tests.Utilities.Html2SlackMarkdownConverterTests" name="Convert_WithVeryLongContent_HandlesPerformantly" />
    </UnitTest>
    <UnitTest name="Aula.Tests.Tools.ReminderCommandHandlerTests.TryHandleReminderCommand_AddReminder_ValidFormats_ReturnsSuccess(command: &quot;remind me today at 15:30 that Emma has piano lesso&quot;···, isEnglish: True, expectedChildName: &quot;Emma Marie&quot;)" storage="/mnt/d/git/aula/src/aula.tests/bin/debug/net9.0/aula.tests.dll" id="8ed7f52f-1c34-83a4-64c7-0e5853b67b53">
      <Execution id="aec5f416-5199-4d11-b879-29138ae37885" />
      <TestMethod codeBase="/mnt/d/git/aula/src/Aula.Tests/bin/Debug/net9.0/Aula.Tests.dll" adapterTypeName="executor://xunit/VsTestRunner2/netcoreapp" className="Aula.Tests.Tools.ReminderCommandHandlerTests" name="TryHandleReminderCommand_AddReminder_ValidFormats_ReturnsSuccess" />
    </UnitTest>
    <UnitTest name="Aula.Tests.Bots.SlackInteractiveBotTests.Start_WithMissingChannelId_LogsErrorAndReturns" storage="/mnt/d/git/aula/src/aula.tests/bin/debug/net9.0/aula.tests.dll" id="ed2c0749-72ce-3102-1e65-21a531debf9e">
      <Execution id="3beed4d7-9149-47de-9461-b8cbb23dcfaa" />
      <TestMethod codeBase="/mnt/d/git/aula/src/Aula.Tests/bin/Debug/net9.0/Aula.Tests.dll" adapterTypeName="executor://xunit/VsTestRunner2/netcoreapp" className="Aula.Tests.Bots.SlackInteractiveBotTests" name="Start_WithMissingChannelId_LogsErrorAndReturns" />
    </UnitTest>
    <UnitTest name="Aula.Tests.Tools.ReminderCommandHandlerTests.TryHandleReminderCommand_NonReminderCommands_ReturnsFalse(command: &quot;list&quot;)" storage="/mnt/d/git/aula/src/aula.tests/bin/debug/net9.0/aula.tests.dll" id="bcee3dfc-95df-51eb-9411-b0bdd9236d8a">
      <Execution id="4f34bce2-9367-4bdc-9b1c-befb17613763" />
      <TestMethod codeBase="/mnt/d/git/aula/src/Aula.Tests/bin/Debug/net9.0/Aula.Tests.dll" adapterTypeName="executor://xunit/VsTestRunner2/netcoreapp" className="Aula.Tests.Tools.ReminderCommandHandlerTests" name="TryHandleReminderCommand_NonReminderCommands_ReturnsFalse" />
    </UnitTest>
    <UnitTest name="Aula.Tests.Utilities.Html2SlackMarkdownConverterTests.Convert_WithNullInput_ReturnsEmptyString" storage="/mnt/d/git/aula/src/aula.tests/bin/debug/net9.0/aula.tests.dll" id="a415fe92-f44b-9cd9-fda2-e5c7020144da">
      <Execution id="0cf3825b-e8ad-403e-a9b9-9908c0a24e1d" />
      <TestMethod codeBase="/mnt/d/git/aula/src/Aula.Tests/bin/Debug/net9.0/Aula.Tests.dll" adapterTypeName="executor://xunit/VsTestRunner2/netcoreapp" className="Aula.Tests.Utilities.Html2SlackMarkdownConverterTests" name="Convert_WithNullInput_ReturnsEmptyString" />
    </UnitTest>
    <UnitTest name="Aula.Tests.Bots.TelegramInteractiveBotTests.Constructor_WithDisabledTelegram_ThrowsInvalidOperationException" storage="/mnt/d/git/aula/src/aula.tests/bin/debug/net9.0/aula.tests.dll" id="69b574fb-ea92-9743-3eea-a9b24f0ad213">
      <Execution id="87e11285-2645-47f8-989c-00ef890df8d7" />
      <TestMethod codeBase="/mnt/d/git/aula/src/Aula.Tests/bin/Debug/net9.0/Aula.Tests.dll" adapterTypeName="executor://xunit/VsTestRunner2/netcoreapp" className="Aula.Tests.Bots.TelegramInteractiveBotTests" name="Constructor_WithDisabledTelegram_ThrowsInvalidOperationException" />
    </UnitTest>
    <UnitTest name="Aula.Tests.Services.OpenAiServiceIntegrationTests.ExtractKeyInformationAsync_WithNullWeekLetter_ThrowsArgumentNullException(chatInterface: Slack)" storage="/mnt/d/git/aula/src/aula.tests/bin/debug/net9.0/aula.tests.dll" id="c5fc9185-4f89-2e18-7714-cfbda441e6cb">
      <Execution id="6dea3d2a-773d-405e-bde2-ac730a56642d" />
      <TestMethod codeBase="/mnt/d/git/aula/src/Aula.Tests/bin/Debug/net9.0/Aula.Tests.dll" adapterTypeName="executor://xunit/VsTestRunner2/netcoreapp" className="Aula.Tests.Services.OpenAiServiceIntegrationTests" name="ExtractKeyInformationAsync_WithNullWeekLetter_ThrowsArgumentNullException" />
    </UnitTest>
    <UnitTest name="Aula.Tests.Bots.TelegramMessageHandlerTests.HandleMessageAsync_WithReminderCommand_ProcessesMessage(reminderCommand: &quot;mind mig om noget&quot;)" storage="/mnt/d/git/aula/src/aula.tests/bin/debug/net9.0/aula.tests.dll" id="59ba87d8-8f5c-2afb-09d4-294577ceb6c1">
      <Execution id="49b0f1e6-cd59-4a5b-92bd-17069de70b45" />
      <TestMethod codeBase="/mnt/d/git/aula/src/Aula.Tests/bin/Debug/net9.0/Aula.Tests.dll" adapterTypeName="executor://xunit/VsTestRunner2/netcoreapp" className="Aula.Tests.Bots.TelegramMessageHandlerTests" name="HandleMessageAsync_WithReminderCommand_ProcessesMessage" />
    </UnitTest>
    <UnitTest name="Aula.Tests.Bots.SlackMessageHandlerTests.HandleMessageAsync_WithException_LogsErrorAndReturnsFalse" storage="/mnt/d/git/aula/src/aula.tests/bin/debug/net9.0/aula.tests.dll" id="ab3aafbd-fe25-4a7f-3bda-69e06a94b6ee">
      <Execution id="b8a930f9-4df4-46a5-a289-554cfcdeaf69" />
      <TestMethod codeBase="/mnt/d/git/aula/src/Aula.Tests/bin/Debug/net9.0/Aula.Tests.dll" adapterTypeName="executor://xunit/VsTestRunner2/netcoreapp" className="Aula.Tests.Bots.SlackMessageHandlerTests" name="HandleMessageAsync_WithException_LogsErrorAndReturnsFalse" />
    </UnitTest>
    <UnitTest name="Aula.Tests.Services.SupabaseServiceTests.WeekLetterParameters_WithValidValues_AreInValidRange(childName: &quot;AnotherChild&quot;, weekNumber: 1, year: 2024)" storage="/mnt/d/git/aula/src/aula.tests/bin/debug/net9.0/aula.tests.dll" id="42449a83-52ee-ffac-180b-a8106bf3af88">
      <Execution id="2b5b48c4-e807-4ba9-a58b-8b21e4581b6e" />
      <TestMethod codeBase="/mnt/d/git/aula/src/Aula.Tests/bin/Debug/net9.0/Aula.Tests.dll" adapterTypeName="executor://xunit/VsTestRunner2/netcoreapp" className="Aula.Tests.Services.SupabaseServiceTests" name="WeekLetterParameters_WithValidValues_AreInValidRange" />
    </UnitTest>
    <UnitTest name="Aula.Tests.Services.OpenAiServiceTests.OpenAiService_Constructor_WithNullApiKey_ThrowsException" storage="/mnt/d/git/aula/src/aula.tests/bin/debug/net9.0/aula.tests.dll" id="300a05eb-8716-d1e6-2195-bbd82e0c4f9b">
      <Execution id="5be4c92e-7733-43e9-a8d3-18556f13126f" />
      <TestMethod codeBase="/mnt/d/git/aula/src/Aula.Tests/bin/Debug/net9.0/Aula.Tests.dll" adapterTypeName="executor://xunit/VsTestRunner2/netcoreapp" className="Aula.Tests.Services.OpenAiServiceTests" name="OpenAiService_Constructor_WithNullApiKey_ThrowsException" />
    </UnitTest>
    <UnitTest name="Aula.Tests.Services.OpenAiServiceIntegrationTests.ProcessQueryWithToolsAsync_WithInvalidContextKey_HandlesGracefully(contextKey: null)" storage="/mnt/d/git/aula/src/aula.tests/bin/debug/net9.0/aula.tests.dll" id="9e4f287f-e14a-9a5f-c3eb-d8718b5588ae">
      <Execution id="6ea493d4-0338-4ebd-a58f-a96737fc4a69" />
      <TestMethod codeBase="/mnt/d/git/aula/src/Aula.Tests/bin/Debug/net9.0/Aula.Tests.dll" adapterTypeName="executor://xunit/VsTestRunner2/netcoreapp" className="Aula.Tests.Services.OpenAiServiceIntegrationTests" name="ProcessQueryWithToolsAsync_WithInvalidContextKey_HandlesGracefully" />
    </UnitTest>
    <UnitTest name="Aula.Tests.Channels.SlackBotTests.PostWeekLetter_WithMissingFields_HandlesGracefully" storage="/mnt/d/git/aula/src/aula.tests/bin/debug/net9.0/aula.tests.dll" id="2d48fc77-1867-a29b-eb07-2aeec9de2225">
      <Execution id="6d23c059-a556-454f-bf93-305b3cd7a617" />
      <TestMethod codeBase="/mnt/d/git/aula/src/Aula.Tests/bin/Debug/net9.0/Aula.Tests.dll" adapterTypeName="executor://xunit/VsTestRunner2/netcoreapp" className="Aula.Tests.Channels.SlackBotTests" name="PostWeekLetter_WithMissingFields_HandlesGracefully" />
    </UnitTest>
    <UnitTest name="Aula.Tests.Configuration.ConfigurationTests.Features_ConfigurationIsCorrect" storage="/mnt/d/git/aula/src/aula.tests/bin/debug/net9.0/aula.tests.dll" id="97bda861-62f2-bba1-c598-127d5142019e">
      <Execution id="07c7d6da-9645-4c17-a61d-93a060408562" />
      <TestMethod codeBase="/mnt/d/git/aula/src/Aula.Tests/bin/Debug/net9.0/Aula.Tests.dll" adapterTypeName="executor://xunit/VsTestRunner2/netcoreapp" className="Aula.Tests.Configuration.ConfigurationTests" name="Features_ConfigurationIsCorrect" />
    </UnitTest>
    <UnitTest name="Aula.Tests.Channels.SlackBotTests.PostWeekLetter_WithVariousChildNames_HandlesCorrectly(firstName: &quot;Søren Johannes&quot;)" storage="/mnt/d/git/aula/src/aula.tests/bin/debug/net9.0/aula.tests.dll" id="8411a163-fe22-681b-f5c6-7310c560d29a">
      <Execution id="38d8a7ff-31bc-49d1-a4e7-32a5bf2c8e74" />
      <TestMethod codeBase="/mnt/d/git/aula/src/Aula.Tests/bin/Debug/net9.0/Aula.Tests.dll" adapterTypeName="executor://xunit/VsTestRunner2/netcoreapp" className="Aula.Tests.Channels.SlackBotTests" name="PostWeekLetter_WithVariousChildNames_HandlesCorrectly" />
    </UnitTest>
    <UnitTest name="Aula.Tests.Scheduling.SchedulingServiceIntegrationTests.StartAsync_LogsInformationAndDoesNotThrow" storage="/mnt/d/git/aula/src/aula.tests/bin/debug/net9.0/aula.tests.dll" id="e242b67c-3d28-33ee-bf1d-1f163fabd3ca">
      <Execution id="4043b408-fb99-48d0-a0da-7885bc0596de" />
      <TestMethod codeBase="/mnt/d/git/aula/src/Aula.Tests/bin/Debug/net9.0/Aula.Tests.dll" adapterTypeName="executor://xunit/VsTestRunner2/netcoreapp" className="Aula.Tests.Scheduling.SchedulingServiceIntegrationTests" name="StartAsync_LogsInformationAndDoesNotThrow" />
    </UnitTest>
    <UnitTest name="Aula.Tests.Configuration.ConfigurationTests.Telegram_Token_ValidationTests(token: &quot;123456789:AABBCCDDEEFFGG&quot;, isValidFormat: True)" storage="/mnt/d/git/aula/src/aula.tests/bin/debug/net9.0/aula.tests.dll" id="ab9c2247-9b07-41d9-d47e-aa4942797b13">
      <Execution id="945f5a20-05e8-466e-b3dd-7fbe07d0b0cc" />
      <TestMethod codeBase="/mnt/d/git/aula/src/Aula.Tests/bin/Debug/net9.0/Aula.Tests.dll" adapterTypeName="executor://xunit/VsTestRunner2/netcoreapp" className="Aula.Tests.Configuration.ConfigurationTests" name="Telegram_Token_ValidationTests" />
    </UnitTest>
    <UnitTest name="Aula.Tests.Utilities.Html2SlackMarkdownConverterTests.Convert_WithScriptAndStyleTags_RemovesTagsButNotContent(html: &quot;&lt;script&gt;alert('xss')&lt;/script&gt;&lt;p&gt;Content&lt;/p&gt;&quot;)" storage="/mnt/d/git/aula/src/aula.tests/bin/debug/net9.0/aula.tests.dll" id="085515b8-4fc1-99b2-eae0-b56b9cad0980">
      <Execution id="4e523dcf-432c-4b53-a5e7-60c0f9b86735" />
      <TestMethod codeBase="/mnt/d/git/aula/src/Aula.Tests/bin/Debug/net9.0/Aula.Tests.dll" adapterTypeName="executor://xunit/VsTestRunner2/netcoreapp" className="Aula.Tests.Utilities.Html2SlackMarkdownConverterTests" name="Convert_WithScriptAndStyleTags_RemovesTagsButNotContent" />
    </UnitTest>
    <UnitTest name="Aula.Tests.Tools.ReminderCommandHandlerTests.TryHandleReminderCommand_NonReminderCommands_ReturnsFalse(command: &quot;how are you?&quot;)" storage="/mnt/d/git/aula/src/aula.tests/bin/debug/net9.0/aula.tests.dll" id="f27323f0-86ce-1e1b-2a7d-c904454ba29a">
      <Execution id="8b018033-ca89-46bc-a57d-bcceb28ef5fc" />
      <TestMethod codeBase="/mnt/d/git/aula/src/Aula.Tests/bin/Debug/net9.0/Aula.Tests.dll" adapterTypeName="executor://xunit/VsTestRunner2/netcoreapp" className="Aula.Tests.Tools.ReminderCommandHandlerTests" name="TryHandleReminderCommand_NonReminderCommands_ReturnsFalse" />
    </UnitTest>
    <UnitTest name="Aula.Tests.Bots.SlackInteractiveBotTests.PostWeekLetter_WithEmptyContent_LogsWarningAndReturns" storage="/mnt/d/git/aula/src/aula.tests/bin/debug/net9.0/aula.tests.dll" id="76f28705-d77c-bf82-f290-6a4800e495d0">
      <Execution id="e99f5c5c-6b3c-4862-b812-993b61a529b8" />
      <TestMethod codeBase="/mnt/d/git/aula/src/Aula.Tests/bin/Debug/net9.0/Aula.Tests.dll" adapterTypeName="executor://xunit/VsTestRunner2/netcoreapp" className="Aula.Tests.Bots.SlackInteractiveBotTests" name="PostWeekLetter_WithEmptyContent_LogsWarningAndReturns" />
    </UnitTest>
    <UnitTest name="Aula.Tests.Services.OpenAiServiceIntegrationTests.ClearConversationHistory_WithContextKey_DoesNotThrow" storage="/mnt/d/git/aula/src/aula.tests/bin/debug/net9.0/aula.tests.dll" id="91adec86-044d-3b0d-62f3-bdcae922b644">
      <Execution id="9dcb086a-b74b-4aac-9062-50946d3bcadc" />
      <TestMethod codeBase="/mnt/d/git/aula/src/Aula.Tests/bin/Debug/net9.0/Aula.Tests.dll" adapterTypeName="executor://xunit/VsTestRunner2/netcoreapp" className="Aula.Tests.Services.OpenAiServiceIntegrationTests" name="ClearConversationHistory_WithContextKey_DoesNotThrow" />
    </UnitTest>
    <UnitTest name="Aula.Tests.Utilities.Html2SlackMarkdownConverterTests.Convert_WithMixedContentAndTags_ProcessesCorrectly" storage="/mnt/d/git/aula/src/aula.tests/bin/debug/net9.0/aula.tests.dll" id="4aa54f00-5a60-e1ca-de86-bd0d6c5bb993">
      <Execution id="931f0347-dbef-4d2c-bf61-311866febfcd" />
      <TestMethod codeBase="/mnt/d/git/aula/src/Aula.Tests/bin/Debug/net9.0/Aula.Tests.dll" adapterTypeName="executor://xunit/VsTestRunner2/netcoreapp" className="Aula.Tests.Utilities.Html2SlackMarkdownConverterTests" name="Convert_WithMixedContentAndTags_ProcessesCorrectly" />
    </UnitTest>
    <UnitTest name="Aula.Tests.Bots.TelegramMessageHandlerTests.HandleMessageAsync_WithValidQuery_ProcessesSuccessfully(queryText: &quot;Hvad skal Emma i dag?&quot;)" storage="/mnt/d/git/aula/src/aula.tests/bin/debug/net9.0/aula.tests.dll" id="5131c0c3-410a-6182-33f0-39457515d5e3">
      <Execution id="586a971c-1fe5-43b9-9a14-a556ae99e48f" />
      <TestMethod codeBase="/mnt/d/git/aula/src/Aula.Tests/bin/Debug/net9.0/Aula.Tests.dll" adapterTypeName="executor://xunit/VsTestRunner2/netcoreapp" className="Aula.Tests.Bots.TelegramMessageHandlerTests" name="HandleMessageAsync_WithValidQuery_ProcessesSuccessfully" />
    </UnitTest>
    <UnitTest name="Aula.Tests.Utilities.FollowUpQuestionDetectorTests.IsFollowUpQuestion_WithShortFollowUps_ReturnsTrue(input: &quot;okay&quot;)" storage="/mnt/d/git/aula/src/aula.tests/bin/debug/net9.0/aula.tests.dll" id="0a67f5eb-9494-4a90-6e4a-75483ed48ca6">
      <Execution id="eecd8d7e-79d9-4165-9cac-e65c6c006092" />
      <TestMethod codeBase="/mnt/d/git/aula/src/Aula.Tests/bin/Debug/net9.0/Aula.Tests.dll" adapterTypeName="executor://xunit/VsTestRunner2/netcoreapp" className="Aula.Tests.Utilities.FollowUpQuestionDetectorTests" name="IsFollowUpQuestion_WithShortFollowUps_ReturnsTrue" />
    </UnitTest>
    <UnitTest name="Aula.Tests.Configuration.ConfigurationTests.Timers_SchedulingInterval_ValidationTests(intervalSeconds: 0, isValid: False)" storage="/mnt/d/git/aula/src/aula.tests/bin/debug/net9.0/aula.tests.dll" id="29b460d3-32ba-3d59-36a7-72d7b3c75d60">
      <Execution id="778f35da-18ca-4c73-8842-731d55ebe3da" />
      <TestMethod codeBase="/mnt/d/git/aula/src/Aula.Tests/bin/Debug/net9.0/Aula.Tests.dll" adapterTypeName="executor://xunit/VsTestRunner2/netcoreapp" className="Aula.Tests.Configuration.ConfigurationTests" name="Timers_SchedulingInterval_ValidationTests" />
    </UnitTest>
    <UnitTest name="Aula.Tests.Utilities.FollowUpQuestionDetectorTests.IsFollowUpQuestion_WithUnicodeChildNames_WorksCorrectly(input: &quot;Johannes&quot;)" storage="/mnt/d/git/aula/src/aula.tests/bin/debug/net9.0/aula.tests.dll" id="603b38d9-650a-3d65-fd10-694412343522">
      <Execution id="577ee563-0833-440b-bfe6-8a54e243524d" />
      <TestMethod codeBase="/mnt/d/git/aula/src/Aula.Tests/bin/Debug/net9.0/Aula.Tests.dll" adapterTypeName="executor://xunit/VsTestRunner2/netcoreapp" className="Aula.Tests.Utilities.FollowUpQuestionDetectorTests" name="IsFollowUpQuestion_WithUnicodeChildNames_WorksCorrectly" />
    </UnitTest>
    <UnitTest name="Aula.Tests.Utilities.JsonFormatterTests.Prettify_WithWhitespaceOnly_ReturnsNull" storage="/mnt/d/git/aula/src/aula.tests/bin/debug/net9.0/aula.tests.dll" id="537ad07b-1b70-ec7a-fdb3-2e0fa41e5c23">
      <Execution id="846407c4-a30d-4b7c-a719-3751021696be" />
      <TestMethod codeBase="/mnt/d/git/aula/src/Aula.Tests/bin/Debug/net9.0/Aula.Tests.dll" adapterTypeName="executor://xunit/VsTestRunner2/netcoreapp" className="Aula.Tests.Utilities.JsonFormatterTests" name="Prettify_WithWhitespaceOnly_ReturnsNull" />
    </UnitTest>
    <UnitTest name="Aula.Tests.Utilities.FollowUpQuestionDetectorTests.IsFollowUpQuestion_WithDanishFollowUpPhrases_ReturnsTrue(input: &quot;og hvad med idag&quot;)" storage="/mnt/d/git/aula/src/aula.tests/bin/debug/net9.0/aula.tests.dll" id="9d0c2c94-02dc-7b10-0108-100d571e057e">
      <Execution id="a361dacd-95ab-49b2-8498-85ad44906ee6" />
      <TestMethod codeBase="/mnt/d/git/aula/src/Aula.Tests/bin/Debug/net9.0/Aula.Tests.dll" adapterTypeName="executor://xunit/VsTestRunner2/netcoreapp" className="Aula.Tests.Utilities.FollowUpQuestionDetectorTests" name="IsFollowUpQuestion_WithDanishFollowUpPhrases_ReturnsTrue" />
    </UnitTest>
    <UnitTest name="Aula.Tests.Services.OpenAiServiceIntegrationTests.ProcessQueryWithToolsAsync_WithInvalidQuery_HandlesGracefully(query: &quot;&quot;)" storage="/mnt/d/git/aula/src/aula.tests/bin/debug/net9.0/aula.tests.dll" id="d12ba075-9d80-4e84-67f3-23b42c041778">
      <Execution id="8f46cea3-e79d-4a13-8148-e010c03819a8" />
      <TestMethod codeBase="/mnt/d/git/aula/src/Aula.Tests/bin/Debug/net9.0/Aula.Tests.dll" adapterTypeName="executor://xunit/VsTestRunner2/netcoreapp" className="Aula.Tests.Services.OpenAiServiceIntegrationTests" name="ProcessQueryWithToolsAsync_WithInvalidQuery_HandlesGracefully" />
    </UnitTest>
    <UnitTest name="Aula.Tests.Utilities.FollowUpQuestionDetectorTests.IsFollowUpQuestion_WithStartingFollowUpWords_ReturnsTrue(input: &quot;Og Emma?&quot;)" storage="/mnt/d/git/aula/src/aula.tests/bin/debug/net9.0/aula.tests.dll" id="552b8f9e-1bb3-8bf0-01fc-d5978785d7dd">
      <Execution id="f95a3345-5736-4b8a-aea6-6fc73ce04d37" />
      <TestMethod codeBase="/mnt/d/git/aula/src/Aula.Tests/bin/Debug/net9.0/Aula.Tests.dll" adapterTypeName="executor://xunit/VsTestRunner2/netcoreapp" className="Aula.Tests.Utilities.FollowUpQuestionDetectorTests" name="IsFollowUpQuestion_WithStartingFollowUpWords_ReturnsTrue" />
    </UnitTest>
    <UnitTest name="Aula.Tests.Bots.TelegramMessageHandlerTests.HandleMessageAsync_LogsMessageProcessing" storage="/mnt/d/git/aula/src/aula.tests/bin/debug/net9.0/aula.tests.dll" id="69f852cf-0b8d-bff9-6d2d-fced5fbdbaf2">
      <Execution id="85f173d7-dbf4-4aa8-af53-054bd3cc9df6" />
      <TestMethod codeBase="/mnt/d/git/aula/src/Aula.Tests/bin/Debug/net9.0/Aula.Tests.dll" adapterTypeName="executor://xunit/VsTestRunner2/netcoreapp" className="Aula.Tests.Bots.TelegramMessageHandlerTests" name="HandleMessageAsync_LogsMessageProcessing" />
    </UnitTest>
    <UnitTest name="Aula.Tests.Utilities.ConversationContextManagerTests.ClearAllContexts_WithNoContexts_LogsZeroCount" storage="/mnt/d/git/aula/src/aula.tests/bin/debug/net9.0/aula.tests.dll" id="13703350-881b-2176-aa37-cf09df989ef2">
      <Execution id="1a3a4a67-bb48-4d7c-96fc-bb50ea1b63dc" />
      <TestMethod codeBase="/mnt/d/git/aula/src/Aula.Tests/bin/Debug/net9.0/Aula.Tests.dll" adapterTypeName="executor://xunit/VsTestRunner2/netcoreapp" className="Aula.Tests.Utilities.ConversationContextManagerTests" name="ClearAllContexts_WithNoContexts_LogsZeroCount" />
    </UnitTest>
    <UnitTest name="Aula.Tests.Utilities.IntentAnalysisPromptsTests.ToolExamples_ContainsRequiredKeys(key: &quot;LIST_REMINDERS_DANISH&quot;)" storage="/mnt/d/git/aula/src/aula.tests/bin/debug/net9.0/aula.tests.dll" id="366f0f62-c3df-406d-3cbd-6a62fe8e98a7">
      <Execution id="748d2ca0-fcdd-4396-b1f2-dc27e091616e" />
      <TestMethod codeBase="/mnt/d/git/aula/src/Aula.Tests/bin/Debug/net9.0/Aula.Tests.dll" adapterTypeName="executor://xunit/VsTestRunner2/netcoreapp" className="Aula.Tests.Utilities.IntentAnalysisPromptsTests" name="ToolExamples_ContainsRequiredKeys" />
    </UnitTest>
    <UnitTest name="Aula.Tests.Utilities.ReminderExtractionPromptsTests.GetExtractionPrompt_WithDifferentMinuteOffsets_CalculatesCorrectly(minutes: 120)" storage="/mnt/d/git/aula/src/aula.tests/bin/debug/net9.0/aula.tests.dll" id="63363866-031a-a196-cb3f-a58e78fe124a">
      <Execution id="ed8db8e3-5756-4ac1-8b16-db5b97679256" />
      <TestMethod codeBase="/mnt/d/git/aula/src/Aula.Tests/bin/Debug/net9.0/Aula.Tests.dll" adapterTypeName="executor://xunit/VsTestRunner2/netcoreapp" className="Aula.Tests.Utilities.ReminderExtractionPromptsTests" name="GetExtractionPrompt_WithDifferentMinuteOffsets_CalculatesCorrectly" />
    </UnitTest>
    <UnitTest name="Aula.Tests.Services.OpenAiServiceTests.OpenAiService_Internal_Constructor_CanBeUsedForTesting" storage="/mnt/d/git/aula/src/aula.tests/bin/debug/net9.0/aula.tests.dll" id="7c385ac2-1fdf-ebb2-6450-e82cd794ae73">
      <Execution id="b23f3d8e-197d-41c1-922a-12bef81deeb0" />
      <TestMethod codeBase="/mnt/d/git/aula/src/Aula.Tests/bin/Debug/net9.0/Aula.Tests.dll" adapterTypeName="executor://xunit/VsTestRunner2/netcoreapp" className="Aula.Tests.Services.OpenAiServiceTests" name="OpenAiService_Internal_Constructor_CanBeUsedForTesting" />
    </UnitTest>
    <UnitTest name="Aula.Tests.Utilities.FollowUpQuestionDetectorTests.IsFollowUpQuestion_WithPunctuationAroundChildName_WorksCorrectly(input: &quot;Emma.&quot;)" storage="/mnt/d/git/aula/src/aula.tests/bin/debug/net9.0/aula.tests.dll" id="4cd9be57-b5ee-3ae9-313d-5c06ae12b5f8">
      <Execution id="83091c3c-9385-4315-a5e3-593996aa5cd2" />
      <TestMethod codeBase="/mnt/d/git/aula/src/Aula.Tests/bin/Debug/net9.0/Aula.Tests.dll" adapterTypeName="executor://xunit/VsTestRunner2/netcoreapp" className="Aula.Tests.Utilities.FollowUpQuestionDetectorTests" name="IsFollowUpQuestion_WithPunctuationAroundChildName_WorksCorrectly" />
    </UnitTest>
    <UnitTest name="Aula.Tests.Utilities.ConversationContextManagerTests.UpdateContext_WithNullChildName_AllowsNull" storage="/mnt/d/git/aula/src/aula.tests/bin/debug/net9.0/aula.tests.dll" id="549e360d-ab9b-62ef-01b0-030fc984eb0c">
      <Execution id="3fb8b407-290d-4f29-a4bb-388e708cdb77" />
      <TestMethod codeBase="/mnt/d/git/aula/src/Aula.Tests/bin/Debug/net9.0/Aula.Tests.dll" adapterTypeName="executor://xunit/VsTestRunner2/netcoreapp" className="Aula.Tests.Utilities.ConversationContextManagerTests" name="UpdateContext_WithNullChildName_AllowsNull" />
    </UnitTest>
    <UnitTest name="Aula.Tests.Channels.SlackBotTests.PostWeekLetter_WithVariousChildColors_HandlesCorrectly(color: &quot;#FF0000&quot;)" storage="/mnt/d/git/aula/src/aula.tests/bin/debug/net9.0/aula.tests.dll" id="aa45be65-ee7b-6980-b008-5b44e798506b">
      <Execution id="382c6e9f-c87c-4eb3-b30b-056a1c0cbb42" />
      <TestMethod codeBase="/mnt/d/git/aula/src/Aula.Tests/bin/Debug/net9.0/Aula.Tests.dll" adapterTypeName="executor://xunit/VsTestRunner2/netcoreapp" className="Aula.Tests.Channels.SlackBotTests" name="PostWeekLetter_WithVariousChildColors_HandlesCorrectly" />
    </UnitTest>
    <UnitTest name="Aula.Tests.Tools.ReminderCommandHandlerTests.TryHandleReminderCommand_NonReminderCommands_ReturnsFalse(command: &quot;delete&quot;)" storage="/mnt/d/git/aula/src/aula.tests/bin/debug/net9.0/aula.tests.dll" id="216aea03-2265-1779-35c7-74f06eb76326">
      <Execution id="b2820c25-25e3-4ccf-9008-54f752a01f4c" />
      <TestMethod codeBase="/mnt/d/git/aula/src/Aula.Tests/bin/Debug/net9.0/Aula.Tests.dll" adapterTypeName="executor://xunit/VsTestRunner2/netcoreapp" className="Aula.Tests.Tools.ReminderCommandHandlerTests" name="TryHandleReminderCommand_NonReminderCommands_ReturnsFalse" />
    </UnitTest>
    <UnitTest name="Aula.Tests.Utilities.FollowUpQuestionDetectorTests.IsFollowUpQuestion_LogsCorrectlyForDetectedFollowUp" storage="/mnt/d/git/aula/src/aula.tests/bin/debug/net9.0/aula.tests.dll" id="b98006bf-e247-2c89-f5f2-906de5d10ccf">
      <Execution id="baef3965-220f-4da9-8201-d7ee68165dab" />
      <TestMethod codeBase="/mnt/d/git/aula/src/Aula.Tests/bin/Debug/net9.0/Aula.Tests.dll" adapterTypeName="executor://xunit/VsTestRunner2/netcoreapp" className="Aula.Tests.Utilities.FollowUpQuestionDetectorTests" name="IsFollowUpQuestion_LogsCorrectlyForDetectedFollowUp" />
    </UnitTest>
    <UnitTest name="Aula.Tests.Utilities.JsonFormatterTests.Prettify_WithIncompleteJson_ThrowsException(incompleteJson: &quot;{&quot;)" storage="/mnt/d/git/aula/src/aula.tests/bin/debug/net9.0/aula.tests.dll" id="e864bc3b-2488-4a94-3944-8157a5bb958a">
      <Execution id="ee014bdc-7401-47c0-9980-c592b5bdb3ff" />
      <TestMethod codeBase="/mnt/d/git/aula/src/Aula.Tests/bin/Debug/net9.0/Aula.Tests.dll" adapterTypeName="executor://xunit/VsTestRunner2/netcoreapp" className="Aula.Tests.Utilities.JsonFormatterTests" name="Prettify_WithIncompleteJson_ThrowsException" />
    </UnitTest>
    <UnitTest name="Aula.Tests.Bots.SlackMessageHandlerTests.Constructor_WithValidParameters_InitializesCorrectly" storage="/mnt/d/git/aula/src/aula.tests/bin/debug/net9.0/aula.tests.dll" id="8b65b678-d86a-73e1-86df-afba7eb83500">
      <Execution id="2f7faa8c-4ad6-45a7-ba7a-7aa73dab6287" />
      <TestMethod codeBase="/mnt/d/git/aula/src/Aula.Tests/bin/Debug/net9.0/Aula.Tests.dll" adapterTypeName="executor://xunit/VsTestRunner2/netcoreapp" className="Aula.Tests.Bots.SlackMessageHandlerTests" name="Constructor_WithValidParameters_InitializesCorrectly" />
    </UnitTest>
    <UnitTest name="Aula.Tests.Bots.SlackInteractiveBotTests.Constructor_WithNullLoggerFactory_ThrowsArgumentNullException" storage="/mnt/d/git/aula/src/aula.tests/bin/debug/net9.0/aula.tests.dll" id="947c27dc-3bc9-498f-6db7-a3e9f1a70b13">
      <Execution id="d34094a3-5b25-40fb-9579-c3c588191b27" />
      <TestMethod codeBase="/mnt/d/git/aula/src/Aula.Tests/bin/Debug/net9.0/Aula.Tests.dll" adapterTypeName="executor://xunit/VsTestRunner2/netcoreapp" className="Aula.Tests.Bots.SlackInteractiveBotTests" name="Constructor_WithNullLoggerFactory_ThrowsArgumentNullException" />
    </UnitTest>
    <UnitTest name="Aula.Tests.Integration.AgentServiceTests.GetWeekLetterAsync_LogsInFirst_WhenNotLoggedIn" storage="/mnt/d/git/aula/src/aula.tests/bin/debug/net9.0/aula.tests.dll" id="cf838fe5-cf64-cdb9-4856-b3fc2156670a">
      <Execution id="65ed3436-fafb-405a-af92-b5e787e9f61b" />
      <TestMethod codeBase="/mnt/d/git/aula/src/Aula.Tests/bin/Debug/net9.0/Aula.Tests.dll" adapterTypeName="executor://xunit/VsTestRunner2/netcoreapp" className="Aula.Tests.Integration.AgentServiceTests" name="GetWeekLetterAsync_LogsInFirst_WhenNotLoggedIn" />
    </UnitTest>
    <UnitTest name="Aula.Tests.Services.DataModelTests.PostedLetter_WithProperties_SetsCorrectly" storage="/mnt/d/git/aula/src/aula.tests/bin/debug/net9.0/aula.tests.dll" id="2d15b0d6-fa3e-2b57-b48d-334f6fde3b35">
      <Execution id="a53eaf29-a4ac-43d4-a841-348bc591cd07" />
      <TestMethod codeBase="/mnt/d/git/aula/src/Aula.Tests/bin/Debug/net9.0/Aula.Tests.dll" adapterTypeName="executor://xunit/VsTestRunner2/netcoreapp" className="Aula.Tests.Services.DataModelTests" name="PostedLetter_WithProperties_SetsCorrectly" />
    </UnitTest>
  </TestDefinitions>
  <TestEntries>
    <TestEntry testId="3a33635c-4486-cf0b-99ea-c9804c518ad6" executionId="d44d47bb-4204-43eb-8792-e57d957f6dc0" testListId="8c84fa94-04c1-424b-9868-57a2d4851a1d" />
    <TestEntry testId="c491ca15-97ab-a670-c185-11bf3ef7479b" executionId="7e91ffb2-9440-47a5-b64f-2586a420950d" testListId="8c84fa94-04c1-424b-9868-57a2d4851a1d" />
    <TestEntry testId="d2358b75-2179-dc76-97f4-8e1dfce3fe98" executionId="7d845603-322a-4be1-95f1-fea5cc91754b" testListId="8c84fa94-04c1-424b-9868-57a2d4851a1d" />
    <TestEntry testId="24bf56f7-ba67-57f2-f501-175bd348de63" executionId="9f6f01bf-c0e4-4472-b0d9-742b3af01a11" testListId="8c84fa94-04c1-424b-9868-57a2d4851a1d" />
    <TestEntry testId="3332c67c-92a3-057f-677b-9ccf84688a91" executionId="62b76d95-a6f3-479a-b787-0d5382b89eed" testListId="8c84fa94-04c1-424b-9868-57a2d4851a1d" />
    <TestEntry testId="bf6936c5-c569-cff2-295a-80008bcc4af4" executionId="fb3c2cc6-567c-4223-a0fb-c745ee70f344" testListId="8c84fa94-04c1-424b-9868-57a2d4851a1d" />
    <TestEntry testId="836451b2-62cb-4cd2-ca5f-c5c8f2c0a202" executionId="5aefae52-ddd9-488e-93a8-049a5879266d" testListId="8c84fa94-04c1-424b-9868-57a2d4851a1d" />
    <TestEntry testId="c2915ea4-e5f9-7f97-c925-c30cd92f3ba5" executionId="c794dba5-e1d7-4502-bc88-58e230a2ed1e" testListId="8c84fa94-04c1-424b-9868-57a2d4851a1d" />
    <TestEntry testId="8ed7f52f-1c34-83a4-64c7-0e5853b67b53" executionId="aec5f416-5199-4d11-b879-29138ae37885" testListId="8c84fa94-04c1-424b-9868-57a2d4851a1d" />
    <TestEntry testId="f0803f19-4aef-0544-7088-6f90fbe83c6b" executionId="a63138bc-32d0-4543-9d28-41e7f889a086" testListId="8c84fa94-04c1-424b-9868-57a2d4851a1d" />
    <TestEntry testId="ee79648a-cff5-5748-d2f4-bbdc12cb6662" executionId="92f5878c-36da-4c69-997c-c121a3a4d3fd" testListId="8c84fa94-04c1-424b-9868-57a2d4851a1d" />
    <TestEntry testId="bb2b6e22-8876-e112-3e1e-ad1f0802bc47" executionId="9fbda3ed-ecfa-4572-9f8c-3e8ca24bd134" testListId="8c84fa94-04c1-424b-9868-57a2d4851a1d" />
    <TestEntry testId="d877f94f-066f-42a6-7d0d-fddcf50efb86" executionId="c8e4f938-7769-4922-b008-7f5dd55fb681" testListId="8c84fa94-04c1-424b-9868-57a2d4851a1d" />
    <TestEntry testId="9abb3739-6b0d-7f8e-6b46-0210e9a0d235" executionId="d0f80773-71cc-4b69-8c04-8f3453a7f1b2" testListId="8c84fa94-04c1-424b-9868-57a2d4851a1d" />
    <TestEntry testId="f695ece5-4ed0-4918-7e40-7fa901ca2f9e" executionId="4e460e14-8ab0-4ffe-8b73-488957c5b33a" testListId="8c84fa94-04c1-424b-9868-57a2d4851a1d" />
    <TestEntry testId="f3b6f74b-87b3-fd71-9913-805f7e4c5e0e" executionId="60e8d624-4ea1-4f7b-8d0c-eff3526202cd" testListId="8c84fa94-04c1-424b-9868-57a2d4851a1d" />
    <TestEntry testId="ab120f5f-70c1-1c2c-37fe-0285fb96cb1f" executionId="dba4aaf3-bc50-45f6-8c9c-9c84c771bd85" testListId="8c84fa94-04c1-424b-9868-57a2d4851a1d" />
    <TestEntry testId="350fb660-314c-786b-3d6b-541a0971c807" executionId="9bfa2d0f-6e3a-41f2-b991-16fc12d153f0" testListId="8c84fa94-04c1-424b-9868-57a2d4851a1d" />
    <TestEntry testId="51dadbc3-586b-6ea0-f9cc-0638c0cb614d" executionId="e84358c6-8e1d-4ed1-b6b4-b2d18dbbb452" testListId="8c84fa94-04c1-424b-9868-57a2d4851a1d" />
    <TestEntry testId="12c6c75b-17e2-768a-c582-545ad6254677" executionId="c4770845-7603-4c6c-9241-4c132f3b1a98" testListId="8c84fa94-04c1-424b-9868-57a2d4851a1d" />
    <TestEntry testId="a05419bf-665b-85cf-3ea6-25bb6d01dbe8" executionId="3bffa83a-7210-4efa-844b-4d26c615c223" testListId="8c84fa94-04c1-424b-9868-57a2d4851a1d" />
    <TestEntry testId="40e04a6d-bef0-ec4b-8281-04b2775da565" executionId="d12660dc-dd18-41d4-840c-5f1956bd3ac1" testListId="8c84fa94-04c1-424b-9868-57a2d4851a1d" />
    <TestEntry testId="df7802a4-febc-831e-f0c4-67bb20909f69" executionId="a8933b71-bb1a-4a5b-8d2b-1307569a3e73" testListId="8c84fa94-04c1-424b-9868-57a2d4851a1d" />
    <TestEntry testId="acb6cd45-54f0-d858-050f-39c07ff6b496" executionId="4c382eb0-c1a1-4abc-b1e0-192305873257" testListId="8c84fa94-04c1-424b-9868-57a2d4851a1d" />
    <TestEntry testId="e864bc3b-2488-4a94-3944-8157a5bb958a" executionId="ee014bdc-7401-47c0-9980-c592b5bdb3ff" testListId="8c84fa94-04c1-424b-9868-57a2d4851a1d" />
    <TestEntry testId="cb065b5b-0d40-3607-dd81-a79e7d3ed14a" executionId="178dfade-55bf-4495-aacc-3c2094a8a79f" testListId="8c84fa94-04c1-424b-9868-57a2d4851a1d" />
    <TestEntry testId="2dc6c47b-b5f0-933c-7989-ac5759dd4706" executionId="35770a4d-0d99-4ef8-b3fd-8d3d52a1f1d1" testListId="8c84fa94-04c1-424b-9868-57a2d4851a1d" />
    <TestEntry testId="04ed4a86-ba0d-f349-f703-22b685131f64" executionId="bf7603bf-efc5-4205-9da9-3cc6a5397f6b" testListId="8c84fa94-04c1-424b-9868-57a2d4851a1d" />
    <TestEntry testId="2e7985fe-e95f-8919-ba34-acd7bc78ecb7" executionId="42675c6d-fe36-4071-b78e-e2f85fa79663" testListId="8c84fa94-04c1-424b-9868-57a2d4851a1d" />
    <TestEntry testId="e225aa72-58fb-b1f4-f2d2-82e178039deb" executionId="13b3b844-2b98-4501-8a87-0dc0e1baf447" testListId="8c84fa94-04c1-424b-9868-57a2d4851a1d" />
    <TestEntry testId="e09a9a0e-f05e-b1ab-94a1-7ba461fbd7f9" executionId="2cc70c1a-84ed-4d93-8e55-597aea6e1408" testListId="8c84fa94-04c1-424b-9868-57a2d4851a1d" />
    <TestEntry testId="3516f5e6-d761-9079-ee12-f11189d2dee7" executionId="9491a4f2-ef0b-49c1-a97c-5eab61a2370e" testListId="8c84fa94-04c1-424b-9868-57a2d4851a1d" />
    <TestEntry testId="64b3e4a5-31a7-57c7-6c30-e353370e12e0" executionId="3725d5fa-b2c3-477b-a268-1356704b568c" testListId="8c84fa94-04c1-424b-9868-57a2d4851a1d" />
    <TestEntry testId="f746688b-f580-3fee-4c58-d4c4ee979cd7" executionId="4d012e2b-0212-4940-bf70-e8ba6bb3ce78" testListId="8c84fa94-04c1-424b-9868-57a2d4851a1d" />
    <TestEntry testId="37f582a3-c279-4823-271e-d030bf33bbb7" executionId="feb7b621-ee37-41ea-9d8a-41b64ab0e1f2" testListId="8c84fa94-04c1-424b-9868-57a2d4851a1d" />
    <TestEntry testId="d874f261-c1fd-d9d6-082a-e87a1ddb40d9" executionId="afe2bddd-bdbc-4e85-ba01-69536f1d7c40" testListId="8c84fa94-04c1-424b-9868-57a2d4851a1d" />
    <TestEntry testId="085e36b0-0d52-7c74-b0d8-4785cd5f1544" executionId="4c205fb7-4560-4d8a-81a7-aa8f6c0f9eb0" testListId="8c84fa94-04c1-424b-9868-57a2d4851a1d" />
    <TestEntry testId="d176fe9d-a550-c0ab-c3b8-0439143bdca1" executionId="a402ce93-9c3b-42c5-8012-01d778c8404d" testListId="8c84fa94-04c1-424b-9868-57a2d4851a1d" />
    <TestEntry testId="6391cd26-6fc2-8e75-57e3-7b032d34c99b" executionId="9c0e2fb9-5887-4a96-a011-38e7a66c6b13" testListId="8c84fa94-04c1-424b-9868-57a2d4851a1d" />
    <TestEntry testId="5545fc75-ce9a-79d5-867a-5bec0a88ff66" executionId="6c17fb31-476c-4523-9920-f1a4a1245d94" testListId="8c84fa94-04c1-424b-9868-57a2d4851a1d" />
    <TestEntry testId="cc3765fc-8658-a464-43ae-5fa3b977b4d0" executionId="2deb221f-d23b-4d4b-9c7a-00f72de29c66" testListId="8c84fa94-04c1-424b-9868-57a2d4851a1d" />
    <TestEntry testId="952f09f7-4d08-75b3-4aa9-81a5106c72e8" executionId="18d30e7e-b39b-44b2-9767-26c16a337c8e" testListId="8c84fa94-04c1-424b-9868-57a2d4851a1d" />
    <TestEntry testId="d4e0f652-1aa4-f1fd-46bf-006e98a6310b" executionId="0c77eeac-52c8-410d-a6a0-eb6577eca24b" testListId="8c84fa94-04c1-424b-9868-57a2d4851a1d" />
    <TestEntry testId="cc139316-f1a2-00ef-ef1d-1e4ba4910c04" executionId="65824251-3c29-49a3-a62c-b2ffe3641ca1" testListId="8c84fa94-04c1-424b-9868-57a2d4851a1d" />
    <TestEntry testId="42449a83-52ee-ffac-180b-a8106bf3af88" executionId="2b5b48c4-e807-4ba9-a58b-8b21e4581b6e" testListId="8c84fa94-04c1-424b-9868-57a2d4851a1d" />
    <TestEntry testId="cb027f47-b453-181c-17af-774dbf3d917b" executionId="12771173-08f2-4b46-b3e7-ff6842c657ac" testListId="8c84fa94-04c1-424b-9868-57a2d4851a1d" />
    <TestEntry testId="cffbdb32-a5ce-3149-2be9-2e224df2f82b" executionId="842ce389-2c3c-4836-b5c0-9b3b6faffb3f" testListId="8c84fa94-04c1-424b-9868-57a2d4851a1d" />
    <TestEntry testId="9fbd08c9-807d-0d3a-ed39-c949f2bb8c4b" executionId="f2998880-94e4-40a1-a0c0-75cd7f830c27" testListId="8c84fa94-04c1-424b-9868-57a2d4851a1d" />
    <TestEntry testId="abab0ca8-38d9-b46e-ed1a-a39f638f498e" executionId="494c62e1-0c64-47f4-b6cb-a1f18c83e928" testListId="8c84fa94-04c1-424b-9868-57a2d4851a1d" />
    <TestEntry testId="348072bd-5799-593b-9354-a4cea37de12a" executionId="43eadac2-7919-4486-84cc-4f5745f4651e" testListId="8c84fa94-04c1-424b-9868-57a2d4851a1d" />
    <TestEntry testId="ecba833b-4a32-70dc-1540-ec8a113be1de" executionId="6351ed60-41ab-4a06-ad10-9948a18dcd89" testListId="8c84fa94-04c1-424b-9868-57a2d4851a1d" />
    <TestEntry testId="10351b87-cca7-9abd-49aa-c981441e9d37" executionId="691f2c15-4e3f-4c0e-9951-f56f29277a4a" testListId="8c84fa94-04c1-424b-9868-57a2d4851a1d" />
    <TestEntry testId="6423dadf-5032-e426-048d-b3adf874a425" executionId="84066a49-71e9-4242-b1e9-f7074a260cf6" testListId="8c84fa94-04c1-424b-9868-57a2d4851a1d" />
    <TestEntry testId="8c3471e8-fc32-9e5a-4e09-9595c65b9cfb" executionId="407f0eea-9758-4ab4-a80f-35ec01810e2a" testListId="8c84fa94-04c1-424b-9868-57a2d4851a1d" />
    <TestEntry testId="e8058050-cbb0-edb4-84ec-77371a17e76d" executionId="b54912ac-5710-4740-bd53-af3ba553cea9" testListId="8c84fa94-04c1-424b-9868-57a2d4851a1d" />
    <TestEntry testId="a16a5295-4893-3b2e-da76-c179d6ee21e1" executionId="dc000a22-3737-4435-aeec-4b6179485604" testListId="8c84fa94-04c1-424b-9868-57a2d4851a1d" />
    <TestEntry testId="bd271e29-873c-e257-8849-0350a000b3af" executionId="cde13a87-9dd3-44b7-94f0-070e9be26359" testListId="8c84fa94-04c1-424b-9868-57a2d4851a1d" />
    <TestEntry testId="ed243bdd-6000-1061-a83e-9e458b3d2a08" executionId="98c7e380-5259-4a2b-9257-8361baf79824" testListId="8c84fa94-04c1-424b-9868-57a2d4851a1d" />
    <TestEntry testId="c6b19e93-2b61-da47-f9a3-89a03fe395c8" executionId="4cd038ac-d622-497e-94ca-3ad02177d2c8" testListId="8c84fa94-04c1-424b-9868-57a2d4851a1d" />
    <TestEntry testId="239e373d-1755-bda9-a91e-cb58a8bc8bcf" executionId="d52db8ce-6fe0-4f55-8961-2951c2d16235" testListId="8c84fa94-04c1-424b-9868-57a2d4851a1d" />
    <TestEntry testId="85a1665e-7de4-7e52-079a-cc1001b34152" executionId="a2a10bfd-a095-41f2-8232-1b05e3f8e7ed" testListId="8c84fa94-04c1-424b-9868-57a2d4851a1d" />
    <TestEntry testId="4df15bfd-b375-822c-a8df-fcfde52ebf51" executionId="c48d8fa6-5442-40c8-97b5-0951cd4bdd33" testListId="8c84fa94-04c1-424b-9868-57a2d4851a1d" />
    <TestEntry testId="bf1816b2-91f9-1cf0-a850-7a59915a1d13" executionId="d496eda9-012f-4327-aa15-e90c4cba5288" testListId="8c84fa94-04c1-424b-9868-57a2d4851a1d" />
    <TestEntry testId="e82068c0-6e0f-9139-e11b-135d1d5c14f8" executionId="bbabc908-0238-4956-ac68-b3ea04f0a7ce" testListId="8c84fa94-04c1-424b-9868-57a2d4851a1d" />
    <TestEntry testId="cf3ffd15-e77d-0064-8da1-70abe47d1342" executionId="5d95dd4e-73af-4086-b3ee-64aad5b296a9" testListId="8c84fa94-04c1-424b-9868-57a2d4851a1d" />
    <TestEntry testId="d79cfa86-e515-004d-fe4e-214ac35ead55" executionId="99dfcc5f-a381-4d64-ada6-2676c87ec746" testListId="8c84fa94-04c1-424b-9868-57a2d4851a1d" />
    <TestEntry testId="55912caf-6fc4-918c-e4ec-07597adc6c56" executionId="51780b5f-fbe6-4ad4-b65c-dee6e54c77b8" testListId="8c84fa94-04c1-424b-9868-57a2d4851a1d" />
    <TestEntry testId="e242b67c-3d28-33ee-bf1d-1f163fabd3ca" executionId="4043b408-fb99-48d0-a0da-7885bc0596de" testListId="8c84fa94-04c1-424b-9868-57a2d4851a1d" />
    <TestEntry testId="51d4bf94-02a4-6db7-00c2-b23d3d85cac5" executionId="2b406f21-bedf-4b60-86f9-5249a71146fe" testListId="8c84fa94-04c1-424b-9868-57a2d4851a1d" />
    <TestEntry testId="b561be64-3ebf-00d7-64e3-9853e17cbf13" executionId="2c577a75-b3a6-4b0d-be9e-5e8775d93d66" testListId="8c84fa94-04c1-424b-9868-57a2d4851a1d" />
    <TestEntry testId="9ca02d05-5169-149e-ecab-3b9b289b72d5" executionId="bc06b24e-d80c-4b25-bb4f-54b9c5bd5d5b" testListId="8c84fa94-04c1-424b-9868-57a2d4851a1d" />
    <TestEntry testId="4d1c39cc-af91-5c58-272b-da1e4b7a0924" executionId="01bdc7d0-df42-43f6-a173-00f02dddf409" testListId="8c84fa94-04c1-424b-9868-57a2d4851a1d" />
    <TestEntry testId="e2629d31-76fa-fe13-ab42-e2aa75f765d2" executionId="660ba6cc-2d81-4129-a158-b2e91047d92e" testListId="8c84fa94-04c1-424b-9868-57a2d4851a1d" />
    <TestEntry testId="07e0302f-2dc8-4d9e-5870-92f7c56a6ee3" executionId="453da284-24a7-458f-b581-52799f2e2a8e" testListId="8c84fa94-04c1-424b-9868-57a2d4851a1d" />
    <TestEntry testId="5757d75c-5377-8df3-a3a7-30a9777d143b" executionId="8cccbaea-0f12-4a6d-ade1-f3541c0170d1" testListId="8c84fa94-04c1-424b-9868-57a2d4851a1d" />
    <TestEntry testId="83b73832-4937-bb84-c164-437b53d65a63" executionId="b99093b8-0db7-4771-9f46-19915a6d40b9" testListId="8c84fa94-04c1-424b-9868-57a2d4851a1d" />
    <TestEntry testId="228e40b4-0ca4-d75a-7a58-46117a34fee9" executionId="67f6fee8-1839-415c-8fc0-503b1ab56a98" testListId="8c84fa94-04c1-424b-9868-57a2d4851a1d" />
    <TestEntry testId="8f7835b5-50dd-c6de-2199-d163d47a3c4e" executionId="9604c53e-5dd2-4bb7-838f-b069ea275882" testListId="8c84fa94-04c1-424b-9868-57a2d4851a1d" />
    <TestEntry testId="34366f44-ed9b-7d8b-6c2d-6118dfaf9ff9" executionId="2cb890a7-6b61-4aae-a1b5-554f9a619c15" testListId="8c84fa94-04c1-424b-9868-57a2d4851a1d" />
    <TestEntry testId="9728fe01-3005-7319-6ba9-b6d3b25a9602" executionId="2952fab4-c3cd-4f25-ad23-4a73b7a56a04" testListId="8c84fa94-04c1-424b-9868-57a2d4851a1d" />
    <TestEntry testId="4cd9be57-b5ee-3ae9-313d-5c06ae12b5f8" executionId="83091c3c-9385-4315-a5e3-593996aa5cd2" testListId="8c84fa94-04c1-424b-9868-57a2d4851a1d" />
    <TestEntry testId="7415a632-957d-b568-8d89-35975dec612b" executionId="b66c152a-0a04-4824-9e27-1c08d7be3f9b" testListId="8c84fa94-04c1-424b-9868-57a2d4851a1d" />
    <TestEntry testId="a4a3bfc2-ce2c-55ab-e6c7-e1c25caaf60b" executionId="9f3a8592-f037-46a4-af8e-6eb4e3851a88" testListId="8c84fa94-04c1-424b-9868-57a2d4851a1d" />
    <TestEntry testId="484a9c28-0cc9-95a2-990b-b9c28e6033e5" executionId="6eb2f49c-a295-4e7f-976b-e69438ab48a3" testListId="8c84fa94-04c1-424b-9868-57a2d4851a1d" />
    <TestEntry testId="3e10b303-d441-b310-0523-4f1f964c7566" executionId="0f0400f4-d9a0-4a74-8364-cddef6c58418" testListId="8c84fa94-04c1-424b-9868-57a2d4851a1d" />
    <TestEntry testId="2ec4bb68-9993-76c1-0376-5d281d5240c0" executionId="ed0492b0-df9d-4ef3-b139-7da465032c06" testListId="8c84fa94-04c1-424b-9868-57a2d4851a1d" />
    <TestEntry testId="a5a1d376-9a55-3344-a8d1-042eaae8a59b" executionId="79baeeae-13d7-46d4-ae0c-32e37ca7c4d7" testListId="8c84fa94-04c1-424b-9868-57a2d4851a1d" />
    <TestEntry testId="d0fb0f26-05d6-fd5b-00ba-97eda4e7b49a" executionId="f4eb1b5a-8ff2-4e7e-a309-d8f9d6e1b098" testListId="8c84fa94-04c1-424b-9868-57a2d4851a1d" />
    <TestEntry testId="ab49834c-8dcd-dead-a042-efc0f8ab3657" executionId="ede3385d-f7ef-4f0b-b0f1-dd0f9b095c27" testListId="8c84fa94-04c1-424b-9868-57a2d4851a1d" />
    <TestEntry testId="2f1a411a-2aa2-b405-2ee0-c232b3e9b9d5" executionId="bc055223-8c2b-475b-8998-5b934e8dc865" testListId="8c84fa94-04c1-424b-9868-57a2d4851a1d" />
    <TestEntry testId="ef7abf20-a090-f30e-1f29-97964e295c62" executionId="fa5d6ea6-c72f-45da-aada-fd2cc9f3fdc6" testListId="8c84fa94-04c1-424b-9868-57a2d4851a1d" />
    <TestEntry testId="a8b9844c-6104-c9c6-7d60-78d6100065b0" executionId="b5f8aeef-3889-411f-a94f-4718bbe1f581" testListId="8c84fa94-04c1-424b-9868-57a2d4851a1d" />
    <TestEntry testId="021d3da1-2551-6934-6452-4bc168c068b9" executionId="57f8c914-0af7-4156-a664-6f338ad06fa9" testListId="8c84fa94-04c1-424b-9868-57a2d4851a1d" />
    <TestEntry testId="149e1688-e5dc-ebf7-54b0-eb7d782e0a3d" executionId="44f308e2-4f22-434f-bd63-69e1bd98f342" testListId="8c84fa94-04c1-424b-9868-57a2d4851a1d" />
    <TestEntry testId="5f18de16-3031-4e46-e632-27368e418f95" executionId="b27801f3-fdbc-4ae3-9e8d-0d12824c94fe" testListId="8c84fa94-04c1-424b-9868-57a2d4851a1d" />
    <TestEntry testId="e93018a6-329d-1e6a-244e-75972e649bf3" executionId="8f4bad29-24f9-4844-9bfe-df0b8872ad85" testListId="8c84fa94-04c1-424b-9868-57a2d4851a1d" />
    <TestEntry testId="3109c695-3e44-0879-5fda-41d7d17979ff" executionId="c4d15e0f-0761-4784-ba66-ee36da196cf1" testListId="8c84fa94-04c1-424b-9868-57a2d4851a1d" />
    <TestEntry testId="cd39a17c-6fe1-e1b4-559a-d31518f5450f" executionId="69772152-fd65-40c8-b80a-bb3066816f22" testListId="8c84fa94-04c1-424b-9868-57a2d4851a1d" />
    <TestEntry testId="76863e49-5dff-990d-7038-a9b0865a8589" executionId="318fd359-9c0c-4018-9643-39186d194e51" testListId="8c84fa94-04c1-424b-9868-57a2d4851a1d" />
    <TestEntry testId="fd81db88-72a7-84e2-4288-c872b2f15c55" executionId="7416de3b-3aa8-4c3b-951e-405f6b8e2bdb" testListId="8c84fa94-04c1-424b-9868-57a2d4851a1d" />
    <TestEntry testId="3f8bf4e1-1b7e-9e5d-1a9c-187732c556d7" executionId="f5a6baea-6da0-481d-a7be-35be3b9600c4" testListId="8c84fa94-04c1-424b-9868-57a2d4851a1d" />
    <TestEntry testId="fef1bbd3-bec0-195c-f4d4-bbae6f5abedb" executionId="ac3a5e38-7363-41b5-a52f-b5c3b91654fd" testListId="8c84fa94-04c1-424b-9868-57a2d4851a1d" />
    <TestEntry testId="7badf018-cb0a-dbe2-46e3-595e2e7a967d" executionId="afeeb3b1-5e1b-465d-813b-45bb957074ee" testListId="8c84fa94-04c1-424b-9868-57a2d4851a1d" />
    <TestEntry testId="4b2a2af9-445d-9ecf-64f7-d742a6adefb7" executionId="e68140da-8d02-408b-8794-429feaf31047" testListId="8c84fa94-04c1-424b-9868-57a2d4851a1d" />
    <TestEntry testId="c5fc9185-4f89-2e18-7714-cfbda441e6cb" executionId="6dea3d2a-773d-405e-bde2-ac730a56642d" testListId="8c84fa94-04c1-424b-9868-57a2d4851a1d" />
    <TestEntry testId="5b2ca5e4-e86c-3f28-8244-339071e7c3be" executionId="0b4f0464-4111-43ec-a22e-3ec4ad00b8bf" testListId="8c84fa94-04c1-424b-9868-57a2d4851a1d" />
    <TestEntry testId="7b9bc6fb-eef9-8cc3-8ceb-2e893b8c1bdf" executionId="0fa969e5-4861-42ef-902b-4c7c7c67c8c1" testListId="8c84fa94-04c1-424b-9868-57a2d4851a1d" />
    <TestEntry testId="979280e2-dfe1-0cec-d81f-8909f7e24c33" executionId="e5adeae3-559a-470b-a548-367619d94bb2" testListId="8c84fa94-04c1-424b-9868-57a2d4851a1d" />
    <TestEntry testId="69d1c74a-49ac-9f2b-6362-7fb9e78b2a92" executionId="70b94c94-7ae6-4fa7-b528-ea4b3a46a6e7" testListId="8c84fa94-04c1-424b-9868-57a2d4851a1d" />
    <TestEntry testId="e668ce24-c1a0-98ca-9d76-99447ce236e8" executionId="5b0e3cd8-bddc-4017-a446-77d09fd1fc96" testListId="8c84fa94-04c1-424b-9868-57a2d4851a1d" />
    <TestEntry testId="0de09b0b-f0e0-0518-809a-6a317cadda64" executionId="f6e9af5e-701d-4eba-8189-1d888b2b1a45" testListId="8c84fa94-04c1-424b-9868-57a2d4851a1d" />
    <TestEntry testId="69f852cf-0b8d-bff9-6d2d-fced5fbdbaf2" executionId="85f173d7-dbf4-4aa8-af53-054bd3cc9df6" testListId="8c84fa94-04c1-424b-9868-57a2d4851a1d" />
    <TestEntry testId="67ae9fcb-a62e-08fc-97ed-d2d4f6f5c1d0" executionId="87e0f257-2023-4ec8-8906-e6520045de3e" testListId="8c84fa94-04c1-424b-9868-57a2d4851a1d" />
    <TestEntry testId="bd86868a-64af-fa50-efe0-a7e95aa9f5c1" executionId="b9cc9aae-b6f4-4d18-902e-d0f213d5d318" testListId="8c84fa94-04c1-424b-9868-57a2d4851a1d" />
    <TestEntry testId="b47684af-1794-f5e1-2939-ee11bb40f2e8" executionId="8d364705-3e8f-4e13-8779-6ad3fe1e7814" testListId="8c84fa94-04c1-424b-9868-57a2d4851a1d" />
    <TestEntry testId="8f33f9a6-1eb9-ea36-c5af-b36c0c8860de" executionId="5f1e2c39-eb28-45e5-9faf-717673271539" testListId="8c84fa94-04c1-424b-9868-57a2d4851a1d" />
    <TestEntry testId="27883ffc-bfa0-e8a9-4fbc-9b88539fca09" executionId="82673740-050b-4990-842c-e05288feacda" testListId="8c84fa94-04c1-424b-9868-57a2d4851a1d" />
    <TestEntry testId="fab9cf34-c985-2e8e-6005-8cc650dd7227" executionId="e88fb914-0fbb-4c31-818d-970900b53636" testListId="8c84fa94-04c1-424b-9868-57a2d4851a1d" />
    <TestEntry testId="22ffd28b-ee44-66cc-c370-4d28b25809c6" executionId="bc08fa73-3d9a-46a3-bfce-2ee33ff06a52" testListId="8c84fa94-04c1-424b-9868-57a2d4851a1d" />
    <TestEntry testId="a415fe92-f44b-9cd9-fda2-e5c7020144da" executionId="0cf3825b-e8ad-403e-a9b9-9908c0a24e1d" testListId="8c84fa94-04c1-424b-9868-57a2d4851a1d" />
    <TestEntry testId="eedd43d6-efa5-b90c-89ed-190e198315e6" executionId="f2d182da-979d-4dff-8b91-437e40f0de42" testListId="8c84fa94-04c1-424b-9868-57a2d4851a1d" />
    <TestEntry testId="aa19bf7f-6519-31e4-5b05-0e179c7693a0" executionId="ac80d54e-8a86-4bed-8972-8db343d7680c" testListId="8c84fa94-04c1-424b-9868-57a2d4851a1d" />
    <TestEntry testId="9c66a10c-5031-a4c7-4640-d32dfe0d1dde" executionId="239fc45a-0fb4-49d8-a53a-41566a541888" testListId="8c84fa94-04c1-424b-9868-57a2d4851a1d" />
    <TestEntry testId="f98f128e-bc4d-8b9e-2582-4a4421f13428" executionId="4a60caa9-f946-47d6-815d-535b0aa606a8" testListId="8c84fa94-04c1-424b-9868-57a2d4851a1d" />
    <TestEntry testId="190cafd6-e87f-acd4-dc9b-9d82114386d9" executionId="5c0da32d-d5aa-4848-a8ba-c980d4491591" testListId="8c84fa94-04c1-424b-9868-57a2d4851a1d" />
    <TestEntry testId="4adb4c0d-617b-d891-f63e-7a014d4b7e39" executionId="e63fb139-9feb-4291-81a9-375114a5e6e7" testListId="8c84fa94-04c1-424b-9868-57a2d4851a1d" />
    <TestEntry testId="a779e8fb-6c0d-9d3b-3942-4cfee84facb5" executionId="f9dbf792-cbbb-4e3e-a25a-8f08d6aa6564" testListId="8c84fa94-04c1-424b-9868-57a2d4851a1d" />
    <TestEntry testId="586d74ce-5942-0e84-021d-61533272d525" executionId="62cceb31-793b-4ca5-9f32-10adca84eb13" testListId="8c84fa94-04c1-424b-9868-57a2d4851a1d" />
    <TestEntry testId="9191e86e-6282-7313-7613-da1e1fef327e" executionId="239ce78e-67f2-4a48-b402-35dd533676b3" testListId="8c84fa94-04c1-424b-9868-57a2d4851a1d" />
    <TestEntry testId="fa32a9bf-193e-172b-6d15-20cb227d126c" executionId="3e34af1b-3314-4c13-a51b-009f484db2b6" testListId="8c84fa94-04c1-424b-9868-57a2d4851a1d" />
    <TestEntry testId="ab63d831-8e5f-0400-01ad-bd4bb81aa871" executionId="f93ea31b-1461-4c7f-86dc-b1377f1909aa" testListId="8c84fa94-04c1-424b-9868-57a2d4851a1d" />
    <TestEntry testId="ec69e657-5b70-1fb9-5485-83b465ae5c05" executionId="829cf0df-e538-4704-8fec-394f2449303a" testListId="8c84fa94-04c1-424b-9868-57a2d4851a1d" />
    <TestEntry testId="7461a5be-ee77-e379-ff74-051c3d53d9e0" executionId="ba6e61a3-a24a-49d3-a6e7-c7ce2a03f163" testListId="8c84fa94-04c1-424b-9868-57a2d4851a1d" />
    <TestEntry testId="9c588f7d-a367-036e-096a-5d287bfe9650" executionId="60ffe9a8-a68e-44fe-9982-6cd6bc284899" testListId="8c84fa94-04c1-424b-9868-57a2d4851a1d" />
    <TestEntry testId="edf0d7b1-6ae5-fc13-de75-a5999a4027be" executionId="8db061a2-0b57-4346-8c65-33c23bf73a2b" testListId="8c84fa94-04c1-424b-9868-57a2d4851a1d" />
    <TestEntry testId="02a94b2b-cd88-000b-7e1d-6fc58b3c673d" executionId="df184be6-94a5-43a6-a001-9e20c6282d92" testListId="8c84fa94-04c1-424b-9868-57a2d4851a1d" />
    <TestEntry testId="d7aeee86-92f2-5c12-685d-812d09ed0822" executionId="a056a335-80d8-4920-8bf0-c385574eb849" testListId="8c84fa94-04c1-424b-9868-57a2d4851a1d" />
    <TestEntry testId="2cec1e41-be18-3fa0-9996-473f9652882f" executionId="5a640d93-6b01-4fa2-9894-c5c582817133" testListId="8c84fa94-04c1-424b-9868-57a2d4851a1d" />
    <TestEntry testId="45d7267f-6c71-d320-a8e4-c7def8429012" executionId="2249dbb2-6d41-46d3-a0a5-0acc164503f4" testListId="8c84fa94-04c1-424b-9868-57a2d4851a1d" />
    <TestEntry testId="fb801da6-9ecf-3dd8-bfd4-511523f841d2" executionId="8a5968e1-298b-4b61-9ae0-b8a786b9bdc4" testListId="8c84fa94-04c1-424b-9868-57a2d4851a1d" />
    <TestEntry testId="7a4330b4-d3d2-d308-8e2d-3815d3c67d0f" executionId="3412f0da-e860-473c-8f5d-67266642fba8" testListId="8c84fa94-04c1-424b-9868-57a2d4851a1d" />
    <TestEntry testId="63cce41a-68ed-6ffe-d9f5-762e73c0e405" executionId="21c7ba63-176a-429b-bff6-1d36a2073fbe" testListId="8c84fa94-04c1-424b-9868-57a2d4851a1d" />
    <TestEntry testId="43d92e28-376b-d2ca-21c6-711295d5b8ea" executionId="1e771175-1f34-4d1e-bde9-cef4a3293973" testListId="8c84fa94-04c1-424b-9868-57a2d4851a1d" />
    <TestEntry testId="b4f6ecd8-21d2-e463-3b8f-e414fa0d53d7" executionId="91c46d80-8b3c-45ef-9644-4a59fce44e2f" testListId="8c84fa94-04c1-424b-9868-57a2d4851a1d" />
    <TestEntry testId="6f9f5016-c386-f671-b8d8-6fc0a14626eb" executionId="d280edbc-782f-4b4b-af8e-72545e841401" testListId="8c84fa94-04c1-424b-9868-57a2d4851a1d" />
    <TestEntry testId="8b65b678-d86a-73e1-86df-afba7eb83500" executionId="2f7faa8c-4ad6-45a7-ba7a-7aa73dab6287" testListId="8c84fa94-04c1-424b-9868-57a2d4851a1d" />
    <TestEntry testId="45fb5dfe-53cd-6a22-0ca1-9597e2979720" executionId="a32ba040-264d-4a5b-a301-734410373137" testListId="8c84fa94-04c1-424b-9868-57a2d4851a1d" />
    <TestEntry testId="d56dd742-e931-0f4c-26ba-408458db3851" executionId="7111a491-c69d-4dca-b4b8-fc7f3275e629" testListId="8c84fa94-04c1-424b-9868-57a2d4851a1d" />
    <TestEntry testId="be0934fb-3e5b-c412-9765-2aa4cc2f45a7" executionId="4c98d5f4-77d8-466a-a791-17a32f13ad2b" testListId="8c84fa94-04c1-424b-9868-57a2d4851a1d" />
    <TestEntry testId="900f1247-1180-3eee-0ffc-f108426b3d75" executionId="3acc274c-3199-4c1b-97a9-bb4d6f484624" testListId="8c84fa94-04c1-424b-9868-57a2d4851a1d" />
    <TestEntry testId="117ddc28-dcc8-243a-b2bd-3d83692ecb26" executionId="950e2300-a0f8-4282-902e-c9414d767e01" testListId="8c84fa94-04c1-424b-9868-57a2d4851a1d" />
    <TestEntry testId="dc9dca5e-236c-2eb7-8830-55bb297e92d9" executionId="588975b4-b07f-4369-885b-fe1ae0efb92f" testListId="8c84fa94-04c1-424b-9868-57a2d4851a1d" />
    <TestEntry testId="4eec350c-78eb-2a68-cc2e-22085c8e2c8c" executionId="67842737-6865-4e12-a731-3d13568fdc64" testListId="8c84fa94-04c1-424b-9868-57a2d4851a1d" />
    <TestEntry testId="261e6035-42f7-283f-e93e-b518a8a74310" executionId="df8ab7be-b1e5-4a72-baf1-95fd928cbecd" testListId="8c84fa94-04c1-424b-9868-57a2d4851a1d" />
    <TestEntry testId="163ffdcd-8cc6-0360-4c70-1c08392ed80a" executionId="95e7477e-22f6-48be-99ee-12fd07ae43e4" testListId="8c84fa94-04c1-424b-9868-57a2d4851a1d" />
    <TestEntry testId="7238819f-b48b-cc3e-dc7e-e183fab753be" executionId="d4e28855-d0ca-4c1a-8a9b-b998e6f2bb62" testListId="8c84fa94-04c1-424b-9868-57a2d4851a1d" />
    <TestEntry testId="efffcfd3-8ae4-cc7b-929a-37f206ad1981" executionId="1b3b06ee-ce06-41c4-b692-a99a9cda4bea" testListId="8c84fa94-04c1-424b-9868-57a2d4851a1d" />
    <TestEntry testId="754e15f9-7164-4540-0902-34db6317ccfc" executionId="b8bcce52-8967-4012-b05c-69379d9493cb" testListId="8c84fa94-04c1-424b-9868-57a2d4851a1d" />
    <TestEntry testId="0ab78665-c1fa-a2ea-7265-e8996c3b56dd" executionId="0cf5fb42-58b0-431b-bfe6-8e65c9e587ad" testListId="8c84fa94-04c1-424b-9868-57a2d4851a1d" />
    <TestEntry testId="5923c05c-0f73-b670-436e-b35343d0427b" executionId="957930c5-2ff3-4280-9b9d-7a82273c53ac" testListId="8c84fa94-04c1-424b-9868-57a2d4851a1d" />
    <TestEntry testId="52284c88-15e2-e622-5da9-cf51ba9aa844" executionId="85a80c03-d91b-4a02-b5fa-aa5b67e147fa" testListId="8c84fa94-04c1-424b-9868-57a2d4851a1d" />
    <TestEntry testId="3244b8c7-1294-20bc-2d35-4ae6283e4c3a" executionId="ddc20c84-7bb4-40a6-a791-1f1147a10b02" testListId="8c84fa94-04c1-424b-9868-57a2d4851a1d" />
    <TestEntry testId="852f061a-eb76-627b-f7c5-de08154576e3" executionId="e046bf0d-7ab7-4030-87d9-6626402de7c6" testListId="8c84fa94-04c1-424b-9868-57a2d4851a1d" />
    <TestEntry testId="0ff92f6a-cd59-c2b9-9aae-29a9878a50a7" executionId="279193f1-5dd4-44c3-aab3-77b16bc1a0d3" testListId="8c84fa94-04c1-424b-9868-57a2d4851a1d" />
    <TestEntry testId="e2cf5630-e05d-ce3d-d438-0bd261dc3937" executionId="3d2976ab-a406-44d4-9197-58e94a329725" testListId="8c84fa94-04c1-424b-9868-57a2d4851a1d" />
    <TestEntry testId="9e4f287f-e14a-9a5f-c3eb-d8718b5588ae" executionId="6ea493d4-0338-4ebd-a58f-a96737fc4a69" testListId="8c84fa94-04c1-424b-9868-57a2d4851a1d" />
    <TestEntry testId="391811a1-8187-f3dc-88b6-23bab4f2be23" executionId="601d84a6-9865-43c6-a162-43550e813600" testListId="8c84fa94-04c1-424b-9868-57a2d4851a1d" />
    <TestEntry testId="b818bc8f-75bb-2119-5010-d4b3daaab169" executionId="f068ca90-9b43-4eb1-8db1-f4722f92c471" testListId="8c84fa94-04c1-424b-9868-57a2d4851a1d" />
    <TestEntry testId="6b2a33da-8dbe-7c78-d246-94dec9023958" executionId="3626185c-47c9-4ffa-a2a9-62fec4794d4a" testListId="8c84fa94-04c1-424b-9868-57a2d4851a1d" />
    <TestEntry testId="673e7d35-f16e-bd38-569e-9b00ed91c4fd" executionId="6d842b1f-3483-4879-a8cd-27e93b41a4a0" testListId="8c84fa94-04c1-424b-9868-57a2d4851a1d" />
    <TestEntry testId="4ea1f036-59f8-5cad-3b0c-625068ad78db" executionId="f65ff0d5-dcd5-4754-89b4-53444dab06b4" testListId="8c84fa94-04c1-424b-9868-57a2d4851a1d" />
    <TestEntry testId="b3d0207a-6b94-dced-4560-55d90059fc43" executionId="6a111892-7f6f-479f-9d85-f1855f7612fd" testListId="8c84fa94-04c1-424b-9868-57a2d4851a1d" />
    <TestEntry testId="1165a140-06de-3614-5098-865084a74fa6" executionId="5d58f040-4b45-4f10-880a-21cfa3b88854" testListId="8c84fa94-04c1-424b-9868-57a2d4851a1d" />
    <TestEntry testId="016d303d-5ae2-6e55-e6bf-2008da910e62" executionId="6257a966-53e9-412b-98bd-20d7542feba2" testListId="8c84fa94-04c1-424b-9868-57a2d4851a1d" />
    <TestEntry testId="335c0316-538c-f3b3-9476-383f089c8b2c" executionId="d25774a4-7f08-4d40-aab0-55ade70077fb" testListId="8c84fa94-04c1-424b-9868-57a2d4851a1d" />
    <TestEntry testId="8454e79e-a056-bb6e-1db7-62ff01bf41c0" executionId="15fe2bd7-9130-4a1d-955b-d3b06e712077" testListId="8c84fa94-04c1-424b-9868-57a2d4851a1d" />
    <TestEntry testId="803a38b8-f402-400f-65a3-348044bf14da" executionId="00214e87-2bc5-4bf7-9dbc-83c1ac6fc452" testListId="8c84fa94-04c1-424b-9868-57a2d4851a1d" />
    <TestEntry testId="de1a8f86-5c1b-b7d6-9ef4-2f917a94a294" executionId="46d3ea76-7c34-4476-8898-3227040d5b5a" testListId="8c84fa94-04c1-424b-9868-57a2d4851a1d" />
    <TestEntry testId="465ed908-4041-5a87-afb1-27b6b5171191" executionId="95d71cff-639e-40ff-8eb1-6be98af48d61" testListId="8c84fa94-04c1-424b-9868-57a2d4851a1d" />
    <TestEntry testId="3114fd40-71ce-994b-9259-eabf8239901e" executionId="730e033c-a0b2-4b8d-91d5-8b0e5b3a37ed" testListId="8c84fa94-04c1-424b-9868-57a2d4851a1d" />
    <TestEntry testId="3c407d09-bd83-3cf2-cf6c-c0dc480601dc" executionId="fa412cd6-6a73-42dc-8048-409b4ced7021" testListId="8c84fa94-04c1-424b-9868-57a2d4851a1d" />
    <TestEntry testId="c877210f-bb9a-c13c-82b0-695b1245feeb" executionId="96d4bbb5-49da-4707-bc8e-e832b80cd679" testListId="8c84fa94-04c1-424b-9868-57a2d4851a1d" />
    <TestEntry testId="dd048ce7-9ba0-43b9-a761-2b11b4d7a6ad" executionId="0ba70121-9167-40b5-a059-875b5682817c" testListId="8c84fa94-04c1-424b-9868-57a2d4851a1d" />
    <TestEntry testId="dcc46ccc-b814-743c-8b1c-539d1d47dc7f" executionId="58f3b19a-6cef-4b07-a52e-42613cfcfeee" testListId="8c84fa94-04c1-424b-9868-57a2d4851a1d" />
    <TestEntry testId="ebaf8397-8612-cd93-1911-25f8b63dd1af" executionId="42e051d2-62df-45e3-a074-f407e08b32d6" testListId="8c84fa94-04c1-424b-9868-57a2d4851a1d" />
    <TestEntry testId="d6143222-8a1b-29ba-ebfb-222b6c27b152" executionId="830fd21f-248a-473e-beba-77a1b244a1df" testListId="8c84fa94-04c1-424b-9868-57a2d4851a1d" />
    <TestEntry testId="feee90d8-1656-5d1e-73f9-5a26fcecfdaf" executionId="1b32c720-062b-421e-88ba-54b782b49d58" testListId="8c84fa94-04c1-424b-9868-57a2d4851a1d" />
    <TestEntry testId="c5a7611f-847e-26d1-53fe-736703c875f6" executionId="1871b96c-dc43-4f3e-a985-d71ae7402b87" testListId="8c84fa94-04c1-424b-9868-57a2d4851a1d" />
    <TestEntry testId="abcb3b7f-4c07-2d28-fb29-7bc03942e3cd" executionId="8031a352-fd2b-453c-845b-ebcc622f9afb" testListId="8c84fa94-04c1-424b-9868-57a2d4851a1d" />
    <TestEntry testId="63363866-031a-a196-cb3f-a58e78fe124a" executionId="ed8db8e3-5756-4ac1-8b16-db5b97679256" testListId="8c84fa94-04c1-424b-9868-57a2d4851a1d" />
    <TestEntry testId="65a382e3-c1e3-08ef-c35f-11020ff7747f" executionId="8a7ae70f-f03a-48f8-9976-1c67a74c9e6e" testListId="8c84fa94-04c1-424b-9868-57a2d4851a1d" />
    <TestEntry testId="8058c27b-1352-027a-d929-43b2879c423e" executionId="3191dbdc-277d-4d22-8d3d-bb44dddea65f" testListId="8c84fa94-04c1-424b-9868-57a2d4851a1d" />
    <TestEntry testId="ecf7f37a-1b96-2a28-2d44-fb1c19988638" executionId="382a5c06-3304-44fe-a0b4-3da84baff3fa" testListId="8c84fa94-04c1-424b-9868-57a2d4851a1d" />
    <TestEntry testId="e59d968d-c8e5-f85d-8f4b-30d82d049708" executionId="55e5de31-841c-4479-8cbc-1ac6213edd96" testListId="8c84fa94-04c1-424b-9868-57a2d4851a1d" />
    <TestEntry testId="c4bc0f3a-eeff-3d15-3eac-b16332605c4c" executionId="3839a0cb-339d-4789-bd96-c30285af8d39" testListId="8c84fa94-04c1-424b-9868-57a2d4851a1d" />
    <TestEntry testId="f298d898-68fb-30c9-25a2-94ce20f4fdb3" executionId="929c1441-2360-49ca-92f1-76e4b9a4e3a4" testListId="8c84fa94-04c1-424b-9868-57a2d4851a1d" />
    <TestEntry testId="e76b4e50-70e5-0b84-1a79-8432276bb6be" executionId="ffd78ddc-2cd8-4b93-97cd-eaa768ba855e" testListId="8c84fa94-04c1-424b-9868-57a2d4851a1d" />
    <TestEntry testId="7764d870-960a-e6a5-a9d1-b95db448a3be" executionId="ef19adc6-151f-4c2f-a1e1-dec6f4f1f3ac" testListId="8c84fa94-04c1-424b-9868-57a2d4851a1d" />
    <TestEntry testId="f7da1efe-0e1f-7417-6453-93b658e98d53" executionId="3a9d9552-c8c8-4185-9039-ad6d4b2fad81" testListId="8c84fa94-04c1-424b-9868-57a2d4851a1d" />
    <TestEntry testId="64c3a42f-5fe2-4c42-2d16-8dc3ac5ed576" executionId="74776139-612b-4802-bc78-d971e252634c" testListId="8c84fa94-04c1-424b-9868-57a2d4851a1d" />
    <TestEntry testId="fcbd2e73-61cc-55ae-168b-985e355ba11c" executionId="a7df5e84-4048-482e-8914-7b2634da415c" testListId="8c84fa94-04c1-424b-9868-57a2d4851a1d" />
    <TestEntry testId="a7a3158e-1399-dbdf-e50f-3716ddb1ba8c" executionId="5725d25d-58b4-4eae-ac63-1821a0b1a555" testListId="8c84fa94-04c1-424b-9868-57a2d4851a1d" />
    <TestEntry testId="8411a163-fe22-681b-f5c6-7310c560d29a" executionId="38d8a7ff-31bc-49d1-a4e7-32a5bf2c8e74" testListId="8c84fa94-04c1-424b-9868-57a2d4851a1d" />
    <TestEntry testId="216aea03-2265-1779-35c7-74f06eb76326" executionId="b2820c25-25e3-4ccf-9008-54f752a01f4c" testListId="8c84fa94-04c1-424b-9868-57a2d4851a1d" />
    <TestEntry testId="5c459586-7f42-89d7-f28d-c1bb3f1f4b97" executionId="6b1f49af-a71a-49f6-8810-69fcc9dc9e3c" testListId="8c84fa94-04c1-424b-9868-57a2d4851a1d" />
    <TestEntry testId="59ba87d8-8f5c-2afb-09d4-294577ceb6c1" executionId="49b0f1e6-cd59-4a5b-92bd-17069de70b45" testListId="8c84fa94-04c1-424b-9868-57a2d4851a1d" />
    <TestEntry testId="8f432e57-8098-fcb0-9efa-55aa76700f57" executionId="7a2ea7d9-39a0-4008-8b60-d10e07047e30" testListId="8c84fa94-04c1-424b-9868-57a2d4851a1d" />
    <TestEntry testId="959de6ab-41a3-bb6f-c652-3f36caba1f36" executionId="ffa8d850-fba2-4f60-bfd5-060481fc13c3" testListId="8c84fa94-04c1-424b-9868-57a2d4851a1d" />
    <TestEntry testId="ab8c7a74-84b9-4ead-0c18-89aab1a19e51" executionId="f759564b-8010-4ec0-b4de-487feeddb11e" testListId="8c84fa94-04c1-424b-9868-57a2d4851a1d" />
    <TestEntry testId="7e66458c-6fa0-adfa-1ecd-a6462fccce40" executionId="8d0e528e-309e-4a76-91d0-a5096f2401a4" testListId="8c84fa94-04c1-424b-9868-57a2d4851a1d" />
    <TestEntry testId="13703350-881b-2176-aa37-cf09df989ef2" executionId="1a3a4a67-bb48-4d7c-96fc-bb50ea1b63dc" testListId="8c84fa94-04c1-424b-9868-57a2d4851a1d" />
    <TestEntry testId="336b2beb-eb54-f0ba-e24b-08204093e0aa" executionId="8cc3e2be-7263-4e48-8720-11d69ef51704" testListId="8c84fa94-04c1-424b-9868-57a2d4851a1d" />
    <TestEntry testId="bda17d36-b490-5d6a-2ec9-eac27d02fc34" executionId="e890f846-d312-4304-b839-93ad9b4f0311" testListId="8c84fa94-04c1-424b-9868-57a2d4851a1d" />
    <TestEntry testId="70db4613-e64a-610c-c0a7-4aad6b8acc12" executionId="4e036446-2ecf-4aa8-a34f-698b27f7e522" testListId="8c84fa94-04c1-424b-9868-57a2d4851a1d" />
    <TestEntry testId="809e3c71-6273-6b66-fb1e-4defb84e10e0" executionId="42dfb9e5-bb05-4bed-b231-b6b75eb48428" testListId="8c84fa94-04c1-424b-9868-57a2d4851a1d" />
    <TestEntry testId="31fc504d-9ab7-9a71-8e23-0c85de8aae47" executionId="1a58818e-9c54-477d-afe0-9e77e4e52f77" testListId="8c84fa94-04c1-424b-9868-57a2d4851a1d" />
    <TestEntry testId="06a6ce76-a492-790c-aa69-54dc6d92da0b" executionId="716a049a-b689-474b-ad17-079ede010289" testListId="8c84fa94-04c1-424b-9868-57a2d4851a1d" />
    <TestEntry testId="bfbb79be-1fcf-163a-7e39-8393a3a71050" executionId="de2e2c63-5162-4b31-a6b6-dd119a93e1ca" testListId="8c84fa94-04c1-424b-9868-57a2d4851a1d" />
    <TestEntry testId="552b8f9e-1bb3-8bf0-01fc-d5978785d7dd" executionId="f95a3345-5736-4b8a-aea6-6fc73ce04d37" testListId="8c84fa94-04c1-424b-9868-57a2d4851a1d" />
    <TestEntry testId="0fdf445f-d20e-3235-8763-e9404bb4da45" executionId="a510ea9d-bdaf-416b-a581-d5322d3a8e7d" testListId="8c84fa94-04c1-424b-9868-57a2d4851a1d" />
    <TestEntry testId="752d40b4-ceac-535b-c245-39fed899e450" executionId="e58b688a-715e-423f-9c34-2d51b52dc067" testListId="8c84fa94-04c1-424b-9868-57a2d4851a1d" />
    <TestEntry testId="93edf270-8e20-a2b4-17e8-86af34f9d544" executionId="723fc42d-6a80-4934-a6f3-1c4f13100b2b" testListId="8c84fa94-04c1-424b-9868-57a2d4851a1d" />
    <TestEntry testId="d484adb7-a52c-1efb-9dd8-63c19447b60d" executionId="13e2d3b6-7b97-420f-8963-9c26f2c154a1" testListId="8c84fa94-04c1-424b-9868-57a2d4851a1d" />
    <TestEntry testId="65d5e85b-e0a7-670a-3e1b-13af33b9e642" executionId="a6763a32-9d06-41fd-a99c-05f6647197f7" testListId="8c84fa94-04c1-424b-9868-57a2d4851a1d" />
    <TestEntry testId="39cbc733-29e9-c5b4-bf01-9d0a5e8faef4" executionId="f9ef437e-204f-45e8-867c-25e56bf5ae5c" testListId="8c84fa94-04c1-424b-9868-57a2d4851a1d" />
    <TestEntry testId="68f8d884-d469-7c10-83e8-5cafd9c08d5b" executionId="4d7c64f8-c418-481c-98bd-d6fdabbc05a7" testListId="8c84fa94-04c1-424b-9868-57a2d4851a1d" />
    <TestEntry testId="5990c772-e408-af8a-3293-cee12203cdcc" executionId="226b8178-22bc-4036-b524-b85e53628485" testListId="8c84fa94-04c1-424b-9868-57a2d4851a1d" />
    <TestEntry testId="47489fc9-b715-10df-6ca2-dcba77141106" executionId="0ae92399-5748-44dc-a286-327c755ddfca" testListId="8c84fa94-04c1-424b-9868-57a2d4851a1d" />
    <TestEntry testId="e64ab231-01c1-e586-c097-a5bc789dc9e3" executionId="f41130a7-4f58-467a-945d-a7b247f3f411" testListId="8c84fa94-04c1-424b-9868-57a2d4851a1d" />
    <TestEntry testId="8206dafa-8025-c018-8995-db764f6cc603" executionId="392955c1-5fec-4373-959b-d38e0954a5ab" testListId="8c84fa94-04c1-424b-9868-57a2d4851a1d" />
    <TestEntry testId="df512aea-e2d8-dde7-2eb7-20bcbade34bc" executionId="b5d4479b-3da4-45fb-ae94-84b20f3509ad" testListId="8c84fa94-04c1-424b-9868-57a2d4851a1d" />
    <TestEntry testId="d0cf4523-20d9-e9c2-7e92-dc719d8bb4ef" executionId="a7dd8ad2-6eb2-44f1-b9d9-4840b3d0788a" testListId="8c84fa94-04c1-424b-9868-57a2d4851a1d" />
    <TestEntry testId="8d316203-7ae4-8ab6-6acc-77bb5420b18a" executionId="b884b5b5-a8b8-4ffa-b783-e685396a6473" testListId="8c84fa94-04c1-424b-9868-57a2d4851a1d" />
    <TestEntry testId="dd05b666-876a-55fb-e7fc-780febc2a53a" executionId="37b4ac8b-f80f-4fa2-9167-a22455f68e36" testListId="8c84fa94-04c1-424b-9868-57a2d4851a1d" />
    <TestEntry testId="df8b7611-0fd3-7a4a-228e-73a22117205a" executionId="55aa3d8d-000d-4796-85f4-03dc19b8559f" testListId="8c84fa94-04c1-424b-9868-57a2d4851a1d" />
    <TestEntry testId="e768bc44-6321-f6f0-33ea-0643e8c3f454" executionId="58263709-5338-44df-84cd-71970c73e9b2" testListId="8c84fa94-04c1-424b-9868-57a2d4851a1d" />
    <TestEntry testId="c22d3a06-485f-94be-2690-3f00833e186d" executionId="04892bf5-19fc-44e4-9910-dd00182c51f7" testListId="8c84fa94-04c1-424b-9868-57a2d4851a1d" />
    <TestEntry testId="fabac3d5-e597-1339-6b46-1c0c67411388" executionId="556a8cc4-26e5-499f-bd1a-dbd58089b64e" testListId="8c84fa94-04c1-424b-9868-57a2d4851a1d" />
    <TestEntry testId="d011f96b-d6c9-06f7-3372-df15e577854e" executionId="9d352a6b-5064-4bbd-968b-e265b387a520" testListId="8c84fa94-04c1-424b-9868-57a2d4851a1d" />
    <TestEntry testId="c3e880c3-27f7-ff6e-6cfa-d2f2112d61ec" executionId="1180a7c7-0623-49ed-9235-13a693913327" testListId="8c84fa94-04c1-424b-9868-57a2d4851a1d" />
    <TestEntry testId="ac6ebb8c-c327-57cd-3af5-aa07fb4edc14" executionId="7c611b78-062b-4eae-b14d-34325e79e83b" testListId="8c84fa94-04c1-424b-9868-57a2d4851a1d" />
    <TestEntry testId="ae0948ed-054c-3e18-355f-da674f5650cd" executionId="ffcd2d30-7cf8-403e-a1d8-ef530938a259" testListId="8c84fa94-04c1-424b-9868-57a2d4851a1d" />
    <TestEntry testId="436baaef-6812-fc4c-4b87-6c9a6f9e3e55" executionId="c006b167-b91b-4c70-8886-53818870f70a" testListId="8c84fa94-04c1-424b-9868-57a2d4851a1d" />
    <TestEntry testId="c6e23de6-051d-5068-efa9-0842275b05b2" executionId="8159d46b-79d0-43f3-8d36-a34a74ac4a02" testListId="8c84fa94-04c1-424b-9868-57a2d4851a1d" />
    <TestEntry testId="5152246d-f0d9-3769-bfe5-e3d39d51e3bf" executionId="e7c22e08-6ec5-415f-999f-75d56f2b5965" testListId="8c84fa94-04c1-424b-9868-57a2d4851a1d" />
    <TestEntry testId="ed2c0749-72ce-3102-1e65-21a531debf9e" executionId="3beed4d7-9149-47de-9461-b8cbb23dcfaa" testListId="8c84fa94-04c1-424b-9868-57a2d4851a1d" />
    <TestEntry testId="42c9038e-83ab-bae5-c7e8-73f806c72d2a" executionId="ffb82d0f-397e-49e8-8262-b7d1382d16e6" testListId="8c84fa94-04c1-424b-9868-57a2d4851a1d" />
    <TestEntry testId="f11a9af6-85d6-781d-ccbd-c54d5d82bacf" executionId="dd63d707-0070-4759-80ce-7063a12bee36" testListId="8c84fa94-04c1-424b-9868-57a2d4851a1d" />
    <TestEntry testId="eefc6d24-5020-8505-1dbb-9868d5500570" executionId="3163d619-b9e4-475a-8d11-31f36e8f3a82" testListId="8c84fa94-04c1-424b-9868-57a2d4851a1d" />
    <TestEntry testId="9ae1ca23-2201-2b3b-6785-ee5758dfd92c" executionId="43f76570-a626-4d1b-8496-5253252e73a3" testListId="8c84fa94-04c1-424b-9868-57a2d4851a1d" />
    <TestEntry testId="332896aa-a36b-b7b0-c333-01128c6d7ce1" executionId="083a2742-25a1-4fd4-898c-05c2416c1376" testListId="8c84fa94-04c1-424b-9868-57a2d4851a1d" />
    <TestEntry testId="1a0f9073-85e9-ddfd-302a-6b8e7f408be7" executionId="c3b1e9a9-f303-4bce-a202-1b99276434d5" testListId="8c84fa94-04c1-424b-9868-57a2d4851a1d" />
    <TestEntry testId="20824924-0d17-ff1e-4d7b-1e65a0dd7f7d" executionId="09ea2949-ef21-4db3-82e4-668162496c81" testListId="8c84fa94-04c1-424b-9868-57a2d4851a1d" />
    <TestEntry testId="20d1a661-1ac8-24a1-ac68-136a1cca5ab9" executionId="a389f014-99d5-45db-95d0-f18f6c9fd1b0" testListId="8c84fa94-04c1-424b-9868-57a2d4851a1d" />
    <TestEntry testId="d91762c9-e8c3-9301-162e-078c803712fd" executionId="f47fb263-8d3f-4363-8dcd-61dc81c87007" testListId="8c84fa94-04c1-424b-9868-57a2d4851a1d" />
    <TestEntry testId="b7bbbe98-91af-7dec-8966-b09bed25d558" executionId="fb242091-1529-446c-b3ba-15e65ffe20dd" testListId="8c84fa94-04c1-424b-9868-57a2d4851a1d" />
    <TestEntry testId="ab9c2247-9b07-41d9-d47e-aa4942797b13" executionId="945f5a20-05e8-466e-b3dd-7fbe07d0b0cc" testListId="8c84fa94-04c1-424b-9868-57a2d4851a1d" />
    <TestEntry testId="4215f164-2029-10cd-3890-50362921a7d9" executionId="3c6af9b8-4c75-4e32-be36-48f498c55e7a" testListId="8c84fa94-04c1-424b-9868-57a2d4851a1d" />
    <TestEntry testId="c64fd3ef-a83e-8804-d6d0-9d8e2ff29cc2" executionId="c7f5ec9c-518f-40da-bed1-f70228143474" testListId="8c84fa94-04c1-424b-9868-57a2d4851a1d" />
    <TestEntry testId="3b4daf27-4450-ed7a-d4bb-142a6e1b0be0" executionId="8b94ef07-1589-4ea5-aa17-9deb80a012f3" testListId="8c84fa94-04c1-424b-9868-57a2d4851a1d" />
    <TestEntry testId="136b7217-45c6-b3d8-34fb-6ee727eb66f5" executionId="3a368882-242c-42f5-84ae-4ef81802080b" testListId="8c84fa94-04c1-424b-9868-57a2d4851a1d" />
    <TestEntry testId="a8634532-96d4-4e33-4b5e-145495f036bc" executionId="2689cea7-e554-4ae5-aaba-814a21e2d090" testListId="8c84fa94-04c1-424b-9868-57a2d4851a1d" />
    <TestEntry testId="d34756cc-dd70-36dd-a4b9-a2767cf802ed" executionId="250270e5-4e99-43de-873e-c3c2d9bcc68b" testListId="8c84fa94-04c1-424b-9868-57a2d4851a1d" />
    <TestEntry testId="89f817bf-e9a1-f0b4-2111-76edf6a63676" executionId="4869da25-90a9-4b88-a801-34f6ba4ed539" testListId="8c84fa94-04c1-424b-9868-57a2d4851a1d" />
    <TestEntry testId="83266911-8f44-8cb8-141e-0c21973cceb8" executionId="35f3a7eb-ed69-42f5-bdf3-9d43740e32bc" testListId="8c84fa94-04c1-424b-9868-57a2d4851a1d" />
    <TestEntry testId="4053e9a2-a689-a1a5-6da0-c7b491ae4105" executionId="29c47298-a64b-4350-9b24-85de2a1ca37e" testListId="8c84fa94-04c1-424b-9868-57a2d4851a1d" />
    <TestEntry testId="5fe3fa44-04c0-bf4f-e0cb-be0a1bef1cef" executionId="bd8475c3-3130-4840-ac62-aab7bae5dba0" testListId="8c84fa94-04c1-424b-9868-57a2d4851a1d" />
    <TestEntry testId="9d0c2c94-02dc-7b10-0108-100d571e057e" executionId="a361dacd-95ab-49b2-8498-85ad44906ee6" testListId="8c84fa94-04c1-424b-9868-57a2d4851a1d" />
    <TestEntry testId="6168ca12-341a-f09a-6cdf-6dd1f68c911d" executionId="c9c67a09-8bea-4765-be07-3dfa8231d540" testListId="8c84fa94-04c1-424b-9868-57a2d4851a1d" />
    <TestEntry testId="d5b8733f-7ffb-19e9-63c1-4570e58b1a99" executionId="9094b2c3-973e-49c0-a2bd-ae4e1cedd357" testListId="8c84fa94-04c1-424b-9868-57a2d4851a1d" />
    <TestEntry testId="50dcaab1-381b-ffdd-0774-bfbc00f359f9" executionId="a15a4193-9eb4-4c3b-bca3-aeb10df3ba56" testListId="8c84fa94-04c1-424b-9868-57a2d4851a1d" />
    <TestEntry testId="f36a6d06-62fb-7dca-c729-24e28498b2d7" executionId="349c2271-73bc-4588-887f-432a706a8b53" testListId="8c84fa94-04c1-424b-9868-57a2d4851a1d" />
    <TestEntry testId="40ee6628-cabc-d31b-6bc1-487bcee11d7e" executionId="e3910f47-b8c9-4832-b19f-76f8ea45612d" testListId="8c84fa94-04c1-424b-9868-57a2d4851a1d" />
    <TestEntry testId="f7baf2b9-a2d0-7c99-3bd4-af737954fe30" executionId="9b3ddf35-bde3-4326-b7ff-7836e2b7bcd1" testListId="8c84fa94-04c1-424b-9868-57a2d4851a1d" />
    <TestEntry testId="98555ca9-e51e-c77a-a5b7-89147423d30d" executionId="d5368f0e-a176-41a3-9eae-56e5b6e8d779" testListId="8c84fa94-04c1-424b-9868-57a2d4851a1d" />
    <TestEntry testId="75733184-ecf7-b281-bd2e-48c921f0cff4" executionId="81d922d0-77a4-46c9-b628-a88f8a286fbd" testListId="8c84fa94-04c1-424b-9868-57a2d4851a1d" />
    <TestEntry testId="0a67f5eb-9494-4a90-6e4a-75483ed48ca6" executionId="eecd8d7e-79d9-4165-9cac-e65c6c006092" testListId="8c84fa94-04c1-424b-9868-57a2d4851a1d" />
    <TestEntry testId="b7ae8529-9bcc-b3b7-9e9a-1f51fba7bd52" executionId="a586aecc-545d-4ebf-9d89-042edfa70e64" testListId="8c84fa94-04c1-424b-9868-57a2d4851a1d" />
    <TestEntry testId="c7840475-aca4-af75-0ca9-66bc604a8dbe" executionId="9eb0c435-ec47-42d4-8396-008e0f5752d4" testListId="8c84fa94-04c1-424b-9868-57a2d4851a1d" />
    <TestEntry testId="23a6aef7-0888-96c3-b39d-0a5a36447e0d" executionId="0a935104-12dd-4b78-95a3-a654973d9c6e" testListId="8c84fa94-04c1-424b-9868-57a2d4851a1d" />
    <TestEntry testId="e735c7b3-aa15-891a-afaf-f7174c07abf5" executionId="5ff71e6b-2f3b-4c2f-94bf-8c095ddb760d" testListId="8c84fa94-04c1-424b-9868-57a2d4851a1d" />
    <TestEntry testId="533b2a5c-a19c-cf24-eb9a-f995ca4d2974" executionId="1bec2304-cacb-4916-9d52-e794d1c18435" testListId="8c84fa94-04c1-424b-9868-57a2d4851a1d" />
    <TestEntry testId="5749c604-52df-ef4c-d6f1-907c4b7b515f" executionId="cc7a4d28-a914-4d91-8eab-416dfafa9e9e" testListId="8c84fa94-04c1-424b-9868-57a2d4851a1d" />
    <TestEntry testId="76f28705-d77c-bf82-f290-6a4800e495d0" executionId="e99f5c5c-6b3c-4862-b812-993b61a529b8" testListId="8c84fa94-04c1-424b-9868-57a2d4851a1d" />
    <TestEntry testId="246fef16-9927-64a6-e903-fbc6b513e4a7" executionId="81e23391-608c-471c-884b-e862d6ced4f0" testListId="8c84fa94-04c1-424b-9868-57a2d4851a1d" />
    <TestEntry testId="0f731173-747f-4b49-2f2d-d518fc733b7a" executionId="4e96dd58-e0e6-4b97-a97a-1deb553456a5" testListId="8c84fa94-04c1-424b-9868-57a2d4851a1d" />
    <TestEntry testId="341040bb-ced9-d1d7-7226-192f7cf8fcdc" executionId="cff84b15-8107-480f-aff5-30d8780c4f0b" testListId="8c84fa94-04c1-424b-9868-57a2d4851a1d" />
    <TestEntry testId="72f86afd-1edb-0981-2eec-047ba5881f5f" executionId="5d64dd78-c3da-4794-995f-012132c7a6bf" testListId="8c84fa94-04c1-424b-9868-57a2d4851a1d" />
    <TestEntry testId="c7356803-78be-38c5-09cd-9fb1bfd0c53f" executionId="ca34652a-ca0f-4823-8877-f38dfe8470fa" testListId="8c84fa94-04c1-424b-9868-57a2d4851a1d" />
    <TestEntry testId="acf8804d-792c-1b35-de81-83d4ccdfb352" executionId="2a361397-c83d-4423-8dac-9b563de77954" testListId="8c84fa94-04c1-424b-9868-57a2d4851a1d" />
    <TestEntry testId="ca4a7c7d-ea0c-9793-dbdd-ecdb86ee62d2" executionId="b36cc102-1645-4720-ac0e-b0d708055614" testListId="8c84fa94-04c1-424b-9868-57a2d4851a1d" />
    <TestEntry testId="cb05154c-9d2c-0c1f-d5d8-19063e23db2a" executionId="b03a6a86-33c3-4577-ab27-91f0d02fd618" testListId="8c84fa94-04c1-424b-9868-57a2d4851a1d" />
    <TestEntry testId="947c27dc-3bc9-498f-6db7-a3e9f1a70b13" executionId="d34094a3-5b25-40fb-9579-c3c588191b27" testListId="8c84fa94-04c1-424b-9868-57a2d4851a1d" />
    <TestEntry testId="19d5cf7b-2f75-2a41-694f-50c30d11f63c" executionId="fc5d0cdb-32fc-49b3-a6f6-53e04592cb8f" testListId="8c84fa94-04c1-424b-9868-57a2d4851a1d" />
    <TestEntry testId="e2fe22aa-9b88-2a0d-2525-75fe06705548" executionId="0e4e7b33-0298-43f6-8336-a6725e639937" testListId="8c84fa94-04c1-424b-9868-57a2d4851a1d" />
    <TestEntry testId="549e360d-ab9b-62ef-01b0-030fc984eb0c" executionId="3fb8b407-290d-4f29-a4bb-388e708cdb77" testListId="8c84fa94-04c1-424b-9868-57a2d4851a1d" />
    <TestEntry testId="d1f304ff-bc66-281d-07dd-5db7fd1f9503" executionId="a1c0485f-6f16-4b0e-bdd6-b58e4d97ca03" testListId="8c84fa94-04c1-424b-9868-57a2d4851a1d" />
    <TestEntry testId="e82c4cb9-864b-593c-f310-4d201e527a40" executionId="3a7062b1-113e-4c2d-8491-ba18380f203c" testListId="8c84fa94-04c1-424b-9868-57a2d4851a1d" />
    <TestEntry testId="366f0f62-c3df-406d-3cbd-6a62fe8e98a7" executionId="748d2ca0-fcdd-4396-b1f2-dc27e091616e" testListId="8c84fa94-04c1-424b-9868-57a2d4851a1d" />
    <TestEntry testId="300a05eb-8716-d1e6-2195-bbd82e0c4f9b" executionId="5be4c92e-7733-43e9-a8d3-18556f13126f" testListId="8c84fa94-04c1-424b-9868-57a2d4851a1d" />
    <TestEntry testId="fe14d576-8562-4a05-9196-a9eaf8403f97" executionId="af38096e-ac11-441a-9935-f2681eaff2b3" testListId="8c84fa94-04c1-424b-9868-57a2d4851a1d" />
    <TestEntry testId="a418d5df-b5ee-5a85-99c0-157b60c43e4b" executionId="2cad9367-513a-48ca-96cc-4000f43fee15" testListId="8c84fa94-04c1-424b-9868-57a2d4851a1d" />
    <TestEntry testId="a68a27ee-ced5-7055-06ba-12f96958b28f" executionId="f8f47ad9-e511-4286-b15b-545fd26b7ed2" testListId="8c84fa94-04c1-424b-9868-57a2d4851a1d" />
    <TestEntry testId="775b1060-3e71-f36d-5f04-c2fd4621e8a0" executionId="0a203f5a-1502-4e5a-a7b3-a68418752067" testListId="8c84fa94-04c1-424b-9868-57a2d4851a1d" />
    <TestEntry testId="bdc09174-9d70-e652-ba81-c9f592504617" executionId="b2f31686-d633-4d7b-8aa8-545da4794e7c" testListId="8c84fa94-04c1-424b-9868-57a2d4851a1d" />
    <TestEntry testId="19edb3ba-5e0e-d40b-c4b3-ce48876fbe6a" executionId="52b94694-23fa-4ede-8a73-cc69a84ec1d9" testListId="8c84fa94-04c1-424b-9868-57a2d4851a1d" />
    <TestEntry testId="f1a75968-139e-db41-9893-934ca7edc01f" executionId="1dacfb53-dd3a-4d92-8e1f-29cdca14b8cf" testListId="8c84fa94-04c1-424b-9868-57a2d4851a1d" />
    <TestEntry testId="639796f8-538b-fbb8-1899-7a0106856fc7" executionId="59a674a1-81a0-40ba-a493-20cdb1888184" testListId="8c84fa94-04c1-424b-9868-57a2d4851a1d" />
    <TestEntry testId="dc87daee-0005-3f96-509b-0d97422219d3" executionId="e6873832-6a29-42fa-bdb9-40f190eeadee" testListId="8c84fa94-04c1-424b-9868-57a2d4851a1d" />
    <TestEntry testId="cf838fe5-cf64-cdb9-4856-b3fc2156670a" executionId="65ed3436-fafb-405a-af92-b5e787e9f61b" testListId="8c84fa94-04c1-424b-9868-57a2d4851a1d" />
    <TestEntry testId="01fdf65f-cd83-63dd-690e-00884c9ba25d" executionId="45b5e440-f0a5-44d4-9791-319b937cb5b4" testListId="8c84fa94-04c1-424b-9868-57a2d4851a1d" />
    <TestEntry testId="ffc1e6de-c7e5-39de-fa7e-18eabd193809" executionId="cec072d3-1971-4ca5-947c-9a642971aa9a" testListId="8c84fa94-04c1-424b-9868-57a2d4851a1d" />
    <TestEntry testId="bcee3dfc-95df-51eb-9411-b0bdd9236d8a" executionId="4f34bce2-9367-4bdc-9b1c-befb17613763" testListId="8c84fa94-04c1-424b-9868-57a2d4851a1d" />
    <TestEntry testId="bb029ecd-bc04-6c95-65d6-4fa9005d9f93" executionId="fa8e63d9-e4b9-4032-9865-6a8529462bc2" testListId="8c84fa94-04c1-424b-9868-57a2d4851a1d" />
    <TestEntry testId="50081d46-2c3a-f2b2-59ea-4061c169b6c6" executionId="d2c4a92d-375a-4cc2-96c3-27491d9d4034" testListId="8c84fa94-04c1-424b-9868-57a2d4851a1d" />
    <TestEntry testId="95755321-99fe-3c41-7267-feb0fced4809" executionId="01a9d02a-2202-43a6-b727-04f7925298c7" testListId="8c84fa94-04c1-424b-9868-57a2d4851a1d" />
    <TestEntry testId="8e7eb82c-6e6a-99e1-6a43-facf136e77c6" executionId="5b6448de-0389-499f-83e4-6d313e16fd87" testListId="8c84fa94-04c1-424b-9868-57a2d4851a1d" />
    <TestEntry testId="1ce865d9-57c4-31f9-0333-820160e71698" executionId="24cefe04-2989-4f68-bd30-528b493ce10b" testListId="8c84fa94-04c1-424b-9868-57a2d4851a1d" />
    <TestEntry testId="cea2ec8e-0a0c-aae3-594d-8b1cbbb55ac5" executionId="8f9c2beb-fde8-4fd6-9bb6-43070d30e386" testListId="8c84fa94-04c1-424b-9868-57a2d4851a1d" />
    <TestEntry testId="603b38d9-650a-3d65-fd10-694412343522" executionId="577ee563-0833-440b-bfe6-8a54e243524d" testListId="8c84fa94-04c1-424b-9868-57a2d4851a1d" />
    <TestEntry testId="0d3d8599-f426-1393-a900-8c97239c2db0" executionId="1b852cf2-b805-4d96-8e7f-52e45142d1b9" testListId="8c84fa94-04c1-424b-9868-57a2d4851a1d" />
    <TestEntry testId="f1a8ea88-01e1-69c3-1fe9-4aa537f89af0" executionId="429bddfa-4510-4536-b224-c85aae7ee137" testListId="8c84fa94-04c1-424b-9868-57a2d4851a1d" />
    <TestEntry testId="98cd8faf-e82c-211b-73e0-182caa7ee5d0" executionId="8a1d41f5-f680-4f85-b84b-197e359996f6" testListId="8c84fa94-04c1-424b-9868-57a2d4851a1d" />
    <TestEntry testId="63a4082c-526e-0303-add0-711bb075125c" executionId="bac13a92-6986-4afc-8647-3a28c4dbc8da" testListId="8c84fa94-04c1-424b-9868-57a2d4851a1d" />
    <TestEntry testId="8c77f87a-9ff2-d101-f9e6-6771eeb5c649" executionId="cfa8aab1-05aa-4bad-b3c3-32e59d045a16" testListId="8c84fa94-04c1-424b-9868-57a2d4851a1d" />
    <TestEntry testId="e57b5d64-f9f1-68ef-e175-4a5caa032c54" executionId="00b52985-9781-400a-8799-2b2fc3294bf1" testListId="8c84fa94-04c1-424b-9868-57a2d4851a1d" />
    <TestEntry testId="f27323f0-86ce-1e1b-2a7d-c904454ba29a" executionId="8b018033-ca89-46bc-a57d-bcceb28ef5fc" testListId="8c84fa94-04c1-424b-9868-57a2d4851a1d" />
    <TestEntry testId="273c2632-e8a7-4a3f-093e-3b4b8e141ef8" executionId="fb020426-8fb5-4569-9219-d68102f5eaa4" testListId="8c84fa94-04c1-424b-9868-57a2d4851a1d" />
    <TestEntry testId="58e104c6-e504-07c5-0909-f689fdb330d3" executionId="fdd94bc8-21cc-4593-8c2b-f344eb8e5e39" testListId="8c84fa94-04c1-424b-9868-57a2d4851a1d" />
    <TestEntry testId="cfdde69f-bd6f-9d86-5859-a1ef9746cd64" executionId="250326f3-1bb1-4cdc-93be-74ce3d92ee67" testListId="8c84fa94-04c1-424b-9868-57a2d4851a1d" />
    <TestEntry testId="4ee66f1f-2049-9f7f-57aa-b27bb388f963" executionId="53f5246c-f38d-4bf0-b3d0-15b202758c25" testListId="8c84fa94-04c1-424b-9868-57a2d4851a1d" />
    <TestEntry testId="4671f449-0198-2bb5-9d3d-e7e5207a3968" executionId="eb4b159c-b9a1-4ca0-9e25-1f443175af7c" testListId="8c84fa94-04c1-424b-9868-57a2d4851a1d" />
    <TestEntry testId="d38e40f0-9394-42c9-ac5c-2e74521578b4" executionId="c7c3ac4e-cbf1-4744-87cd-9c7634f3c75f" testListId="8c84fa94-04c1-424b-9868-57a2d4851a1d" />
    <TestEntry testId="121eb464-baa2-cb91-a1cb-d692cf64f7c5" executionId="13944ad0-dafd-4d24-9a77-03f3eef20782" testListId="8c84fa94-04c1-424b-9868-57a2d4851a1d" />
    <TestEntry testId="ba20835b-067e-5539-8e44-8baf83c19e41" executionId="224daee4-7e77-44e7-a397-633811d86996" testListId="8c84fa94-04c1-424b-9868-57a2d4851a1d" />
    <TestEntry testId="33b001f1-b8e7-0e78-6628-3106ad6d2f71" executionId="433e2f52-1176-4c83-b731-6d08b1959987" testListId="8c84fa94-04c1-424b-9868-57a2d4851a1d" />
    <TestEntry testId="ee37d42d-7676-d60e-f83a-c40bddb185e0" executionId="ffa77f3f-e9d2-4e8b-bcd6-b635bee49a86" testListId="8c84fa94-04c1-424b-9868-57a2d4851a1d" />
    <TestEntry testId="5e0ccfa9-e637-4242-b34b-1ae82226f894" executionId="66eaff8b-387d-49a4-b8e1-c8e5192ac4d6" testListId="8c84fa94-04c1-424b-9868-57a2d4851a1d" />
    <TestEntry testId="79979fc0-e5af-470a-b4aa-2d3b2b88ed93" executionId="bc857516-75a6-4896-8c36-bb5fe3b7b5f6" testListId="8c84fa94-04c1-424b-9868-57a2d4851a1d" />
    <TestEntry testId="9e010064-1282-f730-0e21-1a9c045272eb" executionId="81bde812-20c0-48f4-a58e-16310fac8583" testListId="8c84fa94-04c1-424b-9868-57a2d4851a1d" />
    <TestEntry testId="42dc1567-508f-1ff2-08a2-17dc86c051e8" executionId="3234bb3d-60e0-450f-8cf3-7e938f9f8ce3" testListId="8c84fa94-04c1-424b-9868-57a2d4851a1d" />
    <TestEntry testId="6234ecb8-e2dd-d37d-8721-81fdc7e6823a" executionId="048f62f7-6916-4bf7-b41e-000bb6e901cc" testListId="8c84fa94-04c1-424b-9868-57a2d4851a1d" />
    <TestEntry testId="d4f2af6d-af5d-0e11-cead-324b41b39853" executionId="3f750d8c-c13c-4b39-a938-a2c44ddc2df1" testListId="8c84fa94-04c1-424b-9868-57a2d4851a1d" />
    <TestEntry testId="eaeadf06-6f78-ef66-9240-54edcfcfb42c" executionId="64e9c0ff-a866-4ecb-8cb4-21dd53e8e023" testListId="8c84fa94-04c1-424b-9868-57a2d4851a1d" />
    <TestEntry testId="69b574fb-ea92-9743-3eea-a9b24f0ad213" executionId="87e11285-2645-47f8-989c-00ef890df8d7" testListId="8c84fa94-04c1-424b-9868-57a2d4851a1d" />
    <TestEntry testId="d61978d5-101a-092e-d93c-a7eb57a0d4f9" executionId="63a02130-4235-418c-83d8-73b766c83007" testListId="8c84fa94-04c1-424b-9868-57a2d4851a1d" />
    <TestEntry testId="97bda861-62f2-bba1-c598-127d5142019e" executionId="07c7d6da-9645-4c17-a61d-93a060408562" testListId="8c84fa94-04c1-424b-9868-57a2d4851a1d" />
    <TestEntry testId="aef92e61-6107-1b9f-7603-daa021c2c030" executionId="50a51315-13d3-4c27-ba0d-9894a54aef37" testListId="8c84fa94-04c1-424b-9868-57a2d4851a1d" />
    <TestEntry testId="ab3aafbd-fe25-4a7f-3bda-69e06a94b6ee" executionId="b8a930f9-4df4-46a5-a289-554cfcdeaf69" testListId="8c84fa94-04c1-424b-9868-57a2d4851a1d" />
    <TestEntry testId="b3807b1c-634e-e2ee-a1b8-8f079f205113" executionId="823a6722-5959-4110-9c41-af0cf650b1a0" testListId="8c84fa94-04c1-424b-9868-57a2d4851a1d" />
    <TestEntry testId="b98006bf-e247-2c89-f5f2-906de5d10ccf" executionId="baef3965-220f-4da9-8201-d7ee68165dab" testListId="8c84fa94-04c1-424b-9868-57a2d4851a1d" />
    <TestEntry testId="ed73f3dd-84f9-ccdb-8bc0-17130004fe1b" executionId="1e47d3cf-2633-439c-b8ca-4562fe078e3c" testListId="8c84fa94-04c1-424b-9868-57a2d4851a1d" />
    <TestEntry testId="a0f8908b-2fc2-df51-4b18-23e951512406" executionId="7427bd72-2516-4090-9772-4048bd64cd89" testListId="8c84fa94-04c1-424b-9868-57a2d4851a1d" />
    <TestEntry testId="f09b7cd5-4ae8-422c-8772-5a55d24c9ade" executionId="563eced9-232d-4889-a04e-77b66b7caaaf" testListId="8c84fa94-04c1-424b-9868-57a2d4851a1d" />
    <TestEntry testId="a8373318-d0c0-3b68-eeb8-1cd7a830e6d6" executionId="f76a0cea-041f-414e-a4e9-3364574023ed" testListId="8c84fa94-04c1-424b-9868-57a2d4851a1d" />
    <TestEntry testId="92645263-873e-da03-aa06-943df30af433" executionId="7e84efe1-553f-4bc5-8562-b99cd13729a4" testListId="8c84fa94-04c1-424b-9868-57a2d4851a1d" />
    <TestEntry testId="085515b8-4fc1-99b2-eae0-b56b9cad0980" executionId="4e523dcf-432c-4b53-a5e7-60c0f9b86735" testListId="8c84fa94-04c1-424b-9868-57a2d4851a1d" />
    <TestEntry testId="7c385ac2-1fdf-ebb2-6450-e82cd794ae73" executionId="b23f3d8e-197d-41c1-922a-12bef81deeb0" testListId="8c84fa94-04c1-424b-9868-57a2d4851a1d" />
    <TestEntry testId="ee53ce2c-fb8e-2870-2bec-d824ac6cea07" executionId="30501155-4077-4b9f-8f9f-5e709a23a390" testListId="8c84fa94-04c1-424b-9868-57a2d4851a1d" />
    <TestEntry testId="87b7e046-4300-6ba7-be8d-14de8ee31c5f" executionId="cf60aa32-1e0c-4812-81a6-8aaf9a344803" testListId="8c84fa94-04c1-424b-9868-57a2d4851a1d" />
    <TestEntry testId="daa8f257-6d65-5334-bc6e-50b3c593ee4f" executionId="19f33ddc-c3ac-4697-a1d3-21ca9fef38c5" testListId="8c84fa94-04c1-424b-9868-57a2d4851a1d" />
    <TestEntry testId="9835e47b-ec22-5506-aeb5-974d4515aa48" executionId="53d99912-175c-455c-9cc4-d57e9cd40616" testListId="8c84fa94-04c1-424b-9868-57a2d4851a1d" />
    <TestEntry testId="c883d631-b915-c13f-0bbe-3400820e4ee3" executionId="260fb6a9-6631-4432-a981-35ca06010443" testListId="8c84fa94-04c1-424b-9868-57a2d4851a1d" />
    <TestEntry testId="5a77b1b5-bbb4-8a72-a72e-32591bd8597a" executionId="b4ac15e6-c338-42dd-8fbe-25a538149baf" testListId="8c84fa94-04c1-424b-9868-57a2d4851a1d" />
    <TestEntry testId="14432cab-194a-d804-9f67-885b71746a71" executionId="ee7f1155-c5f0-43af-b5ae-0b83163eb3e4" testListId="8c84fa94-04c1-424b-9868-57a2d4851a1d" />
    <TestEntry testId="453c772e-3476-db11-1625-b8f0377bbbd8" executionId="a3bab4a2-35fa-4d13-b1b5-77e1718322b1" testListId="8c84fa94-04c1-424b-9868-57a2d4851a1d" />
    <TestEntry testId="a6c6eedb-804b-f291-bd53-e5fa9809816a" executionId="173557f1-ff7d-40e1-83c1-f0ac03c83151" testListId="8c84fa94-04c1-424b-9868-57a2d4851a1d" />
    <TestEntry testId="be069dea-132b-4f72-c1c8-8b4fd667fd7f" executionId="65d9feba-9707-445f-9b75-bb8ba0266abd" testListId="8c84fa94-04c1-424b-9868-57a2d4851a1d" />
    <TestEntry testId="5999bd3d-fee4-c596-3611-a7bc16bc4fdd" executionId="36041219-fd52-4c19-b95c-16ebd17c3d52" testListId="8c84fa94-04c1-424b-9868-57a2d4851a1d" />
    <TestEntry testId="99892231-84e1-33e1-e7f7-41ced0139b8b" executionId="7f85c390-1695-4249-84aa-663965df3d79" testListId="8c84fa94-04c1-424b-9868-57a2d4851a1d" />
    <TestEntry testId="f68b44be-09fd-bfab-365e-454e288a6386" executionId="87152137-cd3c-404f-8f41-0a3bad2c4f95" testListId="8c84fa94-04c1-424b-9868-57a2d4851a1d" />
    <TestEntry testId="08f9b0f6-c970-f823-e359-90266e985263" executionId="aedce0be-1fbe-43ad-a5cd-baf8b289c3de" testListId="8c84fa94-04c1-424b-9868-57a2d4851a1d" />
    <TestEntry testId="9ac720d3-776c-ab54-a939-3b82af418447" executionId="77cc3b0f-0d72-4466-9127-4ed8992201d9" testListId="8c84fa94-04c1-424b-9868-57a2d4851a1d" />
    <TestEntry testId="042593f6-6140-ccfe-82d6-8f794997c196" executionId="a09fb248-20a6-4514-b695-14e14b8ebd6b" testListId="8c84fa94-04c1-424b-9868-57a2d4851a1d" />
    <TestEntry testId="0a8ad004-d01c-d1e0-58a0-181e5b1d213b" executionId="47d59ba8-10c2-45c4-8192-bf2c43a37ff4" testListId="8c84fa94-04c1-424b-9868-57a2d4851a1d" />
    <TestEntry testId="4f957322-220c-36b8-b6b3-657137ac0ed1" executionId="a289ada5-8b66-4a22-8295-45a8bfbb439b" testListId="8c84fa94-04c1-424b-9868-57a2d4851a1d" />
    <TestEntry testId="c7ba7dd8-e3e6-46dc-0605-cbeb66092785" executionId="70102ebd-0ff0-4a81-a99b-06633c41d5c7" testListId="8c84fa94-04c1-424b-9868-57a2d4851a1d" />
    <TestEntry testId="4854f432-ed08-b528-1fc8-b51b93105d76" executionId="e372a247-c4c1-4d1a-bfed-a5e57e04fb93" testListId="8c84fa94-04c1-424b-9868-57a2d4851a1d" />
    <TestEntry testId="470ea3d0-f459-b6ad-4f9f-44954dd4a0b8" executionId="f655ac3c-0a0c-4fc9-b2ea-01075b8e1fad" testListId="8c84fa94-04c1-424b-9868-57a2d4851a1d" />
    <TestEntry testId="d3b4820e-3f6b-fc6c-04b8-e7cf49b0bad8" executionId="85c33def-a67f-4efa-ba9d-810852431ce0" testListId="8c84fa94-04c1-424b-9868-57a2d4851a1d" />
    <TestEntry testId="18c82026-182f-6e23-4c30-ed576236aa7c" executionId="33472ee9-716b-41c1-8bec-7a6738caec46" testListId="8c84fa94-04c1-424b-9868-57a2d4851a1d" />
    <TestEntry testId="0e25bcf5-ab45-f600-b517-83fefa26e455" executionId="3132f345-c697-47e5-a5b1-402067442b48" testListId="8c84fa94-04c1-424b-9868-57a2d4851a1d" />
    <TestEntry testId="466fbb21-c308-9cae-2419-4b3a3d66b5be" executionId="741fc8e2-8956-4118-91f1-3eeb371bb0df" testListId="8c84fa94-04c1-424b-9868-57a2d4851a1d" />
    <TestEntry testId="14b493ec-1bcb-50f5-9528-914b1e27347a" executionId="423fc86a-5a85-4856-860a-6ebc4f7019fd" testListId="8c84fa94-04c1-424b-9868-57a2d4851a1d" />
    <TestEntry testId="4efd7a5c-c0df-ae80-f7ee-8f404f14cec4" executionId="4dcb729e-819e-4f3e-82b7-c1a5f6c8a411" testListId="8c84fa94-04c1-424b-9868-57a2d4851a1d" />
    <TestEntry testId="3a146d29-fbcb-fef0-8b31-74bf7ff2c627" executionId="46da9360-2bc2-4ab3-9d2e-2a151ebab511" testListId="8c84fa94-04c1-424b-9868-57a2d4851a1d" />
    <TestEntry testId="2c3c35ba-d19e-e494-0ed2-32abdacfd200" executionId="8a341e70-be9e-4e8f-ba44-111993a9f1d6" testListId="8c84fa94-04c1-424b-9868-57a2d4851a1d" />
    <TestEntry testId="9737c38f-ad68-db59-78e8-3f7908babdcf" executionId="238cbaad-4897-4256-8a68-f41e416772c4" testListId="8c84fa94-04c1-424b-9868-57a2d4851a1d" />
    <TestEntry testId="06bd4992-c8ee-1a40-f2c9-75f9e0d2a1aa" executionId="572e7dc0-9b36-4866-96f5-1c9c6fd2c959" testListId="8c84fa94-04c1-424b-9868-57a2d4851a1d" />
    <TestEntry testId="d40cf226-bdf8-6b6d-78c9-8bc50af04b77" executionId="954dbce4-58b6-49a0-a715-3c3a5c366e6a" testListId="8c84fa94-04c1-424b-9868-57a2d4851a1d" />
    <TestEntry testId="690eef1c-e4e3-0c63-48ad-a783777fa685" executionId="f659c4ab-370c-48ff-9f83-71342a8d022c" testListId="8c84fa94-04c1-424b-9868-57a2d4851a1d" />
    <TestEntry testId="5e8b18ba-6a80-fd43-4cb0-8c6bdf8765d5" executionId="f90db2d1-4354-4952-9bd5-d360d1226889" testListId="8c84fa94-04c1-424b-9868-57a2d4851a1d" />
    <TestEntry testId="40ac891b-3aed-7213-ed1d-840834b3000d" executionId="99d333b1-28af-48cf-b779-966e31e5edbf" testListId="8c84fa94-04c1-424b-9868-57a2d4851a1d" />
    <TestEntry testId="dafa776a-6a08-1272-aac7-ca70346aa44a" executionId="47892479-e257-49a4-8a95-93ffb36674ff" testListId="8c84fa94-04c1-424b-9868-57a2d4851a1d" />
    <TestEntry testId="2c4f5c38-e0cd-3355-85e7-bc13205402ed" executionId="4a938b57-eae2-468e-bf0d-1b7dfa6601e0" testListId="8c84fa94-04c1-424b-9868-57a2d4851a1d" />
    <TestEntry testId="0a638305-142d-7de7-7f12-9a81aa636946" executionId="f35a207e-9cd5-4718-87b1-36be24ccb1be" testListId="8c84fa94-04c1-424b-9868-57a2d4851a1d" />
    <TestEntry testId="a7b1749e-2ad3-548e-4171-dcc39a4ba308" executionId="a097b507-af8c-405c-8333-51bf40bc7197" testListId="8c84fa94-04c1-424b-9868-57a2d4851a1d" />
    <TestEntry testId="c8f354e3-5f08-fa6e-54e5-16cf95052730" executionId="d330fd18-657c-4ba7-b3fa-0180c3862d94" testListId="8c84fa94-04c1-424b-9868-57a2d4851a1d" />
    <TestEntry testId="a2a7734b-7826-2e52-b732-ff373605efea" executionId="93476147-452f-439c-ac47-1af840b44d04" testListId="8c84fa94-04c1-424b-9868-57a2d4851a1d" />
    <TestEntry testId="db1ac5c7-4d71-7640-4051-517cc2b3de0c" executionId="b670b449-b3e4-46c0-8c88-6e823d467048" testListId="8c84fa94-04c1-424b-9868-57a2d4851a1d" />
    <TestEntry testId="a05ddd0e-e3f2-fb31-c2fd-f1f3b4b30fc1" executionId="a2d252ae-8dba-4bca-af9e-06ab144dec02" testListId="8c84fa94-04c1-424b-9868-57a2d4851a1d" />
    <TestEntry testId="5befb21e-f374-5353-37db-f8026e3c1253" executionId="377f6ef4-f377-4504-9593-e9b7ff003e21" testListId="8c84fa94-04c1-424b-9868-57a2d4851a1d" />
    <TestEntry testId="d9434b0b-f031-6aad-3c30-fb3e0d035dab" executionId="fc0c14f2-aab9-44ca-8a40-ec5cde51ccc2" testListId="8c84fa94-04c1-424b-9868-57a2d4851a1d" />
    <TestEntry testId="715923f7-f881-74c1-66a2-e6f91fe6f3c7" executionId="436070c7-2d15-4390-b6c0-ee49f1bbc6b5" testListId="8c84fa94-04c1-424b-9868-57a2d4851a1d" />
    <TestEntry testId="ebe83846-f30d-4502-5b06-920f9179e550" executionId="d488fc46-46ed-43df-b884-eb8d624b4b5e" testListId="8c84fa94-04c1-424b-9868-57a2d4851a1d" />
    <TestEntry testId="59b6be02-8191-f5a7-74ed-b8f44b1cda27" executionId="de9f01f0-0b9e-45fd-b197-4bbe9043a94d" testListId="8c84fa94-04c1-424b-9868-57a2d4851a1d" />
    <TestEntry testId="bf86283e-7a86-5918-0c0e-285ecb14cc6f" executionId="2a70f70f-b4eb-46a9-8bb5-0b176662187f" testListId="8c84fa94-04c1-424b-9868-57a2d4851a1d" />
    <TestEntry testId="cb85d1d7-f37e-7a0d-4571-db193adf7955" executionId="675c3bb2-8d37-47a1-a11e-11424b14ab61" testListId="8c84fa94-04c1-424b-9868-57a2d4851a1d" />
    <TestEntry testId="66873fdb-c193-9c8c-5dd6-46cb202ddd5f" executionId="d91084c8-d667-45ae-9265-7dc23b515350" testListId="8c84fa94-04c1-424b-9868-57a2d4851a1d" />
    <TestEntry testId="291a0a00-e36f-0b02-ed15-eb7d9d18168a" executionId="be1a29a1-b35c-4573-912a-d640f3c69ac4" testListId="8c84fa94-04c1-424b-9868-57a2d4851a1d" />
    <TestEntry testId="5ad91b1e-e6bf-9b68-b95f-00f8f29f8b7a" executionId="47278ae1-5fe9-46ba-8438-66a878ab2330" testListId="8c84fa94-04c1-424b-9868-57a2d4851a1d" />
    <TestEntry testId="7603ab70-2625-ab42-8d9e-7a15863cfd1c" executionId="4c1c6777-a69c-4b00-949b-cd9d1104adc6" testListId="8c84fa94-04c1-424b-9868-57a2d4851a1d" />
    <TestEntry testId="5a2ccf07-adb3-2976-b4d9-5a45aeffd5a5" executionId="76e70c0d-c443-450c-930b-33aa807fa13f" testListId="8c84fa94-04c1-424b-9868-57a2d4851a1d" />
    <TestEntry testId="eeb4dd87-b488-a6a2-6176-d39e9d1e7681" executionId="9a155e17-cd4e-49dc-849b-7aa6876a04ef" testListId="8c84fa94-04c1-424b-9868-57a2d4851a1d" />
    <TestEntry testId="ad8a2ff8-387f-a97d-ceb6-7fab64c9766a" executionId="2832b268-d5ee-4db1-b672-5c0352245bb0" testListId="8c84fa94-04c1-424b-9868-57a2d4851a1d" />
    <TestEntry testId="1bdda070-0470-891d-d0f0-2e66f6c00467" executionId="cf2713ae-27ce-4023-a4cc-77fb42be9377" testListId="8c84fa94-04c1-424b-9868-57a2d4851a1d" />
    <TestEntry testId="b951eadc-9c68-489f-5265-7dd5da8c5458" executionId="6985a09a-37c8-4152-aa73-3d892c9bd0d5" testListId="8c84fa94-04c1-424b-9868-57a2d4851a1d" />
    <TestEntry testId="f4459af7-a3ce-b8ae-aafa-5bfa8a20da8c" executionId="5047ae71-3c4b-4cd0-a465-c0179ef482a4" testListId="8c84fa94-04c1-424b-9868-57a2d4851a1d" />
    <TestEntry testId="e67379c3-aafd-8be6-fda8-3e3a4a2a81aa" executionId="68ef6e59-37ee-45dc-8164-1b4b0d81cb2e" testListId="8c84fa94-04c1-424b-9868-57a2d4851a1d" />
    <TestEntry testId="a35c1648-d310-4839-ee57-c271d40d7d0e" executionId="e6de3323-1a15-4ff6-8868-b87823e6379a" testListId="8c84fa94-04c1-424b-9868-57a2d4851a1d" />
    <TestEntry testId="1f0fe7c3-6c96-e4f5-5773-3174c2ad66d2" executionId="00302330-6f59-4432-a3d3-be592dbbef16" testListId="8c84fa94-04c1-424b-9868-57a2d4851a1d" />
    <TestEntry testId="84d3e400-28e5-a032-6581-dd6f9d37667a" executionId="30f85945-35ca-4396-b09f-5c1da5cc6d4c" testListId="8c84fa94-04c1-424b-9868-57a2d4851a1d" />
    <TestEntry testId="346b4860-00f1-33ec-a1a3-5d05cc730f69" executionId="44dc8ab8-c6ba-47d6-8cbf-bb034e42b2f8" testListId="8c84fa94-04c1-424b-9868-57a2d4851a1d" />
    <TestEntry testId="9c77e674-1e21-ff83-b112-8e3149d27b83" executionId="166a61d4-e8dc-4200-8a5b-0281455ef171" testListId="8c84fa94-04c1-424b-9868-57a2d4851a1d" />
    <TestEntry testId="a928e41a-a5c8-5840-1107-8bfd65b6750c" executionId="6873c642-fdf4-4400-b655-d511078da764" testListId="8c84fa94-04c1-424b-9868-57a2d4851a1d" />
    <TestEntry testId="1d29fac2-3f2b-d487-db1b-b2d3ad7fc889" executionId="7b6bc9f9-f0e9-48e3-8c09-9f2e6515e132" testListId="8c84fa94-04c1-424b-9868-57a2d4851a1d" />
    <TestEntry testId="67c18331-6034-9aef-22c0-19f657f72f8b" executionId="fc0afe91-47ea-4f85-a00f-74100755d090" testListId="8c84fa94-04c1-424b-9868-57a2d4851a1d" />
    <TestEntry testId="68fca5a0-0889-490e-ec2f-406de7ad763a" executionId="10e1d887-bfe0-4348-a661-634bc79e0567" testListId="8c84fa94-04c1-424b-9868-57a2d4851a1d" />
    <TestEntry testId="2d15b0d6-fa3e-2b57-b48d-334f6fde3b35" executionId="a53eaf29-a4ac-43d4-a841-348bc591cd07" testListId="8c84fa94-04c1-424b-9868-57a2d4851a1d" />
    <TestEntry testId="2435f07f-4cdd-eeff-ea35-46385277928d" executionId="5081746d-e4d2-4510-88d6-2b06deeb8b74" testListId="8c84fa94-04c1-424b-9868-57a2d4851a1d" />
    <TestEntry testId="a774f8ba-9074-00fb-1dda-7e4eac4a4d85" executionId="6ee1bee3-cdb4-4e79-b3dc-7c2b99338e55" testListId="8c84fa94-04c1-424b-9868-57a2d4851a1d" />
    <TestEntry testId="ff05afd1-484c-69de-a316-bc507787c7c8" executionId="9c20948a-ce45-4ef1-a50c-4be29135dd86" testListId="8c84fa94-04c1-424b-9868-57a2d4851a1d" />
    <TestEntry testId="bf8de978-ede0-2334-cd93-70c2c792931f" executionId="b502c133-d62c-4063-a8ff-f67b21dba17c" testListId="8c84fa94-04c1-424b-9868-57a2d4851a1d" />
    <TestEntry testId="d7d35b19-d0bc-0913-7974-7ed648909781" executionId="efc540e7-80f2-4723-ad69-8b7142d89166" testListId="8c84fa94-04c1-424b-9868-57a2d4851a1d" />
    <TestEntry testId="5543d26e-832a-3de2-3988-5faa4df93969" executionId="5785f2c7-57ff-497c-8e6d-f12da90e05c6" testListId="8c84fa94-04c1-424b-9868-57a2d4851a1d" />
    <TestEntry testId="c22f41fe-1a51-d644-5cab-111d373cdaae" executionId="f0a7afdd-1cac-4001-b1de-bba6dc6d5dfe" testListId="8c84fa94-04c1-424b-9868-57a2d4851a1d" />
    <TestEntry testId="b10574f8-57a7-a56d-69fc-5fa21e09fe6d" executionId="93e5c1d2-57cb-4ea5-830b-c81641e36c28" testListId="8c84fa94-04c1-424b-9868-57a2d4851a1d" />
    <TestEntry testId="c79823a4-e6c5-4210-9526-f7fc3ce5d77c" executionId="a41ec5b8-1b9a-4a67-bd9e-f35fde2cf7d9" testListId="8c84fa94-04c1-424b-9868-57a2d4851a1d" />
    <TestEntry testId="c4c73275-60fb-43b0-eee6-93a19927e8fc" executionId="922066da-bda1-48ce-ba39-09912028c5c4" testListId="8c84fa94-04c1-424b-9868-57a2d4851a1d" />
    <TestEntry testId="a81f27b4-0dc1-da96-d279-fb940b021717" executionId="7af8797a-2607-4831-988d-ce46c2ecbf28" testListId="8c84fa94-04c1-424b-9868-57a2d4851a1d" />
    <TestEntry testId="85d0bba0-b6e6-710e-0b38-be2340b6cfc9" executionId="af361bd8-387f-4b4d-b2ee-aedfe7b47950" testListId="8c84fa94-04c1-424b-9868-57a2d4851a1d" />
    <TestEntry testId="dd6cd978-16c0-3adf-7057-3791731bf47f" executionId="958881c0-fdb0-428f-a0a6-11b4582754d4" testListId="8c84fa94-04c1-424b-9868-57a2d4851a1d" />
    <TestEntry testId="a4d29aee-2a2f-7b9e-08b4-102ef4fe6813" executionId="4d6a2a17-41d3-4e1f-8359-bed0e9ffc373" testListId="8c84fa94-04c1-424b-9868-57a2d4851a1d" />
    <TestEntry testId="7d080014-b88c-9f91-eed5-7f14566db144" executionId="f75f73f7-0460-496c-b94d-d2e58f51929d" testListId="8c84fa94-04c1-424b-9868-57a2d4851a1d" />
    <TestEntry testId="9f3a0fc9-3eea-97c3-5cc5-d99512257356" executionId="bd82730f-5dcc-42a1-b26c-fbab4a640364" testListId="8c84fa94-04c1-424b-9868-57a2d4851a1d" />
    <TestEntry testId="42206b57-8aa0-871e-4287-4e3c8a3cc6ec" executionId="0d3bfefe-beb8-44bd-8655-ffafd5e9e4cc" testListId="8c84fa94-04c1-424b-9868-57a2d4851a1d" />
    <TestEntry testId="f5c58e94-9cf1-991c-aa85-75e7d2a200a6" executionId="84b3c58c-1186-42f9-8b8a-eeeff60c33c5" testListId="8c84fa94-04c1-424b-9868-57a2d4851a1d" />
    <TestEntry testId="44a05eee-eae2-643d-4997-e4bad6b31a71" executionId="77478f2f-d362-4f02-b449-3766c12b8681" testListId="8c84fa94-04c1-424b-9868-57a2d4851a1d" />
    <TestEntry testId="29b460d3-32ba-3d59-36a7-72d7b3c75d60" executionId="778f35da-18ca-4c73-8842-731d55ebe3da" testListId="8c84fa94-04c1-424b-9868-57a2d4851a1d" />
    <TestEntry testId="91adec86-044d-3b0d-62f3-bdcae922b644" executionId="9dcb086a-b74b-4aac-9062-50946d3bcadc" testListId="8c84fa94-04c1-424b-9868-57a2d4851a1d" />
    <TestEntry testId="4b6e6498-4329-5b43-2b56-2bc5486e69cc" executionId="4bf5713c-20cd-41a9-a05f-f56f0c3e3bf5" testListId="8c84fa94-04c1-424b-9868-57a2d4851a1d" />
    <TestEntry testId="abd8e945-1cd6-1c43-f5d4-1f844731781d" executionId="6cd0e1e4-8e15-4b4b-b55d-fdc44bc62a76" testListId="8c84fa94-04c1-424b-9868-57a2d4851a1d" />
    <TestEntry testId="2d7011d5-0d18-55b9-d3f3-68998c9945f9" executionId="f38dc880-501f-4293-9fae-08e26267f634" testListId="8c84fa94-04c1-424b-9868-57a2d4851a1d" />
    <TestEntry testId="2d48fc77-1867-a29b-eb07-2aeec9de2225" executionId="6d23c059-a556-454f-bf93-305b3cd7a617" testListId="8c84fa94-04c1-424b-9868-57a2d4851a1d" />
    <TestEntry testId="9833abbf-2b3b-4c95-cc5f-ce17c418fcd0" executionId="cab14cb3-56fb-40df-ad3b-42c5d5660845" testListId="8c84fa94-04c1-424b-9868-57a2d4851a1d" />
    <TestEntry testId="55b7868a-5525-c155-3984-2d7080cbc3f0" executionId="e86a861f-f99f-4e71-a501-fea97145b52b" testListId="8c84fa94-04c1-424b-9868-57a2d4851a1d" />
    <TestEntry testId="6a1bd5a3-33de-b670-1a8c-cceb0d8df72f" executionId="e570a9c3-ad89-4773-b4fa-5c17c6474159" testListId="8c84fa94-04c1-424b-9868-57a2d4851a1d" />
    <TestEntry testId="8646524a-5166-ca18-26db-7c128f59fc0d" executionId="4d844be7-c3c7-410f-89ea-b746b8998df7" testListId="8c84fa94-04c1-424b-9868-57a2d4851a1d" />
    <TestEntry testId="faff4fba-5493-e6c9-9bf9-a728e70472b3" executionId="250c586a-cdf7-4315-8655-6de0e1b3a91b" testListId="8c84fa94-04c1-424b-9868-57a2d4851a1d" />
    <TestEntry testId="959fba83-0682-2e3d-51fe-2394f6f56bd3" executionId="b834ee4d-659c-46de-8c1b-c49fddd9d1fe" testListId="8c84fa94-04c1-424b-9868-57a2d4851a1d" />
    <TestEntry testId="a7e8c1b6-25a4-9bb8-b310-86bcbc95315f" executionId="b721173f-ae0e-41ff-ae74-37e18773a34a" testListId="8c84fa94-04c1-424b-9868-57a2d4851a1d" />
    <TestEntry testId="2c3d4776-5def-fbfc-180a-60513ca0400e" executionId="4e12d5dd-bf8c-42eb-a318-05341b4affe7" testListId="8c84fa94-04c1-424b-9868-57a2d4851a1d" />
    <TestEntry testId="47018a2b-c5b5-f700-6399-75af9808bb33" executionId="8e18cc27-e9f0-44ba-9f8c-14df4c25f336" testListId="8c84fa94-04c1-424b-9868-57a2d4851a1d" />
    <TestEntry testId="3faf1419-3703-7fd5-a3da-353c4d730dce" executionId="303265d2-e80f-4df2-bb54-d63655689394" testListId="8c84fa94-04c1-424b-9868-57a2d4851a1d" />
    <TestEntry testId="e91a7b75-ac3d-2bd0-17fa-3f23acb86759" executionId="bd4f7e59-712f-4dae-8fcc-67e1c68803db" testListId="8c84fa94-04c1-424b-9868-57a2d4851a1d" />
    <TestEntry testId="537ad07b-1b70-ec7a-fdb3-2e0fa41e5c23" executionId="846407c4-a30d-4b7c-a719-3751021696be" testListId="8c84fa94-04c1-424b-9868-57a2d4851a1d" />
    <TestEntry testId="8495fb32-9c63-b362-e211-e17f09a360d7" executionId="453045bc-aa6a-4e72-aeb8-93a8744caef4" testListId="8c84fa94-04c1-424b-9868-57a2d4851a1d" />
    <TestEntry testId="56429908-a484-10f8-38ca-b17d73119d7d" executionId="2b5c9639-0bee-46c9-86ac-761946702747" testListId="8c84fa94-04c1-424b-9868-57a2d4851a1d" />
    <TestEntry testId="0b67917b-52fb-a452-3f0c-630f8ae99c50" executionId="1a77016a-9214-4718-9331-d775dc18ff44" testListId="8c84fa94-04c1-424b-9868-57a2d4851a1d" />
    <TestEntry testId="897f10c2-6c72-467e-5a23-7b3bebf70ffb" executionId="62a46f17-03b8-47e8-ac12-2a45af8d50b2" testListId="8c84fa94-04c1-424b-9868-57a2d4851a1d" />
    <TestEntry testId="967c7597-5e79-4d07-d160-f7fa685685a7" executionId="2ea34f26-6326-4748-9cf7-4363e9913512" testListId="8c84fa94-04c1-424b-9868-57a2d4851a1d" />
    <TestEntry testId="1585bed7-c67c-7046-51d9-aa8f4af66bac" executionId="6ea1661f-d8d1-48ab-aa80-0afa4c8b0f37" testListId="8c84fa94-04c1-424b-9868-57a2d4851a1d" />
    <TestEntry testId="2d7c87f9-92d6-6d29-4cc3-8c2788e75a11" executionId="a6b18eab-218b-42c3-8f50-1e16ac0493af" testListId="8c84fa94-04c1-424b-9868-57a2d4851a1d" />
    <TestEntry testId="43884531-d2e9-76f0-a975-092a4d6d7e91" executionId="7202aeae-c8bc-447e-a8ae-a8605a435926" testListId="8c84fa94-04c1-424b-9868-57a2d4851a1d" />
    <TestEntry testId="20f7b20d-6fda-90c5-179b-3395a4df9b7c" executionId="96b24a8c-2abd-4f47-9e96-d152adff2ef4" testListId="8c84fa94-04c1-424b-9868-57a2d4851a1d" />
    <TestEntry testId="3ca02e33-556b-3fdb-f0cf-b0f349847245" executionId="6e7a12b6-67f2-4302-81c8-b0538778b1dd" testListId="8c84fa94-04c1-424b-9868-57a2d4851a1d" />
    <TestEntry testId="6adeca65-1d67-3030-b131-cc9b902991d4" executionId="582c327d-302b-4bbc-9965-29927db1a3ab" testListId="8c84fa94-04c1-424b-9868-57a2d4851a1d" />
    <TestEntry testId="e23a0f35-3922-f8cd-3202-bdb40b27bd1c" executionId="7d054b10-f2f2-4e75-a5b4-c70e290ef63c" testListId="8c84fa94-04c1-424b-9868-57a2d4851a1d" />
    <TestEntry testId="5978b633-9011-54a2-21cc-a2b29dbbebca" executionId="facd6891-7d76-4c82-be93-48b8bf3a6bc0" testListId="8c84fa94-04c1-424b-9868-57a2d4851a1d" />
    <TestEntry testId="2c92fdb3-d95d-1632-c5b9-2a0e8c5892ee" executionId="f59c54aa-036a-4b12-8081-98d06d018b77" testListId="8c84fa94-04c1-424b-9868-57a2d4851a1d" />
    <TestEntry testId="4aa54f00-5a60-e1ca-de86-bd0d6c5bb993" executionId="931f0347-dbef-4d2c-bf61-311866febfcd" testListId="8c84fa94-04c1-424b-9868-57a2d4851a1d" />
    <TestEntry testId="e8d7076c-1cb3-733b-4522-2a0049ab3d88" executionId="76912334-d8d3-4455-a025-afcb38829151" testListId="8c84fa94-04c1-424b-9868-57a2d4851a1d" />
    <TestEntry testId="5a903d00-5b08-70e4-0ae1-41f7c132ff27" executionId="75ac5f17-2d6c-4633-95bc-91c9c5ae7d91" testListId="8c84fa94-04c1-424b-9868-57a2d4851a1d" />
    <TestEntry testId="5b9eed1d-66a1-144a-f169-3003eeb937ac" executionId="4cdef9b1-dfd2-4631-9c37-da3414792422" testListId="8c84fa94-04c1-424b-9868-57a2d4851a1d" />
    <TestEntry testId="ca4780e6-8c58-57b1-c829-fe54506e9793" executionId="0c60bc37-a7e2-4daa-9ce8-3cece3aebbab" testListId="8c84fa94-04c1-424b-9868-57a2d4851a1d" />
    <TestEntry testId="28097eda-a5f4-e6e6-7060-12e7665f3075" executionId="44629cdb-ba56-4b64-b6c1-4f2b898fd651" testListId="8c84fa94-04c1-424b-9868-57a2d4851a1d" />
    <TestEntry testId="52685b80-e883-c0c4-e078-b2863df7409a" executionId="698e271b-c977-4a49-8c7d-8151261f8f51" testListId="8c84fa94-04c1-424b-9868-57a2d4851a1d" />
    <TestEntry testId="0c4f7782-5c4d-f42e-03cc-a2dae624ac6e" executionId="62cf6527-ded3-44f4-a805-ca001285bf07" testListId="8c84fa94-04c1-424b-9868-57a2d4851a1d" />
    <TestEntry testId="5042f569-80ad-a5a6-d51b-90b46bce87a9" executionId="b3b725d0-e3bf-486c-ac30-b3285f6eeb68" testListId="8c84fa94-04c1-424b-9868-57a2d4851a1d" />
    <TestEntry testId="048cd77d-3de3-58cf-4e72-84e37cfed1e3" executionId="31f119c4-11fe-4560-ba47-a5c285f31b21" testListId="8c84fa94-04c1-424b-9868-57a2d4851a1d" />
    <TestEntry testId="471ccf46-b194-f558-fd6b-1d9d85ba4293" executionId="b01dddad-a468-46ac-b9fb-6a57bcca18b5" testListId="8c84fa94-04c1-424b-9868-57a2d4851a1d" />
    <TestEntry testId="f7492970-5062-ad84-014e-43c4dfa554f1" executionId="209c5c06-30fb-44bc-9cd7-0288165bb4f6" testListId="8c84fa94-04c1-424b-9868-57a2d4851a1d" />
    <TestEntry testId="88e9ac16-5b29-b780-b558-9573ebf5b489" executionId="9558812c-77a9-48fb-8564-2e1e81cf116d" testListId="8c84fa94-04c1-424b-9868-57a2d4851a1d" />
    <TestEntry testId="fbb577ab-554c-1761-8b33-3b062d943c22" executionId="043960e6-df96-4f7e-aa6c-2a8625ee8ab5" testListId="8c84fa94-04c1-424b-9868-57a2d4851a1d" />
    <TestEntry testId="aa45be65-ee7b-6980-b008-5b44e798506b" executionId="382c6e9f-c87c-4eb3-b30b-056a1c0cbb42" testListId="8c84fa94-04c1-424b-9868-57a2d4851a1d" />
    <TestEntry testId="909b5135-abc5-ca49-7494-5f4eb3573cf1" executionId="3729cf5c-aaea-4994-91b7-9ec3f6a8efa2" testListId="8c84fa94-04c1-424b-9868-57a2d4851a1d" />
    <TestEntry testId="c97c4c52-e2e0-9997-1b1c-c40b6de0a67a" executionId="6936941f-5695-4035-b319-d5c47cda1482" testListId="8c84fa94-04c1-424b-9868-57a2d4851a1d" />
    <TestEntry testId="fe1a2924-96f3-7e80-1a74-9f9fd249b93e" executionId="7e75ca11-016c-4e3a-8b99-9b1d8a56a02c" testListId="8c84fa94-04c1-424b-9868-57a2d4851a1d" />
    <TestEntry testId="a3d75b2a-aedf-2885-f27f-a7945f978fce" executionId="e30d0c0e-368d-4cfc-9c02-316d3512e086" testListId="8c84fa94-04c1-424b-9868-57a2d4851a1d" />
    <TestEntry testId="ff95ed9b-b21e-cfc2-30db-e8fe216a909d" executionId="25fde3f4-4255-47e9-958a-8810e3bfa9e1" testListId="8c84fa94-04c1-424b-9868-57a2d4851a1d" />
    <TestEntry testId="d141c1f4-2ff8-7341-a2af-364fb6299829" executionId="c3081b93-dd4a-40c7-b4fb-375353d6be51" testListId="8c84fa94-04c1-424b-9868-57a2d4851a1d" />
    <TestEntry testId="3dfa9941-19c4-5af8-c083-d23b4b389829" executionId="23fc6f2c-e4a8-4168-8ee8-79894f725e09" testListId="8c84fa94-04c1-424b-9868-57a2d4851a1d" />
    <TestEntry testId="ad0d39e5-00d7-6228-aeb3-c91c6b3da5f5" executionId="d99c8396-f0c1-4619-a6c9-878d37144564" testListId="8c84fa94-04c1-424b-9868-57a2d4851a1d" />
    <TestEntry testId="1db76d8f-f5a5-dcb7-9657-e7f194b55049" executionId="cf555b41-16ca-4ad3-acd9-6bcb93a0b343" testListId="8c84fa94-04c1-424b-9868-57a2d4851a1d" />
    <TestEntry testId="415f90fb-9864-854c-b560-969302c9cec5" executionId="13fe84d6-aebb-42f7-955a-1afd271b929d" testListId="8c84fa94-04c1-424b-9868-57a2d4851a1d" />
    <TestEntry testId="f373b350-fc52-4fbc-ec82-56bf220e0771" executionId="7bfa202a-993f-4878-8653-1c7a2530a44d" testListId="8c84fa94-04c1-424b-9868-57a2d4851a1d" />
    <TestEntry testId="76e83c15-4958-72c0-6072-2306062f6c27" executionId="a8e0cfbd-e4a9-48ff-bd20-d086368ea080" testListId="8c84fa94-04c1-424b-9868-57a2d4851a1d" />
    <TestEntry testId="50f2b13e-3594-24ee-32df-b9192e38a8ff" executionId="13bac1f9-8d1b-49ae-9c22-20c3e9182f10" testListId="8c84fa94-04c1-424b-9868-57a2d4851a1d" />
    <TestEntry testId="03bbc808-1107-fcc9-1fac-bc3ec3fc1e9f" executionId="bc461e69-a0da-4c95-90f2-2bc2b9cf8ec4" testListId="8c84fa94-04c1-424b-9868-57a2d4851a1d" />
    <TestEntry testId="d12ba075-9d80-4e84-67f3-23b42c041778" executionId="8f46cea3-e79d-4a13-8148-e010c03819a8" testListId="8c84fa94-04c1-424b-9868-57a2d4851a1d" />
    <TestEntry testId="0a70d6fd-d740-a74a-169e-d35621818982" executionId="eb431a34-14c4-44c3-98e1-923a324508b2" testListId="8c84fa94-04c1-424b-9868-57a2d4851a1d" />
    <TestEntry testId="9c0e588a-866b-1517-e5d3-e54c7a4a3de2" executionId="c32fa953-ae1d-4a4e-bc4e-720178042a56" testListId="8c84fa94-04c1-424b-9868-57a2d4851a1d" />
    <TestEntry testId="269fcbba-1520-c37c-832e-a6063e8324bb" executionId="6d417676-7e19-4750-82bb-3fcb4956cdca" testListId="8c84fa94-04c1-424b-9868-57a2d4851a1d" />
    <TestEntry testId="4065d4aa-647e-7977-71b8-e3fe088d65f6" executionId="bec346f1-2c05-49ae-b681-c54b0acf5dad" testListId="8c84fa94-04c1-424b-9868-57a2d4851a1d" />
    <TestEntry testId="9fb6d1c8-d9db-0b5a-c536-bcb6a92aad22" executionId="4537fe36-1ddd-4df4-a867-ebe6a4ca6236" testListId="8c84fa94-04c1-424b-9868-57a2d4851a1d" />
    <TestEntry testId="1dba4bcb-2a6a-02e7-3151-a1fa05d6b85c" executionId="af3e0d51-5cf9-4c75-95bf-24b547b0fc57" testListId="8c84fa94-04c1-424b-9868-57a2d4851a1d" />
    <TestEntry testId="8113e2b7-9bbc-43f2-b5f4-05d3d720e278" executionId="fee802fe-5e22-449c-a10a-af8cb01ea5b9" testListId="8c84fa94-04c1-424b-9868-57a2d4851a1d" />
    <TestEntry testId="b7876997-bf06-ed71-c4e7-a75d56d4b58d" executionId="da84716c-a784-4eff-b153-1eb55b0aaaaf" testListId="8c84fa94-04c1-424b-9868-57a2d4851a1d" />
    <TestEntry testId="515b0adc-b2ee-305a-2e4a-324570128aec" executionId="91cd178b-d896-4d36-b7f2-4300bab5263e" testListId="8c84fa94-04c1-424b-9868-57a2d4851a1d" />
    <TestEntry testId="4daab14e-239d-9692-7fbb-75ab5af4e5fe" executionId="55bd833c-8929-4aaf-aeb4-5a1663b6e32c" testListId="8c84fa94-04c1-424b-9868-57a2d4851a1d" />
    <TestEntry testId="a7bf7fe5-0fd3-09c0-db2e-a077e2bb59f1" executionId="0c63df01-0c43-4e7d-b05c-c4455566c651" testListId="8c84fa94-04c1-424b-9868-57a2d4851a1d" />
    <TestEntry testId="112c074c-c91e-2a6e-3358-6a9304c63b95" executionId="02287d8b-4940-45fe-ae20-c8db198443d1" testListId="8c84fa94-04c1-424b-9868-57a2d4851a1d" />
    <TestEntry testId="504418ac-a1f0-2470-99eb-7bd66657ed39" executionId="2d609d50-0748-4429-9d14-e7de40350107" testListId="8c84fa94-04c1-424b-9868-57a2d4851a1d" />
    <TestEntry testId="38a790b1-3578-8062-65d0-8c5f0243d8e8" executionId="c978d441-c4ae-4548-9509-dff7660f508d" testListId="8c84fa94-04c1-424b-9868-57a2d4851a1d" />
    <TestEntry testId="869e2bf6-051e-e015-497a-7397bf66191a" executionId="119f66a9-34c5-4c7c-b859-d2c0e49ec035" testListId="8c84fa94-04c1-424b-9868-57a2d4851a1d" />
    <TestEntry testId="abccacca-7bbc-accb-c206-54d138eb3775" executionId="cc0f6dea-3432-48eb-bde1-276c510bbd40" testListId="8c84fa94-04c1-424b-9868-57a2d4851a1d" />
    <TestEntry testId="c4b1de39-f215-c6c4-5b38-2f74d4b1f600" executionId="4196eb3a-e6e4-4231-a99a-4abcf23fdc15" testListId="8c84fa94-04c1-424b-9868-57a2d4851a1d" />
    <TestEntry testId="d3be5396-2e22-40ea-fb50-3295c468f33c" executionId="e33d03eb-5bfe-4cd5-8dcb-cbd4cdaa85aa" testListId="8c84fa94-04c1-424b-9868-57a2d4851a1d" />
    <TestEntry testId="d5b42656-f37b-3f98-9edc-5bd253352fc2" executionId="c64f66c9-cafb-420f-ad38-ca8ccf7652ca" testListId="8c84fa94-04c1-424b-9868-57a2d4851a1d" />
    <TestEntry testId="a91693fe-7a60-fb25-8c1a-3c9d5103f720" executionId="3265910a-815f-4f16-9c1f-b775ec4d82e5" testListId="8c84fa94-04c1-424b-9868-57a2d4851a1d" />
    <TestEntry testId="0e3d7f53-280f-fde2-203e-143d6dcfdf0a" executionId="494bb949-14bd-465a-9710-70d1ee9c894f" testListId="8c84fa94-04c1-424b-9868-57a2d4851a1d" />
    <TestEntry testId="74223507-0b05-49e9-aad1-655b0b7c8f6e" executionId="b9f5482a-b536-4310-86bd-4518237f8ea5" testListId="8c84fa94-04c1-424b-9868-57a2d4851a1d" />
    <TestEntry testId="711b4283-4c9e-be16-2b83-d9f77794298d" executionId="10ebc500-e4ba-4d01-b175-4e3dee54d2e4" testListId="8c84fa94-04c1-424b-9868-57a2d4851a1d" />
    <TestEntry testId="d2fd3d18-963d-6ba7-e216-54d46cb5c046" executionId="fd1e6ba9-7857-40e1-9c79-2cb6458b4e7e" testListId="8c84fa94-04c1-424b-9868-57a2d4851a1d" />
    <TestEntry testId="c1d38bdc-38f6-c12c-a7df-652ec55b291d" executionId="0205a885-fe53-43bc-ab0d-9cf076c121db" testListId="8c84fa94-04c1-424b-9868-57a2d4851a1d" />
    <TestEntry testId="69c84318-c2ea-bbfb-2ff5-e086da7c5805" executionId="84415ef7-ab05-4e0d-9ea1-b083798d4be6" testListId="8c84fa94-04c1-424b-9868-57a2d4851a1d" />
    <TestEntry testId="ce195ac9-e907-62d3-fa5f-c3b7ebadeac3" executionId="05948ed8-bb56-4b19-9888-cdec5fa2b33d" testListId="8c84fa94-04c1-424b-9868-57a2d4851a1d" />
    <TestEntry testId="2f04f25a-f7ea-d154-f23d-9b85170cefc4" executionId="a4811316-d12c-425a-a956-c686efb4df9e" testListId="8c84fa94-04c1-424b-9868-57a2d4851a1d" />
    <TestEntry testId="bd810d5e-74d1-fb29-2175-9a145b5629e1" executionId="7f8c1995-83ca-4126-83f4-fff6ff1ad918" testListId="8c84fa94-04c1-424b-9868-57a2d4851a1d" />
    <TestEntry testId="c6a91ea6-2e10-8e99-6511-4f3dfcc58033" executionId="d60a4f54-19f3-4c76-82fc-eae9b9056a70" testListId="8c84fa94-04c1-424b-9868-57a2d4851a1d" />
    <TestEntry testId="3eae7343-2bfd-b9ac-3f25-bf1944822f6f" executionId="e33c1a2f-477a-4c85-aaa0-e996a30a8da8" testListId="8c84fa94-04c1-424b-9868-57a2d4851a1d" />
    <TestEntry testId="3d8b8df4-6a66-e4e9-3346-33a22f2ef410" executionId="1c5bafdf-79e9-4fc4-90e1-e7dfe977b07a" testListId="8c84fa94-04c1-424b-9868-57a2d4851a1d" />
    <TestEntry testId="4d32377c-3003-92bb-8a9b-867e419dcb6a" executionId="485c6d67-a27e-4534-8af5-2f1c99113543" testListId="8c84fa94-04c1-424b-9868-57a2d4851a1d" />
    <TestEntry testId="c139c7f2-e7cf-69b5-0edf-596c5852d9fe" executionId="29b9818b-0181-485c-b707-b68bedec1ea7" testListId="8c84fa94-04c1-424b-9868-57a2d4851a1d" />
    <TestEntry testId="4cdb1a1d-1763-9c6d-9472-d3d70dd3181a" executionId="36626a58-28bd-4234-b64e-c4dcf8050844" testListId="8c84fa94-04c1-424b-9868-57a2d4851a1d" />
    <TestEntry testId="2a1dcdd7-96d2-dad7-f34d-9619dff356c8" executionId="8cf071be-3056-4421-8e64-87e3af2f19d3" testListId="8c84fa94-04c1-424b-9868-57a2d4851a1d" />
    <TestEntry testId="a3b592c0-7c51-7572-10a6-650c509f2a53" executionId="660412eb-2613-4ae2-8cdc-7b31d170d0b9" testListId="8c84fa94-04c1-424b-9868-57a2d4851a1d" />
    <TestEntry testId="38d2c1cf-74ca-44cc-3664-3d658cbc699d" executionId="fbdec9d1-2d45-4ce1-96a4-48639d37b1dd" testListId="8c84fa94-04c1-424b-9868-57a2d4851a1d" />
    <TestEntry testId="601e1164-bd7e-9e7d-f167-9c3fcbc6ad4f" executionId="bec6d0e7-970b-42e8-b37d-2177781521bf" testListId="8c84fa94-04c1-424b-9868-57a2d4851a1d" />
    <TestEntry testId="5131c0c3-410a-6182-33f0-39457515d5e3" executionId="586a971c-1fe5-43b9-9a14-a556ae99e48f" testListId="8c84fa94-04c1-424b-9868-57a2d4851a1d" />
    <TestEntry testId="3076346f-e719-f439-3898-289f35032ef1" executionId="5a3324ca-bbfb-49d1-8158-1b051e57efa2" testListId="8c84fa94-04c1-424b-9868-57a2d4851a1d" />
    <TestEntry testId="adb49f16-3736-24f6-5b1f-837b780eb877" executionId="47c3a95f-cdef-4090-86ef-576f12218004" testListId="8c84fa94-04c1-424b-9868-57a2d4851a1d" />
    <TestEntry testId="a40f32ef-bb76-d332-6d7b-f2a216398660" executionId="3a3c17d2-dd3a-4220-9cd0-a9d804f4168b" testListId="8c84fa94-04c1-424b-9868-57a2d4851a1d" />
    <TestEntry testId="cdb2a1c6-455e-afdc-b339-d53b98cacc5c" executionId="6f373b83-810b-4826-8ad6-1fa007419495" testListId="8c84fa94-04c1-424b-9868-57a2d4851a1d" />
    <TestEntry testId="7d2712c2-8286-82a7-fc6d-ae7572a28a52" executionId="04ee6f0c-cdfd-4f98-90f6-fc5686129fb5" testListId="8c84fa94-04c1-424b-9868-57a2d4851a1d" />
    <TestEntry testId="3e382f98-ef8c-4926-27b6-c03a83290bad" executionId="0ea4868b-bbe4-40df-854d-c43233c9e2ee" testListId="8c84fa94-04c1-424b-9868-57a2d4851a1d" />
    <TestEntry testId="1e24c5cd-d42a-5c97-73c1-5f149820ea22" executionId="915a8231-c494-402c-89b6-a4a47a237c90" testListId="8c84fa94-04c1-424b-9868-57a2d4851a1d" />
    <TestEntry testId="0026d070-5db9-6f8c-0581-fb23b0721050" executionId="f2b37bcb-5c2d-4da9-b1d2-32b13b8e56d7" testListId="8c84fa94-04c1-424b-9868-57a2d4851a1d" />
    <TestEntry testId="62b0fe72-30f1-2af2-c068-90091bfb1d44" executionId="fb9dae89-901b-4031-aa08-b92bea87c4ec" testListId="8c84fa94-04c1-424b-9868-57a2d4851a1d" />
    <TestEntry testId="7bb5033b-053d-57a5-c00e-279f476a8835" executionId="451003f6-66a1-4ff2-8695-0cf4ef25f0e6" testListId="8c84fa94-04c1-424b-9868-57a2d4851a1d" />
    <TestEntry testId="bb7ff579-7dbb-d724-561f-6bfaeeb13e43" executionId="fdb54d22-d0db-415e-bbe0-541b15f62c59" testListId="8c84fa94-04c1-424b-9868-57a2d4851a1d" />
    <TestEntry testId="19f2e1ca-d1c7-2af8-caa8-282a0071f76c" executionId="51649f38-33ad-4f9d-a87c-bd755d73903e" testListId="8c84fa94-04c1-424b-9868-57a2d4851a1d" />
    <TestEntry testId="89236559-f3ef-d084-fa13-c204061f03bf" executionId="0aaf33ac-9adc-4d91-b8e9-059f931caed0" testListId="8c84fa94-04c1-424b-9868-57a2d4851a1d" />
    <TestEntry testId="d0d86c84-495f-8b36-1e1b-b8ecd9346ea3" executionId="8da19907-4ae6-4394-b06f-96837e5562d7" testListId="8c84fa94-04c1-424b-9868-57a2d4851a1d" />
    <TestEntry testId="9459ef9a-ed9e-7e04-b1e7-d4cc74d49390" executionId="3102c7dd-005b-460c-b774-7b007f89b99c" testListId="8c84fa94-04c1-424b-9868-57a2d4851a1d" />
    <TestEntry testId="76c96ce4-9c6b-b4bb-96af-ca0f9adb2712" executionId="9e0e4014-4ce7-436d-a1ba-5f674679549d" testListId="8c84fa94-04c1-424b-9868-57a2d4851a1d" />
    <TestEntry testId="809b830f-f032-72fe-7382-c6d2ac899d33" executionId="3b6c8bea-2a3f-4c1d-aeec-34e3e89758da" testListId="8c84fa94-04c1-424b-9868-57a2d4851a1d" />
  </TestEntries>
  <TestLists>
    <TestList name="Results Not in a List" id="8c84fa94-04c1-424b-9868-57a2d4851a1d" />
    <TestList name="All Loaded Results" id="19431567-8539-422a-85d7-44ee4e166bda" />
  </TestLists>
  <ResultSummary outcome="Completed">
    <Counters total="567" executed="567" passed="567" failed="0" error="0" timeout="0" aborted="0" inconclusive="0" passedButRunAborted="0" notRunnable="0" notExecuted="0" disconnected="0" warning="0" completed="0" inProgress="0" pending="0" />
    <Output>
      <StdOut>[xUnit.net 00:00:00.00] xUnit.net VSTest Adapter v2.8.2+699d445a1a (64-bit .NET 9.0.6)
[xUnit.net 00:00:00.16]   Discovering: Aula.Tests
[xUnit.net 00:00:00.31]   Discovered:  Aula.Tests
[xUnit.net 00:00:00.31]   Starting:    Aula.Tests
Error sending message: Username value should be Identifier or Username that starts with @ (Parameter 'username')
Telegram integration is disabled. Week letter not posted.
Error sanitizing HTML: Multiple node elements can't be created.. Falling back to plain text.
Error sanitizing HTML: Multiple node elements can't be created.. Falling back to plain text.
Error sanitizing HTML: Multiple node elements can't be created.. Falling back to plain text.
Error sanitizing HTML: Multiple node elements can't be created.. Falling back to plain text.
Telegram integration is disabled. Message not sent.
Error sanitizing HTML: Multiple node elements can't be created.. Falling back to plain text.
Error sending message: Unauthorized
Error sending message: Unauthorized
Error sending message: Unauthorized
Error sending fallback message: Unauthorized
Error sending message: Unauthorized
Error sending message: Unauthorized
Error sending message: Unauthorized
Error sending message: Unauthorized
Error sending message: Unauthorized
Error sending message: Unauthorized
Error sending fallback message: Unauthorized
Error sending fallback message: Unauthorized
Error sending fallback message: Unauthorized
Error sending fallback message: Unauthorized
Error sending message: Unauthorized
Error sending message: Username value should be Identifier or Username that starts with @ (Parameter 'username')
Error sending message: Username value should be Identifier or Username that starts with @ (Parameter 'username')
[xUnit.net 00:00:07.76]   Finished:    Aula.Tests
</StdOut>
    </Output>
    <CollectorDataEntries>
      <Collector agentName="RHO-DESKTOP" uri="datacollector://microsoft/CoverletCodeCoverage/1.0" collectorDisplayName="XPlat code coverage">
        <UriAttachments>
          <UriAttachment>
            <A href="RHO-DESKTOP/coverage.cobertura.xml"></A>
          </UriAttachment>
        </UriAttachments>
      </Collector>
    </CollectorDataEntries>
  </ResultSummary>
</TestRun>